Time X1
0 250
0.1 250.2178280719677
0.2 250.4555380502167
0.3 250.7151682107898
0.4 250.9983643785077
0.5 251.3077199027137
0.6 251.6456480932372
0.7 252.0147623230391
0.7999999999999999 252.4181255679912
0.8999999999999999 252.8587338642111
0.9999999999999999 253.3403536204607
1.1 253.8668143346688
1.2 254.4424783747823
1.3 255.0721301777303
1.4 255.7610308027011
1.5 256.5149996875343
1.6 257.3404571686546
1.7 258.2444331509093
1.8 259.2348620300791
1.900000000000001 260.3203485450383
2 261.5106747954392
2.100000000000001 262.8164338688239
2.200000000000001 264.2495696116766
2.300000000000001 265.8233482691855
2.400000000000001 267.5524816492786
2.500000000000001 269.4534424503545
2.600000000000001 271.5445880580818
2.700000000000001 273.8463817628512
2.800000000000001 276.3815917630977
2.900000000000001 279.1756145279138
3.000000000000001 282.2568304823035
3.100000000000001 285.6567062240263
3.200000000000002 289.410252104374
3.300000000000002 293.5562092781403
3.400000000000002 298.1371302183029
3.500000000000002 303.1995317902453
3.600000000000002 308.7940787065084
3.700000000000002 314.9743152253014
3.800000000000002 321.7965339676709
3.900000000000002 329.317570207451
4.000000000000002 337.5936188322802
4.100000000000001 346.6745852615831
4.200000000000001 356.6002978921351
4.300000000000001 367.3937944669489
4.4 379.0523345013693
4.5 391.5377726065074
4.6 404.767053651191
4.699999999999999 418.6035288572608
4.799999999999999 432.8530977750909
4.899999999999999 447.2678594817253
4.999999999999998 461.5596152422269
5.099999999999998 475.421140064592
5.199999999999998 488.5564575422586
5.299999999999997 500.7109499922996
5.399999999999997 511.6960957552103
5.499999999999996 521.4029131111315
5.599999999999996 529.8022777466049
5.699999999999996 536.9340731991136
5.799999999999995 542.8896046144347
5.899999999999995 547.7921547616022
5.999999999999995 551.7794507537481
6.099999999999994 554.9901381921983
6.199999999999994 557.5542738794708
6.299999999999994 559.5885559109329
6.399999999999993 561.1939850411354
6.499999999999993 562.4556473991814
6.599999999999993 563.4438228362883
6.699999999999992 564.2157914094644
6.799999999999992 564.8176279925206
6.899999999999991 565.2860661255028
6.999999999999991 565.6502005991833
7.099999999999991 565.9330117977385
7.19999999999999 566.1524874110561
7.29999999999999 566.3227011244012
7.39999999999999 566.4546540274196
7.499999999999989 566.5569152846332
7.599999999999989 566.6361339227925
7.699999999999989 566.697487477449
7.799999999999988 566.7450299121247
7.899999999999988 566.7818593280703
7.999999999999988 566.8103456759939
8.099999999999987 566.8323736289797
8.199999999999987 566.8494285188916
8.299999999999986 566.8626372624108
8.399999999999986 566.8728607306065
8.499999999999986 566.8807538584274
8.599999999999985 566.8868637922817
8.699999999999985 566.8915820045802
8.799999999999985 566.8952772877752
8.899999999999984 566.89814740194
8.999999999999984 566.9004653941412
9.099999999999984 566.9021025369752
9.199999999999983 566.9034317391216
9.299999999999983 566.9044839766386
9.399999999999983 566.9052681308051
9.499999999999982 566.9058662897768
9.599999999999982 566.9063173239829
9.699999999999982 566.9066570306417
9.799999999999981 566.9069268438267
9.899999999999981 566.9071348533937
9.99999999999998 566.9073029572817
10.09999999999998 566.9074340331243
10.19999999999998 566.9075390247556
10.29999999999998 566.9076202102124
10.39999999999998 566.9076841503838
10.49999999999998 566.9077337248875
10.59999999999998 566.907771980108
10.69999999999998 566.9078021499507
10.79999999999998 566.9078252083222
10.89999999999998 566.9078436116899
10.99999999999998 566.907857716574
11.09999999999998 566.9078689672267
11.19999999999998 566.9078776427376
11.29999999999998 566.9078844963806
11.39999999999998 566.9078898625781
11.49999999999998 566.9078977444411
11.59999999999997 566.9079047049972
11.69999999999997 566.9079107442466
11.79999999999997 566.9079158621892
11.89999999999997 566.9079200588249
11.99999999999997 566.9079233341538
12.09999999999997 566.9079256881759
12.19999999999997 566.9079271208911
12.29999999999997 566.9079276322996
12.39999999999997 566.9079272224013
12.49999999999997 566.9079258911961
12.59999999999997 566.9079236386842
12.69999999999997 566.9079220826505
12.79999999999997 566.9079229282762
12.89999999999997 566.907923540281
12.99999999999997 566.9079239186646
13.09999999999997 566.9079240634271
13.19999999999997 566.9079239745687
13.29999999999997 566.9079236520892
13.39999999999997 566.9079230959885
13.49999999999997 566.9079223062669
13.59999999999997 566.9079212829242
13.69999999999997 566.9079200259604
13.79999999999997 566.9079185353756
13.89999999999997 566.9079168111697
13.99999999999997 566.9079160630365
14.09999999999997 566.9079156064482
14.19999999999997 566.9079151498601
14.29999999999997 566.9079146932718
14.39999999999996 566.9079142366836
14.49999999999996 566.9079137800953
14.59999999999996 566.9079133235072
14.69999999999996 566.9079128669189
14.79999999999996 566.9079124103306
14.89999999999996 566.9079119537424
14.99999999999996 566.9079114971541
15.09999999999996 566.907911040566
15.19999999999996 566.9079106150493
15.29999999999996 566.9079106013783
15.39999999999996 566.9079105877073
15.49999999999996 566.9079105740362
15.59999999999996 566.9079105603652
15.69999999999996 566.9079105466941
15.79999999999996 566.907910533023
15.89999999999996 566.907910519352
15.99999999999996 566.9079105056809
16.09999999999996 566.9079104920098
16.19999999999996 566.9079104783389
16.29999999999996 566.9079104646678
16.39999999999996 566.9079104509967
16.49999999999996 566.9079104373257
16.59999999999997 566.9079104236546
16.69999999999997 566.9079104099835
16.79999999999997 566.9079103963124
16.89999999999997 566.9079103826415
16.99999999999997 566.9079103689704
17.09999999999997 566.9079103552994
17.19999999999997 566.9079103416283
17.29999999999998 566.9079103279572
17.39999999999998 566.9079103142861
17.49999999999998 566.9079103006151
17.59999999999998 566.907910286944
17.69999999999998 566.907910273273
17.79999999999998 566.907910259602
17.89999999999998 566.9079102459309
17.99999999999999 566.9079102322598
18.09999999999999 566.9079102185888
18.19999999999999 566.9079102049177
18.29999999999999 566.9079101912466
18.39999999999999 566.9079101775757
18.49999999999999 566.9079101639046
18.59999999999999 566.9079101502335
18.7 566.9079101365625
18.8 566.9079101228914
18.9 566.9079101092203
19 566.9079100955493
19.1 566.9079100818782
19.2 566.9079100682072
19.3 566.9079100545362
19.40000000000001 566.9079100408651
19.50000000000001 566.907910027194
19.60000000000001 566.907910013523
19.70000000000001 566.9079099998519
19.80000000000001 566.9079099861808
19.90000000000001 566.9079099725099
20.00000000000001 566.9079099588388
20.10000000000002 566.9079099451677
20.20000000000002 566.9079099314966
20.30000000000002 566.9079099178256
20.40000000000002 566.9079099041545
20.50000000000002 566.9079098904834
20.60000000000002 566.9079098768124
20.70000000000002 566.9079098631414
20.80000000000003 566.9079098494703
20.90000000000003 566.9079098357993
21.00000000000003 566.9079098221282
21.10000000000003 566.9079098084571
21.20000000000003 566.9079097947861
21.30000000000003 566.907909781115
21.40000000000003 566.907909767444
21.50000000000004 566.907909753773
21.60000000000004 566.9079097401019
21.70000000000004 566.9079097264308
21.80000000000004 566.9079097127598
21.90000000000004 566.9079096990887
22.00000000000004 566.9079096854176
22.10000000000004 566.9079096717466
22.20000000000005 566.9079096580756
22.30000000000005 566.9079096444045
22.40000000000005 566.9079096307335
22.50000000000005 566.9079096170624
22.60000000000005 566.9079096033913
22.70000000000005 566.9079095897202
22.80000000000005 566.9079095760492
22.90000000000006 566.9079095623782
23.00000000000006 566.9079095487072
23.10000000000006 566.9079095350361
23.20000000000006 566.907909521365
23.30000000000006 566.9079095076939
23.40000000000006 566.9079094940229
23.50000000000006 566.9079094803518
23.60000000000007 566.9079094666808
23.70000000000007 566.9079094530098
23.80000000000007 566.9079094393387
23.90000000000007 566.9079094256676
24.00000000000007 566.9079094119966
24.10000000000007 566.9079093983255
24.20000000000007 566.9079093846544
24.30000000000008 566.9079093709834
24.40000000000008 566.9079093573124
24.50000000000008 566.9079093436413
24.60000000000008 566.9079093299703
24.70000000000008 566.9079093162992
24.80000000000008 566.9079093026281
24.90000000000008 566.9079092889571
25.00000000000009 566.907909275286
25.10000000000009 566.907909261615
25.20000000000009 566.907909247944
25.30000000000009 566.9079092342729
25.40000000000009 566.9079092206018
25.50000000000009 566.9079092069308
25.60000000000009 566.9079091932597
25.7000000000001 566.9079091795886
25.8000000000001 566.9079091659175
25.9000000000001 566.9079091522466
26.0000000000001 566.9079091385755
26.1000000000001 566.9079091249044
26.2000000000001 566.9079091112334
26.3000000000001 566.9079090975623
26.40000000000011 566.9079090838912
26.50000000000011 566.9079090702202
26.60000000000011 566.9079090565492
26.70000000000011 566.9079090428781
26.80000000000011 566.9079090292071
26.90000000000011 566.907909015536
27.00000000000011 566.9079090018649
27.10000000000012 566.9079089881939
27.20000000000012 566.9079089745228
27.30000000000012 566.9079089608517
27.40000000000012 566.9079089471808
27.50000000000012 566.9079089335097
27.60000000000012 566.9079089198386
27.70000000000012 566.9079089061676
27.80000000000013 566.9079088924965
27.90000000000013 566.9079088869461
28.00000000000013 566.9079088865367
28.10000000000013 566.9079088861272
28.20000000000013 566.9079088857178
28.30000000000013 566.9079088853084
28.40000000000013 566.9079088848989
28.50000000000014 566.9079088844895
28.60000000000014 566.90790888408
28.70000000000014 566.9079088836706
28.80000000000014 566.9079088832613
28.90000000000014 566.9079088828518
29.00000000000014 566.9079088824424
29.10000000000014 566.9079088820329
29.20000000000014 566.9079088816235
29.30000000000015 566.9079088812141
29.40000000000015 566.9079088808046
29.50000000000015 566.9079088803952
29.60000000000015 566.9079088799857
29.70000000000015 566.9079088795763
29.80000000000015 566.9079088791668
29.90000000000015 566.9079088787574
30.00000000000016 566.9079088783481
30.10000000000016 566.9079088779386
30.20000000000016 566.9079088775292
30.30000000000016 566.9079088771197
30.40000000000016 566.9079088767103
30.50000000000016 566.9079088763009
30.60000000000016 566.9079088758914
30.70000000000017 566.907908875482
30.80000000000017 566.9079088750725
30.90000000000017 566.9079088746631
31.00000000000017 566.9079088742537
31.10000000000017 566.9079088738442
31.20000000000017 566.9079088734348
31.30000000000017 566.9079088730253
31.40000000000018 566.907908872616
31.50000000000018 566.9079088722066
31.60000000000018 566.9079088717971
31.70000000000018 566.9079088713877
31.80000000000018 566.9079088709782
31.90000000000018 566.9079088705688
32.00000000000018 566.9079088701593
32.10000000000019 566.9079088697499
32.20000000000019 566.9079088693405
32.30000000000019 566.907908868931
32.40000000000019 566.9079088685216
32.50000000000019 566.9079088681121
32.60000000000019 566.9079088677028
32.70000000000019 566.9079088672934
32.8000000000002 566.9079088668839
32.9000000000002 566.9079088664745
33.0000000000002 566.907908866065
33.1000000000002 566.9079088656556
33.2000000000002 566.9079088652462
33.3000000000002 566.9079088648367
33.4000000000002 566.9079088644273
33.50000000000021 566.9079088640178
33.60000000000021 566.9079088636084
33.70000000000021 566.9079088631989
33.80000000000021 566.9079088627896
33.90000000000021 566.9079088623802
34.00000000000021 566.9079088619707
34.10000000000021 566.9079088615613
34.20000000000022 566.9079088611518
34.30000000000022 566.9079088607424
34.40000000000022 566.907908860333
34.50000000000022 566.9079088599235
34.60000000000022 566.9079088595141
34.70000000000022 566.9079088591046
34.80000000000022 566.9079088586952
34.90000000000023 566.9079088582859
35.00000000000023 566.9079088578764
35.10000000000023 566.907908857467
35.20000000000023 566.9079088570575
35.30000000000023 566.9079088566481
35.40000000000023 566.9079088562386
35.50000000000023 566.9079088558292
35.60000000000024 566.9079088554198
35.70000000000024 566.9079088550103
35.80000000000024 566.9079088546009
35.90000000000024 566.9079088541914
36.00000000000024 566.907908853782
36.10000000000024 566.9079088533726
36.20000000000024 566.9079088529631
36.30000000000025 566.9079088525538
36.40000000000025 566.9079088521443
36.50000000000025 566.9079088517349
36.60000000000025 566.9079088513255
36.70000000000025 566.907908850916
36.80000000000025 566.9079088505066
36.90000000000025 566.9079088500971
37.00000000000026 566.9079088496877
37.10000000000026 566.9079088492782
37.20000000000026 566.9079088488688
37.30000000000026 566.9079088484594
37.40000000000026 566.9079088480499
37.50000000000026 566.9079088476406
37.60000000000026 566.9079088472311
37.70000000000027 566.9079088468217
37.80000000000027 566.9079088464123
37.90000000000027 566.9079088460028
38.00000000000027 566.9079088455934
38.10000000000027 566.9079088451839
38.20000000000027 566.9079088447745
38.30000000000027 566.9079088443651
38.40000000000028 566.9079088439556
38.50000000000028 566.9079088435462
38.60000000000028 566.9079088431367
38.70000000000028 566.9079088427274
38.80000000000028 566.9079088423179
38.90000000000028 566.9079088419085
39.00000000000028 566.9079088414991
39.10000000000029 566.9079088410896
39.20000000000029 566.9079088406802
39.30000000000029 566.9079088402707
39.40000000000029 566.9079088398613
39.50000000000029 566.9079088394519
39.60000000000029 566.9079088390424
39.70000000000029 566.907908838633
39.8000000000003 566.9079088382235
39.9000000000003 566.9079088378141
40.0000000000003 566.9079088374048
40.1000000000003 566.9079088369953
40.2000000000003 566.9079088365859
40.3000000000003 566.9079088361764
40.4000000000003 566.907908835767
40.50000000000031 566.9079088354207
40.60000000000031 566.9079088354194
40.70000000000031 566.9079088354181
40.80000000000031 566.9079088354168
40.90000000000031 566.9079088354156
41.00000000000031 566.9079088354143
41.10000000000031 566.9079088354131
41.20000000000032 566.9079088354118
41.30000000000032 566.9079088354106
41.40000000000032 566.9079088354093
41.50000000000032 566.9079088354081
41.60000000000032 566.9079088354068
41.70000000000032 566.9079088354056
41.80000000000032 566.9079088354042
41.90000000000033 566.907908835403
42.00000000000033 566.9079088354017
42.10000000000033 566.9079088354005
42.20000000000033 566.9079088353992
42.30000000000033 566.907908835398
42.40000000000033 566.9079088353967
42.50000000000033 566.9079088353955
42.60000000000034 566.9079088353942
42.70000000000034 566.907908835393
42.80000000000034 566.9079088353917
42.90000000000034 566.9079088353903
43.00000000000034 566.9079088353891
43.10000000000034 566.9079088353878
43.20000000000034 566.9079088353866
43.30000000000035 566.9079088353853
43.40000000000035 566.9079088353841
43.50000000000035 566.9079088353828
43.60000000000035 566.9079088353816
43.70000000000035 566.9079088353803
43.80000000000035 566.9079088353791
43.90000000000035 566.9079088353778
44.00000000000036 566.9079088353765
44.10000000000036 566.9079088353752
44.20000000000036 566.907908835374
44.30000000000036 566.9079088353727
44.40000000000036 566.9079088353715
44.50000000000036 566.9079088353702
44.60000000000036 566.907908835369
44.70000000000037 566.9079088353677
44.80000000000037 566.9079088353665
44.90000000000037 566.9079088353652
45.00000000000037 566.907908835364
45.10000000000037 566.9079088353626
45.20000000000037 566.9079088353614
45.30000000000037 566.9079088353601
45.40000000000038 566.9079088353589
45.50000000000038 566.9079088353576
45.60000000000038 566.9079088353564
45.70000000000038 566.9079088353551
45.80000000000038 566.9079088353539
45.90000000000038 566.9079088353526
46.00000000000038 566.9079088353513
46.10000000000039 566.9079088353501
46.20000000000039 566.9079088353487
46.30000000000039 566.9079088353475
46.40000000000039 566.9079088353462
46.50000000000039 566.907908835345
46.60000000000039 566.9079088353437
46.70000000000039 566.9079088353425
46.8000000000004 566.9079088353412
46.9000000000004 566.90790883534
47.0000000000004 566.9079088353387
47.1000000000004 566.9079088353375
47.2000000000004 566.9079088353362
47.3000000000004 566.9079088353349
47.4000000000004 566.9079088353336
47.50000000000041 566.9079088353324
47.60000000000041 566.9079088353311
47.70000000000041 566.9079088353299
47.80000000000041 566.9079088353286
47.90000000000041 566.9079088353274
48.00000000000041 566.9079088353261
48.10000000000041 566.9079088353249
48.20000000000041 566.9079088353236
48.30000000000042 566.9079088353224
48.40000000000042 566.907908835321
48.50000000000042 566.9079088353197
48.60000000000042 566.9079088353185
48.70000000000042 566.9079088353172
48.80000000000042 566.907908835316
48.90000000000042 566.9079088353147
49.00000000000043 566.9079088353135
49.10000000000043 566.9079088353122
49.20000000000043 566.907908835311
49.30000000000043 566.9079088353097
49.40000000000043 566.9079088353085
49.50000000000043 566.9079088353071
49.60000000000043 566.9079088353059
49.70000000000044 566.9079088353046
49.80000000000044 566.9079088353034
49.90000000000044 566.9079088353021