Time X1
0 250
0.1 250.2196470626954
0.2 250.4591477066266
0.3 250.7205302384541
0.4 251.005405509075
0.5 251.3163408368641
0.6 251.6557214203343
0.7 252.0261174124647
0.7999999999999999 252.4305609178822
0.8999999999999999 252.8719642294571
0.9999999999999999 253.3540677475918
1.1 253.8806137928817
1.2 254.4558843105598
1.3 255.0845696296968
1.4 255.7718212311948
1.5 256.5233273151397
1.6 257.3453681873642
1.7 258.2447957918772
1.8 259.2293451832845
1.900000000000001 260.3073918755162
2 261.4884439471679
2.100000000000001 262.7827974353933
2.200000000000001 264.2020043268991
2.300000000000001 265.7589240933505
2.400000000000001 267.4677630774656
2.500000000000001 269.3444057999667
2.600000000000001 271.4065300470912
2.700000000000001 273.6738038076247
2.800000000000001 276.1680762803429
2.900000000000001 278.913633653075
3.000000000000001 281.9375810229135
3.100000000000001 285.2699100214529
3.200000000000002 288.9438633749182
3.300000000000002 292.9961601976545
3.400000000000002 297.4670801736611
3.500000000000002 302.4003807926264
3.600000000000002 307.8437139252348
3.700000000000002 313.8473876561835
3.800000000000002 320.4639655510244
3.900000000000002 327.7464572405034
4.000000000000002 335.7471962081734
4.100000000000001 344.5128873128236
4.200000000000001 354.080773311528
4.300000000000001 364.4730820048855
4.4 375.688600847751
4.5 387.6944810606157
4.6 400.4173496019113
4.699999999999999 413.7353094410805
4.799999999999999 427.4744903105426
4.899999999999999 441.4099552311991
4.999999999999998 455.2783552400544
5.099999999999998 468.7943834962473
5.199999999999998 481.6777727864191
5.299999999999997 493.6805215225347
5.399999999999997 504.6107447407322
5.499999999999996 514.3473917902901
5.599999999999996 522.8434896574455
5.699999999999996 530.1188242070522
5.799999999999995 536.2454603753214
5.899999999999995 541.3303716715925
5.999999999999995 545.4988333962975
6.099999999999994 548.8808801050172
6.199999999999994 551.6016160689439
6.299999999999994 553.7750634228435
6.399999999999993 555.5016037676279
6.499999999999993 556.867017229886
6.599999999999993 557.9429850053358
6.699999999999992 558.7884664687316
6.799999999999992 559.451358884441
6.899999999999991 559.9701781004167
6.999999999999991 560.3756719162243
7.099999999999991 560.6922531373575
7.19999999999999 560.9392147387271
7.29999999999999 561.1317514597072
7.39999999999999 561.2817659308442
7.499999999999989 561.3985966363415
7.599999999999989 561.4895693523147
7.699999999999989 561.5603817736877
7.799999999999988 561.6154875252954
7.899999999999988 561.6584079800557
7.999999999999988 561.6917904438644
8.099999999999987 561.7177481346698
8.199999999999987 561.7379100100394
8.299999999999986 561.7536631904766
8.399999999999986 561.7658146857988
8.499999999999986 561.7753098527693
8.599999999999985 561.7826745361787
8.699999999999985 561.7884063006251
8.799999999999985 561.7928537013659
8.899999999999984 561.7963591864991
8.999999999999984 561.7990903867369
9.099999999999984 561.8013025745573
9.199999999999983 561.8028803998488
9.299999999999983 561.8041650725953
9.399999999999983 561.8051861937154
9.499999999999982 561.8059512737996
9.599999999999982 561.8065371800977
9.699999999999982 561.8069828224815
9.799999999999981 561.8073180201989
9.899999999999981 561.8075862655162
9.99999999999998 561.8077934938934
10.09999999999998 561.8079616217381
10.19999999999998 561.8080936189166
10.29999999999998 561.8081994987496
10.39999999999998 561.8082824457882
10.49999999999998 561.8083474085628
10.59999999999998 561.8083986755551
10.69999999999998 561.8084379268749
10.79999999999998 561.808469282069
10.89999999999998 561.8084932899405
10.99999999999998 561.8085124831778
11.09999999999998 561.808527380138
11.19999999999998 561.808539162511
11.29999999999998 561.8085484567476
11.39999999999998 561.8085556725691
11.49999999999998 561.8085614366913
11.59999999999997 561.8085680441529
11.69999999999997 561.8085751933984
11.79999999999997 561.8085814643197
11.89999999999997 561.8085868569167
11.99999999999997 561.8085913711893
12.09999999999997 561.8085950071378
12.19999999999997 561.8085977647619
12.29999999999997 561.8085996440618
12.39999999999997 561.8086006450374
12.49999999999997 561.8086007676887
12.59999999999997 561.8086000120157
12.69999999999997 561.8085983780186
12.79999999999997 561.808595865697
12.89999999999997 561.8085956259597
12.99999999999997 561.8085963744082
13.09999999999997 561.8085969001678
13.19999999999997 561.8085972032385
13.29999999999997 561.8085972836202
13.39999999999997 561.8085971413129
13.49999999999997 561.8085967763167
13.59999999999997 561.8085961886314
13.69999999999997 561.8085953782572
13.79999999999997 561.8085943451941
13.89999999999997 561.808593089442
13.99999999999997 561.8085916110009
14.09999999999997 561.8085899098709
14.19999999999997 561.8085893180803
14.29999999999997 561.8085888744763
14.39999999999996 561.8085884308724
14.49999999999996 561.8085879872685
14.59999999999996 561.8085875436647
14.69999999999996 561.8085871000607
14.79999999999996 561.8085866564568
14.89999999999996 561.8085862128529
14.99999999999996 561.8085857692489
15.09999999999996 561.808585325645
15.19999999999996 561.8085848820411
15.29999999999996 561.8085844384373
15.39999999999996 561.8085839948333
15.49999999999996 561.8085839484371
15.59999999999996 561.8085839351572
15.69999999999996 561.8085839218775
15.79999999999996 561.8085839085976
15.89999999999996 561.8085838953177
15.99999999999996 561.808583882038
16.09999999999996 561.8085838687581
16.19999999999996 561.8085838554782
16.29999999999996 561.8085838421983
16.39999999999996 561.8085838289186
16.49999999999996 561.8085838156387
16.59999999999997 561.8085838023588
16.69999999999997 561.808583789079
16.79999999999997 561.8085837757992
16.89999999999997 561.8085837625193
16.99999999999997 561.8085837492395
17.09999999999997 561.8085837359597
17.19999999999997 561.8085837226798
17.29999999999998 561.8085837094
17.39999999999998 561.8085836961201
17.49999999999998 561.8085836828403
17.59999999999998 561.8085836695604
17.69999999999998 561.8085836562806
17.79999999999998 561.8085836430007
17.89999999999998 561.8085836297209
17.99999999999999 561.8085836164411
18.09999999999999 561.8085836031612
18.19999999999999 561.8085835898814
18.29999999999999 561.8085835766016
18.39999999999999 561.8085835633217
18.49999999999999 561.8085835500418
18.59999999999999 561.8085835367621
18.7 561.8085835234822
18.8 561.8085835102023
18.9 561.8085834969226
19 561.8085834836427
19.1 561.8085834703628
19.2 561.8085834570829
19.3 561.8085834438032
19.40000000000001 561.8085834305233
19.50000000000001 561.8085834172434
19.60000000000001 561.8085834039636
19.70000000000001 561.8085833906838
19.80000000000001 561.8085833774039
19.90000000000001 561.808583364124
20.00000000000001 561.8085833508443
20.10000000000002 561.8085833375644
20.20000000000002 561.8085833242845
20.30000000000002 561.8085833110047
20.40000000000002 561.8085832977249
20.50000000000002 561.808583284445
20.60000000000002 561.8085832711652
20.70000000000002 561.8085832578853
20.80000000000003 561.8085832446055
20.90000000000003 561.8085832313257
21.00000000000003 561.8085832180458
21.10000000000003 561.808583204766
21.20000000000003 561.8085831914862
21.30000000000003 561.8085831782063
21.40000000000003 561.8085831649264
21.50000000000004 561.8085831516466
21.60000000000004 561.8085831383668
21.70000000000004 561.8085831250869
21.80000000000004 561.808583111807
21.90000000000004 561.8085830985273
22.00000000000004 561.8085830852474
22.10000000000004 561.8085830719675
22.20000000000005 561.8085830586878
22.30000000000005 561.8085830454079
22.40000000000005 561.808583032128
22.50000000000005 561.8085830188481
22.60000000000005 561.8085830055684
22.70000000000005 561.8085829922885
22.80000000000005 561.8085829790086
22.90000000000006 561.8085829657289
23.00000000000006 561.808582952449
23.10000000000006 561.8085829391691
23.20000000000006 561.8085829258893
23.30000000000006 561.8085829126095
23.40000000000006 561.8085828993296
23.50000000000006 561.8085828860497
23.60000000000007 561.8085828727699
23.70000000000007 561.8085828594901
23.80000000000007 561.8085828462102
23.90000000000007 561.8085828329304
24.00000000000007 561.8085828196506
24.10000000000007 561.8085828063707
24.20000000000007 561.8085827930909
24.30000000000008 561.808582779811
24.40000000000008 561.8085827665312
24.50000000000008 561.8085827532514
24.60000000000008 561.8085827399715
24.70000000000008 561.8085827266916
24.80000000000008 561.8085827134119
24.90000000000008 561.808582700132
25.00000000000009 561.8085826868521
25.10000000000009 561.8085826735723
25.20000000000009 561.8085826602925
25.30000000000009 561.8085826470126
25.40000000000009 561.8085826337327
25.50000000000009 561.808582620453
25.60000000000009 561.8085826071731
25.7000000000001 561.8085825938932
25.8000000000001 561.8085825806133
25.9000000000001 561.8085825673336
26.0000000000001 561.8085825540537
26.1000000000001 561.8085825407738
26.2000000000001 561.8085825274941
26.3000000000001 561.8085825142142
26.40000000000011 561.8085825009343
26.50000000000011 561.8085824876545
26.60000000000011 561.8085824743747
26.70000000000011 561.8085824610948
26.80000000000011 561.808582447815
26.90000000000011 561.8085824345352
27.00000000000011 561.8085824212553
27.10000000000012 561.8085824079755
27.20000000000012 561.8085823946956
27.30000000000012 561.8085823814158
27.40000000000012 561.8085823681359
27.50000000000012 561.8085823548561
27.60000000000012 561.8085823415762
27.70000000000012 561.8085823282964
27.80000000000013 561.8085823150166
27.90000000000013 561.8085823017367
28.00000000000013 561.8085822884569
28.10000000000013 561.8085822751771
28.20000000000013 561.8085822618972
28.30000000000013 561.8085822486712
28.40000000000013 561.8085822482736
28.50000000000014 561.808582247876
28.60000000000014 561.8085822474783
28.70000000000014 561.8085822470806
28.80000000000014 561.808582246683
28.90000000000014 561.8085822462854
29.00000000000014 561.8085822458877
29.10000000000014 561.80858224549
29.20000000000014 561.8085822450925
29.30000000000015 561.8085822446948
29.40000000000015 561.8085822442971
29.50000000000015 561.8085822438994
29.60000000000015 561.8085822435019
29.70000000000015 561.8085822431042
29.80000000000015 561.8085822427065
29.90000000000015 561.8085822423088
30.00000000000016 561.8085822419113
30.10000000000016 561.8085822415136
30.20000000000016 561.8085822411159
30.30000000000016 561.8085822407182
30.40000000000016 561.8085822403207
30.50000000000016 561.808582239923
30.60000000000016 561.8085822395253
30.70000000000017 561.8085822391276
30.80000000000017 561.8085822387301
30.90000000000017 561.8085822383324
31.00000000000017 561.8085822379347
31.10000000000017 561.8085822375371
31.20000000000017 561.8085822371395
31.30000000000017 561.8085822367418
31.40000000000018 561.8085822363441
31.50000000000018 561.8085822359465
31.60000000000018 561.8085822355489
31.70000000000018 561.8085822351512
31.80000000000018 561.8085822347535
31.90000000000018 561.8085822343559
32.00000000000018 561.8085822339583
32.10000000000019 561.8085822335606
32.20000000000019 561.808582233163
32.30000000000019 561.8085822327653
32.40000000000019 561.8085822323677
32.50000000000019 561.80858223197
32.60000000000019 561.8085822315724
32.70000000000019 561.8085822311747
32.8000000000002 561.8085822307771
32.9000000000002 561.8085822303794
33.0000000000002 561.8085822299818
33.1000000000002 561.8085822295841
33.2000000000002 561.8085822291865
33.3000000000002 561.8085822287889
33.4000000000002 561.8085822283912
33.50000000000021 561.8085822279935
33.60000000000021 561.8085822275959
33.70000000000021 561.8085822271983
33.80000000000021 561.8085822268006
33.90000000000021 561.8085822264029
34.00000000000021 561.8085822260053
34.10000000000021 561.8085822256077
34.20000000000022 561.80858222521
34.30000000000022 561.8085822248123
34.40000000000022 561.8085822244147
34.50000000000022 561.8085822240171
34.60000000000022 561.8085822236194
34.70000000000022 561.8085822232217
34.80000000000022 561.8085822228242
34.90000000000023 561.8085822224265
35.00000000000023 561.8085822220288
35.10000000000023 561.8085822216311
35.20000000000023 561.8085822212336
35.30000000000023 561.8085822208359
35.40000000000023 561.8085822204382
35.50000000000023 561.8085822200405
35.60000000000024 561.808582219643
35.70000000000024 561.8085822192453
35.80000000000024 561.8085822188476
35.90000000000024 561.8085822184499
36.00000000000024 561.8085822180524
36.10000000000024 561.8085822176547
36.20000000000024 561.808582217257
36.30000000000025 561.8085822168593
36.40000000000025 561.8085822164618
36.50000000000025 561.8085822160641
36.60000000000025 561.8085822156664
36.70000000000025 561.8085822152688
36.80000000000025 561.8085822148712
36.90000000000025 561.8085822144735
37.00000000000026 561.8085822140758
37.10000000000026 561.8085822136782
37.20000000000026 561.8085822132806
37.30000000000026 561.8085822128829
37.40000000000026 561.8085822124852
37.50000000000026 561.8085822120876
37.60000000000026 561.80858221169
37.70000000000027 561.8085822112923
37.80000000000027 561.8085822108947
37.90000000000027 561.808582210497
38.00000000000027 561.8085822100994
38.10000000000027 561.8085822097017
38.20000000000027 561.8085822093041
38.30000000000027 561.8085822089064
38.40000000000028 561.8085822085088
38.50000000000028 561.8085822081111
38.60000000000028 561.8085822077135
38.70000000000028 561.8085822073158
38.80000000000028 561.8085822069182
38.90000000000028 561.8085822065206
39.00000000000028 561.8085822061229
39.10000000000029 561.8085822057252
39.20000000000029 561.8085822053276
39.30000000000029 561.80858220493
39.40000000000029 561.8085822045323
39.50000000000029 561.8085822041346
39.60000000000029 561.808582203737
39.70000000000029 561.8085822033394
39.8000000000003 561.8085822029417
39.9000000000003 561.808582202544
40.0000000000003 561.8085822021465
40.1000000000003 561.8085822017488
40.2000000000003 561.8085822013511
40.3000000000003 561.8085822009534
40.4000000000003 561.8085822005559
40.50000000000031 561.8085822001582
40.60000000000031 561.8085821997605
40.70000000000031 561.8085821993628
40.80000000000031 561.8085821989653
40.90000000000031 561.8085821985676
41.00000000000031 561.8085821981699
41.10000000000031 561.8085821977722
41.20000000000032 561.8085821974084
41.30000000000032 561.8085821974072
41.40000000000032 561.8085821974059
41.50000000000032 561.8085821974047
41.60000000000032 561.8085821974036
41.70000000000032 561.8085821974023
41.80000000000032 561.8085821974011
41.90000000000033 561.8085821973998
42.00000000000033 561.8085821973987
42.10000000000033 561.8085821973974
42.20000000000033 561.8085821973962
42.30000000000033 561.8085821973949
42.40000000000033 561.8085821973937
42.50000000000033 561.8085821973925
42.60000000000034 561.8085821973913
42.70000000000034 561.80858219739
42.80000000000034 561.8085821973888
42.90000000000034 561.8085821973876
43.00000000000034 561.8085821973864
43.10000000000034 561.8085821973851
43.20000000000034 561.8085821973839
43.30000000000035 561.8085821973827
43.40000000000035 561.8085821973815
43.50000000000035 561.8085821973802
43.60000000000035 561.808582197379
43.70000000000035 561.8085821973777
43.80000000000035 561.8085821973766
43.90000000000035 561.8085821973754
44.00000000000036 561.8085821973741
44.10000000000036 561.8085821973729
44.20000000000036 561.8085821973717
44.30000000000036 561.8085821973705
44.40000000000036 561.8085821973692
44.50000000000036 561.808582197368
44.60000000000036 561.8085821973668
44.70000000000037 561.8085821973656
44.80000000000037 561.8085821973643
44.90000000000037 561.8085821973631
45.00000000000037 561.8085821973618
45.10000000000037 561.8085821973607
45.20000000000037 561.8085821973594
45.30000000000037 561.8085821973582
45.40000000000038 561.8085821973569
45.50000000000038 561.8085821973558
45.60000000000038 561.8085821973546
45.70000000000038 561.8085821973533
45.80000000000038 561.8085821973521
45.90000000000038 561.8085821973509
46.00000000000038 561.8085821973497
46.10000000000039 561.8085821973484
46.20000000000039 561.8085821973472
46.30000000000039 561.8085821973459
46.40000000000039 561.8085821973448
46.50000000000039 561.8085821973435
46.60000000000039 561.8085821973423
46.70000000000039 561.808582197341
46.8000000000004 561.8085821973399
46.9000000000004 561.8085821973386
47.0000000000004 561.8085821973374
47.1000000000004 561.8085821973361
47.2000000000004 561.808582197335
47.3000000000004 561.8085821973337
47.4000000000004 561.8085821973325
47.50000000000041 561.8085821973312
47.60000000000041 561.80858219733
47.70000000000041 561.8085821973289
47.80000000000041 561.8085821973276
47.90000000000041 561.8085821973264
48.00000000000041 561.8085821973251
48.10000000000041 561.808582197324
48.20000000000041 561.8085821973227
48.30000000000042 561.8085821973215
48.40000000000042 561.8085821973202
48.50000000000042 561.8085821973191
48.60000000000042 561.8085821973178
48.70000000000042 561.8085821973166
48.80000000000042 561.8085821973153
48.90000000000042 561.8085821973141
49.00000000000043 561.8085821973129
49.10000000000043 561.8085821973117
49.20000000000043 561.8085821973104
49.30000000000043 561.8085821973092
49.40000000000043 561.8085821973081
49.50000000000043 561.8085821973068
49.60000000000043 561.8085821973056
49.70000000000044 561.8085821973043
49.80000000000044 561.8085821973032
49.90000000000044 561.8085821973019