Time X1
0 250
0.1 286.1799620768952
0.2 340.9948209491359
0.3 430.47915420574
0.4 586.4387833088231
0.5 843.9334934143905
0.6 1115.107285960335
0.7 1237.550412635438
0.7999999999999999 1266.364610328375
0.8999999999999999 1271.766525499303
0.9999999999999999 1272.730972547627
1.1 1272.901589844135
1.2 1272.931743487354
1.3 1272.937114167009
1.4 1272.938013104459
1.5 1272.938187329706
1.6 1272.938261024725
1.7 1272.938255720191
1.8 1272.938255989089
1.900000000000001 1272.938240934056
2 1272.938234337868
2.100000000000001 1272.938230562447
2.200000000000001 1272.938230363698
2.300000000000001 1272.93823016495
2.400000000000001 1272.938229966201
2.500000000000001 1272.938229767452
2.600000000000001 1272.938229568703
2.700000000000001 1272.938229369955
2.800000000000001 1272.938229171206
2.900000000000001 1272.938228972457
3.000000000000001 1272.938228773708
3.100000000000001 1272.93822857496
3.200000000000002 1272.938228376211
3.300000000000002 1272.938228177462
3.400000000000002 1272.938227978713
3.500000000000002 1272.938227779965
3.600000000000002 1272.938227581216
3.700000000000002 1272.938227382467
3.800000000000002 1272.938227183718
3.900000000000002 1272.93822698497
4.000000000000002 1272.938226955179
4.100000000000001 1272.93822694919
4.200000000000001 1272.9382269432
4.300000000000001 1272.938226937211
4.4 1272.938226931222
4.5 1272.938226925232
4.6 1272.938226919243
4.699999999999999 1272.938226913253
4.799999999999999 1272.938226907264
4.899999999999999 1272.938226901275
4.999999999999998 1272.938226895285
5.099999999999998 1272.938226889296
5.199999999999998 1272.938226883306
5.299999999999997 1272.938226877317
5.399999999999997 1272.938226871328
5.499999999999996 1272.938226865338
5.599999999999996 1272.938226859349
5.699999999999996 1272.93822685336
5.799999999999995 1272.938226849234
5.899999999999995 1272.938226849215
5.999999999999995 1272.938226849197
6.099999999999994 1272.938226849178
6.199999999999994 1272.93822684916
6.299999999999994 1272.938226849141
6.399999999999993 1272.938226849123
6.499999999999993 1272.938226849104
6.599999999999993 1272.938226849086
6.699999999999992 1272.938226849067
6.799999999999992 1272.938226849048
6.899999999999991 1272.93822684903
6.999999999999991 1272.938226849011
7.099999999999991 1272.938226848993
7.19999999999999 1272.938226848974
7.29999999999999 1272.938226848956
7.39999999999999 1272.938226848937
7.499999999999989 1272.938226848918
7.599999999999989 1272.9382268489
7.699999999999989 1272.938226848881
7.799999999999988 1272.938226848863
7.899999999999988 1272.938226848844
7.999999999999988 1272.938226848826
8.099999999999987 1272.938226848807
8.199999999999987 1272.938226848789
8.299999999999986 1272.93822684877
8.399999999999986 1272.938226848751
8.499999999999986 1272.938226848733
8.599999999999985 1272.938226848714
8.699999999999985 1272.938226848696
8.799999999999985 1272.938226848677
8.899999999999984 1272.938226848659
8.999999999999984 1272.93822684864
9.099999999999984 1272.938226848622
9.199999999999983 1272.938226848603
9.299999999999983 1272.938226848584
9.399999999999983 1272.938226848566
9.499999999999982 1272.938226848547
9.599999999999982 1272.938226848529
9.699999999999982 1272.93822684851
9.799999999999981 1272.938226848492
9.899999999999981 1272.938226848473
9.99999999999998 1272.938226848455
10.09999999999998 1272.938226848436
10.19999999999998 1272.938226848417
10.29999999999998 1272.938226848399
10.39999999999998 1272.93822684838
10.49999999999998 1272.938226848362
10.59999999999998 1272.938226848343
10.69999999999998 1272.938226848325
10.79999999999998 1272.938226848306
10.89999999999998 1272.938226848288
10.99999999999998 1272.938226848269
11.09999999999998 1272.93822684825
11.19999999999998 1272.938226848232
11.29999999999998 1272.938226848213
11.39999999999998 1272.938226848195
11.49999999999998 1272.938226848176
11.59999999999997 1272.938226848158
11.69999999999997 1272.938226848139
11.79999999999997 1272.93822684812
11.89999999999997 1272.938226848102
11.99999999999997 1272.938226848083
12.09999999999997 1272.938226848065
12.19999999999997 1272.938226848046
12.29999999999997 1272.938226848028
12.39999999999997 1272.938226848009
12.49999999999997 1272.938226847991
12.59999999999997 1272.938226847972
12.69999999999997 1272.938226847954
12.79999999999997 1272.938226847935
12.89999999999997 1272.938226847916
12.99999999999997 1272.938226847898
13.09999999999997 1272.938226847879
13.19999999999997 1272.938226847861
13.29999999999997 1272.938226847842
13.39999999999997 1272.938226847823
13.49999999999997 1272.938226847805
13.59999999999997 1272.938226847786
13.69999999999997 1272.938226847768
13.79999999999997 1272.938226847749
13.89999999999997 1272.938226847731
13.99999999999997 1272.938226847712
14.09999999999997 1272.938226847694
14.19999999999997 1272.938226847675
14.29999999999997 1272.938226847657
14.39999999999996 1272.938226847638
14.49999999999996 1272.938226847619
14.59999999999996 1272.938226847601
14.69999999999996 1272.938226847582
14.79999999999996 1272.938226847564
14.89999999999996 1272.938226847545
14.99999999999996 1272.938226847527
15.09999999999996 1272.938226847508
15.19999999999996 1272.938226847489
15.29999999999996 1272.938226847471
15.39999999999996 1272.938226847452
15.49999999999996 1272.938226847434
15.59999999999996 1272.938226847415
15.69999999999996 1272.938226847397
15.79999999999996 1272.938226847378
15.89999999999996 1272.93822684736
15.99999999999996 1272.938226847341
16.09999999999996 1272.938226847323
16.19999999999996 1272.938226847304
16.29999999999996 1272.938226847285
16.39999999999996 1272.938226847267
16.49999999999996 1272.938226847248
16.59999999999997 1272.93822684723
16.69999999999997 1272.938226847211
16.79999999999997 1272.938226847192
16.89999999999997 1272.938226847174
16.99999999999997 1272.938226847155
17.09999999999997 1272.938226847137
17.19999999999997 1272.938226847118
17.29999999999998 1272.9382268471
17.39999999999998 1272.938226847081
17.49999999999998 1272.938226847063
17.59999999999998 1272.938226847044
17.69999999999998 1272.938226847026
17.79999999999998 1272.938226847007
17.89999999999998 1272.938226846989
17.99999999999999 1272.93822684697
18.09999999999999 1272.938226846951
18.19999999999999 1272.938226846933
18.29999999999999 1272.938226846914
18.39999999999999 1272.938226846896
18.49999999999999 1272.938226846877
18.59999999999999 1272.938226846858
18.7 1272.93822684684
18.8 1272.938226846821
18.9 1272.938226846803
19 1272.938226846784
19.1 1272.938226846766
19.2 1272.938226846747
19.3 1272.938226846729
19.40000000000001 1272.93822684671
19.50000000000001 1272.938226846692
19.60000000000001 1272.938226846673
19.70000000000001 1272.938226846655
19.80000000000001 1272.938226846636
19.90000000000001 1272.938226846617
20.00000000000001 1272.938226846599
20.10000000000002 1272.93822684658
20.20000000000002 1272.938226846562
20.30000000000002 1272.938226846543
20.40000000000002 1272.938226846524
20.50000000000002 1272.938226846506
20.60000000000002 1272.938226846487
20.70000000000002 1272.938226846469
20.80000000000003 1272.93822684645
20.90000000000003 1272.938226846432
21.00000000000003 1272.938226846413
21.10000000000003 1272.938226846395
21.20000000000003 1272.938226846376
21.30000000000003 1272.938226846358
21.40000000000003 1272.938226846339
21.50000000000004 1272.93822684632
21.60000000000004 1272.938226846302
21.70000000000004 1272.938226846283
21.80000000000004 1272.938226846265
21.90000000000004 1272.938226846246
22.00000000000004 1272.938226846228
22.10000000000004 1272.938226846209
22.20000000000005 1272.93822684619
22.30000000000005 1272.938226846172
22.40000000000005 1272.938226846153
22.50000000000005 1272.938226846135
22.60000000000005 1272.938226846116
22.70000000000005 1272.938226846098
22.80000000000005 1272.938226846079
22.90000000000006 1272.938226846061
23.00000000000006 1272.938226846042
23.10000000000006 1272.938226846024
23.20000000000006 1272.938226846005
23.30000000000006 1272.938226845986
23.40000000000006 1272.938226845968
23.50000000000006 1272.938226845949
23.60000000000007 1272.938226845931
23.70000000000007 1272.938226845912
23.80000000000007 1272.938226845893
23.90000000000007 1272.938226845875
24.00000000000007 1272.938226845856
24.10000000000007 1272.938226845838
24.20000000000007 1272.938226845819
24.30000000000008 1272.938226845801
24.40000000000008 1272.938226845794
24.50000000000008 1272.938226845794
24.60000000000008 1272.938226845794
24.70000000000008 1272.938226845794
24.80000000000008 1272.938226845794
24.90000000000008 1272.938226845794
25.00000000000009 1272.938226845794
25.10000000000009 1272.938226845794
25.20000000000009 1272.938226845794
25.30000000000009 1272.938226845794
25.40000000000009 1272.938226845794
25.50000000000009 1272.938226845794
25.60000000000009 1272.938226845794
25.7000000000001 1272.938226845794
25.8000000000001 1272.938226845794
25.9000000000001 1272.938226845794
26.0000000000001 1272.938226845793
26.1000000000001 1272.938226845793
26.2000000000001 1272.938226845793
26.3000000000001 1272.938226845793
26.40000000000011 1272.938226845793
26.50000000000011 1272.938226845793
26.60000000000011 1272.938226845793
26.70000000000011 1272.938226845793
26.80000000000011 1272.938226845793
26.90000000000011 1272.938226845793
27.00000000000011 1272.938226845793
27.10000000000012 1272.938226845793
27.20000000000012 1272.938226845793
27.30000000000012 1272.938226845793
27.40000000000012 1272.938226845793
27.50000000000012 1272.938226845793
27.60000000000012 1272.938226845793
27.70000000000012 1272.938226845793
27.80000000000013 1272.938226845793
27.90000000000013 1272.938226845793
28.00000000000013 1272.938226845792
28.10000000000013 1272.938226845792
28.20000000000013 1272.938226845792
28.30000000000013 1272.938226845792
28.40000000000013 1272.938226845792
28.50000000000014 1272.938226845792
28.60000000000014 1272.938226845792
28.70000000000014 1272.938226845792
28.80000000000014 1272.938226845792
28.90000000000014 1272.938226845792
29.00000000000014 1272.938226845792
29.10000000000014 1272.938226845792
29.20000000000014 1272.938226845792
29.30000000000015 1272.938226845792
29.40000000000015 1272.938226845792
29.50000000000015 1272.938226845792
29.60000000000015 1272.938226845791
29.70000000000015 1272.938226845791
29.80000000000015 1272.938226845791
29.90000000000015 1272.938226845791
30.00000000000016 1272.938226845791
30.10000000000016 1272.938226845791
30.20000000000016 1272.938226845791
30.30000000000016 1272.938226845791
30.40000000000016 1272.938226845791
30.50000000000016 1272.938226845791
30.60000000000016 1272.938226845791
30.70000000000017 1272.938226845791
30.80000000000017 1272.938226845791
30.90000000000017 1272.938226845791
31.00000000000017 1272.938226845791
31.10000000000017 1272.938226845791
31.20000000000017 1272.93822684579
31.30000000000017 1272.93822684579
31.40000000000018 1272.93822684579
31.50000000000018 1272.93822684579
31.60000000000018 1272.93822684579
31.70000000000018 1272.93822684579
31.80000000000018 1272.93822684579
31.90000000000018 1272.93822684579
32.00000000000018 1272.93822684579
32.10000000000019 1272.93822684579
32.20000000000019 1272.93822684579
32.30000000000019 1272.93822684579
32.40000000000019 1272.93822684579
32.50000000000019 1272.93822684579
32.60000000000019 1272.93822684579
32.70000000000019 1272.93822684579
32.8000000000002 1272.93822684579
32.9000000000002 1272.93822684579
33.0000000000002 1272.93822684579
33.1000000000002 1272.93822684579
33.2000000000002 1272.938226845789
33.3000000000002 1272.938226845789
33.4000000000002 1272.938226845789
33.50000000000021 1272.938226845789
33.60000000000021 1272.938226845789
33.70000000000021 1272.938226845789
33.80000000000021 1272.938226845789
33.90000000000021 1272.938226845789
34.00000000000021 1272.938226845789
34.10000000000021 1272.938226845789
34.20000000000022 1272.938226845789
34.30000000000022 1272.938226845789
34.40000000000022 1272.938226845789
34.50000000000022 1272.938226845789
34.60000000000022 1272.938226845789
34.70000000000022 1272.938226845789
34.80000000000022 1272.938226845788
34.90000000000023 1272.938226845788
35.00000000000023 1272.938226845788
35.10000000000023 1272.938226845788
35.20000000000023 1272.938226845788
35.30000000000023 1272.938226845788
35.40000000000023 1272.938226845788
35.50000000000023 1272.938226845788
35.60000000000024 1272.938226845788
35.70000000000024 1272.938226845788
35.80000000000024 1272.938226845788
35.90000000000024 1272.938226845788
36.00000000000024 1272.938226845788
36.10000000000024 1272.938226845788
36.20000000000024 1272.938226845788
36.30000000000025 1272.938226845788
36.40000000000025 1272.938226845788
36.50000000000025 1272.938226845788
36.60000000000025 1272.938226845788
36.70000000000025 1272.938226845788
36.80000000000025 1272.938226845787
36.90000000000025 1272.938226845787
37.00000000000026 1272.938226845787
37.10000000000026 1272.938226845787
37.20000000000026 1272.938226845787
37.30000000000026 1272.938226845787
37.40000000000026 1272.938226845787
37.50000000000026 1272.938226845787
37.60000000000026 1272.938226845787
37.70000000000027 1272.938226845787
37.80000000000027 1272.938226845787
37.90000000000027 1272.938226845787
38.00000000000027 1272.938226845787
38.10000000000027 1272.938226845787
38.20000000000027 1272.938226845787
38.30000000000027 1272.938226845787
38.40000000000028 1272.938226845786
38.50000000000028 1272.938226845786
38.60000000000028 1272.938226845786
38.70000000000028 1272.938226845786
38.80000000000028 1272.938226845786
38.90000000000028 1272.938226845786
39.00000000000028 1272.938226845786
39.10000000000029 1272.938226845786
39.20000000000029 1272.938226845786
39.30000000000029 1272.938226845786
39.40000000000029 1272.938226845786
39.50000000000029 1272.938226845786
39.60000000000029 1272.938226845786
39.70000000000029 1272.938226845786
39.8000000000003 1272.938226845786
39.9000000000003 1272.938226845786
40.0000000000003 1272.938226845785
40.1000000000003 1272.938226845785
40.2000000000003 1272.938226845785
40.3000000000003 1272.938226845785
40.4000000000003 1272.938226845785
40.50000000000031 1272.938226845785
40.60000000000031 1272.938226845785
40.70000000000031 1272.938226845785
40.80000000000031 1272.938226845785
40.90000000000031 1272.938226845785
41.00000000000031 1272.938226845785
41.10000000000031 1272.938226845785
41.20000000000032 1272.938226845785
41.30000000000032 1272.938226845785
41.40000000000032 1272.938226845785
41.50000000000032 1272.938226845785
41.60000000000032 1272.938226845785
41.70000000000032 1272.938226845785
41.80000000000032 1272.938226845785
41.90000000000033 1272.938226845785
42.00000000000033 1272.938226845784
42.10000000000033 1272.938226845784
42.20000000000033 1272.938226845784
42.30000000000033 1272.938226845784
42.40000000000033 1272.938226845784
42.50000000000033 1272.938226845784
42.60000000000034 1272.938226845784
42.70000000000034 1272.938226845784
42.80000000000034 1272.938226845784
42.90000000000034 1272.938226845784
43.00000000000034 1272.938226845784
43.10000000000034 1272.938226845784
43.20000000000034 1272.938226845784
43.30000000000035 1272.938226845784
43.40000000000035 1272.938226845784
43.50000000000035 1272.938226845784
43.60000000000035 1272.938226845784
43.70000000000035 1272.938226845784
43.80000000000035 1272.938226845784
43.90000000000035 1272.938226845784
44.00000000000036 1272.938226845784
44.10000000000036 1272.938226845784
44.20000000000036 1272.938226845784
44.30000000000036 1272.938226845784
44.40000000000036 1272.938226845784
44.50000000000036 1272.938226845784
44.60000000000036 1272.938226845784
44.70000000000037 1272.938226845784
44.80000000000037 1272.938226845784
44.90000000000037 1272.938226845784
45.00000000000037 1272.938226845784
45.10000000000037 1272.938226845784
45.20000000000037 1272.938226845784
45.30000000000037 1272.938226845784
45.40000000000038 1272.938226845784
45.50000000000038 1272.938226845784
45.60000000000038 1272.938226845784
45.70000000000038 1272.938226845784
45.80000000000038 1272.938226845784
45.90000000000038 1272.938226845784
46.00000000000038 1272.938226845784
46.10000000000039 1272.938226845784
46.20000000000039 1272.938226845784
46.30000000000039 1272.938226845784
46.40000000000039 1272.938226845784
46.50000000000039 1272.938226845784
46.60000000000039 1272.938226845784
46.70000000000039 1272.938226845784
46.8000000000004 1272.938226845784
46.9000000000004 1272.938226845784
47.0000000000004 1272.938226845784
47.1000000000004 1272.938226845784
47.2000000000004 1272.938226845784
47.3000000000004 1272.938226845784
47.4000000000004 1272.938226845784
47.50000000000041 1272.938226845784
47.60000000000041 1272.938226845784
47.70000000000041 1272.938226845784
47.80000000000041 1272.938226845784
47.90000000000041 1272.938226845784
48.00000000000041 1272.938226845784
48.10000000000041 1272.938226845784
48.20000000000041 1272.938226845784
48.30000000000042 1272.938226845784
48.40000000000042 1272.938226845784
48.50000000000042 1272.938226845784
48.60000000000042 1272.938226845784
48.70000000000042 1272.938226845784
48.80000000000042 1272.938226845784
48.90000000000042 1272.938226845784
49.00000000000043 1272.938226845784
49.10000000000043 1272.938226845784
49.20000000000043 1272.938226845784
49.30000000000043 1272.938226845784
49.40000000000043 1272.938226845784
49.50000000000043 1272.938226845784
49.60000000000043 1272.938226845784
49.70000000000044 1272.938226845784
49.80000000000044 1272.938226845784
49.90000000000044 1272.938226845784