Time X1
0 250
0.1 249.9458503824314
0.2 249.8869531390266
0.3 249.8230340663221
0.4 249.7530961468632
0.5 249.6773130923326
0.6 249.5949272022104
0.7 249.5052721462121
0.7999999999999999 249.4076907248051
0.8999999999999999 249.3015252620391
0.9999999999999999 249.1860804954053
1.1 249.06047861339
1.2 248.9237832416699
1.3 248.775366993545
1.4 248.6138437580003
1.5 248.4382677879059
1.6 248.2474029111107
1.7 248.0399203902015
1.8 247.8143797937626
1.900000000000001 247.5692377132187
2 247.3028206596336
2.100000000000001 247.0133233178725
2.200000000000001 246.6987777091405
2.300000000000001 246.3570835941271
2.400000000000001 245.9860022136706
2.500000000000001 245.5830459497309
2.600000000000001 245.1455632164488
2.700000000000001 244.6707597917792
2.800000000000001 244.1554997371162
2.900000000000001 243.596524931439
3.000000000000001 242.9903390241343
3.100000000000001 242.333143927297
3.200000000000002 241.6208934476535
3.300000000000002 240.8493023391759
3.400000000000002 240.0138045495971
3.500000000000002 239.1095615697261
3.600000000000002 238.131442878981
3.700000000000002 237.0739871120482
3.800000000000002 235.9313983254087
3.900000000000002 234.6976371080545
4.000000000000002 233.3665670816155
4.100000000000001 231.9317384600524
4.200000000000001 230.3865034165693
4.300000000000001 228.7241426496846
4.4 226.9377719534908
4.5 225.0204206345525
4.6 222.9653926729553
4.699999999999999 220.7661630159382
4.799999999999999 218.4165181228115
4.899999999999999 215.9108567199504
4.999999999999998 213.2441299483361
5.099999999999998 210.4123134693613
5.199999999999998 207.4125547731789
5.299999999999997 204.2432670701499
5.399999999999997 200.9047243425251
5.499999999999996 197.3990538312139
5.599999999999996 193.7305790511946
5.699999999999996 189.9061791651957
5.799999999999995 185.9354275808699
5.899999999999995 181.8306256919253
5.999999999999995 177.6071205844356
6.099999999999994 173.2833991577825
6.199999999999994 168.8803488868374
6.299999999999994 164.4215127561927
6.399999999999993 159.9325510848966
6.499999999999993 155.4409212896111
6.599999999999993 150.9748052357148
6.699999999999992 146.5628238428955
6.799999999999992 142.2329272337902
6.899999999999991 138.0118762369297
6.999999999999991 133.9243007077627
7.099999999999991 129.9922097922377
7.19999999999999 126.2343476710911
7.29999999999999 122.6659470015122
7.39999999999999 119.2983996278551
7.499999999999989 116.1393217860193
7.599999999999989 113.1927747850571
7.699999999999989 110.4593260022624
7.799999999999988 107.9364671016443
7.899999999999988 105.6190953795599
7.999999999999988 103.4999420244941
8.099999999999987 101.5700170923656
8.199999999999987 99.81908165895111
8.299999999999986 98.23604183353137
8.399999999999986 96.80930694669381
8.499999999999986 95.52713273821107
8.599999999999985 94.37795710473198
8.699999999999985 93.35034357339764
8.799999999999985 92.43335721011104
8.899999999999984 91.61664701559076
8.999999999999984 90.89048559324392
9.099999999999984 90.24581365100443
9.199999999999983 89.67424844285715
9.299999999999983 89.16811087412529
9.399999999999983 88.72037995101054
9.499999999999982 88.32469898439884
9.599999999999982 87.97530277090021
9.699999999999982 87.66700546286569
9.799999999999981 87.39514847609989
9.899999999999981 87.15557085230071
9.99999999999998 86.9445425146877
10.09999999999998 86.75874429706579
10.19999999999998 86.59522530084701
10.29999999999998 86.45136121274504
10.39999999999998 86.32483107917732
10.49999999999998 86.21357465636331
10.59999999999998 86.11577329293861
10.69999999999998 86.02981672215105
10.79999999999998 85.95428355688996
10.89999999999998 85.88792220276451
10.99999999999998 85.82962656270381
11.09999999999998 85.77842800078147
11.19999999999998 85.73345771881627
11.29999999999998 85.69396348505022
11.39999999999998 85.65928570173476
11.49999999999998 85.62883297323289
11.59999999999997 85.60209813899637
11.69999999999997 85.57862854970121
11.79999999999997 85.55802304115238
11.89999999999997 85.5399377644478
11.99999999999997 85.52406129785972
12.09999999999997 85.51012385069743
12.19999999999997 85.49789164819283
12.29999999999997 85.48715381662737
12.39999999999997 85.47772983642371
12.49999999999997 85.46945941689629
12.59999999999997 85.46219971783661
12.69999999999997 85.45582921576016
12.79999999999997 85.45023801774282
12.89999999999997 85.4453302429885
12.99999999999997 85.4410236295891
13.09999999999997 85.43724272130204
13.19999999999997 85.43392650020647
13.29999999999997 85.43101582064583
13.39999999999997 85.42846112216408
13.49999999999997 85.42621998354171
13.59999999999997 85.42425326171998
13.69999999999997 85.42252604609594
13.79999999999997 85.42100847958797
13.89999999999997 85.4196754185382
13.99999999999997 85.41850613876254
14.09999999999997 85.41748239003283
14.19999999999997 85.41658374502993
14.29999999999997 85.41579535995997
14.39999999999996 85.41510536958813
14.49999999999996 85.414500436672
14.59999999999996 85.41396907570304
14.69999999999996 85.41350254716005
14.79999999999996 85.41309050642377
14.89999999999996 85.41273254948192
14.99999999999996 85.41241642856751
15.09999999999996 85.41213919345165
15.19999999999996 85.41189617869847
15.29999999999996 85.41168330862637
15.39999999999996 85.41149684362442
15.49999999999996 85.41133307338627
15.59999999999996 85.41118962950625
15.69999999999996 85.41106412926739
15.79999999999996 85.41095367240547
15.89999999999996 85.41085535865626
15.99999999999996 85.41076794151455
16.09999999999996 85.41069133033696
16.19999999999996 85.41062407887364
16.29999999999996 85.41056473935117
16.39999999999996 85.41050651540924
16.49999999999996 85.41046446977295
16.59999999999997 85.41042628733041
16.69999999999997 85.41039196808163
16.79999999999997 85.41036142647957
16.89999999999997 85.41033423317921
16.99999999999997 85.41031032899815
17.09999999999997 85.41028971393638
17.19999999999997 85.41027237193259
17.29999999999998 85.410257330383
17.39999999999998 85.41024401642909
17.49999999999998 85.41023243007086
17.59999999999998 85.41022257130832
17.69999999999998 85.41021418803446
17.79999999999998 85.41020664471472
17.89999999999998 85.41019991052636
17.99999999999999 85.41019398546939
18.09999999999999 85.41018884925647
18.19999999999999 85.41018424544357
18.29999999999999 85.41018009650629
18.39999999999999 85.41017640244463
18.49999999999999 85.41017316325859
18.59999999999999 85.4101703049259
18.7 85.41016773281333
18.8 85.41016544657418
18.9 85.41016344620847
19 85.41016171524258
19.1 85.41016016697449
19.2 85.41015878880431
19.3 85.41015758073205
19.40000000000001 85.41015654211566
19.50000000000001 85.41015562700642
19.60000000000001 85.41015480713803
19.70000000000001 85.41015408251049
19.80000000000001 85.41015345312378
19.90000000000001 85.41015290787992
20.00000000000001 85.41015241759429
20.10000000000002 85.4101519807253
20.20000000000002 85.41015159727296
20.30000000000002 85.41015118060612
20.40000000000002 85.41015062438825
20.50000000000002 85.41015010067471
20.60000000000002 85.41014960946551
20.70000000000002 85.41014915076063
20.80000000000003 85.41014872456009
20.90000000000003 85.41014833086388
21.00000000000003 85.410147969672
21.10000000000003 85.41014764098445
21.20000000000003 85.41014734480123
21.30000000000003 85.41014708112233
21.40000000000003 85.41014684994778
21.50000000000004 85.41014665127754
21.60000000000004 85.41014648511164
21.70000000000004 85.41014635145008
21.80000000000004 85.41014625029284
21.90000000000004 85.41014618163993
22.00000000000004 85.41014614549135
22.10000000000004 85.41014614184711
22.20000000000005 85.41014617070719
22.30000000000005 85.4101462320716
22.40000000000005 85.41014632594035
22.50000000000005 85.41014645231341
22.60000000000005 85.41014661119083
22.70000000000005 85.41014680257256
22.80000000000005 85.41014695322838
22.90000000000006 85.41014688676177
23.00000000000006 85.41014682849156
23.10000000000006 85.41014677841774
23.20000000000006 85.41014673654031
23.30000000000006 85.41014670285927
23.40000000000006 85.41014667737461
23.50000000000006 85.41014666008635
23.60000000000007 85.41014665099449
23.70000000000007 85.41014665009902
23.80000000000007 85.41014665739993
23.90000000000007 85.41014667289724
24.00000000000007 85.41014669659094
24.10000000000007 85.41014672848102
24.20000000000007 85.4101467685675
24.30000000000008 85.41014681685037
24.40000000000008 85.41014687332964
24.50000000000008 85.41014693800528
24.60000000000008 85.41014701087732
24.70000000000008 85.41014709194576
24.80000000000008 85.41014718121059
24.90000000000008 85.4101472786718
25.00000000000009 85.41014738432941
25.10000000000009 85.41014749818341
25.20000000000009 85.41014762023379
25.30000000000009 85.41014772588754
25.40000000000009 85.41014775729657
25.50000000000009 85.4101477887056
25.60000000000009 85.41014782011463
25.7000000000001 85.41014785152366
25.8000000000001 85.41014788293269
25.9000000000001 85.41014791434171
26.0000000000001 85.41014794575074
26.1000000000001 85.41014797715977
26.2000000000001 85.4101480085688
26.3000000000001 85.41014803997783
26.40000000000011 85.41014807138684
26.50000000000011 85.41014810279587
26.60000000000011 85.4101481342049
26.70000000000011 85.41014816561393
26.80000000000011 85.41014819702296
26.90000000000011 85.41014822843199
27.00000000000011 85.41014825984101
27.10000000000012 85.41014829125004
27.20000000000012 85.41014832265907
27.30000000000012 85.4101483540681
27.40000000000012 85.41014838547713
27.50000000000012 85.41014841688616
27.60000000000012 85.41014844829517
27.70000000000012 85.4101484797042
27.80000000000013 85.41014850923256
27.90000000000013 85.41014851016273
28.00000000000013 85.4101485110929
28.10000000000013 85.41014851202307
28.20000000000013 85.41014851295324
28.30000000000013 85.4101485138834
28.40000000000013 85.41014851481357
28.50000000000014 85.41014851574374
28.60000000000014 85.41014851667391
28.70000000000014 85.41014851760409
28.80000000000014 85.41014851853424
28.90000000000014 85.41014851946441
29.00000000000014 85.41014852039459
29.10000000000014 85.41014852132476
29.20000000000014 85.41014852225491
29.30000000000015 85.41014852318509
29.40000000000015 85.41014852411526
29.50000000000015 85.41014852504543
29.60000000000015 85.4101485259756
29.70000000000015 85.41014852690576
29.80000000000015 85.41014852783593
29.90000000000015 85.4101485287661
30.00000000000016 85.41014852969627
30.10000000000016 85.41014853062644
30.20000000000016 85.4101485315566
30.30000000000016 85.41014853248677
30.40000000000016 85.41014853341694
30.50000000000016 85.41014853434712
30.60000000000016 85.41014853527729
30.70000000000017 85.41014853620744
30.80000000000017 85.41014853713762
30.90000000000017 85.41014853806779
31.00000000000017 85.41014853899796
31.10000000000017 85.41014853992813
31.20000000000017 85.41014854085829
31.30000000000017 85.41014854178846
31.40000000000018 85.41014854271863
31.50000000000018 85.4101485436488
31.60000000000018 85.41014854457897
31.70000000000018 85.41014854550913
31.80000000000018 85.4101485464393
31.90000000000018 85.41014854736947
32.00000000000018 85.41014854829965
32.10000000000019 85.4101485492298
32.20000000000019 85.41014855015997
32.30000000000019 85.41014855109015
32.40000000000019 85.41014855202032
32.50000000000019 85.41014855295049
32.60000000000019 85.41014855388065
32.70000000000019 85.41014855481082
32.8000000000002 85.41014855574099
32.9000000000002 85.41014855667116
33.0000000000002 85.41014855760133
33.1000000000002 85.41014855853149
33.2000000000002 85.41014855946166
33.3000000000002 85.41014856039183
33.4000000000002 85.410148561322
33.50000000000021 85.41014856225217
33.60000000000021 85.41014856318233
33.70000000000021 85.4101485641125
33.80000000000021 85.41014856504268
33.90000000000021 85.41014856597285
34.00000000000021 85.41014856690302
34.10000000000021 85.41014856783318
34.20000000000022 85.41014856876335
34.30000000000022 85.41014856969352
34.40000000000022 85.41014857062369
34.50000000000022 85.41014857155385
34.60000000000022 85.41014857248402
34.70000000000022 85.41014857341419
34.80000000000022 85.41014857434436
34.90000000000023 85.41014857527453
35.00000000000023 85.41014857620469
35.10000000000023 85.41014857713486
35.20000000000023 85.41014857806503
35.30000000000023 85.41014857899521
35.40000000000023 85.41014857992538
35.50000000000023 85.41014858085553
35.60000000000024 85.41014858178571
35.70000000000024 85.41014858271588
35.80000000000024 85.41014858364605
35.90000000000024 85.41014858457622
36.00000000000024 85.41014858550638
36.10000000000024 85.41014858643655
36.20000000000024 85.41014858736672
36.30000000000025 85.41014858829689
36.40000000000025 85.41014858922706
36.50000000000025 85.41014859015722
36.60000000000025 85.41014859108739
36.70000000000025 85.41014859201756
36.80000000000025 85.41014859294773
36.90000000000025 85.41014859387789
37.00000000000026 85.41014859480806
37.10000000000026 85.41014859573824
37.20000000000026 85.41014859666841
37.30000000000026 85.41014859759858
37.40000000000026 85.41014859852874
37.50000000000026 85.41014859945891
37.60000000000026 85.41014860038908
37.70000000000027 85.41014860131925
37.80000000000027 85.41014860224942
37.90000000000027 85.41014860317958
38.00000000000027 85.41014860410975
38.10000000000027 85.41014860503992
38.20000000000027 85.41014860597009
38.30000000000027 85.41014860690026
38.40000000000028 85.41014860783042
38.50000000000028 85.41014860876059
38.60000000000028 85.41014860969076
38.70000000000028 85.41014861062094
38.80000000000028 85.41014861155111
38.90000000000028 85.41014861248127
39.00000000000028 85.41014861341144
39.10000000000029 85.41014861434161
39.20000000000029 85.41014861527178
39.30000000000029 85.41014861620195
39.40000000000029 85.41014861713211
39.50000000000029 85.41014861806228
39.60000000000029 85.41014861899245
39.70000000000029 85.41014861992262
39.8000000000003 85.41014862085278
39.9000000000003 85.41014862178295
40.0000000000003 85.41014862271312
40.1000000000003 85.41014862364329
40.2000000000003 85.41014862457347
40.3000000000003 85.41014862550362
40.4000000000003 85.4101486264338
40.50000000000031 85.41014862736397
40.60000000000031 85.41014862829414
40.70000000000031 85.41014862922431
40.80000000000031 85.41014863015447
40.90000000000031 85.41014863108464
41.00000000000031 85.41014863201481
41.10000000000031 85.41014863294498
41.20000000000032 85.41014863387515
41.30000000000032 85.41014863480531
41.40000000000032 85.41014863573548
41.50000000000032 85.41014863666565
41.60000000000032 85.41014863759582
41.70000000000032 85.410148638526
41.80000000000032 85.41014863945615
41.90000000000033 85.41014864038632
42.00000000000033 85.4101486413165
42.10000000000033 85.41014864224667
42.20000000000033 85.41014864317683
42.30000000000033 85.410148644107
42.40000000000033 85.41014864503717
42.50000000000033 85.41014864596734
42.60000000000034 85.41014864689751
42.70000000000034 85.41014864782767
42.80000000000034 85.41014864875784
42.90000000000034 85.41014864968801
43.00000000000034 85.41014865061818
43.10000000000034 85.41014865154835
43.20000000000034 85.41014865247851
43.30000000000035 85.41014865340868
43.40000000000035 85.41014865433885
43.50000000000035 85.41014865526903
43.60000000000035 85.4101486561992
43.70000000000035 85.41014865712935
43.80000000000035 85.41014865805953
43.90000000000035 85.4101486589897
44.00000000000036 85.41014865991987
44.10000000000036 85.41014866085004
44.20000000000036 85.4101486617802
44.30000000000036 85.41014866271037
44.40000000000036 85.41014866364054
44.50000000000036 85.41014866457071
44.60000000000036 85.41014866550087
44.70000000000037 85.41014866643104
44.80000000000037 85.41014866736121
44.90000000000037 85.41014866829138
45.00000000000037 85.41014866922156
45.10000000000037 85.41014867015171
45.20000000000037 85.41014867108188
45.30000000000037 85.41014867201206
45.40000000000038 85.41014867294223
45.50000000000038 85.4101486738724
45.60000000000038 85.41014867480256
45.70000000000038 85.41014867573273
45.80000000000038 85.4101486766629
45.90000000000038 85.41014867759307
46.00000000000038 85.41014867852324
46.10000000000039 85.4101486794534
46.20000000000039 85.41014868038357
46.30000000000039 85.41014868131374
46.40000000000039 85.41014868224391
46.50000000000039 85.41014868317409
46.60000000000039 85.41014868410424
46.70000000000039 85.41014868503441
46.8000000000004 85.41014868596459
46.9000000000004 85.41014868689476
47.0000000000004 85.41014868782493
47.1000000000004 85.41014868875509
47.2000000000004 85.41014868968526
47.3000000000004 85.41014869061543
47.4000000000004 85.4101486915456
47.50000000000041 85.41014869247576
47.60000000000041 85.41014869340593
47.70000000000041 85.4101486943361
47.80000000000041 85.41014869526627
47.90000000000041 85.41014869619644
48.00000000000041 85.4101486971266
48.10000000000041 85.41014869805677
48.20000000000041 85.41014869898694
48.30000000000042 85.41014869991712
48.40000000000042 85.41014870084729
48.50000000000042 85.41014870177744
48.60000000000042 85.41014870270762
48.70000000000042 85.41014870363779
48.80000000000042 85.41014870456796
48.90000000000042 85.41014870549813
49.00000000000043 85.41014870642829
49.10000000000043 85.41014870735846
49.20000000000043 85.41014870828863
49.30000000000043 85.4101487092188
49.40000000000043 85.41014871014897
49.50000000000043 85.41014871107913
49.60000000000043 85.4101487120093
49.70000000000044 85.41014871293947
49.80000000000044 85.41014871386965
49.90000000000044 85.4101487147998