Time X1
0 250
0.1 250.2145615718319
0.2 250.4486948524023
0.3 250.7044260148645
0.4 250.9833495172061
0.5 251.2880261437089
0.6 251.6208360680403
0.7 251.9843433789927
0.7999999999999999 252.3815776318833
0.8999999999999999 252.8154477267141
0.9999999999999999 253.2896970194121
1.1 253.8080717138654
1.2 254.3748629762229
1.3 254.994775005086
1.4 255.6729788840202
1.5 256.4151902596154
1.6 257.227723886144
1.7 258.1174785599615
1.8 259.0922495525662
1.900000000000001 260.160484983904
2 261.3317892442467
2.100000000000001 262.6165677125228
2.200000000000001 264.0265237513187
2.300000000000001 265.5746883232144
2.400000000000001 267.2754880307546
2.500000000000001 269.1450780250582
2.600000000000001 271.2014617339094
2.700000000000001 273.4647088749226
2.800000000000001 275.9571528364891
2.900000000000001 278.7036842224718
3.000000000000001 281.7321459177651
3.100000000000001 285.0734072206101
3.200000000000002 288.7618207493214
3.300000000000002 292.8354294692793
3.400000000000002 297.3360826563086
3.500000000000002 302.3095338690608
3.600000000000002 307.8057384228412
3.700000000000002 313.8776793868299
3.800000000000002 320.581237975679
3.900000000000002 327.9731173868988
4.000000000000002 336.1099204789359
4.100000000000001 345.0427756870277
4.200000000000001 354.8135827431147
4.300000000000001 365.4489422821081
4.4 376.9511094441752
4.5 389.2888824318503
4.6 402.3878467305931
4.699999999999999 416.121213115603
4.799999999999999 430.3054247318158
4.899999999999999 444.7013597210212
4.999999999999998 459.0272597575145
5.099999999999998 472.9775243403752
5.199999999999998 486.2524248718296
5.299999999999997 498.5883704314051
5.399999999999997 509.784095273408
5.499999999999996 519.7162983937835
5.599999999999996 528.3422122841307
5.699999999999996 535.6904957823691
5.799999999999995 541.8445435639057
5.899999999999995 546.9231102150683
5.999999999999995 551.0622604428555
6.099999999999994 554.4010538325147
6.199999999999994 557.0714442801113
6.299999999999994 559.1925485393158
6.399999999999993 560.8681203208187
6.499999999999993 562.1859487488599
6.599999999999993 563.2187956077136
6.699999999999992 564.0261005373183
6.799999999999992 564.6557668686802
6.899999999999991 565.1460495366473
6.999999999999991 565.5272897125391
7.099999999999991 565.8234616113476
7.19999999999999 566.0533567538727
7.29999999999999 566.2316923847015
7.39999999999999 566.3699713029029
7.499999999999989 566.4771503786648
7.599999999999989 566.5601873753366
7.699999999999989 566.6245135973744
7.799999999999988 566.6743532885132
7.899999999999988 566.7129842701962
7.999999999999988 566.7428598792652
8.099999999999987 566.7659746873823
8.199999999999987 566.7838644526478
8.299999999999986 566.7977248022431
8.399999999999986 566.8084510623522
8.499999999999986 566.8167394434234
8.599999999999985 566.8231501164939
8.699999999999985 566.8281049772236
8.799999999999985 566.831970961248
8.899999999999984 566.834986151808
8.999999999999984 566.8374506373891
9.099999999999984 566.839145886811
9.199999999999983 566.840531365485
9.299999999999983 566.8416353940153
9.399999999999983 566.8424696737429
9.499999999999982 566.8430959926017
9.599999999999982 566.8435757337307
9.699999999999982 566.8439309142913
9.799999999999981 566.8442142311509
9.899999999999981 566.8444320234278
9.99999999999998 566.844607577851
10.09999999999998 566.8447451231444
10.19999999999998 566.8448547711788
10.29999999999998 566.8449404492919
10.39999999999998 566.8450071774784
10.49999999999998 566.8450595932713
10.59999999999998 566.8450995748153
10.69999999999998 566.8451313430652
10.79999999999998 566.8451555523279
10.89999999999998 566.8451748514721
10.99999999999998 566.8451897094061
11.09999999999998 566.8452014756022
11.19999999999998 566.8452106424883
11.29999999999998 566.845217795782
11.39999999999998 566.8452234390763
11.49999999999998 566.845230734016
11.59999999999997 566.8452378729155
11.69999999999997 566.8452440940323
11.79999999999997 566.8452493973664
11.89999999999997 566.8452537829179
11.99999999999997 566.8452572506866
12.09999999999997 566.8452598006727
12.19999999999997 566.845261432876
12.29999999999997 566.8452621472967
12.39999999999997 566.8452619439347
12.49999999999997 566.84526082279
12.59999999999997 566.8452587838626
12.69999999999997 566.8452563995733
12.79999999999997 566.8452572956244
12.89999999999997 566.8452579591153
12.99999999999997 566.8452583900461
13.09999999999997 566.8452585884168
13.19999999999997 566.8452585542271
13.29999999999997 566.8452582874773
13.39999999999997 566.8452577881674
13.49999999999997 566.8452570562972
13.59999999999997 566.8452560918669
13.69999999999997 566.8452548948763
13.79999999999997 566.8452534653256
13.89999999999997 566.8452518032148
13.99999999999997 566.8452507162893
14.09999999999997 566.8452502616037
14.19999999999997 566.845249806918
14.29999999999997 566.8452493522323
14.39999999999996 566.8452488975465
14.49999999999996 566.8452484428608
14.59999999999996 566.8452479881752
14.69999999999996 566.8452475334894
14.79999999999996 566.8452470788037
14.89999999999996 566.845246624118
14.99999999999996 566.8452461694322
15.09999999999996 566.8452457147466
15.19999999999996 566.8452452600609
15.29999999999996 566.8452451603716
15.39999999999996 566.8452451467697
15.49999999999996 566.8452451331676
15.59999999999996 566.8452451195657
15.69999999999996 566.8452451059637
15.79999999999996 566.8452450923618
15.89999999999996 566.8452450787598
15.99999999999996 566.8452450651579
16.09999999999996 566.8452450515559
16.19999999999996 566.845245037954
16.29999999999996 566.845245024352
16.39999999999996 566.8452450107501
16.49999999999996 566.8452449971481
16.59999999999997 566.8452449835462
16.69999999999997 566.8452449699442
16.79999999999997 566.8452449563423
16.89999999999997 566.8452449427404
16.99999999999997 566.8452449291384
17.09999999999997 566.8452449155365
17.19999999999997 566.8452449019345
17.29999999999998 566.8452448883326
17.39999999999998 566.8452448747306
17.49999999999998 566.8452448611287
17.59999999999998 566.8452448475267
17.69999999999998 566.8452448339248
17.79999999999998 566.8452448203228
17.89999999999998 566.8452448067209
17.99999999999999 566.8452447931189
18.09999999999999 566.845244779517
18.19999999999999 566.845244765915
18.29999999999999 566.8452447523131
18.39999999999999 566.8452447387111
18.49999999999999 566.8452447251092
18.59999999999999 566.8452447115072
18.7 566.8452446979053
18.8 566.8452446843033
18.9 566.8452446707014
19 566.8452446570994
19.1 566.8452446434975
19.2 566.8452446298955
19.3 566.8452446162936
19.40000000000001 566.8452446026917
19.50000000000001 566.8452445890897
19.60000000000001 566.8452445754878
19.70000000000001 566.8452445618858
19.80000000000001 566.8452445482839
19.90000000000001 566.8452445346819
20.00000000000001 566.84524452108
20.10000000000002 566.845244507478
20.20000000000002 566.8452444938761
20.30000000000002 566.8452444802741
20.40000000000002 566.8452444666722
20.50000000000002 566.8452444530702
20.60000000000002 566.8452444394683
20.70000000000002 566.8452444258663
20.80000000000003 566.8452444122644
20.90000000000003 566.8452443986624
21.00000000000003 566.8452443850605
21.10000000000003 566.8452443714585
21.20000000000003 566.8452443578566
21.30000000000003 566.8452443442546
21.40000000000003 566.8452443306527
21.50000000000004 566.8452443170507
21.60000000000004 566.8452443034488
21.70000000000004 566.8452442898468
21.80000000000004 566.8452442762449
21.90000000000004 566.845244262643
22.00000000000004 566.845244249041
22.10000000000004 566.8452442354391
22.20000000000005 566.8452442218371
22.30000000000005 566.8452442082352
22.40000000000005 566.8452441946332
22.50000000000005 566.8452441810313
22.60000000000005 566.8452441674293
22.70000000000005 566.8452441538274
22.80000000000005 566.8452441402254
22.90000000000006 566.8452441266235
23.00000000000006 566.8452441130215
23.10000000000006 566.8452440994196
23.20000000000006 566.8452440858176
23.30000000000006 566.8452440722157
23.40000000000006 566.8452440586137
23.50000000000006 566.8452440450118
23.60000000000007 566.8452440314098
23.70000000000007 566.8452440178079
23.80000000000007 566.8452440042059
23.90000000000007 566.845243990604
24.00000000000007 566.845243977002
24.10000000000007 566.8452439634001
24.20000000000007 566.8452439497981
24.30000000000008 566.8452439361962
24.40000000000008 566.8452439225942
24.50000000000008 566.8452439089923
24.60000000000008 566.8452438953904
24.70000000000008 566.8452438817884
24.80000000000008 566.8452438681865
24.90000000000008 566.8452438545845
25.00000000000009 566.8452438409826
25.10000000000009 566.8452438273806
25.20000000000009 566.8452438137787
25.30000000000009 566.8452438001767
25.40000000000009 566.8452437865748
25.50000000000009 566.8452437729728
25.60000000000009 566.8452437593709
25.7000000000001 566.8452437457689
25.8000000000001 566.845243732167
25.9000000000001 566.845243718565
26.0000000000001 566.8452437049631
26.1000000000001 566.845243691361
26.2000000000001 566.8452436777591
26.3000000000001 566.8452436641571
26.40000000000011 566.8452436505552
26.50000000000011 566.8452436369532
26.60000000000011 566.8452436233513
26.70000000000011 566.8452436097493
26.80000000000011 566.8452435961474
26.90000000000011 566.8452435825454
27.00000000000011 566.8452435689435
27.10000000000012 566.8452435553415
27.20000000000012 566.8452435417396
27.30000000000012 566.8452435281376
27.40000000000012 566.8452435145357
27.50000000000012 566.8452435009337
27.60000000000012 566.8452434873318
27.70000000000012 566.8452434737299
27.80000000000013 566.8452434601279
27.90000000000013 566.8452434488482
28.00000000000013 566.8452434484412
28.10000000000013 566.8452434480342
28.20000000000013 566.8452434476272
28.30000000000013 566.8452434472202
28.40000000000013 566.8452434468132
28.50000000000014 566.8452434464062
28.60000000000014 566.8452434459992
28.70000000000014 566.8452434455924
28.80000000000014 566.8452434451854
28.90000000000014 566.8452434447784
29.00000000000014 566.8452434443714
29.10000000000014 566.8452434439644
29.20000000000014 566.8452434435574
29.30000000000015 566.8452434431504
29.40000000000015 566.8452434427434
29.50000000000015 566.8452434423364
29.60000000000015 566.8452434419294
29.70000000000015 566.8452434415224
29.80000000000015 566.8452434411154
29.90000000000015 566.8452434407084
30.00000000000016 566.8452434403014
30.10000000000016 566.8452434398944
30.20000000000016 566.8452434394874
30.30000000000016 566.8452434390804
30.40000000000016 566.8452434386734
30.50000000000016 566.8452434382664
30.60000000000016 566.8452434378594
30.70000000000017 566.8452434374524
30.80000000000017 566.8452434370454
30.90000000000017 566.8452434366384
31.00000000000017 566.8452434362314
31.10000000000017 566.8452434358244
31.20000000000017 566.8452434354174
31.30000000000017 566.8452434350104
31.40000000000018 566.8452434346034
31.50000000000018 566.8452434341964
31.60000000000018 566.8452434337894
31.70000000000018 566.8452434333824
31.80000000000018 566.8452434329754
31.90000000000018 566.8452434325684
32.00000000000018 566.8452434321614
32.10000000000019 566.8452434317544
32.20000000000019 566.8452434313474
32.30000000000019 566.8452434309404
32.40000000000019 566.8452434305334
32.50000000000019 566.8452434301264
32.60000000000019 566.8452434297194
32.70000000000019 566.8452434293124
32.8000000000002 566.8452434289054
32.9000000000002 566.8452434284984
33.0000000000002 566.8452434280914
33.1000000000002 566.8452434276844
33.2000000000002 566.8452434272775
33.3000000000002 566.8452434268705
33.4000000000002 566.8452434264635
33.50000000000021 566.8452434260565
33.60000000000021 566.8452434256495
33.70000000000021 566.8452434252425
33.80000000000021 566.8452434248355
33.90000000000021 566.8452434244285
34.00000000000021 566.8452434240215
34.10000000000021 566.8452434236145
34.20000000000022 566.8452434232075
34.30000000000022 566.8452434228005
34.40000000000022 566.8452434223935
34.50000000000022 566.8452434219865
34.60000000000022 566.8452434215795
34.70000000000022 566.8452434211725
34.80000000000022 566.8452434207655
34.90000000000023 566.8452434203585
35.00000000000023 566.8452434199515
35.10000000000023 566.8452434195445
35.20000000000023 566.8452434191375
35.30000000000023 566.8452434187305
35.40000000000023 566.8452434183235
35.50000000000023 566.8452434179165
35.60000000000024 566.8452434175096
35.70000000000024 566.8452434171026
35.80000000000024 566.8452434166956
35.90000000000024 566.8452434162886
36.00000000000024 566.8452434158816
36.10000000000024 566.8452434154746
36.20000000000024 566.8452434150676
36.30000000000025 566.8452434146606
36.40000000000025 566.8452434142536
36.50000000000025 566.8452434138466
36.60000000000025 566.8452434134396
36.70000000000025 566.8452434130326
36.80000000000025 566.8452434126256
36.90000000000025 566.8452434122186
37.00000000000026 566.8452434118116
37.10000000000026 566.8452434114046
37.20000000000026 566.8452434109976
37.30000000000026 566.8452434105906
37.40000000000026 566.8452434101836
37.50000000000026 566.8452434097766
37.60000000000026 566.8452434093697
37.70000000000027 566.8452434089627
37.80000000000027 566.8452434085557
37.90000000000027 566.8452434081487
38.00000000000027 566.8452434077417
38.10000000000027 566.8452434073347
38.20000000000027 566.8452434069277
38.30000000000027 566.8452434065207
38.40000000000028 566.8452434061137
38.50000000000028 566.8452434057067
38.60000000000028 566.8452434052997
38.70000000000028 566.8452434048927
38.80000000000028 566.8452434044857
38.90000000000028 566.8452434040787
39.00000000000028 566.8452434036717
39.10000000000029 566.8452434032647
39.20000000000029 566.8452434028577
39.30000000000029 566.8452434024507
39.40000000000029 566.8452434020437
39.50000000000029 566.8452434016367
39.60000000000029 566.8452434012297
39.70000000000029 566.8452434008227
39.8000000000003 566.8452434004157
39.9000000000003 566.8452434000087
40.0000000000003 566.8452433996017
40.1000000000003 566.8452433991947
40.2000000000003 566.8452433987877
40.3000000000003 566.8452433983807
40.4000000000003 566.8452433979737
40.50000000000031 566.8452433975667
40.60000000000031 566.8452433973816
40.70000000000031 566.8452433973804
40.80000000000031 566.8452433973791
40.90000000000031 566.8452433973779
41.00000000000031 566.8452433973766
41.10000000000031 566.8452433973754
41.20000000000032 566.8452433973741
41.30000000000032 566.8452433973729
41.40000000000032 566.8452433973716
41.50000000000032 566.8452433973704
41.60000000000032 566.8452433973691
41.70000000000032 566.8452433973679
41.80000000000032 566.8452433973666
41.90000000000033 566.8452433973654
42.00000000000033 566.8452433973641
42.10000000000033 566.8452433973629
42.20000000000033 566.8452433973616
42.30000000000033 566.8452433973604
42.40000000000033 566.8452433973591
42.50000000000033 566.8452433973579
42.60000000000034 566.8452433973566
42.70000000000034 566.8452433973554
42.80000000000034 566.8452433973541
42.90000000000034 566.8452433973529
43.00000000000034 566.8452433973516
43.10000000000034 566.8452433973504
43.20000000000034 566.8452433973491
43.30000000000035 566.8452433973479
43.40000000000035 566.8452433973466
43.50000000000035 566.8452433973454
43.60000000000035 566.8452433973441
43.70000000000035 566.8452433973429
43.80000000000035 566.8452433973416
43.90000000000035 566.8452433973404
44.00000000000036 566.8452433973391
44.10000000000036 566.8452433973379
44.20000000000036 566.8452433973366
44.30000000000036 566.8452433973354
44.40000000000036 566.8452433973341
44.50000000000036 566.8452433973329
44.60000000000036 566.8452433973316
44.70000000000037 566.8452433973304
44.80000000000037 566.8452433973291
44.90000000000037 566.8452433973279
45.00000000000037 566.8452433973266
45.10000000000037 566.8452433973254
45.20000000000037 566.8452433973241
45.30000000000037 566.8452433973229
45.40000000000038 566.8452433973216
45.50000000000038 566.8452433973204
45.60000000000038 566.8452433973191
45.70000000000038 566.8452433973179
45.80000000000038 566.8452433973166
45.90000000000038 566.8452433973154
46.00000000000038 566.8452433973141
46.10000000000039 566.8452433973129
46.20000000000039 566.8452433973116
46.30000000000039 566.8452433973104
46.40000000000039 566.8452433973091
46.50000000000039 566.8452433973079
46.60000000000039 566.8452433973066
46.70000000000039 566.8452433973054
46.8000000000004 566.8452433973041
46.9000000000004 566.8452433973029
47.0000000000004 566.8452433973016
47.1000000000004 566.8452433973004
47.2000000000004 566.8452433972991
47.3000000000004 566.8452433972978
47.4000000000004 566.8452433972966
47.50000000000041 566.8452433972953
47.60000000000041 566.8452433972941
47.70000000000041 566.8452433972928
47.80000000000041 566.8452433972916
47.90000000000041 566.8452433972903
48.00000000000041 566.8452433972891
48.10000000000041 566.8452433972878
48.20000000000041 566.8452433972866
48.30000000000042 566.8452433972853
48.40000000000042 566.8452433972841
48.50000000000042 566.8452433972828
48.60000000000042 566.8452433972816
48.70000000000042 566.8452433972803
48.80000000000042 566.8452433972791
48.90000000000042 566.8452433972778
49.00000000000043 566.8452433972766
49.10000000000043 566.8452433972753
49.20000000000043 566.8452433972741
49.30000000000043 566.8452433972728
49.40000000000043 566.8452433972716
49.50000000000043 566.8452433972703
49.60000000000043 566.845243397269
49.70000000000044 566.8452433972677
49.80000000000044 566.8452433972665
49.90000000000044 566.8452433972652