Time X1
0 250
0.1 243.6765280093455
0.2 237.4700946458115
0.3 231.3715992521381
0.4 225.375116892277
0.5 219.4772313297899
0.6 213.6768445482331
0.7 207.9749851699813
0.7999999999999999 202.3745193812986
0.8999999999999999 196.8797573857236
0.9999999999999999 191.4963474031805
1.1 186.2310329050693
1.2 181.0913176178993
1.3 176.085187983235
1.4 171.2210281861917
1.5 166.5071974411334
1.6 161.9515637852044
1.7 157.5613671282782
1.8 153.3433688972127
1.900000000000001 149.3033028331581
2 145.4456991588904
2.100000000000001 141.7738429949383
2.200000000000001 138.2897598081628
2.300000000000001 134.9941052106154
2.400000000000001 131.8862214539071
2.500000000000001 128.9641670956677
2.600000000000001 126.2248060475474
2.700000000000001 123.6639195392273
2.800000000000001 121.2763287743005
2.900000000000001 119.0560372230635
3.000000000000001 116.9963851999558
3.100000000000001 115.0901649953261
3.200000000000002 113.3298193703217
3.300000000000002 111.7075577359535
3.400000000000002 110.2153938358422
3.500000000000002 108.8453755262766
3.600000000000002 107.5895864398194
3.700000000000002 106.4402876449774
3.800000000000002 105.3899507463645
3.900000000000002 104.4313245674067
4.000000000000002 103.5574661731577
4.100000000000001 102.7617655414279
4.200000000000001 102.0379745389084
4.300000000000001 101.3802117174201
4.4 100.7829674718947
4.5 100.2411009988008
4.6 99.74981729037741
4.699999999999999 99.3046907025638
4.799999999999999 98.90162176952272
4.899999999999999 98.53682722583849
4.999999999999998 98.20684109344491
5.099999999999998 97.90846890625454
5.199999999999998 97.6387920933355
5.299999999999997 97.39514066828167
5.399999999999997 97.17507081693472
5.499999999999996 96.97636287331551
5.599999999999996 96.79699051981197
5.699999999999996 96.63511143742828
5.799999999999995 96.48905277993205
5.899999999999995 96.35729333308294
5.999999999999995 96.23845531282488
6.099999999999994 96.13128855278387
6.199999999999994 96.03466104644833
6.299999999999994 95.94754878040254
6.399999999999993 95.86902342264275
6.499999999999993 95.79824460234205
6.599999999999993 95.73445813533878
6.699999999999992 95.676977807414
6.799999999999992 95.62517835312077
6.899999999999991 95.57850497021849
6.999999999999991 95.53645629102961
7.099999999999991 95.4985716365378
7.19999999999999 95.46443764266601
7.29999999999999 95.43369124055938
7.39999999999999 95.40599585034045
7.499999999999989 95.38104524079232
7.599999999999989 95.35857310614017
7.699999999999989 95.33833434097846
7.799999999999988 95.32010364237398
7.899999999999988 95.30368355641505
7.999999999999988 95.28889682979376
8.099999999999987 95.27557933675432
8.199999999999987 95.26358374096246
8.299999999999986 95.25278196768879
8.399999999999986 95.24305478968479
8.499999999999986 95.23429358567439
8.599999999999985 95.22640431867963
8.699999999999985 95.21930054014605
8.799999999999985 95.21290266362129
8.899999999999984 95.20714096621622
8.999999999999984 95.20195313729444
9.099999999999984 95.19728138985802
9.199999999999983 95.19307378479606
9.299999999999983 95.18928532238083
9.399999999999983 95.18587408041682
9.499999999999982 95.1828018173784
9.599999999999982 95.18003549231196
9.699999999999982 95.17754476872514
9.799999999999981 95.17530065173224
9.899999999999981 95.17328155696063
9.99999999999998 95.17146302017014
10.09999999999998 95.16982534903306
10.19999999999998 95.16835055273269
10.29999999999998 95.16702297466662
10.39999999999998 95.16582766130948
10.49999999999998 95.16475100029756
10.59999999999998 95.16378077424767
10.69999999999998 95.16290632191303
10.79999999999998 95.16211831448797
10.89999999999998 95.16140880059974
10.99999999999998 95.16077114367927
11.09999999999998 95.16019742781309
11.19999999999998 95.1596806314745
11.29999999999998 95.15921539100047
11.39999999999998 95.15879724128663
11.49999999999998 95.15842148633755
11.59999999999997 95.15808293069445
11.69999999999997 95.15777783513113
11.79999999999997 95.15750302033624
11.89999999999997 95.15725264897924
11.99999999999997 95.15703168672954
12.09999999999997 95.15683113623906
12.19999999999997 95.15664993680922
12.29999999999997 95.15648696823443
12.39999999999997 95.15634035069101
12.49999999999997 95.15620848456753
12.59999999999997 95.15608995224409
12.69999999999997 95.15598333610076
12.79999999999997 95.15588722309036
12.89999999999997 95.15580076623571
12.99999999999997 95.15572316844896
13.09999999999997 95.15565333300952
13.19999999999997 95.15559016319686
13.29999999999997 95.15553256229042
13.39999999999997 95.15548002158455
13.49999999999997 95.15543275292613
13.59999999999997 95.15539022274409
13.69999999999997 95.15535188325644
13.79999999999997 95.15531718668122
13.89999999999997 95.15528044251062
13.99999999999997 95.15525493828191
14.09999999999997 95.15523125365978
14.19999999999997 95.15520938864422
14.29999999999997 95.15518934323525
14.39999999999996 95.15517109923093
14.49999999999996 95.15515445921362
14.59999999999996 95.15513936927093
14.69999999999996 95.15512582940288
14.79999999999996 95.15511383960944
14.89999999999996 95.15510339989063
14.99999999999996 95.15509422292449
15.09999999999996 95.15508586536644
15.19999999999996 95.15507832225279
15.29999999999996 95.15507159358356
15.39999999999996 95.15506567935873
15.49999999999996 95.15506054491171
15.59999999999996 95.15505586981027
15.69999999999996 95.15505157615479
15.79999999999996 95.15504766394525
15.89999999999996 95.15504413318169
15.99999999999996 95.15504098386407
16.09999999999996 95.15503814583749
16.19999999999996 95.15503552279006
16.29999999999996 95.1550331141391
16.39999999999996 95.15503091988461
16.49999999999996 95.1550289400266
16.59999999999997 95.1550271671039
16.69999999999997 95.15502554173064
16.79999999999997 95.15502405109318
16.89999999999997 95.15502269519149
16.99999999999997 95.1550214740256
17.09999999999997 95.15502038759548
17.19999999999997 95.15501941132514
17.29999999999998 95.15501851530034
17.39999999999998 95.15501769945053
17.49999999999998 95.15501696377571
17.59999999999998 95.15501630827588
17.69999999999998 95.15501572912888
17.79999999999998 95.15501519991541
17.89999999999998 95.15501471559509
17.99999999999999 95.15501427616795
18.09999999999999 95.15501388163396
18.19999999999999 95.15501353199313
18.29999999999999 95.15501296274677
18.39999999999999 95.15501241603644
18.49999999999999 95.15501189660337
18.59999999999999 95.15501140444756
18.7 95.15501093956902
18.8 95.15501050196774
18.9 95.15501009164373
19 95.15500970859699
19.1 95.15500935282751
19.2 95.1550090243353
19.3 95.15500872312035
19.40000000000001 95.15500844918266
19.50000000000001 95.15500820252224
19.60000000000001 95.1550079831391
19.70000000000001 95.1550077910332
19.80000000000001 95.15500762620458
19.90000000000001 95.15500748865323
20.00000000000001 95.15500737837914
20.10000000000002 95.1550072953823
20.20000000000002 95.15500723966275
20.30000000000002 95.15500721122045
20.40000000000002 95.15500721005543
20.50000000000002 95.15500723616766
20.60000000000002 95.15500728955716
20.70000000000002 95.15500737022393
20.80000000000003 95.15500747816796
20.90000000000003 95.15500761338926
21.00000000000003 95.15500777588781
21.10000000000003 95.15500796566364
21.20000000000003 95.15500806872389
21.30000000000003 95.15500799728112
21.40000000000003 95.15500793297663
21.50000000000004 95.15500787581041
21.60000000000004 95.15500782578249
21.70000000000004 95.15500778289284
21.80000000000004 95.15500774714147
21.90000000000004 95.15500771852838
22.00000000000004 95.15500769705356
22.10000000000004 95.15500768271704
22.20000000000005 95.15500767551879
22.30000000000005 95.15500767545882
22.40000000000005 95.15500768253713
22.50000000000005 95.15500769675373
22.60000000000005 95.15500771810859
22.70000000000005 95.15500774660175
22.80000000000005 95.15500778223318
22.90000000000006 95.1550078250029
23.00000000000006 95.15500787491089
23.10000000000006 95.15500793195717
23.20000000000006 95.15500799614172
23.30000000000006 95.15500806746455
23.40000000000006 95.15500814592568
23.50000000000006 95.15500823152507
23.60000000000007 95.15500832426274
23.70000000000007 95.1550084241387
23.80000000000007 95.15500853115293
23.90000000000007 95.15500864530546
24.00000000000007 95.15500876659625
24.10000000000007 95.15500889502533
24.20000000000007 95.15500889078686
24.30000000000008 95.15500892489393
24.40000000000008 95.15500895900102
24.50000000000008 95.15500899310811
24.60000000000008 95.15500902721519
24.70000000000008 95.15500906132227
24.80000000000008 95.15500909542936
24.90000000000008 95.15500912953644
25.00000000000009 95.15500916364353
25.10000000000009 95.15500919775062
25.20000000000009 95.15500923185769
25.30000000000009 95.15500926596478
25.40000000000009 95.15500930007187
25.50000000000009 95.15500933417894
25.60000000000009 95.15500936828603
25.7000000000001 95.15500940239312
25.8000000000001 95.15500943650019
25.9000000000001 95.15500947060728
26.0000000000001 95.15500950471437
26.1000000000001 95.15500953882145
26.2000000000001 95.15500957292853
26.3000000000001 95.15500960703562
26.40000000000011 95.1550096411427
26.50000000000011 95.15500967524979
26.60000000000011 95.15500970935688
26.70000000000011 95.15500974346395
26.80000000000011 95.15500977757104
26.90000000000011 95.15500981167813
27.00000000000011 95.1550098457852
27.10000000000012 95.15500987430357
27.20000000000012 95.15500987536802
27.30000000000012 95.15500987643246
27.40000000000012 95.15500987749691
27.50000000000012 95.15500987856136
27.60000000000012 95.15500987962581
27.70000000000012 95.15500988069026
27.80000000000013 95.15500988175471
27.90000000000013 95.15500988281914
28.00000000000013 95.15500988388359
28.10000000000013 95.15500988494804
28.20000000000013 95.15500988601249
28.30000000000013 95.15500988707694
28.40000000000013 95.15500988814139
28.50000000000014 95.15500988920583
28.60000000000014 95.15500989027028
28.70000000000014 95.15500989133473
28.80000000000014 95.15500989239918
28.90000000000014 95.15500989346363
29.00000000000014 95.15500989452808
29.10000000000014 95.15500989559251
29.20000000000014 95.15500989665696
29.30000000000015 95.15500989772141
29.40000000000015 95.15500989878586
29.50000000000015 95.15500989985031
29.60000000000015 95.15500990091476
29.70000000000015 95.1550099019792
29.80000000000015 95.15500990304365
29.90000000000015 95.1550099041081
30.00000000000016 95.15500990517255
30.10000000000016 95.155009906237
30.20000000000016 95.15500990730145
30.30000000000016 95.15500990836588
30.40000000000016 95.15500990943033
30.50000000000016 95.15500991049478
30.60000000000016 95.15500991155923
30.70000000000017 95.15500991262368
30.80000000000017 95.15500991368813
30.90000000000017 95.15500991475257
31.00000000000017 95.15500991581702
31.10000000000017 95.15500991688147
31.20000000000017 95.15500991794592
31.30000000000017 95.15500991901037
31.40000000000018 95.15500992007482
31.50000000000018 95.15500992113925
31.60000000000018 95.1550099222037
31.70000000000018 95.15500992326815
31.80000000000018 95.1550099243326
31.90000000000018 95.15500992539705
32.00000000000018 95.15500992646149
32.10000000000019 95.15500992752594
32.20000000000019 95.15500992859039
32.30000000000019 95.15500992965484
32.40000000000019 95.15500993071929
32.50000000000019 95.15500993178374
32.60000000000019 95.15500993284817
32.70000000000019 95.15500993391262
32.8000000000002 95.15500993497707
32.9000000000002 95.15500993604152
33.0000000000002 95.15500993710597
33.1000000000002 95.15500993817042
33.2000000000002 95.15500993923486
33.3000000000002 95.15500994029931
33.4000000000002 95.15500994136376
33.50000000000021 95.15500994242821
33.60000000000021 95.15500994349266
33.70000000000021 95.15500994455711
33.80000000000021 95.15500994562154
33.90000000000021 95.15500994668599
34.00000000000021 95.15500994775044
34.10000000000021 95.15500994881489
34.20000000000022 95.15500994987934
34.30000000000022 95.15500995094379
34.40000000000022 95.15500995200823
34.50000000000022 95.15500995307268
34.60000000000022 95.15500995413713
34.70000000000022 95.15500995520158
34.80000000000022 95.15500995626603
34.90000000000023 95.15500995733048
35.00000000000023 95.15500995839491
35.10000000000023 95.15500995945936
35.20000000000023 95.15500996052381
35.30000000000023 95.15500996158826
35.40000000000023 95.15500996265271
35.50000000000023 95.15500996371716
35.60000000000024 95.1550099647816
35.70000000000024 95.15500996584605
35.80000000000024 95.1550099669105
35.90000000000024 95.15500996797495
36.00000000000024 95.1550099690394
36.10000000000024 95.15500997010385
36.20000000000024 95.15500997116828
36.30000000000025 95.15500997223273
36.40000000000025 95.15500997329718
36.50000000000025 95.15500997436163
36.60000000000025 95.15500997542608
36.70000000000025 95.15500997649053
36.80000000000025 95.15500997755497
36.90000000000025 95.15500997861942
37.00000000000026 95.15500997968387
37.10000000000026 95.15500998074832
37.20000000000026 95.15500998181277
37.30000000000026 95.15500998287722
37.40000000000026 95.15500998394165
37.50000000000026 95.1550099850061
37.60000000000026 95.15500998607055
37.70000000000027 95.155009987135
37.80000000000027 95.15500998819945
37.90000000000027 95.1550099892639
38.00000000000027 95.15500999032834
38.10000000000027 95.15500999139279
38.20000000000027 95.15500999245724
38.30000000000027 95.15500999352169
38.40000000000028 95.15500999458614
38.50000000000028 95.15500999565057
38.60000000000028 95.15500999671502
38.70000000000028 95.15500999777947
38.80000000000028 95.15500999884392
38.90000000000028 95.15500999990837
39.00000000000028 95.15501000097282
39.10000000000029 95.15501000203726
39.20000000000029 95.15501000310171
39.30000000000029 95.15501000416616
39.40000000000029 95.15501000523061
39.50000000000029 95.15501000629506
39.60000000000029 95.15501000735951
39.70000000000029 95.15501000842394
39.8000000000003 95.15501000948839
39.9000000000003 95.15501001055284
40.0000000000003 95.15501001161729
40.1000000000003 95.15501001268174
40.2000000000003 95.15501001374619
40.3000000000003 95.15501001481063
40.4000000000003 95.15501001587508
40.50000000000031 95.15501001693953
40.60000000000031 95.15501001800398
40.70000000000031 95.15501001906843
40.80000000000031 95.15501002013288
40.90000000000031 95.15501002119731
41.00000000000031 95.15501002226176
41.10000000000031 95.15501002332621
41.20000000000032 95.15501002439066
41.30000000000032 95.15501002545511
41.40000000000032 95.15501002651956
41.50000000000032 95.155010027584
41.60000000000032 95.15501002864845
41.70000000000032 95.1550100297129
41.80000000000032 95.15501003077735
41.90000000000033 95.1550100318418
42.00000000000033 95.15501003290625
42.10000000000033 95.15501003397068
42.20000000000033 95.15501003503513
42.30000000000033 95.15501003609958
42.40000000000033 95.15501003716403
42.50000000000033 95.15501003822848
42.60000000000034 95.15501003929293
42.70000000000034 95.15501004035737
42.80000000000034 95.15501004142182
42.90000000000034 95.15501004248627
43.00000000000034 95.15501004355072
43.10000000000034 95.15501004461517
43.20000000000034 95.15501004567962
43.30000000000035 95.15501004674405
43.40000000000035 95.1550100478085
43.50000000000035 95.15501004887295
43.60000000000035 95.1550100499374
43.70000000000035 95.15501005100185
43.80000000000035 95.1550100520663
43.90000000000035 95.15501005313074
44.00000000000036 95.15501005419519
44.10000000000036 95.15501005525964
44.20000000000036 95.15501005632409
44.30000000000036 95.15501005738854
44.40000000000036 95.15501005845299
44.50000000000036 95.15501005951742
44.60000000000036 95.15501006058187
44.70000000000037 95.15501006164632
44.80000000000037 95.15501006271077
44.90000000000037 95.15501006377522
45.00000000000037 95.15501006483966
45.10000000000037 95.15501006590411
45.20000000000037 95.15501006696856
45.30000000000037 95.15501006803301
45.40000000000038 95.15501006909746
45.50000000000038 95.15501007016191
45.60000000000038 95.15501007122634
45.70000000000038 95.15501007229079
45.80000000000038 95.15501007335524
45.90000000000038 95.15501007441969
46.00000000000038 95.15501007548414
46.10000000000039 95.15501007654859
46.20000000000039 95.15501007761303
46.30000000000039 95.15501007867748
46.40000000000039 95.15501007974193
46.50000000000039 95.15501008080638
46.60000000000039 95.15501008187083
46.70000000000039 95.15501008293528
46.8000000000004 95.15501008399971
46.9000000000004 95.15501008506416
47.0000000000004 95.15501008612861
47.1000000000004 95.15501008719306
47.2000000000004 95.15501008825751
47.3000000000004 95.15501008932196
47.4000000000004 95.1550100903864
47.50000000000041 95.15501009145085
47.60000000000041 95.1550100925153
47.70000000000041 95.15501009357975
47.80000000000041 95.1550100946442
47.90000000000041 95.15501009570865
48.00000000000041 95.15501009677308
48.10000000000041 95.15501009783753
48.20000000000041 95.15501009890198
48.30000000000042 95.15501009996643
48.40000000000042 95.15501010103088
48.50000000000042 95.15501010209533
48.60000000000042 95.15501010315977
48.70000000000042 95.15501010422422
48.80000000000042 95.15501010528867
48.90000000000042 95.15501010635312
49.00000000000043 95.15501010741757
49.10000000000043 95.15501010848202
49.20000000000043 95.15501010954645
49.30000000000043 95.1550101106109
49.40000000000043 95.15501011167535
49.50000000000043 95.1550101127398
49.60000000000043 95.15501011380425
49.70000000000044 95.1550101148687
49.80000000000044 95.15501011593314
49.90000000000044 95.15501011699759