Time X1
0 250
0.1 250.2466679277102
0.2 250.51596434142
0.3 250.8100557438904
0.4 251.131033325249
0.5 251.4817783376038
0.6 251.8650036531266
0.7 252.2837772013239
0.7999999999999999 252.7414818788579
0.8999999999999999 253.2418038872322
0.9999999999999999 253.7888220462713
1.1 254.3870756830203
1.2 255.0415741817064
1.3 255.7578278980046
1.4 256.5419152995339
1.5 257.4005890237999
1.6 258.3412212026228
1.7 259.3720874393931
1.8 260.5022674142531
1.900000000000001 261.741997663996
2 263.1024756639673
2.100000000000001 264.5961682963054
2.200000000000001 266.237101345666
2.300000000000001 268.040753530917
2.400000000000001 270.0244665300422
2.500000000000001 272.2076018358958
2.600000000000001 274.6117531766949
2.700000000000001 277.2609691211844
2.800000000000001 280.1820419448866
2.900000000000001 283.4049319650325
3.000000000000001 286.9628715827398
3.100000000000001 290.8927562434002
3.200000000000002 295.2353998732509
3.300000000000002 300.0355649435019
3.400000000000002 305.3419393252348
3.500000000000002 311.2074343088739
3.600000000000002 317.6875355963845
3.700000000000002 324.8399133449201
3.800000000000002 332.7220465237045
3.900000000000002 341.3892319950522
4.000000000000002 350.8884965828822
4.100000000000001 361.2540063649733
4.200000000000001 372.4991444323784
4.300000000000001 384.6071228057169
4.4 397.5205655834025
4.5 411.1322139388142
4.6 425.2780560503606
4.699999999999999 439.7351121045711
4.799999999999999 454.2315312685357
4.899999999999999 468.4623384816434
4.999999999999998 482.1169564329689
5.099999999999998 494.9106174444194
5.199999999999998 506.6135754118794
5.299999999999997 517.0715263311461
5.399999999999997 526.2130463736826
5.499999999999996 534.0440581349015
5.599999999999996 540.6327877221026
5.699999999999996 546.090253590581
5.799999999999995 550.5509144853668
5.899999999999995 554.1565398605632
5.999999999999995 557.0445710005901
6.099999999999994 559.3405572693897
6.199999999999994 561.1550171091992
6.299999999999994 562.5821802065216
6.399999999999993 563.7004934789085
6.499999999999993 564.574201028953
6.599999999999993 565.2552264675999
6.699999999999992 565.7850932470022
6.799999999999992 566.1967589412516
6.899999999999991 566.5162487445236
6.999999999999991 566.7639884225515
7.099999999999991 566.9559706880448
7.19999999999999 567.1046618641985
7.29999999999999 567.2197829712197
7.39999999999999 567.3088601141104
7.499999999999989 567.3777930164314
7.599999999999989 567.4311260884225
7.699999999999989 567.47242176258
7.799999999999988 567.5043240677862
7.899999999999988 567.5289826350372
7.999999999999988 567.5480344345519
8.099999999999987 567.5627848579326
8.199999999999987 567.5741764603248
8.299999999999986 567.582975650557
8.399999999999986 567.5897685630638
8.499999999999986 567.5950171825601
8.599999999999985 567.599095883303
8.699999999999985 567.6022804167703
8.799999999999985 567.6048927540257
8.899999999999984 567.6066671389344
8.999999999999984 567.608120091394
9.099999999999984 567.6092790120359
9.199999999999983 567.6101586300697
9.299999999999983 567.6108146571868
9.399999999999983 567.6113185199986
9.499999999999982 567.6116900552988
9.599999999999982 567.6119858770796
9.699999999999982 567.6122130571289
9.799999999999981 567.6123957144692
9.899999999999981 567.6125388478723
9.99999999999998 567.6126526838901
10.09999999999998 567.6127416811945
10.19999999999998 567.6128108104407
10.29999999999998 567.6128651091238
10.39999999999998 567.6129064598606
10.49999999999998 567.6129392797992
10.59999999999998 567.6129642622623
10.69999999999998 567.6129841526815
10.79999999999998 567.6129994454038
10.89999999999998 567.6130115465096
10.99999999999998 567.6130209549706
11.09999999999998 567.6130282977728
11.19999999999998 567.6130340757777
11.29999999999998 567.6130416517321
11.39999999999998 567.6130489408807
11.49999999999998 567.6130552780223
11.59999999999997 567.6130606631568
11.69999999999997 567.6130650962843
11.79999999999997 567.6130685774048
11.89999999999997 567.6130711065183
11.99999999999997 567.6130726836246
12.09999999999997 567.6130733087241
12.19999999999997 567.6130729818165
12.29999999999997 567.6130717029018
12.39999999999997 567.6130694719801
12.49999999999997 567.6130677678058
12.59999999999997 567.6130686502081
12.69999999999997 567.6130692898181
12.79999999999997 567.6130696866358
12.89999999999997 567.6130698406608
12.99999999999997 567.6130697518936
13.09999999999997 567.6130694203339
13.19999999999997 567.6130688459818
13.29999999999997 567.6130680288373
13.39999999999997 567.6130669689004
13.49999999999997 567.613065666171
13.59999999999997 567.6130641206493
13.69999999999997 567.6130623323351
13.79999999999997 567.6130617654934
13.89999999999997 567.6130612928703
13.99999999999997 567.6130608202471
14.09999999999997 567.6130603476239
14.19999999999997 567.6130598750008
14.29999999999997 567.6130594023776
14.39999999999996 567.6130589297544
14.49999999999996 567.6130584571313
14.59999999999996 567.6130579845081
14.69999999999996 567.613057511885
14.79999999999996 567.6130570392618
14.89999999999996 567.6130565666386
14.99999999999996 567.6130562443296
15.09999999999996 567.6130562300774
15.19999999999996 567.6130562158253
15.29999999999996 567.613056201573
15.39999999999996 567.6130561873208
15.49999999999996 567.6130561730687
15.59999999999996 567.6130561588164
15.69999999999996 567.6130561445643
15.79999999999996 567.6130561303121
15.89999999999996 567.61305611606
15.99999999999996 567.6130561018077
16.09999999999996 567.6130560875555
16.19999999999996 567.6130560733034
16.29999999999996 567.6130560590511
16.39999999999996 567.613056044799
16.49999999999996 567.6130560305468
16.59999999999997 567.6130560162946
16.69999999999997 567.6130560020424
16.79999999999997 567.6130559877902
16.89999999999997 567.6130559735381
16.99999999999997 567.6130559592858
17.09999999999997 567.6130559450337
17.19999999999997 567.6130559307815
17.29999999999998 567.6130559165293
17.39999999999998 567.6130559022771
17.49999999999998 567.6130558880249
17.59999999999998 567.6130558737727
17.69999999999998 567.6130558595205
17.79999999999998 567.6130558452684
17.89999999999998 567.6130558310161
17.99999999999999 567.613055816764
18.09999999999999 567.6130558025118
18.19999999999999 567.6130557882595
18.29999999999999 567.6130557740074
18.39999999999999 567.6130557597552
18.49999999999999 567.6130557455031
18.59999999999999 567.6130557312508
18.7 567.6130557169987
18.8 567.6130557027465
18.9 567.6130556884942
19 567.6130556742421
19.1 567.6130556599899
19.2 567.6130556457377
19.3 567.6130556314855
19.40000000000001 567.6130556172334
19.50000000000001 567.6130556029811
19.60000000000001 567.6130555887289
19.70000000000001 567.6130555744768
19.80000000000001 567.6130555602246
19.90000000000001 567.6130555459724
20.00000000000001 567.6130555317202
20.10000000000002 567.6130555174681
20.20000000000002 567.6130555032158
20.30000000000002 567.6130554889636
20.40000000000002 567.6130554747115
20.50000000000002 567.6130554604592
20.60000000000002 567.6130554462071
20.70000000000002 567.6130554319549
20.80000000000003 567.6130554177028
20.90000000000003 567.6130554034505
21.00000000000003 567.6130553891983
21.10000000000003 567.6130553749462
21.20000000000003 567.6130553606939
21.30000000000003 567.6130553464418
21.40000000000003 567.6130553321896
21.50000000000004 567.6130553179374
21.60000000000004 567.6130553036852
21.70000000000004 567.613055289433
21.80000000000004 567.6130552751808
21.90000000000004 567.6130552609286
22.00000000000004 567.6130552466765
22.10000000000004 567.6130552324242
22.20000000000005 567.6130552181721
22.30000000000005 567.6130552039199
22.40000000000005 567.6130551896676
22.50000000000005 567.6130551754155
22.60000000000005 567.6130551611633
22.70000000000005 567.6130551469112
22.80000000000005 567.6130551326589
22.90000000000006 567.6130551184068
23.00000000000006 567.6130551041546
23.10000000000006 567.6130550899024
23.20000000000006 567.6130550756502
23.30000000000006 567.613055061398
23.40000000000006 567.6130550471458
23.50000000000006 567.6130550328936
23.60000000000007 567.6130550186415
23.70000000000007 567.6130550043893
23.80000000000007 567.6130549901371
23.90000000000007 567.6130549758849
24.00000000000007 567.6130549616327
24.10000000000007 567.6130549473805
24.20000000000007 567.6130549331283
24.30000000000008 567.6130549188762
24.40000000000008 567.6130549046239
24.50000000000008 567.6130548903718
24.60000000000008 567.6130548761196
24.70000000000008 567.6130548618673
24.80000000000008 567.6130548476152
24.90000000000008 567.613054833363
25.00000000000009 567.6130548191109
25.10000000000009 567.6130548048586
25.20000000000009 567.6130547906065
25.30000000000009 567.6130547763543
25.40000000000009 567.613054762102
25.50000000000009 567.6130547478499
25.60000000000009 567.6130547335977
25.7000000000001 567.6130547193455
25.8000000000001 567.6130547050933
25.9000000000001 567.6130546908412
26.0000000000001 567.6130546765889
26.1000000000001 567.6130546623367
26.2000000000001 567.6130546480846
26.3000000000001 567.6130546338323
26.40000000000011 567.6130546195802
26.50000000000011 567.613054605328
26.60000000000011 567.6130545910759
26.70000000000011 567.6130545768236
26.80000000000011 567.6130545625714
26.90000000000011 567.6130545483193
27.00000000000011 567.613054534067
27.10000000000012 567.6130545198149
27.20000000000012 567.6130545055627
27.30000000000012 567.6130544913105
27.40000000000012 567.6130544770583
27.50000000000012 567.6130544675286
27.60000000000012 567.6130544670988
27.70000000000012 567.6130544666689
27.80000000000013 567.613054466239
27.90000000000013 567.6130544658091
28.00000000000013 567.6130544653793
28.10000000000013 567.6130544649494
28.20000000000013 567.6130544645195
28.30000000000013 567.6130544640896
28.40000000000013 567.6130544636598
28.50000000000014 567.6130544632299
28.60000000000014 567.6130544628001
28.70000000000014 567.6130544623701
28.80000000000014 567.6130544619402
28.90000000000014 567.6130544615104
29.00000000000014 567.6130544610805
29.10000000000014 567.6130544606506
29.20000000000014 567.6130544602207
29.30000000000015 567.6130544597909
29.40000000000015 567.613054459361
29.50000000000015 567.6130544589311
29.60000000000015 567.6130544585012
29.70000000000015 567.6130544580714
29.80000000000015 567.6130544576415
29.90000000000015 567.6130544572117
30.00000000000016 567.6130544567817
30.10000000000016 567.6130544563518
30.20000000000016 567.613054455922
30.30000000000016 567.6130544554921
30.40000000000016 567.6130544550622
30.50000000000016 567.6130544546323
30.60000000000016 567.6130544542025
30.70000000000017 567.6130544537726
30.80000000000017 567.6130544533427
30.90000000000017 567.6130544529128
31.00000000000017 567.613054452483
31.10000000000017 567.6130544520531
31.20000000000017 567.6130544516233
31.30000000000017 567.6130544511933
31.40000000000018 567.6130544507635
31.50000000000018 567.6130544503336
31.60000000000018 567.6130544499038
31.70000000000018 567.6130544494738
31.80000000000018 567.6130544490439
31.90000000000018 567.6130544486141
32.00000000000018 567.6130544481842
32.10000000000019 567.6130544477543
32.20000000000019 567.6130544473244
32.30000000000019 567.6130544468946
32.40000000000019 567.6130544464647
32.50000000000019 567.6130544460349
32.60000000000019 567.6130544456049
32.70000000000019 567.6130544451751
32.8000000000002 567.6130544447452
32.9000000000002 567.6130544443154
33.0000000000002 567.6130544438854
33.1000000000002 567.6130544434556
33.2000000000002 567.6130544430257
33.3000000000002 567.6130544425959
33.4000000000002 567.6130544421659
33.50000000000021 567.613054441736
33.60000000000021 567.6130544413062
33.70000000000021 567.6130544408763
33.80000000000021 567.6130544404465
33.90000000000021 567.6130544400165
34.00000000000021 567.6130544395867
34.10000000000021 567.6130544391568
34.20000000000022 567.613054438727
34.30000000000022 567.613054438297
34.40000000000022 567.6130544378672
34.50000000000022 567.6130544374373
34.60000000000022 567.6130544370075
34.70000000000022 567.6130544365775
34.80000000000022 567.6130544361476
34.90000000000023 567.6130544357178
35.00000000000023 567.6130544352879
35.10000000000023 567.6130544348581
35.20000000000023 567.6130544344281
35.30000000000023 567.6130544339983
35.40000000000023 567.6130544335684
35.50000000000023 567.6130544331386
35.60000000000024 567.6130544327086
35.70000000000024 567.6130544322788
35.80000000000024 567.6130544318489
35.90000000000024 567.6130544314191
36.00000000000024 567.6130544309891
36.10000000000024 567.6130544305593
36.20000000000024 567.6130544301294
36.30000000000025 567.6130544296996
36.40000000000025 567.6130544292697
36.50000000000025 567.6130544288397
36.60000000000025 567.6130544284099
36.70000000000025 567.61305442798
36.80000000000025 567.6130544275502
36.90000000000025 567.6130544271202
37.00000000000026 567.6130544266904
37.10000000000026 567.6130544262605
37.20000000000026 567.6130544258307
37.30000000000026 567.6130544254007
37.40000000000026 567.6130544249709
37.50000000000026 567.613054424541
37.60000000000026 567.6130544241112
37.70000000000027 567.6130544236813
37.80000000000027 567.6130544232514
37.90000000000027 567.6130544228215
38.00000000000027 567.6130544223917
38.10000000000027 567.6130544219618
38.20000000000027 567.6130544215318
38.30000000000027 567.613054421102
38.40000000000028 567.6130544206721
38.50000000000028 567.6130544202423
38.60000000000028 567.6130544198123
38.70000000000028 567.6130544193825
38.80000000000028 567.6130544189526
38.90000000000028 567.6130544185228
39.00000000000028 567.6130544180929
39.10000000000029 567.613054417663
39.20000000000029 567.6130544172331
39.30000000000029 567.6130544168033
39.40000000000029 567.6130544163734
39.50000000000029 567.6130544159435
39.60000000000029 567.6130544155136
39.70000000000029 567.6130544150838
39.8000000000003 567.6130544146539
39.9000000000003 567.6130544142239
40.0000000000003 567.6130544139464
40.1000000000003 567.6130544139451
40.2000000000003 567.6130544139438
40.3000000000003 567.6130544139425
40.4000000000003 567.6130544139411
40.50000000000031 567.6130544139397
40.60000000000031 567.6130544139385
40.70000000000031 567.6130544139371
40.80000000000031 567.6130544139357
40.90000000000031 567.6130544139345
41.00000000000031 567.6130544139331
41.10000000000031 567.6130544139318
41.20000000000032 567.6130544139304
41.30000000000032 567.6130544139291
41.40000000000032 567.6130544139278
41.50000000000032 567.6130544139264
41.60000000000032 567.6130544139251
41.70000000000032 567.6130544139238
41.80000000000032 567.6130544139224
41.90000000000033 567.6130544139211
42.00000000000033 567.6130544139198
42.10000000000033 567.6130544139185
42.20000000000033 567.6130544139171
42.30000000000033 567.6130544139157
42.40000000000033 567.6130544139145
42.50000000000033 567.6130544139131
42.60000000000034 567.6130544139118
42.70000000000034 567.6130544139104
42.80000000000034 567.6130544139091
42.90000000000034 567.6130544139078
43.00000000000034 567.6130544139064
43.10000000000034 567.6130544139052
43.20000000000034 567.6130544139038
43.30000000000035 567.6130544139024
43.40000000000035 567.6130544139011
43.50000000000035 567.6130544138998
43.60000000000035 567.6130544138985
43.70000000000035 567.6130544138971
43.80000000000035 567.6130544138957
43.90000000000035 567.6130544138945
44.00000000000036 567.6130544138931
44.10000000000036 567.6130544138917
44.20000000000036 567.6130544138905
44.30000000000036 567.6130544138891
44.40000000000036 567.6130544138878
44.50000000000036 567.6130544138864
44.60000000000036 567.6130544138852
44.70000000000037 567.6130544138838
44.80000000000037 567.6130544138824
44.90000000000037 567.6130544138811
45.00000000000037 567.6130544138798
45.10000000000037 567.6130544138784
45.20000000000037 567.6130544138771
45.30000000000037 567.6130544138758
45.40000000000038 567.6130544138745
45.50000000000038 567.6130544138731
45.60000000000038 567.6130544138717
45.70000000000038 567.6130544138705
45.80000000000038 567.6130544138691
45.90000000000038 567.6130544138678
46.00000000000038 567.6130544138664
46.10000000000039 567.6130544138651
46.20000000000039 567.6130544138638
46.30000000000039 567.6130544138624
46.40000000000039 567.6130544138612
46.50000000000039 567.6130544138598
46.60000000000039 567.6130544138584
46.70000000000039 567.6130544138571
46.8000000000004 567.6130544138558
46.9000000000004 567.6130544138545
47.0000000000004 567.6130544138531
47.1000000000004 567.6130544138517
47.2000000000004 567.6130544138505
47.3000000000004 567.6130544138491
47.4000000000004 567.6130544138477
47.50000000000041 567.6130544138465
47.60000000000041 567.6130544138451
47.70000000000041 567.6130544138438
47.80000000000041 567.6130544138424
47.90000000000041 567.6130544138412
48.00000000000041 567.6130544138398
48.10000000000041 567.6130544138384
48.20000000000041 567.6130544138371
48.30000000000042 567.6130544138358
48.40000000000042 567.6130544138344
48.50000000000042 567.6130544138331
48.60000000000042 567.6130544138318
48.70000000000042 567.6130544138305
48.80000000000042 567.6130544138291
48.90000000000042 567.6130544138277
49.00000000000043 567.6130544138265
49.10000000000043 567.6130544138251
49.20000000000043 567.6130544138238
49.30000000000043 567.6130544138224
49.40000000000043 567.6130544138211
49.50000000000043 567.6130544138198
49.60000000000043 567.6130544138184
49.70000000000044 567.6130544138172
49.80000000000044 567.6130544138158
49.90000000000044 567.6130544138144