Time X1
0 250
0.1 230.7836916752432
0.2 211.6001489141487
0.3 192.7354447278325
0.4 174.5222519036878
0.5 157.3048303011746
0.6 141.3982004745758
0.7 127.0485176371447
0.7999999999999999 114.4059901095681
0.8999999999999999 103.51625313085
0.9999999999999999 94.32897663242423
1.1 86.71980417465291
1.2 80.51741870227572
1.3 75.52937607946166
1.4 71.56236858920741
1.5 68.43573469812073
1.6 65.9892650793106
1.7 64.08593900600334
1.8 62.61185300833531
1.900000000000001 61.4742343075378
2 60.59865658430288
2.100000000000001 59.92617026188965
2.200000000000001 59.41053279374888
2.300000000000001 59.01564852635692
2.400000000000001 58.71353246363254
2.500000000000001 58.48256361185712
2.600000000000001 58.30608512956917
2.700000000000001 58.17129980119628
2.800000000000001 58.06838995729196
2.900000000000001 57.98983611189191
3.000000000000001 57.92988683408795
3.100000000000001 57.88414272818601
3.200000000000002 57.84924419718546
3.300000000000002 57.82261601692296
3.400000000000002 57.80230180339972
3.500000000000002 57.78680710177809
3.600000000000002 57.77498899504073
3.700000000000002 57.76597338940806
3.800000000000002 57.75909687134681
3.900000000000002 57.75385278496023
4.000000000000002 57.74985421460612
4.100000000000001 57.74680059212904
4.200000000000001 57.74446992388728
4.300000000000001 57.74269545162828
4.4 57.74134496351282
4.5 57.74031515619584
4.6 57.73952856783179
4.699999999999999 57.73892840848912
4.799999999999999 57.73847181956294
4.899999999999999 57.73812426259601
4.999999999999998 57.73785998968426
5.099999999999998 57.73765591161968
5.199999999999998 57.7374979836802
5.299999999999997 57.73736836914738
5.399999999999997 57.73728364398441
5.499999999999996 57.73721503883548
5.599999999999996 57.73716119575355
5.699999999999996 57.73712114473781
5.799999999999995 57.73709183409281
5.899999999999995 57.73706978407024
5.999999999999995 57.73705361647545
6.099999999999994 57.73704089262331
6.199999999999994 57.7370311779165
6.299999999999994 57.73702342817194
6.399999999999993 57.73701745852662
6.499999999999993 57.73701274452775
6.599999999999993 57.73700917413944
6.699999999999992 57.7370063838318
6.799999999999992 57.73700428744198
6.899999999999991 57.73700265620567
6.999999999999991 57.73700141987707
7.099999999999991 57.73700045948947
7.19999999999999 57.73699967264829
7.29999999999999 57.73699864825901
7.39999999999999 57.73699776216885
7.499999999999989 57.73699701437779
7.599999999999989 57.73699640488584
7.699999999999989 57.736995933693
7.799999999999988 57.73699560079926
7.899999999999988 57.73699540620463
7.999999999999988 57.73699534990911
8.099999999999987 57.7369954319127
8.199999999999987 57.73699565221538
8.299999999999986 57.73699579674136
8.399999999999986 57.7369956687662
8.499999999999986 57.73699557906261
8.599999999999985 57.73699552763059
8.699999999999985 57.73699551447014
8.799999999999985 57.73699553958127
8.899999999999984 57.73699560296397
8.999999999999984 57.73699570461825
9.099999999999984 57.7369958445441
9.199999999999983 57.73699602274152
9.299999999999983 57.73699623921052
9.399999999999983 57.73699627111974
9.499999999999982 57.73699634146215
9.599999999999982 57.73699641180458
9.699999999999982 57.73699648214699
9.799999999999981 57.73699655248942
9.899999999999981 57.73699662283183
9.99999999999998 57.73699669317426
10.09999999999998 57.73699676351667
10.19999999999998 57.7369968338591
10.29999999999998 57.73699690420151
10.39999999999998 57.73699697454393
10.49999999999998 57.73699698107396
10.59999999999998 57.73699698341478
10.69999999999998 57.7369969857556
10.79999999999998 57.73699698809642
10.89999999999998 57.73699699043724
10.99999999999998 57.73699699277805
11.09999999999998 57.73699699511887
11.19999999999998 57.73699699745969
11.29999999999998 57.73699699980051
11.39999999999998 57.73699700214133
11.49999999999998 57.73699700448215
11.59999999999997 57.73699700682297
11.69999999999997 57.73699700916379
11.79999999999997 57.73699701150461
11.89999999999997 57.73699701384542
11.99999999999997 57.73699701618624
12.09999999999997 57.73699701852706
12.19999999999997 57.73699702086788
12.29999999999997 57.73699702320869
12.39999999999997 57.73699702554951
12.49999999999997 57.73699702789033
12.59999999999997 57.73699703023115
12.69999999999997 57.73699703257197
12.79999999999997 57.73699703491278
12.89999999999997 57.7369970372536
12.99999999999997 57.73699703959442
13.09999999999997 57.73699704193524
13.19999999999997 57.73699704427606
13.29999999999997 57.73699704661688
13.39999999999997 57.7369970489577
13.49999999999997 57.73699705129852
13.59999999999997 57.73699705363934
13.69999999999997 57.73699705598015
13.79999999999997 57.73699705832097
13.89999999999997 57.73699706066179
13.99999999999997 57.7369970630026
14.09999999999997 57.73699706534342
14.19999999999997 57.73699706768424
14.29999999999997 57.73699707002506
14.39999999999996 57.73699707236588
14.49999999999996 57.7369970747067
14.59999999999996 57.73699707704751
14.69999999999996 57.73699707938833
14.79999999999996 57.73699708172915
14.89999999999996 57.73699708406997
14.99999999999996 57.73699708641079
15.09999999999996 57.73699708875161
15.19999999999996 57.73699709109243
15.29999999999996 57.73699709343325
15.39999999999996 57.73699709577406
15.49999999999996 57.73699709811488
15.59999999999996 57.7369971004557
15.69999999999996 57.73699710279651
15.79999999999996 57.73699710513733
15.89999999999996 57.73699710747815
15.99999999999996 57.73699710981897
16.09999999999996 57.73699711215979
16.19999999999996 57.73699711450061
16.29999999999996 57.73699711684143
16.39999999999996 57.73699711918224
16.49999999999996 57.73699712152306
16.59999999999997 57.73699712386388
16.69999999999997 57.7369971262047
16.79999999999997 57.73699712854552
16.89999999999997 57.73699713088634
16.99999999999997 57.73699713322716
17.09999999999997 57.73699713556798
17.19999999999997 57.73699713790879
17.29999999999998 57.73699714024961
17.39999999999998 57.73699714259043
17.49999999999998 57.73699714493124
17.59999999999998 57.73699714727206
17.69999999999998 57.73699714961288
17.79999999999998 57.7369971519537
17.89999999999998 57.73699715429452
17.99999999999999 57.73699715663534
18.09999999999999 57.73699715897616
18.19999999999999 57.73699716131698
18.29999999999999 57.73699716365779
18.39999999999999 57.73699716599861
18.49999999999999 57.73699716833943
18.59999999999999 57.73699717068025
18.7 57.73699717302107
18.8 57.73699717536189
18.9 57.7369971777027
19 57.73699718004352
19.1 57.73699718238434
19.2 57.73699718472515
19.3 57.73699718706597
19.40000000000001 57.73699718940679
19.50000000000001 57.73699719174761
19.60000000000001 57.73699719408843
19.70000000000001 57.73699719642925
19.80000000000001 57.73699719877007
19.90000000000001 57.73699720111089
20.00000000000001 57.73699720345171
20.10000000000002 57.73699720579252
20.20000000000002 57.73699720813334
20.30000000000002 57.73699721047416
20.40000000000002 57.73699721281498
20.50000000000002 57.7369972151558
20.60000000000002 57.73699721749662
20.70000000000002 57.73699721983743
20.80000000000003 57.73699722217825
20.90000000000003 57.73699722451907
21.00000000000003 57.73699722685988
21.10000000000003 57.7369972292007
21.20000000000003 57.73699722994886
21.30000000000003 57.73699723002675
21.40000000000003 57.73699723010465
21.50000000000004 57.73699723018255
21.60000000000004 57.73699723026045
21.70000000000004 57.73699723033835
21.80000000000004 57.73699723041624
21.90000000000004 57.73699723049415
22.00000000000004 57.73699723057204
22.10000000000004 57.73699723064994
22.20000000000005 57.73699723072784
22.30000000000005 57.73699723080574
22.40000000000005 57.73699723088364
22.50000000000005 57.73699723096153
22.60000000000005 57.73699723103943
22.70000000000005 57.73699723111734
22.80000000000005 57.73699723119523
22.90000000000006 57.73699723127313
23.00000000000006 57.73699723135103
23.10000000000006 57.73699723142893
23.20000000000006 57.73699723150683
23.30000000000006 57.73699723158472
23.40000000000006 57.73699723166263
23.50000000000006 57.73699723174052
23.60000000000007 57.73699723181842
23.70000000000007 57.73699723189632
23.80000000000007 57.73699723197422
23.90000000000007 57.73699723205212
24.00000000000007 57.73699723213002
24.10000000000007 57.73699723220791
24.20000000000007 57.73699723228582
24.30000000000008 57.73699723236371
24.40000000000008 57.73699723244161
24.50000000000008 57.73699723251951
24.60000000000008 57.73699723259741
24.70000000000008 57.73699723267531
24.80000000000008 57.7369972327532
24.90000000000008 57.73699723283111
25.00000000000009 57.736997232909
25.10000000000009 57.7369972329869
25.20000000000009 57.7369972330648
25.30000000000009 57.7369972331427
25.40000000000009 57.7369972332206
25.50000000000009 57.7369972332985
25.60000000000009 57.73699723337639
25.7000000000001 57.7369972334543
25.8000000000001 57.73699723353219
25.9000000000001 57.73699723361009
26.0000000000001 57.73699723368799
26.1000000000001 57.73699723376589
26.2000000000001 57.73699723384379
26.3000000000001 57.73699723392168
26.40000000000011 57.73699723399959
26.50000000000011 57.73699723407749
26.60000000000011 57.73699723415538
26.70000000000011 57.73699723423328
26.80000000000011 57.73699723431118
26.90000000000011 57.73699723438908
27.00000000000011 57.73699723446698
27.10000000000012 57.73699723454487
27.20000000000012 57.73699723462278
27.30000000000012 57.73699723470067
27.40000000000012 57.73699723477857
27.50000000000012 57.73699723485647
27.60000000000012 57.73699723493437
27.70000000000012 57.73699723501227
27.80000000000013 57.73699723509016
27.90000000000013 57.73699723516807
28.00000000000013 57.73699723524597
28.10000000000013 57.73699723532386
28.20000000000013 57.73699723540176
28.30000000000013 57.73699723547966
28.40000000000013 57.73699723555756
28.50000000000014 57.73699723563546
28.60000000000014 57.73699723571335
28.70000000000014 57.73699723579126
28.80000000000014 57.73699723586915
28.90000000000014 57.73699723594705
29.00000000000014 57.73699723602495
29.10000000000014 57.73699723610285
29.20000000000014 57.73699723618075
29.30000000000015 57.73699723625865
29.40000000000015 57.73699723633655
29.50000000000015 57.73699723641445
29.60000000000015 57.73699723649234
29.70000000000015 57.73699723657024
29.80000000000015 57.73699723664814
29.90000000000015 57.73699723672604
30.00000000000016 57.73699723680394
30.10000000000016 57.73699723688184
30.20000000000016 57.73699723695974
30.30000000000016 57.73699723703763
30.40000000000016 57.73699723711553
30.50000000000016 57.73699723719344
30.60000000000016 57.73699723727133
30.70000000000017 57.73699723734923
30.80000000000017 57.73699723742713
30.90000000000017 57.73699723750503
31.00000000000017 57.73699723758293
31.10000000000017 57.73699723766082
31.20000000000017 57.73699723773872
31.30000000000017 57.73699723781662
31.40000000000018 57.73699723789452
31.50000000000018 57.73699723797242
31.60000000000018 57.73699723805032
31.70000000000018 57.73699723812822
31.80000000000018 57.73699723820611
31.90000000000018 57.73699723824759
32.00000000000018 57.73699723824785
32.10000000000019 57.73699723824812
32.20000000000019 57.73699723824839
32.30000000000019 57.73699723824866
32.40000000000019 57.73699723824893
32.50000000000019 57.73699723824919
32.60000000000019 57.73699723824946
32.70000000000019 57.73699723824973
32.8000000000002 57.73699723824999
32.9000000000002 57.73699723825026
33.0000000000002 57.73699723825052
33.1000000000002 57.73699723825079
33.2000000000002 57.73699723825106
33.3000000000002 57.73699723825133
33.4000000000002 57.7369972382516
33.50000000000021 57.73699723825186
33.60000000000021 57.73699723825213
33.70000000000021 57.7369972382524
33.80000000000021 57.73699723825266
33.90000000000021 57.73699723825293
34.00000000000021 57.7369972382532
34.10000000000021 57.73699723825347
34.20000000000022 57.73699723825374
34.30000000000022 57.736997238254
34.40000000000022 57.73699723825427
34.50000000000022 57.73699723825454
34.60000000000022 57.7369972382548
34.70000000000022 57.73699723825507
34.80000000000022 57.73699723825533
34.90000000000023 57.7369972382556
35.00000000000023 57.73699723825587
35.10000000000023 57.73699723825614
35.20000000000023 57.73699723825641
35.30000000000023 57.73699723825667
35.40000000000023 57.73699723825694
35.50000000000023 57.73699723825721
35.60000000000024 57.73699723825747
35.70000000000024 57.73699723825774
35.80000000000024 57.73699723825801
35.90000000000024 57.73699723825828
36.00000000000024 57.73699723825855
36.10000000000024 57.73699723825881
36.20000000000024 57.73699723825908
36.30000000000025 57.73699723825935
36.40000000000025 57.73699723825961
36.50000000000025 57.73699723825988
36.60000000000025 57.73699723826014
36.70000000000025 57.73699723826041
36.80000000000025 57.73699723826068
36.90000000000025 57.73699723826095
37.00000000000026 57.73699723826122
37.10000000000026 57.73699723826148
37.20000000000026 57.73699723826175
37.30000000000026 57.73699723826202
37.40000000000026 57.73699723826228
37.50000000000026 57.73699723826255
37.60000000000026 57.73699723826282
37.70000000000027 57.73699723826309
37.80000000000027 57.73699723826336
37.90000000000027 57.73699723826362
38.00000000000027 57.73699723826389
38.10000000000027 57.73699723826416
38.20000000000027 57.73699723826442
38.30000000000027 57.73699723826469
38.40000000000028 57.73699723826496
38.50000000000028 57.73699723826523
38.60000000000028 57.7369972382655
38.70000000000028 57.73699723826576
38.80000000000028 57.73699723826603
38.90000000000028 57.73699723826629
39.00000000000028 57.73699723826656
39.10000000000029 57.73699723826683
39.20000000000029 57.73699723826709
39.30000000000029 57.73699723826736
39.40000000000029 57.73699723826763
39.50000000000029 57.7369972382679
39.60000000000029 57.73699723826817
39.70000000000029 57.73699723826843
39.8000000000003 57.7369972382687
39.9000000000003 57.73699723826897
40.0000000000003 57.73699723826923
40.1000000000003 57.7369972382695
40.2000000000003 57.73699723826977
40.3000000000003 57.73699723827004
40.4000000000003 57.73699723827031
40.50000000000031 57.73699723827057
40.60000000000031 57.73699723827084
40.70000000000031 57.7369972382711
40.80000000000031 57.73699723827137
40.90000000000031 57.73699723827164
41.00000000000031 57.7369972382719
41.10000000000031 57.73699723827217
41.20000000000032 57.73699723827244
41.30000000000032 57.73699723827271
41.40000000000032 57.73699723827298
41.50000000000032 57.73699723827324
41.60000000000032 57.73699723827351
41.70000000000032 57.73699723827378
41.80000000000032 57.73699723827404
41.90000000000033 57.73699723827431
42.00000000000033 57.73699723827458
42.10000000000033 57.73699723827485
42.20000000000033 57.73699723827512
42.30000000000033 57.73699723827538
42.40000000000033 57.73699723827565
42.50000000000033 57.73699723827591
42.60000000000034 57.73699723827618
42.70000000000034 57.73699723827645
42.80000000000034 57.73699723827671
42.90000000000034 57.73699723827698
43.00000000000034 57.73699723827725
43.10000000000034 57.73699723827752
43.20000000000034 57.73699723827779
43.30000000000035 57.73699723827805
43.40000000000035 57.73699723827832
43.50000000000035 57.73699723827859
43.60000000000035 57.73699723827885
43.70000000000035 57.73699723827912
43.80000000000035 57.73699723827939
43.90000000000035 57.73699723827966
44.00000000000036 57.73699723827993
44.10000000000036 57.73699723828019
44.20000000000036 57.73699723828046
44.30000000000036 57.73699723828072
44.40000000000036 57.73699723828099
44.50000000000036 57.73699723828126
44.60000000000036 57.73699723828152
44.70000000000037 57.73699723828179
44.80000000000037 57.73699723828206
44.90000000000037 57.73699723828233
45.00000000000037 57.7369972382826
45.10000000000037 57.73699723828286
45.20000000000037 57.73699723828313
45.30000000000037 57.7369972382834
45.40000000000038 57.73699723828366
45.50000000000038 57.73699723828393
45.60000000000038 57.7369972382842
45.70000000000038 57.73699723828447
45.80000000000038 57.73699723828474
45.90000000000038 57.736997238285
46.00000000000038 57.73699723828527
46.10000000000039 57.73699723828553
46.20000000000039 57.7369972382858
46.30000000000039 57.73699723828607
46.40000000000039 57.73699723828634
46.50000000000039 57.73699723828661
46.60000000000039 57.73699723828687
46.70000000000039 57.73699723828714
46.8000000000004 57.73699723828741
46.9000000000004 57.73699723828767
47.0000000000004 57.73699723828794
47.1000000000004 57.73699723828821
47.2000000000004 57.73699723828847
47.3000000000004 57.73699723828874
47.4000000000004 57.73699723828901
47.50000000000041 57.73699723828928
47.60000000000041 57.73699723828955
47.70000000000041 57.73699723828981
47.80000000000041 57.73699723829008
47.90000000000041 57.73699723829034
48.00000000000041 57.73699723829061
48.10000000000041 57.73699723829088
48.20000000000041 57.73699723829115
48.30000000000042 57.73699723829142
48.40000000000042 57.73699723829168
48.50000000000042 57.73699723829195
48.60000000000042 57.73699723829222
48.70000000000042 57.73699723829248
48.80000000000042 57.73699723829275
48.90000000000042 57.73699723829302
49.00000000000043 57.73699723829328
49.10000000000043 57.73699723829355
49.20000000000043 57.73699723829382
49.30000000000043 57.73699723829409
49.40000000000043 57.73699723829436
49.50000000000043 57.73699723829462
49.60000000000043 57.73699723829489
49.70000000000044 57.73699723829515
49.80000000000044 57.73699723829542
49.90000000000044 57.73699723829569