Time X1
0 250
0.1 252.9875741776002
0.2 256.3305351949715
0.3 260.0791917265482
0.4 264.2909170932712
0.5 269.0328007805919
0.6 274.3832956039881
0.7 280.4337539538673
0.7999999999999999 287.290165488391
0.8999999999999999 295.0751978120074
0.9999999999999999 303.9292979292327
1.1 314.0110535946405
1.2 325.4952430759817
1.3 338.5674395220018
1.4 353.4101534109413
1.5 370.1819420547103
1.6 388.9815078333642
1.7 409.7966251573979
1.8 432.4413260160142
1.900000000000001 456.4940463394857
2 481.2681400334627
2.100000000000001 505.8468061243454
2.200000000000001 529.206077058719
2.300000000000001 550.4039553845087
2.400000000000001 568.765921356126
2.500000000000001 583.9886729363103
2.600000000000001 596.1256417261413
2.700000000000001 605.4894210827105
2.800000000000001 612.5250296006292
2.900000000000001 617.704065921652
3.000000000000001 621.4576067544252
3.100000000000001 624.147256927748
3.200000000000002 626.0586595681648
3.300000000000002 627.4089961429659
3.400000000000002 628.3589688082396
3.500000000000002 629.0252521438615
3.600000000000002 629.4916291482813
3.700000000000002 629.8175948124638
3.800000000000002 630.0451719609363
3.900000000000002 630.2039539439921
4.000000000000002 630.3146761130283
4.100000000000001 630.3918619721268
4.200000000000001 630.4456421439547
4.300000000000001 630.4831117347197
4.4 630.5092629156027
4.5 630.5274575187427
4.6 630.540100213089
4.699999999999999 630.5489332894851
4.799999999999999 630.5550480585355
4.899999999999999 630.5593202516909
4.999999999999998 630.5622871947539
5.099999999999998 630.5643525534472
5.199999999999998 630.5658274514522
5.299999999999997 630.5668952754296
5.399999999999997 630.5675776073577
5.499999999999996 630.5680776409114
5.599999999999996 630.5684157609423
5.699999999999996 630.5686441298683
5.799999999999995 630.568795601922
5.899999999999995 630.5689036849473
5.999999999999995 630.568980970663
6.099999999999994 630.5690365170726
6.199999999999994 630.5690765820289
6.299999999999994 630.5691045543177
6.399999999999993 630.569124155313
6.499999999999993 630.5691380220368
6.599999999999993 630.5691476337848
6.699999999999992 630.5691548943755
6.799999999999992 630.5691646343491
6.899999999999991 630.5691727698711
6.999999999999991 630.5691793009415
7.099999999999991 630.5691842275603
7.19999999999999 630.5691875497273
7.29999999999999 630.5691892674429
7.39999999999999 630.5691893807067
7.499999999999989 630.569187889519
7.599999999999989 630.5691847938796
7.699999999999989 630.5691840411921
7.799999999999988 630.5691848477176
7.899999999999988 630.5691852624494
7.999999999999988 630.5691852853877
8.099999999999987 630.5691849165322
8.199999999999987 630.5691841558832
8.299999999999986 630.5691830034407
8.399999999999986 630.5691814592044
8.499999999999986 630.5691795231746
8.599999999999985 630.5691774327261
8.699999999999985 630.5691768932298
8.799999999999985 630.5691763537336
8.899999999999984 630.5691758142373
8.999999999999984 630.569175274741
9.099999999999984 630.5691747352448
9.199999999999983 630.5691741957485
9.299999999999983 630.5691736562522
9.399999999999983 630.569173116756
9.499999999999982 630.5691725772597
9.599999999999982 630.5691724426296
9.699999999999982 630.5691724272716
9.799999999999981 630.5691724119138
9.899999999999981 630.5691723965558
9.99999999999998 630.569172381198
10.09999999999998 630.5691723658401
10.19999999999998 630.5691723504822
10.29999999999998 630.5691723351243
10.39999999999998 630.5691723197665
10.49999999999998 630.5691723044085
10.59999999999998 630.5691722890507
10.69999999999998 630.5691722736927
10.79999999999998 630.5691722583349
10.89999999999998 630.5691722429771
10.99999999999998 630.5691722276191
11.09999999999998 630.5691722122613
11.19999999999998 630.5691721969033
11.29999999999998 630.5691721815455
11.39999999999998 630.5691721661876
11.49999999999998 630.5691721508297
11.59999999999997 630.5691721354718
11.69999999999997 630.569172120114
11.79999999999997 630.569172104756
11.89999999999997 630.5691720893982
11.99999999999997 630.5691720740402
12.09999999999997 630.5691720586824
12.19999999999997 630.5691720433246
12.29999999999997 630.5691720279666
12.39999999999997 630.5691720126088
12.49999999999997 630.5691719972508
12.59999999999997 630.569171981893
12.69999999999997 630.5691719665351
12.79999999999997 630.5691719511772
12.89999999999997 630.5691719358193
12.99999999999997 630.5691719204615
13.09999999999997 630.5691719051035
13.19999999999997 630.5691718897457
13.29999999999997 630.5691718743877
13.39999999999997 630.5691718590299
13.49999999999997 630.5691718436721
13.59999999999997 630.5691718283141
13.69999999999997 630.5691718129563
13.79999999999997 630.5691717975983
13.89999999999997 630.5691717822405
13.99999999999997 630.5691717668826
14.09999999999997 630.5691717515247
14.19999999999997 630.5691717361668
14.29999999999997 630.569171720809
14.39999999999996 630.569171705451
14.49999999999996 630.5691716900932
14.59999999999996 630.5691716747352
14.69999999999996 630.5691716593774
14.79999999999996 630.5691716440195
14.89999999999996 630.5691716286616
14.99999999999996 630.5691716133038
15.09999999999996 630.5691715979458
15.19999999999996 630.569171582588
15.29999999999996 630.5691715672301
15.39999999999996 630.5691715518722
15.49999999999996 630.5691715365143
15.59999999999996 630.5691715211565
15.69999999999996 630.5691715057985
15.79999999999996 630.5691714904407
15.89999999999996 630.5691714750827
15.99999999999996 630.5691714597249
16.09999999999996 630.569171444367
16.19999999999996 630.5691714290091
16.29999999999996 630.5691714136512
16.39999999999996 630.5691713982933
16.49999999999996 630.5691713829355
16.59999999999997 630.5691713675776
16.69999999999997 630.5691713522197
16.79999999999997 630.5691713368618
16.89999999999997 630.569171321504
16.99999999999997 630.569171306146
17.09999999999997 630.5691712907882
17.19999999999997 630.5691712754302
17.29999999999998 630.5691712600724
17.39999999999998 630.5691712447145
17.49999999999998 630.5691712293566
17.59999999999998 630.5691712139987
17.69999999999998 630.5691711986408
17.79999999999998 630.5691711832829
17.89999999999998 630.5691711679251
17.99999999999999 630.5691711525672
18.09999999999999 630.5691711372093
18.19999999999999 630.5691711218515
18.29999999999999 630.5691711064935
18.39999999999999 630.5691710911357
18.49999999999999 630.5691710757777
18.59999999999999 630.5691710604199
18.7 630.569171045062
18.8 630.5691710297041
18.9 630.5691710143462
19 630.5691710050471
19.1 630.5691710046099
19.2 630.5691710041725
19.3 630.5691710037353
19.40000000000001 630.569171003298
19.50000000000001 630.5691710028607
19.60000000000001 630.5691710024234
19.70000000000001 630.5691710019862
19.80000000000001 630.5691710015489
19.90000000000001 630.5691710011116
20.00000000000001 630.5691710006743
20.10000000000002 630.569171000237
20.20000000000002 630.5691709997998
20.30000000000002 630.5691709993624
20.40000000000002 630.5691709989252
20.50000000000002 630.5691709984878
20.60000000000002 630.5691709980506
20.70000000000002 630.5691709976134
20.80000000000003 630.569170997176
20.90000000000003 630.5691709967388
21.00000000000003 630.5691709963014
21.10000000000003 630.5691709958642
21.20000000000003 630.5691709954269
21.30000000000003 630.5691709949896
21.40000000000003 630.5691709945523
21.50000000000004 630.569170994115
21.60000000000004 630.5691709936777
21.70000000000004 630.5691709932405
21.80000000000004 630.5691709928032
21.90000000000004 630.5691709923659
22.00000000000004 630.5691709919286
22.10000000000004 630.5691709914913
22.20000000000005 630.5691709910541
22.30000000000005 630.5691709906167
22.40000000000005 630.5691709901795
22.50000000000005 630.5691709897422
22.60000000000005 630.5691709893049
22.70000000000005 630.5691709888677
22.80000000000005 630.5691709884303
22.90000000000006 630.5691709879931
23.00000000000006 630.5691709875558
23.10000000000006 630.5691709871185
23.20000000000006 630.5691709866812
23.30000000000006 630.5691709862439
23.40000000000006 630.5691709858066
23.50000000000006 630.5691709853694
23.60000000000007 630.569170984932
23.70000000000007 630.5691709844948
23.80000000000007 630.5691709840575
23.90000000000007 630.5691709836202
24.00000000000007 630.569170983183
24.10000000000007 630.5691709827456
24.20000000000007 630.5691709823084
24.30000000000008 630.569170981871
24.40000000000008 630.5691709814338
24.50000000000008 630.5691709809965
24.60000000000008 630.5691709805592
24.70000000000008 630.569170980122
24.80000000000008 630.5691709796846
24.90000000000008 630.5691709792474
25.00000000000009 630.5691709788101
25.10000000000009 630.5691709783728
25.20000000000009 630.5691709779355
25.30000000000009 630.5691709774982
25.40000000000009 630.5691709770609
25.50000000000009 630.5691709766237
25.60000000000009 630.5691709761863
25.7000000000001 630.5691709757491
25.8000000000001 630.5691709753119
25.9000000000001 630.5691709748745
26.0000000000001 630.5691709744373
26.1000000000001 630.5691709739999
26.2000000000001 630.5691709735627
26.3000000000001 630.5691709731254
26.40000000000011 630.5691709726881
26.50000000000011 630.5691709722508
26.60000000000011 630.5691709718135
26.70000000000011 630.5691709713763
26.80000000000011 630.569170970939
26.90000000000011 630.5691709705017
27.00000000000011 630.5691709700644
27.10000000000012 630.5691709696271
27.20000000000012 630.5691709691898
27.30000000000012 630.5691709687526
27.40000000000012 630.5691709683152
27.50000000000012 630.569170967878
27.60000000000012 630.5691709674406
27.70000000000012 630.5691709670034
27.80000000000013 630.5691709665662
27.90000000000013 630.5691709661288
28.00000000000013 630.5691709656916
28.10000000000013 630.5691709652542
28.20000000000013 630.569170964817
28.30000000000013 630.5691709643797
28.40000000000013 630.5691709639598
28.50000000000014 630.5691709639584
28.60000000000014 630.5691709639572
28.70000000000014 630.5691709639559
28.80000000000014 630.5691709639547
28.90000000000014 630.5691709639533
29.00000000000014 630.569170963952
29.10000000000014 630.5691709639508
29.20000000000014 630.5691709639495
29.30000000000015 630.5691709639483
29.40000000000015 630.5691709639469
29.50000000000015 630.5691709639457
29.60000000000015 630.5691709639444
29.70000000000015 630.5691709639432
29.80000000000015 630.5691709639418
29.90000000000015 630.5691709639406
30.00000000000016 630.5691709639393
30.10000000000016 630.5691709639381
30.20000000000016 630.5691709639367
30.30000000000016 630.5691709639354
30.40000000000016 630.5691709639342
30.50000000000016 630.5691709639329
30.60000000000016 630.5691709639316
30.70000000000017 630.5691709639303
30.80000000000017 630.5691709639291
30.90000000000017 630.5691709639278
31.00000000000017 630.5691709639265
31.10000000000017 630.5691709639252
31.20000000000017 630.569170963924
31.30000000000017 630.5691709639227
31.40000000000018 630.5691709639214
31.50000000000018 630.5691709639201
31.60000000000018 630.5691709639189
31.70000000000018 630.5691709639176
31.80000000000018 630.5691709639163
31.90000000000018 630.569170963915
32.00000000000018 630.5691709639137
32.10000000000019 630.5691709639125
32.20000000000019 630.5691709639112
32.30000000000019 630.5691709639099
32.40000000000019 630.5691709639086
32.50000000000019 630.5691709639074
32.60000000000019 630.5691709639061
32.70000000000019 630.5691709639048
32.8000000000002 630.5691709639035
32.9000000000002 630.5691709639023
33.0000000000002 630.569170963901
33.1000000000002 630.5691709638996
33.2000000000002 630.5691709638984
33.3000000000002 630.5691709638971
33.4000000000002 630.5691709638959
33.50000000000021 630.5691709638945
33.60000000000021 630.5691709638933
33.70000000000021 630.569170963892
33.80000000000021 630.5691709638908
33.90000000000021 630.5691709638894
34.00000000000021 630.5691709638882
34.10000000000021 630.5691709638869
34.20000000000022 630.5691709638857
34.30000000000022 630.5691709638844
34.40000000000022 630.569170963883
34.50000000000022 630.5691709638818
34.60000000000022 630.5691709638805
34.70000000000022 630.5691709638793
34.80000000000022 630.5691709638779
34.90000000000023 630.5691709638767
35.00000000000023 630.5691709638754
35.10000000000023 630.5691709638742
35.20000000000023 630.5691709638728
35.30000000000023 630.5691709638716
35.40000000000023 630.5691709638703
35.50000000000023 630.5691709638691
35.60000000000024 630.5691709638677
35.70000000000024 630.5691709638664
35.80000000000024 630.5691709638652
35.90000000000024 630.5691709638639
36.00000000000024 630.5691709638626
36.10000000000024 630.5691709638613
36.20000000000024 630.5691709638601
36.30000000000025 630.5691709638588
36.40000000000025 630.5691709638575
36.50000000000025 630.5691709638562
36.60000000000025 630.569170963855
36.70000000000025 630.5691709638537
36.80000000000025 630.5691709638525
36.90000000000025 630.5691709638511
37.00000000000026 630.5691709638498
37.10000000000026 630.5691709638486
37.20000000000026 630.5691709638473
37.30000000000026 630.569170963846
37.40000000000026 630.5691709638447
37.50000000000026 630.5691709638435
37.60000000000026 630.5691709638422
37.70000000000027 630.5691709638409
37.80000000000027 630.5691709638396
37.90000000000027 630.5691709638384
38.00000000000027 630.5691709638371
38.10000000000027 630.5691709638357
38.20000000000027 630.5691709638345
38.30000000000027 630.5691709638332
38.40000000000028 630.569170963832
38.50000000000028 630.5691709638306
38.60000000000028 630.5691709638294
38.70000000000028 630.5691709638281
38.80000000000028 630.5691709638269
38.90000000000028 630.5691709638255
39.00000000000028 630.5691709638243
39.10000000000029 630.569170963823
39.20000000000029 630.5691709638218
39.30000000000029 630.5691709638204
39.40000000000029 630.5691709638191
39.50000000000029 630.5691709638179
39.60000000000029 630.5691709638166
39.70000000000029 630.5691709638154
39.8000000000003 630.569170963814
39.9000000000003 630.5691709638128
40.0000000000003 630.5691709638115
40.1000000000003 630.5691709638103
40.2000000000003 630.5691709638089
40.3000000000003 630.5691709638077
40.4000000000003 630.5691709638064
40.50000000000031 630.5691709638052
40.60000000000031 630.5691709638038
40.70000000000031 630.5691709638025
40.80000000000031 630.5691709638013
40.90000000000031 630.5691709638
41.00000000000031 630.5691709637987
41.10000000000031 630.5691709637974
41.20000000000032 630.5691709637962
41.30000000000032 630.5691709637949
41.40000000000032 630.5691709637936
41.50000000000032 630.5691709637923
41.60000000000032 630.5691709637911
41.70000000000032 630.5691709637898
41.80000000000032 630.5691709637885
41.90000000000033 630.5691709637872
42.00000000000033 630.569170963786
42.10000000000033 630.5691709637847
42.20000000000033 630.5691709637834
42.30000000000033 630.5691709637821
42.40000000000033 630.5691709637808
42.50000000000033 630.5691709637796
42.60000000000034 630.5691709637783
42.70000000000034 630.569170963777
42.80000000000034 630.5691709637757
42.90000000000034 630.5691709637745
43.00000000000034 630.5691709637732
43.10000000000034 630.5691709637719
43.20000000000034 630.5691709637706
43.30000000000035 630.5691709637694
43.40000000000035 630.5691709637681
43.50000000000035 630.5691709637667
43.60000000000035 630.5691709637655
43.70000000000035 630.5691709637642
43.80000000000035 630.569170963763
43.90000000000035 630.5691709637616
44.00000000000036 630.5691709637604
44.10000000000036 630.5691709637591
44.20000000000036 630.5691709637579
44.30000000000036 630.5691709637565
44.40000000000036 630.5691709637553
44.50000000000036 630.569170963754
44.60000000000036 630.5691709637528
44.70000000000037 630.5691709637515
44.80000000000037 630.5691709637501
44.90000000000037 630.5691709637489
45.00000000000037 630.5691709637476
45.10000000000037 630.5691709637464
45.20000000000037 630.569170963745
45.30000000000037 630.5691709637438
45.40000000000038 630.5691709637425
45.50000000000038 630.5691709637413
45.60000000000038 630.5691709637399
45.70000000000038 630.5691709637387
45.80000000000038 630.5691709637374
45.90000000000038 630.5691709637362
46.00000000000038 630.5691709637348
46.10000000000039 630.5691709637335
46.20000000000039 630.5691709637323
46.30000000000039 630.569170963731
46.40000000000039 630.5691709637297
46.50000000000039 630.5691709637284
46.60000000000039 630.5691709637272
46.70000000000039 630.5691709637259
46.8000000000004 630.5691709637246
46.9000000000004 630.5691709637233
47.0000000000004 630.5691709637221
47.1000000000004 630.5691709637208
47.2000000000004 630.5691709637196
47.3000000000004 630.5691709637182
47.4000000000004 630.5691709637169
47.50000000000041 630.5691709637157
47.60000000000041 630.5691709637144
47.70000000000041 630.5691709637131
47.80000000000041 630.5691709637118
47.90000000000041 630.5691709637106
48.00000000000041 630.5691709637093
48.10000000000041 630.569170963708
48.20000000000041 630.5691709637067
48.30000000000042 630.5691709637055
48.40000000000042 630.5691709637042
48.50000000000042 630.5691709637028
48.60000000000042 630.5691709637016
48.70000000000042 630.5691709637003
48.80000000000042 630.5691709636991
48.90000000000042 630.5691709636977
49.00000000000043 630.5691709636965
49.10000000000043 630.5691709636952
49.20000000000043 630.569170963694
49.30000000000043 630.5691709636926
49.40000000000043 630.5691709636914
49.50000000000043 630.5691709636901
49.60000000000043 630.5691709636889
49.70000000000044 630.5691709636875
49.80000000000044 630.5691709636862
49.90000000000044 630.569170963685