Time X1
0 250
0.1 250.2178019309149
0.2 250.4554833065593
0.3 250.7150823183145
0.4 250.9982443735429
0.5 251.3075625721041
0.6 251.645449965934
0.7 252.0145195378337
0.7999999999999999 252.417834003764
0.8999999999999999 252.8583887191825
0.9999999999999999 253.339949910491
1.1 253.8663464236105
1.2 254.4419400701327
1.3 255.0715146603163
1.4 255.7603305512782
1.5 256.5142063687648
1.6 257.339561630066
1.7 258.2434252095504
1.8 259.2337304289146
1.900000000000001 260.3190807976445
2 261.5092570393537
2.100000000000001 262.8148507748143
2.200000000000001 264.2478039864701
2.300000000000001 265.8213810898617
2.400000000000001 267.5502916731766
2.500000000000001 269.4510059758333
2.600000000000001 271.5418786387459
2.700000000000001 273.8433699072971
2.800000000000001 276.3782446186733
2.900000000000001 279.1718953222137
3.000000000000001 282.2526983181062
3.100000000000001 285.6521155977865
3.200000000000002 289.4051524776889
3.300000000000002 293.5505447762084
3.400000000000002 298.1308396375822
3.500000000000002 303.1925481401599
3.600000000000002 308.7863297781147
3.700000000000002 314.9657246945996
3.800000000000002 321.7870228442849
3.900000000000002 329.3070588178417
4.000000000000002 337.5820317135772
4.100000000000001 346.6618570977578
4.200000000000001 356.5863804950203
4.300000000000001 367.3786687174556
4.4 379.0360212834745
4.5 391.5203478012136
4.6 404.7486611028307
4.699999999999999 418.5843886843207
4.799999999999999 432.8335109173522
4.899999999999999 447.2481921177531
4.999999999999998 461.5402795809291
5.099999999999998 475.4025557691794
5.199999999999998 488.5390100931761
5.299999999999997 500.6949511920926
5.399999999999997 511.6817563405584
5.499999999999996 521.3903327148479
5.599999999999996 529.7914521623408
5.699999999999996 536.9249143719538
5.799999999999995 542.8819664333444
5.899999999999995 547.7858590174989
5.999999999999995 551.7743088866857
6.099999999999994 554.9859666552195
6.199999999999994 557.5509049701072
6.299999999999994 559.5858413113501
6.399999999999993 561.1917979608498
6.499999999999993 562.4538819986064
6.599999999999993 563.4423921502212
6.699999999999992 564.2146251045522
6.799999999999992 564.8166696153637
6.899999999999991 565.2852707401983
6.999999999999991 565.6495326620709
7.099999999999991 565.9324433111226
7.19999999999999 566.151996383483
7.29999999999999 566.3222703836009
7.39999999999999 566.4542702190146
7.499999999999989 566.5565679071505
7.599999999999989 566.6358148145312
7.699999999999989 566.6971903353243
7.799999999999988 566.7447497327163
7.899999999999988 566.7815924606635
7.999999999999988 566.810089036266
8.099999999999987 566.8321249837157
8.199999999999987 566.8491860235478
8.299999999999986 566.8623995344227
8.399999999999986 566.8726267102809
8.499999999999986 566.8805227348446
8.599999999999985 566.8866348770079
8.699999999999985 566.8913548080325
8.799999999999985 566.8950513487205
8.899999999999984 566.8979225180751
8.999999999999984 566.9002415573431
9.099999999999984 566.9018791359453
9.199999999999983 566.9032087531691
9.299999999999983 566.9042613780761
9.399999999999983 566.9050458874723
9.499999999999982 566.9056442567243
9.599999999999982 566.9060955050044
9.699999999999982 566.9064353149186
9.799999999999981 566.9067052286648
9.899999999999981 566.9069133061114
9.99999999999998 566.9070814653938
10.09999999999998 566.9072125869662
10.19999999999998 566.907317613155
10.29999999999998 566.9073988303627
10.39999999999998 566.9074627911893
10.49999999999998 566.9075123867176
10.59999999999998 566.9075506536916
10.69999999999998 566.9075808353426
10.79999999999998 566.907603901633
10.89999999999998 566.9076223116076
10.99999999999998 566.9076364217254
11.09999999999998 566.9076476761742
11.19999999999998 566.907656355119
11.29999999999998 566.9076632109645
11.39999999999998 566.9076685735189
11.49999999999998 566.9076764566677
11.59999999999997 566.9076834185342
11.69999999999997 566.9076894591185
11.79999999999997 566.9076945784205
11.89999999999997 566.9076987764403
11.99999999999997 566.9077020531777
12.09999999999997 566.9077044086329
12.19999999999997 566.9077058428057
12.29999999999997 566.9077063556964
12.39999999999997 566.9077059473047
12.49999999999997 566.9077046176309
12.59999999999997 566.9077023666747
12.69999999999997 566.9077008044753
12.79999999999997 566.9077016504685
12.89999999999997 566.9077022628481
12.99999999999997 566.9077026416143
13.09999999999997 566.907702786767
13.19999999999997 566.9077026983061
13.29999999999997 566.9077023762317
13.39999999999997 566.9077018205438
13.49999999999997 566.9077010312425
13.59999999999997 566.9077000083275
13.69999999999997 566.9076987517992
13.79999999999997 566.9076972616573
13.89999999999997 566.9076955379019
13.99999999999997 566.9076947872563
14.09999999999997 566.9076943306825
14.19999999999997 566.9076938741086
14.29999999999997 566.9076934175348
14.39999999999996 566.9076929609611
14.49999999999996 566.9076925043872
14.59999999999996 566.9076920478134
14.69999999999996 566.9076915912395
14.79999999999996 566.9076911346658
14.89999999999996 566.907690678092
14.99999999999996 566.9076902215181
15.09999999999996 566.9076897649443
15.19999999999996 566.9076893385951
15.29999999999996 566.9076893249246
15.39999999999996 566.9076893112541
15.49999999999996 566.9076892975836
15.59999999999996 566.907689283913
15.69999999999996 566.9076892702425
15.79999999999996 566.907689256572
15.89999999999996 566.9076892429015
15.99999999999996 566.907689229231
16.09999999999996 566.9076892155604
16.19999999999996 566.9076892018899
16.29999999999996 566.9076891882194
16.39999999999996 566.9076891745489
16.49999999999996 566.9076891608784
16.59999999999997 566.9076891472077
16.69999999999997 566.9076891335372
16.79999999999997 566.9076891198667
16.89999999999997 566.9076891061962
16.99999999999997 566.9076890925257
17.09999999999997 566.9076890788552
17.19999999999997 566.9076890651846
17.29999999999998 566.9076890515141
17.39999999999998 566.9076890378436
17.49999999999998 566.9076890241731
17.59999999999998 566.9076890105026
17.69999999999998 566.907688996832
17.79999999999998 566.9076889831615
17.89999999999998 566.907688969491
17.99999999999999 566.9076889558205
18.09999999999999 566.90768894215
18.19999999999999 566.9076889284795
18.29999999999999 566.9076889148089
18.39999999999999 566.9076889011384
18.49999999999999 566.9076888874679
18.59999999999999 566.9076888737974
18.7 566.9076888601269
18.8 566.9076888464563
18.9 566.9076888327858
19 566.9076888191153
19.1 566.9076888054448
19.2 566.9076887917743
19.3 566.9076887781038
19.40000000000001 566.9076887644331
19.50000000000001 566.9076887507626
19.60000000000001 566.9076887370921
19.70000000000001 566.9076887234216
19.80000000000001 566.9076887097511
19.90000000000001 566.9076886960805
20.00000000000001 566.90768868241
20.10000000000002 566.9076886687395
20.20000000000002 566.907688655069
20.30000000000002 566.9076886413985
20.40000000000002 566.9076886277279
20.50000000000002 566.9076886140574
20.60000000000002 566.9076886003869
20.70000000000002 566.9076885867164
20.80000000000003 566.9076885730459
20.90000000000003 566.9076885593754
21.00000000000003 566.9076885457048
21.10000000000003 566.9076885320343
21.20000000000003 566.9076885183638
21.30000000000003 566.9076885046933
21.40000000000003 566.9076884910228
21.50000000000004 566.9076884773522
21.60000000000004 566.9076884636817
21.70000000000004 566.9076884500112
21.80000000000004 566.9076884363407
21.90000000000004 566.9076884226702
22.00000000000004 566.9076884089997
22.10000000000004 566.907688395329
22.20000000000005 566.9076883816585
22.30000000000005 566.907688367988
22.40000000000005 566.9076883543175
22.50000000000005 566.907688340647
22.60000000000005 566.9076883269764
22.70000000000005 566.9076883133059
22.80000000000005 566.9076882996354
22.90000000000006 566.9076882859649
23.00000000000006 566.9076882722944
23.10000000000006 566.9076882586238
23.20000000000006 566.9076882449533
23.30000000000006 566.9076882312828
23.40000000000006 566.9076882176123
23.50000000000006 566.9076882039418
23.60000000000007 566.9076881902713
23.70000000000007 566.9076881766007
23.80000000000007 566.9076881629302
23.90000000000007 566.9076881492597
24.00000000000007 566.9076881355892
24.10000000000007 566.9076881219187
24.20000000000007 566.9076881082481
24.30000000000008 566.9076880945776
24.40000000000008 566.9076880809071
24.50000000000008 566.9076880672366
24.60000000000008 566.9076880535661
24.70000000000008 566.9076880398956
24.80000000000008 566.9076880262249
24.90000000000008 566.9076880125544
25.00000000000009 566.9076879988839
25.10000000000009 566.9076879852134
25.20000000000009 566.9076879715429
25.30000000000009 566.9076879578723
25.40000000000009 566.9076879442018
25.50000000000009 566.9076879305313
25.60000000000009 566.9076879168608
25.7000000000001 566.9076879031903
25.8000000000001 566.9076878895198
25.9000000000001 566.9076878758492
26.0000000000001 566.9076878621787
26.1000000000001 566.9076878485082
26.2000000000001 566.9076878348377
26.3000000000001 566.9076878211672
26.40000000000011 566.9076878074966
26.50000000000011 566.9076877938261
26.60000000000011 566.9076877801556
26.70000000000011 566.9076877664851
26.80000000000011 566.9076877528146
26.90000000000011 566.907687739144
27.00000000000011 566.9076877254735
27.10000000000012 566.907687711803
27.20000000000012 566.9076876981325
27.30000000000012 566.907687684462
27.40000000000012 566.9076876707915
27.50000000000012 566.9076876571208
27.60000000000012 566.9076876434503
27.70000000000012 566.9076876297798
27.80000000000013 566.9076876161093
27.90000000000013 566.9076876105185
28.00000000000013 566.907687610109
28.10000000000013 566.9076876096996
28.20000000000013 566.9076876092902
28.30000000000013 566.9076876088808
28.40000000000013 566.9076876084714
28.50000000000014 566.907687608062
28.60000000000014 566.9076876076526
28.70000000000014 566.9076876072431
28.80000000000014 566.9076876068337
28.90000000000014 566.9076876064244
29.00000000000014 566.907687606015
29.10000000000014 566.9076876056056
29.20000000000014 566.9076876051962
29.30000000000015 566.9076876047868
29.40000000000015 566.9076876043773
29.50000000000015 566.9076876039679
29.60000000000015 566.9076876035585
29.70000000000015 566.9076876031492
29.80000000000015 566.9076876027398
29.90000000000015 566.9076876023304
30.00000000000016 566.9076876019209
30.10000000000016 566.9076876015115
30.20000000000016 566.9076876011021
30.30000000000016 566.9076876006927
30.40000000000016 566.9076876002833
30.50000000000016 566.907687599874
30.60000000000016 566.9076875994646
30.70000000000017 566.9076875990551
30.80000000000017 566.9076875986457
30.90000000000017 566.9076875982363
31.00000000000017 566.9076875978269
31.10000000000017 566.9076875974175
31.20000000000017 566.9076875970081
31.30000000000017 566.9076875965987
31.40000000000018 566.9076875961892
31.50000000000018 566.9076875957799
31.60000000000018 566.9076875953705
31.70000000000018 566.9076875949611
31.80000000000018 566.9076875945517
31.90000000000018 566.9076875941423
32.00000000000018 566.9076875937328
32.10000000000019 566.9076875933234
32.20000000000019 566.907687592914
32.30000000000019 566.9076875925047
32.40000000000019 566.9076875920953
32.50000000000019 566.9076875916859
32.60000000000019 566.9076875912765
32.70000000000019 566.907687590867
32.8000000000002 566.9076875904576
32.9000000000002 566.9076875900482
33.0000000000002 566.9076875896388
33.1000000000002 566.9076875892295
33.2000000000002 566.9076875888201
33.3000000000002 566.9076875884107
33.4000000000002 566.9076875880012
33.50000000000021 566.9076875875918
33.60000000000021 566.9076875871824
33.70000000000021 566.907687586773
33.80000000000021 566.9076875863636
33.90000000000021 566.9076875859542
34.00000000000021 566.9076875855447
34.10000000000021 566.9076875851354
34.20000000000022 566.907687584726
34.30000000000022 566.9076875843166
34.40000000000022 566.9076875839072
34.50000000000022 566.9076875834978
34.60000000000022 566.9076875830884
34.70000000000022 566.9076875826789
34.80000000000022 566.9076875822695
34.90000000000023 566.9076875818602
35.00000000000023 566.9076875814508
35.10000000000023 566.9076875810414
35.20000000000023 566.907687580632
35.30000000000023 566.9076875802226
35.40000000000023 566.9076875798131
35.50000000000023 566.9076875794037
35.60000000000024 566.9076875789943
35.70000000000024 566.907687578585
35.80000000000024 566.9076875781756
35.90000000000024 566.9076875777662
36.00000000000024 566.9076875773567
36.10000000000024 566.9076875769473
36.20000000000024 566.9076875765379
36.30000000000025 566.9076875761285
36.40000000000025 566.9076875757191
36.50000000000025 566.9076875753098
36.60000000000025 566.9076875749004
36.70000000000025 566.9076875744909
36.80000000000025 566.9076875740815
36.90000000000025 566.9076875736721
37.00000000000026 566.9076875732627
37.10000000000026 566.9076875728533
37.20000000000026 566.9076875724439
37.30000000000026 566.9076875720345
37.40000000000026 566.907687571625
37.50000000000026 566.9076875712157
37.60000000000026 566.9076875708063
37.70000000000027 566.9076875703969
37.80000000000027 566.9076875699875
37.90000000000027 566.9076875695781
38.00000000000027 566.9076875691686
38.10000000000027 566.9076875687592
38.20000000000027 566.9076875683498
38.30000000000027 566.9076875679405
38.40000000000028 566.9076875675311
38.50000000000028 566.9076875671217
38.60000000000028 566.9076875667123
38.70000000000028 566.9076875663028
38.80000000000028 566.9076875658934
38.90000000000028 566.907687565484
39.00000000000028 566.9076875650746
39.10000000000029 566.9076875646653
39.20000000000029 566.9076875642559
39.30000000000029 566.9076875638465
39.40000000000029 566.907687563437
39.50000000000029 566.9076875630276
39.60000000000029 566.9076875626182
39.70000000000029 566.9076875622088
39.8000000000003 566.9076875617994
39.9000000000003 566.90768756139
40.0000000000003 566.9076875609805
40.1000000000003 566.9076875605712
40.2000000000003 566.9076875601618
40.3000000000003 566.9076875597524
40.4000000000003 566.907687559343
40.50000000000031 566.9076875589949
40.60000000000031 566.9076875589936
40.70000000000031 566.9076875589924
40.80000000000031 566.9076875589911
40.90000000000031 566.9076875589899
41.00000000000031 566.9076875589885
41.10000000000031 566.9076875589873
41.20000000000032 566.907687558986
41.30000000000032 566.9076875589848
41.40000000000032 566.9076875589835
41.50000000000032 566.9076875589823
41.60000000000032 566.907687558981
41.70000000000032 566.9076875589798
41.80000000000032 566.9076875589785
41.90000000000033 566.9076875589773
42.00000000000033 566.907687558976
42.10000000000033 566.9076875589748
42.20000000000033 566.9076875589734
42.30000000000033 566.9076875589722
42.40000000000033 566.9076875589709
42.50000000000033 566.9076875589697
42.60000000000034 566.9076875589684
42.70000000000034 566.9076875589672
42.80000000000034 566.9076875589659
42.90000000000034 566.9076875589647
43.00000000000034 566.9076875589634
43.10000000000034 566.9076875589622
43.20000000000034 566.9076875589609
43.30000000000035 566.9076875589595
43.40000000000035 566.9076875589583
43.50000000000035 566.907687558957
43.60000000000035 566.9076875589558
43.70000000000035 566.9076875589545
43.80000000000035 566.9076875589533
43.90000000000035 566.907687558952
44.00000000000036 566.9076875589508
44.10000000000036 566.9076875589495
44.20000000000036 566.9076875589483
44.30000000000036 566.907687558947
44.40000000000036 566.9076875589457
44.50000000000036 566.9076875589444
44.60000000000036 566.9076875589432
44.70000000000037 566.9076875589419
44.80000000000037 566.9076875589407
44.90000000000037 566.9076875589394
45.00000000000037 566.9076875589382
45.10000000000037 566.9076875589369
45.20000000000037 566.9076875589357
45.30000000000037 566.9076875589344
45.40000000000038 566.9076875589332
45.50000000000038 566.9076875589318
45.60000000000038 566.9076875589305
45.70000000000038 566.9076875589293
45.80000000000038 566.907687558928
45.90000000000038 566.9076875589268
46.00000000000038 566.9076875589255
46.10000000000039 566.9076875589243
46.20000000000039 566.907687558923
46.30000000000039 566.9076875589218
46.40000000000039 566.9076875589205
46.50000000000039 566.9076875589193
46.60000000000039 566.907687558918
46.70000000000039 566.9076875589167
46.8000000000004 566.9076875589154
46.9000000000004 566.9076875589142
47.0000000000004 566.9076875589129
47.1000000000004 566.9076875589117
47.2000000000004 566.9076875589104
47.3000000000004 566.9076875589092
47.4000000000004 566.9076875589079
47.50000000000041 566.9076875589067
47.60000000000041 566.9076875589054
47.70000000000041 566.9076875589042
47.80000000000041 566.9076875589028
47.90000000000041 566.9076875589016
48.00000000000041 566.9076875589003
48.10000000000041 566.9076875588991
48.20000000000041 566.9076875588978
48.30000000000042 566.9076875588966
48.40000000000042 566.9076875588953
48.50000000000042 566.9076875588941
48.60000000000042 566.9076875588928
48.70000000000042 566.9076875588916
48.80000000000042 566.9076875588903
48.90000000000042 566.9076875588889
49.00000000000043 566.9076875588877
49.10000000000043 566.9076875588864
49.20000000000043 566.9076875588852
49.30000000000043 566.9076875588839
49.40000000000043 566.9076875588827
49.50000000000043 566.9076875588814
49.60000000000043 566.9076875588802
49.70000000000044 566.9076875588789
49.80000000000044 566.9076875588777
49.90000000000044 566.9076875588764