Time X1
0 250
0.1 250.4908231492604
0.2 251.0283472784323
0.3 251.6168751892561
0.4 252.261923482
0.5 252.9690376551501
0.6 253.744439075172
0.7 254.5949969280637
0.7999999999999999 255.528349059735
0.8999999999999999 256.5530064746209
0.9999999999999999 257.6784976078625
1.1 258.9153894624935
1.2 260.2754778253118
1.3 261.7718821950787
1.4 263.4192758067888
1.5 265.2340630692855
1.6 267.2347378171314
1.7 269.4418118349909
1.8 271.8784960969547
1.900000000000001 274.5707329516224
2 277.5476750562533
2.100000000000001 280.8421306857057
2.200000000000001 284.4908027088985
2.300000000000001 288.5346949173388
2.400000000000001 293.0195254831702
2.500000000000001 297.9960745196812
2.600000000000001 303.5201916759731
2.700000000000001 309.6528402030548
2.800000000000001 316.4595457599724
2.900000000000001 324.0091747146125
3.000000000000001 332.3720223748912
3.100000000000001 341.6158120612969
3.200000000000002 351.8017742160927
3.300000000000002 362.9758822535908
3.400000000000002 375.1600807246859
3.500000000000002 388.3397903364216
3.600000000000002 402.4502432199673
3.700000000000002 417.3635745514212
3.800000000000002 432.8786741487298
3.900000000000002 448.7196117520369
4.000000000000002 464.5491851080459
4.100000000000001 479.992608389107
4.200000000000001 494.6764232257513
4.300000000000001 508.2708372880736
4.4 520.5265939214013
4.5 531.2969832879753
4.6 540.5405503607285
4.699999999999999 548.3066925963329
4.799999999999999 554.7115124795945
4.899999999999999 559.9108419221438
4.999999999999998 564.0764924946006
5.099999999999998 567.3783333339956
5.199999999999998 569.9727818197437
5.299999999999997 571.9974226825534
5.399999999999997 573.5689026954074
5.499999999999996 574.7834987014382
5.599999999999996 575.7191891324537
5.699999999999996 576.4381974356597
5.799999999999995 576.9896135127755
5.899999999999995 577.4118479772196
5.999999999999995 577.734809782101
6.099999999999994 577.9816167829753
6.199999999999994 578.1700918140359
6.299999999999994 578.3139488676943
6.399999999999993 578.4237104957554
6.499999999999993 578.5074244498981
6.599999999999993 578.5712543700452
6.699999999999992 578.6199611654596
6.799999999999992 578.6570806379241
6.899999999999991 578.6853574467108
6.999999999999991 578.7068768666154
7.099999999999991 578.7233110120293
7.19999999999999 578.7358024816455
7.29999999999999 578.7453222377954
7.39999999999999 578.7525639222771
7.499999999999989 578.7580779089749
7.599999999999989 578.7623087425262
7.699999999999989 578.7655582468508
7.799999999999988 578.7681440389654
7.899999999999988 578.7699338490644
7.999999999999988 578.7713698427355
8.099999999999987 578.7724877227522
8.199999999999987 578.773303133679
8.299999999999986 578.7739197253462
8.399999999999986 578.7743696214449
8.499999999999986 578.7747134761347
8.599999999999985 578.7749772650305
8.699999999999985 578.7751828217309
8.799999999999985 578.7753438980046
8.899999999999984 578.7754690441793
8.999999999999984 578.7755665113074
9.099999999999984 578.7756407530076
9.199999999999983 578.775698405787
9.299999999999983 578.7757417214116
9.399999999999983 578.7757755591342
9.499999999999982 578.7758009939491
9.599999999999982 578.7758209794068
9.699999999999982 578.7758360796182
9.799999999999981 578.7758479510023
9.899999999999981 578.7758569378038
9.99999999999998 578.7758639783498
10.09999999999998 578.775870601631
10.19999999999998 578.7758787865946
10.29999999999998 578.7758859116698
10.39999999999998 578.7758919768563
10.49999999999998 578.7758969821546
10.59999999999998 578.7759009275642
10.69999999999998 578.7759038130854
10.79999999999998 578.7759056387181
10.89999999999998 578.7759064044623
10.99999999999998 578.775906110318
11.09999999999998 578.7759047562853
11.19999999999998 578.775902342364
11.29999999999998 578.7759008290965
11.39999999999998 578.7759017219162
11.49999999999998 578.7759023459066
11.59999999999997 578.775902701068
11.69999999999997 578.7759027874002
11.79999999999997 578.7759026049033
11.89999999999997 578.7759021535772
11.99999999999997 578.7759014334221
12.09999999999997 578.7759004444376
12.19999999999997 578.7758991866242
12.29999999999997 578.7758976599815
12.39999999999997 578.7758958645097
12.49999999999997 578.7758947145188
12.59999999999997 578.7758942193242
12.69999999999997 578.7758937241296
12.79999999999997 578.7758932289348
12.89999999999997 578.7758927337402
12.99999999999997 578.7758922385456
13.09999999999997 578.7758917433509
13.19999999999997 578.7758912481563
13.29999999999997 578.7758907529617
13.39999999999997 578.7758902577671
13.49999999999997 578.7758897625723
13.59999999999997 578.7758892673777
13.69999999999997 578.7758890473739
13.79999999999997 578.7758890325423
13.89999999999997 578.7758890177107
13.99999999999997 578.7758890028792
14.09999999999997 578.7758889880477
14.19999999999997 578.7758889732161
14.29999999999997 578.7758889583845
14.39999999999996 578.7758889435529
14.49999999999996 578.7758889287213
14.59999999999996 578.7758889138897
14.69999999999996 578.7758888990583
14.79999999999996 578.7758888842267
14.89999999999996 578.7758888693951
14.99999999999996 578.7758888545635
15.09999999999996 578.7758888397319
15.19999999999996 578.7758888249003
15.29999999999996 578.7758888100687
15.39999999999996 578.7758887952373
15.49999999999996 578.7758887804057
15.59999999999996 578.7758887655741
15.69999999999996 578.7758887507425
15.79999999999996 578.7758887359109
15.89999999999996 578.7758887210794
15.99999999999996 578.7758887062478
16.09999999999996 578.7758886914163
16.19999999999996 578.7758886765847
16.29999999999996 578.7758886617531
16.39999999999996 578.7758886469215
16.49999999999996 578.77588863209
16.59999999999997 578.7758886172584
16.69999999999997 578.7758886024268
16.79999999999997 578.7758885875953
16.89999999999997 578.7758885727637
16.99999999999997 578.7758885579321
17.09999999999997 578.7758885431006
17.19999999999997 578.775888528269
17.29999999999998 578.7758885134374
17.39999999999998 578.7758884986058
17.49999999999998 578.7758884837743
17.59999999999998 578.7758884689428
17.69999999999998 578.7758884541112
17.79999999999998 578.7758884392796
17.89999999999998 578.775888424448
17.99999999999999 578.7758884096164
18.09999999999999 578.7758883947848
18.19999999999999 578.7758883799532
18.29999999999999 578.7758883651218
18.39999999999999 578.7758883502902
18.49999999999999 578.7758883354586
18.59999999999999 578.775888320627
18.7 578.7758883057954
18.8 578.7758882909638
18.9 578.7758882761323
19 578.7758882613008
19.1 578.7758882464692
19.2 578.7758882316376
19.3 578.775888216806
19.40000000000001 578.7758882019745
19.50000000000001 578.7758881871429
19.60000000000001 578.7758881723113
19.70000000000001 578.7758881574798
19.80000000000001 578.7758881426482
19.90000000000001 578.7758881278166
20.00000000000001 578.7758881129851
20.10000000000002 578.7758880981535
20.20000000000002 578.7758880833219
20.30000000000002 578.7758880684903
20.40000000000002 578.7758880536588
20.50000000000002 578.7758880388272
20.60000000000002 578.7758880239957
20.70000000000002 578.7758880091641
20.80000000000003 578.7758879943325
20.90000000000003 578.7758879795009
21.00000000000003 578.7758879646693
21.10000000000003 578.7758879498379
21.20000000000003 578.7758879350063
21.30000000000003 578.7758879201747
21.40000000000003 578.7758879053431
21.50000000000004 578.7758878905115
21.60000000000004 578.7758878756799
21.70000000000004 578.7758878608483
21.80000000000004 578.7758878460169
21.90000000000004 578.7758878311853
22.00000000000004 578.7758878163537
22.10000000000004 578.7758878015221
22.20000000000005 578.7758877866905
22.30000000000005 578.7758877718589
22.40000000000005 578.7758877570274
22.50000000000005 578.7758877421958
22.60000000000005 578.7758877273643
22.70000000000005 578.7758877125327
22.80000000000005 578.7758876977011
22.90000000000006 578.7758876828696
23.00000000000006 578.775887668038
23.10000000000006 578.7758876532064
23.20000000000006 578.7758876383748
23.30000000000006 578.7758876235433
23.40000000000006 578.7758876087117
23.50000000000006 578.7758875938802
23.60000000000007 578.7758875790486
23.70000000000007 578.775887564217
23.80000000000007 578.7758875493854
23.90000000000007 578.7758875345538
24.00000000000007 578.7758875197223
24.10000000000007 578.7758875048908
24.20000000000007 578.7758874900592
24.30000000000008 578.7758874752276
24.40000000000008 578.775887460396
24.50000000000008 578.7758874455644
24.60000000000008 578.7758874307328
24.70000000000008 578.7758874159014
24.80000000000008 578.7758874010698
24.90000000000008 578.7758873862382
25.00000000000009 578.7758873714066
25.10000000000009 578.775887356575
25.20000000000009 578.7758873417434
25.30000000000009 578.7758873269119
25.40000000000009 578.7758873120804
25.50000000000009 578.7758872972488
25.60000000000009 578.775887288534
25.7000000000001 578.7758872880897
25.8000000000001 578.7758872876454
25.9000000000001 578.775887287201
26.0000000000001 578.7758872867568
26.1000000000001 578.7758872863124
26.2000000000001 578.7758872858681
26.3000000000001 578.7758872854237
26.40000000000011 578.7758872849794
26.50000000000011 578.7758872845351
26.60000000000011 578.7758872840907
26.70000000000011 578.7758872836464
26.80000000000011 578.775887283202
26.90000000000011 578.7758872827577
27.00000000000011 578.7758872823133
27.10000000000012 578.775887281869
27.20000000000012 578.7758872814247
27.30000000000012 578.7758872809803
27.40000000000012 578.775887280536
27.50000000000012 578.7758872800916
27.60000000000012 578.7758872796473
27.70000000000012 578.7758872792031
27.80000000000013 578.7758872787587
27.90000000000013 578.7758872783144
28.00000000000013 578.77588727787
28.10000000000013 578.7758872774257
28.20000000000013 578.7758872769813
28.30000000000013 578.775887276537
28.40000000000013 578.7758872760927
28.50000000000014 578.7758872756483
28.60000000000014 578.775887275204
28.70000000000014 578.7758872747596
28.80000000000014 578.7758872743153
28.90000000000014 578.7758872738709
29.00000000000014 578.7758872734266
29.10000000000014 578.7758872729823
29.20000000000014 578.7758872725379
29.30000000000015 578.7758872720937
29.40000000000015 578.7758872716493
29.50000000000015 578.775887271205
29.60000000000015 578.7758872707606
29.70000000000015 578.7758872703163
29.80000000000015 578.775887269872
29.90000000000015 578.7758872694276
30.00000000000016 578.7758872689833
30.10000000000016 578.7758872685389
30.20000000000016 578.7758872680946
30.30000000000016 578.7758872676502
30.40000000000016 578.7758872672059
30.50000000000016 578.7758872667616
30.60000000000016 578.7758872663172
30.70000000000017 578.7758872658729
30.80000000000017 578.7758872654285
30.90000000000017 578.7758872649842
31.00000000000017 578.7758872645398
31.10000000000017 578.7758872640956
31.20000000000017 578.7758872636513
31.30000000000017 578.7758872632069
31.40000000000018 578.7758872627626
31.50000000000018 578.7758872623182
31.60000000000018 578.7758872618739
31.70000000000018 578.7758872614295
31.80000000000018 578.7758872609852
31.90000000000018 578.7758872605409
32.00000000000018 578.7758872600965
32.10000000000019 578.7758872596522
32.20000000000019 578.7758872592078
32.30000000000019 578.7758872587635
32.40000000000019 578.7758872583191
32.50000000000019 578.7758872578748
32.60000000000019 578.7758872574306
32.70000000000019 578.7758872569862
32.8000000000002 578.7758872565419
32.9000000000002 578.7758872560975
33.0000000000002 578.7758872556532
33.1000000000002 578.7758872552088
33.2000000000002 578.7758872547645
33.3000000000002 578.7758872543202
33.4000000000002 578.7758872538758
33.50000000000021 578.7758872534315
33.60000000000021 578.7758872529871
33.70000000000021 578.7758872525428
33.80000000000021 578.7758872520984
33.90000000000021 578.7758872516541
34.00000000000021 578.7758872512098
34.10000000000021 578.7758872507654
34.20000000000022 578.7758872503211
34.30000000000022 578.7758872498767
34.40000000000022 578.7758872494325
34.50000000000022 578.7758872489881
34.60000000000022 578.7758872485438
34.70000000000022 578.7758872480995
34.80000000000022 578.7758872476551
34.90000000000023 578.7758872472108
35.00000000000023 578.7758872467664
35.10000000000023 578.7758872463221
35.20000000000023 578.7758872458777
35.30000000000023 578.7758872454334
35.40000000000023 578.7758872449891
35.50000000000023 578.7758872445447
35.60000000000024 578.7758872441004
35.70000000000024 578.775887243656
35.80000000000024 578.7758872432117
35.90000000000024 578.7758872427673
36.00000000000024 578.7758872423231
36.10000000000024 578.7758872418788
36.20000000000024 578.7758872414344
36.30000000000025 578.7758872409901
36.40000000000025 578.7758872405457
36.50000000000025 578.7758872401014
36.60000000000025 578.7758872396571
36.70000000000025 578.7758872392127
36.80000000000025 578.7758872387684
36.90000000000025 578.775887238324
37.00000000000026 578.7758872378797
37.10000000000026 578.7758872374353
37.20000000000026 578.775887236991
37.30000000000026 578.7758872365467
37.40000000000026 578.7758872361023
37.50000000000026 578.7758872357809
37.60000000000026 578.7758872357795
37.70000000000027 578.7758872357781
37.80000000000027 578.7758872357767
37.90000000000027 578.7758872357754
38.00000000000027 578.775887235774
38.10000000000027 578.7758872357726
38.20000000000027 578.7758872357713
38.30000000000027 578.7758872357699
38.40000000000028 578.7758872357686
38.50000000000028 578.7758872357672
38.60000000000028 578.7758872357658
38.70000000000028 578.7758872357645
38.80000000000028 578.7758872357631
38.90000000000028 578.7758872357617
39.00000000000028 578.7758872357604
39.10000000000029 578.775887235759
39.20000000000029 578.7758872357576
39.30000000000029 578.7758872357563
39.40000000000029 578.7758872357549
39.50000000000029 578.7758872357535
39.60000000000029 578.7758872357522
39.70000000000029 578.7758872357508
39.8000000000003 578.7758872357495
39.9000000000003 578.7758872357481
40.0000000000003 578.7758872357467
40.1000000000003 578.7758872357454
40.2000000000003 578.7758872357439
40.3000000000003 578.7758872357425
40.4000000000003 578.7758872357412
40.50000000000031 578.7758872357398
40.60000000000031 578.7758872357384
40.70000000000031 578.7758872357371
40.80000000000031 578.7758872357357
40.90000000000031 578.7758872357343
41.00000000000031 578.775887235733
41.10000000000031 578.7758872357316
41.20000000000032 578.7758872357302
41.30000000000032 578.7758872357289
41.40000000000032 578.7758872357275
41.50000000000032 578.7758872357261
41.60000000000032 578.7758872357248
41.70000000000032 578.7758872357234
41.80000000000032 578.7758872357221
41.90000000000033 578.7758872357207
42.00000000000033 578.7758872357193
42.10000000000033 578.775887235718
42.20000000000033 578.7758872357166
42.30000000000033 578.7758872357152
42.40000000000033 578.7758872357139
42.50000000000033 578.7758872357125
42.60000000000034 578.7758872357111
42.70000000000034 578.7758872357097
42.80000000000034 578.7758872357083
42.90000000000034 578.7758872357069
43.00000000000034 578.7758872357056
43.10000000000034 578.7758872357042
43.20000000000034 578.7758872357028
43.30000000000035 578.7758872357015
43.40000000000035 578.7758872357001
43.50000000000035 578.7758872356987
43.60000000000035 578.7758872356974
43.70000000000035 578.775887235696
43.80000000000035 578.7758872356947
43.90000000000035 578.7758872356933
44.00000000000036 578.7758872356919
44.10000000000036 578.7758872356906
44.20000000000036 578.7758872356892
44.30000000000036 578.7758872356878
44.40000000000036 578.7758872356865
44.50000000000036 578.7758872356851
44.60000000000036 578.7758872356837
44.70000000000037 578.7758872356824
44.80000000000037 578.775887235681
44.90000000000037 578.7758872356796
45.00000000000037 578.7758872356783
45.10000000000037 578.7758872356769
45.20000000000037 578.7758872356754
45.30000000000037 578.7758872356741
45.40000000000038 578.7758872356727
45.50000000000038 578.7758872356713
45.60000000000038 578.77588723567
45.70000000000038 578.7758872356686
45.80000000000038 578.7758872356673
45.90000000000038 578.7758872356659
46.00000000000038 578.7758872356645
46.10000000000039 578.7758872356632
46.20000000000039 578.7758872356618
46.30000000000039 578.7758872356604
46.40000000000039 578.7758872356591
46.50000000000039 578.7758872356577
46.60000000000039 578.7758872356563
46.70000000000039 578.775887235655
46.8000000000004 578.7758872356536
46.9000000000004 578.7758872356522
47.0000000000004 578.7758872356509
47.1000000000004 578.7758872356495
47.2000000000004 578.7758872356482
47.3000000000004 578.7758872356468
47.4000000000004 578.7758872356454
47.50000000000041 578.7758872356441
47.60000000000041 578.7758872356427
47.70000000000041 578.7758872356413
47.80000000000041 578.7758872356399
47.90000000000041 578.7758872356385
48.00000000000041 578.7758872356371
48.10000000000041 578.7758872356358
48.20000000000041 578.7758872356344
48.30000000000042 578.775887235633
48.40000000000042 578.7758872356317
48.50000000000042 578.7758872356303
48.60000000000042 578.7758872356289
48.70000000000042 578.7758872356276
48.80000000000042 578.7758872356262
48.90000000000042 578.7758872356249
49.00000000000043 578.7758872356235
49.10000000000043 578.7758872356221
49.20000000000043 578.7758872356208
49.30000000000043 578.7758872356194
49.40000000000043 578.775887235618
49.50000000000043 578.7758872356167
49.60000000000043 578.7758872356153
49.70000000000044 578.7758872356139
49.80000000000044 578.7758872356126
49.90000000000044 578.7758872356112