Time X1
0 250
0.1 251.0844313358926
0.2 252.2775606385329
0.3 253.5907035350413
0.4 255.0373078580559
0.5 256.6319576893387
0.6 258.3910663023332
0.7 260.3331474612825
0.7999999999999999 262.4791738067697
0.8999999999999999 264.8527521738248
0.9999999999999999 267.4805573325698
1.1 270.3926118441966
1.2 273.6229648487682
1.3 277.210149141094
1.4 281.1975627947142
1.5 285.6342702931433
1.6 290.5752353286405
1.7 296.0822390325683
1.8 302.2237068941654
1.900000000000001 309.0747676263775
2 316.7164758136675
2.100000000000001 325.2342025317373
2.200000000000001 334.7144962895217
2.300000000000001 345.2405754338441
2.400000000000001 356.8832130671141
2.500000000000001 369.6907767899261
2.600000000000001 383.6735566194687
2.700000000000001 398.7857355612597
2.800000000000001 414.9060841226335
2.900000000000001 431.8214853140261
3.000000000000001 449.2188628909278
3.100000000000001 466.6972271126959
3.200000000000002 483.7962427806589
3.300000000000002 500.0478399913322
3.400000000000002 515.0356972164449
3.500000000000002 528.4483060267855
3.600000000000002 540.1100601584918
3.700000000000002 549.9837866262783
3.800000000000002 558.1487498352535
3.900000000000002 564.7650711082605
4.000000000000002 570.0362687812191
4.100000000000001 574.1780753913854
4.200000000000001 577.3964459029854
4.300000000000001 579.8753992837496
4.4 581.7718963976703
4.5 583.2151771601776
4.6 584.309113172108
4.699999999999999 585.1357388025282
4.799999999999999 585.7589157987386
4.899999999999999 586.2278709526355
4.999999999999998 586.5803309238507
5.099999999999998 586.8449682810713
5.199999999999998 587.0435065265602
5.299999999999997 587.1923942828154
5.399999999999997 587.3039416554142
5.499999999999996 587.3875366596395
5.599999999999996 587.4501691326792
5.699999999999996 587.4971122365274
5.799999999999995 587.5322281291592
5.899999999999995 587.558489494982
5.999999999999995 587.578196440296
6.099999999999994 587.5928923276336
6.199999999999994 587.6039037795483
6.299999999999994 587.6121349958984
6.399999999999993 587.6182880635785
6.499999999999993 587.6229425652133
6.599999999999993 587.6264378674227
6.699999999999992 587.6291054439312
6.799999999999992 587.6310203352868
6.899999999999991 587.6325116799326
6.999999999999991 587.6336099932398
7.099999999999991 587.6344060858138
7.19999999999999 587.6349879599545
7.29999999999999 587.6354142741587
7.39999999999999 587.635738727666
7.499999999999989 587.6359857225207
7.599999999999989 587.6361763951195
7.699999999999989 587.6363224583589
7.799999999999988 587.6364335285274
7.899999999999988 587.6365175381173
7.999999999999988 587.6365806639132
8.099999999999987 587.6366281575981
8.199999999999987 587.6366638992123
8.299999999999986 587.6366909218282
8.399999999999986 587.6367113544867
8.499999999999986 587.6367268765487
8.599999999999985 587.6367386100019
8.699999999999985 587.6367475267107
8.799999999999985 587.6367548983777
8.899999999999984 587.6367646145288
8.999999999999984 587.6367729839918
9.099999999999984 587.6367800067668
9.199999999999983 587.6367856828537
9.299999999999983 587.6367900122525
9.399999999999983 587.6367929949633
9.499999999999982 587.6367946309862
9.599999999999982 587.6367949203209
9.699999999999982 587.6367938629676
9.799999999999981 587.6367914589262
9.899999999999981 587.6367893894933
9.99999999999998 587.6367904929373
10.09999999999998 587.6367912463725
10.19999999999998 587.6367916497989
10.29999999999998 587.6367917032162
10.39999999999998 587.6367914066248
10.49999999999998 587.6367907600244
10.59999999999998 587.6367897634151
10.69999999999998 587.636788416797
10.79999999999998 587.6367867201699
10.89999999999998 587.636784673534
10.99999999999998 587.6367834918319
11.09999999999998 587.636782886223
11.19999999999998 587.6367822806141
11.29999999999998 587.6367816750052
11.39999999999998 587.6367810693962
11.49999999999998 587.6367804637873
11.59999999999997 587.6367798581784
11.69999999999997 587.6367792525695
11.79999999999997 587.6367786469606
11.89999999999997 587.6367780413516
11.99999999999997 587.6367774357427
12.09999999999997 587.6367771988052
12.19999999999997 587.6367771801068
12.29999999999997 587.6367771614084
12.39999999999997 587.6367771427101
12.49999999999997 587.6367771240117
12.59999999999997 587.6367771053134
12.69999999999997 587.636777086615
12.79999999999997 587.6367770679167
12.89999999999997 587.6367770492183
12.99999999999997 587.63677703052
13.09999999999997 587.6367770118216
13.19999999999997 587.6367769931232
13.29999999999997 587.6367769744248
13.39999999999997 587.6367769557265
13.49999999999997 587.6367769370281
13.59999999999997 587.6367769183297
13.69999999999997 587.6367768996314
13.79999999999997 587.636776880933
13.89999999999997 587.6367768622347
13.99999999999997 587.6367768435363
14.09999999999997 587.636776824838
14.19999999999997 587.6367768061396
14.29999999999997 587.6367767874412
14.39999999999996 587.6367767687428
14.49999999999996 587.6367767500445
14.59999999999996 587.6367767313461
14.69999999999996 587.6367767126478
14.79999999999996 587.6367766939494
14.89999999999996 587.636776675251
14.99999999999996 587.6367766565527
15.09999999999996 587.6367766378543
15.19999999999996 587.636776619156
15.29999999999996 587.6367766004576
15.39999999999996 587.6367765817592
15.49999999999996 587.6367765630608
15.59999999999996 587.6367765443625
15.69999999999996 587.6367765256641
15.79999999999996 587.6367765069658
15.89999999999996 587.6367764882674
15.99999999999996 587.6367764695691
16.09999999999996 587.6367764508707
16.19999999999996 587.6367764321723
16.29999999999996 587.636776413474
16.39999999999996 587.6367763947756
16.49999999999996 587.6367763760773
16.59999999999997 587.6367763573788
16.69999999999997 587.6367763386805
16.79999999999997 587.6367763199821
16.89999999999997 587.6367763012838
16.99999999999997 587.6367762825854
17.09999999999997 587.6367762638871
17.19999999999997 587.6367762451887
17.29999999999998 587.6367762264903
17.39999999999998 587.636776207792
17.49999999999998 587.6367761890936
17.59999999999998 587.6367761703953
17.69999999999998 587.6367761516968
17.79999999999998 587.6367761329985
17.89999999999998 587.6367761143001
17.99999999999999 587.6367760956018
18.09999999999999 587.6367760769034
18.19999999999999 587.6367760582051
18.29999999999999 587.6367760395067
18.39999999999999 587.6367760208084
18.49999999999999 587.63677600211
18.59999999999999 587.6367759834116
18.7 587.6367759647133
18.8 587.6367759460148
18.9 587.6367759273165
19 587.6367759086181
19.1 587.6367758899198
19.2 587.6367758712214
19.3 587.6367758525231
19.40000000000001 587.6367758338247
19.50000000000001 587.6367758151264
19.60000000000001 587.636775796428
19.70000000000001 587.6367757777297
19.80000000000001 587.6367757590313
19.90000000000001 587.6367757403328
20.00000000000001 587.6367757216345
20.10000000000002 587.6367757029361
20.20000000000002 587.6367756842378
20.30000000000002 587.6367756655394
20.40000000000002 587.6367756468411
20.50000000000002 587.6367756281427
20.60000000000002 587.6367756094444
20.70000000000002 587.636775590746
20.80000000000003 587.6367755720477
20.90000000000003 587.6367755533493
21.00000000000003 587.636775534651
21.10000000000003 587.6367755159525
21.20000000000003 587.6367754972541
21.30000000000003 587.6367754785558
21.40000000000003 587.6367754598574
21.50000000000004 587.6367754411591
21.60000000000004 587.6367754224607
21.70000000000004 587.6367754037624
21.80000000000004 587.636775385064
21.90000000000004 587.6367753663657
22.00000000000004 587.6367753476673
22.10000000000004 587.636775328969
22.20000000000005 587.6367753102705
22.30000000000005 587.6367752915721
22.40000000000005 587.6367752728738
22.50000000000005 587.6367752541754
22.60000000000005 587.6367752354771
22.70000000000005 587.6367752167787
22.80000000000005 587.6367751980804
22.90000000000006 587.6367751839972
23.00000000000006 587.6367751834198
23.10000000000006 587.6367751828424
23.20000000000006 587.6367751822648
23.30000000000006 587.6367751816874
23.40000000000006 587.6367751811099
23.50000000000006 587.6367751805325
23.60000000000007 587.6367751799551
23.70000000000007 587.6367751793775
23.80000000000007 587.6367751788001
23.90000000000007 587.6367751782227
24.00000000000007 587.6367751776452
24.10000000000007 587.6367751770678
24.20000000000007 587.6367751764903
24.30000000000008 587.6367751759128
24.40000000000008 587.6367751753354
24.50000000000008 587.6367751747579
24.60000000000008 587.6367751741805
24.70000000000008 587.636775173603
24.80000000000008 587.6367751730255
24.90000000000008 587.6367751724481
25.00000000000009 587.6367751718707
25.10000000000009 587.6367751712932
25.20000000000009 587.6367751707157
25.30000000000009 587.6367751701383
25.40000000000009 587.6367751695608
25.50000000000009 587.6367751689834
25.60000000000009 587.6367751684058
25.7000000000001 587.6367751678284
25.8000000000001 587.636775167251
25.9000000000001 587.6367751666735
26.0000000000001 587.6367751660961
26.1000000000001 587.6367751655187
26.2000000000001 587.6367751649411
26.3000000000001 587.6367751643637
26.40000000000011 587.6367751637863
26.50000000000011 587.6367751632088
26.60000000000011 587.6367751626314
26.70000000000011 587.6367751620539
26.80000000000011 587.6367751614764
26.90000000000011 587.636775160899
27.00000000000011 587.6367751603215
27.10000000000012 587.636775159744
27.20000000000012 587.6367751591666
27.30000000000012 587.6367751585891
27.40000000000012 587.6367751580117
27.50000000000012 587.6367751574343
27.60000000000012 587.6367751568567
27.70000000000012 587.6367751562793
27.80000000000013 587.6367751557019
27.90000000000013 587.6367751551244
28.00000000000013 587.636775154547
28.10000000000013 587.6367751539694
28.20000000000013 587.636775153392
28.30000000000013 587.6367751528146
28.40000000000013 587.6367751522371
28.50000000000014 587.6367751516597
28.60000000000014 587.6367751510822
28.70000000000014 587.6367751505047
28.80000000000014 587.6367751499273
28.90000000000014 587.6367751493499
29.00000000000014 587.6367751487724
29.10000000000014 587.6367751481949
29.20000000000014 587.6367751476175
29.30000000000015 587.63677514704
29.40000000000015 587.6367751464626
29.50000000000015 587.6367751458851
29.60000000000015 587.6367751453076
29.70000000000015 587.6367751447302
29.80000000000015 587.6367751441527
29.90000000000015 587.6367751435753
30.00000000000016 587.6367751429979
30.10000000000016 587.6367751424203
30.20000000000016 587.6367751418429
30.30000000000016 587.6367751412655
30.40000000000016 587.636775140688
30.50000000000016 587.6367751401106
30.60000000000016 587.636775139533
30.70000000000017 587.6367751389556
30.80000000000017 587.6367751383782
30.90000000000017 587.6367751378007
31.00000000000017 587.6367751372233
31.10000000000017 587.6367751366458
31.20000000000017 587.6367751360683
31.30000000000017 587.6367751354909
31.40000000000018 587.6367751349135
31.50000000000018 587.6367751343359
31.60000000000018 587.6367751337585
31.70000000000018 587.6367751331811
31.80000000000018 587.6367751326036
31.90000000000018 587.6367751320262
32.00000000000018 587.6367751314486
32.10000000000019 587.6367751308712
32.20000000000019 587.6367751302938
32.30000000000019 587.6367751297163
32.40000000000019 587.6367751291389
32.50000000000019 587.6367751285615
32.60000000000019 587.6367751279839
32.70000000000019 587.6367751274065
32.8000000000002 587.6367751268291
32.9000000000002 587.6367751262516
33.0000000000002 587.6367751256741
33.1000000000002 587.6367751250966
33.2000000000002 587.6367751245192
33.3000000000002 587.6367751239418
33.4000000000002 587.6367751233643
33.50000000000021 587.6367751227868
33.60000000000021 587.6367751222094
33.70000000000021 587.6367751216319
33.80000000000021 587.6367751215616
33.90000000000021 587.6367751215598
34.00000000000021 587.636775121558
34.10000000000021 587.6367751215562
34.20000000000022 587.6367751215544
34.30000000000022 587.6367751215525
34.40000000000022 587.6367751215507
34.50000000000022 587.6367751215488
34.60000000000022 587.636775121547
34.70000000000022 587.6367751215452
34.80000000000022 587.6367751215433
34.90000000000023 587.6367751215415
35.00000000000023 587.6367751215397
35.10000000000023 587.6367751215379
35.20000000000023 587.6367751215359
35.30000000000023 587.6367751215341
35.40000000000023 587.6367751215323
35.50000000000023 587.6367751215305
35.60000000000024 587.6367751215287
35.70000000000024 587.6367751215269
35.80000000000024 587.636775121525
35.90000000000024 587.6367751215231
36.00000000000024 587.6367751215213
36.10000000000024 587.6367751215195
36.20000000000024 587.6367751215176
36.30000000000025 587.6367751215158
36.40000000000025 587.636775121514
36.50000000000025 587.6367751215122
36.60000000000025 587.6367751215103
36.70000000000025 587.6367751215084
36.80000000000025 587.6367751215066
36.90000000000025 587.6367751215048
37.00000000000026 587.636775121503
37.10000000000026 587.6367751215012
37.20000000000026 587.6367751214993
37.30000000000026 587.6367751214974
37.40000000000026 587.6367751214956
37.50000000000026 587.6367751214938
37.60000000000026 587.636775121492
37.70000000000027 587.6367751214901
37.80000000000027 587.6367751214883
37.90000000000027 587.6367751214865
38.00000000000027 587.6367751214846
38.10000000000027 587.6367751214827
38.20000000000027 587.6367751214809
38.30000000000027 587.6367751214791
38.40000000000028 587.6367751214773
38.50000000000028 587.6367751214755
38.60000000000028 587.6367751214736
38.70000000000028 587.6367751214717
38.80000000000028 587.6367751214699
38.90000000000028 587.6367751214681
39.00000000000028 587.6367751214663
39.10000000000029 587.6367751214644
39.20000000000029 587.6367751214626
39.30000000000029 587.6367751214608
39.40000000000029 587.6367751214589
39.50000000000029 587.636775121457
39.60000000000029 587.6367751214552
39.70000000000029 587.6367751214534
39.8000000000003 587.6367751214516
39.9000000000003 587.6367751214498
40.0000000000003 587.636775121448
40.1000000000003 587.636775121446
40.2000000000003 587.6367751214442
40.3000000000003 587.6367751214424
40.4000000000003 587.6367751214406
40.50000000000031 587.6367751214387
40.60000000000031 587.6367751214369
40.70000000000031 587.6367751214351
40.80000000000031 587.6367751214332
40.90000000000031 587.6367751214314
41.00000000000031 587.6367751214295
41.10000000000031 587.6367751214277
41.20000000000032 587.6367751214259
41.30000000000032 587.6367751214241
41.40000000000032 587.6367751214223
41.50000000000032 587.6367751214203
41.60000000000032 587.6367751214185
41.70000000000032 587.6367751214167
41.80000000000032 587.6367751214149
41.90000000000033 587.6367751214131
42.00000000000033 587.6367751214112
42.10000000000033 587.6367751214094
42.20000000000033 587.6367751214075
42.30000000000033 587.6367751214057
42.40000000000033 587.6367751214038
42.50000000000033 587.636775121402
42.60000000000034 587.6367751214002
42.70000000000034 587.6367751213984
42.80000000000034 587.6367751213966
42.90000000000034 587.6367751213946
43.00000000000034 587.6367751213928
43.10000000000034 587.636775121391
43.20000000000034 587.6367751213892
43.30000000000035 587.6367751213874
43.40000000000035 587.6367751213855
43.50000000000035 587.6367751213837
43.60000000000035 587.6367751213818
43.70000000000035 587.63677512138
43.80000000000035 587.6367751213782
43.90000000000035 587.6367751213763
44.00000000000036 587.6367751213745
44.10000000000036 587.6367751213727
44.20000000000036 587.6367751213709
44.30000000000036 587.6367751213689
44.40000000000036 587.6367751213671
44.50000000000036 587.6367751213653
44.60000000000036 587.6367751213635
44.70000000000037 587.6367751213617
44.80000000000037 587.6367751213598
44.90000000000037 587.636775121358
45.00000000000037 587.6367751213561
45.10000000000037 587.6367751213543
45.20000000000037 587.6367751213525
45.30000000000037 587.6367751213506
45.40000000000038 587.6367751213488
45.50000000000038 587.636775121347
45.60000000000038 587.6367751213452
45.70000000000038 587.6367751213432
45.80000000000038 587.6367751213414
45.90000000000038 587.6367751213396
46.00000000000038 587.6367751213378
46.10000000000039 587.636775121336
46.20000000000039 587.6367751213342
46.30000000000039 587.6367751213323
46.40000000000039 587.6367751213304
46.50000000000039 587.6367751213286
46.60000000000039 587.6367751213268
46.70000000000039 587.6367751213249
46.8000000000004 587.6367751213231
46.9000000000004 587.6367751213213
47.0000000000004 587.6367751213195
47.1000000000004 587.6367751213176
47.2000000000004 587.6367751213157
47.3000000000004 587.6367751213139
47.4000000000004 587.6367751213121
47.50000000000041 587.6367751213103
47.60000000000041 587.6367751213085
47.70000000000041 587.6367751213066
47.80000000000041 587.6367751213047
47.90000000000041 587.6367751213029
48.00000000000041 587.6367751213011
48.10000000000041 587.6367751212993
48.20000000000041 587.6367751212974
48.30000000000042 587.6367751212956
48.40000000000042 587.6367751212938
48.50000000000042 587.6367751212919
48.60000000000042 587.63677512129
48.70000000000042 587.6367751212882
48.80000000000042 587.6367751212864
48.90000000000042 587.6367751212846
49.00000000000043 587.6367751212828
49.10000000000043 587.6367751212809
49.20000000000043 587.636775121279
49.30000000000043 587.6367751212772
49.40000000000043 587.6367751212754
49.50000000000043 587.6367751212736
49.60000000000043 587.6367751212717
49.70000000000044 587.6367751212699
49.80000000000044 587.6367751212681
49.90000000000044 587.6367751212662