Time X1
0 250
0.1 250.2158459407322
0.2 250.4513858185125
0.3 250.7086505181324
0.4 250.9892548169314
0.5 251.2957723602416
0.6 251.630596401527
0.7 251.9963104357768
0.7999999999999999 252.3959571627628
0.8999999999999999 252.8324801762594
0.9999999999999999 253.3096316327685
1.1 253.8311907335776
1.2 254.4014767613615
1.3 255.0252256127938
1.4 255.7076439328797
1.5 256.4544883243445
1.6 257.2721153750542
1.7 258.1674754576476
1.8 259.1484191291434
1.900000000000001 260.2234561214497
2 261.4022612929036
2.100000000000001 262.6953140232253
2.200000000000001 264.1144129702063
2.300000000000001 265.6726820723705
2.400000000000001 267.3846605947069
2.500000000000001 269.2666294681178
2.600000000000001 271.3367321685201
2.700000000000001 273.6151943008117
2.800000000000001 276.1245215063752
2.900000000000001 278.8898044723972
3.000000000000001 281.9390998209549
3.100000000000001 285.3035135618916
3.200000000000002 289.0176599965171
3.300000000000002 293.1198598379035
3.400000000000002 297.6522436510457
3.500000000000002 302.6608693512087
3.600000000000002 308.1959798699914
3.700000000000002 314.3107852548518
3.800000000000002 321.0613424723657
3.900000000000002 328.5044138483559
4.000000000000002 336.6964680583167
4.100000000000001 345.6881649034128
4.200000000000001 355.5206095532972
4.300000000000001 366.2190350686542
4.4 377.783747666317
4.5 390.1808297158278
4.6 403.3324736584731
4.699999999999999 417.1079838527587
4.799999999999999 431.3196077396835
4.899999999999999 445.7246716481945
4.999999999999998 460.0387642046182
5.099999999999998 473.9555017416272
5.199999999999998 487.1765025078573
5.299999999999997 499.4416164326293
5.399999999999997 510.5545618338981
5.499999999999996 520.3977070065504
5.599999999999996 528.9337520481999
5.699999999999996 536.1958852095363
5.799999999999995 542.2707238106285
5.899999999999995 547.2789024111913
5.999999999999995 551.3572140684407
6.099999999999994 554.6446029173073
6.199999999999994 557.2723015790024
6.299999999999994 559.3584839529608
6.399999999999993 561.0058165102847
6.499999999999993 562.3010163703981
6.599999999999993 563.3158491416808
6.699999999999992 564.108896406472
6.799999999999992 564.7273277199909
6.899999999999991 565.2087871069903
6.999999999999991 565.5831141256023
7.099999999999991 565.8738847233304
7.19999999999999 566.0995655723061
7.29999999999999 566.274614143753
7.39999999999999 566.4103328226286
7.499999999999989 566.5155202705857
7.599999999999989 566.5970108483649
7.699999999999989 566.6601321040245
7.799999999999988 566.7090404051687
7.899999999999988 566.7469418556067
7.999999999999988 566.7762531672355
8.099999999999987 566.7989267256469
8.199999999999987 566.8164778660728
8.299999999999986 566.8300729363312
8.399999999999986 566.8405955598106
8.499999999999986 566.8487233123726
8.599999999999985 566.8550119088897
8.699999999999985 566.8598701407504
8.799999999999985 566.8636669776187
8.899999999999984 566.8666230088803
8.999999999999984 566.869027137032
9.099999999999984 566.8706991272644
9.199999999999983 566.8720618606212
9.299999999999983 566.8731451384648
9.399999999999983 566.8739587002116
9.499999999999982 566.8745737311367
9.599999999999982 566.8750419591531
9.699999999999982 566.8753905394857
9.799999999999981 566.8756684387688
9.899999999999981 566.8758821448474
9.99999999999998 566.8760547087762
10.09999999999998 566.8761895804743
10.19999999999998 566.8762973584579
10.29999999999998 566.8763811805929
10.39999999999998 566.8764467884969
10.49999999999998 566.8764980620757
10.59999999999998 566.8765373162676
10.69999999999998 566.8765684416454
10.79999999999998 566.8765921689367
10.89999999999998 566.8766111076338
10.99999999999998 566.8766256520585
11.09999999999998 566.8766372107061
11.19999999999998 566.876646173734
11.29999999999998 566.8766532063341
11.39999999999998 566.8766587266153
11.49999999999998 566.8766662666981
11.59999999999997 566.8766733337768
11.69999999999997 566.8766794816239
11.79999999999997 566.8766847102394
11.89999999999997 566.8766890196231
11.99999999999997 566.8766924097752
12.09999999999997 566.8766948806956
12.19999999999997 566.8766964323844
12.29999999999997 566.8766970648414
12.39999999999997 566.8766967780668
12.49999999999997 566.8766955720606
12.59999999999997 566.8766934468227
12.69999999999997 566.8766913929957
12.79999999999997 566.8766922686867
12.89999999999997 566.8766929113842
12.99999999999997 566.8766933210881
13.09999999999997 566.8766934977982
13.19999999999997 566.8766934415148
13.29999999999997 566.8766931522376
13.39999999999997 566.8766926299669
13.49999999999997 566.8766918747024
13.59999999999997 566.8766908864443
13.69999999999997 566.8766896651925
13.79999999999997 566.8766882109471
13.89999999999997 566.8766865237081
13.99999999999997 566.8766855721854
14.09999999999997 566.8766851167311
14.19999999999997 566.8766846612768
14.29999999999997 566.8766842058226
14.39999999999996 566.8766837503683
14.49999999999996 566.8766832949141
14.59999999999996 566.8766828394598
14.69999999999996 566.8766823840056
14.79999999999996 566.8766819285512
14.89999999999996 566.8766814730969
14.99999999999996 566.8766810176427
15.09999999999996 566.8766805621884
15.19999999999996 566.8766801067342
15.29999999999996 566.8766800544688
15.39999999999996 566.8766800408391
15.49999999999996 566.8766800272093
15.59999999999996 566.8766800135796
15.69999999999996 566.8766799999498
15.79999999999996 566.8766799863201
15.89999999999996 566.8766799726905
15.99999999999996 566.8766799590607
16.09999999999996 566.876679945431
16.19999999999996 566.8766799318012
16.29999999999996 566.8766799181715
16.39999999999996 566.8766799045417
16.49999999999996 566.876679890912
16.59999999999997 566.8766798772822
16.69999999999997 566.8766798636525
16.79999999999997 566.8766798500228
16.89999999999997 566.876679836393
16.99999999999997 566.8766798227633
17.09999999999997 566.8766798091335
17.19999999999997 566.8766797955038
17.29999999999998 566.876679781874
17.39999999999998 566.8766797682443
17.49999999999998 566.8766797546145
17.59999999999998 566.8766797409849
17.69999999999998 566.8766797273552
17.79999999999998 566.8766797137254
17.89999999999998 566.8766797000957
17.99999999999999 566.8766796864659
18.09999999999999 566.8766796728362
18.19999999999999 566.8766796592064
18.29999999999999 566.8766796455767
18.39999999999999 566.8766796319469
18.49999999999999 566.8766796183172
18.59999999999999 566.8766796046875
18.7 566.8766795910577
18.8 566.876679577428
18.9 566.8766795637982
19 566.8766795501685
19.1 566.8766795365387
19.2 566.8766795229091
19.3 566.8766795092793
19.40000000000001 566.8766794956496
19.50000000000001 566.8766794820199
19.60000000000001 566.8766794683901
19.70000000000001 566.8766794547604
19.80000000000001 566.8766794411306
19.90000000000001 566.8766794275009
20.00000000000001 566.8766794138711
20.10000000000002 566.8766794002414
20.20000000000002 566.8766793866116
20.30000000000002 566.8766793729819
20.40000000000002 566.8766793593522
20.50000000000002 566.8766793457224
20.60000000000002 566.8766793320927
20.70000000000002 566.8766793184629
20.80000000000003 566.8766793048333
20.90000000000003 566.8766792912035
21.00000000000003 566.8766792775738
21.10000000000003 566.876679263944
21.20000000000003 566.8766792503143
21.30000000000003 566.8766792366846
21.40000000000003 566.8766792230548
21.50000000000004 566.8766792094251
21.60000000000004 566.8766791957953
21.70000000000004 566.8766791821656
21.80000000000004 566.8766791685358
21.90000000000004 566.8766791549061
22.00000000000004 566.8766791412763
22.10000000000004 566.8766791276466
22.20000000000005 566.876679114017
22.30000000000005 566.8766791003872
22.40000000000005 566.8766790867575
22.50000000000005 566.8766790731277
22.60000000000005 566.876679059498
22.70000000000005 566.8766790458682
22.80000000000005 566.8766790322385
22.90000000000006 566.8766790186087
23.00000000000006 566.876679004979
23.10000000000006 566.8766789913493
23.20000000000006 566.8766789777195
23.30000000000006 566.8766789640898
23.40000000000006 566.87667895046
23.50000000000006 566.8766789368303
23.60000000000007 566.8766789232005
23.70000000000007 566.8766789095708
23.80000000000007 566.876678895941
23.90000000000007 566.8766788823114
24.00000000000007 566.8766788686817
24.10000000000007 566.8766788550519
24.20000000000007 566.8766788414222
24.30000000000008 566.8766788277924
24.40000000000008 566.8766788141627
24.50000000000008 566.8766788005329
24.60000000000008 566.8766787869032
24.70000000000008 566.8766787732734
24.80000000000008 566.8766787596437
24.90000000000008 566.876678746014
25.00000000000009 566.8766787323842
25.10000000000009 566.8766787187545
25.20000000000009 566.8766787051247
25.30000000000009 566.876678691495
25.40000000000009 566.8766786778652
25.50000000000009 566.8766786642356
25.60000000000009 566.8766786506058
25.7000000000001 566.8766786369761
25.8000000000001 566.8766786233464
25.9000000000001 566.8766786097166
26.0000000000001 566.8766785960869
26.1000000000001 566.8766785824571
26.2000000000001 566.8766785688274
26.3000000000001 566.8766785551976
26.40000000000011 566.8766785415679
26.50000000000011 566.8766785279381
26.60000000000011 566.8766785143084
26.70000000000011 566.8766785006787
26.80000000000011 566.8766784870489
26.90000000000011 566.8766784734192
27.00000000000011 566.8766784597894
27.10000000000012 566.8766784461598
27.20000000000012 566.87667843253
27.30000000000012 566.8766784189003
27.40000000000012 566.8766784052705
27.50000000000012 566.8766783916408
27.60000000000012 566.8766783780111
27.70000000000012 566.8766783643813
27.80000000000013 566.8766783507516
27.90000000000013 566.8766783418093
28.00000000000013 566.8766783414013
28.10000000000013 566.8766783409934
28.20000000000013 566.8766783405854
28.30000000000013 566.8766783401775
28.40000000000013 566.8766783397695
28.50000000000014 566.8766783393614
28.60000000000014 566.8766783389535
28.70000000000014 566.8766783385455
28.80000000000014 566.8766783381376
28.90000000000014 566.8766783377296
29.00000000000014 566.8766783373216
29.10000000000014 566.8766783369136
29.20000000000014 566.8766783365056
29.30000000000015 566.8766783360977
29.40000000000015 566.8766783356897
29.50000000000015 566.8766783352817
29.60000000000015 566.8766783348738
29.70000000000015 566.8766783344657
29.80000000000015 566.8766783340577
29.90000000000015 566.8766783336498
30.00000000000016 566.8766783332418
30.10000000000016 566.8766783328339
30.20000000000016 566.8766783324259
30.30000000000016 566.8766783320178
30.40000000000016 566.8766783316099
30.50000000000016 566.8766783312019
30.60000000000016 566.876678330794
30.70000000000017 566.876678330386
30.80000000000017 566.8766783299779
30.90000000000017 566.87667832957
31.00000000000017 566.876678329162
31.10000000000017 566.8766783287541
31.20000000000017 566.8766783283461
31.30000000000017 566.8766783279381
31.40000000000018 566.8766783275302
31.50000000000018 566.8766783271221
31.60000000000018 566.8766783267141
31.70000000000018 566.8766783263062
31.80000000000018 566.8766783258982
31.90000000000018 566.8766783254903
32.00000000000018 566.8766783250823
32.10000000000019 566.8766783246742
32.20000000000019 566.8766783242663
32.30000000000019 566.8766783238583
32.40000000000019 566.8766783234504
32.50000000000019 566.8766783230424
32.60000000000019 566.8766783226343
32.70000000000019 566.8766783222264
32.8000000000002 566.8766783218184
32.9000000000002 566.8766783214105
33.0000000000002 566.8766783210025
33.1000000000002 566.8766783205945
33.2000000000002 566.8766783201866
33.3000000000002 566.8766783197785
33.4000000000002 566.8766783193706
33.50000000000021 566.8766783189626
33.60000000000021 566.8766783185546
33.70000000000021 566.8766783181467
33.80000000000021 566.8766783177387
33.90000000000021 566.8766783173306
34.00000000000021 566.8766783169227
34.10000000000021 566.8766783165147
34.20000000000022 566.8766783161068
34.30000000000022 566.8766783156988
34.40000000000022 566.8766783152907
34.50000000000022 566.8766783148828
34.60000000000022 566.8766783144748
34.70000000000022 566.8766783140669
34.80000000000022 566.8766783136589
34.90000000000023 566.8766783132509
35.00000000000023 566.876678312843
35.10000000000023 566.8766783124349
35.20000000000023 566.876678312027
35.30000000000023 566.876678311619
35.40000000000023 566.876678311211
35.50000000000023 566.8766783108031
35.60000000000024 566.8766783103951
35.70000000000024 566.8766783099871
35.80000000000024 566.8766783095791
35.90000000000024 566.8766783091711
36.00000000000024 566.8766783087632
36.10000000000024 566.8766783083552
36.20000000000024 566.8766783079471
36.30000000000025 566.8766783075392
36.40000000000025 566.8766783071312
36.50000000000025 566.8766783067233
36.60000000000025 566.8766783063153
36.70000000000025 566.8766783059073
36.80000000000025 566.8766783054994
36.90000000000025 566.8766783050913
37.00000000000026 566.8766783046834
37.10000000000026 566.8766783042754
37.20000000000026 566.8766783038674
37.30000000000026 566.8766783034595
37.40000000000026 566.8766783030514
37.50000000000026 566.8766783026435
37.60000000000026 566.8766783022355
37.70000000000027 566.8766783018275
37.80000000000027 566.8766783014196
37.90000000000027 566.8766783010116
38.00000000000027 566.8766783006037
38.10000000000027 566.8766783001956
38.20000000000027 566.8766782997876
38.30000000000027 566.8766782993797
38.40000000000028 566.8766782989717
38.50000000000028 566.8766782985637
38.60000000000028 566.8766782981558
38.70000000000028 566.8766782977477
38.80000000000028 566.8766782973398
38.90000000000028 566.8766782969318
39.00000000000028 566.8766782965238
39.10000000000029 566.8766782961159
39.20000000000029 566.8766782957078
39.30000000000029 566.8766782952999
39.40000000000029 566.8766782948919
39.50000000000029 566.8766782944839
39.60000000000029 566.876678294076
39.70000000000029 566.876678293668
39.8000000000003 566.8766782932601
39.9000000000003 566.876678292852
40.0000000000003 566.876678292444
40.1000000000003 566.8766782920361
40.2000000000003 566.8766782916281
40.3000000000003 566.8766782912201
40.4000000000003 566.8766782908122
40.50000000000031 566.8766782904041
40.60000000000031 566.8766782903201
40.70000000000031 566.8766782903189
40.80000000000031 566.8766782903176
40.90000000000031 566.8766782903164
41.00000000000031 566.8766782903151
41.10000000000031 566.8766782903137
41.20000000000032 566.8766782903125
41.30000000000032 566.8766782903112
41.40000000000032 566.87667829031
41.50000000000032 566.8766782903087
41.60000000000032 566.8766782903075
41.70000000000032 566.8766782903062
41.80000000000032 566.876678290305
41.90000000000033 566.8766782903037
42.00000000000033 566.8766782903025
42.10000000000033 566.8766782903012
42.20000000000033 566.8766782903
42.30000000000033 566.8766782902987
42.40000000000033 566.8766782902975
42.50000000000033 566.8766782902962
42.60000000000034 566.876678290295
42.70000000000034 566.8766782902937
42.80000000000034 566.8766782902925
42.90000000000034 566.8766782902912
43.00000000000034 566.87667829029
43.10000000000034 566.8766782902887
43.20000000000034 566.8766782902875
43.30000000000035 566.8766782902862
43.40000000000035 566.876678290285
43.50000000000035 566.8766782902836
43.60000000000035 566.8766782902824
43.70000000000035 566.8766782902811
43.80000000000035 566.8766782902799
43.90000000000035 566.8766782902786
44.00000000000036 566.8766782902774
44.10000000000036 566.8766782902761
44.20000000000036 566.8766782902749
44.30000000000036 566.8766782902736
44.40000000000036 566.8766782902724
44.50000000000036 566.8766782902711
44.60000000000036 566.8766782902699
44.70000000000037 566.8766782902686
44.80000000000037 566.8766782902674
44.90000000000037 566.8766782902661
45.00000000000037 566.8766782902649
45.10000000000037 566.8766782902636
45.20000000000037 566.8766782902624
45.30000000000037 566.8766782902611
45.40000000000038 566.8766782902599
45.50000000000038 566.8766782902586
45.60000000000038 566.8766782902574
45.70000000000038 566.8766782902561
45.80000000000038 566.8766782902547
45.90000000000038 566.8766782902535
46.00000000000038 566.8766782902522
46.10000000000039 566.876678290251
46.20000000000039 566.8766782902497
46.30000000000039 566.8766782902485
46.40000000000039 566.8766782902472
46.50000000000039 566.876678290246
46.60000000000039 566.8766782902447
46.70000000000039 566.8766782902435
46.8000000000004 566.8766782902422
46.9000000000004 566.876678290241
47.0000000000004 566.8766782902397
47.1000000000004 566.8766782902385
47.2000000000004 566.8766782902372
47.3000000000004 566.876678290236
47.4000000000004 566.8766782902347
47.50000000000041 566.8766782902335
47.60000000000041 566.8766782902322
47.70000000000041 566.876678290231
47.80000000000041 566.8766782902297
47.90000000000041 566.8766782902285
48.00000000000041 566.8766782902272
48.10000000000041 566.8766782902259
48.20000000000041 566.8766782902246
48.30000000000042 566.8766782902234
48.40000000000042 566.8766782902221
48.50000000000042 566.8766782902209
48.60000000000042 566.8766782902196
48.70000000000042 566.8766782902184
48.80000000000042 566.8766782902171
48.90000000000042 566.8766782902159
49.00000000000043 566.8766782902146
49.10000000000043 566.8766782902134
49.20000000000043 566.8766782902121
49.30000000000043 566.8766782902109
49.40000000000043 566.8766782902096
49.50000000000043 566.8766782902084
49.60000000000043 566.8766782902071
49.70000000000044 566.8766782902059
49.80000000000044 566.8766782902046
49.90000000000044 566.8766782902034