Time X1
0 250
0.1 228.7964646326316
0.2 208.6913173439794
0.3 189.7215944446262
0.4 171.9804322902612
0.5 155.5838145192855
0.6 140.6417163056505
0.7 127.2336230907113
0.7999999999999999 115.3926186175785
0.8999999999999999 105.0993463059477
0.9999999999999999 96.28480243401094
1.1 88.84007553554552
1.2 82.62949496064179
1.3 77.50410069932893
1.4 73.31321910407925
1.5 69.91304565392385
1.6 67.17218610498742
1.7 64.97450846756819
1.8 63.22005063695579
1.900000000000001 61.82413699901394
2 60.71674064740829
2.100000000000001 59.8401409491083
2.200000000000001 59.14748874394009
2.300000000000001 58.60096428947153
2.400000000000001 58.17021426788318
2.500000000000001 57.83102378424464
2.600000000000001 57.56411423901956
2.700000000000001 57.35419868099017
2.800000000000001 57.1891786984195
2.900000000000001 57.05949197041411
3.000000000000001 56.95760255203501
3.100000000000001 56.87757092452132
3.200000000000002 56.81471884620854
3.300000000000002 56.76536738311289
3.400000000000002 56.72661354255417
3.500000000000002 56.69618685058106
3.600000000000002 56.67230067960805
3.700000000000002 56.65354990038098
3.800000000000002 56.63883170283935
3.900000000000002 56.6272779101428
4.000000000000002 56.6182085744133
4.100000000000001 56.61109075960279
4.200000000000001 56.6055050192375
4.300000000000001 56.60111692041721
4.4 56.59767142218107
4.5 56.59496977878287
4.6 56.5928517286952
4.699999999999999 56.59118938153086
4.799999999999999 56.58988378269265
4.899999999999999 56.58885927286639
4.999999999999998 56.58805665705162
5.099999999999998 56.58742748555265
5.199999999999998 56.58693407141885
5.299999999999997 56.58654540810841
5.399999999999997 56.58623665468675
5.499999999999996 56.58599445619794
5.599999999999996 56.58580019434147
5.699999999999996 56.58565494573933
5.799999999999995 56.58553678661032
5.899999999999995 56.58544325469371
5.999999999999995 56.58537322391648
6.099999999999994 56.58531833280718
6.199999999999994 56.58527677329428
6.299999999999994 56.58524464257362
6.399999999999993 56.58521884608538
6.499999999999993 56.58519871740567
6.599999999999993 56.58518223470561
6.699999999999992 56.58516919433043
6.799999999999992 56.58515864909757
6.899999999999991 56.58515028628074
6.999999999999991 56.58514371805754
7.099999999999991 56.58513845444646
7.19999999999999 56.58513440276078
7.29999999999999 56.58513113816304
7.39999999999999 56.58512860093857
7.499999999999989 56.5851265802649
7.599999999999989 56.5851249709711
7.699999999999989 56.58512371463473
7.799999999999988 56.58512269791091
7.899999999999988 56.58512190811417
7.999999999999988 56.58512127111908
8.099999999999987 56.58512074608031
8.199999999999987 56.58511999286997
8.299999999999986 56.58511932322553
8.399999999999986 56.58511873714701
8.499999999999986 56.58511823463441
8.599999999999985 56.58511781568772
8.699999999999985 56.58511748030696
8.799999999999985 56.5851172284921
8.899999999999984 56.58511706024316
8.999999999999984 56.58511697556013
9.099999999999984 56.58511697444303
9.199999999999983 56.58511705689183
9.299999999999983 56.58511722290655
9.399999999999983 56.58511747248719
9.499999999999982 56.58511749920421
9.599999999999982 56.58511742415054
9.699999999999982 56.58511737029057
9.799999999999981 56.58511733762429
9.899999999999981 56.5851173261517
9.99999999999998 56.58511733587279
10.09999999999998 56.58511736678759
10.19999999999998 56.58511741889606
10.29999999999998 56.58511749219824
10.39999999999998 56.5851175866941
10.49999999999998 56.58511770238365
10.59999999999998 56.58511783926689
10.69999999999998 56.58511799734383
10.79999999999998 56.58511811868902
10.89999999999998 56.58511816249841
10.99999999999998 56.5851182063078
11.09999999999998 56.58511825011719
11.19999999999998 56.58511829392658
11.29999999999998 56.58511833773598
11.39999999999998 56.58511838154537
11.49999999999998 56.58511842535476
11.59999999999997 56.58511846916416
11.69999999999997 56.58511851297355
11.79999999999997 56.58511855678294
11.89999999999997 56.58511860059234
11.99999999999997 56.58511864440173
12.09999999999997 56.58511868821113
12.19999999999997 56.58511869147141
12.29999999999997 56.58511869278339
12.39999999999997 56.58511869409538
12.49999999999997 56.58511869540737
12.59999999999997 56.58511869671935
12.69999999999997 56.58511869803134
12.79999999999997 56.58511869934333
12.89999999999997 56.58511870065531
12.99999999999997 56.5851187019673
13.09999999999997 56.58511870327929
13.19999999999997 56.58511870459127
13.29999999999997 56.58511870590326
13.39999999999997 56.58511870721524
13.49999999999997 56.58511870852723
13.59999999999997 56.58511870983921
13.69999999999997 56.5851187111512
13.79999999999997 56.58511871246318
13.89999999999997 56.58511871377517
13.99999999999997 56.58511871508716
14.09999999999997 56.58511871639914
14.19999999999997 56.58511871771113
14.29999999999997 56.58511871902312
14.39999999999996 56.5851187203351
14.49999999999996 56.58511872164709
14.59999999999996 56.58511872295907
14.69999999999996 56.58511872427106
14.79999999999996 56.58511872558305
14.89999999999996 56.58511872689503
14.99999999999996 56.58511872820702
15.09999999999996 56.58511872951901
15.19999999999996 56.58511873083099
15.29999999999996 56.58511873214298
15.39999999999996 56.58511873345497
15.49999999999996 56.58511873476695
15.59999999999996 56.58511873607894
15.69999999999996 56.58511873739093
15.79999999999996 56.58511873870291
15.89999999999996 56.5851187400149
15.99999999999996 56.58511874132689
16.09999999999996 56.58511874263887
16.19999999999996 56.58511874395086
16.29999999999996 56.58511874526285
16.39999999999996 56.58511874657483
16.49999999999996 56.58511874788682
16.59999999999997 56.58511874919881
16.69999999999997 56.58511875051079
16.79999999999997 56.58511875182278
16.89999999999997 56.58511875313476
16.99999999999997 56.58511875444675
17.09999999999997 56.58511875575874
17.19999999999997 56.58511875707072
17.29999999999998 56.58511875838271
17.39999999999998 56.58511875969469
17.49999999999998 56.58511876100668
17.59999999999998 56.58511876231866
17.69999999999998 56.58511876363065
17.79999999999998 56.58511876494264
17.89999999999998 56.58511876625462
17.99999999999999 56.58511876756661
18.09999999999999 56.58511876887859
18.19999999999999 56.58511877019058
18.29999999999999 56.58511877150257
18.39999999999999 56.58511877281455
18.49999999999999 56.58511877412654
18.59999999999999 56.58511877543853
18.7 56.58511877675051
18.8 56.5851187780625
18.9 56.58511877937449
19 56.58511878068647
19.1 56.58511878199846
19.2 56.58511878331045
19.3 56.58511878462243
19.40000000000001 56.58511878593442
19.50000000000001 56.5851187872464
19.60000000000001 56.58511878855839
19.70000000000001 56.58511878987038
19.80000000000001 56.58511879118236
19.90000000000001 56.58511879249435
20.00000000000001 56.58511879380634
20.10000000000002 56.58511879511832
20.20000000000002 56.58511879643031
20.30000000000002 56.5851187977423
20.40000000000002 56.58511879905428
20.50000000000002 56.58511880036627
20.60000000000002 56.58511880167826
20.70000000000002 56.58511880299024
20.80000000000003 56.58511880430223
20.90000000000003 56.58511880561421
21.00000000000003 56.5851188069262
21.10000000000003 56.58511880823819
21.20000000000003 56.58511880955017
21.30000000000003 56.58511881086216
21.40000000000003 56.58511881217414
21.50000000000004 56.58511881348613
21.60000000000004 56.58511881479811
21.70000000000004 56.5851188161101
21.80000000000004 56.58511881742209
21.90000000000004 56.58511881873407
22.00000000000004 56.58511882004606
22.10000000000004 56.58511882135804
22.20000000000005 56.58511882267003
22.30000000000005 56.58511882398202
22.40000000000005 56.585118825294
22.50000000000005 56.58511882660599
22.60000000000005 56.58511882791798
22.70000000000005 56.58511882922996
22.80000000000005 56.58511883054195
22.90000000000006 56.58511883185394
23.00000000000006 56.58511883316592
23.10000000000006 56.58511883447791
23.20000000000006 56.5851188357899
23.30000000000006 56.58511883710188
23.40000000000006 56.58511883841387
23.50000000000006 56.58511883972586
23.60000000000007 56.58511884103784
23.70000000000007 56.58511884234983
23.80000000000007 56.58511884366182
23.90000000000007 56.5851188449738
24.00000000000007 56.58511884628579
24.10000000000007 56.58511884759778
24.20000000000007 56.58511884890976
24.30000000000008 56.58511885022175
24.40000000000008 56.58511885153374
24.50000000000008 56.58511885284572
24.60000000000008 56.58511885415771
24.70000000000008 56.58511885546969
24.80000000000008 56.58511885678168
24.90000000000008 56.58511885809367
25.00000000000009 56.58511885940565
25.10000000000009 56.58511886071764
25.20000000000009 56.58511886202962
25.30000000000009 56.58511886334161
25.40000000000009 56.58511886465359
25.50000000000009 56.58511886566871
25.60000000000009 56.585118865708
25.7000000000001 56.58511886574729
25.8000000000001 56.58511886578658
25.9000000000001 56.58511886582588
26.0000000000001 56.58511886586517
26.1000000000001 56.58511886590446
26.2000000000001 56.58511886594376
26.3000000000001 56.58511886598304
26.40000000000011 56.58511886602233
26.50000000000011 56.58511886606163
26.60000000000011 56.58511886610092
26.70000000000011 56.58511886614021
26.80000000000011 56.58511886617951
26.90000000000011 56.5851188662188
27.00000000000011 56.58511886625809
27.10000000000012 56.58511886629738
27.20000000000012 56.58511886633667
27.30000000000012 56.58511886637596
27.40000000000012 56.58511886641526
27.50000000000012 56.58511886645455
27.60000000000012 56.58511886649384
27.70000000000012 56.58511886653313
27.80000000000013 56.58511886657242
27.90000000000013 56.58511886661172
28.00000000000013 56.58511886665101
28.10000000000013 56.5851188666903
28.20000000000013 56.58511886672959
28.30000000000013 56.58511886676889
28.40000000000013 56.58511886680817
28.50000000000014 56.58511886684747
28.60000000000014 56.58511886688676
28.70000000000014 56.58511886692605
28.80000000000014 56.58511886696535
28.90000000000014 56.58511886700464
29.00000000000014 56.58511886704393
29.10000000000014 56.58511886708322
29.20000000000014 56.58511886712251
29.30000000000015 56.5851188671618
29.40000000000015 56.5851188672011
29.50000000000015 56.58511886724039
29.60000000000015 56.58511886727968
29.70000000000015 56.58511886731898
29.80000000000015 56.58511886735826
29.90000000000015 56.58511886739755
30.00000000000016 56.58511886743685
30.10000000000016 56.58511886747614
30.20000000000016 56.58511886751543
30.30000000000016 56.58511886755473
30.40000000000016 56.58511886759402
30.50000000000016 56.58511886763331
30.60000000000016 56.5851188676726
30.70000000000017 56.58511886771189
30.80000000000017 56.58511886775118
30.90000000000017 56.58511886779048
31.00000000000017 56.58511886782977
31.10000000000017 56.58511886786906
31.20000000000017 56.58511886790835
31.30000000000017 56.58511886794764
31.40000000000018 56.58511886798694
31.50000000000018 56.58511886802623
31.60000000000018 56.58511886806552
31.70000000000018 56.58511886810481
31.80000000000018 56.58511886814411
31.90000000000018 56.58511886818339
32.00000000000018 56.58511886822269
32.10000000000019 56.58511886826198
32.20000000000019 56.58511886830127
32.30000000000019 56.58511886834057
32.40000000000019 56.58511886837986
32.50000000000019 56.58511886841915
32.60000000000019 56.58511886845844
32.70000000000019 56.58511886849773
32.8000000000002 56.58511886853702
32.9000000000002 56.58511886857632
33.0000000000002 56.58511886861561
33.1000000000002 56.5851188686549
33.2000000000002 56.5851188686942
33.3000000000002 56.58511886873348
33.4000000000002 56.58511886877277
33.50000000000021 56.58511886881207
33.60000000000021 56.58511886885136
33.70000000000021 56.58511886889065
33.80000000000021 56.58511886892995
33.90000000000021 56.58511886896924
34.00000000000021 56.58511886900853
34.10000000000021 56.58511886904782
34.20000000000022 56.58511886908711
34.30000000000022 56.5851188691264
34.40000000000022 56.5851188691657
34.50000000000022 56.58511886920499
34.60000000000022 56.58511886924428
34.70000000000022 56.58511886928357
34.80000000000022 56.58511886932286
34.90000000000023 56.58511886936216
35.00000000000023 56.58511886940145
35.10000000000023 56.58511886944074
35.20000000000023 56.58511886948003
35.30000000000023 56.58511886951933
35.40000000000023 56.58511886955861
35.50000000000023 56.58511886959791
35.60000000000024 56.5851188696372
35.70000000000024 56.58511886967649
35.80000000000024 56.58511886971579
35.90000000000024 56.58511886975508
36.00000000000024 56.58511886979437
36.10000000000024 56.58511886983366
36.20000000000024 56.58511886987295
36.30000000000025 56.58511886991224
36.40000000000025 56.58511886995154
36.50000000000025 56.58511886999083
36.60000000000025 56.58511887003012
36.70000000000025 56.58511887006942
36.80000000000025 56.5851188701087
36.90000000000025 56.58511887014799
37.00000000000026 56.58511887018729
37.10000000000026 56.58511887022658
37.20000000000026 56.58511887026587
37.30000000000026 56.58511887030517
37.40000000000026 56.58511887034446
37.50000000000026 56.58511887038375
37.60000000000026 56.58511887042304
37.70000000000027 56.58511887046233
37.80000000000027 56.58511887050162
37.90000000000027 56.58511887054092
38.00000000000027 56.58511887058021
38.10000000000027 56.5851188706195
38.20000000000027 56.58511887065879
38.30000000000027 56.58511887069808
38.40000000000028 56.58511887073738
38.50000000000028 56.58511887077667
38.60000000000028 56.58511887081596
38.70000000000028 56.58511887085525
38.80000000000028 56.58511887089455
38.90000000000028 56.58511887091376
39.00000000000028 56.58511887091388
39.10000000000029 56.585118870914
39.20000000000029 56.58511887091412
39.30000000000029 56.58511887091424
39.40000000000029 56.58511887091436
39.50000000000029 56.58511887091449
39.60000000000029 56.58511887091461
39.70000000000029 56.58511887091473
39.8000000000003 56.58511887091485
39.9000000000003 56.58511887091497
40.0000000000003 56.58511887091509
40.1000000000003 56.58511887091521
40.2000000000003 56.58511887091533
40.3000000000003 56.58511887091545
40.4000000000003 56.58511887091557
40.50000000000031 56.58511887091569
40.60000000000031 56.58511887091581
40.70000000000031 56.58511887091593
40.80000000000031 56.58511887091606
40.90000000000031 56.58511887091618
41.00000000000031 56.5851188709163
41.10000000000031 56.58511887091642
41.20000000000032 56.58511887091655
41.30000000000032 56.58511887091667
41.40000000000032 56.58511887091679
41.50000000000032 56.58511887091691
41.60000000000032 56.58511887091703
41.70000000000032 56.58511887091715
41.80000000000032 56.58511887091727
41.90000000000033 56.58511887091739
42.00000000000033 56.58511887091751
42.10000000000033 56.58511887091763
42.20000000000033 56.58511887091775
42.30000000000033 56.58511887091787
42.40000000000033 56.585118870918
42.50000000000033 56.58511887091812
42.60000000000034 56.58511887091824
42.70000000000034 56.58511887091836
42.80000000000034 56.58511887091848
42.90000000000034 56.5851188709186
43.00000000000034 56.58511887091872
43.10000000000034 56.58511887091884
43.20000000000034 56.58511887091896
43.30000000000035 56.58511887091908
43.40000000000035 56.5851188709192
43.50000000000035 56.58511887091932
43.60000000000035 56.58511887091944
43.70000000000035 56.58511887091957
43.80000000000035 56.58511887091969
43.90000000000035 56.58511887091981
44.00000000000036 56.58511887091993
44.10000000000036 56.58511887092005
44.20000000000036 56.58511887092017
44.30000000000036 56.58511887092029
44.40000000000036 56.58511887092041
44.50000000000036 56.58511887092053
44.60000000000036 56.58511887092065
44.70000000000037 56.58511887092077
44.80000000000037 56.58511887092089
44.90000000000037 56.58511887092101
45.00000000000037 56.58511887092114
45.10000000000037 56.58511887092126
45.20000000000037 56.58511887092138
45.30000000000037 56.5851188709215
45.40000000000038 56.58511887092162
45.50000000000038 56.58511887092174
45.60000000000038 56.58511887092186
45.70000000000038 56.58511887092198
45.80000000000038 56.5851188709221
45.90000000000038 56.58511887092222
46.00000000000038 56.58511887092235
46.10000000000039 56.58511887092247
46.20000000000039 56.58511887092259
46.30000000000039 56.58511887092271
46.40000000000039 56.58511887092283
46.50000000000039 56.58511887092295
46.60000000000039 56.58511887092308
46.70000000000039 56.5851188709232
46.8000000000004 56.58511887092332
46.9000000000004 56.58511887092344
47.0000000000004 56.58511887092356
47.1000000000004 56.58511887092368
47.2000000000004 56.5851188709238
47.3000000000004 56.58511887092392
47.4000000000004 56.58511887092404
47.50000000000041 56.58511887092416
47.60000000000041 56.58511887092428
47.70000000000041 56.5851188709244
47.80000000000041 56.58511887092452
47.90000000000041 56.58511887092465
48.00000000000041 56.58511887092477
48.10000000000041 56.58511887092489
48.20000000000041 56.58511887092501
48.30000000000042 56.58511887092513
48.40000000000042 56.58511887092525
48.50000000000042 56.58511887092537
48.60000000000042 56.58511887092549
48.70000000000042 56.58511887092561
48.80000000000042 56.58511887092573
48.90000000000042 56.58511887092585
49.00000000000043 56.58511887092597
49.10000000000043 56.5851188709261
49.20000000000043 56.58511887092622
49.30000000000043 56.58511887092634
49.40000000000043 56.58511887092646
49.50000000000043 56.58511887092658
49.60000000000043 56.5851188709267
49.70000000000044 56.58511887092682
49.80000000000044 56.58511887092694
49.90000000000044 56.58511887092706