Time X1
0 250
0.1 250.2178020453424
0.2 250.4554835460887
0.3 250.7150826948003
0.4 250.9982448997209
0.5 251.3075632622058
0.6 251.645450835479
0.7 252.0145206039566
0.7999999999999999 252.4178352849998
0.8999999999999999 252.8583902366442
0.9999999999999999 253.3399516866137
1.1 253.8663484835299
1.2 254.4419424415242
1.3 255.0715173736957
1.4 255.7603336403372
1.5 256.5142098708452
1.6 257.3395655862673
1.7 258.2434296655993
1.8 259.233735435421
1.900000000000001 260.3190864107996
2 261.50926332159
2.100000000000001 262.8148577952744
2.200000000000001 264.247811822711
2.300000000000001 265.8213898278227
2.400000000000001 267.5503014088928
2.500000000000001 269.4510168165573
2.600000000000001 271.541890704272
2.700000000000001 273.8433833313563
2.800000000000001 276.3782595504155
2.900000000000001 279.171911928731
3.000000000000001 282.2527167854749
3.100000000000001 285.6521361332999
3.200000000000002 289.4051753118699
3.300000000000002 293.5505701642982
3.400000000000002 298.1308678596725
3.500000000000002 303.1925795033379
3.600000000000002 308.7863646141452
3.700000000000002 314.9657633551659
3.800000000000002 321.7870656946506
3.900000000000002 329.3071062280674
4.000000000000002 337.5820840367325
4.100000000000001 346.6619146432475
4.200000000000001 356.5864434970255
4.300000000000001 367.3787372809185
4.4 379.0360953341512
4.5 391.5204270170964
4.6 404.7487448541659
4.699999999999999 418.5844759941282
4.799999999999999 432.8336004386708
4.899999999999999 447.2482822017116
4.999999999999998 461.5403683618022
5.099999999999998 475.4026413379638
5.199999999999998 488.5390906864591
5.299999999999997 500.6950253726853
5.399999999999997 511.6818231244164
5.499999999999996 521.3903916198494
5.599999999999996 529.7915031783922
5.699999999999996 536.9249578726136
5.799999999999995 542.8820030601721
5.899999999999995 547.7858895626578
5.999999999999995 551.7743341940007
6.099999999999994 554.9859875498033
6.199999999999994 557.550922208315
6.299999999999994 559.5858555639824
6.399999999999993 561.1918098026783
6.499999999999993 562.4538919104075
6.599999999999993 563.4424005277781
6.699999999999992 564.2146322685026
6.799999999999992 564.8166758234964
6.899999999999991 565.2852761980312
6.999999999999991 565.6495375324112
7.099999999999991 565.9324477224052
7.19999999999999 566.152000436736
7.29999999999999 566.3222741578234
7.39999999999999 566.4542737757235
7.499999999999989 566.5565712947938
7.599999999999989 566.6358180708133
7.699999999999989 566.6971934893992
7.799999999999988 566.7447528077653
7.899999999999988 566.7815954736084
7.999999999999988 566.8100920014383
8.099999999999987 566.8321279114953
8.199999999999987 566.8491889225276
8.299999999999986 566.8624024110482
8.399999999999986 566.8726295694993
8.499999999999986 566.8805255804444
8.599999999999985 566.8866377122141
8.699999999999985 566.8913576351383
8.799999999999985 566.8950541698963
8.899999999999984 566.8979253342651
8.999999999999984 566.9002443685697
9.099999999999984 566.9018819451148
9.199999999999983 566.9032115603735
9.299999999999983 566.9042641834415
9.399999999999983 566.9050486911464
9.499999999999982 566.9056470593979
9.599999999999982 566.9060983066564
9.699999999999982 566.9064381160782
9.799999999999981 566.9067080293441
9.899999999999981 566.9069161064663
9.99999999999998 566.9070842654837
10.09999999999998 566.9072153868372
10.19999999999998 566.9073204128603
10.29999999999998 566.9074016299156
10.39999999999998 566.907465590643
10.49999999999998 566.90751518607
10.59999999999998 566.9075534529876
10.69999999999998 566.9075836345818
10.79999999999998 566.9076067008339
10.89999999999998 566.9076251107765
10.99999999999998 566.907639220869
11.09999999999998 566.9076504752994
11.19999999999998 566.9076591542275
11.29999999999998 566.9076660100625
11.39999999999998 566.9076713726342
11.49999999999998 566.9076792557769
11.59999999999997 566.9076862176372
11.69999999999997 566.9076922582151
11.79999999999997 566.9076973775105
11.89999999999997 566.9077015755237
11.99999999999997 566.9077048522545
12.09999999999997 566.9077072077027
12.19999999999997 566.9077086418688
12.29999999999997 566.9077091547524
12.39999999999997 566.9077087463536
12.49999999999997 566.9077074166725
12.59999999999997 566.9077051657089
12.69999999999997 566.9077036035395
12.79999999999997 566.907704449531
12.89999999999997 566.9077050619089
12.99999999999997 566.9077054406733
13.09999999999997 566.9077055858241
13.19999999999997 566.9077054973615
13.29999999999997 566.9077051752853
13.39999999999997 566.9077046195955
13.49999999999997 566.9077038302921
13.59999999999997 566.9077028073752
13.69999999999997 566.9077015508448
13.79999999999997 566.9077000607008
13.89999999999997 566.9076983369433
13.99999999999997 566.9076975863109
14.09999999999997 566.9076971297368
14.19999999999997 566.9076966731627
14.29999999999997 566.9076962165886
14.39999999999996 566.9076957600145
14.49999999999996 566.9076953034404
14.59999999999996 566.9076948468663
14.69999999999996 566.9076943902922
14.79999999999996 566.9076939337182
14.89999999999996 566.9076934771441
14.99999999999996 566.90769302057
15.09999999999996 566.907692563996
15.19999999999996 566.9076921376505
15.29999999999996 566.90769212398
15.39999999999996 566.9076921103095
15.49999999999996 566.9076920966389
15.59999999999996 566.9076920829684
15.69999999999996 566.9076920692979
15.79999999999996 566.9076920556273
15.89999999999996 566.9076920419568
15.99999999999996 566.9076920282863
16.09999999999996 566.9076920146157
16.19999999999996 566.9076920009452
16.29999999999996 566.9076919872747
16.39999999999996 566.9076919736041
16.49999999999996 566.9076919599336
16.59999999999997 566.9076919462631
16.69999999999997 566.9076919325925
16.79999999999997 566.907691918922
16.89999999999997 566.9076919052515
16.99999999999997 566.907691891581
17.09999999999997 566.9076918779103
17.19999999999997 566.9076918642398
17.29999999999998 566.9076918505693
17.39999999999998 566.9076918368987
17.49999999999998 566.9076918232282
17.59999999999998 566.9076918095577
17.69999999999998 566.9076917958871
17.79999999999998 566.9076917822166
17.89999999999998 566.9076917685461
17.99999999999999 566.9076917548755
18.09999999999999 566.907691741205
18.19999999999999 566.9076917275345
18.29999999999999 566.907691713864
18.39999999999999 566.9076917001934
18.49999999999999 566.9076916865229
18.59999999999999 566.9076916728524
18.7 566.9076916591818
18.8 566.9076916455112
18.9 566.9076916318407
19 566.9076916181701
19.1 566.9076916044996
19.2 566.9076915908291
19.3 566.9076915771585
19.40000000000001 566.907691563488
19.50000000000001 566.9076915498175
19.60000000000001 566.9076915361469
19.70000000000001 566.9076915224764
19.80000000000001 566.9076915088059
19.90000000000001 566.9076914951354
20.00000000000001 566.9076914814648
20.10000000000002 566.9076914677943
20.20000000000002 566.9076914541238
20.30000000000002 566.9076914404532
20.40000000000002 566.9076914267827
20.50000000000002 566.9076914131122
20.60000000000002 566.9076913994415
20.70000000000002 566.907691385771
20.80000000000003 566.9076913721005
20.90000000000003 566.9076913584299
21.00000000000003 566.9076913447594
21.10000000000003 566.9076913310889
21.20000000000003 566.9076913174184
21.30000000000003 566.9076913037478
21.40000000000003 566.9076912900773
21.50000000000004 566.9076912764068
21.60000000000004 566.9076912627362
21.70000000000004 566.9076912490657
21.80000000000004 566.9076912353952
21.90000000000004 566.9076912217246
22.00000000000004 566.9076912080541
22.10000000000004 566.9076911943836
22.20000000000005 566.907691180713
22.30000000000005 566.9076911670425
22.40000000000005 566.907691153372
22.50000000000005 566.9076911397015
22.60000000000005 566.9076911260308
22.70000000000005 566.9076911123603
22.80000000000005 566.9076910986898
22.90000000000006 566.9076910850192
23.00000000000006 566.9076910713487
23.10000000000006 566.9076910576782
23.20000000000006 566.9076910440076
23.30000000000006 566.9076910303371
23.40000000000006 566.9076910166666
23.50000000000006 566.907691002996
23.60000000000007 566.9076909893255
23.70000000000007 566.907690975655
23.80000000000007 566.9076909619844
23.90000000000007 566.9076909483139
24.00000000000007 566.9076909346434
24.10000000000007 566.9076909209729
24.20000000000007 566.9076909073023
24.30000000000008 566.9076908936318
24.40000000000008 566.9076908799613
24.50000000000008 566.9076908662906
24.60000000000008 566.9076908526201
24.70000000000008 566.9076908389496
24.80000000000008 566.907690825279
24.90000000000008 566.9076908116085
25.00000000000009 566.907690797938
25.10000000000009 566.9076907842674
25.20000000000009 566.9076907705969
25.30000000000009 566.9076907569264
25.40000000000009 566.9076907432559
25.50000000000009 566.9076907295853
25.60000000000009 566.9076907159148
25.7000000000001 566.9076907022443
25.8000000000001 566.9076906885737
25.9000000000001 566.9076906749032
26.0000000000001 566.9076906612327
26.1000000000001 566.907690647562
26.2000000000001 566.9076906338915
26.3000000000001 566.907690620221
26.40000000000011 566.9076906065504
26.50000000000011 566.9076905928799
26.60000000000011 566.9076905792094
26.70000000000011 566.9076905655388
26.80000000000011 566.9076905518683
26.90000000000011 566.9076905381978
27.00000000000011 566.9076905245273
27.10000000000012 566.9076905108567
27.20000000000012 566.9076904971862
27.30000000000012 566.9076904835157
27.40000000000012 566.9076904698451
27.50000000000012 566.9076904561746
27.60000000000012 566.9076904425041
27.70000000000012 566.9076904288335
27.80000000000013 566.907690415163
27.90000000000013 566.9076904095723
28.00000000000013 566.9076904091629
28.10000000000013 566.9076904087535
28.20000000000013 566.907690408344
28.30000000000013 566.9076904079346
28.40000000000013 566.9076904075253
28.50000000000014 566.9076904071159
28.60000000000014 566.9076904067065
28.70000000000014 566.9076904062971
28.80000000000014 566.9076904058876
28.90000000000014 566.9076904054782
29.00000000000014 566.9076904050688
29.10000000000014 566.9076904046594
29.20000000000014 566.90769040425
29.30000000000015 566.9076904038407
29.40000000000015 566.9076904034312
29.50000000000015 566.9076904030218
29.60000000000015 566.9076904026124
29.70000000000015 566.907690402203
29.80000000000015 566.9076904017936
29.90000000000015 566.9076904013842
30.00000000000016 566.9076904009748
30.10000000000016 566.9076904005653
30.20000000000016 566.907690400156
30.30000000000016 566.9076903997466
30.40000000000016 566.9076903993372
30.50000000000016 566.9076903989278
30.60000000000016 566.9076903985184
30.70000000000017 566.9076903981089
30.80000000000017 566.9076903976995
30.90000000000017 566.9076903972901
31.00000000000017 566.9076903968808
31.10000000000017 566.9076903964714
31.20000000000017 566.907690396062
31.30000000000017 566.9076903956525
31.40000000000018 566.9076903952431
31.50000000000018 566.9076903948337
31.60000000000018 566.9076903944243
31.70000000000018 566.9076903940149
31.80000000000018 566.9076903936055
31.90000000000018 566.907690393196
32.00000000000018 566.9076903927867
32.10000000000019 566.9076903923773
32.20000000000019 566.9076903919679
32.30000000000019 566.9076903915585
32.40000000000019 566.9076903911491
32.50000000000019 566.9076903907396
32.60000000000019 566.9076903903302
32.70000000000019 566.9076903899208
32.8000000000002 566.9076903895115
32.9000000000002 566.9076903891021
33.0000000000002 566.9076903886927
33.1000000000002 566.9076903882833
33.2000000000002 566.9076903878738
33.3000000000002 566.9076903874644
33.4000000000002 566.907690387055
33.50000000000021 566.9076903866456
33.60000000000021 566.9076903862363
33.70000000000021 566.9076903858269
33.80000000000021 566.9076903854174
33.90000000000021 566.907690385008
34.00000000000021 566.9076903845986
34.10000000000021 566.9076903841892
34.20000000000022 566.9076903837798
34.30000000000022 566.9076903833704
34.40000000000022 566.9076903829609
34.50000000000022 566.9076903825516
34.60000000000022 566.9076903821422
34.70000000000022 566.9076903817328
34.80000000000022 566.9076903813234
34.90000000000023 566.907690380914
35.00000000000023 566.9076903805045
35.10000000000023 566.9076903800951
35.20000000000023 566.9076903796857
35.30000000000023 566.9076903792763
35.40000000000023 566.907690378867
35.50000000000023 566.9076903784576
35.60000000000024 566.9076903780482
35.70000000000024 566.9076903776387
35.80000000000024 566.9076903772293
35.90000000000024 566.9076903768199
36.00000000000024 566.9076903764105
36.10000000000024 566.9076903760011
36.20000000000024 566.9076903755918
36.30000000000025 566.9076903751823
36.40000000000025 566.9076903747729
36.50000000000025 566.9076903743635
36.60000000000025 566.9076903739541
36.70000000000025 566.9076903735447
36.80000000000025 566.9076903731353
36.90000000000025 566.9076903727258
37.00000000000026 566.9076903723164
37.10000000000026 566.9076903719071
37.20000000000026 566.9076903714977
37.30000000000026 566.9076903710883
37.40000000000026 566.9076903706789
37.50000000000026 566.9076903702694
37.60000000000026 566.90769036986
37.70000000000027 566.9076903694506
37.80000000000027 566.9076903690412
37.90000000000027 566.9076903686318
38.00000000000027 566.9076903682225
38.10000000000027 566.9076903678131
38.20000000000027 566.9076903674036
38.30000000000027 566.9076903669942
38.40000000000028 566.9076903665848
38.50000000000028 566.9076903661754
38.60000000000028 566.907690365766
38.70000000000028 566.9076903653566
38.80000000000028 566.9076903649471
38.90000000000028 566.9076903645378
39.00000000000028 566.9076903641284
39.10000000000029 566.907690363719
39.20000000000029 566.9076903633096
39.30000000000029 566.9076903629002
39.40000000000029 566.9076903624907
39.50000000000029 566.9076903620813
39.60000000000029 566.9076903616719
39.70000000000029 566.9076903612626
39.8000000000003 566.9076903608532
39.9000000000003 566.9076903604438
40.0000000000003 566.9076903600343
40.1000000000003 566.9076903596249
40.2000000000003 566.9076903592155
40.3000000000003 566.9076903588061
40.4000000000003 566.9076903583967
40.50000000000031 566.9076903580486
40.60000000000031 566.9076903580474
40.70000000000031 566.9076903580461
40.80000000000031 566.9076903580449
40.90000000000031 566.9076903580436
41.00000000000031 566.9076903580424
41.10000000000031 566.9076903580411
41.20000000000032 566.9076903580399
41.30000000000032 566.9076903580385
41.40000000000032 566.9076903580373
41.50000000000032 566.907690358036
41.60000000000032 566.9076903580348
41.70000000000032 566.9076903580335
41.80000000000032 566.9076903580323
41.90000000000033 566.907690358031
42.00000000000033 566.9076903580298
42.10000000000033 566.9076903580285
42.20000000000033 566.9076903580273
42.30000000000033 566.907690358026
42.40000000000033 566.9076903580248
42.50000000000033 566.9076903580234
42.60000000000034 566.9076903580221
42.70000000000034 566.9076903580209
42.80000000000034 566.9076903580196
42.90000000000034 566.9076903580184
43.00000000000034 566.9076903580171
43.10000000000034 566.9076903580159
43.20000000000034 566.9076903580146
43.30000000000035 566.9076903580134
43.40000000000035 566.9076903580121
43.50000000000035 566.9076903580109
43.60000000000035 566.9076903580095
43.70000000000035 566.9076903580083
43.80000000000035 566.907690358007
43.90000000000035 566.9076903580058
44.00000000000036 566.9076903580045
44.10000000000036 566.9076903580033
44.20000000000036 566.907690358002
44.30000000000036 566.9076903580008
44.40000000000036 566.9076903579995
44.50000000000036 566.9076903579983
44.60000000000036 566.907690357997
44.70000000000037 566.9076903579956
44.80000000000037 566.9076903579944
44.90000000000037 566.9076903579931
45.00000000000037 566.9076903579919
45.10000000000037 566.9076903579906
45.20000000000037 566.9076903579894
45.30000000000037 566.9076903579881
45.40000000000038 566.9076903579869
45.50000000000038 566.9076903579856
45.60000000000038 566.9076903579844
45.70000000000038 566.9076903579831
45.80000000000038 566.9076903579819
45.90000000000038 566.9076903579805
46.00000000000038 566.9076903579793
46.10000000000039 566.907690357978
46.20000000000039 566.9076903579768
46.30000000000039 566.9076903579755
46.40000000000039 566.9076903579743
46.50000000000039 566.907690357973
46.60000000000039 566.9076903579718
46.70000000000039 566.9076903579705
46.8000000000004 566.9076903579693
46.9000000000004 566.907690357968
47.0000000000004 566.9076903579667
47.1000000000004 566.9076903579654
47.2000000000004 566.9076903579642
47.3000000000004 566.9076903579629
47.4000000000004 566.9076903579617
47.50000000000041 566.9076903579604
47.60000000000041 566.9076903579592
47.70000000000041 566.9076903579579
47.80000000000041 566.9076903579567
47.90000000000041 566.9076903579554
48.00000000000041 566.9076903579542
48.10000000000041 566.9076903579528
48.20000000000041 566.9076903579515
48.30000000000042 566.9076903579503
48.40000000000042 566.907690357949
48.50000000000042 566.9076903579478
48.60000000000042 566.9076903579465
48.70000000000042 566.9076903579453
48.80000000000042 566.907690357944
48.90000000000042 566.9076903579428
49.00000000000043 566.9076903579415
49.10000000000043 566.9076903579403
49.20000000000043 566.907690357939
49.30000000000043 566.9076903579377
49.40000000000043 566.9076903579364
49.50000000000043 566.9076903579352
49.60000000000043 566.9076903579339
49.70000000000044 566.9076903579327
49.80000000000044 566.9076903579314
49.90000000000044 566.9076903579302