Time X1
0 250
0.1 250.2145711492528
0.2 250.4487149197528
0.3 250.7044575157801
0.4 250.9833935515272
0.5 251.2880839054973
0.6 251.6209088482565
0.7 251.9844326135757
0.7999999999999999 252.3816848534458
0.8999999999999999 252.8155747301506
0.9999999999999999 253.28984566134
1.1 253.8082440984113
1.2 254.3750614168704
1.3 254.9950020514855
1.4 255.6732373508731
1.5 256.4154832666237
1.6 257.2280548650558
1.7 258.1178513257867
1.8 259.0926683336327
1.900000000000001 260.1609544660748
2 261.3323146393738
2.100000000000001 262.6171547825236
2.200000000000001 264.0271789692029
2.300000000000001 265.5754188539177
2.400000000000001 267.2763018776959
2.500000000000001 269.1459841291822
2.600000000000001 271.2024700790869
2.700000000000001 273.4658306064391
2.800000000000001 275.958400382808
2.900000000000001 278.7050715009113
3.000000000000001 281.733688440797
3.100000000000001 285.0751222630652
3.200000000000002 288.7637275385046
3.300000000000002 292.8375493030788
3.400000000000002 297.33843893716
3.500000000000002 302.3121522676174
3.600000000000002 307.8086467740799
3.700000000000002 313.8809072255485
3.800000000000002 320.5848161881361
3.900000000000002 327.9770773100877
4.000000000000002 336.1142925486868
4.100000000000001 345.0475868888265
4.200000000000001 354.8188542200302
4.300000000000001 365.4546851538493
4.4 376.9573203921851
4.5 389.2955380204127
4.6 402.3948983405712
4.699999999999999 416.1285829965299
4.799999999999999 430.3130037861744
4.899999999999999 444.7090120676924
4.999999999999998 459.0348293455481
5.099999999999998 472.9848487270667
5.199999999999998 486.2593511156576
5.299999999999997 498.594770818806
5.399999999999997 509.7898789940784
5.499999999999996 519.7214170670974
5.599999999999996 528.3466585404896
5.699999999999996 535.694296400598
5.799999999999995 541.8477497676826
5.899999999999995 546.9257876182484
5.999999999999995 551.0644803756682
6.099999999999994 554.4028869475686
6.199999999999994 557.0729559559635
6.299999999999994 559.1937971566244
6.399999999999993 560.8691561399331
6.499999999999993 562.1868140065516
6.599999999999993 563.2195250377131
6.699999999999992 564.0267224471329
6.799999999999992 564.6563040407314
6.899999999999991 565.1465201529525
6.999999999999991 565.527708173778
7.099999999999991 565.823839323127
7.19999999999999 566.0537026682447
7.29999999999999 566.2320134934506
7.39999999999999 566.3702730942006
7.499999999999989 566.4774371391155
7.599999999999989 566.560462467765
7.699999999999989 566.6247795946475
7.799999999999988 566.6746122556743
7.899999999999988 566.7132377367726
7.999999999999988 566.7431090829781
8.099999999999987 566.7662205599636
8.199999999999987 566.78410777051
8.299999999999986 566.7979661142
8.399999999999986 566.8086908405573
8.499999999999986 566.8169780092874
8.599999999999985 566.8233877616315
8.699999999999985 566.828341891102
8.799999999999985 566.8322073543096
8.899999999999984 566.8352220977216
8.999999999999984 566.8376861238739
9.099999999999984 566.8393811996307
9.199999999999983 566.8407665074508
9.299999999999983 566.8418703810563
9.399999999999983 566.8427045029968
9.499999999999982 566.8433307375833
9.599999999999982 566.843810392763
9.699999999999982 566.8441655220828
9.799999999999981 566.8444487984984
9.899999999999981 566.8446665594688
9.99999999999998 566.8448420915665
10.09999999999998 566.8449796165212
10.19999999999998 566.8450892505948
10.29999999999998 566.8451749145983
10.39999999999998 566.8452416344214
10.49999999999998 566.8452940416877
10.59999999999998 566.8453340176352
10.69999999999998 566.845365781086
10.79999999999998 566.8453899866554
10.89999999999998 566.8454092831087
10.99999999999998 566.8454241386501
11.09999999999998 566.8454359032968
11.19999999999998 566.8454450686314
11.29999999999998 566.8454522210242
11.39999999999998 566.8454578634004
11.49999999999998 566.8454651601543
11.59999999999997 566.8454722985178
11.69999999999997 566.8454785190879
11.79999999999997 566.8454838218646
11.89999999999997 566.8454882068477
11.99999999999997 566.8454916740372
12.09999999999997 566.8454942234333
12.19999999999997 566.8454958550359
12.29999999999997 566.8454965688451
12.39999999999997 566.8454963648607
12.49999999999997 566.8454952430827
12.59999999999997 566.8454932035114
12.69999999999997 566.8454908216643
12.79999999999997 566.8454917175635
12.89999999999997 566.8454923808993
12.99999999999997 566.8454928116716
13.09999999999997 566.8454930098807
13.19999999999997 566.8454929755263
13.29999999999997 566.8454927086085
13.39999999999997 566.8454922091273
13.49999999999997 566.8454914770828
13.59999999999997 566.8454905124748
13.69999999999997 566.8454893153034
13.79999999999997 566.8454878855688
13.89999999999997 566.8454862232705
13.99999999999997 566.8454851373433
14.09999999999997 566.8454846826521
14.19999999999997 566.845484227961
14.29999999999997 566.8454837732698
14.39999999999996 566.8454833185787
14.49999999999996 566.8454828638876
14.59999999999996 566.8454824091964
14.69999999999996 566.8454819545052
14.79999999999996 566.8454814998141
14.89999999999996 566.8454810451229
14.99999999999996 566.8454805904319
15.09999999999996 566.8454801357407
15.19999999999996 566.8454796810495
15.29999999999996 566.8454795817132
15.39999999999996 566.8454795681112
15.49999999999996 566.845479554509
15.59999999999996 566.8454795409068
15.69999999999996 566.8454795273046
15.79999999999996 566.8454795137026
15.89999999999996 566.8454795001004
15.99999999999996 566.8454794864982
16.09999999999996 566.8454794728962
16.19999999999996 566.845479459294
16.29999999999996 566.8454794456918
16.39999999999996 566.8454794320897
16.49999999999996 566.8454794184876
16.59999999999997 566.8454794048854
16.69999999999997 566.8454793912832
16.79999999999997 566.8454793776812
16.89999999999997 566.845479364079
16.99999999999997 566.8454793504768
17.09999999999997 566.8454793368747
17.19999999999997 566.8454793232726
17.29999999999998 566.8454793096704
17.39999999999998 566.8454792960682
17.49999999999998 566.8454792824662
17.59999999999998 566.845479268864
17.69999999999998 566.8454792552618
17.79999999999998 566.8454792416597
17.89999999999998 566.8454792280576
17.99999999999999 566.8454792144554
18.09999999999999 566.8454792008533
18.19999999999999 566.8454791872512
18.29999999999999 566.845479173649
18.39999999999999 566.8454791600468
18.49999999999999 566.8454791464447
18.59999999999999 566.8454791328426
18.7 566.8454791192404
18.8 566.8454791056383
18.9 566.8454790920362
19 566.845479078434
19.1 566.8454790648319
19.2 566.8454790512297
19.3 566.8454790376276
19.40000000000001 566.8454790240254
19.50000000000001 566.8454790104233
19.60000000000001 566.8454789968212
19.70000000000001 566.845478983219
19.80000000000001 566.8454789696169
19.90000000000001 566.8454789560147
20.00000000000001 566.8454789424126
20.10000000000002 566.8454789288104
20.20000000000002 566.8454789152083
20.30000000000002 566.8454789016062
20.40000000000002 566.845478888004
20.50000000000002 566.8454788744019
20.60000000000002 566.8454788607997
20.70000000000002 566.8454788471976
20.80000000000003 566.8454788335955
20.90000000000003 566.8454788199933
21.00000000000003 566.8454788063912
21.10000000000003 566.845478792789
21.20000000000003 566.8454787791869
21.30000000000003 566.8454787655847
21.40000000000003 566.8454787519826
21.50000000000004 566.8454787383805
21.60000000000004 566.8454787247783
21.70000000000004 566.8454787111762
21.80000000000004 566.8454786975741
21.90000000000004 566.8454786839719
22.00000000000004 566.8454786703697
22.10000000000004 566.8454786567676
22.20000000000005 566.8454786431655
22.30000000000005 566.8454786295633
22.40000000000005 566.8454786159612
22.50000000000005 566.8454786023591
22.60000000000005 566.8454785887569
22.70000000000005 566.8454785751547
22.80000000000005 566.8454785615526
22.90000000000006 566.8454785479505
23.00000000000006 566.8454785343483
23.10000000000006 566.8454785207462
23.20000000000006 566.8454785071441
23.30000000000006 566.8454784935419
23.40000000000006 566.8454784799397
23.50000000000006 566.8454784663377
23.60000000000007 566.8454784527355
23.70000000000007 566.8454784391333
23.80000000000007 566.8454784255312
23.90000000000007 566.8454784119291
24.00000000000007 566.8454783983269
24.10000000000007 566.8454783847247
24.20000000000007 566.8454783711227
24.30000000000008 566.8454783575205
24.40000000000008 566.8454783439183
24.50000000000008 566.8454783303163
24.60000000000008 566.8454783167141
24.70000000000008 566.8454783031119
24.80000000000008 566.8454782895097
24.90000000000008 566.8454782759077
25.00000000000009 566.8454782623055
25.10000000000009 566.8454782487033
25.20000000000009 566.8454782351013
25.30000000000009 566.8454782214991
25.40000000000009 566.8454782078969
25.50000000000009 566.8454781942947
25.60000000000009 566.8454781806927
25.7000000000001 566.8454781670905
25.8000000000001 566.8454781534883
25.9000000000001 566.8454781398863
26.0000000000001 566.8454781262841
26.1000000000001 566.8454781126819
26.2000000000001 566.8454780990799
26.3000000000001 566.8454780854777
26.40000000000011 566.8454780718755
26.50000000000011 566.8454780582733
26.60000000000011 566.8454780446713
26.70000000000011 566.8454780310691
26.80000000000011 566.8454780174669
26.90000000000011 566.8454780038649
27.00000000000011 566.8454779902627
27.10000000000012 566.8454779766605
27.20000000000012 566.8454779630584
27.30000000000012 566.8454779494563
27.40000000000012 566.8454779358541
27.50000000000012 566.8454779222519
27.60000000000012 566.8454779086499
27.70000000000012 566.8454778950477
27.80000000000013 566.8454778814455
27.90000000000013 566.8454778701831
28.00000000000013 566.8454778697761
28.10000000000013 566.8454778693691
28.20000000000013 566.8454778689621
28.30000000000013 566.8454778685551
28.40000000000013 566.8454778681481
28.50000000000014 566.8454778677411
28.60000000000014 566.8454778673341
28.70000000000014 566.8454778669271
28.80000000000014 566.8454778665201
28.90000000000014 566.8454778661131
29.00000000000014 566.8454778657061
29.10000000000014 566.8454778652991
29.20000000000014 566.8454778648921
29.30000000000015 566.8454778644851
29.40000000000015 566.8454778640781
29.50000000000015 566.8454778636711
29.60000000000015 566.8454778632641
29.70000000000015 566.8454778628571
29.80000000000015 566.8454778624501
29.90000000000015 566.8454778620431
30.00000000000016 566.8454778616361
30.10000000000016 566.8454778612291
30.20000000000016 566.8454778608221
30.30000000000016 566.8454778604151
30.40000000000016 566.8454778600081
30.50000000000016 566.8454778596011
30.60000000000016 566.8454778591941
30.70000000000017 566.8454778587871
30.80000000000017 566.8454778583801
30.90000000000017 566.8454778579732
31.00000000000017 566.8454778575662
31.10000000000017 566.8454778571592
31.20000000000017 566.8454778567522
31.30000000000017 566.8454778563452
31.40000000000018 566.8454778559382
31.50000000000018 566.8454778555312
31.60000000000018 566.8454778551242
31.70000000000018 566.8454778547172
31.80000000000018 566.8454778543102
31.90000000000018 566.8454778539032
32.00000000000018 566.8454778534962
32.10000000000019 566.8454778530892
32.20000000000019 566.8454778526822
32.30000000000019 566.8454778522752
32.40000000000019 566.8454778518682
32.50000000000019 566.8454778514612
32.60000000000019 566.8454778510542
32.70000000000019 566.8454778506472
32.8000000000002 566.8454778502402
32.9000000000002 566.8454778498332
33.0000000000002 566.8454778494262
33.1000000000002 566.8454778490192
33.2000000000002 566.8454778486122
33.3000000000002 566.8454778482052
33.4000000000002 566.8454778477982
33.50000000000021 566.8454778473912
33.60000000000021 566.8454778469842
33.70000000000021 566.8454778465772
33.80000000000021 566.8454778461702
33.90000000000021 566.8454778457632
34.00000000000021 566.8454778453563
34.10000000000021 566.8454778449493
34.20000000000022 566.8454778445423
34.30000000000022 566.8454778441353
34.40000000000022 566.8454778437283
34.50000000000022 566.8454778433213
34.60000000000022 566.8454778429143
34.70000000000022 566.8454778425073
34.80000000000022 566.8454778421003
34.90000000000023 566.8454778416933
35.00000000000023 566.8454778412863
35.10000000000023 566.8454778408793
35.20000000000023 566.8454778404723
35.30000000000023 566.8454778400653
35.40000000000023 566.8454778396583
35.50000000000023 566.8454778392513
35.60000000000024 566.8454778388443
35.70000000000024 566.8454778384373
35.80000000000024 566.8454778380303
35.90000000000024 566.8454778376233
36.00000000000024 566.8454778372163
36.10000000000024 566.8454778368093
36.20000000000024 566.8454778364023
36.30000000000025 566.8454778359953
36.40000000000025 566.8454778355883
36.50000000000025 566.8454778351813
36.60000000000025 566.8454778347743
36.70000000000025 566.8454778343673
36.80000000000025 566.8454778339603
36.90000000000025 566.8454778335533
37.00000000000026 566.8454778331463
37.10000000000026 566.8454778327393
37.20000000000026 566.8454778323323
37.30000000000026 566.8454778319253
37.40000000000026 566.8454778315183
37.50000000000026 566.8454778311113
37.60000000000026 566.8454778307043
37.70000000000027 566.8454778302973
37.80000000000027 566.8454778298903
37.90000000000027 566.8454778294833
38.00000000000027 566.8454778290763
38.10000000000027 566.8454778286693
38.20000000000027 566.8454778282623
38.30000000000027 566.8454778278553
38.40000000000028 566.8454778274483
38.50000000000028 566.8454778270413
38.60000000000028 566.8454778266344
38.70000000000028 566.8454778262274
38.80000000000028 566.8454778258204
38.90000000000028 566.8454778254134
39.00000000000028 566.8454778250064
39.10000000000029 566.8454778245994
39.20000000000029 566.8454778241924
39.30000000000029 566.8454778237854
39.40000000000029 566.8454778233784
39.50000000000029 566.8454778229714
39.60000000000029 566.8454778225644
39.70000000000029 566.8454778221574
39.8000000000003 566.8454778217504
39.9000000000003 566.8454778213434
40.0000000000003 566.8454778209364
40.1000000000003 566.8454778205294
40.2000000000003 566.8454778201225
40.3000000000003 566.8454778197155
40.4000000000003 566.8454778193085
40.50000000000031 566.8454778189015
40.60000000000031 566.8454778187173
40.70000000000031 566.8454778187161
40.80000000000031 566.8454778187148
40.90000000000031 566.8454778187136
41.00000000000031 566.8454778187123
41.10000000000031 566.8454778187111
41.20000000000032 566.8454778187098
41.30000000000032 566.8454778187086
41.40000000000032 566.8454778187072
41.50000000000032 566.8454778187059
41.60000000000032 566.8454778187047
41.70000000000032 566.8454778187034
41.80000000000032 566.8454778187022
41.90000000000033 566.8454778187009
42.00000000000033 566.8454778186997
42.10000000000033 566.8454778186984
42.20000000000033 566.8454778186972
42.30000000000033 566.8454778186959
42.40000000000033 566.8454778186947
42.50000000000033 566.8454778186934
42.60000000000034 566.8454778186922
42.70000000000034 566.8454778186909
42.80000000000034 566.8454778186897
42.90000000000034 566.8454778186884
43.00000000000034 566.8454778186872
43.10000000000034 566.8454778186859
43.20000000000034 566.8454778186847
43.30000000000035 566.8454778186834
43.40000000000035 566.8454778186822
43.50000000000035 566.8454778186809
43.60000000000035 566.8454778186797
43.70000000000035 566.8454778186784
43.80000000000035 566.8454778186772
43.90000000000035 566.8454778186759
44.00000000000036 566.8454778186747
44.10000000000036 566.8454778186734
44.20000000000036 566.8454778186722
44.30000000000036 566.8454778186709
44.40000000000036 566.8454778186697
44.50000000000036 566.8454778186684
44.60000000000036 566.8454778186672
44.70000000000037 566.8454778186659
44.80000000000037 566.8454778186647
44.90000000000037 566.8454778186634
45.00000000000037 566.8454778186622
45.10000000000037 566.8454778186609
45.20000000000037 566.8454778186597
45.30000000000037 566.8454778186584
45.40000000000038 566.8454778186572
45.50000000000038 566.8454778186559
45.60000000000038 566.8454778186547
45.70000000000038 566.8454778186534
45.80000000000038 566.8454778186522
45.90000000000038 566.8454778186509
46.00000000000038 566.8454778186497
46.10000000000039 566.8454778186484
46.20000000000039 566.8454778186472
46.30000000000039 566.8454778186459
46.40000000000039 566.8454778186447
46.50000000000039 566.8454778186434
46.60000000000039 566.8454778186422
46.70000000000039 566.8454778186409
46.8000000000004 566.8454778186397
46.9000000000004 566.8454778186384
47.0000000000004 566.8454778186372
47.1000000000004 566.8454778186359
47.2000000000004 566.8454778186347
47.3000000000004 566.8454778186334
47.4000000000004 566.8454778186322
47.50000000000041 566.8454778186309
47.60000000000041 566.8454778186297
47.70000000000041 566.8454778186284
47.80000000000041 566.8454778186272
47.90000000000041 566.8454778186259
48.00000000000041 566.8454778186247
48.10000000000041 566.8454778186234
48.20000000000041 566.8454778186222
48.30000000000042 566.8454778186209
48.40000000000042 566.8454778186197
48.50000000000042 566.8454778186184
48.60000000000042 566.8454778186172
48.70000000000042 566.8454778186159
48.80000000000042 566.8454778186147
48.90000000000042 566.8454778186134
49.00000000000043 566.8454778186122
49.10000000000043 566.8454778186109
49.20000000000043 566.8454778186097
49.30000000000043 566.8454778186084
49.40000000000043 566.8454778186072
49.50000000000043 566.8454778186059
49.60000000000043 566.8454778186046
49.70000000000044 566.8454778186034
49.80000000000044 566.8454778186021
49.90000000000044 566.8454778186009