Time X1
0 250
0.1 250.7662882146974
0.2 251.6074565624632
0.3 252.5311316383107
0.4 253.5463539414153
0.5 254.6625392593096
0.6 255.8903959552949
0.7 257.2418589124495
0.7999999999999999 258.7303123595186
0.8999999999999999 260.3708318334874
0.9999999999999999 262.1802826668207
1.1 264.1776386777399
1.2 266.3841073010275
1.3 268.823692537568
1.4 271.52346855889
1.5 274.5137873676071
1.6 277.8290571774501
1.7 281.5078925655801
1.8 285.5938218344454
1.900000000000001 290.1358442154672
2 295.1884857884327
2.100000000000001 300.812418194378
2.200000000000001 307.0742418635363
2.300000000000001 314.0465661955067
2.400000000000001 321.8063809023578
2.500000000000001 330.4337813116209
2.600000000000001 340.0073839206627
2.700000000000001 350.6000735327419
2.800000000000001 362.2695812481635
2.900000000000001 375.0477719987713
3.000000000000001 388.9261159704578
3.100000000000001 403.8396387995663
3.200000000000002 419.6490256136847
3.300000000000002 436.1294952898059
3.400000000000002 452.9681268140144
3.500000000000002 469.7774594172951
3.600000000000002 486.1276538616963
3.700000000000002 501.5938866325246
3.800000000000002 515.8088307518076
3.900000000000002 528.5061659662085
4.000000000000002 539.5438048088051
4.100000000000001 548.9022071894159
4.200000000000001 556.6630464458235
4.300000000000001 562.9774534195053
4.4 568.0334667432591
4.5 572.0292696764128
4.6 575.1537331682758
4.699999999999999 577.5764820365604
4.799999999999999 579.4428980457114
4.899999999999999 580.8734400141086
4.999999999999998 581.9655379324768
5.099999999999998 582.7967808450734
5.199999999999998 583.4280398820773
5.299999999999997 583.9065719381268
5.399999999999997 584.2688332969196
5.499999999999996 584.5428089370134
5.599999999999996 584.7498616892491
5.699999999999996 584.9062378399115
5.799999999999995 585.0242911522962
5.899999999999995 585.1133737852537
5.999999999999995 585.1805812904054
6.099999999999994 585.2313126770949
6.199999999999994 585.2695817719704
6.299999999999994 585.2984185669595
6.399999999999993 585.3201290896626
6.499999999999993 585.336535817254
6.599999999999993 585.3488697872737
6.699999999999992 585.3581713547775
6.799999999999992 585.3651719869665
6.899999999999991 585.3704434091221
6.999999999999991 585.3744549513277
7.099999999999991 585.3775000261049
7.19999999999999 585.3798793551368
7.29999999999999 585.3815364994804
7.39999999999999 585.3828471622857
7.499999999999989 585.3838458555118
7.599999999999989 585.3845619490531
7.699999999999989 585.3850999780611
7.799999999999988 585.3854852471004
7.899999999999988 585.3857833035379
7.999999999999988 585.3860072402475
8.099999999999987 585.3861834907733
8.199999999999987 585.3863179041144
8.299999999999986 585.3864229009744
8.399999999999986 585.3865017298752
8.499999999999986 585.386562656718
8.599999999999985 585.3866079105379
8.699999999999985 585.3866428229952
8.799999999999985 585.3866688621613
8.899999999999984 585.3866890129706
8.999999999999984 585.386704150995
9.099999999999984 585.3867158762803
9.199999999999983 585.3867247002399
9.299999999999983 585.3867315186895
9.399999999999983 585.386737817281
9.499999999999982 585.3867457564619
9.599999999999982 585.386752651859
9.699999999999982 585.386758503472
9.799999999999981 585.3867633113011
9.899999999999981 585.3867670753464
9.99999999999998 585.3867697956076
10.09999999999998 585.3867714720849
10.19999999999998 585.3867721047783
10.29999999999998 585.3867716936877
10.39999999999998 585.3867702388131
10.49999999999998 585.3867677401547
10.59999999999998 585.3867663128462
10.69999999999998 585.3867671214886
10.79999999999998 585.3867676722274
10.89999999999998 585.3867679650626
10.99999999999998 585.3867679999944
11.09999999999998 585.3867677770227
11.19999999999998 585.3867672961475
11.29999999999998 585.3867665573687
11.39999999999998 585.3867655606864
11.49999999999998 585.3867643061006
11.59999999999997 585.3867627936113
11.69999999999997 585.3867610232185
11.79999999999997 585.3867598569475
11.89999999999997 585.3867594012524
11.99999999999997 585.3867589455574
12.09999999999997 585.3867584898622
12.19999999999997 585.3867580341672
12.29999999999997 585.3867575784722
12.39999999999997 585.3867571227771
12.49999999999997 585.3867566670821
12.59999999999997 585.386756211387
12.69999999999997 585.386755755692
12.79999999999997 585.3867552999969
12.89999999999997 585.3867548443019
12.99999999999997 585.3867547119141
13.09999999999997 585.3867546987003
13.19999999999997 585.3867546854864
13.29999999999997 585.3867546722726
13.39999999999997 585.3867546590587
13.49999999999997 585.3867546458448
13.59999999999997 585.386754632631
13.69999999999997 585.386754619417
13.79999999999997 585.3867546062032
13.89999999999997 585.3867545929893
13.99999999999997 585.3867545797755
14.09999999999997 585.3867545665615
14.19999999999997 585.3867545533477
14.29999999999997 585.3867545401339
14.39999999999996 585.38675452692
14.49999999999996 585.3867545137061
14.59999999999996 585.3867545004922
14.69999999999996 585.3867544872784
14.79999999999996 585.3867544740644
14.89999999999996 585.3867544608506
14.99999999999996 585.3867544476367
15.09999999999996 585.3867544344229
15.19999999999996 585.386754421209
15.29999999999996 585.3867544079951
15.39999999999996 585.3867543947813
15.49999999999996 585.3867543815674
15.59999999999996 585.3867543683535
15.69999999999996 585.3867543551396
15.79999999999996 585.3867543419258
15.89999999999996 585.3867543287118
15.99999999999996 585.386754315498
16.09999999999996 585.3867543022842
16.19999999999996 585.3867542890703
16.29999999999996 585.3867542758564
16.39999999999996 585.3867542626425
16.49999999999996 585.3867542494287
16.59999999999997 585.3867542362148
16.69999999999997 585.3867542230009
16.79999999999997 585.386754209787
16.89999999999997 585.3867541965732
16.99999999999997 585.3867541833594
17.09999999999997 585.3867541701454
17.19999999999997 585.3867541569316
17.29999999999998 585.3867541437177
17.39999999999998 585.3867541305038
17.49999999999998 585.3867541172899
17.59999999999998 585.3867541040761
17.69999999999998 585.3867540908622
17.79999999999998 585.3867540776483
17.89999999999998 585.3867540644345
17.99999999999999 585.3867540512206
18.09999999999999 585.3867540380068
18.19999999999999 585.3867540247928
18.29999999999999 585.386754011579
18.39999999999999 585.3867539983651
18.49999999999999 585.3867539851512
18.59999999999999 585.3867539719373
18.7 585.3867539587235
18.8 585.3867539455097
18.9 585.3867539322957
19 585.3867539190819
19.1 585.386753905868
19.2 585.3867538926542
19.3 585.3867538794402
19.40000000000001 585.3867538662264
19.50000000000001 585.3867538530125
19.60000000000001 585.3867538397986
19.70000000000001 585.3867538265848
19.80000000000001 585.3867538133709
19.90000000000001 585.3867538001571
20.00000000000001 585.3867537869431
20.10000000000002 585.3867537737293
20.20000000000002 585.3867537605154
20.30000000000002 585.3867537473016
20.40000000000002 585.3867537340876
20.50000000000002 585.3867537208738
20.60000000000002 585.3867537076599
20.70000000000002 585.386753694446
20.80000000000003 585.3867536812322
20.90000000000003 585.3867536680183
21.00000000000003 585.3867536548045
21.10000000000003 585.3867536415905
21.20000000000003 585.3867536283767
21.30000000000003 585.3867536151628
21.40000000000003 585.386753601949
21.50000000000004 585.386753588735
21.60000000000004 585.3867535755212
21.70000000000004 585.3867535623074
21.80000000000004 585.3867535490934
21.90000000000004 585.3867535358796
22.00000000000004 585.3867535226657
22.10000000000004 585.3867535094519
22.20000000000005 585.3867534962379
22.30000000000005 585.3867534830241
22.40000000000005 585.3867534698102
22.50000000000005 585.3867534565964
22.60000000000005 585.3867534433825
22.70000000000005 585.3867534301686
22.80000000000005 585.3867534169548
22.90000000000006 585.3867534037408
23.00000000000006 585.386753390527
23.10000000000006 585.3867533773131
23.20000000000006 585.3867533640993
23.30000000000006 585.3867533508853
23.40000000000006 585.3867533376715
23.50000000000006 585.3867533244577
23.60000000000007 585.3867533112438
23.70000000000007 585.3867532980299
23.80000000000007 585.386753284816
23.90000000000007 585.3867532716022
24.00000000000007 585.3867532583882
24.10000000000007 585.3867532451744
24.20000000000007 585.3867532319605
24.30000000000008 585.3867532187467
24.40000000000008 585.3867532055328
24.50000000000008 585.3867531923189
24.60000000000008 585.3867531791051
24.70000000000008 585.3867531658912
24.80000000000008 585.3867531551712
24.90000000000008 585.3867531547879
25.00000000000009 585.3867531544047
25.10000000000009 585.3867531540214
25.20000000000009 585.3867531536381
25.30000000000009 585.3867531532549
25.40000000000009 585.3867531528716
25.50000000000009 585.3867531524884
25.60000000000009 585.3867531521051
25.7000000000001 585.3867531517219
25.8000000000001 585.3867531513387
25.9000000000001 585.3867531509554
26.0000000000001 585.3867531505722
26.1000000000001 585.386753150189
26.2000000000001 585.3867531498057
26.3000000000001 585.3867531494225
26.40000000000011 585.3867531490392
26.50000000000011 585.3867531486559
26.60000000000011 585.3867531482726
26.70000000000011 585.3867531478894
26.80000000000011 585.3867531475062
26.90000000000011 585.3867531471229
27.00000000000011 585.3867531467397
27.10000000000012 585.3867531463565
27.20000000000012 585.3867531459732
27.30000000000012 585.38675314559
27.40000000000012 585.3867531452067
27.50000000000012 585.3867531448235
27.60000000000012 585.3867531444403
27.70000000000012 585.386753144057
27.80000000000013 585.3867531436737
27.90000000000013 585.3867531432904
28.00000000000013 585.3867531429072
28.10000000000013 585.386753142524
28.20000000000013 585.3867531421407
28.30000000000013 585.3867531417575
28.40000000000013 585.3867531413742
28.50000000000014 585.386753140991
28.60000000000014 585.3867531406078
28.70000000000014 585.3867531402245
28.80000000000014 585.3867531398413
28.90000000000014 585.3867531394581
29.00000000000014 585.3867531390748
29.10000000000014 585.3867531386915
29.20000000000014 585.3867531383082
29.30000000000015 585.386753137925
29.40000000000015 585.3867531375417
29.50000000000015 585.3867531371585
29.60000000000015 585.3867531367753
29.70000000000015 585.386753136392
29.80000000000015 585.3867531360088
29.90000000000015 585.3867531356256
30.00000000000016 585.3867531352423
30.10000000000016 585.3867531348591
30.20000000000016 585.3867531344758
30.30000000000016 585.3867531340926
30.40000000000016 585.3867531337092
30.50000000000016 585.386753133326
30.60000000000016 585.3867531329428
30.70000000000017 585.3867531325595
30.80000000000017 585.3867531321763
30.90000000000017 585.3867531317931
31.00000000000017 585.3867531314098
31.10000000000017 585.3867531310266
31.20000000000017 585.3867531306433
31.30000000000017 585.3867531302601
31.40000000000018 585.3867531298769
31.50000000000018 585.3867531294936
31.60000000000018 585.3867531291104
31.70000000000018 585.386753128727
31.80000000000018 585.3867531283438
31.90000000000018 585.3867531279606
32.00000000000018 585.3867531275773
32.10000000000019 585.3867531271941
32.20000000000019 585.3867531268108
32.30000000000019 585.3867531264276
32.40000000000019 585.3867531260444
32.50000000000019 585.3867531256611
32.60000000000019 585.3867531252779
32.70000000000019 585.3867531248947
32.8000000000002 585.3867531245114
32.9000000000002 585.3867531241282
33.0000000000002 585.3867531237448
33.1000000000002 585.3867531233616
33.2000000000002 585.3867531229783
33.3000000000002 585.3867531225951
33.4000000000002 585.3867531222119
33.50000000000021 585.3867531218286
33.60000000000021 585.3867531214454
33.70000000000021 585.3867531210622
33.80000000000021 585.3867531206789
33.90000000000021 585.3867531202957
34.00000000000021 585.3867531199124
34.10000000000021 585.3867531195292
34.20000000000022 585.386753119146
34.30000000000022 585.3867531187626
34.40000000000022 585.3867531183794
34.50000000000022 585.3867531179961
34.60000000000022 585.3867531176129
34.70000000000022 585.3867531172297
34.80000000000022 585.3867531168464
34.90000000000023 585.3867531164632
35.00000000000023 585.3867531160799
35.10000000000023 585.3867531156967
35.20000000000023 585.3867531153135
35.30000000000023 585.3867531149302
35.40000000000023 585.386753114547
35.50000000000023 585.3867531141638
35.60000000000024 585.3867531137804
35.70000000000024 585.3867531133972
35.80000000000024 585.3867531130139
35.90000000000024 585.3867531126307
36.00000000000024 585.3867531122474
36.10000000000024 585.3867531118642
36.20000000000024 585.386753111481
36.30000000000025 585.3867531110977
36.40000000000025 585.3867531107145
36.50000000000025 585.3867531103313
36.60000000000025 585.386753109948
36.70000000000025 585.3867531098163
36.80000000000025 585.3867531098151
36.90000000000025 585.386753109814
37.00000000000026 585.3867531098127
37.10000000000026 585.3867531098116
37.20000000000026 585.3867531098105
37.30000000000026 585.3867531098093
37.40000000000026 585.3867531098082
37.50000000000026 585.386753109807
37.60000000000026 585.3867531098059
37.70000000000027 585.3867531098048
37.80000000000027 585.3867531098036
37.90000000000027 585.3867531098025
38.00000000000027 585.3867531098014
38.10000000000027 585.3867531098002
38.20000000000027 585.3867531097991
38.30000000000027 585.386753109798
38.40000000000028 585.3867531097968
38.50000000000028 585.3867531097957
38.60000000000028 585.3867531097945
38.70000000000028 585.3867531097934
38.80000000000028 585.3867531097923
38.90000000000028 585.3867531097911
39.00000000000028 585.38675310979
39.10000000000029 585.3867531097889
39.20000000000029 585.3867531097877
39.30000000000029 585.3867531097866
39.40000000000029 585.3867531097854
39.50000000000029 585.3867531097842
39.60000000000029 585.3867531097831
39.70000000000029 585.3867531097819
39.8000000000003 585.3867531097808
39.9000000000003 585.3867531097796
40.0000000000003 585.3867531097785
40.1000000000003 585.3867531097774
40.2000000000003 585.3867531097762
40.3000000000003 585.3867531097751
40.4000000000003 585.386753109774
40.50000000000031 585.3867531097728
40.60000000000031 585.3867531097717
40.70000000000031 585.3867531097706
40.80000000000031 585.3867531097694
40.90000000000031 585.3867531097683
41.00000000000031 585.3867531097671
41.10000000000031 585.386753109766
41.20000000000032 585.3867531097649
41.30000000000032 585.3867531097637
41.40000000000032 585.3867531097626
41.50000000000032 585.3867531097615
41.60000000000032 585.3867531097603
41.70000000000032 585.3867531097592
41.80000000000032 585.386753109758
41.90000000000033 585.3867531097568
42.00000000000033 585.3867531097557
42.10000000000033 585.3867531097545
42.20000000000033 585.3867531097534
42.30000000000033 585.3867531097522
42.40000000000033 585.3867531097511
42.50000000000033 585.38675310975
42.60000000000034 585.3867531097488
42.70000000000034 585.3867531097477
42.80000000000034 585.3867531097466
42.90000000000034 585.3867531097454
43.00000000000034 585.3867531097443
43.10000000000034 585.3867531097432
43.20000000000034 585.386753109742
43.30000000000035 585.3867531097409
43.40000000000035 585.3867531097397
43.50000000000035 585.3867531097386
43.60000000000035 585.3867531097375
43.70000000000035 585.3867531097363
43.80000000000035 585.3867531097352
43.90000000000035 585.3867531097341
44.00000000000036 585.3867531097329
44.10000000000036 585.3867531097318
44.20000000000036 585.3867531097306
44.30000000000036 585.3867531097294
44.40000000000036 585.3867531097283
44.50000000000036 585.3867531097271
44.60000000000036 585.386753109726
44.70000000000037 585.3867531097249
44.80000000000037 585.3867531097237
44.90000000000037 585.3867531097226
45.00000000000037 585.3867531097214
45.10000000000037 585.3867531097203
45.20000000000037 585.3867531097192
45.30000000000037 585.386753109718
45.40000000000038 585.3867531097169
45.50000000000038 585.3867531097158
45.60000000000038 585.3867531097146
45.70000000000038 585.3867531097135
45.80000000000038 585.3867531097123
45.90000000000038 585.3867531097112
46.00000000000038 585.3867531097101
46.10000000000039 585.3867531097089
46.20000000000039 585.3867531097078
46.30000000000039 585.3867531097067
46.40000000000039 585.3867531097055
46.50000000000039 585.3867531097044
46.60000000000039 585.3867531097032
46.70000000000039 585.3867531097021
46.8000000000004 585.3867531097009
46.9000000000004 585.3867531096997
47.0000000000004 585.3867531096986
47.1000000000004 585.3867531096975
47.2000000000004 585.3867531096963
47.3000000000004 585.3867531096952
47.4000000000004 585.386753109694
47.50000000000041 585.3867531096929
47.60000000000041 585.3867531096918
47.70000000000041 585.3867531096906
47.80000000000041 585.3867531096895
47.90000000000041 585.3867531096884
48.00000000000041 585.3867531096872
48.10000000000041 585.3867531096861
48.20000000000041 585.3867531096849
48.30000000000042 585.3867531096838
48.40000000000042 585.3867531096827
48.50000000000042 585.3867531096815
48.60000000000042 585.3867531096804
48.70000000000042 585.3867531096793
48.80000000000042 585.3867531096781
48.90000000000042 585.386753109677
49.00000000000043 585.3867531096759
49.10000000000043 585.3867531096747
49.20000000000043 585.3867531096735
49.30000000000043 585.3867531096723
49.40000000000043 585.3867531096712
49.50000000000043 585.3867531096701
49.60000000000043 585.3867531096689
49.70000000000044 585.3867531096678
49.80000000000044 585.3867531096666
49.90000000000044 585.3867531096655