Time X1
0 250
0.1 250.2238942283489
0.2 250.4682477688033
0.3 250.7351228272953
0.4 251.0262603636805
0.5 251.3443144291098
0.6 251.6917603684537
0.7 252.0713049810916
0.7999999999999999 252.4860748646388
0.8999999999999999 252.9392232254039
0.9999999999999999 253.4345663603305
1.1 253.9760876708804
1.2 254.568283357122
1.3 255.2160885049748
1.4 255.9249329832437
1.5 256.7008320853878
1.6 257.5504025250541
1.7 258.4809261261149
1.8 259.5005922457104
1.900000000000001 260.6183076106379
2 261.8441835772248
2.100000000000001 263.1891727995257
2.200000000000001 264.6656673956534
2.300000000000001 266.2873796871087
2.400000000000001 268.069563433848
2.500000000000001 270.0292876492477
2.600000000000001 272.1855789547025
2.700000000000001 274.5596426813549
2.800000000000001 277.1750690109739
2.900000000000001 280.0582130916964
3.000000000000001 283.2384613052778
3.100000000000001 286.7484116320443
3.200000000000002 290.6243044602625
3.300000000000002 294.9061872639768
3.400000000000002 299.6379200076056
3.500000000000002 304.8674472840091
3.600000000000002 310.6466739454513
3.700000000000002 317.0301858707144
3.800000000000002 324.0748557731359
3.900000000000002 331.8377539159484
4.000000000000002 340.3738448485558
4.100000000000001 349.7305938677019
4.200000000000001 359.9435190386841
4.300000000000001 371.0284594820922
4.4 382.9726899646471
4.5 395.7246298886247
4.6 409.1845763579746
4.699999999999999 423.1975512082148
4.799999999999999 437.5501823919957
4.899999999999999 451.9794380395869
4.999999999999998 466.1869253037693
5.099999999999998 479.8647411715488
5.199999999999998 492.7261593451254
5.299999999999997 504.5349744103306
5.399999999999997 515.1271196715742
5.499999999999996 524.4199134442176
5.599999999999996 532.4083650862948
5.699999999999996 539.1515167448691
5.799999999999995 544.7536453325813
5.899999999999995 549.3450025411821
5.999999999999995 553.0653393714534
6.099999999999994 556.0518288800115
6.199999999999994 558.4307228507079
6.299999999999994 560.314037857489
6.399999999999993 561.797751562108
6.499999999999993 562.9620936758728
6.599999999999993 563.8729841397844
6.699999999999992 564.5838826913244
6.799999999999992 565.137649228403
6.899999999999991 565.5683715772717
6.999999999999991 565.9029985505802
7.099999999999991 566.1627485069117
7.19999999999999 566.3642445865436
7.29999999999999 566.5204520368486
7.39999999999999 566.6414940716049
7.499999999999989 566.7352701040168
7.599999999999989 566.8078954730129
7.699999999999989 566.8641272141634
7.799999999999988 566.9077051106412
7.899999999999988 566.9414201081914
7.999999999999988 566.9675053908156
8.099999999999987 566.9876639589849
8.199999999999987 567.0033127221323
8.299999999999986 567.0153646862146
8.399999999999986 567.0247105729912
8.499999999999986 567.0319235337507
8.599999999999985 567.037509588782
8.699999999999985 567.0418291754339
8.799999999999985 567.0452211254845
8.899999999999984 567.0478442403385
8.999999999999984 567.0499217058701
9.099999999999984 567.0514500974431
9.199999999999983 567.0526785354346
9.299999999999983 567.0536337643376
9.399999999999983 567.0543378738263
9.499999999999982 567.0548832351146
9.599999999999982 567.0552850655666
9.699999999999982 567.0555998726966
9.799999999999981 567.0558445037153
9.899999999999981 567.0560375566155
9.99999999999998 567.0561916670213
10.09999999999998 567.0563122824892
10.19999999999998 567.0564085236754
10.29999999999998 567.0564823997775
10.39999999999998 567.0565410970737
10.49999999999998 567.0565857739819
10.59999999999998 567.0566210771815
10.69999999999998 567.0566482701478
10.79999999999998 567.056669554045
10.89999999999998 567.0566862700953
10.99999999999998 567.0566991888701
11.09999999999998 567.0567094678136
11.19999999999998 567.0567173505387
11.29999999999998 567.0567236390326
11.39999999999998 567.0567299860071
11.49999999999998 567.0567375379953
11.59999999999997 567.0567441619518
11.69999999999997 567.0567498578763
11.79999999999997 567.056754625769
11.89999999999997 567.05675846563
11.99999999999997 567.056761377459
12.09999999999997 567.0567633612562
12.19999999999997 567.0567644170217
12.29999999999997 567.0567645447552
12.39999999999997 567.0567637444569
12.49999999999997 567.0567620161268
12.59999999999997 567.0567593597648
12.69999999999997 567.0567594594071
12.79999999999997 567.0567602094221
12.89999999999997 567.0567607238052
12.99999999999997 567.056761002556
13.09999999999997 567.0567610456748
13.19999999999997 567.0567608531613
13.29999999999997 567.0567604250158
13.39999999999997 567.0567597612383
13.49999999999997 567.0567588618285
13.59999999999997 567.0567577267866
13.69999999999997 567.0567563561126
13.79999999999997 567.0567547498065
13.89999999999997 567.0567532966215
13.99999999999997 567.056752836484
14.09999999999997 567.0567523763464
14.19999999999997 567.0567519162088
14.29999999999997 567.0567514560713
14.39999999999996 567.0567509959337
14.49999999999996 567.0567505357961
14.59999999999996 567.0567500756587
14.69999999999996 567.0567496155211
14.79999999999996 567.0567491553835
14.89999999999996 567.056748695246
14.99999999999996 567.0567482351084
15.09999999999996 567.0567477749709
15.19999999999996 567.0567475681083
15.29999999999996 567.0567475543088
15.39999999999996 567.0567475405093
15.49999999999996 567.0567475267097
15.59999999999996 567.0567475129102
15.69999999999996 567.0567474991107
15.79999999999996 567.0567474853111
15.89999999999996 567.0567474715116
15.99999999999996 567.0567474577122
16.09999999999996 567.0567474439126
16.19999999999996 567.0567474301131
16.29999999999996 567.0567474163136
16.39999999999996 567.056747402514
16.49999999999996 567.0567473887145
16.59999999999997 567.0567473749149
16.69999999999997 567.0567473611154
16.79999999999997 567.0567473473159
16.89999999999997 567.0567473335163
16.99999999999997 567.0567473197168
17.09999999999997 567.0567473059173
17.19999999999997 567.0567472921177
17.29999999999998 567.0567472783182
17.39999999999998 567.0567472645187
17.49999999999998 567.0567472507191
17.59999999999998 567.0567472369196
17.69999999999998 567.0567472231201
17.79999999999998 567.0567472093205
17.89999999999998 567.056747195521
17.99999999999999 567.0567471817214
18.09999999999999 567.056747167922
18.19999999999999 567.0567471541225
18.29999999999999 567.056747140323
18.39999999999999 567.0567471265234
18.49999999999999 567.0567471127239
18.59999999999999 567.0567470989243
18.7 567.0567470851248
18.8 567.0567470713253
18.9 567.0567470575257
19 567.0567470437262
19.1 567.0567470299267
19.2 567.0567470161271
19.3 567.0567470023276
19.40000000000001 567.0567469885281
19.50000000000001 567.0567469747285
19.60000000000001 567.056746960929
19.70000000000001 567.0567469471295
19.80000000000001 567.0567469333299
19.90000000000001 567.0567469195304
20.00000000000001 567.0567469057308
20.10000000000002 567.0567468919314
20.20000000000002 567.0567468781319
20.30000000000002 567.0567468643324
20.40000000000002 567.0567468505328
20.50000000000002 567.0567468367333
20.60000000000002 567.0567468229337
20.70000000000002 567.0567468091342
20.80000000000003 567.0567467953347
20.90000000000003 567.0567467815351
21.00000000000003 567.0567467677356
21.10000000000003 567.0567467539361
21.20000000000003 567.0567467401365
21.30000000000003 567.056746726337
21.40000000000003 567.0567467125375
21.50000000000004 567.0567466987379
21.60000000000004 567.0567466849384
21.70000000000004 567.0567466711389
21.80000000000004 567.0567466573393
21.90000000000004 567.0567466435398
22.00000000000004 567.0567466297402
22.10000000000004 567.0567466159407
22.20000000000005 567.0567466021413
22.30000000000005 567.0567465883418
22.40000000000005 567.0567465745422
22.50000000000005 567.0567465607427
22.60000000000005 567.0567465469431
22.70000000000005 567.0567465331436
22.80000000000005 567.0567465193441
22.90000000000006 567.0567465055445
23.00000000000006 567.056746491745
23.10000000000006 567.0567464779455
23.20000000000006 567.0567464641459
23.30000000000006 567.0567464503464
23.40000000000006 567.0567464365469
23.50000000000006 567.0567464227473
23.60000000000007 567.0567464089478
23.70000000000007 567.0567463951483
23.80000000000007 567.0567463813487
23.90000000000007 567.0567463675492
24.00000000000007 567.0567463537496
24.10000000000007 567.0567463399501
24.20000000000007 567.0567463261506
24.30000000000008 567.0567463123512
24.40000000000008 567.0567462985516
24.50000000000008 567.0567462847521
24.60000000000008 567.0567462709525
24.70000000000008 567.056746257153
24.80000000000008 567.0567462433535
24.90000000000008 567.0567462295539
25.00000000000009 567.0567462157544
25.10000000000009 567.0567462019549
25.20000000000009 567.0567461881553
25.30000000000009 567.0567461743558
25.40000000000009 567.0567461605563
25.50000000000009 567.0567461467567
25.60000000000009 567.0567461329572
25.7000000000001 567.0567461191577
25.8000000000001 567.0567461053581
25.9000000000001 567.0567460915586
26.0000000000001 567.056746077759
26.1000000000001 567.0567460639595
26.2000000000001 567.05674605016
26.3000000000001 567.0567460363606
26.40000000000011 567.056746022561
26.50000000000011 567.0567460087615
26.60000000000011 567.0567459949619
26.70000000000011 567.0567459811624
26.80000000000011 567.0567459673629
26.90000000000011 567.0567459535633
27.00000000000011 567.0567459397638
27.10000000000012 567.0567459259643
27.20000000000012 567.0567459121647
27.30000000000012 567.0567458983652
27.40000000000012 567.0567458845657
27.50000000000012 567.0567458707661
27.60000000000012 567.0567458569666
27.70000000000012 567.0567458431671
27.80000000000013 567.0567458352049
27.90000000000013 567.0567458347908
28.00000000000013 567.0567458343769
28.10000000000013 567.056745833963
28.20000000000013 567.056745833549
28.30000000000013 567.0567458331351
28.40000000000013 567.0567458327212
28.50000000000014 567.0567458323071
28.60000000000014 567.0567458318932
28.70000000000014 567.0567458314792
28.80000000000014 567.0567458310653
28.90000000000014 567.0567458306514
29.00000000000014 567.0567458302374
29.10000000000014 567.0567458298234
29.20000000000014 567.0567458294095
29.30000000000015 567.0567458289955
29.40000000000015 567.0567458285816
29.50000000000015 567.0567458281677
29.60000000000015 567.0567458277537
29.70000000000015 567.0567458273397
29.80000000000015 567.0567458269257
29.90000000000015 567.0567458265118
30.00000000000016 567.0567458260979
30.10000000000016 567.0567458256839
30.20000000000016 567.05674582527
30.30000000000016 567.056745824856
30.40000000000016 567.056745824442
30.50000000000016 567.0567458240281
30.60000000000016 567.0567458236142
30.70000000000017 567.0567458232002
30.80000000000017 567.0567458227863
30.90000000000017 567.0567458223722
31.00000000000017 567.0567458219583
31.10000000000017 567.0567458215444
31.20000000000017 567.0567458211304
31.30000000000017 567.0567458207165
31.40000000000018 567.0567458203026
31.50000000000018 567.0567458198885
31.60000000000018 567.0567458194746
31.70000000000018 567.0567458190607
31.80000000000018 567.0567458186467
31.90000000000018 567.0567458182328
32.00000000000018 567.0567458178189
32.10000000000019 567.0567458174048
32.20000000000019 567.0567458169909
32.30000000000019 567.0567458165769
32.40000000000019 567.056745816163
32.50000000000019 567.0567458157491
32.60000000000019 567.0567458153351
32.70000000000019 567.0567458149211
32.8000000000002 567.0567458145072
32.9000000000002 567.0567458140932
33.0000000000002 567.0567458136793
33.1000000000002 567.0567458132654
33.2000000000002 567.0567458128514
33.3000000000002 567.0567458124374
33.4000000000002 567.0567458120235
33.50000000000021 567.0567458116095
33.60000000000021 567.0567458111956
33.70000000000021 567.0567458107816
33.80000000000021 567.0567458103677
33.90000000000021 567.0567458099537
34.00000000000021 567.0567458095397
34.10000000000021 567.0567458091258
34.20000000000022 567.0567458087119
34.30000000000022 567.0567458082979
34.40000000000022 567.056745807884
34.50000000000022 567.05674580747
34.60000000000022 567.056745807056
34.70000000000022 567.0567458066421
34.80000000000022 567.0567458062282
34.90000000000023 567.0567458058142
35.00000000000023 567.0567458054002
35.10000000000023 567.0567458049862
35.20000000000023 567.0567458045723
35.30000000000023 567.0567458041584
35.40000000000023 567.0567458037444
35.50000000000023 567.0567458033305
35.60000000000024 567.0567458029165
35.70000000000024 567.0567458025025
35.80000000000024 567.0567458020886
35.90000000000024 567.0567458016747
36.00000000000024 567.0567458012607
36.10000000000024 567.0567458008468
36.20000000000024 567.0567458004327
36.30000000000025 567.0567458000188
36.40000000000025 567.0567457996049
36.50000000000025 567.0567457991909
36.60000000000025 567.056745798777
36.70000000000025 567.0567457983631
36.80000000000025 567.056745797949
36.90000000000025 567.0567457975351
37.00000000000026 567.0567457971212
37.10000000000026 567.0567457967072
37.20000000000026 567.0567457962933
37.30000000000026 567.0567457958794
37.40000000000026 567.0567457954653
37.50000000000026 567.0567457950514
37.60000000000026 567.0567457946374
37.70000000000027 567.0567457942235
37.80000000000027 567.0567457938096
37.90000000000027 567.0567457933956
38.00000000000027 567.0567457929816
38.10000000000027 567.0567457925677
38.20000000000027 567.0567457921537
38.30000000000027 567.0567457917398
38.40000000000028 567.0567457913259
38.50000000000028 567.0567457909119
38.60000000000028 567.0567457904979
38.70000000000028 567.0567457900839
38.80000000000028 567.05674578967
38.90000000000028 567.0567457892561
39.00000000000028 567.0567457888421
39.10000000000029 567.0567457884282
39.20000000000029 567.0567457880142
39.30000000000029 567.0567457876002
39.40000000000029 567.0567457871863
39.50000000000029 567.0567457867724
39.60000000000029 567.0567457863584
39.70000000000029 567.0567457859445
39.8000000000003 567.0567457855304
39.9000000000003 567.0567457851165
40.0000000000003 567.0567457847026
40.1000000000003 567.0567457842886
40.2000000000003 567.0567457838747
40.3000000000003 567.0567457834608
40.4000000000003 567.0567457831726
40.50000000000031 567.0567457831713
40.60000000000031 567.05674578317
40.70000000000031 567.0567457831687
40.80000000000031 567.0567457831675
40.90000000000031 567.0567457831662
41.00000000000031 567.0567457831648
41.10000000000031 567.0567457831636
41.20000000000032 567.0567457831623
41.30000000000032 567.0567457831611
41.40000000000032 567.0567457831597
41.50000000000032 567.0567457831585
41.60000000000032 567.0567457831572
41.70000000000032 567.056745783156
41.80000000000032 567.0567457831547
41.90000000000033 567.0567457831534
42.00000000000033 567.0567457831521
42.10000000000033 567.0567457831509
42.20000000000033 567.0567457831496
42.30000000000033 567.0567457831482
42.40000000000033 567.056745783147
42.50000000000033 567.0567457831457
42.60000000000034 567.0567457831445
42.70000000000034 567.0567457831431
42.80000000000034 567.0567457831419
42.90000000000034 567.0567457831406
43.00000000000034 567.0567457831394
43.10000000000034 567.0567457831381
43.20000000000034 567.0567457831368
43.30000000000035 567.0567457831355
43.40000000000035 567.0567457831343
43.50000000000035 567.056745783133
43.60000000000035 567.0567457831316
43.70000000000035 567.0567457831304
43.80000000000035 567.0567457831291
43.90000000000035 567.0567457831279
44.00000000000036 567.0567457831265
44.10000000000036 567.0567457831253
44.20000000000036 567.056745783124
44.30000000000036 567.0567457831228
44.40000000000036 567.0567457831215
44.50000000000036 567.0567457831202
44.60000000000036 567.0567457831189
44.70000000000037 567.0567457831177
44.80000000000037 567.0567457831164
44.90000000000037 567.056745783115
45.00000000000037 567.0567457831138
45.10000000000037 567.0567457831125
45.20000000000037 567.0567457831113
45.30000000000037 567.05674578311
45.40000000000038 567.0567457831087
45.50000000000038 567.0567457831074
45.60000000000038 567.0567457831062
45.70000000000038 567.0567457831049
45.80000000000038 567.0567457831036
45.90000000000038 567.0567457831023
46.00000000000038 567.0567457831011
46.10000000000039 567.0567457830998
46.20000000000039 567.0567457830984
46.30000000000039 567.0567457830972
46.40000000000039 567.0567457830959
46.50000000000039 567.0567457830947
46.60000000000039 567.0567457830934
46.70000000000039 567.0567457830921
46.8000000000004 567.0567457830908
46.9000000000004 567.0567457830896
47.0000000000004 567.0567457830883
47.1000000000004 567.056745783087
47.2000000000004 567.0567457830857
47.3000000000004 567.0567457830845
47.4000000000004 567.0567457830832
47.50000000000041 567.0567457830819
47.60000000000041 567.0567457830806
47.70000000000041 567.0567457830794
47.80000000000041 567.0567457830781
47.90000000000041 567.0567457830768
48.00000000000041 567.0567457830755
48.10000000000041 567.0567457830742
48.20000000000041 567.056745783073
48.30000000000042 567.0567457830717
48.40000000000042 567.0567457830704
48.50000000000042 567.0567457830691
48.60000000000042 567.0567457830679
48.70000000000042 567.0567457830666
48.80000000000042 567.0567457830653
48.90000000000042 567.056745783064
49.00000000000043 567.0567457830628
49.10000000000043 567.0567457830615
49.20000000000043 567.0567457830603
49.30000000000043 567.0567457830589
49.40000000000043 567.0567457830576
49.50000000000043 567.0567457830564
49.60000000000043 567.0567457830551
49.70000000000044 567.0567457830538
49.80000000000044 567.0567457830525
49.90000000000044 567.0567457830513