Time X1
0 250
0.1 250.3062759862837
0.2 250.6408781371529
0.3 251.0063359008523
0.4 251.4056161501269
0.5 251.8421902045138
0.6 252.319468770674
0.7 252.8414194622624
0.7999999999999999 253.4123024156396
0.8999999999999999 254.0368789015562
0.9999999999999999 254.7203534375341
1.1 255.4685744014592
1.2 256.287973595801
1.3 257.1856516744917
1.4 258.1695021335652
1.5 259.2481968368405
1.6 260.4314249750183
1.7 261.7299037124443
1.8 263.1556817612121
1.900000000000001 264.7219994301166
2 266.4436580589563
2.100000000000001 268.3372681167272
2.200000000000001 270.4212414087845
2.300000000000001 272.7162364734177
2.400000000000001 275.2453434864169
2.500000000000001 278.0343112846485
2.600000000000001 281.1118285247567
2.700000000000001 284.5099043918903
2.800000000000001 288.2641804302266
2.900000000000001 292.4141280780808
3.000000000000001 297.0033173418108
3.100000000000001 302.0796467778958
3.200000000000002 307.6947645900551
3.300000000000002 313.904564569614
3.400000000000002 320.7676339597298
3.500000000000002 328.3435225164529
3.600000000000002 336.6907280038714
3.700000000000002 345.8629236906887
3.800000000000002 355.9036958325645
3.900000000000002 366.8397830526714
4.000000000000002 378.6711577317687
4.100000000000001 391.3621188165127
4.200000000000001 404.8299143733286
4.300000000000001 418.9346306221715
4.4 433.4765142109816
4.5 448.1983356919999
4.6 462.7984759724242
4.699999999999999 476.9552260301111
4.799999999999999 490.3584793530818
4.899999999999999 502.7422018278567
4.999999999999998 513.9107205991384
5.099999999999998 523.7530901051346
5.199999999999998 532.2428723419295
5.299999999999997 539.4259209600294
5.399999999999997 545.4017421471102
5.499999999999996 550.3017960094414
5.599999999999996 554.2712242184049
5.699999999999996 557.4545270592885
5.799999999999995 559.9864247485538
5.899999999999995 561.9872399570825
5.999999999999995 563.5601445597335
6.099999999999994 564.7913542024237
6.199999999999994 565.7523399583059
6.299999999999994 566.5005436191354
6.399999999999993 567.0816585184689
6.499999999999993 567.5318908826973
6.599999999999993 567.8807006007123
6.699999999999992 568.1506696144747
6.799999999999992 568.3594174412769
6.899999999999991 568.5207698895595
6.999999999999991 568.6453437435292
7.099999999999991 568.7415212378716
7.19999999999999 568.8157937769113
7.29999999999999 568.8731329930326
7.39999999999999 568.9173673648363
7.499999999999989 568.9515074471751
7.599999999999989 568.9778800198454
7.699999999999989 568.9981830808468
7.799999999999988 569.0138471714607
7.899999999999988 569.0259158442921
7.999999999999988 569.0352422640269
8.099999999999987 569.0424468941518
8.199999999999987 569.0480203884947
8.299999999999986 569.0522919138763
8.399999999999986 569.0555929550025
8.499999999999986 569.0581317573788
8.599999999999985 569.0600962893749
8.699999999999985 569.0616095469846
8.799999999999985 569.0627994228162
8.899999999999984 569.0637222274115
8.999999999999984 569.064481445444
9.099999999999984 569.0649899394148
9.199999999999983 569.06540457199
9.299999999999983 569.0657333941318
9.399999999999983 569.0659807007312
9.499999999999982 569.0661640209652
9.599999999999982 569.0663040369844
9.699999999999982 569.0664071318782
9.799999999999981 569.0664892097077
9.899999999999981 569.0665522788241
9.99999999999998 569.0666030384995
10.09999999999998 569.066642691212
10.19999999999998 569.0666742487438
10.29999999999998 569.0666987174335
10.39999999999998 569.0667177861882
10.49999999999998 569.0667326190834
10.59999999999998 569.0667439437497
10.69999999999998 569.0667528813475
10.79999999999998 569.0667596783031
10.89999999999998 569.0667650872625
10.99999999999998 569.0667707418424
11.09999999999998 569.0667773341966
11.19999999999998 569.066783118123
11.29999999999998 569.0667880936218
11.39999999999998 569.066792260693
11.49999999999998 569.0667956193366
11.59999999999997 569.0667981695525
11.69999999999997 569.0667999113408
11.79999999999997 569.0668008447014
11.89999999999997 569.0668009696345
11.99999999999997 569.0668002861399
12.09999999999997 569.0667987942178
12.19999999999997 569.0667964938679
12.29999999999997 569.0667960334351
12.39999999999997 569.066796699582
12.49999999999997 569.0667971642227
12.59999999999997 569.0667974273574
12.69999999999997 569.066797488986
12.79999999999997 569.0667973491086
12.89999999999997 569.0667970077251
12.99999999999997 569.0667964648354
13.09999999999997 569.0667957204398
13.19999999999997 569.066794774538
13.29999999999997 569.0667936271302
13.39999999999997 569.0667922782162
13.49999999999997 569.0667907277963
13.59999999999997 569.0667901176843
13.69999999999997 569.0667897297877
13.79999999999997 569.0667893418912
13.89999999999997 569.0667889539947
13.99999999999997 569.0667885660981
14.09999999999997 569.0667881782016
14.19999999999997 569.0667877903051
14.29999999999997 569.0667874024085
14.39999999999996 569.066787014512
14.49999999999996 569.0667866266155
14.59999999999996 569.0667862387188
14.69999999999996 569.0667858508223
14.79999999999996 569.0667854764355
14.89999999999996 569.0667854651101
14.99999999999996 569.0667854537846
15.09999999999996 569.0667854424591
15.19999999999996 569.0667854311338
15.29999999999996 569.0667854198083
15.39999999999996 569.0667854084829
15.49999999999996 569.0667853971574
15.59999999999996 569.0667853858321
15.69999999999996 569.0667853745066
15.79999999999996 569.0667853631811
15.89999999999996 569.0667853518557
15.99999999999996 569.0667853405303
16.09999999999996 569.0667853292049
16.19999999999996 569.0667853178794
16.29999999999996 569.0667853065539
16.39999999999996 569.0667852952286
16.49999999999996 569.0667852839031
16.59999999999997 569.0667852725777
16.69999999999997 569.0667852612522
16.79999999999997 569.0667852499267
16.89999999999997 569.0667852386014
16.99999999999997 569.0667852272759
17.09999999999997 569.0667852159505
17.19999999999997 569.066785204625
17.29999999999998 569.0667851932997
17.39999999999998 569.0667851819742
17.49999999999998 569.0667851706487
17.59999999999998 569.0667851593233
17.69999999999998 569.0667851479978
17.79999999999998 569.0667851366725
17.89999999999998 569.066785125347
17.99999999999999 569.0667851140215
18.09999999999999 569.0667851026961
18.19999999999999 569.0667850913707
18.29999999999999 569.0667850800453
18.39999999999999 569.0667850687198
18.49999999999999 569.0667850573943
18.59999999999999 569.066785046069
18.7 569.0667850347435
18.8 569.0667850234181
18.9 569.0667850120926
19 569.0667850007671
19.1 569.0667849894418
19.2 569.0667849781163
19.3 569.0667849667909
19.40000000000001 569.0667849554654
19.50000000000001 569.0667849441401
19.60000000000001 569.0667849328146
19.70000000000001 569.0667849214891
19.80000000000001 569.0667849101637
19.90000000000001 569.0667848988383
20.00000000000001 569.0667848875129
20.10000000000002 569.0667848761874
20.20000000000002 569.0667848648619
20.30000000000002 569.0667848535365
20.40000000000002 569.0667848422111
20.50000000000002 569.0667848308857
20.60000000000002 569.0667848195602
20.70000000000002 569.0667848082347
20.80000000000003 569.0667847969094
20.90000000000003 569.0667847855839
21.00000000000003 569.0667847742585
21.10000000000003 569.066784762933
21.20000000000003 569.0667847516075
21.30000000000003 569.0667847402822
21.40000000000003 569.0667847289567
21.50000000000004 569.0667847176313
21.60000000000004 569.0667847063058
21.70000000000004 569.0667846949805
21.80000000000004 569.066784683655
21.90000000000004 569.0667846723295
22.00000000000004 569.0667846610041
22.10000000000004 569.0667846496787
22.20000000000005 569.0667846383533
22.30000000000005 569.0667846270278
22.40000000000005 569.0667846157023
22.50000000000005 569.0667846043769
22.60000000000005 569.0667845930515
22.70000000000005 569.0667845817261
22.80000000000005 569.0667845704006
22.90000000000006 569.0667845590751
23.00000000000006 569.0667845477498
23.10000000000006 569.0667845364243
23.20000000000006 569.0667845250989
23.30000000000006 569.0667845137734
23.40000000000006 569.0667845024481
23.50000000000006 569.0667844911226
23.60000000000007 569.0667844797971
23.70000000000007 569.0667844684717
23.80000000000007 569.0667844571462
23.90000000000007 569.0667844458209
24.00000000000007 569.0667844344954
24.10000000000007 569.0667844231699
24.20000000000007 569.0667844118445
24.30000000000008 569.0667844005191
24.40000000000008 569.0667843891937
24.50000000000008 569.0667843778682
24.60000000000008 569.0667843665427
24.70000000000008 569.0667843552174
24.80000000000008 569.0667843438919
24.90000000000008 569.0667843325665
25.00000000000009 569.066784321241
25.10000000000009 569.0667843099155
25.20000000000009 569.0667842985902
25.30000000000009 569.0667842872647
25.40000000000009 569.0667842759393
25.50000000000009 569.0667842646138
25.60000000000009 569.0667842532885
25.7000000000001 569.066784241963
25.8000000000001 569.0667842306375
25.9000000000001 569.0667842193121
26.0000000000001 569.0667842079866
26.1000000000001 569.0667841966613
26.2000000000001 569.0667841853358
26.3000000000001 569.0667841740103
26.40000000000011 569.0667841626849
26.50000000000011 569.0667841513595
26.60000000000011 569.0667841400341
26.70000000000011 569.0667841287086
26.80000000000011 569.0667841173831
26.90000000000011 569.0667841060578
27.00000000000011 569.0667840947323
27.10000000000012 569.0667840834069
27.20000000000012 569.0667840720814
27.30000000000012 569.066784060756
27.40000000000012 569.0667840494306
27.50000000000012 569.0667840381051
27.60000000000012 569.0667840267797
27.70000000000012 569.066784026143
27.80000000000013 569.0667840258122
27.90000000000013 569.0667840254815
28.00000000000013 569.0667840251507
28.10000000000013 569.06678402482
28.20000000000013 569.0667840244893
28.30000000000013 569.0667840241586
28.40000000000013 569.0667840238277
28.50000000000014 569.066784023497
28.60000000000014 569.0667840231663
28.70000000000014 569.0667840228356
28.80000000000014 569.0667840225047
28.90000000000014 569.066784022174
29.00000000000014 569.0667840218433
29.10000000000014 569.0667840215126
29.20000000000014 569.0667840211819
29.30000000000015 569.0667840208511
29.40000000000015 569.0667840205203
29.50000000000015 569.0667840201896
29.60000000000015 569.0667840198589
29.70000000000015 569.0667840195281
29.80000000000015 569.0667840191974
29.90000000000015 569.0667840188667
30.00000000000016 569.0667840185359
30.10000000000016 569.0667840182052
30.20000000000016 569.0667840178744
30.30000000000016 569.0667840175437
30.40000000000016 569.066784017213
30.50000000000016 569.0667840168823
30.60000000000016 569.0667840165514
30.70000000000017 569.0667840162207
30.80000000000017 569.06678401589
30.90000000000017 569.0667840155593
31.00000000000017 569.0667840152286
31.10000000000017 569.0667840148977
31.20000000000017 569.066784014567
31.30000000000017 569.0667840142363
31.40000000000018 569.0667840139056
31.50000000000018 569.0667840135748
31.60000000000018 569.066784013244
31.70000000000018 569.0667840129133
31.80000000000018 569.0667840125826
31.90000000000018 569.0667840122518
32.00000000000018 569.0667840119211
32.10000000000019 569.0667840115904
32.20000000000019 569.0667840112596
32.30000000000019 569.0667840109289
32.40000000000019 569.0667840105981
32.50000000000019 569.0667840102674
32.60000000000019 569.0667840099367
32.70000000000019 569.066784009606
32.8000000000002 569.0667840092751
32.9000000000002 569.0667840089444
33.0000000000002 569.0667840086137
33.1000000000002 569.066784008283
33.2000000000002 569.0667840079523
33.3000000000002 569.0667840076214
33.4000000000002 569.0667840072907
33.50000000000021 569.06678400696
33.60000000000021 569.0667840066293
33.70000000000021 569.0667840062985
33.80000000000021 569.0667840059677
33.90000000000021 569.066784005637
34.00000000000021 569.0667840053063
34.10000000000021 569.0667840049756
34.20000000000022 569.0667840046448
34.30000000000022 569.0667840043141
34.40000000000022 569.0667840039833
34.50000000000022 569.0667840036526
34.60000000000022 569.0667840033218
34.70000000000022 569.0667840029911
34.80000000000022 569.0667840026604
34.90000000000023 569.0667840023297
35.00000000000023 569.0667840019989
35.10000000000023 569.0667840016681
35.20000000000023 569.0667840013374
35.30000000000023 569.0667840010067
35.40000000000023 569.066784000676
35.50000000000023 569.0667840003451
35.60000000000024 569.0667840000144
35.70000000000024 569.0667839996837
35.80000000000024 569.066783999353
35.90000000000024 569.0667839990222
36.00000000000024 569.0667839986914
36.10000000000024 569.0667839983607
36.20000000000024 569.06678399803
36.30000000000025 569.0667839976993
36.40000000000025 569.0667839973685
36.50000000000025 569.0667839970378
36.60000000000025 569.066783996707
36.70000000000025 569.0667839963763
36.80000000000025 569.0667839960455
36.90000000000025 569.0667839957148
37.00000000000026 569.0667839953841
37.10000000000026 569.0667839950534
37.20000000000026 569.0667839947226
37.30000000000026 569.0667839943918
37.40000000000026 569.0667839940611
37.50000000000026 569.0667839937304
37.60000000000026 569.0667839933997
37.70000000000027 569.0667839930688
37.80000000000027 569.0667839927381
37.90000000000027 569.0667839924074
38.00000000000027 569.0667839920767
38.10000000000027 569.066783991746
38.20000000000027 569.0667839914152
38.30000000000027 569.0667839910844
38.40000000000028 569.0667839907537
38.50000000000028 569.066783990423
38.60000000000028 569.0667839900922
38.70000000000028 569.0667839897615
38.80000000000028 569.0667839894307
38.90000000000028 569.0667839891
39.00000000000028 569.0667839887692
39.10000000000029 569.0667839884385
39.20000000000029 569.0667839881078
39.30000000000029 569.0667839877771
39.40000000000029 569.0667839874463
39.50000000000029 569.0667839871155
39.60000000000029 569.0667839867848
39.70000000000029 569.0667839864541
39.8000000000003 569.0667839861234
39.9000000000003 569.0667839857925
40.0000000000003 569.0667839854618
40.1000000000003 569.0667839851311
40.2000000000003 569.0667839848004
40.3000000000003 569.0667839844697
40.4000000000003 569.0667839841389
40.50000000000031 569.0667839841078
40.60000000000031 569.0667839841068
40.70000000000031 569.0667839841058
40.80000000000031 569.0667839841049
40.90000000000031 569.0667839841038
41.00000000000031 569.0667839841028
41.10000000000031 569.0667839841018
41.20000000000032 569.0667839841009
41.30000000000032 569.0667839840999
41.40000000000032 569.0667839840988
41.50000000000032 569.0667839840979
41.60000000000032 569.0667839840969
41.70000000000032 569.0667839840959
41.80000000000032 569.0667839840949
41.90000000000033 569.0667839840939
42.00000000000033 569.0667839840929
42.10000000000033 569.0667839840919
42.20000000000033 569.0667839840909
42.30000000000033 569.06678398409
42.40000000000033 569.0667839840889
42.50000000000033 569.0667839840879
42.60000000000034 569.066783984087
42.70000000000034 569.066783984086
42.80000000000034 569.066783984085
42.90000000000034 569.0667839840839
43.00000000000034 569.066783984083
43.10000000000034 569.066783984082
43.20000000000034 569.066783984081
43.30000000000035 569.06678398408
43.40000000000035 569.0667839840791
43.50000000000035 569.066783984078
43.60000000000035 569.066783984077
43.70000000000035 569.0667839840761
43.80000000000035 569.0667839840751
43.90000000000035 569.066783984074
44.00000000000036 569.066783984073
44.10000000000036 569.0667839840721
44.20000000000036 569.0667839840711
44.30000000000036 569.0667839840701
44.40000000000036 569.066783984069
44.50000000000036 569.0667839840681
44.60000000000036 569.0667839840671
44.70000000000037 569.0667839840661
44.80000000000037 569.0667839840652
44.90000000000037 569.0667839840642
45.00000000000037 569.0667839840631
45.10000000000037 569.0667839840621
45.20000000000037 569.0667839840612
45.30000000000037 569.0667839840602
45.40000000000038 569.0667839840592
45.50000000000038 569.0667839840581
45.60000000000038 569.0667839840572
45.70000000000038 569.0667839840562
45.80000000000038 569.0667839840552
45.90000000000038 569.0667839840543
46.00000000000038 569.0667839840532
46.10000000000039 569.0667839840522
46.20000000000039 569.0667839840512
46.30000000000039 569.0667839840503
46.40000000000039 569.0667839840493
46.50000000000039 569.0667839840482
46.60000000000039 569.0667839840472
46.70000000000039 569.0667839840463
46.8000000000004 569.0667839840453
46.9000000000004 569.0667839840443
47.0000000000004 569.0667839840434
47.1000000000004 569.0667839840423
47.2000000000004 569.0667839840413
47.3000000000004 569.0667839840403
47.4000000000004 569.0667839840394
47.50000000000041 569.0667839840384
47.60000000000041 569.0667839840373
47.70000000000041 569.0667839840363
47.80000000000041 569.0667839840354
47.90000000000041 569.0667839840344
48.00000000000041 569.0667839840333
48.10000000000041 569.0667839840324
48.20000000000041 569.0667839840314
48.30000000000042 569.0667839840304
48.40000000000042 569.0667839840294
48.50000000000042 569.0667839840285
48.60000000000042 569.0667839840274
48.70000000000042 569.0667839840264
48.80000000000042 569.0667839840254
48.90000000000042 569.0667839840245
49.00000000000043 569.0667839840235
49.10000000000043 569.0667839840224
49.20000000000043 569.0667839840215
49.30000000000043 569.0667839840205
49.40000000000043 569.0667839840195
49.50000000000043 569.0667839840185
49.60000000000043 569.0667839840175
49.70000000000044 569.0667839840165
49.80000000000044 569.0667839840155
49.90000000000044 569.0667839840145