Time X1
0 250
0.1 250.3062760902228
0.2 250.6408783557627
0.3 251.0063362403088
0.4 251.4056166272726
0.5 251.8421908312817
0.6 252.3194695604931
0.7 252.8414204302825
0.7999999999999999 253.4123035796697
0.8999999999999999 254.0368802791994
0.9999999999999999 254.7203550499991
1.1 255.4685762717369
1.2 256.2879757491197
1.3 257.1856541387649
1.4 258.1695049399365
1.5 259.248200018829
1.6 260.4314285713952
1.7 261.729907764969
1.8 263.1556863169992
1.900000000000001 264.7220045407109
2 266.4436637833075
2.100000000000001 268.3372745194092
2.200000000000001 270.4212485622419
2.300000000000001 272.7162444588816
2.400000000000001 275.2453523945629
2.500000000000001 278.0343212164136
2.600000000000001 281.1118395925163
2.700000000000001 284.5099167214441
2.800000000000001 288.2641941610591
2.900000000000001 292.4141433644548
3.000000000000001 297.0033343541818
3.100000000000001 302.0796657021845
3.200000000000002 307.6947856263897
3.300000000000002 313.9045879354275
3.400000000000002 320.7676598750096
3.500000000000002 328.343551205777
3.600000000000002 336.6907596815688
3.700000000000002 345.8629585462681
3.800000000000002 355.9037340094743
3.900000000000002 366.8398246115795
4.000000000000002 378.6712026239922
4.100000000000001 391.3621668389722
4.200000000000001 404.8299651253907
4.300000000000001 418.9346834855212
4.4 433.4765683435906
4.5 448.1983900566523
4.6 462.7985293928272
4.699999999999999 476.9552773144409
4.799999999999999 490.3585274112886
4.899999999999999 502.7422457802485
4.999999999999998 513.9107598591828
5.099999999999998 523.7531244084802
5.199999999999998 532.2429017191785
5.299999999999997 539.4259456822597
5.399999999999997 545.4017626437018
5.499999999999996 550.3018127947934
5.599999999999996 554.2712378303318
5.699999999999996 557.454538014786
5.799999999999995 559.9864335197916
5.899999999999995 561.9872469581841
5.999999999999995 563.5601501392592
6.099999999999994 564.7913586541318
6.199999999999994 565.7523435140846
6.299999999999994 566.5005464716799
6.399999999999993 567.0816608192977
6.499999999999993 567.5318927539147
6.599999999999993 567.8807021380104
6.699999999999992 568.1506708918008
6.799999999999992 568.3594185167956
6.899999999999991 568.5207708082143
6.999999999999991 568.6453445414003
7.099999999999991 568.7415219419829
7.19999999999999 568.8157944084419
7.29999999999999 568.8731335686427
7.39999999999999 568.9173678971219
7.499999999999989 568.951507945968
7.599999999999989 568.977880492836
7.699999999999989 568.998183533701
7.799999999999988 569.0138476088547
7.899999999999988 569.0259162698392
7.999999999999988 569.0352426803692
8.099999999999987 569.0424473034622
8.199999999999987 569.0480207920991
8.299999999999986 569.0522923134158
8.399999999999986 569.0555933512316
8.499999999999986 569.0581321510775
8.599999999999985 569.0600966811376
8.699999999999985 569.0616099372639
8.799999999999985 569.0627998120028
8.899999999999984 569.0637226156713
8.999999999999984 569.0644818327579
9.099999999999984 569.0649903263508
9.199999999999983 569.0654049585655
9.299999999999983 569.0657337803915
9.399999999999983 569.065981086684
9.499999999999982 569.0661644067434
9.599999999999982 569.0663044225983
9.699999999999982 569.0664075173906
9.799999999999981 569.0664895951412
9.899999999999981 569.0665526641969
9.99999999999998 569.0666034238276
10.09999999999998 569.066643076501
10.19999999999998 569.0666746340047
10.29999999999998 569.0666991026682
10.39999999999998 569.0667181714059
10.49999999999998 569.066733004285
10.59999999999998 569.0667443289411
10.69999999999998 569.0667532665298
10.79999999999998 569.0667600634787
10.89999999999998 569.0667654724328
10.99999999999998 569.0667711270198
11.09999999999998 569.0667777193706
11.19999999999998 569.0667835032939
11.29999999999998 569.0667884787896
11.39999999999998 569.0667926458577
11.49999999999998 569.0667960044984
11.59999999999997 569.0667985547115
11.69999999999997 569.066800296497
11.79999999999997 569.0668012298551
11.89999999999997 569.0668013547855
11.99999999999997 569.0668006712885
12.09999999999997 569.066799179364
12.19999999999997 569.0667968790119
12.29999999999997 569.0667964185897
12.39999999999997 569.0667970847359
12.49999999999997 569.066797549376
12.59999999999997 569.0667978125101
12.69999999999997 569.0667978741382
12.79999999999997 569.0667977342601
12.89999999999997 569.0667973928762
12.99999999999997 569.0667968499861
13.09999999999997 569.06679610559
13.19999999999997 569.0667951596878
13.29999999999997 569.0667940122796
13.39999999999997 569.0667926633653
13.49999999999997 569.066791112945
13.59999999999997 569.066790502837
13.69999999999997 569.0667901149403
13.79999999999997 569.0667897270437
13.89999999999997 569.066789339147
13.99999999999997 569.0667889512505
14.09999999999997 569.0667885633538
14.19999999999997 569.0667881754572
14.29999999999997 569.0667877875605
14.39999999999996 569.0667873996639
14.49999999999996 569.0667870117672
14.59999999999996 569.0667866238706
14.69999999999996 569.0667862359741
14.79999999999996 569.066785861588
14.89999999999996 569.0667858502625
14.99999999999996 569.0667858389371
15.09999999999996 569.0667858276116
15.19999999999996 569.0667858162863
15.29999999999996 569.0667858049608
15.39999999999996 569.0667857936353
15.49999999999996 569.0667857823099
15.59999999999996 569.0667857709844
15.69999999999996 569.0667857596591
15.79999999999996 569.0667857483336
15.89999999999996 569.0667857370082
15.99999999999996 569.0667857256827
16.09999999999996 569.0667857143574
16.19999999999996 569.0667857030319
16.29999999999996 569.0667856917064
16.39999999999996 569.066785680381
16.49999999999996 569.0667856690555
16.59999999999997 569.0667856577302
16.69999999999997 569.0667856464047
16.79999999999997 569.0667856350793
16.89999999999997 569.0667856237538
16.99999999999997 569.0667856124284
17.09999999999997 569.066785601103
17.19999999999997 569.0667855897775
17.29999999999998 569.0667855784521
17.39999999999998 569.0667855671267
17.49999999999998 569.0667855558013
17.59999999999998 569.0667855444758
17.69999999999998 569.0667855331503
17.79999999999998 569.066785521825
17.89999999999998 569.0667855104995
17.99999999999999 569.0667854991741
18.09999999999999 569.0667854878486
18.19999999999999 569.0667854765233
18.29999999999999 569.0667854651978
18.39999999999999 569.0667854538723
18.49999999999999 569.0667854425469
18.59999999999999 569.0667854312214
18.7 569.0667854198961
18.8 569.0667854085706
18.9 569.0667853972452
19 569.0667853859197
19.1 569.0667853745942
19.2 569.0667853632689
19.3 569.0667853519434
19.40000000000001 569.066785340618
19.50000000000001 569.0667853292925
19.60000000000001 569.0667853179672
19.70000000000001 569.0667853066417
19.80000000000001 569.0667852953162
19.90000000000001 569.0667852839908
20.00000000000001 569.0667852726654
20.10000000000002 569.06678526134
20.20000000000002 569.0667852500145
20.30000000000002 569.0667852386891
20.40000000000002 569.0667852273637
20.50000000000002 569.0667852160382
20.60000000000002 569.0667852047128
20.70000000000002 569.0667851933873
20.80000000000003 569.0667851820619
20.90000000000003 569.0667851707365
21.00000000000003 569.0667851594111
21.10000000000003 569.0667851480856
21.20000000000003 569.0667851367601
21.30000000000003 569.0667851254348
21.40000000000003 569.0667851141093
21.50000000000004 569.0667851027839
21.60000000000004 569.0667850914584
21.70000000000004 569.0667850801331
21.80000000000004 569.0667850688076
21.90000000000004 569.0667850574821
22.00000000000004 569.0667850461567
22.10000000000004 569.0667850348312
22.20000000000005 569.0667850235059
22.30000000000005 569.0667850121804
22.40000000000005 569.066785000855
22.50000000000005 569.0667849895295
22.60000000000005 569.0667849782041
22.70000000000005 569.0667849668787
22.80000000000005 569.0667849555532
22.90000000000006 569.0667849442278
23.00000000000006 569.0667849329024
23.10000000000006 569.066784921577
23.20000000000006 569.0667849102515
23.30000000000006 569.066784898926
23.40000000000006 569.0667848876006
23.50000000000006 569.0667848762752
23.60000000000007 569.0667848649498
23.70000000000007 569.0667848536243
23.80000000000007 569.0667848422989
23.90000000000007 569.0667848309735
24.00000000000007 569.066784819648
24.10000000000007 569.0667848083226
24.20000000000007 569.0667847969971
24.30000000000008 569.0667847856718
24.40000000000008 569.0667847743463
24.50000000000008 569.0667847630209
24.60000000000008 569.0667847516954
24.70000000000008 569.0667847403699
24.80000000000008 569.0667847290446
24.90000000000008 569.0667847177191
25.00000000000009 569.0667847063937
25.10000000000009 569.0667846950682
25.20000000000009 569.0667846837429
25.30000000000009 569.0667846724174
25.40000000000009 569.0667846610919
25.50000000000009 569.0667846497665
25.60000000000009 569.066784638441
25.7000000000001 569.0667846271157
25.8000000000001 569.0667846157902
25.9000000000001 569.0667846044648
26.0000000000001 569.0667845931393
26.1000000000001 569.0667845818139
26.2000000000001 569.0667845704885
26.3000000000001 569.066784559163
26.40000000000011 569.0667845478376
26.50000000000011 569.0667845365122
26.60000000000011 569.0667845251868
26.70000000000011 569.0667845138613
26.80000000000011 569.0667845025359
26.90000000000011 569.0667844912105
27.00000000000011 569.066784479885
27.10000000000012 569.0667844685596
27.20000000000012 569.0667844572341
27.30000000000012 569.0667844459088
27.40000000000012 569.0667844345833
27.50000000000012 569.0667844232579
27.60000000000012 569.0667844119324
27.70000000000012 569.0667844112955
27.80000000000013 569.0667844109648
27.90000000000013 569.0667844106341
28.00000000000013 569.0667844103033
28.10000000000013 569.0667844099726
28.20000000000013 569.0667844096419
28.30000000000013 569.0667844093111
28.40000000000013 569.0667844089803
28.50000000000014 569.0667844086496
28.60000000000014 569.0667844083189
28.70000000000014 569.0667844079881
28.80000000000014 569.0667844076573
28.90000000000014 569.0667844073266
29.00000000000014 569.0667844069959
29.10000000000014 569.0667844066651
29.20000000000014 569.0667844063344
29.30000000000015 569.0667844060036
29.40000000000015 569.0667844056729
29.50000000000015 569.0667844053421
29.60000000000015 569.0667844050114
29.70000000000015 569.0667844046807
29.80000000000015 569.0667844043498
29.90000000000015 569.0667844040191
30.00000000000016 569.0667844036884
30.10000000000016 569.0667844033577
30.20000000000016 569.0667844030269
30.30000000000016 569.0667844026962
30.40000000000016 569.0667844023654
30.50000000000016 569.0667844020346
30.60000000000016 569.0667844017039
30.70000000000017 569.0667844013732
30.80000000000017 569.0667844010425
30.90000000000017 569.0667844007116
31.00000000000017 569.0667844003809
31.10000000000017 569.0667844000502
31.20000000000017 569.0667843997194
31.30000000000017 569.0667843993887
31.40000000000018 569.066784399058
31.50000000000018 569.0667843987272
31.60000000000018 569.0667843983964
31.70000000000018 569.0667843980657
31.80000000000018 569.066784397735
31.90000000000018 569.0667843974041
32.00000000000018 569.0667843970734
32.10000000000019 569.0667843967427
32.20000000000019 569.066784396412
32.30000000000019 569.0667843960812
32.40000000000019 569.0667843957505
32.50000000000019 569.0667843954197
32.60000000000019 569.0667843950889
32.70000000000019 569.0667843947582
32.8000000000002 569.0667843944275
32.9000000000002 569.0667843940968
33.0000000000002 569.0667843937659
33.1000000000002 569.0667843934352
33.2000000000002 569.0667843931045
33.3000000000002 569.0667843927737
33.4000000000002 569.066784392443
33.50000000000021 569.0667843921123
33.60000000000021 569.0667843917815
33.70000000000021 569.0667843914507
33.80000000000021 569.06678439112
33.90000000000021 569.0667843907893
34.00000000000021 569.0667843904585
34.10000000000021 569.0667843901277
34.20000000000022 569.066784389797
34.30000000000022 569.0667843894663
34.40000000000022 569.0667843891355
34.50000000000022 569.0667843888048
34.60000000000022 569.066784388474
34.70000000000022 569.0667843881432
34.80000000000022 569.0667843878125
34.90000000000023 569.0667843874818
35.00000000000023 569.0667843871511
35.10000000000023 569.0667843868202
35.20000000000023 569.0667843864895
35.30000000000023 569.0667843861588
35.40000000000023 569.0667843858281
35.50000000000023 569.0667843854973
35.60000000000024 569.0667843851666
35.70000000000024 569.0667843848358
35.80000000000024 569.066784384505
35.90000000000024 569.0667843841743
36.00000000000024 569.0667843838436
36.10000000000024 569.0667843835129
36.20000000000024 569.066784383182
36.30000000000025 569.0667843828513
36.40000000000025 569.0667843825206
36.50000000000025 569.0667843821898
36.60000000000025 569.0667843818591
36.70000000000025 569.0667843815284
36.80000000000025 569.0667843811976
36.90000000000025 569.0667843808668
37.00000000000026 569.0667843805361
37.10000000000026 569.0667843802054
37.20000000000026 569.0667843798745
37.30000000000026 569.0667843795438
37.40000000000026 569.0667843792131
37.50000000000026 569.0667843788824
37.60000000000026 569.0667843785516
37.70000000000027 569.0667843782209
37.80000000000027 569.0667843778901
37.90000000000027 569.0667843775593
38.00000000000027 569.0667843772286
38.10000000000027 569.0667843768979
38.20000000000027 569.0667843765672
38.30000000000027 569.0667843762363
38.40000000000028 569.0667843759056
38.50000000000028 569.0667843755749
38.60000000000028 569.0667843752441
38.70000000000028 569.0667843749134
38.80000000000028 569.0667843745827
38.90000000000028 569.0667843742519
39.00000000000028 569.0667843739211
39.10000000000029 569.0667843735904
39.20000000000029 569.0667843732597
39.30000000000029 569.0667843729289
39.40000000000029 569.0667843725981
39.50000000000029 569.0667843722674
39.60000000000029 569.0667843719367
39.70000000000029 569.0667843716059
39.8000000000003 569.0667843712752
39.9000000000003 569.0667843709444
40.0000000000003 569.0667843706136
40.1000000000003 569.0667843702829
40.2000000000003 569.0667843699522
40.3000000000003 569.0667843696215
40.4000000000003 569.0667843692906
40.50000000000031 569.0667843692595
40.60000000000031 569.0667843692586
40.70000000000031 569.0667843692576
40.80000000000031 569.0667843692565
40.90000000000031 569.0667843692555
41.00000000000031 569.0667843692546
41.10000000000031 569.0667843692536
41.20000000000032 569.0667843692526
41.30000000000032 569.0667843692515
41.40000000000032 569.0667843692506
41.50000000000032 569.0667843692496
41.60000000000032 569.0667843692486
41.70000000000032 569.0667843692477
41.80000000000032 569.0667843692466
41.90000000000033 569.0667843692456
42.00000000000033 569.0667843692446
42.10000000000033 569.0667843692437
42.20000000000033 569.0667843692427
42.30000000000033 569.0667843692416
42.40000000000033 569.0667843692406
42.50000000000033 569.0667843692397
42.60000000000034 569.0667843692387
42.70000000000034 569.0667843692377
42.80000000000034 569.0667843692366
42.90000000000034 569.0667843692357
43.00000000000034 569.0667843692347
43.10000000000034 569.0667843692337
43.20000000000034 569.0667843692328
43.30000000000035 569.0667843692318
43.40000000000035 569.0667843692307
43.50000000000035 569.0667843692297
43.60000000000035 569.0667843692288
43.70000000000035 569.0667843692278
43.80000000000035 569.0667843692268
43.90000000000035 569.0667843692257
44.00000000000036 569.0667843692248
44.10000000000036 569.0667843692238
44.20000000000036 569.0667843692228
44.30000000000036 569.0667843692219
44.40000000000036 569.0667843692208
44.50000000000036 569.0667843692198
44.60000000000036 569.0667843692188
44.70000000000037 569.0667843692179
44.80000000000037 569.0667843692169
44.90000000000037 569.0667843692158
45.00000000000037 569.0667843692148
45.10000000000037 569.0667843692139
45.20000000000037 569.0667843692129
45.30000000000037 569.0667843692119
45.40000000000038 569.0667843692109
45.50000000000038 569.0667843692099
45.60000000000038 569.0667843692089
45.70000000000038 569.0667843692079
45.80000000000038 569.066784369207
45.90000000000038 569.0667843692059
46.00000000000038 569.0667843692049
46.10000000000039 569.0667843692039
46.20000000000039 569.066784369203
46.30000000000039 569.066784369202
46.40000000000039 569.0667843692009
46.50000000000039 569.0667843692
46.60000000000039 569.066784369199
46.70000000000039 569.066784369198
46.8000000000004 569.066784369197
46.9000000000004 569.0667843691961
47.0000000000004 569.066784369195
47.1000000000004 569.066784369194
47.2000000000004 569.066784369193
47.3000000000004 569.0667843691921
47.4000000000004 569.0667843691911
47.50000000000041 569.06678436919
47.60000000000041 569.0667843691891
47.70000000000041 569.0667843691881
47.80000000000041 569.0667843691871
47.90000000000041 569.0667843691861
48.00000000000041 569.0667843691851
48.10000000000041 569.0667843691841
48.20000000000041 569.0667843691831
48.30000000000042 569.0667843691821
48.40000000000042 569.0667843691812
48.50000000000042 569.0667843691801
48.60000000000042 569.0667843691791
48.70000000000042 569.0667843691782
48.80000000000042 569.0667843691772
48.90000000000042 569.0667843691762
49.00000000000043 569.0667843691751
49.10000000000043 569.0667843691742
49.20000000000043 569.0667843691732
49.30000000000043 569.0667843691722
49.40000000000043 569.0667843691712
49.50000000000043 569.0667843691703
49.60000000000043 569.0667843691692
49.70000000000044 569.0667843691682
49.80000000000044 569.0667843691672
49.90000000000044 569.0667843691663