Time X1
0 250
0.1 250.2210972340316
0.2 250.4623868435594
0.3 250.7259197136229
0.4 251.0133928393288
0.5 251.3274321332477
0.6 251.6704841391195
0.7 252.0452120982796
0.7999999999999999 252.4547129029075
0.8999999999999999 252.9020677140754
0.9999999999999999 253.3910685724309
1.1 253.9256277328016
1.2 254.5101791275208
1.3 255.1495877695788
1.4 255.8492049737462
1.5 256.6149548948255
1.6 257.45336302818
1.7 258.3715930639009
1.8 259.3777167208273
1.900000000000001 260.480498809213
2 261.6898981911665
2.100000000000001 263.0166988099527
2.200000000000001 264.4730846155169
2.300000000000001 266.0725593869329
2.400000000000001 267.8301233246779
2.500000000000001 269.7625675436036
2.600000000000001 271.8886059725127
2.700000000000001 274.2290974421041
2.800000000000001 276.807247503904
2.900000000000001 279.6489637170343
3.000000000000001 282.7831624324705
3.100000000000001 286.2419121778093
3.200000000000002 290.0608794527743
3.300000000000002 294.2795021528964
3.400000000000002 298.941029851123
3.500000000000002 304.0927395462739
3.600000000000002 309.7859697756766
3.700000000000002 316.0748156864408
3.800000000000002 323.0159050439954
3.900000000000002 330.6661926761959
4.000000000000002 339.0812755605734
4.100000000000001 348.3097705786314
4.200000000000001 358.3892585022919
4.300000000000001 369.3389865099508
4.4 381.1509730614664
4.5 393.7799362220416
4.6 407.1339797546165
4.699999999999999 421.0666367439183
4.799999999999999 435.3734069459052
4.899999999999999 449.7981240526299
4.999999999999998 464.0468607451008
5.099999999999998 477.8117049223198
5.199999999999998 490.8013321788664
5.299999999999997 502.7707781847518
5.399999999999997 513.5445604622138
5.499999999999996 523.0278810550951
5.599999999999996 531.2047562218443
5.699999999999996 538.1255984698759
5.799999999999995 543.8889204488133
5.899999999999995 548.6219496053035
5.999999999999995 552.4636378790117
6.099999999999994 555.5519323367002
6.199999999999994 558.0148461479276
6.299999999999994 559.9665983260418
6.399999999999993 561.505468907813
6.499999999999993 562.7139030619649
6.599999999999993 563.6598042365774
6.699999999999992 564.3983649697082
6.799999999999992 564.9739070976441
6.899999999999991 565.4217172270289
6.999999999999991 565.7697129600372
7.099999999999991 566.0399153718388
7.19999999999999 566.249563022395
7.29999999999999 566.4121215444961
7.39999999999999 566.538110770285
7.499999999999989 566.6357373818189
7.599999999999989 566.7113556543737
7.699999999999989 566.7699112471618
7.799999999999988 566.8152899323239
7.899999999999988 566.8504195090741
7.999999999999988 566.8775974769268
8.099999999999987 566.8986041717922
8.199999999999987 566.9149356475717
8.299999999999986 566.9274702313966
8.399999999999986 566.9372164363218
8.499999999999986 566.9447381962534
8.599999999999985 566.9505635649572
8.699999999999985 566.9550627057351
8.799999999999985 566.9585945512612
8.899999999999984 566.9613294426355
8.999999999999984 566.9635147542398
9.099999999999984 566.9650941135967
9.199999999999983 566.966369057257
9.299999999999983 566.9673697969887
9.399999999999983 566.968109236718
9.499999999999982 566.9686793871418
9.599999999999982 566.9691029405739
9.699999999999982 566.9694294201383
9.799999999999981 566.9696857998482
9.899999999999981 566.9698853948757
9.99999999999998 566.9700460866375
10.09999999999998 566.9701713498165
10.19999999999998 566.9702717091336
10.29999999999998 566.9703488430195
10.39999999999998 566.9704100093828
10.49999999999998 566.970456873956
10.59999999999998 566.9704935679538
10.69999999999998 566.9705221474983
10.79999999999998 566.9705442164625
10.89999999999998 566.9705617285059
10.99999999999998 566.9705751693726
11.09999999999998 566.9705859070061
11.19999999999998 566.9705941424859
11.29999999999998 566.9706006979228
11.39999999999998 566.9706065704515
11.49999999999998 566.9706142782259
11.59999999999997 566.9706210612062
11.69999999999997 566.9706269193927
11.79999999999997 566.9706318527853
11.89999999999997 566.970635861384
11.99999999999997 566.9706389451889
12.09999999999997 566.9706411041998
12.19999999999997 566.9706423384168
12.29999999999997 566.97064264784
12.39999999999997 566.9706420324693
12.49999999999997 566.9706404923047
12.59999999999997 566.9706380273461
12.69999999999997 566.9706373282121
12.79999999999997 566.9706381235741
12.89999999999997 566.9706386842654
12.99999999999997 566.9706390102862
13.09999999999997 566.9706391016363
13.19999999999997 566.9706389583157
13.29999999999997 566.9706385803246
13.39999999999997 566.9706379676628
13.49999999999997 566.9706371203304
13.59999999999997 566.9706360383274
13.69999999999997 566.9706347216536
13.79999999999997 566.9706331703094
13.89999999999997 566.9706313842944
13.99999999999997 566.9706309861421
14.09999999999997 566.9706305276767
14.19999999999997 566.9706300692113
14.29999999999997 566.970629610746
14.39999999999996 566.9706291522806
14.49999999999996 566.9706286938152
14.59999999999996 566.9706282353499
14.69999999999996 566.9706277768846
14.79999999999996 566.9706273184192
14.89999999999996 566.9706268599539
14.99999999999996 566.9706264014885
15.09999999999996 566.9706259430232
15.19999999999996 566.9706256322207
15.29999999999996 566.9706256184814
15.39999999999996 566.9706256047422
15.49999999999996 566.9706255910029
15.59999999999996 566.9706255772637
15.69999999999996 566.9706255635244
15.79999999999996 566.9706255497852
15.89999999999996 566.9706255360459
15.99999999999996 566.9706255223066
16.09999999999996 566.9706255085674
16.19999999999996 566.9706254948281
16.29999999999996 566.9706254810889
16.39999999999996 566.9706254673496
16.49999999999996 566.9706254536103
16.59999999999997 566.9706254398711
16.69999999999997 566.9706254261318
16.79999999999997 566.9706254123926
16.89999999999997 566.9706253986533
16.99999999999997 566.970625384914
17.09999999999997 566.9706253711748
17.19999999999997 566.9706253574356
17.29999999999998 566.9706253436963
17.39999999999998 566.970625329957
17.49999999999998 566.9706253162177
17.59999999999998 566.9706253024785
17.69999999999998 566.9706252887393
17.79999999999998 566.970625275
17.89999999999998 566.9706252612607
17.99999999999999 566.9706252475214
18.09999999999999 566.9706252337822
18.19999999999999 566.970625220043
18.29999999999999 566.9706252063037
18.39999999999999 566.9706251925644
18.49999999999999 566.9706251788251
18.59999999999999 566.9706251650859
18.7 566.9706251513467
18.8 566.9706251376074
18.9 566.9706251238681
19 566.9706251101288
19.1 566.9706250963897
19.2 566.9706250826504
19.3 566.9706250689111
19.40000000000001 566.9706250551718
19.50000000000001 566.9706250414325
19.60000000000001 566.9706250276934
19.70000000000001 566.9706250139541
19.80000000000001 566.9706250002148
19.90000000000001 566.9706249864755
20.00000000000001 566.9706249727362
20.10000000000002 566.9706249589971
20.20000000000002 566.9706249452578
20.30000000000002 566.9706249315185
20.40000000000002 566.9706249177792
20.50000000000002 566.9706249040399
20.60000000000002 566.9706248903008
20.70000000000002 566.9706248765615
20.80000000000003 566.9706248628222
20.90000000000003 566.9706248490829
21.00000000000003 566.9706248353436
21.10000000000003 566.9706248216045
21.20000000000003 566.9706248078652
21.30000000000003 566.9706247941259
21.40000000000003 566.9706247803866
21.50000000000004 566.9706247666473
21.60000000000004 566.9706247529082
21.70000000000004 566.9706247391689
21.80000000000004 566.9706247254296
21.90000000000004 566.9706247116903
22.00000000000004 566.9706246979511
22.10000000000004 566.9706246842119
22.20000000000005 566.9706246704726
22.30000000000005 566.9706246567333
22.40000000000005 566.970624642994
22.50000000000005 566.9706246292548
22.60000000000005 566.9706246155156
22.70000000000005 566.9706246017763
22.80000000000005 566.970624588037
22.90000000000006 566.9706245742977
23.00000000000006 566.9706245605585
23.10000000000006 566.9706245468192
23.20000000000006 566.97062453308
23.30000000000006 566.9706245193407
23.40000000000006 566.9706245056014
23.50000000000006 566.9706244918622
23.60000000000007 566.9706244781229
23.70000000000007 566.9706244643837
23.80000000000007 566.9706244506444
23.90000000000007 566.9706244369052
24.00000000000007 566.9706244231659
24.10000000000007 566.9706244094266
24.20000000000007 566.9706243956874
24.30000000000008 566.9706243819481
24.40000000000008 566.9706243682089
24.50000000000008 566.9706243544696
24.60000000000008 566.9706243407303
24.70000000000008 566.9706243269911
24.80000000000008 566.9706243132518
24.90000000000008 566.9706242995126
25.00000000000009 566.9706242857733
25.10000000000009 566.970624272034
25.20000000000009 566.9706242582948
25.30000000000009 566.9706242445556
25.40000000000009 566.9706242308163
25.50000000000009 566.970624217077
25.60000000000009 566.9706242033377
25.7000000000001 566.9706241895985
25.8000000000001 566.9706241758593
25.9000000000001 566.97062416212
26.0000000000001 566.9706241483807
26.1000000000001 566.9706241346414
26.2000000000001 566.9706241209022
26.3000000000001 566.970624107163
26.40000000000011 566.9706240934237
26.50000000000011 566.9706240796844
26.60000000000011 566.9706240659451
26.70000000000011 566.9706240522059
26.80000000000011 566.9706240384667
26.90000000000011 566.9706240247274
27.00000000000011 566.9706240109881
27.10000000000012 566.9706239972488
27.20000000000012 566.9706239835097
27.30000000000012 566.9706239697704
27.40000000000012 566.9706239560311
27.50000000000012 566.9706239422918
27.60000000000012 566.9706239285525
27.70000000000012 566.9706239148134
27.80000000000013 566.9706239016443
27.90000000000013 566.9706239012326
28.00000000000013 566.9706239008207
28.10000000000013 566.9706239004089
28.20000000000013 566.970623899997
28.30000000000013 566.9706238995852
28.40000000000013 566.9706238991733
28.50000000000014 566.9706238987615
28.60000000000014 566.9706238983497
28.70000000000014 566.9706238979378
28.80000000000014 566.970623897526
28.90000000000014 566.9706238971141
29.00000000000014 566.9706238967024
29.10000000000014 566.9706238962905
29.20000000000014 566.9706238958787
29.30000000000015 566.9706238954668
29.40000000000015 566.970623895055
29.50000000000015 566.9706238946432
29.60000000000015 566.9706238942314
29.70000000000015 566.9706238938195
29.80000000000015 566.9706238934076
29.90000000000015 566.9706238929958
30.00000000000016 566.9706238925839
30.10000000000016 566.9706238921722
30.20000000000016 566.9706238917603
30.30000000000016 566.9706238913485
30.40000000000016 566.9706238909366
30.50000000000016 566.9706238905248
30.60000000000016 566.970623890113
30.70000000000017 566.9706238897012
30.80000000000017 566.9706238892893
30.90000000000017 566.9706238888775
31.00000000000017 566.9706238884656
31.10000000000017 566.9706238880539
31.20000000000017 566.970623887642
31.30000000000017 566.9706238872301
31.40000000000018 566.9706238868183
31.50000000000018 566.9706238864064
31.60000000000018 566.9706238859947
31.70000000000018 566.9706238855828
31.80000000000018 566.970623885171
31.90000000000018 566.9706238847591
32.00000000000018 566.9706238843473
32.10000000000019 566.9706238839354
32.20000000000019 566.9706238835237
32.30000000000019 566.9706238831118
32.40000000000019 566.9706238827
32.50000000000019 566.9706238822881
32.60000000000019 566.9706238818763
32.70000000000019 566.9706238814645
32.8000000000002 566.9706238810526
32.9000000000002 566.9706238806408
33.0000000000002 566.9706238802289
33.1000000000002 566.9706238798171
33.2000000000002 566.9706238794053
33.3000000000002 566.9706238789935
33.4000000000002 566.9706238785816
33.50000000000021 566.9706238781698
33.60000000000021 566.9706238777579
33.70000000000021 566.9706238773462
33.80000000000021 566.9706238769343
33.90000000000021 566.9706238765225
34.00000000000021 566.9706238761106
34.10000000000021 566.9706238756987
34.20000000000022 566.9706238752869
34.30000000000022 566.9706238748751
34.40000000000022 566.9706238744633
34.50000000000022 566.9706238740514
34.60000000000022 566.9706238736396
34.70000000000022 566.9706238732277
34.80000000000022 566.970623872816
34.90000000000023 566.9706238724041
35.00000000000023 566.9706238719923
35.10000000000023 566.9706238715804
35.20000000000023 566.9706238711686
35.30000000000023 566.9706238707568
35.40000000000023 566.970623870345
35.50000000000023 566.9706238699331
35.60000000000024 566.9706238695212
35.70000000000024 566.9706238691094
35.80000000000024 566.9706238686975
35.90000000000024 566.9706238682858
36.00000000000024 566.9706238678739
36.10000000000024 566.9706238674621
36.20000000000024 566.9706238670502
36.30000000000025 566.9706238666384
36.40000000000025 566.9706238662266
36.50000000000025 566.9706238658148
36.60000000000025 566.9706238654029
36.70000000000025 566.9706238649911
36.80000000000025 566.9706238645792
36.90000000000025 566.9706238641675
37.00000000000026 566.9706238637556
37.10000000000026 566.9706238633437
37.20000000000026 566.9706238629319
37.30000000000026 566.97062386252
37.40000000000026 566.9706238621083
37.50000000000026 566.9706238616964
37.60000000000026 566.9706238612846
37.70000000000027 566.9706238608727
37.80000000000027 566.9706238604609
37.90000000000027 566.970623860049
38.00000000000027 566.9706238596373
38.10000000000027 566.9706238592254
38.20000000000027 566.9706238588136
38.30000000000027 566.9706238584017
38.40000000000028 566.9706238579898
38.50000000000028 566.9706238575781
38.60000000000028 566.9706238571662
38.70000000000028 566.9706238567544
38.80000000000028 566.9706238563425
38.90000000000028 566.9706238559307
39.00000000000028 566.9706238555189
39.10000000000029 566.9706238551071
39.20000000000029 566.9706238546952
39.30000000000029 566.9706238542834
39.40000000000029 566.9706238538715
39.50000000000029 566.9706238534598
39.60000000000029 566.9706238530479
39.70000000000029 566.9706238526361
39.8000000000003 566.9706238522242
39.9000000000003 566.9706238518123
40.0000000000003 566.9706238514005
40.1000000000003 566.9706238509887
40.2000000000003 566.9706238505769
40.3000000000003 566.970623850165
40.4000000000003 566.9706238497532
40.50000000000031 566.9706238496508
40.60000000000031 566.9706238496495
40.70000000000031 566.9706238496482
40.80000000000031 566.9706238496469
40.90000000000031 566.9706238496457
41.00000000000031 566.9706238496444
41.10000000000031 566.9706238496432
41.20000000000032 566.9706238496419
41.30000000000032 566.9706238496407
41.40000000000032 566.9706238496393
41.50000000000032 566.9706238496381
41.60000000000032 566.9706238496368
41.70000000000032 566.9706238496356
41.80000000000032 566.9706238496343
41.90000000000033 566.9706238496331
42.00000000000033 566.9706238496317
42.10000000000033 566.9706238496304
42.20000000000033 566.9706238496292
42.30000000000033 566.9706238496279
42.40000000000033 566.9706238496267
42.50000000000033 566.9706238496254
42.60000000000034 566.9706238496241
42.70000000000034 566.9706238496228
42.80000000000034 566.9706238496216
42.90000000000034 566.9706238496203
43.00000000000034 566.9706238496191
43.10000000000034 566.9706238496178
43.20000000000034 566.9706238496165
43.30000000000035 566.9706238496152
43.40000000000035 566.970623849614
43.50000000000035 566.9706238496127
43.60000000000035 566.9706238496115
43.70000000000035 566.9706238496102
43.80000000000035 566.9706238496088
43.90000000000035 566.9706238496076
44.00000000000036 566.9706238496063
44.10000000000036 566.9706238496051
44.20000000000036 566.9706238496038
44.30000000000036 566.9706238496026
44.40000000000036 566.9706238496013
44.50000000000036 566.9706238496
44.60000000000036 566.9706238495987
44.70000000000037 566.9706238495975
44.80000000000037 566.9706238495962
44.90000000000037 566.970623849595
45.00000000000037 566.9706238495937
45.10000000000037 566.9706238495924
45.20000000000037 566.9706238495911
45.30000000000037 566.9706238495899
45.40000000000038 566.9706238495886
45.50000000000038 566.9706238495874
45.60000000000038 566.9706238495861
45.70000000000038 566.9706238495847
45.80000000000038 566.9706238495835
45.90000000000038 566.9706238495822
46.00000000000038 566.970623849581
46.10000000000039 566.9706238495797
46.20000000000039 566.9706238495785
46.30000000000039 566.9706238495771
46.40000000000039 566.9706238495759
46.50000000000039 566.9706238495746
46.60000000000039 566.9706238495734
46.70000000000039 566.9706238495721
46.8000000000004 566.9706238495709
46.9000000000004 566.9706238495695
47.0000000000004 566.9706238495683
47.1000000000004 566.970623849567
47.2000000000004 566.9706238495658
47.3000000000004 566.9706238495645
47.4000000000004 566.9706238495633
47.50000000000041 566.9706238495619
47.60000000000041 566.9706238495606
47.70000000000041 566.9706238495594
47.80000000000041 566.9706238495581
47.90000000000041 566.9706238495569
48.00000000000041 566.9706238495556
48.10000000000041 566.9706238495544
48.20000000000041 566.970623849553
48.30000000000042 566.9706238495518
48.40000000000042 566.9706238495505
48.50000000000042 566.9706238495493
48.60000000000042 566.970623849548
48.70000000000042 566.9706238495468
48.80000000000042 566.9706238495454
48.90000000000042 566.9706238495442
49.00000000000043 566.9706238495429
49.10000000000043 566.9706238495417
49.20000000000043 566.9706238495404
49.30000000000043 566.9706238495392
49.40000000000043 566.9706238495378
49.50000000000043 566.9706238495365
49.60000000000043 566.9706238495353
49.70000000000044 566.970623849534
49.80000000000044 566.9706238495328
49.90000000000044 566.9706238495315