Time X1
0 250
0.1 286.5651535749034
0.2 342.2353937325518
0.3 433.8066334177453
0.4 595.1600611215117
0.5 863.8088571905564
0.6 1141.65323349194
0.7 1260.724032915574
0.7999999999999999 1287.269441737115
0.8999999999999999 1292.036048957766
0.9999999999999999 1292.854809785622
1.1 1292.994310059375
1.2 1293.01827071212
1.3 1293.022224983921
1.4 1293.022890396004
1.5 1293.023019211006
1.6 1293.023076098555
1.7 1293.02306742579
1.8 1293.023067366671
1.900000000000001 1293.023052785335
2 1293.023047704097
2.100000000000001 1293.023043834267
2.200000000000001 1293.02304369172
2.300000000000001 1293.023043549172
2.400000000000001 1293.023043406624
2.500000000000001 1293.023043264076
2.600000000000001 1293.023043121529
2.700000000000001 1293.023042978981
2.800000000000001 1293.023042836434
2.900000000000001 1293.023042693886
3.000000000000001 1293.023042551338
3.100000000000001 1293.023042408791
3.200000000000002 1293.023042266243
3.300000000000002 1293.023042123695
3.400000000000002 1293.023041981148
3.500000000000002 1293.0230418386
3.600000000000002 1293.023041696052
3.700000000000002 1293.023041553505
3.800000000000002 1293.023041410957
3.900000000000002 1293.023041268409
4.000000000000002 1293.023041125862
4.100000000000001 1293.023041077567
4.200000000000001 1293.023041073568
4.300000000000001 1293.023041069568
4.4 1293.023041065569
4.5 1293.023041061569
4.6 1293.02304105757
4.699999999999999 1293.02304105357
4.799999999999999 1293.023041049571
4.899999999999999 1293.023041045572
4.999999999999998 1293.023041041572
5.099999999999998 1293.023041037573
5.199999999999998 1293.023041033573
5.299999999999997 1293.023041029574
5.399999999999997 1293.023041025574
5.499999999999996 1293.023041021574
5.599999999999996 1293.023041017575
5.699999999999996 1293.023041013576
5.799999999999995 1293.023041009576
5.899999999999995 1293.023041005577
5.999999999999995 1293.023041002037
6.099999999999994 1293.023041002025
6.199999999999994 1293.023041002014
6.299999999999994 1293.023041002002
6.399999999999993 1293.023041001991
6.499999999999993 1293.023041001979
6.599999999999993 1293.023041001968
6.699999999999992 1293.023041001956
6.799999999999992 1293.023041001945
6.899999999999991 1293.023041001933
6.999999999999991 1293.023041001922
7.099999999999991 1293.02304100191
7.19999999999999 1293.023041001899
7.29999999999999 1293.023041001887
7.39999999999999 1293.023041001876
7.499999999999989 1293.023041001864
7.599999999999989 1293.023041001853
7.699999999999989 1293.023041001841
7.799999999999988 1293.02304100183
7.899999999999988 1293.023041001818
7.999999999999988 1293.023041001807
8.099999999999987 1293.023041001795
8.199999999999987 1293.023041001784
8.299999999999986 1293.023041001772
8.399999999999986 1293.02304100176
8.499999999999986 1293.023041001749
8.599999999999985 1293.023041001738
8.699999999999985 1293.023041001726
8.799999999999985 1293.023041001715
8.899999999999984 1293.023041001703
8.999999999999984 1293.023041001691
9.099999999999984 1293.02304100168
9.199999999999983 1293.023041001668
9.299999999999983 1293.023041001657
9.399999999999983 1293.023041001645
9.499999999999982 1293.023041001634
9.599999999999982 1293.023041001622
9.699999999999982 1293.023041001611
9.799999999999981 1293.023041001599
9.899999999999981 1293.023041001588
9.99999999999998 1293.023041001576
10.09999999999998 1293.023041001565
10.19999999999998 1293.023041001553
10.29999999999998 1293.023041001542
10.39999999999998 1293.02304100153
10.49999999999998 1293.023041001519
10.59999999999998 1293.023041001507
10.69999999999998 1293.023041001496
10.79999999999998 1293.023041001484
10.89999999999998 1293.023041001473
10.99999999999998 1293.023041001461
11.09999999999998 1293.02304100145
11.19999999999998 1293.023041001438
11.29999999999998 1293.023041001427
11.39999999999998 1293.023041001415
11.49999999999998 1293.023041001403
11.59999999999997 1293.023041001392
11.69999999999997 1293.023041001381
11.79999999999997 1293.023041001369
11.89999999999997 1293.023041001358
11.99999999999997 1293.023041001346
12.09999999999997 1293.023041001334
12.19999999999997 1293.023041001323
12.29999999999997 1293.023041001311
12.39999999999997 1293.0230410013
12.49999999999997 1293.023041001288
12.59999999999997 1293.023041001277
12.69999999999997 1293.023041001265
12.79999999999997 1293.023041001254
12.89999999999997 1293.023041001242
12.99999999999997 1293.023041001231
13.09999999999997 1293.023041001219
13.19999999999997 1293.023041001208
13.29999999999997 1293.023041001196
13.39999999999997 1293.023041001185
13.49999999999997 1293.023041001173
13.59999999999997 1293.023041001162
13.69999999999997 1293.02304100115
13.79999999999997 1293.023041001139
13.89999999999997 1293.023041001127
13.99999999999997 1293.023041001116
14.09999999999997 1293.023041001104
14.19999999999997 1293.023041001093
14.29999999999997 1293.023041001081
14.39999999999996 1293.023041001069
14.49999999999996 1293.023041001058
14.59999999999996 1293.023041001047
14.69999999999996 1293.023041001035
14.79999999999996 1293.023041001024
14.89999999999996 1293.023041001012
14.99999999999996 1293.023041001
15.09999999999996 1293.023041000989
15.19999999999996 1293.023041000977
15.29999999999996 1293.023041000966
15.39999999999996 1293.023041000954
15.49999999999996 1293.023041000943
15.59999999999996 1293.023041000931
15.69999999999996 1293.02304100092
15.79999999999996 1293.023041000908
15.89999999999996 1293.023041000897
15.99999999999996 1293.023041000885
16.09999999999996 1293.023041000874
16.19999999999996 1293.023041000862
16.29999999999996 1293.023041000851
16.39999999999996 1293.023041000839
16.49999999999996 1293.023041000828
16.59999999999997 1293.023041000816
16.69999999999997 1293.023041000805
16.79999999999997 1293.023041000793
16.89999999999997 1293.023041000782
16.99999999999997 1293.02304100077
17.09999999999997 1293.023041000759
17.19999999999997 1293.023041000747
17.29999999999998 1293.023041000735
17.39999999999998 1293.023041000724
17.49999999999998 1293.023041000713
17.59999999999998 1293.023041000701
17.69999999999998 1293.02304100069
17.79999999999998 1293.023041000678
17.89999999999998 1293.023041000667
17.99999999999999 1293.023041000655
18.09999999999999 1293.023041000643
18.19999999999999 1293.023041000632
18.29999999999999 1293.02304100062
18.39999999999999 1293.023041000609
18.49999999999999 1293.023041000597
18.59999999999999 1293.023041000586
18.7 1293.023041000574
18.8 1293.023041000563
18.9 1293.023041000551
19 1293.02304100054
19.1 1293.023041000528
19.2 1293.023041000517
19.3 1293.023041000505
19.40000000000001 1293.023041000494
19.50000000000001 1293.023041000482
19.60000000000001 1293.023041000471
19.70000000000001 1293.023041000459
19.80000000000001 1293.023041000448
19.90000000000001 1293.023041000436
20.00000000000001 1293.023041000425
20.10000000000002 1293.023041000413
20.20000000000002 1293.023041000402
20.30000000000002 1293.02304100039
20.40000000000002 1293.023041000378
20.50000000000002 1293.023041000367
20.60000000000002 1293.023041000356
20.70000000000002 1293.023041000344
20.80000000000003 1293.023041000333
20.90000000000003 1293.023041000321
21.00000000000003 1293.023041000309
21.10000000000003 1293.023041000298
21.20000000000003 1293.023041000286
21.30000000000003 1293.023041000275
21.40000000000003 1293.023041000263
21.50000000000004 1293.023041000252
21.60000000000004 1293.02304100024
21.70000000000004 1293.023041000229
21.80000000000004 1293.023041000217
21.90000000000004 1293.023041000206
22.00000000000004 1293.023041000194
22.10000000000004 1293.023041000183
22.20000000000005 1293.023041000171
22.30000000000005 1293.02304100016
22.40000000000005 1293.023041000148
22.50000000000005 1293.023041000137
22.60000000000005 1293.023041000125
22.70000000000005 1293.023041000114
22.80000000000005 1293.023041000102
22.90000000000006 1293.023041000091
23.00000000000006 1293.023041000079
23.10000000000006 1293.023041000068
23.20000000000006 1293.023041000056
23.30000000000006 1293.023041000044
23.40000000000006 1293.023041000033
23.50000000000006 1293.023041000022
23.60000000000007 1293.02304100001
23.70000000000007 1293.023040999999
23.80000000000007 1293.023040999987
23.90000000000007 1293.023040999975
24.00000000000007 1293.023040999964
24.10000000000007 1293.023040999952
24.20000000000007 1293.023040999941
24.30000000000008 1293.023040999929
24.40000000000008 1293.023040999918
24.50000000000008 1293.023040999906
24.60000000000008 1293.023040999895
24.70000000000008 1293.023040999883
24.80000000000008 1293.023040999872
24.90000000000008 1293.02304099986
25.00000000000009 1293.023040999849
25.10000000000009 1293.023040999837
25.20000000000009 1293.023040999826
25.30000000000009 1293.023040999814
25.40000000000009 1293.023040999803
25.50000000000009 1293.023040999791
25.60000000000009 1293.023040999785
25.7000000000001 1293.023040999785
25.8000000000001 1293.023040999785
25.9000000000001 1293.023040999785
26.0000000000001 1293.023040999785
26.1000000000001 1293.023040999785
26.2000000000001 1293.023040999785
26.3000000000001 1293.023040999785
26.40000000000011 1293.023040999785
26.50000000000011 1293.023040999785
26.60000000000011 1293.023040999785
26.70000000000011 1293.023040999785
26.80000000000011 1293.023040999785
26.90000000000011 1293.023040999785
27.00000000000011 1293.023040999785
27.10000000000012 1293.023040999785
27.20000000000012 1293.023040999785
27.30000000000012 1293.023040999785
27.40000000000012 1293.023040999785
27.50000000000012 1293.023040999785
27.60000000000012 1293.023040999784
27.70000000000012 1293.023040999784
27.80000000000013 1293.023040999784
27.90000000000013 1293.023040999784
28.00000000000013 1293.023040999784
28.10000000000013 1293.023040999784
28.20000000000013 1293.023040999784
28.30000000000013 1293.023040999784
28.40000000000013 1293.023040999784
28.50000000000014 1293.023040999784
28.60000000000014 1293.023040999784
28.70000000000014 1293.023040999784
28.80000000000014 1293.023040999784
28.90000000000014 1293.023040999784
29.00000000000014 1293.023040999784
29.10000000000014 1293.023040999784
29.20000000000014 1293.023040999784
29.30000000000015 1293.023040999784
29.40000000000015 1293.023040999784
29.50000000000015 1293.023040999784
29.60000000000015 1293.023040999784
29.70000000000015 1293.023040999784
29.80000000000015 1293.023040999784
29.90000000000015 1293.023040999784
30.00000000000016 1293.023040999784
30.10000000000016 1293.023040999784
30.20000000000016 1293.023040999784
30.30000000000016 1293.023040999784
30.40000000000016 1293.023040999784
30.50000000000016 1293.023040999783
30.60000000000016 1293.023040999783
30.70000000000017 1293.023040999783
30.80000000000017 1293.023040999783
30.90000000000017 1293.023040999783
31.00000000000017 1293.023040999783
31.10000000000017 1293.023040999783
31.20000000000017 1293.023040999783
31.30000000000017 1293.023040999783
31.40000000000018 1293.023040999783
31.50000000000018 1293.023040999783
31.60000000000018 1293.023040999783
31.70000000000018 1293.023040999783
31.80000000000018 1293.023040999783
31.90000000000018 1293.023040999783
32.00000000000018 1293.023040999783
32.10000000000019 1293.023040999783
32.20000000000019 1293.023040999783
32.30000000000019 1293.023040999783
32.40000000000019 1293.023040999783
32.50000000000019 1293.023040999783
32.60000000000019 1293.023040999783
32.70000000000019 1293.023040999783
32.8000000000002 1293.023040999783
32.9000000000002 1293.023040999783
33.0000000000002 1293.023040999783
33.1000000000002 1293.023040999783
33.2000000000002 1293.023040999783
33.3000000000002 1293.023040999783
33.4000000000002 1293.023040999783
33.50000000000021 1293.023040999783
33.60000000000021 1293.023040999783
33.70000000000021 1293.023040999783
33.80000000000021 1293.023040999783
33.90000000000021 1293.023040999783
34.00000000000021 1293.023040999783
34.10000000000021 1293.023040999782
34.20000000000022 1293.023040999782
34.30000000000022 1293.023040999782
34.40000000000022 1293.023040999782
34.50000000000022 1293.023040999782
34.60000000000022 1293.023040999782
34.70000000000022 1293.023040999782
34.80000000000022 1293.023040999782
34.90000000000023 1293.023040999782
35.00000000000023 1293.023040999782
35.10000000000023 1293.023040999782
35.20000000000023 1293.023040999782
35.30000000000023 1293.023040999782
35.40000000000023 1293.023040999782
35.50000000000023 1293.023040999782
35.60000000000024 1293.023040999782
35.70000000000024 1293.023040999782
35.80000000000024 1293.023040999782
35.90000000000024 1293.023040999782
36.00000000000024 1293.023040999782
36.10000000000024 1293.023040999782
36.20000000000024 1293.023040999782
36.30000000000025 1293.023040999782
36.40000000000025 1293.023040999782
36.50000000000025 1293.023040999782
36.60000000000025 1293.023040999782
36.70000000000025 1293.023040999782
36.80000000000025 1293.023040999782
36.90000000000025 1293.023040999781
37.00000000000026 1293.023040999781
37.10000000000026 1293.023040999781
37.20000000000026 1293.023040999781
37.30000000000026 1293.023040999781
37.40000000000026 1293.023040999781
37.50000000000026 1293.023040999781
37.60000000000026 1293.023040999781
37.70000000000027 1293.023040999781
37.80000000000027 1293.023040999781
37.90000000000027 1293.023040999781
38.00000000000027 1293.023040999781
38.10000000000027 1293.023040999781
38.20000000000027 1293.023040999781
38.30000000000027 1293.023040999781
38.40000000000028 1293.023040999781
38.50000000000028 1293.023040999781
38.60000000000028 1293.023040999781
38.70000000000028 1293.023040999781
38.80000000000028 1293.023040999781
38.90000000000028 1293.023040999781
39.00000000000028 1293.023040999781
39.10000000000029 1293.023040999781
39.20000000000029 1293.023040999781
39.30000000000029 1293.023040999781
39.40000000000029 1293.023040999781
39.50000000000029 1293.023040999781
39.60000000000029 1293.023040999781
39.70000000000029 1293.023040999781
39.8000000000003 1293.023040999781
39.9000000000003 1293.023040999781
40.0000000000003 1293.023040999781
40.1000000000003 1293.023040999781
40.2000000000003 1293.023040999781
40.3000000000003 1293.023040999781
40.4000000000003 1293.023040999781
40.50000000000031 1293.02304099978
40.60000000000031 1293.02304099978
40.70000000000031 1293.02304099978
40.80000000000031 1293.02304099978
40.90000000000031 1293.02304099978
41.00000000000031 1293.02304099978
41.10000000000031 1293.02304099978
41.20000000000032 1293.02304099978
41.30000000000032 1293.02304099978
41.40000000000032 1293.02304099978
41.50000000000032 1293.02304099978
41.60000000000032 1293.02304099978
41.70000000000032 1293.02304099978
41.80000000000032 1293.02304099978
41.90000000000033 1293.02304099978
42.00000000000033 1293.02304099978
42.10000000000033 1293.02304099978
42.20000000000033 1293.02304099978
42.30000000000033 1293.02304099978
42.40000000000033 1293.02304099978
42.50000000000033 1293.02304099978
42.60000000000034 1293.02304099978
42.70000000000034 1293.02304099978
42.80000000000034 1293.02304099978
42.90000000000034 1293.02304099978
43.00000000000034 1293.02304099978
43.10000000000034 1293.02304099978
43.20000000000034 1293.02304099978
43.30000000000035 1293.02304099978
43.40000000000035 1293.023040999779
43.50000000000035 1293.023040999779
43.60000000000035 1293.023040999779
43.70000000000035 1293.023040999779
43.80000000000035 1293.023040999779
43.90000000000035 1293.023040999779
44.00000000000036 1293.023040999779
44.10000000000036 1293.023040999779
44.20000000000036 1293.023040999779
44.30000000000036 1293.023040999779
44.40000000000036 1293.023040999779
44.50000000000036 1293.023040999779
44.60000000000036 1293.023040999779
44.70000000000037 1293.023040999779
44.80000000000037 1293.023040999779
44.90000000000037 1293.023040999779
45.00000000000037 1293.023040999779
45.10000000000037 1293.023040999779
45.20000000000037 1293.023040999779
45.30000000000037 1293.023040999779
45.40000000000038 1293.023040999779
45.50000000000038 1293.023040999779
45.60000000000038 1293.023040999779
45.70000000000038 1293.023040999779
45.80000000000038 1293.023040999779
45.90000000000038 1293.023040999779
46.00000000000038 1293.023040999779
46.10000000000039 1293.023040999779
46.20000000000039 1293.023040999779
46.30000000000039 1293.023040999779
46.40000000000039 1293.023040999779
46.50000000000039 1293.023040999779
46.60000000000039 1293.023040999779
46.70000000000039 1293.023040999779
46.8000000000004 1293.023040999779
46.9000000000004 1293.023040999779
47.0000000000004 1293.023040999779
47.1000000000004 1293.023040999779
47.2000000000004 1293.023040999779
47.3000000000004 1293.023040999779
47.4000000000004 1293.023040999779
47.50000000000041 1293.023040999779
47.60000000000041 1293.023040999779
47.70000000000041 1293.023040999779
47.80000000000041 1293.023040999779
47.90000000000041 1293.023040999779
48.00000000000041 1293.023040999779
48.10000000000041 1293.023040999779
48.20000000000041 1293.023040999779
48.30000000000042 1293.023040999779
48.40000000000042 1293.023040999779
48.50000000000042 1293.023040999779
48.60000000000042 1293.023040999779
48.70000000000042 1293.023040999779
48.80000000000042 1293.023040999779
48.90000000000042 1293.023040999779
49.00000000000043 1293.023040999779
49.10000000000043 1293.023040999779
49.20000000000043 1293.023040999779
49.30000000000043 1293.023040999779
49.40000000000043 1293.023040999779
49.50000000000043 1293.023040999779
49.60000000000043 1293.023040999779
49.70000000000044 1293.023040999779
49.80000000000044 1293.023040999779
49.90000000000044 1293.023040999779