Time X1
0 250
0.1 253.2683850427916
0.2 256.9380211960342
0.3 261.067988435702
0.4 265.7262809452597
0.5 270.9931492376714
0.6 276.9628976371189
0.7 283.7459842673059
0.7999999999999999 291.4714406353419
0.8999999999999999 300.289121802036
0.9999999999999999 310.3709531564417
1.1 321.9100527438306
1.2 335.1180865629426
1.3 350.211721621046
1.4 367.3927031148658
1.5 386.8105069164716
1.6 408.5051104581792
1.7 432.3317075969813
1.8 457.8782528928442
1.900000000000001 484.4134993262347
2 510.9085042243641
2.100000000000001 536.1730422861782
2.200000000000001 559.0870184578555
2.300000000000001 578.8409155332857
2.400000000000001 595.074789781994
2.500000000000001 607.8626699875873
2.600000000000001 617.5865470886075
2.700000000000001 624.7762033565147
2.800000000000001 629.9794138802299
2.900000000000001 633.6854624778719
3.000000000000001 636.2950800094183
3.100000000000001 638.117654833198
3.200000000000002 639.3832675891084
3.300000000000002 640.2585642799146
3.400000000000002 640.8622298064442
3.500000000000002 641.2777831477272
3.600000000000002 641.5634409894333
3.700000000000002 641.7596304458534
3.800000000000002 641.8942884023634
3.900000000000002 641.9866665626736
4.000000000000002 642.0500249297439
4.100000000000001 642.0934615339802
4.200000000000001 642.1232814937697
4.300000000000001 642.1437128781585
4.4 642.1576823907883
4.5 642.1672819563064
4.6 642.1738239533073
4.699999999999999 642.1783195355697
4.799999999999999 642.1813916257213
4.899999999999999 642.1835043367643
4.999999999999998 642.1849849575719
5.099999999999998 642.1860238652166
5.199999999999998 642.1866998112185
5.299999999999997 642.187179496945
5.399999999999997 642.1874905436493
5.499999999999996 642.187697747317
5.599999999999996 642.1878372819441
5.699999999999996 642.1879345343056
5.799999999999995 642.1880043147191
5.899999999999995 642.1880535995186
5.999999999999995 642.1880877245321
6.099999999999994 642.1881115360252
6.199999999999994 642.1881278370138
6.299999999999994 642.1881390585435
6.399999999999993 642.1881469481044
6.499999999999993 642.1881572826345
6.599999999999993 642.1881661745527
6.699999999999992 642.1881732594436
6.799999999999992 642.1881785373071
6.899999999999991 642.1881820081431
6.999999999999991 642.1881836719518
7.099999999999991 642.1881835287331
7.19999999999999 642.1881815784869
7.29999999999999 642.1881778212133
7.39999999999999 642.1881785917469
7.499999999999989 642.1881793142278
7.599999999999989 642.1881795939155
7.699999999999989 642.1881794308098
7.799999999999988 642.1881788249108
7.899999999999988 642.1881777762186
7.999999999999988 642.188176284733
8.099999999999987 642.1881743504541
8.199999999999987 642.1881719733819
8.299999999999986 642.1881711192333
8.399999999999986 642.1881705350629
8.499999999999986 642.1881699508925
8.599999999999985 642.1881693667223
8.699999999999985 642.1881687825519
8.799999999999985 642.1881681983815
8.899999999999984 642.1881676142111
8.999999999999984 642.1881670300409
9.099999999999984 642.1881664458705
9.199999999999983 642.18816639771
9.299999999999983 642.1881663810096
9.399999999999983 642.1881663643092
9.499999999999982 642.1881663476088
9.599999999999982 642.1881663309083
9.699999999999982 642.1881663142078
9.799999999999981 642.1881662975075
9.899999999999981 642.188166280807
9.99999999999998 642.1881662641066
10.09999999999998 642.1881662474061
10.19999999999998 642.1881662307056
10.29999999999998 642.1881662140053
10.39999999999998 642.1881661973048
10.49999999999998 642.1881661806044
10.59999999999998 642.1881661639039
10.69999999999998 642.1881661472034
10.79999999999998 642.1881661305031
10.89999999999998 642.1881661138026
10.99999999999998 642.1881660971022
11.09999999999998 642.1881660804017
11.19999999999998 642.1881660637013
11.29999999999998 642.1881660470009
11.39999999999998 642.1881660303004
11.49999999999998 642.1881660136
11.59999999999997 642.1881659968996
11.69999999999997 642.1881659801991
11.79999999999997 642.1881659634987
11.89999999999997 642.1881659467982
11.99999999999997 642.1881659300979
12.09999999999997 642.1881659133974
12.19999999999997 642.1881658966969
12.29999999999997 642.1881658799965
12.39999999999997 642.188165863296
12.49999999999997 642.1881658465957
12.59999999999997 642.1881658298952
12.69999999999997 642.1881658131947
12.79999999999997 642.1881657964943
12.89999999999997 642.1881657797938
12.99999999999997 642.1881657630935
13.09999999999997 642.188165746393
13.19999999999997 642.1881657296925
13.29999999999997 642.1881657129921
13.39999999999997 642.1881656962917
13.49999999999997 642.1881656795913
13.59999999999997 642.1881656628908
13.69999999999997 642.1881656461903
13.79999999999997 642.18816562949
13.89999999999997 642.1881656127895
13.99999999999997 642.1881655960891
14.09999999999997 642.1881655793886
14.19999999999997 642.1881655626881
14.29999999999997 642.1881655459878
14.39999999999996 642.1881655292873
14.49999999999996 642.1881655125869
14.59999999999996 642.1881654958864
14.69999999999996 642.188165479186
14.79999999999996 642.1881654624856
14.89999999999996 642.1881654457851
14.99999999999996 642.1881654290847
15.09999999999996 642.1881654123843
15.19999999999996 642.1881653956839
15.29999999999996 642.1881653789834
15.39999999999996 642.1881653622829
15.49999999999996 642.1881653455825
15.59999999999996 642.1881653288821
15.69999999999996 642.1881653121817
15.79999999999996 642.1881652954812
15.89999999999996 642.1881652787807
15.99999999999996 642.1881652620804
16.09999999999996 642.1881652453799
16.19999999999996 642.1881652286795
16.29999999999996 642.188165211979
16.39999999999996 642.1881651952785
16.49999999999996 642.1881651785782
16.59999999999997 642.1881651618777
16.69999999999997 642.1881651451773
16.79999999999997 642.1881651284768
16.89999999999997 642.1881651117764
16.99999999999997 642.188165095076
17.09999999999997 642.1881650783755
17.19999999999997 642.1881650616751
17.29999999999998 642.1881650449747
17.39999999999998 642.1881650282742
17.49999999999998 642.1881650115738
17.59999999999998 642.1881649948733
17.69999999999998 642.1881649781729
17.79999999999998 642.1881649614725
17.89999999999998 642.188164944772
17.99999999999999 642.1881649280716
18.09999999999999 642.1881649113711
18.19999999999999 642.1881649107536
18.29999999999999 642.188164910276
18.39999999999999 642.1881649097985
18.49999999999999 642.188164909321
18.59999999999999 642.1881649088434
18.7 642.1881649083659
18.8 642.1881649078884
18.9 642.1881649074109
19 642.1881649069334
19.1 642.1881649064559
19.2 642.1881649059783
19.3 642.1881649055008
19.40000000000001 642.1881649050233
19.50000000000001 642.1881649045457
19.60000000000001 642.1881649040682
19.70000000000001 642.1881649035907
19.80000000000001 642.1881649031131
19.90000000000001 642.1881649026357
20.00000000000001 642.1881649021582
20.10000000000002 642.1881649016806
20.20000000000002 642.1881649012031
20.30000000000002 642.1881649007256
20.40000000000002 642.188164900248
20.50000000000002 642.1881648997705
20.60000000000002 642.188164899293
20.70000000000002 642.1881648988154
20.80000000000003 642.188164898338
20.90000000000003 642.1881648978605
21.00000000000003 642.1881648973829
21.10000000000003 642.1881648969054
21.20000000000003 642.1881648964279
21.30000000000003 642.1881648959503
21.40000000000003 642.1881648954728
21.50000000000004 642.1881648949953
21.60000000000004 642.1881648945177
21.70000000000004 642.1881648940403
21.80000000000004 642.1881648935628
21.90000000000004 642.1881648930852
22.00000000000004 642.1881648926077
22.10000000000004 642.1881648921302
22.20000000000005 642.1881648916526
22.30000000000005 642.1881648911751
22.40000000000005 642.1881648906976
22.50000000000005 642.18816489022
22.60000000000005 642.1881648897426
22.70000000000005 642.1881648892651
22.80000000000005 642.1881648887875
22.90000000000006 642.18816488831
23.00000000000006 642.1881648878325
23.10000000000006 642.1881648873549
23.20000000000006 642.1881648868774
23.30000000000006 642.1881648863999
23.40000000000006 642.1881648859223
23.50000000000006 642.1881648854448
23.60000000000007 642.1881648849674
23.70000000000007 642.1881648844898
23.80000000000007 642.1881648840123
23.90000000000007 642.1881648835348
24.00000000000007 642.1881648830572
24.10000000000007 642.1881648825797
24.20000000000007 642.1881648821021
24.30000000000008 642.1881648816246
24.40000000000008 642.1881648811471
24.50000000000008 642.1881648806695
24.60000000000008 642.1881648801921
24.70000000000008 642.1881648797146
24.80000000000008 642.188164879237
24.90000000000008 642.1881648787595
25.00000000000009 642.188164878282
25.10000000000009 642.1881648778044
25.20000000000009 642.1881648773269
25.30000000000009 642.1881648768494
25.40000000000009 642.1881648763718
25.50000000000009 642.1881648758944
25.60000000000009 642.1881648754169
25.7000000000001 642.1881648749393
25.8000000000001 642.1881648744618
25.9000000000001 642.1881648739843
26.0000000000001 642.1881648735067
26.1000000000001 642.1881648730292
26.2000000000001 642.1881648725517
26.3000000000001 642.1881648720741
26.40000000000011 642.1881648715967
26.50000000000011 642.1881648711192
26.60000000000011 642.1881648706416
26.70000000000011 642.1881648701641
26.80000000000011 642.1881648696866
26.90000000000011 642.188164869209
27.00000000000011 642.1881648687315
27.10000000000012 642.1881648682722
27.20000000000012 642.1881648682707
27.30000000000012 642.1881648682694
27.40000000000012 642.188164868268
27.50000000000012 642.1881648682665
27.60000000000012 642.1881648682652
27.70000000000012 642.1881648682638
27.80000000000013 642.1881648682623
27.90000000000013 642.188164868261
28.00000000000013 642.1881648682596
28.10000000000013 642.1881648682581
28.20000000000013 642.1881648682568
28.30000000000013 642.1881648682554
28.40000000000013 642.1881648682539
28.50000000000014 642.1881648682526
28.60000000000014 642.1881648682512
28.70000000000014 642.1881648682497
28.80000000000014 642.1881648682484
28.90000000000014 642.188164868247
29.00000000000014 642.1881648682455
29.10000000000014 642.1881648682441
29.20000000000014 642.1881648682428
29.30000000000015 642.1881648682413
29.40000000000015 642.1881648682399
29.50000000000015 642.1881648682386
29.60000000000015 642.1881648682371
29.70000000000015 642.1881648682357
29.80000000000015 642.1881648682344
29.90000000000015 642.1881648682329
30.00000000000016 642.1881648682315
30.10000000000016 642.1881648682302
30.20000000000016 642.1881648682287
30.30000000000016 642.1881648682273
30.40000000000016 642.188164868226
30.50000000000016 642.1881648682245
30.60000000000016 642.1881648682231
30.70000000000017 642.1881648682217
30.80000000000017 642.1881648682203
30.90000000000017 642.1881648682189
31.00000000000017 642.1881648682175
31.10000000000017 642.1881648682161
31.20000000000017 642.1881648682147
31.30000000000017 642.1881648682133
31.40000000000018 642.1881648682119
31.50000000000018 642.1881648682105
31.60000000000018 642.1881648682091
31.70000000000018 642.1881648682077
31.80000000000018 642.1881648682063
31.90000000000018 642.1881648682049
32.00000000000018 642.1881648682034
32.10000000000019 642.1881648682021
32.20000000000019 642.1881648682007
32.30000000000019 642.1881648681992
32.40000000000019 642.1881648681979
32.50000000000019 642.1881648681965
32.60000000000019 642.188164868195
32.70000000000019 642.1881648681937
32.8000000000002 642.1881648681923
32.9000000000002 642.1881648681908
33.0000000000002 642.1881648681895
33.1000000000002 642.1881648681881
33.2000000000002 642.1881648681866
33.3000000000002 642.1881648681853
33.4000000000002 642.1881648681839
33.50000000000021 642.1881648681824
33.60000000000021 642.188164868181
33.70000000000021 642.1881648681797
33.80000000000021 642.1881648681782
33.90000000000021 642.1881648681768
34.00000000000021 642.1881648681755
34.10000000000021 642.188164868174
34.20000000000022 642.1881648681726
34.30000000000022 642.1881648681713
34.40000000000022 642.1881648681698
34.50000000000022 642.1881648681684
34.60000000000022 642.1881648681671
34.70000000000022 642.1881648681656
34.80000000000022 642.1881648681642
34.90000000000023 642.1881648681629
35.00000000000023 642.1881648681614
35.10000000000023 642.18816486816
35.20000000000023 642.1881648681587
35.30000000000023 642.1881648681572
35.40000000000023 642.1881648681558
35.50000000000023 642.1881648681544
35.60000000000024 642.188164868153
35.70000000000024 642.1881648681516
35.80000000000024 642.1881648681502
35.90000000000024 642.1881648681488
36.00000000000024 642.1881648681474
36.10000000000024 642.188164868146
36.20000000000024 642.1881648681446
36.30000000000025 642.1881648681432
36.40000000000025 642.1881648681418
36.50000000000025 642.1881648681403
36.60000000000025 642.188164868139
36.70000000000025 642.1881648681376
36.80000000000025 642.1881648681361
36.90000000000025 642.1881648681348
37.00000000000026 642.1881648681334
37.10000000000026 642.1881648681319
37.20000000000026 642.1881648681306
37.30000000000026 642.1881648681292
37.40000000000026 642.1881648681277
37.50000000000026 642.1881648681264
37.60000000000026 642.188164868125
37.70000000000027 642.1881648681235
37.80000000000027 642.1881648681222
37.90000000000027 642.1881648681208
38.00000000000027 642.1881648681193
38.10000000000027 642.188164868118
38.20000000000027 642.1881648681166
38.30000000000027 642.1881648681151
38.40000000000028 642.1881648681137
38.50000000000028 642.1881648681124
38.60000000000028 642.1881648681109
38.70000000000028 642.1881648681095
38.80000000000028 642.1881648681082
38.90000000000028 642.1881648681068
39.00000000000028 642.1881648681053
39.10000000000029 642.188164868104
39.20000000000029 642.1881648681026
39.30000000000029 642.1881648681011
39.40000000000029 642.1881648680998
39.50000000000029 642.1881648680984
39.60000000000029 642.1881648680969
39.70000000000029 642.1881648680956
39.8000000000003 642.1881648680942
39.9000000000003 642.1881648680927
40.0000000000003 642.1881648680913
40.1000000000003 642.18816486809
40.2000000000003 642.1881648680885
40.3000000000003 642.1881648680871
40.4000000000003 642.1881648680858
40.50000000000031 642.1881648680843
40.60000000000031 642.1881648680829
40.70000000000031 642.1881648680816
40.80000000000031 642.1881648680801
40.90000000000031 642.1881648680787
41.00000000000031 642.1881648680774
41.10000000000031 642.1881648680759
41.20000000000032 642.1881648680745
41.30000000000032 642.1881648680732
41.40000000000032 642.1881648680717
41.50000000000032 642.1881648680703
41.60000000000032 642.188164868069
41.70000000000032 642.1881648680675
41.80000000000032 642.1881648680661
41.90000000000033 642.1881648680647
42.00000000000033 642.1881648680633
42.10000000000033 642.1881648680619
42.20000000000033 642.1881648680605
42.30000000000033 642.1881648680591
42.40000000000033 642.1881648680577
42.50000000000033 642.1881648680563
42.60000000000034 642.1881648680549
42.70000000000034 642.1881648680535
42.80000000000034 642.1881648680521
42.90000000000034 642.1881648680506
43.00000000000034 642.1881648680493
43.10000000000034 642.1881648680479
43.20000000000034 642.1881648680464
43.30000000000035 642.1881648680451
43.40000000000035 642.1881648680437
43.50000000000035 642.1881648680422
43.60000000000035 642.1881648680409
43.70000000000035 642.1881648680395
43.80000000000035 642.188164868038
43.90000000000035 642.1881648680367
44.00000000000036 642.1881648680353
44.10000000000036 642.1881648680338
44.20000000000036 642.1881648680325
44.30000000000036 642.1881648680311
44.40000000000036 642.1881648680296
44.50000000000036 642.1881648680283
44.60000000000036 642.1881648680269
44.70000000000037 642.1881648680254
44.80000000000037 642.188164868024
44.90000000000037 642.1881648680227
45.00000000000037 642.1881648680212
45.10000000000037 642.1881648680198
45.20000000000037 642.1881648680185
45.30000000000037 642.188164868017
45.40000000000038 642.1881648680156
45.50000000000038 642.1881648680143
45.60000000000038 642.1881648680128
45.70000000000038 642.1881648680114
45.80000000000038 642.1881648680101
45.90000000000038 642.1881648680086
46.00000000000038 642.1881648680072
46.10000000000039 642.1881648680059
46.20000000000039 642.1881648680044
46.30000000000039 642.188164868003
46.40000000000039 642.1881648680016
46.50000000000039 642.1881648680002
46.60000000000039 642.1881648679988
46.70000000000039 642.1881648679974
46.8000000000004 642.188164867996
46.9000000000004 642.1881648679946
47.0000000000004 642.1881648679932
47.1000000000004 642.1881648679918
47.2000000000004 642.1881648679904
47.3000000000004 642.188164867989
47.4000000000004 642.1881648679876
47.50000000000041 642.1881648679862
47.60000000000041 642.1881648679848
47.70000000000041 642.1881648679833
47.80000000000041 642.188164867982
47.90000000000041 642.1881648679806
48.00000000000041 642.1881648679791
48.10000000000041 642.1881648679778
48.20000000000041 642.1881648679764
48.30000000000042 642.1881648679749
48.40000000000042 642.1881648679736
48.50000000000042 642.1881648679722
48.60000000000042 642.1881648679707
48.70000000000042 642.1881648679694
48.80000000000042 642.188164867968
48.90000000000042 642.1881648679665
49.00000000000043 642.1881648679652
49.10000000000043 642.1881648679638
49.20000000000043 642.1881648679623
49.30000000000043 642.1881648679609
49.40000000000043 642.1881648679596
49.50000000000043 642.1881648679581
49.60000000000043 642.1881648679567
49.70000000000044 642.1881648679554
49.80000000000044 642.1881648679539
49.90000000000044 642.1881648679525