Time X1
0 250
0.1 250.490823693654
0.2 251.0283484226791
0.3 251.6168769918233
0.4 252.2619260089359
0.5 252.9690409811761
0.6 253.7444432823046
0.7 254.595002107234
0.7999999999999999 255.5283553126548
0.8999999999999999 256.5530139140458
0.9999999999999999 257.6785063597529
1.1 258.9153996675228
1.2 260.2754896408243
1.3 261.7718957971205
1.4 263.4192913929801
1.5 265.2340808612088
1.6 267.2347580639032
1.7 269.4418348166286
1.8 271.8785221292506
1.900000000000001 274.5707623896488
2 277.5477083004255
2.100000000000001 280.8421681872238
2.200000000000001 284.4908449747006
2.300000000000001 288.5347425166153
2.400000000000001 293.0195790525157
2.500000000000001 297.9961347682219
2.600000000000001 303.5202593853593
2.700000000000001 309.6529162307628
2.800000000000001 316.4596310219936
2.900000000000001 324.0092701826354
3.000000000000001 332.3721290351227
3.100000000000001 341.6159308622508
3.200000000000002 351.8019060023742
3.300000000000002 362.976027647774
3.400000000000002 375.1602399922286
3.500000000000002 388.3399632100738
3.600000000000002 402.4504287122834
3.700000000000002 417.363770783665
3.800000000000002 432.8788782600949
3.900000000000002 448.7198199005779
4.000000000000002 464.5493927216295
4.100000000000001 479.9928105411309
4.200000000000001 494.6766151755802
4.300000000000001 508.2710150265042
4.4 520.526754591921
4.5 531.2971253865696
4.6 540.5406736794295
4.699999999999999 548.306797989825
4.799999999999999 554.7116015358064
4.899999999999999 559.9109166304628
4.999999999999998 564.0765549750004
5.099999999999998 567.3783856250544
5.199999999999998 569.9728257855859
5.299999999999997 571.9974599506171
5.399999999999997 573.5689346302051
5.499999999999996 574.7835264245751
5.599999999999996 575.7192135553801
5.699999999999996 576.4382192861279
5.799999999999995 576.9896333655063
5.899999999999995 577.411866282634
5.999999999999995 577.7348268935939
6.099999999999994 577.9816329744414
6.199999999999994 578.1701072969972
6.299999999999994 578.3139638052924
6.399999999999993 578.4237250148992
6.499999999999993 578.5074386479517
6.599999999999993 578.5712683217823
6.699999999999992 578.619974929254
6.799999999999992 578.6570942552959
6.899999999999991 578.6853709524206
6.999999999999991 578.7068902873666
7.099999999999991 578.7233243653808
7.19999999999999 578.7358157873575
7.29999999999999 578.7453355045046
7.39999999999999 578.7525771602128
7.499999999999989 578.7580911238351
7.599999999999989 578.7623219421341
7.699999999999989 578.7655714326957
7.799999999999988 578.7681572095453
7.899999999999988 578.7699470158777
7.999999999999988 578.7713830051134
8.099999999999987 578.7725008802411
8.199999999999987 578.7733162866252
8.299999999999986 578.7739328756746
8.399999999999986 578.7743827691386
8.499999999999986 578.7747266227699
8.599999999999985 578.7749904104239
8.699999999999985 578.775195966584
8.799999999999985 578.775357042149
8.899999999999984 578.7754821879715
8.999999999999984 578.775579654641
9.099999999999984 578.7756538960914
9.199999999999983 578.7757115485928
9.299999999999983 578.7757548640533
9.399999999999983 578.7757887016235
9.499999999999982 578.7758141363352
9.599999999999982 578.7758341217102
9.699999999999982 578.775849221857
9.799999999999981 578.7758610931945
9.899999999999981 578.7758700799549
9.99999999999998 578.7758771204742
10.09999999999998 578.7758837438566
10.19999999999998 578.7758919288128
10.29999999999998 578.7758990538764
10.39999999999998 578.7759051190473
10.49999999999998 578.7759101243254
10.59999999999998 578.7759140697107
10.69999999999998 578.7759169552033
10.79999999999998 578.7759187808033
10.89999999999998 578.7759195465104
10.99999999999998 578.7759192523249
11.09999999999998 578.7759178982467
11.19999999999998 578.7759154842756
11.29999999999998 578.7759139711889
11.39999999999998 578.7759148640005
11.49999999999998 578.7759154879816
11.59999999999997 578.7759158431322
11.69999999999997 578.7759159294525
11.79999999999997 578.7759157469421
11.89999999999997 578.7759152956014
11.99999999999997 578.7759145754302
12.09999999999997 578.7759135864286
12.19999999999997 578.7759123285964
12.29999999999997 578.7759108019338
12.39999999999997 578.7759090064408
12.49999999999997 578.775907856541
12.59999999999997 578.7759073613438
12.69999999999997 578.7759068661467
12.79999999999997 578.7759063709495
12.89999999999997 578.7759058757524
12.99999999999997 578.7759053805552
13.09999999999997 578.775904885358
13.19999999999997 578.7759043901609
13.29999999999997 578.7759038949637
13.39999999999997 578.7759033997665
13.49999999999997 578.7759029045694
13.59999999999997 578.7759024093723
13.69999999999997 578.7759021894037
13.79999999999997 578.775902174572
13.89999999999997 578.7759021597403
13.99999999999997 578.7759021449087
14.09999999999997 578.775902130077
14.19999999999997 578.7759021152453
14.29999999999997 578.7759021004136
14.39999999999996 578.7759020855821
14.49999999999996 578.7759020707504
14.59999999999996 578.7759020559187
14.69999999999996 578.7759020410871
14.79999999999996 578.7759020262554
14.89999999999996 578.7759020114237
14.99999999999996 578.775901996592
15.09999999999996 578.7759019817604
15.19999999999996 578.7759019669287
15.29999999999996 578.775901952097
15.39999999999996 578.7759019372654
15.49999999999996 578.7759019224337
15.59999999999996 578.775901907602
15.69999999999996 578.7759018927704
15.79999999999996 578.7759018779387
15.89999999999996 578.775901863107
15.99999999999996 578.7759018482753
16.09999999999996 578.7759018334438
16.19999999999996 578.7759018186121
16.29999999999996 578.7759018037804
16.39999999999996 578.7759017889488
16.49999999999996 578.7759017741171
16.59999999999997 578.7759017592854
16.69999999999997 578.7759017444538
16.79999999999997 578.7759017296221
16.89999999999997 578.7759017147904
16.99999999999997 578.7759016999587
17.09999999999997 578.7759016851271
17.19999999999997 578.7759016702954
17.29999999999998 578.7759016554637
17.39999999999998 578.7759016406321
17.49999999999998 578.7759016258004
17.59999999999998 578.7759016109687
17.69999999999998 578.775901596137
17.79999999999998 578.7759015813054
17.89999999999998 578.7759015664737
17.99999999999999 578.7759015516421
18.09999999999999 578.7759015368105
18.19999999999999 578.7759015219788
18.29999999999999 578.7759015071471
18.39999999999999 578.7759014923155
18.49999999999999 578.7759014774838
18.59999999999999 578.7759014626521
18.7 578.7759014478204
18.8 578.7759014329888
18.9 578.7759014181571
19 578.7759014033254
19.1 578.7759013884938
19.2 578.7759013736621
19.3 578.7759013588304
19.40000000000001 578.7759013439988
19.50000000000001 578.7759013291671
19.60000000000001 578.7759013143354
19.70000000000001 578.7759012995037
19.80000000000001 578.7759012846722
19.90000000000001 578.7759012698405
20.00000000000001 578.7759012550088
20.10000000000002 578.7759012401772
20.20000000000002 578.7759012253455
20.30000000000002 578.7759012105138
20.40000000000002 578.7759011956822
20.50000000000002 578.7759011808505
20.60000000000002 578.7759011660188
20.70000000000002 578.7759011511871
20.80000000000003 578.7759011363555
20.90000000000003 578.7759011215238
21.00000000000003 578.7759011066921
21.10000000000003 578.7759010918605
21.20000000000003 578.7759010770288
21.30000000000003 578.7759010621971
21.40000000000003 578.7759010473654
21.50000000000004 578.7759010325339
21.60000000000004 578.7759010177022
21.70000000000004 578.7759010028705
21.80000000000004 578.7759009880389
21.90000000000004 578.7759009732072
22.00000000000004 578.7759009583755
22.10000000000004 578.7759009435439
22.20000000000005 578.7759009287122
22.30000000000005 578.7759009138805
22.40000000000005 578.7759008990488
22.50000000000005 578.7759008842172
22.60000000000005 578.7759008693855
22.70000000000005 578.7759008545538
22.80000000000005 578.7759008397222
22.90000000000006 578.7759008248905
23.00000000000006 578.7759008100588
23.10000000000006 578.7759007952272
23.20000000000006 578.7759007803955
23.30000000000006 578.7759007655638
23.40000000000006 578.7759007507321
23.50000000000006 578.7759007359006
23.60000000000007 578.7759007210689
23.70000000000007 578.7759007062372
23.80000000000007 578.7759006914056
23.90000000000007 578.7759006765739
24.00000000000007 578.7759006617422
24.10000000000007 578.7759006469105
24.20000000000007 578.7759006320789
24.30000000000008 578.7759006172472
24.40000000000008 578.7759006024155
24.50000000000008 578.7759005875839
24.60000000000008 578.7759005727522
24.70000000000008 578.7759005579205
24.80000000000008 578.7759005430889
24.90000000000008 578.7759005282572
25.00000000000009 578.7759005134255
25.10000000000009 578.7759004985938
25.20000000000009 578.7759004837623
25.30000000000009 578.7759004689306
25.40000000000009 578.7759004540989
25.50000000000009 578.7759004392673
25.60000000000009 578.7759004305557
25.7000000000001 578.7759004301114
25.8000000000001 578.775900429667
25.9000000000001 578.7759004292227
26.0000000000001 578.7759004287784
26.1000000000001 578.775900428334
26.2000000000001 578.7759004278897
26.3000000000001 578.7759004274453
26.40000000000011 578.775900427001
26.50000000000011 578.7759004265566
26.60000000000011 578.7759004261123
26.70000000000011 578.7759004256679
26.80000000000011 578.7759004252237
26.90000000000011 578.7759004247793
27.00000000000011 578.775900424335
27.10000000000012 578.7759004238906
27.20000000000012 578.7759004234463
27.30000000000012 578.7759004230019
27.40000000000012 578.7759004225576
27.50000000000012 578.7759004221133
27.60000000000012 578.7759004216689
27.70000000000012 578.7759004212246
27.80000000000013 578.7759004207802
27.90000000000013 578.7759004203359
28.00000000000013 578.7759004198915
28.10000000000013 578.7759004194472
28.20000000000013 578.7759004190028
28.30000000000013 578.7759004185585
28.40000000000013 578.7759004181141
28.50000000000014 578.7759004176698
28.60000000000014 578.7759004172254
28.70000000000014 578.7759004167812
28.80000000000014 578.7759004163369
28.90000000000014 578.7759004158925
29.00000000000014 578.7759004154482
29.10000000000014 578.7759004150038
29.20000000000014 578.7759004145595
29.30000000000015 578.7759004141151
29.40000000000015 578.7759004136708
29.50000000000015 578.7759004132264
29.60000000000015 578.7759004127821
29.70000000000015 578.7759004123377
29.80000000000015 578.7759004118934
29.90000000000015 578.775900411449
30.00000000000016 578.7759004110047
30.10000000000016 578.7759004105603
30.20000000000016 578.775900410116
30.30000000000016 578.7759004096717
30.40000000000016 578.7759004092273
30.50000000000016 578.7759004087831
30.60000000000016 578.7759004083387
30.70000000000017 578.7759004078944
30.80000000000017 578.77590040745
30.90000000000017 578.7759004070057
31.00000000000017 578.7759004065613
31.10000000000017 578.775900406117
31.20000000000017 578.7759004056726
31.30000000000017 578.7759004052283
31.40000000000018 578.7759004047839
31.50000000000018 578.7759004043396
31.60000000000018 578.7759004038953
31.70000000000018 578.7759004034509
31.80000000000018 578.7759004030066
31.90000000000018 578.7759004025622
32.00000000000018 578.7759004021179
32.10000000000019 578.7759004016735
32.20000000000019 578.7759004012293
32.30000000000019 578.7759004007848
32.40000000000019 578.7759004003406
32.50000000000019 578.7759003998962
32.60000000000019 578.7759003994519
32.70000000000019 578.7759003990075
32.8000000000002 578.7759003985632
32.9000000000002 578.7759003981189
33.0000000000002 578.7759003976745
33.1000000000002 578.7759003972302
33.2000000000002 578.7759003967858
33.3000000000002 578.7759003963415
33.4000000000002 578.7759003958971
33.50000000000021 578.7759003954528
33.60000000000021 578.7759003950084
33.70000000000021 578.7759003945641
33.80000000000021 578.7759003941197
33.90000000000021 578.7759003936754
34.00000000000021 578.775900393231
34.10000000000021 578.7759003927868
34.20000000000022 578.7759003923424
34.30000000000022 578.7759003918981
34.40000000000022 578.7759003914538
34.50000000000022 578.7759003910094
34.60000000000022 578.7759003905651
34.70000000000022 578.7759003901207
34.80000000000022 578.7759003896764
34.90000000000023 578.775900389232
35.00000000000023 578.7759003887877
35.10000000000023 578.7759003883433
35.20000000000023 578.775900387899
35.30000000000023 578.7759003874546
35.40000000000023 578.7759003870103
35.50000000000023 578.7759003865659
35.60000000000024 578.7759003861216
35.70000000000024 578.7759003856773
35.80000000000024 578.7759003852329
35.90000000000024 578.7759003847887
36.00000000000024 578.7759003843443
36.10000000000024 578.7759003839
36.20000000000024 578.7759003834556
36.30000000000025 578.7759003830113
36.40000000000025 578.7759003825669
36.50000000000025 578.7759003821226
36.60000000000025 578.7759003816782
36.70000000000025 578.7759003812339
36.80000000000025 578.7759003807895
36.90000000000025 578.7759003803452
37.00000000000026 578.7759003799008
37.10000000000026 578.7759003794565
37.20000000000026 578.7759003790122
37.30000000000026 578.7759003785678
37.40000000000026 578.7759003781235
37.50000000000026 578.7759003778021
37.60000000000026 578.7759003778008
37.70000000000027 578.7759003777994
37.80000000000027 578.7759003777981
37.90000000000027 578.7759003777967
38.00000000000027 578.7759003777953
38.10000000000027 578.775900377794
38.20000000000027 578.7759003777926
38.30000000000027 578.7759003777912
38.40000000000028 578.7759003777899
38.50000000000028 578.7759003777885
38.60000000000028 578.7759003777871
38.70000000000028 578.7759003777858
38.80000000000028 578.7759003777844
38.90000000000028 578.775900377783
39.00000000000028 578.7759003777817
39.10000000000029 578.7759003777803
39.20000000000029 578.775900377779
39.30000000000029 578.7759003777776
39.40000000000029 578.7759003777762
39.50000000000029 578.7759003777749
39.60000000000029 578.7759003777735
39.70000000000029 578.775900377772
39.8000000000003 578.7759003777707
39.9000000000003 578.7759003777693
40.0000000000003 578.7759003777679
40.1000000000003 578.7759003777666
40.2000000000003 578.7759003777652
40.3000000000003 578.7759003777638
40.4000000000003 578.7759003777625
40.50000000000031 578.7759003777611
40.60000000000031 578.7759003777597
40.70000000000031 578.7759003777584
40.80000000000031 578.775900377757
40.90000000000031 578.7759003777556
41.00000000000031 578.7759003777543
41.10000000000031 578.7759003777529
41.20000000000032 578.7759003777516
41.30000000000032 578.7759003777502
41.40000000000032 578.7759003777488
41.50000000000032 578.7759003777475
41.60000000000032 578.7759003777461
41.70000000000032 578.7759003777447
41.80000000000032 578.7759003777434
41.90000000000033 578.775900377742
42.00000000000033 578.7759003777406
42.10000000000033 578.7759003777393
42.20000000000033 578.7759003777379
42.30000000000033 578.7759003777364
42.40000000000033 578.7759003777351
42.50000000000033 578.7759003777337
42.60000000000034 578.7759003777323
42.70000000000034 578.775900377731
42.80000000000034 578.7759003777296
42.90000000000034 578.7759003777282
43.00000000000034 578.7759003777269
43.10000000000034 578.7759003777255
43.20000000000034 578.7759003777242
43.30000000000035 578.7759003777228
43.40000000000035 578.7759003777214
43.50000000000035 578.7759003777201
43.60000000000035 578.7759003777187
43.70000000000035 578.7759003777173
43.80000000000035 578.775900377716
43.90000000000035 578.7759003777146
44.00000000000036 578.7759003777132
44.10000000000036 578.7759003777119
44.20000000000036 578.7759003777105
44.30000000000036 578.7759003777091
44.40000000000036 578.7759003777078
44.50000000000036 578.7759003777064
44.60000000000036 578.7759003777051
44.70000000000037 578.7759003777037
44.80000000000037 578.7759003777023
44.90000000000037 578.7759003777009
45.00000000000037 578.7759003776995
45.10000000000037 578.7759003776981
45.20000000000037 578.7759003776968
45.30000000000037 578.7759003776954
45.40000000000038 578.775900377694
45.50000000000038 578.7759003776927
45.60000000000038 578.7759003776913
45.70000000000038 578.7759003776899
45.80000000000038 578.7759003776886
45.90000000000038 578.7759003776872
46.00000000000038 578.7759003776858
46.10000000000039 578.7759003776845
46.20000000000039 578.7759003776831
46.30000000000039 578.7759003776818
46.40000000000039 578.7759003776804
46.50000000000039 578.775900377679
46.60000000000039 578.7759003776777
46.70000000000039 578.7759003776763
46.8000000000004 578.7759003776749
46.9000000000004 578.7759003776736
47.0000000000004 578.7759003776722
47.1000000000004 578.7759003776708
47.2000000000004 578.7759003776695
47.3000000000004 578.7759003776681
47.4000000000004 578.7759003776667
47.50000000000041 578.7759003776653
47.60000000000041 578.7759003776639
47.70000000000041 578.7759003776625
47.80000000000041 578.7759003776612
47.90000000000041 578.7759003776598
48.00000000000041 578.7759003776584
48.10000000000041 578.7759003776571
48.20000000000041 578.7759003776557
48.30000000000042 578.7759003776544
48.40000000000042 578.775900377653
48.50000000000042 578.7759003776516
48.60000000000042 578.7759003776503
48.70000000000042 578.7759003776489
48.80000000000042 578.7759003776475
48.90000000000042 578.7759003776462
49.00000000000043 578.7759003776448
49.10000000000043 578.7759003776434
49.20000000000043 578.7759003776421
49.30000000000043 578.7759003776407
49.40000000000043 578.7759003776393
49.50000000000043 578.775900377638
49.60000000000043 578.7759003776366
49.70000000000044 578.7759003776353
49.80000000000044 578.7759003776339
49.90000000000044 578.7759003776325