Time X1
0 250
0.1 250.2191411898272
0.2 250.4582892251939
0.3 250.7194874185318
0.4 251.0044022395955
0.5 251.3156401784876
0.6 251.65562794291
0.7 252.026998955048
0.7999999999999999 252.4328298225575
0.8999999999999999 252.8761511678908
0.9999999999999999 253.3607394471397
1.1 253.8904576303549
1.2 254.469696938891
1.3 255.1032743091895
1.4 255.7964872206904
1.5 256.5551973030641
1.6 257.385867431302
1.7 258.295581244671
1.8 259.2923288640699
1.900000000000001 260.3847793039785
2 261.582786265551
2.100000000000001 262.8970196085758
2.200000000000001 264.3395203450316
2.300000000000001 265.9236505377383
2.400000000000001 267.6642382937318
2.500000000000001 269.5778850783067
2.600000000000001 271.6830922948794
2.700000000000001 274.000483162529
2.800000000000001 276.5530026551084
2.900000000000001 279.3662538897149
3.000000000000001 282.4688345540175
3.100000000000001 285.8924548584894
3.200000000000002 289.672391631269
3.300000000000002 293.8476692221516
3.400000000000002 298.4611241187613
3.500000000000002 303.5595831313664
3.600000000000002 309.1939903889174
3.700000000000002 315.4181171216115
3.800000000000002 322.2884050511312
3.900000000000002 329.8617437905538
4.000000000000002 338.1941163989736
4.100000000000001 347.3349210203738
4.200000000000001 357.3231077244536
4.300000000000001 368.1802135997112
4.4 379.9014202656626
4.5 392.4457243675838
4.6 405.7265238286813
4.699999999999999 419.6031920001288
4.799999999999999 433.8773968322392
4.899999999999999 448.2978204450923
4.999999999999998 462.5738385380355
5.099999999999998 476.3978110923686
5.199999999999998 489.4755094023103
5.299999999999997 501.5561162047904
5.399999999999997 512.4563325140905
5.499999999999996 522.0729215739531
5.599999999999996 530.3821311470558
5.699999999999996 537.42818875159
5.799999999999995 543.3054073732189
5.899999999999995 548.138749263001
5.999999999999995 552.0664968821278
6.099999999999994 555.2270559429674
6.199999999999994 557.7496821313019
6.299999999999994 559.7500864142797
6.399999999999993 561.3281705600667
6.499999999999993 562.5679482692263
6.599999999999993 563.5387314531946
6.699999999999992 564.2969462348865
6.799999999999992 564.887952240437
6.899999999999991 565.3478897751768
6.999999999999991 565.70536964882
7.099999999999991 565.982980849567
7.19999999999999 566.198401423615
7.29999999999999 566.3654552114452
7.39999999999999 566.4949451990711
7.499999999999989 566.595292095434
7.599999999999989 566.6730232166356
7.699999999999989 566.7332198511607
7.799999999999988 566.7798676253531
7.899999999999988 566.8159939544408
7.999999999999988 566.843939300303
8.099999999999987 566.8655442047113
8.199999999999987 566.8822728400197
8.299999999999986 566.8952289881641
8.399999999999986 566.9052551209485
8.499999999999986 566.9129942012311
8.599999999999985 566.9189863748285
8.699999999999985 566.9236132496289
8.799999999999985 566.9272411522138
8.899999999999984 566.9300549748198
8.999999999999984 566.9323173163829
9.099999999999984 566.9339308613037
9.199999999999983 566.9352376913241
9.299999999999983 566.9362688790558
9.399999999999983 566.9370341349731
9.499999999999982 566.9376208404634
9.599999999999982 566.9380602759807
9.699999999999982 566.9383945399088
9.799999999999981 566.9386588554205
9.899999999999981 566.9388632630571
9.99999999999998 566.9390283322267
10.09999999999998 566.9391569528586
10.19999999999998 566.9392600468946
10.29999999999998 566.9393395220001
10.39999999999998 566.9394023253445
10.49999999999998 566.9394507564008
10.59999999999998 566.9394883710589
10.69999999999998 566.9395178885572
10.79999999999998 566.9395405223437
10.89999999999998 566.9395585599301
10.99999999999998 566.9395723820202
11.09999999999998 566.9395834220455
11.19999999999998 566.9395919109701
11.29999999999998 566.9395986421246
11.39999999999998 566.9396042136467
11.49999999999998 566.9396120240458
11.59999999999997 566.9396189116767
11.69999999999997 566.9396248765394
11.79999999999997 566.9396299186338
11.89999999999997 566.93963403796
11.99999999999997 566.939637234518
12.09999999999997 566.9396395083078
12.19999999999997 566.9396408593294
12.29999999999997 566.9396412875828
12.39999999999997 566.939640793068
12.49999999999997 566.9396393757849
12.59999999999997 566.9396370357337
12.69999999999997 566.9396358286091
12.79999999999997 566.9396366535418
12.89999999999997 566.9396372444162
12.99999999999997 566.9396376012321
13.09999999999997 566.9396377239897
13.19999999999997 566.9396376126889
13.29999999999997 566.9396372673298
13.39999999999997 566.9396366879122
13.49999999999997 566.9396358744361
13.59999999999997 566.9396348269019
13.69999999999997 566.939633545309
13.79999999999997 566.9396320296579
13.89999999999997 566.9396302799483
13.99999999999997 566.9396296745484
14.09999999999997 566.9396292171859
14.19999999999997 566.9396287598234
14.29999999999997 566.9396283024611
14.39999999999996 566.9396278450986
14.49999999999996 566.9396273877361
14.59999999999996 566.9396269303737
14.69999999999996 566.9396264730112
14.79999999999996 566.9396260156487
14.89999999999996 566.9396255582864
14.99999999999996 566.9396251009239
15.09999999999996 566.9396246435615
15.19999999999996 566.9396242654142
15.29999999999996 566.9396242517151
15.39999999999996 566.939624238016
15.49999999999996 566.939624224317
15.59999999999996 566.9396242106179
15.69999999999996 566.9396241969189
15.79999999999996 566.9396241832197
15.89999999999996 566.9396241695207
15.99999999999996 566.9396241558217
16.09999999999996 566.9396241421225
16.19999999999996 566.9396241284235
16.29999999999996 566.9396241147244
16.39999999999996 566.9396241010253
16.49999999999996 566.9396240873263
16.59999999999997 566.9396240736272
16.69999999999997 566.9396240599281
16.79999999999997 566.939624046229
16.89999999999997 566.93962403253
16.99999999999997 566.939624018831
17.09999999999997 566.9396240051318
17.19999999999997 566.9396239914328
17.29999999999998 566.9396239777337
17.39999999999998 566.9396239640346
17.49999999999998 566.9396239503355
17.59999999999998 566.9396239366365
17.69999999999998 566.9396239229374
17.79999999999998 566.9396239092383
17.89999999999998 566.9396238955393
17.99999999999999 566.9396238818401
18.09999999999999 566.9396238681411
18.19999999999999 566.9396238544421
18.29999999999999 566.9396238407429
18.39999999999999 566.9396238270439
18.49999999999999 566.9396238133448
18.59999999999999 566.9396237996458
18.7 566.9396237859467
18.8 566.9396237722476
18.9 566.9396237585486
19 566.9396237448494
19.1 566.9396237311504
19.2 566.9396237174514
19.3 566.9396237037522
19.40000000000001 566.9396236900532
19.50000000000001 566.9396236763541
19.60000000000001 566.939623662655
19.70000000000001 566.9396236489559
19.80000000000001 566.9396236352569
19.90000000000001 566.9396236215579
20.00000000000001 566.9396236078587
20.10000000000002 566.9396235941597
20.20000000000002 566.9396235804606
20.30000000000002 566.9396235667615
20.40000000000002 566.9396235530625
20.50000000000002 566.9396235393634
20.60000000000002 566.9396235256643
20.70000000000002 566.9396235119652
20.80000000000003 566.9396234982662
20.90000000000003 566.9396234845671
21.00000000000003 566.939623470868
21.10000000000003 566.939623457169
21.20000000000003 566.9396234434698
21.30000000000003 566.9396234297708
21.40000000000003 566.9396234160718
21.50000000000004 566.9396234023727
21.60000000000004 566.9396233886736
21.70000000000004 566.9396233749745
21.80000000000004 566.9396233612755
21.90000000000004 566.9396233475763
22.00000000000004 566.9396233338773
22.10000000000004 566.9396233201783
22.20000000000005 566.9396233064791
22.30000000000005 566.9396232927801
22.40000000000005 566.939623279081
22.50000000000005 566.9396232653819
22.60000000000005 566.9396232516829
22.70000000000005 566.9396232379838
22.80000000000005 566.9396232242848
22.90000000000006 566.9396232105856
23.00000000000006 566.9396231968866
23.10000000000006 566.9396231831876
23.20000000000006 566.9396231694884
23.30000000000006 566.9396231557894
23.40000000000006 566.9396231420903
23.50000000000006 566.9396231283912
23.60000000000007 566.9396231146922
23.70000000000007 566.9396231009931
23.80000000000007 566.939623087294
23.90000000000007 566.9396230735949
24.00000000000007 566.9396230598959
24.10000000000007 566.9396230461967
24.20000000000007 566.9396230324977
24.30000000000008 566.9396230187987
24.40000000000008 566.9396230050996
24.50000000000008 566.9396229914005
24.60000000000008 566.9396229777014
24.70000000000008 566.9396229640024
24.80000000000008 566.9396229503033
24.90000000000008 566.9396229366042
25.00000000000009 566.9396229229052
25.10000000000009 566.939622909206
25.20000000000009 566.939622895507
25.30000000000009 566.939622881808
25.40000000000009 566.9396228681088
25.50000000000009 566.9396228544098
25.60000000000009 566.9396228407107
25.7000000000001 566.9396228270117
25.8000000000001 566.9396228133126
25.9000000000001 566.9396227996135
26.0000000000001 566.9396227859145
26.1000000000001 566.9396227722153
26.2000000000001 566.9396227585163
26.3000000000001 566.9396227448173
26.40000000000011 566.9396227311181
26.50000000000011 566.9396227174191
26.60000000000011 566.93962270372
26.70000000000011 566.9396226900209
26.80000000000011 566.9396226763218
26.90000000000011 566.9396226626228
27.00000000000011 566.9396226489237
27.10000000000012 566.9396226352246
27.20000000000012 566.9396226215256
27.30000000000012 566.9396226078265
27.40000000000012 566.9396225941274
27.50000000000012 566.9396225804284
27.60000000000012 566.9396225667293
27.70000000000012 566.9396225530302
27.80000000000013 566.9396225393311
27.90000000000013 566.9396225361544
28.00000000000013 566.939622535744
28.10000000000013 566.9396225353336
28.20000000000013 566.939622534923
28.30000000000013 566.9396225345126
28.40000000000013 566.9396225341022
28.50000000000014 566.9396225336918
28.60000000000014 566.9396225332814
28.70000000000014 566.939622532871
28.80000000000014 566.9396225324605
28.90000000000014 566.9396225320501
29.00000000000014 566.9396225316397
29.10000000000014 566.9396225312292
29.20000000000014 566.9396225308188
29.30000000000015 566.9396225304084
29.40000000000015 566.939622529998
29.50000000000015 566.9396225295875
29.60000000000015 566.9396225291771
29.70000000000015 566.9396225287667
29.80000000000015 566.9396225283563
29.90000000000015 566.9396225279459
30.00000000000016 566.9396225275354
30.10000000000016 566.9396225271249
30.20000000000016 566.9396225267145
30.30000000000016 566.9396225263041
30.40000000000016 566.9396225258937
30.50000000000016 566.9396225254833
30.60000000000016 566.9396225250729
30.70000000000017 566.9396225246625
30.80000000000017 566.9396225242519
30.90000000000017 566.9396225238415
31.00000000000017 566.9396225234311
31.10000000000017 566.9396225230207
31.20000000000017 566.9396225226103
31.30000000000017 566.9396225221999
31.40000000000018 566.9396225217894
31.50000000000018 566.939622521379
31.60000000000018 566.9396225209686
31.70000000000018 566.9396225205581
31.80000000000018 566.9396225201477
31.90000000000018 566.9396225197373
32.00000000000018 566.9396225193269
32.10000000000019 566.9396225189164
32.20000000000019 566.939622518506
32.30000000000019 566.9396225180956
32.40000000000019 566.9396225176852
32.50000000000019 566.9396225172748
32.60000000000019 566.9396225168643
32.70000000000019 566.9396225164538
32.8000000000002 566.9396225160434
32.9000000000002 566.939622515633
33.0000000000002 566.9396225152226
33.1000000000002 566.9396225148122
33.2000000000002 566.9396225144018
33.3000000000002 566.9396225139914
33.4000000000002 566.9396225135808
33.50000000000021 566.9396225131704
33.60000000000021 566.93962251276
33.70000000000021 566.9396225123496
33.80000000000021 566.9396225119392
33.90000000000021 566.9396225115288
34.00000000000021 566.9396225111183
34.10000000000021 566.9396225107079
34.20000000000022 566.9396225102975
34.30000000000022 566.939622509887
34.40000000000022 566.9396225094766
34.50000000000022 566.9396225090662
34.60000000000022 566.9396225086558
34.70000000000022 566.9396225082453
34.80000000000022 566.9396225078349
34.90000000000023 566.9396225074245
35.00000000000023 566.9396225070141
35.10000000000023 566.9396225066037
35.20000000000023 566.9396225061932
35.30000000000023 566.9396225057827
35.40000000000023 566.9396225053723
35.50000000000023 566.9396225049619
35.60000000000024 566.9396225045515
35.70000000000024 566.9396225041411
35.80000000000024 566.9396225037307
35.90000000000024 566.9396225033203
36.00000000000024 566.9396225029097
36.10000000000024 566.9396225024993
36.20000000000024 566.9396225020889
36.30000000000025 566.9396225016785
36.40000000000025 566.9396225012681
36.50000000000025 566.9396225008577
36.60000000000025 566.9396225004472
36.70000000000025 566.9396225000368
36.80000000000025 566.9396224996264
36.90000000000025 566.9396224992159
37.00000000000026 566.9396224988055
37.10000000000026 566.9396224983951
37.20000000000026 566.9396224979847
37.30000000000026 566.9396224975742
37.40000000000026 566.9396224971638
37.50000000000026 566.9396224967534
37.60000000000026 566.939622496343
37.70000000000027 566.9396224959326
37.80000000000027 566.9396224955221
37.90000000000027 566.9396224951116
38.00000000000027 566.9396224947012
38.10000000000027 566.9396224942908
38.20000000000027 566.9396224938804
38.30000000000027 566.93962249347
38.40000000000028 566.9396224930596
38.50000000000028 566.9396224926492
38.60000000000028 566.9396224922386
38.70000000000028 566.9396224918282
38.80000000000028 566.9396224914178
38.90000000000028 566.9396224910074
39.00000000000028 566.939622490597
39.10000000000029 566.9396224901866
39.20000000000029 566.9396224897761
39.30000000000029 566.9396224893657
39.40000000000029 566.9396224889553
39.50000000000029 566.9396224885448
39.60000000000029 566.9396224881344
39.70000000000029 566.939622487724
39.8000000000003 566.9396224873136
39.9000000000003 566.9396224869031
40.0000000000003 566.9396224864927
40.1000000000003 566.9396224860823
40.2000000000003 566.9396224856719
40.3000000000003 566.9396224852615
40.4000000000003 566.939622484851
40.50000000000031 566.9396224846063
40.60000000000031 566.939622484605
40.70000000000031 566.9396224846038
40.80000000000031 566.9396224846025
40.90000000000031 566.9396224846013
41.00000000000031 566.9396224846
41.10000000000031 566.9396224845988
41.20000000000032 566.9396224845974
41.30000000000032 566.9396224845962
41.40000000000032 566.9396224845949
41.50000000000032 566.9396224845937
41.60000000000032 566.9396224845924
41.70000000000032 566.9396224845912
41.80000000000032 566.9396224845899
41.90000000000033 566.9396224845887
42.00000000000033 566.9396224845874
42.10000000000033 566.939622484586
42.20000000000033 566.9396224845848
42.30000000000033 566.9396224845835
42.40000000000033 566.9396224845823
42.50000000000033 566.939622484581
42.60000000000034 566.9396224845798
42.70000000000034 566.9396224845785
42.80000000000034 566.9396224845773
42.90000000000034 566.9396224845759
43.00000000000034 566.9396224845747
43.10000000000034 566.9396224845734
43.20000000000034 566.9396224845722
43.30000000000035 566.9396224845709
43.40000000000035 566.9396224845697
43.50000000000035 566.9396224845684
43.60000000000035 566.9396224845672
43.70000000000035 566.9396224845659
43.80000000000035 566.9396224845646
43.90000000000035 566.9396224845633
44.00000000000036 566.9396224845621
44.10000000000036 566.9396224845608
44.20000000000036 566.9396224845595
44.30000000000036 566.9396224845583
44.40000000000036 566.939622484557
44.50000000000036 566.9396224845558
44.60000000000036 566.9396224845544
44.70000000000037 566.9396224845532
44.80000000000037 566.9396224845519
44.90000000000037 566.9396224845507
45.00000000000037 566.9396224845494
45.10000000000037 566.9396224845482
45.20000000000037 566.9396224845469
45.30000000000037 566.9396224845457
45.40000000000038 566.9396224845443
45.50000000000038 566.9396224845431
45.60000000000038 566.9396224845418
45.70000000000038 566.9396224845406
45.80000000000038 566.9396224845393
45.90000000000038 566.9396224845381
46.00000000000038 566.9396224845368
46.10000000000039 566.9396224845356
46.20000000000039 566.9396224845343
46.30000000000039 566.9396224845329
46.40000000000039 566.9396224845317
46.50000000000039 566.9396224845304
46.60000000000039 566.9396224845292
46.70000000000039 566.9396224845279
46.8000000000004 566.9396224845267
46.9000000000004 566.9396224845254
47.0000000000004 566.9396224845242
47.1000000000004 566.9396224845228
47.2000000000004 566.9396224845216
47.3000000000004 566.9396224845203
47.4000000000004 566.9396224845191
47.50000000000041 566.9396224845178
47.60000000000041 566.9396224845166
47.70000000000041 566.9396224845153
47.80000000000041 566.9396224845141
47.90000000000041 566.9396224845128
48.00000000000041 566.9396224845115
48.10000000000041 566.9396224845102
48.20000000000041 566.939622484509
48.30000000000042 566.9396224845077
48.40000000000042 566.9396224845065
48.50000000000042 566.9396224845052
48.60000000000042 566.939622484504
48.70000000000042 566.9396224845027
48.80000000000042 566.9396224845013
48.90000000000042 566.9396224845001
49.00000000000043 566.9396224844988
49.10000000000043 566.9396224844976
49.20000000000043 566.9396224844963
49.30000000000043 566.9396224844951
49.40000000000043 566.9396224844938
49.50000000000043 566.9396224844926
49.60000000000043 566.9396224844913
49.70000000000044 566.93962248449
49.80000000000044 566.9396224844887
49.90000000000044 566.9396224844875