Time X1
0 250
0.1 249.945579093515
0.2 249.8863867664289
0.3 249.8221451557504
0.4 249.7518601067206
0.5 249.6756991266598
0.6 249.5929012364814
0.7 249.5027977346022
0.7999999999999999 249.4047287539624
0.8999999999999999 249.2980340266718
0.9999999999999999 249.1820138065216
1.1 249.0557863039136
1.2 248.9184157517221
1.3 248.7692579100898
1.4 248.6069325730229
1.5 248.4304871071674
1.6 248.238677095615
1.7 248.0301683305129
1.8 247.8035135592988
1.900000000000001 247.5571624765114
2 247.2894337271545
2.100000000000001 246.9985135998953
2.200000000000001 246.6824250338088
2.300000000000001 246.3390592002056
2.400000000000001 245.9661669326958
2.500000000000001 245.5612481033488
2.600000000000001 245.1216414341101
2.700000000000001 244.6445395925086
2.800000000000001 244.1267938101283
2.900000000000001 243.5651325251886
3.000000000000001 242.9560455477646
3.100000000000001 242.2957175864111
3.200000000000002 241.5800888829966
3.300000000000002 240.8048580956808
3.400000000000002 239.9654423447074
3.500000000000002 239.0569873070873
3.600000000000002 238.0743445055209
3.700000000000002 237.0120345346429
3.800000000000002 235.8642429270156
3.900000000000002 234.6249202782501
4.000000000000002 233.2879154956222
4.100000000000001 231.846765336075
4.200000000000001 230.2948138597595
4.300000000000001 228.6253351958642
4.4 226.8314390330711
4.5 224.9061574705361
4.6 222.8428094980265
4.699999999999999 220.634881443145
4.799999999999999 218.2761892406633
4.899999999999999 215.7611649834923
4.999999999999998 213.0848033890762
5.099999999999998 210.243150316706
5.199999999999998 207.233419959096
5.299999999999997 204.0541184953215
5.399999999999997 200.7056304219035
5.499999999999996 197.1901998247426
5.599999999999996 193.5122936300863
5.699999999999996 189.6789420587558
5.799999999999995 185.699882780692
5.899999999999995 181.5875814713449
5.999999999999995 177.357573124598
6.099999999999994 173.0285071498824
6.199999999999994 168.6214196123954
6.299999999999994 164.1599933675285
6.399999999999993 159.6700105212092
6.499999999999993 155.1789930691273
6.599999999999993 150.7151688197864
6.699999999999992 146.3071395175361
6.799999999999992 141.9828108581487
6.899999999999991 137.7688385119028
6.999999999999991 133.6897129200762
7.099999999999991 129.7672742122687
7.19999999999999 126.0200552456583
7.29999999999999 122.4630875546355
7.39999999999999 119.1075193276517
7.499999999999989 115.9607679425699
7.599999999999989 113.0266796379385
7.699999999999989 110.3056259863353
7.799999999999988 107.7949394574521
7.899999999999988 105.4893730695077
7.999999999999988 103.381546237114
8.099999999999987 101.4623826235125
8.199999999999987 99.72158191432834
8.299999999999986 98.14801268668438
8.399999999999986 96.73006152387546
8.499999999999986 95.4559921827711
8.599999999999985 94.31424629532674
8.699999999999985 93.293409357477
8.799999999999985 92.38257551650169
8.899999999999984 91.57143420051743
8.999999999999984 90.85029044073225
9.099999999999984 90.21012875024786
9.199999999999983 89.64260398636183
9.299999999999983 89.14007838343407
9.399999999999983 88.69556923687617
9.499999999999982 88.30275618743002
9.599999999999982 87.95590890667948
9.699999999999982 87.6498729440645
9.799999999999981 87.38002059212566
9.899999999999981 87.14221728166498
9.99999999999998 86.93275776975528
10.09999999999998 86.7483455917473
10.19999999999998 86.58605008796066
10.29999999999998 86.44326520742453
10.39999999999998 86.31768669106846
10.49999999999998 86.20726855623948
10.59999999999998 86.11020575748935
10.69999999999998 86.02489899688116
10.79999999999998 85.94993803990077
10.89999999999998 85.88407975027386
10.99999999999998 85.82622706548388
11.09999999999998 85.77541775098129
11.19999999999998 85.73078895622454
11.29999999999998 85.69159560711775
11.39999999999998 85.65718195785145
11.49999999999998 85.62696120149184
11.59999999999997 85.60043053667016
11.69999999999997 85.57713994738664
11.79999999999997 85.55669189983227
11.89999999999997 85.53874492552364
11.99999999999997 85.52298954460817
12.09999999999997 85.50915877768692
12.19999999999997 85.49702015830694
12.29999999999997 85.48636440095049
12.39999999999997 85.47701264932772
12.49999999999997 85.46880551717672
12.59999999999997 85.46160141709976
12.69999999999997 85.45527976732627
12.79999999999997 85.44973130849857
12.89999999999997 85.44486118544884
12.99999999999997 85.44058759916419
13.09999999999997 85.43683575046614
13.19999999999997 85.43354490011701
13.29999999999997 85.43065652812756
13.39999999999997 85.42812144887826
13.49999999999997 85.4258975452115
13.59999999999997 85.42394587741003
13.69999999999997 85.42223180491079
13.79999999999997 85.42072578344994
13.89999999999997 85.41940291833865
13.99999999999997 85.41824275731599
14.09999999999997 85.4172269234017
14.19999999999997 85.41633516542051
14.29999999999997 85.41555289746782
14.39999999999996 85.4148683336433
14.49999999999996 85.41426802173419
14.59999999999996 85.41374071553879
14.69999999999996 85.41327778309238
14.79999999999996 85.41286907443433
14.89999999999996 85.41251366665215
14.99999999999996 85.4121999310747
15.09999999999996 85.4119248623294
15.19999999999996 85.41168373386633
15.29999999999996 85.41147252925668
15.39999999999996 85.41128750871876
15.49999999999996 85.41112498483375
15.59999999999996 85.41098268324848
15.69999999999996 85.41085815374301
15.79999999999996 85.41074849592083
15.89999999999996 85.41065081056939
15.99999999999996 85.41056407190028
16.09999999999996 85.4104880551002
16.19999999999996 85.41042131232965
16.29999999999996 85.41036239574912
16.39999999999996 85.41030487236563
16.49999999999996 85.41026305517757
16.59999999999997 85.41022510132807
16.69999999999997 85.4101910108171
16.79999999999997 85.41016067843847
16.89999999999997 85.41013367999815
16.99999999999997 85.41010997080048
17.09999999999997 85.41008955084541
17.19999999999997 85.4100723879768
17.29999999999998 85.41005744881038
17.39999999999998 85.41004423730446
17.49999999999998 85.41003275345902
17.59999999999998 85.41002299727407
17.69999999999998 85.41001467448008
17.79999999999998 85.41000717913043
17.89999999999998 85.41000049294252
17.99999999999999 85.40999461591633
18.09999999999999 85.40998951999116
18.19999999999999 85.40998494315008
18.29999999999999 85.40998082120169
18.39999999999999 85.40997715414596
18.49999999999999 85.40997394198294
18.59999999999999 85.40997110095644
18.7 85.40996854581577
18.8 85.40996627655926
18.9 85.40996429318689
19 85.40996257533394
19.1 85.40996103716932
19.2 85.409959669109
19.3 85.40995847115298
19.40000000000001 85.40995744194056
19.50000000000001 85.40995653249013
19.60000000000001 85.4099557182841
19.70000000000001 85.40995499932249
19.80000000000001 85.4099543756053
19.90000000000001 85.40995383413966
20.00000000000001 85.40995334703065
20.10000000000002 85.40995291334029
20.20000000000002 85.40995253306856
20.30000000000002 85.40995210346034
20.40000000000002 85.40995154917141
20.50000000000002 85.40995102738806
20.60000000000002 85.40995053811031
20.70000000000002 85.40995008133812
20.80000000000003 85.40994965707152
20.90000000000003 85.4099492653105
21.00000000000003 85.40994890605506
21.10000000000003 85.40994857930521
21.20000000000003 85.40994828506093
21.30000000000003 85.40994802332223
21.40000000000003 85.40994779408912
21.50000000000004 85.40994759736159
21.60000000000004 85.40994743313965
21.70000000000004 85.40994730142327
21.80000000000004 85.40994720221249
21.90000000000004 85.4099471355073
22.00000000000004 85.40994710130767
22.10000000000004 85.40994709961363
22.20000000000005 85.40994713042517
22.30000000000005 85.4099471937423
22.40000000000005 85.409947289565
22.50000000000005 85.40994741789329
22.60000000000005 85.40994757872716
22.70000000000005 85.4099477720666
22.80000000000005 85.40994790594277
22.90000000000006 85.40994783996699
23.00000000000006 85.40994778218797
23.10000000000006 85.40994773260572
23.20000000000006 85.40994769122021
23.30000000000006 85.40994765803146
23.40000000000006 85.40994763303947
23.50000000000006 85.40994761624422
23.60000000000007 85.40994760764573
23.70000000000007 85.40994760724401
23.80000000000007 85.40994761503903
23.90000000000007 85.40994763103082
24.00000000000007 85.40994765521936
24.10000000000007 85.40994768760466
24.20000000000007 85.40994772818671
24.30000000000008 85.40994777696551
24.40000000000008 85.40994783394108
24.50000000000008 85.40994789911339
24.60000000000008 85.40994797248247
24.70000000000008 85.4099480540483
24.80000000000008 85.40994814381088
24.90000000000008 85.40994824177022
25.00000000000009 85.40994834792633
25.10000000000009 85.40994846227917
25.20000000000009 85.40994858482878
25.30000000000009 85.40994868472627
25.40000000000009 85.40994871613643
25.50000000000009 85.40994874754657
25.60000000000009 85.40994877895672
25.7000000000001 85.40994881036687
25.8000000000001 85.40994884177702
25.9000000000001 85.40994887318718
26.0000000000001 85.40994890459731
26.1000000000001 85.40994893600747
26.2000000000001 85.40994896741762
26.3000000000001 85.40994899882777
26.40000000000011 85.40994903023793
26.50000000000011 85.40994906164806
26.60000000000011 85.40994909305822
26.70000000000011 85.40994912446837
26.80000000000011 85.40994915587852
26.90000000000011 85.40994918728867
27.00000000000011 85.40994921869883
27.10000000000012 85.40994925010897
27.20000000000012 85.40994928151912
27.30000000000012 85.40994931292927
27.40000000000012 85.40994934433942
27.50000000000012 85.40994937574958
27.60000000000012 85.40994940715971
27.70000000000012 85.40994943856987
27.80000000000013 85.40994946624113
27.90000000000013 85.40994946717133
28.00000000000013 85.40994946810154
28.10000000000013 85.40994946903174
28.20000000000013 85.40994946996196
28.30000000000013 85.40994947089216
28.40000000000013 85.40994947182237
28.50000000000014 85.40994947275257
28.60000000000014 85.40994947368279
28.70000000000014 85.40994947461299
28.80000000000014 85.4099494755432
28.90000000000014 85.4099494764734
29.00000000000014 85.40994947740361
29.10000000000014 85.40994947833381
29.20000000000014 85.40994947926403
29.30000000000015 85.40994948019423
29.40000000000015 85.40994948112444
29.50000000000015 85.40994948205464
29.60000000000015 85.40994948298486
29.70000000000015 85.40994948391506
29.80000000000015 85.40994948484527
29.90000000000015 85.40994948577547
30.00000000000016 85.40994948670568
30.10000000000016 85.40994948763588
30.20000000000016 85.40994948856608
30.30000000000016 85.4099494894963
30.40000000000016 85.4099494904265
30.50000000000016 85.40994949135671
30.60000000000016 85.40994949228691
30.70000000000017 85.40994949321713
30.80000000000017 85.40994949414733
30.90000000000017 85.40994949507754
31.00000000000017 85.40994949600774
31.10000000000017 85.40994949693795
31.20000000000017 85.40994949786815
31.30000000000017 85.40994949879837
31.40000000000018 85.40994949972857
31.50000000000018 85.40994950065878
31.60000000000018 85.40994950158898
31.70000000000018 85.4099495025192
31.80000000000018 85.4099495034494
31.90000000000018 85.40994950437961
32.00000000000018 85.40994950530981
32.10000000000019 85.40994950624003
32.20000000000019 85.40994950717023
32.30000000000019 85.40994950810044
32.40000000000019 85.40994950903064
32.50000000000019 85.40994950996085
32.60000000000019 85.40994951089105
32.70000000000019 85.40994951182127
32.8000000000002 85.40994951275147
32.9000000000002 85.40994951368168
33.0000000000002 85.40994951461188
33.1000000000002 85.4099495155421
33.2000000000002 85.4099495164723
33.3000000000002 85.40994951740251
33.4000000000002 85.40994951833271
33.50000000000021 85.40994951926291
33.60000000000021 85.40994952019312
33.70000000000021 85.40994952112332
33.80000000000021 85.40994952205354
33.90000000000021 85.40994952298374
34.00000000000021 85.40994952391395
34.10000000000021 85.40994952484415
34.20000000000022 85.40994952577437
34.30000000000022 85.40994952670457
34.40000000000022 85.40994952763478
34.50000000000022 85.40994952856498
34.60000000000022 85.40994952949519
34.70000000000022 85.40994953042539
34.80000000000022 85.40994953135561
34.90000000000023 85.40994953228581
35.00000000000023 85.40994953321602
35.10000000000023 85.40994953414622
35.20000000000023 85.40994953507644
35.30000000000023 85.40994953600664
35.40000000000023 85.40994953693685
35.50000000000023 85.40994953786705
35.60000000000024 85.40994953879726
35.70000000000024 85.40994953972746
35.80000000000024 85.40994954065768
35.90000000000024 85.40994954158788
36.00000000000024 85.40994954251809
36.10000000000024 85.40994954344829
36.20000000000024 85.40994954437851
36.30000000000025 85.40994954530871
36.40000000000025 85.40994954623892
36.50000000000025 85.40994954716912
36.60000000000025 85.40994954809932
36.70000000000025 85.40994954902953
36.80000000000025 85.40994954995973
36.90000000000025 85.40994955088995
37.00000000000026 85.40994955182015
37.10000000000026 85.40994955275036
37.20000000000026 85.40994955368056
37.30000000000026 85.40994955461078
37.40000000000026 85.40994955554098
37.50000000000026 85.40994955647119
37.60000000000026 85.40994955740139
37.70000000000027 85.4099495583316
37.80000000000027 85.4099495592618
37.90000000000027 85.40994956019202
38.00000000000027 85.40994956112222
38.10000000000027 85.40994956205243
38.20000000000027 85.40994956298263
38.30000000000027 85.40994956391285
38.40000000000028 85.40994956484305
38.50000000000028 85.40994956577326
38.60000000000028 85.40994956670346
38.70000000000028 85.40994956763367
38.80000000000028 85.40994956856387
38.90000000000028 85.40994956949409
39.00000000000028 85.40994957042429
39.10000000000029 85.4099495713545
39.20000000000029 85.4099495722847
39.30000000000029 85.40994957321492
39.40000000000029 85.40994957414512
39.50000000000029 85.40994957507533
39.60000000000029 85.40994957600553
39.70000000000029 85.40994957693573
39.8000000000003 85.40994957786594
39.9000000000003 85.40994957879614
40.0000000000003 85.40994957972636
40.1000000000003 85.40994958065656
40.2000000000003 85.40994958158677
40.3000000000003 85.40994958251697
40.4000000000003 85.40994958344719
40.50000000000031 85.40994958437739
40.60000000000031 85.4099495853076
40.70000000000031 85.4099495862378
40.80000000000031 85.40994958716801
40.90000000000031 85.40994958809821
41.00000000000031 85.40994958902843
41.10000000000031 85.40994958995863
41.20000000000032 85.40994959088884
41.30000000000032 85.40994959181904
41.40000000000032 85.40994959274926
41.50000000000032 85.40994959367946
41.60000000000032 85.40994959460967
41.70000000000032 85.40994959553987
41.80000000000032 85.40994959647008
41.90000000000033 85.40994959740028
42.00000000000033 85.4099495983305
42.10000000000033 85.4099495992607
42.20000000000033 85.40994960019091
42.30000000000033 85.40994960112111
42.40000000000033 85.40994960205133
42.50000000000033 85.40994960298153
42.60000000000034 85.40994960391174
42.70000000000034 85.40994960484194
42.80000000000034 85.40994960577214
42.90000000000034 85.40994960670236
43.00000000000034 85.40994960763256
43.10000000000034 85.40994960856277
43.20000000000034 85.40994960949297
43.30000000000035 85.40994961042318
43.40000000000035 85.40994961135338
43.50000000000035 85.4099496122836
43.60000000000035 85.4099496132138
43.70000000000035 85.40994961414401
43.80000000000035 85.40994961507421
43.90000000000035 85.40994961600443
44.00000000000036 85.40994961693463
44.10000000000036 85.40994961786484
44.20000000000036 85.40994961879504
44.30000000000036 85.40994961972525
44.40000000000036 85.40994962065545
44.50000000000036 85.40994962158567
44.60000000000036 85.40994962251587
44.70000000000037 85.40994962344608
44.80000000000037 85.40994962437628
44.90000000000037 85.4099496253065
45.00000000000037 85.4099496262367
45.10000000000037 85.40994962716691
45.20000000000037 85.40994962809711
45.30000000000037 85.40994962902732
45.40000000000038 85.40994962995752
45.50000000000038 85.40994963088774
45.60000000000038 85.40994963181794
45.70000000000038 85.40994963274815
45.80000000000038 85.40994963367835
45.90000000000038 85.40994963460855
46.00000000000038 85.40994963553877
46.10000000000039 85.40994963646897
46.20000000000039 85.40994963739918
46.30000000000039 85.40994963832938
46.40000000000039 85.40994963925959
46.50000000000039 85.40994964018979
46.60000000000039 85.40994964112001
46.70000000000039 85.40994964205021
46.8000000000004 85.40994964298042
46.9000000000004 85.40994964391062
47.0000000000004 85.40994964484084
47.1000000000004 85.40994964577104
47.2000000000004 85.40994964670125
47.3000000000004 85.40994964763145
47.4000000000004 85.40994964856166
47.50000000000041 85.40994964949186
47.60000000000041 85.40994965042208
47.70000000000041 85.40994965135228
47.80000000000041 85.40994965228249
47.90000000000041 85.40994965321269
48.00000000000041 85.40994965414291
48.10000000000041 85.40994965507311
48.20000000000041 85.40994965600332
48.30000000000042 85.40994965693352
48.40000000000042 85.40994965786373
48.50000000000042 85.40994965879393
48.60000000000042 85.40994965972415
48.70000000000042 85.40994966065435
48.80000000000042 85.40994966158456
48.90000000000042 85.40994966251476
49.00000000000043 85.40994966344496
49.10000000000043 85.40994966437518
49.20000000000043 85.40994966530538
49.30000000000043 85.40994966623559
49.40000000000043 85.40994966716579
49.50000000000043 85.409949668096
49.60000000000043 85.4099496690262
49.70000000000044 85.40994966995642
49.80000000000044 85.40994967088662
49.90000000000044 85.40994967181683