Time X1
0 250
0.1 255.9318469576289
0.2 262.8711411408644
0.3 271.0414522300477
0.4 280.7302320074357
0.5 292.3093788566189
0.6 306.2627165010834
0.7 323.2208093561031
0.7999999999999999 344.0014884917394
0.8999999999999999 369.6423726945887
0.9999999999999999 401.395412330893
1.1 440.6037870451958
1.2 488.3036392599783
1.3 544.3616352215824
1.4 606.2101886699768
1.5 668.1351784916029
1.6 722.8167765213349
1.7 764.9871087660869
1.8 793.7831352180656
1.900000000000001 811.7011663898115
2 822.1750980032289
2.100000000000001 828.0675594176616
2.200000000000001 831.3105338581151
2.300000000000001 833.0723695298949
2.400000000000001 834.0234695589248
2.500000000000001 834.5348806815592
2.600000000000001 834.8094878329366
2.700000000000001 834.9567378360782
2.800000000000001 835.0355752841982
2.900000000000001 835.0779357879687
3.000000000000001 835.100534106704
3.100000000000001 835.1126395864956
3.200000000000002 835.1192473145062
3.300000000000002 835.1228059193178
3.400000000000002 835.1247020986044
3.500000000000002 835.1256545203111
3.600000000000002 835.1261520539175
3.700000000000002 835.1264326800041
3.800000000000002 835.1265901542871
3.900000000000002 835.1266758330355
4.000000000000002 835.1267222604342
4.100000000000001 835.1267477077261
4.200000000000001 835.1267688801933
4.300000000000001 835.1267877041919
4.4 835.1267996570552
4.5 835.1268047387834
4.6 835.1268029493764
4.699999999999999 835.1267966603773
4.799999999999999 835.1267986617913
4.899999999999999 835.1267989792138
4.999999999999998 835.126797612645
5.099999999999998 835.1267945620846
5.199999999999998 835.1267898275328
5.299999999999997 835.1267870752273
5.399999999999997 835.12678573138
5.499999999999996 835.1267843875327
5.599999999999996 835.1267830436854
5.699999999999996 835.126781699838
5.799999999999995 835.1267807429875
5.899999999999995 835.126780704519
5.999999999999995 835.1267806660504
6.099999999999994 835.1267806275819
6.199999999999994 835.1267805891133
6.299999999999994 835.1267805506448
6.399999999999993 835.1267805121762
6.499999999999993 835.1267804737076
6.599999999999993 835.1267804352391
6.699999999999992 835.1267803967705
6.799999999999992 835.126780358302
6.899999999999991 835.1267803198334
6.999999999999991 835.1267802813649
7.099999999999991 835.1267802428963
7.19999999999999 835.1267802044279
7.29999999999999 835.1267801659593
7.39999999999999 835.1267801274907
7.499999999999989 835.1267800890222
7.599999999999989 835.1267800505536
7.699999999999989 835.1267800120851
7.799999999999988 835.1267799736165
7.899999999999988 835.126779935148
7.999999999999988 835.1267798966794
8.099999999999987 835.1267798582109
8.199999999999987 835.1267798197423
8.299999999999986 835.1267797812737
8.399999999999986 835.1267797428052
8.499999999999986 835.1267797043367
8.599999999999985 835.1267796658682
8.699999999999985 835.1267796273996
8.799999999999985 835.1267795889311
8.899999999999984 835.1267795504625
8.999999999999984 835.126779511994
9.099999999999984 835.1267794735254
9.199999999999983 835.1267794350568
9.299999999999983 835.1267793965883
9.399999999999983 835.1267793581197
9.499999999999982 835.1267793196512
9.599999999999982 835.1267792811826
9.699999999999982 835.1267792427141
9.799999999999981 835.1267792042455
9.899999999999981 835.1267791657771
9.99999999999998 835.1267791273085
10.09999999999998 835.12677908884
10.19999999999998 835.1267790503714
10.29999999999998 835.1267790119028
10.39999999999998 835.1267789734343
10.49999999999998 835.1267789349657
10.59999999999998 835.1267788964972
10.69999999999998 835.1267788580286
10.79999999999998 835.1267788195601
10.89999999999998 835.1267787810915
10.99999999999998 835.1267787426229
11.09999999999998 835.1267787041544
11.19999999999998 835.1267786656858
11.29999999999998 835.1267786631606
11.39999999999998 835.1267786620592
11.49999999999998 835.1267786609578
11.59999999999997 835.1267786598564
11.69999999999997 835.126778658755
11.79999999999997 835.1267786576537
11.89999999999997 835.1267786565523
11.99999999999997 835.1267786554509
12.09999999999997 835.1267786543496
12.19999999999997 835.1267786532482
12.29999999999997 835.1267786521468
12.39999999999997 835.1267786510454
12.49999999999997 835.1267786499441
12.59999999999997 835.1267786488427
12.69999999999997 835.1267786477413
12.79999999999997 835.1267786466399
12.89999999999997 835.1267786455385
12.99999999999997 835.1267786444371
13.09999999999997 835.1267786433357
13.19999999999997 835.1267786422344
13.29999999999997 835.126778641133
13.39999999999997 835.1267786400316
13.49999999999997 835.1267786389302
13.59999999999997 835.1267786378288
13.69999999999997 835.1267786367274
13.79999999999997 835.126778635626
13.89999999999997 835.1267786345247
13.99999999999997 835.1267786334233
14.09999999999997 835.1267786323219
14.19999999999997 835.1267786312205
14.29999999999997 835.1267786301191
14.39999999999996 835.1267786290177
14.49999999999996 835.1267786279163
14.59999999999996 835.1267786268151
14.69999999999996 835.1267786257137
14.79999999999996 835.1267786246123
14.89999999999996 835.1267786235109
14.99999999999996 835.1267786224095
15.09999999999996 835.1267786213081
15.19999999999996 835.1267786202067
15.29999999999996 835.1267786191054
15.39999999999996 835.126778618004
15.49999999999996 835.1267786169026
15.59999999999996 835.1267786158012
15.69999999999996 835.1267786146998
15.79999999999996 835.1267786135984
15.89999999999996 835.126778612497
15.99999999999996 835.1267786113957
16.09999999999996 835.1267786102943
16.19999999999996 835.1267786091929
16.29999999999996 835.1267786080915
16.39999999999996 835.1267786069901
16.49999999999996 835.1267786058887
16.59999999999997 835.1267786047873
16.69999999999997 835.1267786043749
16.79999999999997 835.1267786043717
16.89999999999997 835.1267786043684
16.99999999999997 835.1267786043652
17.09999999999997 835.1267786043619
17.19999999999997 835.1267786043587
17.29999999999998 835.1267786043554
17.39999999999998 835.1267786043522
17.49999999999998 835.1267786043489
17.59999999999998 835.1267786043458
17.69999999999998 835.1267786043425
17.79999999999998 835.1267786043393
17.89999999999998 835.1267786043361
17.99999999999999 835.1267786043328
18.09999999999999 835.1267786043296
18.19999999999999 835.1267786043263
18.29999999999999 835.1267786043231
18.39999999999999 835.1267786043198
18.49999999999999 835.1267786043167
18.59999999999999 835.1267786043134
18.7 835.1267786043102
18.8 835.1267786043069
18.9 835.1267786043037
19 835.1267786043004
19.1 835.1267786042972
19.2 835.1267786042939
19.3 835.1267786042907
19.40000000000001 835.1267786042874
19.50000000000001 835.1267786042843
19.60000000000001 835.126778604281
19.70000000000001 835.1267786042778
19.80000000000001 835.1267786042745
19.90000000000001 835.1267786042713
20.00000000000001 835.126778604268
20.10000000000002 835.1267786042648
20.20000000000002 835.1267786042616
20.30000000000002 835.1267786042583
20.40000000000002 835.1267786042552
20.50000000000002 835.1267786042519
20.60000000000002 835.1267786042487
20.70000000000002 835.1267786042454
20.80000000000003 835.1267786042422
20.90000000000003 835.1267786042389
21.00000000000003 835.1267786042357
21.10000000000003 835.1267786042324
21.20000000000003 835.1267786042292
21.30000000000003 835.1267786042259
21.40000000000003 835.1267786042227
21.50000000000004 835.1267786042195
21.60000000000004 835.1267786042163
21.70000000000004 835.126778604213
21.80000000000004 835.1267786042098
21.90000000000004 835.1267786042065
22.00000000000004 835.1267786042033
22.10000000000004 835.1267786042
22.20000000000005 835.1267786041968
22.30000000000005 835.1267786041935
22.40000000000005 835.1267786041903
22.50000000000005 835.1267786041872
22.60000000000005 835.1267786041839
22.70000000000005 835.1267786041807
22.80000000000005 835.1267786041774
22.90000000000006 835.1267786041742
23.00000000000006 835.1267786041709
23.10000000000006 835.1267786041677
23.20000000000006 835.1267786041644
23.30000000000006 835.1267786041612
23.40000000000006 835.1267786041579
23.50000000000006 835.1267786041548
23.60000000000007 835.1267786041515
23.70000000000007 835.1267786041483
23.80000000000007 835.126778604145
23.90000000000007 835.1267786041418
24.00000000000007 835.1267786041385
24.10000000000007 835.1267786041353
24.20000000000007 835.126778604132
24.30000000000008 835.1267786041288
24.40000000000008 835.1267786041255
24.50000000000008 835.1267786041224
24.60000000000008 835.1267786041192
24.70000000000008 835.1267786041159
24.80000000000008 835.1267786041127
24.90000000000008 835.1267786041094
25.00000000000009 835.1267786041062
25.10000000000009 835.1267786041029
25.20000000000009 835.1267786040997
25.30000000000009 835.1267786040964
25.40000000000009 835.1267786040933
25.50000000000009 835.12677860409
25.60000000000009 835.1267786040868
25.7000000000001 835.1267786040835
25.8000000000001 835.1267786040803
25.9000000000001 835.126778604077
26.0000000000001 835.1267786040738
26.1000000000001 835.1267786040705
26.2000000000001 835.1267786040673
26.3000000000001 835.126778604064
26.40000000000011 835.1267786040609
26.50000000000011 835.1267786040576
26.60000000000011 835.1267786040544
26.70000000000011 835.1267786040511
26.80000000000011 835.1267786040479
26.90000000000011 835.1267786040447
27.00000000000011 835.1267786040414
27.10000000000012 835.1267786040382
27.20000000000012 835.1267786040349
27.30000000000012 835.1267786040318
27.40000000000012 835.1267786040285
27.50000000000012 835.1267786040253
27.60000000000012 835.126778604022
27.70000000000012 835.1267786040188
27.80000000000013 835.1267786040155
27.90000000000013 835.1267786040123
28.00000000000013 835.126778604009
28.10000000000013 835.1267786040058
28.20000000000013 835.1267786040025
28.30000000000013 835.1267786039994
28.40000000000013 835.1267786039961
28.50000000000014 835.1267786039929
28.60000000000014 835.1267786039896
28.70000000000014 835.1267786039864
28.80000000000014 835.1267786039831
28.90000000000014 835.1267786039799
29.00000000000014 835.1267786039767
29.10000000000014 835.1267786039734
29.20000000000014 835.1267786039703
29.30000000000015 835.126778603967
29.40000000000015 835.1267786039638
29.50000000000015 835.1267786039605
29.60000000000015 835.1267786039573
29.70000000000015 835.126778603954
29.80000000000015 835.1267786039508
29.90000000000015 835.1267786039475
30.00000000000016 835.1267786039443
30.10000000000016 835.126778603941
30.20000000000016 835.1267786039379
30.30000000000016 835.1267786039346
30.40000000000016 835.1267786039314
30.50000000000016 835.1267786039281
30.60000000000016 835.1267786039249
30.70000000000017 835.1267786039216
30.80000000000017 835.1267786039184
30.90000000000017 835.1267786039151
31.00000000000017 835.1267786039119
31.10000000000017 835.1267786039086
31.20000000000017 835.1267786039054
31.30000000000017 835.1267786039023
31.40000000000018 835.126778603899
31.50000000000018 835.1267786038958
31.60000000000018 835.1267786038925
31.70000000000018 835.1267786038893
31.80000000000018 835.126778603886
31.90000000000018 835.1267786038828
32.00000000000018 835.1267786038795
32.10000000000019 835.1267786038763
32.20000000000019 835.126778603873
32.30000000000019 835.1267786038699
32.40000000000019 835.1267786038666
32.50000000000019 835.1267786038634
32.60000000000019 835.1267786038601
32.70000000000019 835.1267786038569
32.8000000000002 835.1267786038536
32.9000000000002 835.1267786038504
33.0000000000002 835.1267786038471
33.1000000000002 835.1267786038439
33.2000000000002 835.1267786038406
33.3000000000002 835.1267786038375
33.4000000000002 835.1267786038342
33.50000000000021 835.126778603831
33.60000000000021 835.1267786038278
33.70000000000021 835.1267786038245
33.80000000000021 835.1267786038213
33.90000000000021 835.126778603818
34.00000000000021 835.1267786038148
34.10000000000021 835.1267786038115
34.20000000000022 835.1267786038084
34.30000000000022 835.1267786038051
34.40000000000022 835.1267786038019
34.50000000000022 835.1267786037986
34.60000000000022 835.1267786037954
34.70000000000022 835.1267786037921
34.80000000000022 835.1267786037889
34.90000000000023 835.1267786037856
35.00000000000023 835.1267786037824
35.10000000000023 835.1267786037791
35.20000000000023 835.126778603776
35.30000000000023 835.1267786037727
35.40000000000023 835.1267786037695
35.50000000000023 835.1267786037662
35.60000000000024 835.126778603763
35.70000000000024 835.1267786037598
35.80000000000024 835.1267786037565
35.90000000000024 835.1267786037533
36.00000000000024 835.12677860375
36.10000000000024 835.1267786037469
36.20000000000024 835.1267786037436
36.30000000000025 835.1267786037404
36.40000000000025 835.1267786037371
36.50000000000025 835.1267786037339
36.60000000000025 835.1267786037306
36.70000000000025 835.1267786037274
36.80000000000025 835.1267786037241
36.90000000000025 835.1267786037209
37.00000000000026 835.1267786037176
37.10000000000026 835.1267786037145
37.20000000000026 835.1267786037112
37.30000000000026 835.126778603708
37.40000000000026 835.1267786037047
37.50000000000026 835.1267786037015
37.60000000000026 835.1267786036982
37.70000000000027 835.126778603695
37.80000000000027 835.1267786036917
37.90000000000027 835.1267786036885
38.00000000000027 835.1267786036854
38.10000000000027 835.1267786036821
38.20000000000027 835.1267786036789
38.30000000000027 835.1267786036756
38.40000000000028 835.1267786036724
38.50000000000028 835.1267786036691
38.60000000000028 835.1267786036659
38.70000000000028 835.1267786036626
38.80000000000028 835.1267786036594
38.90000000000028 835.1267786036561
39.00000000000028 835.126778603653
39.10000000000029 835.1267786036497
39.20000000000029 835.1267786036465
39.30000000000029 835.1267786036432
39.40000000000029 835.12677860364
39.50000000000029 835.1267786036367
39.60000000000029 835.1267786036335
39.70000000000029 835.1267786036302
39.8000000000003 835.126778603627
39.9000000000003 835.1267786036237
40.0000000000003 835.1267786036206
40.1000000000003 835.1267786036174
40.2000000000003 835.1267786036141
40.3000000000003 835.1267786036109
40.4000000000003 835.1267786036076
40.50000000000031 835.1267786036044
40.60000000000031 835.1267786036011
40.70000000000031 835.1267786035979
40.80000000000031 835.1267786035946
40.90000000000031 835.1267786035914
41.00000000000031 835.1267786035881
41.10000000000031 835.126778603585
41.20000000000032 835.1267786035817
41.30000000000032 835.1267786035785
41.40000000000032 835.1267786035752
41.50000000000032 835.126778603572
41.60000000000032 835.1267786035687
41.70000000000032 835.1267786035655
41.80000000000032 835.1267786035622
41.90000000000033 835.126778603559
42.00000000000033 835.1267786035557
42.10000000000033 835.1267786035526
42.20000000000033 835.1267786035493
42.30000000000033 835.1267786035461
42.40000000000033 835.1267786035429
42.50000000000033 835.1267786035396
42.60000000000034 835.1267786035364
42.70000000000034 835.1267786035331
42.80000000000034 835.1267786035299
42.90000000000034 835.1267786035266
43.00000000000034 835.1267786035235
43.10000000000034 835.1267786035202
43.20000000000034 835.126778603517
43.30000000000035 835.1267786035137
43.40000000000035 835.1267786035105
43.50000000000035 835.1267786035072
43.60000000000035 835.126778603504
43.70000000000035 835.1267786035007
43.80000000000035 835.1267786034975
43.90000000000035 835.1267786034942
44.00000000000036 835.1267786034911
44.10000000000036 835.1267786034878
44.20000000000036 835.1267786034846
44.30000000000036 835.1267786034813
44.40000000000036 835.1267786034781
44.50000000000036 835.1267786034749
44.60000000000036 835.1267786034716
44.70000000000037 835.1267786034684
44.80000000000037 835.1267786034651
44.90000000000037 835.126778603462
45.00000000000037 835.1267786034587
45.10000000000037 835.1267786034555
45.20000000000037 835.1267786034522
45.30000000000037 835.126778603449
45.40000000000038 835.1267786034457
45.50000000000038 835.1267786034425
45.60000000000038 835.1267786034392
45.70000000000038 835.126778603436
45.80000000000038 835.1267786034327
45.90000000000038 835.1267786034296
46.00000000000038 835.1267786034263
46.10000000000039 835.1267786034231
46.20000000000039 835.1267786034198
46.30000000000039 835.1267786034166
46.40000000000039 835.1267786034133
46.50000000000039 835.1267786034101
46.60000000000039 835.1267786034068
46.70000000000039 835.1267786034036
46.8000000000004 835.1267786034005
46.9000000000004 835.1267786033972
47.0000000000004 835.126778603394
47.1000000000004 835.1267786033907
47.2000000000004 835.1267786033875
47.3000000000004 835.1267786033842
47.4000000000004 835.126778603381
47.50000000000041 835.1267786033777
47.60000000000041 835.1267786033745
47.70000000000041 835.1267786033712
47.80000000000041 835.1267786033681
47.90000000000041 835.1267786033648
48.00000000000041 835.1267786033616
48.10000000000041 835.1267786033583
48.20000000000041 835.1267786033551
48.30000000000042 835.1267786033518
48.40000000000042 835.1267786033486
48.50000000000042 835.1267786033453
48.60000000000042 835.1267786033421
48.70000000000042 835.1267786033388
48.80000000000042 835.1267786033357
48.90000000000042 835.1267786033324
49.00000000000043 835.1267786033292
49.10000000000043 835.126778603326
49.20000000000043 835.1267786033227
49.30000000000043 835.1267786033195
49.40000000000043 835.1267786033162
49.50000000000043 835.126778603313
49.60000000000043 835.1267786033097
49.70000000000044 835.1267786033065
49.80000000000044 835.1267786033033
49.90000000000044 835.1267786033001