Time X1
0 250
0.1 250.4925331737589
0.2 251.0314984904605
0.3 251.6211267670274
0.4 252.2668471843132
0.5 252.9741175691213
0.6 253.7490423577678
0.7 254.5983549423629
0.7999999999999999 255.529549057957
0.8999999999999999 256.5509432158697
0.9999999999999999 257.6718535885831
1.1 258.9025974625231
1.2 260.2546725563714
1.3 261.7408647844831
1.4 263.3754174699154
1.5 265.1742722833249
1.6 267.1553417595569
1.7 269.3384811214264
1.8 271.7460823520362
1.900000000000001 274.4031640814125
2 277.3377399688312
2.100000000000001 280.5812828888208
2.200000000000001 284.1689428724035
2.300000000000001 288.1398604378867
2.400000000000001 292.5375691801348
2.500000000000001 297.4102484713285
2.600000000000001 302.8108404698679
2.700000000000001 308.7967287907595
2.800000000000001 315.4299146147269
2.900000000000001 322.774765956866
3.000000000000001 330.8968266918526
3.100000000000001 339.8595013006542
3.200000000000002 349.7193859195818
3.300000000000002 360.5197286524051
3.400000000000002 372.2813285209698
3.500000000000002 384.9921614518373
3.600000000000002 398.5940185160835
3.700000000000002 412.9722967009446
3.800000000000002 427.9444484434375
3.900000000000002 443.2603708696519
4.000000000000002 458.6107550473344
4.100000000000001 473.6486442389221
4.200000000000001 488.0220958002981
4.300000000000001 501.4128983934229
4.4 513.5715083700795
4.5 524.3397402355082
4.6 533.6568144014115
4.699999999999999 541.5496487408433
4.799999999999999 548.1128603505542
4.899999999999999 553.4840311453303
4.999999999999998 557.8211090414342
5.099999999999998 561.2846577657984
5.199999999999998 564.0258782352147
5.299999999999997 566.1798397285073
5.399999999999997 567.8627055120503
5.499999999999996 569.1716726609899
5.599999999999996 570.1861981601749
5.699999999999996 570.9702301888706
5.799999999999995 571.5749159772931
5.899999999999995 572.0405300006314
5.999999999999995 572.3985187329854
6.099999999999994 572.6735466505776
6.199999999999994 572.8847098873963
6.299999999999994 573.0467133573097
6.399999999999993 573.170934104958
6.499999999999993 573.266184887866
6.599999999999993 573.3392443342481
6.699999999999992 573.3951401663174
6.799999999999992 573.4379684786068
6.899999999999991 573.4707817647774
6.999999999999991 573.4959270893469
7.099999999999991 573.5152109878481
7.19999999999999 573.5299696431474
7.29999999999999 573.5412678823818
7.39999999999999 573.5498984945941
7.499999999999989 573.5565201334362
7.599999999999989 573.5615855257493
7.699999999999989 573.565518244444
7.799999999999988 573.5685298401411
7.899999999999988 573.5708880199029
7.999999999999988 573.5726055779661
8.099999999999987 573.5739744035043
8.199999999999987 573.5750237705764
8.299999999999986 573.5757905986017
8.399999999999986 573.5763772922217
8.499999999999986 573.5768040204433
8.599999999999985 573.5771390201263
8.699999999999985 573.5773943093488
8.799999999999985 573.5775972524391
8.899999999999984 573.5777550315674
8.999999999999984 573.5778794811098
9.099999999999984 573.5779755726459
9.199999999999983 573.5780499630782
9.299999999999983 573.5781073854121
9.399999999999983 573.5781510838179
9.499999999999982 573.5781852128285
9.599999999999982 573.5782110663554
9.699999999999982 573.5782314595881
9.799999999999981 573.5782469394178
9.899999999999981 573.5782591768932
9.99999999999998 573.5782684747672
10.09999999999998 573.5782758015429
10.19999999999998 573.5782826838172
10.29999999999998 573.5782911406128
10.39999999999998 573.5782985059085
10.49999999999998 573.5783047797044
10.59999999999998 573.5783099620003
10.69999999999998 573.5783140527964
10.79999999999998 573.5783170520925
10.89999999999998 573.5783189598889
10.99999999999998 573.5783197761854
11.09999999999998 573.5783195009819
11.19999999999998 573.5783181342786
11.29999999999998 573.5783156760755
11.39999999999998 573.578314468767
11.49999999999998 573.5783154068763
11.59999999999997 573.5783160628691
11.69999999999997 573.5783164367454
11.79999999999997 573.578316528505
11.89999999999997 573.5783163381479
11.99999999999997 573.5783158656743
12.09999999999997 573.5783151110841
12.19999999999997 573.5783140743772
12.29999999999997 573.5783127555538
12.39999999999997 573.5783111546139
12.49999999999997 573.5783092715571
12.59999999999997 573.5783084370006
12.69999999999997 573.5783079072103
12.79999999999997 573.5783073774201
12.89999999999997 573.5783068476297
12.99999999999997 573.5783063178394
13.09999999999997 573.5783057880492
13.19999999999997 573.5783052582589
13.29999999999997 573.5783047284685
13.39999999999997 573.5783041986783
13.49999999999997 573.578303668888
13.59999999999997 573.5783031390977
13.69999999999997 573.5783026093075
13.79999999999997 573.5783024783132
13.89999999999997 573.5783024620688
13.99999999999997 573.5783024458243
14.09999999999997 573.5783024295799
14.19999999999997 573.5783024133355
14.29999999999997 573.5783023970911
14.39999999999996 573.5783023808466
14.49999999999996 573.5783023646022
14.59999999999996 573.5783023483579
14.69999999999996 573.5783023321134
14.79999999999996 573.578302315869
14.89999999999996 573.5783022996245
14.99999999999996 573.5783022833801
15.09999999999996 573.5783022671357
15.19999999999996 573.5783022508913
15.29999999999996 573.5783022346469
15.39999999999996 573.5783022184024
15.49999999999996 573.5783022021581
15.59999999999996 573.5783021859136
15.69999999999996 573.5783021696692
15.79999999999996 573.5783021534247
15.89999999999996 573.5783021371803
15.99999999999996 573.578302120936
16.09999999999996 573.5783021046915
16.19999999999996 573.5783020884471
16.29999999999996 573.5783020722026
16.39999999999996 573.5783020559583
16.49999999999996 573.5783020397138
16.59999999999997 573.5783020234694
16.69999999999997 573.578302007225
16.79999999999997 573.5783019909805
16.89999999999997 573.5783019747362
16.99999999999997 573.5783019584917
17.09999999999997 573.5783019422473
17.19999999999997 573.578301926003
17.29999999999998 573.5783019097585
17.39999999999998 573.5783018935141
17.49999999999998 573.5783018772696
17.59999999999998 573.5783018610252
17.69999999999998 573.5783018447808
17.79999999999998 573.5783018285364
17.89999999999998 573.578301812292
17.99999999999999 573.5783017960475
18.09999999999999 573.5783017798032
18.19999999999999 573.5783017635587
18.29999999999999 573.5783017473143
18.39999999999999 573.5783017310698
18.49999999999999 573.5783017148254
18.59999999999999 573.5783016985811
18.7 573.5783016823366
18.8 573.5783016660922
18.9 573.5783016498477
19 573.5783016336034
19.1 573.5783016173589
19.2 573.5783016011145
19.3 573.5783015848701
19.40000000000001 573.5783015686256
19.50000000000001 573.5783015523813
19.60000000000001 573.5783015361368
19.70000000000001 573.5783015198924
19.80000000000001 573.578301503648
19.90000000000001 573.5783014874036
20.00000000000001 573.5783014711592
20.10000000000002 573.5783014549147
20.20000000000002 573.5783014386703
20.30000000000002 573.5783014224259
20.40000000000002 573.5783014061815
20.50000000000002 573.5783013899371
20.60000000000002 573.5783013736926
20.70000000000002 573.5783013574483
20.80000000000003 573.5783013412038
20.90000000000003 573.5783013249594
21.00000000000003 573.5783013087149
21.10000000000003 573.5783012924705
21.20000000000003 573.5783012762262
21.30000000000003 573.5783012599817
21.40000000000003 573.5783012437373
21.50000000000004 573.5783012274928
21.60000000000004 573.5783012112485
21.70000000000004 573.578301195004
21.80000000000004 573.5783011787596
21.90000000000004 573.5783011625152
22.00000000000004 573.5783011462707
22.10000000000004 573.5783011300264
22.20000000000005 573.5783011137819
22.30000000000005 573.5783010975375
22.40000000000005 573.578301081293
22.50000000000005 573.5783010650487
22.60000000000005 573.5783010488043
22.70000000000005 573.5783010325598
22.80000000000005 573.5783010163154
22.90000000000006 573.578301000071
23.00000000000006 573.5783009838266
23.10000000000006 573.5783009675822
23.20000000000006 573.5783009513377
23.30000000000006 573.5783009350934
23.40000000000006 573.5783009188489
23.50000000000006 573.5783009026045
23.60000000000007 573.57830088636
23.70000000000007 573.5783008701156
23.80000000000007 573.5783008538713
23.90000000000007 573.5783008376268
24.00000000000007 573.5783008213824
24.10000000000007 573.5783008051379
24.20000000000007 573.5783007888936
24.30000000000008 573.5783007726491
24.40000000000008 573.5783007564047
24.50000000000008 573.5783007401603
24.60000000000008 573.5783007239158
24.70000000000008 573.5783007076715
24.80000000000008 573.578300691427
24.90000000000008 573.5783006751826
25.00000000000009 573.5783006589381
25.10000000000009 573.5783006426938
25.20000000000009 573.5783006264494
25.30000000000009 573.5783006102049
25.40000000000009 573.5783005939605
25.50000000000009 573.578300577716
25.60000000000009 573.5783005663469
25.7000000000001 573.5783005658486
25.8000000000001 573.5783005653504
25.9000000000001 573.5783005648523
26.0000000000001 573.578300564354
26.1000000000001 573.5783005638558
26.2000000000001 573.5783005633575
26.3000000000001 573.5783005628593
26.40000000000011 573.5783005623612
26.50000000000011 573.5783005618629
26.60000000000011 573.5783005613647
26.70000000000011 573.5783005608664
26.80000000000011 573.5783005603682
26.90000000000011 573.5783005598701
27.00000000000011 573.5783005593718
27.10000000000012 573.5783005588736
27.20000000000012 573.5783005583754
27.30000000000012 573.5783005578771
27.40000000000012 573.578300557379
27.50000000000012 573.5783005568807
27.60000000000012 573.5783005563825
27.70000000000012 573.5783005558843
27.80000000000013 573.578300555386
27.90000000000013 573.5783005548878
28.00000000000013 573.5783005543896
28.10000000000013 573.5783005538914
28.20000000000013 573.5783005533932
28.30000000000013 573.5783005528949
28.40000000000013 573.5783005523967
28.50000000000014 573.5783005518985
28.60000000000014 573.5783005514003
28.70000000000014 573.5783005509021
28.80000000000014 573.5783005504038
28.90000000000014 573.5783005499056
29.00000000000014 573.5783005494073
29.10000000000014 573.5783005489092
29.20000000000014 573.578300548411
29.30000000000015 573.5783005479127
29.40000000000015 573.5783005474145
29.50000000000015 573.5783005469162
29.60000000000015 573.5783005464181
29.70000000000015 573.5783005459199
29.80000000000015 573.5783005454216
29.90000000000015 573.5783005449234
30.00000000000016 573.5783005444252
30.10000000000016 573.578300543927
30.20000000000016 573.5783005434288
30.30000000000016 573.5783005429305
30.40000000000016 573.5783005424323
30.50000000000016 573.5783005419341
30.60000000000016 573.5783005414359
30.70000000000017 573.5783005409377
30.80000000000017 573.5783005404394
30.90000000000017 573.5783005399412
31.00000000000017 573.578300539443
31.10000000000017 573.5783005389447
31.20000000000017 573.5783005384466
31.30000000000017 573.5783005379483
31.40000000000018 573.5783005374501
31.50000000000018 573.5783005369519
31.60000000000018 573.5783005364536
31.70000000000018 573.5783005359555
31.80000000000018 573.5783005354572
31.90000000000018 573.578300534959
32.00000000000018 573.5783005344608
32.10000000000019 573.5783005339625
32.20000000000019 573.5783005334644
32.30000000000019 573.5783005329661
32.40000000000019 573.5783005324679
32.50000000000019 573.5783005319697
32.60000000000019 573.5783005314714
32.70000000000019 573.5783005309733
32.8000000000002 573.5783005304751
32.9000000000002 573.5783005299768
33.0000000000002 573.5783005294786
33.1000000000002 573.5783005289803
33.2000000000002 573.5783005284821
33.3000000000002 573.578300527984
33.4000000000002 573.5783005274857
33.50000000000021 573.5783005269875
33.60000000000021 573.5783005264892
33.70000000000021 573.578300525991
33.80000000000021 573.5783005254929
33.90000000000021 573.5783005249946
34.00000000000021 573.5783005244964
34.10000000000021 573.5783005239981
34.20000000000022 573.5783005234999
34.30000000000022 573.5783005230018
34.40000000000022 573.5783005225035
34.50000000000022 573.5783005220053
34.60000000000022 573.578300521507
34.70000000000022 573.5783005210088
34.80000000000022 573.5783005205107
34.90000000000023 573.5783005200124
35.00000000000023 573.5783005195142
35.10000000000023 573.5783005190159
35.20000000000023 573.5783005185177
35.30000000000023 573.5783005180195
35.40000000000023 573.5783005175213
35.50000000000023 573.5783005170231
35.60000000000024 573.5783005165249
35.70000000000024 573.5783005160266
35.80000000000024 573.5783005155284
35.90000000000024 573.5783005150302
36.00000000000024 573.578300514532
36.10000000000024 573.5783005140338
36.20000000000024 573.5783005135355
36.30000000000025 573.5783005130373
36.40000000000025 573.578300512539
36.50000000000025 573.5783005120409
36.60000000000025 573.5783005115427
36.70000000000025 573.5783005110444
36.80000000000025 573.5783005105462
36.90000000000025 573.5783005100479
37.00000000000026 573.5783005095498
37.10000000000026 573.5783005090516
37.20000000000026 573.5783005085533
37.30000000000026 573.5783005080551
37.40000000000026 573.5783005075568
37.50000000000026 573.5783005074771
37.60000000000026 573.5783005074755
37.70000000000027 573.578300507474
37.80000000000027 573.5783005074725
37.90000000000027 573.5783005074709
38.00000000000027 573.5783005074693
38.10000000000027 573.5783005074677
38.20000000000027 573.5783005074661
38.30000000000027 573.5783005074645
38.40000000000028 573.578300507463
38.50000000000028 573.5783005074614
38.60000000000028 573.5783005074599
38.70000000000028 573.5783005074583
38.80000000000028 573.5783005074567
38.90000000000028 573.5783005074552
39.00000000000028 573.5783005074536
39.10000000000029 573.578300507452
39.20000000000029 573.5783005074504
39.30000000000029 573.5783005074488
39.40000000000029 573.5783005074472
39.50000000000029 573.5783005074458
39.60000000000029 573.5783005074442
39.70000000000029 573.5783005074426
39.8000000000003 573.578300507441
39.9000000000003 573.5783005074394
40.0000000000003 573.5783005074378
40.1000000000003 573.5783005074363
40.2000000000003 573.5783005074347
40.3000000000003 573.5783005074331
40.4000000000003 573.5783005074315
40.50000000000031 573.57830050743
40.60000000000031 573.5783005074284
40.70000000000031 573.5783005074269
40.80000000000031 573.5783005074253
40.90000000000031 573.5783005074237
41.00000000000031 573.5783005074221
41.10000000000031 573.5783005074205
41.20000000000032 573.5783005074189
41.30000000000032 573.5783005074175
41.40000000000032 573.5783005074159
41.50000000000032 573.5783005074143
41.60000000000032 573.5783005074127
41.70000000000032 573.5783005074111
41.80000000000032 573.5783005074096
41.90000000000033 573.578300507408
42.00000000000033 573.5783005074064
42.10000000000033 573.5783005074048
42.20000000000033 573.5783005074032
42.30000000000033 573.5783005074017
42.40000000000033 573.5783005074002
42.50000000000033 573.5783005073986
42.60000000000034 573.578300507397
42.70000000000034 573.5783005073954
42.80000000000034 573.5783005073938
42.90000000000034 573.5783005073922
43.00000000000034 573.5783005073907
43.10000000000034 573.5783005073891
43.20000000000034 573.5783005073876
43.30000000000035 573.578300507386
43.40000000000035 573.5783005073844
43.50000000000035 573.5783005073828
43.60000000000035 573.5783005073813
43.70000000000035 573.5783005073797
43.80000000000035 573.5783005073781
43.90000000000035 573.5783005073765
44.00000000000036 573.5783005073749
44.10000000000036 573.5783005073733
44.20000000000036 573.5783005073719
44.30000000000036 573.5783005073703
44.40000000000036 573.5783005073687
44.50000000000036 573.5783005073671
44.60000000000036 573.5783005073655
44.70000000000037 573.5783005073639
44.80000000000037 573.5783005073624
44.90000000000037 573.5783005073608
45.00000000000037 573.5783005073592
45.10000000000037 573.5783005073577
45.20000000000037 573.5783005073561
45.30000000000037 573.5783005073546
45.40000000000038 573.578300507353
45.50000000000038 573.5783005073514
45.60000000000038 573.5783005073498
45.70000000000038 573.5783005073482
45.80000000000038 573.5783005073466
45.90000000000038 573.5783005073451
46.00000000000038 573.5783005073436
46.10000000000039 573.578300507342
46.20000000000039 573.5783005073404
46.30000000000039 573.5783005073388
46.40000000000039 573.5783005073372
46.50000000000039 573.5783005073357
46.60000000000039 573.5783005073341
46.70000000000039 573.5783005073325
46.8000000000004 573.5783005073309
46.9000000000004 573.5783005073293
47.0000000000004 573.5783005073278
47.1000000000004 573.5783005073263
47.2000000000004 573.5783005073247
47.3000000000004 573.5783005073231
47.4000000000004 573.5783005073215
47.50000000000041 573.5783005073199
47.60000000000041 573.5783005073183
47.70000000000041 573.5783005073168
47.80000000000041 573.5783005073152
47.90000000000041 573.5783005073137
48.00000000000041 573.5783005073121
48.10000000000041 573.5783005073105
48.20000000000041 573.578300507309
48.30000000000042 573.5783005073074
48.40000000000042 573.5783005073058
48.50000000000042 573.5783005073042
48.60000000000042 573.5783005073026
48.70000000000042 573.578300507301
48.80000000000042 573.5783005072996
48.90000000000042 573.578300507298
49.00000000000043 573.5783005072964
49.10000000000043 573.5783005072948
49.20000000000043 573.5783005072932
49.30000000000043 573.5783005072916
49.40000000000043 573.5783005072901
49.50000000000043 573.5783005072885
49.60000000000043 573.5783005072869
49.70000000000044 573.5783005072853
49.80000000000044 573.5783005072838
49.90000000000044 573.5783005072822