Time X1
0 250
0.1 250.2178019291161
0.2 250.4554833105075
0.3 250.7150823088599
0.4 250.9982443644959
0.5 251.3075625647205
0.6 251.6454499571226
0.7 252.0145195291051
0.7999999999999999 252.4178339888981
0.8999999999999999 252.8583887081154
0.9999999999999999 253.3399498965069
1.1 253.8663464079138
1.2 254.4419400529426
1.3 255.0715146414931
1.4 255.7603305305838
1.5 256.5142063467021
1.6 257.3395616054869
1.7 258.2434251826374
1.8 259.2337303994219
1.900000000000001 260.3190807652003
2 261.5092570038822
2.100000000000001 262.8148507347821
2.200000000000001 264.2478039424768
2.300000000000001 265.8213810408834
2.400000000000001 267.5502916189089
2.500000000000001 269.4510059160714
2.600000000000001 271.5418785731392
2.700000000000001 273.8433698352277
2.800000000000001 276.3782445387288
2.900000000000001 279.1718952341103
3.000000000000001 282.2526982207778
3.100000000000001 285.6521154897926
3.200000000000002 289.4051523582929
3.300000000000002 293.5505446443988
3.400000000000002 298.1308394907738
3.500000000000002 303.1925479782505
3.600000000000002 308.7863295996369
3.700000000000002 314.9657244966403
3.800000000000002 321.7870226244159
3.900000000000002 329.3070585755734
4.000000000000002 337.5820314478493
4.100000000000001 346.6618568057569
4.200000000000001 356.586380176482
4.300000000000001 367.3786683706012
4.4 379.0360209099633
4.5 391.5203474027007
4.6 404.7486606823046
4.699999999999999 418.5843882483204
4.799999999999999 432.8335104703816
4.899999999999999 447.2481916698513
4.999999999999998 461.5402791409792
5.099999999999998 475.4025553467989
5.199999999999998 488.5390096970394
5.299999999999997 500.694950829116
5.399999999999997 511.6817560153311
5.499999999999996 521.3903324295098
5.599999999999996 529.7914519168124
5.699999999999996 536.9249141643489
5.799999999999995 542.8819662604469
5.899999999999995 547.7858588752515
5.999999999999995 551.774308770738
6.099999999999994 554.9859665611444
6.199999999999994 557.5509048943269
6.299999999999994 559.5858412504831
6.399999999999993 561.1917979119688
6.499999999999993 562.4538819592835
6.599999999999993 563.4423921184612
6.699999999999992 564.2146250787855
6.799999999999992 564.8166695943046
6.899999999999991 565.2852707228242
6.999999999999991 565.64953264759
7.099999999999991 565.9324432988951
7.19999999999999 566.1519963729934
7.29999999999999 566.3222703744633
7.39999999999999 566.4542702109536
7.499999999999989 566.5565678999106
7.599999999999989 566.6358148079203
7.699999999999989 566.697190329209
7.799999999999988 566.7447497269527
7.899999999999988 566.7815924552386
7.999999999999988 566.810089031061
8.099999999999987 566.8321249787095
8.199999999999987 566.8491860186726
8.299999999999986 566.8623995296504
8.399999999999986 566.8726267055947
8.499999999999986 566.8805227302394
8.599999999999985 566.8866348724437
8.699999999999985 566.8913548035048
8.799999999999985 566.8950513441752
8.899999999999984 566.8979225135666
8.999999999999984 566.9002415530066
9.099999999999984 566.9018791315091
9.199999999999983 566.9032087486938
9.299999999999983 566.9042613736098
9.399999999999983 566.9050458830581
9.499999999999982 566.9056442523054
9.599999999999982 566.9060955006211
9.699999999999982 566.9064353105208
9.799999999999981 566.9067052242688
9.899999999999981 566.90691330171
9.99999999999998 566.9070814609884
10.09999999999998 566.9072125825597
10.19999999999998 566.9073176087459
10.29999999999998 566.9073988259553
10.39999999999998 566.90746278678
10.49999999999998 566.9075123823102
10.59999999999998 566.9075506492827
10.69999999999998 566.9075808309343
10.79999999999998 566.9076038972244
10.89999999999998 566.9076223071988
10.99999999999998 566.9076364173167
11.09999999999998 566.9076476717652
11.19999999999998 566.9076563507101
11.29999999999998 566.9076632065555
11.39999999999998 566.9076685691067
11.49999999999998 566.9076764522546
11.59999999999997 566.9076834141205
11.69999999999997 566.9076894547043
11.79999999999997 566.9076945740061
11.89999999999997 566.9076987720258
11.99999999999997 566.9077020487636
12.09999999999997 566.9077044042192
12.19999999999997 566.9077058383929
12.29999999999997 566.9077063512844
12.39999999999997 566.907705942894
12.49999999999997 566.9077046132215
12.59999999999997 566.9077023622671
12.69999999999997 566.9077008000614
12.79999999999997 566.9077016460548
12.89999999999997 566.9077022584345
12.99999999999997 566.9077026372009
13.09999999999997 566.9077027823538
13.19999999999997 566.9077026938934
13.29999999999997 566.9077023718195
13.39999999999997 566.9077018161321
13.49999999999997 566.9077010268313
13.59999999999997 566.9077000039171
13.69999999999997 566.9076987473894
13.79999999999997 566.9076972572484
13.89999999999997 566.9076955334939
13.99999999999997 566.9076947828439
14.09999999999997 566.9076943262703
14.19999999999997 566.9076938696968
14.29999999999997 566.9076934131233
14.39999999999996 566.9076929565498
14.49999999999996 566.9076924999762
14.59999999999996 566.9076920434027
14.69999999999996 566.9076915868292
14.79999999999996 566.9076911302556
14.89999999999996 566.9076906736821
14.99999999999996 566.9076902171086
15.09999999999996 566.907689760535
15.19999999999996 566.9076893341845
15.29999999999996 566.907689320514
15.39999999999996 566.9076893068435
15.49999999999996 566.907689293173
15.59999999999996 566.9076892795025
15.69999999999996 566.907689265832
15.79999999999996 566.9076892521614
15.89999999999996 566.9076892384909
15.99999999999996 566.9076892248204
16.09999999999996 566.9076892111499
16.19999999999996 566.9076891974794
16.29999999999996 566.9076891838089
16.39999999999996 566.9076891701384
16.49999999999996 566.9076891564679
16.59999999999997 566.9076891427974
16.69999999999997 566.9076891291269
16.79999999999997 566.9076891154564
16.89999999999997 566.9076891017859
16.99999999999997 566.9076890881154
17.09999999999997 566.9076890744449
17.19999999999997 566.9076890607744
17.29999999999998 566.9076890471038
17.39999999999998 566.9076890334333
17.49999999999998 566.9076890197628
17.59999999999998 566.9076890060923
17.69999999999998 566.9076889924218
17.79999999999998 566.9076889787513
17.89999999999998 566.9076889650808
17.99999999999999 566.9076889514103
18.09999999999999 566.9076889377397
18.19999999999999 566.9076889240692
18.29999999999999 566.9076889103987
18.39999999999999 566.9076888967282
18.49999999999999 566.9076888830577
18.59999999999999 566.9076888693872
18.7 566.9076888557166
18.8 566.9076888420461
18.9 566.9076888283756
19 566.9076888147051
19.1 566.9076888010346
19.2 566.9076887873641
19.3 566.9076887736936
19.40000000000001 566.9076887600231
19.50000000000001 566.9076887463526
19.60000000000001 566.9076887326821
19.70000000000001 566.9076887190116
19.80000000000001 566.9076887053411
19.90000000000001 566.9076886916706
20.00000000000001 566.9076886780001
20.10000000000002 566.9076886643295
20.20000000000002 566.907688650659
20.30000000000002 566.9076886369885
20.40000000000002 566.907688623318
20.50000000000002 566.9076886096475
20.60000000000002 566.907688595977
20.70000000000002 566.9076885823065
20.80000000000003 566.907688568636
20.90000000000003 566.9076885549655
21.00000000000003 566.907688541295
21.10000000000003 566.9076885276245
21.20000000000003 566.907688513954
21.30000000000003 566.9076885002835
21.40000000000003 566.907688486613
21.50000000000004 566.9076884729425
21.60000000000004 566.9076884592719
21.70000000000004 566.9076884456014
21.80000000000004 566.9076884319309
21.90000000000004 566.9076884182604
22.00000000000004 566.9076884045899
22.10000000000004 566.9076883909194
22.20000000000005 566.9076883772489
22.30000000000005 566.9076883635784
22.40000000000005 566.9076883499079
22.50000000000005 566.9076883362374
22.60000000000005 566.9076883225669
22.70000000000005 566.9076883088964
22.80000000000005 566.9076882952259
22.90000000000006 566.9076882815554
23.00000000000006 566.9076882678847
23.10000000000006 566.9076882542142
23.20000000000006 566.9076882405437
23.30000000000006 566.9076882268732
23.40000000000006 566.9076882132027
23.50000000000006 566.9076881995322
23.60000000000007 566.9076881858617
23.70000000000007 566.9076881721912
23.80000000000007 566.9076881585207
23.90000000000007 566.9076881448502
24.00000000000007 566.9076881311797
24.10000000000007 566.9076881175092
24.20000000000007 566.9076881038387
24.30000000000008 566.9076880901682
24.40000000000008 566.9076880764976
24.50000000000008 566.9076880628271
24.60000000000008 566.9076880491566
24.70000000000008 566.9076880354861
24.80000000000008 566.9076880218156
24.90000000000008 566.9076880081451
25.00000000000009 566.9076879944746
25.10000000000009 566.9076879808041
25.20000000000009 566.9076879671336
25.30000000000009 566.9076879534631
25.40000000000009 566.9076879397926
25.50000000000009 566.9076879261221
25.60000000000009 566.9076879124516
25.7000000000001 566.9076878987811
25.8000000000001 566.9076878851106
25.9000000000001 566.90768787144
26.0000000000001 566.9076878577695
26.1000000000001 566.907687844099
26.2000000000001 566.9076878304285
26.3000000000001 566.907687816758
26.40000000000011 566.9076878030875
26.50000000000011 566.907687789417
26.60000000000011 566.9076877757465
26.70000000000011 566.907687762076
26.80000000000011 566.9076877484055
26.90000000000011 566.907687734735
27.00000000000011 566.9076877210645
27.10000000000012 566.907687707394
27.20000000000012 566.9076876937235
27.30000000000012 566.9076876800528
27.40000000000012 566.9076876663823
27.50000000000012 566.9076876527118
27.60000000000012 566.9076876390413
27.70000000000012 566.9076876253708
27.80000000000013 566.9076876117003
27.90000000000013 566.9076876061094
28.00000000000013 566.9076876056999
28.10000000000013 566.9076876052906
28.20000000000013 566.9076876048812
28.30000000000013 566.9076876044718
28.40000000000013 566.9076876040624
28.50000000000014 566.907687603653
28.60000000000014 566.9076876032436
28.70000000000014 566.9076876028341
28.80000000000014 566.9076876024247
28.90000000000014 566.9076876020154
29.00000000000014 566.907687601606
29.10000000000014 566.9076876011966
29.20000000000014 566.9076876007872
29.30000000000015 566.9076876003778
29.40000000000015 566.9076875999683
29.50000000000015 566.9076875995589
29.60000000000015 566.9076875991495
29.70000000000015 566.9076875987402
29.80000000000015 566.9076875983308
29.90000000000015 566.9076875979214
30.00000000000016 566.907687597512
30.10000000000016 566.9076875971025
30.20000000000016 566.9076875966931
30.30000000000016 566.9076875962837
30.40000000000016 566.9076875958743
30.50000000000016 566.9076875954649
30.60000000000016 566.9076875950556
30.70000000000017 566.9076875946462
30.80000000000017 566.9076875942368
30.90000000000017 566.9076875938273
31.00000000000017 566.9076875934179
31.10000000000017 566.9076875930085
31.20000000000017 566.9076875925991
31.30000000000017 566.9076875921897
31.40000000000018 566.9076875917804
31.50000000000018 566.907687591371
31.60000000000018 566.9076875909615
31.70000000000018 566.9076875905521
31.80000000000018 566.9076875901427
31.90000000000018 566.9076875897333
32.00000000000018 566.9076875893239
32.10000000000019 566.9076875889145
32.20000000000019 566.9076875885052
32.30000000000019 566.9076875880957
32.40000000000019 566.9076875876863
32.50000000000019 566.9076875872769
32.60000000000019 566.9076875868675
32.70000000000019 566.9076875864581
32.8000000000002 566.9076875860487
32.9000000000002 566.9076875856393
33.0000000000002 566.9076875852298
33.1000000000002 566.9076875848205
33.2000000000002 566.9076875844111
33.3000000000002 566.9076875840017
33.4000000000002 566.9076875835923
33.50000000000021 566.9076875831829
33.60000000000021 566.9076875827735
33.70000000000021 566.907687582364
33.80000000000021 566.9076875819546
33.90000000000021 566.9076875815452
34.00000000000021 566.9076875811359
34.10000000000021 566.9076875807265
34.20000000000022 566.9076875803171
34.30000000000022 566.9076875799077
34.40000000000022 566.9076875794982
34.50000000000022 566.9076875790888
34.60000000000022 566.9076875786794
34.70000000000022 566.90768757827
34.80000000000022 566.9076875778607
34.90000000000023 566.9076875774513
35.00000000000023 566.9076875770419
35.10000000000023 566.9076875766324
35.20000000000023 566.907687576223
35.30000000000023 566.9076875758136
35.40000000000023 566.9076875754042
35.50000000000023 566.9076875749948
35.60000000000024 566.9076875745855
35.70000000000024 566.9076875741761
35.80000000000024 566.9076875737666
35.90000000000024 566.9076875733572
36.00000000000024 566.9076875729478
36.10000000000024 566.9076875725384
36.20000000000024 566.907687572129
36.30000000000025 566.9076875717196
36.40000000000025 566.9076875713102
36.50000000000025 566.9076875709007
36.60000000000025 566.9076875704914
36.70000000000025 566.907687570082
36.80000000000025 566.9076875696726
36.90000000000025 566.9076875692632
37.00000000000026 566.9076875688538
37.10000000000026 566.9076875684444
37.20000000000026 566.9076875680349
37.30000000000026 566.9076875676255
37.40000000000026 566.9076875672162
37.50000000000026 566.9076875668068
37.60000000000026 566.9076875663974
37.70000000000027 566.907687565988
37.80000000000027 566.9076875655786
37.90000000000027 566.9076875651691
38.00000000000027 566.9076875647597
38.10000000000027 566.9076875643503
38.20000000000027 566.907687563941
38.30000000000027 566.9076875635316
38.40000000000028 566.9076875631222
38.50000000000028 566.9076875627128
38.60000000000028 566.9076875623033
38.70000000000028 566.9076875618939
38.80000000000028 566.9076875614845
38.90000000000028 566.9076875610751
39.00000000000028 566.9076875606657
39.10000000000029 566.9076875602564
39.20000000000029 566.907687559847
39.30000000000029 566.9076875594375
39.40000000000029 566.9076875590281
39.50000000000029 566.9076875586187
39.60000000000029 566.9076875582093
39.70000000000029 566.9076875577999
39.8000000000003 566.9076875573905
39.9000000000003 566.9076875569812
40.0000000000003 566.9076875565718
40.1000000000003 566.9076875561623
40.2000000000003 566.9076875557529
40.3000000000003 566.9076875553435
40.4000000000003 566.9076875549341
40.50000000000031 566.9076875545861
40.60000000000031 566.9076875545849
40.70000000000031 566.9076875545835
40.80000000000031 566.9076875545823
40.90000000000031 566.907687554581
41.00000000000031 566.9076875545798
41.10000000000031 566.9076875545785
41.20000000000032 566.9076875545773
41.30000000000032 566.907687554576
41.40000000000032 566.9076875545747
41.50000000000032 566.9076875545735
41.60000000000032 566.9076875545722
41.70000000000032 566.907687554571
41.80000000000032 566.9076875545696
41.90000000000033 566.9076875545684
42.00000000000033 566.9076875545671
42.10000000000033 566.9076875545659
42.20000000000033 566.9076875545646
42.30000000000033 566.9076875545634
42.40000000000033 566.9076875545621
42.50000000000033 566.9076875545609
42.60000000000034 566.9076875545596
42.70000000000034 566.9076875545584
42.80000000000034 566.9076875545571
42.90000000000034 566.9076875545559
43.00000000000034 566.9076875545545
43.10000000000034 566.9076875545533
43.20000000000034 566.907687554552
43.30000000000035 566.9076875545508
43.40000000000035 566.9076875545495
43.50000000000035 566.9076875545483
43.60000000000035 566.907687554547
43.70000000000035 566.9076875545458
43.80000000000035 566.9076875545445
43.90000000000035 566.9076875545433
44.00000000000036 566.907687554542
44.10000000000036 566.9076875545406
44.20000000000036 566.9076875545394
44.30000000000036 566.9076875545381
44.40000000000036 566.9076875545369
44.50000000000036 566.9076875545356
44.60000000000036 566.9076875545344
44.70000000000037 566.9076875545331
44.80000000000037 566.9076875545319
44.90000000000037 566.9076875545306
45.00000000000037 566.9076875545294
45.10000000000037 566.9076875545281
45.20000000000037 566.9076875545268
45.30000000000037 566.9076875545255
45.40000000000038 566.9076875545243
45.50000000000038 566.907687554523
45.60000000000038 566.9076875545218
45.70000000000038 566.9076875545205
45.80000000000038 566.9076875545193
45.90000000000038 566.907687554518
46.00000000000038 566.9076875545168
46.10000000000039 566.9076875545155
46.20000000000039 566.9076875545143
46.30000000000039 566.907687554513
46.40000000000039 566.9076875545117
46.50000000000039 566.9076875545104
46.60000000000039 566.9076875545092
46.70000000000039 566.9076875545079
46.8000000000004 566.9076875545067
46.9000000000004 566.9076875545054
47.0000000000004 566.9076875545042
47.1000000000004 566.9076875545029
47.2000000000004 566.9076875545016
47.3000000000004 566.9076875545004
47.4000000000004 566.9076875544991
47.50000000000041 566.9076875544978
47.60000000000041 566.9076875544965
47.70000000000041 566.9076875544953
47.80000000000041 566.907687554494
47.90000000000041 566.9076875544928
48.00000000000041 566.9076875544915
48.10000000000041 566.9076875544903
48.20000000000041 566.907687554489
48.30000000000042 566.9076875544878
48.40000000000042 566.9076875544865
48.50000000000042 566.9076875544853
48.60000000000042 566.9076875544839
48.70000000000042 566.9076875544827
48.80000000000042 566.9076875544814
48.90000000000042 566.9076875544802
49.00000000000043 566.9076875544789
49.10000000000043 566.9076875544777
49.20000000000043 566.9076875544764
49.30000000000043 566.9076875544752
49.40000000000043 566.9076875544739
49.50000000000043 566.9076875544727
49.60000000000043 566.9076875544714
49.70000000000044 566.9076875544702
49.80000000000044 566.9076875544688
49.90000000000044 566.9076875544675