Time X1
0 250
0.1 250.2178282904128
0.2 250.4555385098713
0.3 250.7151689276494
0.4 250.9983653813122
0.5 251.3077212187808
0.6 251.6456497508347
0.7 252.0147643550053
0.7999999999999999 252.418128007184
0.8999999999999999 252.8587367537367
0.9999999999999999 253.340357000297
1.1 253.8668182524963
1.2 254.4424828826875
1.3 255.072135332973
1.4 255.7610366684228
1.5 256.5150063339215
1.6 257.3404646723284
1.7 258.2444415975434
1.8 259.2348715142743
1.900000000000001 260.3203591717198
2 261.5106866812118
2.100000000000001 262.8164471422496
2.200000000000001 264.2495844176305
2.300000000000001 265.8233647675218
2.400000000000001 267.5525000187815
2.500000000000001 269.4534628905888
2.600000000000001 271.5446107917437
2.700000000000001 273.846407038281
2.800000000000001 276.3816198568146
2.900000000000001 279.17564574989
3.000000000000001 282.256865177184
3.100000000000001 285.6567447753394
3.200000000000002 289.4102949385017
3.300000000000002 293.5562568666389
3.400000000000002 298.1371830775514
3.500000000000002 303.1995904865577
3.600000000000002 308.7941438503405
3.700000000000002 314.974387462096
3.800000000000002 321.7966139663454
3.900000000000002 329.3176586442858
4.000000000000002 337.5937163491259
4.100000000000001 346.674692415713
4.200000000000001 356.6004150987465
4.300000000000001 367.3939218974513
4.4 379.0524719925238
4.5 391.5379195327853
4.6 404.7672088152295
4.699999999999999 418.6036904195116
4.799999999999999 432.8532632125725
4.899999999999999 447.2680257200602
4.999999999999998 461.5597788142306
5.099999999999998 475.4212974349813
5.199999999999998 488.5566054578553
5.299999999999997 500.7110858152993
5.399999999999997 511.6962176952314
5.499999999999996 521.4030203115865
5.599999999999996 529.8023702253502
5.699999999999996 536.934151681564
5.799999999999995 542.8896703172267
5.899999999999995 547.7922091744238
5.999999999999995 551.7794954561615
6.099999999999994 554.9901747239297
6.199999999999994 557.5543036489382
6.299999999999994 559.5885801648047
6.399999999999993 561.1940048459222
6.499999999999993 562.4556636457567
6.599999999999993 563.443836257104
6.699999999999992 564.2158025972392
6.799999999999992 564.8176374232501
6.899999999999991 565.2860741782679
6.999999999999991 565.6502075739879
7.099999999999991 565.9330179310026
7.19999999999999 566.1524928885698
7.29999999999999 566.3227060913125
7.39999999999999 566.4546585966632
7.499999999999989 566.5569195450495
7.599999999999989 566.6361379434607
7.699999999999989 566.6974913117457
7.799999999999988 566.7450336024309
7.899999999999988 566.7818629053411
7.999999999999988 566.8103491663711
8.099999999999987 566.8323770514145
8.199999999999987 566.8494318890312
8.299999999999986 566.8626405919961
8.399999999999986 566.8728640286383
8.499999999999986 566.8807571318007
8.599999999999985 566.8868670468431
8.699999999999985 566.8915852444964
8.799999999999985 566.8952805169595
8.899999999999984 566.8981506221292
8.999999999999984 566.9004686054362
9.099999999999984 566.9021057445216
9.199999999999983 566.9034349431106
9.299999999999983 566.9044871773177
9.399999999999983 566.9052713284606
9.499999999999982 566.9058694856317
9.599999999999982 566.9063205180144
9.699999999999982 566.9066602237857
9.799999999999981 566.9069300361095
9.899999999999981 566.9071380450935
9.99999999999998 566.9073061485053
10.09999999999998 566.9074372239553
10.19999999999998 566.9075422152894
10.29999999999998 566.907623400474
10.39999999999998 566.9076873404678
10.49999999999998 566.9077369147915
10.59999999999998 566.9077751699106
10.69999999999998 566.907805339652
10.79999999999998 566.9078283979552
10.89999999999998 566.9078468012661
10.99999999999998 566.9078609061052
11.09999999999998 566.9078721567251
11.19999999999998 566.9078808322063
11.29999999999998 566.9078876858301
11.39999999999998 566.9078930520577
11.49999999999998 566.9079009339088
11.59999999999997 566.9079078944528
11.69999999999997 566.9079139336899
11.79999999999997 566.9079190516202
11.89999999999997 566.9079232482435
11.99999999999997 566.9079265235598
12.09999999999997 566.9079288775692
12.19999999999997 566.9079303102718
12.29999999999997 566.9079308216674
12.39999999999997 566.9079304117561
12.49999999999997 566.9079290805379
12.59999999999997 566.9079268280127
12.69999999999997 566.9079252720315
12.79999999999997 566.9079261176539
12.89999999999997 566.9079267296552
12.99999999999997 566.9079271080352
13.09999999999997 566.9079272527943
13.19999999999997 566.9079271639323
13.29999999999997 566.9079268414491
13.39999999999997 566.907926285345
13.49999999999997 566.9079254956196
13.59999999999997 566.9079244722732
13.69999999999997 566.9079232153057
13.79999999999997 566.9079217247171
13.89999999999997 566.9079200005075
13.99999999999997 566.907919252394
14.09999999999997 566.907918795806
14.19999999999997 566.9079183392181
14.29999999999997 566.9079178826303
14.39999999999996 566.9079174260423
14.49999999999996 566.9079169694544
14.59999999999996 566.9079165128664
14.69999999999996 566.9079160562785
14.79999999999996 566.9079155996906
14.89999999999996 566.9079151431026
14.99999999999996 566.9079146865147
15.09999999999996 566.9079142299267
15.19999999999996 566.9079138044181
15.29999999999996 566.907913790747
15.39999999999996 566.9079137770759
15.49999999999996 566.9079137634048
15.59999999999996 566.9079137497338
15.69999999999996 566.9079137360628
15.79999999999996 566.9079137223918
15.89999999999996 566.9079137087207
15.99999999999996 566.9079136950496
16.09999999999996 566.9079136813785
16.19999999999996 566.9079136677076
16.29999999999996 566.9079136540365
16.39999999999996 566.9079136403655
16.49999999999996 566.9079136266944
16.59999999999997 566.9079136130234
16.69999999999997 566.9079135993524
16.79999999999997 566.9079135856813
16.89999999999997 566.9079135720102
16.99999999999997 566.9079135583391
17.09999999999997 566.9079135446682
17.19999999999997 566.9079135309971
17.29999999999998 566.9079135173261
17.39999999999998 566.907913503655
17.49999999999998 566.9079134899839
17.59999999999998 566.907913476313
17.69999999999998 566.9079134626419
17.79999999999998 566.9079134489708
17.89999999999998 566.9079134352997
17.99999999999999 566.9079134216288
18.09999999999999 566.9079134079577
18.19999999999999 566.9079133942867
18.29999999999999 566.9079133806156
18.39999999999999 566.9079133669445
18.49999999999999 566.9079133532736
18.59999999999999 566.9079133396025
18.7 566.9079133259314
18.8 566.9079133122603
18.9 566.9079132985893
19 566.9079132849183
19.1 566.9079132712473
19.2 566.9079132575762
19.3 566.9079132439051
19.40000000000001 566.9079132302342
19.50000000000001 566.9079132165631
19.60000000000001 566.907913202892
19.70000000000001 566.9079131892209
19.80000000000001 566.9079131755499
19.90000000000001 566.9079131618789
20.00000000000001 566.9079131482079
20.10000000000002 566.9079131345368
20.20000000000002 566.9079131208657
20.30000000000002 566.9079131071946
20.40000000000002 566.9079130935237
20.50000000000002 566.9079130798526
20.60000000000002 566.9079130661815
20.70000000000002 566.9079130525105
20.80000000000003 566.9079130388395
20.90000000000003 566.9079130251685
21.00000000000003 566.9079130114974
21.10000000000003 566.9079129978263
21.20000000000003 566.9079129841552
21.30000000000003 566.9079129704843
21.40000000000003 566.9079129568132
21.50000000000004 566.9079129431422
21.60000000000004 566.9079129294711
21.70000000000004 566.9079129158
21.80000000000004 566.9079129021291
21.90000000000004 566.907912888458
22.00000000000004 566.9079128747869
22.10000000000004 566.9079128611158
22.20000000000005 566.9079128474449
22.30000000000005 566.9079128337738
22.40000000000005 566.9079128201028
22.50000000000005 566.9079128064317
22.60000000000005 566.9079127927606
22.70000000000005 566.9079127790897
22.80000000000005 566.9079127654186
22.90000000000006 566.9079127517475
23.00000000000006 566.9079127380764
23.10000000000006 566.9079127244055
23.20000000000006 566.9079127107344
23.30000000000006 566.9079126970634
23.40000000000006 566.9079126833923
23.50000000000006 566.9079126697212
23.60000000000007 566.9079126560503
23.70000000000007 566.9079126423792
23.80000000000007 566.9079126287081
23.90000000000007 566.907912615037
24.00000000000007 566.907912601366
24.10000000000007 566.907912587695
24.20000000000007 566.907912574024
24.30000000000008 566.9079125603529
24.40000000000008 566.9079125466818
24.50000000000008 566.9079125330109
24.60000000000008 566.9079125193398
24.70000000000008 566.9079125056687
24.80000000000008 566.9079124919976
24.90000000000008 566.9079124783266
25.00000000000009 566.9079124646556
25.10000000000009 566.9079124509846
25.20000000000009 566.9079124373135
25.30000000000009 566.9079124236424
25.40000000000009 566.9079124099713
25.50000000000009 566.9079123963004
25.60000000000009 566.9079123826293
25.7000000000001 566.9079123689583
25.8000000000001 566.9079123552872
25.9000000000001 566.9079123416162
26.0000000000001 566.9079123279452
26.1000000000001 566.9079123142741
26.2000000000001 566.907912300603
26.3000000000001 566.9079122869319
26.40000000000011 566.907912273261
26.50000000000011 566.9079122595899
26.60000000000011 566.9079122459189
26.70000000000011 566.9079122322478
26.80000000000011 566.9079122185767
26.90000000000011 566.9079122049058
27.00000000000011 566.9079121912347
27.10000000000012 566.9079121775636
27.20000000000012 566.9079121638925
27.30000000000012 566.9079121502216
27.40000000000012 566.9079121365505
27.50000000000012 566.9079121228795
27.60000000000012 566.9079121092084
27.70000000000012 566.9079120955373
27.80000000000013 566.9079120818664
27.90000000000013 566.9079120763163
28.00000000000013 566.9079120759069
28.10000000000013 566.9079120754975
28.20000000000013 566.907912075088
28.30000000000013 566.9079120746786
28.40000000000013 566.9079120742692
28.50000000000014 566.9079120738597
28.60000000000014 566.9079120734503
28.70000000000014 566.907912073041
28.80000000000014 566.9079120726316
28.90000000000014 566.9079120722221
29.00000000000014 566.9079120718127
29.10000000000014 566.9079120714033
29.20000000000014 566.9079120709938
29.30000000000015 566.9079120705844
29.40000000000015 566.907912070175
29.50000000000015 566.9079120697655
29.60000000000015 566.9079120693561
29.70000000000015 566.9079120689468
29.80000000000015 566.9079120685374
29.90000000000015 566.9079120681279
30.00000000000016 566.9079120677185
30.10000000000016 566.9079120673091
30.20000000000016 566.9079120668996
30.30000000000016 566.9079120664902
30.40000000000016 566.9079120660808
30.50000000000016 566.9079120656714
30.60000000000016 566.9079120652619
30.70000000000017 566.9079120648526
30.80000000000017 566.9079120644432
30.90000000000017 566.9079120640337
31.00000000000017 566.9079120636243
31.10000000000017 566.9079120632149
31.20000000000017 566.9079120628055
31.30000000000017 566.907912062396
31.40000000000018 566.9079120619866
31.50000000000018 566.9079120615772
31.60000000000018 566.9079120611677
31.70000000000018 566.9079120607583
31.80000000000018 566.907912060349
31.90000000000018 566.9079120599395
32.00000000000018 566.9079120595301
32.10000000000019 566.9079120591207
32.20000000000019 566.9079120587113
32.30000000000019 566.9079120583018
32.40000000000019 566.9079120578924
32.50000000000019 566.907912057483
32.60000000000019 566.9079120570735
32.70000000000019 566.9079120566641
32.8000000000002 566.9079120562548
32.9000000000002 566.9079120558454
33.0000000000002 566.9079120554359
33.1000000000002 566.9079120550265
33.2000000000002 566.9079120546171
33.3000000000002 566.9079120542076
33.4000000000002 566.9079120537982
33.50000000000021 566.9079120533888
33.60000000000021 566.9079120529794
33.70000000000021 566.9079120525699
33.80000000000021 566.9079120521606
33.90000000000021 566.9079120517512
34.00000000000021 566.9079120513417
34.10000000000021 566.9079120509323
34.20000000000022 566.9079120505229
34.30000000000022 566.9079120501134
34.40000000000022 566.907912049704
34.50000000000022 566.9079120492946
34.60000000000022 566.9079120488852
34.70000000000022 566.9079120484757
34.80000000000022 566.9079120480664
34.90000000000023 566.907912047657
35.00000000000023 566.9079120472475
35.10000000000023 566.9079120468381
35.20000000000023 566.9079120464287
35.30000000000023 566.9079120460193
35.40000000000023 566.9079120456098
35.50000000000023 566.9079120452004
35.60000000000024 566.907912044791
35.70000000000024 566.9079120443815
35.80000000000024 566.9079120439721
35.90000000000024 566.9079120435628
36.00000000000024 566.9079120431534
36.10000000000024 566.9079120427439
36.20000000000024 566.9079120423345
36.30000000000025 566.9079120419251
36.40000000000025 566.9079120415156
36.50000000000025 566.9079120411062
36.60000000000025 566.9079120406968
36.70000000000025 566.9079120402873
36.80000000000025 566.9079120398779
36.90000000000025 566.9079120394686
37.00000000000026 566.9079120390592
37.10000000000026 566.9079120386497
37.20000000000026 566.9079120382403
37.30000000000026 566.9079120378309
37.40000000000026 566.9079120374214
37.50000000000026 566.907912037012
37.60000000000026 566.9079120366026
37.70000000000027 566.9079120361932
37.80000000000027 566.9079120357837
37.90000000000027 566.9079120353744
38.00000000000027 566.907912034965
38.10000000000027 566.9079120345555
38.20000000000027 566.9079120341461
38.30000000000027 566.9079120337367
38.40000000000028 566.9079120333273
38.50000000000028 566.9079120329178
38.60000000000028 566.9079120325084
38.70000000000028 566.907912032099
38.80000000000028 566.9079120316895
38.90000000000028 566.9079120312801
39.00000000000028 566.9079120308708
39.10000000000029 566.9079120304613
39.20000000000029 566.9079120300519
39.30000000000029 566.9079120296425
39.40000000000029 566.9079120292331
39.50000000000029 566.9079120288236
39.60000000000029 566.9079120284142
39.70000000000029 566.9079120280048
39.8000000000003 566.9079120275953
39.9000000000003 566.9079120271859
40.0000000000003 566.9079120267766
40.1000000000003 566.9079120263672
40.2000000000003 566.9079120259577
40.3000000000003 566.9079120255483
40.4000000000003 566.9079120251389
40.50000000000031 566.9079120247925
40.60000000000031 566.9079120247911
40.70000000000031 566.9079120247899
40.80000000000031 566.9079120247886
40.90000000000031 566.9079120247874
41.00000000000031 566.9079120247861
41.10000000000031 566.9079120247849
41.20000000000032 566.9079120247836
41.30000000000032 566.9079120247824
41.40000000000032 566.9079120247811
41.50000000000032 566.9079120247799
41.60000000000032 566.9079120247786
41.70000000000032 566.9079120247774
41.80000000000032 566.907912024776
41.90000000000033 566.9079120247748
42.00000000000033 566.9079120247735
42.10000000000033 566.9079120247723
42.20000000000033 566.907912024771
42.30000000000033 566.9079120247698
42.40000000000033 566.9079120247685
42.50000000000033 566.9079120247673
42.60000000000034 566.907912024766
42.70000000000034 566.9079120247648
42.80000000000034 566.9079120247635
42.90000000000034 566.9079120247621
43.00000000000034 566.9079120247609
43.10000000000034 566.9079120247596
43.20000000000034 566.9079120247584
43.30000000000035 566.9079120247571
43.40000000000035 566.9079120247559
43.50000000000035 566.9079120247546
43.60000000000035 566.9079120247534
43.70000000000035 566.9079120247521
43.80000000000035 566.9079120247509
43.90000000000035 566.9079120247496
44.00000000000036 566.9079120247484
44.10000000000036 566.907912024747
44.20000000000036 566.9079120247458
44.30000000000036 566.9079120247445
44.40000000000036 566.9079120247433
44.50000000000036 566.907912024742
44.60000000000036 566.9079120247408
44.70000000000037 566.9079120247395
44.80000000000037 566.9079120247383
44.90000000000037 566.907912024737
45.00000000000037 566.9079120247358
45.10000000000037 566.9079120247345
45.20000000000037 566.9079120247333
45.30000000000037 566.9079120247319
45.40000000000038 566.9079120247306
45.50000000000038 566.9079120247294
45.60000000000038 566.9079120247281
45.70000000000038 566.9079120247269
45.80000000000038 566.9079120247256
45.90000000000038 566.9079120247244
46.00000000000038 566.9079120247231
46.10000000000039 566.9079120247219
46.20000000000039 566.9079120247206
46.30000000000039 566.9079120247194
46.40000000000039 566.907912024718
46.50000000000039 566.9079120247168
46.60000000000039 566.9079120247155
46.70000000000039 566.9079120247143
46.8000000000004 566.907912024713
46.9000000000004 566.9079120247118
47.0000000000004 566.9079120247105
47.1000000000004 566.9079120247093
47.2000000000004 566.907912024708
47.3000000000004 566.9079120247068
47.4000000000004 566.9079120247055
47.50000000000041 566.9079120247043
47.60000000000041 566.9079120247029
47.70000000000041 566.9079120247017
47.80000000000041 566.9079120247004
47.90000000000041 566.9079120246992
48.00000000000041 566.9079120246979
48.10000000000041 566.9079120246967
48.20000000000041 566.9079120246954
48.30000000000042 566.9079120246942
48.40000000000042 566.9079120246929
48.50000000000042 566.9079120246917
48.60000000000042 566.9079120246904
48.70000000000042 566.907912024689
48.80000000000042 566.9079120246878
48.90000000000042 566.9079120246865
49.00000000000043 566.9079120246853
49.10000000000043 566.907912024684
49.20000000000043 566.9079120246828
49.30000000000043 566.9079120246815
49.40000000000043 566.9079120246803
49.50000000000043 566.907912024679
49.60000000000043 566.9079120246778
49.70000000000044 566.9079120246765
49.80000000000044 566.9079120246753
49.90000000000044 566.9079120246739