Time X1
0 250
0.1 250.2433979875786
0.2 250.5091135430398
0.3 250.7992969560712
0.4 251.1159899654342
0.5 251.4620414339206
0.6 251.8401294469907
0.7 252.2532705433998
0.7999999999999999 252.7048083650212
0.8999999999999999 253.1983583173163
0.9999999999999999 253.7379547543466
1.1 254.3280599653283
1.2 254.9736089919739
1.3 255.6800291053705
1.4 256.4533047333745
1.5 257.3000833742271
1.6 258.2276259324777
1.7 259.2440660816099
1.8 260.3583460297476
1.900000000000001 261.5805331905432
2 262.9216478382156
2.100000000000001 264.3939355192124
2.200000000000001 266.0111963588717
2.300000000000001 267.7886473772265
2.400000000000001 269.7433291860167
2.500000000000001 271.8942711402403
2.600000000000001 274.2626972024678
2.700000000000001 276.8722459207485
2.800000000000001 279.7492429541321
2.900000000000001 282.9231377664775
3.000000000000001 286.4266086608652
3.100000000000001 290.2959420991319
3.200000000000002 294.5713042415248
3.300000000000002 299.296819155249
3.400000000000002 304.5204922206746
3.500000000000002 310.2946053985663
3.600000000000002 316.674205809856
3.700000000000002 323.7166872455678
3.800000000000002 331.4795373466886
3.900000000000002 340.0187178073735
4.000000000000002 349.3826439973625
4.100000000000001 359.6078160729397
4.200000000000001 370.7114104665072
4.300000000000001 382.6818580683626
4.4 395.4686959616371
4.5 408.973094157408
4.6 423.0401274745203
4.699999999999999 437.4560847799783
4.799999999999999 451.9560576867769
4.899999999999999 466.2392042230214
4.999999999999998 479.9941937437171
5.099999999999998 492.9306230288822
5.199999999999998 504.808856659854
5.299999999999997 515.4621719947096
5.399999999999997 524.8063147388584
5.499999999999996 532.835848273693
5.599999999999996 539.6103151089426
5.699999999999996 545.2351357148581
5.799999999999995 549.8420284647312
5.899999999999995 553.5722725553126
5.999999999999995 556.5644459495313
6.099999999999994 558.9460104617365
6.199999999999994 560.8299272360528
6.299999999999994 562.3129142736108
6.399999999999993 563.4757395119854
6.499999999999993 564.3847060777243
6.599999999999993 565.0935288070076
6.699999999999992 565.6452316073729
6.799999999999992 566.0740019789621
6.899999999999991 566.4068484584142
6.999999999999991 566.6650081971316
7.099999999999991 566.8651118562331
7.19999999999999 567.0201181553834
7.29999999999999 567.140158007848
7.39999999999999 567.2330413117159
7.499999999999989 567.3049377427195
7.599999999999989 567.3605640346541
7.699999999999989 567.4036409003706
7.799999999999988 567.4369345528363
7.899999999999988 567.4626746013499
7.999999999999988 567.4825540383187
8.099999999999987 567.4979621623145
8.199999999999987 567.5098409165981
8.299999999999986 567.519032213281
8.399999999999986 567.5261228101792
8.499999999999986 567.53160816168
8.599999999999985 567.535854744382
8.699999999999985 567.5391826601991
8.799999999999985 567.5417551411073
8.899999999999984 567.5437754582454
8.999999999999984 567.5452819880347
9.099999999999984 567.5464882978122
9.199999999999983 567.5474161821925
9.299999999999983 567.5481016297553
9.399999999999983 567.5486317884123
9.499999999999982 567.5490211707126
9.599999999999982 567.5493293831192
9.699999999999982 567.549566967028
9.799999999999981 567.5497564661989
9.899999999999981 567.54990618345
9.99999999999998 567.5500242972251
10.09999999999998 567.5501176521688
10.19999999999998 567.550189524016
10.29999999999998 567.550246433756
10.39999999999998 567.5502896284518
10.49999999999998 567.5503239187497
10.59999999999998 567.5503500989943
10.69999999999998 567.5503708142079
10.79999999999998 567.5503868722296
10.89999999999998 567.5503994484117
10.99999999999998 567.5504093387273
11.09999999999998 567.5504169676517
11.19999999999998 567.5504230270564
11.29999999999998 567.5504300674539
11.39999999999998 567.5504375215636
11.49999999999998 567.5504440268224
11.59999999999997 567.5504495832306
11.69999999999997 567.5504541907878
11.79999999999997 567.5504578494944
11.89999999999997 567.5504605593501
11.99999999999997 567.550462320355
12.09999999999997 567.5504631325091
12.19999999999997 567.5504629958124
12.29999999999997 567.5504619102649
12.39999999999997 567.5504598758666
12.49999999999997 567.5504574252587
12.59999999999997 567.5504583545356
12.69999999999997 567.5504590419678
12.79999999999997 567.5504594875551
12.89999999999997 567.5504596912978
12.99999999999997 567.5504596531955
13.09999999999997 567.5504593732486
13.19999999999997 567.5504588514568
13.29999999999997 567.5504580878204
13.39999999999997 567.5504570823391
13.49999999999997 567.5504558350131
13.59999999999997 567.5504543458422
13.69999999999997 567.5504526148267
13.79999999999997 567.5504517344241
13.89999999999997 567.5504512634593
13.99999999999997 567.5504507924945
14.09999999999997 567.5504503215298
14.19999999999997 567.550449850565
14.29999999999997 567.5504493796002
14.39999999999996 567.5504489086354
14.49999999999996 567.5504484376706
14.59999999999996 567.5504479667057
14.69999999999996 567.550447495741
14.79999999999996 567.5504470247762
14.89999999999996 567.5504465538114
14.99999999999996 567.5504461250292
15.09999999999996 567.5504461108375
15.19999999999996 567.5504460966457
15.29999999999996 567.550446082454
15.39999999999996 567.5504460682622
15.49999999999996 567.5504460540704
15.59999999999996 567.5504460398787
15.69999999999996 567.5504460256869
15.79999999999996 567.5504460114952
15.89999999999996 567.5504459973034
15.99999999999996 567.5504459831117
16.09999999999996 567.5504459689199
16.19999999999996 567.5504459547282
16.29999999999996 567.5504459405364
16.39999999999996 567.5504459263447
16.49999999999996 567.5504459121529
16.59999999999997 567.5504458979611
16.69999999999997 567.5504458837694
16.79999999999997 567.5504458695776
16.89999999999997 567.5504458553859
16.99999999999997 567.5504458411941
17.09999999999997 567.5504458270024
17.19999999999997 567.5504458128106
17.29999999999998 567.5504457986189
17.39999999999998 567.5504457844271
17.49999999999998 567.5504457702353
17.59999999999998 567.5504457560436
17.69999999999998 567.5504457418518
17.79999999999998 567.5504457276601
17.89999999999998 567.5504457134683
17.99999999999999 567.5504456992766
18.09999999999999 567.5504456850848
18.19999999999999 567.5504456708931
18.29999999999999 567.5504456567013
18.39999999999999 567.5504456425095
18.49999999999999 567.5504456283179
18.59999999999999 567.5504456141261
18.7 567.5504455999344
18.8 567.5504455857426
18.9 567.5504455715509
19 567.5504455573591
19.1 567.5504455431674
19.2 567.5504455289756
19.3 567.5504455147839
19.40000000000001 567.5504455005921
19.50000000000001 567.5504454864003
19.60000000000001 567.5504454722086
19.70000000000001 567.5504454580168
19.80000000000001 567.5504454438251
19.90000000000001 567.5504454296333
20.00000000000001 567.5504454154416
20.10000000000002 567.5504454012498
20.20000000000002 567.5504453870581
20.30000000000002 567.5504453728663
20.40000000000002 567.5504453586746
20.50000000000002 567.5504453444828
20.60000000000002 567.550445330291
20.70000000000002 567.5504453160993
20.80000000000003 567.5504453019075
20.90000000000003 567.5504452877158
21.00000000000003 567.550445273524
21.10000000000003 567.5504452593323
21.20000000000003 567.5504452451405
21.30000000000003 567.5504452309488
21.40000000000003 567.550445216757
21.50000000000004 567.5504452025652
21.60000000000004 567.5504451883735
21.70000000000004 567.5504451741817
21.80000000000004 567.55044515999
21.90000000000004 567.5504451457982
22.00000000000004 567.5504451316065
22.10000000000004 567.5504451174147
22.20000000000005 567.550445103223
22.30000000000005 567.5504450890312
22.40000000000005 567.5504450748394
22.50000000000005 567.5504450606477
22.60000000000005 567.5504450464559
22.70000000000005 567.5504450322642
22.80000000000005 567.5504450180724
22.90000000000006 567.5504450038807
23.00000000000006 567.5504449896889
23.10000000000006 567.5504449754972
23.20000000000006 567.5504449613054
23.30000000000006 567.5504449471136
23.40000000000006 567.5504449329219
23.50000000000006 567.5504449187301
23.60000000000007 567.5504449045384
23.70000000000007 567.5504448903466
23.80000000000007 567.5504448761549
23.90000000000007 567.5504448619631
24.00000000000007 567.5504448477714
24.10000000000007 567.5504448335797
24.20000000000007 567.550444819388
24.30000000000008 567.5504448051962
24.40000000000008 567.5504447910045
24.50000000000008 567.5504447768127
24.60000000000008 567.5504447626209
24.70000000000008 567.5504447484292
24.80000000000008 567.5504447342374
24.90000000000008 567.5504447200457
25.00000000000009 567.5504447058539
25.10000000000009 567.5504446916622
25.20000000000009 567.5504446774704
25.30000000000009 567.5504446632787
25.40000000000009 567.5504446490869
25.50000000000009 567.5504446348951
25.60000000000009 567.5504446207034
25.7000000000001 567.5504446065116
25.8000000000001 567.5504445923199
25.9000000000001 567.5504445781281
26.0000000000001 567.5504445639364
26.1000000000001 567.5504445497446
26.2000000000001 567.5504445355529
26.3000000000001 567.5504445213611
26.40000000000011 567.5504445071693
26.50000000000011 567.5504444929776
26.60000000000011 567.5504444787858
26.70000000000011 567.5504444645941
26.80000000000011 567.5504444504023
26.90000000000011 567.5504444362106
27.00000000000011 567.5504444220188
27.10000000000012 567.5504444078271
27.20000000000012 567.5504443936353
27.30000000000012 567.5504443794435
27.40000000000012 567.5504443652518
27.50000000000012 567.55044435106
27.60000000000012 567.5504443500505
27.70000000000012 567.5504443496227
27.80000000000013 567.550444349195
27.90000000000013 567.5504443487672
28.00000000000013 567.5504443483394
28.10000000000013 567.5504443479117
28.20000000000013 567.5504443474839
28.30000000000013 567.5504443470562
28.40000000000013 567.5504443466284
28.50000000000014 567.5504443462007
28.60000000000014 567.5504443457729
28.70000000000014 567.5504443453452
28.80000000000014 567.5504443449174
28.90000000000014 567.5504443444897
29.00000000000014 567.5504443440619
29.10000000000014 567.5504443436341
29.20000000000014 567.5504443432064
29.30000000000015 567.5504443427786
29.40000000000015 567.5504443423509
29.50000000000015 567.5504443419231
29.60000000000015 567.5504443414954
29.70000000000015 567.5504443410676
29.80000000000015 567.55044434064
29.90000000000015 567.5504443402122
30.00000000000016 567.5504443397845
30.10000000000016 567.5504443393567
30.20000000000016 567.5504443389289
30.30000000000016 567.5504443385012
30.40000000000016 567.5504443380734
30.50000000000016 567.5504443376457
30.60000000000016 567.5504443372179
30.70000000000017 567.5504443367902
30.80000000000017 567.5504443363624
30.90000000000017 567.5504443359347
31.00000000000017 567.5504443355069
31.10000000000017 567.5504443350791
31.20000000000017 567.5504443346514
31.30000000000017 567.5504443342236
31.40000000000018 567.5504443337959
31.50000000000018 567.5504443333681
31.60000000000018 567.5504443329404
31.70000000000018 567.5504443325126
31.80000000000018 567.5504443320849
31.90000000000018 567.5504443316571
32.00000000000018 567.5504443312294
32.10000000000019 567.5504443308016
32.20000000000019 567.5504443303738
32.30000000000019 567.5504443299461
32.40000000000019 567.5504443295183
32.50000000000019 567.5504443290906
32.60000000000019 567.5504443286628
32.70000000000019 567.5504443282351
32.8000000000002 567.5504443278073
32.9000000000002 567.5504443273796
33.0000000000002 567.5504443269518
33.1000000000002 567.550444326524
33.2000000000002 567.5504443260963
33.3000000000002 567.5504443256685
33.4000000000002 567.5504443252408
33.50000000000021 567.550444324813
33.60000000000021 567.5504443243854
33.70000000000021 567.5504443239575
33.80000000000021 567.5504443235299
33.90000000000021 567.5504443231021
34.00000000000021 567.5504443226744
34.10000000000021 567.5504443222466
34.20000000000022 567.5504443218188
34.30000000000022 567.5504443213911
34.40000000000022 567.5504443209633
34.50000000000022 567.5504443205356
34.60000000000022 567.5504443201078
34.70000000000022 567.5504443196801
34.80000000000022 567.5504443192523
34.90000000000023 567.5504443188246
35.00000000000023 567.5504443183968
35.10000000000023 567.550444317969
35.20000000000023 567.5504443175413
35.30000000000023 567.5504443171135
35.40000000000023 567.5504443166858
35.50000000000023 567.550444316258
35.60000000000024 567.5504443158303
35.70000000000024 567.5504443154025
35.80000000000024 567.5504443149748
35.90000000000024 567.550444314547
36.00000000000024 567.5504443141193
36.10000000000024 567.5504443136915
36.20000000000024 567.5504443132637
36.30000000000025 567.550444312836
36.40000000000025 567.5504443124082
36.50000000000025 567.5504443119805
36.60000000000025 567.5504443115527
36.70000000000025 567.550444311125
36.80000000000025 567.5504443106972
36.90000000000025 567.5504443102695
37.00000000000026 567.5504443098417
37.10000000000026 567.550444309414
37.20000000000026 567.5504443089862
37.30000000000026 567.5504443085584
37.40000000000026 567.5504443081307
37.50000000000026 567.5504443077029
37.60000000000026 567.5504443072753
37.70000000000027 567.5504443068475
37.80000000000027 567.5504443064198
37.90000000000027 567.550444305992
38.00000000000027 567.5504443055643
38.10000000000027 567.5504443051365
38.20000000000027 567.5504443047087
38.30000000000027 567.550444304281
38.40000000000028 567.5504443038532
38.50000000000028 567.5504443034255
38.60000000000028 567.5504443029977
38.70000000000028 567.55044430257
38.80000000000028 567.5504443021422
38.90000000000028 567.5504443017145
39.00000000000028 567.5504443012867
39.10000000000029 567.550444300859
39.20000000000029 567.5504443004312
39.30000000000029 567.5504443000034
39.40000000000029 567.5504442995757
39.50000000000029 567.5504442991479
39.60000000000029 567.5504442987202
39.70000000000029 567.5504442982924
39.8000000000003 567.5504442978647
39.9000000000003 567.5504442974369
40.0000000000003 567.5504442970092
40.1000000000003 567.5504442969324
40.2000000000003 567.550444296931
40.3000000000003 567.5504442969296
40.4000000000003 567.5504442969284
40.50000000000031 567.550444296927
40.60000000000031 567.5504442969257
40.70000000000031 567.5504442969244
40.80000000000031 567.550444296923
40.90000000000031 567.5504442969217
41.00000000000031 567.5504442969204
41.10000000000031 567.5504442969191
41.20000000000032 567.5504442969177
41.30000000000032 567.5504442969165
41.40000000000032 567.5504442969151
41.50000000000032 567.5504442969137
41.60000000000032 567.5504442969125
41.70000000000032 567.5504442969111
41.80000000000032 567.5504442969097
41.90000000000033 567.5504442969085
42.00000000000033 567.5504442969071
42.10000000000033 567.5504442969059
42.20000000000033 567.5504442969045
42.30000000000033 567.5504442969032
42.40000000000033 567.5504442969019
42.50000000000033 567.5504442969005
42.60000000000034 567.5504442968992
42.70000000000034 567.5504442968979
42.80000000000034 567.5504442968966
42.90000000000034 567.5504442968952
43.00000000000034 567.5504442968939
43.10000000000034 567.5504442968926
43.20000000000034 567.5504442968912
43.30000000000035 567.55044429689
43.40000000000035 567.5504442968886
43.50000000000035 567.5504442968872
43.60000000000035 567.550444296886
43.70000000000035 567.5504442968846
43.80000000000035 567.5504442968833
43.90000000000035 567.550444296882
44.00000000000036 567.5504442968806
44.10000000000036 567.5504442968793
44.20000000000036 567.550444296878
44.30000000000036 567.5504442968767
44.40000000000036 567.5504442968753
44.50000000000036 567.550444296874
44.60000000000036 567.5504442968727
44.70000000000037 567.5504442968713
44.80000000000037 567.5504442968701
44.90000000000037 567.5504442968687
45.00000000000037 567.5504442968673
45.10000000000037 567.5504442968661
45.20000000000037 567.5504442968647
45.30000000000037 567.5504442968634
45.40000000000038 567.5504442968621
45.50000000000038 567.5504442968607
45.60000000000038 567.5504442968594
45.70000000000038 567.5504442968581
45.80000000000038 567.5504442968568
45.90000000000038 567.5504442968555
46.00000000000038 567.5504442968542
46.10000000000039 567.5504442968528
46.20000000000039 567.5504442968515
46.30000000000039 567.5504442968502
46.40000000000039 567.5504442968488
46.50000000000039 567.5504442968476
46.60000000000039 567.5504442968462
46.70000000000039 567.5504442968448
46.8000000000004 567.5504442968436
46.9000000000004 567.5504442968422
47.0000000000004 567.5504442968409
47.1000000000004 567.5504442968396
47.2000000000004 567.5504442968382
47.3000000000004 567.5504442968369
47.4000000000004 567.5504442968356
47.50000000000041 567.5504442968343
47.60000000000041 567.5504442968329
47.70000000000041 567.5504442968316
47.80000000000041 567.5504442968303
47.90000000000041 567.5504442968289
48.00000000000041 567.5504442968277
48.10000000000041 567.5504442968263
48.20000000000041 567.5504442968249
48.30000000000042 567.5504442968237
48.40000000000042 567.5504442968223
48.50000000000042 567.550444296821
48.60000000000042 567.5504442968197
48.70000000000042 567.5504442968183
48.80000000000042 567.550444296817
48.90000000000042 567.5504442968157
49.00000000000043 567.5504442968144
49.10000000000043 567.550444296813
49.20000000000043 567.5504442968117
49.30000000000043 567.5504442968104
49.40000000000043 567.550444296809
49.50000000000043 567.5504442968078
49.60000000000043 567.5504442968064
49.70000000000044 567.550444296805
49.80000000000044 567.5504442968038
49.90000000000044 567.5504442968024