Time X1
0 250
0.1 250.4958100658997
0.2 251.0383743997342
0.3 251.6319587573314
0.4 252.2820330447774
0.5 252.9940933988257
0.6 253.7742934786042
0.7 254.6294210406366
0.7999999999999999 255.5670256538367
0.8999999999999999 256.5954969047352
0.9999999999999999 257.7242259492472
1.1 258.9636148406465
1.2 260.3252586166765
1.3 261.8220476874353
1.4 263.4683547933045
1.5 265.2802547916339
1.6 267.2758203307203
1.7 269.4750803233341
1.8 271.9006340506141
1.900000000000001 274.5777198884614
2 277.534609488854
2.100000000000001 280.8030625928935
2.200000000000001 284.4185389063042
2.300000000000001 288.4205264877997
2.400000000000001 292.8529303240734
2.500000000000001 297.7643298629704
2.600000000000001 303.2080591968034
2.700000000000001 309.241906191008
2.800000000000001 315.9282145887809
2.900000000000001 323.3315753195766
3.000000000000001 331.5175942405694
3.100000000000001 340.5494470662484
3.200000000000002 350.483087584356
3.300000000000002 361.360534000629
3.400000000000002 373.2007123619015
3.500000000000002 385.9882787005097
3.600000000000002 399.6618577756085
3.700000000000002 414.1009540541887
3.800000000000002 429.1180304302214
3.900000000000002 444.4578620767446
4.000000000000002 459.8070414187459
4.100000000000001 474.8157865816575
4.200000000000001 489.1334361393668
4.300000000000001 502.445381330503
4.4 514.5082224033491
4.5 525.1710814884507
4.6 534.3805029638551
4.699999999999999 542.1693667165222
4.799999999999999 548.6368781793509
4.899999999999999 553.9231594754268
4.999999999999998 558.1872054567702
5.099999999999998 561.5893150670626
5.199999999999998 564.2796987920201
5.299999999999997 566.3924497996352
5.399999999999997 568.0420263228107
5.499999999999996 569.3250425755929
5.599999999999996 570.319470521937
5.699999999999996 571.0879434890652
5.799999999999995 571.6798242262722
5.899999999999995 572.1354041810697
5.999999999999995 572.4858740318157
6.099999999999994 572.7551356966948
6.199999999999994 572.9617081010272
6.299999999999994 573.1201778719203
6.399999999999993 573.2417140792087
6.499999999999993 573.3348843914868
6.599999999999993 573.4063265604702
6.699999999999992 573.4609986237501
6.799999999999992 573.5028651859559
6.899999999999991 573.5349014785244
6.999999999999991 573.5594700543066
7.099999999999991 573.5783098744341
7.19999999999999 573.5927464667162
7.29999999999999 573.6037750978156
7.39999999999999 573.612212640795
7.499999999999989 573.6186680494803
7.599999999999989 573.6236179648301
7.699999999999989 573.6274305514592
7.799999999999988 573.6303837091142
7.899999999999988 573.6327877295322
7.999999999999988 573.6343917177189
8.099999999999987 573.6356964853558
8.199999999999987 573.6367272082927
8.299999999999986 573.6374967006741
8.399999999999986 573.6380686903823
8.499999999999986 573.6384991115905
8.599999999999985 573.6388168153483
8.699999999999985 573.6390670110101
8.799999999999985 573.6392581032798
8.899999999999984 573.6394109767612
8.999999999999984 573.6395290392409
9.099999999999984 573.6396226949174
9.199999999999983 573.6396940380936
9.299999999999983 573.6397499916603
9.399999999999983 573.6397923444551
9.499999999999982 573.6398252926842
9.599999999999982 573.6398504938195
9.699999999999982 573.6398699881903
9.799999999999981 573.6398851263078
9.899999999999981 573.6398967538493
9.99999999999998 573.6399058725126
10.09999999999998 573.6399128224808
10.19999999999998 573.6399182956824
10.29999999999998 573.6399248037256
10.39999999999998 573.6399316788446
10.49999999999998 573.6399376733287
10.59999999999998 573.639942787178
10.69999999999998 573.6399470203927
10.79999999999998 573.6399503729725
10.89999999999998 573.6399528449176
10.99999999999998 573.6399544362279
11.09999999999998 573.6399551469034
11.19999999999998 573.6399549769442
11.29999999999998 573.6399539263502
11.39999999999998 573.6399519951215
11.49999999999998 573.639949183258
11.59999999999997 573.6399498308937
11.69999999999997 573.6399504469216
11.79999999999997 573.6399508473786
11.89999999999997 573.6399510322644
11.99999999999997 573.6399510015793
12.09999999999997 573.6399507553231
12.19999999999997 573.6399502934958
12.29999999999997 573.6399496160975
12.39999999999997 573.6399487231281
12.49999999999997 573.6399476145878
12.59999999999997 573.6399462904762
12.69999999999997 573.6399447507938
12.79999999999997 573.6399432221565
12.89999999999997 573.639942819781
12.99999999999997 573.6399424174056
13.09999999999997 573.6399420150301
13.19999999999997 573.6399416126546
13.29999999999997 573.6399412102792
13.39999999999997 573.6399408079037
13.49999999999997 573.6399404055283
13.59999999999997 573.6399400031528
13.69999999999997 573.6399396007773
13.79999999999997 573.6399391984019
13.89999999999997 573.6399387960264
13.99999999999997 573.6399383936509
14.09999999999997 573.6399382145652
14.19999999999997 573.6399382030306
14.29999999999997 573.6399381914962
14.39999999999996 573.6399381799617
14.49999999999996 573.6399381684273
14.59999999999996 573.6399381568928
14.69999999999996 573.6399381453583
14.79999999999996 573.6399381338239
14.89999999999996 573.6399381222894
14.99999999999996 573.6399381107549
15.09999999999996 573.6399380992204
15.19999999999996 573.639938087686
15.29999999999996 573.6399380761515
15.39999999999996 573.639938064617
15.49999999999996 573.6399380530826
15.59999999999996 573.6399380415481
15.69999999999996 573.6399380300136
15.79999999999996 573.6399380184791
15.89999999999996 573.6399380069447
15.99999999999996 573.6399379954103
16.09999999999996 573.6399379838757
16.19999999999996 573.6399379723413
16.29999999999996 573.6399379608068
16.39999999999996 573.6399379492723
16.49999999999996 573.6399379377378
16.59999999999997 573.6399379262034
16.69999999999997 573.639937914669
16.79999999999997 573.6399379031344
16.89999999999997 573.6399378916
16.99999999999997 573.6399378800655
17.09999999999997 573.6399378685311
17.19999999999997 573.6399378569965
17.29999999999998 573.6399378454621
17.39999999999998 573.6399378339277
17.49999999999998 573.6399378223931
17.59999999999998 573.6399378108587
17.69999999999998 573.6399377993242
17.79999999999998 573.6399377877898
17.89999999999998 573.6399377762552
17.99999999999999 573.6399377647208
18.09999999999999 573.6399377531864
18.19999999999999 573.6399377416519
18.29999999999999 573.6399377301174
18.39999999999999 573.6399377185829
18.49999999999999 573.6399377070485
18.59999999999999 573.6399376955139
18.7 573.6399376839795
18.8 573.6399376724451
18.9 573.6399376609106
19 573.6399376493761
19.1 573.6399376378416
19.2 573.6399376263072
19.3 573.6399376147727
19.40000000000001 573.6399376032382
19.50000000000001 573.6399375917038
19.60000000000001 573.6399375801693
19.70000000000001 573.6399375686348
19.80000000000001 573.6399375571003
19.90000000000001 573.6399375455659
20.00000000000001 573.6399375340314
20.10000000000002 573.6399375224969
20.20000000000002 573.6399375109625
20.30000000000002 573.639937499428
20.40000000000002 573.6399374878936
20.50000000000002 573.639937476359
20.60000000000002 573.6399374648246
20.70000000000002 573.6399374532901
20.80000000000003 573.6399374417556
20.90000000000003 573.6399374302212
21.00000000000003 573.6399374186867
21.10000000000003 573.6399374071523
21.20000000000003 573.6399373956177
21.30000000000003 573.6399373840833
21.40000000000003 573.6399373725488
21.50000000000004 573.6399373610144
21.60000000000004 573.6399373494799
21.70000000000004 573.6399373379454
21.80000000000004 573.639937326411
21.90000000000004 573.6399373148764
22.00000000000004 573.639937303342
22.10000000000004 573.6399372918075
22.20000000000005 573.6399372802731
22.30000000000005 573.6399372687385
22.40000000000005 573.6399372572041
22.50000000000005 573.6399372456697
22.60000000000005 573.6399372341352
22.70000000000005 573.6399372226007
22.80000000000005 573.6399372110662
22.90000000000006 573.6399371995318
23.00000000000006 573.6399371879972
23.10000000000006 573.6399371764628
23.20000000000006 573.6399371649284
23.30000000000006 573.6399371533939
23.40000000000006 573.6399371418594
23.50000000000006 573.6399371303249
23.60000000000007 573.6399371187905
23.70000000000007 573.6399371072561
23.80000000000007 573.6399370957215
23.90000000000007 573.6399370841871
24.00000000000007 573.6399370726526
24.10000000000007 573.6399370611181
24.20000000000007 573.6399370495836
24.30000000000008 573.6399370380492
24.40000000000008 573.6399370265148
24.50000000000008 573.6399370149802
24.60000000000008 573.6399370034458
24.70000000000008 573.6399369919113
24.80000000000008 573.6399369803769
24.90000000000008 573.6399369688423
25.00000000000009 573.6399369573079
25.10000000000009 573.6399369457735
25.20000000000009 573.6399369342389
25.30000000000009 573.6399369227045
25.40000000000009 573.63993691117
25.50000000000009 573.6399368996356
25.60000000000009 573.639936888101
25.7000000000001 573.6399368765666
25.8000000000001 573.6399368650322
25.9000000000001 573.6399368534977
26.0000000000001 573.6399368419632
26.1000000000001 573.6399368304287
26.2000000000001 573.6399368188943
26.3000000000001 573.6399368073597
26.40000000000011 573.6399367958253
26.50000000000011 573.6399367842909
26.60000000000011 573.6399367727564
26.70000000000011 573.6399367612219
26.80000000000011 573.639936756931
26.90000000000011 573.6399367566003
27.00000000000011 573.6399367562694
27.10000000000012 573.6399367559387
27.20000000000012 573.639936755608
27.30000000000012 573.6399367552773
27.40000000000012 573.6399367549466
27.50000000000012 573.6399367546157
27.60000000000012 573.639936754285
27.70000000000012 573.6399367539543
27.80000000000013 573.6399367536236
27.90000000000013 573.6399367532928
28.00000000000013 573.6399367529621
28.10000000000013 573.6399367526313
28.20000000000013 573.6399367523006
28.30000000000013 573.6399367519699
28.40000000000013 573.6399367516391
28.50000000000014 573.6399367513084
28.60000000000014 573.6399367509777
28.70000000000014 573.6399367506469
28.80000000000014 573.6399367503162
28.90000000000014 573.6399367499854
29.00000000000014 573.6399367496547
29.10000000000014 573.639936749324
29.20000000000014 573.6399367489933
29.30000000000015 573.6399367486625
29.40000000000015 573.6399367483317
29.50000000000015 573.639936748001
29.60000000000015 573.6399367476703
29.70000000000015 573.6399367473396
29.80000000000015 573.6399367470088
29.90000000000015 573.639936746678
30.00000000000016 573.6399367463473
30.10000000000016 573.6399367460166
30.20000000000016 573.6399367456859
30.30000000000016 573.639936745355
30.40000000000016 573.6399367450243
30.50000000000016 573.6399367446936
30.60000000000016 573.6399367443629
30.70000000000017 573.6399367440322
30.80000000000017 573.6399367437014
30.90000000000017 573.6399367433706
31.00000000000017 573.6399367430399
31.10000000000017 573.6399367427092
31.20000000000017 573.6399367423785
31.30000000000017 573.6399367420477
31.40000000000018 573.639936741717
31.50000000000018 573.6399367413862
31.60000000000018 573.6399367410555
31.70000000000018 573.6399367407248
31.80000000000018 573.639936740394
31.90000000000018 573.6399367400633
32.00000000000018 573.6399367397325
32.10000000000019 573.6399367394018
32.20000000000019 573.6399367390711
32.30000000000019 573.6399367387403
32.40000000000019 573.6399367384096
32.50000000000019 573.6399367380789
32.60000000000019 573.6399367377481
32.70000000000019 573.6399367374173
32.8000000000002 573.6399367370866
32.9000000000002 573.6399367367559
33.0000000000002 573.6399367364252
33.1000000000002 573.6399367360945
33.2000000000002 573.6399367357636
33.3000000000002 573.6399367354329
33.4000000000002 573.6399367351022
33.50000000000021 573.6399367347715
33.60000000000021 573.6399367344408
33.70000000000021 573.6399367341099
33.80000000000021 573.6399367337792
33.90000000000021 573.6399367334485
34.00000000000021 573.6399367331178
34.10000000000021 573.6399367327871
34.20000000000022 573.6399367324562
34.30000000000022 573.6399367321255
34.40000000000022 573.6399367317948
34.50000000000022 573.6399367314641
34.60000000000022 573.6399367311334
34.70000000000022 573.6399367308026
34.80000000000022 573.6399367304718
34.90000000000023 573.6399367301411
35.00000000000023 573.6399367298104
35.10000000000023 573.6399367294796
35.20000000000023 573.6399367291489
35.30000000000023 573.6399367288182
35.40000000000023 573.6399367284874
35.50000000000023 573.6399367281567
35.60000000000024 573.6399367278259
35.70000000000024 573.6399367274952
35.80000000000024 573.6399367271645
35.90000000000024 573.6399367268338
36.00000000000024 573.639936726503
36.10000000000024 573.6399367261722
36.20000000000024 573.6399367258415
36.30000000000025 573.6399367255108
36.40000000000025 573.6399367251801
36.50000000000025 573.6399367248493
36.60000000000025 573.6399367245185
36.70000000000025 573.6399367241878
36.80000000000025 573.6399367238571
36.90000000000025 573.6399367235264
37.00000000000026 573.6399367231957
37.10000000000026 573.6399367228648
37.20000000000026 573.6399367225341
37.30000000000026 573.6399367222034
37.40000000000026 573.6399367218727
37.50000000000026 573.6399367215419
37.60000000000026 573.6399367212111
37.70000000000027 573.6399367208804
37.80000000000027 573.6399367205497
37.90000000000027 573.639936720219
38.00000000000027 573.6399367198882
38.10000000000027 573.6399367195575
38.20000000000027 573.6399367192267
38.30000000000027 573.639936718896
38.40000000000028 573.6399367185653
38.50000000000028 573.6399367182345
38.60000000000028 573.6399367179038
38.70000000000028 573.6399367175731
38.80000000000028 573.6399367172423
38.90000000000028 573.6399367169116
39.00000000000028 573.6399367165808
39.10000000000029 573.6399367162501
39.20000000000029 573.6399367159194
39.30000000000029 573.6399367155886
39.40000000000029 573.6399367152579
39.50000000000029 573.6399367151652
39.60000000000029 573.6399367151643
39.70000000000029 573.6399367151632
39.8000000000003 573.6399367151623
39.9000000000003 573.6399367151613
40.0000000000003 573.6399367151604
40.1000000000003 573.6399367151594
40.2000000000003 573.6399367151583
40.3000000000003 573.6399367151574
40.4000000000003 573.6399367151564
40.50000000000031 573.6399367151555
40.60000000000031 573.6399367151545
40.70000000000031 573.6399367151536
40.80000000000031 573.6399367151525
40.90000000000031 573.6399367151515
41.00000000000031 573.6399367151506
41.10000000000031 573.6399367151496
41.20000000000032 573.6399367151487
41.30000000000032 573.6399367151477
41.40000000000032 573.6399367151467
41.50000000000032 573.6399367151457
41.60000000000032 573.6399367151447
41.70000000000032 573.6399367151438
41.80000000000032 573.6399367151428
41.90000000000033 573.6399367151419
42.00000000000033 573.6399367151408
42.10000000000033 573.6399367151399
42.20000000000033 573.6399367151389
42.30000000000033 573.639936715138
42.40000000000033 573.639936715137
42.50000000000033 573.6399367151359
42.60000000000034 573.639936715135
42.70000000000034 573.639936715134
42.80000000000034 573.6399367151331
42.90000000000034 573.6399367151321
43.00000000000034 573.6399367151312
43.10000000000034 573.6399367151301
43.20000000000034 573.6399367151291
43.30000000000035 573.6399367151282
43.40000000000035 573.6399367151272
43.50000000000035 573.6399367151263
43.60000000000035 573.6399367151253
43.70000000000035 573.6399367151243
43.80000000000035 573.6399367151233
43.90000000000035 573.6399367151223
44.00000000000036 573.6399367151214
44.10000000000036 573.6399367151204
44.20000000000036 573.6399367151195
44.30000000000036 573.6399367151184
44.40000000000036 573.6399367151175
44.50000000000036 573.6399367151165
44.60000000000036 573.6399367151155
44.70000000000037 573.6399367151146
44.80000000000037 573.6399367151135
44.90000000000037 573.6399367151126
45.00000000000037 573.6399367151116
45.10000000000037 573.6399367151107
45.20000000000037 573.6399367151097
45.30000000000037 573.6399367151088
45.40000000000038 573.6399367151078
45.50000000000038 573.6399367151067
45.60000000000038 573.6399367151058
45.70000000000038 573.6399367151048
45.80000000000038 573.6399367151039
45.90000000000038 573.6399367151029
46.00000000000038 573.639936715102
46.10000000000039 573.6399367151009
46.20000000000039 573.6399367150999
46.30000000000039 573.639936715099
46.40000000000039 573.639936715098
46.50000000000039 573.6399367150971
46.60000000000039 573.639936715096
46.70000000000039 573.6399367150951
46.8000000000004 573.6399367150941
46.9000000000004 573.6399367150931
47.0000000000004 573.6399367150922
47.1000000000004 573.6399367150912
47.2000000000004 573.6399367150902
47.3000000000004 573.6399367150892
47.4000000000004 573.6399367150883
47.50000000000041 573.6399367150873
47.60000000000041 573.6399367150863
47.70000000000041 573.6399367150854
47.80000000000041 573.6399367150843
47.90000000000041 573.6399367150834
48.00000000000041 573.6399367150824
48.10000000000041 573.6399367150815
48.20000000000041 573.6399367150805
48.30000000000042 573.6399367150796
48.40000000000042 573.6399367150785
48.50000000000042 573.6399367150775
48.60000000000042 573.6399367150766
48.70000000000042 573.6399367150756
48.80000000000042 573.6399367150747
48.90000000000042 573.6399367150736
49.00000000000043 573.6399367150727
49.10000000000043 573.6399367150717
49.20000000000043 573.6399367150707
49.30000000000043 573.6399367150698
49.40000000000043 573.6399367150688
49.50000000000043 573.6399367150678
49.60000000000043 573.6399367150668
49.70000000000044 573.6399367150659
49.80000000000044 573.6399367150649
49.90000000000044 573.6399367150639