Time X1
0 250
0.1 250.2213691898728
0.2 250.4629566329145
0.3 250.7268143143304
0.4 251.0146434628347
0.5 251.3290727227622
0.6 251.6725514229449
0.7 252.0477469931121
0.7999999999999999 252.4577591883633
0.8999999999999999 252.9056761820061
0.9999999999999999 253.3952922880615
1.1 253.9305266476578
1.2 254.5158191954418
1.3 255.1560416996128
1.4 255.8565530413067
1.5 256.6232861669991
1.6 257.4627753649144
1.7 258.3821956400594
1.8 259.3896301227863
1.900000000000001 260.4938571878271
2 261.7048504459243
2.100000000000001 263.0334099830145
2.200000000000001 264.4917398345116
2.300000000000001 266.0933637915312
2.400000000000001 267.8533063711283
2.500000000000001 269.7883854188447
2.600000000000001 271.9173448785489
2.700000000000001 274.2610768520971
2.800000000000001 276.8428237542068
2.900000000000001 279.6885361377343
3.000000000000001 282.8271754311234
3.100000000000001 286.2908608970251
3.200000000000002 290.1153141363251
3.300000000000002 294.3400315652107
3.400000000000002 299.0083212882907
3.500000000000002 304.1675242315265
3.600000000000002 309.8690341897071
3.700000000000002 316.1669928436093
3.800000000000002 323.1180532616131
3.900000000000002 330.7791810177334
4.000000000000002 339.2059150553673
4.100000000000001 348.4467634063303
4.200000000000001 358.5391115885138
4.300000000000001 369.5018822510844
4.4 381.3266439797437
4.5 393.9675109878413
4.6 407.3318385126688
4.699999999999999 421.2723406230261
4.799999999999999 435.5836526117014
4.899999999999999 450.0089357593965
4.999999999999998 464.2538123190616
5.099999999999998 478.0103485855922
5.199999999999998 490.987643062257
5.299999999999997 502.9415629223199
5.399999999999997 513.6977243836369
5.499999999999996 523.1625068373114
5.599999999999996 531.3210035374887
5.699999999999996 538.2244792720395
5.799999999999995 543.9720214333076
5.899999999999995 548.6911639358287
5.999999999999995 552.5209452630021
6.099999999999994 555.5992454697466
6.199999999999994 558.0539037863047
6.299999999999994 559.9989297134771
6.399999999999993 561.5323784579944
6.499999999999993 562.7364781761773
6.599999999999993 563.6789376123795
6.699999999999992 564.4147792192942
6.799999999999992 564.9881811128696
6.899999999999991 565.4343121146168
6.999999999999991 565.7809943940708
7.099999999999991 566.0501700547137
7.19999999999999 566.2590173427265
7.29999999999999 566.4209523983661
7.39999999999999 566.5464559583611
7.499999999999989 566.6437048804906
7.599999999999989 566.7190296536676
7.699999999999989 566.7773572955285
7.799999999999988 566.8225595244354
7.899999999999988 566.8575504645748
7.999999999999988 566.8846215447702
8.099999999999987 566.9055450482641
8.199999999999987 566.9218093222435
8.299999999999986 566.9342970552158
8.399999999999986 566.9440041565254
8.499999999999986 566.951495645632
8.599999999999985 566.9572976838801
8.699999999999985 566.9617791138377
8.799999999999985 566.965297435794
8.899999999999984 566.9680213440113
8.999999999999984 566.9701960023634
9.099999999999984 566.9717704921851
9.199999999999983 566.9730409383606
9.299999999999983 566.9740373343857
9.399999999999983 566.9747732331442
9.499999999999982 566.9753410194305
9.599999999999982 566.9757623943129
9.699999999999982 566.9760877613686
9.799999999999981 566.9763430060416
9.899999999999981 566.9765419497608
9.99999999999998 566.9767020149352
10.09999999999998 566.9768268148939
10.19999999999998 566.9769267823963
10.29999999999998 566.9770035924375
10.39999999999998 566.9770645240437
10.49999999999998 566.9771111715283
10.59999999999998 566.9771477333771
10.69999999999998 566.977176178198
10.79999999999998 566.9771981704091
10.89999999999998 566.9772156069012
10.99999999999998 566.9772289953511
11.09999999999998 566.9772396894755
11.19999999999998 566.9772478898525
11.29999999999998 566.9772544199845
11.39999999999998 566.9772603366259
11.49999999999998 566.9772680296292
11.59999999999997 566.9772747975375
11.69999999999997 566.9772806403507
11.79999999999997 566.9772855580691
11.89999999999997 566.9772895506925
11.99999999999997 566.9772926182209
12.09999999999997 566.9772947606543
12.19999999999997 566.9772959779929
12.29999999999997 566.9772962702364
12.39999999999997 566.9772956373851
12.49999999999997 566.9772940794386
12.59999999999997 566.9772915963973
12.69999999999997 566.977290971664
12.79999999999997 566.9772917627444
12.89999999999997 566.977292319064
12.99999999999997 566.9772926406229
13.09999999999997 566.9772927274211
13.19999999999997 566.9772925794585
13.29999999999997 566.9772921967353
13.39999999999997 566.9772915792514
13.49999999999997 566.9772907270069
13.59999999999997 566.9772896400016
13.69999999999997 566.9772883182357
13.79999999999997 566.977286761709
13.89999999999997 566.9772849704217
13.99999999999997 566.9772846026773
14.09999999999997 566.9772841440528
14.19999999999997 566.9772836854282
14.29999999999997 566.9772832268037
14.39999999999996 566.9772827681792
14.49999999999996 566.9772823095547
14.59999999999996 566.97728185093
14.69999999999996 566.9772813923055
14.79999999999996 566.977280933681
14.89999999999996 566.9772804750564
14.99999999999996 566.9772800164319
15.09999999999996 566.9772795578074
15.19999999999996 566.9772792567973
15.29999999999996 566.9772792430523
15.39999999999996 566.9772792293072
15.49999999999996 566.9772792155622
15.59999999999996 566.9772792018172
15.69999999999996 566.9772791880722
15.79999999999996 566.9772791743271
15.89999999999996 566.9772791605822
15.99999999999996 566.9772791468371
16.09999999999996 566.9772791330921
16.19999999999996 566.977279119347
16.29999999999996 566.9772791056021
16.39999999999996 566.977279091857
16.49999999999996 566.977279078112
16.59999999999997 566.9772790643669
16.69999999999997 566.977279050622
16.79999999999997 566.9772790368769
16.89999999999997 566.9772790231319
16.99999999999997 566.9772790093868
17.09999999999997 566.9772789956419
17.19999999999997 566.9772789818969
17.29999999999998 566.9772789681518
17.39999999999998 566.9772789544069
17.49999999999998 566.9772789406618
17.59999999999998 566.9772789269168
17.69999999999998 566.9772789131717
17.79999999999998 566.9772788994268
17.89999999999998 566.9772788856817
17.99999999999999 566.9772788719367
18.09999999999999 566.9772788581917
18.19999999999999 566.9772788444467
18.29999999999999 566.9772788307016
18.39999999999999 566.9772788169566
18.49999999999999 566.9772788032116
18.59999999999999 566.9772787894666
18.7 566.9772787757215
18.8 566.9772787619765
18.9 566.9772787482315
19 566.9772787344865
19.1 566.9772787207415
19.2 566.9772787069965
19.3 566.9772786932515
19.40000000000001 566.9772786795064
19.50000000000001 566.9772786657614
19.60000000000001 566.9772786520164
19.70000000000001 566.9772786382714
19.80000000000001 566.9772786245263
19.90000000000001 566.9772786107814
20.00000000000001 566.9772785970363
20.10000000000002 566.9772785832913
20.20000000000002 566.9772785695462
20.30000000000002 566.9772785558013
20.40000000000002 566.9772785420562
20.50000000000002 566.9772785283112
20.60000000000002 566.9772785145661
20.70000000000002 566.9772785008212
20.80000000000003 566.9772784870761
20.90000000000003 566.9772784733311
21.00000000000003 566.977278459586
21.10000000000003 566.9772784458411
21.20000000000003 566.9772784320961
21.30000000000003 566.977278418351
21.40000000000003 566.9772784046061
21.50000000000004 566.977278390861
21.60000000000004 566.977278377116
21.70000000000004 566.9772783633709
21.80000000000004 566.977278349626
21.90000000000004 566.9772783358809
22.00000000000004 566.9772783221359
22.10000000000004 566.9772783083909
22.20000000000005 566.9772782946459
22.30000000000005 566.9772782809008
22.40000000000005 566.9772782671558
22.50000000000005 566.9772782534108
22.60000000000005 566.9772782396658
22.70000000000005 566.9772782259207
22.80000000000005 566.9772782121757
22.90000000000006 566.9772781984307
23.00000000000006 566.9772781846857
23.10000000000006 566.9772781709406
23.20000000000006 566.9772781571957
23.30000000000006 566.9772781434507
23.40000000000006 566.9772781297056
23.50000000000006 566.9772781159606
23.60000000000007 566.9772781022156
23.70000000000007 566.9772780884706
23.80000000000007 566.9772780747255
23.90000000000007 566.9772780609806
24.00000000000007 566.9772780472355
24.10000000000007 566.9772780334905
24.20000000000007 566.9772780197454
24.30000000000008 566.9772780060005
24.40000000000008 566.9772779922554
24.50000000000008 566.9772779785104
24.60000000000008 566.9772779647653
24.70000000000008 566.9772779510204
24.80000000000008 566.9772779372753
24.90000000000008 566.9772779235303
25.00000000000009 566.9772779097852
25.10000000000009 566.9772778960403
25.20000000000009 566.9772778822952
25.30000000000009 566.9772778685502
25.40000000000009 566.9772778548053
25.50000000000009 566.9772778410602
25.60000000000009 566.9772778273152
25.7000000000001 566.9772778135701
25.8000000000001 566.9772777998252
25.9000000000001 566.9772777860801
26.0000000000001 566.9772777723351
26.1000000000001 566.97727775859
26.2000000000001 566.9772777448451
26.3000000000001 566.9772777311
26.40000000000011 566.977277717355
26.50000000000011 566.97727770361
26.60000000000011 566.977277689865
26.70000000000011 566.9772776761199
26.80000000000011 566.9772776623749
26.90000000000011 566.9772776486299
27.00000000000011 566.9772776348849
27.10000000000012 566.9772776211398
27.20000000000012 566.9772776073949
27.30000000000012 566.9772775936498
27.40000000000012 566.9772775799048
27.50000000000012 566.9772775661598
27.60000000000012 566.9772775524148
27.70000000000012 566.9772775386698
27.80000000000013 566.9772775259868
27.90000000000013 566.9772775255748
28.00000000000013 566.9772775251627
28.10000000000013 566.9772775247507
28.20000000000013 566.9772775243385
28.30000000000013 566.9772775239265
28.40000000000013 566.9772775235144
28.50000000000014 566.9772775231024
28.60000000000014 566.9772775226904
28.70000000000014 566.9772775222783
28.80000000000014 566.9772775218663
28.90000000000014 566.9772775214542
29.00000000000014 566.9772775210422
29.10000000000014 566.9772775206302
29.20000000000014 566.9772775202181
29.30000000000015 566.9772775198061
29.40000000000015 566.977277519394
29.50000000000015 566.977277518982
29.60000000000015 566.9772775185698
29.70000000000015 566.9772775181578
29.80000000000015 566.9772775177458
29.90000000000015 566.9772775173337
30.00000000000016 566.9772775169217
30.10000000000016 566.9772775165096
30.20000000000016 566.9772775160976
30.30000000000016 566.9772775156855
30.40000000000016 566.9772775152735
30.50000000000016 566.9772775148615
30.60000000000016 566.9772775144494
30.70000000000017 566.9772775140374
30.80000000000017 566.9772775136253
30.90000000000017 566.9772775132133
31.00000000000017 566.9772775128012
31.10000000000017 566.9772775123892
31.20000000000017 566.9772775119771
31.30000000000017 566.977277511565
31.40000000000018 566.977277511153
31.50000000000018 566.9772775107409
31.60000000000018 566.9772775103289
31.70000000000018 566.9772775099169
31.80000000000018 566.9772775095048
31.90000000000018 566.9772775090928
32.00000000000018 566.9772775086807
32.10000000000019 566.9772775082687
32.20000000000019 566.9772775078566
32.30000000000019 566.9772775074446
32.40000000000019 566.9772775070326
32.50000000000019 566.9772775066205
32.60000000000019 566.9772775062085
32.70000000000019 566.9772775057963
32.8000000000002 566.9772775053843
32.9000000000002 566.9772775049722
33.0000000000002 566.9772775045602
33.1000000000002 566.9772775041482
33.2000000000002 566.9772775037361
33.3000000000002 566.9772775033241
33.4000000000002 566.977277502912
33.50000000000021 566.9772775025
33.60000000000021 566.9772775020879
33.70000000000021 566.9772775016759
33.80000000000021 566.9772775012639
33.90000000000021 566.9772775008518
34.00000000000021 566.9772775004398
34.10000000000021 566.9772775000276
34.20000000000022 566.9772774996156
34.30000000000022 566.9772774992035
34.40000000000022 566.9772774987915
34.50000000000022 566.9772774983795
34.60000000000022 566.9772774979674
34.70000000000022 566.9772774975554
34.80000000000022 566.9772774971433
34.90000000000023 566.9772774967313
35.00000000000023 566.9772774963193
35.10000000000023 566.9772774959072
35.20000000000023 566.9772774954952
35.30000000000023 566.9772774950831
35.40000000000023 566.9772774946711
35.50000000000023 566.9772774942589
35.60000000000024 566.9772774938469
35.70000000000024 566.9772774934349
35.80000000000024 566.9772774930228
35.90000000000024 566.9772774926108
36.00000000000024 566.9772774921987
36.10000000000024 566.9772774917867
36.20000000000024 566.9772774913746
36.30000000000025 566.9772774909626
36.40000000000025 566.9772774905506
36.50000000000025 566.9772774901385
36.60000000000025 566.9772774897265
36.70000000000025 566.9772774893144
36.80000000000025 566.9772774889024
36.90000000000025 566.9772774884902
37.00000000000026 566.9772774880782
37.10000000000026 566.9772774876662
37.20000000000026 566.9772774872541
37.30000000000026 566.9772774868421
37.40000000000026 566.97727748643
37.50000000000026 566.977277486018
37.60000000000026 566.977277485606
37.70000000000027 566.9772774851939
37.80000000000027 566.9772774847819
37.90000000000027 566.9772774843698
38.00000000000027 566.9772774839578
38.10000000000027 566.9772774835457
38.20000000000027 566.9772774831337
38.30000000000027 566.9772774827217
38.40000000000028 566.9772774823095
38.50000000000028 566.9772774818975
38.60000000000028 566.9772774814854
38.70000000000028 566.9772774810734
38.80000000000028 566.9772774806613
38.90000000000028 566.9772774802493
39.00000000000028 566.9772774798373
39.10000000000029 566.9772774794252
39.20000000000029 566.9772774790132
39.30000000000029 566.9772774786011
39.40000000000029 566.9772774781891
39.50000000000029 566.977277477777
39.60000000000029 566.977277477365
39.70000000000029 566.977277476953
39.8000000000003 566.9772774765408
39.9000000000003 566.9772774761288
40.0000000000003 566.9772774757167
40.1000000000003 566.9772774753047
40.2000000000003 566.9772774748926
40.3000000000003 566.9772774744806
40.4000000000003 566.9772774740686
40.50000000000031 566.9772774739872
40.60000000000031 566.977277473986
40.70000000000031 566.9772774739847
40.80000000000031 566.9772774739835
40.90000000000031 566.9772774739821
41.00000000000031 566.9772774739808
41.10000000000031 566.9772774739796
41.20000000000032 566.9772774739783
41.30000000000032 566.9772774739771
41.40000000000032 566.9772774739758
41.50000000000032 566.9772774739745
41.60000000000032 566.9772774739732
41.70000000000032 566.977277473972
41.80000000000032 566.9772774739707
41.90000000000033 566.9772774739695
42.00000000000033 566.9772774739682
42.10000000000033 566.9772774739669
42.20000000000033 566.9772774739656
42.30000000000033 566.9772774739644
42.40000000000033 566.9772774739631
42.50000000000033 566.9772774739619
42.60000000000034 566.9772774739606
42.70000000000034 566.9772774739592
42.80000000000034 566.977277473958
42.90000000000034 566.9772774739567
43.00000000000034 566.9772774739555
43.10000000000034 566.9772774739542
43.20000000000034 566.977277473953
43.30000000000035 566.9772774739516
43.40000000000035 566.9772774739504
43.50000000000035 566.9772774739491
43.60000000000035 566.9772774739479
43.70000000000035 566.9772774739466
43.80000000000035 566.9772774739454
43.90000000000035 566.977277473944
44.00000000000036 566.9772774739428
44.10000000000036 566.9772774739415
44.20000000000036 566.9772774739403
44.30000000000036 566.977277473939
44.40000000000036 566.9772774739378
44.50000000000036 566.9772774739364
44.60000000000036 566.9772774739351
44.70000000000037 566.9772774739339
44.80000000000037 566.9772774739326
44.90000000000037 566.9772774739314
45.00000000000037 566.9772774739301
45.10000000000037 566.9772774739288
45.20000000000037 566.9772774739275
45.30000000000037 566.9772774739263
45.40000000000038 566.977277473925
45.50000000000038 566.9772774739238
45.60000000000038 566.9772774739225
45.70000000000038 566.9772774739212
45.80000000000038 566.9772774739199
45.90000000000038 566.9772774739187
46.00000000000038 566.9772774739174
46.10000000000039 566.9772774739162
46.20000000000039 566.9772774739148
46.30000000000039 566.9772774739135
46.40000000000039 566.9772774739123
46.50000000000039 566.977277473911
46.60000000000039 566.9772774739098
46.70000000000039 566.9772774739085
46.8000000000004 566.9772774739072
46.9000000000004 566.9772774739059
47.0000000000004 566.9772774739047
47.1000000000004 566.9772774739034
47.2000000000004 566.9772774739022
47.3000000000004 566.9772774739009
47.4000000000004 566.9772774738996
47.50000000000041 566.9772774738983
47.60000000000041 566.9772774738971
47.70000000000041 566.9772774738958
47.80000000000041 566.9772774738946
47.90000000000041 566.9772774738933
48.00000000000041 566.9772774738919
48.10000000000041 566.9772774738907
48.20000000000041 566.9772774738894
48.30000000000042 566.9772774738882
48.40000000000042 566.9772774738869
48.50000000000042 566.9772774738857
48.60000000000042 566.9772774738843
48.70000000000042 566.9772774738831
48.80000000000042 566.9772774738818
48.90000000000042 566.9772774738806
49.00000000000043 566.9772774738793
49.10000000000043 566.9772774738781
49.20000000000043 566.9772774738767
49.30000000000043 566.9772774738755
49.40000000000043 566.9772774738742
49.50000000000043 566.977277473873
49.60000000000043 566.9772774738717
49.70000000000044 566.9772774738705
49.80000000000044 566.9772774738691
49.90000000000044 566.9772774738678