Time X1
0 250
0.1 250.3030043306913
0.2 250.6340220625444
0.3 250.9955599339435
0.4 251.3905383928324
0.5 251.8223964692635
0.6 252.2945040824293
0.7 252.8107818278158
0.7999999999999999 253.3754349678091
0.8999999999999999 253.9931731045233
0.9999999999999999 254.669131037303
1.1 255.4090862201093
1.2 256.2193908827807
1.3 257.1070559294649
1.4 258.0798728238852
1.5 259.146407053272
1.6 260.3162111588647
1.7 261.5998684572189
1.8 263.0092639768279
1.900000000000001 264.5574654452853
2 266.2590571577456
2.100000000000001 268.1304325821221
2.200000000000001 270.1897446023755
2.300000000000001 272.4573592934508
2.400000000000001 274.9560424109291
2.500000000000001 277.7111848852604
2.600000000000001 280.751076238665
2.700000000000001 284.1072747611417
2.800000000000001 287.8149414654045
2.900000000000001 291.9130265893722
3.000000000000001 296.4445462297418
3.100000000000001 301.4568352142299
3.200000000000002 307.0010185768858
3.300000000000002 313.132431255107
3.400000000000002 319.9093952452331
3.500000000000002 327.3912866795895
3.600000000000002 335.6368468356469
3.700000000000002 344.7004973037192
3.800000000000002 354.6273175334038
3.900000000000002 365.4464881474349
4.000000000000002 377.1617006638998
4.100000000000001 389.7423115468127
4.200000000000001 403.1120312959716
4.300000000000001 417.1383861510664
4.4 431.629390863603
4.5 446.3347884619652
4.6 460.9578368209087
4.699999999999999 475.1781090907741
4.799999999999999 488.6827067389041
4.899999999999999 501.1988369635991
4.999999999999998 512.521213747384
5.099999999999998 522.5280752795633
5.199999999999998 531.1828454794658
5.299999999999997 538.5229994996886
5.399999999999997 544.6423529199242
5.499999999999996 549.6691701322503
5.599999999999996 553.7475339400153
5.699999999999996 557.0224155799465
5.799999999999995 559.6299207028372
5.899999999999995 561.6922024103178
5.999999999999995 563.314643970606
6.099999999999994 564.5854688538159
6.199999999999994 565.5776207831049
6.299999999999994 566.35053434057
6.399999999999993 566.9510641442253
6.499999999999993 567.4164920617407
6.599999999999993 567.7771203056908
6.699999999999992 568.0563155729667
6.799999999999992 568.2722442848171
6.899999999999991 568.4391869478052
6.999999999999991 568.5680790446253
7.099999999999991 568.6676168022452
7.19999999999999 568.7444955002754
7.29999999999999 568.8038434551304
7.39999999999999 568.8496414734543
7.499999999999989 568.8849926193922
7.599999999999989 568.912296869579
7.699999999999989 568.9333337203303
7.799999999999988 568.9495593556799
7.899999999999988 568.9620608377694
7.999999999999988 568.9717235944357
8.099999999999987 568.9791845773661
8.199999999999987 568.9849706691782
8.299999999999986 568.9893886605953
8.399999999999986 568.9928119377346
8.499999999999986 568.995444547585
8.599999999999985 568.99748029732
8.699999999999985 568.999048818214
8.799999999999985 569.0002780060753
8.899999999999984 569.0012354867004
8.999999999999984 569.0020324802275
9.099999999999984 569.0025535307747
9.199999999999983 569.0029809966949
9.299999999999983 569.0033212727615
9.399999999999983 569.0035804331726
9.499999999999982 569.0037705771283
9.599999999999982 569.0039168826949
9.699999999999982 569.0040240068101
9.799999999999981 569.0041089719911
9.899999999999981 569.0041743775263
9.99999999999998 569.0042267375131
10.09999999999998 569.0042678866789
10.19999999999998 569.0043004562953
10.29999999999998 569.0043259579145
10.39999999999998 569.0043456387231
10.49999999999998 569.0043610984422
10.59999999999998 569.0043728224697
10.69999999999998 569.0043821106824
10.79999999999998 569.0043891677984
10.89999999999998 569.0043947726276
10.99999999999998 569.004400036678
11.09999999999998 569.0044067391417
11.19999999999998 569.0044126372688
11.29999999999998 569.0044177310596
11.39999999999998 569.0044220205137
11.49999999999998 569.0044255056315
11.59999999999997 569.0044281864127
11.69999999999997 569.0044300628574
11.79999999999997 569.0044311349657
11.89999999999997 569.0044314027375
11.99999999999997 569.0044308661727
12.09999999999997 569.0044295252716
12.19999999999997 569.0044273800338
12.29999999999997 569.0044262750864
12.39999999999997 569.0044269754911
12.49999999999997 569.0044274756178
12.59999999999997 569.0044277754666
12.69999999999997 569.0044278750374
12.79999999999997 569.0044277743302
12.89999999999997 569.0044274733451
12.99999999999997 569.004426972082
13.09999999999997 569.0044262705409
13.19999999999997 569.0044253687219
13.29999999999997 569.0044242666249
13.39999999999997 569.0044229642499
13.49999999999997 569.004421461597
13.59999999999997 569.0044205855493
13.69999999999997 569.0044201999096
13.79999999999997 569.0044198142699
13.89999999999997 569.0044194286302
13.99999999999997 569.0044190429904
14.09999999999997 569.0044186573508
14.19999999999997 569.0044182717111
14.29999999999997 569.0044178860713
14.39999999999996 569.0044175004316
14.49999999999996 569.004417114792
14.59999999999996 569.0044167291522
14.69999999999996 569.0044163435125
14.79999999999996 569.0044159578728
14.89999999999996 569.0044158725442
14.99999999999996 569.0044158612991
15.09999999999996 569.004415850054
15.19999999999996 569.0044158388089
15.29999999999996 569.0044158275637
15.39999999999996 569.0044158163186
15.49999999999996 569.0044158050734
15.59999999999996 569.0044157938282
15.69999999999996 569.0044157825831
15.79999999999996 569.004415771338
15.89999999999996 569.0044157600929
15.99999999999996 569.0044157488477
16.09999999999996 569.0044157376026
16.19999999999996 569.0044157263575
16.29999999999996 569.0044157151123
16.39999999999996 569.0044157038672
16.49999999999996 569.004415692622
16.59999999999997 569.0044156813769
16.69999999999997 569.0044156701317
16.79999999999997 569.0044156588866
16.89999999999997 569.0044156476415
16.99999999999997 569.0044156363963
17.09999999999997 569.0044156251512
17.19999999999997 569.0044156139061
17.29999999999998 569.0044156026609
17.39999999999998 569.0044155914157
17.49999999999998 569.0044155801706
17.59999999999998 569.0044155689255
17.69999999999998 569.0044155576803
17.79999999999998 569.0044155464352
17.89999999999998 569.0044155351901
17.99999999999999 569.0044155239449
18.09999999999999 569.0044155126998
18.19999999999999 569.0044155014547
18.29999999999999 569.0044154902096
18.39999999999999 569.0044154789643
18.49999999999999 569.0044154677192
18.59999999999999 569.0044154564741
18.7 569.0044154452289
18.8 569.0044154339838
18.9 569.0044154227387
19 569.0044154114935
19.1 569.0044154002484
19.2 569.0044153890033
19.3 569.0044153777582
19.40000000000001 569.0044153665129
19.50000000000001 569.0044153552678
19.60000000000001 569.0044153440227
19.70000000000001 569.0044153327775
19.80000000000001 569.0044153215324
19.90000000000001 569.0044153102873
20.00000000000001 569.0044152990422
20.10000000000002 569.004415287797
20.20000000000002 569.0044152765519
20.30000000000002 569.0044152653068
20.40000000000002 569.0044152540615
20.50000000000002 569.0044152428164
20.60000000000002 569.0044152315713
20.70000000000002 569.0044152203261
20.80000000000003 569.004415209081
20.90000000000003 569.0044151978359
21.00000000000003 569.0044151865908
21.10000000000003 569.0044151753456
21.20000000000003 569.0044151641005
21.30000000000003 569.0044151528554
21.40000000000003 569.0044151416101
21.50000000000004 569.004415130365
21.60000000000004 569.0044151191199
21.70000000000004 569.0044151078748
21.80000000000004 569.0044150966296
21.90000000000004 569.0044150853845
22.00000000000004 569.0044150741394
22.10000000000004 569.0044150628942
22.20000000000005 569.0044150516491
22.30000000000005 569.004415040404
22.40000000000005 569.0044150291587
22.50000000000005 569.0044150179136
22.60000000000005 569.0044150066685
22.70000000000005 569.0044149954234
22.80000000000005 569.0044149841782
22.90000000000006 569.0044149729331
23.00000000000006 569.004414961688
23.10000000000006 569.0044149504428
23.20000000000006 569.0044149391977
23.30000000000006 569.0044149279526
23.40000000000006 569.0044149167074
23.50000000000006 569.0044149054622
23.60000000000007 569.0044148942171
23.70000000000007 569.004414882972
23.80000000000007 569.0044148717268
23.90000000000007 569.0044148604817
24.00000000000007 569.0044148492366
24.10000000000007 569.0044148379915
24.20000000000007 569.0044148267463
24.30000000000008 569.0044148155011
24.40000000000008 569.004414804256
24.50000000000008 569.0044147930108
24.60000000000008 569.0044147817657
24.70000000000008 569.0044147705206
24.80000000000008 569.0044147592754
24.90000000000008 569.0044147480303
25.00000000000009 569.0044147367852
25.10000000000009 569.0044147255401
25.20000000000009 569.0044147142949
25.30000000000009 569.0044147030497
25.40000000000009 569.0044146918046
25.50000000000009 569.0044146805594
25.60000000000009 569.0044146693143
25.7000000000001 569.0044146580692
25.8000000000001 569.0044146468241
25.9000000000001 569.0044146355789
26.0000000000001 569.0044146243338
26.1000000000001 569.0044146130887
26.2000000000001 569.0044146018435
26.3000000000001 569.0044145905983
26.40000000000011 569.0044145793532
26.50000000000011 569.004414568108
26.60000000000011 569.0044145568629
26.70000000000011 569.0044145456178
26.80000000000011 569.0044145343727
26.90000000000011 569.0044145231275
27.00000000000011 569.0044145118824
27.10000000000012 569.0044145006373
27.20000000000012 569.004414489392
27.30000000000012 569.0044144781469
27.40000000000012 569.0044144669018
27.50000000000012 569.0044144556567
27.60000000000012 569.0044144444115
27.70000000000012 569.0044144387855
27.80000000000013 569.0044144384575
27.90000000000013 569.0044144381295
28.00000000000013 569.0044144378016
28.10000000000013 569.0044144374737
28.20000000000013 569.0044144371457
28.30000000000013 569.0044144368177
28.40000000000013 569.0044144364897
28.50000000000014 569.0044144361617
28.60000000000014 569.0044144358338
28.70000000000014 569.0044144355059
28.80000000000014 569.0044144351779
28.90000000000014 569.0044144348499
29.00000000000014 569.0044144345219
29.10000000000014 569.0044144341939
29.20000000000014 569.004414433866
29.30000000000015 569.004414433538
29.40000000000015 569.0044144332101
29.50000000000015 569.0044144328821
29.60000000000015 569.0044144325541
29.70000000000015 569.0044144322261
29.80000000000015 569.0044144318982
29.90000000000015 569.0044144315702
30.00000000000016 569.0044144312423
30.10000000000016 569.0044144309143
30.20000000000016 569.0044144305863
30.30000000000016 569.0044144302584
30.40000000000016 569.0044144299304
30.50000000000016 569.0044144296024
30.60000000000016 569.0044144292744
30.70000000000017 569.0044144289465
30.80000000000017 569.0044144286185
30.90000000000017 569.0044144282906
31.00000000000017 569.0044144279626
31.10000000000017 569.0044144276346
31.20000000000017 569.0044144273066
31.30000000000017 569.0044144269787
31.40000000000018 569.0044144266507
31.50000000000018 569.0044144263228
31.60000000000018 569.0044144259948
31.70000000000018 569.0044144256668
31.80000000000018 569.0044144253388
31.90000000000018 569.0044144250109
32.00000000000018 569.0044144246829
32.10000000000019 569.004414424355
32.20000000000019 569.004414424027
32.30000000000019 569.004414423699
32.40000000000019 569.004414423371
32.50000000000019 569.004414423043
32.60000000000019 569.0044144227152
32.70000000000019 569.0044144223872
32.8000000000002 569.0044144220592
32.9000000000002 569.0044144217312
33.0000000000002 569.0044144214032
33.1000000000002 569.0044144210752
33.2000000000002 569.0044144207474
33.3000000000002 569.0044144204194
33.4000000000002 569.0044144200914
33.50000000000021 569.0044144197634
33.60000000000021 569.0044144194354
33.70000000000021 569.0044144191074
33.80000000000021 569.0044144187796
33.90000000000021 569.0044144184516
34.00000000000021 569.0044144181236
34.10000000000021 569.0044144177956
34.20000000000022 569.0044144174676
34.30000000000022 569.0044144171397
34.40000000000022 569.0044144168118
34.50000000000022 569.0044144164838
34.60000000000022 569.0044144161558
34.70000000000022 569.0044144158278
34.80000000000022 569.0044144154998
34.90000000000023 569.0044144151719
35.00000000000023 569.0044144148439
35.10000000000023 569.004414414516
35.20000000000023 569.004414414188
35.30000000000023 569.00441441386
35.40000000000023 569.004414413532
35.50000000000023 569.0044144132041
35.60000000000024 569.0044144128761
35.70000000000024 569.0044144125482
35.80000000000024 569.0044144122202
35.90000000000024 569.0044144118922
36.00000000000024 569.0044144115642
36.10000000000024 569.0044144112363
36.20000000000024 569.0044144109083
36.30000000000025 569.0044144105804
36.40000000000025 569.0044144102524
36.50000000000025 569.0044144099244
36.60000000000025 569.0044144095965
36.70000000000025 569.0044144092685
36.80000000000025 569.0044144089405
36.90000000000025 569.0044144086125
37.00000000000026 569.0044144082846
37.10000000000026 569.0044144079566
37.20000000000026 569.0044144076287
37.30000000000026 569.0044144073007
37.40000000000026 569.0044144069727
37.50000000000026 569.0044144066447
37.60000000000026 569.0044144063168
37.70000000000027 569.0044144059888
37.80000000000027 569.0044144056609
37.90000000000027 569.0044144053329
38.00000000000027 569.0044144050049
38.10000000000027 569.0044144046769
38.20000000000027 569.0044144043489
38.30000000000027 569.004414404021
38.40000000000028 569.0044144036931
38.50000000000028 569.0044144033651
38.60000000000028 569.0044144030371
38.70000000000028 569.0044144027091
38.80000000000028 569.0044144023811
38.90000000000028 569.0044144020533
39.00000000000028 569.0044144017253
39.10000000000029 569.0044144013973
39.20000000000029 569.0044144010693
39.30000000000029 569.0044144007413
39.40000000000029 569.0044144004133
39.50000000000029 569.0044144000855
39.60000000000029 569.0044143997575
39.70000000000029 569.0044143994295
39.8000000000003 569.0044143991015
39.9000000000003 569.0044143987735
40.0000000000003 569.0044143984455
40.1000000000003 569.0044143981177
40.2000000000003 569.0044143977897
40.3000000000003 569.0044143974617
40.4000000000003 569.0044143971337
40.50000000000031 569.0044143968801
40.60000000000031 569.0044143968792
40.70000000000031 569.0044143968781
40.80000000000031 569.0044143968771
40.90000000000031 569.0044143968762
41.00000000000031 569.0044143968752
41.10000000000031 569.0044143968742
41.20000000000032 569.0044143968732
41.30000000000032 569.0044143968722
41.40000000000032 569.0044143968712
41.50000000000032 569.0044143968703
41.60000000000032 569.0044143968693
41.70000000000032 569.0044143968684
41.80000000000032 569.0044143968673
41.90000000000033 569.0044143968663
42.00000000000033 569.0044143968654
42.10000000000033 569.0044143968644
42.20000000000033 569.0044143968634
42.30000000000033 569.0044143968624
42.40000000000033 569.0044143968614
42.50000000000033 569.0044143968604
42.60000000000034 569.0044143968595
42.70000000000034 569.0044143968585
42.80000000000034 569.0044143968576
42.90000000000034 569.0044143968565
43.00000000000034 569.0044143968555
43.10000000000034 569.0044143968546
43.20000000000034 569.0044143968536
43.30000000000035 569.0044143968526
43.40000000000035 569.0044143968516
43.50000000000035 569.0044143968506
43.60000000000035 569.0044143968496
43.70000000000035 569.0044143968487
43.80000000000035 569.0044143968477
43.90000000000035 569.0044143968466
44.00000000000036 569.0044143968457
44.10000000000036 569.0044143968447
44.20000000000036 569.0044143968438
44.30000000000036 569.0044143968428
44.40000000000036 569.0044143968418
44.50000000000036 569.0044143968408
44.60000000000036 569.0044143968398
44.70000000000037 569.0044143968388
44.80000000000037 569.0044143968379
44.90000000000037 569.0044143968369
45.00000000000037 569.0044143968358
45.10000000000037 569.0044143968349
45.20000000000037 569.0044143968339
45.30000000000037 569.004414396833
45.40000000000038 569.004414396832
45.50000000000038 569.004414396831
45.60000000000038 569.00441439683
45.70000000000038 569.004414396829
45.80000000000038 569.004414396828
45.90000000000038 569.0044143968271
46.00000000000038 569.0044143968261
46.10000000000039 569.004414396825
46.20000000000039 569.0044143968241
46.30000000000039 569.0044143968231
46.40000000000039 569.0044143968221
46.50000000000039 569.0044143968212
46.60000000000039 569.0044143968202
46.70000000000039 569.0044143968192
46.8000000000004 569.0044143968182
46.9000000000004 569.0044143968172
47.0000000000004 569.0044143968163
47.1000000000004 569.0044143968153
47.2000000000004 569.0044143968142
47.3000000000004 569.0044143968133
47.4000000000004 569.0044143968123
47.50000000000041 569.0044143968113
47.60000000000041 569.0044143968104
47.70000000000041 569.0044143968094
47.80000000000041 569.0044143968084
47.90000000000041 569.0044143968074
48.00000000000041 569.0044143968064
48.10000000000041 569.0044143968055
48.20000000000041 569.0044143968045
48.30000000000042 569.0044143968034
48.40000000000042 569.0044143968025
48.50000000000042 569.0044143968015
48.60000000000042 569.0044143968005
48.70000000000042 569.0044143967996
48.80000000000042 569.0044143967986
48.90000000000042 569.0044143967975
49.00000000000043 569.0044143967966
49.10000000000043 569.0044143967956
49.20000000000043 569.0044143967947
49.30000000000043 569.0044143967937
49.40000000000043 569.0044143967926
49.50000000000043 569.0044143967917
49.60000000000043 569.0044143967907
49.70000000000044 569.0044143967897
49.80000000000044 569.0044143967888
49.90000000000044 569.0044143967878