Time X1
0 250
0.1 250.2239465144813
0.2 250.4683572563283
0.3 250.7352946424447
0.4 251.0265004265308
0.5 251.3446291706474
0.6 251.6921567419
0.7 252.0717907306521
0.7999999999999999 252.4866582749576
0.8999999999999999 252.9399138668685
0.9999999999999999 253.4353742587448
1.1 253.9770241287343
1.2 254.5693607993118
1.3 255.2173206177212
1.4 255.9263348664556
1.5 256.7024204739213
1.6 257.5521957900427
1.7 258.4829447696377
1.8 259.5028588586842
1.900000000000001 260.6208473439321
2 261.8470242904539
2.100000000000001 263.1923453842537
2.200000000000001 264.6692064421832
2.300000000000001 266.2913235086979
2.400000000000001 268.0739548622619
2.500000000000001 270.0341744500817
2.600000000000001 272.1910144437119
2.700000000000001 274.5656863083685
2.800000000000001 277.1817870360649
2.900000000000001 280.065679658266
3.000000000000001 283.2467588217008
3.100000000000001 286.7576317977126
3.200000000000002 290.634548968018
3.300000000000002 294.9175683737647
3.400000000000002 299.650560471707
3.500000000000002 304.8814812561923
3.600000000000002 310.6622448323092
3.700000000000002 317.0474450814543
3.800000000000002 324.0939576097917
3.900000000000002 331.8588534343949
4.000000000000002 340.3970837209717
4.100000000000001 349.7560908777834
4.200000000000001 359.9713534608595
4.300000000000001 371.0586469588656
4.4 383.0051580634042
4.5 395.7591917598219
4.6 409.220904581021
4.699999999999999 423.2351668961304
4.799999999999999 437.5884530705719
4.899999999999999 452.017615138234
4.999999999999998 466.2241908228267
5.099999999999998 479.9002888247424
5.199999999999998 492.7592759739675
5.299999999999997 504.565111524029
5.399999999999997 515.1539366167491
5.499999999999996 524.4432853274936
5.599999999999996 532.4283589950921
5.699999999999996 539.1683473642031
5.799999999999995 544.7676231942552
5.899999999999995 549.3564857082256
5.999999999999995 553.0746950242635
6.099999999999994 556.0594060126367
6.199999999999994 558.4368378394862
6.299999999999994 560.3189654228771
6.399999999999993 561.8017247418173
6.499999999999993 562.9653058751057
6.599999999999993 563.8755935625497
6.699999999999992 564.5860169443757
6.799999999999992 565.1394102562881
6.899999999999991 565.5698403290633
6.999999999999991 565.9042391111569
7.099999999999991 566.1638110266131
7.19999999999999 566.3651684872917
7.29999999999999 566.5212681536514
7.39999999999999 566.6422264225107
7.499999999999989 566.7359373285323
7.599999999999989 566.8085121778786
7.699999999999989 566.8647047886417
7.799999999999988 566.9082523866463
7.899999999999988 566.9419436464714
7.999999999999988 566.9680105864919
8.099999999999987 566.9881549974623
8.199999999999987 567.0037924316647
8.299999999999986 567.0158362742677
8.399999999999986 567.0251754907409
8.499999999999986 567.0323833371099
8.599999999999985 567.0379654094315
8.699999999999985 567.0422820555362
8.799999999999985 567.0456716621146
8.899999999999984 567.0482929456803
8.999999999999984 567.0503686578912
9.099999999999984 567.0518961894782
9.199999999999983 567.0531238555715
9.299999999999983 567.0540783200701
9.399999999999983 567.0547818705548
9.499999999999982 567.0553268167063
9.599999999999982 567.0557283051808
9.699999999999982 567.0560429173084
9.799999999999981 567.056287359533
9.899999999999981 567.0564803050025
9.99999999999998 567.0566343060117
10.09999999999998 567.0567548483782
10.19999999999998 567.0568510213221
10.29999999999998 567.05692484624
10.39999999999998 567.0569835027429
10.49999999999998 567.0570281453483
10.59999999999998 567.0570634256347
10.69999999999998 567.0570905967404
10.79999999999998 567.0571118678167
10.89999999999998 567.0571285708162
10.99999999999998 567.0571414815952
11.09999999999998 567.0571517530393
11.19999999999998 567.0571596303232
11.29999999999998 567.0571659144651
11.39999999999998 567.0571722692996
11.49999999999998 567.0571798187443
11.59999999999997 567.057186440109
11.69999999999997 567.0571921333939
11.79999999999997 567.0571968985988
11.89999999999997 567.0572007357238
11.99999999999997 567.0572036447687
12.09999999999997 567.0572056257338
12.19999999999997 567.057206678619
12.29999999999997 567.0572068034242
12.39999999999997 567.0572060001494
12.49999999999997 567.0572042687947
12.59999999999997 567.0572016093602
12.69999999999997 567.0572017220794
12.79999999999997 567.0572024713659
12.89999999999997 567.0572029850055
12.99999999999997 567.0572032629981
13.09999999999997 567.0572033053438
13.19999999999997 567.0572031120427
13.29999999999997 567.0572026830947
13.39999999999997 567.0572020184998
13.49999999999997 567.0572011182579
13.59999999999997 567.0571999823692
13.69999999999997 567.0571986108336
13.79999999999997 567.057197003651
13.89999999999997 567.0571955549145
13.99999999999997 567.0571950947495
14.09999999999997 567.0571946345844
14.19999999999997 567.0571941744195
14.29999999999997 567.0571937142544
14.39999999999996 567.0571932540894
14.49999999999996 567.0571927939243
14.59999999999996 567.0571923337593
14.69999999999996 567.0571918735943
14.79999999999996 567.0571914134292
14.89999999999996 567.0571909532642
14.99999999999996 567.0571904930991
15.09999999999996 567.0571900329342
15.19999999999996 567.057189827719
15.29999999999996 567.0571898139184
15.39999999999996 567.057189800118
15.49999999999996 567.0571897863174
15.59999999999996 567.0571897725168
15.69999999999996 567.0571897587163
15.79999999999996 567.0571897449157
15.89999999999996 567.0571897311153
15.99999999999996 567.0571897173147
16.09999999999996 567.0571897035142
16.19999999999996 567.0571896897136
16.29999999999996 567.057189675913
16.39999999999996 567.0571896621125
16.49999999999996 567.057189648312
16.59999999999997 567.0571896345115
16.69999999999997 567.0571896207109
16.79999999999997 567.0571896069104
16.89999999999997 567.0571895931098
16.99999999999997 567.0571895793094
17.09999999999997 567.0571895655088
17.19999999999997 567.0571895517082
17.29999999999998 567.0571895379077
17.39999999999998 567.0571895241071
17.49999999999998 567.0571895103066
17.59999999999998 567.0571894965061
17.69999999999998 567.0571894827056
17.79999999999998 567.057189468905
17.89999999999998 567.0571894551044
17.99999999999999 567.0571894413039
18.09999999999999 567.0571894275034
18.19999999999999 567.0571894137029
18.29999999999999 567.0571893999023
18.39999999999999 567.0571893861018
18.49999999999999 567.0571893723012
18.59999999999999 567.0571893585006
18.7 567.0571893447002
18.8 567.0571893308996
18.9 567.0571893170991
19 567.0571893032985
19.1 567.057189289498
19.2 567.0571892756974
19.3 567.057189261897
19.40000000000001 567.0571892480964
19.50000000000001 567.0571892342958
19.60000000000001 567.0571892204953
19.70000000000001 567.0571892066947
19.80000000000001 567.0571891928943
19.90000000000001 567.0571891790937
20.00000000000001 567.0571891652932
20.10000000000002 567.0571891514926
20.20000000000002 567.057189137692
20.30000000000002 567.0571891238915
20.40000000000002 567.057189110091
20.50000000000002 567.0571890962905
20.60000000000002 567.0571890824899
20.70000000000002 567.0571890686894
20.80000000000003 567.0571890548888
20.90000000000003 567.0571890410883
21.00000000000003 567.0571890272878
21.10000000000003 567.0571890134872
21.20000000000003 567.0571889996867
21.30000000000003 567.0571889858861
21.40000000000003 567.0571889720856
21.50000000000004 567.0571889582851
21.60000000000004 567.0571889444846
21.70000000000004 567.057188930684
21.80000000000004 567.0571889168834
21.90000000000004 567.0571889030829
22.00000000000004 567.0571888892824
22.10000000000004 567.0571888754819
22.20000000000005 567.0571888616813
22.30000000000005 567.0571888478808
22.40000000000005 567.0571888340802
22.50000000000005 567.0571888202796
22.60000000000005 567.0571888064792
22.70000000000005 567.0571887926786
22.80000000000005 567.0571887788781
22.90000000000006 567.0571887650775
23.00000000000006 567.057188751277
23.10000000000006 567.0571887374765
23.20000000000006 567.0571887236759
23.30000000000006 567.0571887098754
23.40000000000006 567.0571886960748
23.50000000000006 567.0571886822743
23.60000000000007 567.0571886684737
23.70000000000007 567.0571886546733
23.80000000000007 567.0571886408727
23.90000000000007 567.0571886270722
24.00000000000007 567.0571886132716
24.10000000000007 567.057188599471
24.20000000000007 567.0571885856706
24.30000000000008 567.05718857187
24.40000000000008 567.0571885580695
24.50000000000008 567.0571885442689
24.60000000000008 567.0571885304684
24.70000000000008 567.0571885166678
24.80000000000008 567.0571885028673
24.90000000000008 567.0571884890668
25.00000000000009 567.0571884752662
25.10000000000009 567.0571884614657
25.20000000000009 567.0571884476651
25.30000000000009 567.0571884338646
25.40000000000009 567.0571884200641
25.50000000000009 567.0571884062635
25.60000000000009 567.057188392463
25.7000000000001 567.0571883786624
25.8000000000001 567.0571883648619
25.9000000000001 567.0571883510614
26.0000000000001 567.0571883372609
26.1000000000001 567.0571883234603
26.2000000000001 567.0571883096598
26.3000000000001 567.0571882958592
26.40000000000011 567.0571882820586
26.50000000000011 567.0571882682582
26.60000000000011 567.0571882544576
26.70000000000011 567.0571882406571
26.80000000000011 567.0571882268565
26.90000000000011 567.057188213056
27.00000000000011 567.0571881992555
27.10000000000012 567.0571881854549
27.20000000000012 567.0571881716544
27.30000000000012 567.0571881578538
27.40000000000012 567.0571881440533
27.50000000000012 567.0571881302527
27.60000000000012 567.0571881164523
27.70000000000012 567.0571881026517
27.80000000000013 567.0571880947685
27.90000000000013 567.0571880943546
28.00000000000013 567.0571880939406
28.10000000000013 567.0571880935266
28.20000000000013 567.0571880931126
28.30000000000013 567.0571880926987
28.40000000000013 567.0571880922846
28.50000000000014 567.0571880918707
28.60000000000014 567.0571880914566
28.70000000000014 567.0571880910427
28.80000000000014 567.0571880906286
28.90000000000014 567.0571880902147
29.00000000000014 567.0571880898008
29.10000000000014 567.0571880893867
29.20000000000014 567.0571880889728
29.30000000000015 567.0571880885587
29.40000000000015 567.0571880881448
29.50000000000015 567.0571880877308
29.60000000000015 567.0571880873168
29.70000000000015 567.0571880869028
29.80000000000015 567.0571880864888
29.90000000000015 567.0571880860748
30.00000000000016 567.0571880856609
30.10000000000016 567.0571880852468
30.20000000000016 567.0571880848329
30.30000000000016 567.0571880844188
30.40000000000016 567.0571880840049
30.50000000000016 567.0571880835909
30.60000000000016 567.0571880831769
30.70000000000017 567.0571880827629
30.80000000000017 567.0571880823489
30.90000000000017 567.0571880819349
31.00000000000017 567.057188081521
31.10000000000017 567.0571880811069
31.20000000000017 567.057188080693
31.30000000000017 567.0571880802789
31.40000000000018 567.057188079865
31.50000000000018 567.057188079451
31.60000000000018 567.057188079037
31.70000000000018 567.057188078623
31.80000000000018 567.057188078209
31.90000000000018 567.0571880777951
32.00000000000018 567.0571880773811
32.10000000000019 567.0571880769671
32.20000000000019 567.0571880765531
32.30000000000019 567.0571880761391
32.40000000000019 567.0571880757251
32.50000000000019 567.0571880753112
32.60000000000019 567.0571880748971
32.70000000000019 567.0571880744832
32.8000000000002 567.0571880740691
32.9000000000002 567.0571880736552
33.0000000000002 567.0571880732412
33.1000000000002 567.0571880728272
33.2000000000002 567.0571880724132
33.3000000000002 567.0571880719992
33.4000000000002 567.0571880715852
33.50000000000021 567.0571880711713
33.60000000000021 567.0571880707572
33.70000000000021 567.0571880703433
33.80000000000021 567.0571880699292
33.90000000000021 567.0571880695153
34.00000000000021 567.0571880691012
34.10000000000021 567.0571880686873
34.20000000000022 567.0571880682733
34.30000000000022 567.0571880678593
34.40000000000022 567.0571880674453
34.50000000000022 567.0571880670313
34.60000000000022 567.0571880666173
34.70000000000022 567.0571880662034
34.80000000000022 567.0571880657894
34.90000000000023 567.0571880653754
35.00000000000023 567.0571880649615
35.10000000000023 567.0571880645474
35.20000000000023 567.0571880641335
35.30000000000023 567.0571880637194
35.40000000000023 567.0571880633055
35.50000000000023 567.0571880628914
35.60000000000024 567.0571880624775
35.70000000000024 567.0571880620635
35.80000000000024 567.0571880616495
35.90000000000024 567.0571880612355
36.00000000000024 567.0571880608215
36.10000000000024 567.0571880604075
36.20000000000024 567.0571880599936
36.30000000000025 567.0571880595795
36.40000000000025 567.0571880591656
36.50000000000025 567.0571880587515
36.60000000000025 567.0571880583376
36.70000000000025 567.0571880579236
36.80000000000025 567.0571880575096
36.90000000000025 567.0571880570956
37.00000000000026 567.0571880566816
37.10000000000026 567.0571880562676
37.20000000000026 567.0571880558537
37.30000000000026 567.0571880554396
37.40000000000026 567.0571880550257
37.50000000000026 567.0571880546117
37.60000000000026 567.0571880541977
37.70000000000027 567.0571880537838
37.80000000000027 567.0571880533697
37.90000000000027 567.0571880529558
38.00000000000027 567.0571880525417
38.10000000000027 567.0571880521278
38.20000000000027 567.0571880517138
38.30000000000027 567.0571880512998
38.40000000000028 567.0571880508858
38.50000000000028 567.0571880504718
38.60000000000028 567.0571880500578
38.70000000000028 567.0571880496439
38.80000000000028 567.0571880492298
38.90000000000028 567.0571880488159
39.00000000000028 567.0571880484018
39.10000000000029 567.0571880479879
39.20000000000029 567.0571880475738
39.30000000000029 567.0571880471599
39.40000000000029 567.0571880467459
39.50000000000029 567.0571880463319
39.60000000000029 567.0571880459179
39.70000000000029 567.0571880455039
39.8000000000003 567.0571880450899
39.9000000000003 567.057188044676
40.0000000000003 567.0571880442619
40.1000000000003 567.057188043848
40.2000000000003 567.0571880434339
40.3000000000003 567.05718804302
40.4000000000003 567.0571880427351
40.50000000000031 567.0571880427339
40.60000000000031 567.0571880427326
40.70000000000031 567.0571880427314
40.80000000000031 567.05718804273
40.90000000000031 567.0571880427287
41.00000000000031 567.0571880427275
41.10000000000031 567.0571880427262
41.20000000000032 567.0571880427249
41.30000000000032 567.0571880427236
41.40000000000032 567.0571880427224
41.50000000000032 567.0571880427211
41.60000000000032 567.0571880427199
41.70000000000032 567.0571880427185
41.80000000000032 567.0571880427173
41.90000000000033 567.057188042716
42.00000000000033 567.0571880427148
42.10000000000033 567.0571880427134
42.20000000000033 567.0571880427121
42.30000000000033 567.0571880427109
42.40000000000033 567.0571880427096
42.50000000000033 567.0571880427083
42.60000000000034 567.057188042707
42.70000000000034 567.0571880427058
42.80000000000034 567.0571880427045
42.90000000000034 567.0571880427033
43.00000000000034 567.0571880427019
43.10000000000034 567.0571880427007
43.20000000000034 567.0571880426994
43.30000000000035 567.0571880426982
43.40000000000035 567.0571880426968
43.50000000000035 567.0571880426955
43.60000000000035 567.0571880426943
43.70000000000035 567.057188042693
43.80000000000035 567.0571880426917
43.90000000000035 567.0571880426904
44.00000000000036 567.0571880426892
44.10000000000036 567.0571880426879
44.20000000000036 567.0571880426867
44.30000000000036 567.0571880426853
44.40000000000036 567.0571880426841
44.50000000000036 567.0571880426828
44.60000000000036 567.0571880426816
44.70000000000037 567.0571880426802
44.80000000000037 567.0571880426789
44.90000000000037 567.0571880426777
45.00000000000037 567.0571880426764
45.10000000000037 567.0571880426751
45.20000000000037 567.0571880426738
45.30000000000037 567.0571880426726
45.40000000000038 567.0571880426713
45.50000000000038 567.0571880426701
45.60000000000038 567.0571880426687
45.70000000000038 567.0571880426675
45.80000000000038 567.0571880426662
45.90000000000038 567.057188042665
46.00000000000038 567.0571880426636
46.10000000000039 567.0571880426623
46.20000000000039 567.0571880426611
46.30000000000039 567.0571880426598
46.40000000000039 567.0571880426585
46.50000000000039 567.0571880426572
46.60000000000039 567.057188042656
46.70000000000039 567.0571880426547
46.8000000000004 567.0571880426535
46.9000000000004 567.0571880426521
47.0000000000004 567.0571880426509
47.1000000000004 567.0571880426496
47.2000000000004 567.0571880426484
47.3000000000004 567.057188042647
47.4000000000004 567.0571880426457
47.50000000000041 567.0571880426445
47.60000000000041 567.0571880426432
47.70000000000041 567.0571880426419
47.80000000000041 567.0571880426406
47.90000000000041 567.0571880426394
48.00000000000041 567.0571880426381
48.10000000000041 567.0571880426369
48.20000000000041 567.0571880426355
48.30000000000042 567.0571880426343
48.40000000000042 567.057188042633
48.50000000000042 567.0571880426318
48.60000000000042 567.0571880426304
48.70000000000042 567.0571880426292
48.80000000000042 567.0571880426279
48.90000000000042 567.0571880426266
49.00000000000043 567.0571880426253
49.10000000000043 567.057188042624
49.20000000000043 567.0571880426228
49.30000000000043 567.0571880426215
49.40000000000043 567.0571880426203
49.50000000000043 567.0571880426189
49.60000000000043 567.0571880426177
49.70000000000044 567.0571880426164
49.80000000000044 567.0571880426152
49.90000000000044 567.0571880426138