Time X1
0 250
0.1 250.2145591180758
0.2 250.4486897213419
0.3 250.7044179398215
0.4 250.983338234527
0.5 251.288011349546
0.6 251.6208174280942
0.7 251.9843205273944
0.7999999999999999 252.381550168033
0.8999999999999999 252.8154152048553
0.9999999999999999 253.2896589552733
1.1 253.8080275704138
1.2 254.3748121615725
1.3 254.9947168664448
1.4 255.6729127006913
1.5 256.4151152336339
1.6 257.2276391378651
1.7 258.1173831128216
1.8 259.0921423242883
1.900000000000001 260.1603647744016
2 261.3316547195597
2.100000000000001 262.6164173957669
2.200000000000001 264.0263559865625
2.300000000000001 265.5745012752564
2.400000000000001 267.2752796505383
2.500000000000001 269.1448460238684
2.600000000000001 271.2012035558707
2.700000000000001 273.4644216665857
2.800000000000001 275.9568334150148
2.900000000000001 278.7033290249864
3.000000000000001 281.7317509726031
3.100000000000001 285.0729681042266
3.200000000000002 288.7613325394273
3.300000000000002 292.8348867132764
3.400000000000002 297.3354793609212
3.500000000000002 302.3088634630967
3.600000000000002 307.8049937805499
3.700000000000002 313.8768529439972
3.800000000000002 320.5803218243003
3.900000000000002 327.9721035035272
4.000000000000002 336.1088010732332
4.100000000000001 345.0415438471783
4.200000000000001 354.8122330551425
4.300000000000001 365.4474718974706
4.4 376.9495192125365
4.5 389.2871783515309
4.6 402.3860412481808
4.699999999999999 416.1193261373506
4.799999999999999 430.3034841865141
4.899999999999999 444.6994003998263
4.999999999999998 459.0253216146019
5.099999999999998 472.9756489680682
5.199999999999998 486.250651430859
5.299999999999997 498.586731624062
5.399999999999997 509.7826143539141
5.499999999999996 519.7149877527607
5.599999999999996 528.3410738116623
5.699999999999996 535.689522624441
5.799999999999995 541.8437226066728
5.899999999999995 546.9224246593278
5.999999999999995 551.061692025115
6.099999999999994 554.4005844621635
6.199999999999994 557.071057217153
6.299999999999994 559.1922288350897
6.399999999999993 560.8678551057752
6.499999999999993 562.1857272078244
6.599999999999993 563.2186088469358
6.699999999999992 564.0259413083561
6.799999999999992 564.6556293378296
6.899999999999991 565.1459290481841
6.999999999999991 565.5271825790509
7.099999999999991 565.8233649122491
7.19999999999999 566.0532681968726
7.29999999999999 566.2316101794993
7.39999999999999 566.3698940441747
7.499999999999989 566.4770769687774
7.599999999999989 566.5601169531611
7.699999999999989 566.6244455041382
7.799999999999988 566.6742869953868
7.899999999999988 566.7129193855711
7.999999999999988 566.7427960862113
8.099999999999987 566.7659117473391
8.199999999999987 566.7838021667474
8.299999999999986 566.7976630300068
8.399999999999986 566.8083896828231
8.499999999999986 566.8166783743499
8.599999999999985 566.823089283163
8.699999999999985 566.8280443311598
8.799999999999985 566.8319104484667
8.899999999999984 566.8349257535494
8.999999999999984 566.8373903570168
9.099999999999984 566.8390856507388
9.199999999999983 566.8404711730874
9.299999999999983 566.8415752412653
9.399999999999983 566.842409561473
9.499999999999982 566.8430359018856
9.599999999999982 566.8435156650501
9.699999999999982 566.8438708587287
9.799999999999981 566.8441541859374
9.899999999999981 566.8443719862278
9.99999999999998 566.8445475463575
10.09999999999998 566.844685096858
10.19999999999998 566.8447947484609
10.29999999999998 566.8448804301895
10.39999999999998 566.8449471605134
10.49999999999998 566.8449995784904
10.59999999999998 566.8450395614665
10.69999999999998 566.8450713309448
10.79999999999998 566.8450955411531
10.89999999999998 566.8451148409853
10.99999999999998 566.8451296995319
11.09999999999998 566.8451414661239
11.19999999999998 566.8451506334078
11.29999999999998 566.8451577869317
11.39999999999998 566.8451634304614
11.49999999999998 566.84517072493
11.59999999999997 566.8451778639662
11.69999999999997 566.8451840852227
11.79999999999997 566.8451893886999
11.89999999999997 566.8451937743973
11.99999999999997 566.8451972423152
12.09999999999997 566.8451997924536
12.19999999999997 566.8452014248124
12.29999999999997 566.8452021393916
12.39999999999997 566.8452019361913
12.49999999999997 566.8452008152115
12.59999999999997 566.845198776452
12.69999999999997 566.8451963915236
12.79999999999997 566.845197287614
12.89999999999997 566.8451979511451
12.99999999999997 566.845198382117
13.09999999999997 566.8451985805297
13.19999999999997 566.8451985463831
13.29999999999997 566.8451982796773
13.39999999999997 566.8451977804123
13.49999999999997 566.845197048588
13.59999999999997 566.8451960842045
13.69999999999997 566.8451948872618
13.79999999999997 566.8451934577598
13.89999999999997 566.8451917956986
13.99999999999997 566.8451907085077
14.09999999999997 566.8451902538238
14.19999999999997 566.8451897991398
14.29999999999997 566.8451893444559
14.39999999999996 566.845188889772
14.49999999999996 566.8451884350881
14.59999999999996 566.8451879804041
14.69999999999996 566.8451875257202
14.79999999999996 566.8451870710363
14.89999999999996 566.8451866163524
14.99999999999996 566.8451861616685
15.09999999999996 566.8451857069846
15.19999999999996 566.8451852523007
15.29999999999996 566.8451851525174
15.39999999999996 566.8451851389154
15.49999999999996 566.8451851253136
15.59999999999996 566.8451851117118
15.69999999999996 566.8451850981098
15.79999999999996 566.845185084508
15.89999999999996 566.845185070906
15.99999999999996 566.8451850573042
16.09999999999996 566.8451850437024
16.19999999999996 566.8451850301004
16.29999999999996 566.8451850164986
16.39999999999996 566.8451850028966
16.49999999999996 566.8451849892948
16.59999999999997 566.8451849756929
16.69999999999997 566.845184962091
16.79999999999997 566.8451849484892
16.89999999999997 566.8451849348872
16.99999999999997 566.8451849212854
17.09999999999997 566.8451849076835
17.19999999999997 566.8451848940816
17.29999999999998 566.8451848804797
17.39999999999998 566.8451848668778
17.49999999999998 566.845184853276
17.59999999999998 566.8451848396741
17.69999999999998 566.8451848260722
17.79999999999998 566.8451848124703
17.89999999999998 566.8451847988684
17.99999999999999 566.8451847852666
18.09999999999999 566.8451847716647
18.19999999999999 566.8451847580628
18.29999999999999 566.8451847444609
18.39999999999999 566.845184730859
18.49999999999999 566.8451847172571
18.59999999999999 566.8451847036553
18.7 566.8451846900534
18.8 566.8451846764515
18.9 566.8451846628496
19 566.8451846492477
19.1 566.8451846356459
19.2 566.8451846220439
19.3 566.8451846084421
19.40000000000001 566.8451845948402
19.50000000000001 566.8451845812383
19.60000000000001 566.8451845676365
19.70000000000001 566.8451845540345
19.80000000000001 566.8451845404327
19.90000000000001 566.8451845268308
20.00000000000001 566.8451845132289
20.10000000000002 566.8451844996271
20.20000000000002 566.8451844860251
20.30000000000002 566.8451844724233
20.40000000000002 566.8451844588213
20.50000000000002 566.8451844452195
20.60000000000002 566.8451844316177
20.70000000000002 566.8451844180157
20.80000000000003 566.8451844044139
20.90000000000003 566.8451843908119
21.00000000000003 566.8451843772101
21.10000000000003 566.8451843636082
21.20000000000003 566.8451843500063
21.30000000000003 566.8451843364045
21.40000000000003 566.8451843228025
21.50000000000004 566.8451843092007
21.60000000000004 566.8451842955988
21.70000000000004 566.8451842819969
21.80000000000004 566.845184268395
21.90000000000004 566.8451842547931
22.00000000000004 566.8451842411913
22.10000000000004 566.8451842275894
22.20000000000005 566.8451842139875
22.30000000000005 566.8451842003856
22.40000000000005 566.8451841867837
22.50000000000005 566.8451841731819
22.60000000000005 566.84518415958
22.70000000000005 566.8451841459781
22.80000000000005 566.8451841323762
22.90000000000006 566.8451841187743
23.00000000000006 566.8451841051724
23.10000000000006 566.8451840915706
23.20000000000006 566.8451840779687
23.30000000000006 566.8451840643668
23.40000000000006 566.8451840507649
23.50000000000006 566.845184037163
23.60000000000007 566.8451840235612
23.70000000000007 566.8451840099592
23.80000000000007 566.8451839963574
23.90000000000007 566.8451839827555
24.00000000000007 566.8451839691536
24.10000000000007 566.8451839555518
24.20000000000007 566.8451839419498
24.30000000000008 566.845183928348
24.40000000000008 566.8451839147461
24.50000000000008 566.8451839011442
24.60000000000008 566.8451838875424
24.70000000000008 566.8451838739404
24.80000000000008 566.8451838603386
24.90000000000008 566.8451838467366
25.00000000000009 566.8451838331348
25.10000000000009 566.845183819533
25.20000000000009 566.845183805931
25.30000000000009 566.8451837923292
25.40000000000009 566.8451837787272
25.50000000000009 566.8451837651254
25.60000000000009 566.8451837515235
25.7000000000001 566.8451837379216
25.8000000000001 566.8451837243198
25.9000000000001 566.8451837107178
26.0000000000001 566.845183697116
26.1000000000001 566.8451836835141
26.2000000000001 566.8451836699122
26.3000000000001 566.8451836563103
26.40000000000011 566.8451836427084
26.50000000000011 566.8451836291066
26.60000000000011 566.8451836155047
26.70000000000011 566.8451836019028
26.80000000000011 566.8451835883009
26.90000000000011 566.845183574699
27.00000000000011 566.8451835610972
27.10000000000012 566.8451835474953
27.20000000000012 566.8451835338934
27.30000000000012 566.8451835202915
27.40000000000012 566.8451835066896
27.50000000000012 566.8451834930877
27.60000000000012 566.8451834794859
27.70000000000012 566.845183465884
27.80000000000013 566.8451834522821
27.90000000000013 566.8451834409975
28.00000000000013 566.8451834405905
28.10000000000013 566.8451834401835
28.20000000000013 566.8451834397765
28.30000000000013 566.8451834393695
28.40000000000013 566.8451834389625
28.50000000000014 566.8451834385555
28.60000000000014 566.8451834381485
28.70000000000014 566.8451834377416
28.80000000000014 566.8451834373346
28.90000000000014 566.8451834369276
29.00000000000014 566.8451834365206
29.10000000000014 566.8451834361136
29.20000000000014 566.8451834357066
29.30000000000015 566.8451834352996
29.40000000000015 566.8451834348926
29.50000000000015 566.8451834344856
29.60000000000015 566.8451834340786
29.70000000000015 566.8451834336717
29.80000000000015 566.8451834332647
29.90000000000015 566.8451834328577
30.00000000000016 566.8451834324508
30.10000000000016 566.8451834320438
30.20000000000016 566.8451834316368
30.30000000000016 566.8451834312298
30.40000000000016 566.8451834308228
30.50000000000016 566.8451834304158
30.60000000000016 566.8451834300088
30.70000000000017 566.8451834296018
30.80000000000017 566.8451834291948
30.90000000000017 566.8451834287878
31.00000000000017 566.8451834283808
31.10000000000017 566.8451834279738
31.20000000000017 566.8451834275669
31.30000000000017 566.8451834271599
31.40000000000018 566.8451834267529
31.50000000000018 566.8451834263459
31.60000000000018 566.8451834259389
31.70000000000018 566.8451834255319
31.80000000000018 566.8451834251249
31.90000000000018 566.8451834247179
32.00000000000018 566.8451834243109
32.10000000000019 566.8451834239039
32.20000000000019 566.8451834234969
32.30000000000019 566.8451834230899
32.40000000000019 566.8451834226829
32.50000000000019 566.845183422276
32.60000000000019 566.845183421869
32.70000000000019 566.845183421462
32.8000000000002 566.845183421055
32.9000000000002 566.845183420648
33.0000000000002 566.845183420241
33.1000000000002 566.845183419834
33.2000000000002 566.845183419427
33.3000000000002 566.84518341902
33.4000000000002 566.845183418613
33.50000000000021 566.845183418206
33.60000000000021 566.845183417799
33.70000000000021 566.8451834173921
33.80000000000021 566.8451834169852
33.90000000000021 566.8451834165782
34.00000000000021 566.8451834161712
34.10000000000021 566.8451834157642
34.20000000000022 566.8451834153572
34.30000000000022 566.8451834149502
34.40000000000022 566.8451834145432
34.50000000000022 566.8451834141362
34.60000000000022 566.8451834137292
34.70000000000022 566.8451834133222
34.80000000000022 566.8451834129152
34.90000000000023 566.8451834125083
35.00000000000023 566.8451834121013
35.10000000000023 566.8451834116943
35.20000000000023 566.8451834112873
35.30000000000023 566.8451834108803
35.40000000000023 566.8451834104733
35.50000000000023 566.8451834100663
35.60000000000024 566.8451834096593
35.70000000000024 566.8451834092523
35.80000000000024 566.8451834088453
35.90000000000024 566.8451834084383
36.00000000000024 566.8451834080313
36.10000000000024 566.8451834076243
36.20000000000024 566.8451834072174
36.30000000000025 566.8451834068104
36.40000000000025 566.8451834064034
36.50000000000025 566.8451834059964
36.60000000000025 566.8451834055894
36.70000000000025 566.8451834051824
36.80000000000025 566.8451834047754
36.90000000000025 566.8451834043684
37.00000000000026 566.8451834039614
37.10000000000026 566.8451834035544
37.20000000000026 566.8451834031474
37.30000000000026 566.8451834027404
37.40000000000026 566.8451834023335
37.50000000000026 566.8451834019265
37.60000000000026 566.8451834015195
37.70000000000027 566.8451834011125
37.80000000000027 566.8451834007055
37.90000000000027 566.8451834002985
38.00000000000027 566.8451833998915
38.10000000000027 566.8451833994845
38.20000000000027 566.8451833990775
38.30000000000027 566.8451833986705
38.40000000000028 566.8451833982635
38.50000000000028 566.8451833978565
38.60000000000028 566.8451833974495
38.70000000000028 566.8451833970427
38.80000000000028 566.8451833966357
38.90000000000028 566.8451833962287
39.00000000000028 566.8451833958217
39.10000000000029 566.8451833954147
39.20000000000029 566.8451833950077
39.30000000000029 566.8451833946007
39.40000000000029 566.8451833941937
39.50000000000029 566.8451833937867
39.60000000000029 566.8451833933797
39.70000000000029 566.8451833929727
39.8000000000003 566.8451833925657
39.9000000000003 566.8451833921588
40.0000000000003 566.8451833917518
40.1000000000003 566.8451833913448
40.2000000000003 566.8451833909378
40.3000000000003 566.8451833905308
40.4000000000003 566.8451833901238
40.50000000000031 566.8451833897168
40.60000000000031 566.8451833895316
40.70000000000031 566.8451833895303
40.80000000000031 566.8451833895291
40.90000000000031 566.8451833895278
41.00000000000031 566.8451833895266
41.10000000000031 566.8451833895253
41.20000000000032 566.8451833895241
41.30000000000032 566.8451833895228
41.40000000000032 566.8451833895216
41.50000000000032 566.8451833895203
41.60000000000032 566.8451833895191
41.70000000000032 566.8451833895178
41.80000000000032 566.8451833895166
41.90000000000033 566.8451833895153
42.00000000000033 566.8451833895141
42.10000000000033 566.8451833895128
42.20000000000033 566.8451833895116
42.30000000000033 566.8451833895103
42.40000000000033 566.8451833895091
42.50000000000033 566.8451833895078
42.60000000000034 566.8451833895066
42.70000000000034 566.8451833895053
42.80000000000034 566.8451833895041
42.90000000000034 566.8451833895028
43.00000000000034 566.8451833895016
43.10000000000034 566.8451833895003
43.20000000000034 566.8451833894991
43.30000000000035 566.8451833894978
43.40000000000035 566.8451833894966
43.50000000000035 566.8451833894953
43.60000000000035 566.8451833894941
43.70000000000035 566.8451833894928
43.80000000000035 566.8451833894916
43.90000000000035 566.8451833894903
44.00000000000036 566.8451833894891
44.10000000000036 566.8451833894878
44.20000000000036 566.8451833894866
44.30000000000036 566.8451833894853
44.40000000000036 566.8451833894841
44.50000000000036 566.8451833894828
44.60000000000036 566.8451833894816
44.70000000000037 566.8451833894803
44.80000000000037 566.8451833894791
44.90000000000037 566.8451833894778
45.00000000000037 566.8451833894766
45.10000000000037 566.8451833894753
45.20000000000037 566.8451833894741
45.30000000000037 566.8451833894728
45.40000000000038 566.8451833894716
45.50000000000038 566.8451833894703
45.60000000000038 566.8451833894691
45.70000000000038 566.8451833894678
45.80000000000038 566.8451833894666
45.90000000000038 566.8451833894653
46.00000000000038 566.8451833894641
46.10000000000039 566.8451833894628
46.20000000000039 566.8451833894615
46.30000000000039 566.8451833894602
46.40000000000039 566.845183389459
46.50000000000039 566.8451833894577
46.60000000000039 566.8451833894565
46.70000000000039 566.8451833894552
46.8000000000004 566.845183389454
46.9000000000004 566.8451833894527
47.0000000000004 566.8451833894514
47.1000000000004 566.8451833894502
47.2000000000004 566.8451833894489
47.3000000000004 566.8451833894477
47.4000000000004 566.8451833894464
47.50000000000041 566.8451833894452
47.60000000000041 566.8451833894439
47.70000000000041 566.8451833894427
47.80000000000041 566.8451833894414
47.90000000000041 566.8451833894402
48.00000000000041 566.8451833894389
48.10000000000041 566.8451833894377
48.20000000000041 566.8451833894364
48.30000000000042 566.8451833894352
48.40000000000042 566.8451833894339
48.50000000000042 566.8451833894327
48.60000000000042 566.8451833894314
48.70000000000042 566.8451833894302
48.80000000000042 566.8451833894289
48.90000000000042 566.8451833894277
49.00000000000043 566.8451833894264
49.10000000000043 566.8451833894252
49.20000000000043 566.8451833894239
49.30000000000043 566.8451833894227
49.40000000000043 566.8451833894214
49.50000000000043 566.8451833894202
49.60000000000043 566.8451833894189
49.70000000000044 566.8451833894177
49.80000000000044 566.8451833894164
49.90000000000044 566.8451833894152