Time X1
0 250
0.1 250.4908231498964
0.2 251.028347280798
0.3 251.6168751920063
0.4 252.2619234843358
0.5 252.9690376580165
0.6 253.7444390786242
0.7 254.5949969317652
0.7999999999999999 255.5283490644017
0.8999999999999999 256.5530064799813
0.9999999999999999 257.6784976139021
1.1 258.9153894692771
1.2 260.2754778327673
1.3 261.7718822036385
1.4 263.4192758161989
1.5 265.2340630798851
1.6 267.234737828951
1.7 269.4418118484108
1.8 271.8784961119972
1.900000000000001 274.5707329686312
2 277.5476750753206
2.100000000000001 280.842130706907
2.200000000000001 284.4908027325737
2.300000000000001 288.5346949438318
2.400000000000001 293.0195255128554
2.500000000000001 297.9960745527736
2.600000000000001 303.5201917132637
2.700000000000001 309.6528402442402
2.800000000000001 316.4595458063013
2.900000000000001 324.0091747650119
3.000000000000001 332.3720224311176
3.100000000000001 341.6158121243814
3.200000000000002 351.8017742854576
3.300000000000002 362.9758823300641
3.400000000000002 375.1600808082771
3.500000000000002 388.3397904269911
3.600000000000002 402.4502433170084
3.700000000000002 417.363574653287
3.800000000000002 432.8786742549058
3.900000000000002 448.7196118610352
4.000000000000002 464.5491852165382
4.100000000000001 479.9926084941404
4.200000000000001 494.6764233250133
4.300000000000001 508.2708373796433
4.4 520.5265940047246
4.5 531.2969833616402
4.6 540.5405504244785
4.699999999999999 548.3066926503845
4.799999999999999 554.7115125246523
4.899999999999999 559.9108419592677
4.999999999999998 564.0764925251123
5.099999999999998 567.3783333587526
5.199999999999998 569.9727818399342
5.299999999999997 571.9974226995015
5.399999999999997 573.5689027097756
5.499999999999996 574.7834987135691
5.599999999999996 575.7191891428663
5.699999999999996 576.4381974447567
5.799999999999995 576.9896135208237
5.899999999999995 577.4118479843439
5.999999999999995 577.7348097885935
6.099999999999994 577.9816167890085
6.199999999999994 578.1700918196882
6.299999999999994 578.3139488729998
6.399999999999993 578.4237105008398
6.499999999999993 578.5074244548268
6.599999999999993 578.5712543748625
6.699999999999992 578.6199611702746
6.799999999999992 578.6570806425358
6.899999999999991 578.685357451219
6.999999999999991 578.7068768711027
7.099999999999991 578.7233110162847
7.19999999999999 578.7358024860968
7.29999999999999 578.7453222421547
7.39999999999999 578.7525639266771
7.499999999999989 578.7580779133002
7.599999999999989 578.7623087470523
7.699999999999989 578.7655582513046
7.799999999999988 578.7681440428491
7.899999999999988 578.7699338533693
7.999999999999988 578.7713698472176
8.099999999999987 578.7724877272095
8.199999999999987 578.7733031380096
8.299999999999986 578.7739197296797
8.399999999999986 578.7743696256978
8.499999999999986 578.7747134804379
8.599999999999985 578.7749772693226
8.699999999999985 578.7751828260638
8.799999999999985 578.775343902337
8.899999999999984 578.7754690485343
8.999999999999984 578.7755665156591
9.099999999999984 578.7756407573683
9.199999999999983 578.7756984101451
9.299999999999983 578.7757417257731
9.399999999999983 578.7757755634956
9.499999999999982 578.7758009983118
9.599999999999982 578.7758209837704
9.699999999999982 578.7758360839822
9.799999999999981 578.7758479553672
9.899999999999981 578.7758569421688
9.99999999999998 578.7758639827156
10.09999999999998 578.7758706060108
10.19999999999998 578.7758787909775
10.29999999999998 578.7758859160544
10.39999999999998 578.775891981242
10.49999999999998 578.77589698654
10.59999999999998 578.7759009319485
10.69999999999998 578.7759038174676
10.79999999999998 578.7759056430971
10.89999999999998 578.775906408837
10.99999999999998 578.7759061146875
11.09999999999998 578.7759047606485
11.19999999999998 578.7759023467199
11.29999999999998 578.7759008334777
11.39999999999998 578.7759017262966
11.49999999999998 578.7759023502862
11.59999999999997 578.7759027054462
11.69999999999997 578.7759027917768
11.79999999999997 578.775902609278
11.89999999999997 578.7759021579496
11.99999999999997 578.775901437792
12.09999999999997 578.7759004488047
12.19999999999997 578.775899190988
12.29999999999997 578.7758976643419
12.39999999999997 578.7758958688662
12.49999999999997 578.7758947188904
12.59999999999997 578.775894223695
12.69999999999997 578.7758937284997
12.79999999999997 578.7758932333043
12.89999999999997 578.775892738109
12.99999999999997 578.7758922429136
13.09999999999997 578.7758917477182
13.19999999999997 578.7758912525229
13.29999999999997 578.7758907573275
13.39999999999997 578.7758902621322
13.49999999999997 578.7758897669369
13.59999999999997 578.7758892717414
13.69999999999997 578.7758890517434
13.79999999999997 578.7758890369118
13.89999999999997 578.7758890220803
13.99999999999997 578.7758890072487
14.09999999999997 578.7758889924171
14.19999999999997 578.7758889775854
14.29999999999997 578.7758889627538
14.39999999999996 578.7758889479222
14.49999999999996 578.7758889330906
14.59999999999996 578.7758889182591
14.69999999999996 578.7758889034275
14.79999999999996 578.7758888885958
14.89999999999996 578.7758888737642
14.99999999999996 578.7758888589326
15.09999999999996 578.775888844101
15.19999999999996 578.7758888292694
15.29999999999996 578.7758888144378
15.39999999999996 578.7758887996063
15.49999999999996 578.7758887847746
15.59999999999996 578.775888769943
15.69999999999996 578.7758887551114
15.79999999999996 578.7758887402798
15.89999999999996 578.7758887254482
15.99999999999996 578.7758887106166
16.09999999999996 578.7758886957849
16.19999999999996 578.7758886809534
16.29999999999996 578.7758886661218
16.39999999999996 578.7758886512902
16.49999999999996 578.7758886364586
16.59999999999997 578.775888621627
16.69999999999997 578.7758886067954
16.79999999999997 578.7758885919637
16.89999999999997 578.7758885771322
16.99999999999997 578.7758885623006
17.09999999999997 578.775888547469
17.19999999999997 578.7758885326374
17.29999999999998 578.7758885178058
17.39999999999998 578.7758885029741
17.49999999999998 578.7758884881425
17.59999999999998 578.7758884733109
17.69999999999998 578.7758884584794
17.79999999999998 578.7758884436478
17.89999999999998 578.7758884288162
17.99999999999999 578.7758884139846
18.09999999999999 578.7758883991529
18.19999999999999 578.7758883843213
18.29999999999999 578.7758883694897
18.39999999999999 578.7758883546582
18.49999999999999 578.7758883398266
18.59999999999999 578.775888324995
18.7 578.7758883101634
18.8 578.7758882953317
18.9 578.7758882805001
19 578.7758882656685
19.1 578.7758882508369
19.2 578.7758882360054
19.3 578.7758882211738
19.40000000000001 578.7758882063421
19.50000000000001 578.7758881915105
19.60000000000001 578.7758881766789
19.70000000000001 578.7758881618473
19.80000000000001 578.7758881470157
19.90000000000001 578.7758881321841
20.00000000000001 578.7758881173526
20.10000000000002 578.7758881025209
20.20000000000002 578.7758880876893
20.30000000000002 578.7758880728577
20.40000000000002 578.7758880580261
20.50000000000002 578.7758880431945
20.60000000000002 578.7758880283629
20.70000000000002 578.7758880135312
20.80000000000003 578.7758879986997
20.90000000000003 578.7758879838681
21.00000000000003 578.7758879690365
21.10000000000003 578.7758879542049
21.20000000000003 578.7758879393733
21.30000000000003 578.7758879245417
21.40000000000003 578.77588790971
21.50000000000004 578.7758878948785
21.60000000000004 578.7758878800469
21.70000000000004 578.7758878652153
21.80000000000004 578.7758878503837
21.90000000000004 578.7758878355521
22.00000000000004 578.7758878207204
22.10000000000004 578.7758878058888
22.20000000000005 578.7758877910572
22.30000000000005 578.7758877762257
22.40000000000005 578.7758877613941
22.50000000000005 578.7758877465625
22.60000000000005 578.7758877317309
22.70000000000005 578.7758877168992
22.80000000000005 578.7758877020676
22.90000000000006 578.775887687236
23.00000000000006 578.7758876724045
23.10000000000006 578.7758876575729
23.20000000000006 578.7758876427413
23.30000000000006 578.7758876279096
23.40000000000006 578.775887613078
23.50000000000006 578.7758875982464
23.60000000000007 578.7758875834148
23.70000000000007 578.7758875685832
23.80000000000007 578.7758875537517
23.90000000000007 578.7758875389201
24.00000000000007 578.7758875240884
24.10000000000007 578.7758875092568
24.20000000000007 578.7758874944252
24.30000000000008 578.7758874795936
24.40000000000008 578.775887464762
24.50000000000008 578.7758874499305
24.60000000000008 578.7758874350988
24.70000000000008 578.7758874202672
24.80000000000008 578.7758874054356
24.90000000000008 578.775887390604
25.00000000000009 578.7758873757724
25.10000000000009 578.7758873609408
25.20000000000009 578.7758873461092
25.30000000000009 578.7758873312775
25.40000000000009 578.775887316446
25.50000000000009 578.7758873016144
25.60000000000009 578.7758872929003
25.7000000000001 578.775887292456
25.8000000000001 578.7758872920116
25.9000000000001 578.7758872915673
26.0000000000001 578.775887291123
26.1000000000001 578.7758872906786
26.2000000000001 578.7758872902343
26.3000000000001 578.7758872897899
26.40000000000011 578.7758872893456
26.50000000000011 578.7758872889012
26.60000000000011 578.7758872884569
26.70000000000011 578.7758872880127
26.80000000000011 578.7758872875683
26.90000000000011 578.775887287124
27.00000000000011 578.7758872866796
27.10000000000012 578.7758872862353
27.20000000000012 578.7758872857909
27.30000000000012 578.7758872853466
27.40000000000012 578.7758872849023
27.50000000000012 578.7758872844579
27.60000000000012 578.7758872840136
27.70000000000012 578.7758872835692
27.80000000000013 578.7758872831249
27.90000000000013 578.7758872826805
28.00000000000013 578.7758872822362
28.10000000000013 578.7758872817919
28.20000000000013 578.7758872813475
28.30000000000013 578.7758872809032
28.40000000000013 578.7758872804588
28.50000000000014 578.7758872800146
28.60000000000014 578.7758872795702
28.70000000000014 578.7758872791259
28.80000000000014 578.7758872786816
28.90000000000014 578.7758872782372
29.00000000000014 578.7758872777929
29.10000000000014 578.7758872773485
29.20000000000014 578.7758872769042
29.30000000000015 578.7758872764598
29.40000000000015 578.7758872760155
29.50000000000015 578.7758872755712
29.60000000000015 578.7758872751268
29.70000000000015 578.7758872746825
29.80000000000015 578.7758872742381
29.90000000000015 578.7758872737938
30.00000000000016 578.7758872733494
30.10000000000016 578.7758872729052
30.20000000000016 578.7758872724609
30.30000000000016 578.7758872720165
30.40000000000016 578.7758872715722
30.50000000000016 578.7758872711278
30.60000000000016 578.7758872706835
30.70000000000017 578.7758872702391
30.80000000000017 578.7758872697948
30.90000000000017 578.7758872693505
31.00000000000017 578.7758872689061
31.10000000000017 578.7758872684618
31.20000000000017 578.7758872680174
31.30000000000017 578.7758872675731
31.40000000000018 578.7758872671287
31.50000000000018 578.7758872666844
31.60000000000018 578.7758872662401
31.70000000000018 578.7758872657957
31.80000000000018 578.7758872653515
31.90000000000018 578.7758872649071
32.00000000000018 578.7758872644628
32.10000000000019 578.7758872640184
32.20000000000019 578.7758872635741
32.30000000000019 578.7758872631298
32.40000000000019 578.7758872626854
32.50000000000019 578.7758872622411
32.60000000000019 578.7758872617967
32.70000000000019 578.7758872613524
32.8000000000002 578.775887260908
32.9000000000002 578.7758872604637
33.0000000000002 578.7758872600194
33.1000000000002 578.775887259575
33.2000000000002 578.7758872591307
33.3000000000002 578.7758872586863
33.4000000000002 578.7758872582421
33.50000000000021 578.7758872577976
33.60000000000021 578.7758872573534
33.70000000000021 578.7758872569091
33.80000000000021 578.7758872564647
33.90000000000021 578.7758872560204
34.00000000000021 578.775887255576
34.10000000000021 578.7758872551317
34.20000000000022 578.7758872546873
34.30000000000022 578.775887254243
34.40000000000022 578.7758872537987
34.50000000000022 578.7758872533543
34.60000000000022 578.77588725291
34.70000000000022 578.7758872524656
34.80000000000022 578.7758872520213
34.90000000000023 578.7758872515769
35.00000000000023 578.7758872511326
35.10000000000023 578.7758872506884
35.20000000000023 578.775887250244
35.30000000000023 578.7758872497997
35.40000000000023 578.7758872493553
35.50000000000023 578.775887248911
35.60000000000024 578.7758872484666
35.70000000000024 578.7758872480223
35.80000000000024 578.775887247578
35.90000000000024 578.7758872471336
36.00000000000024 578.7758872466893
36.10000000000024 578.7758872462449
36.20000000000024 578.7758872458006
36.30000000000025 578.7758872453562
36.40000000000025 578.7758872449119
36.50000000000025 578.7758872444676
36.60000000000025 578.7758872440232
36.70000000000025 578.7758872435789
36.80000000000025 578.7758872431345
36.90000000000025 578.7758872426903
37.00000000000026 578.7758872422459
37.10000000000026 578.7758872418016
37.20000000000026 578.7758872413573
37.30000000000026 578.7758872409129
37.40000000000026 578.7758872404686
37.50000000000026 578.7758872401472
37.60000000000026 578.7758872401458
37.70000000000027 578.7758872401445
37.80000000000027 578.7758872401431
37.90000000000027 578.7758872401417
38.00000000000027 578.7758872401404
38.10000000000027 578.775887240139
38.20000000000027 578.7758872401376
38.30000000000027 578.7758872401363
38.40000000000028 578.7758872401348
38.50000000000028 578.7758872401334
38.60000000000028 578.7758872401321
38.70000000000028 578.7758872401307
38.80000000000028 578.7758872401294
38.90000000000028 578.775887240128
39.00000000000028 578.7758872401266
39.10000000000029 578.7758872401253
39.20000000000029 578.7758872401239
39.30000000000029 578.7758872401225
39.40000000000029 578.7758872401212
39.50000000000029 578.7758872401198
39.60000000000029 578.7758872401184
39.70000000000029 578.7758872401171
39.8000000000003 578.7758872401157
39.9000000000003 578.7758872401143
40.0000000000003 578.775887240113
40.1000000000003 578.7758872401116
40.2000000000003 578.7758872401103
40.3000000000003 578.7758872401089
40.4000000000003 578.7758872401075
40.50000000000031 578.7758872401062
40.60000000000031 578.7758872401048
40.70000000000031 578.7758872401034
40.80000000000031 578.7758872401021
40.90000000000031 578.7758872401007
41.00000000000031 578.7758872400992
41.10000000000031 578.7758872400979
41.20000000000032 578.7758872400965
41.30000000000032 578.7758872400951
41.40000000000032 578.7758872400938
41.50000000000032 578.7758872400924
41.60000000000032 578.775887240091
41.70000000000032 578.7758872400897
41.80000000000032 578.7758872400883
41.90000000000033 578.7758872400869
42.00000000000033 578.7758872400856
42.10000000000033 578.7758872400842
42.20000000000033 578.7758872400829
42.30000000000033 578.7758872400815
42.40000000000033 578.7758872400801
42.50000000000033 578.7758872400788
42.60000000000034 578.7758872400774
42.70000000000034 578.775887240076
42.80000000000034 578.7758872400747
42.90000000000034 578.7758872400733
43.00000000000034 578.7758872400719
43.10000000000034 578.7758872400706
43.20000000000034 578.7758872400692
43.30000000000035 578.7758872400678
43.40000000000035 578.7758872400665
43.50000000000035 578.775887240065
43.60000000000035 578.7758872400636
43.70000000000035 578.7758872400623
43.80000000000035 578.7758872400609
43.90000000000035 578.7758872400595
44.00000000000036 578.7758872400582
44.10000000000036 578.7758872400568
44.20000000000036 578.7758872400555
44.30000000000036 578.7758872400541
44.40000000000036 578.7758872400527
44.50000000000036 578.7758872400514
44.60000000000036 578.77588724005
44.70000000000037 578.7758872400486
44.80000000000037 578.7758872400473
44.90000000000037 578.7758872400459
45.00000000000037 578.7758872400445
45.10000000000037 578.7758872400432
45.20000000000037 578.7758872400418
45.30000000000037 578.7758872400404
45.40000000000038 578.7758872400391
45.50000000000038 578.7758872400377
45.60000000000038 578.7758872400364
45.70000000000038 578.775887240035
45.80000000000038 578.7758872400336
45.90000000000038 578.7758872400323
46.00000000000038 578.7758872400309
46.10000000000039 578.7758872400294
46.20000000000039 578.7758872400281
46.30000000000039 578.7758872400267
46.40000000000039 578.7758872400253
46.50000000000039 578.775887240024
46.60000000000039 578.7758872400226
46.70000000000039 578.7758872400212
46.8000000000004 578.7758872400199
46.9000000000004 578.7758872400185
47.0000000000004 578.7758872400171
47.1000000000004 578.7758872400158
47.2000000000004 578.7758872400144
47.3000000000004 578.775887240013
47.4000000000004 578.7758872400117
47.50000000000041 578.7758872400103
47.60000000000041 578.775887240009
47.70000000000041 578.7758872400076
47.80000000000041 578.7758872400062
47.90000000000041 578.7758872400049
48.00000000000041 578.7758872400035
48.10000000000041 578.7758872400021
48.20000000000041 578.7758872400008
48.30000000000042 578.7758872399994
48.40000000000042 578.775887239998
48.50000000000042 578.7758872399967
48.60000000000042 578.7758872399953
48.70000000000042 578.7758872399938
48.80000000000042 578.7758872399925
48.90000000000042 578.7758872399911
49.00000000000043 578.7758872399897
49.10000000000043 578.7758872399884
49.20000000000043 578.775887239987
49.30000000000043 578.7758872399857
49.40000000000043 578.7758872399843
49.50000000000043 578.7758872399829
49.60000000000043 578.7758872399816
49.70000000000044 578.7758872399802
49.80000000000044 578.7758872399788
49.90000000000044 578.7758872399775