Time X1
0 250
0.1 250.2178281814207
0.2 250.4555382791293
0.3 250.7151685702346
0.4 250.9983648803879
0.5 251.3077205602949
0.6 251.6456489209613
0.7 252.0147633368251
0.7999999999999999 252.418126785033
0.8999999999999999 252.8587353040575
0.9999999999999999 253.3403553038563
1.1 253.8668162848151
1.2 254.4424806171846
1.3 255.0721327404673
1.4 255.7610337167251
1.5 256.5150029870966
1.6 257.3404608913975
1.7 258.2444373386475
1.8 259.2348667290224
1.900000000000001 260.3203538064162
2 261.5106806760845
2.100000000000001 262.816440431588
2.200000000000001 264.2495769269491
2.300000000000001 265.8233564148513
2.400000000000001 267.5524907122403
2.500000000000001 269.4534525275182
2.600000000000001 271.544599257521
2.700000000000001 273.846394205025
2.800000000000001 276.3816055821428
2.900000000000001 279.1756298738534
3.000000000000001 282.2568475219159
3.100000000000001 285.6567251427759
3.200000000000002 289.4102731080945
3.300000000000002 293.5562325942583
3.400000000000002 298.1371560957963
3.500000000000002 303.1995605013379
3.600000000000002 308.7941105444004
3.700000000000002 314.9743504995885
3.800000000000002 321.7965729982773
3.900000000000002 329.3176133164158
4.000000000000002 337.5936663237355
4.100000000000001 346.6746373975063
4.200000000000001 356.600354863667
4.300000000000001 367.3938563457866
4.4 379.0524011950973
4.5 391.5378437977694
4.6 404.7671287451531
4.699999999999999 418.6036069482591
4.799999999999999 432.8531776290338
4.899999999999999 447.2679396002876
4.999999999999998 461.559693942175
5.099999999999998 475.4212156355499
5.199999999999998 488.5565284165938
5.299999999999997 500.7110149057185
5.399999999999997 511.6961538575404
5.499999999999996 521.4029640061291
5.599999999999996 529.8023214612515
5.699999999999996 536.9341101012743
5.799999999999995 542.8896353071766
5.899999999999995 547.792179977214
5.999999999999995 551.7794712651291
6.099999999999994 554.9901547504354
6.199999999999994 557.554287169949
6.299999999999994 559.5885665391785
6.399999999999993 561.1939935243289
6.499999999999993 562.4556541687062
6.599999999999993 563.4438282463425
6.699999999999992 564.2157957463172
6.799999999999992 564.8176314858003
6.899999999999991 565.286068957878
6.999999999999991 565.6502029150573
7.099999999999991 565.9330137107911
7.19999999999999 566.1524890105306
7.29999999999999 566.3227024799455
7.39999999999999 566.4546551931677
7.499999999999989 566.5569163031309
7.599999999999989 566.6361348270881
7.699999999999989 566.6974882930524
7.799999999999988 566.7450306592733
7.899999999999988 566.7818600215244
7.999999999999988 566.8103463282156
8.099999999999987 566.832374248989
8.199999999999987 566.849429114133
8.299999999999986 566.862637838463
8.399999999999986 566.8728612917416
8.499999999999986 566.8807544079143
8.599999999999985 566.8868643328934
8.699999999999985 566.891582538288
8.799999999999985 566.8952778164344
8.899999999999984 566.8981479263643
8.999999999999984 566.900465914364
9.099999999999984 566.9021030554527
9.199999999999983 566.9034322559364
9.299999999999983 566.9044844919017
9.399999999999983 566.9052686446457
9.499999999999982 566.9058668027762
9.599999999999982 566.9063178361256
9.699999999999982 566.9066575423726
9.799999999999981 566.906927355156
9.899999999999981 566.9071353644522
9.99999999999998 566.9073034681192
10.09999999999998 566.9074345437792
10.19999999999998 566.9075395352727
10.29999999999998 566.9076207206029
10.39999999999998 566.9076846606922
10.49999999999998 566.9077342351121
10.59999999999998 566.9077724902859
10.69999999999998 566.9078026600816
10.79999999999998 566.9078257184213
10.89999999999998 566.907844121763
10.99999999999998 566.907858226626
11.09999999999998 566.9078694772636
11.19999999999998 566.9078781527608
11.29999999999998 566.907885006395
11.39999999999998 566.9078903726072
11.49999999999998 566.9078982544646
11.59999999999997 566.907905215015
11.69999999999997 566.9079112542587
11.79999999999997 566.9079163721954
11.89999999999997 566.9079205688251
11.99999999999997 566.9079238441479
12.09999999999997 566.907926198164
12.19999999999997 566.907927630873
12.29999999999997 566.9079281422752
12.39999999999997 566.9079277323704
12.49999999999997 566.9079264011588
12.59999999999997 566.9079241486402
12.69999999999997 566.9079225926316
12.79999999999997 566.9079234382557
12.89999999999997 566.9079240502585
12.99999999999997 566.9079244286404
13.09999999999997 566.9079245734011
13.19999999999997 566.9079244845408
13.29999999999997 566.9079241620594
13.39999999999997 566.907923605957
13.49999999999997 566.9079228162334
13.59999999999997 566.9079217928887
13.69999999999997 566.907920535923
13.79999999999997 566.9079190453363
13.89999999999997 566.9079173211284
13.99999999999997 566.9079165730034
14.09999999999997 566.9079161164155
14.19999999999997 566.9079156598277
14.29999999999997 566.9079152032398
14.39999999999996 566.907914746652
14.49999999999996 566.9079142900641
14.59999999999996 566.9079138334763
14.69999999999996 566.9079133768884
14.79999999999996 566.9079129203005
14.89999999999996 566.9079124637127
14.99999999999996 566.9079120071249
15.09999999999996 566.9079115505369
15.19999999999996 566.9079111250245
15.29999999999996 566.9079111113534
15.39999999999996 566.9079110976825
15.49999999999996 566.9079110840114
15.59999999999996 566.9079110703404
15.69999999999996 566.9079110566694
15.79999999999996 566.9079110429983
15.89999999999996 566.9079110293274
15.99999999999996 566.9079110156563
16.09999999999996 566.9079110019852
16.19999999999996 566.9079109883143
16.29999999999996 566.9079109746432
16.39999999999996 566.9079109609721
16.49999999999996 566.9079109473012
16.59999999999997 566.9079109336301
16.69999999999997 566.907910919959
16.79999999999997 566.9079109062881
16.89999999999997 566.907910892617
16.99999999999997 566.907910878946
17.09999999999997 566.907910865275
17.19999999999997 566.9079108516039
17.29999999999998 566.9079108379329
17.39999999999998 566.9079108242619
17.49999999999998 566.9079108105908
17.59999999999998 566.9079107969199
17.69999999999998 566.9079107832488
17.79999999999998 566.9079107695777
17.89999999999998 566.9079107559068
17.99999999999999 566.9079107422357
18.09999999999999 566.9079107285646
18.19999999999999 566.9079107148937
18.29999999999999 566.9079107012226
18.39999999999999 566.9079106875516
18.49999999999999 566.9079106738806
18.59999999999999 566.9079106602095
18.7 566.9079106465385
18.8 566.9079106328675
18.9 566.9079106191964
19 566.9079106055254
19.1 566.9079105918544
19.2 566.9079105781833
19.3 566.9079105645123
19.40000000000001 566.9079105508413
19.50000000000001 566.9079105371702
19.60000000000001 566.9079105234993
19.70000000000001 566.9079105098282
19.80000000000001 566.9079104961572
19.90000000000001 566.9079104824862
20.00000000000001 566.9079104688151
20.10000000000002 566.9079104551441
20.20000000000002 566.9079104414731
20.30000000000002 566.907910427802
20.40000000000002 566.907910414131
20.50000000000002 566.90791040046
20.60000000000002 566.9079103867889
20.70000000000002 566.9079103731179
20.80000000000003 566.9079103594469
20.90000000000003 566.9079103457759
21.00000000000003 566.9079103321048
21.10000000000003 566.9079103184338
21.20000000000003 566.9079103047628
21.30000000000003 566.9079102910918
21.40000000000003 566.9079102774207
21.50000000000004 566.9079102637497
21.60000000000004 566.9079102500787
21.70000000000004 566.9079102364076
21.80000000000004 566.9079102227366
21.90000000000004 566.9079102090656
22.00000000000004 566.9079101953945
22.10000000000004 566.9079101817235
22.20000000000005 566.9079101680525
22.30000000000005 566.9079101543815
22.40000000000005 566.9079101407104
22.50000000000005 566.9079101270394
22.60000000000005 566.9079101133684
22.70000000000005 566.9079100996973
22.80000000000005 566.9079100860263
22.90000000000006 566.9079100723553
23.00000000000006 566.9079100586843
23.10000000000006 566.9079100450132
23.20000000000006 566.9079100313422
23.30000000000006 566.9079100176712
23.40000000000006 566.9079100040001
23.50000000000006 566.9079099903291
23.60000000000007 566.9079099766581
23.70000000000007 566.9079099629871
23.80000000000007 566.907909949316
23.90000000000007 566.907909935645
24.00000000000007 566.907909921974
24.10000000000007 566.9079099083029
24.20000000000007 566.9079098946319
24.30000000000008 566.9079098809609
24.40000000000008 566.9079098672898
24.50000000000008 566.9079098536188
24.60000000000008 566.9079098399478
24.70000000000008 566.9079098262768
24.80000000000008 566.9079098126057
24.90000000000008 566.9079097989347
25.00000000000009 566.9079097852637
25.10000000000009 566.9079097715927
25.20000000000009 566.9079097579216
25.30000000000009 566.9079097442506
25.40000000000009 566.9079097305796
25.50000000000009 566.9079097169085
25.60000000000009 566.9079097032375
25.7000000000001 566.9079096895665
25.8000000000001 566.9079096758954
25.9000000000001 566.9079096622244
26.0000000000001 566.9079096485534
26.1000000000001 566.9079096348823
26.2000000000001 566.9079096212113
26.3000000000001 566.9079096075403
26.40000000000011 566.9079095938692
26.50000000000011 566.9079095801983
26.60000000000011 566.9079095665272
26.70000000000011 566.9079095528562
26.80000000000011 566.9079095391852
26.90000000000011 566.9079095255141
27.00000000000011 566.9079095118431
27.10000000000012 566.9079094981721
27.20000000000012 566.907909484501
27.30000000000012 566.90790947083
27.40000000000012 566.907909457159
27.50000000000012 566.9079094434879
27.60000000000012 566.9079094298169
27.70000000000012 566.9079094161459
27.80000000000013 566.9079094024748
27.90000000000013 566.9079093969245
28.00000000000013 566.9079093965152
28.10000000000013 566.9079093961058
28.20000000000013 566.9079093956963
28.30000000000013 566.9079093952869
28.40000000000013 566.9079093948774
28.50000000000014 566.907909394468
28.60000000000014 566.9079093940586
28.70000000000014 566.9079093936491
28.80000000000014 566.9079093932397
28.90000000000014 566.9079093928303
29.00000000000014 566.9079093924208
29.10000000000014 566.9079093920114
29.20000000000014 566.9079093916019
29.30000000000015 566.9079093911926
29.40000000000015 566.9079093907832
29.50000000000015 566.9079093903737
29.60000000000015 566.9079093899643
29.70000000000015 566.9079093895548
29.80000000000015 566.9079093891454
29.90000000000015 566.907909388736
30.00000000000016 566.9079093883265
30.10000000000016 566.9079093879171
30.20000000000016 566.9079093875077
30.30000000000016 566.9079093870982
30.40000000000016 566.9079093866889
30.50000000000016 566.9079093862794
30.60000000000016 566.90790938587
30.70000000000017 566.9079093854606
30.80000000000017 566.9079093850511
30.90000000000017 566.9079093846417
31.00000000000017 566.9079093842323
31.10000000000017 566.9079093838228
31.20000000000017 566.9079093834134
31.30000000000017 566.9079093830039
31.40000000000018 566.9079093825945
31.50000000000018 566.9079093821852
31.60000000000018 566.9079093817757
31.70000000000018 566.9079093813663
31.80000000000018 566.9079093809569
31.90000000000018 566.9079093805474
32.00000000000018 566.907909380138
32.10000000000019 566.9079093797285
32.20000000000019 566.9079093793191
32.30000000000019 566.9079093789097
32.40000000000019 566.9079093785002
32.50000000000019 566.9079093780908
32.60000000000019 566.9079093776813
32.70000000000019 566.9079093772719
32.8000000000002 566.9079093768626
32.9000000000002 566.9079093764531
33.0000000000002 566.9079093760437
33.1000000000002 566.9079093756343
33.2000000000002 566.9079093752248
33.3000000000002 566.9079093748154
33.4000000000002 566.9079093744059
33.50000000000021 566.9079093739965
33.60000000000021 566.9079093735871
33.70000000000021 566.9079093731776
33.80000000000021 566.9079093727682
33.90000000000021 566.9079093723589
34.00000000000021 566.9079093719494
34.10000000000021 566.90790937154
34.20000000000022 566.9079093711305
34.30000000000022 566.9079093707211
34.40000000000022 566.9079093703117
34.50000000000022 566.9079093699022
34.60000000000022 566.9079093694928
34.70000000000022 566.9079093690833
34.80000000000022 566.9079093686739
34.90000000000023 566.9079093682645
35.00000000000023 566.907909367855
35.10000000000023 566.9079093674457
35.20000000000023 566.9079093670363
35.30000000000023 566.9079093666268
35.40000000000023 566.9079093662174
35.50000000000023 566.9079093658079
35.60000000000024 566.9079093653985
35.70000000000024 566.9079093649891
35.80000000000024 566.9079093645796
35.90000000000024 566.9079093641702
36.00000000000024 566.9079093637608
36.10000000000024 566.9079093633513
36.20000000000024 566.907909362942
36.30000000000025 566.9079093625325
36.40000000000025 566.9079093621231
36.50000000000025 566.9079093617137
36.60000000000025 566.9079093613042
36.70000000000025 566.9079093608948
36.80000000000025 566.9079093604853
36.90000000000025 566.9079093600759
37.00000000000026 566.9079093596665
37.10000000000026 566.907909359257
37.20000000000026 566.9079093588476
37.30000000000026 566.9079093584382
37.40000000000026 566.9079093580287
37.50000000000026 566.9079093576194
37.60000000000026 566.9079093572099
37.70000000000027 566.9079093568005
37.80000000000027 566.9079093563911
37.90000000000027 566.9079093559816
38.00000000000027 566.9079093555722
38.10000000000027 566.9079093551628
38.20000000000027 566.9079093547533
38.30000000000027 566.9079093543439
38.40000000000028 566.9079093539344
38.50000000000028 566.907909353525
38.60000000000028 566.9079093531157
38.70000000000028 566.9079093527062
38.80000000000028 566.9079093522968
38.90000000000028 566.9079093518874
39.00000000000028 566.9079093514779
39.10000000000029 566.9079093510685
39.20000000000029 566.907909350659
39.30000000000029 566.9079093502496
39.40000000000029 566.9079093498402
39.50000000000029 566.9079093494307
39.60000000000029 566.9079093490213
39.70000000000029 566.9079093486118
39.8000000000003 566.9079093482025
39.9000000000003 566.9079093477931
40.0000000000003 566.9079093473836
40.1000000000003 566.9079093469742
40.2000000000003 566.9079093465648
40.3000000000003 566.9079093461553
40.4000000000003 566.9079093457459
40.50000000000031 566.9079093453995
40.60000000000031 566.9079093453983
40.70000000000031 566.907909345397
40.80000000000031 566.9079093453958
40.90000000000031 566.9079093453945
41.00000000000031 566.9079093453931
41.10000000000031 566.9079093453919
41.20000000000032 566.9079093453906
41.30000000000032 566.9079093453894
41.40000000000032 566.9079093453881
41.50000000000032 566.9079093453869
41.60000000000032 566.9079093453856
41.70000000000032 566.9079093453844
41.80000000000032 566.9079093453831
41.90000000000033 566.9079093453819
42.00000000000033 566.9079093453806
42.10000000000033 566.9079093453794
42.20000000000033 566.907909345378
42.30000000000033 566.9079093453768
42.40000000000033 566.9079093453755
42.50000000000033 566.9079093453743
42.60000000000034 566.907909345373
42.70000000000034 566.9079093453718
42.80000000000034 566.9079093453705
42.90000000000034 566.9079093453693
43.00000000000034 566.907909345368
43.10000000000034 566.9079093453668
43.20000000000034 566.9079093453655
43.30000000000035 566.9079093453643
43.40000000000035 566.9079093453629
43.50000000000035 566.9079093453616
43.60000000000035 566.9079093453604
43.70000000000035 566.9079093453591
43.80000000000035 566.9079093453579
43.90000000000035 566.9079093453566
44.00000000000036 566.9079093453554
44.10000000000036 566.9079093453541
44.20000000000036 566.9079093453529
44.30000000000036 566.9079093453516
44.40000000000036 566.9079093453504
44.50000000000036 566.907909345349
44.60000000000036 566.9079093453478
44.70000000000037 566.9079093453465
44.80000000000037 566.9079093453453
44.90000000000037 566.907909345344
45.00000000000037 566.9079093453428
45.10000000000037 566.9079093453415
45.20000000000037 566.9079093453403
45.30000000000037 566.907909345339
45.40000000000038 566.9079093453378
45.50000000000038 566.9079093453365
45.60000000000038 566.9079093453353
45.70000000000038 566.9079093453339
45.80000000000038 566.9079093453327
45.90000000000038 566.9079093453314
46.00000000000038 566.9079093453302
46.10000000000039 566.9079093453289
46.20000000000039 566.9079093453277
46.30000000000039 566.9079093453264
46.40000000000039 566.9079093453252
46.50000000000039 566.9079093453239
46.60000000000039 566.9079093453227
46.70000000000039 566.9079093453214
46.8000000000004 566.9079093453201
46.9000000000004 566.9079093453188
47.0000000000004 566.9079093453175
47.1000000000004 566.9079093453163
47.2000000000004 566.907909345315
47.3000000000004 566.9079093453138
47.4000000000004 566.9079093453125
47.50000000000041 566.9079093453113
47.60000000000041 566.90790934531
47.70000000000041 566.9079093453088
47.80000000000041 566.9079093453075
47.90000000000041 566.9079093453063
48.00000000000041 566.9079093453049
48.10000000000041 566.9079093453037
48.20000000000041 566.9079093453024
48.30000000000042 566.9079093453012
48.40000000000042 566.9079093452999
48.50000000000042 566.9079093452987
48.60000000000042 566.9079093452974
48.70000000000042 566.9079093452962
48.80000000000042 566.9079093452949
48.90000000000042 566.9079093452937
49.00000000000043 566.9079093452924
49.10000000000043 566.9079093452912
49.20000000000043 566.9079093452898
49.30000000000043 566.9079093452885
49.40000000000043 566.9079093452873
49.50000000000043 566.907909345286
49.60000000000043 566.9079093452848
49.70000000000044 566.9079093452835
49.80000000000044 566.9079093452823
49.90000000000044 566.907909345281