Time X1
0 250
0.1 259.4557282640358
0.2 270.6741238309588
0.3 284.0955160813792
0.4 300.2897794895921
0.5 319.9857536064537
0.6 344.0922332791041
0.7 373.677639864412
0.7999999999999999 409.8356688413716
0.8999999999999999 453.3121983425127
0.9999999999999999 503.7605069315065
1.1 558.7434144134272
1.2 613.3087264000296
1.3 661.3856974142309
1.4 698.6934047294403
1.5 724.5198007553378
1.6 740.8902845095
1.7 750.6604704884311
1.8 756.2758660484757
1.900000000000001 759.432578378078
2 761.1844257746504
2.100000000000001 762.1495385702397
2.200000000000001 762.6792674249925
2.300000000000001 762.9694324493553
2.400000000000001 763.1281888692033
2.500000000000001 763.2148469546909
2.600000000000001 763.2622924866403
2.700000000000001 763.2882084066164
2.800000000000001 763.3023301116724
2.900000000000001 763.3101342875292
3.000000000000001 763.3144840173211
3.100000000000001 763.3168120268322
3.200000000000002 763.3180489814314
3.300000000000002 763.3186885776412
3.400000000000002 763.3190475334999
3.500000000000002 763.3192548169316
3.600000000000002 763.3193710827427
3.700000000000002 763.319435118427
3.800000000000002 763.3194706742115
3.900000000000002 763.3194906099147
4.000000000000002 763.3195130625708
4.100000000000001 763.3195289399346
4.200000000000001 763.3195381095771
4.300000000000001 763.3195405714987
4.4 763.319536325699
4.5 763.3195344686611
4.6 763.3195358285036
4.699999999999999 763.3195354894318
4.799999999999999 763.3195334514455
4.899999999999999 763.319529714545
4.999999999999998 763.3195254651794
5.099999999999998 763.3195240584728
5.199999999999998 763.3195226517661
5.299999999999997 763.3195212450594
5.399999999999997 763.3195198383527
5.499999999999996 763.3195184316461
5.599999999999996 763.3195181747785
5.699999999999996 763.3195181328434
5.799999999999995 763.3195180909082
5.899999999999995 763.3195180489731
5.999999999999995 763.319518007038
6.099999999999994 763.3195179651028
6.199999999999994 763.3195179231677
6.299999999999994 763.3195178812325
6.399999999999993 763.3195178392974
6.499999999999993 763.3195177973622
6.599999999999993 763.3195177554271
6.699999999999992 763.3195177134919
6.799999999999992 763.3195176715568
6.899999999999991 763.3195176296217
6.999999999999991 763.3195175876865
7.099999999999991 763.3195175457514
7.19999999999999 763.3195175038162
7.29999999999999 763.3195174618811
7.39999999999999 763.3195174199459
7.499999999999989 763.3195173780108
7.599999999999989 763.3195173360757
7.699999999999989 763.3195172941405
7.799999999999988 763.3195172522054
7.899999999999988 763.3195172102702
7.999999999999988 763.3195171683351
8.099999999999987 763.3195171263999
8.199999999999987 763.3195170844648
8.299999999999986 763.3195170425296
8.399999999999986 763.3195170005945
8.499999999999986 763.3195169586594
8.599999999999985 763.3195169167242
8.699999999999985 763.3195168747891
8.799999999999985 763.3195168328539
8.899999999999984 763.3195167909188
8.999999999999984 763.3195167489836
9.099999999999984 763.3195167070485
9.199999999999983 763.3195166651133
9.299999999999983 763.3195166231782
9.399999999999983 763.3195165812431
9.499999999999982 763.3195165393079
9.599999999999982 763.3195164973728
9.699999999999982 763.3195164554376
9.799999999999981 763.3195164135025
9.899999999999981 763.3195163715673
9.99999999999998 763.3195163296322
10.09999999999998 763.3195162876971
10.19999999999998 763.3195162457619
10.29999999999998 763.3195162038268
10.39999999999998 763.3195161618916
10.49999999999998 763.3195161199565
10.59999999999998 763.3195160780213
10.69999999999998 763.3195160360862
10.79999999999998 763.3195159941509
10.89999999999998 763.3195159531296
10.99999999999998 763.3195159518791
11.09999999999998 763.3195159506288
11.19999999999998 763.3195159493785
11.29999999999998 763.3195159481281
11.39999999999998 763.3195159468778
11.49999999999998 763.3195159456275
11.59999999999997 763.319515944377
11.69999999999997 763.3195159431267
11.79999999999997 763.3195159418764
11.89999999999997 763.319515940626
11.99999999999997 763.3195159393757
12.09999999999997 763.3195159381253
12.19999999999997 763.319515936875
12.29999999999997 763.3195159356246
12.39999999999997 763.3195159343743
12.49999999999997 763.319515933124
12.59999999999997 763.3195159318736
12.69999999999997 763.3195159306232
12.79999999999997 763.3195159293729
12.89999999999997 763.3195159281225
12.99999999999997 763.3195159268722
13.09999999999997 763.3195159256219
13.19999999999997 763.3195159243714
13.29999999999997 763.3195159231211
13.39999999999997 763.3195159218708
13.49999999999997 763.3195159206205
13.59999999999997 763.3195159193701
13.69999999999997 763.3195159181198
13.79999999999997 763.3195159168694
13.89999999999997 763.319515915619
13.99999999999997 763.3195159143687
14.09999999999997 763.3195159131184
14.19999999999997 763.3195159118681
14.29999999999997 763.3195159106177
14.39999999999996 763.3195159093673
14.49999999999996 763.319515908117
14.59999999999996 763.3195159068666
14.69999999999996 763.3195159056163
14.79999999999996 763.319515904366
14.89999999999996 763.3195159031155
14.99999999999996 763.3195159018652
15.09999999999996 763.3195159006149
15.19999999999996 763.3195158993645
15.29999999999996 763.3195158981142
15.39999999999996 763.3195158968639
15.49999999999996 763.3195158956134
15.59999999999996 763.3195158943631
15.69999999999996 763.3195158931128
15.79999999999996 763.3195158918625
15.89999999999996 763.3195158906121
15.99999999999996 763.3195158893617
16.09999999999996 763.3195158881114
16.19999999999996 763.319515886861
16.29999999999996 763.319515885863
16.39999999999996 763.3195158858591
16.49999999999996 763.3195158858553
16.59999999999997 763.3195158858515
16.69999999999997 763.3195158858476
16.79999999999997 763.3195158858438
16.89999999999997 763.31951588584
16.99999999999997 763.3195158858362
17.09999999999997 763.3195158858323
17.19999999999997 763.3195158858284
17.29999999999998 763.3195158858247
17.39999999999998 763.3195158858208
17.49999999999998 763.3195158858169
17.59999999999998 763.3195158858132
17.69999999999998 763.3195158858093
17.79999999999998 763.3195158858055
17.89999999999998 763.3195158858016
17.99999999999999 763.3195158857978
18.09999999999999 763.319515885794
18.19999999999999 763.3195158857901
18.29999999999999 763.3195158857864
18.39999999999999 763.3195158857825
18.49999999999999 763.3195158857786
18.59999999999999 763.3195158857748
18.7 763.319515885771
18.8 763.3195158857671
18.9 763.3195158857633
19 763.3195158857595
19.1 763.3195158857557
19.2 763.3195158857518
19.3 763.3195158857479
19.40000000000001 763.3195158857442
19.50000000000001 763.3195158857403
19.60000000000001 763.3195158857365
19.70000000000001 763.3195158857327
19.80000000000001 763.3195158857288
19.90000000000001 763.319515885725
20.00000000000001 763.3195158857212
20.10000000000002 763.3195158857174
20.20000000000002 763.3195158857135
20.30000000000002 763.3195158857096
20.40000000000002 763.3195158857059
20.50000000000002 763.319515885702
20.60000000000002 763.3195158856981
20.70000000000002 763.3195158856944
20.80000000000003 763.3195158856905
20.90000000000003 763.3195158856867
21.00000000000003 763.3195158856828
21.10000000000003 763.319515885679
21.20000000000003 763.3195158856752
21.30000000000003 763.3195158856713
21.40000000000003 763.3195158856676
21.50000000000004 763.3195158856637
21.60000000000004 763.3195158856598
21.70000000000004 763.319515885656
21.80000000000004 763.3195158856522
21.90000000000004 763.3195158856483
22.00000000000004 763.3195158856445
22.10000000000004 763.3195158856407
22.20000000000005 763.3195158856369
22.30000000000005 763.319515885633
22.40000000000005 763.3195158856291
22.50000000000005 763.3195158856254
22.60000000000005 763.3195158856215
22.70000000000005 763.3195158856176
22.80000000000005 763.3195158856139
22.90000000000006 763.31951588561
23.00000000000006 763.3195158856062
23.10000000000006 763.3195158856023
23.20000000000006 763.3195158855985
23.30000000000006 763.3195158855947
23.40000000000006 763.3195158855908
23.50000000000006 763.3195158855871
23.60000000000007 763.3195158855832
23.70000000000007 763.3195158855793
23.80000000000007 763.3195158855755
23.90000000000007 763.3195158855717
24.00000000000007 763.3195158855679
24.10000000000007 763.319515885564
24.20000000000007 763.3195158855602
24.30000000000008 763.3195158855564
24.40000000000008 763.3195158855525
24.50000000000008 763.3195158855486
24.60000000000008 763.3195158855449
24.70000000000008 763.319515885541
24.80000000000008 763.3195158855372
24.90000000000008 763.3195158855334
25.00000000000009 763.3195158855295
25.10000000000009 763.3195158855257
25.20000000000009 763.3195158855219
25.30000000000009 763.3195158855181
25.40000000000009 763.3195158855142
25.50000000000009 763.3195158855103
25.60000000000009 763.3195158855066
25.7000000000001 763.3195158855027
25.8000000000001 763.3195158854988
25.9000000000001 763.3195158854951
26.0000000000001 763.3195158854912
26.1000000000001 763.3195158854874
26.2000000000001 763.3195158854835
26.3000000000001 763.3195158854797
26.40000000000011 763.3195158854759
26.50000000000011 763.319515885472
26.60000000000011 763.3195158854683
26.70000000000011 763.3195158854644
26.80000000000011 763.3195158854605
26.90000000000011 763.3195158854567
27.00000000000011 763.3195158854529
27.10000000000012 763.3195158854491
27.20000000000012 763.3195158854452
27.30000000000012 763.3195158854414
27.40000000000012 763.3195158854376
27.50000000000012 763.3195158854337
27.60000000000012 763.3195158854298
27.70000000000012 763.3195158854261
27.80000000000013 763.3195158854222
27.90000000000013 763.3195158854184
28.00000000000013 763.3195158854146
28.10000000000013 763.3195158854107
28.20000000000013 763.3195158854069
28.30000000000013 763.319515885403
28.40000000000013 763.3195158853993
28.50000000000014 763.3195158853954
28.60000000000014 763.3195158853915
28.70000000000014 763.3195158853878
28.80000000000014 763.3195158853839
28.90000000000014 763.31951588538
29.00000000000014 763.3195158853762
29.10000000000014 763.3195158853724
29.20000000000014 763.3195158853686
29.30000000000015 763.3195158853647
29.40000000000015 763.3195158853609
29.50000000000015 763.3195158853571
29.60000000000015 763.3195158853532
29.70000000000015 763.3195158853493
29.80000000000015 763.3195158853456
29.90000000000015 763.3195158853417
30.00000000000016 763.3195158853379
30.10000000000016 763.3195158853341
30.20000000000016 763.3195158853302
30.30000000000016 763.3195158853264
30.40000000000016 763.3195158853225
30.50000000000016 763.3195158853188
30.60000000000016 763.3195158853149
30.70000000000017 763.319515885311
30.80000000000017 763.3195158853073
30.90000000000017 763.3195158853034
31.00000000000017 763.3195158852996
31.10000000000017 763.3195158852958
31.20000000000017 763.3195158852919
31.30000000000017 763.3195158852881
31.40000000000018 763.3195158852842
31.50000000000018 763.3195158852805
31.60000000000018 763.3195158852766
31.70000000000018 763.3195158852727
31.80000000000018 763.319515885269
31.90000000000018 763.3195158852651
32.00000000000018 763.3195158852612
32.10000000000019 763.3195158852574
32.20000000000019 763.3195158852536
32.30000000000019 763.3195158852498
32.40000000000019 763.3195158852459
32.50000000000019 763.3195158852421
32.60000000000019 763.3195158852383
32.70000000000019 763.3195158852344
32.8000000000002 763.3195158852305
32.9000000000002 763.3195158852268
33.0000000000002 763.3195158852229
33.1000000000002 763.3195158852191
33.2000000000002 763.3195158852153
33.3000000000002 763.3195158852114
33.4000000000002 763.3195158852076
33.50000000000021 763.3195158852037
33.60000000000021 763.3195158852
33.70000000000021 763.3195158851961
33.80000000000021 763.3195158851922
33.90000000000021 763.3195158851885
34.00000000000021 763.3195158851846
34.10000000000021 763.3195158851807
34.20000000000022 763.3195158851769
34.30000000000022 763.3195158851731
34.40000000000022 763.3195158851693
34.50000000000022 763.3195158851654
34.60000000000022 763.3195158851616
34.70000000000022 763.3195158851578
34.80000000000022 763.3195158851539
34.90000000000023 763.3195158851501
35.00000000000023 763.3195158851463
35.10000000000023 763.3195158851424
35.20000000000023 763.3195158851386
35.30000000000023 763.3195158851348
35.40000000000023 763.319515885131
35.50000000000023 763.3195158851271
35.60000000000024 763.3195158851232
35.70000000000024 763.3195158851195
35.80000000000024 763.3195158851156
35.90000000000024 763.3195158851117
36.00000000000024 763.319515885108
36.10000000000024 763.3195158851041
36.20000000000024 763.3195158851003
36.30000000000025 763.3195158850965
36.40000000000025 763.3195158850926
36.50000000000025 763.3195158850888
36.60000000000025 763.3195158850849
36.70000000000025 763.3195158850812
36.80000000000025 763.3195158850773
36.90000000000025 763.3195158850734
37.00000000000026 763.3195158850697
37.10000000000026 763.3195158850658
37.20000000000026 763.3195158850619
37.30000000000026 763.3195158850581
37.40000000000026 763.3195158850543
37.50000000000026 763.3195158850505
37.60000000000026 763.3195158850466
37.70000000000027 763.3195158850428
37.80000000000027 763.319515885039
37.90000000000027 763.3195158850351
38.00000000000027 763.3195158850313
38.10000000000027 763.3195158850275
38.20000000000027 763.3195158850236
38.30000000000027 763.3195158850198
38.40000000000028 763.319515885016
38.50000000000028 763.3195158850122
38.60000000000028 763.3195158850083
38.70000000000028 763.3195158850044
38.80000000000028 763.3195158850007
38.90000000000028 763.3195158849968
39.00000000000028 763.3195158849929
39.10000000000029 763.3195158849892
39.20000000000029 763.3195158849853
39.30000000000029 763.3195158849815
39.40000000000029 763.3195158849776
39.50000000000029 763.3195158849738
39.60000000000029 763.31951588497
39.70000000000029 763.3195158849661
39.8000000000003 763.3195158849624
39.9000000000003 763.3195158849585
40.0000000000003 763.3195158849546
40.1000000000003 763.3195158849508
40.2000000000003 763.319515884947
40.3000000000003 763.3195158849431
40.4000000000003 763.3195158849393
40.50000000000031 763.3195158849355
40.60000000000031 763.3195158849317
40.70000000000031 763.3195158849278
40.80000000000031 763.3195158849239
40.90000000000031 763.3195158849202
41.00000000000031 763.3195158849163
41.10000000000031 763.3195158849124
41.20000000000032 763.3195158849087
41.30000000000032 763.3195158849048
41.40000000000032 763.319515884901
41.50000000000032 763.3195158848971
41.60000000000032 763.3195158848933
41.70000000000032 763.3195158848895
41.80000000000032 763.3195158848856
41.90000000000033 763.3195158848819
42.00000000000033 763.319515884878
42.10000000000033 763.3195158848741
42.20000000000033 763.3195158848704
42.30000000000033 763.3195158848665
42.40000000000033 763.3195158848627
42.50000000000033 763.3195158848588
42.60000000000034 763.319515884855
42.70000000000034 763.3195158848512
42.80000000000034 763.3195158848473
42.90000000000034 763.3195158848436
43.00000000000034 763.3195158848397
43.10000000000034 763.3195158848358
43.20000000000034 763.319515884832
43.30000000000035 763.3195158848282
43.40000000000035 763.3195158848243
43.50000000000035 763.3195158848205
43.60000000000035 763.3195158848167
43.70000000000035 763.3195158848129
43.80000000000035 763.319515884809
43.90000000000035 763.3195158848051
44.00000000000036 763.3195158848014
44.10000000000036 763.3195158847975
44.20000000000036 763.3195158847936
44.30000000000036 763.3195158847899
44.40000000000036 763.319515884786
44.50000000000036 763.3195158847822
44.60000000000036 763.3195158847783
44.70000000000037 763.3195158847745
44.80000000000037 763.3195158847707
44.90000000000037 763.3195158847668
45.00000000000037 763.3195158847631
45.10000000000037 763.3195158847592
45.20000000000037 763.3195158847553
45.30000000000037 763.3195158847515
45.40000000000038 763.3195158847477
45.50000000000038 763.3195158847439
45.60000000000038 763.31951588474
45.70000000000038 763.3195158847362
45.80000000000038 763.3195158847324
45.90000000000038 763.3195158847285
46.00000000000038 763.3195158847246
46.10000000000039 763.3195158847209
46.20000000000039 763.319515884717
46.30000000000039 763.3195158847132
46.40000000000039 763.3195158847094
46.50000000000039 763.3195158847055
46.60000000000039 763.3195158847017
46.70000000000039 763.3195158846978
46.8000000000004 763.3195158846941
46.9000000000004 763.3195158846902
47.0000000000004 763.3195158846863
47.1000000000004 763.3195158846826
47.2000000000004 763.3195158846787
47.3000000000004 763.3195158846748
47.4000000000004 763.3195158846711
47.50000000000041 763.3195158846672
47.60000000000041 763.3195158846634
47.70000000000041 763.3195158846595
47.80000000000041 763.3195158846557
47.90000000000041 763.3195158846519
48.00000000000041 763.319515884648
48.10000000000041 763.3195158846443
48.20000000000041 763.3195158846404
48.30000000000042 763.3195158846365
48.40000000000042 763.3195158846327
48.50000000000042 763.3195158846289
48.60000000000042 763.319515884625
48.70000000000042 763.3195158846212
48.80000000000042 763.3195158846174
48.90000000000042 763.3195158846136
49.00000000000043 763.3195158846097
49.10000000000043 763.3195158846058
49.20000000000043 763.3195158846021
49.30000000000043 763.3195158845982
49.40000000000043 763.3195158845944
49.50000000000043 763.3195158845906
49.60000000000043 763.3195158845867
49.70000000000044 763.3195158845829
49.80000000000044 763.319515884579
49.90000000000044 763.3195158845753