Time X1
0 250
0.1 259.1570548221284
0.2 269.9819409871976
0.3 282.87897637779
0.4 298.3672904192276
0.5 317.1054138771177
0.6 339.908336101853
0.7 367.730031259918
0.7999999999999999 401.5546357034132
0.8999999999999999 442.0951732198742
0.9999999999999999 489.1927452249594
1.1 540.9742383200966
1.2 593.3448354726887
1.3 640.8688430893344
1.4 679.1263636488612
1.5 706.6534004376919
1.6 724.7449437018809
1.7 735.8928096034991
1.8 742.4795465079512
1.900000000000001 746.273188549916
2 748.4256386171398
2.100000000000001 749.6363770310513
2.200000000000001 750.314163438273
2.300000000000001 750.6925286405209
2.400000000000001 750.9034116289935
2.500000000000001 751.0208502125848
2.600000000000001 751.0862671857941
2.700000000000001 751.1226348960467
2.800000000000001 751.1428272338061
2.900000000000001 751.1540625638263
3.000000000000001 751.1602880615485
3.100000000000001 751.1638112122727
3.200000000000002 751.165801192974
3.300000000000002 751.1668987123941
3.400000000000002 751.1674796861156
3.500000000000002 751.1677883284573
3.600000000000002 751.1679661806052
3.700000000000002 751.1680706025058
3.800000000000002 751.1681301144147
3.900000000000002 751.168163482347
4.000000000000002 751.1681823421519
4.100000000000001 751.1682019535473
4.200000000000001 751.1682171183857
4.300000000000001 751.1682264844296
4.4 751.1682300516794
4.5 751.1682278201348
4.6 751.1682237052349
4.699999999999999 751.168225410422
4.799999999999999 751.168225647297
4.899999999999999 751.1682244158602
4.999999999999998 751.1682217161114
5.099999999999998 751.1682175480505
5.199999999999998 751.1682154587628
5.299999999999997 751.1682142051727
5.399999999999997 751.1682129515826
5.499999999999996 751.1682116979925
5.599999999999996 751.1682104444023
5.699999999999996 751.168209424948
5.799999999999995 751.1682093876324
5.899999999999995 751.1682093503167
5.999999999999995 751.1682093130012
6.099999999999994 751.1682092756855
6.199999999999994 751.1682092383699
6.299999999999994 751.1682092010542
6.399999999999993 751.1682091637385
6.499999999999993 751.1682091264229
6.599999999999993 751.1682090891073
6.699999999999992 751.1682090517917
6.799999999999992 751.168209014476
6.899999999999991 751.1682089771604
6.999999999999991 751.1682089398447
7.099999999999991 751.168208902529
7.19999999999999 751.1682088652135
7.29999999999999 751.1682088278978
7.39999999999999 751.1682087905822
7.499999999999989 751.1682087532665
7.599999999999989 751.1682087159509
7.699999999999989 751.1682086786352
7.799999999999988 751.1682086413197
7.899999999999988 751.168208604004
7.999999999999988 751.1682085666883
8.099999999999987 751.1682085293727
8.199999999999987 751.168208492057
8.299999999999986 751.1682084547414
8.399999999999986 751.1682084174258
8.499999999999986 751.1682083801102
8.599999999999985 751.1682083427945
8.699999999999985 751.1682083054789
8.799999999999985 751.1682082681632
8.899999999999984 751.1682082308475
8.999999999999984 751.168208193532
9.099999999999984 751.1682081562163
9.199999999999983 751.1682081189007
9.299999999999983 751.168208081585
9.399999999999983 751.1682080442694
9.499999999999982 751.1682080069537
9.599999999999982 751.1682079696382
9.699999999999982 751.1682079323225
9.799999999999981 751.1682078950068
9.899999999999981 751.1682078576912
9.99999999999998 751.1682078203755
10.09999999999998 751.1682077830599
10.19999999999998 751.1682077457443
10.29999999999998 751.1682077084287
10.39999999999998 751.168207671113
10.49999999999998 751.1682076337974
10.59999999999998 751.1682075964817
10.69999999999998 751.168207559166
10.79999999999998 751.1682075218505
10.89999999999998 751.1682074845348
10.99999999999998 751.1682074472192
11.09999999999998 751.1682074099035
11.19999999999998 751.1682073725879
11.29999999999998 751.168207357491
11.39999999999998 751.16820735638
11.49999999999998 751.168207355269
11.59999999999997 751.168207354158
11.69999999999997 751.168207353047
11.79999999999997 751.168207351936
11.89999999999997 751.168207350825
11.99999999999997 751.168207349714
12.09999999999997 751.168207348603
12.19999999999997 751.1682073474919
12.29999999999997 751.168207346381
12.39999999999997 751.1682073452699
12.49999999999997 751.168207344159
12.59999999999997 751.1682073430479
12.69999999999997 751.168207341937
12.79999999999997 751.1682073408259
12.89999999999997 751.168207339715
12.99999999999997 751.1682073386039
13.09999999999997 751.168207337493
13.19999999999997 751.1682073363819
13.29999999999997 751.1682073352709
13.39999999999997 751.1682073341599
13.49999999999997 751.1682073330489
13.59999999999997 751.168207331938
13.69999999999997 751.1682073308269
13.79999999999997 751.168207329716
13.89999999999997 751.1682073286049
13.99999999999997 751.168207327494
14.09999999999997 751.1682073263829
14.19999999999997 751.168207325272
14.29999999999997 751.1682073241609
14.39999999999996 751.16820732305
14.49999999999996 751.1682073219389
14.59999999999996 751.1682073208279
14.69999999999996 751.1682073197169
14.79999999999996 751.1682073186059
14.89999999999996 751.1682073174949
14.99999999999996 751.1682073163839
15.09999999999996 751.1682073152729
15.19999999999996 751.1682073141619
15.29999999999996 751.1682073130509
15.39999999999996 751.1682073119399
15.49999999999996 751.1682073108288
15.59999999999996 751.1682073097179
15.69999999999996 751.1682073086068
15.79999999999996 751.1682073074959
15.89999999999996 751.1682073063848
15.99999999999996 751.1682073052739
16.09999999999996 751.1682073041628
16.19999999999996 751.1682073030519
16.29999999999996 751.1682073019408
16.39999999999996 751.1682073008299
16.49999999999996 751.1682072997188
16.59999999999997 751.1682072986079
16.69999999999997 751.1682072974968
16.79999999999997 751.1682072964244
16.89999999999997 751.168207296421
16.99999999999997 751.1682072964176
17.09999999999997 751.1682072964143
17.19999999999997 751.1682072964109
17.29999999999998 751.1682072964074
17.39999999999998 751.168207296404
17.49999999999998 751.1682072964006
17.59999999999998 751.1682072963972
17.69999999999998 751.1682072963938
17.79999999999998 751.1682072963904
17.89999999999998 751.168207296387
17.99999999999999 751.1682072963836
18.09999999999999 751.1682072963803
18.19999999999999 751.1682072963769
18.29999999999999 751.1682072963735
18.39999999999999 751.16820729637
18.49999999999999 751.1682072963666
18.59999999999999 751.1682072963632
18.7 751.1682072963598
18.8 751.1682072963564
18.9 751.168207296353
19 751.1682072963497
19.1 751.1682072963463
19.2 751.1682072963429
19.3 751.1682072963395
19.40000000000001 751.168207296336
19.50000000000001 751.1682072963326
19.60000000000001 751.1682072963292
19.70000000000001 751.1682072963258
19.80000000000001 751.1682072963224
19.90000000000001 751.168207296319
20.00000000000001 751.1682072963157
20.10000000000002 751.1682072963123
20.20000000000002 751.1682072963089
20.30000000000002 751.1682072963055
20.40000000000002 751.1682072963021
20.50000000000002 751.1682072962986
20.60000000000002 751.1682072962952
20.70000000000002 751.1682072962918
20.80000000000003 751.1682072962884
20.90000000000003 751.168207296285
21.00000000000003 751.1682072962817
21.10000000000003 751.1682072962783
21.20000000000003 751.1682072962749
21.30000000000003 751.1682072962715
21.40000000000003 751.1682072962681
21.50000000000004 751.1682072962647
21.60000000000004 751.1682072962612
21.70000000000004 751.1682072962578
21.80000000000004 751.1682072962544
21.90000000000004 751.168207296251
22.00000000000004 751.1682072962477
22.10000000000004 751.1682072962443
22.20000000000005 751.1682072962409
22.30000000000005 751.1682072962375
22.40000000000005 751.1682072962341
22.50000000000005 751.1682072962307
22.60000000000005 751.1682072962273
22.70000000000005 751.1682072962238
22.80000000000005 751.1682072962204
22.90000000000006 751.1682072962171
23.00000000000006 751.1682072962137
23.10000000000006 751.1682072962103
23.20000000000006 751.1682072962069
23.30000000000006 751.1682072962035
23.40000000000006 751.1682072962001
23.50000000000006 751.1682072961967
23.60000000000007 751.1682072961933
23.70000000000007 751.1682072961898
23.80000000000007 751.1682072961864
23.90000000000007 751.1682072961831
24.00000000000007 751.1682072961797
24.10000000000007 751.1682072961763
24.20000000000007 751.1682072961729
24.30000000000008 751.1682072961695
24.40000000000008 751.1682072961661
24.50000000000008 751.1682072961627
24.60000000000008 751.1682072961593
24.70000000000008 751.1682072961559
24.80000000000008 751.1682072961524
24.90000000000008 751.1682072961491
25.00000000000009 751.1682072961457
25.10000000000009 751.1682072961423
25.20000000000009 751.1682072961389
25.30000000000009 751.1682072961355
25.40000000000009 751.1682072961321
25.50000000000009 751.1682072961287
25.60000000000009 751.1682072961253
25.7000000000001 751.1682072961219
25.8000000000001 751.1682072961186
25.9000000000001 751.1682072961152
26.0000000000001 751.1682072961117
26.1000000000001 751.1682072961083
26.2000000000001 751.1682072961049
26.3000000000001 751.1682072961015
26.40000000000011 751.1682072960981
26.50000000000011 751.1682072960947
26.60000000000011 751.1682072960913
26.70000000000011 751.1682072960879
26.80000000000011 751.1682072960846
26.90000000000011 751.1682072960812
27.00000000000011 751.1682072960778
27.10000000000012 751.1682072960743
27.20000000000012 751.1682072960709
27.30000000000012 751.1682072960675
27.40000000000012 751.1682072960641
27.50000000000012 751.1682072960607
27.60000000000012 751.1682072960573
27.70000000000012 751.1682072960539
27.80000000000013 751.1682072960506
27.90000000000013 751.1682072960472
28.00000000000013 751.1682072960438
28.10000000000013 751.1682072960404
28.20000000000013 751.1682072960369
28.30000000000013 751.1682072960335
28.40000000000013 751.1682072960301
28.50000000000014 751.1682072960267
28.60000000000014 751.1682072960233
28.70000000000014 751.16820729602
28.80000000000014 751.1682072960166
28.90000000000014 751.1682072960132
29.00000000000014 751.1682072960098
29.10000000000014 751.1682072960064
29.20000000000014 751.1682072960029
29.30000000000015 751.1682072959995
29.40000000000015 751.1682072959961
29.50000000000015 751.1682072959927
29.60000000000015 751.1682072959893
29.70000000000015 751.168207295986
29.80000000000015 751.1682072959826
29.90000000000015 751.1682072959792
30.00000000000016 751.1682072959758
30.10000000000016 751.1682072959724
30.20000000000016 751.168207295969
30.30000000000016 751.1682072959655
30.40000000000016 751.1682072959621
30.50000000000016 751.1682072959587
30.60000000000016 751.1682072959553
30.70000000000017 751.168207295952
30.80000000000017 751.1682072959486
30.90000000000017 751.1682072959452
31.00000000000017 751.1682072959418
31.10000000000017 751.1682072959384
31.20000000000017 751.168207295935
31.30000000000017 751.1682072959316
31.40000000000018 751.1682072959281
31.50000000000018 751.1682072959247
31.60000000000018 751.1682072959214
31.70000000000018 751.168207295918
31.80000000000018 751.1682072959146
31.90000000000018 751.1682072959112
32.00000000000018 751.1682072959078
32.10000000000019 751.1682072959044
32.20000000000019 751.168207295901
32.30000000000019 751.1682072958976
32.40000000000019 751.1682072958941
32.50000000000019 751.1682072958907
32.60000000000019 751.1682072958874
32.70000000000019 751.168207295884
32.8000000000002 751.1682072958806
32.9000000000002 751.1682072958772
33.0000000000002 751.1682072958738
33.1000000000002 751.1682072958704
33.2000000000002 751.168207295867
33.3000000000002 751.1682072958636
33.4000000000002 751.1682072958602
33.50000000000021 751.1682072958567
33.60000000000021 751.1682072958534
33.70000000000021 751.16820729585
33.80000000000021 751.1682072958466
33.90000000000021 751.1682072958432
34.00000000000021 751.1682072958398
34.10000000000021 751.1682072958364
34.20000000000022 751.168207295833
34.30000000000022 751.1682072958296
34.40000000000022 751.1682072958262
34.50000000000022 751.1682072958229
34.60000000000022 751.1682072958195
34.70000000000022 751.168207295816
34.80000000000022 751.1682072958126
34.90000000000023 751.1682072958092
35.00000000000023 751.1682072958058
35.10000000000023 751.1682072958024
35.20000000000023 751.168207295799
35.30000000000023 751.1682072957956
35.40000000000023 751.1682072957922
35.50000000000023 751.1682072957889
35.60000000000024 751.1682072957855
35.70000000000024 751.1682072957821
35.80000000000024 751.1682072957786
35.90000000000024 751.1682072957752
36.00000000000024 751.1682072957718
36.10000000000024 751.1682072957684
36.20000000000024 751.168207295765
36.30000000000025 751.1682072957616
36.40000000000025 751.1682072957582
36.50000000000025 751.1682072957549
36.60000000000025 751.1682072957515
36.70000000000025 751.1682072957481
36.80000000000025 751.1682072957447
36.90000000000025 751.1682072957412
37.00000000000026 751.1682072957378
37.10000000000026 751.1682072957344
37.20000000000026 751.168207295731
37.30000000000026 751.1682072957276
37.40000000000026 751.1682072957242
37.50000000000026 751.1682072957209
37.60000000000026 751.1682072957175
37.70000000000027 751.1682072957141
37.80000000000027 751.1682072957107
37.90000000000027 751.1682072957072
38.00000000000027 751.1682072957038
38.10000000000027 751.1682072957004
38.20000000000027 751.168207295697
38.30000000000027 751.1682072956936
38.40000000000028 751.1682072956903
38.50000000000028 751.1682072956869
38.60000000000028 751.1682072956835
38.70000000000028 751.1682072956801
38.80000000000028 751.1682072956767
38.90000000000028 751.1682072956733
39.00000000000028 751.1682072956698
39.10000000000029 751.1682072956664
39.20000000000029 751.168207295663
39.30000000000029 751.1682072956596
39.40000000000029 751.1682072956563
39.50000000000029 751.1682072956529
39.60000000000029 751.1682072956495
39.70000000000029 751.1682072956461
39.8000000000003 751.1682072956427
39.9000000000003 751.1682072956393
40.0000000000003 751.1682072956359
40.1000000000003 751.1682072956324
40.2000000000003 751.168207295629
40.3000000000003 751.1682072956256
40.4000000000003 751.1682072956223
40.50000000000031 751.1682072956189
40.60000000000031 751.1682072956155
40.70000000000031 751.1682072956121
40.80000000000031 751.1682072956087
40.90000000000031 751.1682072956053
41.00000000000031 751.1682072956019
41.10000000000031 751.1682072955984
41.20000000000032 751.168207295595
41.30000000000032 751.1682072955917
41.40000000000032 751.1682072955883
41.50000000000032 751.1682072955849
41.60000000000032 751.1682072955815
41.70000000000032 751.1682072955781
41.80000000000032 751.1682072955747
41.90000000000033 751.1682072955713
42.00000000000033 751.1682072955679
42.10000000000033 751.1682072955645
42.20000000000033 751.168207295561
42.30000000000033 751.1682072955577
42.40000000000033 751.1682072955543
42.50000000000033 751.1682072955509
42.60000000000034 751.1682072955475
42.70000000000034 751.1682072955441
42.80000000000034 751.1682072955407
42.90000000000034 751.1682072955373
43.00000000000034 751.1682072955339
43.10000000000034 751.1682072955305
43.20000000000034 751.1682072955271
43.30000000000035 751.1682072955238
43.40000000000035 751.1682072955203
43.50000000000035 751.1682072955169
43.60000000000035 751.1682072955135
43.70000000000035 751.1682072955101
43.80000000000035 751.1682072955067
43.90000000000035 751.1682072955033
44.00000000000036 751.1682072954999
44.10000000000036 751.1682072954965
44.20000000000036 751.1682072954932
44.30000000000036 751.1682072954898
44.40000000000036 751.1682072954864
44.50000000000036 751.1682072954829
44.60000000000036 751.1682072954795
44.70000000000037 751.1682072954761
44.80000000000037 751.1682072954727
44.90000000000037 751.1682072954693
45.00000000000037 751.1682072954659
45.10000000000037 751.1682072954625
45.20000000000037 751.1682072954592
45.30000000000037 751.1682072954558
45.40000000000038 751.1682072954524
45.50000000000038 751.168207295449
45.60000000000038 751.1682072954455
45.70000000000038 751.1682072954421
45.80000000000038 751.1682072954387
45.90000000000038 751.1682072954353
46.00000000000038 751.1682072954319
46.10000000000039 751.1682072954285
46.20000000000039 751.1682072954252
46.30000000000039 751.1682072954218
46.40000000000039 751.1682072954184
46.50000000000039 751.168207295415
46.60000000000039 751.1682072954115
46.70000000000039 751.1682072954081
46.8000000000004 751.1682072954047
46.9000000000004 751.1682072954013
47.0000000000004 751.1682072953979
47.1000000000004 751.1682072953946
47.2000000000004 751.1682072953912
47.3000000000004 751.1682072953878
47.4000000000004 751.1682072953844
47.50000000000041 751.168207295381
47.60000000000041 751.1682072953776
47.70000000000041 751.1682072953741
47.80000000000041 751.1682072953707
47.90000000000041 751.1682072953673
48.00000000000041 751.1682072953639
48.10000000000041 751.1682072953606
48.20000000000041 751.1682072953572
48.30000000000042 751.1682072953538
48.40000000000042 751.1682072953504
48.50000000000042 751.168207295347
48.60000000000042 751.1682072953436
48.70000000000042 751.1682072953402
48.80000000000042 751.1682072953367
48.90000000000042 751.1682072953333
49.00000000000043 751.1682072953299
49.10000000000043 751.1682072953266
49.20000000000043 751.1682072953232
49.30000000000043 751.1682072953198
49.40000000000043 751.1682072953164
49.50000000000043 751.168207295313
49.60000000000043 751.1682072953096
49.70000000000044 751.1682072953062
49.80000000000044 751.1682072953028
49.90000000000044 751.1682072952993