Time X1
0 250
0.1 250.4925332784315
0.2 251.0314987097051
0.3 251.6211271116768
0.4 252.2668476664172
0.5 252.9741182019251
0.6 253.7490431559175
0.7 254.5983559220782
0.7999999999999999 255.5295502371211
0.8999999999999999 256.5509446143897
0.9999999999999999 257.671855228546
1.1 258.902599368466
1.2 260.2546747556287
1.3 261.7408673074106
1.4 263.3754203505493
1.5 265.1742755595306
1.6 267.155345473749
1.7 269.3384853209683
1.8 271.7460870901523
1.900000000000001 274.4031694175408
2 277.3377459696549
2.100000000000001 280.5812896290578
2.200000000000001 284.1689504354167
2.300000000000001 288.1398689166667
2.400000000000001 292.5375786779046
2.500000000000001 297.4102591021945
2.600000000000001 302.8108523585353
2.700000000000001 308.7967420725166
2.800000000000001 315.4299294336664
2.900000000000001 322.7747824620855
3.000000000000001 330.8968450325489
3.100000000000001 339.8595216175311
3.200000000000002 349.719408332561
3.300000000000002 360.5197532435491
3.400000000000002 372.2813553123355
3.500000000000002 384.9921903795171
3.600000000000002 398.5940494005317
3.700000000000002 412.97232922229
3.800000000000002 427.9444821274876
3.900000000000002 443.2604050926097
4.000000000000002 458.6107890686613
4.100000000000001 473.6486772629215
4.200000000000001 488.0221270587176
4.300000000000001 501.412927230853
4.4 513.5715343130639
4.5 524.3397630256596
4.6 533.6568339924494
4.699999999999999 541.5496652635418
4.799999999999999 548.1128740625795
4.899999999999999 553.4840423755923
4.999999999999998 557.8211181444238
5.099999999999998 561.2846650883515
5.199999999999998 564.0258840962463
5.299999999999997 566.1798444078212
5.399999999999997 567.8627092473006
5.499999999999996 569.1716756481379
5.599999999999996 570.1862005606425
5.699999999999996 570.9702321298788
5.799999999999995 571.5749175601023
5.899999999999995 572.040531306835
5.999999999999995 572.3985198254525
6.099999999999994 572.6735475771162
6.199999999999994 572.8847106858527
6.299999999999994 573.0467140582924
6.399999999999993 573.1709347303705
6.499999999999993 573.2661854550286
6.599999999999993 573.3392448569166
6.699999999999992 573.395140654355
6.799999999999992 573.4379689399532
6.899999999999991 573.4707822063891
6.999999999999991 573.4959275154454
7.099999999999991 573.5152114018629
7.19999999999999 573.5299700480417
7.29999999999999 573.5412682801582
7.39999999999999 573.5498988868752
7.499999999999989 573.5565205216777
7.599999999999989 573.5615859110147
7.699999999999989 573.5655186275287
7.799999999999988 573.5685302213114
7.899999999999988 573.5708883984414
7.999999999999988 573.5726059563495
8.099999999999987 573.5739747814297
8.199999999999987 573.5750241474511
8.299999999999986 573.5757909748955
8.399999999999986 573.576377667985
8.499999999999986 573.5768043958554
8.599999999999985 573.5771393954068
8.699999999999985 573.5773946844768
8.799999999999985 573.5775976275297
8.899999999999984 573.5777554065672
8.999999999999984 573.5778798560817
9.099999999999984 573.5779759475403
9.199999999999983 573.5780503379561
9.299999999999983 573.5781077602375
9.399999999999983 573.5781514586331
9.499999999999982 573.5781855876179
9.599999999999982 573.5782114411352
9.699999999999982 573.5782318343561
9.799999999999981 573.5782473141782
9.899999999999981 573.5782595516478
9.99999999999998 573.578268849516
10.09999999999998 573.5782761762887
10.19999999999998 573.5782830586038
10.29999999999998 573.5782915154024
10.39999999999998 573.5782988806986
10.49999999999998 573.5783051544927
10.59999999999998 573.5783103367844
10.69999999999998 573.5783144275739
10.79999999999998 573.5783174268611
10.89999999999998 573.5783193346459
10.99999999999998 573.5783201509286
11.09999999999998 573.578319875709
11.19999999999998 573.578318508987
11.29999999999998 573.5783160507627
11.39999999999998 573.5783148435343
11.49999999999998 573.5783157816409
11.59999999999997 573.5783164376302
11.69999999999997 573.5783168115021
11.79999999999997 573.5783169032566
11.89999999999997 573.5783167128936
11.99999999999997 573.5783162404133
12.09999999999997 573.5783154858156
12.19999999999997 573.5783144491004
12.29999999999997 573.5783131302679
12.39999999999997 573.5783115293179
12.49999999999997 573.5783096462505
12.59999999999997 573.5783088117411
12.69999999999997 573.578308281949
12.79999999999997 573.5783077521569
12.89999999999997 573.5783072223649
12.99999999999997 573.5783066925728
13.09999999999997 573.5783061627808
13.19999999999997 573.5783056329886
13.29999999999997 573.5783051031966
13.39999999999997 573.5783045734046
13.49999999999997 573.5783040436125
13.59999999999997 573.5783035138205
13.69999999999997 573.5783029840284
13.79999999999997 573.5783028530527
13.89999999999997 573.5783028368082
13.99999999999997 573.5783028205637
14.09999999999997 573.5783028043193
14.19999999999997 573.5783027880747
14.29999999999997 573.5783027718302
14.39999999999996 573.5783027555857
14.49999999999996 573.5783027393412
14.59999999999996 573.5783027230967
14.69999999999996 573.5783027068522
14.79999999999996 573.5783026906078
14.89999999999996 573.5783026743633
14.99999999999996 573.5783026581188
15.09999999999996 573.5783026418743
15.19999999999996 573.5783026256297
15.29999999999996 573.5783026093852
15.39999999999996 573.5783025931407
15.49999999999996 573.5783025768962
15.59999999999996 573.5783025606518
15.69999999999996 573.5783025444073
15.79999999999996 573.5783025281628
15.89999999999996 573.5783025119183
15.99999999999996 573.5783024956738
16.09999999999996 573.5783024794292
16.19999999999996 573.5783024631847
16.29999999999996 573.5783024469403
16.39999999999996 573.5783024306958
16.49999999999996 573.5783024144513
16.59999999999997 573.5783023982068
16.69999999999997 573.5783023819623
16.79999999999997 573.5783023657178
16.89999999999997 573.5783023494733
16.99999999999997 573.5783023332289
17.09999999999997 573.5783023169843
17.19999999999997 573.5783023007398
17.29999999999998 573.5783022844953
17.39999999999998 573.5783022682508
17.49999999999998 573.5783022520063
17.59999999999998 573.5783022357618
17.69999999999998 573.5783022195174
17.79999999999998 573.5783022032729
17.89999999999998 573.5783021870284
17.99999999999999 573.5783021707839
18.09999999999999 573.5783021545393
18.19999999999999 573.5783021382948
18.29999999999999 573.5783021220503
18.39999999999999 573.5783021058058
18.49999999999999 573.5783020895614
18.59999999999999 573.5783020733169
18.7 573.5783020570724
18.8 573.5783020408279
18.9 573.5783020245834
19 573.5783020083388
19.1 573.5783019920943
19.2 573.5783019758499
19.3 573.5783019596054
19.40000000000001 573.5783019433609
19.50000000000001 573.5783019271164
19.60000000000001 573.5783019108719
19.70000000000001 573.5783018946274
19.80000000000001 573.5783018783829
19.90000000000001 573.5783018621385
20.00000000000001 573.5783018458939
20.10000000000002 573.5783018296494
20.20000000000002 573.5783018134049
20.30000000000002 573.5783017971604
20.40000000000002 573.5783017809159
20.50000000000002 573.5783017646714
20.60000000000002 573.578301748427
20.70000000000002 573.5783017321825
20.80000000000003 573.578301715938
20.90000000000003 573.5783016996934
21.00000000000003 573.5783016834489
21.10000000000003 573.5783016672044
21.20000000000003 573.5783016509599
21.30000000000003 573.5783016347154
21.40000000000003 573.578301618471
21.50000000000004 573.5783016022265
21.60000000000004 573.578301585982
21.70000000000004 573.5783015697375
21.80000000000004 573.578301553493
21.90000000000004 573.5783015372484
22.00000000000004 573.5783015210039
22.10000000000004 573.5783015047595
22.20000000000005 573.578301488515
22.30000000000005 573.5783014722705
22.40000000000005 573.578301456026
22.50000000000005 573.5783014397815
22.60000000000005 573.578301423537
22.70000000000005 573.5783014072925
22.80000000000005 573.5783013910481
22.90000000000006 573.5783013748035
23.00000000000006 573.578301358559
23.10000000000006 573.5783013423145
23.20000000000006 573.57830132607
23.30000000000006 573.5783013098255
23.40000000000006 573.578301293581
23.50000000000006 573.5783012773365
23.60000000000007 573.5783012610921
23.70000000000007 573.5783012448476
23.80000000000007 573.578301228603
23.90000000000007 573.5783012123585
24.00000000000007 573.578301196114
24.10000000000007 573.5783011798695
24.20000000000007 573.578301163625
24.30000000000008 573.5783011473806
24.40000000000008 573.5783011311361
24.50000000000008 573.5783011148916
24.60000000000008 573.5783010986471
24.70000000000008 573.5783010824026
24.80000000000008 573.578301066158
24.90000000000008 573.5783010499135
25.00000000000009 573.578301033669
25.10000000000009 573.5783010174246
25.20000000000009 573.5783010011801
25.30000000000009 573.5783009849356
25.40000000000009 573.5783009686911
25.50000000000009 573.5783009524466
25.60000000000009 573.5783009410794
25.7000000000001 573.5783009405812
25.8000000000001 573.578300940083
25.9000000000001 573.5783009395848
26.0000000000001 573.5783009390865
26.1000000000001 573.5783009385883
26.2000000000001 573.57830093809
26.3000000000001 573.5783009375918
26.40000000000011 573.5783009370936
26.50000000000011 573.5783009365954
26.60000000000011 573.5783009360972
26.70000000000011 573.5783009355989
26.80000000000011 573.5783009351007
26.90000000000011 573.5783009346025
27.00000000000011 573.5783009341043
27.10000000000012 573.578300933606
27.20000000000012 573.5783009331078
27.30000000000012 573.5783009326095
27.40000000000012 573.5783009321113
27.50000000000012 573.5783009316131
27.60000000000012 573.5783009311149
27.70000000000012 573.5783009306167
27.80000000000013 573.5783009301184
27.90000000000013 573.5783009296202
28.00000000000013 573.578300929122
28.10000000000013 573.5783009286238
28.20000000000013 573.5783009281255
28.30000000000013 573.5783009276273
28.40000000000013 573.578300927129
28.50000000000014 573.5783009266308
28.60000000000014 573.5783009261326
28.70000000000014 573.5783009256344
28.80000000000014 573.5783009251362
28.90000000000014 573.5783009246379
29.00000000000014 573.5783009241397
29.10000000000014 573.5783009236415
29.20000000000014 573.5783009231433
29.30000000000015 573.578300922645
29.40000000000015 573.5783009221468
29.50000000000015 573.5783009216485
29.60000000000015 573.5783009211503
29.70000000000015 573.5783009206521
29.80000000000015 573.5783009201539
29.90000000000015 573.5783009196557
30.00000000000016 573.5783009191574
30.10000000000016 573.5783009186592
30.20000000000016 573.5783009181609
30.30000000000016 573.5783009176628
30.40000000000016 573.5783009171645
30.50000000000016 573.5783009166663
30.60000000000016 573.578300916168
30.70000000000017 573.5783009156698
30.80000000000017 573.5783009151716
30.90000000000017 573.5783009146734
31.00000000000017 573.5783009141752
31.10000000000017 573.5783009136769
31.20000000000017 573.5783009131787
31.30000000000017 573.5783009126804
31.40000000000018 573.5783009121823
31.50000000000018 573.578300911684
31.60000000000018 573.5783009111858
31.70000000000018 573.5783009106875
31.80000000000018 573.5783009101893
31.90000000000018 573.5783009096911
32.00000000000018 573.5783009091929
32.10000000000019 573.5783009086947
32.20000000000019 573.5783009081964
32.30000000000019 573.5783009076982
32.40000000000019 573.5783009071999
32.50000000000019 573.5783009067018
32.60000000000019 573.5783009062035
32.70000000000019 573.5783009057053
32.8000000000002 573.578300905207
32.9000000000002 573.5783009047088
33.0000000000002 573.5783009042106
33.1000000000002 573.5783009037124
33.2000000000002 573.5783009032142
33.3000000000002 573.5783009027159
33.4000000000002 573.5783009022177
33.50000000000021 573.5783009017194
33.60000000000021 573.5783009012213
33.70000000000021 573.578300900723
33.80000000000021 573.5783009002248
33.90000000000021 573.5783008997265
34.00000000000021 573.5783008992283
34.10000000000021 573.5783008987302
34.20000000000022 573.5783008982319
34.30000000000022 573.5783008977337
34.40000000000022 573.5783008972354
34.50000000000022 573.5783008967372
34.60000000000022 573.5783008962389
34.70000000000022 573.5783008957408
34.80000000000022 573.5783008952425
34.90000000000023 573.5783008947443
35.00000000000023 573.578300894246
35.10000000000023 573.5783008937478
35.20000000000023 573.5783008932497
35.30000000000023 573.5783008927514
35.40000000000023 573.5783008922532
35.50000000000023 573.5783008917549
35.60000000000024 573.5783008912567
35.70000000000024 573.5783008907584
35.80000000000024 573.5783008902603
35.90000000000024 573.578300889762
36.00000000000024 573.5783008892638
36.10000000000024 573.5783008887655
36.20000000000024 573.5783008882673
36.30000000000025 573.5783008877692
36.40000000000025 573.5783008872709
36.50000000000025 573.5783008867727
36.60000000000025 573.5783008862744
36.70000000000025 573.5783008857762
36.80000000000025 573.5783008852779
36.90000000000025 573.5783008847798
37.00000000000026 573.5783008842815
37.10000000000026 573.5783008837833
37.20000000000026 573.578300883285
37.30000000000026 573.5783008827868
37.40000000000026 573.5783008822887
37.50000000000026 573.5783008822091
37.60000000000026 573.5783008822075
37.70000000000027 573.5783008822059
37.80000000000027 573.5783008822044
37.90000000000027 573.5783008822028
38.00000000000027 573.5783008822012
38.10000000000027 573.5783008821996
38.20000000000027 573.5783008821981
38.30000000000027 573.5783008821965
38.40000000000028 573.578300882195
38.50000000000028 573.5783008821934
38.60000000000028 573.5783008821918
38.70000000000028 573.5783008821902
38.80000000000028 573.5783008821886
38.90000000000028 573.578300882187
39.00000000000028 573.5783008821855
39.10000000000029 573.578300882184
39.20000000000029 573.5783008821824
39.30000000000029 573.5783008821808
39.40000000000029 573.5783008821792
39.50000000000029 573.5783008821776
39.60000000000029 573.5783008821761
39.70000000000029 573.5783008821745
39.8000000000003 573.5783008821729
39.9000000000003 573.5783008821713
40.0000000000003 573.5783008821697
40.1000000000003 573.5783008821683
40.2000000000003 573.5783008821667
40.3000000000003 573.5783008821651
40.4000000000003 573.5783008821635
40.50000000000031 573.5783008821619
40.60000000000031 573.5783008821603
40.70000000000031 573.5783008821588
40.80000000000031 573.5783008821572
40.90000000000031 573.5783008821556
41.00000000000031 573.5783008821541
41.10000000000031 573.5783008821525
41.20000000000032 573.5783008821509
41.30000000000032 573.5783008821494
41.40000000000032 573.5783008821478
41.50000000000032 573.5783008821462
41.60000000000032 573.5783008821446
41.70000000000032 573.578300882143
41.80000000000032 573.5783008821414
41.90000000000033 573.57830088214
42.00000000000033 573.5783008821384
42.10000000000033 573.5783008821368
42.20000000000033 573.5783008821352
42.30000000000033 573.5783008821336
42.40000000000033 573.578300882132
42.50000000000033 573.5783008821305
42.60000000000034 573.5783008821289
42.70000000000034 573.5783008821273
42.80000000000034 573.5783008821257
42.90000000000034 573.5783008821242
43.00000000000034 573.5783008821227
43.10000000000034 573.5783008821211
43.20000000000034 573.5783008821195
43.30000000000035 573.5783008821179
43.40000000000035 573.5783008821163
43.50000000000035 573.5783008821147
43.60000000000035 573.5783008821132
43.70000000000035 573.5783008821116
43.80000000000035 573.5783008821101
43.90000000000035 573.5783008821085
44.00000000000036 573.5783008821069
44.10000000000036 573.5783008821053
44.20000000000036 573.5783008821038
44.30000000000036 573.5783008821022
44.40000000000036 573.5783008821006
44.50000000000036 573.578300882099
44.60000000000036 573.5783008820974
44.70000000000037 573.5783008820958
44.80000000000037 573.5783008820944
44.90000000000037 573.5783008820928
45.00000000000037 573.5783008820912
45.10000000000037 573.5783008820896
45.20000000000037 573.578300882088
45.30000000000037 573.5783008820864
45.40000000000038 573.5783008820849
45.50000000000038 573.5783008820833
45.60000000000038 573.5783008820817
45.70000000000038 573.5783008820802
45.80000000000038 573.5783008820786
45.90000000000038 573.5783008820771
46.00000000000038 573.5783008820755
46.10000000000039 573.5783008820739
46.20000000000039 573.5783008820723
46.30000000000039 573.5783008820707
46.40000000000039 573.5783008820691
46.50000000000039 573.5783008820677
46.60000000000039 573.5783008820661
46.70000000000039 573.5783008820645
46.8000000000004 573.5783008820629
46.9000000000004 573.5783008820613
47.0000000000004 573.5783008820597
47.1000000000004 573.5783008820582
47.2000000000004 573.5783008820566
47.3000000000004 573.578300882055
47.4000000000004 573.5783008820534
47.50000000000041 573.5783008820518
47.60000000000041 573.5783008820503
47.70000000000041 573.5783008820488
47.80000000000041 573.5783008820472
47.90000000000041 573.5783008820456
48.00000000000041 573.578300882044
48.10000000000041 573.5783008820424
48.20000000000041 573.5783008820409
48.30000000000042 573.5783008820393
48.40000000000042 573.5783008820378
48.50000000000042 573.5783008820362
48.60000000000042 573.5783008820346
48.70000000000042 573.578300882033
48.80000000000042 573.5783008820315
48.90000000000042 573.5783008820299
49.00000000000043 573.5783008820283
49.10000000000043 573.5783008820267
49.20000000000043 573.5783008820251
49.30000000000043 573.5783008820235
49.40000000000043 573.5783008820221
49.50000000000043 573.5783008820205
49.60000000000043 573.5783008820189
49.70000000000044 573.5783008820173
49.80000000000044 573.5783008820157
49.90000000000044 573.5783008820141