Time X1
0 250
0.1 250.2178279661476
0.2 250.4555378340479
0.3 250.7151678609413
0.4 250.9983638928169
0.5 251.3077192693516
0.6 251.6456472963571
0.7 252.0147613484531
0.7999999999999999 252.4181243951447
0.8999999999999999 252.858732481064
0.9999999999999999 253.3403520027427
1.1 253.8668124610419
1.2 254.4424762210561
1.3 255.0721277170217
1.4 255.7610280053214
1.5 256.5149965211444
1.6 257.3404535965818
1.7 258.2444291333926
1.8 259.2348575228807
1.900000000000001 260.3203434990546
2 261.5106691564225
2.100000000000001 262.8164275758213
2.200000000000001 264.2495625979722
2.300000000000001 265.8233404598408
2.400000000000001 267.5524729612439
2.500000000000001 269.4534327911162
2.600000000000001 271.5445773243907
2.700000000000001 273.8463698394833
2.800000000000001 276.3815785212727
2.900000000000001 279.1755998244761
3.000000000000001 282.2568141576208
3.100000000000001 285.6566881004277
3.200000000000002 289.4102319852689
3.300000000000002 293.5561869462051
3.400000000000002 298.1371054346644
3.500000000000002 303.1995042955797
3.600000000000002 308.7940482206425
3.700000000000002 314.9742814515512
3.800000000000002 321.7964965999116
3.900000000000002 329.3175289389486
4.000000000000002 337.5935733730918
4.100000000000001 346.6745353609191
4.200000000000001 356.6002433685613
4.300000000000001 367.3937352520063
4.4 379.0522706854301
4.5 391.5377044944219
4.6 404.7669818131751
4.699999999999999 418.6034541620712
4.799999999999999 432.8530214029303
4.899999999999999 447.2677828679793
4.999999999999998 461.5595399972694
5.099999999999998 475.4210678246126
5.199999999999998 488.5563898062335
5.299999999999997 500.7108879684768
5.399999999999997 511.6960402553032
5.499999999999996 521.4028645124835
5.599999999999996 529.8022360217806
5.699999999999996 536.9340379947811
5.799999999999995 542.8895753524815
5.899999999999995 547.7921307404866
5.999999999999995 551.7794312332981
6.099999999999994 554.9901224532102
6.199999999999994 557.5542612661033
6.299999999999994 559.5885458437224
6.399999999999993 561.1939770252118
6.499999999999993 562.4556410218364
6.599999999999993 563.443817758699
6.699999999999992 564.2157873578491
6.799999999999992 564.8176247472747
6.899999999999991 565.2860635119506
6.999999999999991 565.6501984792648
7.099999999999991 565.9330100627684
7.19999999999999 566.1524859757116
7.29999999999999 566.3226999221112
7.39999999999999 566.4546530064631
7.499999999999989 566.5569144043393
7.599999999999989 566.6361331515761
7.699999999999989 566.6974867909415
7.799999999999988 566.7450292909706
7.899999999999988 566.7818587582161
7.999999999999988 566.8103451455022
8.099999999999987 566.8323731292551
8.199999999999987 566.8494280428064
8.299999999999986 566.8626368046392
8.399999999999986 566.8728602870749
8.499999999999986 566.8807534260234
8.599999999999985 566.8868633683418
8.699999999999985 566.8915815872263
8.799999999999985 566.8952768752073
8.899999999999984 566.8981469934211
8.999999999999984 566.9004649897309
9.099999999999984 566.9021021341555
9.199999999999983 566.9034313378546
9.299999999999983 566.9044835768518
9.399999999999983 566.9052677324049
9.499999999999982 566.9058658921726
9.599999999999982 566.9063169272165
9.699999999999982 566.9066566342569
9.799999999999981 566.9069264478246
9.899999999999981 566.9071344576452
9.99999999999998 566.9073025617403
10.09999999999998 566.9074336377548
10.19999999999998 566.9075386295151
10.29999999999998 566.9076198150929
10.39999999999998 566.9076837553412
10.49999999999998 566.9077333299258
10.59999999999998 566.9077715851895
10.69999999999998 566.9078017550772
10.79999999999998 566.9078248134782
10.89999999999998 566.9078432168709
10.99999999999998 566.9078573217746
11.09999999999998 566.9078685724415
11.19999999999998 566.9078772479654
11.29999999999998 566.9078841016164
11.39999999999998 566.9078894677975
11.49999999999998 566.9078973496645
11.59999999999997 566.907904310225
11.69999999999997 566.9079103494789
11.79999999999997 566.9079154674263
11.89999999999997 566.9079196640671
11.99999999999997 566.9079229394015
12.09999999999997 566.9079252934292
12.19999999999997 566.9079267261504
12.29999999999997 566.9079272375651
12.39999999999997 566.9079268276732
12.49999999999997 566.9079254964748
12.59999999999997 566.9079232439699
12.69999999999997 566.9079216879076
12.79999999999997 566.9079225335347
12.89999999999997 566.9079231455407
12.99999999999997 566.9079235239259
13.09999999999997 566.9079236686902
13.19999999999997 566.9079235798333
13.29999999999997 566.9079232573556
13.39999999999997 566.9079227012569
13.49999999999997 566.9079219115372
13.59999999999997 566.9079208881966
13.69999999999997 566.907919631235
13.79999999999997 566.9079181406524
13.89999999999997 566.9079164164489
13.99999999999997 566.9079156683015
14.09999999999997 566.9079152117137
14.19999999999997 566.9079147551259
14.29999999999997 566.9079142985382
14.39999999999996 566.9079138419504
14.49999999999996 566.9079133853627
14.59999999999996 566.907912928775
14.69999999999996 566.9079124721873
14.79999999999996 566.9079120155994
14.89999999999996 566.9079115590117
14.99999999999996 566.907911102424
15.09999999999996 566.9079106458362
15.19999999999996 566.9079102203158
15.29999999999996 566.9079102066448
15.39999999999996 566.9079101929738
15.49999999999996 566.9079101793027
15.59999999999996 566.9079101656317
15.69999999999996 566.9079101519607
15.79999999999996 566.9079101382896
15.89999999999996 566.9079101246185
15.99999999999996 566.9079101109476
16.09999999999996 566.9079100972765
16.19999999999996 566.9079100836054
16.29999999999996 566.9079100699345
16.39999999999996 566.9079100562634
16.49999999999996 566.9079100425923
16.59999999999997 566.9079100289214
16.69999999999997 566.9079100152503
16.79999999999997 566.9079100015792
16.89999999999997 566.9079099879082
16.99999999999997 566.9079099742372
17.09999999999997 566.9079099605661
17.19999999999997 566.9079099468951
17.29999999999998 566.9079099332241
17.39999999999998 566.907909919553
17.49999999999998 566.907909905882
17.59999999999998 566.907909892211
17.69999999999998 566.90790987854
17.79999999999998 566.9079098648689
17.89999999999998 566.9079098511979
17.99999999999999 566.9079098375269
18.09999999999999 566.9079098238558
18.19999999999999 566.9079098101847
18.29999999999999 566.9079097965138
18.39999999999999 566.9079097828427
18.49999999999999 566.9079097691716
18.59999999999999 566.9079097555007
18.7 566.9079097418296
18.8 566.9079097281585
18.9 566.9079097144876
19 566.9079097008165
19.1 566.9079096871454
19.2 566.9079096734744
19.3 566.9079096598034
19.40000000000001 566.9079096461323
19.50000000000001 566.9079096324613
19.60000000000001 566.9079096187903
19.70000000000001 566.9079096051192
19.80000000000001 566.9079095914482
19.90000000000001 566.9079095777772
20.00000000000001 566.9079095641061
20.10000000000002 566.9079095504351
20.20000000000002 566.907909536764
20.30000000000002 566.9079095230931
20.40000000000002 566.907909509422
20.50000000000002 566.9079094957509
20.60000000000002 566.90790948208
20.70000000000002 566.9079094684089
20.80000000000003 566.9079094547378
20.90000000000003 566.9079094410669
21.00000000000003 566.9079094273958
21.10000000000003 566.9079094137247
21.20000000000003 566.9079094000538
21.30000000000003 566.9079093863827
21.40000000000003 566.9079093727116
21.50000000000004 566.9079093590406
21.60000000000004 566.9079093453696
21.70000000000004 566.9079093316985
21.80000000000004 566.9079093180275
21.90000000000004 566.9079093043565
22.00000000000004 566.9079092906854
22.10000000000004 566.9079092770144
22.20000000000005 566.9079092633434
22.30000000000005 566.9079092496723
22.40000000000005 566.9079092360013
22.50000000000005 566.9079092223302
22.60000000000005 566.9079092086592
22.70000000000005 566.9079091949882
22.80000000000005 566.9079091813171
22.90000000000006 566.9079091676462
23.00000000000006 566.9079091539751
23.10000000000006 566.907909140304
23.20000000000006 566.9079091266331
23.30000000000006 566.907909112962
23.40000000000006 566.9079090992909
23.50000000000006 566.9079090856198
23.60000000000007 566.9079090719489
23.70000000000007 566.9079090582778
23.80000000000007 566.9079090446068
23.90000000000007 566.9079090309358
24.00000000000007 566.9079090172647
24.10000000000007 566.9079090035937
24.20000000000007 566.9079089899227
24.30000000000008 566.9079089762516
24.40000000000008 566.9079089625806
24.50000000000008 566.9079089489096
24.60000000000008 566.9079089352385
24.70000000000008 566.9079089215675
24.80000000000008 566.9079089078964
24.90000000000008 566.9079088942254
25.00000000000009 566.9079088805544
25.10000000000009 566.9079088668833
25.20000000000009 566.9079088532123
25.30000000000009 566.9079088395413
25.40000000000009 566.9079088258702
25.50000000000009 566.9079088121993
25.60000000000009 566.9079087985282
25.7000000000001 566.9079087848571
25.8000000000001 566.907908771186
25.9000000000001 566.9079087575151
26.0000000000001 566.907908743844
26.1000000000001 566.9079087301729
26.2000000000001 566.907908716502
26.3000000000001 566.9079087028309
26.40000000000011 566.9079086891599
26.50000000000011 566.9079086754889
26.60000000000011 566.9079086618178
26.70000000000011 566.9079086481468
26.80000000000011 566.9079086344757
26.90000000000011 566.9079086208047
27.00000000000011 566.9079086071337
27.10000000000012 566.9079085934626
27.20000000000012 566.9079085797916
27.30000000000012 566.9079085661206
27.40000000000012 566.9079085524495
27.50000000000012 566.9079085387785
27.60000000000012 566.9079085251075
27.70000000000012 566.9079085114364
27.80000000000013 566.9079084977654
27.90000000000013 566.9079084922147
28.00000000000013 566.9079084918053
28.10000000000013 566.9079084913958
28.20000000000013 566.9079084909864
28.30000000000013 566.907908490577
28.40000000000013 566.9079084901675
28.50000000000014 566.9079084897581
28.60000000000014 566.9079084893488
28.70000000000014 566.9079084889393
28.80000000000014 566.9079084885299
28.90000000000014 566.9079084881205
29.00000000000014 566.907908487711
29.10000000000014 566.9079084873016
29.20000000000014 566.9079084868922
29.30000000000015 566.9079084864827
29.40000000000015 566.9079084860733
29.50000000000015 566.9079084856639
29.60000000000015 566.9079084852544
29.70000000000015 566.9079084848451
29.80000000000015 566.9079084844357
29.90000000000015 566.9079084840262
30.00000000000016 566.9079084836168
30.10000000000016 566.9079084832074
30.20000000000016 566.9079084827979
30.30000000000016 566.9079084823885
30.40000000000016 566.9079084819791
30.50000000000016 566.9079084815696
30.60000000000016 566.9079084811602
30.70000000000017 566.9079084807507
30.80000000000017 566.9079084803413
30.90000000000017 566.907908479932
31.00000000000017 566.9079084795225
31.10000000000017 566.9079084791131
31.20000000000017 566.9079084787037
31.30000000000017 566.9079084782942
31.40000000000018 566.9079084778848
31.50000000000018 566.9079084774754
31.60000000000018 566.9079084770659
31.70000000000018 566.9079084766565
31.80000000000018 566.9079084762471
31.90000000000018 566.9079084758376
32.00000000000018 566.9079084754283
32.10000000000019 566.9079084750189
32.20000000000019 566.9079084746094
32.30000000000019 566.9079084742
32.40000000000019 566.9079084737906
32.50000000000019 566.9079084733811
32.60000000000019 566.9079084729717
32.70000000000019 566.9079084725623
32.8000000000002 566.9079084721528
32.9000000000002 566.9079084717434
33.0000000000002 566.9079084713341
33.1000000000002 566.9079084709246
33.2000000000002 566.9079084705152
33.3000000000002 566.9079084701058
33.4000000000002 566.9079084696963
33.50000000000021 566.9079084692869
33.60000000000021 566.9079084688775
33.70000000000021 566.907908468468
33.80000000000021 566.9079084680586
33.90000000000021 566.9079084676492
34.00000000000021 566.9079084672397
34.10000000000021 566.9079084668303
34.20000000000022 566.907908466421
34.30000000000022 566.9079084660115
34.40000000000022 566.9079084656021
34.50000000000022 566.9079084651927
34.60000000000022 566.9079084647832
34.70000000000022 566.9079084643738
34.80000000000022 566.9079084639644
34.90000000000023 566.9079084635549
35.00000000000023 566.9079084631455
35.10000000000023 566.9079084627361
35.20000000000023 566.9079084623266
35.30000000000023 566.9079084619173
35.40000000000023 566.9079084615079
35.50000000000023 566.9079084610984
35.60000000000024 566.907908460689
35.70000000000024 566.9079084602796
35.80000000000024 566.9079084598701
35.90000000000024 566.9079084594607
36.00000000000024 566.9079084590513
36.10000000000024 566.9079084586418
36.20000000000024 566.9079084582324
36.30000000000025 566.9079084578231
36.40000000000025 566.9079084574136
36.50000000000025 566.9079084570042
36.60000000000025 566.9079084565948
36.70000000000025 566.9079084561853
36.80000000000025 566.9079084557759
36.90000000000025 566.9079084553665
37.00000000000026 566.907908454957
37.10000000000026 566.9079084545476
37.20000000000026 566.9079084541382
37.30000000000026 566.9079084537287
37.40000000000026 566.9079084533194
37.50000000000026 566.90790845291
37.60000000000026 566.9079084525005
37.70000000000027 566.9079084520911
37.80000000000027 566.9079084516817
37.90000000000027 566.9079084512722
38.00000000000027 566.9079084508628
38.10000000000027 566.9079084504534
38.20000000000027 566.9079084500439
38.30000000000027 566.9079084496345
38.40000000000028 566.9079084492251
38.50000000000028 566.9079084488156
38.60000000000028 566.9079084484063
38.70000000000028 566.9079084479969
38.80000000000028 566.9079084475874
38.90000000000028 566.907908447178
39.00000000000028 566.9079084467686
39.10000000000029 566.9079084463591
39.20000000000029 566.9079084459497
39.30000000000029 566.9079084455403
39.40000000000029 566.9079084451308
39.50000000000029 566.9079084447214
39.60000000000029 566.9079084443121
39.70000000000029 566.9079084439026
39.8000000000003 566.9079084434932
39.9000000000003 566.9079084430838
40.0000000000003 566.9079084426743
40.1000000000003 566.9079084422649
40.2000000000003 566.9079084418555
40.3000000000003 566.907908441446
40.4000000000003 566.9079084410366
40.50000000000031 566.9079084406903
40.60000000000031 566.9079084406891
40.70000000000031 566.9079084406878
40.80000000000031 566.9079084406866
40.90000000000031 566.9079084406853
41.00000000000031 566.9079084406841
41.10000000000031 566.9079084406828
41.20000000000032 566.9079084406815
41.30000000000032 566.9079084406802
41.40000000000032 566.907908440679
41.50000000000032 566.9079084406777
41.60000000000032 566.9079084406765
41.70000000000032 566.9079084406752
41.80000000000032 566.907908440674
41.90000000000033 566.9079084406727
42.00000000000033 566.9079084406715
42.10000000000033 566.9079084406702
42.20000000000033 566.907908440669
42.30000000000033 566.9079084406676
42.40000000000033 566.9079084406663
42.50000000000033 566.9079084406651
42.60000000000034 566.9079084406638
42.70000000000034 566.9079084406626
42.80000000000034 566.9079084406613
42.90000000000034 566.9079084406601
43.00000000000034 566.9079084406588
43.10000000000034 566.9079084406576
43.20000000000034 566.9079084406563
43.30000000000035 566.9079084406551
43.40000000000035 566.9079084406538
43.50000000000035 566.9079084406525
43.60000000000035 566.9079084406512
43.70000000000035 566.90790844065
43.80000000000035 566.9079084406487
43.90000000000035 566.9079084406475
44.00000000000036 566.9079084406462
44.10000000000036 566.907908440645
44.20000000000036 566.9079084406437
44.30000000000036 566.9079084406425
44.40000000000036 566.9079084406412
44.50000000000036 566.90790844064
44.60000000000036 566.9079084406386
44.70000000000037 566.9079084406374
44.80000000000037 566.9079084406361
44.90000000000037 566.9079084406349
45.00000000000037 566.9079084406336
45.10000000000037 566.9079084406324
45.20000000000037 566.9079084406311
45.30000000000037 566.9079084406299
45.40000000000038 566.9079084406286
45.50000000000038 566.9079084406274
45.60000000000038 566.9079084406261
45.70000000000038 566.9079084406247
45.80000000000038 566.9079084406235
45.90000000000038 566.9079084406222
46.00000000000038 566.907908440621
46.10000000000039 566.9079084406197
46.20000000000039 566.9079084406185
46.30000000000039 566.9079084406172
46.40000000000039 566.907908440616
46.50000000000039 566.9079084406147
46.60000000000039 566.9079084406135
46.70000000000039 566.9079084406122
46.8000000000004 566.907908440611
46.9000000000004 566.9079084406096
47.0000000000004 566.9079084406084
47.1000000000004 566.9079084406071
47.2000000000004 566.9079084406059
47.3000000000004 566.9079084406046
47.4000000000004 566.9079084406034
47.50000000000041 566.9079084406021
47.60000000000041 566.9079084406009
47.70000000000041 566.9079084405996
47.80000000000041 566.9079084405984
47.90000000000041 566.9079084405971
48.00000000000041 566.9079084405957
48.10000000000041 566.9079084405945
48.20000000000041 566.9079084405932
48.30000000000042 566.907908440592
48.40000000000042 566.9079084405907
48.50000000000042 566.9079084405895
48.60000000000042 566.9079084405882
48.70000000000042 566.907908440587
48.80000000000042 566.9079084405857
48.90000000000042 566.9079084405845
49.00000000000043 566.9079084405832
49.10000000000043 566.9079084405819
49.20000000000043 566.9079084405806
49.30000000000043 566.9079084405794
49.40000000000043 566.9079084405781
49.50000000000043 566.9079084405769
49.60000000000043 566.9079084405756
49.70000000000044 566.9079084405744
49.80000000000044 566.9079084405731
49.90000000000044 566.9079084405719