Time X1
0 250
0.1 250.2148309422582
0.2 250.4492592316491
0.3 250.7053120095813
0.4 250.984588015058
0.5 251.2896507239045
0.6 251.6228830499404
0.7 251.9868531469648
0.7999999999999999 252.3845933167968
0.8999999999999999 252.8190197719478
0.9999999999999999 253.2938776718323
1.1 253.8129201522155
1.2 254.3804442716885
1.3 255.0011608731363
1.4 255.6802484955585
1.5 256.4234313644541
1.6 257.237033013454
1.7 258.1279630235089
1.8 259.1040282845102
1.900000000000001 260.173689796846
2 261.3465667399377
2.100000000000001 262.6330799774846
2.200000000000001 264.0449528630385
2.300000000000001 265.5952358318846
2.400000000000001 267.298379076809
2.500000000000001 269.1705641186578
2.600000000000001 271.2298237260665
2.700000000000001 273.4962602879967
2.800000000000001 275.9922432916639
2.900000000000001 278.7427052310728
3.000000000000001 281.7755338483746
3.100000000000001 285.1216480258412
3.200000000000002 288.8154552868721
3.300000000000002 292.8950568360546
3.400000000000002 297.4023611042107
3.500000000000002 302.3831854456603
3.600000000000002 307.8875459379006
3.700000000000002 313.9684734216034
3.800000000000002 320.6818868848061
3.900000000000002 328.0845021437768
4.000000000000002 336.2328961433262
4.100000000000001 345.1781000279198
4.200000000000001 354.9618487325362
4.300000000000001 365.610459991263
4.4 377.1257823118242
4.5 389.4760473248357
4.6 402.5861315442625
4.699999999999999 416.3284264106288
4.799999999999999 430.5184937605108
4.899999999999999 444.9164601386518
4.999999999999998 459.2400021395714
5.099999999999998 473.1833426592397
5.199999999999998 486.4470234452356
5.299999999999997 498.7681656108326
5.399999999999997 509.9465428847145
5.499999999999996 519.860046644464
5.599999999999996 528.467061597984
5.699999999999996 535.7972048271853
5.799999999999995 541.9345561407163
5.899999999999995 546.9982727077509
5.999999999999995 551.124578360215
6.099999999999994 554.452512563749
6.199999999999994 557.1138802671462
6.299999999999994 559.227601218628
6.399999999999993 560.8972008125729
6.499999999999993 562.2102426801254
6.599999999999993 563.2392779982555
6.699999999999992 564.0435658362219
6.799999999999992 564.6708544365528
6.899999999999991 565.1592696049645
6.999999999999991 565.5390463961304
7.099999999999991 565.8340749359535
7.19999999999999 566.0630779166834
7.29999999999999 566.240717582556
7.39999999999999 566.3784544987346
7.499999999999989 566.4852118659883
7.599999999999989 566.5679214848137
7.699999999999989 566.6319925376945
7.799999999999988 566.6816349957518
7.899999999999988 566.7201116228949
7.999999999999988 566.7498676545257
8.099999999999987 566.7728890088746
8.199999999999987 566.7907070936791
8.299999999999986 566.8045111874101
8.399999999999986 566.815194397914
8.499999999999986 566.8234487652273
8.599999999999985 566.8298336029494
8.699999999999985 566.8347679583806
8.799999999999985 566.8386193248372
8.899999999999984 566.8416219737197
8.999999999999984 566.8440735917459
9.099999999999984 566.8457639583881
9.199999999999983 566.8471446390466
9.299999999999983 566.8482443114017
9.399999999999983 566.849074172137
9.499999999999982 566.8496981214337
9.599999999999982 566.8501754457201
9.699999999999982 566.8505291967687
9.799999999999981 566.8508113764068
9.899999999999981 566.8510282929952
9.99999999999998 566.8512032196753
10.09999999999998 566.8513401952503
10.19999999999998 566.8514494507361
10.29999999999998 566.8515347335547
10.39999999999998 566.8516012265818
10.49999999999998 566.8516534026105
10.59999999999998 566.8516932277468
10.69999999999998 566.8517248610525
10.79999999999998 566.8517489670164
10.89999999999998 566.8517681905007
10.99999999999998 566.8517829814599
11.09999999999998 566.8517947040909
11.19999999999998 566.8518038275163
11.29999999999998 566.8518109554763
11.39999999999998 566.8518165729499
11.49999999999998 566.8518239190147
11.59999999999997 566.8518310428402
11.69999999999997 566.8518372485789
11.79999999999997 566.8518425362306
11.89999999999997 566.8518469057954
11.99999999999997 566.8518503572732
12.09999999999997 566.8518528906641
12.19999999999997 566.8518545059682
12.29999999999997 566.8518552031852
12.39999999999997 566.8518549823153
12.49999999999997 566.8518538433585
12.59999999999997 566.8518517863148
12.69999999999997 566.8518494709328
12.79999999999997 566.8518503627118
12.89999999999997 566.8518510218396
12.99999999999997 566.8518514483161
13.09999999999997 566.8518516421415
13.19999999999997 566.8518516033156
13.29999999999997 566.8518513318386
13.39999999999997 566.8518508277105
13.49999999999997 566.851850090931
13.59999999999997 566.8518491215004
13.69999999999997 566.8518479194187
13.79999999999997 566.8518464846857
13.89999999999997 566.8518448173015
13.99999999999997 566.8518437586154
14.09999999999997 566.8518433037683
14.19999999999997 566.8518428489211
14.29999999999997 566.851842394074
14.39999999999996 566.8518419392269
14.49999999999996 566.8518414843797
14.59999999999996 566.8518410295326
14.69999999999996 566.8518405746854
14.79999999999996 566.8518401198384
14.89999999999996 566.8518396649912
14.99999999999996 566.851839210144
15.09999999999996 566.8518387552969
15.19999999999996 566.8518383004498
15.29999999999996 566.8518382107129
15.39999999999996 566.8518381971052
15.49999999999996 566.8518381834974
15.59999999999996 566.8518381698896
15.69999999999996 566.8518381562818
15.79999999999996 566.851838142674
15.89999999999996 566.8518381290662
15.99999999999996 566.8518381154583
16.09999999999996 566.8518381018506
16.19999999999996 566.8518380882429
16.29999999999996 566.851838074635
16.39999999999996 566.8518380610273
16.49999999999996 566.8518380474194
16.59999999999997 566.8518380338116
16.69999999999997 566.8518380202039
16.79999999999997 566.851838006596
16.89999999999997 566.8518379929883
16.99999999999997 566.8518379793804
17.09999999999997 566.8518379657727
17.19999999999997 566.8518379521649
17.29999999999998 566.8518379385571
17.39999999999998 566.8518379249493
17.49999999999998 566.8518379113415
17.59999999999998 566.8518378977337
17.69999999999998 566.851837884126
17.79999999999998 566.8518378705181
17.89999999999998 566.8518378569104
17.99999999999999 566.8518378433025
18.09999999999999 566.8518378296948
18.19999999999999 566.851837816087
18.29999999999999 566.8518378024792
18.39999999999999 566.8518377888714
18.49999999999999 566.8518377752636
18.59999999999999 566.8518377616558
18.7 566.8518377480481
18.8 566.8518377344402
18.9 566.8518377208325
19 566.8518377072246
19.1 566.8518376936169
19.2 566.8518376800091
19.3 566.8518376664013
19.40000000000001 566.8518376527935
19.50000000000001 566.8518376391856
19.60000000000001 566.8518376255779
19.70000000000001 566.8518376119702
19.80000000000001 566.8518375983623
19.90000000000001 566.8518375847545
20.00000000000001 566.8518375711467
20.10000000000002 566.8518375575389
20.20000000000002 566.8518375439312
20.30000000000002 566.8518375303233
20.40000000000002 566.8518375167156
20.50000000000002 566.8518375031077
20.60000000000002 566.8518374895
20.70000000000002 566.8518374758922
20.80000000000003 566.8518374622844
20.90000000000003 566.8518374486766
21.00000000000003 566.8518374350688
21.10000000000003 566.851837421461
21.20000000000003 566.8518374078533
21.30000000000003 566.8518373942454
21.40000000000003 566.8518373806377
21.50000000000004 566.8518373670298
21.60000000000004 566.8518373534221
21.70000000000004 566.8518373398142
21.80000000000004 566.8518373262065
21.90000000000004 566.8518373125987
22.00000000000004 566.8518372989909
22.10000000000004 566.8518372853831
22.20000000000005 566.8518372717753
22.30000000000005 566.8518372581675
22.40000000000005 566.8518372445598
22.50000000000005 566.8518372309519
22.60000000000005 566.8518372173442
22.70000000000005 566.8518372037363
22.80000000000005 566.8518371901285
22.90000000000006 566.8518371765208
23.00000000000006 566.8518371629129
23.10000000000006 566.8518371493052
23.20000000000006 566.8518371356973
23.30000000000006 566.8518371220896
23.40000000000006 566.8518371084818
23.50000000000006 566.851837094874
23.60000000000007 566.8518370812662
23.70000000000007 566.8518370676584
23.80000000000007 566.8518370540506
23.90000000000007 566.8518370404429
24.00000000000007 566.851837026835
24.10000000000007 566.8518370132273
24.20000000000007 566.8518369996194
24.30000000000008 566.8518369860117
24.40000000000008 566.8518369724039
24.50000000000008 566.8518369587961
24.60000000000008 566.8518369451883
24.70000000000008 566.8518369315805
24.80000000000008 566.8518369179727
24.90000000000008 566.851836904365
25.00000000000009 566.8518368907571
25.10000000000009 566.8518368771494
25.20000000000009 566.8518368635415
25.30000000000009 566.8518368499338
25.40000000000009 566.851836836326
25.50000000000009 566.8518368227182
25.60000000000009 566.8518368091104
25.7000000000001 566.8518367955025
25.8000000000001 566.8518367818948
25.9000000000001 566.8518367682871
26.0000000000001 566.8518367546792
26.1000000000001 566.8518367410715
26.2000000000001 566.8518367274636
26.3000000000001 566.8518367138558
26.40000000000011 566.8518367002481
26.50000000000011 566.8518366866402
26.60000000000011 566.8518366730325
26.70000000000011 566.8518366594246
26.80000000000011 566.8518366458169
26.90000000000011 566.8518366322091
27.00000000000011 566.8518366186013
27.10000000000012 566.8518366049935
27.20000000000012 566.8518365913857
27.30000000000012 566.8518365777779
27.40000000000012 566.8518365641701
27.50000000000012 566.8518365505623
27.60000000000012 566.8518365369546
27.70000000000012 566.8518365233467
27.80000000000013 566.851836509739
27.90000000000013 566.8518364989495
28.00000000000013 566.8518364985423
28.10000000000013 566.8518364981352
28.20000000000013 566.851836497728
28.30000000000013 566.8518364973207
28.40000000000013 566.8518364969135
28.50000000000014 566.8518364965064
28.60000000000014 566.8518364960992
28.70000000000014 566.8518364956919
28.80000000000014 566.8518364952847
28.90000000000014 566.8518364948775
29.00000000000014 566.8518364944704
29.10000000000014 566.8518364940631
29.20000000000014 566.8518364936559
29.30000000000015 566.8518364932487
29.40000000000015 566.8518364928416
29.50000000000015 566.8518364924344
29.60000000000015 566.8518364920271
29.70000000000015 566.8518364916199
29.80000000000015 566.8518364912128
29.90000000000015 566.8518364908056
30.00000000000016 566.8518364903983
30.10000000000016 566.8518364899911
30.20000000000016 566.851836489584
30.30000000000016 566.8518364891768
30.40000000000016 566.8518364887695
30.50000000000016 566.8518364883623
30.60000000000016 566.8518364879552
30.70000000000017 566.851836487548
30.80000000000017 566.8518364871408
30.90000000000017 566.8518364867335
31.00000000000017 566.8518364863264
31.10000000000017 566.8518364859192
31.20000000000017 566.851836485512
31.30000000000017 566.8518364851047
31.40000000000018 566.8518364846975
31.50000000000018 566.8518364842904
31.60000000000018 566.8518364838832
31.70000000000018 566.8518364834759
31.80000000000018 566.8518364830687
31.90000000000018 566.8518364826616
32.00000000000018 566.8518364822544
32.10000000000019 566.8518364818472
32.20000000000019 566.8518364814399
32.30000000000019 566.8518364810328
32.40000000000019 566.8518364806256
32.50000000000019 566.8518364802184
32.60000000000019 566.8518364798111
32.70000000000019 566.851836479404
32.8000000000002 566.8518364789968
32.9000000000002 566.8518364785896
33.0000000000002 566.8518364781823
33.1000000000002 566.8518364777752
33.2000000000002 566.851836477368
33.3000000000002 566.8518364769608
33.4000000000002 566.8518364765536
33.50000000000021 566.8518364761464
33.60000000000021 566.8518364757392
33.70000000000021 566.851836475332
33.80000000000021 566.8518364749248
33.90000000000021 566.8518364745175
34.00000000000021 566.8518364741104
34.10000000000021 566.8518364737032
34.20000000000022 566.851836473296
34.30000000000022 566.8518364728887
34.40000000000022 566.8518364724816
34.50000000000022 566.8518364720744
34.60000000000022 566.8518364716672
34.70000000000022 566.85183647126
34.80000000000022 566.8518364708528
34.90000000000023 566.8518364704456
35.00000000000023 566.8518364700384
35.10000000000023 566.8518364696312
35.20000000000023 566.8518364692241
35.30000000000023 566.8518364688168
35.40000000000023 566.8518364684096
35.50000000000023 566.8518364680024
35.60000000000024 566.8518364675953
35.70000000000024 566.851836467188
35.80000000000024 566.8518364667808
35.90000000000024 566.8518364663736
36.00000000000024 566.8518364659665
36.10000000000024 566.8518364655592
36.20000000000024 566.851836465152
36.30000000000025 566.8518364647448
36.40000000000025 566.8518364643376
36.50000000000025 566.8518364639305
36.60000000000025 566.8518364635232
36.70000000000025 566.851836463116
36.80000000000025 566.8518364627088
36.90000000000025 566.8518364623017
37.00000000000026 566.8518364618944
37.10000000000026 566.8518364614872
37.20000000000026 566.85183646108
37.30000000000026 566.8518364606729
37.40000000000026 566.8518364602656
37.50000000000026 566.8518364598584
37.60000000000026 566.8518364594512
37.70000000000027 566.8518364590441
37.80000000000027 566.8518364586369
37.90000000000027 566.8518364582296
38.00000000000027 566.8518364578224
38.10000000000027 566.8518364574153
38.20000000000027 566.8518364570081
38.30000000000027 566.8518364566008
38.40000000000028 566.8518364561936
38.50000000000028 566.8518364557865
38.60000000000028 566.8518364553793
38.70000000000028 566.851836454972
38.80000000000028 566.8518364545648
38.90000000000028 566.8518364541576
39.00000000000028 566.8518364537505
39.10000000000029 566.8518364533433
39.20000000000029 566.851836452936
39.30000000000029 566.8518364525288
39.40000000000029 566.8518364521217
39.50000000000029 566.8518364517145
39.60000000000029 566.8518364513072
39.70000000000029 566.8518364509
39.8000000000003 566.8518364504929
39.9000000000003 566.8518364500857
40.0000000000003 566.8518364496784
40.1000000000003 566.8518364492712
40.2000000000003 566.8518364488641
40.3000000000003 566.8518364484569
40.4000000000003 566.8518364480497
40.50000000000031 566.8518364476424
40.60000000000031 566.8518364474786
40.70000000000031 566.8518364474774
40.80000000000031 566.8518364474761
40.90000000000031 566.8518364474749
41.00000000000031 566.8518364474736
41.10000000000031 566.8518364474724
41.20000000000032 566.8518364474711
41.30000000000032 566.8518364474699
41.40000000000032 566.8518364474686
41.50000000000032 566.8518364474673
41.60000000000032 566.8518364474661
41.70000000000032 566.8518364474648
41.80000000000032 566.8518364474636
41.90000000000033 566.8518364474623
42.00000000000033 566.8518364474611
42.10000000000033 566.8518364474598
42.20000000000033 566.8518364474586
42.30000000000033 566.8518364474573
42.40000000000033 566.8518364474561
42.50000000000033 566.8518364474548
42.60000000000034 566.8518364474536
42.70000000000034 566.8518364474523
42.80000000000034 566.8518364474511
42.90000000000034 566.8518364474498
43.00000000000034 566.8518364474486
43.10000000000034 566.8518364474473
43.20000000000034 566.8518364474461
43.30000000000035 566.8518364474448
43.40000000000035 566.8518364474436
43.50000000000035 566.8518364474423
43.60000000000035 566.8518364474411
43.70000000000035 566.8518364474398
43.80000000000035 566.8518364474386
43.90000000000035 566.8518364474373
44.00000000000036 566.8518364474361
44.10000000000036 566.8518364474348
44.20000000000036 566.8518364474336
44.30000000000036 566.8518364474323
44.40000000000036 566.8518364474311
44.50000000000036 566.8518364474298
44.60000000000036 566.8518364474286
44.70000000000037 566.8518364474273
44.80000000000037 566.8518364474261
44.90000000000037 566.8518364474248
45.00000000000037 566.8518364474236
45.10000000000037 566.8518364474223
45.20000000000037 566.8518364474211
45.30000000000037 566.8518364474197
45.40000000000038 566.8518364474185
45.50000000000038 566.8518364474172
45.60000000000038 566.851836447416
45.70000000000038 566.8518364474147
45.80000000000038 566.8518364474135
45.90000000000038 566.8518364474122
46.00000000000038 566.851836447411
46.10000000000039 566.8518364474097
46.20000000000039 566.8518364474085
46.30000000000039 566.8518364474072
46.40000000000039 566.851836447406
46.50000000000039 566.8518364474047
46.60000000000039 566.8518364474035
46.70000000000039 566.8518364474022
46.8000000000004 566.851836447401
46.9000000000004 566.8518364473997
47.0000000000004 566.8518364473985
47.1000000000004 566.8518364473972
47.2000000000004 566.851836447396
47.3000000000004 566.8518364473947
47.4000000000004 566.8518364473935
47.50000000000041 566.8518364473922
47.60000000000041 566.851836447391
47.70000000000041 566.8518364473897
47.80000000000041 566.8518364473885
47.90000000000041 566.8518364473872
48.00000000000041 566.8518364473859
48.10000000000041 566.8518364473847
48.20000000000041 566.8518364473834
48.30000000000042 566.8518364473822
48.40000000000042 566.8518364473809
48.50000000000042 566.8518364473797
48.60000000000042 566.8518364473784
48.70000000000042 566.8518364473772
48.80000000000042 566.8518364473759
48.90000000000042 566.8518364473747
49.00000000000043 566.8518364473734
49.10000000000043 566.8518364473722
49.20000000000043 566.8518364473709
49.30000000000043 566.8518364473697
49.40000000000043 566.8518364473684
49.50000000000043 566.8518364473672
49.60000000000043 566.8518364473659
49.70000000000044 566.8518364473647
49.80000000000044 566.8518364473634
49.90000000000044 566.8518364473622