Time X1
0 250
0.1 252.7077279284274
0.2 255.7273070814411
0.3 259.1011786447585
0.4 262.8771752465412
0.5 267.1108661237323
0.6 271.8668440337302
0.7 277.2198705864342
0.7999999999999999 283.2561349700884
0.8999999999999999 290.0749538559753
0.9999999999999999 297.7898740993454
1.1 306.5292927403505
1.2 316.4355522262711
1.3 327.6634246819138
1.4 340.3715241996136
1.5 354.710835677002
1.6 370.8040902202659
1.7 388.7137129717598
1.8 408.3991364896809
1.900000000000001 429.6662816822392
2 452.1218761683302
2.100000000000001 475.1562802130112
2.200000000000001 497.9777728943407
2.300000000000001 519.7131811878621
2.400000000000001 539.5568140676451
2.500000000000001 556.9166385406182
2.600000000000001 571.5004637714487
2.700000000000001 583.3130872558478
2.800000000000001 592.5874347624126
2.900000000000001 599.6851987088847
3.000000000000001 605.0087593897348
3.100000000000001 608.9397685996577
3.200000000000002 611.8088598882733
3.300000000000002 613.8849547074389
3.400000000000002 615.3777622590142
3.500000000000002 616.4463032325673
3.600000000000002 617.2086313370124
3.700000000000002 617.751220370694
3.800000000000002 618.1367891294157
3.900000000000002 618.4104379366371
4.000000000000002 618.6044829421005
4.100000000000001 618.7420050109524
4.200000000000001 618.8394213934349
4.300000000000001 618.9084095856945
4.4 618.957247931343
4.5 618.9918155234419
4.6 619.0163264611627
4.699999999999999 619.0336543874936
4.799999999999999 619.0458905062364
4.899999999999999 619.054539721929
4.999999999999998 619.0606743918304
5.099999999999998 619.0650137053634
5.199999999999998 619.0680735762331
5.299999999999997 619.070232491876
5.399999999999997 619.0717903368012
5.499999999999996 619.0729031358245
5.599999999999996 619.0737012308354
5.699999999999996 619.0742489833402
5.799999999999995 619.074644979926
5.899999999999995 619.0749093477662
5.999999999999995 619.075092627943
6.099999999999994 619.0752186234056
6.199999999999994 619.0753095362663
6.299999999999994 619.0753765735806
6.399999999999993 619.0754250436946
6.499999999999993 619.0754603961783
6.599999999999993 619.0754855751416
6.699999999999992 619.0755033963216
6.799999999999992 619.0755162378047
6.899999999999991 619.0755252647654
6.999999999999991 619.0755318194302
7.099999999999991 619.0755410590453
7.19999999999999 619.0755488911607
7.29999999999999 619.0755552920323
7.39999999999999 619.0755602616603
7.499999999999989 619.0755638000445
7.599999999999989 619.0755659071851
7.699999999999989 619.075566583082
7.799999999999988 619.0755658277352
7.899999999999988 619.0755636411446
7.999999999999988 619.0755605960785
8.099999999999987 619.0755615541739
8.199999999999987 619.0755621633265
8.299999999999986 619.0755624235363
8.399999999999986 619.0755623348033
8.499999999999986 619.0755618971276
8.599999999999985 619.0755611105091
8.699999999999985 619.0755599749477
8.799999999999985 619.0755584904435
8.899999999999984 619.0755566569967
8.999999999999984 619.0755546924502
9.099999999999984 619.0755541901068
9.199999999999983 619.0755536877633
9.299999999999983 619.0755531854199
9.399999999999983 619.0755526830766
9.499999999999982 619.0755521807332
9.599999999999982 619.0755516783898
9.699999999999982 619.0755511760465
9.799999999999981 619.0755506737031
9.899999999999981 619.0755501713596
9.99999999999998 619.0755498291015
10.09999999999998 619.0755498148291
10.19999999999998 619.0755498005566
10.29999999999998 619.0755497862842
10.39999999999998 619.0755497720118
10.49999999999998 619.0755497577393
10.59999999999998 619.0755497434669
10.69999999999998 619.0755497291944
10.79999999999998 619.075549714922
10.89999999999998 619.0755497006496
10.99999999999998 619.0755496863771
11.09999999999998 619.0755496721047
11.19999999999998 619.0755496578323
11.29999999999998 619.0755496435598
11.39999999999998 619.0755496292874
11.49999999999998 619.075549615015
11.59999999999997 619.0755496007425
11.69999999999997 619.0755495864701
11.79999999999997 619.0755495721976
11.89999999999997 619.0755495579252
11.99999999999997 619.0755495436528
12.09999999999997 619.0755495293803
12.19999999999997 619.0755495151079
12.29999999999997 619.0755495008355
12.39999999999997 619.075549486563
12.49999999999997 619.0755494722906
12.59999999999997 619.0755494580181
12.69999999999997 619.0755494437457
12.79999999999997 619.0755494294733
12.89999999999997 619.0755494152008
12.99999999999997 619.0755494009284
13.09999999999997 619.075549386656
13.19999999999997 619.0755493723835
13.29999999999997 619.0755493581111
13.39999999999997 619.0755493438387
13.49999999999997 619.0755493295662
13.59999999999997 619.0755493152938
13.69999999999997 619.0755493010214
13.79999999999997 619.0755492867489
13.89999999999997 619.0755492724765
13.99999999999997 619.0755492582041
14.09999999999997 619.0755492439316
14.19999999999997 619.0755492296591
14.29999999999997 619.0755492153867
14.39999999999996 619.0755492011143
14.49999999999996 619.0755491868418
14.59999999999996 619.0755491725694
14.69999999999996 619.075549158297
14.79999999999996 619.0755491440245
14.89999999999996 619.0755491297521
14.99999999999996 619.0755491154797
15.09999999999996 619.0755491012072
15.19999999999996 619.0755490869348
15.29999999999996 619.0755490726624
15.39999999999996 619.0755490583899
15.49999999999996 619.0755490441175
15.59999999999996 619.0755490298451
15.69999999999996 619.0755490155726
15.79999999999996 619.0755490013001
15.89999999999996 619.0755489870278
15.99999999999996 619.0755489727553
16.09999999999996 619.0755489584828
16.19999999999996 619.0755489442105
16.29999999999996 619.075548929938
16.39999999999996 619.0755489156655
16.49999999999996 619.0755489013932
16.59999999999997 619.0755488871207
16.69999999999997 619.0755488728482
16.79999999999997 619.0755488585758
16.89999999999997 619.0755488443034
16.99999999999997 619.0755488300309
17.09999999999997 619.0755488157585
17.19999999999997 619.0755488014861
17.29999999999998 619.0755487872136
17.39999999999998 619.0755487729411
17.49999999999998 619.0755487586688
17.59999999999998 619.0755487443963
17.69999999999998 619.0755487301238
17.79999999999998 619.0755487158515
17.89999999999998 619.075548701579
17.99999999999999 619.0755486873065
18.09999999999999 619.0755486730342
18.19999999999999 619.0755486587617
18.29999999999999 619.0755486444892
18.39999999999999 619.0755486302169
18.49999999999999 619.0755486159444
18.59999999999999 619.0755486016719
18.7 619.0755485873996
18.8 619.0755485731271
18.9 619.0755485588546
19 619.0755485445821
19.1 619.0755485303098
19.2 619.0755485160373
19.3 619.0755485017648
19.40000000000001 619.0755484874925
19.50000000000001 619.07554847322
19.60000000000001 619.0755484589475
19.70000000000001 619.0755484446752
19.80000000000001 619.0755484304027
19.90000000000001 619.0755484222108
20.00000000000001 619.0755484218051
20.10000000000002 619.0755484213995
20.20000000000002 619.075548420994
20.30000000000002 619.0755484205883
20.40000000000002 619.0755484201828
20.50000000000002 619.0755484197772
20.60000000000002 619.0755484193716
20.70000000000002 619.075548418966
20.80000000000003 619.0755484185604
20.90000000000003 619.0755484181549
21.00000000000003 619.0755484177492
21.10000000000003 619.0755484173436
21.20000000000003 619.0755484169381
21.30000000000003 619.0755484165325
21.40000000000003 619.0755484161269
21.50000000000004 619.0755484157213
21.60000000000004 619.0755484153157
21.70000000000004 619.0755484149101
21.80000000000004 619.0755484145045
21.90000000000004 619.075548414099
22.00000000000004 619.0755484136934
22.10000000000004 619.0755484132877
22.20000000000005 619.0755484128822
22.30000000000005 619.0755484124766
22.40000000000005 619.075548412071
22.50000000000005 619.0755484116654
22.60000000000005 619.0755484112598
22.70000000000005 619.0755484108543
22.80000000000005 619.0755484104486
22.90000000000006 619.0755484100431
23.00000000000006 619.0755484096375
23.10000000000006 619.0755484092318
23.20000000000006 619.0755484088263
23.30000000000006 619.0755484084207
23.40000000000006 619.0755484080152
23.50000000000006 619.0755484076095
23.60000000000007 619.0755484072039
23.70000000000007 619.0755484067984
23.80000000000007 619.0755484063927
23.90000000000007 619.0755484059872
24.00000000000007 619.0755484055816
24.10000000000007 619.0755484051759
24.20000000000007 619.0755484047704
24.30000000000008 619.0755484043648
24.40000000000008 619.0755484039593
24.50000000000008 619.0755484035536
24.60000000000008 619.075548403148
24.70000000000008 619.0755484027425
24.80000000000008 619.0755484023368
24.90000000000008 619.0755484019313
25.00000000000009 619.0755484015257
25.10000000000009 619.0755484011202
25.20000000000009 619.0755484007145
25.30000000000009 619.0755484003089
25.40000000000009 619.0755483999034
25.50000000000009 619.0755483994977
25.60000000000009 619.0755483990922
25.7000000000001 619.0755483986866
25.8000000000001 619.0755483982809
25.9000000000001 619.0755483978754
26.0000000000001 619.0755483974698
26.1000000000001 619.0755483970643
26.2000000000001 619.0755483966586
26.3000000000001 619.075548396253
26.40000000000011 619.0755483958475
26.50000000000011 619.0755483954418
26.60000000000011 619.0755483950363
26.70000000000011 619.0755483946307
26.80000000000011 619.0755483942251
26.90000000000011 619.0755483938195
27.00000000000011 619.0755483934139
27.10000000000012 619.0755483930084
27.20000000000012 619.0755483926027
27.30000000000012 619.0755483921971
27.40000000000012 619.0755483917916
27.50000000000012 619.075548391386
27.60000000000012 619.0755483909804
27.70000000000012 619.0755483905748
27.80000000000013 619.0755483901692
27.90000000000013 619.0755483897636
28.00000000000013 619.075548389358
28.10000000000013 619.0755483889525
28.20000000000013 619.0755483885468
28.30000000000013 619.0755483881412
28.40000000000013 619.0755483877357
28.50000000000014 619.0755483873301
28.60000000000014 619.0755483869245
28.70000000000014 619.0755483865189
28.80000000000014 619.0755483861133
28.90000000000014 619.0755483857077
29.00000000000014 619.0755483853021
29.10000000000014 619.0755483848966
29.20000000000014 619.075548384491
29.30000000000015 619.0755483840853
29.40000000000015 619.0755483836798
29.50000000000015 619.0755483832742
29.60000000000015 619.0755483828686
29.70000000000015 619.075548382463
29.80000000000015 619.0755483822795
29.90000000000015 619.0755483822783
30.00000000000016 619.0755483822771
30.10000000000016 619.075548382276
30.20000000000016 619.0755483822747
30.30000000000016 619.0755483822736
30.40000000000016 619.0755483822724
30.50000000000016 619.0755483822712
30.60000000000016 619.07554838227
30.70000000000017 619.0755483822688
30.80000000000017 619.0755483822677
30.90000000000017 619.0755483822664
31.00000000000017 619.0755483822653
31.10000000000017 619.0755483822641
31.20000000000017 619.0755483822629
31.30000000000017 619.0755483822618
31.40000000000018 619.0755483822605
31.50000000000018 619.0755483822594
31.60000000000018 619.0755483822581
31.70000000000018 619.075548382257
31.80000000000018 619.0755483822559
31.90000000000018 619.0755483822546
32.00000000000018 619.0755483822535
32.10000000000019 619.0755483822522
32.20000000000019 619.0755483822511
32.30000000000019 619.07554838225
32.40000000000019 619.0755483822487
32.50000000000019 619.0755483822476
32.60000000000019 619.0755483822463
32.70000000000019 619.0755483822452
32.8000000000002 619.0755483822439
32.9000000000002 619.0755483822428
33.0000000000002 619.0755483822417
33.1000000000002 619.0755483822404
33.2000000000002 619.0755483822393
33.3000000000002 619.075548382238
33.4000000000002 619.0755483822369
33.50000000000021 619.0755483822358
33.60000000000021 619.0755483822345
33.70000000000021 619.0755483822334
33.80000000000021 619.0755483822321
33.90000000000021 619.075548382231
34.00000000000021 619.0755483822298
34.10000000000021 619.0755483822286
34.20000000000022 619.0755483822275
34.30000000000022 619.0755483822262
34.40000000000022 619.0755483822251
34.50000000000022 619.0755483822238
34.60000000000022 619.0755483822227
34.70000000000022 619.0755483822215
34.80000000000022 619.0755483822203
34.90000000000023 619.0755483822192
35.00000000000023 619.0755483822179
35.10000000000023 619.0755483822168
35.20000000000023 619.0755483822156
35.30000000000023 619.0755483822144
35.40000000000023 619.0755483822132
35.50000000000023 619.075548382212
35.60000000000024 619.0755483822109
35.70000000000024 619.0755483822097
35.80000000000024 619.0755483822085
35.90000000000024 619.0755483822073
36.00000000000024 619.0755483822061
36.10000000000024 619.0755483822049
36.20000000000024 619.0755483822038
36.30000000000025 619.0755483822026
36.40000000000025 619.0755483822014
36.50000000000025 619.0755483822002
36.60000000000025 619.075548382199
36.70000000000025 619.0755483821978
36.80000000000025 619.0755483821966
36.90000000000025 619.0755483821955
37.00000000000026 619.0755483821943
37.10000000000026 619.0755483821931
37.20000000000026 619.0755483821919
37.30000000000026 619.0755483821907
37.40000000000026 619.0755483821896
37.50000000000026 619.0755483821883
37.60000000000026 619.0755483821872
37.70000000000027 619.075548382186
37.80000000000027 619.0755483821848
37.90000000000027 619.0755483821837
38.00000000000027 619.0755483821824
38.10000000000027 619.0755483821813
38.20000000000027 619.07554838218
38.30000000000027 619.0755483821789
38.40000000000028 619.0755483821777
38.50000000000028 619.0755483821765
38.60000000000028 619.0755483821754
38.70000000000028 619.0755483821741
38.80000000000028 619.075548382173
38.90000000000028 619.0755483821717
39.00000000000028 619.0755483821706
39.10000000000029 619.0755483821695
39.20000000000029 619.0755483821682
39.30000000000029 619.0755483821671
39.40000000000029 619.0755483821658
39.50000000000029 619.0755483821647
39.60000000000029 619.0755483821636
39.70000000000029 619.0755483821623
39.8000000000003 619.0755483821612
39.9000000000003 619.0755483821599
40.0000000000003 619.0755483821588
40.1000000000003 619.0755483821576
40.2000000000003 619.0755483821564
40.3000000000003 619.0755483821553
40.4000000000003 619.075548382154
40.50000000000031 619.0755483821529
40.60000000000031 619.0755483821516
40.70000000000031 619.0755483821505
40.80000000000031 619.0755483821493
40.90000000000031 619.0755483821481
41.00000000000031 619.075548382147
41.10000000000031 619.0755483821457
41.20000000000032 619.0755483821446
41.30000000000032 619.0755483821434
41.40000000000032 619.0755483821422
41.50000000000032 619.0755483821411
41.60000000000032 619.0755483821398
41.70000000000032 619.0755483821387
41.80000000000032 619.0755483821375
41.90000000000033 619.0755483821363
42.00000000000033 619.0755483821351
42.10000000000033 619.0755483821339
42.20000000000033 619.0755483821328
42.30000000000033 619.0755483821315
42.40000000000033 619.0755483821304
42.50000000000033 619.0755483821292
42.60000000000034 619.075548382128
42.70000000000034 619.0755483821268
42.80000000000034 619.0755483821256
42.90000000000034 619.0755483821245
43.00000000000034 619.0755483821233
43.10000000000034 619.0755483821221
43.20000000000034 619.0755483821209
43.30000000000035 619.0755483821197
43.40000000000035 619.0755483821185
43.50000000000035 619.0755483821174
43.60000000000035 619.0755483821162
43.70000000000035 619.075548382115
43.80000000000035 619.0755483821138
43.90000000000035 619.0755483821126
44.00000000000036 619.0755483821115
44.10000000000036 619.0755483821102
44.20000000000036 619.0755483821091
44.30000000000036 619.0755483821079
44.40000000000036 619.0755483821067
44.50000000000036 619.0755483821055
44.60000000000036 619.0755483821043
44.70000000000037 619.0755483821032
44.80000000000037 619.0755483821019
44.90000000000037 619.0755483821008
45.00000000000037 619.0755483820996
45.10000000000037 619.0755483820984
45.20000000000037 619.0755483820973
45.30000000000037 619.075548382096
45.40000000000038 619.0755483820949
45.50000000000038 619.0755483820936
45.60000000000038 619.0755483820925
45.70000000000038 619.0755483820914
45.80000000000038 619.0755483820901
45.90000000000038 619.075548382089
46.00000000000038 619.0755483820877
46.10000000000039 619.0755483820866
46.20000000000039 619.0755483820855
46.30000000000039 619.0755483820842
46.40000000000039 619.0755483820831
46.50000000000039 619.0755483820818
46.60000000000039 619.0755483820807
46.70000000000039 619.0755483820794
46.8000000000004 619.0755483820783
46.9000000000004 619.0755483820772
47.0000000000004 619.0755483820759
47.1000000000004 619.0755483820748
47.2000000000004 619.0755483820735
47.3000000000004 619.0755483820724
47.4000000000004 619.0755483820712
47.50000000000041 619.07554838207
47.60000000000041 619.0755483820689
47.70000000000041 619.0755483820676
47.80000000000041 619.0755483820665
47.90000000000041 619.0755483820653
48.00000000000041 619.0755483820641
48.10000000000041 619.0755483820629
48.20000000000041 619.0755483820617
48.30000000000042 619.0755483820606
48.40000000000042 619.0755483820593
48.50000000000042 619.0755483820582
48.60000000000042 619.075548382057
48.70000000000042 619.0755483820558
48.80000000000042 619.0755483820546
48.90000000000042 619.0755483820534
49.00000000000043 619.0755483820523
49.10000000000043 619.0755483820511
49.20000000000043 619.0755483820499
49.30000000000043 619.0755483820487
49.40000000000043 619.0755483820475
49.50000000000043 619.0755483820463
49.60000000000043 619.0755483820452
49.70000000000044 619.075548382044
49.80000000000044 619.0755483820428
49.90000000000044 619.0755483820416