Time X1
0 250
0.1 250.2178403203012
0.2 250.4555637137793
0.3 250.7152084980081
0.4 250.9984206968513
0.5 251.3077937798697
0.6 251.6457411809982
0.7 252.0148764607019
0.7999999999999999 252.4182627202013
0.8999999999999999 252.8588963228943
0.9999999999999999 253.3405437661869
1.1 253.8670348622319
1.2 254.4427322477322
1.3 255.0724206625314
1.4 255.7613615054126
1.5 256.5153746073275
1.6 257.3408807016266
1.7 258.2449101927622
1.8 259.235397997759
1.900000000000001 260.3209494525811
2 261.5113473257907
2.100000000000001 262.817185418583
2.200000000000001 264.250408484802
2.300000000000001 265.8242836616861
2.400000000000001 267.5535238400704
2.500000000000001 269.4546029192538
2.600000000000001 271.5458796267639
2.700000000000001 273.8478187437639
2.800000000000001 276.3831901163227
2.900000000000001 279.1773921375238
3.000000000000001 282.2588072613626
3.100000000000001 285.6589043550854
3.200000000000002 289.4126962579465
3.300000000000002 293.5589267688043
3.400000000000002 298.1401510144231
3.500000000000002 303.2028887563013
3.600000000000002 308.7978073414226
3.700000000000002 314.978453153387
3.800000000000002 321.8011202636459
3.900000000000002 329.3226444630238
4.000000000000002 337.5992188092592
4.100000000000001 346.6807440373633
4.200000000000001 356.6070404910868
4.300000000000001 367.401132065377
4.4 379.0602590952468
4.5 391.5462496644043
4.6 404.776015699419
4.699999999999999 418.6128712722053
4.799999999999999 432.8626763364097
4.899999999999999 447.2774976987494
4.999999999999998 461.5691134461297
5.099999999999998 475.4302940024193
5.199999999999998 488.5650785851319
5.299999999999997 500.7188844564506
5.399999999999997 511.7032384673257
5.499999999999996 521.4092126090439
5.599999999999996 529.8077330640228
5.699999999999996 536.9387243996563
5.799999999999995 542.8935204064393
5.899999999999995 547.7954199459167
5.999999999999995 551.7821556375968
6.099999999999994 554.9923710643753
6.199999999999994 557.5561156631875
6.299999999999994 559.590078367899
6.399999999999993 561.1952496556013
6.499999999999993 562.4567055977425
6.599999999999993 563.4447169522404
6.699999999999992 564.2165557375639
6.799999999999992 564.8182901038862
6.899999999999991 565.2866480001995
6.999999999999991 565.6507196492403
7.099999999999991 565.9334817582068
7.19999999999999 566.1529190861482
7.29999999999999 566.3231029623051
7.39999999999999 566.455032606799
7.499999999999989 566.5572757861756
7.599999999999989 566.6364803782598
7.699999999999989 566.6978230045515
7.799999999999988 566.7453569894374
7.899999999999988 566.7821797652674
7.999999999999988 566.8106610052087
8.099999999999987 566.8326849603928
8.199999999999987 566.8497367710087
8.299999999999986 566.8629431246504
8.399999999999986 566.8731647316657
8.499999999999986 566.8810564035844
8.599999999999985 566.8871652261768
8.699999999999985 566.8918825726025
8.799999999999985 566.895577221541
8.899999999999984 566.8984468028007
8.999999999999984 566.9007642652534
9.099999999999984 566.9024011875827
9.199999999999983 566.9037301793722
9.299999999999983 566.9047822202045
9.399999999999983 566.905566193841
9.499999999999982 566.9061642457965
9.599999999999982 566.9066151708686
9.699999999999982 566.9069548249386
9.799999999999981 566.907224586757
9.899999999999981 566.9074325616502
9.99999999999998 566.9076006371828
10.09999999999998 566.9077316896023
10.19999999999998 566.9078366635027
10.29999999999998 566.907917832655
10.39999999999998 566.907981762204
10.49999999999998 566.9080313258792
10.59999999999998 566.9080695750472
10.69999999999998 566.9080997387946
10.79999999999998 566.9081227930776
10.89999999999998 566.9081411930277
10.99999999999998 566.9081552952031
11.09999999999998 566.9081665438877
11.19999999999998 566.908175217617
11.29999999999998 566.9081820701153
11.39999999999998 566.9081874382125
11.49999999999998 566.9081953194071
11.59999999999997 566.9082022792813
11.69999999999997 566.9082083178351
11.79999999999997 566.9082134350684
11.89999999999997 566.9082176309813
11.99999999999997 566.9082209055737
12.09999999999997 566.9082232588457
12.19999999999997 566.9082246907973
12.29999999999997 566.9082252014283
12.39999999999997 566.908224790739
12.49999999999997 566.9082234587293
12.59999999999997 566.9082212053991
12.69999999999997 566.908219652601
12.79999999999997 566.9082204980333
12.89999999999997 566.9082211098403
12.99999999999997 566.9082214880221
13.09999999999997 566.9082216325789
13.19999999999997 566.9082215435106
13.29999999999997 566.9082212208172
13.39999999999997 566.9082206644985
13.49999999999997 566.9082198745547
13.59999999999997 566.9082188509858
13.69999999999997 566.9082175937917
13.79999999999997 566.9082161029726
13.89999999999997 566.9082143785283
13.99999999999997 566.908213631718
14.09999999999997 566.9082131751229
14.19999999999997 566.9082127185277
14.29999999999997 566.9082122619326
14.39999999999996 566.9082118053375
14.49999999999996 566.9082113487423
14.59999999999996 566.9082108921472
14.69999999999996 566.908210435552
14.79999999999996 566.9082099789568
14.89999999999996 566.9082095223616
14.99999999999996 566.9082090657665
15.09999999999996 566.9082086091713
15.19999999999996 566.9082081840983
15.29999999999996 566.908208170427
15.39999999999996 566.9082081567557
15.49999999999996 566.9082081430844
15.59999999999996 566.9082081294131
15.69999999999996 566.9082081157418
15.79999999999996 566.9082081020705
15.89999999999996 566.9082080883992
15.99999999999996 566.9082080747279
16.09999999999996 566.9082080610566
16.19999999999996 566.9082080473853
16.29999999999996 566.908208033714
16.39999999999996 566.9082080200427
16.49999999999996 566.9082080063714
16.59999999999997 566.9082079927001
16.69999999999997 566.9082079790288
16.79999999999997 566.9082079653575
16.89999999999997 566.9082079516862
16.99999999999997 566.9082079380149
17.09999999999997 566.9082079243436
17.19999999999997 566.9082079106723
17.29999999999998 566.908207897001
17.39999999999998 566.9082078833297
17.49999999999998 566.9082078696584
17.59999999999998 566.9082078559871
17.69999999999998 566.9082078423158
17.79999999999998 566.9082078286445
17.89999999999998 566.9082078149733
17.99999999999999 566.908207801302
18.09999999999999 566.9082077876307
18.19999999999999 566.9082077739594
18.29999999999999 566.9082077602881
18.39999999999999 566.9082077466168
18.49999999999999 566.9082077329455
18.59999999999999 566.9082077192742
18.7 566.9082077056029
18.8 566.9082076919316
18.9 566.9082076782603
19 566.908207664589
19.1 566.9082076509177
19.2 566.9082076372464
19.3 566.9082076235751
19.40000000000001 566.9082076099038
19.50000000000001 566.9082075962325
19.60000000000001 566.9082075825612
19.70000000000001 566.9082075688899
19.80000000000001 566.9082075552186
19.90000000000001 566.9082075415473
20.00000000000001 566.908207527876
20.10000000000002 566.9082075142047
20.20000000000002 566.9082075005334
20.30000000000002 566.9082074868621
20.40000000000002 566.9082074731908
20.50000000000002 566.9082074595195
20.60000000000002 566.9082074458482
20.70000000000002 566.9082074321769
20.80000000000003 566.9082074185056
20.90000000000003 566.9082074048343
21.00000000000003 566.908207391163
21.10000000000003 566.9082073774917
21.20000000000003 566.9082073638205
21.30000000000003 566.9082073501492
21.40000000000003 566.9082073364779
21.50000000000004 566.9082073228066
21.60000000000004 566.9082073091353
21.70000000000004 566.908207295464
21.80000000000004 566.9082072817927
21.90000000000004 566.9082072681214
22.00000000000004 566.9082072544501
22.10000000000004 566.9082072407788
22.20000000000005 566.9082072271075
22.30000000000005 566.9082072134362
22.40000000000005 566.9082071997649
22.50000000000005 566.9082071860936
22.60000000000005 566.9082071724223
22.70000000000005 566.908207158751
22.80000000000005 566.9082071450797
22.90000000000006 566.9082071314084
23.00000000000006 566.9082071177371
23.10000000000006 566.9082071040658
23.20000000000006 566.9082070903945
23.30000000000006 566.9082070767232
23.40000000000006 566.9082070630519
23.50000000000006 566.9082070493806
23.60000000000007 566.9082070357093
23.70000000000007 566.908207022038
23.80000000000007 566.9082070083667
23.90000000000007 566.9082069946954
24.00000000000007 566.9082069810241
24.10000000000007 566.9082069673528
24.20000000000007 566.9082069536815
24.30000000000008 566.9082069400102
24.40000000000008 566.9082069263389
24.50000000000008 566.9082069126677
24.60000000000008 566.9082068989964
24.70000000000008 566.9082068853251
24.80000000000008 566.9082068716538
24.90000000000008 566.9082068579825
25.00000000000009 566.9082068443112
25.10000000000009 566.9082068306399
25.20000000000009 566.9082068169686
25.30000000000009 566.9082068032973
25.40000000000009 566.908206789626
25.50000000000009 566.9082067759547
25.60000000000009 566.9082067622834
25.7000000000001 566.9082067486121
25.8000000000001 566.9082067349408
25.9000000000001 566.9082067212695
26.0000000000001 566.9082067075982
26.1000000000001 566.9082066939269
26.2000000000001 566.9082066802556
26.3000000000001 566.9082066665843
26.40000000000011 566.908206652913
26.50000000000011 566.9082066392417
26.60000000000011 566.9082066255704
26.70000000000011 566.9082066118991
26.80000000000011 566.9082065982278
26.90000000000011 566.9082065845565
27.00000000000011 566.9082065708852
27.10000000000012 566.9082065572139
27.20000000000012 566.9082065435426
27.30000000000012 566.9082065298713
27.40000000000012 566.9082065162
27.50000000000012 566.9082065025287
27.60000000000012 566.9082064888574
27.70000000000012 566.9082064751861
27.80000000000013 566.9082064615149
27.90000000000013 566.9082064559867
28.00000000000013 566.9082064555772
28.10000000000013 566.9082064551678
28.20000000000013 566.9082064547583
28.30000000000013 566.9082064543489
28.40000000000013 566.9082064539394
28.50000000000014 566.9082064535301
28.60000000000014 566.9082064531207
28.70000000000014 566.9082064527112
28.80000000000014 566.9082064523018
28.90000000000014 566.9082064518923
29.00000000000014 566.9082064514829
29.10000000000014 566.9082064510734
29.20000000000014 566.908206450664
29.30000000000015 566.9082064502545
29.40000000000015 566.9082064498451
29.50000000000015 566.9082064494357
29.60000000000015 566.9082064490262
29.70000000000015 566.9082064486169
29.80000000000015 566.9082064482074
29.90000000000015 566.908206447798
30.00000000000016 566.9082064473885
30.10000000000016 566.9082064469791
30.20000000000016 566.9082064465696
30.30000000000016 566.9082064461602
30.40000000000016 566.9082064457508
30.50000000000016 566.9082064453413
30.60000000000016 566.9082064449319
30.70000000000017 566.9082064445224
30.80000000000017 566.908206444113
30.90000000000017 566.9082064437035
31.00000000000017 566.9082064432941
31.10000000000017 566.9082064428848
31.20000000000017 566.9082064424753
31.30000000000017 566.9082064420659
31.40000000000018 566.9082064416564
31.50000000000018 566.908206441247
31.60000000000018 566.9082064408375
31.70000000000018 566.9082064404281
31.80000000000018 566.9082064400186
31.90000000000018 566.9082064396092
32.00000000000018 566.9082064391998
32.10000000000019 566.9082064387903
32.20000000000019 566.9082064383809
32.30000000000019 566.9082064379714
32.40000000000019 566.9082064375621
32.50000000000019 566.9082064371526
32.60000000000019 566.9082064367432
32.70000000000019 566.9082064363337
32.8000000000002 566.9082064359243
32.9000000000002 566.9082064355149
33.0000000000002 566.9082064351054
33.1000000000002 566.908206434696
33.2000000000002 566.9082064342865
33.3000000000002 566.9082064338771
33.4000000000002 566.9082064334676
33.50000000000021 566.9082064330582
33.60000000000021 566.9082064326487
33.70000000000021 566.9082064322394
33.80000000000021 566.90820643183
33.90000000000021 566.9082064314205
34.00000000000021 566.9082064310111
34.10000000000021 566.9082064306016
34.20000000000022 566.9082064301922
34.30000000000022 566.9082064297827
34.40000000000022 566.9082064293733
34.50000000000022 566.9082064289638
34.60000000000022 566.9082064285544
34.70000000000022 566.908206428145
34.80000000000022 566.9082064277355
34.90000000000023 566.9082064273261
35.00000000000023 566.9082064269166
35.10000000000023 566.9082064265073
35.20000000000023 566.9082064260978
35.30000000000023 566.9082064256884
35.40000000000023 566.908206425279
35.50000000000023 566.9082064248695
35.60000000000024 566.9082064244601
35.70000000000024 566.9082064240506
35.80000000000024 566.9082064236412
35.90000000000024 566.9082064232317
36.00000000000024 566.9082064228223
36.10000000000024 566.9082064224128
36.20000000000024 566.9082064220034
36.30000000000025 566.9082064215941
36.40000000000025 566.9082064211846
36.50000000000025 566.9082064207752
36.60000000000025 566.9082064203657
36.70000000000025 566.9082064199563
36.80000000000025 566.9082064195468
36.90000000000025 566.9082064191374
37.00000000000026 566.9082064187279
37.10000000000026 566.9082064183185
37.20000000000026 566.9082064179091
37.30000000000026 566.9082064174996
37.40000000000026 566.9082064170902
37.50000000000026 566.9082064166807
37.60000000000026 566.9082064162714
37.70000000000027 566.9082064158619
37.80000000000027 566.9082064154525
37.90000000000027 566.908206415043
38.00000000000027 566.9082064146336
38.10000000000027 566.9082064142242
38.20000000000027 566.9082064138147
38.30000000000027 566.9082064134053
38.40000000000028 566.9082064129958
38.50000000000028 566.9082064125864
38.60000000000028 566.9082064121769
38.70000000000028 566.9082064117675
38.80000000000028 566.9082064113582
38.90000000000028 566.9082064109487
39.00000000000028 566.9082064105393
39.10000000000029 566.9082064101298
39.20000000000029 566.9082064097204
39.30000000000029 566.9082064093109
39.40000000000029 566.9082064089015
39.50000000000029 566.908206408492
39.60000000000029 566.9082064080826
39.70000000000029 566.9082064076732
39.8000000000003 566.9082064072637
39.9000000000003 566.9082064068543
40.0000000000003 566.9082064064448
40.1000000000003 566.9082064060354
40.2000000000003 566.9082064056259
40.3000000000003 566.9082064052166
40.4000000000003 566.9082064048071
40.50000000000031 566.9082064044617
40.60000000000031 566.9082064044604
40.70000000000031 566.9082064044592
40.80000000000031 566.9082064044579
40.90000000000031 566.9082064044567
41.00000000000031 566.9082064044554
41.10000000000031 566.9082064044542
41.20000000000032 566.9082064044529
41.30000000000032 566.9082064044516
41.40000000000032 566.9082064044503
41.50000000000032 566.9082064044491
41.60000000000032 566.9082064044478
41.70000000000032 566.9082064044466
41.80000000000032 566.9082064044453
41.90000000000033 566.9082064044441
42.00000000000033 566.9082064044428
42.10000000000033 566.9082064044416
42.20000000000033 566.9082064044403
42.30000000000033 566.9082064044391
42.40000000000033 566.9082064044378
42.50000000000033 566.9082064044364
42.60000000000034 566.9082064044352
42.70000000000034 566.9082064044339
42.80000000000034 566.9082064044327
42.90000000000034 566.9082064044314
43.00000000000034 566.9082064044302
43.10000000000034 566.9082064044289
43.20000000000034 566.9082064044277
43.30000000000035 566.9082064044264
43.40000000000035 566.9082064044252
43.50000000000035 566.9082064044239
43.60000000000035 566.9082064044226
43.70000000000035 566.9082064044213
43.80000000000035 566.9082064044201
43.90000000000035 566.9082064044188
44.00000000000036 566.9082064044176
44.10000000000036 566.9082064044163
44.20000000000036 566.9082064044151
44.30000000000036 566.9082064044138
44.40000000000036 566.9082064044126
44.50000000000036 566.9082064044113
44.60000000000036 566.9082064044101
44.70000000000037 566.9082064044087
44.80000000000037 566.9082064044075
44.90000000000037 566.9082064044062
45.00000000000037 566.908206404405
45.10000000000037 566.9082064044037
45.20000000000037 566.9082064044024
45.30000000000037 566.9082064044012
45.40000000000038 566.9082064043999
45.50000000000038 566.9082064043987
45.60000000000038 566.9082064043974
45.70000000000038 566.9082064043962
45.80000000000038 566.9082064043949
45.90000000000038 566.9082064043936
46.00000000000038 566.9082064043923
46.10000000000039 566.9082064043911
46.20000000000039 566.9082064043898
46.30000000000039 566.9082064043886
46.40000000000039 566.9082064043873
46.50000000000039 566.9082064043861
46.60000000000039 566.9082064043848
46.70000000000039 566.9082064043836
46.8000000000004 566.9082064043823
46.9000000000004 566.9082064043811
47.0000000000004 566.9082064043797
47.1000000000004 566.9082064043785
47.2000000000004 566.9082064043772
47.3000000000004 566.908206404376
47.4000000000004 566.9082064043747
47.50000000000041 566.9082064043735
47.60000000000041 566.9082064043722
47.70000000000041 566.908206404371
47.80000000000041 566.9082064043697
47.90000000000041 566.9082064043685
48.00000000000041 566.9082064043672
48.10000000000041 566.9082064043658
48.20000000000041 566.9082064043646
48.30000000000042 566.9082064043633
48.40000000000042 566.9082064043621
48.50000000000042 566.9082064043608
48.60000000000042 566.9082064043596
48.70000000000042 566.9082064043583
48.80000000000042 566.9082064043571
48.90000000000042 566.9082064043558
49.00000000000043 566.9082064043546
49.10000000000043 566.9082064043533
49.20000000000043 566.9082064043521
49.30000000000043 566.9082064043507
49.40000000000043 566.9082064043495
49.50000000000043 566.9082064043482
49.60000000000043 566.908206404347
49.70000000000044 566.9082064043457
49.80000000000044 566.9082064043445
49.90000000000044 566.9082064043432