Time X1
0 250
0.1 251.0844311248247
0.2 252.2775601991274
0.3 253.5907028404538
0.4 255.0373068826345
0.5 256.6319564038377
0.6 258.3910646734271
0.7 260.3331454518676
0.7999999999999999 262.479171374947
0.8999999999999999 264.8527492723343
0.9999999999999999 267.4805539082496
1.1 270.3926078367501
1.2 273.622960190234
1.3 277.2101437545907
1.4 281.1975565930927
1.5 285.6342631785689
1.6 290.5752271909996
1.7 296.0822297481548
1.8 302.223696326966
1.900000000000001 309.0747556263574
2 316.7164622207203
2.100000000000001 325.2341871782685
2.200000000000001 334.7144790065294
2.300000000000001 345.2405560651913
2.400000000000001 356.8831914849194
2.500000000000001 369.6907529181268
2.600000000000001 383.6735304662732
2.700000000000001 398.7857072557276
2.800000000000001 414.9060539512432
2.900000000000001 431.8214537450393
3.000000000000001 449.2188305812118
3.100000000000001 466.6971948682985
3.200000000000002 483.7962114857748
3.300000000000002 500.047810500556
3.400000000000002 515.0356702442256
3.500000000000002 528.4482820619082
3.600000000000002 540.1100394281585
3.700000000000002 549.9837691128632
3.800000000000002 558.148735330918
3.900000000000002 564.76505928479
4.000000000000002 570.0362592555848
4.100000000000001 574.1780677756304
4.200000000000001 577.3964398382643
4.300000000000001 579.8753944547151
4.4 581.7718925391428
4.5 583.2151740557691
4.6 584.3091106486987
4.699999999999999 585.1357367239686
4.799999999999999 585.7589140592017
4.899999999999999 586.2278694705914
4.999999999999998 586.5803296367326
5.099999999999998 586.8449671412488
5.199999999999998 587.043505497894
5.299999999999997 587.1923933381461
5.399999999999997 587.3039407736624
5.499999999999996 587.3875358253899
5.599999999999996 587.4501683340251
5.699999999999996 587.4971114648685
5.799999999999995 587.5322273776529
5.899999999999995 587.5584887586928
5.999999999999995 587.5781957156883
6.099999999999994 587.5928916112657
6.199999999999994 587.6039030696813
6.299999999999994 587.6121342908189
6.399999999999993 587.618287362146
6.499999999999993 587.6229418663754
6.599999999999993 587.6264371706458
6.699999999999992 587.6291047489634
6.799999999999992 587.6310196412428
6.899999999999991 587.6325109866964
6.999999999999991 587.6336093008186
7.099999999999991 587.6344053938358
7.19999999999999 587.6349872684201
7.29999999999999 587.6354135828354
7.39999999999999 587.6357380365529
7.499999999999989 587.6359850315249
7.599999999999989 587.6361757042401
7.699999999999989 587.636321767553
7.799999999999988 587.6364328377938
7.899999999999988 587.636516847428
7.999999999999988 587.6365799732671
8.099999999999987 587.6366274669772
8.199999999999987 587.6366632086157
8.299999999999986 587.6366902312457
8.399999999999986 587.6367106639179
8.499999999999986 587.6367261859881
8.599999999999985 587.6367379194492
8.699999999999985 587.6367468361627
8.799999999999985 587.6367542078234
8.899999999999984 587.6367639239776
8.999999999999984 587.6367722934438
9.099999999999984 587.6367793162219
9.199999999999983 587.6367849923121
9.299999999999983 587.6367893217143
9.399999999999983 587.6367923044286
9.499999999999982 587.6367939404548
9.599999999999982 587.6367942297931
9.699999999999982 587.6367931724434
9.799999999999981 587.6367907684057
9.899999999999981 587.6367886989624
9.99999999999998 587.6367898024075
10.09999999999998 587.6367905558437
10.19999999999998 587.6367909592711
10.29999999999998 587.6367910126896
10.39999999999998 587.6367907160992
10.49999999999998 587.6367900695
10.59999999999998 587.6367890728918
10.69999999999998 587.6367877262747
10.79999999999998 587.6367860296489
10.89999999999998 587.6367839830141
10.99999999999998 587.6367828013097
11.09999999999998 587.6367821957003
11.19999999999998 587.6367815900911
11.29999999999998 587.6367809844818
11.39999999999998 587.6367803788725
11.49999999999998 587.6367797732632
11.59999999999997 587.6367791676539
11.69999999999997 587.6367785620446
11.79999999999997 587.6367779564354
11.89999999999997 587.636777350826
11.99999999999997 587.6367767452167
12.09999999999997 587.6367765082774
12.19999999999997 587.636776489579
12.29999999999997 587.6367764708806
12.39999999999997 587.6367764521822
12.49999999999997 587.6367764334838
12.59999999999997 587.6367764147853
12.69999999999997 587.6367763960869
12.79999999999997 587.6367763773885
12.89999999999997 587.6367763586901
12.99999999999997 587.6367763399917
13.09999999999997 587.6367763212933
13.19999999999997 587.6367763025949
13.29999999999997 587.6367762838964
13.39999999999997 587.636776265198
13.49999999999997 587.6367762464996
13.59999999999997 587.6367762278012
13.69999999999997 587.6367762091028
13.79999999999997 587.6367761904044
13.89999999999997 587.6367761717059
13.99999999999997 587.6367761530075
14.09999999999997 587.6367761343091
14.19999999999997 587.6367761156107
14.29999999999997 587.6367760969123
14.39999999999996 587.6367760782139
14.49999999999996 587.6367760595155
14.59999999999996 587.636776040817
14.69999999999996 587.6367760221186
14.79999999999996 587.6367760034202
14.89999999999996 587.6367759847218
14.99999999999996 587.6367759660234
15.09999999999996 587.636775947325
15.19999999999996 587.6367759286265
15.29999999999996 587.6367759099281
15.39999999999996 587.6367758912297
15.49999999999996 587.6367758725313
15.59999999999996 587.6367758538329
15.69999999999996 587.6367758351345
15.79999999999996 587.6367758164361
15.89999999999996 587.6367757977376
15.99999999999996 587.6367757790392
16.09999999999996 587.6367757603408
16.19999999999996 587.6367757416424
16.29999999999996 587.636775722944
16.39999999999996 587.6367757042456
16.49999999999996 587.6367756855471
16.59999999999997 587.6367756668488
16.69999999999997 587.6367756481504
16.79999999999997 587.636775629452
16.89999999999997 587.6367756107536
16.99999999999997 587.6367755920552
17.09999999999997 587.6367755733568
17.19999999999997 587.6367755546584
17.29999999999998 587.6367755359599
17.39999999999998 587.6367755172615
17.49999999999998 587.6367754985631
17.59999999999998 587.6367754798647
17.69999999999998 587.6367754611663
17.79999999999998 587.6367754424679
17.89999999999998 587.6367754237694
17.99999999999999 587.636775405071
18.09999999999999 587.6367753863726
18.19999999999999 587.6367753676742
18.29999999999999 587.6367753489758
18.39999999999999 587.6367753302774
18.49999999999999 587.636775311579
18.59999999999999 587.6367752928805
18.7 587.6367752741821
18.8 587.6367752554837
18.9 587.6367752367853
19 587.6367752180869
19.1 587.6367751993885
19.2 587.6367751806901
19.3 587.6367751619916
19.40000000000001 587.6367751432932
19.50000000000001 587.6367751245948
19.60000000000001 587.6367751058964
19.70000000000001 587.636775087198
19.80000000000001 587.6367750684996
19.90000000000001 587.6367750498011
20.00000000000001 587.6367750311027
20.10000000000002 587.6367750124043
20.20000000000002 587.6367749937059
20.30000000000002 587.6367749750075
20.40000000000002 587.6367749563091
20.50000000000002 587.6367749376107
20.60000000000002 587.6367749189122
20.70000000000002 587.6367749002138
20.80000000000003 587.6367748815154
20.90000000000003 587.636774862817
21.00000000000003 587.6367748441186
21.10000000000003 587.6367748254203
21.20000000000003 587.6367748067219
21.30000000000003 587.6367747880234
21.40000000000003 587.636774769325
21.50000000000004 587.6367747506266
21.60000000000004 587.6367747319282
21.70000000000004 587.6367747132298
21.80000000000004 587.6367746945314
21.90000000000004 587.636774675833
22.00000000000004 587.6367746571345
22.10000000000004 587.6367746384361
22.20000000000005 587.6367746197377
22.30000000000005 587.6367746010393
22.40000000000005 587.6367745823409
22.50000000000005 587.6367745636425
22.60000000000005 587.636774544944
22.70000000000005 587.6367745262456
22.80000000000005 587.6367745075472
22.90000000000006 587.6367744934639
23.00000000000006 587.6367744928865
23.10000000000006 587.6367744923091
23.20000000000006 587.6367744917316
23.30000000000006 587.6367744911541
23.40000000000006 587.6367744905767
23.50000000000006 587.6367744899993
23.60000000000007 587.6367744894219
23.70000000000007 587.6367744888444
23.80000000000007 587.636774488267
23.90000000000007 587.6367744876895
24.00000000000007 587.6367744871121
24.10000000000007 587.6367744865347
24.20000000000007 587.6367744859572
24.30000000000008 587.6367744853798
24.40000000000008 587.6367744848023
24.50000000000008 587.6367744842249
24.60000000000008 587.6367744836475
24.70000000000008 587.63677448307
24.80000000000008 587.6367744824926
24.90000000000008 587.6367744819152
25.00000000000009 587.6367744813377
25.10000000000009 587.6367744807603
25.20000000000009 587.6367744801828
25.30000000000009 587.6367744796054
25.40000000000009 587.636774479028
25.50000000000009 587.6367744784505
25.60000000000009 587.6367744778731
25.7000000000001 587.6367744772956
25.8000000000001 587.6367744767182
25.9000000000001 587.6367744761408
26.0000000000001 587.6367744755634
26.1000000000001 587.6367744749859
26.2000000000001 587.6367744744084
26.3000000000001 587.636774473831
26.40000000000011 587.6367744732536
26.50000000000011 587.6367744726762
26.60000000000011 587.6367744720988
26.70000000000011 587.6367744715212
26.80000000000011 587.6367744709438
26.90000000000011 587.6367744703664
27.00000000000011 587.636774469789
27.10000000000012 587.6367744692116
27.20000000000012 587.636774468634
27.30000000000012 587.6367744680566
27.40000000000012 587.6367744674792
27.50000000000012 587.6367744669018
27.60000000000012 587.6367744663244
27.70000000000012 587.6367744657468
27.80000000000013 587.6367744651694
27.90000000000013 587.636774464592
28.00000000000013 587.6367744640146
28.10000000000013 587.6367744634372
28.20000000000013 587.6367744628596
28.30000000000013 587.6367744622822
28.40000000000013 587.6367744617048
28.50000000000014 587.6367744611274
28.60000000000014 587.63677446055
28.70000000000014 587.6367744599725
28.80000000000014 587.636774459395
28.90000000000014 587.6367744588176
29.00000000000014 587.6367744582402
29.10000000000014 587.6367744576628
29.20000000000014 587.6367744570853
29.30000000000015 587.6367744565079
29.40000000000015 587.6367744559304
29.50000000000015 587.636774455353
29.60000000000015 587.6367744547756
29.70000000000015 587.6367744541981
29.80000000000015 587.6367744536207
29.90000000000015 587.6367744530432
30.00000000000016 587.6367744524658
30.10000000000016 587.6367744518884
30.20000000000016 587.6367744513109
30.30000000000016 587.6367744507335
30.40000000000016 587.6367744501561
30.50000000000016 587.6367744495786
30.60000000000016 587.6367744490012
30.70000000000017 587.6367744484237
30.80000000000017 587.6367744478463
30.90000000000017 587.6367744472689
31.00000000000017 587.6367744466914
31.10000000000017 587.636774446114
31.20000000000017 587.6367744455365
31.30000000000017 587.6367744449591
31.40000000000018 587.6367744443817
31.50000000000018 587.6367744438043
31.60000000000018 587.6367744432268
31.70000000000018 587.6367744426493
31.80000000000018 587.6367744420719
31.90000000000018 587.6367744414945
32.00000000000018 587.6367744409171
32.10000000000019 587.6367744403397
32.20000000000019 587.6367744397621
32.30000000000019 587.6367744391847
32.40000000000019 587.6367744386073
32.50000000000019 587.6367744380299
32.60000000000019 587.6367744374525
32.70000000000019 587.6367744368749
32.8000000000002 587.6367744362975
32.9000000000002 587.6367744357201
33.0000000000002 587.6367744351427
33.1000000000002 587.6367744345653
33.2000000000002 587.6367744339877
33.3000000000002 587.6367744334103
33.4000000000002 587.6367744328329
33.50000000000021 587.6367744322555
33.60000000000021 587.6367744316781
33.70000000000021 587.6367744311005
33.80000000000021 587.6367744310304
33.90000000000021 587.6367744310286
34.00000000000021 587.6367744310268
34.10000000000021 587.6367744310249
34.20000000000022 587.6367744310231
34.30000000000022 587.6367744310212
34.40000000000022 587.6367744310194
34.50000000000022 587.6367744310176
34.60000000000022 587.6367744310157
34.70000000000022 587.6367744310139
34.80000000000022 587.6367744310121
34.90000000000023 587.6367744310103
35.00000000000023 587.6367744310083
35.10000000000023 587.6367744310065
35.20000000000023 587.6367744310047
35.30000000000023 587.6367744310029
35.40000000000023 587.6367744310011
35.50000000000023 587.6367744309993
35.60000000000024 587.6367744309974
35.70000000000024 587.6367744309955
35.80000000000024 587.6367744309937
35.90000000000024 587.6367744309919
36.00000000000024 587.63677443099
36.10000000000024 587.6367744309882
36.20000000000024 587.6367744309864
36.30000000000025 587.6367744309846
36.40000000000025 587.6367744309827
36.50000000000025 587.6367744309808
36.60000000000025 587.636774430979
36.70000000000025 587.6367744309772
36.80000000000025 587.6367744309754
36.90000000000025 587.6367744309736
37.00000000000026 587.6367744309717
37.10000000000026 587.6367744309698
37.20000000000026 587.636774430968
37.30000000000026 587.6367744309662
37.40000000000026 587.6367744309644
37.50000000000026 587.6367744309625
37.60000000000026 587.6367744309607
37.70000000000027 587.6367744309589
37.80000000000027 587.6367744309571
37.90000000000027 587.6367744309551
38.00000000000027 587.6367744309533
38.10000000000027 587.6367744309515
38.20000000000027 587.6367744309497
38.30000000000027 587.6367744309479
38.40000000000028 587.636774430946
38.50000000000028 587.6367744309442
38.60000000000028 587.6367744309423
38.70000000000028 587.6367744309405
38.80000000000028 587.6367744309387
38.90000000000028 587.6367744309368
39.00000000000028 587.636774430935
39.10000000000029 587.6367744309332
39.20000000000029 587.6367744309314
39.30000000000029 587.6367744309294
39.40000000000029 587.6367744309276
39.50000000000029 587.6367744309258
39.60000000000029 587.636774430924
39.70000000000029 587.6367744309222
39.8000000000003 587.6367744309204
39.9000000000003 587.6367744309185
40.0000000000003 587.6367744309166
40.1000000000003 587.6367744309148
40.2000000000003 587.636774430913
40.3000000000003 587.6367744309111
40.4000000000003 587.6367744309093
40.50000000000031 587.6367744309075
40.60000000000031 587.6367744309057
40.70000000000031 587.6367744309038
40.80000000000031 587.6367744309019
40.90000000000031 587.6367744309001
41.00000000000031 587.6367744308983
41.10000000000031 587.6367744308965
41.20000000000032 587.6367744308947
41.30000000000032 587.6367744308928
41.40000000000032 587.6367744308909
41.50000000000032 587.6367744308891
41.60000000000032 587.6367744308873
41.70000000000032 587.6367744308855
41.80000000000032 587.6367744308836
41.90000000000033 587.6367744308818
42.00000000000033 587.63677443088
42.10000000000033 587.6367744308781
42.20000000000033 587.6367744308762
42.30000000000033 587.6367744308744
42.40000000000033 587.6367744308726
42.50000000000033 587.6367744308708
42.60000000000034 587.636774430869
42.70000000000034 587.6367744308671
42.80000000000034 587.6367744308652
42.90000000000034 587.6367744308634
43.00000000000034 587.6367744308616
43.10000000000034 587.6367744308598
43.20000000000034 587.6367744308579
43.30000000000035 587.6367744308561
43.40000000000035 587.6367744308543
43.50000000000035 587.6367744308524
43.60000000000035 587.6367744308506
43.70000000000035 587.6367744308487
43.80000000000035 587.6367744308469
43.90000000000035 587.6367744308451
44.00000000000036 587.6367744308433
44.10000000000036 587.6367744308415
44.20000000000036 587.6367744308395
44.30000000000036 587.6367744308377
44.40000000000036 587.6367744308359
44.50000000000036 587.6367744308341
44.60000000000036 587.6367744308322
44.70000000000037 587.6367744308304
44.80000000000037 587.6367744308286
44.90000000000037 587.6367744308268
45.00000000000037 587.6367744308249
45.10000000000037 587.636774430823
45.20000000000037 587.6367744308212
45.30000000000037 587.6367744308194
45.40000000000038 587.6367744308176
45.50000000000038 587.6367744308158
45.60000000000038 587.6367744308139
45.70000000000038 587.636774430812
45.80000000000038 587.6367744308102
45.90000000000038 587.6367744308084
46.00000000000038 587.6367744308066
46.10000000000039 587.6367744308047
46.20000000000039 587.6367744308029
46.30000000000039 587.6367744308011
46.40000000000039 587.6367744307992
46.50000000000039 587.6367744307973
46.60000000000039 587.6367744307955
46.70000000000039 587.6367744307937
46.8000000000004 587.6367744307919
46.9000000000004 587.6367744307901
47.0000000000004 587.6367744307883
47.1000000000004 587.6367744307863
47.2000000000004 587.6367744307845
47.3000000000004 587.6367744307827
47.4000000000004 587.6367744307809
47.50000000000041 587.636774430779
47.60000000000041 587.6367744307772
47.70000000000041 587.6367744307754
47.80000000000041 587.6367744307735
47.90000000000041 587.6367744307717
48.00000000000041 587.6367744307698
48.10000000000041 587.636774430768
48.20000000000041 587.6367744307662
48.30000000000042 587.6367744307644
48.40000000000042 587.6367744307626
48.50000000000042 587.6367744307606
48.60000000000042 587.6367744307588
48.70000000000042 587.636774430757
48.80000000000042 587.6367744307552
48.90000000000042 587.6367744307533
49.00000000000043 587.6367744307515
49.10000000000043 587.6367744307497
49.20000000000043 587.6367744307478
49.30000000000043 587.636774430746
49.40000000000043 587.6367744307441
49.50000000000043 587.6367744307423
49.60000000000043 587.6367744307405
49.70000000000044 587.6367744307387
49.80000000000044 587.6367744307369
49.90000000000044 587.6367744307349