Time X1
0 250
0.1 296.0480822070513
0.2 363.627848324
0.3 467.6587259125327
0.4 626.3884446710928
0.5 827.1943576144187
0.6 985.1863876752534
0.7 1054.837487978706
0.7999999999999999 1076.044971801143
0.8999999999999999 1081.652880824539
0.9999999999999999 1083.076814308977
1.1 1083.434629006631
1.2 1083.524154618787
1.3 1083.546564327974
1.4 1083.552307048285
1.5 1083.553638312554
1.6 1083.553992766188
1.7 1083.554086674383
1.8 1083.554141895479
1.900000000000001 1083.554148449207
2 1083.554145640708
2.100000000000001 1083.554140886038
2.200000000000001 1083.55413049114
2.300000000000001 1083.554125984485
2.400000000000001 1083.554121792608
2.500000000000001 1083.55412165666
2.600000000000001 1083.554121520712
2.700000000000001 1083.554121384764
2.800000000000001 1083.554121248816
2.900000000000001 1083.554121112868
3.000000000000001 1083.554120976921
3.100000000000001 1083.554120840973
3.200000000000002 1083.554120705025
3.300000000000002 1083.554120569077
3.400000000000002 1083.554120433129
3.500000000000002 1083.554120297181
3.600000000000002 1083.554120161233
3.700000000000002 1083.554120025286
3.800000000000002 1083.554119889338
3.900000000000002 1083.55411975339
4.000000000000002 1083.554119617442
4.100000000000001 1083.554119481494
4.200000000000001 1083.554119345546
4.300000000000001 1083.554119209599
4.4 1083.554119073651
4.5 1083.554118937703
4.6 1083.554118801755
4.699999999999999 1083.554118665807
4.799999999999999 1083.554118642901
4.899999999999999 1083.554118638799
4.999999999999998 1083.554118634697
5.099999999999998 1083.554118630596
5.199999999999998 1083.554118626494
5.299999999999997 1083.554118622392
5.399999999999997 1083.554118618291
5.499999999999996 1083.554118614189
5.599999999999996 1083.554118610087
5.699999999999996 1083.554118605986
5.799999999999995 1083.554118601884
5.899999999999995 1083.554118597782
5.999999999999995 1083.55411859368
6.099999999999994 1083.554118589579
6.199999999999994 1083.554118585477
6.299999999999994 1083.554118581375
6.399999999999993 1083.554118577274
6.499999999999993 1083.554118573172
6.599999999999993 1083.55411856907
6.699999999999992 1083.554118564969
6.799999999999992 1083.554118560867
6.899999999999991 1083.554118556765
6.999999999999991 1083.554118552664
7.099999999999991 1083.55411855119
7.19999999999999 1083.554118551177
7.29999999999999 1083.554118551164
7.39999999999999 1083.554118551152
7.499999999999989 1083.554118551139
7.599999999999989 1083.554118551126
7.699999999999989 1083.554118551114
7.799999999999988 1083.554118551101
7.899999999999988 1083.554118551088
7.999999999999988 1083.554118551076
8.099999999999987 1083.554118551063
8.199999999999987 1083.55411855105
8.299999999999986 1083.554118551037
8.399999999999986 1083.554118551025
8.499999999999986 1083.554118551012
8.599999999999985 1083.554118550999
8.699999999999985 1083.554118550986
8.799999999999985 1083.554118550974
8.899999999999984 1083.554118550961
8.999999999999984 1083.554118550948
9.099999999999984 1083.554118550936
9.199999999999983 1083.554118550923
9.299999999999983 1083.55411855091
9.399999999999983 1083.554118550897
9.499999999999982 1083.554118550885
9.599999999999982 1083.554118550872
9.699999999999982 1083.554118550859
9.799999999999981 1083.554118550846
9.899999999999981 1083.554118550834
9.99999999999998 1083.554118550821
10.09999999999998 1083.554118550808
10.19999999999998 1083.554118550795
10.29999999999998 1083.554118550783
10.39999999999998 1083.55411855077
10.49999999999998 1083.554118550757
10.59999999999998 1083.554118550745
10.69999999999998 1083.554118550732
10.79999999999998 1083.554118550719
10.89999999999998 1083.554118550707
10.99999999999998 1083.554118550694
11.09999999999998 1083.554118550681
11.19999999999998 1083.554118550668
11.29999999999998 1083.554118550656
11.39999999999998 1083.554118550643
11.49999999999998 1083.55411855063
11.59999999999997 1083.554118550617
11.69999999999997 1083.554118550605
11.79999999999997 1083.554118550592
11.89999999999997 1083.554118550579
11.99999999999997 1083.554118550566
12.09999999999997 1083.554118550554
12.19999999999997 1083.554118550541
12.29999999999997 1083.554118550528
12.39999999999997 1083.554118550516
12.49999999999997 1083.554118550503
12.59999999999997 1083.55411855049
12.69999999999997 1083.554118550477
12.79999999999997 1083.554118550465
12.89999999999997 1083.554118550452
12.99999999999997 1083.554118550439
13.09999999999997 1083.554118550427
13.19999999999997 1083.554118550414
13.29999999999997 1083.554118550401
13.39999999999997 1083.554118550388
13.49999999999997 1083.554118550376
13.59999999999997 1083.554118550363
13.69999999999997 1083.55411855035
13.79999999999997 1083.554118550338
13.89999999999997 1083.554118550325
13.99999999999997 1083.554118550312
14.09999999999997 1083.554118550299
14.19999999999997 1083.554118550287
14.29999999999997 1083.554118550274
14.39999999999996 1083.554118550261
14.49999999999996 1083.554118550248
14.59999999999996 1083.554118550236
14.69999999999996 1083.554118550223
14.79999999999996 1083.55411855021
14.89999999999996 1083.554118550197
14.99999999999996 1083.554118550185
15.09999999999996 1083.554118550172
15.19999999999996 1083.554118550159
15.29999999999996 1083.554118550147
15.39999999999996 1083.554118550134
15.49999999999996 1083.554118550121
15.59999999999996 1083.554118550108
15.69999999999996 1083.554118550096
15.79999999999996 1083.554118550083
15.89999999999996 1083.55411855007
15.99999999999996 1083.554118550058
16.09999999999996 1083.554118550045
16.19999999999996 1083.554118550032
16.29999999999996 1083.554118550019
16.39999999999996 1083.554118550007
16.49999999999996 1083.554118549994
16.59999999999997 1083.554118549981
16.69999999999997 1083.554118549969
16.79999999999997 1083.554118549956
16.89999999999997 1083.554118549943
16.99999999999997 1083.55411854993
17.09999999999997 1083.554118549918
17.19999999999997 1083.554118549905
17.29999999999998 1083.554118549892
17.39999999999998 1083.554118549879
17.49999999999998 1083.554118549867
17.59999999999998 1083.554118549854
17.69999999999998 1083.554118549841
17.79999999999998 1083.554118549828
17.89999999999998 1083.554118549816
17.99999999999999 1083.554118549803
18.09999999999999 1083.55411854979
18.19999999999999 1083.554118549778
18.29999999999999 1083.554118549765
18.39999999999999 1083.554118549752
18.49999999999999 1083.55411854974
18.59999999999999 1083.554118549727
18.7 1083.554118549714
18.8 1083.554118549701
18.9 1083.554118549689
19 1083.554118549676
19.1 1083.554118549663
19.2 1083.55411854965
19.3 1083.554118549638
19.40000000000001 1083.554118549625
19.50000000000001 1083.554118549612
19.60000000000001 1083.554118549599
19.70000000000001 1083.554118549587
19.80000000000001 1083.554118549574
19.90000000000001 1083.554118549561
20.00000000000001 1083.554118549549
20.10000000000002 1083.554118549536
20.20000000000002 1083.554118549523
20.30000000000002 1083.55411854951
20.40000000000002 1083.554118549498
20.50000000000002 1083.554118549485
20.60000000000002 1083.554118549472
20.70000000000002 1083.554118549459
20.80000000000003 1083.554118549447
20.90000000000003 1083.554118549434
21.00000000000003 1083.554118549421
21.10000000000003 1083.554118549409
21.20000000000003 1083.554118549396
21.30000000000003 1083.554118549383
21.40000000000003 1083.554118549371
21.50000000000004 1083.554118549358
21.60000000000004 1083.554118549345
21.70000000000004 1083.554118549332
21.80000000000004 1083.55411854932
21.90000000000004 1083.554118549307
22.00000000000004 1083.554118549294
22.10000000000004 1083.554118549281
22.20000000000005 1083.554118549269
22.30000000000005 1083.554118549256
22.40000000000005 1083.554118549243
22.50000000000005 1083.55411854923
22.60000000000005 1083.554118549218
22.70000000000005 1083.554118549205
22.80000000000005 1083.554118549192
22.90000000000006 1083.55411854918
23.00000000000006 1083.554118549167
23.10000000000006 1083.554118549154
23.20000000000006 1083.554118549141
23.30000000000006 1083.554118549129
23.40000000000006 1083.554118549116
23.50000000000006 1083.554118549103
23.60000000000007 1083.554118549091
23.70000000000007 1083.554118549078
23.80000000000007 1083.554118549065
23.90000000000007 1083.554118549052
24.00000000000007 1083.55411854904
24.10000000000007 1083.554118549027
24.20000000000007 1083.554118549014
24.30000000000008 1083.554118549001
24.40000000000008 1083.554118548989
24.50000000000008 1083.554118548976
24.60000000000008 1083.554118548963
24.70000000000008 1083.554118548951
24.80000000000008 1083.554118548938
24.90000000000008 1083.554118548925
25.00000000000009 1083.554118548912
25.10000000000009 1083.5541185489
25.20000000000009 1083.554118548887
25.30000000000009 1083.554118548874
25.40000000000009 1083.554118548861
25.50000000000009 1083.554118548849
25.60000000000009 1083.554118548836
25.7000000000001 1083.554118548823
25.8000000000001 1083.55411854881
25.9000000000001 1083.554118548798
26.0000000000001 1083.554118548785
26.1000000000001 1083.554118548773
26.2000000000001 1083.55411854876
26.3000000000001 1083.554118548747
26.40000000000011 1083.554118548734
26.50000000000011 1083.554118548722
26.60000000000011 1083.554118548709
26.70000000000011 1083.554118548696
26.80000000000011 1083.554118548683
26.90000000000011 1083.554118548671
27.00000000000011 1083.554118548658
27.10000000000012 1083.554118548645
27.20000000000012 1083.554118548632
27.30000000000012 1083.55411854862
27.40000000000012 1083.554118548607
27.50000000000012 1083.554118548594
27.60000000000012 1083.554118548582
27.70000000000012 1083.554118548569
27.80000000000013 1083.554118548556
27.90000000000013 1083.554118548543
28.00000000000013 1083.554118548531
28.10000000000013 1083.554118548518
28.20000000000013 1083.554118548505
28.30000000000013 1083.554118548492
28.40000000000013 1083.55411854848
28.50000000000014 1083.554118548467
28.60000000000014 1083.554118548454
28.70000000000014 1083.554118548442
28.80000000000014 1083.554118548429
28.90000000000014 1083.554118548416
29.00000000000014 1083.554118548403
29.10000000000014 1083.554118548391
29.20000000000014 1083.554118548378
29.30000000000015 1083.554118548365
29.40000000000015 1083.554118548353
29.50000000000015 1083.55411854834
29.60000000000015 1083.554118548327
29.70000000000015 1083.554118548314
29.80000000000015 1083.554118548302
29.90000000000015 1083.554118548289
30.00000000000016 1083.554118548276
30.10000000000016 1083.554118548263
30.20000000000016 1083.554118548251
30.30000000000016 1083.554118548245
30.40000000000016 1083.554118548244
30.50000000000016 1083.554118548244
30.60000000000016 1083.554118548244
30.70000000000017 1083.554118548244
30.80000000000017 1083.554118548244
30.90000000000017 1083.554118548244
31.00000000000017 1083.554118548244
31.10000000000017 1083.554118548244
31.20000000000017 1083.554118548244
31.30000000000017 1083.554118548244
31.40000000000018 1083.554118548244
31.50000000000018 1083.554118548244
31.60000000000018 1083.554118548244
31.70000000000018 1083.554118548244
31.80000000000018 1083.554118548244
31.90000000000018 1083.554118548244
32.00000000000018 1083.554118548244
32.10000000000019 1083.554118548244
32.20000000000019 1083.554118548244
32.30000000000019 1083.554118548244
32.40000000000019 1083.554118548244
32.50000000000019 1083.554118548244
32.60000000000019 1083.554118548244
32.70000000000019 1083.554118548243
32.8000000000002 1083.554118548243
32.9000000000002 1083.554118548243
33.0000000000002 1083.554118548243
33.1000000000002 1083.554118548243
33.2000000000002 1083.554118548243
33.3000000000002 1083.554118548243
33.4000000000002 1083.554118548243
33.50000000000021 1083.554118548243
33.60000000000021 1083.554118548243
33.70000000000021 1083.554118548243
33.80000000000021 1083.554118548243
33.90000000000021 1083.554118548243
34.00000000000021 1083.554118548243
34.10000000000021 1083.554118548243
34.20000000000022 1083.554118548243
34.30000000000022 1083.554118548243
34.40000000000022 1083.554118548243
34.50000000000022 1083.554118548243
34.60000000000022 1083.554118548243
34.70000000000022 1083.554118548243
34.80000000000022 1083.554118548243
34.90000000000023 1083.554118548243
35.00000000000023 1083.554118548243
35.10000000000023 1083.554118548243
35.20000000000023 1083.554118548243
35.30000000000023 1083.554118548243
35.40000000000023 1083.554118548243
35.50000000000023 1083.554118548242
35.60000000000024 1083.554118548242
35.70000000000024 1083.554118548242
35.80000000000024 1083.554118548242
35.90000000000024 1083.554118548242
36.00000000000024 1083.554118548242
36.10000000000024 1083.554118548242
36.20000000000024 1083.554118548242
36.30000000000025 1083.554118548242
36.40000000000025 1083.554118548242
36.50000000000025 1083.554118548242
36.60000000000025 1083.554118548242
36.70000000000025 1083.554118548242
36.80000000000025 1083.554118548242
36.90000000000025 1083.554118548242
37.00000000000026 1083.554118548242
37.10000000000026 1083.554118548242
37.20000000000026 1083.554118548242
37.30000000000026 1083.554118548242
37.40000000000026 1083.554118548242
37.50000000000026 1083.554118548242
37.60000000000026 1083.554118548242
37.70000000000027 1083.554118548242
37.80000000000027 1083.554118548241
37.90000000000027 1083.554118548241
38.00000000000027 1083.554118548241
38.10000000000027 1083.554118548241
38.20000000000027 1083.554118548241
38.30000000000027 1083.554118548241
38.40000000000028 1083.554118548241
38.50000000000028 1083.554118548241
38.60000000000028 1083.554118548241
38.70000000000028 1083.554118548241
38.80000000000028 1083.554118548241
38.90000000000028 1083.554118548241
39.00000000000028 1083.554118548241
39.10000000000029 1083.554118548241
39.20000000000029 1083.554118548241
39.30000000000029 1083.554118548241
39.40000000000029 1083.554118548241
39.50000000000029 1083.554118548241
39.60000000000029 1083.554118548241
39.70000000000029 1083.554118548241
39.8000000000003 1083.554118548241
39.9000000000003 1083.554118548241
40.0000000000003 1083.554118548241
40.1000000000003 1083.55411854824
40.2000000000003 1083.55411854824
40.3000000000003 1083.55411854824
40.4000000000003 1083.55411854824
40.50000000000031 1083.55411854824
40.60000000000031 1083.55411854824
40.70000000000031 1083.55411854824
40.80000000000031 1083.55411854824
40.90000000000031 1083.55411854824
41.00000000000031 1083.55411854824
41.10000000000031 1083.55411854824
41.20000000000032 1083.55411854824
41.30000000000032 1083.55411854824
41.40000000000032 1083.55411854824
41.50000000000032 1083.55411854824
41.60000000000032 1083.55411854824
41.70000000000032 1083.55411854824
41.80000000000032 1083.55411854824
41.90000000000033 1083.55411854824
42.00000000000033 1083.55411854824
42.10000000000033 1083.55411854824
42.20000000000033 1083.55411854824
42.30000000000033 1083.55411854824
42.40000000000033 1083.55411854824
42.50000000000033 1083.55411854824
42.60000000000034 1083.55411854824
42.70000000000034 1083.55411854824
42.80000000000034 1083.55411854824
42.90000000000034 1083.554118548239
43.00000000000034 1083.554118548239
43.10000000000034 1083.554118548239
43.20000000000034 1083.554118548239
43.30000000000035 1083.554118548239
43.40000000000035 1083.554118548239
43.50000000000035 1083.554118548239
43.60000000000035 1083.554118548239
43.70000000000035 1083.554118548239
43.80000000000035 1083.554118548239
43.90000000000035 1083.554118548239
44.00000000000036 1083.554118548239
44.10000000000036 1083.554118548239
44.20000000000036 1083.554118548239
44.30000000000036 1083.554118548239
44.40000000000036 1083.554118548239
44.50000000000036 1083.554118548239
44.60000000000036 1083.554118548239
44.70000000000037 1083.554118548239
44.80000000000037 1083.554118548239
44.90000000000037 1083.554118548239
45.00000000000037 1083.554118548239
45.10000000000037 1083.554118548239
45.20000000000037 1083.554118548238
45.30000000000037 1083.554118548238
45.40000000000038 1083.554118548238
45.50000000000038 1083.554118548238
45.60000000000038 1083.554118548238
45.70000000000038 1083.554118548238
45.80000000000038 1083.554118548238
45.90000000000038 1083.554118548238
46.00000000000038 1083.554118548238
46.10000000000039 1083.554118548238
46.20000000000039 1083.554118548238
46.30000000000039 1083.554118548238
46.40000000000039 1083.554118548238
46.50000000000039 1083.554118548238
46.60000000000039 1083.554118548238
46.70000000000039 1083.554118548238
46.8000000000004 1083.554118548238
46.9000000000004 1083.554118548238
47.0000000000004 1083.554118548238
47.1000000000004 1083.554118548238
47.2000000000004 1083.554118548238
47.3000000000004 1083.554118548238
47.4000000000004 1083.554118548238
47.50000000000041 1083.554118548238
47.60000000000041 1083.554118548238
47.70000000000041 1083.554118548238
47.80000000000041 1083.554118548238
47.90000000000041 1083.554118548238
48.00000000000041 1083.554118548238
48.10000000000041 1083.554118548237
48.20000000000041 1083.554118548237
48.30000000000042 1083.554118548237
48.40000000000042 1083.554118548237
48.50000000000042 1083.554118548237
48.60000000000042 1083.554118548237
48.70000000000042 1083.554118548237
48.80000000000042 1083.554118548237
48.90000000000042 1083.554118548237
49.00000000000043 1083.554118548237
49.10000000000043 1083.554118548237
49.20000000000043 1083.554118548237
49.30000000000043 1083.554118548237
49.40000000000043 1083.554118548237
49.50000000000043 1083.554118548237
49.60000000000043 1083.554118548237
49.70000000000044 1083.554118548237
49.80000000000044 1083.554118548237
49.90000000000044 1083.554118548237