Time X1
0 250
0.1 250.3063021439472
0.2 250.6409329201533
0.3 251.0064219527632
0.4 251.4057364792082
0.5 251.8423480678657
0.6 252.3196677433924
0.7 252.841663483625
0.7999999999999999 253.4125958537714
0.8999999999999999 254.0372265222433
0.9999999999999999 254.7207605488645
1.1 255.4690468605789
1.2 256.2885178755463
1.3 257.1862749420351
1.4 258.170212343569
1.5 259.2490027668597
1.6 260.4323364550321
1.7 261.7309316049185
1.8 263.1568381907728
1.900000000000001 264.7232978478885
2 266.4451135841509
2.100000000000001 268.3388975348429
2.200000000000001 270.4230634937878
2.300000000000001 272.7182722379499
2.400000000000001 275.2476164244148
2.500000000000001 278.0368476221146
2.600000000000001 281.11465753143
2.700000000000001 284.5130587626215
2.800000000000001 288.2676965024085
2.900000000000001 292.4180461210721
3.000000000000001 297.0076817865381
3.100000000000001 302.0845062406713
3.200000000000002 307.7001715472245
3.300000000000002 313.9105755392026
3.400000000000002 320.7743071724535
3.500000000000002 328.3509171284912
3.600000000000002 336.6989007664286
3.700000000000002 345.8719249407243
3.800000000000002 355.9135636088653
3.900000000000002 366.8505358311892
4.000000000000002 378.6827843907526
4.100000000000001 391.3745684705873
4.200000000000001 404.8430859830909
4.300000000000001 418.9483658800379
4.4 433.4905958529676
4.5 448.2124945943439
4.6 462.8124084854199
4.699999999999999 476.9686218823857
4.799999999999999 490.3710534866108
4.899999999999999 502.7537237674215
4.999999999999998 513.921035550942
5.099999999999998 523.7621265919861
5.199999999999998 532.2506357538086
5.299999999999997 539.4324792481228
5.399999999999997 545.407204825332
5.499999999999996 550.3062951195719
5.599999999999996 554.2748983065494
5.699999999999996 557.4575095640051
5.799999999999995 559.9888379791109
5.899999999999995 561.9891916365307
5.999999999999995 563.5617251730397
6.099999999999994 564.7926403366541
6.199999999999994 565.7533916613144
6.299999999999994 566.5014112355414
6.399999999999993 567.0823815148113
6.499999999999993 567.5325012133754
6.599999999999993 567.8812233239317
6.699999999999992 568.1511240469505
6.799999999999992 568.3598188114125
6.899999999999991 568.521129951043
6.999999999999991 568.6456720154998
7.099999999999991 568.741824795389
7.19999999999999 568.8160781821639
7.29999999999999 568.873402642488
7.39999999999999 568.9176255658459
7.499999999999989 568.9517567898971
7.599999999999989 568.9781225404789
7.699999999999989 568.9984202541264
7.799999999999988 569.0140802420702
7.899999999999988 569.0261457741957
7.999999999999988 569.0354697486923
8.099999999999987 569.0426725159513
8.199999999999987 569.0482444780718
8.299999999999986 569.052514933185
8.399999999999986 569.0558150892505
8.499999999999986 569.058353215943
8.599999999999985 569.0603172323258
8.699999999999985 569.0618300953164
8.799999999999985 569.0630196857837
8.899999999999984 569.0639422418732
8.999999999999984 569.0647011927604
9.099999999999984 569.0652095949334
9.199999999999983 569.0656241347679
9.299999999999983 569.065952873109
9.399999999999983 569.0662000928925
9.499999999999982 569.0663833669076
9.599999999999982 569.0665233369886
9.699999999999982 569.0666264047095
9.799999999999981 569.0667084615384
9.899999999999981 569.0667715145336
9.99999999999998 569.066822262609
10.09999999999998 569.0668619048778
10.19999999999998 569.0668934550895
10.29999999999998 569.066917916536
10.39999999999998 569.0669369809181
10.49999999999998 569.066951809284
10.59999999999998 569.0669631312567
10.69999999999998 569.0669720663283
10.79999999999998 569.0669788615162
10.89999999999998 569.0669842690686
10.99999999999998 569.0669899265358
11.09999999999998 569.0669965181042
11.19999999999998 569.0670023012141
11.29999999999998 569.0670072758652
11.39999999999998 569.0670114420578
11.49999999999998 569.0670147997918
11.59999999999997 569.0670173490672
11.69999999999997 569.067019089884
11.79999999999997 569.0670200222422
11.89999999999997 569.0670201461418
11.99999999999997 569.0670194615828
12.09999999999997 569.0670179685652
12.19999999999997 569.067015667089
12.29999999999997 569.0670152114086
12.39999999999997 569.067015877309
12.49999999999997 569.0670163416938
12.59999999999997 569.0670166045632
12.69999999999997 569.0670166659169
12.79999999999997 569.0670165257551
12.89999999999997 569.0670161840778
12.99999999999997 569.067015640885
13.09999999999997 569.0670148961766
13.19999999999997 569.0670139499526
13.29999999999997 569.0670128022133
13.39999999999997 569.0670114529584
13.49999999999997 569.0670099021878
13.59999999999997 569.0670092940455
13.69999999999997 569.0670089061312
13.79999999999997 569.0670085182168
13.89999999999997 569.0670081303023
13.99999999999997 569.0670077423879
14.09999999999997 569.0670073544735
14.19999999999997 569.0670069665591
14.29999999999997 569.0670065786447
14.39999999999996 569.0670061907304
14.49999999999996 569.067005802816
14.59999999999996 569.0670054149016
14.69999999999996 569.0670050269872
14.79999999999996 569.0670046532215
14.89999999999996 569.0670046418954
14.99999999999996 569.0670046305694
15.09999999999996 569.0670046192432
15.19999999999996 569.0670046079172
15.29999999999996 569.0670045965911
15.39999999999996 569.067004585265
15.49999999999996 569.0670045739389
15.59999999999996 569.0670045626129
15.69999999999996 569.0670045512867
15.79999999999996 569.0670045399606
15.89999999999996 569.0670045286346
15.99999999999996 569.0670045173085
16.09999999999996 569.0670045059824
16.19999999999996 569.0670044946563
16.29999999999996 569.0670044833303
16.39999999999996 569.0670044720041
16.49999999999996 569.067004460678
16.59999999999997 569.067004449352
16.69999999999997 569.0670044380258
16.79999999999997 569.0670044266998
16.89999999999997 569.0670044153737
16.99999999999997 569.0670044040477
17.09999999999997 569.0670043927215
17.19999999999997 569.0670043813955
17.29999999999998 569.0670043700694
17.39999999999998 569.0670043587432
17.49999999999998 569.0670043474172
17.59999999999998 569.0670043360911
17.69999999999998 569.0670043247651
17.79999999999998 569.0670043134389
17.89999999999998 569.0670043021129
17.99999999999999 569.0670042907868
18.09999999999999 569.0670042794607
18.19999999999999 569.0670042681346
18.29999999999999 569.0670042568086
18.39999999999999 569.0670042454824
18.49999999999999 569.0670042341563
18.59999999999999 569.0670042228303
18.7 569.0670042115042
18.8 569.0670042001781
18.9 569.067004188852
19 569.067004177526
19.1 569.0670041661998
19.2 569.0670041548738
19.3 569.0670041435477
19.40000000000001 569.0670041322215
19.50000000000001 569.0670041208955
19.60000000000001 569.0670041095694
19.70000000000001 569.0670040982434
19.80000000000001 569.0670040869172
19.90000000000001 569.0670040755912
20.00000000000001 569.0670040642651
20.10000000000002 569.067004052939
20.20000000000002 569.0670040416129
20.30000000000002 569.0670040302869
20.40000000000002 569.0670040189608
20.50000000000002 569.0670040076346
20.60000000000002 569.0670039963086
20.70000000000002 569.0670039849825
20.80000000000003 569.0670039736564
20.90000000000003 569.0670039623303
21.00000000000003 569.0670039510043
21.10000000000003 569.0670039396781
21.20000000000003 569.0670039283521
21.30000000000003 569.067003917026
21.40000000000003 569.0670039056999
21.50000000000004 569.0670038943738
21.60000000000004 569.0670038830477
21.70000000000004 569.0670038717217
21.80000000000004 569.0670038603955
21.90000000000004 569.0670038490695
22.00000000000004 569.0670038377434
22.10000000000004 569.0670038264172
22.20000000000005 569.0670038150912
22.30000000000005 569.0670038037651
22.40000000000005 569.0670037924391
22.50000000000005 569.0670037811129
22.60000000000005 569.0670037697869
22.70000000000005 569.0670037584608
22.80000000000005 569.0670037471347
22.90000000000006 569.0670037358086
23.00000000000006 569.0670037244826
23.10000000000006 569.0670037131565
23.20000000000006 569.0670037018303
23.30000000000006 569.0670036905043
23.40000000000006 569.0670036791782
23.50000000000006 569.0670036678521
23.60000000000007 569.067003656526
23.70000000000007 569.0670036452
23.80000000000007 569.0670036338738
23.90000000000007 569.0670036225478
24.00000000000007 569.0670036112217
24.10000000000007 569.0670035998957
24.20000000000007 569.0670035885695
24.30000000000008 569.0670035772434
24.40000000000008 569.0670035659174
24.50000000000008 569.0670035545912
24.60000000000008 569.0670035432652
24.70000000000008 569.0670035319391
24.80000000000008 569.067003520613
24.90000000000008 569.0670035092869
25.00000000000009 569.0670034979609
25.10000000000009 569.0670034866348
25.20000000000009 569.0670034753086
25.30000000000009 569.0670034639826
25.40000000000009 569.0670034526565
25.50000000000009 569.0670034413304
25.60000000000009 569.0670034300043
25.7000000000001 569.0670034186783
25.8000000000001 569.0670034073522
25.9000000000001 569.0670033960261
26.0000000000001 569.0670033847
26.1000000000001 569.067003373374
26.2000000000001 569.0670033620478
26.3000000000001 569.0670033507217
26.40000000000011 569.0670033393957
26.50000000000011 569.0670033280695
26.60000000000011 569.0670033167435
26.70000000000011 569.0670033054174
26.80000000000011 569.0670032940914
26.90000000000011 569.0670032827652
27.00000000000011 569.0670032714391
27.10000000000012 569.0670032601131
27.20000000000012 569.0670032487869
27.30000000000012 569.0670032374609
27.40000000000012 569.0670032261348
27.50000000000012 569.0670032148087
27.60000000000012 569.0670032034826
27.70000000000012 569.0670032028826
27.80000000000013 569.0670032025517
27.90000000000013 569.067003202221
28.00000000000013 569.0670032018903
28.10000000000013 569.0670032015595
28.20000000000013 569.0670032012288
28.30000000000013 569.0670032008981
28.40000000000013 569.0670032005672
28.50000000000014 569.0670032002365
28.60000000000014 569.0670031999058
28.70000000000014 569.067003199575
28.80000000000014 569.0670031992443
28.90000000000014 569.0670031989135
29.00000000000014 569.0670031985827
29.10000000000014 569.067003198252
29.20000000000014 569.0670031979213
29.30000000000015 569.0670031975905
29.40000000000015 569.0670031972597
29.50000000000015 569.067003196929
29.60000000000015 569.0670031965982
29.70000000000015 569.0670031962675
29.80000000000015 569.0670031959368
29.90000000000015 569.0670031956059
30.00000000000016 569.0670031952752
30.10000000000016 569.0670031949445
30.20000000000016 569.0670031946137
30.30000000000016 569.067003194283
30.40000000000016 569.0670031939522
30.50000000000016 569.0670031936214
30.60000000000016 569.0670031932907
30.70000000000017 569.06700319296
30.80000000000017 569.0670031926293
30.90000000000017 569.0670031922984
31.00000000000017 569.0670031919677
31.10000000000017 569.067003191637
31.20000000000017 569.0670031913062
31.30000000000017 569.0670031909755
31.40000000000018 569.0670031906448
31.50000000000018 569.0670031903139
31.60000000000018 569.0670031899832
31.70000000000018 569.0670031896525
31.80000000000018 569.0670031893217
31.90000000000018 569.067003188991
32.00000000000018 569.0670031886602
32.10000000000019 569.0670031883294
32.20000000000019 569.0670031879987
32.30000000000019 569.067003187668
32.40000000000019 569.0670031873371
32.50000000000019 569.0670031870064
32.60000000000019 569.0670031866757
32.70000000000019 569.0670031863449
32.8000000000002 569.0670031860142
32.9000000000002 569.0670031856835
33.0000000000002 569.0670031853526
33.1000000000002 569.0670031850219
33.2000000000002 569.0670031846912
33.3000000000002 569.0670031843604
33.4000000000002 569.0670031840297
33.50000000000021 569.0670031836989
33.60000000000021 569.0670031833681
33.70000000000021 569.0670031830374
33.80000000000021 569.0670031827067
33.90000000000021 569.0670031823759
34.00000000000021 569.0670031820451
34.10000000000021 569.0670031817144
34.20000000000022 569.0670031813836
34.30000000000022 569.0670031810529
34.40000000000022 569.0670031807222
34.50000000000022 569.0670031803913
34.60000000000022 569.0670031800606
34.70000000000022 569.0670031797299
34.80000000000022 569.0670031793991
34.90000000000023 569.0670031790684
35.00000000000023 569.0670031787377
35.10000000000023 569.0670031784068
35.20000000000023 569.0670031780761
35.30000000000023 569.0670031777454
35.40000000000023 569.0670031774146
35.50000000000023 569.0670031770838
35.60000000000024 569.0670031767531
35.70000000000024 569.0670031764223
35.80000000000024 569.0670031760916
35.90000000000024 569.0670031757609
36.00000000000024 569.06700317543
36.10000000000024 569.0670031750993
36.20000000000024 569.0670031747686
36.30000000000025 569.0670031744378
36.40000000000025 569.0670031741071
36.50000000000025 569.0670031737764
36.60000000000025 569.0670031734455
36.70000000000025 569.0670031731148
36.80000000000025 569.0670031727841
36.90000000000025 569.0670031724533
37.00000000000026 569.0670031721226
37.10000000000026 569.0670031717918
37.20000000000026 569.067003171461
37.30000000000026 569.0670031711303
37.40000000000026 569.0670031707996
37.50000000000026 569.0670031704688
37.60000000000026 569.067003170138
37.70000000000027 569.0670031698073
37.80000000000027 569.0670031694765
37.90000000000027 569.0670031691458
38.00000000000027 569.0670031688151
38.10000000000027 569.0670031684842
38.20000000000027 569.0670031681535
38.30000000000027 569.0670031678228
38.40000000000028 569.067003167492
38.50000000000028 569.0670031671613
38.60000000000028 569.0670031668305
38.70000000000028 569.0670031664997
38.80000000000028 569.067003166169
38.90000000000028 569.0670031658383
39.00000000000028 569.0670031655075
39.10000000000029 569.0670031651767
39.20000000000029 569.067003164846
39.30000000000029 569.0670031645152
39.40000000000029 569.0670031641845
39.50000000000029 569.0670031638538
39.60000000000029 569.0670031635229
39.70000000000029 569.0670031631922
39.8000000000003 569.0670031628615
39.9000000000003 569.0670031625307
40.0000000000003 569.0670031622
40.1000000000003 569.0670031618693
40.2000000000003 569.0670031615384
40.3000000000003 569.0670031612077
40.4000000000003 569.067003160877
40.50000000000031 569.0670031608474
40.60000000000031 569.0670031608465
40.70000000000031 569.0670031608455
40.80000000000031 569.0670031608445
40.90000000000031 569.0670031608435
41.00000000000031 569.0670031608425
41.10000000000031 569.0670031608415
41.20000000000032 569.0670031608405
41.30000000000032 569.0670031608396
41.40000000000032 569.0670031608386
41.50000000000032 569.0670031608375
41.60000000000032 569.0670031608365
41.70000000000032 569.0670031608356
41.80000000000032 569.0670031608346
41.90000000000033 569.0670031608336
42.00000000000033 569.0670031608325
42.10000000000033 569.0670031608316
42.20000000000033 569.0670031608306
42.30000000000033 569.0670031608296
42.40000000000033 569.0670031608287
42.50000000000033 569.0670031608277
42.60000000000034 569.0670031608266
42.70000000000034 569.0670031608256
42.80000000000034 569.0670031608247
42.90000000000034 569.0670031608237
43.00000000000034 569.0670031608227
43.10000000000034 569.0670031608216
43.20000000000034 569.0670031608207
43.30000000000035 569.0670031608197
43.40000000000035 569.0670031608187
43.50000000000035 569.0670031608178
43.60000000000035 569.0670031608167
43.70000000000035 569.0670031608157
43.80000000000035 569.0670031608147
43.90000000000035 569.0670031608138
44.00000000000036 569.0670031608128
44.10000000000036 569.0670031608117
44.20000000000036 569.0670031608107
44.30000000000036 569.0670031608098
44.40000000000036 569.0670031608088
44.50000000000036 569.0670031608078
44.60000000000036 569.0670031608068
44.70000000000037 569.0670031608058
44.80000000000037 569.0670031608048
44.90000000000037 569.0670031608038
45.00000000000037 569.0670031608029
45.10000000000037 569.0670031608018
45.20000000000037 569.0670031608008
45.30000000000037 569.0670031607998
45.40000000000038 569.0670031607989
45.50000000000038 569.0670031607979
45.60000000000038 569.0670031607968
45.70000000000038 569.0670031607959
45.80000000000038 569.0670031607949
45.90000000000038 569.0670031607939
46.00000000000038 569.0670031607929
46.10000000000039 569.067003160792
46.20000000000039 569.0670031607909
46.30000000000039 569.0670031607899
46.40000000000039 569.0670031607889
46.50000000000039 569.067003160788
46.60000000000039 569.067003160787
46.70000000000039 569.0670031607859
46.8000000000004 569.067003160785
46.9000000000004 569.067003160784
47.0000000000004 569.067003160783
47.1000000000004 569.067003160782
47.2000000000004 569.067003160781
47.3000000000004 569.06700316078
47.4000000000004 569.067003160779
47.50000000000041 569.067003160778
47.60000000000041 569.0670031607771
47.70000000000041 569.067003160776
47.80000000000041 569.067003160775
47.90000000000041 569.0670031607741
48.00000000000041 569.0670031607731
48.10000000000041 569.0670031607721
48.20000000000041 569.067003160771
48.30000000000042 569.0670031607701
48.40000000000042 569.0670031607691
48.50000000000042 569.0670031607681
48.60000000000042 569.0670031607671
48.70000000000042 569.0670031607661
48.80000000000042 569.0670031607651
48.90000000000042 569.0670031607641
49.00000000000043 569.0670031607632
49.10000000000043 569.0670031607622
49.20000000000043 569.0670031607611
49.30000000000043 569.0670031607601
49.40000000000043 569.0670031607592
49.50000000000043 569.0670031607582
49.60000000000043 569.0670031607572
49.70000000000044 569.0670031607561
49.80000000000044 569.0670031607552
49.90000000000044 569.0670031607542