Time X1
0 250
0.1 249.9455792109756
0.2 249.8863870096744
0.3 249.8221455049458
0.4 249.7518606411064
0.5 249.6756998365444
0.6 249.5929021196988
0.7 249.5027988033459
0.7999999999999999 249.4047300261222
0.8999999999999999 249.2980355253143
0.9999999999999999 249.1820155496417
1.1 249.0557883112648
1.2 248.9184180683643
1.3 248.7692605239134
1.4 248.6069355264156
1.5 248.430490435811
1.6 248.2386808276111
1.7 248.0301724997568
1.8 247.8035182025191
1.900000000000001 247.5571676342312
2 247.2894394428756
2.100000000000001 246.998519920737
2.200000000000001 246.6824320100867
2.300000000000001 246.3390668884765
2.400000000000001 245.966175393472
2.500000000000001 245.5612573982885
2.600000000000001 245.1216516333265
2.700000000000001 244.6445507704857
2.800000000000001 244.1268060459949
2.900000000000001 243.5651459047072
3.000000000000001 242.9560601637923
3.100000000000001 242.2957335354102
3.200000000000002 241.5801062701689
3.300000000000002 240.8048770331384
3.400000000000002 239.9654629515261
3.500000000000002 239.0570097101438
3.600000000000002 238.0743688367551
3.700000000000002 237.0120609316799
3.800000000000002 235.8642715326645
3.900000000000002 234.6249512496725
4.000000000000002 233.287948993524
4.100000000000001 231.8468015244638
4.200000000000001 230.2948529079144
4.300000000000001 228.6253772755486
4.4 226.8314843140861
4.5 224.9062061223134
4.6 222.842861690219
4.699999999999999 220.6349373344774
4.799999999999999 218.2762489811086
4.899999999999999 215.7612287066621
4.999999999999998 213.0848712061505
5.099999999999998 210.2432223171082
5.199999999999998 207.2334961971172
5.299999999999997 204.0541989863862
5.399999999999997 200.7057151381029
5.499999999999996 197.1902886835734
5.599999999999996 193.5123864904206
5.699999999999996 189.6790387156599
5.799999999999995 185.6999829580832
5.899999999999995 181.5876848208955
5.999999999999995 177.3576792247584
6.099999999999994 173.0286155069364
6.199999999999994 168.621529666552
6.299999999999994 164.1601045015621
6.399999999999993 159.6701220689833
6.499999999999993 155.1791043350991
6.599999999999993 150.715279090913
6.699999999999992 146.3072480881974
6.799999999999992 141.9829170433519
6.899999999999991 137.7689416713714
6.999999999999991 133.6898124730245
7.099999999999991 129.7673696510574
7.19999999999999 126.0201461511881
7.29999999999999 122.4631735950636
7.39999999999999 119.1076002728636
7.499999999999989 115.9608436474504
7.599999999999989 113.0267500491869
7.699999999999989 110.3056911331666
7.799999999999988 107.7949994364359
7.899999999999988 105.4894280380883
7.999999999999988 103.3815964000179
8.099999999999987 101.4624282218029
8.199999999999987 99.72162321484261
8.299999999999986 98.14804997196691
8.399999999999986 96.7300950857416
8.499999999999986 95.45602230944007
8.599999999999985 94.31427327387912
8.699999999999985 93.29343346496312
8.799999999999985 92.38259701754951
8.899999999999984 91.57145334265954
8.999999999999984 90.85030745765924
9.099999999999984 90.21014385708362
9.199999999999983 89.64261738217537
9.299999999999983 89.14009024980838
9.399999999999983 88.69557973906765
9.499999999999982 88.30276547539079
9.599999999999982 87.95591711549746
9.699999999999982 87.6498801955384
9.799999999999981 87.38002699494822
9.899999999999981 87.1422229333904
9.99999999999998 86.93276275737985
10.09999999999998 86.74834999265981
10.19999999999998 86.58605397098559
10.29999999999998 86.44326863363884
10.39999999999998 86.317689714492
10.49999999999998 86.2072712248421
10.59999999999998 86.11020811348924
10.69999999999998 86.02490107784524
10.79999999999998 85.94993987867956
10.89999999999998 85.8840813761427
10.99999999999998 85.82622850386473
11.09999999999998 85.77541902462769
11.19999999999998 85.73079008533617
11.29999999999998 85.69159660888666
11.39999999999998 85.65718284783922
11.49999999999998 85.62696199329443
11.59999999999997 85.60043124206506
11.69999999999997 85.57714057703348
11.79999999999997 85.55669246282902
11.89999999999997 85.53874542999203
11.99999999999997 85.52298999782919
12.09999999999997 85.50915918575942
12.19999999999997 85.49702052677657
12.29999999999997 85.48636473468252
12.39999999999997 85.4770129524924
12.49999999999997 85.46880579356075
12.59999999999997 85.46160166995054
12.69999999999997 85.45527999950353
12.79999999999997 85.44973152258785
12.89999999999997 85.44486138360369
12.99999999999997 85.44058778334269
13.09999999999997 85.43683592234805
13.19999999999997 85.43354506126018
13.29999999999997 85.43065667983075
13.39999999999997 85.42812159227704
13.49999999999997 85.42589768131729
13.59999999999997 85.42394600714606
13.69999999999997 85.42223192908487
13.79999999999997 85.4207259027378
13.89999999999997 85.41940303331009
13.99999999999997 85.41824286842539
14.09999999999997 85.41722703116555
14.19999999999997 85.41633527026927
14.29999999999997 85.41555299972647
14.39999999999996 85.4148684336074
14.49999999999996 85.41426811974294
14.59999999999996 85.41374081183139
14.69999999999996 85.41327787786236
14.79999999999996 85.41286916779852
14.89999999999996 85.4125137589353
14.99999999999996 85.41220002234654
15.09999999999996 85.41192495268477
15.19999999999996 85.41168382342315
15.29999999999996 85.41147261810877
15.39999999999996 85.41128759695998
15.49999999999996 85.41112507254681
15.59999999999996 85.41098277047845
15.69999999999996 85.41085824056275
15.79999999999996 85.41074858240323
15.89999999999996 85.41065089678524
15.99999999999996 85.41056415782835
16.09999999999996 85.41048814077685
16.19999999999996 85.41042139779125
16.29999999999996 85.41036248103212
16.39999999999996 85.41030495735325
16.49999999999996 85.41026314006803
16.59999999999997 85.41022518612134
16.69999999999997 85.41019109551316
16.79999999999997 85.41016076304605
16.89999999999997 85.41013376452293
16.99999999999997 85.4101100552424
17.09999999999997 85.4100896352045
17.19999999999997 85.41007247226098
17.29999999999998 85.41005753305105
17.39999999999998 85.41004432150159
17.49999999999998 85.4100328376126
17.59999999999998 85.4100230813841
17.69999999999998 85.4100147585651
17.79999999999998 85.41000726319506
17.89999999999998 85.41000057698673
17.99999999999999 85.40999469994014
18.09999999999999 85.40998960399813
18.19999999999999 85.40998502714558
18.29999999999999 85.40998090518571
18.39999999999999 85.40997723811851
18.49999999999999 85.409974025944
18.59999999999999 85.40997118491028
18.7 85.4099686297624
18.8 85.40996636049867
18.9 85.40996437711908
19 85.40996265926063
19.1 85.40996112109173
19.2 85.40995975302711
19.3 85.40995855506679
19.40000000000001 85.40995752585046
19.50000000000001 85.40995661639761
19.60000000000001 85.40995580218917
19.70000000000001 85.40995508322516
19.80000000000001 85.40995445950556
19.90000000000001 85.40995391803833
20.00000000000001 85.40995343092797
20.10000000000002 85.40995299723626
20.20000000000002 85.40995261696318
20.30000000000002 85.4099521873605
20.40000000000002 85.40995163307075
20.50000000000002 85.40995111128657
20.60000000000002 85.40995062200798
20.70000000000002 85.40995016523497
20.80000000000003 85.40994974096755
20.90000000000003 85.4099493492057
21.00000000000003 85.40994898994944
21.10000000000003 85.40994866319875
21.20000000000003 85.40994836895364
21.30000000000003 85.40994810721411
21.40000000000003 85.40994787798016
21.50000000000004 85.40994768125179
21.60000000000004 85.40994751702901
21.70000000000004 85.40994738531181
21.80000000000004 85.40994728610018
21.90000000000004 85.40994721939413
22.00000000000004 85.40994718519367
22.10000000000004 85.40994718349879
22.20000000000005 85.40994721430947
22.30000000000005 85.40994727762575
22.40000000000005 85.40994737344761
22.50000000000005 85.40994750177504
22.60000000000005 85.40994766260806
22.70000000000005 85.40994785594665
22.80000000000005 85.40994798982999
22.90000000000006 85.40994792385399
23.00000000000006 85.40994786607476
23.10000000000006 85.40994781649228
23.20000000000006 85.40994777510656
23.30000000000006 85.40994774191759
23.40000000000006 85.40994771692537
23.50000000000006 85.40994770012992
23.60000000000007 85.40994769153122
23.70000000000007 85.40994769112928
23.80000000000007 85.40994769892409
23.90000000000007 85.40994771491566
24.00000000000007 85.40994773910397
24.10000000000007 85.40994777148906
24.20000000000007 85.40994781207088
24.30000000000008 85.40994786084948
24.40000000000008 85.40994791782482
24.50000000000008 85.40994798299693
24.60000000000008 85.40994805636578
24.70000000000008 85.40994813793139
24.80000000000008 85.40994822769376
24.90000000000008 85.40994832565289
25.00000000000009 85.40994843180877
25.10000000000009 85.4099485461614
25.20000000000009 85.4099486687108
25.30000000000009 85.40994876861058
25.40000000000009 85.40994880002074
25.50000000000009 85.40994883143091
25.60000000000009 85.40994886284108
25.7000000000001 85.40994889425123
25.8000000000001 85.4099489256614
25.9000000000001 85.40994895707156
26.0000000000001 85.40994898848172
26.1000000000001 85.40994901989188
26.2000000000001 85.40994905130205
26.3000000000001 85.4099490827122
26.40000000000011 85.40994911412237
26.50000000000011 85.40994914553254
26.60000000000011 85.40994917694269
26.70000000000011 85.40994920835286
26.80000000000011 85.40994923976302
26.90000000000011 85.40994927117318
27.00000000000011 85.40994930258334
27.10000000000012 85.40994933399351
27.20000000000012 85.40994936540368
27.30000000000012 85.40994939681383
27.40000000000012 85.409949428224
27.50000000000012 85.40994945963416
27.60000000000012 85.40994949104432
27.70000000000012 85.40994952245448
27.80000000000013 85.40994955012654
27.90000000000013 85.40994955105676
28.00000000000013 85.40994955198697
28.10000000000013 85.40994955291717
28.20000000000013 85.40994955384738
28.30000000000013 85.4099495547776
28.40000000000013 85.4099495557078
28.50000000000014 85.40994955663801
28.60000000000014 85.40994955756821
28.70000000000014 85.40994955849843
28.80000000000014 85.40994955942864
28.90000000000014 85.40994956035884
29.00000000000014 85.40994956128905
29.10000000000014 85.40994956221927
29.20000000000014 85.40994956314947
29.30000000000015 85.40994956407968
29.40000000000015 85.40994956500988
29.50000000000015 85.4099495659401
29.60000000000015 85.40994956687031
29.70000000000015 85.40994956780051
29.80000000000015 85.40994956873072
29.90000000000015 85.40994956966092
30.00000000000016 85.40994957059114
30.10000000000016 85.40994957152135
30.20000000000016 85.40994957245155
30.30000000000016 85.40994957338177
30.40000000000016 85.40994957431198
30.50000000000016 85.40994957524218
30.60000000000016 85.40994957617239
30.70000000000017 85.40994957710259
30.80000000000017 85.40994957803281
30.90000000000017 85.40994957896302
31.00000000000017 85.40994957989322
31.10000000000017 85.40994958082344
31.20000000000017 85.40994958175365
31.30000000000017 85.40994958268385
31.40000000000018 85.40994958361406
31.50000000000018 85.40994958454426
31.60000000000018 85.40994958547448
31.70000000000018 85.40994958640469
31.80000000000018 85.40994958733489
31.90000000000018 85.40994958826511
32.00000000000018 85.40994958919532
32.10000000000019 85.40994959012552
32.20000000000019 85.40994959105574
32.30000000000019 85.40994959198594
32.40000000000019 85.40994959291615
32.50000000000019 85.40994959384636
32.60000000000019 85.40994959477656
32.70000000000019 85.40994959570678
32.8000000000002 85.40994959663699
32.9000000000002 85.40994959756719
33.0000000000002 85.40994959849741
33.1000000000002 85.40994959942761
33.2000000000002 85.40994960035782
33.3000000000002 85.40994960128803
33.4000000000002 85.40994960221823
33.50000000000021 85.40994960314845
33.60000000000021 85.40994960407865
33.70000000000021 85.40994960500886
33.80000000000021 85.40994960593908
33.90000000000021 85.40994960686928
34.00000000000021 85.40994960779949
34.10000000000021 85.4099496087297
34.20000000000022 85.4099496096599
34.30000000000022 85.40994961059012
34.40000000000022 85.40994961152032
34.50000000000022 85.40994961245053
34.60000000000022 85.40994961338075
34.70000000000022 85.40994961431095
34.80000000000022 85.40994961524116
34.90000000000023 85.40994961617137
35.00000000000023 85.40994961710157
35.10000000000023 85.40994961803179
35.20000000000023 85.40994961896199
35.30000000000023 85.4099496198922
35.40000000000023 85.40994962082242
35.50000000000023 85.40994962175262
35.60000000000024 85.40994962268283
35.70000000000024 85.40994962361304
35.80000000000024 85.40994962454324
35.90000000000024 85.40994962547346
36.00000000000024 85.40994962640366
36.10000000000024 85.40994962733387
36.20000000000024 85.40994962826409
36.30000000000025 85.40994962919429
36.40000000000025 85.4099496301245
36.50000000000025 85.40994963105472
36.60000000000025 85.40994963198492
36.70000000000025 85.40994963291513
36.80000000000025 85.40994963384533
36.90000000000025 85.40994963477554
37.00000000000026 85.40994963570576
37.10000000000026 85.40994963663596
37.20000000000026 85.40994963756617
37.30000000000026 85.40994963849639
37.40000000000026 85.40994963942659
37.50000000000026 85.4099496403568
37.60000000000026 85.409949641287
37.70000000000027 85.40994964221721
37.80000000000027 85.40994964314743
37.90000000000027 85.40994964407763
38.00000000000027 85.40994964500784
38.10000000000027 85.40994964593804
38.20000000000027 85.40994964686826
38.30000000000027 85.40994964779847
38.40000000000028 85.40994964872867
38.50000000000028 85.40994964965888
38.60000000000028 85.4099496505891
38.70000000000028 85.4099496515193
38.80000000000028 85.40994965244951
38.90000000000028 85.40994965337971
39.00000000000028 85.40994965430993
39.10000000000029 85.40994965524014
39.20000000000029 85.40994965617034
39.30000000000029 85.40994965710055
39.40000000000029 85.40994965803077
39.50000000000029 85.40994965896097
39.60000000000029 85.40994965989118
39.70000000000029 85.40994966082138
39.8000000000003 85.4099496617516
39.9000000000003 85.40994966268181
40.0000000000003 85.40994966361201
40.1000000000003 85.40994966454222
40.2000000000003 85.40994966547244
40.3000000000003 85.40994966640264
40.4000000000003 85.40994966733285
40.50000000000031 85.40994966826305
40.60000000000031 85.40994966919327
40.70000000000031 85.40994967012348
40.80000000000031 85.40994967105368
40.90000000000031 85.4099496719839
41.00000000000031 85.40994967291411
41.10000000000031 85.40994967384431
41.20000000000032 85.40994967477452
41.30000000000032 85.40994967570472
41.40000000000032 85.40994967663494
41.50000000000032 85.40994967756515
41.60000000000032 85.40994967849535
41.70000000000032 85.40994967942557
41.80000000000032 85.40994968035578
41.90000000000033 85.40994968128598
42.00000000000033 85.40994968221619
42.10000000000033 85.40994968314639
42.20000000000033 85.40994968407661
42.30000000000033 85.40994968500682
42.40000000000033 85.40994968593702
42.50000000000033 85.40994968686724
42.60000000000034 85.40994968779744
42.70000000000034 85.40994968872765
42.80000000000034 85.40994968965786
42.90000000000034 85.40994969058806
43.00000000000034 85.40994969151828
43.10000000000034 85.40994969244849
43.20000000000034 85.40994969337869
43.30000000000035 85.40994969430891
43.40000000000035 85.40994969523911
43.50000000000035 85.40994969616932
43.60000000000035 85.40994969709953
43.70000000000035 85.40994969802973
43.80000000000035 85.40994969895995
43.90000000000035 85.40994969989016
44.00000000000036 85.40994970082036
44.10000000000036 85.40994970175058
44.20000000000036 85.40994970268078
44.30000000000036 85.40994970361099
44.40000000000036 85.40994970454121
44.50000000000036 85.4099497054714
44.60000000000036 85.40994970640162
44.70000000000037 85.40994970733183
44.80000000000037 85.40994970826203
44.90000000000037 85.40994970919225
45.00000000000037 85.40994971012245
45.10000000000037 85.40994971105266
45.20000000000037 85.40994971198288
45.30000000000037 85.40994971291308
45.40000000000038 85.40994971384329
45.50000000000038 85.4099497147735
45.60000000000038 85.4099497157037
45.70000000000038 85.40994971663392
45.80000000000038 85.40994971756412
45.90000000000038 85.40994971849433
46.00000000000038 85.40994971942455
46.10000000000039 85.40994972035475
46.20000000000039 85.40994972128496
46.30000000000039 85.40994972221517
46.40000000000039 85.40994972314537
46.50000000000039 85.40994972407559
46.60000000000039 85.40994972500579
46.70000000000039 85.409949725936
46.8000000000004 85.40994972686622
46.9000000000004 85.40994972779642
47.0000000000004 85.40994972872663
47.1000000000004 85.40994972965683
47.2000000000004 85.40994973058704
47.3000000000004 85.40994973151726
47.4000000000004 85.40994973244746
47.50000000000041 85.40994973337767
47.60000000000041 85.40994973430789
47.70000000000041 85.40994973523809
47.80000000000041 85.4099497361683
47.90000000000041 85.4099497370985
48.00000000000041 85.40994973802871
48.10000000000041 85.40994973895893
48.20000000000041 85.40994973988913
48.30000000000042 85.40994974081934
48.40000000000042 85.40994974174956
48.50000000000042 85.40994974267976
48.60000000000042 85.40994974360997
48.70000000000042 85.40994974454017
48.80000000000042 85.40994974547039
48.90000000000042 85.4099497464006
49.00000000000043 85.4099497473308
49.10000000000043 85.40994974826101
49.20000000000043 85.40994974919123
49.30000000000043 85.40994975012143
49.40000000000043 85.40994975105164
49.50000000000043 85.40994975198184
49.60000000000043 85.40994975291206
49.70000000000044 85.40994975384227
49.80000000000044 85.40994975477247
49.90000000000044 85.40994975570268