Time X1
0 250
0.1 250.2178854353862
0.2 250.455658235128
0.3 250.7153568981619
0.4 250.9986281469631
0.5 251.3080659074256
0.6 251.6460840754768
0.7 252.0152968978206
0.7999999999999999 252.418767945894
0.8999999999999999 252.8594947719911
0.9999999999999999 253.3412442181605
1.1 253.8678472462542
1.2 254.4436674846463
1.3 255.0734907901069
1.4 255.762579813281
1.5 256.5167558334591
1.6 257.3424410487792
1.7 258.2466677042095
1.8 259.2373726384151
1.900000000000001 260.3231633889242
2 261.5138251896812
2.100000000000001 262.8199544745887
2.200000000000001 264.2534993400941
2.300000000000001 265.8277302139784
2.400000000000001 267.557363978904
2.500000000000001 269.4588789614536
2.600000000000001 271.5506388366633
2.700000000000001 273.853113882403
2.800000000000001 276.3890800205018
2.900000000000001 279.1839427372844
3.000000000000001 282.2660919684325
3.100000000000001 285.6670049502996
3.200000000000002 289.4217036953893
3.300000000000002 293.5689417528991
3.400000000000002 298.1512840376668
3.500000000000002 303.2152609896949
3.600000000000002 308.8115496711674
3.700000000000002 314.9937043093113
3.800000000000002 321.8180243229143
3.900000000000002 329.3413474175346
4.000000000000002 337.6198598975427
4.100000000000001 346.7034452403276
4.200000000000001 356.6318940969543
4.300000000000001 367.4281793098922
4.4 379.0894704907395
4.5 391.5774979260614
4.6 404.80905208716
4.699999999999999 418.6473100955382
4.799999999999999 432.8979859371281
4.899999999999999 447.3130274788455
4.999999999999998 461.6041273991142
5.099999999999998 475.464039272119
5.199999999999998 488.5968599549814
5.299999999999997 500.7481355557094
5.399999999999997 511.7295717477217
5.499999999999996 521.4324384852152
5.599999999999996 529.827848039229
5.699999999999996 536.9558761692949
5.799999999999995 542.9079621886817
5.899999999999995 547.8074642541961
5.999999999999995 551.7921352603206
6.099999999999994 555.0006113418845
6.199999999999994 557.5629147874732
6.299999999999994 559.5957007683033
6.399999999999993 561.1999218910518
6.499999999999993 562.4606171674989
6.599999999999993 563.4480238496947
6.699999999999992 564.21938433733
6.799999999999992 564.8207420045001
6.899999999999991 565.2888041989611
6.999999999999991 565.652644312134
7.099999999999991 565.9352255000675
7.19999999999999 566.1545217235397
7.29999999999999 566.3245956296813
7.39999999999999 566.4564395492818
7.499999999999989 566.5586160968751
7.599999999999989 566.6377689161478
7.699999999999989 566.699071260991
7.799999999999988 566.7465740994897
7.899999999999988 566.7833723987522
7.999999999999988 566.8118348092621
8.099999999999987 566.8338440276032
8.199999999999987 566.8508844863964
8.299999999999986 566.8640820304971
8.399999999999986 566.874296775698
8.499999999999986 566.8821830803399
8.599999999999985 566.8882878058719
8.699999999999985 566.8930019605027
8.799999999999985 566.8966942707339
8.899999999999984 566.8995618873719
8.999999999999984 566.9018773971347
9.099999999999984 566.9035135061714
9.199999999999983 566.9048417222322
9.299999999999983 566.9058930374849
9.399999999999983 566.9066763457195
9.499999999999982 566.9072740028791
9.599999999999982 566.9077245252897
9.699999999999982 566.9080639857673
9.799999999999981 566.9083335580718
9.899999999999981 566.9085414052093
9.99999999999998 566.9087093761273
10.09999999999998 566.9088403422049
10.19999999999998 566.9089452506864
10.29999999999998 566.9090263597302
10.39999999999998 566.9090902500861
10.49999999999998 566.9091397738019
10.59999999999998 566.9091780006729
10.69999999999998 566.9092081419278
10.79999999999998 566.9092311811452
10.89999999999998 566.9092495684829
10.99999999999998 566.9092636606733
11.09999999999998 566.9092749020951
11.19999999999998 566.9092835692561
11.29999999999998 566.9092904175307
11.39999999999998 566.9092957926437
11.49999999999998 566.9093036713745
11.59999999999997 566.9093106287343
11.69999999999997 566.9093166647231
11.79999999999997 566.9093217793408
11.89999999999997 566.9093259725873
11.99999999999997 566.9093292444629
12.09999999999997 566.9093315949674
12.19999999999997 566.9093330241009
12.29999999999997 566.9093335318632
12.39999999999997 566.9093331182546
12.49999999999997 566.909331783275
12.59999999999997 566.9093295269241
12.69999999999997 566.9093279860728
12.79999999999997 566.9093288307912
12.89999999999997 566.9093294418694
12.99999999999997 566.9093298193073
13.09999999999997 566.9093299631051
13.19999999999997 566.9093298732624
13.29999999999997 566.9093295497796
13.39999999999997 566.9093289926566
13.49999999999997 566.9093282018931
13.59999999999997 566.9093271774896
13.69999999999997 566.9093259194456
13.79999999999997 566.9093244277615
13.89999999999997 566.909322702437
13.99999999999997 566.9093219605156
14.09999999999997 566.9093215038938
14.19999999999997 566.909321047272
14.29999999999997 566.9093205906503
14.39999999999996 566.9093201340285
14.49999999999996 566.9093196774066
14.59999999999996 566.9093192207849
14.69999999999996 566.9093187641631
14.79999999999996 566.9093183075414
14.89999999999996 566.9093178509196
14.99999999999996 566.9093173942978
15.09999999999996 566.9093169376761
15.19999999999996 566.909316514238
15.29999999999996 566.9093165005656
15.39999999999996 566.9093164868934
15.49999999999996 566.9093164732211
15.59999999999996 566.9093164595489
15.69999999999996 566.9093164458767
15.79999999999996 566.9093164322044
15.89999999999996 566.9093164185322
15.99999999999996 566.9093164048599
16.09999999999996 566.9093163911876
16.19999999999996 566.9093163775153
16.29999999999996 566.9093163638431
16.39999999999996 566.9093163501708
16.49999999999996 566.9093163364986
16.59999999999997 566.9093163228264
16.69999999999997 566.9093163091541
16.79999999999997 566.9093162954819
16.89999999999997 566.9093162818095
16.99999999999997 566.9093162681373
17.09999999999997 566.909316254465
17.19999999999997 566.9093162407928
17.29999999999998 566.9093162271205
17.39999999999998 566.9093162134483
17.49999999999998 566.9093161997761
17.59999999999998 566.9093161861038
17.69999999999998 566.9093161724315
17.79999999999998 566.9093161587592
17.89999999999998 566.909316145087
17.99999999999999 566.9093161314147
18.09999999999999 566.9093161177425
18.19999999999999 566.9093161040702
18.29999999999999 566.909316090398
18.39999999999999 566.9093160767256
18.49999999999999 566.9093160630534
18.59999999999999 566.9093160493812
18.7 566.9093160357089
18.8 566.9093160220367
18.9 566.9093160083644
19 566.9093159946922
19.1 566.9093159810199
19.2 566.9093159673477
19.3 566.9093159536753
19.40000000000001 566.9093159400031
19.50000000000001 566.9093159263309
19.60000000000001 566.9093159126586
19.70000000000001 566.9093158989864
19.80000000000001 566.9093158853141
19.90000000000001 566.9093158716419
20.00000000000001 566.9093158579695
20.10000000000002 566.9093158442973
20.20000000000002 566.909315830625
20.30000000000002 566.9093158169528
20.40000000000002 566.9093158032806
20.50000000000002 566.9093157896083
20.60000000000002 566.9093157759361
20.70000000000002 566.9093157622638
20.80000000000003 566.9093157485916
20.90000000000003 566.9093157349192
21.00000000000003 566.909315721247
21.10000000000003 566.9093157075747
21.20000000000003 566.9093156939025
21.30000000000003 566.9093156802303
21.40000000000003 566.909315666558
21.50000000000004 566.9093156528858
21.60000000000004 566.9093156392134
21.70000000000004 566.9093156255412
21.80000000000004 566.9093156118689
21.90000000000004 566.9093155981967
22.00000000000004 566.9093155845244
22.10000000000004 566.9093155708522
22.20000000000005 566.9093155571799
22.30000000000005 566.9093155435077
22.40000000000005 566.9093155298355
22.50000000000005 566.9093155161631
22.60000000000005 566.9093155024909
22.70000000000005 566.9093154888186
22.80000000000005 566.9093154751464
22.90000000000006 566.9093154614741
23.00000000000006 566.9093154478019
23.10000000000006 566.9093154341296
23.20000000000006 566.9093154204573
23.30000000000006 566.9093154067851
23.40000000000006 566.9093153931128
23.50000000000006 566.9093153794406
23.60000000000007 566.9093153657683
23.70000000000007 566.9093153520961
23.80000000000007 566.9093153384238
23.90000000000007 566.9093153247516
24.00000000000007 566.9093153110792
24.10000000000007 566.909315297407
24.20000000000007 566.9093152837348
24.30000000000008 566.9093152700625
24.40000000000008 566.9093152563903
24.50000000000008 566.909315242718
24.60000000000008 566.9093152290458
24.70000000000008 566.9093152153735
24.80000000000008 566.9093152017012
24.90000000000008 566.9093151880289
25.00000000000009 566.9093151743567
25.10000000000009 566.9093151606845
25.20000000000009 566.9093151470122
25.30000000000009 566.90931513334
25.40000000000009 566.9093151196677
25.50000000000009 566.9093151059955
25.60000000000009 566.9093150923231
25.7000000000001 566.9093150786509
25.8000000000001 566.9093150649786
25.9000000000001 566.9093150513064
26.0000000000001 566.9093150376341
26.1000000000001 566.9093150239619
26.2000000000001 566.9093150102897
26.3000000000001 566.9093149966174
26.40000000000011 566.9093149829451
26.50000000000011 566.9093149692728
26.60000000000011 566.9093149556006
26.70000000000011 566.9093149419283
26.80000000000011 566.9093149282561
26.90000000000011 566.9093149145838
27.00000000000011 566.9093149009116
27.10000000000012 566.9093148872394
27.20000000000012 566.909314873567
27.30000000000012 566.9093148598948
27.40000000000012 566.9093148462225
27.50000000000012 566.9093148325503
27.60000000000012 566.909314818878
27.70000000000012 566.9093148052058
27.80000000000013 566.9093147915335
27.90000000000013 566.9093147860873
28.00000000000013 566.9093147856778
28.10000000000013 566.9093147852684
28.20000000000013 566.9093147848589
28.30000000000013 566.9093147844494
28.40000000000013 566.9093147840399
28.50000000000014 566.9093147836305
28.60000000000014 566.909314783221
28.70000000000014 566.9093147828115
28.80000000000014 566.909314782402
28.90000000000014 566.9093147819926
29.00000000000014 566.9093147815831
29.10000000000014 566.9093147811736
29.20000000000014 566.9093147807641
29.30000000000015 566.9093147803546
29.40000000000015 566.9093147799452
29.50000000000015 566.9093147795357
29.60000000000015 566.9093147791262
29.70000000000015 566.9093147787167
29.80000000000015 566.9093147783074
29.90000000000015 566.9093147778979
30.00000000000016 566.9093147774884
30.10000000000016 566.9093147770789
30.20000000000016 566.9093147766695
30.30000000000016 566.90931477626
30.40000000000016 566.9093147758505
30.50000000000016 566.909314775441
30.60000000000016 566.9093147750316
30.70000000000017 566.9093147746221
30.80000000000017 566.9093147742126
30.90000000000017 566.9093147738031
31.00000000000017 566.9093147733937
31.10000000000017 566.9093147729842
31.20000000000017 566.9093147725747
31.30000000000017 566.9093147721652
31.40000000000018 566.9093147717558
31.50000000000018 566.9093147713463
31.60000000000018 566.9093147709368
31.70000000000018 566.9093147705273
31.80000000000018 566.9093147701179
31.90000000000018 566.9093147697084
32.00000000000018 566.9093147692989
32.10000000000019 566.9093147688894
32.20000000000019 566.90931476848
32.30000000000019 566.9093147680705
32.40000000000019 566.909314767661
32.50000000000019 566.9093147672515
32.60000000000019 566.9093147668422
32.70000000000019 566.9093147664327
32.8000000000002 566.9093147660232
32.9000000000002 566.9093147656137
33.0000000000002 566.9093147652042
33.1000000000002 566.9093147647948
33.2000000000002 566.9093147643853
33.3000000000002 566.9093147639758
33.4000000000002 566.9093147635663
33.50000000000021 566.9093147631569
33.60000000000021 566.9093147627474
33.70000000000021 566.9093147623379
33.80000000000021 566.9093147619284
33.90000000000021 566.909314761519
34.00000000000021 566.9093147611095
34.10000000000021 566.9093147607
34.20000000000022 566.9093147602905
34.30000000000022 566.9093147598811
34.40000000000022 566.9093147594716
34.50000000000022 566.9093147590621
34.60000000000022 566.9093147586526
34.70000000000022 566.9093147582432
34.80000000000022 566.9093147578337
34.90000000000023 566.9093147574242
35.00000000000023 566.9093147570147
35.10000000000023 566.9093147566053
35.20000000000023 566.9093147561958
35.30000000000023 566.9093147557863
35.40000000000023 566.9093147553768
35.50000000000023 566.9093147549675
35.60000000000024 566.909314754558
35.70000000000024 566.9093147541485
35.80000000000024 566.909314753739
35.90000000000024 566.9093147533296
36.00000000000024 566.9093147529201
36.10000000000024 566.9093147525106
36.20000000000024 566.9093147521011
36.30000000000025 566.9093147516917
36.40000000000025 566.9093147512822
36.50000000000025 566.9093147508727
36.60000000000025 566.9093147504632
36.70000000000025 566.9093147500537
36.80000000000025 566.9093147496443
36.90000000000025 566.9093147492348
37.00000000000026 566.9093147488253
37.10000000000026 566.9093147484158
37.20000000000026 566.9093147480064
37.30000000000026 566.9093147475969
37.40000000000026 566.9093147471874
37.50000000000026 566.9093147467779
37.60000000000026 566.9093147463685
37.70000000000027 566.909314745959
37.80000000000027 566.9093147455495
37.90000000000027 566.90931474514
38.00000000000027 566.9093147447306
38.10000000000027 566.9093147443211
38.20000000000027 566.9093147439116
38.30000000000027 566.9093147435021
38.40000000000028 566.9093147430928
38.50000000000028 566.9093147426833
38.60000000000028 566.9093147422738
38.70000000000028 566.9093147418643
38.80000000000028 566.9093147414549
38.90000000000028 566.9093147410454
39.00000000000028 566.9093147406359
39.10000000000029 566.9093147402264
39.20000000000029 566.909314739817
39.30000000000029 566.9093147394075
39.40000000000029 566.909314738998
39.50000000000029 566.9093147385885
39.60000000000029 566.9093147381791
39.70000000000029 566.9093147377696
39.8000000000003 566.9093147373601
39.9000000000003 566.9093147369506
40.0000000000003 566.9093147365411
40.1000000000003 566.9093147361317
40.2000000000003 566.9093147357222
40.3000000000003 566.9093147353127
40.4000000000003 566.9093147349032
40.50000000000031 566.9093147345613
40.60000000000031 566.9093147345601
40.70000000000031 566.9093147345588
40.80000000000031 566.9093147345576
40.90000000000031 566.9093147345563
41.00000000000031 566.9093147345551
41.10000000000031 566.9093147345538
41.20000000000032 566.9093147345526
41.30000000000032 566.9093147345512
41.40000000000032 566.90931473455
41.50000000000032 566.9093147345487
41.60000000000032 566.9093147345475
41.70000000000032 566.9093147345462
41.80000000000032 566.909314734545
41.90000000000033 566.9093147345437
42.00000000000033 566.9093147345425
42.10000000000033 566.9093147345412
42.20000000000033 566.90931473454
42.30000000000033 566.9093147345387
42.40000000000033 566.9093147345374
42.50000000000033 566.9093147345361
42.60000000000034 566.9093147345349
42.70000000000034 566.9093147345336
42.80000000000034 566.9093147345324
42.90000000000034 566.9093147345311
43.00000000000034 566.9093147345299
43.10000000000034 566.9093147345286
43.20000000000034 566.9093147345274
43.30000000000035 566.9093147345261
43.40000000000035 566.9093147345249
43.50000000000035 566.9093147345235
43.60000000000035 566.9093147345222
43.70000000000035 566.909314734521
43.80000000000035 566.9093147345197
43.90000000000035 566.9093147345185
44.00000000000036 566.9093147345172
44.10000000000036 566.909314734516
44.20000000000036 566.9093147345147
44.30000000000036 566.9093147345135
44.40000000000036 566.9093147345122
44.50000000000036 566.909314734511
44.60000000000036 566.9093147345097
44.70000000000037 566.9093147345084
44.80000000000037 566.9093147345071
44.90000000000037 566.9093147345059
45.00000000000037 566.9093147345046
45.10000000000037 566.9093147345034
45.20000000000037 566.9093147345021
45.30000000000037 566.9093147345009
45.40000000000038 566.9093147344996
45.50000000000038 566.9093147344984
45.60000000000038 566.9093147344971
45.70000000000038 566.9093147344959
45.80000000000038 566.9093147344945
45.90000000000038 566.9093147344933
46.00000000000038 566.909314734492
46.10000000000039 566.9093147344907
46.20000000000039 566.9093147344895
46.30000000000039 566.9093147344882
46.40000000000039 566.909314734487
46.50000000000039 566.9093147344857
46.60000000000039 566.9093147344845
46.70000000000039 566.9093147344832
46.8000000000004 566.909314734482
46.9000000000004 566.9093147344806
47.0000000000004 566.9093147344794
47.1000000000004 566.9093147344781
47.2000000000004 566.9093147344769
47.3000000000004 566.9093147344756
47.4000000000004 566.9093147344744
47.50000000000041 566.9093147344731
47.60000000000041 566.9093147344719
47.70000000000041 566.9093147344706
47.80000000000041 566.9093147344694
47.90000000000041 566.9093147344681
48.00000000000041 566.9093147344668
48.10000000000041 566.9093147344655
48.20000000000041 566.9093147344643
48.30000000000042 566.909314734463
48.40000000000042 566.9093147344618
48.50000000000042 566.9093147344605
48.60000000000042 566.9093147344593
48.70000000000042 566.909314734458
48.80000000000042 566.9093147344568
48.90000000000042 566.9093147344555
49.00000000000043 566.9093147344543
49.10000000000043 566.9093147344529
49.20000000000043 566.9093147344516
49.30000000000043 566.9093147344504
49.40000000000043 566.9093147344491
49.50000000000043 566.9093147344479
49.60000000000043 566.9093147344466
49.70000000000044 566.9093147344454
49.80000000000044 566.9093147344441
49.90000000000044 566.9093147344429