Time X1
0 250
0.1 250.2178287193861
0.2 250.4555394027307
0.3 250.7151703413863
0.4 250.998367354398
0.5 251.3077238035887
0.6 251.6456530074314
0.7 252.0147683464473
0.7999999999999999 252.4181328068798
0.8999999999999999 252.8587424340446
0.9999999999999999 253.3403636495339
1.1 253.8668259638347
1.2 254.442491759447
1.3 255.0721454893307
1.4 255.7610482304927
1.5 256.5150194409742
1.6 257.3404794787754
1.7 258.2444582742148
1.8 259.2348902505404
1.900000000000001 260.3203801779003
2 261.510710190764
2.100000000000001 262.8164734146822
2.200000000000001 264.2496137424985
2.300000000000001 265.8233974667932
2.400000000000001 267.5525364516928
2.500000000000001 269.4535034582484
2.600000000000001 271.5446559422447
2.700000000000001 273.8464572719981
2.800000000000001 276.3816757322916
2.900000000000001 279.1757078920054
3.000000000000001 282.256934282304
3.100000000000001 285.6568216193999
3.200000000000002 289.4103803838134
3.300000000000002 293.5563518681009
3.400000000000002 298.1372886839983
3.500000000000002 303.1997078460971
3.600000000000002 308.7942742042073
3.700000000000002 314.9745321269256
3.800000000000002 321.7967743091501
3.900000000000002 329.3178360487025
4.000000000000002 337.5939121354701
4.100000000000001 346.6749077421394
4.200000000000001 356.600650840315
4.300000000000001 367.3941784468626
4.4 379.0527490700538
4.5 391.5382159322696
4.6 404.7675221789347
4.699999999999999 418.6040170893151
4.799999999999999 432.8535981487084
4.899999999999999 447.2683627509693
4.999999999999998 461.5601109591694
5.099999999999998 475.4216175519035
5.199999999999998 488.5569069505523
5.299999999999997 500.711363308991
5.399999999999997 511.6964675110224
5.499999999999996 521.4032406484487
5.599999999999996 529.8025610478527
5.699999999999996 536.9343143890593
5.799999999999995 542.8898073109884
5.899999999999995 547.7923234187855
5.999999999999995 551.779590108316
6.099999999999994 554.9902528708677
6.199999999999994 557.5543681198955
6.299999999999994 559.5886334689848
6.399999999999993 561.1940491332678
6.499999999999993 562.4557007145577
6.599999999999993 563.4438675877113
6.699999999999992 564.2158293888949
6.799999999999992 564.8176606401214
6.899999999999991 565.2860945890147
6.999999999999991 565.6502257875192
7.099999999999991 565.9330344276644
7.19999999999999 566.1525080462242
7.29999999999999 566.3227202054146
7.39999999999999 566.4546718972703
7.499999999999989 566.5569322133653
7.599999999999989 566.6361501205004
7.699999999999989 566.6975031065425
7.799999999999988 566.7450451016991
7.899999999999988 566.7818741723213
7.999999999999988 566.8103602546909
8.099999999999987 566.8323879998803
8.199999999999987 566.8494427297916
8.299999999999986 566.8626513491619
8.399999999999986 566.8728747206981
8.499999999999986 566.8807677729195
8.599999999999985 566.8868776490956
8.699999999999985 566.89159581646
8.799999999999985 566.895291066772
8.899999999999984 566.898161153289
8.999999999999984 566.9004791179469
9.099999999999984 566.9021162494045
9.199999999999983 566.9034454406724
9.299999999999983 566.9044976679988
9.399999999999983 566.9052818127911
9.499999999999982 566.9058799662256
9.599999999999982 566.9063309947667
9.699999999999982 566.9066706987107
9.799999999999981 566.906940509238
9.899999999999981 566.9071485170141
9.99999999999998 566.907316619438
10.09999999999998 566.9074476940704
10.19999999999998 566.9075526847865
10.29999999999998 566.9076338694001
10.39999999999998 566.9076978090238
10.49999999999998 566.9077473829674
10.59999999999998 566.9077856378761
10.69999999999998 566.9078158074041
10.79999999999998 566.9078388655646
10.89999999999998 566.9078572687562
10.99999999999998 566.9078713735004
11.09999999999998 566.9078826240517
11.19999999999998 566.9078912994706
11.29999999999998 566.9078981530547
11.39999999999998 566.9079035193517
11.49999999999998 566.9079114011804
11.59999999999997 566.9079183617015
11.69999999999997 566.907924400915
11.79999999999997 566.9079295188209
11.89999999999997 566.9079337154192
11.99999999999997 566.9079369907099
12.09999999999997 566.907939344693
12.19999999999997 566.9079407773685
12.29999999999997 566.9079412887363
12.39999999999997 566.9079408787966
12.49999999999997 566.9079395475493
12.59999999999997 566.9079372949943
12.69999999999997 566.9079357391305
12.79999999999997 566.907936584746
12.89999999999997 566.9079371967405
12.99999999999997 566.9079375751135
13.09999999999997 566.9079377198652
13.19999999999997 566.9079376309957
13.29999999999997 566.9079373085049
13.39999999999997 566.9079367523927
13.49999999999997 566.9079359626593
13.59999999999997 566.9079349393045
13.69999999999997 566.9079336823285
13.79999999999997 566.9079321917311
13.89999999999997 566.9079304675125
13.99999999999997 566.9079297194489
14.09999999999997 566.9079292628603
14.19999999999997 566.9079288062718
14.29999999999997 566.9079283496832
14.39999999999996 566.9079278930947
14.49999999999996 566.907927436506
14.59999999999996 566.9079269799175
14.69999999999996 566.9079265233289
14.79999999999996 566.9079260667404
14.89999999999996 566.9079256101518
14.99999999999996 566.9079251535633
15.09999999999996 566.9079246969746
15.19999999999996 566.9079242714819
15.29999999999996 566.9079242578108
15.39999999999996 566.9079242441397
15.49999999999996 566.9079242304687
15.59999999999996 566.9079242167976
15.69999999999996 566.9079242031266
15.79999999999996 566.9079241894556
15.89999999999996 566.9079241757845
15.99999999999996 566.9079241621134
16.09999999999996 566.9079241484424
16.19999999999996 566.9079241347713
16.29999999999996 566.9079241211002
16.39999999999996 566.9079241074293
16.49999999999996 566.9079240937582
16.59999999999997 566.9079240800871
16.69999999999997 566.9079240664161
16.79999999999997 566.907924052745
16.89999999999997 566.9079240390739
16.99999999999997 566.9079240254028
17.09999999999997 566.9079240117319
17.19999999999997 566.9079239980608
17.29999999999998 566.9079239843898
17.39999999999998 566.9079239707187
17.49999999999998 566.9079239570476
17.59999999999998 566.9079239433765
17.69999999999998 566.9079239297055
17.79999999999998 566.9079239160345
17.89999999999998 566.9079239023634
17.99999999999999 566.9079238886924
18.09999999999999 566.9079238750213
18.19999999999999 566.9079238613502
18.29999999999999 566.9079238476792
18.39999999999999 566.9079238340081
18.49999999999999 566.9079238203371
18.59999999999999 566.9079238066661
18.7 566.907923792995
18.8 566.9079237793239
18.9 566.9079237656529
19 566.9079237519818
19.1 566.9079237383107
19.2 566.9079237246398
19.3 566.9079237109687
19.40000000000001 566.9079236972976
19.50000000000001 566.9079236836266
19.60000000000001 566.9079236699555
19.70000000000001 566.9079236562844
19.80000000000001 566.9079236426134
19.90000000000001 566.9079236289424
20.00000000000001 566.9079236152713
20.10000000000002 566.9079236016003
20.20000000000002 566.9079235879292
20.30000000000002 566.9079235742581
20.40000000000002 566.9079235605871
20.50000000000002 566.907923546916
20.60000000000002 566.907923533245
20.70000000000002 566.907923519574
20.80000000000003 566.9079235059029
20.90000000000003 566.9079234922318
21.00000000000003 566.9079234785607
21.10000000000003 566.9079234648897
21.20000000000003 566.9079234512186
21.30000000000003 566.9079234375477
21.40000000000003 566.9079234238766
21.50000000000004 566.9079234102055
21.60000000000004 566.9079233965344
21.70000000000004 566.9079233828634
21.80000000000004 566.9079233691923
21.90000000000004 566.9079233555212
22.00000000000004 566.9079233418503
22.10000000000004 566.9079233281792
22.20000000000005 566.9079233145081
22.30000000000005 566.9079233008371
22.40000000000005 566.907923287166
22.50000000000005 566.9079232734949
22.60000000000005 566.9079232598239
22.70000000000005 566.9079232461529
22.80000000000005 566.9079232324818
22.90000000000006 566.9079232188108
23.00000000000006 566.9079232051397
23.10000000000006 566.9079231914686
23.20000000000006 566.9079231777976
23.30000000000006 566.9079231641265
23.40000000000006 566.9079231504555
23.50000000000006 566.9079231367845
23.60000000000007 566.9079231231134
23.70000000000007 566.9079231094423
23.80000000000007 566.9079230957713
23.90000000000007 566.9079230821002
24.00000000000007 566.9079230684291
24.10000000000007 566.9079230547582
24.20000000000007 566.9079230410871
24.30000000000008 566.907923027416
24.40000000000008 566.9079230137449
24.50000000000008 566.9079230000739
24.60000000000008 566.9079229864028
24.70000000000008 566.9079229727317
24.80000000000008 566.9079229590608
24.90000000000008 566.9079229453897
25.00000000000009 566.9079229317186
25.10000000000009 566.9079229180476
25.20000000000009 566.9079229043765
25.30000000000009 566.9079228907054
25.40000000000009 566.9079228770344
25.50000000000009 566.9079228633634
25.60000000000009 566.9079228496923
25.7000000000001 566.9079228360213
25.8000000000001 566.9079228223502
25.9000000000001 566.9079228086791
26.0000000000001 566.9079227950081
26.1000000000001 566.907922781337
26.2000000000001 566.907922767666
26.3000000000001 566.907922753995
26.40000000000011 566.9079227403239
26.50000000000011 566.9079227266528
26.60000000000011 566.9079227129818
26.70000000000011 566.9079226993107
26.80000000000011 566.9079226856397
26.90000000000011 566.9079226719687
27.00000000000011 566.9079226582976
27.10000000000012 566.9079226446265
27.20000000000012 566.9079226309555
27.30000000000012 566.9079226172844
27.40000000000012 566.9079226036133
27.50000000000012 566.9079225899424
27.60000000000012 566.9079225762713
27.70000000000012 566.9079225626002
27.80000000000013 566.9079225489292
27.90000000000013 566.90792254338
28.00000000000013 566.9079225429705
28.10000000000013 566.9079225425611
28.20000000000013 566.9079225421516
28.30000000000013 566.9079225417422
28.40000000000013 566.9079225413327
28.50000000000014 566.9079225409233
28.60000000000014 566.9079225405138
28.70000000000014 566.9079225401044
28.80000000000014 566.9079225396949
28.90000000000014 566.9079225392856
29.00000000000014 566.9079225388761
29.10000000000014 566.9079225384667
29.20000000000014 566.9079225380572
29.30000000000015 566.9079225376478
29.40000000000015 566.9079225372383
29.50000000000015 566.9079225368289
29.60000000000015 566.9079225364194
29.70000000000015 566.9079225360099
29.80000000000015 566.9079225356005
29.90000000000015 566.907922535191
30.00000000000016 566.9079225347816
30.10000000000016 566.9079225343721
30.20000000000016 566.9079225339627
30.30000000000016 566.9079225335532
30.40000000000016 566.9079225331438
30.50000000000016 566.9079225327343
30.60000000000016 566.907922532325
30.70000000000017 566.9079225319155
30.80000000000017 566.9079225315061
30.90000000000017 566.9079225310966
31.00000000000017 566.9079225306872
31.10000000000017 566.9079225302777
31.20000000000017 566.9079225298683
31.30000000000017 566.9079225294588
31.40000000000018 566.9079225290494
31.50000000000018 566.9079225286399
31.60000000000018 566.9079225282305
31.70000000000018 566.907922527821
31.80000000000018 566.9079225274116
31.90000000000018 566.9079225270021
32.00000000000018 566.9079225265926
32.10000000000019 566.9079225261833
32.20000000000019 566.9079225257738
32.30000000000019 566.9079225253644
32.40000000000019 566.9079225249549
32.50000000000019 566.9079225245455
32.60000000000019 566.907922524136
32.70000000000019 566.9079225237266
32.8000000000002 566.9079225233171
32.9000000000002 566.9079225229077
33.0000000000002 566.9079225224982
33.1000000000002 566.9079225220888
33.2000000000002 566.9079225216793
33.3000000000002 566.9079225212699
33.4000000000002 566.9079225208604
33.50000000000021 566.9079225204511
33.60000000000021 566.9079225200416
33.70000000000021 566.9079225196322
33.80000000000021 566.9079225192227
33.90000000000021 566.9079225188133
34.00000000000021 566.9079225184038
34.10000000000021 566.9079225179943
34.20000000000022 566.9079225175849
34.30000000000022 566.9079225171754
34.40000000000022 566.907922516766
34.50000000000022 566.9079225163565
34.60000000000022 566.9079225159471
34.70000000000022 566.9079225155376
34.80000000000022 566.9079225151282
34.90000000000023 566.9079225147187
35.00000000000023 566.9079225143093
35.10000000000023 566.9079225138998
35.20000000000023 566.9079225134905
35.30000000000023 566.907922513081
35.40000000000023 566.9079225126716
35.50000000000023 566.9079225122621
35.60000000000024 566.9079225118527
35.70000000000024 566.9079225114432
35.80000000000024 566.9079225110338
35.90000000000024 566.9079225106243
36.00000000000024 566.9079225102149
36.10000000000024 566.9079225098054
36.20000000000024 566.9079225093959
36.30000000000025 566.9079225089865
36.40000000000025 566.907922508577
36.50000000000025 566.9079225081676
36.60000000000025 566.9079225077581
36.70000000000025 566.9079225073488
36.80000000000025 566.9079225069393
36.90000000000025 566.9079225065299
37.00000000000026 566.9079225061204
37.10000000000026 566.907922505711
37.20000000000026 566.9079225053015
37.30000000000026 566.9079225048921
37.40000000000026 566.9079225044826
37.50000000000026 566.9079225040732
37.60000000000026 566.9079225036637
37.70000000000027 566.9079225032543
37.80000000000027 566.9079225028448
37.90000000000027 566.9079225024354
38.00000000000027 566.9079225020259
38.10000000000027 566.9079225016166
38.20000000000027 566.9079225012071
38.30000000000027 566.9079225007977
38.40000000000028 566.9079225003882
38.50000000000028 566.9079224999787
38.60000000000028 566.9079224995693
38.70000000000028 566.9079224991598
38.80000000000028 566.9079224987504
38.90000000000028 566.9079224983409
39.00000000000028 566.9079224979315
39.10000000000029 566.907922497522
39.20000000000029 566.9079224971126
39.30000000000029 566.9079224967031
39.40000000000029 566.9079224962937
39.50000000000029 566.9079224958842
39.60000000000029 566.9079224954748
39.70000000000029 566.9079224950653
39.8000000000003 566.907922494656
39.9000000000003 566.9079224942465
40.0000000000003 566.9079224938371
40.1000000000003 566.9079224934276
40.2000000000003 566.9079224930182
40.3000000000003 566.9079224926087
40.4000000000003 566.9079224921993
40.50000000000031 566.9079224918529
40.60000000000031 566.9079224918517
40.70000000000031 566.9079224918504
40.80000000000031 566.9079224918491
40.90000000000031 566.9079224918479
41.00000000000031 566.9079224918466
41.10000000000031 566.9079224918454
41.20000000000032 566.9079224918441
41.30000000000032 566.9079224918428
41.40000000000032 566.9079224918415
41.50000000000032 566.9079224918403
41.60000000000032 566.907922491839
41.70000000000032 566.9079224918378
41.80000000000032 566.9079224918365
41.90000000000033 566.9079224918353
42.00000000000033 566.907922491834
42.10000000000033 566.9079224918328
42.20000000000033 566.9079224918315
42.30000000000033 566.9079224918303
42.40000000000033 566.9079224918289
42.50000000000033 566.9079224918277
42.60000000000034 566.9079224918264
42.70000000000034 566.9079224918252
42.80000000000034 566.9079224918239
42.90000000000034 566.9079224918227
43.00000000000034 566.9079224918214
43.10000000000034 566.9079224918202
43.20000000000034 566.9079224918189
43.30000000000035 566.9079224918177
43.40000000000035 566.9079224918164
43.50000000000035 566.907922491815
43.60000000000035 566.9079224918138
43.70000000000035 566.9079224918125
43.80000000000035 566.9079224918113
43.90000000000035 566.90792249181
44.00000000000036 566.9079224918088
44.10000000000036 566.9079224918075
44.20000000000036 566.9079224918063
44.30000000000036 566.907922491805
44.40000000000036 566.9079224918038
44.50000000000036 566.9079224918025
44.60000000000036 566.9079224918013
44.70000000000037 566.9079224917999
44.80000000000037 566.9079224917987
44.90000000000037 566.9079224917974
45.00000000000037 566.9079224917962
45.10000000000037 566.9079224917949
45.20000000000037 566.9079224917937
45.30000000000037 566.9079224917924
45.40000000000038 566.9079224917912
45.50000000000038 566.9079224917899
45.60000000000038 566.9079224917887
45.70000000000038 566.9079224917874
45.80000000000038 566.9079224917861
45.90000000000038 566.9079224917848
46.00000000000038 566.9079224917836
46.10000000000039 566.9079224917823
46.20000000000039 566.9079224917811
46.30000000000039 566.9079224917798
46.40000000000039 566.9079224917785
46.50000000000039 566.9079224917773
46.60000000000039 566.907922491776
46.70000000000039 566.9079224917748
46.8000000000004 566.9079224917735
46.9000000000004 566.9079224917722
47.0000000000004 566.9079224917709
47.1000000000004 566.9079224917697
47.2000000000004 566.9079224917684
47.3000000000004 566.9079224917672
47.4000000000004 566.9079224917659
47.50000000000041 566.9079224917647
47.60000000000041 566.9079224917634
47.70000000000041 566.9079224917622
47.80000000000041 566.9079224917609
47.90000000000041 566.9079224917597
48.00000000000041 566.9079224917584
48.10000000000041 566.9079224917571
48.20000000000041 566.9079224917558
48.30000000000042 566.9079224917546
48.40000000000042 566.9079224917533
48.50000000000042 566.9079224917521
48.60000000000042 566.9079224917508
48.70000000000042 566.9079224917496
48.80000000000042 566.9079224917483
48.90000000000042 566.9079224917471
49.00000000000043 566.9079224917458
49.10000000000043 566.9079224917446
49.20000000000043 566.9079224917432
49.30000000000043 566.9079224917419
49.40000000000043 566.9079224917407
49.50000000000043 566.9079224917394
49.60000000000043 566.9079224917382
49.70000000000044 566.9079224917369
49.80000000000044 566.9079224917357
49.90000000000044 566.9079224917344