Time X1
0 250
0.1 250.2466678226989
0.2 250.5159641234206
0.3 250.8100553977641
0.4 251.1310328433591
0.5 251.4817777072647
0.6 251.8650028595697
0.7 252.2837762298612
0.7999999999999999 252.7414807117468
0.8999999999999999 253.2418025071787
0.9999999999999999 253.7888204321674
1.1 254.3870738127686
1.2 255.0415720307406
1.3 255.7578254391571
1.4 256.5419125028113
1.5 257.4005858560703
1.6 258.3412176269791
1.7 259.3720834154071
1.8 260.5022628967083
1.900000000000001 261.741992602931
2 263.1024700036766
2.100000000000001 264.5961619750158
2.200000000000001 266.2370942944942
2.300000000000001 268.040745673173
2.400000000000001 270.0244577802537
2.500000000000001 272.2075920986533
2.600000000000001 274.6117423455182
2.700000000000001 277.2609570772709
2.800000000000001 280.1820285557207
2.900000000000001 283.404917083104
3.000000000000001 286.962855044017
3.100000000000001 290.8927378662606
3.200000000000002 295.2353794573034
3.300000000000002 300.0355422694146
3.400000000000002 305.3419141550009
3.500000000000002 311.2074063869801
3.600000000000002 317.6875046549316
3.700000000000002 324.8398791105899
3.800000000000002 332.722008726675
3.900000000000002 341.3891903891447
4.000000000000002 350.8884509670104
4.100000000000001 361.2539566138509
4.200000000000001 372.4990905390463
4.300000000000001 384.6070649259517
4.4 397.5205040838812
4.5 411.1321494402926
4.6 425.2779894453279
4.699999999999999 439.7350445526509
4.799999999999999 454.231464126356
4.899999999999999 468.4622732095576
4.999999999999998 482.1168944480878
5.099999999999998 494.9105599754411
5.199999999999998 506.6135233772432
5.299999999999997 517.0714802712281
5.399999999999997 526.2130064466442
5.499999999999996 534.0440241671309
5.599999999999996 540.6327592918556
5.699999999999996 546.0902301210836
5.799999999999995 550.5508953290615
5.899999999999995 554.1565243640056
5.999999999999995 557.0445585510128
6.099999999999994 559.3405473156096
6.199999999999994 561.155009174021
6.299999999999994 562.5821738893535
6.399999999999993 563.7004884485979
6.499999999999993 564.5741970155145
6.599999999999993 565.2552232539803
6.699999999999992 565.7850906602721
6.799999999999992 566.1967568445564
6.899999999999991 566.5162470296852
6.999999999999991 566.763987004932
7.099999999999991 566.9559695017416
7.19999999999999 567.104660857386
7.29999999999999 567.2197821038526
7.39999999999999 567.3088593545453
7.499999999999989 567.3777923406295
7.599999999999989 567.431125477269
7.699999999999989 567.4724212016353
7.799999999999988 567.5043235459065
7.899999999999988 567.5289821435101
7.999999999999988 567.548033966192
8.099999999999987 567.562784407874
8.199999999999987 567.5741760239673
8.299999999999986 567.5829752251091
8.399999999999986 567.5897681458571
8.499999999999986 567.5950167719438
8.599999999999985 567.5990954773059
8.699999999999985 567.6022800147651
8.799999999999985 567.6048923562049
8.899999999999984 567.6066667425829
8.999999999999984 567.6081196965192
9.099999999999984 567.6092786184903
9.199999999999983 567.6101582378934
9.299999999999983 567.6108142657737
9.399999999999983 567.6113181293271
9.499999999999982 567.6116896650889
9.599999999999982 567.6119854872143
9.699999999999982 567.6122126675378
9.799999999999981 567.6123953250668
9.899999999999981 567.6125384586454
9.99999999999998 567.6126522947807
10.09999999999998 567.612741292206
10.19999999999998 567.6128104215225
10.29999999999998 567.6128647202778
10.39999999999998 567.6129060710622
10.49999999999998 567.6129388910413
10.59999999999998 567.6129638735354
10.69999999999998 567.6129837639771
10.79999999999998 567.6129990567194
10.89999999999998 567.6130111578381
10.99999999999998 567.6130205663121
11.09999999999998 567.6130279091217
11.19999999999998 567.6130336871344
11.29999999999998 567.6130412630724
11.39999999999998 567.6130485522251
11.49999999999998 567.6130548893708
11.59999999999997 567.6130602745096
11.69999999999997 567.6130647076417
11.79999999999997 567.6130681887669
11.89999999999997 567.6130707178852
11.99999999999997 567.6130722949968
12.09999999999997 567.6130729201013
12.19999999999997 567.6130725931991
12.29999999999997 567.6130713142901
12.39999999999997 567.6130690833742
12.49999999999997 567.6130673791793
12.59999999999997 567.613068261583
12.69999999999997 567.6130689011942
12.79999999999997 567.6130692980131
12.89999999999997 567.6130694520397
12.99999999999997 567.6130693632738
13.09999999999997 567.6130690317157
13.19999999999997 567.613068457365
13.29999999999997 567.6130676402221
13.39999999999997 567.6130665802867
13.49999999999997 567.613065277559
13.59999999999997 567.613063732039
13.69999999999997 567.6130619437265
13.79999999999997 567.6130613768767
13.89999999999997 567.6130609042535
13.99999999999997 567.6130604316304
14.09999999999997 567.6130599590074
14.19999999999997 567.6130594863843
14.29999999999997 567.6130590137611
14.39999999999996 567.6130585411381
14.49999999999996 567.613058068515
14.59999999999996 567.6130575958919
14.69999999999996 567.6130571232687
14.79999999999996 567.6130566506457
14.89999999999996 567.6130561780226
14.99999999999996 567.6130558557109
15.09999999999996 567.6130558414586
15.19999999999996 567.6130558272065
15.29999999999996 567.6130558129543
15.39999999999996 567.613055798702
15.49999999999996 567.6130557844499
15.59999999999996 567.6130557701977
15.69999999999996 567.6130557559455
15.79999999999996 567.6130557416933
15.89999999999996 567.6130557274411
15.99999999999996 567.6130557131889
16.09999999999996 567.6130556989367
16.19999999999996 567.6130556846846
16.29999999999996 567.6130556704323
16.39999999999996 567.6130556561801
16.49999999999996 567.613055641928
16.59999999999997 567.6130556276757
16.69999999999997 567.6130556134235
16.79999999999997 567.6130555991714
16.89999999999997 567.6130555849192
16.99999999999997 567.613055570667
17.09999999999997 567.6130555564148
17.19999999999997 567.6130555421626
17.29999999999998 567.6130555279104
17.39999999999998 567.6130555136582
17.49999999999998 567.6130554994061
17.59999999999998 567.6130554851538
17.69999999999998 567.6130554709016
17.79999999999998 567.6130554566495
17.89999999999998 567.6130554423972
17.99999999999999 567.6130554281451
18.09999999999999 567.6130554138929
18.19999999999999 567.6130553996406
18.29999999999999 567.6130553853885
18.39999999999999 567.6130553711363
18.49999999999999 567.613055356884
18.59999999999999 567.6130553426319
18.7 567.6130553283797
18.8 567.6130553141276
18.9 567.6130552998753
19 567.6130552856231
19.1 567.613055271371
19.2 567.6130552571187
19.3 567.6130552428666
19.40000000000001 567.6130552286144
19.50000000000001 567.6130552143621
19.60000000000001 567.61305520011
19.70000000000001 567.6130551858578
19.80000000000001 567.6130551716057
19.90000000000001 567.6130551573534
20.00000000000001 567.6130551431012
20.10000000000002 567.6130551288491
20.20000000000002 567.6130551145968
20.30000000000002 567.6130551003446
20.40000000000002 567.6130550860925
20.50000000000002 567.6130550718402
20.60000000000002 567.6130550575881
20.70000000000002 567.6130550433359
20.80000000000003 567.6130550290836
20.90000000000003 567.6130550148315
21.00000000000003 567.6130550005793
21.10000000000003 567.6130549863271
21.20000000000003 567.6130549720749
21.30000000000003 567.6130549578227
21.40000000000003 567.6130549435705
21.50000000000004 567.6130549293183
21.60000000000004 567.6130549150662
21.70000000000004 567.6130549008139
21.80000000000004 567.6130548865617
21.90000000000004 567.6130548723096
22.00000000000004 567.6130548580574
22.10000000000004 567.6130548438051
22.20000000000005 567.613054829553
22.30000000000005 567.6130548153008
22.40000000000005 567.6130548010486
22.50000000000005 567.6130547867964
22.60000000000005 567.6130547725442
22.70000000000005 567.613054758292
22.80000000000005 567.6130547440398
22.90000000000006 567.6130547297877
23.00000000000006 567.6130547155354
23.10000000000006 567.6130547012832
23.20000000000006 567.6130546870311
23.30000000000006 567.6130546727788
23.40000000000006 567.6130546585267
23.50000000000006 567.6130546442745
23.60000000000007 567.6130546300222
23.70000000000007 567.6130546157701
23.80000000000007 567.6130546015179
23.90000000000007 567.6130545872657
24.00000000000007 567.6130545730135
24.10000000000007 567.6130545587613
24.20000000000007 567.6130545445092
24.30000000000008 567.6130545302569
24.40000000000008 567.6130545160047
24.50000000000008 567.6130545017526
24.60000000000008 567.6130544875003
24.70000000000008 567.6130544732482
24.80000000000008 567.613054458996
24.90000000000008 567.6130544447437
25.00000000000009 567.6130544304916
25.10000000000009 567.6130544162394
25.20000000000009 567.6130544019873
25.30000000000009 567.613054387735
25.40000000000009 567.6130543734828
25.50000000000009 567.6130543592307
25.60000000000009 567.6130543449784
25.7000000000001 567.6130543307262
25.8000000000001 567.6130543164741
25.9000000000001 567.6130543022218
26.0000000000001 567.6130542879697
26.1000000000001 567.6130542737175
26.2000000000001 567.6130542594652
26.3000000000001 567.6130542452131
26.40000000000011 567.6130542309609
26.50000000000011 567.6130542167087
26.60000000000011 567.6130542024565
26.70000000000011 567.6130541882043
26.80000000000011 567.6130541739522
26.90000000000011 567.6130541596999
27.00000000000011 567.6130541454478
27.10000000000012 567.6130541311956
27.20000000000012 567.6130541169433
27.30000000000012 567.6130541026912
27.40000000000012 567.613054088439
27.50000000000012 567.6130540789092
27.60000000000012 567.6130540784793
27.70000000000012 567.6130540780495
27.80000000000013 567.6130540776196
27.90000000000013 567.6130540771896
28.00000000000013 567.6130540767598
28.10000000000013 567.6130540763299
28.20000000000013 567.6130540759001
28.30000000000013 567.6130540754701
28.40000000000013 567.6130540750403
28.50000000000014 567.6130540746104
28.60000000000014 567.6130540741806
28.70000000000014 567.6130540737507
28.80000000000014 567.6130540733208
28.90000000000014 567.6130540728909
29.00000000000014 567.6130540724611
29.10000000000014 567.6130540720312
29.20000000000014 567.6130540716014
29.30000000000015 567.6130540711714
29.40000000000015 567.6130540707416
29.50000000000015 567.6130540703117
29.60000000000015 567.6130540698819
29.70000000000015 567.613054069452
29.80000000000015 567.613054069022
29.90000000000015 567.6130540685922
30.00000000000016 567.6130540681623
30.10000000000016 567.6130540677325
30.20000000000016 567.6130540673026
30.30000000000016 567.6130540668727
30.40000000000016 567.6130540664428
30.50000000000016 567.613054066013
30.60000000000016 567.6130540655831
30.70000000000017 567.6130540651533
30.80000000000017 567.6130540647233
30.90000000000017 567.6130540642935
31.00000000000017 567.6130540638636
31.10000000000017 567.6130540634338
31.20000000000017 567.6130540630038
31.30000000000017 567.613054062574
31.40000000000018 567.6130540621441
31.50000000000018 567.6130540617143
31.60000000000018 567.6130540612844
31.70000000000018 567.6130540608544
31.80000000000018 567.6130540604246
31.90000000000018 567.6130540599947
32.00000000000018 567.6130540595649
32.10000000000019 567.613054059135
32.20000000000019 567.6130540587051
32.30000000000019 567.6130540582752
32.40000000000019 567.6130540578454
32.50000000000019 567.6130540574155
32.60000000000019 567.6130540569857
32.70000000000019 567.6130540565557
32.8000000000002 567.6130540561259
32.9000000000002 567.613054055696
33.0000000000002 567.6130540552662
33.1000000000002 567.6130540548363
33.2000000000002 567.6130540544063
33.3000000000002 567.6130540539765
33.4000000000002 567.6130540535466
33.50000000000021 567.6130540531168
33.60000000000021 567.6130540526869
33.70000000000021 567.613054052257
33.80000000000021 567.6130540518271
33.90000000000021 567.6130540513973
34.00000000000021 567.6130540509674
34.10000000000021 567.6130540505375
34.20000000000022 567.6130540501076
34.30000000000022 567.6130540496778
34.40000000000022 567.6130540492479
34.50000000000022 567.6130540488181
34.60000000000022 567.6130540483881
34.70000000000022 567.6130540479583
34.80000000000022 567.6130540475284
34.90000000000023 567.6130540470986
35.00000000000023 567.6130540466687
35.10000000000023 567.6130540462387
35.20000000000023 567.6130540458089
35.30000000000023 567.613054045379
35.40000000000023 567.6130540449492
35.50000000000023 567.6130540445193
35.60000000000024 567.6130540440894
35.70000000000024 567.6130540436595
35.80000000000024 567.6130540432297
35.90000000000024 567.6130540427998
36.00000000000024 567.61305404237
36.10000000000024 567.61305404194
36.20000000000024 567.6130540415102
36.30000000000025 567.6130540410803
36.40000000000025 567.6130540406505
36.50000000000025 567.6130540402206
36.60000000000025 567.6130540397907
36.70000000000025 567.6130540393608
36.80000000000025 567.613054038931
36.90000000000025 567.6130540385011
37.00000000000026 567.6130540380711
37.10000000000026 567.6130540376413
37.20000000000026 567.6130540372114
37.30000000000026 567.6130540367816
37.40000000000026 567.6130540363517
37.50000000000026 567.6130540359218
37.60000000000026 567.6130540354919
37.70000000000027 567.6130540350621
37.80000000000027 567.6130540346322
37.90000000000027 567.6130540342024
38.00000000000027 567.6130540337724
38.10000000000027 567.6130540333426
38.20000000000027 567.6130540329127
38.30000000000027 567.6130540324829
38.40000000000028 567.613054032053
38.50000000000028 567.6130540316231
38.60000000000028 567.6130540311932
38.70000000000028 567.6130540307634
38.80000000000028 567.6130540303335
38.90000000000028 567.6130540299037
39.00000000000028 567.6130540294737
39.10000000000029 567.6130540290438
39.20000000000029 567.613054028614
39.30000000000029 567.6130540281841
39.40000000000029 567.6130540277542
39.50000000000029 567.6130540273243
39.60000000000029 567.6130540268945
39.70000000000029 567.6130540264646
39.8000000000003 567.6130540260348
39.9000000000003 567.6130540256048
40.0000000000003 567.6130540253273
40.1000000000003 567.6130540253261
40.2000000000003 567.6130540253247
40.3000000000003 567.6130540253233
40.4000000000003 567.613054025322
40.50000000000031 567.6130540253207
40.60000000000031 567.6130540253193
40.70000000000031 567.613054025318
40.80000000000031 567.6130540253166
40.90000000000031 567.6130540253154
41.00000000000031 567.613054025314
41.10000000000031 567.6130540253126
41.20000000000032 567.6130540253114
41.30000000000032 567.61305402531
41.40000000000032 567.6130540253087
41.50000000000032 567.6130540253073
41.60000000000032 567.613054025306
41.70000000000032 567.6130540253047
41.80000000000032 567.6130540253033
41.90000000000033 567.6130540253019
42.00000000000033 567.6130540253007
42.10000000000033 567.6130540252993
42.20000000000033 567.613054025298
42.30000000000033 567.6130540252967
42.40000000000033 567.6130540252954
42.50000000000033 567.613054025294
42.60000000000034 567.6130540252926
42.70000000000034 567.6130540252914
42.80000000000034 567.61305402529
42.90000000000034 567.6130540252886
43.00000000000034 567.6130540252873
43.10000000000034 567.613054025286
43.20000000000034 567.6130540252847
43.30000000000035 567.6130540252833
43.40000000000035 567.6130540252819
43.50000000000035 567.6130540252807
43.60000000000035 567.6130540252793
43.70000000000035 567.613054025278
43.80000000000035 567.6130540252767
43.90000000000035 567.6130540252753
44.00000000000036 567.613054025274
44.10000000000036 567.6130540252726
44.20000000000036 567.6130540252714
44.30000000000036 567.61305402527
44.40000000000036 567.6130540252686
44.50000000000036 567.6130540252673
44.60000000000036 567.613054025266
44.70000000000037 567.6130540252647
44.80000000000037 567.6130540252633
44.90000000000037 567.613054025262
45.00000000000037 567.6130540252607
45.10000000000037 567.6130540252593
45.20000000000037 567.613054025258
45.30000000000037 567.6130540252567
45.40000000000038 567.6130540252553
45.50000000000038 567.613054025254
45.60000000000038 567.6130540252526
45.70000000000038 567.6130540252514
45.80000000000038 567.61305402525
45.90000000000038 567.6130540252486
46.00000000000038 567.6130540252474
46.10000000000039 567.613054025246
46.20000000000039 567.6130540252447
46.30000000000039 567.6130540252433
46.40000000000039 567.613054025242
46.50000000000039 567.6130540252407
46.60000000000039 567.6130540252393
46.70000000000039 567.6130540252379
46.8000000000004 567.6130540252367
46.9000000000004 567.6130540252353
47.0000000000004 567.613054025234
47.1000000000004 567.6130540252327
47.2000000000004 567.6130540252313
47.3000000000004 567.61305402523
47.4000000000004 567.6130540252286
47.50000000000041 567.6130540252274
47.60000000000041 567.613054025226
47.70000000000041 567.6130540252246
47.80000000000041 567.6130540252233
47.90000000000041 567.613054025222
48.00000000000041 567.6130540252207
48.10000000000041 567.6130540252193
48.20000000000041 567.613054025218
48.30000000000042 567.6130540252167
48.40000000000042 567.6130540252153
48.50000000000042 567.613054025214
48.60000000000042 567.6130540252127
48.70000000000042 567.6130540252113
48.80000000000042 567.61305402521
48.90000000000042 567.6130540252086
49.00000000000043 567.6130540252074
49.10000000000043 567.613054025206
49.20000000000043 567.6130540252046
49.30000000000043 567.6130540252033
49.40000000000043 567.613054025202
49.50000000000043 567.6130540252007
49.60000000000043 567.6130540251993
49.70000000000044 567.613054025198
49.80000000000044 567.6130540251967
49.90000000000044 567.6130540251953