Time X1
0 250
0.1 286.565186042203
0.2 342.23548427424
0.3 433.8068383345019
0.4 595.1604942400346
0.5 863.8095751002293
0.6 1141.6537812587
0.7 1260.724242706334
0.7999999999999999 1287.269542128652
0.8999999999999999 1292.03612699024
0.9999999999999999 1292.854883669723
1.1 1292.994383188074
1.2 1293.018343701395
1.3 1293.022297950734
1.4 1293.022963358821
1.5 1293.023092173163
1.6 1293.023149060422
1.7 1293.023140387615
1.8 1293.023140328442
1.900000000000001 1293.023125747123
2 1293.02312066589
2.100000000000001 1293.023116796074
2.200000000000001 1293.023116653527
2.300000000000001 1293.023116510979
2.400000000000001 1293.023116368432
2.500000000000001 1293.023116225884
2.600000000000001 1293.023116083337
2.700000000000001 1293.023115940789
2.800000000000001 1293.023115798242
2.900000000000001 1293.023115655694
3.000000000000001 1293.023115513147
3.100000000000001 1293.023115370599
3.200000000000002 1293.023115228052
3.300000000000002 1293.023115085504
3.400000000000002 1293.023114942957
3.500000000000002 1293.023114800409
3.600000000000002 1293.023114657862
3.700000000000002 1293.023114515315
3.800000000000002 1293.023114372767
3.900000000000002 1293.02311423022
4.000000000000002 1293.023114087672
4.100000000000001 1293.023114039377
4.200000000000001 1293.023114035378
4.300000000000001 1293.023114031378
4.4 1293.023114027379
4.5 1293.023114023379
4.6 1293.02311401938
4.699999999999999 1293.02311401538
4.799999999999999 1293.02311401138
4.899999999999999 1293.023114007381
4.999999999999998 1293.023114003381
5.099999999999998 1293.023113999382
5.199999999999998 1293.023113995382
5.299999999999997 1293.023113991383
5.399999999999997 1293.023113987383
5.499999999999996 1293.023113983384
5.599999999999996 1293.023113979384
5.699999999999996 1293.023113975385
5.799999999999995 1293.023113971385
5.899999999999995 1293.023113967385
5.999999999999995 1293.023113963846
6.099999999999994 1293.023113963834
6.199999999999994 1293.023113963823
6.299999999999994 1293.023113963811
6.399999999999993 1293.0231139638
6.499999999999993 1293.023113963788
6.599999999999993 1293.023113963777
6.699999999999992 1293.023113963765
6.799999999999992 1293.023113963754
6.899999999999991 1293.023113963742
6.999999999999991 1293.023113963731
7.099999999999991 1293.023113963719
7.19999999999999 1293.023113963708
7.29999999999999 1293.023113963696
7.39999999999999 1293.023113963684
7.499999999999989 1293.023113963673
7.599999999999989 1293.023113963661
7.699999999999989 1293.02311396365
7.799999999999988 1293.023113963638
7.899999999999988 1293.023113963627
7.999999999999988 1293.023113963616
8.099999999999987 1293.023113963604
8.199999999999987 1293.023113963592
8.299999999999986 1293.023113963581
8.399999999999986 1293.023113963569
8.499999999999986 1293.023113963558
8.599999999999985 1293.023113963546
8.699999999999985 1293.023113963535
8.799999999999985 1293.023113963523
8.899999999999984 1293.023113963512
8.999999999999984 1293.0231139635
9.099999999999984 1293.023113963489
9.199999999999983 1293.023113963477
9.299999999999983 1293.023113963466
9.399999999999983 1293.023113963454
9.499999999999982 1293.023113963443
9.599999999999982 1293.023113963431
9.699999999999982 1293.02311396342
9.799999999999981 1293.023113963408
9.899999999999981 1293.023113963397
9.99999999999998 1293.023113963385
10.09999999999998 1293.023113963374
10.19999999999998 1293.023113963362
10.29999999999998 1293.023113963351
10.39999999999998 1293.023113963339
10.49999999999998 1293.023113963328
10.59999999999998 1293.023113963316
10.69999999999998 1293.023113963304
10.79999999999998 1293.023113963293
10.89999999999998 1293.023113963282
10.99999999999998 1293.02311396327
11.09999999999998 1293.023113963259
11.19999999999998 1293.023113963247
11.29999999999998 1293.023113963235
11.39999999999998 1293.023113963224
11.49999999999998 1293.023113963212
11.59999999999997 1293.023113963201
11.69999999999997 1293.023113963189
11.79999999999997 1293.023113963178
11.89999999999997 1293.023113963166
11.99999999999997 1293.023113963155
12.09999999999997 1293.023113963143
12.19999999999997 1293.023113963132
12.29999999999997 1293.02311396312
12.39999999999997 1293.023113963109
12.49999999999997 1293.023113963097
12.59999999999997 1293.023113963086
12.69999999999997 1293.023113963074
12.79999999999997 1293.023113963063
12.89999999999997 1293.023113963051
12.99999999999997 1293.02311396304
13.09999999999997 1293.023113963028
13.19999999999997 1293.023113963017
13.29999999999997 1293.023113963005
13.39999999999997 1293.023113962994
13.49999999999997 1293.023113962982
13.59999999999997 1293.023113962971
13.69999999999997 1293.023113962959
13.79999999999997 1293.023113962947
13.89999999999997 1293.023113962936
13.99999999999997 1293.023113962925
14.09999999999997 1293.023113962913
14.19999999999997 1293.023113962902
14.29999999999997 1293.02311396289
14.39999999999996 1293.023113962878
14.49999999999996 1293.023113962867
14.59999999999996 1293.023113962855
14.69999999999996 1293.023113962844
14.79999999999996 1293.023113962832
14.89999999999996 1293.023113962821
14.99999999999996 1293.023113962809
15.09999999999996 1293.023113962798
15.19999999999996 1293.023113962786
15.29999999999996 1293.023113962775
15.39999999999996 1293.023113962763
15.49999999999996 1293.023113962752
15.59999999999996 1293.02311396274
15.69999999999996 1293.023113962729
15.79999999999996 1293.023113962717
15.89999999999996 1293.023113962706
15.99999999999996 1293.023113962694
16.09999999999996 1293.023113962683
16.19999999999996 1293.023113962671
16.29999999999996 1293.02311396266
16.39999999999996 1293.023113962648
16.49999999999996 1293.023113962637
16.59999999999997 1293.023113962625
16.69999999999997 1293.023113962614
16.79999999999997 1293.023113962602
16.89999999999997 1293.023113962591
16.99999999999997 1293.023113962579
17.09999999999997 1293.023113962568
17.19999999999997 1293.023113962556
17.29999999999998 1293.023113962545
17.39999999999998 1293.023113962533
17.49999999999998 1293.023113962522
17.59999999999998 1293.02311396251
17.69999999999998 1293.023113962498
17.79999999999998 1293.023113962487
17.89999999999998 1293.023113962475
17.99999999999999 1293.023113962464
18.09999999999999 1293.023113962452
18.19999999999999 1293.023113962441
18.29999999999999 1293.023113962429
18.39999999999999 1293.023113962418
18.49999999999999 1293.023113962406
18.59999999999999 1293.023113962395
18.7 1293.023113962383
18.8 1293.023113962372
18.9 1293.02311396236
19 1293.023113962349
19.1 1293.023113962337
19.2 1293.023113962326
19.3 1293.023113962314
19.40000000000001 1293.023113962303
19.50000000000001 1293.023113962291
19.60000000000001 1293.02311396228
19.70000000000001 1293.023113962268
19.80000000000001 1293.023113962257
19.90000000000001 1293.023113962245
20.00000000000001 1293.023113962234
20.10000000000002 1293.023113962222
20.20000000000002 1293.023113962211
20.30000000000002 1293.023113962199
20.40000000000002 1293.023113962188
20.50000000000002 1293.023113962176
20.60000000000002 1293.023113962165
20.70000000000002 1293.023113962153
20.80000000000003 1293.023113962141
20.90000000000003 1293.02311396213
21.00000000000003 1293.023113962118
21.10000000000003 1293.023113962107
21.20000000000003 1293.023113962096
21.30000000000003 1293.023113962084
21.40000000000003 1293.023113962072
21.50000000000004 1293.023113962061
21.60000000000004 1293.023113962049
21.70000000000004 1293.023113962038
21.80000000000004 1293.023113962026
21.90000000000004 1293.023113962015
22.00000000000004 1293.023113962003
22.10000000000004 1293.023113961992
22.20000000000005 1293.02311396198
22.30000000000005 1293.023113961969
22.40000000000005 1293.023113961957
22.50000000000005 1293.023113961946
22.60000000000005 1293.023113961934
22.70000000000005 1293.023113961923
22.80000000000005 1293.023113961911
22.90000000000006 1293.0231139619
23.00000000000006 1293.023113961888
23.10000000000006 1293.023113961877
23.20000000000006 1293.023113961865
23.30000000000006 1293.023113961854
23.40000000000006 1293.023113961842
23.50000000000006 1293.023113961831
23.60000000000007 1293.023113961819
23.70000000000007 1293.023113961808
23.80000000000007 1293.023113961796
23.90000000000007 1293.023113961784
24.00000000000007 1293.023113961773
24.10000000000007 1293.023113961762
24.20000000000007 1293.02311396175
24.30000000000008 1293.023113961739
24.40000000000008 1293.023113961727
24.50000000000008 1293.023113961716
24.60000000000008 1293.023113961704
24.70000000000008 1293.023113961692
24.80000000000008 1293.023113961681
24.90000000000008 1293.023113961669
25.00000000000009 1293.023113961658
25.10000000000009 1293.023113961646
25.20000000000009 1293.023113961635
25.30000000000009 1293.023113961623
25.40000000000009 1293.023113961612
25.50000000000009 1293.0231139616
25.60000000000009 1293.023113961594
25.7000000000001 1293.023113961594
25.8000000000001 1293.023113961594
25.9000000000001 1293.023113961594
26.0000000000001 1293.023113961594
26.1000000000001 1293.023113961594
26.2000000000001 1293.023113961594
26.3000000000001 1293.023113961594
26.40000000000011 1293.023113961594
26.50000000000011 1293.023113961594
26.60000000000011 1293.023113961594
26.70000000000011 1293.023113961594
26.80000000000011 1293.023113961594
26.90000000000011 1293.023113961594
27.00000000000011 1293.023113961594
27.10000000000012 1293.023113961594
27.20000000000012 1293.023113961594
27.30000000000012 1293.023113961594
27.40000000000012 1293.023113961594
27.50000000000012 1293.023113961594
27.60000000000012 1293.023113961594
27.70000000000012 1293.023113961594
27.80000000000013 1293.023113961593
27.90000000000013 1293.023113961593
28.00000000000013 1293.023113961593
28.10000000000013 1293.023113961593
28.20000000000013 1293.023113961593
28.30000000000013 1293.023113961593
28.40000000000013 1293.023113961593
28.50000000000014 1293.023113961593
28.60000000000014 1293.023113961593
28.70000000000014 1293.023113961593
28.80000000000014 1293.023113961593
28.90000000000014 1293.023113961593
29.00000000000014 1293.023113961593
29.10000000000014 1293.023113961593
29.20000000000014 1293.023113961593
29.30000000000015 1293.023113961593
29.40000000000015 1293.023113961593
29.50000000000015 1293.023113961593
29.60000000000015 1293.023113961593
29.70000000000015 1293.023113961593
29.80000000000015 1293.023113961593
29.90000000000015 1293.023113961593
30.00000000000016 1293.023113961593
30.10000000000016 1293.023113961593
30.20000000000016 1293.023113961593
30.30000000000016 1293.023113961593
30.40000000000016 1293.023113961593
30.50000000000016 1293.023113961593
30.60000000000016 1293.023113961593
30.70000000000017 1293.023113961593
30.80000000000017 1293.023113961593
30.90000000000017 1293.023113961593
31.00000000000017 1293.023113961593
31.10000000000017 1293.023113961593
31.20000000000017 1293.023113961593
31.30000000000017 1293.023113961592
31.40000000000018 1293.023113961592
31.50000000000018 1293.023113961592
31.60000000000018 1293.023113961592
31.70000000000018 1293.023113961592
31.80000000000018 1293.023113961592
31.90000000000018 1293.023113961592
32.00000000000018 1293.023113961592
32.10000000000019 1293.023113961592
32.20000000000019 1293.023113961592
32.30000000000019 1293.023113961592
32.40000000000019 1293.023113961592
32.50000000000019 1293.023113961592
32.60000000000019 1293.023113961592
32.70000000000019 1293.023113961592
32.8000000000002 1293.023113961592
32.9000000000002 1293.023113961592
33.0000000000002 1293.023113961592
33.1000000000002 1293.023113961592
33.2000000000002 1293.023113961592
33.3000000000002 1293.023113961592
33.4000000000002 1293.023113961592
33.50000000000021 1293.023113961592
33.60000000000021 1293.023113961592
33.70000000000021 1293.023113961592
33.80000000000021 1293.023113961592
33.90000000000021 1293.023113961592
34.00000000000021 1293.023113961592
34.10000000000021 1293.023113961592
34.20000000000022 1293.023113961591
34.30000000000022 1293.023113961591
34.40000000000022 1293.023113961591
34.50000000000022 1293.023113961591
34.60000000000022 1293.023113961591
34.70000000000022 1293.023113961591
34.80000000000022 1293.023113961591
34.90000000000023 1293.023113961591
35.00000000000023 1293.023113961591
35.10000000000023 1293.023113961591
35.20000000000023 1293.023113961591
35.30000000000023 1293.023113961591
35.40000000000023 1293.023113961591
35.50000000000023 1293.023113961591
35.60000000000024 1293.023113961591
35.70000000000024 1293.023113961591
35.80000000000024 1293.023113961591
35.90000000000024 1293.023113961591
36.00000000000024 1293.023113961591
36.10000000000024 1293.023113961591
36.20000000000024 1293.023113961591
36.30000000000025 1293.023113961591
36.40000000000025 1293.023113961591
36.50000000000025 1293.023113961591
36.60000000000025 1293.023113961591
36.70000000000025 1293.023113961591
36.80000000000025 1293.023113961591
36.90000000000025 1293.023113961591
37.00000000000026 1293.023113961591
37.10000000000026 1293.023113961591
37.20000000000026 1293.023113961591
37.30000000000026 1293.023113961591
37.40000000000026 1293.023113961591
37.50000000000026 1293.023113961591
37.60000000000026 1293.023113961591
37.70000000000027 1293.02311396159
37.80000000000027 1293.02311396159
37.90000000000027 1293.02311396159
38.00000000000027 1293.02311396159
38.10000000000027 1293.02311396159
38.20000000000027 1293.02311396159
38.30000000000027 1293.02311396159
38.40000000000028 1293.02311396159
38.50000000000028 1293.02311396159
38.60000000000028 1293.02311396159
38.70000000000028 1293.02311396159
38.80000000000028 1293.02311396159
38.90000000000028 1293.02311396159
39.00000000000028 1293.02311396159
39.10000000000029 1293.02311396159
39.20000000000029 1293.02311396159
39.30000000000029 1293.02311396159
39.40000000000029 1293.02311396159
39.50000000000029 1293.02311396159
39.60000000000029 1293.02311396159
39.70000000000029 1293.02311396159
39.8000000000003 1293.02311396159
39.9000000000003 1293.02311396159
40.0000000000003 1293.02311396159
40.1000000000003 1293.02311396159
40.2000000000003 1293.02311396159
40.3000000000003 1293.02311396159
40.4000000000003 1293.02311396159
40.50000000000031 1293.02311396159
40.60000000000031 1293.023113961589
40.70000000000031 1293.023113961589
40.80000000000031 1293.023113961589
40.90000000000031 1293.023113961589
41.00000000000031 1293.023113961589
41.10000000000031 1293.023113961589
41.20000000000032 1293.023113961589
41.30000000000032 1293.023113961589
41.40000000000032 1293.023113961589
41.50000000000032 1293.023113961589
41.60000000000032 1293.023113961589
41.70000000000032 1293.023113961589
41.80000000000032 1293.023113961589
41.90000000000033 1293.023113961589
42.00000000000033 1293.023113961589
42.10000000000033 1293.023113961589
42.20000000000033 1293.023113961589
42.30000000000033 1293.023113961589
42.40000000000033 1293.023113961589
42.50000000000033 1293.023113961589
42.60000000000034 1293.023113961589
42.70000000000034 1293.023113961589
42.80000000000034 1293.023113961589
42.90000000000034 1293.023113961589
43.00000000000034 1293.023113961589
43.10000000000034 1293.023113961589
43.20000000000034 1293.023113961589
43.30000000000035 1293.023113961589
43.40000000000035 1293.023113961588
43.50000000000035 1293.023113961588
43.60000000000035 1293.023113961588
43.70000000000035 1293.023113961588
43.80000000000035 1293.023113961588
43.90000000000035 1293.023113961588
44.00000000000036 1293.023113961588
44.10000000000036 1293.023113961588
44.20000000000036 1293.023113961588
44.30000000000036 1293.023113961588
44.40000000000036 1293.023113961588
44.50000000000036 1293.023113961588
44.60000000000036 1293.023113961588
44.70000000000037 1293.023113961588
44.80000000000037 1293.023113961588
44.90000000000037 1293.023113961588
45.00000000000037 1293.023113961588
45.10000000000037 1293.023113961588
45.20000000000037 1293.023113961588
45.30000000000037 1293.023113961588
45.40000000000038 1293.023113961588
45.50000000000038 1293.023113961588
45.60000000000038 1293.023113961588
45.70000000000038 1293.023113961588
45.80000000000038 1293.023113961588
45.90000000000038 1293.023113961588
46.00000000000038 1293.023113961588
46.10000000000039 1293.023113961588
46.20000000000039 1293.023113961588
46.30000000000039 1293.023113961588
46.40000000000039 1293.023113961588
46.50000000000039 1293.023113961588
46.60000000000039 1293.023113961588
46.70000000000039 1293.023113961588
46.8000000000004 1293.023113961588
46.9000000000004 1293.023113961588
47.0000000000004 1293.023113961588
47.1000000000004 1293.023113961588
47.2000000000004 1293.023113961588
47.3000000000004 1293.023113961588
47.4000000000004 1293.023113961588
47.50000000000041 1293.023113961588
47.60000000000041 1293.023113961588
47.70000000000041 1293.023113961588
47.80000000000041 1293.023113961588
47.90000000000041 1293.023113961588
48.00000000000041 1293.023113961588
48.10000000000041 1293.023113961588
48.20000000000041 1293.023113961588
48.30000000000042 1293.023113961588
48.40000000000042 1293.023113961588
48.50000000000042 1293.023113961588
48.60000000000042 1293.023113961588
48.70000000000042 1293.023113961588
48.80000000000042 1293.023113961588
48.90000000000042 1293.023113961588
49.00000000000043 1293.023113961588
49.10000000000043 1293.023113961588
49.20000000000043 1293.023113961588
49.30000000000043 1293.023113961588
49.40000000000043 1293.023113961588
49.50000000000043 1293.023113961588
49.60000000000043 1293.023113961588
49.70000000000044 1293.023113961588
49.80000000000044 1293.023113961588
49.90000000000044 1293.023113961588