Time X1
0 250
0.1 250.2210973507488
0.2 250.4623870780793
0.3 250.7259201024169
0.4 251.013393377107
0.5 251.3274328327722
0.6 251.6704850200886
0.7 252.0452131755774
0.7999999999999999 252.4547142029569
0.8999999999999999 252.9020692458228
0.9999999999999999 253.3910703667267
1.1 253.9256298132308
1.2 254.510181521502
1.3 255.1495905078524
1.4 255.8492080904215
1.5 256.6149584265806
1.6 257.4533670179112
1.7 258.3715975568928
1.8 259.3777217684486
1.900000000000001 260.4805044680668
2 261.689904524147
2.100000000000001 263.0167058883254
2.200000000000001 264.4730925164228
2.300000000000001 266.0725681979949
2.400000000000001 267.8301331425879
2.500000000000001 269.7625784763621
2.600000000000001 271.8886181408949
2.700000000000001 274.2291109812717
2.800000000000001 276.8072625655498
2.900000000000001 279.6489804692422
3.000000000000001 282.7831810636143
3.100000000000001 286.2419328978165
3.200000000000002 290.0609024939261
3.300000000000002 294.2795277726059
3.400000000000002 298.9410583331697
3.500000000000002 304.0927711977476
3.600000000000002 309.7860049301638
3.700000000000002 316.0748546970889
3.800000000000002 323.0159482761489
3.900000000000002 330.6662404938839
4.000000000000002 339.0813283090883
4.100000000000001 348.3098285566064
4.200000000000001 358.3893219235233
4.300000000000001 369.3390554540986
4.4 381.1510474159005
4.5 393.780015619154
4.6 407.1340635118453
4.699999999999999 421.0667238279763
4.799999999999999 435.3734959638326
4.899999999999999 449.7982133202432
4.999999999999998 464.0469483898756
5.099999999999998 477.8117890603086
5.199999999999998 490.8014111041155
5.299999999999997 502.7708505423811
5.399999999999997 513.5446253620451
5.499999999999996 523.027938105465
5.599999999999996 531.204805487529
5.699999999999996 538.1256403772363
5.799999999999995 543.888955668416
5.899999999999995 548.6219789382898
5.999999999999995 552.463662163789
6.099999999999994 555.5519523841369
6.199999999999994 558.0148626945602
6.299999999999994 559.9666120200995
6.399999999999993 561.5054803023874
6.499999999999993 562.713912618168
6.599999999999993 563.6598123329986
6.699999999999992 564.398371912818
6.799999999999992 564.9739131329517
6.899999999999991 565.4217225501039
6.999999999999991 565.7697177259987
7.099999999999991 566.0399197022546
7.19999999999999 566.2495670133339
7.29999999999999 566.4121252709912
7.39999999999999 566.5381142907569
7.499999999999989 566.6357407420878
7.599999999999989 566.7113588901572
7.699999999999989 566.7699143862625
7.799999999999988 566.8152929966178
7.899999999999988 566.8504225145126
7.999999999999988 566.8776004370349
8.099999999999987 566.8986070965977
8.199999999999987 566.9149385437011
8.299999999999986 566.9274731078469
8.399999999999986 566.9372192961705
8.499999999999986 566.9447410432464
8.599999999999985 566.9505664020594
8.699999999999985 566.9550655353444
8.799999999999985 566.9585973751795
8.899999999999984 566.9613322618853
8.999999999999984 566.9635175688011
9.099999999999984 566.9650969262223
9.199999999999983 566.966371868033
9.299999999999983 566.9673726059069
9.399999999999983 566.9681120440897
9.499999999999982 566.9686821935146
9.599999999999982 566.9691057459863
9.699999999999982 566.9694322251016
9.799999999999981 566.9696886043266
9.899999999999981 566.9698881990915
9.99999999999998 566.9700488905921
10.09999999999998 566.970174153579
10.19999999999998 566.9702745127329
10.29999999999998 566.970351646481
10.39999999999998 566.9704128127471
10.49999999999998 566.9704596772266
10.59999999999998 566.9704963711704
10.69999999999998 566.970524950657
10.79999999999998 566.9705470195898
10.89999999999998 566.9705645316013
10.99999999999998 566.970577972446
11.09999999999998 566.9705887100613
11.19999999999998 566.970596945526
11.29999999999998 566.9706035009525
11.39999999999998 566.9706093735059
11.49999999999998 566.9706170812742
11.59999999999997 566.9706238642481
11.69999999999997 566.9706297224276
11.79999999999997 566.9706346558128
11.89999999999997 566.9706386644035
11.99999999999997 566.9706417481999
12.09999999999997 566.970643907202
12.19999999999997 566.9706451414097
12.29999999999997 566.970645450823
12.39999999999997 566.9706448354419
12.49999999999997 566.9706432952664
12.59999999999997 566.9706408302966
12.69999999999997 566.9706401312103
12.79999999999997 566.9706409265698
12.89999999999997 566.9706414872586
12.99999999999997 566.9706418132765
13.09999999999997 566.9706419046237
13.19999999999997 566.9706417613
13.29999999999997 566.9706413833056
13.39999999999997 566.9706407706404
13.49999999999997 566.9706399233045
13.59999999999997 566.9706388412977
13.69999999999997 566.9706375246201
13.79999999999997 566.9706359732718
13.89999999999997 566.9706341872526
13.99999999999997 566.9706337891229
14.09999999999997 566.9706333306574
14.19999999999997 566.9706328721919
14.29999999999997 566.9706324137264
14.39999999999996 566.970631955261
14.49999999999996 566.9706314967955
14.59999999999996 566.97063103833
14.69999999999996 566.9706305798646
14.79999999999996 566.9706301213992
14.89999999999996 566.9706296629337
14.99999999999996 566.9706292044682
15.09999999999996 566.9706287460027
15.19999999999996 566.9706284352085
15.29999999999996 566.9706284214692
15.39999999999996 566.9706284077299
15.49999999999996 566.9706283939908
15.59999999999996 566.9706283802515
15.69999999999996 566.9706283665122
15.79999999999996 566.970628352773
15.89999999999996 566.9706283390337
15.99999999999996 566.9706283252945
16.09999999999996 566.9706283115552
16.19999999999996 566.970628297816
16.29999999999996 566.9706282840767
16.39999999999996 566.9706282703374
16.49999999999996 566.9706282565982
16.59999999999997 566.970628242859
16.69999999999997 566.9706282291197
16.79999999999997 566.9706282153804
16.89999999999997 566.9706282016411
16.99999999999997 566.970628187902
17.09999999999997 566.9706281741627
17.19999999999997 566.9706281604234
17.29999999999998 566.9706281466841
17.39999999999998 566.970628132945
17.49999999999998 566.9706281192057
17.59999999999998 566.9706281054664
17.69999999999998 566.9706280917271
17.79999999999998 566.970628077988
17.89999999999998 566.9706280642487
17.99999999999999 566.9706280505094
18.09999999999999 566.9706280367702
18.19999999999999 566.9706280230309
18.29999999999999 566.9706280092917
18.39999999999999 566.9706279955524
18.49999999999999 566.9706279818132
18.59999999999999 566.9706279680739
18.7 566.9706279543346
18.8 566.9706279405954
18.9 566.9706279268562
19 566.9706279131169
19.1 566.9706278993776
19.2 566.9706278856384
19.3 566.9706278718992
19.40000000000001 566.9706278581599
19.50000000000001 566.9706278444206
19.60000000000001 566.9706278306813
19.70000000000001 566.9706278169422
19.80000000000001 566.9706278032029
19.90000000000001 566.9706277894636
20.00000000000001 566.9706277757243
20.10000000000002 566.9706277619852
20.20000000000002 566.9706277482459
20.30000000000002 566.9706277345066
20.40000000000002 566.9706277207673
20.50000000000002 566.9706277070281
20.60000000000002 566.9706276932889
20.70000000000002 566.9706276795496
20.80000000000003 566.9706276658104
20.90000000000003 566.9706276520711
21.00000000000003 566.9706276383318
21.10000000000003 566.9706276245926
21.20000000000003 566.9706276108534
21.30000000000003 566.9706275971141
21.40000000000003 566.9706275833748
21.50000000000004 566.9706275696356
21.60000000000004 566.9706275558964
21.70000000000004 566.9706275421571
21.80000000000004 566.9706275284178
21.90000000000004 566.9706275146785
22.00000000000004 566.9706275009394
22.10000000000004 566.9706274872001
22.20000000000005 566.9706274734608
22.30000000000005 566.9706274597215
22.40000000000005 566.9706274459824
22.50000000000005 566.9706274322431
22.60000000000005 566.9706274185038
22.70000000000005 566.9706274047645
22.80000000000005 566.9706273910253
22.90000000000006 566.9706273772861
23.00000000000006 566.9706273635468
23.10000000000006 566.9706273498076
23.20000000000006 566.9706273360683
23.30000000000006 566.9706273223291
23.40000000000006 566.9706273085898
23.50000000000006 566.9706272948506
23.60000000000007 566.9706272811113
23.70000000000007 566.970627267372
23.80000000000007 566.9706272536328
23.90000000000007 566.9706272398936
24.00000000000007 566.9706272261543
24.10000000000007 566.970627212415
24.20000000000007 566.9706271986757
24.30000000000008 566.9706271849366
24.40000000000008 566.9706271711973
24.50000000000008 566.970627157458
24.60000000000008 566.9706271437187
24.70000000000008 566.9706271299796
24.80000000000008 566.9706271162403
24.90000000000008 566.970627102501
25.00000000000009 566.9706270887617
25.10000000000009 566.9706270750225
25.20000000000009 566.9706270612833
25.30000000000009 566.970627047544
25.40000000000009 566.9706270338047
25.50000000000009 566.9706270200655
25.60000000000009 566.9706270063263
25.7000000000001 566.970626992587
25.8000000000001 566.9706269788478
25.9000000000001 566.9706269651085
26.0000000000001 566.9706269513692
26.1000000000001 566.97062693763
26.2000000000001 566.9706269238908
26.3000000000001 566.9706269101515
26.40000000000011 566.9706268964122
26.50000000000011 566.9706268826729
26.60000000000011 566.9706268689338
26.70000000000011 566.9706268551945
26.80000000000011 566.9706268414552
26.90000000000011 566.9706268277159
27.00000000000011 566.9706268139768
27.10000000000012 566.9706268002375
27.20000000000012 566.9706267864982
27.30000000000012 566.9706267727589
27.40000000000012 566.9706267590198
27.50000000000012 566.9706267452805
27.60000000000012 566.9706267315412
27.70000000000012 566.9706267178019
27.80000000000013 566.9706267046336
27.90000000000013 566.9706267042218
28.00000000000013 566.9706267038099
28.10000000000013 566.9706267033981
28.20000000000013 566.9706267029862
28.30000000000013 566.9706267025744
28.40000000000013 566.9706267021626
28.50000000000014 566.9706267017507
28.60000000000014 566.9706267013389
28.70000000000014 566.970626700927
28.80000000000014 566.9706267005153
28.90000000000014 566.9706267001034
29.00000000000014 566.9706266996915
29.10000000000014 566.9706266992797
29.20000000000014 566.9706266988678
29.30000000000015 566.970626698456
29.40000000000015 566.9706266980442
29.50000000000015 566.9706266976324
29.60000000000015 566.9706266972205
29.70000000000015 566.9706266968087
29.80000000000015 566.9706266963968
29.90000000000015 566.9706266959849
30.00000000000016 566.9706266955732
30.10000000000016 566.9706266951613
30.20000000000016 566.9706266947495
30.30000000000016 566.9706266943376
30.40000000000016 566.9706266939259
30.50000000000016 566.970626693514
30.60000000000016 566.9706266931021
30.70000000000017 566.9706266926903
30.80000000000017 566.9706266922784
30.90000000000017 566.9706266918666
31.00000000000017 566.9706266914548
31.10000000000017 566.970626691043
31.20000000000017 566.9706266906311
31.30000000000017 566.9706266902193
31.40000000000018 566.9706266898074
31.50000000000018 566.9706266893955
31.60000000000018 566.9706266889838
31.70000000000018 566.9706266885719
31.80000000000018 566.9706266881601
31.90000000000018 566.9706266877482
32.00000000000018 566.9706266873364
32.10000000000019 566.9706266869246
32.20000000000019 566.9706266865128
32.30000000000019 566.9706266861009
32.40000000000019 566.970626685689
32.50000000000019 566.9706266852772
32.60000000000019 566.9706266848654
32.70000000000019 566.9706266844536
32.8000000000002 566.9706266840417
32.9000000000002 566.9706266836299
33.0000000000002 566.970626683218
33.1000000000002 566.9706266828061
33.2000000000002 566.9706266823944
33.3000000000002 566.9706266819825
33.4000000000002 566.9706266815707
33.50000000000021 566.9706266811588
33.60000000000021 566.970626680747
33.70000000000021 566.9706266803352
33.80000000000021 566.9706266799234
33.90000000000021 566.9706266795115
34.00000000000021 566.9706266790996
34.10000000000021 566.9706266786878
34.20000000000022 566.9706266782759
34.30000000000022 566.9706266778642
34.40000000000022 566.9706266774523
34.50000000000022 566.9706266770405
34.60000000000022 566.9706266766286
34.70000000000022 566.9706266762167
34.80000000000022 566.970626675805
34.90000000000023 566.9706266753931
35.00000000000023 566.9706266749813
35.10000000000023 566.9706266745694
35.20000000000023 566.9706266741576
35.30000000000023 566.9706266737458
35.40000000000023 566.970626673334
35.50000000000023 566.9706266729221
35.60000000000024 566.9706266725102
35.70000000000024 566.9706266720984
35.80000000000024 566.9706266716865
35.90000000000024 566.9706266712748
36.00000000000024 566.9706266708629
36.10000000000024 566.9706266704511
36.20000000000024 566.9706266700392
36.30000000000025 566.9706266696273
36.40000000000025 566.9706266692156
36.50000000000025 566.9706266688037
36.60000000000025 566.9706266683919
36.70000000000025 566.97062666798
36.80000000000025 566.9706266675682
36.90000000000025 566.9706266671564
37.00000000000026 566.9706266667446
37.10000000000026 566.9706266663327
37.20000000000026 566.9706266659208
37.30000000000026 566.970626665509
37.40000000000026 566.9706266650971
37.50000000000026 566.9706266646854
37.60000000000026 566.9706266642735
37.70000000000027 566.9706266638617
37.80000000000027 566.9706266634498
37.90000000000027 566.970626663038
38.00000000000027 566.9706266626262
38.10000000000027 566.9706266622143
38.20000000000027 566.9706266618025
38.30000000000027 566.9706266613906
38.40000000000028 566.9706266609788
38.50000000000028 566.9706266605669
38.60000000000028 566.9706266601552
38.70000000000028 566.9706266597433
38.80000000000028 566.9706266593314
38.90000000000028 566.9706266589196
39.00000000000028 566.9706266585077
39.10000000000029 566.970626658096
39.20000000000029 566.9706266576841
39.30000000000029 566.9706266572723
39.40000000000029 566.9706266568604
39.50000000000029 566.9706266564486
39.60000000000029 566.9706266560368
39.70000000000029 566.9706266556249
39.8000000000003 566.9706266552131
39.9000000000003 566.9706266548012
40.0000000000003 566.9706266543894
40.1000000000003 566.9706266539775
40.2000000000003 566.9706266535658
40.3000000000003 566.9706266531539
40.4000000000003 566.970626652742
40.50000000000031 566.9706266526397
40.60000000000031 566.9706266526384
40.70000000000031 566.9706266526371
40.80000000000031 566.9706266526358
40.90000000000031 566.9706266526346
41.00000000000031 566.9706266526333
41.10000000000031 566.9706266526321
41.20000000000032 566.9706266526308
41.30000000000032 566.9706266526294
41.40000000000032 566.9706266526282
41.50000000000032 566.9706266526269
41.60000000000032 566.9706266526257
41.70000000000032 566.9706266526244
41.80000000000032 566.9706266526232
41.90000000000033 566.9706266526218
42.00000000000033 566.9706266526206
42.10000000000033 566.9706266526193
42.20000000000033 566.9706266526181
42.30000000000033 566.9706266526168
42.40000000000033 566.9706266526156
42.50000000000033 566.9706266526142
42.60000000000034 566.970626652613
42.70000000000034 566.9706266526117
42.80000000000034 566.9706266526105
42.90000000000034 566.9706266526092
43.00000000000034 566.970626652608
43.10000000000034 566.9706266526066
43.20000000000034 566.9706266526053
43.30000000000035 566.9706266526041
43.40000000000035 566.9706266526028
43.50000000000035 566.9706266526016
43.60000000000035 566.9706266526003
43.70000000000035 566.970626652599
43.80000000000035 566.9706266525977
43.90000000000035 566.9706266525965
44.00000000000036 566.9706266525952
44.10000000000036 566.970626652594
44.20000000000036 566.9706266525927
44.30000000000036 566.9706266525914
44.40000000000036 566.9706266525901
44.50000000000036 566.9706266525889
44.60000000000036 566.9706266525876
44.70000000000037 566.9706266525864
44.80000000000037 566.9706266525851
44.90000000000037 566.9706266525837
45.00000000000037 566.9706266525825
45.10000000000037 566.9706266525812
45.20000000000037 566.97062665258
45.30000000000037 566.9706266525787
45.40000000000038 566.9706266525775
45.50000000000038 566.9706266525761
45.60000000000038 566.9706266525749
45.70000000000038 566.9706266525736
45.80000000000038 566.9706266525724
45.90000000000038 566.9706266525711
46.00000000000038 566.9706266525699
46.10000000000039 566.9706266525685
46.20000000000039 566.9706266525673
46.30000000000039 566.970626652566
46.40000000000039 566.9706266525648
46.50000000000039 566.9706266525635
46.60000000000039 566.9706266525623
46.70000000000039 566.970626652561
46.8000000000004 566.9706266525596
46.9000000000004 566.9706266525584
47.0000000000004 566.9706266525571
47.1000000000004 566.9706266525559
47.2000000000004 566.9706266525546
47.3000000000004 566.9706266525534
47.4000000000004 566.970626652552
47.50000000000041 566.9706266525508
47.60000000000041 566.9706266525495
47.70000000000041 566.9706266525483
47.80000000000041 566.970626652547
47.90000000000041 566.9706266525458
48.00000000000041 566.9706266525444
48.10000000000041 566.9706266525432
48.20000000000041 566.9706266525419
48.30000000000042 566.9706266525407
48.40000000000042 566.9706266525394
48.50000000000042 566.9706266525382
48.60000000000042 566.9706266525368
48.70000000000042 566.9706266525355
48.80000000000042 566.9706266525343
48.90000000000042 566.970626652533
49.00000000000043 566.9706266525318
49.10000000000043 566.9706266525305
49.20000000000043 566.9706266525292
49.30000000000043 566.9706266525279
49.40000000000043 566.9706266525267
49.50000000000043 566.9706266525254
49.60000000000043 566.9706266525242
49.70000000000044 566.9706266525229
49.80000000000044 566.9706266525216
49.90000000000044 566.9706266525203