Time X1
0 250
0.1 249.9455790950758
0.2 249.8863867687307
0.3 249.8221451436096
0.4 249.7518601134542
0.5 249.675699141307
0.6 249.5929012510561
0.7 249.5027977475799
0.7999999999999999 249.4047287660313
0.8999999999999999 249.2980340404958
0.9999999999999999 249.1820138213952
1.1 249.055786319178
1.2 248.9184157790668
1.3 248.7692579301499
1.4 248.6069325939783
1.5 248.430487132543
1.6 248.2386771236029
1.7 248.0301683609898
1.8 247.8035135921249
1.900000000000001 247.5571625119766
2 247.2894337653888
2.100000000000001 246.9985136410672
2.200000000000001 246.682425077788
2.300000000000001 246.339059248131
2.400000000000001 245.9661669854932
2.500000000000001 245.5612481599639
2.600000000000001 245.121641495602
2.700000000000001 244.6445396593766
2.800000000000001 244.1267938825115
2.900000000000001 243.5651326037045
3.000000000000001 242.9560456336344
3.100000000000001 242.2957176791156
3.200000000000002 241.5800889834784
3.300000000000002 240.804858204951
3.400000000000002 239.965442463726
3.500000000000002 239.0569874373729
3.600000000000002 238.0743446473905
3.700000000000002 237.012034687497
3.800000000000002 235.8642430889988
3.900000000000002 234.6249204524665
4.000000000000002 233.2879156838631
4.100000000000001 231.8467655390204
4.200000000000001 230.2948140790237
4.300000000000001 228.6253354329234
4.4 226.8314392872387
4.5 224.906157741591
4.6 222.8428097889012
4.699999999999999 220.6348817538503
4.799999999999999 218.2761895730666
4.899999999999999 215.761165338325
4.999999999999998 213.0848037652086
5.099999999999998 210.2431507167817
5.199999999999998 207.233420382406
5.299999999999997 204.0541189414104
5.399999999999997 200.7056308918183
5.499999999999996 197.1902003169843
5.599999999999996 193.5122941440675
5.699999999999996 189.6789425937486
5.799999999999995 185.6998833349588
5.899999999999995 181.5875820416755
5.999999999999995 177.3575737105887
6.099999999999994 173.0285077489389
6.199999999999994 168.621420220323
6.299999999999994 164.1599939804784
6.399999999999993 159.6700111364416
6.499999999999993 155.1789936822132
6.599999999999993 150.7151694273144
6.699999999999992 146.3071401151579
6.799999999999992 141.9828114424514
6.899999999999991 137.7688390793913
6.999999999999991 133.6897134675
7.099999999999991 129.7672747371881
7.19999999999999 126.0200557454881
7.29999999999999 122.4630880279372
7.39999999999999 119.107519772815
7.499999999999989 115.9607683586727
7.599999999999989 113.0266800248945
7.699999999999989 110.3056263442875
7.799999999999988 107.7949397869251
7.899999999999988 105.4893733713654
7.999999999999988 103.3815465124986
8.099999999999987 101.4623828737647
8.199999999999987 99.72158214091746
8.299999999999986 98.14801289117273
8.399999999999986 96.73006170782978
8.499999999999986 95.45599234778608
8.599999999999985 94.31424644305355
8.699999999999985 93.29340948944358
8.799999999999985 92.38257563413212
8.899999999999984 91.5714343051704
8.999999999999984 90.8502905337057
9.099999999999984 90.21012883272709
9.199999999999983 89.64260405944545
9.299999999999983 89.14007844811631
9.399999999999983 88.69556929406313
9.499999999999982 88.30275623794995
9.599999999999982 87.95590895127452
9.699999999999982 87.64987298340684
9.799999999999981 87.38002062681019
9.899999999999981 87.14221731222612
9.99999999999998 86.93275779667125
10.09999999999998 86.74834561544343
10.19999999999998 86.58605010881546
10.29999999999998 86.44326522577386
10.39999999999998 86.31768670720858
10.49999999999998 86.20726857043397
10.59999999999998 86.1102057699694
10.69999999999998 86.02489900785331
10.79999999999998 85.94993804954538
10.89999999999998 85.88407975875151
10.99999999999998 85.82622707293447
11.09999999999998 85.77541775752947
11.19999999999998 85.73078896198078
11.29999999999998 85.69159561217651
11.39999999999998 85.65718196229791
11.49999999999998 85.62696120540048
11.59999999999997 85.60043054010568
11.69999999999997 85.57713995040733
11.79999999999997 85.55669190248814
11.89999999999997 85.53874492785918
11.99999999999997 85.5229895466631
12.09999999999997 85.5091587794948
12.19999999999997 85.49702015989809
12.29999999999997 85.48636440235154
12.39999999999997 85.47701265056158
12.49999999999997 85.46880551826409
12.59999999999997 85.46160141805842
12.69999999999997 85.45527976817192
12.79999999999997 85.44973130924528
12.89999999999997 85.44486118610845
12.99999999999997 85.4405875997474
13.09999999999997 85.43683575098217
13.19999999999997 85.43354490057432
13.29999999999997 85.43065652853328
13.39999999999997 85.42812144923862
13.49999999999997 85.42589754553204
13.59999999999997 85.42394587769577
13.69999999999997 85.42223180516609
13.79999999999997 85.42072578367851
13.89999999999997 85.41940291854361
13.99999999999997 85.41824275749988
14.09999999999997 85.41722692356734
14.19999999999997 85.41633516557023
14.29999999999997 85.41555289760343
14.39999999999996 85.41486833376642
14.49999999999996 85.41426802184667
14.59999999999996 85.41374071564192
14.69999999999996 85.41327778318723
14.79999999999996 85.41286907452151
14.89999999999996 85.41251366673343
14.99999999999996 85.41219993115047
15.09999999999996 85.41192486240018
15.19999999999996 85.41168373393275
15.29999999999996 85.41147252931927
15.39999999999996 85.41128750877802
15.49999999999996 85.41112498489012
15.59999999999996 85.41098268330222
15.69999999999996 85.41085815379449
15.79999999999996 85.41074849597045
15.89999999999996 85.41065081061754
15.99999999999996 85.41056407194688
16.09999999999996 85.41048805514544
16.19999999999996 85.41042131237373
16.29999999999996 85.41036239579223
16.39999999999996 85.41030487240734
16.49999999999996 85.41026305521871
16.59999999999997 85.41022510136862
16.69999999999997 85.4101910108571
16.79999999999997 85.41016067847798
16.89999999999997 85.41013368003719
16.99999999999997 85.41010997083904
17.09999999999997 85.41008955088355
17.19999999999997 85.41007238801454
17.29999999999998 85.41005744884788
17.39999999999998 85.41004423734169
17.49999999999998 85.41003275349603
17.59999999999998 85.41002299731085
17.69999999999998 85.4100146745167
17.79999999999998 85.41000717916693
17.89999999999998 85.4100004929789
17.99999999999999 85.4099946159526
18.09999999999999 85.40998952002734
18.19999999999999 85.40998494318617
18.29999999999999 85.40998082123771
18.39999999999999 85.40997715418193
18.49999999999999 85.40997394201884
18.59999999999999 85.40997110099232
18.7 85.40996854585161
18.8 85.40996627659506
18.9 85.40996429322264
19 85.40996257536965
19.1 85.40996103720501
19.2 85.40995966914467
19.3 85.40995847118863
19.40000000000001 85.40995744197619
19.50000000000001 85.40995653252573
19.60000000000001 85.40995571831969
19.70000000000001 85.40995499935808
19.80000000000001 85.40995437564087
19.90000000000001 85.40995383417521
20.00000000000001 85.40995334706619
20.10000000000002 85.40995291337582
20.20000000000002 85.40995253310409
20.30000000000002 85.40995210349585
20.40000000000002 85.40995154920689
20.50000000000002 85.40995102742353
20.60000000000002 85.40995053814574
20.70000000000002 85.40995008137352
20.80000000000003 85.40994965710689
20.90000000000003 85.40994926534584
21.00000000000003 85.40994890609038
21.10000000000003 85.40994857934049
21.20000000000003 85.40994828509618
21.30000000000003 85.40994802335746
21.40000000000003 85.40994779412432
21.50000000000004 85.40994759739675
21.60000000000004 85.40994743317478
21.70000000000004 85.40994730145837
21.80000000000004 85.40994720224755
21.90000000000004 85.40994713554231
22.00000000000004 85.40994710134265
22.10000000000004 85.40994709964859
22.20000000000005 85.40994713046008
22.30000000000005 85.40994719377717
22.40000000000005 85.40994728959984
22.50000000000005 85.40994741792809
22.60000000000005 85.40994757876193
22.70000000000005 85.40994777210133
22.80000000000005 85.40994790597757
22.90000000000006 85.40994784000178
23.00000000000006 85.40994778222274
23.10000000000006 85.40994773264046
23.20000000000006 85.40994769125493
23.30000000000006 85.40994765806616
23.40000000000006 85.40994763307414
23.50000000000006 85.40994761627888
23.60000000000007 85.40994760768039
23.70000000000007 85.40994760727864
23.80000000000007 85.40994761507366
23.90000000000007 85.40994763106542
24.00000000000007 85.40994765525394
24.10000000000007 85.40994768763923
24.20000000000007 85.40994772822127
24.30000000000008 85.40994777700007
24.40000000000008 85.40994783397561
24.50000000000008 85.40994789914792
24.60000000000008 85.40994797251699
24.70000000000008 85.4099480540828
24.80000000000008 85.40994814384538
24.90000000000008 85.40994824180471
25.00000000000009 85.40994834796081
25.10000000000009 85.40994846231365
25.20000000000009 85.40994858486324
25.30000000000009 85.40994868476045
25.40000000000009 85.40994871617062
25.50000000000009 85.4099487475808
25.60000000000009 85.40994877899098
25.7000000000001 85.40994881040116
25.8000000000001 85.40994884181134
25.9000000000001 85.40994887322152
26.0000000000001 85.4099489046317
26.1000000000001 85.40994893604189
26.2000000000001 85.40994896745207
26.3000000000001 85.40994899886225
26.40000000000011 85.40994903027243
26.50000000000011 85.40994906168261
26.60000000000011 85.40994909309278
26.70000000000011 85.40994912450296
26.80000000000011 85.40994915591314
26.90000000000011 85.40994918732332
27.00000000000011 85.4099492187335
27.10000000000012 85.40994925014368
27.20000000000012 85.40994928155386
27.30000000000012 85.40994931296405
27.40000000000012 85.40994934437423
27.50000000000012 85.40994937578441
27.60000000000012 85.40994940719459
27.70000000000012 85.40994943860477
27.80000000000013 85.40994946627607
27.90000000000013 85.40994946720627
28.00000000000013 85.40994946813649
28.10000000000013 85.4099494690667
28.20000000000013 85.4099494699969
28.30000000000013 85.40994947092712
28.40000000000013 85.40994947185733
28.50000000000014 85.40994947278753
28.60000000000014 85.40994947371775
28.70000000000014 85.40994947464795
28.80000000000014 85.40994947557816
28.90000000000014 85.40994947650837
29.00000000000014 85.40994947743857
29.10000000000014 85.40994947836879
29.20000000000014 85.409949479299
29.30000000000015 85.4099494802292
29.40000000000015 85.40994948115942
29.50000000000015 85.40994948208962
29.60000000000015 85.40994948301983
29.70000000000015 85.40994948395004
29.80000000000015 85.40994948488024
29.90000000000015 85.40994948581046
30.00000000000016 85.40994948674067
30.10000000000016 85.40994948767087
30.20000000000016 85.40994948860109
30.30000000000016 85.40994948953129
30.40000000000016 85.4099494904615
30.50000000000016 85.40994949139171
30.60000000000016 85.40994949232191
30.70000000000017 85.40994949325213
30.80000000000017 85.40994949418234
30.90000000000017 85.40994949511254
31.00000000000017 85.40994949604276
31.10000000000017 85.40994949697297
31.20000000000017 85.40994949790317
31.30000000000017 85.40994949883338
31.40000000000018 85.40994949976358
31.50000000000018 85.4099495006938
31.60000000000018 85.40994950162401
31.70000000000018 85.40994950255421
31.80000000000018 85.40994950348443
31.90000000000018 85.40994950441464
32.00000000000018 85.40994950534484
32.10000000000019 85.40994950627505
32.20000000000019 85.40994950720525
32.30000000000019 85.40994950813547
32.40000000000019 85.40994950906568
32.50000000000019 85.40994950999588
32.60000000000019 85.4099495109261
32.70000000000019 85.40994951185631
32.8000000000002 85.40994951278651
32.9000000000002 85.40994951371673
33.0000000000002 85.40994951464693
33.1000000000002 85.40994951557714
33.2000000000002 85.40994951650735
33.3000000000002 85.40994951743755
33.4000000000002 85.40994951836777
33.50000000000021 85.40994951929798
33.60000000000021 85.40994952022818
33.70000000000021 85.4099495211584
33.80000000000021 85.4099495220886
33.90000000000021 85.40994952301881
34.00000000000021 85.40994952394902
34.10000000000021 85.40994952487922
34.20000000000022 85.40994952580944
34.30000000000022 85.40994952673965
34.40000000000022 85.40994952766985
34.50000000000022 85.40994952860007
34.60000000000022 85.40994952953027
34.70000000000022 85.40994953046048
34.80000000000022 85.40994953139069
34.90000000000023 85.40994953232089
35.00000000000023 85.40994953325111
35.10000000000023 85.40994953418132
35.20000000000023 85.40994953511152
35.30000000000023 85.40994953604174
35.40000000000023 85.40994953697194
35.50000000000023 85.40994953790215
35.60000000000024 85.40994953883236
35.70000000000024 85.40994953976256
35.80000000000024 85.40994954069278
35.90000000000024 85.40994954162299
36.00000000000024 85.40994954255319
36.10000000000024 85.40994954348341
36.20000000000024 85.40994954441361
36.30000000000025 85.40994954534382
36.40000000000025 85.40994954627404
36.50000000000025 85.40994954720423
36.60000000000025 85.40994954813445
36.70000000000025 85.40994954906466
36.80000000000025 85.40994954999486
36.90000000000025 85.40994955092508
37.00000000000026 85.40994955185528
37.10000000000026 85.40994955278549
37.20000000000026 85.40994955371571
37.30000000000026 85.40994955464591
37.40000000000026 85.40994955557612
37.50000000000026 85.40994955650633
37.60000000000026 85.40994955743653
37.70000000000027 85.40994955836675
37.80000000000027 85.40994955929696
37.90000000000027 85.40994956022716
38.00000000000027 85.40994956115738
38.10000000000027 85.40994956208758
38.20000000000027 85.40994956301779
38.30000000000027 85.409949563948
38.40000000000028 85.4099495648782
38.50000000000028 85.40994956580842
38.60000000000028 85.40994956673863
38.70000000000028 85.40994956766883
38.80000000000028 85.40994956859905
38.90000000000028 85.40994956952925
39.00000000000028 85.40994957045946
39.10000000000029 85.40994957138967
39.20000000000029 85.40994957231987
39.30000000000029 85.40994957325009
39.40000000000029 85.4099495741803
39.50000000000029 85.4099495751105
39.60000000000029 85.40994957604072
39.70000000000029 85.40994957697092
39.8000000000003 85.40994957790113
39.9000000000003 85.40994957883134
40.0000000000003 85.40994957976154
40.1000000000003 85.40994958069176
40.2000000000003 85.40994958162197
40.3000000000003 85.40994958255217
40.4000000000003 85.40994958348239
40.50000000000031 85.40994958441259
40.60000000000031 85.4099495853428
40.70000000000031 85.40994958627302
40.80000000000031 85.40994958720322
40.90000000000031 85.40994958813343
41.00000000000031 85.40994958906364
41.10000000000031 85.40994958999384
41.20000000000032 85.40994959092406
41.30000000000032 85.40994959185426
41.40000000000032 85.40994959278447
41.50000000000032 85.40994959371469
41.60000000000032 85.40994959464489
41.70000000000032 85.4099495955751
41.80000000000032 85.40994959650531
41.90000000000033 85.40994959743551
42.00000000000033 85.40994959836573
42.10000000000033 85.40994959929593
42.20000000000033 85.40994960022614
42.30000000000033 85.40994960115636
42.40000000000033 85.40994960208656
42.50000000000033 85.40994960301677
42.60000000000034 85.40994960394698
42.70000000000034 85.40994960487718
42.80000000000034 85.4099496058074
42.90000000000034 85.4099496067376
43.00000000000034 85.40994960766781
43.10000000000034 85.40994960859803
43.20000000000034 85.40994960952823
43.30000000000035 85.40994961045844
43.40000000000035 85.40994961138865
43.50000000000035 85.40994961231885
43.60000000000035 85.40994961324907
43.70000000000035 85.40994961417927
43.80000000000035 85.40994961510948
43.90000000000035 85.4099496160397
44.00000000000036 85.4099496169699
44.10000000000036 85.40994961790011
44.20000000000036 85.40994961883032
44.30000000000036 85.40994961976052
44.40000000000036 85.40994962069074
44.50000000000036 85.40994962162095
44.60000000000036 85.40994962255115
44.70000000000037 85.40994962348137
44.80000000000037 85.40994962441157
44.90000000000037 85.40994962534178
45.00000000000037 85.409949626272
45.10000000000037 85.4099496272022
45.20000000000037 85.40994962813241
45.30000000000037 85.40994962906262
45.40000000000038 85.40994962999282
45.50000000000038 85.40994963092304
45.60000000000038 85.40994963185324
45.70000000000038 85.40994963278345
45.80000000000038 85.40994963371367
45.90000000000038 85.40994963464387
46.00000000000038 85.40994963557408
46.10000000000039 85.40994963650429
46.20000000000039 85.40994963743449
46.30000000000039 85.40994963836471
46.40000000000039 85.40994963929491
46.50000000000039 85.40994964022512
46.60000000000039 85.40994964115534
46.70000000000039 85.40994964208554
46.8000000000004 85.40994964301575
46.9000000000004 85.40994964394596
47.0000000000004 85.40994964487616
47.1000000000004 85.40994964580638
47.2000000000004 85.40994964673658
47.3000000000004 85.40994964766679
47.4000000000004 85.40994964859701
47.50000000000041 85.40994964952721
47.60000000000041 85.40994965045742
47.70000000000041 85.40994965138763
47.80000000000041 85.40994965231783
47.90000000000041 85.40994965324805
48.00000000000041 85.40994965417825
48.10000000000041 85.40994965510846
48.20000000000041 85.40994965603868
48.30000000000042 85.40994965696888
48.40000000000042 85.40994965789909
48.50000000000042 85.40994965882931
48.60000000000042 85.4099496597595
48.70000000000042 85.40994966068972
48.80000000000042 85.40994966161992
48.90000000000042 85.40994966255013
49.00000000000043 85.40994966348035
49.10000000000043 85.40994966441055
49.20000000000043 85.40994966534076
49.30000000000043 85.40994966627098
49.40000000000043 85.40994966720118
49.50000000000043 85.40994966813139
49.60000000000043 85.40994966906159
49.70000000000044 85.4099496699918
49.80000000000044 85.40994967092202
49.90000000000044 85.40994967185222