Time X1
0 250
0.1 249.9455791031641
0.2 249.8863867836992
0.3 249.8221451355356
0.4 249.7518601495503
0.5 249.6756992001702
0.6 249.5929013173068
0.7 249.5027978188299
0.7999999999999999 249.4047288443749
0.8999999999999999 249.2980341320345
0.9999999999999999 249.1820139255582
1.1 249.0557864355634
1.2 248.9184159320047
1.3 248.7692580820498
1.4 248.6069327623381
1.5 248.4304873256585
1.6 248.238677339234
1.7 248.030168600372
1.8 247.8035138565859
1.900000000000001 247.5571628038309
2 247.2894340867742
2.100000000000001 246.9985139943525
2.200000000000001 246.6824254649084
2.300000000000001 246.3390596737229
2.400000000000001 245.9661674539562
2.500000000000001 245.561248671957
2.600000000000001 245.1216420561975
2.700000000000001 244.6445402727643
2.800000000000001 244.126794552394
2.900000000000001 243.5651333349876
3.000000000000001 242.9560464326882
3.100000000000001 242.2957185491349
3.200000000000002 241.5800899308361
3.300000000000002 240.8048592364505
3.400000000000002 239.9654435863759
3.500000000000002 239.0569886595891
3.600000000000002 238.0743459755092
3.700000000000002 237.0120361263474
3.800000000000002 235.8642446412302
3.900000000000002 234.6249221308461
4.000000000000002 233.2879174987976
4.100000000000001 231.8467674989331
4.200000000000001 230.2948161943555
4.300000000000001 228.6253377139586
4.4 226.8314417400363
4.5 224.9061603730856
4.6 222.8428126120729
4.699999999999999 220.634884775612
4.799999999999999 218.2761928035052
4.899999999999999 215.7611687846427
4.999999999999998 213.084807430071
5.099999999999998 210.2431546091319
5.199999999999998 207.2334245032442
5.299999999999997 204.0541232905351
5.399999999999997 200.7056354700213
5.499999999999996 197.1902051178137
5.599999999999996 193.5122991602709
5.699999999999996 189.6789478150334
5.799999999999995 185.6998887460103
5.899999999999995 181.5875876212232
5.999999999999995 177.3575794395546
6.099999999999994 173.0285136009174
6.199999999999994 168.6214261629772
6.299999999999994 164.1599999796383
6.399999999999993 159.6700171579362
6.499999999999993 155.1789996873621
6.599999999999993 150.7151753786241
6.699999999999992 146.3071459736647
6.799999999999992 141.9828171718769
6.899999999999991 137.7688446452422
6.999999999999991 133.6897188383346
7.099999999999991 129.7672798862924
7.19999999999999 126.0200606497148
7.29999999999999 122.4630926701232
7.39999999999999 119.107524139885
7.499999999999989 115.9607724425605
7.599999999999989 113.0266838231205
7.699999999999989 110.305629858394
7.799999999999988 107.7949430221097
7.899999999999988 105.4893763361186
7.999999999999988 103.3815492178968
8.099999999999987 101.4623853328423
8.199999999999987 99.72158436807383
8.299999999999986 98.14801490166768
8.399999999999986 96.73006351733412
8.499999999999986 95.45599397186793
8.599999999999985 94.31424789733964
8.699999999999985 93.29341078888925
8.799999999999985 92.38257679295445
8.899999999999984 91.57143533671896
8.999999999999984 90.85029145061279
9.099999999999984 90.21012964660294
9.199999999999983 89.64260478103738
9.299999999999983 89.1400790872125
9.399999999999983 88.69556985957408
9.499999999999982 88.3027567379725
9.599999999999982 87.95590939309531
9.699999999999982 87.64987337360155
9.799999999999981 87.38002097123736
9.899999999999981 87.14221761614493
9.99999999999998 86.9327580647748
10.09999999999998 86.74834585190639
10.19999999999998 86.58605031735104
10.29999999999998 86.44326540967705
10.39999999999998 86.31768686939226
10.49999999999998 86.20726871348575
10.59999999999998 86.11020589616506
10.69999999999998 86.02489911921953
10.79999999999998 85.94993814785387
10.89999999999998 85.88407984558087
10.99999999999998 85.8262271496564
11.09999999999998 85.77541782537062
11.19999999999998 85.73078902202975
11.29999999999998 85.69159566536072
11.39999999999998 85.65718200945608
11.49999999999998 85.62696124726558
11.59999999999997 85.60043057731298
11.69999999999997 85.57713998353131
11.79999999999997 85.55669193201955
11.89999999999997 85.53874495423592
11.99999999999997 85.52298957027742
12.09999999999997 85.50915880067566
12.19999999999997 85.4970201789444
12.29999999999997 85.48636441952553
12.39999999999997 85.47701266608816
12.49999999999997 85.46880553234732
12.59999999999997 85.4616014308734
12.69999999999997 85.45527977987281
12.79999999999997 85.44973131997133
12.89999999999997 85.44486119597583
12.99999999999997 85.44058760886161
13.09999999999997 85.43683575943379
13.19999999999997 85.43354490844726
13.29999999999997 85.43065653589754
13.39999999999997 85.42812145615544
13.49999999999997 85.42589755205593
13.59999999999997 85.42394588387643
13.69999999999997 85.42223181104701
13.79999999999997 85.4207257892961
13.89999999999997 85.41940292392864
13.99999999999997 85.41824276267697
14.09999999999997 85.41722692856422
14.19999999999997 85.41633517041005
14.29999999999997 85.41555290230376
14.39999999999996 85.41486833834323
14.49999999999996 85.4142680263181
14.59999999999996 85.41374072002087
14.69999999999996 85.41327778748416
14.79999999999996 85.41286907874287
14.89999999999996 85.41251367089637
14.99999999999996 85.41219993525891
15.09999999999996 85.41192486645927
15.19999999999996 85.41168373794886
15.29999999999996 85.41147253329746
15.39999999999996 85.41128751272331
15.49999999999996 85.41112498880698
15.59999999999996 85.4109826871931
15.69999999999996 85.41085815766328
15.79999999999996 85.41074849982104
15.89999999999996 85.41065081445367
15.99999999999996 85.41056407576751
16.09999999999996 85.41048805895252
16.19999999999996 85.41042131616922
16.29999999999996 85.41036239957808
16.39999999999996 85.41030487617735
16.49999999999996 85.41026305898343
16.59999999999997 85.41022510512811
16.69999999999997 85.41019101461134
16.79999999999997 85.41016068222747
16.89999999999997 85.41013368378222
16.99999999999997 85.41010997457964
17.09999999999997 85.4100895546197
17.19999999999997 85.41007239174668
17.29999999999998 85.41005745257769
17.39999999999998 85.41004424106919
17.49999999999998 85.41003275722117
17.59999999999998 85.41002300103366
17.69999999999998 85.41001467823817
17.79999999999998 85.41000718288731
17.89999999999998 85.41000049669817
17.99999999999999 85.40999461967078
18.09999999999999 85.40998952374461
18.19999999999999 85.40998494690285
18.29999999999999 85.40998082495376
18.39999999999999 85.40997715789737
18.49999999999999 85.40997394573365
18.59999999999999 85.40997110470676
18.7 85.40996854956566
18.8 85.40996628030871
18.9 85.40996429693591
19 85.4099625790826
19.1 85.40996104091774
19.2 85.40995967285716
19.3 85.40995847490088
19.40000000000001 85.40995744568822
19.50000000000001 85.40995653623764
19.60000000000001 85.40995572203147
19.70000000000001 85.40995500306973
19.80000000000001 85.4099543793524
19.90000000000001 85.40995383788666
20.00000000000001 85.40995335077757
20.10000000000002 85.40995291708713
20.20000000000002 85.40995253681533
20.30000000000002 85.40995210720743
20.40000000000002 85.40995155291849
20.50000000000002 85.40995103113511
20.60000000000002 85.40995054185731
20.70000000000002 85.40995008508511
20.80000000000003 85.40994966081848
20.90000000000003 85.40994926905744
21.00000000000003 85.40994890980197
21.10000000000003 85.40994858305207
21.20000000000003 85.40994828880777
21.30000000000003 85.40994802706905
21.40000000000003 85.4099477978359
21.50000000000004 85.40994760110834
21.60000000000004 85.40994743688636
21.70000000000004 85.40994730516995
21.80000000000004 85.40994720595913
21.90000000000004 85.4099471392539
22.00000000000004 85.40994710505424
22.10000000000004 85.40994710336015
22.20000000000005 85.40994713417166
22.30000000000005 85.40994719748875
22.40000000000005 85.40994729331142
22.50000000000005 85.40994742163966
22.60000000000005 85.40994758247349
22.70000000000005 85.4099477758129
22.80000000000005 85.40994790968922
22.90000000000006 85.40994784371344
23.00000000000006 85.40994778593442
23.10000000000006 85.40994773635215
23.20000000000006 85.40994769496663
23.30000000000006 85.40994766177788
23.40000000000006 85.40994763678589
23.50000000000006 85.40994761999063
23.60000000000007 85.40994761139214
23.70000000000007 85.40994761099041
23.80000000000007 85.40994761878544
23.90000000000007 85.40994763477721
24.00000000000007 85.40994765896575
24.10000000000007 85.40994769135104
24.20000000000007 85.40994773193309
24.30000000000008 85.40994778071189
24.40000000000008 85.40994783768744
24.50000000000008 85.40994790285976
24.60000000000008 85.40994797622884
24.70000000000008 85.40994805779465
24.80000000000008 85.40994814755723
24.90000000000008 85.40994824551657
25.00000000000009 85.40994835167267
25.10000000000009 85.40994846602553
25.20000000000009 85.40994858857512
25.30000000000009 85.40994868847254
25.40000000000009 85.40994871988269
25.50000000000009 85.40994875129284
25.60000000000009 85.409948782703
25.7000000000001 85.40994881411315
25.8000000000001 85.4099488455233
25.9000000000001 85.40994887693346
26.0000000000001 85.40994890834359
26.1000000000001 85.40994893975375
26.2000000000001 85.4099489711639
26.3000000000001 85.40994900257405
26.40000000000011 85.4099490339842
26.50000000000011 85.40994906539436
26.60000000000011 85.40994909680451
26.70000000000011 85.40994912821466
26.80000000000011 85.40994915962482
26.90000000000011 85.40994919103495
27.00000000000011 85.40994922244511
27.10000000000012 85.40994925385526
27.20000000000012 85.40994928526541
27.30000000000012 85.40994931667557
27.40000000000012 85.40994934808572
27.50000000000012 85.40994937949587
27.60000000000012 85.40994941090602
27.70000000000012 85.40994944231618
27.80000000000013 85.4099494699874
27.90000000000013 85.4099494709176
28.00000000000013 85.40994947184781
28.10000000000013 85.40994947277801
28.20000000000013 85.40994947370822
28.30000000000013 85.40994947463842
28.40000000000013 85.40994947556864
28.50000000000014 85.40994947649884
28.60000000000014 85.40994947742905
28.70000000000014 85.40994947835925
28.80000000000014 85.40994947928947
28.90000000000014 85.40994948021967
29.00000000000014 85.40994948114988
29.10000000000014 85.40994948208008
29.20000000000014 85.40994948301029
29.30000000000015 85.40994948394049
29.40000000000015 85.40994948487071
29.50000000000015 85.40994948580091
29.60000000000015 85.40994948673112
29.70000000000015 85.40994948766132
29.80000000000015 85.40994948859154
29.90000000000015 85.40994948952174
30.00000000000016 85.40994949045195
30.10000000000016 85.40994949138215
30.20000000000016 85.40994949231236
30.30000000000016 85.40994949324256
30.40000000000016 85.40994949417278
30.50000000000016 85.40994949510298
30.60000000000016 85.40994949603318
30.70000000000017 85.40994949696339
30.80000000000017 85.40994949789359
30.90000000000017 85.40994949882381
31.00000000000017 85.40994949975401
31.10000000000017 85.40994950068422
31.20000000000017 85.40994950161442
31.30000000000017 85.40994950254463
31.40000000000018 85.40994950347483
31.50000000000018 85.40994950440505
31.60000000000018 85.40994950533525
31.70000000000018 85.40994950626546
31.80000000000018 85.40994950719566
31.90000000000018 85.40994950812588
32.00000000000018 85.40994950905608
32.10000000000019 85.40994950998629
32.20000000000019 85.40994951091649
32.30000000000019 85.4099495118467
32.40000000000019 85.4099495127769
32.50000000000019 85.40994951370712
32.60000000000019 85.40994951463732
32.70000000000019 85.40994951556753
32.8000000000002 85.40994951649773
32.9000000000002 85.40994951742795
33.0000000000002 85.40994951835815
33.1000000000002 85.40994951928836
33.2000000000002 85.40994952021856
33.3000000000002 85.40994952114877
33.4000000000002 85.40994952207897
33.50000000000021 85.40994952300917
33.60000000000021 85.40994952393939
33.70000000000021 85.40994952486959
33.80000000000021 85.4099495257998
33.90000000000021 85.40994952673
34.00000000000021 85.40994952766022
34.10000000000021 85.40994952859042
34.20000000000022 85.40994952952063
34.30000000000022 85.40994953045083
34.40000000000022 85.40994953138105
34.50000000000022 85.40994953231124
34.60000000000022 85.40994953324146
34.70000000000022 85.40994953417166
34.80000000000022 85.40994953510187
34.90000000000023 85.40994953603207
35.00000000000023 85.40994953696229
35.10000000000023 85.40994953789249
35.20000000000023 85.4099495388227
35.30000000000023 85.4099495397529
35.40000000000023 85.40994954068312
35.50000000000023 85.40994954161332
35.60000000000024 85.40994954254353
35.70000000000024 85.40994954347373
35.80000000000024 85.40994954440394
35.90000000000024 85.40994954533414
36.00000000000024 85.40994954626436
36.10000000000024 85.40994954719456
36.20000000000024 85.40994954812476
36.30000000000025 85.40994954905497
36.40000000000025 85.40994954998517
36.50000000000025 85.40994955091539
36.60000000000025 85.40994955184559
36.70000000000025 85.4099495527758
36.80000000000025 85.409949553706
36.90000000000025 85.40994955463621
37.00000000000026 85.40994955556641
37.10000000000026 85.40994955649663
37.20000000000026 85.40994955742683
37.30000000000026 85.40994955835704
37.40000000000026 85.40994955928724
37.50000000000026 85.40994956021746
37.60000000000026 85.40994956114766
37.70000000000027 85.40994956207787
37.80000000000027 85.40994956300807
37.90000000000027 85.40994956393828
38.00000000000027 85.40994956486848
38.10000000000027 85.4099495657987
38.20000000000027 85.4099495667289
38.30000000000027 85.40994956765911
38.40000000000028 85.40994956858931
38.50000000000028 85.40994956951953
38.60000000000028 85.40994957044973
38.70000000000028 85.40994957137994
38.80000000000028 85.40994957231014
38.90000000000028 85.40994957324035
39.00000000000028 85.40994957417055
39.10000000000029 85.40994957510075
39.20000000000029 85.40994957603097
39.30000000000029 85.40994957696117
39.40000000000029 85.40994957789138
39.50000000000029 85.40994957882158
39.60000000000029 85.4099495797518
39.70000000000029 85.409949580682
39.8000000000003 85.40994958161221
39.9000000000003 85.40994958254241
40.0000000000003 85.40994958347262
40.1000000000003 85.40994958440282
40.2000000000003 85.40994958533304
40.3000000000003 85.40994958626324
40.4000000000003 85.40994958719345
40.50000000000031 85.40994958812365
40.60000000000031 85.40994958905387
40.70000000000031 85.40994958998407
40.80000000000031 85.40994959091428
40.90000000000031 85.40994959184448
41.00000000000031 85.40994959277469
41.10000000000031 85.40994959370489
41.20000000000032 85.40994959463511
41.30000000000032 85.40994959556531
41.40000000000032 85.40994959649552
41.50000000000032 85.40994959742572
41.60000000000032 85.40994959835594
41.70000000000032 85.40994959928614
41.80000000000032 85.40994960021634
41.90000000000033 85.40994960114655
42.00000000000033 85.40994960207675
42.10000000000033 85.40994960300696
42.20000000000033 85.40994960393716
42.30000000000033 85.40994960486738
42.40000000000033 85.40994960579758
42.50000000000033 85.40994960672779
42.60000000000034 85.40994960765799
42.70000000000034 85.40994960858821
42.80000000000034 85.40994960951841
42.90000000000034 85.40994961044862
43.00000000000034 85.40994961137882
43.10000000000034 85.40994961230903
43.20000000000034 85.40994961323923
43.30000000000035 85.40994961416945
43.40000000000035 85.40994961509965
43.50000000000035 85.40994961602986
43.60000000000035 85.40994961696006
43.70000000000035 85.40994961789028
43.80000000000035 85.40994961882048
43.90000000000035 85.40994961975069
44.00000000000036 85.40994962068089
44.10000000000036 85.4099496216111
44.20000000000036 85.4099496225413
44.30000000000036 85.40994962347152
44.40000000000036 85.40994962440172
44.50000000000036 85.40994962533192
44.60000000000036 85.40994962626213
44.70000000000037 85.40994962719233
44.80000000000037 85.40994962812255
44.90000000000037 85.40994962905275
45.00000000000037 85.40994962998296
45.10000000000037 85.40994963091316
45.20000000000037 85.40994963184338
45.30000000000037 85.40994963277357
45.40000000000038 85.40994963370379
45.50000000000038 85.40994963463399
45.60000000000038 85.4099496355642
45.70000000000038 85.4099496364944
45.80000000000038 85.40994963742462
45.90000000000038 85.40994963835482
46.00000000000038 85.40994963928503
46.10000000000039 85.40994964021523
46.20000000000039 85.40994964114545
46.30000000000039 85.40994964207565
46.40000000000039 85.40994964300586
46.50000000000039 85.40994964393606
46.60000000000039 85.40994964486627
46.70000000000039 85.40994964579647
46.8000000000004 85.40994964672669
46.9000000000004 85.40994964765689
47.0000000000004 85.4099496485871
47.1000000000004 85.4099496495173
47.2000000000004 85.40994965044752
47.3000000000004 85.40994965137772
47.4000000000004 85.40994965230792
47.50000000000041 85.40994965323813
47.60000000000041 85.40994965416833
47.70000000000041 85.40994965509854
47.80000000000041 85.40994965602874
47.90000000000041 85.40994965695896
48.00000000000041 85.40994965788916
48.10000000000041 85.40994965881937
48.20000000000041 85.40994965974957
48.30000000000042 85.40994966067979
48.40000000000042 85.40994966160999
48.50000000000042 85.4099496625402
48.60000000000042 85.4099496634704
48.70000000000042 85.40994966440061
48.80000000000042 85.40994966533081
48.90000000000042 85.40994966626103
49.00000000000043 85.40994966719123
49.10000000000043 85.40994966812144
49.20000000000043 85.40994966905164
49.30000000000043 85.40994966998186
49.40000000000043 85.40994967091206
49.50000000000043 85.40994967184227
49.60000000000043 85.40994967277247
49.70000000000044 85.40994967370268
49.80000000000044 85.40994967463288
49.90000000000044 85.4099496755631