Time X1
0 250
0.1 252.9842562027306
0.2 256.3234128506997
0.3 260.0676934504597
0.4 264.2743678922389
0.5 269.0104023641051
0.6 274.3541017170031
0.7 280.3966435286238
0.7999999999999999 287.2438109798375
0.8999999999999999 295.0180338120758
0.9999999999999999 303.8594913098818
1.1 313.9264856867264
1.2 325.3935031445131
1.3 338.4459028320824
1.4 353.2660942736924
1.5 370.0128037896678
1.6 388.7853582045067
1.7 409.5727981077848
1.8 432.1912678626771
1.900000000000001 456.2220936369403
2 480.9819125669773
2.100000000000001 505.5567032785135
2.200000000000001 528.9237677308839
2.300000000000001 550.1401191398041
2.400000000000001 568.5282313236921
2.500000000000001 583.7807852493174
2.600000000000001 595.9474713319519
2.700000000000001 605.3382469345507
2.800000000000001 612.3967642793755
2.900000000000001 617.5943083497385
3.000000000000001 621.3622688773187
3.100000000000001 624.0628633961669
3.200000000000002 625.9824199859107
3.300000000000002 627.3387484301356
3.400000000000002 628.2930833034918
3.500000000000002 628.9625200946898
3.600000000000002 629.431165727539
3.700000000000002 629.7587581176374
3.800000000000002 629.987498284972
3.900000000000002 630.1471102211171
4.000000000000002 630.2584238640777
4.100000000000001 630.3360312142903
4.200000000000001 630.3901101582023
4.300000000000001 630.4277923221211
4.4 630.4540938952354
4.5 630.4723964365255
4.6 630.4851157317484
4.699999999999999 630.4940042864896
4.799999999999999 630.5001550949587
4.899999999999999 630.5044546461559
4.999999999999998 630.5074407994927
5.099999999999998 630.509519159181
5.199999999999998 630.5110035584192
5.299999999999997 630.5120796782513
5.399999999999997 630.5127657080327
5.499999999999996 630.5132690057025
5.599999999999996 630.5136099684266
5.699999999999996 630.5138400319291
5.799999999999995 630.5139926611145
5.899999999999995 630.5141015545761
5.999999999999995 630.514179314699
6.099999999999994 630.5142352601185
6.199999999999994 630.5142756274762
6.299999999999994 630.514303802485
6.399999999999993 630.5143235670531
6.499999999999993 630.5143375389889
6.599999999999993 630.5143472261891
6.699999999999992 630.5143544390621
6.799999999999992 630.5143642169292
6.899999999999991 630.514372389986
6.999999999999991 630.5143789582324
7.099999999999991 630.5143839216686
7.19999999999999 630.5143872802944
7.29999999999999 630.5143890341099
7.39999999999999 630.5143891831151
7.499999999999989 630.5143877273099
7.599999999999989 630.5143846666945
7.699999999999989 630.5143838089236
7.799999999999988 630.5143846246344
7.899999999999988 630.5143850483739
7.999999999999988 630.5143850801422
8.099999999999987 630.5143847199394
8.199999999999987 630.5143839677653
8.299999999999986 630.5143828236199
8.399999999999986 630.5143812875034
8.499999999999986 630.5143793594157
8.599999999999985 630.5143772354339
8.699999999999985 630.5143766955074
8.799999999999985 630.514376155581
8.899999999999984 630.5143756156546
8.999999999999984 630.5143750757281
9.099999999999984 630.5143745358017
9.199999999999983 630.5143739958752
9.299999999999983 630.5143734559488
9.399999999999983 630.5143729160224
9.499999999999982 630.5143723760959
9.599999999999982 630.5143722299514
9.699999999999982 630.514372214577
9.799999999999981 630.5143721992025
9.899999999999981 630.5143721838281
9.99999999999998 630.5143721684536
10.09999999999998 630.5143721530792
10.19999999999998 630.5143721377048
10.29999999999998 630.5143721223303
10.39999999999998 630.5143721069558
10.49999999999998 630.5143720915813
10.59999999999998 630.5143720762069
10.69999999999998 630.5143720608324
10.79999999999998 630.514372045458
10.89999999999998 630.5143720300836
10.99999999999998 630.5143720147091
11.09999999999998 630.5143719993347
11.19999999999998 630.5143719839602
11.29999999999998 630.5143719685858
11.39999999999998 630.5143719532114
11.49999999999998 630.5143719378369
11.59999999999997 630.5143719224625
11.69999999999997 630.514371907088
11.79999999999997 630.5143718917136
11.89999999999997 630.5143718763392
11.99999999999997 630.5143718609647
12.09999999999997 630.5143718455903
12.19999999999997 630.5143718302159
12.29999999999997 630.5143718148413
12.39999999999997 630.5143717994669
12.49999999999997 630.5143717840924
12.59999999999997 630.514371768718
12.69999999999997 630.5143717533435
12.79999999999997 630.5143717379691
12.89999999999997 630.5143717225947
12.99999999999997 630.5143717072202
13.09999999999997 630.5143716918458
13.19999999999997 630.5143716764713
13.29999999999997 630.5143716610969
13.39999999999997 630.5143716457225
13.49999999999997 630.514371630348
13.59999999999997 630.5143716149736
13.69999999999997 630.5143715995991
13.79999999999997 630.5143715842247
13.89999999999997 630.5143715688503
13.99999999999997 630.5143715534758
14.09999999999997 630.5143715381014
14.19999999999997 630.5143715227268
14.29999999999997 630.5143715073524
14.39999999999996 630.514371491978
14.49999999999996 630.5143714766035
14.59999999999996 630.5143714612291
14.69999999999996 630.5143714458546
14.79999999999996 630.5143714304802
14.89999999999996 630.5143714151058
14.99999999999996 630.5143713997313
15.09999999999996 630.5143713843569
15.19999999999996 630.5143713689824
15.29999999999996 630.514371353608
15.39999999999996 630.5143713382336
15.49999999999996 630.5143713228591
15.59999999999996 630.5143713074847
15.69999999999996 630.5143712921102
15.79999999999996 630.5143712767358
15.89999999999996 630.5143712613614
15.99999999999996 630.5143712459869
16.09999999999996 630.5143712306125
16.19999999999996 630.5143712152379
16.29999999999996 630.5143711998635
16.39999999999996 630.5143711844891
16.49999999999996 630.5143711691146
16.59999999999997 630.5143711537402
16.69999999999997 630.5143711383657
16.79999999999997 630.5143711229913
16.89999999999997 630.5143711076169
16.99999999999997 630.5143710922424
17.09999999999997 630.514371076868
17.19999999999997 630.5143710614935
17.29999999999998 630.5143710461191
17.39999999999998 630.5143710307447
17.49999999999998 630.5143710153702
17.59999999999998 630.5143709999958
17.69999999999998 630.5143709846213
17.79999999999998 630.5143709692469
17.89999999999998 630.5143709538725
17.99999999999999 630.514370938498
18.09999999999999 630.5143709231235
18.19999999999999 630.514370907749
18.29999999999999 630.5143708923746
18.39999999999999 630.5143708770001
18.49999999999999 630.5143708616257
18.59999999999999 630.5143708462513
18.7 630.5143708308768
18.8 630.5143708155024
18.9 630.5143708001279
19 630.514370790485
19.1 630.5143707900471
19.2 630.5143707896093
19.3 630.5143707891714
19.40000000000001 630.5143707887336
19.50000000000001 630.5143707882957
19.60000000000001 630.5143707878577
19.70000000000001 630.5143707874199
19.80000000000001 630.514370786982
19.90000000000001 630.5143707865442
20.00000000000001 630.5143707861063
20.10000000000002 630.5143707856683
20.20000000000002 630.5143707852305
20.30000000000002 630.5143707847926
20.40000000000002 630.5143707843548
20.50000000000002 630.5143707839169
20.60000000000002 630.5143707834791
20.70000000000002 630.5143707830412
20.80000000000003 630.5143707826032
20.90000000000003 630.5143707821654
21.00000000000003 630.5143707817275
21.10000000000003 630.5143707812897
21.20000000000003 630.5143707808518
21.30000000000003 630.514370780414
21.40000000000003 630.514370779976
21.50000000000004 630.5143707795381
21.60000000000004 630.5143707791003
21.70000000000004 630.5143707786624
21.80000000000004 630.5143707782246
21.90000000000004 630.5143707777867
22.00000000000004 630.5143707773487
22.10000000000004 630.5143707769109
22.20000000000005 630.514370776473
22.30000000000005 630.5143707760352
22.40000000000005 630.5143707755973
22.50000000000005 630.5143707751595
22.60000000000005 630.5143707747216
22.70000000000005 630.5143707742836
22.80000000000005 630.5143707738458
22.90000000000006 630.5143707734079
23.00000000000006 630.5143707729701
23.10000000000006 630.5143707725322
23.20000000000006 630.5143707720944
23.30000000000006 630.5143707716564
23.40000000000006 630.5143707712185
23.50000000000006 630.5143707707807
23.60000000000007 630.5143707703428
23.70000000000007 630.514370769905
23.80000000000007 630.5143707694671
23.90000000000007 630.5143707690291
24.00000000000007 630.5143707685913
24.10000000000007 630.5143707681534
24.20000000000007 630.5143707677156
24.30000000000008 630.5143707672777
24.40000000000008 630.5143707668399
24.50000000000008 630.514370766402
24.60000000000008 630.514370765964
24.70000000000008 630.5143707655262
24.80000000000008 630.5143707650883
24.90000000000008 630.5143707646505
25.00000000000009 630.5143707642126
25.10000000000009 630.5143707637748
25.20000000000009 630.5143707633368
25.30000000000009 630.5143707628989
25.40000000000009 630.5143707624611
25.50000000000009 630.5143707620232
25.60000000000009 630.5143707615854
25.7000000000001 630.5143707611475
25.8000000000001 630.5143707607097
25.9000000000001 630.5143707602717
26.0000000000001 630.5143707598338
26.1000000000001 630.514370759396
26.2000000000001 630.5143707589581
26.3000000000001 630.5143707585203
26.40000000000011 630.5143707580824
26.50000000000011 630.5143707576444
26.60000000000011 630.5143707572066
26.70000000000011 630.5143707567687
26.80000000000011 630.5143707563309
26.90000000000011 630.514370755893
27.00000000000011 630.5143707554552
27.10000000000012 630.5143707550172
27.20000000000012 630.5143707545793
27.30000000000012 630.5143707541415
27.40000000000012 630.5143707537036
27.50000000000012 630.5143707532658
27.60000000000012 630.5143707528279
27.70000000000012 630.5143707523901
27.80000000000013 630.5143707519521
27.90000000000013 630.5143707515142
28.00000000000013 630.5143707510764
28.10000000000013 630.5143707506385
28.20000000000013 630.5143707502007
28.30000000000013 630.5143707497627
28.40000000000013 630.5143707493321
28.50000000000014 630.5143707493309
28.60000000000014 630.5143707493296
28.70000000000014 630.5143707493284
28.80000000000014 630.514370749327
28.90000000000014 630.5143707493257
29.00000000000014 630.5143707493245
29.10000000000014 630.5143707493232
29.20000000000014 630.5143707493219
29.30000000000015 630.5143707493206
29.40000000000015 630.5143707493194
29.50000000000015 630.5143707493181
29.60000000000015 630.5143707493168
29.70000000000015 630.5143707493155
29.80000000000015 630.5143707493143
29.90000000000015 630.514370749313
30.00000000000016 630.5143707493116
30.10000000000016 630.5143707493104
30.20000000000016 630.5143707493091
30.30000000000016 630.5143707493079
30.40000000000016 630.5143707493065
30.50000000000016 630.5143707493053
30.60000000000016 630.514370749304
30.70000000000017 630.5143707493028
30.80000000000017 630.5143707493014
30.90000000000017 630.5143707493002
31.00000000000017 630.5143707492989
31.10000000000017 630.5143707492975
31.20000000000017 630.5143707492963
31.30000000000017 630.514370749295
31.40000000000018 630.5143707492938
31.50000000000018 630.5143707492924
31.60000000000018 630.5143707492912
31.70000000000018 630.5143707492899
31.80000000000018 630.5143707492887
31.90000000000018 630.5143707492873
32.00000000000018 630.5143707492861
32.10000000000019 630.5143707492848
32.20000000000019 630.5143707492836
32.30000000000019 630.5143707492822
32.40000000000019 630.5143707492809
32.50000000000019 630.5143707492797
32.60000000000019 630.5143707492784
32.70000000000019 630.5143707492771
32.8000000000002 630.5143707492758
32.9000000000002 630.5143707492746
33.0000000000002 630.5143707492733
33.1000000000002 630.514370749272
33.2000000000002 630.5143707492707
33.3000000000002 630.5143707492695
33.4000000000002 630.5143707492682
33.50000000000021 630.5143707492668
33.60000000000021 630.5143707492656
33.70000000000021 630.5143707492643
33.80000000000021 630.514370749263
33.90000000000021 630.5143707492617
34.00000000000021 630.5143707492605
34.10000000000021 630.5143707492592
34.20000000000022 630.5143707492579
34.30000000000022 630.5143707492566
34.40000000000022 630.5143707492554
34.50000000000022 630.5143707492541
34.60000000000022 630.5143707492527
34.70000000000022 630.5143707492515
34.80000000000022 630.5143707492502
34.90000000000023 630.514370749249
35.00000000000023 630.5143707492476
35.10000000000023 630.5143707492464
35.20000000000023 630.5143707492451
35.30000000000023 630.5143707492439
35.40000000000023 630.5143707492425
35.50000000000023 630.5143707492413
35.60000000000024 630.51437074924
35.70000000000024 630.5143707492388
35.80000000000024 630.5143707492374
35.90000000000024 630.5143707492362
36.00000000000024 630.5143707492349
36.10000000000024 630.5143707492336
36.20000000000024 630.5143707492323
36.30000000000025 630.514370749231
36.40000000000025 630.5143707492298
36.50000000000025 630.5143707492285
36.60000000000025 630.5143707492272
36.70000000000025 630.5143707492259
36.80000000000025 630.5143707492247
36.90000000000025 630.5143707492233
37.00000000000026 630.5143707492221
37.10000000000026 630.5143707492208
37.20000000000026 630.5143707492196
37.30000000000026 630.5143707492182
37.40000000000026 630.5143707492169
37.50000000000026 630.5143707492157
37.60000000000026 630.5143707492144
37.70000000000027 630.5143707492131
37.80000000000027 630.5143707492118
37.90000000000027 630.5143707492106
38.00000000000027 630.5143707492093
38.10000000000027 630.514370749208
38.20000000000027 630.5143707492067
38.30000000000027 630.5143707492055
38.40000000000028 630.5143707492042
38.50000000000028 630.5143707492028
38.60000000000028 630.5143707492016
38.70000000000028 630.5143707492003
38.80000000000028 630.5143707491991
38.90000000000028 630.5143707491977
39.00000000000028 630.5143707491965
39.10000000000029 630.5143707491952
39.20000000000029 630.514370749194
39.30000000000029 630.5143707491926
39.40000000000029 630.5143707491914
39.50000000000029 630.5143707491901
39.60000000000029 630.5143707491887
39.70000000000029 630.5143707491875
39.8000000000003 630.5143707491862
39.9000000000003 630.514370749185
40.0000000000003 630.5143707491836
40.1000000000003 630.5143707491824
40.2000000000003 630.5143707491811
40.3000000000003 630.5143707491799
40.4000000000003 630.5143707491785
40.50000000000031 630.5143707491773
40.60000000000031 630.514370749176
40.70000000000031 630.5143707491748
40.80000000000031 630.5143707491734
40.90000000000031 630.5143707491721
41.00000000000031 630.5143707491709
41.10000000000031 630.5143707491696
41.20000000000032 630.5143707491683
41.30000000000032 630.514370749167
41.40000000000032 630.5143707491658
41.50000000000032 630.5143707491645
41.60000000000032 630.5143707491632
41.70000000000032 630.5143707491619
41.80000000000032 630.5143707491607
41.90000000000033 630.5143707491594
42.00000000000033 630.514370749158
42.10000000000033 630.5143707491568
42.20000000000033 630.5143707491555
42.30000000000033 630.5143707491542
42.40000000000033 630.5143707491529
42.50000000000033 630.5143707491517
42.60000000000034 630.5143707491504
42.70000000000034 630.5143707491491
42.80000000000034 630.5143707491478
42.90000000000034 630.5143707491466
43.00000000000034 630.5143707491453
43.10000000000034 630.5143707491439
43.20000000000034 630.5143707491427
43.30000000000035 630.5143707491414
43.40000000000035 630.5143707491402
43.50000000000035 630.5143707491388
43.60000000000035 630.5143707491376
43.70000000000035 630.5143707491363
43.80000000000035 630.5143707491351
43.90000000000035 630.5143707491337
44.00000000000036 630.5143707491325
44.10000000000036 630.5143707491312
44.20000000000036 630.51437074913
44.30000000000036 630.5143707491286
44.40000000000036 630.5143707491274
44.50000000000036 630.5143707491261
44.60000000000036 630.5143707491249
44.70000000000037 630.5143707491235
44.80000000000037 630.5143707491222
44.90000000000037 630.514370749121
45.00000000000037 630.5143707491197
45.10000000000037 630.5143707491184
45.20000000000037 630.5143707491171
45.30000000000037 630.5143707491159
45.40000000000038 630.5143707491145
45.50000000000038 630.5143707491133
45.60000000000038 630.514370749112
45.70000000000038 630.5143707491108
45.80000000000038 630.5143707491094
45.90000000000038 630.5143707491081
46.00000000000038 630.5143707491069
46.10000000000039 630.5143707491056
46.20000000000039 630.5143707491043
46.30000000000039 630.514370749103
46.40000000000039 630.5143707491018
46.50000000000039 630.5143707491005
46.60000000000039 630.5143707490992
46.70000000000039 630.5143707490979
46.8000000000004 630.5143707490967
46.9000000000004 630.5143707490954
47.0000000000004 630.514370749094
47.1000000000004 630.5143707490928
47.2000000000004 630.5143707490915
47.3000000000004 630.5143707490903
47.4000000000004 630.5143707490889
47.50000000000041 630.5143707490877
47.60000000000041 630.5143707490864
47.70000000000041 630.5143707490852
47.80000000000041 630.5143707490838
47.90000000000041 630.5143707490826
48.00000000000041 630.5143707490813
48.10000000000041 630.5143707490799
48.20000000000041 630.5143707490787
48.30000000000042 630.5143707490774
48.40000000000042 630.5143707490762
48.50000000000042 630.5143707490748
48.60000000000042 630.5143707490736
48.70000000000042 630.5143707490723
48.80000000000042 630.5143707490711
48.90000000000042 630.5143707490697
49.00000000000043 630.5143707490685
49.10000000000043 630.5143707490672
49.20000000000043 630.514370749066
49.30000000000043 630.5143707490646
49.40000000000043 630.5143707490633
49.50000000000043 630.5143707490621
49.60000000000043 630.5143707490608
49.70000000000044 630.5143707490595
49.80000000000044 630.5143707490582
49.90000000000044 630.514370749057