Time X1
0 250
0.1 249.9455790976203
0.2 249.8863867730851
0.3 249.8221451346735
0.4 249.75186012467
0.5 249.6756991618128
0.6 249.5929012729805
0.7 249.5027977695288
0.7999999999999999 249.4047287888352
0.8999999999999999 249.2980340669729
0.9999999999999999 249.1820138510056
1.1 249.0557863514444
1.2 248.9184158258706
1.3 248.7692579723455
1.4 248.6069326399736
1.5 248.4304871861108
1.6 248.238677183207
1.7 248.0301684268001
1.8 247.8035136643199
1.900000000000001 247.5571625911897
2 247.2894338521218
2.100000000000001 246.9985137358909
2.200000000000001 246.6824251810067
2.300000000000001 246.339059361351
2.400000000000001 245.9661671101451
2.500000000000001 245.5612482955407
2.600000000000001 245.1216416437481
2.700000000000001 244.6445398212232
2.800000000000001 244.1267940588757
2.900000000000001 243.5651327959305
3.000000000000001 242.9560458437217
3.100000000000001 242.2957179073827
3.200000000000002 241.5800892317568
3.300000000000002 240.8048584751986
3.400000000000002 239.9654427579105
3.500000000000002 239.0569877580782
3.600000000000002 238.0743449960625
3.700000000000002 237.0120350647295
3.800000000000002 235.8642434941946
3.900000000000002 234.6249208900296
4.000000000000002 233.2879161569362
4.100000000000001 231.846766049682
4.200000000000001 230.2948146303166
4.300000000000001 228.6253360277757
4.4 226.8314399264348
4.5 224.9061584263703
4.6 222.8428105236057
4.699999999999999 220.6348825398549
4.799999999999999 218.276190413497
4.899999999999999 215.7611662350491
4.999999999999998 213.0848047180713
5.099999999999998 210.2431517291512
5.199999999999998 207.2334214540518
5.299999999999997 204.0541200720174
5.399999999999997 200.7056320821761
5.499999999999996 197.1902015649095
5.599999999999996 193.5122954477694
5.699999999999996 189.6789439507497
5.799999999999995 185.6998847411769
5.899999999999995 181.5875834909596
5.999999999999995 177.357575198918
6.099999999999994 173.0285092695178
6.199999999999994 168.6214217642147
6.299999999999994 164.1599955385919
6.399999999999993 159.6700127003561
6.499999999999993 155.1789952415945
6.599999999999993 150.7151709726781
6.699999999999992 146.3071416361623
6.799999999999992 141.9828129298516
6.899999999999991 137.7688405242463
6.999999999999991 133.6897148616209
7.099999999999991 129.7672760738116
7.19999999999999 126.0200570184693
7.29999999999999 122.4630892330091
7.39999999999999 119.1075209064154
7.499999999999989 115.9607694186478
7.599999999999989 113.0266810107012
7.699999999999989 110.3056272563175
7.799999999999988 107.7949406265244
7.899999999999988 105.489374140737
7.999999999999988 103.3815472145256
8.099999999999987 101.462383511838
8.199999999999987 99.72158271877555
8.299999999999986 98.14801341278087
8.399999999999986 96.73006217723727
8.499999999999986 95.45599276903876
8.599999999999985 94.31424682024301
8.699999999999985 93.29340982645402
8.799999999999985 92.38257593463875
8.899999999999984 91.57143457263722
8.999999999999984 90.850290771418
9.099999999999984 90.21012904369968
9.199999999999983 89.64260424646999
9.299999999999983 89.14007861373146
9.399999999999983 88.69556944058054
9.499999999999982 88.30275636747314
9.599999999999982 87.95590906569456
9.699999999999982 87.64987308443177
9.799999999999981 87.38002071595939
9.899999999999981 87.14221739086376
9.99999999999998 86.93275786601546
10.09999999999998 86.74834567657771
10.19999999999998 86.58605016270371
10.29999999999998 86.44326527327135
10.39999999999998 86.31768674907104
10.49999999999998 86.20726860733299
10.59999999999998 86.11020580249524
10.69999999999998 86.02489903653202
10.79999999999998 85.94993807483672
10.89999999999998 85.88407978106503
10.99999999999998 85.82622709262625
11.09999999999998 85.77541777491771
11.19999999999998 85.73078897734777
11.29999999999998 85.69159562576294
11.39999999999998 85.65718197432129
11.49999999999998 85.62696121605094
11.59999999999997 85.60043054954808
11.69999999999997 85.57713995879065
11.79999999999997 85.55669190993972
11.89999999999997 85.53874493449263
11.99999999999997 85.52298955258009
12.09999999999997 85.50915878478071
12.19999999999997 85.49702016463044
12.29999999999997 85.48636440659833
12.39999999999997 85.47701265438117
12.49999999999997 85.46880552170938
12.59999999999997 85.46160142117486
12.69999999999997 85.45527977099948
12.79999999999997 85.44973131182006
12.89999999999997 85.44486118846061
12.99999999999997 85.44058760190427
13.09999999999997 85.43683575296727
13.19999999999997 85.43354490240937
13.29999999999997 85.43065653023643
13.39999999999997 85.42812145082577
13.49999999999997 85.42589754701733
13.59999999999997 85.42394587909207
13.69999999999997 85.42223180648467
13.79999999999997 85.42072578492882
13.89999999999997 85.41940291973363
13.99999999999997 85.41824275863603
14.09999999999997 85.4172269246568
14.19999999999997 85.41633516661898
14.29999999999997 85.41555289861604
14.39999999999996 85.41486833474707
14.49999999999996 85.41426802279999
14.59999999999996 85.41374071657127
14.69999999999996 85.41327778409531
14.79999999999996 85.41286907541003
14.89999999999996 85.41251366760676
14.99999999999996 85.41219993200964
15.09999999999996 85.41192486324658
15.19999999999996 85.41168373476802
15.29999999999996 85.41147253014472
15.39999999999996 85.41128750959494
15.49999999999996 85.41112498569967
15.59999999999996 85.41098268410505
15.69999999999996 85.41085815459161
15.79999999999996 85.41074849676285
15.89999999999996 85.41065081140614
15.99999999999996 85.41056407273147
16.09999999999996 85.41048805592652
16.19999999999996 85.41042131315179
16.29999999999996 85.41036239656778
16.39999999999996 85.4103048731788
16.49999999999996 85.41026305598878
16.59999999999997 85.41022510213733
16.69999999999997 85.41019101162445
16.79999999999997 85.41016067924409
16.89999999999997 85.41013368080215
16.99999999999997 85.41010997160286
17.09999999999997 85.41008955164624
17.19999999999997 85.41007238877619
17.29999999999998 85.41005744960891
17.39999999999998 85.41004423810215
17.49999999999998 85.41003275425587
17.59999999999998 85.41002299807008
17.69999999999998 85.41001467527559
17.79999999999998 85.41000717992554
17.89999999999998 85.41000049373723
17.99999999999999 85.40999461671065
18.09999999999999 85.40998952078516
18.19999999999999 85.40998494394385
18.29999999999999 85.40998082199523
18.39999999999999 85.4099771549393
18.49999999999999 85.40997394277603
18.59999999999999 85.40997110174941
18.7 85.40996854660861
18.8 85.40996627735194
18.9 85.40996429397943
19 85.40996257612636
19.1 85.40996103796166
19.2 85.40995966990126
19.3 85.40995847194515
19.40000000000001 85.40995744273266
19.50000000000001 85.40995653328217
19.60000000000001 85.40995571907611
19.70000000000001 85.40995500011445
19.80000000000001 85.40995437639721
19.90000000000001 85.40995383493154
20.00000000000001 85.40995334782251
20.10000000000002 85.40995291413212
20.20000000000002 85.40995253386036
20.30000000000002 85.40995210425227
20.40000000000002 85.40995154996332
20.50000000000002 85.40995102817998
20.60000000000002 85.40995053890219
20.70000000000002 85.40995008213
20.80000000000003 85.40994965786339
20.90000000000003 85.40994926610236
21.00000000000003 85.40994890684689
21.10000000000003 85.40994858009702
21.20000000000003 85.40994828585274
21.30000000000003 85.40994802411402
21.40000000000003 85.40994779488089
21.50000000000004 85.40994759815334
21.60000000000004 85.40994743393136
21.70000000000004 85.40994730221497
21.80000000000004 85.40994720300417
21.90000000000004 85.40994713629894
22.00000000000004 85.4099471020993
22.10000000000004 85.40994710040523
22.20000000000005 85.40994713121674
22.30000000000005 85.40994719453384
22.40000000000005 85.40994729035651
22.50000000000005 85.40994741868477
22.60000000000005 85.4099475795186
22.70000000000005 85.40994777285802
22.80000000000005 85.40994790673416
22.90000000000006 85.40994784075838
23.00000000000006 85.40994778297936
23.10000000000006 85.40994773339708
23.20000000000006 85.40994769201156
23.30000000000006 85.4099476588228
23.40000000000006 85.4099476338308
23.50000000000006 85.40994761703556
23.60000000000007 85.40994760843707
23.70000000000007 85.40994760803532
23.80000000000007 85.40994761583035
23.90000000000007 85.40994763182212
24.00000000000007 85.40994765601066
24.10000000000007 85.40994768839595
24.20000000000007 85.40994772897798
24.30000000000008 85.40994777775678
24.40000000000008 85.40994783473235
24.50000000000008 85.40994789990465
24.60000000000008 85.40994797327373
24.70000000000008 85.40994805483955
24.80000000000008 85.40994814460213
24.90000000000008 85.40994824256147
25.00000000000009 85.40994834871756
25.10000000000009 85.40994846307041
25.20000000000009 85.40994858562001
25.30000000000009 85.40994868551725
25.40000000000009 85.40994871692742
25.50000000000009 85.40994874833758
25.60000000000009 85.40994877974775
25.7000000000001 85.40994881115792
25.8000000000001 85.40994884256808
25.9000000000001 85.40994887397825
26.0000000000001 85.40994890538842
26.1000000000001 85.40994893679859
26.2000000000001 85.40994896820875
26.3000000000001 85.40994899961892
26.40000000000011 85.40994903102909
26.50000000000011 85.40994906243925
26.60000000000011 85.40994909384942
26.70000000000011 85.40994912525959
26.80000000000011 85.40994915666975
26.90000000000011 85.40994918807992
27.00000000000011 85.40994921949009
27.10000000000012 85.40994925090025
27.20000000000012 85.40994928231042
27.30000000000012 85.40994931372059
27.40000000000012 85.40994934513076
27.50000000000012 85.40994937654092
27.60000000000012 85.40994940795109
27.70000000000012 85.40994943936126
27.80000000000013 85.4099494670325
27.90000000000013 85.4099494679627
28.00000000000013 85.40994946889292
28.10000000000013 85.40994946982313
28.20000000000013 85.40994947075333
28.30000000000013 85.40994947168355
28.40000000000013 85.40994947261375
28.50000000000014 85.40994947354396
28.60000000000014 85.40994947447416
28.70000000000014 85.40994947540437
28.80000000000014 85.40994947633457
28.90000000000014 85.40994947726479
29.00000000000014 85.409949478195
29.10000000000014 85.4099494791252
29.20000000000014 85.40994948005542
29.30000000000015 85.40994948098562
29.40000000000015 85.40994948191583
29.50000000000015 85.40994948284603
29.60000000000015 85.40994948377624
29.70000000000015 85.40994948470644
29.80000000000015 85.40994948563666
29.90000000000015 85.40994948656687
30.00000000000016 85.40994948749707
30.10000000000016 85.40994948842729
30.20000000000016 85.40994948935749
30.30000000000016 85.4099494902877
30.40000000000016 85.4099494912179
30.50000000000016 85.40994949214812
30.60000000000016 85.40994949307832
30.70000000000017 85.40994949400853
30.80000000000017 85.40994949493874
30.90000000000017 85.40994949586894
31.00000000000017 85.40994949679916
31.10000000000017 85.40994949772936
31.20000000000017 85.40994949865957
31.30000000000017 85.40994949958977
31.40000000000018 85.40994950051999
31.50000000000018 85.40994950145019
31.60000000000018 85.4099495023804
31.70000000000018 85.4099495033106
31.80000000000018 85.40994950424081
31.90000000000018 85.40994950517103
32.00000000000018 85.40994950610123
32.10000000000019 85.40994950703144
32.20000000000019 85.40994950796164
32.30000000000019 85.40994950889186
32.40000000000019 85.40994950982206
32.50000000000019 85.40994951075227
32.60000000000019 85.40994951168247
32.70000000000019 85.40994951261268
32.8000000000002 85.4099495135429
32.9000000000002 85.4099495144731
33.0000000000002 85.40994951540331
33.1000000000002 85.40994951633351
33.2000000000002 85.40994951726373
33.3000000000002 85.40994951819393
33.4000000000002 85.40994951912414
33.50000000000021 85.40994952005434
33.60000000000021 85.40994952098455
33.70000000000021 85.40994952191477
33.80000000000021 85.40994952284497
33.90000000000021 85.40994952377518
34.00000000000021 85.40994952470538
34.10000000000021 85.4099495256356
34.20000000000022 85.4099495265658
34.30000000000022 85.40994952749601
34.40000000000022 85.40994952842621
34.50000000000022 85.40994952935642
34.60000000000022 85.40994953028664
34.70000000000022 85.40994953121684
34.80000000000022 85.40994953214705
34.90000000000023 85.40994953307725
35.00000000000023 85.40994953400747
35.10000000000023 85.40994953493767
35.20000000000023 85.40994953586788
35.30000000000023 85.40994953679808
35.40000000000023 85.40994953772829
35.50000000000023 85.40994953865849
35.60000000000024 85.40994953958871
35.70000000000024 85.40994954051892
35.80000000000024 85.40994954144912
35.90000000000024 85.40994954237934
36.00000000000024 85.40994954330954
36.10000000000024 85.40994954423975
36.20000000000024 85.40994954516995
36.30000000000025 85.40994954610017
36.40000000000025 85.40994954703037
36.50000000000025 85.40994954796058
36.60000000000025 85.40994954889079
36.70000000000025 85.40994954982099
36.80000000000025 85.40994955075121
36.90000000000025 85.40994955168141
37.00000000000026 85.40994955261162
37.10000000000026 85.40994955354182
37.20000000000026 85.40994955447204
37.30000000000026 85.40994955540224
37.40000000000026 85.40994955633245
37.50000000000026 85.40994955726266
37.60000000000026 85.40994955819286
37.70000000000027 85.40994955912308
37.80000000000027 85.40994956005328
37.90000000000027 85.40994956098349
38.00000000000027 85.40994956191369
38.10000000000027 85.40994956284391
38.20000000000027 85.40994956377411
38.30000000000027 85.40994956470432
38.40000000000028 85.40994956563453
38.50000000000028 85.40994956656473
38.60000000000028 85.40994956749495
38.70000000000028 85.40994956842515
38.80000000000028 85.40994956935536
38.90000000000028 85.40994957028556
39.00000000000028 85.40994957121578
39.10000000000029 85.40994957214598
39.20000000000029 85.40994957307619
39.30000000000029 85.4099495740064
39.40000000000029 85.4099495749366
39.50000000000029 85.40994957586682
39.60000000000029 85.40994957679702
39.70000000000029 85.40994957772723
39.8000000000003 85.40994957865743
39.9000000000003 85.40994957958765
40.0000000000003 85.40994958051785
40.1000000000003 85.40994958144806
40.2000000000003 85.40994958237826
40.3000000000003 85.40994958330847
40.4000000000003 85.40994958423869
40.50000000000031 85.40994958516889
40.60000000000031 85.4099495860991
40.70000000000031 85.4099495870293
40.80000000000031 85.40994958795952
40.90000000000031 85.40994958888972
41.00000000000031 85.40994958981993
41.10000000000031 85.40994959075013
41.20000000000032 85.40994959168034
41.30000000000032 85.40994959261056
41.40000000000032 85.40994959354076
41.50000000000032 85.40994959447097
41.60000000000032 85.40994959540117
41.70000000000032 85.40994959633139
41.80000000000032 85.40994959726159
41.90000000000033 85.4099495981918
42.00000000000033 85.409949599122
42.10000000000033 85.40994960005222
42.20000000000033 85.40994960098243
42.30000000000033 85.40994960191263
42.40000000000033 85.40994960284284
42.50000000000033 85.40994960377304
42.60000000000034 85.40994960470326
42.70000000000034 85.40994960563346
42.80000000000034 85.40994960656367
42.90000000000034 85.40994960749387
43.00000000000034 85.40994960842409
43.10000000000034 85.4099496093543
43.20000000000034 85.4099496102845
43.30000000000035 85.40994961121471
43.40000000000035 85.40994961214491
43.50000000000035 85.40994961307513
43.60000000000035 85.40994961400533
43.70000000000035 85.40994961493554
43.80000000000035 85.40994961586574
43.90000000000035 85.40994961679596
44.00000000000036 85.40994961772617
44.10000000000036 85.40994961865637
44.20000000000036 85.40994961958658
44.30000000000036 85.40994962051678
44.40000000000036 85.409949621447
44.50000000000036 85.4099496223772
44.60000000000036 85.40994962330741
44.70000000000037 85.40994962423761
44.80000000000037 85.40994962516783
44.90000000000037 85.40994962609803
45.00000000000037 85.40994962702824
45.10000000000037 85.40994962795845
45.20000000000037 85.40994962888865
45.30000000000037 85.40994962981887
45.40000000000038 85.40994963074907
45.50000000000038 85.40994963167928
45.60000000000038 85.40994963260948
45.70000000000038 85.4099496335397
45.80000000000038 85.4099496344699
45.90000000000038 85.40994963540011
46.00000000000038 85.40994963633032
46.10000000000039 85.40994963726052
46.20000000000039 85.40994963819074
46.30000000000039 85.40994963912094
46.40000000000039 85.40994964005115
46.50000000000039 85.40994964098135
46.60000000000039 85.40994964191157
46.70000000000039 85.40994964284177
46.8000000000004 85.40994964377198
46.9000000000004 85.40994964470219
47.0000000000004 85.40994964563239
47.1000000000004 85.40994964656261
47.2000000000004 85.40994964749281
47.3000000000004 85.40994964842302
47.4000000000004 85.40994964935322
47.50000000000041 85.40994965028344
47.60000000000041 85.40994965121364
47.70000000000041 85.40994965214385
47.80000000000041 85.40994965307407
47.90000000000041 85.40994965400427
48.00000000000041 85.40994965493448
48.10000000000041 85.40994965586468
48.20000000000041 85.40994965679489
48.30000000000042 85.40994965772509
48.40000000000042 85.40994965865531
48.50000000000042 85.40994965958551
48.60000000000042 85.40994966051572
48.70000000000042 85.40994966144594
48.80000000000042 85.40994966237614
48.90000000000042 85.40994966330635
49.00000000000043 85.40994966423655
49.10000000000043 85.40994966516676
49.20000000000043 85.40994966609696
49.30000000000043 85.40994966702718
49.40000000000043 85.40994966795738
49.50000000000043 85.40994966888759
49.60000000000043 85.40994966981779
49.70000000000044 85.40994967074801
49.80000000000044 85.40994967167822
49.90000000000044 85.40994967260842