Time X1
0 250
0.1 250.21785678015
0.2 250.4555981678899
0.3 250.7152625494532
0.4 250.9984961880807
0.5 251.3078927156891
0.6 251.6458657287502
0.7 252.0150290268199
0.7999999999999999 252.4184458768456
0.8999999999999999 252.8591130538946
0.9999999999999999 253.3407971783109
1.1 253.8673284608629
1.2 254.4430698828195
1.3 255.0728065715104
1.4 255.7618003594449
1.5 256.5158715785367
1.6 257.3414414685429
1.7 258.2455410688327
1.8 259.2361059586662
1.900000000000001 260.3217422317492
2 261.5122335037182
2.100000000000001 262.8181744795787
2.200000000000001 264.2515110586591
2.300000000000001 265.8255115039285
2.400000000000001 267.5548900697771
2.500000000000001 269.4561221652788
2.600000000000001 271.5475682023631
2.700000000000001 273.8496948291868
2.800000000000001 276.3852739514278
2.900000000000001 279.1797063608749
3.000000000000001 282.2613770329806
3.100000000000001 285.6617576480785
3.200000000000002 289.4158641132773
3.300000000000002 293.562443474071
3.400000000000002 298.1440540891212
3.500000000000002 303.2072192161335
3.600000000000002 308.8026093368991
3.700000000000002 314.9837732705412
3.800000000000002 321.8070066034853
3.900000000000002 329.3291453993322
4.000000000000002 337.6063799399573
4.100000000000001 346.6886045134494
4.200000000000001 356.61562868788
4.300000000000001 367.4104582232325
4.4 379.0703085928967
4.5 391.5569738399587
4.6 404.787323952616
4.699999999999999 418.6246260935003
4.799999999999999 432.8746907036941
4.899999999999999 447.2895448877478
4.999999999999998 461.5809390685203
5.099999999999998 475.4416398976073
5.199999999999998 488.5757084823483
5.299999999999997 500.7286081841395
5.399999999999997 511.7119285940981
5.499999999999996 521.4168103435326
5.599999999999996 529.8142435096177
5.699999999999996 536.9442040369886
5.799999999999995 542.898061078741
5.899999999999995 547.7991328439603
5.999999999999995 551.7851579227844
6.099999999999994 554.9947764631147
6.199999999999994 557.5580278704646
6.299999999999994 559.5915889324281
6.399999999999993 561.1964367247431
6.499999999999993 562.4576343223905
6.599999999999993 563.4454408019116
6.699999999999992 564.2171179097328
6.799999999999992 564.818725234937
6.899999999999991 565.2869836329988
6.999999999999991 565.6509775494061
7.099999999999991 565.9336790538993
7.19999999999999 566.153069219287
7.29999999999999 566.3232164198913
7.39999999999999 566.4551175373368
7.499999999999989 566.5573385913651
7.599999999999989 566.636526029159
7.699999999999989 566.6978553374028
7.799999999999988 566.7453790461393
7.899999999999988 566.7821937643637
7.999999999999988 566.8106688185339
8.099999999999987 566.8326879429063
8.199999999999987 566.8497360401057
8.299999999999986 566.8629395178406
8.399999999999986 566.8731588897049
8.499999999999986 566.8810488169746
8.599999999999985 566.8871563105101
8.699999999999985 566.8918726236044
8.799999999999985 566.8955665167856
8.899999999999984 566.8984354646115
8.999999999999984 566.900752299411
9.099999999999984 566.9023889603271
9.199999999999983 566.9037177034381
9.299999999999983 566.9047695123379
9.399999999999983 566.9055532737182
9.499999999999982 566.9061511999827
9.599999999999982 566.9066019972186
9.699999999999982 566.9069415898049
9.799999999999981 566.9072112916608
9.899999999999981 566.9074192261633
9.99999999999998 566.9075872687157
10.09999999999998 566.9077182939568
10.19999999999998 566.9078232473155
10.29999999999998 566.9079043976277
10.39999999999998 566.9079683149187
10.49999999999998 566.9080178661269
10.59999999999998 566.9080561083422
10.69999999999998 566.9080862650986
10.79999999999998 566.9081093147033
10.89999999999998 566.908127710748
10.99999999999998 566.9081418098352
11.09999999999998 566.9081530562794
11.19999999999998 566.9081617279855
11.29999999999998 566.9081685791859
11.39999999999998 566.9081739494286
11.49999999999998 566.9081818298652
11.59999999999997 566.9081887889675
11.69999999999997 566.9081948267356
11.79999999999997 566.9081999431693
11.89999999999997 566.9082041382687
11.99999999999997 566.9082074120338
12.09999999999997 566.9082097644646
12.19999999999997 566.9082111955611
12.29999999999997 566.9082117053232
12.39999999999997 566.9082112937512
12.49999999999997 566.9082099608447
12.59999999999997 566.9082077066039
12.69999999999997 566.9082061574229
12.79999999999997 566.9082070026403
12.89999999999997 566.9082076142281
12.99999999999997 566.9082079921865
13.09999999999997 566.9082081365153
13.19999999999997 566.9082080472147
13.29999999999997 566.9082077242845
13.39999999999997 566.9082071677249
13.49999999999997 566.9082063775356
13.59999999999997 566.908205353717
13.69999999999997 566.9082040962688
13.79999999999997 566.9082026051911
13.89999999999997 566.9082008804839
13.99999999999997 566.9082001351444
14.09999999999997 566.9081996785405
14.19999999999997 566.9081992219366
14.29999999999997 566.9081987653327
14.39999999999996 566.9081983087289
14.49999999999996 566.9081978521249
14.59999999999996 566.908197395521
14.69999999999996 566.9081969389172
14.79999999999996 566.9081964823132
14.89999999999996 566.9081960257093
14.99999999999996 566.9081955691055
15.09999999999996 566.9081951125016
15.19999999999996 566.9081946879129
15.29999999999996 566.9081946742413
15.39999999999996 566.9081946605696
15.49999999999996 566.908194646898
15.59999999999996 566.9081946332263
15.69999999999996 566.9081946195547
15.79999999999996 566.9081946058832
15.89999999999996 566.9081945922115
15.99999999999996 566.9081945785399
16.09999999999996 566.9081945648683
16.19999999999996 566.9081945511966
16.29999999999996 566.908194537525
16.39999999999996 566.9081945238534
16.49999999999996 566.9081945101817
16.59999999999997 566.9081944965101
16.69999999999997 566.9081944828384
16.79999999999997 566.9081944691668
16.89999999999997 566.9081944554953
16.99999999999997 566.9081944418236
17.09999999999997 566.908194428152
17.19999999999997 566.9081944144804
17.29999999999998 566.9081944008087
17.39999999999998 566.9081943871371
17.49999999999998 566.9081943734654
17.59999999999998 566.9081943597938
17.69999999999998 566.9081943461222
17.79999999999998 566.9081943324505
17.89999999999998 566.908194318779
17.99999999999999 566.9081943051074
18.09999999999999 566.9081942914357
18.19999999999999 566.9081942777641
18.29999999999999 566.9081942640925
18.39999999999999 566.9081942504208
18.49999999999999 566.9081942367492
18.59999999999999 566.9081942230775
18.7 566.9081942094059
18.8 566.9081941957343
18.9 566.9081941820627
19 566.9081941683911
19.1 566.9081941547195
19.2 566.9081941410478
19.3 566.9081941273762
19.40000000000001 566.9081941137046
19.50000000000001 566.9081941000329
19.60000000000001 566.9081940863613
19.70000000000001 566.9081940726896
19.80000000000001 566.908194059018
19.90000000000001 566.9081940453464
20.00000000000001 566.9081940316748
20.10000000000002 566.9081940180032
20.20000000000002 566.9081940043316
20.30000000000002 566.9081939906599
20.40000000000002 566.9081939769883
20.50000000000002 566.9081939633166
20.60000000000002 566.908193949645
20.70000000000002 566.9081939359734
20.80000000000003 566.9081939223017
20.90000000000003 566.9081939086301
21.00000000000003 566.9081938949586
21.10000000000003 566.9081938812869
21.20000000000003 566.9081938676153
21.30000000000003 566.9081938539437
21.40000000000003 566.908193840272
21.50000000000004 566.9081938266004
21.60000000000004 566.9081938129287
21.70000000000004 566.9081937992571
21.80000000000004 566.9081937855855
21.90000000000004 566.9081937719138
22.00000000000004 566.9081937582422
22.10000000000004 566.9081937445707
22.20000000000005 566.908193730899
22.30000000000005 566.9081937172274
22.40000000000005 566.9081937035558
22.50000000000005 566.9081936898841
22.60000000000005 566.9081936762125
22.70000000000005 566.9081936625408
22.80000000000005 566.9081936488692
22.90000000000006 566.9081936351976
23.00000000000006 566.9081936215259
23.10000000000006 566.9081936078544
23.20000000000006 566.9081935941828
23.30000000000006 566.9081935805111
23.40000000000006 566.9081935668395
23.50000000000006 566.9081935531678
23.60000000000007 566.9081935394962
23.70000000000007 566.9081935258246
23.80000000000007 566.9081935121529
23.90000000000007 566.9081934984813
24.00000000000007 566.9081934848097
24.10000000000007 566.9081934711381
24.20000000000007 566.9081934574665
24.30000000000008 566.9081934437949
24.40000000000008 566.9081934301232
24.50000000000008 566.9081934164516
24.60000000000008 566.9081934027799
24.70000000000008 566.9081933891083
24.80000000000008 566.9081933754367
24.90000000000008 566.908193361765
25.00000000000009 566.9081933480934
25.10000000000009 566.9081933344218
25.20000000000009 566.9081933207502
25.30000000000009 566.9081933070786
25.40000000000009 566.908193293407
25.50000000000009 566.9081932797353
25.60000000000009 566.9081932660637
25.7000000000001 566.908193252392
25.8000000000001 566.9081932387204
25.9000000000001 566.9081932250488
26.0000000000001 566.9081932113771
26.1000000000001 566.9081931977055
26.2000000000001 566.908193184034
26.3000000000001 566.9081931703623
26.40000000000011 566.9081931566907
26.50000000000011 566.908193143019
26.60000000000011 566.9081931293474
26.70000000000011 566.9081931156758
26.80000000000011 566.9081931020041
26.90000000000011 566.9081930883325
27.00000000000011 566.9081930746609
27.10000000000012 566.9081930609892
27.20000000000012 566.9081930473176
27.30000000000012 566.9081930336461
27.40000000000012 566.9081930199744
27.50000000000012 566.9081930063028
27.60000000000012 566.9081929926311
27.70000000000012 566.9081929789595
27.80000000000013 566.9081929652879
27.90000000000013 566.9081929597827
28.00000000000013 566.9081929593732
28.10000000000013 566.9081929589638
28.20000000000013 566.9081929585543
28.30000000000013 566.9081929581448
28.40000000000013 566.9081929577354
28.50000000000014 566.9081929573259
28.60000000000014 566.9081929569165
28.70000000000014 566.908192956507
28.80000000000014 566.9081929560975
28.90000000000014 566.9081929556882
29.00000000000014 566.9081929552787
29.10000000000014 566.9081929548693
29.20000000000014 566.9081929544598
29.30000000000015 566.9081929540503
29.40000000000015 566.9081929536409
29.50000000000015 566.9081929532314
29.60000000000015 566.9081929528219
29.70000000000015 566.9081929524125
29.80000000000015 566.908192952003
29.90000000000015 566.9081929515936
30.00000000000016 566.9081929511841
30.10000000000016 566.9081929507746
30.20000000000016 566.9081929503652
30.30000000000016 566.9081929499557
30.40000000000016 566.9081929495463
30.50000000000016 566.9081929491368
30.60000000000016 566.9081929487273
30.70000000000017 566.9081929483179
30.80000000000017 566.9081929479084
30.90000000000017 566.9081929474989
31.00000000000017 566.9081929470896
31.10000000000017 566.9081929466801
31.20000000000017 566.9081929462707
31.30000000000017 566.9081929458612
31.40000000000018 566.9081929454517
31.50000000000018 566.9081929450423
31.60000000000018 566.9081929446328
31.70000000000018 566.9081929442234
31.80000000000018 566.9081929438139
31.90000000000018 566.9081929434044
32.00000000000018 566.908192942995
32.10000000000019 566.9081929425855
32.20000000000019 566.908192942176
32.30000000000019 566.9081929417666
32.40000000000019 566.9081929413571
32.50000000000019 566.9081929409477
32.60000000000019 566.9081929405382
32.70000000000019 566.9081929401287
32.8000000000002 566.9081929397194
32.9000000000002 566.9081929393099
33.0000000000002 566.9081929389005
33.1000000000002 566.908192938491
33.2000000000002 566.9081929380815
33.3000000000002 566.9081929376721
33.4000000000002 566.9081929372626
33.50000000000021 566.9081929368531
33.60000000000021 566.9081929364437
33.70000000000021 566.9081929360342
33.80000000000021 566.9081929356248
33.90000000000021 566.9081929352153
34.00000000000021 566.9081929348058
34.10000000000021 566.9081929343964
34.20000000000022 566.9081929339869
34.30000000000022 566.9081929335775
34.40000000000022 566.908192933168
34.50000000000022 566.9081929327585
34.60000000000022 566.9081929323492
34.70000000000022 566.9081929319397
34.80000000000022 566.9081929315302
34.90000000000023 566.9081929311208
35.00000000000023 566.9081929307113
35.10000000000023 566.9081929303019
35.20000000000023 566.9081929298924
35.30000000000023 566.9081929294829
35.40000000000023 566.9081929290735
35.50000000000023 566.908192928664
35.60000000000024 566.9081929282546
35.70000000000024 566.9081929278451
35.80000000000024 566.9081929274356
35.90000000000024 566.9081929270262
36.00000000000024 566.9081929266167
36.10000000000024 566.9081929262072
36.20000000000024 566.9081929257978
36.30000000000025 566.9081929253883
36.40000000000025 566.9081929249789
36.50000000000025 566.9081929245694
36.60000000000025 566.9081929241599
36.70000000000025 566.9081929237506
36.80000000000025 566.9081929233411
36.90000000000025 566.9081929229317
37.00000000000026 566.9081929225222
37.10000000000026 566.9081929221127
37.20000000000026 566.9081929217033
37.30000000000026 566.9081929212938
37.40000000000026 566.9081929208843
37.50000000000026 566.9081929204749
37.60000000000026 566.9081929200654
37.70000000000027 566.908192919656
37.80000000000027 566.9081929192465
37.90000000000027 566.908192918837
38.00000000000027 566.9081929184276
38.10000000000027 566.9081929180181
38.20000000000027 566.9081929176087
38.30000000000027 566.9081929171992
38.40000000000028 566.9081929167897
38.50000000000028 566.9081929163804
38.60000000000028 566.9081929159709
38.70000000000028 566.9081929155614
38.80000000000028 566.908192915152
38.90000000000028 566.9081929147425
39.00000000000028 566.9081929143331
39.10000000000029 566.9081929139236
39.20000000000029 566.9081929135141
39.30000000000029 566.9081929131047
39.40000000000029 566.9081929126952
39.50000000000029 566.9081929122858
39.60000000000029 566.9081929118763
39.70000000000029 566.9081929114668
39.8000000000003 566.9081929110574
39.9000000000003 566.9081929106479
40.0000000000003 566.9081929102384
40.1000000000003 566.908192909829
40.2000000000003 566.9081929094195
40.3000000000003 566.9081929090102
40.4000000000003 566.9081929086007
40.50000000000031 566.9081929082562
40.60000000000031 566.9081929082549
40.70000000000031 566.9081929082537
40.80000000000031 566.9081929082524
40.90000000000031 566.9081929082512
41.00000000000031 566.9081929082499
41.10000000000031 566.9081929082486
41.20000000000032 566.9081929082473
41.30000000000032 566.9081929082461
41.40000000000032 566.9081929082448
41.50000000000032 566.9081929082436
41.60000000000032 566.9081929082423
41.70000000000032 566.9081929082411
41.80000000000032 566.9081929082398
41.90000000000033 566.9081929082386
42.00000000000033 566.9081929082373
42.10000000000033 566.9081929082361
42.20000000000033 566.9081929082347
42.30000000000033 566.9081929082334
42.40000000000033 566.9081929082322
42.50000000000033 566.9081929082309
42.60000000000034 566.9081929082297
42.70000000000034 566.9081929082284
42.80000000000034 566.9081929082272
42.90000000000034 566.9081929082259
43.00000000000034 566.9081929082247
43.10000000000034 566.9081929082234
43.20000000000034 566.9081929082222
43.30000000000035 566.9081929082208
43.40000000000035 566.9081929082196
43.50000000000035 566.9081929082183
43.60000000000035 566.9081929082171
43.70000000000035 566.9081929082158
43.80000000000035 566.9081929082146
43.90000000000035 566.9081929082133
44.00000000000036 566.9081929082121
44.10000000000036 566.9081929082108
44.20000000000036 566.9081929082096
44.30000000000036 566.9081929082083
44.40000000000036 566.908192908207
44.50000000000036 566.9081929082057
44.60000000000036 566.9081929082045
44.70000000000037 566.9081929082032
44.80000000000037 566.908192908202
44.90000000000037 566.9081929082007
45.00000000000037 566.9081929081995
45.10000000000037 566.9081929081982
45.20000000000037 566.908192908197
45.30000000000037 566.9081929081957
45.40000000000038 566.9081929081945
45.50000000000038 566.9081929081931
45.60000000000038 566.9081929081918
45.70000000000038 566.9081929081906
45.80000000000038 566.9081929081893
45.90000000000038 566.9081929081881
46.00000000000038 566.9081929081868
46.10000000000039 566.9081929081856
46.20000000000039 566.9081929081843
46.30000000000039 566.9081929081831
46.40000000000039 566.9081929081818
46.50000000000039 566.9081929081806
46.60000000000039 566.9081929081793
46.70000000000039 566.908192908178
46.8000000000004 566.9081929081767
46.9000000000004 566.9081929081755
47.0000000000004 566.9081929081742
47.1000000000004 566.908192908173
47.2000000000004 566.9081929081717
47.3000000000004 566.9081929081705
47.4000000000004 566.9081929081692
47.50000000000041 566.908192908168
47.60000000000041 566.9081929081667
47.70000000000041 566.9081929081655
47.80000000000041 566.9081929081641
47.90000000000041 566.9081929081628
48.00000000000041 566.9081929081616
48.10000000000041 566.9081929081603
48.20000000000041 566.9081929081591
48.30000000000042 566.9081929081578
48.40000000000042 566.9081929081566
48.50000000000042 566.9081929081553
48.60000000000042 566.9081929081541
48.70000000000042 566.9081929081528
48.80000000000042 566.9081929081516
48.90000000000042 566.9081929081502
49.00000000000043 566.908192908149
49.10000000000043 566.9081929081477
49.20000000000043 566.9081929081465
49.30000000000043 566.9081929081452
49.40000000000043 566.908192908144
49.50000000000043 566.9081929081427
49.60000000000043 566.9081929081415
49.70000000000044 566.9081929081402
49.80000000000044 566.908192908139
49.90000000000044 566.9081929081377