Time X1
0 250
0.1 228.8704834599064
0.2 209.5395765106962
0.3 191.88424135717
0.4 175.8372808535562
0.5 161.3553689542696
0.6 148.3981903284476
0.7 136.9146671361103
0.7999999999999999 126.836775651411
0.8999999999999999 118.0780240944334
0.9999999999999999 110.5361203337083
1.1 104.0976544110277
1.2 98.64394146293006
1.3 94.05636560960882
1.4 90.2207738935201
1.5 87.03068375347048
1.6 84.38931711726634
1.7 82.21060915579427
1.8 80.41921627861765
1.900000000000001 78.9501828817566
2 77.74815057409631
2.100000000000001 76.76637072744893
2.200000000000001 75.96569643724551
2.300000000000001 75.31351523954537
2.400000000000001 74.7828193544927
2.500000000000001 74.3513338021955
2.600000000000001 74.00074587482294
2.700000000000001 73.71604176669238
2.800000000000001 73.48494591670976
2.900000000000001 73.29744149157644
3.000000000000001 73.14532800913565
3.100000000000001 73.02196476424389
3.200000000000002 72.92194122057441
3.300000000000002 72.84084958366428
3.400000000000002 72.77511853085852
3.500000000000002 72.72184206391546
3.600000000000002 72.67866248131969
3.700000000000002 72.64367196219189
3.800000000000002 72.61531979630675
3.900000000000002 72.59234249729123
4.000000000000002 72.57372455500803
4.100000000000001 72.55863800210733
4.200000000000001 72.54641572040636
4.300000000000001 72.53651356635447
4.4 72.52848984562493
4.5 72.521989326431
4.6 72.51672240675779
4.699999999999999 72.51245585632513
4.799999999999999 72.50900029119025
4.899999999999999 72.50619970490895
4.999999999999998 72.50392669738019
5.099999999999998 72.50208469064366
5.199999999999998 72.50059586630745
5.299999999999997 72.49939011822428
5.399999999999997 72.49841656167987
5.499999999999996 72.4976269943428
5.599999999999996 72.49698522706234
5.699999999999996 72.49646683674182
5.799999999999995 72.49604603601827
5.899999999999995 72.49570593167827
5.999999999999995 72.49543101972714
6.099999999999994 72.49520852569636
6.199999999999994 72.49502863851843
6.299999999999994 72.49488009064575
6.399999999999993 72.49475867001561
6.499999999999993 72.49466011866103
6.599999999999993 72.49457546953217
6.699999999999992 72.49451439650085
6.799999999999992 72.49446294076377
6.899999999999991 72.4944202933479
6.999999999999991 72.49438583523445
7.099999999999991 72.49435934328224
7.19999999999999 72.49433800222961
7.29999999999999 72.49432096203907
7.39999999999999 72.49430780074137
7.499999999999989 72.4942968299041
7.599999999999989 72.49428787343273
7.699999999999989 72.49428059275232
7.799999999999988 72.49427445134215
7.899999999999988 72.49426943802793
7.999999999999988 72.49426529024893
8.099999999999987 72.49426185422602
8.199999999999987 72.49425910527904
8.299999999999986 72.49425682935065
8.399999999999986 72.4942549769128
8.499999999999986 72.4942535045509
8.599999999999985 72.49425227869607
8.699999999999985 72.494251289958
8.799999999999985 72.49425049121909
8.899999999999984 72.49424982559363
8.999999999999984 72.49424920663267
9.099999999999984 72.49424838320212
9.199999999999983 72.49424764107464
9.299999999999983 72.49424698025025
9.399999999999983 72.49424640072894
9.499999999999982 72.49424590251073
9.599999999999982 72.4942454855956
9.699999999999982 72.49424514998356
9.799999999999981 72.4942448956746
9.899999999999981 72.49424472266874
9.99999999999998 72.49424463096595
10.09999999999998 72.49424462056626
10.19999999999998 72.49424469146965
10.29999999999998 72.49424484367613
10.39999999999998 72.4942450771857
10.49999999999998 72.49424527202271
10.59999999999998 72.49424517239304
10.69999999999998 72.49424509391103
10.79999999999998 72.49424503657671
10.89999999999998 72.49424500039005
10.99999999999998 72.49424498535107
11.09999999999998 72.49424499145975
11.19999999999998 72.49424501871611
11.29999999999998 72.49424506712015
11.39999999999998 72.49424513667185
11.49999999999998 72.49424522737122
11.59999999999997 72.49424533921827
11.69999999999997 72.494245472213
11.79999999999997 72.49424562635538
11.89999999999997 72.49424580164545
11.99999999999997 72.49424591186826
12.09999999999997 72.49424596221901
12.19999999999997 72.49424601256976
12.29999999999997 72.49424606292051
12.39999999999997 72.49424611327126
12.49999999999997 72.49424616362201
12.59999999999997 72.49424621397277
12.69999999999997 72.49424626432352
12.79999999999997 72.49424631467427
12.89999999999997 72.49424636502502
12.99999999999997 72.49424641537577
13.09999999999997 72.49424646572653
13.19999999999997 72.49424651607728
13.29999999999997 72.49424656642803
13.39999999999997 72.49424661677878
13.49999999999997 72.49424665024024
13.59999999999997 72.49424665178994
13.69999999999997 72.49424665333964
13.79999999999997 72.49424665488934
13.89999999999997 72.49424665643905
13.99999999999997 72.49424665798874
14.09999999999997 72.49424665953845
14.19999999999997 72.49424666108814
14.29999999999997 72.49424666263785
14.39999999999996 72.49424666418754
14.49999999999996 72.49424666573725
14.59999999999996 72.49424666728694
14.69999999999996 72.49424666883665
14.79999999999996 72.49424667038635
14.89999999999996 72.49424667193605
14.99999999999996 72.49424667348575
15.09999999999996 72.49424667503546
15.19999999999996 72.49424667658515
15.29999999999996 72.49424667813486
15.39999999999996 72.49424667968455
15.49999999999996 72.49424668123426
15.59999999999996 72.49424668278395
15.69999999999996 72.49424668433366
15.79999999999996 72.49424668588335
15.89999999999996 72.49424668743306
15.99999999999996 72.49424668898276
16.09999999999996 72.49424669053246
16.19999999999996 72.49424669208216
16.29999999999996 72.49424669363187
16.39999999999996 72.49424669518157
16.49999999999996 72.49424669673127
16.59999999999997 72.49424669828097
16.69999999999997 72.49424669983067
16.79999999999997 72.49424670138038
16.89999999999997 72.49424670293007
16.99999999999997 72.49424670447978
17.09999999999997 72.49424670602947
17.19999999999997 72.49424670757918
17.29999999999998 72.49424670912887
17.39999999999998 72.49424671067858
17.49999999999998 72.49424671222827
17.59999999999998 72.49424671377798
17.69999999999998 72.49424671532768
17.79999999999998 72.49424671687738
17.89999999999998 72.49424671842708
17.99999999999999 72.49424671997679
18.09999999999999 72.49424672152648
18.19999999999999 72.49424672307619
18.29999999999999 72.49424672462588
18.39999999999999 72.49424672617559
18.49999999999999 72.49424672772528
18.59999999999999 72.49424672927499
18.7 72.49424673082468
18.8 72.49424673237439
18.9 72.49424673392409
19 72.49424673547379
19.1 72.49424673702349
19.2 72.4942467385732
19.3 72.49424674012289
19.40000000000001 72.4942467416726
19.50000000000001 72.49424674322229
19.60000000000001 72.494246744772
19.70000000000001 72.49424674632169
19.80000000000001 72.4942467478714
19.90000000000001 72.49424674942109
20.00000000000001 72.4942467509708
20.10000000000002 72.4942467525205
20.20000000000002 72.4942467540702
20.30000000000002 72.4942467556199
20.40000000000002 72.49424675716961
20.50000000000002 72.4942467587193
20.60000000000002 72.49424676026901
20.70000000000002 72.4942467618187
20.80000000000003 72.49424676336841
20.90000000000003 72.4942467649181
21.00000000000003 72.49424676646781
21.10000000000003 72.4942467680175
21.20000000000003 72.49424676956721
21.30000000000003 72.49424677111692
21.40000000000003 72.49424677266661
21.50000000000004 72.49424677421632
21.60000000000004 72.49424677576602
21.70000000000004 72.49424677731572
21.80000000000004 72.49424677886542
21.90000000000004 72.49424678041512
22.00000000000004 72.49424678196482
22.10000000000004 72.49424678351453
22.20000000000005 72.49424678506422
22.30000000000005 72.49424678661393
22.40000000000005 72.49424678816362
22.50000000000005 72.49424678971333
22.60000000000005 72.49424679126302
22.70000000000005 72.49424679281273
22.80000000000005 72.49424679436243
22.90000000000006 72.49424679591213
23.00000000000006 72.49424679746183
23.10000000000006 72.49424679901153
23.20000000000006 72.49424680056123
23.30000000000006 72.49424680211094
23.40000000000006 72.49424680366063
23.50000000000006 72.49424680521034
23.60000000000007 72.49424680676003
23.70000000000007 72.49424680830974
23.80000000000007 72.49424680985943
23.90000000000007 72.49424681140914
24.00000000000007 72.49424681295883
24.10000000000007 72.49424681450854
24.20000000000007 72.49424681605824
24.30000000000008 72.49424681760794
24.40000000000008 72.49424681915764
24.50000000000008 72.49424682070735
24.60000000000008 72.49424682225704
24.70000000000008 72.49424682380675
24.80000000000008 72.49424682535644
24.90000000000008 72.49424682690615
25.00000000000009 72.49424682845584
25.10000000000009 72.49424683000555
25.20000000000009 72.49424683155524
25.30000000000009 72.49424683310495
25.40000000000009 72.49424683465465
25.50000000000009 72.49424683620435
25.60000000000009 72.49424683775405
25.7000000000001 72.49424683930376
25.8000000000001 72.49424684085345
25.9000000000001 72.49424684240316
26.0000000000001 72.49424684395287
26.1000000000001 72.49424684550256
26.2000000000001 72.49424684705227
26.3000000000001 72.49424684860196
26.40000000000011 72.49424685015167
26.50000000000011 72.49424685170136
26.60000000000011 72.49424685325107
26.70000000000011 72.49424685480076
26.80000000000011 72.49424685635047
26.90000000000011 72.49424685790017
27.00000000000011 72.49424685944987
27.10000000000012 72.49424686099957
27.20000000000012 72.49424686254928
27.30000000000012 72.49424686409897
27.40000000000012 72.49424686564868
27.50000000000012 72.49424686719837
27.60000000000012 72.49424686874808
27.70000000000012 72.49424687029777
27.80000000000013 72.49424687184748
27.90000000000013 72.49424687339717
28.00000000000013 72.49424687494688
28.10000000000013 72.49424687649658
28.20000000000013 72.49424687804628
28.30000000000013 72.49424687959598
28.40000000000013 72.49424688114568
28.50000000000014 72.49424688154468
28.60000000000014 72.49424688159237
28.70000000000014 72.49424688164008
28.80000000000014 72.49424688168777
28.90000000000014 72.49424688173548
29.00000000000014 72.49424688178317
29.10000000000014 72.49424688183088
29.20000000000014 72.49424688187857
29.30000000000015 72.49424688192627
29.40000000000015 72.49424688197396
29.50000000000015 72.49424688202167
29.60000000000015 72.49424688206936
29.70000000000015 72.49424688211707
29.80000000000015 72.49424688216476
29.90000000000015 72.49424688221247
30.00000000000016 72.49424688226016
30.10000000000016 72.49424688230786
30.20000000000016 72.49424688235555
30.30000000000016 72.49424688240326
30.40000000000016 72.49424688245095
30.50000000000016 72.49424688249866
30.60000000000016 72.49424688254635
30.70000000000017 72.49424688259406
30.80000000000017 72.49424688264175
30.90000000000017 72.49424688268945
31.00000000000017 72.49424688273716
31.10000000000017 72.49424688278485
31.20000000000017 72.49424688283256
31.30000000000017 72.49424688288025
31.40000000000018 72.49424688292795
31.50000000000018 72.49424688297565
31.60000000000018 72.49424688302335
31.70000000000018 72.49424688307104
31.80000000000018 72.49424688311875
31.90000000000018 72.49424688316644
32.00000000000018 72.49424688321415
32.10000000000019 72.49424688326184
32.20000000000019 72.49424688330954
32.30000000000019 72.49424688335723
32.40000000000019 72.49424688340494
32.50000000000019 72.49424688345263
32.60000000000019 72.49424688350034
32.70000000000019 72.49424688354803
32.8000000000002 72.49424688359574
32.9000000000002 72.49424688364343
33.0000000000002 72.49424688369113
33.1000000000002 72.49424688373882
33.2000000000002 72.49424688378653
33.3000000000002 72.49424688383422
33.4000000000002 72.49424688388193
33.50000000000021 72.49424688392962
33.60000000000021 72.49424688397733
33.70000000000021 72.49424688402503
33.80000000000021 72.49424688407272
33.90000000000021 72.49424688412043
34.00000000000021 72.49424688416812
34.10000000000021 72.49424688421583
34.20000000000022 72.49424688426352
34.30000000000022 72.49424688431122
34.40000000000022 72.49424688435892
34.50000000000022 72.49424688440662
34.60000000000022 72.49424688445431
34.70000000000022 72.49424688450202
34.80000000000022 72.49424688454971
34.90000000000023 72.49424688459742
35.00000000000023 72.49424688464511
35.10000000000023 72.49424688469281
35.20000000000023 72.49424688474051
35.30000000000023 72.49424688478821
35.40000000000023 72.4942468848359
35.50000000000023 72.49424688488361
35.60000000000024 72.4942468849313
35.70000000000024 72.49424688497901
35.80000000000024 72.4942468850267
35.90000000000024 72.4942468850744
36.00000000000024 72.4942468851221
36.10000000000024 72.4942468851698
36.20000000000024 72.49424688521749
36.30000000000025 72.4942468852652
36.40000000000025 72.4942468853129
36.50000000000025 72.4942468853606
36.60000000000025 72.4942468854083
36.70000000000025 72.49424688545599
36.80000000000025 72.4942468855037
36.90000000000025 72.49424688555139
37.00000000000026 72.4942468855991
37.10000000000026 72.49424688564679
37.20000000000026 72.49424688569449
37.30000000000026 72.49424688574219
37.40000000000026 72.49424688578989
37.50000000000026 72.49424688583758
37.60000000000026 72.49424688588529
37.70000000000027 72.49424688593298
37.80000000000027 72.49424688598069
37.90000000000027 72.49424688602838
38.00000000000027 72.49424688607608
38.10000000000027 72.49424688612378
38.20000000000027 72.49424688617148
38.30000000000027 72.49424688621917
38.40000000000028 72.49424688626688
38.50000000000028 72.49424688631457
38.60000000000028 72.49424688636228
38.70000000000028 72.49424688640997
38.80000000000028 72.49424688645767
38.90000000000028 72.49424688650537
39.00000000000028 72.49424688655307
39.10000000000029 72.49424688660078
39.20000000000029 72.49424688664847
39.30000000000029 72.49424688669617
39.40000000000029 72.49424688674387
39.50000000000029 72.49424688679157
39.60000000000029 72.49424688683926
39.70000000000029 72.49424688688697
39.8000000000003 72.49424688693466
39.9000000000003 72.49424688698237
40.0000000000003 72.49424688703006
40.1000000000003 72.49424688707776
40.2000000000003 72.49424688712546
40.3000000000003 72.49424688717316
40.4000000000003 72.49424688722085
40.50000000000031 72.49424688726856
40.60000000000031 72.49424688731625
40.70000000000031 72.49424688736396
40.80000000000031 72.49424688741165
40.90000000000031 72.49424688745935
41.00000000000031 72.49424688750705
41.10000000000031 72.49424688755475
41.20000000000032 72.49424688760244
41.30000000000032 72.49424688765015
41.40000000000032 72.49424688769784
41.50000000000032 72.49424688774555
41.60000000000032 72.49424688779324
41.70000000000032 72.49424688784094
41.80000000000032 72.49424688788865
41.90000000000033 72.49424688793634
42.00000000000033 72.49424688798405
42.10000000000033 72.49424688803174
42.20000000000033 72.49424688807945
42.30000000000033 72.49424688812714
42.40000000000033 72.49424688817484
42.50000000000033 72.49424688822253
42.60000000000034 72.49424688827024
42.70000000000034 72.49424688831793
42.80000000000034 72.49424688836564
42.90000000000034 72.49424688841333
43.00000000000034 72.49424688846103
43.10000000000034 72.49424688850873
43.20000000000034 72.49424688855643
43.30000000000035 72.49424688860412
43.40000000000035 72.49424688864296
43.50000000000035 72.49424688864312
43.60000000000035 72.49424688864326
43.70000000000035 72.49424688864342
43.80000000000035 72.49424688864357
43.90000000000035 72.49424688864372
44.00000000000036 72.49424688864387
44.10000000000036 72.49424688864403
44.20000000000036 72.49424688864417
44.30000000000036 72.49424688864433
44.40000000000036 72.49424688864447
44.50000000000036 72.49424688864462
44.60000000000036 72.49424688864478
44.70000000000037 72.49424688864492
44.80000000000037 72.49424688864508
44.90000000000037 72.49424688864524
45.00000000000037 72.49424688864538
45.10000000000037 72.49424688864553
45.20000000000037 72.49424688864568
45.30000000000037 72.49424688864583
45.40000000000038 72.49424688864599
45.50000000000038 72.49424688864613
45.60000000000038 72.49424688864629
45.70000000000038 72.49424688864644
45.80000000000038 72.49424688864659
45.90000000000038 72.49424688864674
46.00000000000038 72.49424688864688
46.10000000000039 72.49424688864704
46.20000000000039 72.4942468886472
46.30000000000039 72.49424688864734
46.40000000000039 72.4942468886475
46.50000000000039 72.49424688864765
46.60000000000039 72.49424688864779
46.70000000000039 72.49424688864795
46.8000000000004 72.49424688864809
46.9000000000004 72.49424688864825
47.0000000000004 72.49424688864841
47.1000000000004 72.49424688864855
47.2000000000004 72.4942468886487
47.3000000000004 72.49424688864886
47.4000000000004 72.494246888649
47.50000000000041 72.49424688864916
47.60000000000041 72.4942468886493
47.70000000000041 72.49424688864946
47.80000000000041 72.49424688864961
47.90000000000041 72.49424688864976
48.00000000000041 72.49424688864991
48.10000000000041 72.49424688865007
48.20000000000041 72.49424688865021
48.30000000000042 72.49424688865037
48.40000000000042 72.49424688865051
48.50000000000042 72.49424688865066
48.60000000000042 72.49424688865082
48.70000000000042 72.49424688865096
48.80000000000042 72.49424688865112
48.90000000000042 72.49424688865128
49.00000000000043 72.49424688865142
49.10000000000043 72.49424688865157
49.20000000000043 72.49424688865172
49.30000000000043 72.49424688865187
49.40000000000043 72.49424688865203
49.50000000000043 72.49424688865217
49.60000000000043 72.49424688865233
49.70000000000044 72.49424688865248
49.80000000000044 72.49424688865263
49.90000000000044 72.49424688865278