Time X1
0 250
0.1 250.217830743116
0.2 250.455543644341
0.3 250.7151769973457
0.4 250.9983766596933
0.5 251.3077360109414
0.6 251.645668389339
0.7 252.0147872071885
0.7999999999999999 252.4181554701386
0.8999999999999999 252.8587692803636
0.9999999999999999 253.3403950712734
1.1 253.8668624066528
1.2 254.4425337132662
1.3 255.0721934940923
1.4 255.7611028822662
1.5 256.5150814009484
1.6 257.3405494734832
1.7 258.2445371130161
1.8 259.2349788289041
1.900000000000001 260.3204794899935
2 261.5108213414026
2.100000000000001 262.8165976264284
2.200000000000001 264.2497523883042
2.300000000000001 265.8235520668293
2.400000000000001 267.5527087053067
2.500000000000001 269.4536952633724
2.600000000000001 271.5448694186634
2.700000000000001 273.8466947859555
2.800000000000001 276.3819399223428
2.900000000000001 279.176001715044
3.000000000000001 282.2572610306145
3.100000000000001 285.6571849604977
3.200000000000002 289.410784396777
3.300000000000002 293.5568010692339
3.400000000000002 298.1377880282452
3.500000000000002 303.2002627678381
3.600000000000002 308.7948905733932
3.700000000000002 314.9752161649303
3.800000000000002 321.7975324776091
3.900000000000002 329.3186748954356
4.000000000000002 337.594837906233
4.100000000000001 346.6759259084076
4.200000000000001 356.6017655432007
4.300000000000001 367.3953915383005
4.4 379.0540592320293
4.5 391.5396174612724
4.6 404.7690039253443
4.699999999999999 418.6055617615387
4.799999999999999 432.8551819071208
4.899999999999999 447.269956419744
4.999999999999998 461.5616815277929
5.099999999999998 475.4231312493429
5.199999999999998 488.5583325861849
5.299999999999997 500.7126754674575
5.399999999999997 511.6976487958747
5.499999999999996 521.4042825430274
5.599999999999996 529.803463384638
5.699999999999996 536.9350837852481
5.799999999999995 542.8904551212617
5.899999999999995 547.7928636598258
5.999999999999995 551.78003770851
6.099999999999994 554.990622425927
6.199999999999994 557.5546730086218
6.299999999999994 559.5888855559984
6.399999999999993 561.1942585843102
6.499999999999993 562.4558760326921
6.599999999999993 563.4440157726586
6.699999999999992 564.2159561113509
6.799999999999992 564.8177704591185
6.899999999999991 565.2861911391456
6.999999999999991 565.6503119480633
7.099999999999991 565.9331124699229
7.19999999999999 566.1525797568587
7.29999999999999 566.3227869815051
7.39999999999999 566.4547348267544
7.499999999999989 566.5569921530023
7.599999999999989 566.6362077370585
7.699999999999989 566.6975589156292
7.799999999999988 566.7450995132278
7.899999999999988 566.7819274855992
7.999999999999988 566.8104127231094
8.099999999999987 566.8324398070545
8.199999999999987 566.849494027637
8.299999999999986 566.862702251699
8.399999999999986 566.8729253153824
8.499999999999986 566.8808181267824
8.599999999999985 566.8869278191398
8.699999999999985 566.8916458432708
8.799999999999985 566.8953409886592
8.899999999999984 566.8982109870235
8.999999999999984 566.9005288640697
9.099999999999984 566.9021659590335
9.199999999999983 566.9034951154952
9.299999999999983 566.9045473102866
9.399999999999983 566.9053314252187
9.499999999999982 566.9059295609487
9.599999999999982 566.9063805714418
9.699999999999982 566.9067202666804
9.799999999999981 566.9069900687101
9.899999999999981 566.9071980707475
9.99999999999998 566.9073661684797
10.09999999999998 566.907497239236
10.19999999999998 566.9076022270183
10.29999999999998 566.9076834089342
10.39999999999998 566.9077473468002
10.49999999999998 566.9077969189525
10.59999999999998 566.9078351728593
10.69999999999998 566.9078653413789
10.79999999999998 566.9078883988626
10.89999999999998 566.9079068014888
10.99999999999998 566.9079209057849
11.09999999999998 566.9079321560105
11.19999999999998 566.9079408311346
11.29999999999998 566.9079476845293
11.39999999999998 566.9079530511401
11.49999999999998 566.907960932858
11.59999999999997 566.9079678932661
11.69999999999997 566.9079739323644
11.79999999999997 566.9079790501528
11.89999999999997 566.9079832466314
11.99999999999997 566.9079865218001
12.09999999999997 566.907988875659
12.19999999999997 566.9079903082081
12.29999999999997 566.9079908194475
12.39999999999997 566.9079904093769
12.49999999999997 566.9079890779965
12.59999999999997 566.9079868253062
12.69999999999997 566.9079852699781
12.79999999999997 566.9079861155617
12.89999999999997 566.9079867275233
12.99999999999997 566.907987105863
13.09999999999997 566.9079872505807
13.19999999999997 566.9079871616765
13.29999999999997 566.9079868391502
13.39999999999997 566.9079862830021
13.49999999999997 566.9079854932319
13.59999999999997 566.9079844698397
13.69999999999997 566.9079832128256
13.79999999999997 566.9079817221896
13.89999999999997 566.9079799979315
13.99999999999997 566.9079792500875
14.09999999999997 566.9079787934977
14.19999999999997 566.9079783369079
14.29999999999997 566.9079778803182
14.39999999999996 566.9079774237284
14.49999999999996 566.9079769671388
14.59999999999996 566.907976510549
14.69999999999996 566.9079760539593
14.79999999999996 566.9079755973695
14.89999999999996 566.9079751407797
14.99999999999996 566.90797468419
15.09999999999996 566.9079742276002
15.19999999999996 566.9079738021809
15.29999999999996 566.9079737885097
15.39999999999996 566.9079737748386
15.49999999999996 566.9079737611676
15.59999999999996 566.9079737474964
15.69999999999996 566.9079737338253
15.79999999999996 566.9079737201542
15.89999999999996 566.9079737064832
15.99999999999996 566.907973692812
16.09999999999996 566.9079736791409
16.19999999999996 566.9079736654699
16.29999999999996 566.9079736517987
16.39999999999996 566.9079736381276
16.49999999999996 566.9079736244565
16.59999999999997 566.9079736107855
16.69999999999997 566.9079735971143
16.79999999999997 566.9079735834432
16.89999999999997 566.9079735697721
16.99999999999997 566.907973556101
17.09999999999997 566.9079735424299
17.19999999999997 566.9079735287588
17.29999999999998 566.9079735150876
17.39999999999998 566.9079735014166
17.49999999999998 566.9079734877455
17.59999999999998 566.9079734740744
17.69999999999998 566.9079734604032
17.79999999999998 566.9079734467322
17.89999999999998 566.9079734330611
17.99999999999999 566.9079734193899
18.09999999999999 566.9079734057188
18.19999999999999 566.9079733920478
18.29999999999999 566.9079733783766
18.39999999999999 566.9079733647055
18.49999999999999 566.9079733510345
18.59999999999999 566.9079733373634
18.7 566.9079733236922
18.8 566.9079733100211
18.9 566.9079732963501
19 566.9079732826789
19.1 566.9079732690078
19.2 566.9079732553367
19.3 566.9079732416657
19.40000000000001 566.9079732279945
19.50000000000001 566.9079732143234
19.60000000000001 566.9079732006523
19.70000000000001 566.9079731869812
19.80000000000001 566.9079731733101
19.90000000000001 566.907973159639
20.00000000000001 566.9079731459678
20.10000000000002 566.9079731322968
20.20000000000002 566.9079731186257
20.30000000000002 566.9079731049546
20.40000000000002 566.9079730912835
20.50000000000002 566.9079730776124
20.60000000000002 566.9079730639413
20.70000000000002 566.9079730502701
20.80000000000003 566.9079730365991
20.90000000000003 566.907973022928
21.00000000000003 566.9079730092568
21.10000000000003 566.9079729955857
21.20000000000003 566.9079729819147
21.30000000000003 566.9079729682436
21.40000000000003 566.9079729545724
21.50000000000004 566.9079729409013
21.60000000000004 566.9079729272303
21.70000000000004 566.9079729135591
21.80000000000004 566.907972899888
21.90000000000004 566.907972886217
22.00000000000004 566.9079728725459
22.10000000000004 566.9079728588747
22.20000000000005 566.9079728452036
22.30000000000005 566.9079728315326
22.40000000000005 566.9079728178614
22.50000000000005 566.9079728041903
22.60000000000005 566.9079727905192
22.70000000000005 566.9079727768481
22.80000000000005 566.907972763177
22.90000000000006 566.9079727495059
23.00000000000006 566.9079727358348
23.10000000000006 566.9079727221637
23.20000000000006 566.9079727084926
23.30000000000006 566.9079726948215
23.40000000000006 566.9079726811503
23.50000000000006 566.9079726674793
23.60000000000007 566.9079726538082
23.70000000000007 566.907972640137
23.80000000000007 566.9079726264659
23.90000000000007 566.9079726127949
24.00000000000007 566.9079725991238
24.10000000000007 566.9079725854526
24.20000000000007 566.9079725717816
24.30000000000008 566.9079725581105
24.40000000000008 566.9079725444393
24.50000000000008 566.9079725307682
24.60000000000008 566.9079725170972
24.70000000000008 566.9079725034261
24.80000000000008 566.9079724897549
24.90000000000008 566.9079724760838
25.00000000000009 566.9079724624128
25.10000000000009 566.9079724487416
25.20000000000009 566.9079724350705
25.30000000000009 566.9079724213994
25.40000000000009 566.9079724077283
25.50000000000009 566.9079723940572
25.60000000000009 566.9079723803861
25.7000000000001 566.9079723667151
25.8000000000001 566.9079723530439
25.9000000000001 566.9079723393728
26.0000000000001 566.9079723257017
26.1000000000001 566.9079723120306
26.2000000000001 566.9079722983595
26.3000000000001 566.9079722846884
26.40000000000011 566.9079722710172
26.50000000000011 566.9079722573462
26.60000000000011 566.9079722436751
26.70000000000011 566.907972230004
26.80000000000011 566.9079722163328
26.90000000000011 566.9079722026618
27.00000000000011 566.9079721889907
27.10000000000012 566.9079721753195
27.20000000000012 566.9079721616484
27.30000000000012 566.9079721479774
27.40000000000012 566.9079721343063
27.50000000000012 566.9079721206351
27.60000000000012 566.9079721069641
27.70000000000012 566.907972093293
27.80000000000013 566.9079720796218
27.90000000000013 566.9079720740764
28.00000000000013 566.9079720736669
28.10000000000013 566.9079720732575
28.20000000000013 566.907972072848
28.30000000000013 566.9079720724386
28.40000000000013 566.9079720720292
28.50000000000014 566.9079720716197
28.60000000000014 566.9079720712103
28.70000000000014 566.9079720708008
28.80000000000014 566.9079720703915
28.90000000000014 566.907972069982
29.00000000000014 566.9079720695726
29.10000000000014 566.9079720691632
29.20000000000014 566.9079720687537
29.30000000000015 566.9079720683443
29.40000000000015 566.9079720679348
29.50000000000015 566.9079720675254
29.60000000000015 566.9079720671159
29.70000000000015 566.9079720667065
29.80000000000015 566.907972066297
29.90000000000015 566.9079720658876
30.00000000000016 566.9079720654782
30.10000000000016 566.9079720650687
30.20000000000016 566.9079720646594
30.30000000000016 566.9079720642499
30.40000000000016 566.9079720638405
30.50000000000016 566.907972063431
30.60000000000016 566.9079720630216
30.70000000000017 566.9079720626122
30.80000000000017 566.9079720622027
30.90000000000017 566.9079720617933
31.00000000000017 566.9079720613838
31.10000000000017 566.9079720609744
31.20000000000017 566.9079720605649
31.30000000000017 566.9079720601555
31.40000000000018 566.907972059746
31.50000000000018 566.9079720593367
31.60000000000018 566.9079720589273
31.70000000000018 566.9079720585178
31.80000000000018 566.9079720581084
31.90000000000018 566.9079720576989
32.00000000000018 566.9079720572895
32.10000000000019 566.90797205688
32.20000000000019 566.9079720564706
32.30000000000019 566.9079720560612
32.40000000000019 566.9079720556517
32.50000000000019 566.9079720552423
32.60000000000019 566.9079720548328
32.70000000000019 566.9079720544235
32.8000000000002 566.907972054014
32.9000000000002 566.9079720536046
33.0000000000002 566.9079720531951
33.1000000000002 566.9079720527857
33.2000000000002 566.9079720523763
33.3000000000002 566.9079720519668
33.4000000000002 566.9079720515574
33.50000000000021 566.9079720511479
33.60000000000021 566.9079720507385
33.70000000000021 566.907972050329
33.80000000000021 566.9079720499196
33.90000000000021 566.9079720495102
34.00000000000021 566.9079720491007
34.10000000000021 566.9079720486914
34.20000000000022 566.9079720482819
34.30000000000022 566.9079720478725
34.40000000000022 566.907972047463
34.50000000000022 566.9079720470536
34.60000000000022 566.9079720466441
34.70000000000022 566.9079720462347
34.80000000000022 566.9079720458253
34.90000000000023 566.9079720454158
35.00000000000023 566.9079720450064
35.10000000000023 566.9079720445969
35.20000000000023 566.9079720441875
35.30000000000023 566.907972043778
35.40000000000023 566.9079720433687
35.50000000000023 566.9079720429593
35.60000000000024 566.9079720425498
35.70000000000024 566.9079720421404
35.80000000000024 566.9079720417309
35.90000000000024 566.9079720413215
36.00000000000024 566.907972040912
36.10000000000024 566.9079720405026
36.20000000000024 566.9079720400931
36.30000000000025 566.9079720396837
36.40000000000025 566.9079720392743
36.50000000000025 566.9079720388648
36.60000000000025 566.9079720384555
36.70000000000025 566.907972038046
36.80000000000025 566.9079720376366
36.90000000000025 566.9079720372271
37.00000000000026 566.9079720368177
37.10000000000026 566.9079720364083
37.20000000000026 566.9079720359988
37.30000000000026 566.9079720355894
37.40000000000026 566.9079720351799
37.50000000000026 566.9079720347705
37.60000000000026 566.907972034361
37.70000000000027 566.9079720339516
37.80000000000027 566.9079720335421
37.90000000000027 566.9079720331328
38.00000000000027 566.9079720327234
38.10000000000027 566.9079720323139
38.20000000000027 566.9079720319045
38.30000000000027 566.907972031495
38.40000000000028 566.9079720310856
38.50000000000028 566.9079720306761
38.60000000000028 566.9079720302667
38.70000000000028 566.9079720298572
38.80000000000028 566.9079720294478
38.90000000000028 566.9079720290384
39.00000000000028 566.9079720286289
39.10000000000029 566.9079720282195
39.20000000000029 566.90797202781
39.30000000000029 566.9079720274007
39.40000000000029 566.9079720269912
39.50000000000029 566.9079720265818
39.60000000000029 566.9079720261724
39.70000000000029 566.9079720257629
39.8000000000003 566.9079720253535
39.9000000000003 566.907972024944
40.0000000000003 566.9079720245346
40.1000000000003 566.9079720241251
40.2000000000003 566.9079720237157
40.3000000000003 566.9079720233062
40.4000000000003 566.9079720228968
40.50000000000031 566.9079720225508
40.60000000000031 566.9079720225495
40.70000000000031 566.9079720225483
40.80000000000031 566.907972022547
40.90000000000031 566.9079720225458
41.00000000000031 566.9079720225445
41.10000000000031 566.9079720225432
41.20000000000032 566.9079720225419
41.30000000000032 566.9079720225407
41.40000000000032 566.9079720225394
41.50000000000032 566.9079720225382
41.60000000000032 566.9079720225369
41.70000000000032 566.9079720225357
41.80000000000032 566.9079720225344
41.90000000000033 566.9079720225332
42.00000000000033 566.9079720225319
42.10000000000033 566.9079720225307
42.20000000000033 566.9079720225293
42.30000000000033 566.907972022528
42.40000000000033 566.9079720225268
42.50000000000033 566.9079720225255
42.60000000000034 566.9079720225243
42.70000000000034 566.907972022523
42.80000000000034 566.9079720225218
42.90000000000034 566.9079720225205
43.00000000000034 566.9079720225193
43.10000000000034 566.907972022518
43.20000000000034 566.9079720225168
43.30000000000035 566.9079720225154
43.40000000000035 566.9079720225142
43.50000000000035 566.9079720225129
43.60000000000035 566.9079720225117
43.70000000000035 566.9079720225104
43.80000000000035 566.9079720225092
43.90000000000035 566.9079720225079
44.00000000000036 566.9079720225067
44.10000000000036 566.9079720225054
44.20000000000036 566.9079720225042
44.30000000000036 566.9079720225029
44.40000000000036 566.9079720225017
44.50000000000036 566.9079720225003
44.60000000000036 566.9079720224991
44.70000000000037 566.9079720224978
44.80000000000037 566.9079720224966
44.90000000000037 566.9079720224953
45.00000000000037 566.9079720224941
45.10000000000037 566.9079720224928
45.20000000000037 566.9079720224915
45.30000000000037 566.9079720224903
45.40000000000038 566.907972022489
45.50000000000038 566.9079720224878
45.60000000000038 566.9079720224864
45.70000000000038 566.9079720224852
45.80000000000038 566.9079720224839
45.90000000000038 566.9079720224827
46.00000000000038 566.9079720224814
46.10000000000039 566.9079720224802
46.20000000000039 566.9079720224789
46.30000000000039 566.9079720224777
46.40000000000039 566.9079720224764
46.50000000000039 566.9079720224752
46.60000000000039 566.9079720224739
46.70000000000039 566.9079720224726
46.8000000000004 566.9079720224713
46.9000000000004 566.9079720224701
47.0000000000004 566.9079720224688
47.1000000000004 566.9079720224676
47.2000000000004 566.9079720224663
47.3000000000004 566.9079720224651
47.4000000000004 566.9079720224638
47.50000000000041 566.9079720224626
47.60000000000041 566.9079720224613
47.70000000000041 566.9079720224601
47.80000000000041 566.9079720224587
47.90000000000041 566.9079720224574
48.00000000000041 566.9079720224562
48.10000000000041 566.9079720224549
48.20000000000041 566.9079720224537
48.30000000000042 566.9079720224524
48.40000000000042 566.9079720224512
48.50000000000042 566.9079720224499
48.60000000000042 566.9079720224487
48.70000000000042 566.9079720224474
48.80000000000042 566.9079720224462
48.90000000000042 566.9079720224449
49.00000000000043 566.9079720224436
49.10000000000043 566.9079720224423
49.20000000000043 566.9079720224411
49.30000000000043 566.9079720224398
49.40000000000043 566.9079720224386
49.50000000000043 566.9079720224373
49.60000000000043 566.9079720224361
49.70000000000044 566.9079720224348
49.80000000000044 566.9079720224336
49.90000000000044 566.9079720224323