Time X1
0 250
0.1 250.2499379597357
0.2 250.5228153901211
0.3 250.8208154163142
0.4 251.1460784895901
0.5 251.5015182220002
0.6 251.8898826102813
0.7 252.3142907425822
0.7999999999999999 252.7781657455684
0.8999999999999999 253.2852629613754
0.9999999999999999 253.8397079180376
1.1 254.4461161363985
1.2 255.1095717234925
1.3 255.8356684640543
1.4 256.6305793670096
1.5 257.5011621472108
1.6 258.454901551225
1.7 259.5002146235516
1.8 260.6463198123512
1.900000000000001 261.9036239994692
2 263.2835009194363
2.100000000000001 264.798643782768
2.200000000000001 266.4633012094394
2.300000000000001 268.2932172204573
2.400000000000001 270.3060355846555
2.500000000000001 272.5214517528188
2.600000000000001 274.9614306544591
2.700000000000001 277.6504325792886
2.800000000000001 280.6157201092265
2.900000000000001 283.8877633060038
3.000000000000001 287.5003510563394
3.100000000000001 291.4909863865436
3.200000000000002 295.9011305088131
3.300000000000002 300.7761713907191
3.400000000000002 306.1654813536711
3.500000000000002 312.1225668258767
3.600000000000002 318.7033383007482
3.700000000000002 325.9656772779412
3.800000000000002 333.9670311264854
3.900000000000002 342.7618788652586
4.000000000000002 352.3957875631093
4.100000000000001 362.900430157402
4.200000000000001 374.2852363173793
4.300000000000001 386.5279686911407
4.4 399.5642208480283
4.5 413.2782131332172
4.6 427.496837316317
4.699999999999999 441.9882370309692
4.799999999999999 456.4739916170433
4.899999999999999 470.6457166030847
4.999999999999998 484.1943194264056
5.099999999999998 496.8413232521397
5.199999999999998 508.3672734336124
5.299999999999997 518.630348854514
5.399999999999997 527.5716974588388
5.499999999999996 535.2081195586047
5.599999999999996 541.6159562602443
5.699999999999996 546.9112883068568
5.799999999999995 551.2308869184531
5.899999999999995 554.7167255290667
5.999999999999995 557.5049223911211
6.099999999999994 559.7190363251341
6.199999999999994 561.4671970484521
6.299999999999994 562.8411536342416
6.399999999999993 563.9170860820313
6.499999999999993 564.7572522790547
6.599999999999993 565.411854012121
6.699999999999992 565.9209772688241
6.799999999999992 566.3164007100792
6.899999999999991 566.6232123012995
6.999999999999991 566.8610675840216
7.099999999999991 567.0453449222575
7.19999999999999 567.1880456053588
7.29999999999999 567.29850740906
7.39999999999999 567.3839740062496
7.499999999999989 567.4500964897655
7.599999999999989 567.501258018286
7.699999999999989 567.5408610940799
7.799999999999988 567.5714482305923
7.899999999999988 567.5950820485591
7.999999999999988 567.6133494413571
8.099999999999987 567.6274824960797
8.199999999999987 567.638405878754
8.299999999999986 567.6468342075631
8.399999999999986 567.6533458341219
8.499999999999986 567.658370788849
8.599999999999985 567.6622905431792
8.699999999999985 567.6653389077687
8.799999999999985 567.6678119874282
8.899999999999984 567.6695334855692
8.999999999999984 567.6709345458283
9.099999999999984 567.6720463505166
9.199999999999983 567.6728788348705
9.299999999999983 567.6735089289756
9.399999999999983 567.6739866436728
9.499999999999982 567.6743430703143
9.599999999999982 567.6746265672462
9.699999999999982 567.6748444769001
9.799999999999981 567.6750203281148
9.899999999999981 567.6751574231231
9.99999999999998 567.6752670037403
10.09999999999998 567.6753518307081
10.19999999999998 567.6754184097816
10.29999999999998 567.6754701113151
10.39999999999998 567.675509851527
10.49999999999998 567.6755412087406
10.59999999999998 567.675565127468
10.69999999999998 567.6755841972746
10.79999999999998 567.6755987987357
10.89999999999998 567.6756104271308
10.99999999999998 567.6756193867255
11.09999999999998 567.6756264545299
11.19999999999998 567.6756320008606
11.29999999999998 567.6756400808791
11.39999999999998 567.6756472057818
11.49999999999998 567.6756533755688
11.59999999999997 567.67565859024
11.69999999999997 567.6756628497953
11.79999999999997 567.6756661542348
11.89999999999997 567.6756685035587
11.99999999999997 567.6756698977665
12.09999999999997 567.6756703368586
12.19999999999997 567.675669820835
12.29999999999997 567.6756683496956
12.39999999999997 567.6756659234402
12.49999999999997 567.6756649883401
12.59999999999997 567.6756658240529
12.69999999999997 567.6756664160403
12.79999999999997 567.6756667643024
12.89999999999997 567.6756668688391
12.99999999999997 567.6756667296506
13.09999999999997 567.6756663467368
13.19999999999997 567.6756657200978
13.29999999999997 567.6756648497334
13.39999999999997 567.6756637356436
13.49999999999997 567.6756623778286
13.59999999999997 567.6756607762884
13.69999999999997 567.675659160711
13.79999999999997 567.6756586864602
13.89999999999997 567.6756582122096
13.99999999999997 567.6756577379588
14.09999999999997 567.6756572637081
14.19999999999997 567.6756567894573
14.29999999999997 567.6756563152067
14.39999999999996 567.6756558409559
14.49999999999996 567.6756553667052
14.59999999999996 567.6756548924544
14.69999999999996 567.6756544182037
14.79999999999996 567.675653943953
14.89999999999996 567.6756534697023
14.99999999999996 567.6756532532083
15.09999999999996 567.6756532388969
15.19999999999996 567.6756532245854
15.29999999999996 567.6756532102738
15.39999999999996 567.6756531959624
15.49999999999996 567.6756531816509
15.59999999999996 567.6756531673394
15.69999999999996 567.675653153028
15.79999999999996 567.6756531387165
15.89999999999996 567.675653124405
15.99999999999996 567.6756531100934
16.09999999999996 567.675653095782
16.19999999999996 567.6756530814705
16.29999999999996 567.675653067159
16.39999999999996 567.6756530528476
16.49999999999996 567.6756530385361
16.59999999999997 567.6756530242245
16.69999999999997 567.675653009913
16.79999999999997 567.6756529956016
16.89999999999997 567.6756529812901
16.99999999999997 567.6756529669786
17.09999999999997 567.6756529526672
17.19999999999997 567.6756529383556
17.29999999999998 567.6756529240441
17.39999999999998 567.6756529097327
17.49999999999998 567.6756528954212
17.59999999999998 567.6756528811097
17.69999999999998 567.6756528667983
17.79999999999998 567.6756528524867
17.89999999999998 567.6756528381752
17.99999999999999 567.6756528238637
18.09999999999999 567.6756528095523
18.19999999999999 567.6756527952408
18.29999999999999 567.6756527809293
18.39999999999999 567.6756527666179
18.49999999999999 567.6756527523063
18.59999999999999 567.6756527379948
18.7 567.6756527236834
18.8 567.6756527093719
18.9 567.6756526950604
19 567.675652680749
19.1 567.6756526664374
19.2 567.6756526521259
19.3 567.6756526378144
19.40000000000001 567.675652623503
19.50000000000001 567.6756526091915
19.60000000000001 567.67565259488
19.70000000000001 567.6756525805685
19.80000000000001 567.675652566257
19.90000000000001 567.6756525519455
20.00000000000001 567.6756525376341
20.10000000000002 567.6756525233226
20.20000000000002 567.6756525090111
20.30000000000002 567.6756524946995
20.40000000000002 567.6756524803881
20.50000000000002 567.6756524660766
20.60000000000002 567.6756524517651
20.70000000000002 567.6756524374537
20.80000000000003 567.6756524231422
20.90000000000003 567.6756524088307
21.00000000000003 567.6756523945191
21.10000000000003 567.6756523802077
21.20000000000003 567.6756523658962
21.30000000000003 567.6756523515847
21.40000000000003 567.6756523372733
21.50000000000004 567.6756523229618
21.60000000000004 567.6756523086502
21.70000000000004 567.6756522943388
21.80000000000004 567.6756522800273
21.90000000000004 567.6756522657158
22.00000000000004 567.6756522514044
22.10000000000004 567.6756522370929
22.20000000000005 567.6756522227813
22.30000000000005 567.6756522084698
22.40000000000005 567.6756521941584
22.50000000000005 567.6756521798469
22.60000000000005 567.6756521655354
22.70000000000005 567.675652151224
22.80000000000005 567.6756521369124
22.90000000000006 567.6756521226009
23.00000000000006 567.6756521082895
23.10000000000006 567.675652093978
23.20000000000006 567.6756520796665
23.30000000000006 567.6756520653551
23.40000000000006 567.6756520510436
23.50000000000006 567.675652036732
23.60000000000007 567.6756520224205
23.70000000000007 567.6756520081091
23.80000000000007 567.6756519937976
23.90000000000007 567.6756519794861
24.00000000000007 567.6756519651747
24.10000000000007 567.6756519508631
24.20000000000007 567.6756519365516
24.30000000000008 567.6756519222401
24.40000000000008 567.6756519079287
24.50000000000008 567.6756518936172
24.60000000000008 567.6756518793057
24.70000000000008 567.6756518649942
24.80000000000008 567.6756518506827
24.90000000000008 567.6756518363712
25.00000000000009 567.6756518220598
25.10000000000009 567.6756518077483
25.20000000000009 567.6756517934368
25.30000000000009 567.6756517791254
25.40000000000009 567.6756517648138
25.50000000000009 567.6756517505023
25.60000000000009 567.6756517361908
25.7000000000001 567.6756517218794
25.8000000000001 567.6756517075679
25.9000000000001 567.6756516932564
26.0000000000001 567.6756516789449
26.1000000000001 567.6756516646334
26.2000000000001 567.6756516503219
26.3000000000001 567.6756516360105
26.40000000000011 567.675651621699
26.50000000000011 567.6756516073875
26.60000000000011 567.6756515930759
26.70000000000011 567.6756515787645
26.80000000000011 567.675651564453
26.90000000000011 567.6756515501415
27.00000000000011 567.6756515358301
27.10000000000012 567.6756515215186
27.20000000000012 567.675651507207
27.30000000000012 567.6756514928956
27.40000000000012 567.6756514785841
27.50000000000012 567.6756514742642
27.60000000000012 567.6756514738322
27.70000000000012 567.6756514734002
27.80000000000013 567.6756514729682
27.90000000000013 567.6756514725362
28.00000000000013 567.6756514721042
28.10000000000013 567.6756514716723
28.20000000000013 567.6756514712403
28.30000000000013 567.6756514708082
28.40000000000013 567.6756514703762
28.50000000000014 567.6756514699442
28.60000000000014 567.6756514695122
28.70000000000014 567.6756514690802
28.80000000000014 567.6756514686483
28.90000000000014 567.6756514682163
29.00000000000014 567.6756514677843
29.10000000000014 567.6756514673523
29.20000000000014 567.6756514669203
29.30000000000015 567.6756514664883
29.40000000000015 567.6756514660563
29.50000000000015 567.6756514656244
29.60000000000015 567.6756514651923
29.70000000000015 567.6756514647603
29.80000000000015 567.6756514643283
29.90000000000015 567.6756514638963
30.00000000000016 567.6756514634643
30.10000000000016 567.6756514630323
30.20000000000016 567.6756514626004
30.30000000000016 567.6756514621684
30.40000000000016 567.6756514617364
30.50000000000016 567.6756514613044
30.60000000000016 567.6756514608724
30.70000000000017 567.6756514604403
30.80000000000017 567.6756514600083
30.90000000000017 567.6756514595764
31.00000000000017 567.6756514591444
31.10000000000017 567.6756514587124
31.20000000000017 567.6756514582804
31.30000000000017 567.6756514578484
31.40000000000018 567.6756514574164
31.50000000000018 567.6756514569844
31.60000000000018 567.6756514565525
31.70000000000018 567.6756514561205
31.80000000000018 567.6756514556885
31.90000000000018 567.6756514552565
32.00000000000018 567.6756514548244
32.10000000000019 567.6756514543924
32.20000000000019 567.6756514539604
32.30000000000019 567.6756514535285
32.40000000000019 567.6756514530965
32.50000000000019 567.6756514526645
32.60000000000019 567.6756514522325
32.70000000000019 567.6756514518005
32.8000000000002 567.6756514513685
32.9000000000002 567.6756514509365
33.0000000000002 567.6756514505046
33.1000000000002 567.6756514500726
33.2000000000002 567.6756514496406
33.3000000000002 567.6756514492085
33.4000000000002 567.6756514487765
33.50000000000021 567.6756514483445
33.60000000000021 567.6756514479125
33.70000000000021 567.6756514474806
33.80000000000021 567.6756514470486
33.90000000000021 567.6756514466166
34.00000000000021 567.6756514461846
34.10000000000021 567.6756514457526
34.20000000000022 567.6756514453206
34.30000000000022 567.6756514448886
34.40000000000022 567.6756514444567
34.50000000000022 567.6756514440247
34.60000000000022 567.6756514435926
34.70000000000022 567.6756514431606
34.80000000000022 567.6756514427286
34.90000000000023 567.6756514422966
35.00000000000023 567.6756514418646
35.10000000000023 567.6756514414327
35.20000000000023 567.6756514410007
35.30000000000023 567.6756514405687
35.40000000000023 567.6756514401367
35.50000000000023 567.6756514397047
35.60000000000024 567.6756514392727
35.70000000000024 567.6756514388406
35.80000000000024 567.6756514384087
35.90000000000024 567.6756514379767
36.00000000000024 567.6756514375447
36.10000000000024 567.6756514371127
36.20000000000024 567.6756514366807
36.30000000000025 567.6756514362487
36.40000000000025 567.6756514358167
36.50000000000025 567.6756514353848
36.60000000000025 567.6756514349528
36.70000000000025 567.6756514345208
36.80000000000025 567.6756514340888
36.90000000000025 567.6756514336568
37.00000000000026 567.6756514332247
37.10000000000026 567.6756514327927
37.20000000000026 567.6756514323608
37.30000000000026 567.6756514319288
37.40000000000026 567.6756514314968
37.50000000000026 567.6756514310648
37.60000000000026 567.6756514306328
37.70000000000027 567.6756514302008
37.80000000000027 567.6756514297688
37.90000000000027 567.6756514293369
38.00000000000027 567.6756514289049
38.10000000000027 567.6756514284729
38.20000000000027 567.6756514280409
38.30000000000027 567.6756514276088
38.40000000000028 567.6756514271768
38.50000000000028 567.6756514267448
38.60000000000028 567.6756514263129
38.70000000000028 567.6756514258809
38.80000000000028 567.6756514254489
38.90000000000028 567.6756514250169
39.00000000000028 567.6756514245849
39.10000000000029 567.6756514241529
39.20000000000029 567.6756514237209
39.30000000000029 567.675651423289
39.40000000000029 567.675651422857
39.50000000000029 567.6756514224249
39.60000000000029 567.6756514219929
39.70000000000029 567.6756514215609
39.8000000000003 567.6756514211289
39.9000000000003 567.6756514206969
40.0000000000003 567.6756514206436
40.1000000000003 567.6756514206422
40.2000000000003 567.6756514206409
40.3000000000003 567.6756514206396
40.4000000000003 567.6756514206382
40.50000000000031 567.6756514206369
40.60000000000031 567.6756514206355
40.70000000000031 567.6756514206342
40.80000000000031 567.6756514206329
40.90000000000031 567.6756514206315
41.00000000000031 567.6756514206302
41.10000000000031 567.6756514206288
41.20000000000032 567.6756514206274
41.30000000000032 567.6756514206262
41.40000000000032 567.6756514206248
41.50000000000032 567.6756514206235
41.60000000000032 567.6756514206221
41.70000000000032 567.6756514206209
41.80000000000032 567.6756514206195
41.90000000000033 567.6756514206181
42.00000000000033 567.6756514206168
42.10000000000033 567.6756514206154
42.20000000000033 567.6756514206141
42.30000000000033 567.6756514206128
42.40000000000033 567.6756514206114
42.50000000000033 567.6756514206101
42.60000000000034 567.6756514206087
42.70000000000034 567.6756514206074
42.80000000000034 567.6756514206061
42.90000000000034 567.6756514206047
43.00000000000034 567.6756514206033
43.10000000000034 567.675651420602
43.20000000000034 567.6756514206007
43.30000000000035 567.6756514205994
43.40000000000035 567.675651420598
43.50000000000035 567.6756514205966
43.60000000000035 567.6756514205953
43.70000000000035 567.675651420594
43.80000000000035 567.6756514205927
43.90000000000035 567.6756514205913
44.00000000000036 567.6756514205899
44.10000000000036 567.6756514205886
44.20000000000036 567.6756514205873
44.30000000000036 567.675651420586
44.40000000000036 567.6756514205846
44.50000000000036 567.6756514205832
44.60000000000036 567.6756514205819
44.70000000000037 567.6756514205806
44.80000000000037 567.6756514205792
44.90000000000037 567.6756514205779
45.00000000000037 567.6756514205765
45.10000000000037 567.6756514205753
45.20000000000037 567.6756514205739
45.30000000000037 567.6756514205725
45.40000000000038 567.6756514205712
45.50000000000038 567.6756514205698
45.60000000000038 567.6756514205686
45.70000000000038 567.6756514205672
45.80000000000038 567.6756514205658
45.90000000000038 567.6756514205645
46.00000000000038 567.6756514205631
46.10000000000039 567.6756514205618
46.20000000000039 567.6756514205605
46.30000000000039 567.6756514205591
46.40000000000039 567.6756514205578
46.50000000000039 567.6756514205564
46.60000000000039 567.6756514205551
46.70000000000039 567.6756514205538
46.8000000000004 567.6756514205524
46.9000000000004 567.675651420551
47.0000000000004 567.6756514205497
47.1000000000004 567.6756514205484
47.2000000000004 567.6756514205471
47.3000000000004 567.6756514205457
47.4000000000004 567.6756514205443
47.50000000000041 567.675651420543
47.60000000000041 567.6756514205417
47.70000000000041 567.6756514205404
47.80000000000041 567.675651420539
47.90000000000041 567.6756514205376
48.00000000000041 567.6756514205363
48.10000000000041 567.675651420535
48.20000000000041 567.6756514205337
48.30000000000042 567.6756514205323
48.40000000000042 567.6756514205309
48.50000000000042 567.6756514205296
48.60000000000042 567.6756514205283
48.70000000000042 567.6756514205269
48.80000000000042 567.6756514205256
48.90000000000042 567.6756514205242
49.00000000000043 567.675651420523
49.10000000000043 567.6756514205216
49.20000000000043 567.6756514205202
49.30000000000043 567.6756514205189
49.40000000000043 567.6756514205175
49.50000000000043 567.6756514205163
49.60000000000043 567.6756514205149
49.70000000000044 567.6756514205135
49.80000000000044 567.6756514205122
49.90000000000044 567.6756514205108