Time X1
0 250
0.1 250.2206511185232
0.2 250.4614534895836
0.3 250.7244563969499
0.4 251.0113502155838
0.5 251.3247567119041
0.6 251.6671181898601
0.7 252.0410914975994
0.7999999999999999 252.4497692009797
0.8999999999999999 252.8962217478826
0.9999999999999999 253.3842378317588
1.1 253.9177192741099
1.2 254.5010909854018
1.3 255.1392078465386
1.4 255.8374098514008
1.5 256.6016080274868
1.6 257.4383147925283
1.7 258.3546770566732
1.8 259.3587496323029
1.900000000000001 260.4592773443293
2 261.6661973510857
2.100000000000001 262.9902699599519
2.200000000000001 264.4436497237281
2.300000000000001 266.0398113367422
2.400000000000001 267.7937197518851
2.500000000000001 269.7221274760809
2.600000000000001 271.8437052827831
2.700000000000001 274.1792644469657
2.800000000000001 276.7519581116039
2.900000000000001 279.5876330354502
3.000000000000001 282.7151424369405
3.100000000000001 286.1664842779564
3.200000000000002 289.9772494257926
3.300000000000002 294.1867963838993
3.400000000000002 298.8382972876395
3.500000000000002 303.9789464088175
3.600000000000002 309.6600140350478
3.700000000000002 315.9355444111119
3.800000000000002 322.862148831541
3.900000000000002 330.4967925905502
4.000000000000002 338.8951868918793
4.100000000000001 348.1061442566217
4.200000000000001 358.1675707378905
4.300000000000001 369.0992310976353
4.4 380.8938431277682
4.5 393.5070446557969
4.6 406.8480563309402
4.699999999999999 420.7716113799106
4.799999999999999 435.0744441232841
4.899999999999999 449.501306826916
4.999999999999998 463.7588312523251
5.099999999999998 477.5390102062306
5.199999999999998 490.5497628912481
5.299999999999997 502.5447798643002
5.399999999999997 513.3468700832739
5.499999999999996 522.8594512083317
5.599999999999996 531.0649438270547
5.699999999999996 538.012529825931
5.799999999999995 543.7999229730592
5.899999999999995 548.5539582269382
5.999999999999995 552.4135205657872
6.099999999999994 555.5167108014064
6.199999999999994 557.9918465985816
6.299999999999994 559.9534921816381
6.399999999999993 561.500287476675
6.499999999999993 562.7150181329644
6.599999999999993 563.6658889918217
6.699999999999992 564.4083527810023
6.799999999999992 564.9869489764309
6.899999999999991 565.4371412262706
6.999999999999991 565.7869896267208
7.099999999999991 566.0586318914072
7.19999999999999 566.2693954892475
7.29999999999999 566.4328183647342
7.39999999999999 566.559477089784
7.499999999999989 566.6576213354023
7.599999999999989 566.7336395735765
7.699999999999989 566.7925040886169
7.799999999999988 566.8381205424093
7.899999999999988 566.8734358244427
7.999999999999988 566.900756134728
8.099999999999987 566.9218730456942
8.199999999999987 566.9382930501683
8.299999999999986 566.9508889492548
8.399999999999986 566.9606860364401
8.499999999999986 566.9682469972635
8.599999999999985 566.9741023784029
8.699999999999985 566.978624242908
8.799999999999985 566.9821732787765
8.899999999999984 566.984922090423
8.999999999999984 566.9871207962392
9.099999999999984 566.9887062489126
9.199999999999983 566.9899867891636
9.299999999999983 566.9909928683409
9.399999999999983 566.9917366790663
9.499999999999982 566.9923097040473
9.599999999999982 566.9927359140936
9.699999999999982 566.9930637351241
9.799999999999981 566.9933214703711
9.899999999999981 566.9935218544314
9.99999999999998 566.9936832873927
10.09999999999998 566.993809101521
10.19999999999998 566.993909919047
10.29999999999998 566.9939874328816
10.39999999999998 566.9940488706973
10.49999999999998 566.9940959866719
10.59999999999998 566.9941328318449
10.69999999999998 566.994161564141
10.79999999999998 566.9941837212532
10.89999999999998 566.9942013180603
10.99999999999998 566.9942148181873
11.09999999999998 566.9942256041082
11.19999999999998 566.9942338787124
11.29999999999998 566.9942404619242
11.39999999999998 566.9942462874121
11.49999999999998 566.99425401155
11.59999999999997 566.994260811086
11.69999999999997 566.9942666860197
11.79999999999997 566.9942716363516
11.89999999999997 566.9942756620813
11.99999999999997 566.9942787632091
12.09999999999997 566.9942809397347
12.19999999999997 566.9942821916584
12.29999999999997 566.99428251898
12.39999999999997 566.9942819216996
12.49999999999997 566.9942803998171
12.59999999999997 566.9942779533325
12.69999999999997 566.9942771773092
12.79999999999997 566.9942779770724
12.89999999999997 566.9942785422357
12.99999999999997 566.9942788727989
13.09999999999997 566.994278968762
13.19999999999997 566.9942788301252
13.29999999999997 566.9942784568882
13.39999999999997 566.9942778490512
13.49999999999997 566.9942770066141
13.59999999999997 566.994275929577
13.69999999999997 566.9942746179398
13.79999999999997 566.9942730717027
13.89999999999997 566.9942712908654
13.99999999999997 566.9942708621992
14.09999999999997 566.9942704039029
14.19999999999997 566.9942699456067
14.29999999999997 566.9942694873104
14.39999999999996 566.994269029014
14.49999999999996 566.9942685707178
14.59999999999996 566.9942681124215
14.69999999999996 566.9942676541252
14.79999999999996 566.9942671958289
14.89999999999996 566.9942667375327
14.99999999999996 566.9942662792364
15.09999999999996 566.9942658209401
15.19999999999996 566.9942655006993
15.29999999999996 566.9942654869667
15.39999999999996 566.9942654732341
15.49999999999996 566.9942654595015
15.59999999999996 566.994265445769
15.69999999999996 566.9942654320364
15.79999999999996 566.9942654183037
15.89999999999996 566.9942654045711
15.99999999999996 566.9942653908386
16.09999999999996 566.994265377106
16.19999999999996 566.9942653633734
16.29999999999996 566.9942653496408
16.39999999999996 566.9942653359083
16.49999999999996 566.9942653221756
16.59999999999997 566.994265308443
16.69999999999997 566.9942652947104
16.79999999999997 566.9942652809779
16.89999999999997 566.9942652672453
16.99999999999997 566.9942652535127
17.09999999999997 566.9942652397801
17.19999999999997 566.9942652260474
17.29999999999998 566.9942652123149
17.39999999999998 566.9942651985823
17.49999999999998 566.9942651848497
17.59999999999998 566.9942651711171
17.69999999999998 566.9942651573846
17.79999999999998 566.994265143652
17.89999999999998 566.9942651299193
17.99999999999999 566.9942651161867
18.09999999999999 566.9942651024542
18.19999999999999 566.9942650887216
18.29999999999999 566.994265074989
18.39999999999999 566.9942650612564
18.49999999999999 566.9942650475239
18.59999999999999 566.9942650337912
18.7 566.9942650200586
18.8 566.994265006326
18.9 566.9942649925935
19 566.9942649788609
19.1 566.9942649651283
19.2 566.9942649513957
19.3 566.994264937663
19.40000000000001 566.9942649239305
19.50000000000001 566.9942649101979
19.60000000000001 566.9942648964653
19.70000000000001 566.9942648827328
19.80000000000001 566.9942648690002
19.90000000000001 566.9942648552675
20.00000000000001 566.9942648415349
20.10000000000002 566.9942648278023
20.20000000000002 566.9942648140698
20.30000000000002 566.9942648003372
20.40000000000002 566.9942647866046
20.50000000000002 566.994264772872
20.60000000000002 566.9942647591394
20.70000000000002 566.9942647454068
20.80000000000003 566.9942647316742
20.90000000000003 566.9942647179416
21.00000000000003 566.9942647042091
21.10000000000003 566.9942646904765
21.20000000000003 566.9942646767439
21.30000000000003 566.9942646630112
21.40000000000003 566.9942646492786
21.50000000000004 566.9942646355461
21.60000000000004 566.9942646218135
21.70000000000004 566.9942646080809
21.80000000000004 566.9942645943484
21.90000000000004 566.9942645806158
22.00000000000004 566.9942645668831
22.10000000000004 566.9942645531505
22.20000000000005 566.9942645394179
22.30000000000005 566.9942645256854
22.40000000000005 566.9942645119528
22.50000000000005 566.9942644982202
22.60000000000005 566.9942644844876
22.70000000000005 566.994264470755
22.80000000000005 566.9942644570224
22.90000000000006 566.9942644432898
23.00000000000006 566.9942644295572
23.10000000000006 566.9942644158247
23.20000000000006 566.9942644020921
23.30000000000006 566.9942643883595
23.40000000000006 566.9942643746268
23.50000000000006 566.9942643608942
23.60000000000007 566.9942643471617
23.70000000000007 566.9942643334291
23.80000000000007 566.9942643196965
23.90000000000007 566.994264305964
24.00000000000007 566.9942642922314
24.10000000000007 566.9942642784987
24.20000000000007 566.9942642647661
24.30000000000008 566.9942642510335
24.40000000000008 566.994264237301
24.50000000000008 566.9942642235684
24.60000000000008 566.9942642098358
24.70000000000008 566.9942641961031
24.80000000000008 566.9942641823706
24.90000000000008 566.994264168638
25.00000000000009 566.9942641549054
25.10000000000009 566.9942641411728
25.20000000000009 566.9942641274403
25.30000000000009 566.9942641137077
25.40000000000009 566.994264099975
25.50000000000009 566.9942640862424
25.60000000000009 566.9942640725098
25.7000000000001 566.9942640587773
25.8000000000001 566.9942640450447
25.9000000000001 566.9942640313121
26.0000000000001 566.9942640175796
26.1000000000001 566.9942640038469
26.2000000000001 566.9942639901143
26.3000000000001 566.9942639763817
26.40000000000011 566.9942639626491
26.50000000000011 566.9942639489166
26.60000000000011 566.994263935184
26.70000000000011 566.9942639214514
26.80000000000011 566.9942639077187
26.90000000000011 566.9942638939862
27.00000000000011 566.9942638802536
27.10000000000012 566.994263866521
27.20000000000012 566.9942638527884
27.30000000000012 566.9942638390559
27.40000000000012 566.9942638253233
27.50000000000012 566.9942638115906
27.60000000000012 566.994263797858
27.70000000000012 566.9942637841255
27.80000000000013 566.9942637705785
27.90000000000013 566.994263770167
28.00000000000013 566.9942637697554
28.10000000000013 566.9942637693438
28.20000000000013 566.9942637689322
28.30000000000013 566.9942637685206
28.40000000000013 566.994263768109
28.50000000000014 566.9942637676974
28.60000000000014 566.9942637672858
28.70000000000014 566.9942637668742
28.80000000000014 566.9942637664626
28.90000000000014 566.9942637660511
29.00000000000014 566.9942637656394
29.10000000000014 566.9942637652279
29.20000000000014 566.9942637648162
29.30000000000015 566.9942637644046
29.40000000000015 566.994263763993
29.50000000000015 566.9942637635814
29.60000000000015 566.9942637631698
29.70000000000015 566.9942637627582
29.80000000000015 566.9942637623467
29.90000000000015 566.994263761935
30.00000000000016 566.9942637615235
30.10000000000016 566.9942637611118
30.20000000000016 566.9942637607003
30.30000000000016 566.9942637602886
30.40000000000016 566.9942637598771
30.50000000000016 566.9942637594654
30.60000000000016 566.9942637590539
30.70000000000017 566.9942637586423
30.80000000000017 566.9942637582307
30.90000000000017 566.9942637578191
31.00000000000017 566.9942637574075
31.10000000000017 566.9942637569959
31.20000000000017 566.9942637565842
31.30000000000017 566.9942637561727
31.40000000000018 566.994263755761
31.50000000000018 566.9942637553495
31.60000000000018 566.9942637549379
31.70000000000018 566.9942637545263
31.80000000000018 566.9942637541147
31.90000000000018 566.9942637537031
32.00000000000018 566.9942637532915
32.10000000000019 566.9942637528799
32.20000000000019 566.9942637524683
32.30000000000019 566.9942637520567
32.40000000000019 566.9942637516451
32.50000000000019 566.9942637512336
32.60000000000019 566.9942637508219
32.70000000000019 566.9942637504104
32.8000000000002 566.9942637499987
32.9000000000002 566.9942637495872
33.0000000000002 566.9942637491755
33.1000000000002 566.994263748764
33.2000000000002 566.9942637483523
33.3000000000002 566.9942637479407
33.4000000000002 566.9942637475292
33.50000000000021 566.9942637471175
33.60000000000021 566.994263746706
33.70000000000021 566.9942637462943
33.80000000000021 566.9942637458828
33.90000000000021 566.9942637454711
34.00000000000021 566.9942637450596
34.10000000000021 566.9942637446479
34.20000000000022 566.9942637442364
34.30000000000022 566.9942637438248
34.40000000000022 566.9942637434132
34.50000000000022 566.9942637430016
34.60000000000022 566.99426374259
34.70000000000022 566.9942637421784
34.80000000000022 566.9942637417668
34.90000000000023 566.9942637413552
35.00000000000023 566.9942637409436
35.10000000000023 566.994263740532
35.20000000000023 566.9942637401203
35.30000000000023 566.9942637397088
35.40000000000023 566.9942637392973
35.50000000000023 566.9942637388856
35.60000000000024 566.994263738474
35.70000000000024 566.9942637380624
35.80000000000024 566.9942637376508
35.90000000000024 566.9942637372392
36.00000000000024 566.9942637368276
36.10000000000024 566.994263736416
36.20000000000024 566.9942637360044
36.30000000000025 566.9942637355929
36.40000000000025 566.9942637351812
36.50000000000025 566.9942637347697
36.60000000000025 566.994263734358
36.70000000000025 566.9942637339465
36.80000000000025 566.9942637335348
36.90000000000025 566.9942637331233
37.00000000000026 566.9942637327116
37.10000000000026 566.9942637323001
37.20000000000026 566.9942637318885
37.30000000000026 566.9942637314768
37.40000000000026 566.9942637310653
37.50000000000026 566.9942637306536
37.60000000000026 566.9942637302421
37.70000000000027 566.9942637298304
37.80000000000027 566.9942637294189
37.90000000000027 566.9942637290072
38.00000000000027 566.9942637285957
38.10000000000027 566.9942637281841
38.20000000000027 566.9942637277725
38.30000000000027 566.9942637273609
38.40000000000028 566.9942637269493
38.50000000000028 566.9942637265377
38.60000000000028 566.9942637261261
38.70000000000028 566.9942637257145
38.80000000000028 566.9942637253029
38.90000000000028 566.9942637248913
39.00000000000028 566.9942637244798
39.10000000000029 566.9942637240681
39.20000000000029 566.9942637236566
39.30000000000029 566.9942637232449
39.40000000000029 566.9942637228334
39.50000000000029 566.9942637224217
39.60000000000029 566.9942637220101
39.70000000000029 566.9942637215985
39.8000000000003 566.9942637211869
39.9000000000003 566.9942637207754
40.0000000000003 566.9942637203637
40.1000000000003 566.9942637199522
40.2000000000003 566.9942637195405
40.3000000000003 566.994263719129
40.4000000000003 566.9942637187173
40.50000000000031 566.9942637186001
40.60000000000031 566.9942637185989
40.70000000000031 566.9942637185976
40.80000000000031 566.9942637185964
40.90000000000031 566.9942637185951
41.00000000000031 566.9942637185939
41.10000000000031 566.9942637185925
41.20000000000032 566.9942637185912
41.30000000000032 566.99426371859
41.40000000000032 566.9942637185887
41.50000000000032 566.9942637185875
41.60000000000032 566.9942637185862
41.70000000000032 566.994263718585
41.80000000000032 566.9942637185836
41.90000000000033 566.9942637185824
42.00000000000033 566.9942637185811
42.10000000000033 566.9942637185799
42.20000000000033 566.9942637185786
42.30000000000033 566.9942637185774
42.40000000000033 566.994263718576
42.50000000000033 566.9942637185748
42.60000000000034 566.9942637185735
42.70000000000034 566.9942637185723
42.80000000000034 566.994263718571
42.90000000000034 566.9942637185698
43.00000000000034 566.9942637185685
43.10000000000034 566.9942637185671
43.20000000000034 566.9942637185659
43.30000000000035 566.9942637185646
43.40000000000035 566.9942637185634
43.50000000000035 566.9942637185621
43.60000000000035 566.9942637185609
43.70000000000035 566.9942637185595
43.80000000000035 566.9942637185583
43.90000000000035 566.994263718557
44.00000000000036 566.9942637185558
44.10000000000036 566.9942637185545
44.20000000000036 566.9942637185533
44.30000000000036 566.994263718552
44.40000000000036 566.9942637185507
44.50000000000036 566.9942637185494
44.60000000000036 566.9942637185482
44.70000000000037 566.9942637185469
44.80000000000037 566.9942637185457
44.90000000000037 566.9942637185444
45.00000000000037 566.994263718543
45.10000000000037 566.9942637185418
45.20000000000037 566.9942637185405
45.30000000000037 566.9942637185393
45.40000000000038 566.994263718538
45.50000000000038 566.9942637185368
45.60000000000038 566.9942637185355
45.70000000000038 566.9942637185342
45.80000000000038 566.9942637185329
45.90000000000038 566.9942637185317
46.00000000000038 566.9942637185304
46.10000000000039 566.9942637185292
46.20000000000039 566.9942637185279
46.30000000000039 566.9942637185266
46.40000000000039 566.9942637185253
46.50000000000039 566.9942637185241
46.60000000000039 566.9942637185228
46.70000000000039 566.9942637185216
46.8000000000004 566.9942637185203
46.9000000000004 566.9942637185191
47.0000000000004 566.9942637185177
47.1000000000004 566.9942637185164
47.2000000000004 566.9942637185152
47.3000000000004 566.9942637185139
47.4000000000004 566.9942637185127
47.50000000000041 566.9942637185114
47.60000000000041 566.9942637185101
47.70000000000041 566.9942637185088
47.80000000000041 566.9942637185076
47.90000000000041 566.9942637185063
48.00000000000041 566.9942637185051
48.10000000000041 566.9942637185038
48.20000000000041 566.9942637185026
48.30000000000042 566.9942637185012
48.40000000000042 566.9942637185
48.50000000000042 566.9942637184987
48.60000000000042 566.9942637184975
48.70000000000042 566.9942637184962
48.80000000000042 566.9942637184949
48.90000000000042 566.9942637184936
49.00000000000043 566.9942637184923
49.10000000000043 566.9942637184911
49.20000000000043 566.9942637184898
49.30000000000043 566.9942637184886
49.40000000000043 566.9942637184873
49.50000000000043 566.9942637184861
49.60000000000043 566.9942637184847
49.70000000000044 566.9942637184835
49.80000000000044 566.9942637184822
49.90000000000044 566.994263718481