Time X1
0 250
0.1 250.2210972355919
0.2 250.4623868443725
0.3 250.725919719945
0.4 251.0133928467593
0.5 251.327432141539
0.6 251.670484149447
0.7 252.0452121102224
0.7999999999999999 252.4547129185881
0.8999999999999999 252.9020677306351
0.9999999999999999 253.3910685921541
1.1 253.925627755507
1.2 254.51017915337
1.3 255.1495877988756
1.4 255.849205006868
1.5 256.6149549319049
1.6 257.4533630699992
1.7 258.3715931107031
1.8 259.3777167732112
1.900000000000001 260.4804988677126
2 261.6898982563903
2.100000000000001 263.0166988829569
2.200000000000001 264.4730846967997
2.300000000000001 266.0725594775724
2.400000000000001 267.8301234255574
2.500000000000001 269.7625676557201
2.600000000000001 271.8886060970099
2.700000000000001 274.2290975803436
2.800000000000001 276.807247657634
2.900000000000001 279.6489638877451
3.000000000000001 282.783162622143
3.100000000000001 286.2419123886624
3.200000000000002 290.0608796870251
3.300000000000002 294.2795024131007
3.400000000000002 298.941030140476
3.500000000000002 304.0927398673251
3.600000000000002 309.78597013196
3.700000000000002 316.0748160816548
3.800000000000002 323.0159054822825
3.900000000000002 330.666193160306
4.000000000000002 339.0812760943617
4.100000000000001 348.3097711653261
4.200000000000001 358.3892591436792
4.300000000000001 369.3389872071496
4.4 381.1509738131086
4.5 393.7799370242656
4.6 407.1339806007423
4.699999999999999 421.066637622791
4.799999999999999 435.373407844257
4.899999999999999 449.7981249528632
4.999999999999998 464.0468616285204
5.099999999999998 477.8117057698956
5.199999999999998 490.8013329734308
5.299999999999997 502.7707789126987
5.399999999999997 513.5445611146381
5.499999999999996 523.0278816281138
5.599999999999996 531.2047567161536
5.699999999999996 538.1255988897971
5.799999999999995 543.8889208011258
5.899999999999995 548.6219498981137
5.999999999999995 552.4636381208138
6.099999999999994 555.551932535793
6.199999999999994 558.0148463116984
6.299999999999994 559.9665984610263
6.399999999999993 561.5054690196043
6.499999999999993 562.7139031552213
6.599999999999993 563.6598043151249
6.699999999999992 564.3983650366405
6.799999999999992 564.9739071554343
6.899999999999991 565.4217172776471
6.999999999999991 565.7697130050512
7.099999999999991 566.0399154124643
7.19999999999999 566.249563059608
7.29999999999999 566.4121215790527
7.39999999999999 566.5381108027673
7.499999999999989 566.6357374126904
7.599999999999989 566.7113556839956
7.699999999999989 566.7699112758149
7.799999999999988 566.8152899602345
7.899999999999988 566.8504195363819
7.999999999999988 566.8775975037797
8.099999999999987 566.8986041982885
8.199999999999987 566.9149356737439
8.299999999999986 566.9274702574128
8.399999999999986 566.9372164621669
8.499999999999986 566.9447382219664
8.599999999999985 566.9505635905715
8.699999999999985 566.9550627312805
8.799999999999985 566.9585945767585
8.899999999999984 566.9613294680843
8.999999999999984 566.9635147796031
9.099999999999984 566.9650941389702
9.199999999999983 566.9663690826252
9.299999999999983 566.9673698223336
9.399999999999983 566.9681092620378
9.499999999999982 566.9686794124519
9.599999999999982 566.9691029658665
9.699999999999982 566.9694294454316
9.799999999999981 566.9696858251356
9.899999999999981 566.969885420164
9.99999999999998 566.970046111924
10.09999999999998 566.9701713751022
10.19999999999998 566.9702717344182
10.29999999999998 566.9703488683028
10.39999999999998 566.9704100346656
10.49999999999998 566.9704568992374
10.59999999999998 566.9704935932351
10.69999999999998 566.9705221727788
10.79999999999998 566.9705442417429
10.89999999999998 566.970561753786
10.99999999999998 566.9705751946527
11.09999999999998 566.9705859322861
11.19999999999998 566.9705941677655
11.29999999999998 566.9706007232024
11.39999999999998 566.9706065957326
11.49999999999998 566.9706143035067
11.59999999999997 566.970621086487
11.69999999999997 566.9706269446731
11.79999999999997 566.9706318780653
11.89999999999997 566.9706358866636
11.99999999999997 566.9706389704678
12.09999999999997 566.9706411294782
12.19999999999997 566.9706423636945
12.29999999999997 566.9706426731169
12.39999999999997 566.9706420577453
12.49999999999997 566.9706405175797
12.59999999999997 566.9706380526202
12.69999999999997 566.970637353491
12.79999999999997 566.9706381488528
12.89999999999997 566.9706387095439
12.99999999999997 566.9706390355643
13.09999999999997 566.9706391269142
13.19999999999997 566.9706389835933
13.29999999999997 566.9706386056017
13.39999999999997 566.9706379929396
13.49999999999997 566.9706371456067
13.59999999999997 566.9706360636031
13.69999999999997 566.970634746929
13.79999999999997 566.9706331955841
13.89999999999997 566.9706314095686
13.99999999999997 566.9706310114193
14.09999999999997 566.970630552954
14.19999999999997 566.9706300944887
14.29999999999997 566.9706296360233
14.39999999999996 566.970629177558
14.49999999999996 566.9706287190926
14.59999999999996 566.9706282606273
14.69999999999996 566.970627802162
14.79999999999996 566.9706273436966
14.89999999999996 566.9706268852312
14.99999999999996 566.970626426766
15.09999999999996 566.9706259683006
15.19999999999996 566.9706256574995
15.29999999999996 566.9706256437602
15.39999999999996 566.970625630021
15.49999999999996 566.9706256162817
15.59999999999996 566.9706256025424
15.69999999999996 566.9706255888033
15.79999999999996 566.970625575064
15.89999999999996 566.9706255613247
15.99999999999996 566.9706255475855
16.09999999999996 566.9706255338463
16.19999999999996 566.970625520107
16.29999999999996 566.9706255063678
16.39999999999996 566.9706254926285
16.49999999999996 566.9706254788892
16.59999999999997 566.9706254651501
16.69999999999997 566.9706254514108
16.79999999999997 566.9706254376715
16.89999999999997 566.9706254239323
16.99999999999997 566.9706254101931
17.09999999999997 566.9706253964538
17.19999999999997 566.9706253827146
17.29999999999998 566.9706253689753
17.39999999999998 566.9706253552361
17.49999999999998 566.9706253414969
17.59999999999998 566.9706253277576
17.69999999999998 566.9706253140183
17.79999999999998 566.9706253002792
17.89999999999998 566.9706252865399
17.99999999999999 566.9706252728006
18.09999999999999 566.9706252590614
18.19999999999999 566.9706252453221
18.29999999999999 566.9706252315829
18.39999999999999 566.9706252178437
18.49999999999999 566.9706252041044
18.59999999999999 566.9706251903651
18.7 566.970625176626
18.8 566.9706251628867
18.9 566.9706251491474
19 566.9706251354081
19.1 566.9706251216689
19.2 566.9706251079297
19.3 566.9706250941904
19.40000000000001 566.9706250804512
19.50000000000001 566.9706250667119
19.60000000000001 566.9706250529727
19.70000000000001 566.9706250392335
19.80000000000001 566.9706250254942
19.90000000000001 566.9706250117549
20.00000000000001 566.9706249980158
20.10000000000002 566.9706249842765
20.20000000000002 566.9706249705372
20.30000000000002 566.970624956798
20.40000000000002 566.9706249430587
20.50000000000002 566.9706249293195
20.60000000000002 566.9706249155803
20.70000000000002 566.970624901841
20.80000000000003 566.9706248881017
20.90000000000003 566.9706248743626
21.00000000000003 566.9706248606233
21.10000000000003 566.970624846884
21.20000000000003 566.9706248331448
21.30000000000003 566.9706248194055
21.40000000000003 566.9706248056663
21.50000000000004 566.9706247919271
21.60000000000004 566.9706247781878
21.70000000000004 566.9706247644485
21.80000000000004 566.9706247507094
21.90000000000004 566.9706247369701
22.00000000000004 566.9706247232308
22.10000000000004 566.9706247094916
22.20000000000005 566.9706246957523
22.30000000000005 566.9706246820131
22.40000000000005 566.9706246682739
22.50000000000005 566.9706246545346
22.60000000000005 566.9706246407953
22.70000000000005 566.9706246270562
22.80000000000005 566.9706246133169
22.90000000000006 566.9706245995776
23.00000000000006 566.9706245858384
23.10000000000006 566.9706245720992
23.20000000000006 566.9706245583599
23.30000000000006 566.9706245446207
23.40000000000006 566.9706245308814
23.50000000000006 566.9706245171421
23.60000000000007 566.970624503403
23.70000000000007 566.9706244896637
23.80000000000007 566.9706244759244
23.90000000000007 566.9706244621852
24.00000000000007 566.970624448446
24.10000000000007 566.9706244347067
24.20000000000007 566.9706244209675
24.30000000000008 566.9706244072282
24.40000000000008 566.9706243934889
24.50000000000008 566.9706243797498
24.60000000000008 566.9706243660105
24.70000000000008 566.9706243522712
24.80000000000008 566.970624338532
24.90000000000008 566.9706243247928
25.00000000000009 566.9706243110535
25.10000000000009 566.9706242973143
25.20000000000009 566.970624283575
25.30000000000009 566.9706242698358
25.40000000000009 566.9706242560966
25.50000000000009 566.9706242423573
25.60000000000009 566.970624228618
25.7000000000001 566.9706242148789
25.8000000000001 566.9706242011396
25.9000000000001 566.9706241874003
26.0000000000001 566.9706241736611
26.1000000000001 566.9706241599218
26.2000000000001 566.9706241461826
26.3000000000001 566.9706241324434
26.40000000000011 566.9706241187041
26.50000000000011 566.9706241049648
26.60000000000011 566.9706240912257
26.70000000000011 566.9706240774864
26.80000000000011 566.9706240637471
26.90000000000011 566.9706240500079
27.00000000000011 566.9706240362686
27.10000000000012 566.9706240225294
27.20000000000012 566.9706240087901
27.30000000000012 566.9706239950509
27.40000000000012 566.9706239813116
27.50000000000012 566.9706239675724
27.60000000000012 566.9706239538332
27.70000000000012 566.9706239400939
27.80000000000013 566.9706239269251
27.90000000000013 566.9706239265133
28.00000000000013 566.9706239261014
28.10000000000013 566.9706239256896
28.20000000000013 566.9706239252778
28.30000000000013 566.9706239248659
28.40000000000013 566.970623924454
28.50000000000014 566.9706239240422
28.60000000000014 566.9706239236303
28.70000000000014 566.9706239232186
28.80000000000014 566.9706239228067
28.90000000000014 566.9706239223948
29.00000000000014 566.970623921983
29.10000000000014 566.9706239215711
29.20000000000014 566.9706239211592
29.30000000000015 566.9706239207475
29.40000000000015 566.9706239203356
29.50000000000015 566.9706239199237
29.60000000000015 566.9706239195119
29.70000000000015 566.9706239191
29.80000000000015 566.9706239186883
29.90000000000015 566.9706239182764
30.00000000000016 566.9706239178645
30.10000000000016 566.9706239174527
30.20000000000016 566.9706239170408
30.30000000000016 566.9706239166289
30.40000000000016 566.9706239162172
30.50000000000016 566.9706239158053
30.60000000000016 566.9706239153935
30.70000000000017 566.9706239149816
30.80000000000017 566.9706239145697
30.90000000000017 566.970623914158
31.00000000000017 566.9706239137461
31.10000000000017 566.9706239133342
31.20000000000017 566.9706239129224
31.30000000000017 566.9706239125105
31.40000000000018 566.9706239120986
31.50000000000018 566.9706239116869
31.60000000000018 566.970623911275
31.70000000000018 566.9706239108632
31.80000000000018 566.9706239104513
31.90000000000018 566.9706239100394
32.00000000000018 566.9706239096276
32.10000000000019 566.9706239092158
32.20000000000019 566.9706239088039
32.30000000000019 566.9706239083921
32.40000000000019 566.9706239079802
32.50000000000019 566.9706239075684
32.60000000000019 566.9706239071566
32.70000000000019 566.9706239067447
32.8000000000002 566.9706239063329
32.9000000000002 566.970623905921
33.0000000000002 566.9706239055091
33.1000000000002 566.9706239050973
33.2000000000002 566.9706239046855
33.3000000000002 566.9706239042737
33.4000000000002 566.9706239038618
33.50000000000021 566.9706239034499
33.60000000000021 566.9706239030381
33.70000000000021 566.9706239026262
33.80000000000021 566.9706239022144
33.90000000000021 566.9706239018026
34.00000000000021 566.9706239013907
34.10000000000021 566.9706239009788
34.20000000000022 566.970623900567
34.30000000000022 566.9706239001551
34.40000000000022 566.9706238997434
34.50000000000022 566.9706238993315
34.60000000000022 566.9706238989196
34.70000000000022 566.9706238985078
34.80000000000022 566.9706238980959
34.90000000000023 566.970623897684
35.00000000000023 566.9706238972723
35.10000000000023 566.9706238968604
35.20000000000023 566.9706238964486
35.30000000000023 566.9706238960367
35.40000000000023 566.9706238956248
35.50000000000023 566.9706238952131
35.60000000000024 566.9706238948012
35.70000000000024 566.9706238943893
35.80000000000024 566.9706238939775
35.90000000000024 566.9706238935656
36.00000000000024 566.9706238931537
36.10000000000024 566.970623892742
36.20000000000024 566.9706238923301
36.30000000000025 566.9706238919183
36.40000000000025 566.9706238915064
36.50000000000025 566.9706238910945
36.60000000000025 566.9706238906828
36.70000000000025 566.9706238902709
36.80000000000025 566.970623889859
36.90000000000025 566.9706238894472
37.00000000000026 566.9706238890353
37.10000000000026 566.9706238886235
37.20000000000026 566.9706238882117
37.30000000000026 566.9706238877998
37.40000000000026 566.970623887388
37.50000000000026 566.9706238869761
37.60000000000026 566.9706238865642
37.70000000000027 566.9706238861525
37.80000000000027 566.9706238857406
37.90000000000027 566.9706238853287
38.00000000000027 566.9706238849169
38.10000000000027 566.970623884505
38.20000000000027 566.9706238840932
38.30000000000027 566.9706238836814
38.40000000000028 566.9706238832695
38.50000000000028 566.9706238828577
38.60000000000028 566.9706238824458
38.70000000000028 566.9706238820339
38.80000000000028 566.9706238816221
38.90000000000028 566.9706238812103
39.00000000000028 566.9706238807985
39.10000000000029 566.9706238803866
39.20000000000029 566.9706238799747
39.30000000000029 566.9706238795629
39.40000000000029 566.970623879151
39.50000000000029 566.9706238787392
39.60000000000029 566.9706238783274
39.70000000000029 566.9706238779155
39.8000000000003 566.9706238775037
39.9000000000003 566.9706238770918
40.0000000000003 566.97062387668
40.1000000000003 566.9706238762682
40.2000000000003 566.9706238758563
40.3000000000003 566.9706238754444
40.4000000000003 566.9706238750326
40.50000000000031 566.9706238749302
40.60000000000031 566.9706238749289
40.70000000000031 566.9706238749277
40.80000000000031 566.9706238749264
40.90000000000031 566.9706238749252
41.00000000000031 566.9706238749239
41.10000000000031 566.9706238749226
41.20000000000032 566.9706238749213
41.30000000000032 566.9706238749201
41.40000000000032 566.9706238749188
41.50000000000032 566.9706238749176
41.60000000000032 566.9706238749163
41.70000000000032 566.970623874915
41.80000000000032 566.9706238749137
41.90000000000033 566.9706238749125
42.00000000000033 566.9706238749112
42.10000000000033 566.97062387491
42.20000000000033 566.9706238749087
42.30000000000033 566.9706238749075
42.40000000000033 566.9706238749061
42.50000000000033 566.9706238749048
42.60000000000034 566.9706238749036
42.70000000000034 566.9706238749023
42.80000000000034 566.9706238749011
42.90000000000034 566.9706238748998
43.00000000000034 566.9706238748985
43.10000000000034 566.9706238748972
43.20000000000034 566.970623874896
43.30000000000035 566.9706238748947
43.40000000000035 566.9706238748935
43.50000000000035 566.9706238748922
43.60000000000035 566.9706238748909
43.70000000000035 566.9706238748896
43.80000000000035 566.9706238748884
43.90000000000035 566.9706238748871
44.00000000000036 566.9706238748859
44.10000000000036 566.9706238748846
44.20000000000036 566.9706238748832
44.30000000000036 566.970623874882
44.40000000000036 566.9706238748807
44.50000000000036 566.9706238748795
44.60000000000036 566.9706238748782
44.70000000000037 566.970623874877
44.80000000000037 566.9706238748756
44.90000000000037 566.9706238748744
45.00000000000037 566.9706238748731
45.10000000000037 566.9706238748719
45.20000000000037 566.9706238748706
45.30000000000037 566.9706238748694
45.40000000000038 566.970623874868
45.50000000000038 566.9706238748668
45.60000000000038 566.9706238748655
45.70000000000038 566.9706238748643
45.80000000000038 566.970623874863
45.90000000000038 566.9706238748618
46.00000000000038 566.9706238748604
46.10000000000039 566.9706238748591
46.20000000000039 566.9706238748579
46.30000000000039 566.9706238748566
46.40000000000039 566.9706238748554
46.50000000000039 566.9706238748541
46.60000000000039 566.9706238748528
46.70000000000039 566.9706238748515
46.8000000000004 566.9706238748503
46.9000000000004 566.970623874849
47.0000000000004 566.9706238748478
47.1000000000004 566.9706238748465
47.2000000000004 566.9706238748453
47.3000000000004 566.9706238748439
47.4000000000004 566.9706238748427
47.50000000000041 566.9706238748414
47.60000000000041 566.9706238748402
47.70000000000041 566.9706238748389
47.80000000000041 566.9706238748377
47.90000000000041 566.9706238748363
48.00000000000041 566.970623874835
48.10000000000041 566.9706238748338
48.20000000000041 566.9706238748325
48.30000000000042 566.9706238748313
48.40000000000042 566.97062387483
48.50000000000042 566.9706238748287
48.60000000000042 566.9706238748274
48.70000000000042 566.9706238748262
48.80000000000042 566.9706238748249
48.90000000000042 566.9706238748237
49.00000000000043 566.9706238748224
49.10000000000043 566.9706238748211
49.20000000000043 566.9706238748198
49.30000000000043 566.9706238748186
49.40000000000043 566.9706238748173
49.50000000000043 566.9706238748161
49.60000000000043 566.9706238748148
49.70000000000044 566.9706238748134
49.80000000000044 566.9706238748122
49.90000000000044 566.9706238748109