Time X1
0 250
0.1 250.2239204752029
0.2 250.4683027331635
0.3 250.7352090738944
0.4 251.026380870582
0.5 251.3444724249763
0.6 251.6919593421136
0.7 252.0715488207895
0.7999999999999999 252.4863677263178
0.8999999999999999 252.9395699171466
0.9999999999999999 253.4349719119155
1.1 253.9765577563081
1.2 254.5688242133296
1.3 255.2167070018477
1.4 255.9256367001946
1.5 256.701629422847
1.6 257.5513027038742
1.7 258.4819394376725
1.8 259.5017300292601
1.900000000000001 260.6195824906445
2 261.8456095376434
2.100000000000001 263.1907653456493
2.200000000000001 264.6674438901456
2.300000000000001 266.2893593605814
2.400000000000001 268.0717677853261
2.500000000000001 270.0317406541061
2.600000000000001 272.188307374053
2.700000000000001 274.5626763550256
2.800000000000001 277.1784411966693
2.900000000000001 280.0619610045771
3.000000000000001 283.2426263084303
3.100000000000001 286.7530397519229
3.200000000000002 290.6294467396246
3.300000000000002 294.9119000493754
3.400000000000002 299.6442649115872
3.500000000000002 304.8744916431995
3.600000000000002 310.6544897402709
3.700000000000002 317.0388490987928
3.800000000000002 324.0844438850226
3.900000000000002 331.8483447438159
4.000000000000002 340.3855095071859
4.100000000000001 349.7433919869771
4.200000000000001 359.9574904223073
4.300000000000001 371.0436119978494
4.4 382.988987280042
4.5 395.7419782444408
4.6 409.2028114394427
4.699999999999999 423.2164326759755
4.799999999999999 437.569392801631
4.899999999999999 451.9986016642404
4.999999999999998 466.2056315443202
5.099999999999998 479.8825852858031
5.199999999999998 492.7427833147702
5.299999999999997 504.5501028575953
5.399999999999997 515.140581538739
5.499999999999996 524.4316459809436
5.599999999999996 532.4184019213467
5.699999999999996 539.1599656112986
5.799999999999995 544.7606620906874
5.899999999999995 549.3507669231836
5.999999999999995 553.070035695069
6.099999999999994 556.0556323424578
6.199999999999994 558.4337922724018
6.299999999999994 560.3165111541603
6.399999999999993 561.7997457249436
6.499999999999993 562.9637058001201
6.599999999999993 563.8742936489402
6.699999999999992 564.5849536483851
6.799999999999992 565.1385328131206
6.899999999999991 565.5691084291183
6.999999999999991 565.9036208424757
7.099999999999991 566.1632814160897
7.19999999999999 566.3647079044657
7.29999999999999 566.5208612437235
7.39999999999999 566.6418612251703
7.499999999999989 566.7356045622396
7.599999999999989 566.8082045688946
7.699999999999989 566.8644166653737
7.799999999999988 566.9079793512376
7.899999999999988 566.941682431784
7.999999999999988 566.9677585061047
8.099999999999987 566.9879099668668
8.199999999999987 567.0035530423822
8.299999999999986 567.0156009295575
8.399999999999986 567.0249434677298
8.499999999999986 567.0321538608879
8.599999999999985 567.0377379165857
8.699999999999985 567.042056026869
8.799999999999985 567.0454468005886
8.899999999999984 567.0480689960453
8.999999999999984 567.0501455813508
9.099999999999984 567.0516735412494
9.199999999999983 567.0529015917535
9.299999999999983 567.0538564370062
9.399999999999983 567.0545602657959
9.499999999999982 567.0551054187264
9.599999999999982 567.0555070774589
9.699999999999982 567.0558217867105
9.799999999999981 567.056066322939
9.899999999999981 567.056259321914
9.99999999999998 567.0564133774129
10.09999999999998 567.0565339561724
10.19999999999998 567.0566301631076
10.29999999999998 567.056704013509
10.39999999999998 567.0567626903309
10.49999999999998 567.0568073500157
10.59999999999998 567.0568426417148
10.69999999999998 567.0568698237055
10.79999999999998 567.0568911011675
10.89999999999998 567.0569078106677
10.99999999999998 567.0569207254269
11.09999999999998 567.0569310006065
11.19999999999998 567.0569388805994
11.29999999999998 567.0569451669091
11.39999999999998 567.0569515178263
11.49999999999998 567.0569590685374
11.59999999999997 567.0569656911927
11.69999999999997 567.0569713857921
11.79999999999997 567.0569761523356
11.89999999999997 567.0569799908233
11.99999999999997 567.0569829012551
12.09999999999997 567.0569848836311
12.19999999999997 567.0569859379514
12.29999999999997 567.0569860642157
12.39999999999997 567.0569852624242
12.49999999999997 567.0569835325769
12.59999999999997 567.0569808746736
12.69999999999997 567.0569809808765
12.79999999999997 567.0569817305259
12.89999999999997 567.0569822445358
12.99999999999997 567.0569825229063
13.09999999999997 567.0569825656372
13.19999999999997 567.0569823727287
13.29999999999997 567.0569819441806
13.39999999999997 567.056981279993
13.49999999999997 567.056980380166
13.59999999999997 567.0569792446994
13.69999999999997 567.0569778735933
13.79999999999997 567.0569762668478
13.89999999999997 567.0569748158949
13.99999999999997 567.0569743557436
14.09999999999997 567.0569738955923
14.19999999999997 567.0569734354409
14.29999999999997 567.0569729752896
14.39999999999996 567.0569725151381
14.49999999999996 567.0569720549868
14.59999999999996 567.0569715948354
14.69999999999996 567.0569711346841
14.79999999999996 567.0569706745327
14.89999999999996 567.0569702143814
14.99999999999996 567.0569697542301
15.09999999999996 567.0569692940787
15.19999999999996 567.0569690880427
15.29999999999996 567.0569690742427
15.39999999999996 567.0569690604427
15.49999999999996 567.0569690466426
15.59999999999996 567.0569690328426
15.69999999999996 567.0569690190426
15.79999999999996 567.0569690052426
15.89999999999996 567.0569689914425
15.99999999999996 567.0569689776426
16.09999999999996 567.0569689638426
16.19999999999996 567.0569689500425
16.29999999999996 567.0569689362425
16.39999999999996 567.0569689224425
16.49999999999996 567.0569689086425
16.59999999999997 567.0569688948424
16.69999999999997 567.0569688810424
16.79999999999997 567.0569688672424
16.89999999999997 567.0569688534423
16.99999999999997 567.0569688396423
17.09999999999997 567.0569688258423
17.19999999999997 567.0569688120423
17.29999999999998 567.0569687982422
17.39999999999998 567.0569687844422
17.49999999999998 567.0569687706422
17.59999999999998 567.0569687568421
17.69999999999998 567.0569687430421
17.79999999999998 567.0569687292422
17.89999999999998 567.0569687154422
17.99999999999999 567.0569687016421
18.09999999999999 567.0569686878421
18.19999999999999 567.0569686740421
18.29999999999999 567.056968660242
18.39999999999999 567.056968646442
18.49999999999999 567.056968632642
18.59999999999999 567.056968618842
18.7 567.0569686050419
18.8 567.0569685912419
18.9 567.0569685774419
19 567.0569685636418
19.1 567.0569685498418
19.2 567.0569685360418
19.3 567.0569685222418
19.40000000000001 567.0569685084417
19.50000000000001 567.0569684946418
19.60000000000001 567.0569684808418
19.70000000000001 567.0569684670417
19.80000000000001 567.0569684532417
19.90000000000001 567.0569684394417
20.00000000000001 567.0569684256417
20.10000000000002 567.0569684118416
20.20000000000002 567.0569683980416
20.30000000000002 567.0569683842416
20.40000000000002 567.0569683704415
20.50000000000002 567.0569683566415
20.60000000000002 567.0569683428415
20.70000000000002 567.0569683290415
20.80000000000003 567.0569683152414
20.90000000000003 567.0569683014414
21.00000000000003 567.0569682876414
21.10000000000003 567.0569682738414
21.20000000000003 567.0569682600413
21.30000000000003 567.0569682462414
21.40000000000003 567.0569682324414
21.50000000000004 567.0569682186413
21.60000000000004 567.0569682048413
21.70000000000004 567.0569681910413
21.80000000000004 567.0569681772413
21.90000000000004 567.0569681634412
22.00000000000004 567.0569681496412
22.10000000000004 567.0569681358412
22.20000000000005 567.0569681220411
22.30000000000005 567.0569681082411
22.40000000000005 567.0569680944411
22.50000000000005 567.0569680806411
22.60000000000005 567.056968066841
22.70000000000005 567.056968053041
22.80000000000005 567.056968039241
22.90000000000006 567.0569680254409
23.00000000000006 567.0569680116409
23.10000000000006 567.056967997841
23.20000000000006 567.056967984041
23.30000000000006 567.0569679702409
23.40000000000006 567.0569679564409
23.50000000000006 567.0569679426409
23.60000000000007 567.0569679288408
23.70000000000007 567.0569679150408
23.80000000000007 567.0569679012408
23.90000000000007 567.0569678874408
24.00000000000007 567.0569678736407
24.10000000000007 567.0569678598407
24.20000000000007 567.0569678460407
24.30000000000008 567.0569678322406
24.40000000000008 567.0569678184406
24.50000000000008 567.0569678046406
24.60000000000008 567.0569677908406
24.70000000000008 567.0569677770405
24.80000000000008 567.0569677632406
24.90000000000008 567.0569677494406
25.00000000000009 567.0569677356405
25.10000000000009 567.0569677218405
25.20000000000009 567.0569677080405
25.30000000000009 567.0569676942405
25.40000000000009 567.0569676804404
25.50000000000009 567.0569676666404
25.60000000000009 567.0569676528404
25.7000000000001 567.0569676390403
25.8000000000001 567.0569676252403
25.9000000000001 567.0569676114403
26.0000000000001 567.0569675976403
26.1000000000001 567.0569675838402
26.2000000000001 567.0569675700402
26.3000000000001 567.0569675562402
26.40000000000011 567.0569675424401
26.50000000000011 567.0569675286401
26.60000000000011 567.0569675148402
26.70000000000011 567.0569675010402
26.80000000000011 567.0569674872401
26.90000000000011 567.0569674734401
27.00000000000011 567.0569674596401
27.10000000000012 567.05696744584
27.20000000000012 567.05696743204
27.30000000000012 567.05696741824
27.40000000000012 567.05696740444
27.50000000000012 567.0569673906399
27.60000000000012 567.0569673768399
27.70000000000012 567.0569673630399
27.80000000000013 567.0569673551173
27.90000000000013 567.0569673547034
28.00000000000013 567.0569673542893
28.10000000000013 567.0569673538754
28.20000000000013 567.0569673534613
28.30000000000013 567.0569673530474
28.40000000000013 567.0569673526334
28.50000000000014 567.0569673522194
28.60000000000014 567.0569673518054
28.70000000000014 567.0569673513914
28.80000000000014 567.0569673509775
28.90000000000014 567.0569673505635
29.00000000000014 567.0569673501495
29.10000000000014 567.0569673497355
29.20000000000014 567.0569673493216
29.30000000000015 567.0569673489075
29.40000000000015 567.0569673484936
29.50000000000015 567.0569673480796
29.60000000000015 567.0569673476656
29.70000000000015 567.0569673472517
29.80000000000015 567.0569673468376
29.90000000000015 567.0569673464237
30.00000000000016 567.0569673460096
30.10000000000016 567.0569673455957
30.20000000000016 567.0569673451816
30.30000000000016 567.0569673447677
30.40000000000016 567.0569673443538
30.50000000000016 567.0569673439397
30.60000000000016 567.0569673435258
30.70000000000017 567.0569673431118
30.80000000000017 567.0569673426978
30.90000000000017 567.0569673422838
31.00000000000017 567.0569673418698
31.10000000000017 567.0569673414558
31.20000000000017 567.0569673410419
31.30000000000017 567.0569673406279
31.40000000000018 567.0569673402139
31.50000000000018 567.0569673397999
31.60000000000018 567.0569673393859
31.70000000000018 567.056967338972
31.80000000000018 567.0569673385579
31.90000000000018 567.056967338144
32.00000000000018 567.0569673377299
32.10000000000019 567.056967337316
32.20000000000019 567.0569673369021
32.30000000000019 567.056967336488
32.40000000000019 567.0569673360741
32.50000000000019 567.05696733566
32.60000000000019 567.0569673352461
32.70000000000019 567.0569673348321
32.8000000000002 567.0569673344181
32.9000000000002 567.0569673340042
33.0000000000002 567.0569673335901
33.1000000000002 567.0569673331762
33.2000000000002 567.0569673327622
33.3000000000002 567.0569673323482
33.4000000000002 567.0569673319342
33.50000000000021 567.0569673315202
33.60000000000021 567.0569673311062
33.70000000000021 567.0569673306923
33.80000000000021 567.0569673302783
33.90000000000021 567.0569673298643
34.00000000000021 567.0569673294503
34.10000000000021 567.0569673290363
34.20000000000022 567.0569673286224
34.30000000000022 567.0569673282083
34.40000000000022 567.0569673277944
34.50000000000022 567.0569673273803
34.60000000000022 567.0569673269664
34.70000000000022 567.0569673265525
34.80000000000022 567.0569673261384
34.90000000000023 567.0569673257245
35.00000000000023 567.0569673253104
35.10000000000023 567.0569673248965
35.20000000000023 567.0569673244825
35.30000000000023 567.0569673240685
35.40000000000023 567.0569673236545
35.50000000000023 567.0569673232405
35.60000000000024 567.0569673228266
35.70000000000024 567.0569673224126
35.80000000000024 567.0569673219986
35.90000000000024 567.0569673215846
36.00000000000024 567.0569673211706
36.10000000000024 567.0569673207566
36.20000000000024 567.0569673203427
36.30000000000025 567.0569673199287
36.40000000000025 567.0569673195147
36.50000000000025 567.0569673191007
36.60000000000025 567.0569673186867
36.70000000000025 567.0569673182728
36.80000000000025 567.0569673178587
36.90000000000025 567.0569673174448
37.00000000000026 567.0569673170307
37.10000000000026 567.0569673166168
37.20000000000026 567.0569673162029
37.30000000000026 567.0569673157888
37.40000000000026 567.0569673153749
37.50000000000026 567.0569673149608
37.60000000000026 567.0569673145469
37.70000000000027 567.0569673141329
37.80000000000027 567.0569673137189
37.90000000000027 567.0569673133049
38.00000000000027 567.0569673128909
38.10000000000027 567.056967312477
38.20000000000027 567.056967312063
38.30000000000027 567.056967311649
38.40000000000028 567.056967311235
38.50000000000028 567.0569673108211
38.60000000000028 567.056967310407
38.70000000000028 567.0569673099931
38.80000000000028 567.056967309579
38.90000000000028 567.0569673091651
39.00000000000028 567.0569673087512
39.10000000000029 567.0569673083371
39.20000000000029 567.0569673079232
39.30000000000029 567.0569673075091
39.40000000000029 567.0569673070952
39.50000000000029 567.0569673066811
39.60000000000029 567.0569673062672
39.70000000000029 567.0569673058533
39.8000000000003 567.0569673054392
39.9000000000003 567.0569673050253
40.0000000000003 567.0569673046112
40.1000000000003 567.0569673041973
40.2000000000003 567.0569673037833
40.3000000000003 567.0569673033693
40.4000000000003 567.0569673030828
40.50000000000031 567.0569673030815
40.60000000000031 567.0569673030802
40.70000000000031 567.056967303079
40.80000000000031 567.0569673030777
40.90000000000031 567.0569673030764
41.00000000000031 567.0569673030751
41.10000000000031 567.0569673030739
41.20000000000032 567.0569673030726
41.30000000000032 567.0569673030712
41.40000000000032 567.05696730307
41.50000000000032 567.0569673030687
41.60000000000032 567.0569673030675
41.70000000000032 567.0569673030662
41.80000000000032 567.0569673030649
41.90000000000033 567.0569673030636
42.00000000000033 567.0569673030624
42.10000000000033 567.0569673030611
42.20000000000033 567.0569673030598
42.30000000000033 567.0569673030585
42.40000000000033 567.0569673030573
42.50000000000033 567.056967303056
42.60000000000034 567.0569673030546
42.70000000000034 567.0569673030534
42.80000000000034 567.0569673030521
42.90000000000034 567.0569673030509
43.00000000000034 567.0569673030496
43.10000000000034 567.0569673030483
43.20000000000034 567.056967303047
43.30000000000035 567.0569673030458
43.40000000000035 567.0569673030445
43.50000000000035 567.0569673030432
43.60000000000035 567.0569673030419
43.70000000000035 567.0569673030407
43.80000000000035 567.0569673030394
43.90000000000035 567.056967303038
44.00000000000036 567.0569673030368
44.10000000000036 567.0569673030355
44.20000000000036 567.0569673030343
44.30000000000036 567.056967303033
44.40000000000036 567.0569673030317
44.50000000000036 567.0569673030304
44.60000000000036 567.0569673030292
44.70000000000037 567.0569673030279
44.80000000000037 567.0569673030266
44.90000000000037 567.0569673030253
45.00000000000037 567.0569673030241
45.10000000000037 567.0569673030228
45.20000000000037 567.0569673030215
45.30000000000037 567.0569673030202
45.40000000000038 567.056967303019
45.50000000000038 567.0569673030177
45.60000000000038 567.0569673030163
45.70000000000038 567.0569673030151
45.80000000000038 567.0569673030138
45.90000000000038 567.0569673030126
46.00000000000038 567.0569673030113
46.10000000000039 567.05696730301
46.20000000000039 567.0569673030087
46.30000000000039 567.0569673030075
46.40000000000039 567.0569673030062
46.50000000000039 567.0569673030049
46.60000000000039 567.0569673030036
46.70000000000039 567.0569673030024
46.8000000000004 567.0569673030011
46.9000000000004 567.0569673029997
47.0000000000004 567.0569673029985
47.1000000000004 567.0569673029972
47.2000000000004 567.056967302996
47.3000000000004 567.0569673029947
47.4000000000004 567.0569673029934
47.50000000000041 567.0569673029921
47.60000000000041 567.0569673029909
47.70000000000041 567.0569673029896
47.80000000000041 567.0569673029883
47.90000000000041 567.056967302987
48.00000000000041 567.0569673029858
48.10000000000041 567.0569673029845
48.20000000000041 567.0569673029831
48.30000000000042 567.0569673029819
48.40000000000042 567.0569673029806
48.50000000000042 567.0569673029794
48.60000000000042 567.056967302978
48.70000000000042 567.0569673029768
48.80000000000042 567.0569673029755
48.90000000000042 567.0569673029743
49.00000000000043 567.056967302973
49.10000000000043 567.0569673029717
49.20000000000043 567.0569673029704
49.30000000000043 567.0569673029692
49.40000000000043 567.0569673029679
49.50000000000043 567.0569673029665
49.60000000000043 567.0569673029653
49.70000000000044 567.056967302964
49.80000000000044 567.0569673029628
49.90000000000044 567.0569673029614