Time X1
0 250
0.1 250.2178280712476
0.2 250.4555380512817
0.3 250.7151682072409
0.4 250.9983643749381
0.5 251.3077198995267
0.6 251.6456480893854
0.7 252.0147623190088
0.7999999999999999 252.4181255616892
0.8999999999999999 252.8587338589272
0.9999999999999999 253.3403536139325
1.1 253.8668143272715
1.2 254.44247836656
1.3 255.0721301686044
1.4 255.7610307925567
1.5 256.5149996765001
1.6 257.3404571563041
1.7 258.2444331372561
1.8 259.2348620149875
1.900000000000001 260.3203485283257
2 261.5106747770145
2.100000000000001 262.8164338481035
2.200000000000001 264.2495695887787
2.300000000000001 265.8233482436783
2.400000000000001 267.5524816209601
2.500000000000001 269.4534424190438
2.600000000000001 271.5445880235361
2.700000000000001 273.8463817247239
2.800000000000001 276.381591720761
2.900000000000001 279.1756144810983
3.000000000000001 282.2568304304577
3.100000000000001 285.6567061664526
3.200000000000002 289.4102520405846
3.300000000000002 293.5562092075297
3.400000000000002 298.1371301397151
3.500000000000002 303.1995317033246
3.600000000000002 308.7940786104156
3.700000000000002 314.9743151186976
3.800000000000002 321.7965338493609
3.900000000000002 329.3175700768869
4.000000000000002 337.5936186887337
4.100000000000001 346.6745851037926
4.200000000000001 356.6002977197677
4.300000000000001 367.3937942793023
4.4 379.0523342990747
4.5 391.5377723904565
4.6 404.7670534230413
4.699999999999999 418.6035286202214
4.799999999999999 432.8530975320776
4.899999999999999 447.2678592378178
4.999999999999998 461.5596150023457
5.099999999999998 475.4211398339474
5.199999999999998 488.5564573255933
5.299999999999997 500.7109497934269
5.399999999999997 511.6960955766919
5.499999999999996 521.4029129541851
5.599999999999996 529.802277611213
5.699999999999996 536.9340730842536
5.799999999999995 542.8896045183603
5.899999999999995 547.7921546821287
5.999999999999995 551.7794506885391
6.099999999999994 554.9901381389116
6.199999999999994 557.5542738361195
6.299999999999994 559.5885558756858
6.399999999999993 561.1939850124136
6.499999999999993 562.4556473756709
6.599999999999993 563.4438228169087
6.699999999999992 564.215791393356
6.799999999999992 564.8176279789843
6.899999999999991 565.2860661139823
6.999999999999991 565.6502005892437
7.099999999999991 565.9330117890316
7.19999999999999 566.1524874033042
7.29999999999999 566.3227011173929
7.39999999999999 566.4546540209983
7.499999999999989 566.5569152786632
7.599999999999989 566.6361339171701
7.699999999999989 566.6974874720991
7.799999999999988 566.7450299069748
7.899999999999988 566.7818593230984
7.999999999999988 566.8103456711455
8.099999999999987 566.8323736242369
8.199999999999987 566.8494285142226
8.299999999999986 566.8626372577993
8.399999999999986 566.8728607260421
8.499999999999986 566.8807538539043
8.599999999999985 566.8868637877831
8.699999999999985 566.8915820001022
8.799999999999985 566.8952772832976
8.899999999999984 566.8981473974798
8.999999999999984 566.9004653897438
9.099999999999984 566.9021025325466
9.199999999999983 566.9034317346818
9.299999999999983 566.9044839722038
9.399999999999983 566.9052681263895
9.499999999999982 566.9058662853607
9.599999999999982 566.9063173195799
9.699999999999982 566.9066570262345
9.799999999999981 566.9069268394206
9.899999999999981 566.9071348489862
9.99999999999998 566.907302952873
10.09999999999998 566.9074340287153
10.19999999999998 566.9075390203458
10.29999999999998 566.9076202058034
10.39999999999998 566.9076841459743
10.49999999999998 566.9077337204789
10.59999999999998 566.9077719756989
10.69999999999998 566.907802145542
10.79999999999998 566.907825203913
10.89999999999998 566.9078436072809
10.99999999999998 566.907857712165
11.09999999999998 566.9078689628177
11.19999999999998 566.9078776383285
11.29999999999998 566.9078844919715
11.39999999999998 566.9078898581678
11.49999999999998 566.9078977400299
11.59999999999997 566.9079047005853
11.69999999999997 566.9079107398341
11.79999999999997 566.9079158577761
11.89999999999997 566.9079200544114
11.99999999999997 566.90792332974
12.09999999999997 566.9079256837618
12.19999999999997 566.9079271164771
12.29999999999997 566.9079276278856
12.39999999999997 566.9079272179874
12.49999999999997 566.9079258867824
12.59999999999997 566.9079236342709
12.69999999999997 566.9079220782364
12.79999999999997 566.907922923862
12.89999999999997 566.9079235358665
12.99999999999997 566.90792391425
13.09999999999997 566.9079240590125
13.19999999999997 566.907923970154
13.29999999999997 566.9079236476744
13.39999999999997 566.9079230915738
13.49999999999997 566.9079223018522
13.59999999999997 566.9079212785095
13.69999999999997 566.9079200215459
13.79999999999997 566.9079185309612
13.89999999999997 566.9079168067555
13.99999999999997 566.9079160586209
14.09999999999997 566.907915602033
14.19999999999997 566.907915145445
14.29999999999997 566.9079146888571
14.39999999999996 566.9079142322691
14.49999999999996 566.9079137756812
14.59999999999996 566.9079133190933
14.69999999999996 566.9079128625053
14.79999999999996 566.9079124059174
14.89999999999996 566.9079119493296
14.99999999999996 566.9079114927416
15.09999999999996 566.9079110361537
15.19999999999996 566.9079106106375
15.29999999999996 566.9079105969664
15.39999999999996 566.9079105832953
15.49999999999996 566.9079105696244
15.59999999999996 566.9079105559533
15.69999999999996 566.9079105422823
15.79999999999996 566.9079105286113
15.89999999999996 566.9079105149402
15.99999999999996 566.9079105012692
16.09999999999996 566.9079104875981
16.19999999999996 566.9079104739271
16.29999999999996 566.9079104602561
16.39999999999996 566.907910446585
16.49999999999996 566.907910432914
16.59999999999997 566.907910419243
16.69999999999997 566.9079104055719
16.79999999999997 566.9079103919009
16.89999999999997 566.9079103782299
16.99999999999997 566.9079103645588
17.09999999999997 566.9079103508877
17.19999999999997 566.9079103372168
17.29999999999998 566.9079103235457
17.39999999999998 566.9079103098746
17.49999999999998 566.9079102962037
17.59999999999998 566.9079102825326
17.69999999999998 566.9079102688615
17.79999999999998 566.9079102551905
17.89999999999998 566.9079102415195
17.99999999999999 566.9079102278484
18.09999999999999 566.9079102141774
18.19999999999999 566.9079102005064
18.29999999999999 566.9079101868354
18.39999999999999 566.9079101731643
18.49999999999999 566.9079101594933
18.59999999999999 566.9079101458223
18.7 566.9079101321512
18.8 566.9079101184801
18.9 566.9079101048092
19 566.9079100911381
19.1 566.907910077467
19.2 566.9079100637961
19.3 566.907910050125
19.40000000000001 566.9079100364539
19.50000000000001 566.9079100227829
19.60000000000001 566.9079100091119
19.70000000000001 566.9079099954408
19.80000000000001 566.9079099817698
19.90000000000001 566.9079099680988
20.00000000000001 566.9079099544277
20.10000000000002 566.9079099407567
20.20000000000002 566.9079099270857
20.30000000000002 566.9079099134146
20.40000000000002 566.9079098997436
20.50000000000002 566.9079098860725
20.60000000000002 566.9079098724015
20.70000000000002 566.9079098587305
20.80000000000003 566.9079098450594
20.90000000000003 566.9079098313885
21.00000000000003 566.9079098177174
21.10000000000003 566.9079098040463
21.20000000000003 566.9079097903752
21.30000000000003 566.9079097767043
21.40000000000003 566.9079097630332
21.50000000000004 566.9079097493621
21.60000000000004 566.9079097356912
21.70000000000004 566.9079097220201
21.80000000000004 566.9079097083491
21.90000000000004 566.9079096946781
22.00000000000004 566.907909681007
22.10000000000004 566.907909667336
22.20000000000005 566.9079096536649
22.30000000000005 566.9079096399939
22.40000000000005 566.9079096263229
22.50000000000005 566.9079096126518
22.60000000000005 566.9079095989808
22.70000000000005 566.9079095853098
22.80000000000005 566.9079095716387
22.90000000000006 566.9079095579676
23.00000000000006 566.9079095442967
23.10000000000006 566.9079095306256
23.20000000000006 566.9079095169545
23.30000000000006 566.9079095032836
23.40000000000006 566.9079094896125
23.50000000000006 566.9079094759414
23.60000000000007 566.9079094622705
23.70000000000007 566.9079094485994
23.80000000000007 566.9079094349283
23.90000000000007 566.9079094212573
24.00000000000007 566.9079094075863
24.10000000000007 566.9079093939152
24.20000000000007 566.9079093802442
24.30000000000008 566.9079093665732
24.40000000000008 566.9079093529022
24.50000000000008 566.9079093392311
24.60000000000008 566.90790932556
24.70000000000008 566.9079093118891
24.80000000000008 566.907909298218
24.90000000000008 566.9079092845469
25.00000000000009 566.907909270876
25.10000000000009 566.9079092572049
25.20000000000009 566.9079092435338
25.30000000000009 566.9079092298629
25.40000000000009 566.9079092161918
25.50000000000009 566.9079092025207
25.60000000000009 566.9079091888497
25.7000000000001 566.9079091751787
25.8000000000001 566.9079091615076
25.9000000000001 566.9079091478366
26.0000000000001 566.9079091341656
26.1000000000001 566.9079091204945
26.2000000000001 566.9079091068235
26.3000000000001 566.9079090931524
26.40000000000011 566.9079090794814
26.50000000000011 566.9079090658104
26.60000000000011 566.9079090521393
26.70000000000011 566.9079090384683
26.80000000000011 566.9079090247973
26.90000000000011 566.9079090111262
27.00000000000011 566.9079089974553
27.10000000000012 566.9079089837842
27.20000000000012 566.9079089701131
27.30000000000012 566.907908956442
27.40000000000012 566.9079089427711
27.50000000000012 566.9079089291
27.60000000000012 566.9079089154289
27.70000000000012 566.907908901758
27.80000000000013 566.9079088880869
27.90000000000013 566.9079088825364
28.00000000000013 566.907908882127
28.10000000000013 566.9079088817176
28.20000000000013 566.9079088813081
28.30000000000013 566.9079088808987
28.40000000000013 566.9079088804892
28.50000000000014 566.9079088800798
28.60000000000014 566.9079088796705
28.70000000000014 566.907908879261
28.80000000000014 566.9079088788516
28.90000000000014 566.9079088784421
29.00000000000014 566.9079088780327
29.10000000000014 566.9079088776233
29.20000000000014 566.9079088772138
29.30000000000015 566.9079088768044
29.40000000000015 566.9079088763949
29.50000000000015 566.9079088759855
29.60000000000015 566.9079088755761
29.70000000000015 566.9079088751666
29.80000000000015 566.9079088747573
29.90000000000015 566.9079088743479
30.00000000000016 566.9079088739384
30.10000000000016 566.907908873529
30.20000000000016 566.9079088731195
30.30000000000016 566.9079088727101
30.40000000000016 566.9079088723007
30.50000000000016 566.9079088718912
30.60000000000016 566.9079088714818
30.70000000000017 566.9079088710723
30.80000000000017 566.9079088706629
30.90000000000017 566.9079088702536
31.00000000000017 566.9079088698441
31.10000000000017 566.9079088694347
31.20000000000017 566.9079088690253
31.30000000000017 566.9079088686158
31.40000000000018 566.9079088682064
31.50000000000018 566.9079088677969
31.60000000000018 566.9079088673875
31.70000000000018 566.9079088669781
31.80000000000018 566.9079088665686
31.90000000000018 566.9079088661592
32.00000000000018 566.9079088657497
32.10000000000019 566.9079088653403
32.20000000000019 566.907908864931
32.30000000000019 566.9079088645215
32.40000000000019 566.9079088641121
32.50000000000019 566.9079088637026
32.60000000000019 566.9079088632932
32.70000000000019 566.9079088628838
32.8000000000002 566.9079088624743
32.9000000000002 566.9079088620649
33.0000000000002 566.9079088616555
33.1000000000002 566.907908861246
33.2000000000002 566.9079088608366
33.3000000000002 566.9079088604271
33.4000000000002 566.9079088600178
33.50000000000021 566.9079088596084
33.60000000000021 566.9079088591989
33.70000000000021 566.9079088587895
33.80000000000021 566.90790885838
33.90000000000021 566.9079088579706
34.00000000000021 566.9079088575612
34.10000000000021 566.9079088571517
34.20000000000022 566.9079088567423
34.30000000000022 566.9079088563328
34.40000000000022 566.9079088559234
34.50000000000022 566.9079088555141
34.60000000000022 566.9079088551046
34.70000000000022 566.9079088546952
34.80000000000022 566.9079088542858
34.90000000000023 566.9079088538763
35.00000000000023 566.9079088534669
35.10000000000023 566.9079088530574
35.20000000000023 566.907908852648
35.30000000000023 566.9079088522386
35.40000000000023 566.9079088518291
35.50000000000023 566.9079088514197
35.60000000000024 566.9079088510102
35.70000000000024 566.9079088506008
35.80000000000024 566.9079088501915
35.90000000000024 566.907908849782
36.00000000000024 566.9079088493726
36.10000000000024 566.9079088489632
36.20000000000024 566.9079088485537
36.30000000000025 566.9079088481443
36.40000000000025 566.9079088477348
36.50000000000025 566.9079088473254
36.60000000000025 566.907908846916
36.70000000000025 566.9079088465065
36.80000000000025 566.9079088460971
36.90000000000025 566.9079088456876
37.00000000000026 566.9079088452783
37.10000000000026 566.9079088448689
37.20000000000026 566.9079088444594
37.30000000000026 566.90790884405
37.40000000000026 566.9079088436405
37.50000000000026 566.9079088432311
37.60000000000026 566.9079088428217
37.70000000000027 566.9079088424122
37.80000000000027 566.9079088420028
37.90000000000027 566.9079088415934
38.00000000000027 566.9079088411839
38.10000000000027 566.9079088407746
38.20000000000027 566.9079088403651
38.30000000000027 566.9079088399557
38.40000000000028 566.9079088395463
38.50000000000028 566.9079088391368
38.60000000000028 566.9079088387274
38.70000000000028 566.9079088383179
38.80000000000028 566.9079088379085
38.90000000000028 566.9079088374991
39.00000000000028 566.9079088370896
39.10000000000029 566.9079088366802
39.20000000000029 566.9079088362708
39.30000000000029 566.9079088358613
39.40000000000029 566.907908835452
39.50000000000029 566.9079088350425
39.60000000000029 566.9079088346331
39.70000000000029 566.9079088342237
39.8000000000003 566.9079088338142
39.9000000000003 566.9079088334048
40.0000000000003 566.9079088329953
40.1000000000003 566.9079088325859
40.2000000000003 566.9079088321765
40.3000000000003 566.907908831767
40.4000000000003 566.9079088313576
40.50000000000031 566.9079088310114
40.60000000000031 566.9079088310101
40.70000000000031 566.9079088310089
40.80000000000031 566.9079088310076
40.90000000000031 566.9079088310064
41.00000000000031 566.9079088310051
41.10000000000031 566.9079088310039
41.20000000000032 566.9079088310025
41.30000000000032 566.9079088310012
41.40000000000032 566.907908831
41.50000000000032 566.9079088309987
41.60000000000032 566.9079088309975
41.70000000000032 566.9079088309962
41.80000000000032 566.907908830995
41.90000000000033 566.9079088309937
42.00000000000033 566.9079088309925
42.10000000000033 566.9079088309912
42.20000000000033 566.90790883099
42.30000000000033 566.9079088309887
42.40000000000033 566.9079088309874
42.50000000000033 566.9079088309861
42.60000000000034 566.9079088309849
42.70000000000034 566.9079088309836
42.80000000000034 566.9079088309824
42.90000000000034 566.9079088309811
43.00000000000034 566.9079088309799
43.10000000000034 566.9079088309786
43.20000000000034 566.9079088309774
43.30000000000035 566.9079088309761
43.40000000000035 566.9079088309749
43.50000000000035 566.9079088309735
43.60000000000035 566.9079088309722
43.70000000000035 566.907908830971
43.80000000000035 566.9079088309697
43.90000000000035 566.9079088309685
44.00000000000036 566.9079088309672
44.10000000000036 566.907908830966
44.20000000000036 566.9079088309647
44.30000000000036 566.9079088309635
44.40000000000036 566.9079088309622
44.50000000000036 566.907908830961
44.60000000000036 566.9079088309597
44.70000000000037 566.9079088309584
44.80000000000037 566.9079088309571
44.90000000000037 566.9079088309559
45.00000000000037 566.9079088309546
45.10000000000037 566.9079088309534
45.20000000000037 566.9079088309521
45.30000000000037 566.9079088309509
45.40000000000038 566.9079088309496
45.50000000000038 566.9079088309484
45.60000000000038 566.9079088309471
45.70000000000038 566.9079088309459
45.80000000000038 566.9079088309445
45.90000000000038 566.9079088309433
46.00000000000038 566.907908830942
46.10000000000039 566.9079088309408
46.20000000000039 566.9079088309395
46.30000000000039 566.9079088309383
46.40000000000039 566.907908830937
46.50000000000039 566.9079088309358
46.60000000000039 566.9079088309345
46.70000000000039 566.9079088309333
46.8000000000004 566.907908830932
46.9000000000004 566.9079088309308
47.0000000000004 566.9079088309294
47.1000000000004 566.9079088309281
47.2000000000004 566.9079088309269
47.3000000000004 566.9079088309256
47.4000000000004 566.9079088309244
47.50000000000041 566.9079088309231
47.60000000000041 566.9079088309219
47.70000000000041 566.9079088309206
47.80000000000041 566.9079088309194
47.90000000000041 566.9079088309181
48.00000000000041 566.9079088309169
48.10000000000041 566.9079088309156
48.20000000000041 566.9079088309143
48.30000000000042 566.907908830913
48.40000000000042 566.9079088309118
48.50000000000042 566.9079088309105
48.60000000000042 566.9079088309093
48.70000000000042 566.907908830908
48.80000000000042 566.9079088309068
48.90000000000042 566.9079088309055
49.00000000000043 566.9079088309043
49.10000000000043 566.907908830903
49.20000000000043 566.9079088309018
49.30000000000043 566.9079088309004
49.40000000000043 566.9079088308991
49.50000000000043 566.9079088308979
49.60000000000043 566.9079088308966
49.70000000000044 566.9079088308954
49.80000000000044 566.9079088308941
49.90000000000044 566.9079088308929