Time X1
0 250
0.1 250.223920268658
0.2 250.4683022894103
0.3 250.7352084016131
0.4 251.0263799248246
0.5 251.3444711787265
0.6 251.6919577730208
0.7 252.0715468952677
0.7999999999999999 252.4863654208004
0.8999999999999999 252.939567180253
0.9999999999999999 253.4349687137175
1.1 253.9765540504398
1.2 254.568819950566
1.3 255.2167021286082
1.4 255.9256311575867
1.5 256.701623144384
1.6 257.5512956197434
1.7 258.481931466448
1.8 259.5017210836627
1.900000000000001 260.619572472195
2 261.8455983380141
2.100000000000001 263.1907528461466
2.200000000000001 264.6674299550465
2.300000000000001 266.2893438420071
2.400000000000001 268.071750516378
2.500000000000001 270.0317214490175
2.600000000000001 272.188286025719
2.700000000000001 274.5626526331081
2.800000000000001 277.1784148455745
2.900000000000001 280.0619317363547
3.000000000000001 283.24259380483
3.100000000000001 286.7530036588927
3.200000000000002 290.6294066638044
3.300000000000002 294.9118555575457
3.400000000000002 299.6442155318998
3.500000000000002 304.8744368557225
3.600000000000002 310.6544289952849
3.700000000000002 317.0387818141062
3.800000000000002 324.0843694726573
3.900000000000002 331.8482626048336
4.000000000000002 340.3854191046054
4.100000000000001 349.7432928729094
4.200000000000001 359.9573823005102
4.300000000000001 371.0434948234077
4.4 382.9888613498293
4.5 395.7418442978095
4.6 409.2026707623867
4.699999999999999 423.2162871356747
4.799999999999999 437.5692448623696
4.899999999999999 451.9984542288874
4.999999999999998 466.205487781742
5.099999999999998 479.8824483111004
5.199999999999998 492.7426558758992
5.299999999999997 504.5499870595915
5.399999999999997 515.1404786788548
5.499999999999996 524.4315565204377
5.599999999999996 532.4183255796614
5.699999999999996 539.1599015393746
5.799999999999995 544.7606090720826
5.899999999999995 549.3507235612403
5.999999999999995 553.0700005613121
6.099999999999994 556.0556040816215
6.199999999999994 558.4337696576697
6.299999999999994 560.3164931211544
6.399999999999993 561.7997313718224
6.499999999999993 562.9636943790932
6.599999999999993 563.874284548884
6.699999999999992 564.584946376739
6.799999999999992 565.1385269766555
6.899999999999991 565.5691037157967
6.999999999999991 565.9036170054995
7.099999999999991 566.1632782623905
7.19999999999999 566.3647052824243
7.29999999999999 566.5208590348234
7.39999999999999 566.641859337141
7.499999999999989 566.7356029235057
7.599999999999989 566.8082031234341
7.699999999999989 566.8644153695433
7.799999999999988 566.9079781712101
7.899999999999988 566.9416813423458
7.999999999999988 566.9677574866445
8.099999999999987 566.9879090014066
8.199999999999987 567.0035521199742
8.299999999999986 567.015600038231
8.399999999999986 567.0249426017643
8.499999999999986 567.0321530143758
8.599999999999985 567.0377370852065
8.699999999999985 567.0420552067212
8.799999999999985 567.0454459893566
8.899999999999984 567.0480681917678
8.999999999999984 567.0501447835584
9.099999999999984 567.0516727468405
9.199999999999983 567.052900800326
9.299999999999983 567.0538556484292
9.399999999999983 567.0545594793076
9.499999999999982 567.055104633798
9.599999999999982 567.0555062937963
9.699999999999982 567.0558210038038
9.799999999999981 567.0560655407395
9.899999999999981 567.0562585401382
9.99999999999998 567.0564125960511
10.09999999999998 567.056533175094
10.19999999999998 567.0566293822873
10.29999999999998 567.0567032328828
10.39999999999998 567.0567619098592
10.49999999999998 567.0568065696723
10.59999999999998 567.0568418614591
10.69999999999998 567.056869043531
10.79999999999998 567.0568903210428
10.89999999999998 567.0569070305917
10.99999999999998 567.0569199453817
11.09999999999998 567.0569302205894
11.19999999999998 567.0569381006029
11.29999999999998 567.056944386929
11.39999999999998 567.0569507378227
11.49999999999998 567.0569582885448
11.59999999999997 567.0569649112109
11.69999999999997 567.0569706058209
11.79999999999997 567.0569753723748
11.89999999999997 567.0569792108727
11.99999999999997 567.0569821213145
12.09999999999997 567.0569841037002
12.19999999999997 567.0569851580298
12.29999999999997 567.0569852843034
12.39999999999997 567.0569844825209
12.49999999999997 567.0569827526823
12.59999999999997 567.0569800947877
12.69999999999997 567.0569802009526
12.79999999999997 567.0569809506046
12.89999999999997 567.056981464617
12.99999999999997 567.0569817429899
13.09999999999997 567.0569817857232
13.19999999999997 567.056981592817
13.29999999999997 567.0569811642711
13.39999999999997 567.0569805000857
13.49999999999997 567.0569796002607
13.59999999999997 567.0569784647961
13.69999999999997 567.056977093692
13.79999999999997 567.0569754869483
13.89999999999997 567.0569740359849
13.99999999999997 567.0569735758332
14.09999999999997 567.0569731156816
14.19999999999997 567.0569726555299
14.29999999999997 567.0569721953782
14.39999999999996 567.0569717352265
14.49999999999996 567.0569712750748
14.59999999999996 567.0569708149231
14.69999999999996 567.0569703547715
14.79999999999996 567.0569698946198
14.89999999999996 567.0569694344681
14.99999999999996 567.0569689743164
15.09999999999996 567.0569685141647
15.19999999999996 567.0569683081247
15.29999999999996 567.0569682943246
15.39999999999996 567.0569682805245
15.49999999999996 567.0569682667245
15.59999999999996 567.0569682529244
15.69999999999996 567.0569682391243
15.79999999999996 567.0569682253243
15.89999999999996 567.0569682115242
15.99999999999996 567.0569681977241
16.09999999999996 567.0569681839241
16.19999999999996 567.056968170124
16.29999999999996 567.0569681563239
16.39999999999996 567.0569681425239
16.49999999999996 567.0569681287238
16.59999999999997 567.0569681149237
16.69999999999997 567.0569681011237
16.79999999999997 567.0569680873236
16.89999999999997 567.0569680735235
16.99999999999997 567.0569680597235
17.09999999999997 567.0569680459234
17.19999999999997 567.0569680321235
17.29999999999998 567.0569680183233
17.39999999999998 567.0569680045232
17.49999999999998 567.0569679907233
17.59999999999998 567.0569679769231
17.69999999999998 567.056967963123
17.79999999999998 567.0569679493231
17.89999999999998 567.0569679355229
17.99999999999999 567.0569679217228
18.09999999999999 567.0569679079229
18.19999999999999 567.0569678941227
18.29999999999999 567.0569678803226
18.39999999999999 567.0569678665227
18.49999999999999 567.0569678527226
18.59999999999999 567.0569678389224
18.7 567.0569678251225
18.8 567.0569678113224
18.9 567.0569677975222
19 567.0569677837223
19.1 567.0569677699222
19.2 567.056967756122
19.3 567.0569677423221
19.40000000000001 567.056967728522
19.50000000000001 567.0569677147218
19.60000000000001 567.0569677009219
19.70000000000001 567.0569676871218
19.80000000000001 567.0569676733217
19.90000000000001 567.0569676595217
20.00000000000001 567.0569676457216
20.10000000000002 567.0569676319215
20.20000000000002 567.0569676181215
20.30000000000002 567.0569676043214
20.40000000000002 567.0569675905214
20.50000000000002 567.0569675767213
20.60000000000002 567.0569675629212
20.70000000000002 567.0569675491212
20.80000000000003 567.0569675353211
20.90000000000003 567.056967521521
21.00000000000003 567.056967507721
21.10000000000003 567.0569674939209
21.20000000000003 567.0569674801208
21.30000000000003 567.0569674663208
21.40000000000003 567.0569674525207
21.50000000000004 567.0569674387206
21.60000000000004 567.0569674249206
21.70000000000004 567.0569674111205
21.80000000000004 567.0569673973204
21.90000000000004 567.0569673835204
22.00000000000004 567.0569673697203
22.10000000000004 567.0569673559202
22.20000000000005 567.0569673421202
22.30000000000005 567.0569673283201
22.40000000000005 567.05696731452
22.50000000000005 567.05696730072
22.60000000000005 567.0569672869199
22.70000000000005 567.0569672731198
22.80000000000005 567.0569672593198
22.90000000000006 567.0569672455197
23.00000000000006 567.0569672317196
23.10000000000006 567.0569672179196
23.20000000000006 567.0569672041195
23.30000000000006 567.0569671903194
23.40000000000006 567.0569671765194
23.50000000000006 567.0569671627193
23.60000000000007 567.0569671489193
23.70000000000007 567.0569671351192
23.80000000000007 567.0569671213191
23.90000000000007 567.0569671075191
24.00000000000007 567.056967093719
24.10000000000007 567.0569670799189
24.20000000000007 567.0569670661189
24.30000000000008 567.0569670523188
24.40000000000008 567.0569670385187
24.50000000000008 567.0569670247187
24.60000000000008 567.0569670109186
24.70000000000008 567.0569669971185
24.80000000000008 567.0569669833185
24.90000000000008 567.0569669695184
25.00000000000009 567.0569669557183
25.10000000000009 567.0569669419183
25.20000000000009 567.0569669281182
25.30000000000009 567.0569669143181
25.40000000000009 567.0569669005181
25.50000000000009 567.056966886718
25.60000000000009 567.0569668729179
25.7000000000001 567.0569668591179
25.8000000000001 567.0569668453178
25.9000000000001 567.0569668315177
26.0000000000001 567.0569668177177
26.1000000000001 567.0569668039176
26.2000000000001 567.0569667901175
26.3000000000001 567.0569667763175
26.40000000000011 567.0569667625174
26.50000000000011 567.0569667487173
26.60000000000011 567.0569667349173
26.70000000000011 567.0569667211172
26.80000000000011 567.0569667073172
26.90000000000011 567.0569666935171
27.00000000000011 567.056966679717
27.10000000000012 567.056966665917
27.20000000000012 567.0569666521169
27.30000000000012 567.0569666383168
27.40000000000012 567.0569666245168
27.50000000000012 567.0569666107167
27.60000000000012 567.0569665969166
27.70000000000012 567.0569665831166
27.80000000000013 567.0569665751939
27.90000000000013 567.0569665747799
28.00000000000013 567.0569665743659
28.10000000000013 567.056966573952
28.20000000000013 567.056966573538
28.30000000000013 567.0569665731241
28.40000000000013 567.0569665727101
28.50000000000014 567.0569665722961
28.60000000000014 567.0569665718822
28.70000000000014 567.0569665714681
28.80000000000014 567.0569665710542
28.90000000000014 567.0569665706403
29.00000000000014 567.0569665702263
29.10000000000014 567.0569665698123
29.20000000000014 567.0569665693984
29.30000000000015 567.0569665689844
29.40000000000015 567.0569665685705
29.50000000000015 567.0569665681564
29.60000000000015 567.0569665677425
29.70000000000015 567.0569665673286
29.80000000000015 567.0569665669145
29.90000000000015 567.0569665665006
30.00000000000016 567.0569665660867
30.10000000000016 567.0569665656727
30.20000000000016 567.0569665652587
30.30000000000016 567.0569665648447
30.40000000000016 567.0569665644308
30.50000000000016 567.0569665640168
30.60000000000016 567.0569665636028
30.70000000000017 567.0569665631889
30.80000000000017 567.056966562775
30.90000000000017 567.0569665623609
31.00000000000017 567.056966561947
31.10000000000017 567.056966561533
31.20000000000017 567.056966561119
31.30000000000017 567.0569665607051
31.40000000000018 567.0569665602911
31.50000000000018 567.0569665598772
31.60000000000018 567.0569665594631
31.70000000000018 567.0569665590492
31.80000000000018 567.0569665586353
31.90000000000018 567.0569665582212
32.00000000000018 567.0569665578073
32.10000000000019 567.0569665573934
32.20000000000019 567.0569665569794
32.30000000000019 567.0569665565654
32.40000000000019 567.0569665561515
32.50000000000019 567.0569665557375
32.60000000000019 567.0569665553235
32.70000000000019 567.0569665549095
32.8000000000002 567.0569665544956
32.9000000000002 567.0569665540817
33.0000000000002 567.0569665536676
33.1000000000002 567.0569665532537
33.2000000000002 567.0569665528398
33.3000000000002 567.0569665524258
33.4000000000002 567.0569665520118
33.50000000000021 567.0569665515978
33.60000000000021 567.0569665511839
33.70000000000021 567.0569665507699
33.80000000000021 567.0569665503559
33.90000000000021 567.056966549942
34.00000000000021 567.0569665495281
34.10000000000021 567.056966549114
34.20000000000022 567.0569665487001
34.30000000000022 567.0569665482861
34.40000000000022 567.0569665478721
34.50000000000022 567.0569665474582
34.60000000000022 567.0569665470442
34.70000000000022 567.0569665466303
34.80000000000022 567.0569665462162
34.90000000000023 567.0569665458023
35.00000000000023 567.0569665453884
35.10000000000023 567.0569665449743
35.20000000000023 567.0569665445604
35.30000000000023 567.0569665441465
35.40000000000023 567.0569665437325
35.50000000000023 567.0569665433185
35.60000000000024 567.0569665429045
35.70000000000024 567.0569665424906
35.80000000000024 567.0569665420766
35.90000000000024 567.0569665416626
36.00000000000024 567.0569665412487
36.10000000000024 567.0569665408348
36.20000000000024 567.0569665404207
36.30000000000025 567.0569665400068
36.40000000000025 567.0569665395928
36.50000000000025 567.0569665391788
36.60000000000025 567.0569665387649
36.70000000000025 567.0569665383509
36.80000000000025 567.056966537937
36.90000000000025 567.056966537523
37.00000000000026 567.056966537109
37.10000000000026 567.0569665366951
37.20000000000026 567.056966536281
37.30000000000026 567.0569665358671
37.40000000000026 567.0569665354532
37.50000000000026 567.0569665350392
37.60000000000026 567.0569665346252
37.70000000000027 567.0569665342113
37.80000000000027 567.0569665337973
37.90000000000027 567.0569665333834
38.00000000000027 567.0569665329693
38.10000000000027 567.0569665325554
38.20000000000027 567.0569665321415
38.30000000000027 567.0569665317274
38.40000000000028 567.0569665313135
38.50000000000028 567.0569665308996
38.60000000000028 567.0569665304856
38.70000000000028 567.0569665300716
38.80000000000028 567.0569665296576
38.90000000000028 567.0569665292437
39.00000000000028 567.0569665288297
39.10000000000029 567.0569665284157
39.20000000000029 567.0569665280018
39.30000000000029 567.0569665275879
39.40000000000029 567.0569665271738
39.50000000000029 567.0569665267599
39.60000000000029 567.0569665263459
39.70000000000029 567.0569665259319
39.8000000000003 567.056966525518
39.9000000000003 567.056966525104
40.0000000000003 567.0569665246901
40.1000000000003 567.056966524276
40.2000000000003 567.0569665238621
40.3000000000003 567.0569665234482
40.4000000000003 567.0569665231616
40.50000000000031 567.0569665231603
40.60000000000031 567.0569665231591
40.70000000000031 567.0569665231578
40.80000000000031 567.0569665231565
40.90000000000031 567.0569665231552
41.00000000000031 567.056966523154
41.10000000000031 567.0569665231527
41.20000000000032 567.0569665231513
41.30000000000032 567.0569665231501
41.40000000000032 567.0569665231488
41.50000000000032 567.0569665231476
41.60000000000032 567.0569665231462
41.70000000000032 567.056966523145
41.80000000000032 567.0569665231437
41.90000000000033 567.0569665231425
42.00000000000033 567.0569665231412
42.10000000000033 567.0569665231399
42.20000000000033 567.0569665231386
42.30000000000033 567.0569665231374
42.40000000000033 567.0569665231361
42.50000000000033 567.0569665231347
42.60000000000034 567.0569665231335
42.70000000000034 567.0569665231322
42.80000000000034 567.056966523131
42.90000000000034 567.0569665231296
43.00000000000034 567.0569665231284
43.10000000000034 567.0569665231271
43.20000000000034 567.0569665231259
43.30000000000035 567.0569665231246
43.40000000000035 567.0569665231233
43.50000000000035 567.056966523122
43.60000000000035 567.0569665231208
43.70000000000035 567.0569665231195
43.80000000000035 567.0569665231181
43.90000000000035 567.0569665231169
44.00000000000036 567.0569665231156
44.10000000000036 567.0569665231144
44.20000000000036 567.056966523113
44.30000000000036 567.0569665231118
44.40000000000036 567.0569665231105
44.50000000000036 567.0569665231093
44.60000000000036 567.056966523108
44.70000000000037 567.0569665231067
44.80000000000037 567.0569665231054
44.90000000000037 567.0569665231042
45.00000000000037 567.0569665231029
45.10000000000037 567.0569665231016
45.20000000000037 567.0569665231003
45.30000000000037 567.056966523099
45.40000000000038 567.0569665230978
45.50000000000038 567.0569665230964
45.60000000000038 567.0569665230952
45.70000000000038 567.0569665230939
45.80000000000038 567.0569665230927
45.90000000000038 567.0569665230914
46.00000000000038 567.0569665230901
46.10000000000039 567.0569665230888
46.20000000000039 567.0569665230876
46.30000000000039 567.0569665230863
46.40000000000039 567.056966523085
46.50000000000039 567.0569665230837
46.60000000000039 567.0569665230825
46.70000000000039 567.0569665230812
46.8000000000004 567.0569665230798
46.9000000000004 567.0569665230786
47.0000000000004 567.0569665230773
47.1000000000004 567.0569665230761
47.2000000000004 567.0569665230748
47.3000000000004 567.0569665230735
47.4000000000004 567.0569665230722
47.50000000000041 567.056966523071
47.60000000000041 567.0569665230697
47.70000000000041 567.0569665230684
47.80000000000041 567.0569665230671
47.90000000000041 567.0569665230659
48.00000000000041 567.0569665230646
48.10000000000041 567.0569665230632
48.20000000000041 567.056966523062
48.30000000000042 567.0569665230607
48.40000000000042 567.0569665230595
48.50000000000042 567.0569665230582
48.60000000000042 567.0569665230569
48.70000000000042 567.0569665230556
48.80000000000042 567.0569665230544
48.90000000000042 567.0569665230531
49.00000000000043 567.0569665230518
49.10000000000043 567.0569665230505
49.20000000000043 567.0569665230493
49.30000000000043 567.056966523048
49.40000000000043 567.0569665230468
49.50000000000043 567.0569665230454
49.60000000000043 567.0569665230441
49.70000000000044 567.0569665230429
49.80000000000044 567.0569665230416
49.90000000000044 567.0569665230403