Time X1
0 250
0.1 250.2210972357945
0.2 250.4623868398781
0.3 250.7259197229938
0.4 251.0133928482024
0.5 251.3274321405156
0.6 251.6704841479166
0.7 252.0452121069022
0.7999999999999999 252.4547129172597
0.8999999999999999 252.9020677250258
0.9999999999999999 253.3910685862699
1.1 253.9256277483404
1.2 254.5101791445357
1.3 255.1495877882011
1.4 255.8492049942465
1.5 256.6149549166448
1.6 257.4533630526159
1.7 258.3715930905106
1.8 259.3777167501131
1.900000000000001 260.4804988413368
2 261.6898982263558
2.100000000000001 263.016698849606
2.200000000000001 264.4730846591412
2.300000000000001 266.0725594355613
2.400000000000001 267.830123378498
2.500000000000001 269.7625676028565
2.600000000000001 271.888606037558
2.700000000000001 274.2290975135976
2.800000000000001 276.8072475832677
2.900000000000001 279.6489638044528
3.000000000000001 282.7831625291174
3.100000000000001 286.2419122850279
3.200000000000002 290.0608795713104
3.300000000000002 294.2795022838836
3.400000000000002 298.9410299969865
3.500000000000002 304.0927397068115
3.600000000000002 309.7859699530482
3.700000000000002 316.0748158827997
3.800000000000002 323.0159052625534
3.900000000000002 330.666192915866
4.000000000000002 339.081275824205
4.100000000000001 348.3097708683592
4.200000000000001 358.38925881801
4.300000000000001 369.3389868530302
4.4 381.1509734306346
4.5 393.7799366150199
4.6 407.133980168701
4.699999999999999 421.0666371717704
4.799999999999999 435.3734073831406
4.899999999999999 449.7981244891054
4.999999999999998 464.0468611722471
5.099999999999998 477.8117053308284
5.199999999999998 490.8013325605098
5.299999999999997 502.7707785330836
5.399999999999997 513.5445607731057
5.499999999999996 523.02788132684
5.599999999999996 531.204756454893
5.699999999999996 538.1255986663795
5.799999999999995 543.8889206121036
5.899999999999995 548.6219497393826
5.999999999999995 552.4636379881009
6.099999999999994 555.5519324251418
6.199999999999994 558.0148462191972
6.299999999999994 559.9665983833048
6.399999999999993 561.5054689538218
6.499999999999993 562.7139030989985
6.599999999999993 563.6598042665122
6.699999999999992 564.3983649940524
6.799999999999992 564.9739071175893
6.899999999999991 565.421717243524
6.999999999999991 565.7697129738524
7.099999999999991 566.0399153835366
7.19999999999999 566.2495630324672
7.29999999999999 566.4121215533074
7.39999999999999 566.5381107780996
7.499999999999989 566.6357373888654
7.599999999999989 566.7113556608296
7.699999999999989 566.7699112531643
7.799999999999988 566.8152899379977
7.899999999999988 566.8504195144313
7.999999999999988 566.8775974820697
8.099999999999987 566.8986041767599
8.199999999999987 566.9149356522906
8.299999999999986 566.9274702361508
8.399999999999986 566.9372164409835
8.499999999999986 566.9447382008447
8.599999999999985 566.9505635695034
8.699999999999985 566.955062710265
8.799999999999985 566.9585945557928
8.899999999999984 566.9613294471399
8.999999999999984 566.9635147586025
9.099999999999984 566.9650941180417
9.199999999999983 566.9663690617343
9.299999999999983 566.9673698014429
9.399999999999983 566.9681092411354
9.499999999999982 566.9686793915556
9.599999999999982 566.9691029449585
9.699999999999982 566.9694294245368
9.799999999999981 566.969685804241
9.899999999999981 566.9698853992784
9.99999999999998 566.9700460910419
10.09999999999998 566.9701713542237
10.19999999999998 566.9702717135418
10.29999999999998 566.9703488474271
10.39999999999998 566.9704100137914
10.49999999999998 566.9704568783631
10.59999999999998 566.9704935723619
10.69999999999998 566.9705221519055
10.79999999999998 566.9705442208705
10.89999999999998 566.9705617329138
10.99999999999998 566.9705751737807
11.09999999999998 566.9705859114142
11.19999999999998 566.9705941468937
11.29999999999998 566.9706007023308
11.39999999999998 566.9706065748644
11.49999999999998 566.9706142826387
11.59999999999997 566.970621065619
11.69999999999997 566.970626923805
11.79999999999997 566.9706318571968
11.89999999999997 566.9706358657946
11.99999999999997 566.9706389495982
12.09999999999997 566.9706411086077
12.19999999999997 566.970642342823
12.29999999999997 566.9706426522442
12.39999999999997 566.9706420368713
12.49999999999997 566.9706404967042
12.59999999999997 566.970638031743
12.69999999999997 566.9706373326236
12.79999999999997 566.9706381279852
12.89999999999997 566.970638688676
12.99999999999997 566.9706390146962
13.09999999999997 566.9706391060455
13.19999999999997 566.9706389627241
13.29999999999997 566.9706385847321
13.39999999999997 566.9706379720692
13.49999999999997 566.9706371247357
13.59999999999997 566.9706360427314
13.69999999999997 566.9706347260563
13.79999999999997 566.9706331747105
13.89999999999997 566.970631388694
13.99999999999997 566.9706309905522
14.09999999999997 566.9706305320865
14.19999999999997 566.9706300736208
14.29999999999997 566.9706296151552
14.39999999999996 566.9706291566895
14.49999999999996 566.9706286982238
14.59999999999996 566.9706282397581
14.69999999999996 566.9706277812925
14.79999999999996 566.9706273228268
14.89999999999996 566.9706268643611
14.99999999999996 566.9706264058954
15.09999999999996 566.9706259474298
15.19999999999996 566.9706256366308
15.29999999999996 566.9706256228915
15.39999999999996 566.9706256091523
15.49999999999996 566.970625595413
15.59999999999996 566.9706255816737
15.69999999999996 566.9706255679345
15.79999999999996 566.9706255541952
15.89999999999996 566.9706255404559
15.99999999999996 566.9706255267166
16.09999999999996 566.9706255129773
16.19999999999996 566.9706254992381
16.29999999999996 566.9706254854988
16.39999999999996 566.9706254717595
16.49999999999996 566.9706254580202
16.59999999999997 566.9706254442809
16.69999999999997 566.9706254305416
16.79999999999997 566.9706254168024
16.89999999999997 566.9706254030631
16.99999999999997 566.9706253893238
17.09999999999997 566.9706253755846
17.19999999999997 566.9706253618454
17.29999999999998 566.9706253481061
17.39999999999998 566.9706253343668
17.49999999999998 566.9706253206275
17.59999999999998 566.9706253068882
17.69999999999998 566.9706252931489
17.79999999999998 566.9706252794097
17.89999999999998 566.9706252656704
17.99999999999999 566.9706252519311
18.09999999999999 566.9706252381918
18.19999999999999 566.9706252244525
18.29999999999999 566.9706252107133
18.39999999999999 566.970625196974
18.49999999999999 566.9706251832347
18.59999999999999 566.9706251694954
18.7 566.9706251557562
18.8 566.970625142017
18.9 566.9706251282777
19 566.9706251145384
19.1 566.9706251007991
19.2 566.9706250870598
19.3 566.9706250733205
19.40000000000001 566.9706250595813
19.50000000000001 566.970625045842
19.60000000000001 566.9706250321027
19.70000000000001 566.9706250183634
19.80000000000001 566.9706250046241
19.90000000000001 566.9706249908849
20.00000000000001 566.9706249771456
20.10000000000002 566.9706249634063
20.20000000000002 566.970624949667
20.30000000000002 566.9706249359277
20.40000000000002 566.9706249221886
20.50000000000002 566.9706249084493
20.60000000000002 566.97062489471
20.70000000000002 566.9706248809707
20.80000000000003 566.9706248672314
20.90000000000003 566.9706248534922
21.00000000000003 566.9706248397529
21.10000000000003 566.9706248260136
21.20000000000003 566.9706248122743
21.30000000000003 566.970624798535
21.40000000000003 566.9706247847957
21.50000000000004 566.9706247710565
21.60000000000004 566.9706247573172
21.70000000000004 566.9706247435779
21.80000000000004 566.9706247298386
21.90000000000004 566.9706247160993
22.00000000000004 566.9706247023601
22.10000000000004 566.9706246886209
22.20000000000005 566.9706246748816
22.30000000000005 566.9706246611423
22.40000000000005 566.970624647403
22.50000000000005 566.9706246336638
22.60000000000005 566.9706246199245
22.70000000000005 566.9706246061852
22.80000000000005 566.9706245924459
22.90000000000006 566.9706245787066
23.00000000000006 566.9706245649674
23.10000000000006 566.9706245512281
23.20000000000006 566.9706245374888
23.30000000000006 566.9706245237495
23.40000000000006 566.9706245100102
23.50000000000006 566.9706244962709
23.60000000000007 566.9706244825317
23.70000000000007 566.9706244687924
23.80000000000007 566.9706244550532
23.90000000000007 566.9706244413139
24.00000000000007 566.9706244275746
24.10000000000007 566.9706244138354
24.20000000000007 566.9706244000961
24.30000000000008 566.9706243863568
24.40000000000008 566.9706243726175
24.50000000000008 566.9706243588782
24.60000000000008 566.970624345139
24.70000000000008 566.9706243313997
24.80000000000008 566.9706243176604
24.90000000000008 566.9706243039211
25.00000000000009 566.9706242901818
25.10000000000009 566.9706242764425
25.20000000000009 566.9706242627033
25.30000000000009 566.970624248964
25.40000000000009 566.9706242352247
25.50000000000009 566.9706242214855
25.60000000000009 566.9706242077463
25.7000000000001 566.970624194007
25.8000000000001 566.9706241802677
25.9000000000001 566.9706241665284
26.0000000000001 566.9706241527891
26.1000000000001 566.9706241390498
26.2000000000001 566.9706241253106
26.3000000000001 566.9706241115713
26.40000000000011 566.970624097832
26.50000000000011 566.9706240840927
26.60000000000011 566.9706240703534
26.70000000000011 566.9706240566142
26.80000000000011 566.9706240428749
26.90000000000011 566.9706240291356
27.00000000000011 566.9706240153963
27.10000000000012 566.9706240016571
27.20000000000012 566.9706239879179
27.30000000000012 566.9706239741786
27.40000000000012 566.9706239604393
27.50000000000012 566.9706239467
27.60000000000012 566.9706239329607
27.70000000000012 566.9706239192215
27.80000000000013 566.9706239060529
27.90000000000013 566.970623905641
28.00000000000013 566.9706239052292
28.10000000000013 566.9706239048173
28.20000000000013 566.9706239044054
28.30000000000013 566.9706239039937
28.40000000000013 566.9706239035818
28.50000000000014 566.97062390317
28.60000000000014 566.9706239027581
28.70000000000014 566.9706239023463
28.80000000000014 566.9706239019345
28.90000000000014 566.9706239015226
29.00000000000014 566.9706239011108
29.10000000000014 566.9706239006989
29.20000000000014 566.9706239002871
29.30000000000015 566.9706238998752
29.40000000000015 566.9706238994634
29.50000000000015 566.9706238990516
29.60000000000015 566.9706238986397
29.70000000000015 566.9706238982279
29.80000000000015 566.970623897816
29.90000000000015 566.9706238974043
30.00000000000016 566.9706238969924
30.10000000000016 566.9706238965805
30.20000000000016 566.9706238961687
30.30000000000016 566.9706238957568
30.40000000000016 566.9706238953451
30.50000000000016 566.9706238949332
30.60000000000016 566.9706238945214
30.70000000000017 566.9706238941095
30.80000000000017 566.9706238936976
30.90000000000017 566.9706238932858
31.00000000000017 566.970623892874
31.10000000000017 566.9706238924622
31.20000000000017 566.9706238920503
31.30000000000017 566.9706238916384
31.40000000000018 566.9706238912266
31.50000000000018 566.9706238908147
31.60000000000018 566.970623890403
31.70000000000018 566.9706238899911
31.80000000000018 566.9706238895793
31.90000000000018 566.9706238891674
32.00000000000018 566.9706238887555
32.10000000000019 566.9706238883438
32.20000000000019 566.9706238879319
32.30000000000019 566.9706238875201
32.40000000000019 566.9706238871082
32.50000000000019 566.9706238866963
32.60000000000019 566.9706238862846
32.70000000000019 566.9706238858727
32.8000000000002 566.9706238854609
32.9000000000002 566.970623885049
33.0000000000002 566.9706238846372
33.1000000000002 566.9706238842253
33.2000000000002 566.9706238838135
33.3000000000002 566.9706238834017
33.4000000000002 566.9706238829898
33.50000000000021 566.970623882578
33.60000000000021 566.9706238821661
33.70000000000021 566.9706238817544
33.80000000000021 566.9706238813425
33.90000000000021 566.9706238809306
34.00000000000021 566.9706238805188
34.10000000000021 566.9706238801069
34.20000000000022 566.9706238796952
34.30000000000022 566.9706238792833
34.40000000000022 566.9706238788714
34.50000000000022 566.9706238784596
34.60000000000022 566.9706238780477
34.70000000000022 566.9706238776359
34.80000000000022 566.9706238772241
34.90000000000023 566.9706238768123
35.00000000000023 566.9706238764004
35.10000000000023 566.9706238759885
35.20000000000023 566.9706238755767
35.30000000000023 566.9706238751648
35.40000000000023 566.9706238747531
35.50000000000023 566.9706238743412
35.60000000000024 566.9706238739293
35.70000000000024 566.9706238735175
35.80000000000024 566.9706238731056
35.90000000000024 566.9706238726939
36.00000000000024 566.970623872282
36.10000000000024 566.9706238718702
36.20000000000024 566.9706238714583
36.30000000000025 566.9706238710464
36.40000000000025 566.9706238706347
36.50000000000025 566.9706238702228
36.60000000000025 566.970623869811
36.70000000000025 566.9706238693991
36.80000000000025 566.9706238689873
36.90000000000025 566.9706238685754
37.00000000000026 566.9706238681636
37.10000000000026 566.9706238677518
37.20000000000026 566.9706238673399
37.30000000000026 566.9706238669281
37.40000000000026 566.9706238665162
37.50000000000026 566.9706238661043
37.60000000000026 566.9706238656926
37.70000000000027 566.9706238652807
37.80000000000027 566.9706238648689
37.90000000000027 566.970623864457
38.00000000000027 566.9706238640453
38.10000000000027 566.9706238636334
38.20000000000027 566.9706238632215
38.30000000000027 566.9706238628097
38.40000000000028 566.9706238623978
38.50000000000028 566.970623861986
38.60000000000028 566.9706238615742
38.70000000000028 566.9706238611623
38.80000000000028 566.9706238607505
38.90000000000028 566.9706238603386
39.00000000000028 566.9706238599268
39.10000000000029 566.9706238595149
39.20000000000029 566.9706238591032
39.30000000000029 566.9706238586913
39.40000000000029 566.9706238582794
39.50000000000029 566.9706238578676
39.60000000000029 566.9706238574557
39.70000000000029 566.970623857044
39.8000000000003 566.9706238566321
39.9000000000003 566.9706238562202
40.0000000000003 566.9706238558084
40.1000000000003 566.9706238553965
40.2000000000003 566.9706238549848
40.3000000000003 566.9706238545729
40.4000000000003 566.9706238541611
40.50000000000031 566.9706238540587
40.60000000000031 566.9706238540574
40.70000000000031 566.9706238540562
40.80000000000031 566.9706238540549
40.90000000000031 566.9706238540537
41.00000000000031 566.9706238540523
41.10000000000031 566.970623854051
41.20000000000032 566.9706238540498
41.30000000000032 566.9706238540485
41.40000000000032 566.9706238540473
41.50000000000032 566.970623854046
41.60000000000032 566.9706238540447
41.70000000000032 566.9706238540434
41.80000000000032 566.9706238540422
41.90000000000033 566.9706238540409
42.00000000000033 566.9706238540397
42.10000000000033 566.9706238540384
42.20000000000033 566.9706238540371
42.30000000000033 566.9706238540358
42.40000000000033 566.9706238540346
42.50000000000033 566.9706238540333
42.60000000000034 566.9706238540321
42.70000000000034 566.9706238540308
42.80000000000034 566.9706238540294
42.90000000000034 566.9706238540282
43.00000000000034 566.9706238540269
43.10000000000034 566.9706238540257
43.20000000000034 566.9706238540244
43.30000000000035 566.9706238540232
43.40000000000035 566.9706238540218
43.50000000000035 566.9706238540206
43.60000000000035 566.9706238540193
43.70000000000035 566.9706238540181
43.80000000000035 566.9706238540168
43.90000000000035 566.9706238540156
44.00000000000036 566.9706238540142
44.10000000000036 566.970623854013
44.20000000000036 566.9706238540117
44.30000000000036 566.9706238540105
44.40000000000036 566.9706238540092
44.50000000000036 566.970623854008
44.60000000000036 566.9706238540066
44.70000000000037 566.9706238540053
44.80000000000037 566.9706238540041
44.90000000000037 566.9706238540028
45.00000000000037 566.9706238540016
45.10000000000037 566.9706238540003
45.20000000000037 566.970623853999
45.30000000000037 566.9706238539977
45.40000000000038 566.9706238539965
45.50000000000038 566.9706238539952
45.60000000000038 566.970623853994
45.70000000000038 566.9706238539927
45.80000000000038 566.9706238539914
45.90000000000038 566.9706238539901
46.00000000000038 566.9706238539889
46.10000000000039 566.9706238539876
46.20000000000039 566.9706238539864
46.30000000000039 566.9706238539851
46.40000000000039 566.9706238539839
46.50000000000039 566.9706238539825
46.60000000000039 566.9706238539812
46.70000000000039 566.97062385398
46.8000000000004 566.9706238539787
46.9000000000004 566.9706238539775
47.0000000000004 566.9706238539762
47.1000000000004 566.9706238539749
47.2000000000004 566.9706238539736
47.3000000000004 566.9706238539724
47.4000000000004 566.9706238539711
47.50000000000041 566.9706238539699
47.60000000000041 566.9706238539686
47.70000000000041 566.9706238539673
47.80000000000041 566.970623853966
47.90000000000041 566.9706238539648
48.00000000000041 566.9706238539635
48.10000000000041 566.9706238539623
48.20000000000041 566.970623853961
48.30000000000042 566.9706238539596
48.40000000000042 566.9706238539584
48.50000000000042 566.9706238539571
48.60000000000042 566.9706238539559
48.70000000000042 566.9706238539546
48.80000000000042 566.9706238539534
48.90000000000042 566.970623853952
49.00000000000043 566.9706238539508
49.10000000000043 566.9706238539495
49.20000000000043 566.9706238539483
49.30000000000043 566.970623853947
49.40000000000043 566.9706238539458
49.50000000000043 566.9706238539444
49.60000000000043 566.9706238539432
49.70000000000044 566.9706238539419
49.80000000000044 566.9706238539407
49.90000000000044 566.9706238539394