Time X1
0 250
0.1 250.214559005873
0.2 250.4486894756557
0.3 250.7044175753708
0.4 250.9833377196763
0.5 251.288010668162
0.6 251.6208165687279
0.7 251.9843194711337
0.7999999999999999 252.3815489051391
0.8999999999999999 252.8154136997149
0.9999999999999999 253.2896571950363
1.1 253.808025528312
1.2 254.3748098096431
1.3 254.9947141743716
1.4 255.6729096350515
1.5 256.4151117565292
1.6 257.2276352095332
1.7 258.1173786876965
1.8 259.0921373517735
1.900000000000001 260.1603591991532
2 261.3316484791544
2.100000000000001 262.616410423406
2.200000000000001 264.0263482038723
2.300000000000001 265.5744925978259
2.400000000000001 267.2752699831382
2.500000000000001 269.1448352597315
2.600000000000001 271.2011915759743
2.700000000000001 273.4644083383208
2.800000000000001 275.9568185914015
2.900000000000001 278.7033125401494
3.000000000000001 281.7317326420891
3.100000000000001 285.0729477233148
3.200000000000002 288.7613098789856
3.300000000000002 292.8348615197313
3.400000000000002 297.3354513575648
3.500000000000002 302.3088323433356
3.600000000000002 307.8049592124401
3.700000000000002 313.8768145787285
3.800000000000002 320.5802792945823
3.900000000000002 327.9720564367236
4.000000000000002 336.1087491047023
4.100000000000001 345.0414866582308
4.200000000000001 354.8121703942838
4.300000000000001 365.4474036328383
4.4 376.9494453821039
4.5 389.2870992341818
4.6 402.3859574214268
4.699999999999999 416.1192385239579
4.799999999999999 430.3033940855786
4.899999999999999 444.6993094246465
4.999999999999998 459.0252316204708
5.099999999999998 472.975561886031
5.199999999999998 486.2505690793669
5.299999999999997 498.5866555219707
5.399999999999997 509.7825455816118
5.499999999999996 519.7149268859097
5.599999999999996 528.3410209381012
5.699999999999996 535.6894774259756
5.799999999999995 541.8436844745361
5.899999999999995 546.9223928136928
5.999999999999995 551.0616656181594
6.099999999999994 554.4005626542645
6.199999999999994 557.0710392308225
6.299999999999994 559.1922139763288
6.399999999999993 560.8678427771243
6.499999999999993 562.1857169072288
6.599999999999993 563.2186001613326
6.699999999999992 564.0259339011889
6.799999999999992 564.6556229382384
6.899999999999991 565.145923439999
6.999999999999991 565.5271775910012
7.099999999999991 565.8233604087558
7.19999999999999 566.0532640715048
7.29999999999999 566.2316063490952
7.39999999999999 566.3698904434735
7.499999999999989 566.4770735468121
7.599999999999989 566.560113669971
7.699999999999989 566.6244423290954
7.799999999999988 566.6742839039853
7.899999999999988 566.7129163595588
7.999999999999988 566.7427931108891
8.099999999999987 566.7659088115972
8.199999999999987 566.7837992614091
8.299999999999986 566.7976601485041
8.399999999999986 566.8083868195808
8.499999999999986 566.816675525503
8.599999999999985 566.8230864452853
8.699999999999985 566.8280415019633
8.799999999999985 566.8319076255434
8.899999999999984 566.8349229359193
8.999999999999984 566.8373875446066
9.099999999999984 566.839082840565
9.199999999999983 566.840468365021
9.299999999999983 566.8415724350605
9.399999999999983 566.8424067570683
9.499999999999982 566.8430330985068
9.599999999999982 566.8435128626628
9.699999999999982 566.8438680569574
9.799999999999981 566.8441513846533
9.899999999999981 566.8443691853201
9.99999999999998 566.8445447457253
10.09999999999998 566.844682296469
10.19999999999998 566.8447919482441
10.29999999999998 566.8448776301382
10.39999999999998 566.8449443605656
10.49999999999998 566.844996778643
10.59999999999998 566.845036761687
10.69999999999998 566.8450685312226
10.79999999999998 566.8450927414749
10.89999999999998 566.8451120413399
10.99999999999998 566.8451268999149
11.09999999999998 566.8451386665262
11.19999999999998 566.8451478338282
11.29999999999998 566.8451549873632
11.39999999999998 566.8451606309038
11.49999999999998 566.845167925357
11.59999999999997 566.8451750644001
11.69999999999997 566.8451812856633
11.79999999999997 566.8451865891468
11.89999999999997 566.8451909748504
11.99999999999997 566.8451944427743
12.09999999999997 566.8451969929183
12.19999999999997 566.8451986252826
12.29999999999997 566.845199339867
12.39999999999997 566.8451991366717
12.49999999999997 566.8451980156966
12.59999999999997 566.8451959769417
12.69999999999997 566.8451935919961
12.79999999999997 566.8451944880878
12.89999999999997 566.8451951516203
12.99999999999997 566.8451955825934
13.09999999999997 566.8451957810072
13.19999999999997 566.8451957468617
13.29999999999997 566.8451954801568
13.39999999999997 566.8451949808928
13.49999999999997 566.8451942490692
13.59999999999997 566.8451932846865
13.69999999999997 566.8451920877444
13.79999999999997 566.845190658243
13.89999999999997 566.8451889961824
13.99999999999997 566.8451879089865
14.09999999999997 566.8451874543026
14.19999999999997 566.8451869996186
14.29999999999997 566.8451865449347
14.39999999999996 566.8451860902506
14.49999999999996 566.8451856355667
14.59999999999996 566.8451851808827
14.69999999999996 566.8451847261988
14.79999999999996 566.8451842715148
14.89999999999996 566.8451838168309
14.99999999999996 566.8451833621468
15.09999999999996 566.8451829074629
15.19999999999996 566.8451824527789
15.29999999999996 566.8451823529947
15.39999999999996 566.8451823393929
15.49999999999996 566.8451823257909
15.59999999999996 566.8451823121891
15.69999999999996 566.8451822985871
15.79999999999996 566.8451822849853
15.89999999999996 566.8451822713835
15.99999999999996 566.8451822577815
16.09999999999996 566.8451822441797
16.19999999999996 566.8451822305778
16.29999999999996 566.8451822169759
16.39999999999996 566.8451822033741
16.49999999999996 566.8451821897721
16.59999999999997 566.8451821761703
16.69999999999997 566.8451821625684
16.79999999999997 566.8451821489665
16.89999999999997 566.8451821353647
16.99999999999997 566.8451821217627
17.09999999999997 566.8451821081609
17.19999999999997 566.845182094559
17.29999999999998 566.8451820809571
17.39999999999998 566.8451820673553
17.49999999999998 566.8451820537534
17.59999999999998 566.8451820401515
17.69999999999998 566.8451820265497
17.79999999999998 566.8451820129477
17.89999999999998 566.8451819993459
17.99999999999999 566.845181985744
18.09999999999999 566.8451819721421
18.19999999999999 566.8451819585403
18.29999999999999 566.8451819449383
18.39999999999999 566.8451819313365
18.49999999999999 566.8451819177346
18.59999999999999 566.8451819041327
18.7 566.8451818905309
18.8 566.845181876929
18.9 566.8451818633271
19 566.8451818497252
19.1 566.8451818361233
19.2 566.8451818225215
19.3 566.8451818089196
19.40000000000001 566.8451817953177
19.50000000000001 566.8451817817158
19.60000000000001 566.8451817681139
19.70000000000001 566.8451817545121
19.80000000000001 566.8451817409102
19.90000000000001 566.8451817273083
20.00000000000001 566.8451817137064
20.10000000000002 566.8451817001046
20.20000000000002 566.8451816865027
20.30000000000002 566.8451816729008
20.40000000000002 566.8451816592989
20.50000000000002 566.845181645697
20.60000000000002 566.8451816320952
20.70000000000002 566.8451816184933
20.80000000000003 566.8451816048914
20.90000000000003 566.8451815912895
21.00000000000003 566.8451815776876
21.10000000000003 566.8451815640858
21.20000000000003 566.8451815504839
21.30000000000003 566.845181536882
21.40000000000003 566.8451815232801
21.50000000000004 566.8451815096782
21.60000000000004 566.8451814960764
21.70000000000004 566.8451814824745
21.80000000000004 566.8451814688726
21.90000000000004 566.8451814552708
22.00000000000004 566.8451814416688
22.10000000000004 566.845181428067
22.20000000000005 566.8451814144651
22.30000000000005 566.8451814008632
22.40000000000005 566.8451813872614
22.50000000000005 566.8451813736594
22.60000000000005 566.8451813600576
22.70000000000005 566.8451813464557
22.80000000000005 566.8451813328538
22.90000000000006 566.845181319252
23.00000000000006 566.84518130565
23.10000000000006 566.8451812920482
23.20000000000006 566.8451812784464
23.30000000000006 566.8451812648444
23.40000000000006 566.8451812512426
23.50000000000006 566.8451812376406
23.60000000000007 566.8451812240388
23.70000000000007 566.845181210437
23.80000000000007 566.845181196835
23.90000000000007 566.8451811832332
24.00000000000007 566.8451811696312
24.10000000000007 566.8451811560294
24.20000000000007 566.8451811424276
24.30000000000008 566.8451811288256
24.40000000000008 566.8451811152238
24.50000000000008 566.845181101622
24.60000000000008 566.84518108802
24.70000000000008 566.8451810744182
24.80000000000008 566.8451810608162
24.90000000000008 566.8451810472144
25.00000000000009 566.8451810336126
25.10000000000009 566.8451810200106
25.20000000000009 566.8451810064088
25.30000000000009 566.8451809928068
25.40000000000009 566.845180979205
25.50000000000009 566.8451809656032
25.60000000000009 566.8451809520012
25.7000000000001 566.8451809383994
25.8000000000001 566.8451809247975
25.9000000000001 566.8451809111956
26.0000000000001 566.8451808975938
26.1000000000001 566.8451808839918
26.2000000000001 566.84518087039
26.3000000000001 566.8451808567881
26.40000000000011 566.8451808431862
26.50000000000011 566.8451808295844
26.60000000000011 566.8451808159824
26.70000000000011 566.8451808023806
26.80000000000011 566.8451807887787
26.90000000000011 566.8451807751768
27.00000000000011 566.845180761575
27.10000000000012 566.845180747973
27.20000000000012 566.8451807343712
27.30000000000012 566.8451807207693
27.40000000000012 566.8451807071674
27.50000000000012 566.8451806935656
27.60000000000012 566.8451806799637
27.70000000000012 566.8451806663618
27.80000000000013 566.84518065276
27.90000000000013 566.8451806414755
28.00000000000013 566.8451806410685
28.10000000000013 566.8451806406615
28.20000000000013 566.8451806402545
28.30000000000013 566.8451806398475
28.40000000000013 566.8451806394405
28.50000000000014 566.8451806390335
28.60000000000014 566.8451806386266
28.70000000000014 566.8451806382196
28.80000000000014 566.8451806378126
28.90000000000014 566.8451806374056
29.00000000000014 566.8451806369986
29.10000000000014 566.8451806365916
29.20000000000014 566.8451806361846
29.30000000000015 566.8451806357776
29.40000000000015 566.8451806353706
29.50000000000015 566.8451806349636
29.60000000000015 566.8451806345566
29.70000000000015 566.8451806341496
29.80000000000015 566.8451806337428
29.90000000000015 566.8451806333358
30.00000000000016 566.8451806329288
30.10000000000016 566.8451806325218
30.20000000000016 566.8451806321148
30.30000000000016 566.8451806317078
30.40000000000016 566.8451806313008
30.50000000000016 566.8451806308938
30.60000000000016 566.8451806304868
30.70000000000017 566.8451806300798
30.80000000000017 566.8451806296728
30.90000000000017 566.8451806292659
31.00000000000017 566.8451806288589
31.10000000000017 566.8451806284519
31.20000000000017 566.8451806280449
31.30000000000017 566.8451806276379
31.40000000000018 566.8451806272309
31.50000000000018 566.8451806268239
31.60000000000018 566.8451806264169
31.70000000000018 566.8451806260099
31.80000000000018 566.8451806256029
31.90000000000018 566.8451806251959
32.00000000000018 566.8451806247889
32.10000000000019 566.845180624382
32.20000000000019 566.845180623975
32.30000000000019 566.845180623568
32.40000000000019 566.845180623161
32.50000000000019 566.845180622754
32.60000000000019 566.845180622347
32.70000000000019 566.84518062194
32.8000000000002 566.845180621533
32.9000000000002 566.845180621126
33.0000000000002 566.845180620719
33.1000000000002 566.845180620312
33.2000000000002 566.8451806199051
33.3000000000002 566.8451806194981
33.4000000000002 566.8451806190911
33.50000000000021 566.8451806186841
33.60000000000021 566.8451806182771
33.70000000000021 566.8451806178701
33.80000000000021 566.8451806174631
33.90000000000021 566.8451806170561
34.00000000000021 566.8451806166491
34.10000000000021 566.8451806162421
34.20000000000022 566.8451806158351
34.30000000000022 566.8451806154283
34.40000000000022 566.8451806150213
34.50000000000022 566.8451806146143
34.60000000000022 566.8451806142073
34.70000000000022 566.8451806138003
34.80000000000022 566.8451806133933
34.90000000000023 566.8451806129863
35.00000000000023 566.8451806125793
35.10000000000023 566.8451806121723
35.20000000000023 566.8451806117653
35.30000000000023 566.8451806113583
35.40000000000023 566.8451806109513
35.50000000000023 566.8451806105444
35.60000000000024 566.8451806101374
35.70000000000024 566.8451806097304
35.80000000000024 566.8451806093234
35.90000000000024 566.8451806089164
36.00000000000024 566.8451806085094
36.10000000000024 566.8451806081024
36.20000000000024 566.8451806076954
36.30000000000025 566.8451806072884
36.40000000000025 566.8451806068814
36.50000000000025 566.8451806064744
36.60000000000025 566.8451806060675
36.70000000000025 566.8451806056605
36.80000000000025 566.8451806052535
36.90000000000025 566.8451806048465
37.00000000000026 566.8451806044395
37.10000000000026 566.8451806040325
37.20000000000026 566.8451806036255
37.30000000000026 566.8451806032185
37.40000000000026 566.8451806028115
37.50000000000026 566.8451806024045
37.60000000000026 566.8451806019975
37.70000000000027 566.8451806015905
37.80000000000027 566.8451806011836
37.90000000000027 566.8451806007766
38.00000000000027 566.8451806003696
38.10000000000027 566.8451805999626
38.20000000000027 566.8451805995556
38.30000000000027 566.8451805991486
38.40000000000028 566.8451805987416
38.50000000000028 566.8451805983347
38.60000000000028 566.8451805979277
38.70000000000028 566.8451805975207
38.80000000000028 566.8451805971137
38.90000000000028 566.8451805967068
39.00000000000028 566.8451805962998
39.10000000000029 566.8451805958928
39.20000000000029 566.8451805954858
39.30000000000029 566.8451805950788
39.40000000000029 566.8451805946718
39.50000000000029 566.8451805942648
39.60000000000029 566.8451805938578
39.70000000000029 566.8451805934508
39.8000000000003 566.8451805930438
39.9000000000003 566.8451805926368
40.0000000000003 566.8451805922298
40.1000000000003 566.8451805918229
40.2000000000003 566.8451805914159
40.3000000000003 566.8451805910089
40.4000000000003 566.8451805906019
40.50000000000031 566.8451805901949
40.60000000000031 566.8451805900097
40.70000000000031 566.8451805900085
40.80000000000031 566.8451805900072
40.90000000000031 566.845180590006
41.00000000000031 566.8451805900047
41.10000000000031 566.8451805900035
41.20000000000032 566.8451805900022
41.30000000000032 566.845180590001
41.40000000000032 566.8451805899997
41.50000000000032 566.8451805899984
41.60000000000032 566.8451805899972
41.70000000000032 566.8451805899959
41.80000000000032 566.8451805899947
41.90000000000033 566.8451805899934
42.00000000000033 566.8451805899922
42.10000000000033 566.8451805899909
42.20000000000033 566.8451805899897
42.30000000000033 566.8451805899884
42.40000000000033 566.8451805899872
42.50000000000033 566.8451805899859
42.60000000000034 566.8451805899847
42.70000000000034 566.8451805899834
42.80000000000034 566.8451805899822
42.90000000000034 566.8451805899809
43.00000000000034 566.8451805899797
43.10000000000034 566.8451805899784
43.20000000000034 566.8451805899772
43.30000000000035 566.8451805899759
43.40000000000035 566.8451805899747
43.50000000000035 566.8451805899734
43.60000000000035 566.8451805899722
43.70000000000035 566.8451805899708
43.80000000000035 566.8451805899696
43.90000000000035 566.8451805899683
44.00000000000036 566.8451805899671
44.10000000000036 566.8451805899658
44.20000000000036 566.8451805899646
44.30000000000036 566.8451805899633
44.40000000000036 566.8451805899621
44.50000000000036 566.8451805899608
44.60000000000036 566.8451805899596
44.70000000000037 566.8451805899583
44.80000000000037 566.8451805899571
44.90000000000037 566.8451805899558
45.00000000000037 566.8451805899546
45.10000000000037 566.8451805899533
45.20000000000037 566.8451805899521
45.30000000000037 566.8451805899508
45.40000000000038 566.8451805899496
45.50000000000038 566.8451805899483
45.60000000000038 566.8451805899471
45.70000000000038 566.8451805899458
45.80000000000038 566.8451805899446
45.90000000000038 566.8451805899433
46.00000000000038 566.8451805899421
46.10000000000039 566.8451805899408
46.20000000000039 566.8451805899396
46.30000000000039 566.8451805899383
46.40000000000039 566.8451805899371
46.50000000000039 566.8451805899358
46.60000000000039 566.8451805899346
46.70000000000039 566.8451805899333
46.8000000000004 566.8451805899321
46.9000000000004 566.8451805899308
47.0000000000004 566.8451805899296
47.1000000000004 566.8451805899283
47.2000000000004 566.8451805899271
47.3000000000004 566.8451805899258
47.4000000000004 566.8451805899246
47.50000000000041 566.8451805899233
47.60000000000041 566.8451805899221
47.70000000000041 566.8451805899208
47.80000000000041 566.8451805899196
47.90000000000041 566.8451805899183
48.00000000000041 566.845180589917
48.10000000000041 566.8451805899158
48.20000000000041 566.8451805899145
48.30000000000042 566.8451805899133
48.40000000000042 566.845180589912
48.50000000000042 566.8451805899108
48.60000000000042 566.8451805899095
48.70000000000042 566.8451805899083
48.80000000000042 566.845180589907
48.90000000000042 566.8451805899058
49.00000000000043 566.8451805899045
49.10000000000043 566.8451805899033
49.20000000000043 566.845180589902
49.30000000000043 566.8451805899008
49.40000000000043 566.8451805898995
49.50000000000043 566.8451805898983
49.60000000000043 566.845180589897
49.70000000000044 566.8451805898958
49.80000000000044 566.8451805898945
49.90000000000044 566.8451805898933