Time X1
0 250
0.1 250.2239203721884
0.2 250.46830251065
0.3 250.7352087391995
0.4 251.026380399015
0.5 251.344471802862
0.6 251.6919585587993
0.7 252.0715478591675
0.7999999999999999 252.4863665755373
0.8999999999999999 252.9395685501069
0.9999999999999999 253.4349703146299
1.1 253.9765559053932
1.2 254.5688220841282
1.3 255.2167045675824
1.4 255.9256339314516
1.5 256.7016262862888
1.6 257.5512991648127
1.7 258.4819354552706
1.8 259.5017255599867
1.900000000000001 260.6195774852389
2 261.8456039419893
2.100000000000001 263.1907591005909
2.200000000000001 264.6674369277361
2.300000000000001 266.2893516070295
2.400000000000001 268.0717591571745
2.500000000000001 270.0317310584875
2.600000000000001 272.1882967074447
2.700000000000001 274.5626645023379
2.800000000000001 277.1784280302936
2.900000000000001 280.0619463805289
3.000000000000001 283.2426100677372
3.100000000000001 286.7530217177121
3.200000000000002 290.6294267152806
3.300000000000002 294.9118778184293
3.400000000000002 299.644240238417
3.500000000000002 304.8744642676776
3.600000000000002 310.6544593879248
3.700000000000002 317.0388154786633
3.800000000000002 324.0844067036914
3.900000000000002 331.8483037014065
4.000000000000002 340.3854643356552
4.100000000000001 349.7433424626577
4.200000000000001 359.9574363969664
4.300000000000001 371.0435534491522
4.4 382.9889243563507
4.5 395.7419113150573
4.6 409.2027411470659
4.699999999999999 423.2163599533202
4.799999999999999 437.5693188803683
4.899999999999999 451.9985279945893
4.999999999999998 466.2055597098033
5.099999999999998 479.8825168429551
5.199999999999998 492.7427196366968
5.299999999999997 504.5500449961434
5.399999999999997 515.1405301421212
5.499999999999996 524.4316012796429
5.599999999999996 532.418363775173
5.699999999999996 539.159933595991
5.799999999999995 544.7606355984141
5.899999999999995 549.3507452560694
5.999999999999995 553.0700181393516
6.099999999999994 556.0556182209602
6.199999999999994 558.4337809721325
6.299999999999994 560.316502143261
6.399999999999993 561.7997385527869
6.499999999999993 562.9637000930536
6.599999999999993 563.8742891016049
6.699999999999992 564.5849500146624
6.799999999999992 565.1385298965233
6.899999999999991 565.5691060737267
6.999999999999991 565.9036189249749
7.099999999999991 566.1632798400046
7.19999999999999 566.3647065940377
7.29999999999999 566.5208601397338
7.39999999999999 566.6418602815129
7.499999999999989 566.735603743148
7.599999999999989 566.8082038463774
7.699999999999989 566.8644160176258
7.799999999999988 566.9079787613574
7.899999999999988 566.9416818871638
7.999999999999988 566.967757996449
8.099999999999987 566.9879094841946
8.199999999999987 567.0035525812095
8.299999999999986 567.0156004839306
8.399999999999986 567.024943034772
8.499999999999986 567.0321534376502
8.599999999999985 567.0377375009085
8.699999999999985 567.04205561681
8.799999999999985 567.0454463949862
8.899999999999984 567.0480685939185
8.999999999999984 567.0501451824473
9.099999999999984 567.0516731440493
9.199999999999983 567.0529011960491
9.299999999999983 567.0538560427218
9.399999999999983 567.0545598725524
9.499999999999982 567.0551050262615
9.599999999999982 567.0555066856236
9.699999999999982 567.0558213952548
9.799999999999981 567.0560659318363
9.899999999999981 567.0562589310248
9.99999999999998 567.0564129867307
10.09999999999998 567.0565335656328
10.19999999999998 567.056629772697
10.29999999999998 567.0567036231955
10.39999999999998 567.0567623000948
10.49999999999998 567.0568069598436
10.59999999999998 567.0568422515868
10.69999999999998 567.056869433618
10.79999999999998 567.056890711105
10.89999999999998 567.0569074206296
10.99999999999998 567.0569203354045
11.09999999999998 567.0569306105981
11.19999999999998 567.0569384906014
11.29999999999998 567.0569447769193
11.39999999999998 567.0569511278247
11.49999999999998 567.0569586785415
11.59999999999997 567.0569653012022
11.69999999999997 567.056970995807
11.79999999999997 567.0569757623557
11.89999999999997 567.0569796008484
11.99999999999997 567.0569825112851
12.09999999999997 567.0569844936658
12.19999999999997 567.0569855479905
12.29999999999997 567.0569856742591
12.39999999999997 567.0569848724717
12.49999999999997 567.0569831426284
12.59999999999997 567.056980484729
12.69999999999997 567.0569805909126
12.79999999999997 567.0569813405632
12.89999999999997 567.0569818545742
12.99999999999997 567.0569821329458
13.09999999999997 567.0569821756777
13.19999999999997 567.0569819827701
13.29999999999997 567.0569815542231
13.39999999999997 567.0569808900364
13.49999999999997 567.0569799902102
13.59999999999997 567.0569788547444
13.69999999999997 567.0569774836391
13.79999999999997 567.0569758768943
13.89999999999997 567.0569744259342
13.99999999999997 567.056973965783
14.09999999999997 567.0569735056316
14.19999999999997 567.0569730454804
14.29999999999997 567.0569725853292
14.39999999999996 567.0569721251779
14.49999999999996 567.0569716650267
14.59999999999996 567.0569712048754
14.69999999999996 567.0569707447241
14.79999999999996 567.0569702845729
14.89999999999996 567.0569698244217
14.99999999999996 567.0569693642705
15.09999999999996 567.0569689041192
15.19999999999996 567.0569686980812
15.29999999999996 567.0569686842812
15.39999999999996 567.0569686704811
15.49999999999996 567.0569686566811
15.59999999999996 567.056968642881
15.69999999999996 567.056968629081
15.79999999999996 567.0569686152809
15.89999999999996 567.0569686014809
15.99999999999996 567.0569685876809
16.09999999999996 567.0569685738808
16.19999999999996 567.0569685600808
16.29999999999996 567.0569685462807
16.39999999999996 567.0569685324807
16.49999999999996 567.0569685186806
16.59999999999997 567.0569685048806
16.69999999999997 567.0569684910805
16.79999999999997 567.0569684772805
16.89999999999997 567.0569684634804
16.99999999999997 567.0569684496804
17.09999999999997 567.0569684358804
17.19999999999997 567.0569684220803
17.29999999999998 567.0569684082803
17.39999999999998 567.0569683944802
17.49999999999998 567.0569683806802
17.59999999999998 567.0569683668801
17.69999999999998 567.0569683530802
17.79999999999998 567.05696833928
17.89999999999998 567.0569683254801
17.99999999999999 567.05696831168
18.09999999999999 567.05696829788
18.19999999999999 567.05696828408
18.29999999999999 567.0569682702799
18.39999999999999 567.0569682564799
18.49999999999999 567.0569682426798
18.59999999999999 567.0569682288798
18.7 567.0569682150797
18.8 567.0569682012797
18.9 567.0569681874796
19 567.0569681736796
19.1 567.0569681598795
19.2 567.0569681460795
19.3 567.0569681322795
19.40000000000001 567.0569681184794
19.50000000000001 567.0569681046794
19.60000000000001 567.0569680908793
19.70000000000001 567.0569680770793
19.80000000000001 567.0569680632792
19.90000000000001 567.0569680494792
20.00000000000001 567.0569680356791
20.10000000000002 567.0569680218791
20.20000000000002 567.056968008079
20.30000000000002 567.056967994279
20.40000000000002 567.056967980479
20.50000000000002 567.0569679666789
20.60000000000002 567.0569679528789
20.70000000000002 567.0569679390788
20.80000000000003 567.0569679252789
20.90000000000003 567.0569679114788
21.00000000000003 567.0569678976788
21.10000000000003 567.0569678838787
21.20000000000003 567.0569678700787
21.30000000000003 567.0569678562786
21.40000000000003 567.0569678424786
21.50000000000004 567.0569678286786
21.60000000000004 567.0569678148785
21.70000000000004 567.0569678010785
21.80000000000004 567.0569677872784
21.90000000000004 567.0569677734784
22.00000000000004 567.0569677596783
22.10000000000004 567.0569677458783
22.20000000000005 567.0569677320782
22.30000000000005 567.0569677182782
22.40000000000005 567.0569677044781
22.50000000000005 567.0569676906781
22.60000000000005 567.0569676768781
22.70000000000005 567.056967663078
22.80000000000005 567.056967649278
22.90000000000006 567.0569676354779
23.00000000000006 567.0569676216779
23.10000000000006 567.0569676078778
23.20000000000006 567.0569675940778
23.30000000000006 567.0569675802777
23.40000000000006 567.0569675664777
23.50000000000006 567.0569675526776
23.60000000000007 567.0569675388776
23.70000000000007 567.0569675250775
23.80000000000007 567.0569675112775
23.90000000000007 567.0569674974776
24.00000000000007 567.0569674836775
24.10000000000007 567.0569674698775
24.20000000000007 567.0569674560774
24.30000000000008 567.0569674422774
24.40000000000008 567.0569674284773
24.50000000000008 567.0569674146773
24.60000000000008 567.0569674008772
24.70000000000008 567.0569673870772
24.80000000000008 567.0569673732771
24.90000000000008 567.0569673594771
25.00000000000009 567.0569673456771
25.10000000000009 567.056967331877
25.20000000000009 567.056967318077
25.30000000000009 567.0569673042769
25.40000000000009 567.0569672904769
25.50000000000009 567.0569672766768
25.60000000000009 567.0569672628768
25.7000000000001 567.0569672490767
25.8000000000001 567.0569672352767
25.9000000000001 567.0569672214766
26.0000000000001 567.0569672076766
26.1000000000001 567.0569671938766
26.2000000000001 567.0569671800765
26.3000000000001 567.0569671662765
26.40000000000011 567.0569671524764
26.50000000000011 567.0569671386764
26.60000000000011 567.0569671248763
26.70000000000011 567.0569671110763
26.80000000000011 567.0569670972762
26.90000000000011 567.0569670834763
27.00000000000011 567.0569670696761
27.10000000000012 567.0569670558762
27.20000000000012 567.0569670420762
27.30000000000012 567.0569670282761
27.40000000000012 567.0569670144761
27.50000000000012 567.056967000676
27.60000000000012 567.056966986876
27.70000000000012 567.0569669730759
27.80000000000013 567.0569669651533
27.90000000000013 567.0569669647393
28.00000000000013 567.0569669643254
28.10000000000013 567.0569669639115
28.20000000000013 567.0569669634974
28.30000000000013 567.0569669630835
28.40000000000013 567.0569669626695
28.50000000000014 567.0569669622556
28.60000000000014 567.0569669618417
28.70000000000014 567.0569669614276
28.80000000000014 567.0569669610137
28.90000000000014 567.0569669605998
29.00000000000014 567.0569669601858
29.10000000000014 567.0569669597718
29.20000000000014 567.0569669593579
29.30000000000015 567.0569669589439
29.40000000000015 567.05696695853
29.50000000000015 567.056966958116
29.60000000000015 567.056966957702
29.70000000000015 567.0569669572881
29.80000000000015 567.0569669568741
29.90000000000015 567.0569669564602
30.00000000000016 567.0569669560463
30.10000000000016 567.0569669556322
30.20000000000016 567.0569669552183
30.30000000000016 567.0569669548044
30.40000000000016 567.0569669543904
30.50000000000016 567.0569669539764
30.60000000000016 567.0569669535624
30.70000000000017 567.0569669531485
30.80000000000017 567.0569669527346
30.90000000000017 567.0569669523206
31.00000000000017 567.0569669519066
31.10000000000017 567.0569669514927
31.20000000000017 567.0569669510787
31.30000000000017 567.0569669506648
31.40000000000018 567.0569669502509
31.50000000000018 567.0569669498368
31.60000000000018 567.0569669494229
31.70000000000018 567.0569669490089
31.80000000000018 567.056966948595
31.90000000000018 567.0569669481811
32.00000000000018 567.056966947767
32.10000000000019 567.0569669473531
32.20000000000019 567.0569669469392
32.30000000000019 567.0569669465252
32.40000000000019 567.0569669461112
32.50000000000019 567.0569669456972
32.60000000000019 567.0569669452833
32.70000000000019 567.0569669448694
32.8000000000002 567.0569669444554
32.9000000000002 567.0569669440414
33.0000000000002 567.0569669436275
33.1000000000002 567.0569669432135
33.2000000000002 567.0569669427996
33.3000000000002 567.0569669423857
33.4000000000002 567.0569669419716
33.50000000000021 567.0569669415577
33.60000000000021 567.0569669411437
33.70000000000021 567.0569669407298
33.80000000000021 567.0569669403158
33.90000000000021 567.0569669399018
34.00000000000021 567.0569669394879
34.10000000000021 567.056966939074
34.20000000000022 567.05696693866
34.30000000000022 567.056966938246
34.40000000000022 567.056966937832
34.50000000000022 567.0569669374181
34.60000000000022 567.0569669370042
34.70000000000022 567.0569669365902
34.80000000000022 567.0569669361762
34.90000000000023 567.0569669357623
35.00000000000023 567.0569669353483
35.10000000000023 567.0569669349344
35.20000000000023 567.0569669345205
35.30000000000023 567.0569669341064
35.40000000000023 567.0569669336925
35.50000000000023 567.0569669332785
35.60000000000024 567.0569669328646
35.70000000000024 567.0569669324506
35.80000000000024 567.0569669320366
35.90000000000024 567.0569669316227
36.00000000000024 567.0569669312088
36.10000000000024 567.0569669307948
36.20000000000024 567.0569669303808
36.30000000000025 567.0569669299668
36.40000000000025 567.0569669295529
36.50000000000025 567.056966929139
36.60000000000025 567.056966928725
36.70000000000025 567.056966928311
36.80000000000025 567.0569669278971
36.90000000000025 567.0569669274831
37.00000000000026 567.0569669270692
37.10000000000026 567.0569669266552
37.20000000000026 567.0569669262412
37.30000000000026 567.0569669258273
37.40000000000026 567.0569669254133
37.50000000000026 567.0569669249994
37.60000000000026 567.0569669245854
37.70000000000027 567.0569669241714
37.80000000000027 567.0569669237575
37.90000000000027 567.0569669233436
38.00000000000027 567.0569669229296
38.10000000000027 567.0569669225156
38.20000000000027 567.0569669221017
38.30000000000027 567.0569669216877
38.40000000000028 567.0569669212738
38.50000000000028 567.0569669208598
38.60000000000028 567.0569669204458
38.70000000000028 567.0569669200319
38.80000000000028 567.0569669196179
38.90000000000028 567.056966919204
39.00000000000028 567.05696691879
39.10000000000029 567.056966918376
39.20000000000029 567.0569669179621
39.30000000000029 567.0569669175482
39.40000000000029 567.0569669171342
39.50000000000029 567.0569669167202
39.60000000000029 567.0569669163062
39.70000000000029 567.0569669158923
39.8000000000003 567.0569669154784
39.9000000000003 567.0569669150644
40.0000000000003 567.0569669146504
40.1000000000003 567.0569669142365
40.2000000000003 567.0569669138225
40.3000000000003 567.0569669134086
40.4000000000003 567.056966913122
40.50000000000031 567.0569669131207
40.60000000000031 567.0569669131194
40.70000000000031 567.0569669131181
40.80000000000031 567.0569669131169
40.90000000000031 567.0569669131156
41.00000000000031 567.0569669131143
41.10000000000031 567.056966913113
41.20000000000032 567.0569669131118
41.30000000000032 567.0569669131105
41.40000000000032 567.0569669131092
41.50000000000032 567.0569669131079
41.60000000000032 567.0569669131066
41.70000000000032 567.0569669131054
41.80000000000032 567.0569669131041
41.90000000000033 567.0569669131028
42.00000000000033 567.0569669131015
42.10000000000033 567.0569669131003
42.20000000000033 567.056966913099
42.30000000000033 567.0569669130977
42.40000000000033 567.0569669130964
42.50000000000033 567.0569669130952
42.60000000000034 567.0569669130939
42.70000000000034 567.0569669130927
42.80000000000034 567.0569669130913
42.90000000000034 567.05696691309
43.00000000000034 567.0569669130888
43.10000000000034 567.0569669130875
43.20000000000034 567.0569669130862
43.30000000000035 567.0569669130849
43.40000000000035 567.0569669130837
43.50000000000035 567.0569669130824
43.60000000000035 567.0569669130812
43.70000000000035 567.0569669130798
43.80000000000035 567.0569669130786
43.90000000000035 567.0569669130773
44.00000000000036 567.0569669130761
44.10000000000036 567.0569669130747
44.20000000000036 567.0569669130734
44.30000000000036 567.0569669130722
44.40000000000036 567.0569669130709
44.50000000000036 567.0569669130696
44.60000000000036 567.0569669130683
44.70000000000037 567.0569669130671
44.80000000000037 567.0569669130658
44.90000000000037 567.0569669130646
45.00000000000037 567.0569669130632
45.10000000000037 567.056966913062
45.20000000000037 567.0569669130607
45.30000000000037 567.0569669130595
45.40000000000038 567.0569669130581
45.50000000000038 567.0569669130568
45.60000000000038 567.0569669130556
45.70000000000038 567.0569669130543
45.80000000000038 567.056966913053
45.90000000000038 567.0569669130517
46.00000000000038 567.0569669130505
46.10000000000039 567.0569669130492
46.20000000000039 567.056966913048
46.30000000000039 567.0569669130466
46.40000000000039 567.0569669130454
46.50000000000039 567.0569669130441
46.60000000000039 567.0569669130429
46.70000000000039 567.0569669130415
46.8000000000004 567.0569669130402
46.9000000000004 567.056966913039
47.0000000000004 567.0569669130377
47.1000000000004 567.0569669130365
47.2000000000004 567.0569669130351
47.3000000000004 567.0569669130339
47.4000000000004 567.0569669130326
47.50000000000041 567.0569669130314
47.60000000000041 567.05696691303
47.70000000000041 567.0569669130288
47.80000000000041 567.0569669130275
47.90000000000041 567.0569669130263
48.00000000000041 567.0569669130249
48.10000000000041 567.0569669130236
48.20000000000041 567.0569669130224
48.30000000000042 567.0569669130211
48.40000000000042 567.0569669130199
48.50000000000042 567.0569669130185
48.60000000000042 567.0569669130173
48.70000000000042 567.056966913016
48.80000000000042 567.0569669130148
48.90000000000042 567.0569669130134
49.00000000000043 567.0569669130122
49.10000000000043 567.0569669130109
49.20000000000043 567.0569669130097
49.30000000000043 567.0569669130084
49.40000000000043 567.056966913007
49.50000000000043 567.0569669130058
49.60000000000043 567.0569669130045
49.70000000000044 567.0569669130033
49.80000000000044 567.0569669130019
49.90000000000044 567.0569669130007