Time X1
0 250
0.1 259.4521746090698
0.2 270.6660292515167
0.3 284.0815476624525
0.4 300.268132517204
0.5 319.9539976371525
0.6 344.0471590143926
0.7 373.6152052752553
0.7999999999999999 409.7513090404007
0.8999999999999999 453.2019924035882
0.9999999999999999 503.6237291165571
1.1 558.5860112319377
1.2 613.1446004762603
1.3 661.2318813922873
1.4 698.5616039038057
1.5 724.4124790800789
1.6 740.8034830861047
1.7 750.5883353008526
1.8 756.2132789970111
1.900000000000001 759.3758776019172
2 761.1312490551672
2.100000000000001 762.0984244466358
2.200000000000001 762.6293528575202
2.300000000000001 762.9202073603826
2.400000000000001 763.0793604627426
2.500000000000001 763.1662439876637
2.600000000000001 763.2138181747345
2.700000000000001 763.2398076433
2.800000000000001 763.2539709223183
2.900000000000001 763.2617980542736
3.000000000000001 763.2661622351824
3.100000000000001 763.2684971229727
3.200000000000002 763.2697387266818
3.300000000000002 763.2703806648624
3.400000000000002 763.2707408331814
3.500000000000002 763.2709488439903
3.600000000000002 763.2710655495814
3.700000000000002 763.2711298353477
3.800000000000002 763.2711655307515
3.900000000000002 763.2711855460847
4.000000000000002 763.2712079753318
4.100000000000001 763.271223900035
4.200000000000001 763.2712331153082
4.300000000000001 763.2712356211514
4.4 763.2712314175645
4.5 763.2712295018652
4.6 763.271230873198
4.699999999999999 763.2712305448914
4.799999999999999 763.2712285169455
4.899999999999999 763.2712247893601
4.999999999999998 763.271220521818
5.099999999999998 763.2712191142328
5.199999999999998 763.2712177066477
5.299999999999997 763.2712162990625
5.399999999999997 763.2712148914775
5.499999999999996 763.2712134838923
5.599999999999996 763.2712132190592
5.699999999999996 763.271213177089
5.799999999999995 763.2712131351187
5.899999999999995 763.2712130931484
5.999999999999995 763.2712130511782
6.099999999999994 763.2712130092079
6.199999999999994 763.2712129672376
6.299999999999994 763.2712129252674
6.399999999999993 763.2712128832972
6.499999999999993 763.2712128413268
6.599999999999993 763.2712127993566
6.699999999999992 763.2712127573864
6.799999999999992 763.271212715416
6.899999999999991 763.2712126734458
6.999999999999991 763.2712126314756
7.099999999999991 763.2712125895052
7.19999999999999 763.271212547535
7.29999999999999 763.2712125055648
7.39999999999999 763.2712124635945
7.499999999999989 763.2712124216242
7.599999999999989 763.271212379654
7.699999999999989 763.2712123376838
7.799999999999988 763.2712122957134
7.899999999999988 763.2712122537432
7.999999999999988 763.271212211773
8.099999999999987 763.2712121698027
8.199999999999987 763.2712121278324
8.299999999999986 763.2712120858622
8.399999999999986 763.2712120438919
8.499999999999986 763.2712120019216
8.599999999999985 763.2712119599514
8.699999999999985 763.2712119179811
8.799999999999985 763.2712118760109
8.899999999999984 763.2712118340406
8.999999999999984 763.2712117920703
9.099999999999984 763.2712117501001
9.199999999999983 763.2712117081298
9.299999999999983 763.2712116661595
9.399999999999983 763.2712116241893
9.499999999999982 763.2712115822191
9.599999999999982 763.2712115402487
9.699999999999982 763.2712114982785
9.799999999999981 763.2712114563083
9.899999999999981 763.271211414338
9.99999999999998 763.2712113723677
10.09999999999998 763.2712113303975
10.19999999999998 763.2712112884273
10.29999999999998 763.2712112464569
10.39999999999998 763.2712112044867
10.49999999999998 763.2712111625165
10.59999999999998 763.2712111205461
10.69999999999998 763.2712110785759
10.79999999999998 763.2712110366057
10.89999999999998 763.2712109953965
10.99999999999998 763.2712109941448
11.09999999999998 763.2712109928932
11.19999999999998 763.2712109916415
11.29999999999998 763.2712109903898
11.39999999999998 763.2712109891381
11.49999999999998 763.2712109878865
11.59999999999997 763.2712109866349
11.69999999999997 763.2712109853832
11.79999999999997 763.2712109841315
11.89999999999997 763.2712109828799
11.99999999999997 763.2712109816282
12.09999999999997 763.2712109803765
12.19999999999997 763.2712109791249
12.29999999999997 763.2712109778732
12.39999999999997 763.2712109766215
12.49999999999997 763.2712109753699
12.59999999999997 763.2712109741183
12.69999999999997 763.2712109728666
12.79999999999997 763.2712109716149
12.89999999999997 763.2712109703632
12.99999999999997 763.2712109691116
13.09999999999997 763.2712109678599
13.19999999999997 763.2712109666082
13.29999999999997 763.2712109653567
13.39999999999997 763.271210964105
13.49999999999997 763.2712109628533
13.59999999999997 763.2712109616016
13.69999999999997 763.27121096035
13.79999999999997 763.2712109590983
13.89999999999997 763.2712109578466
13.99999999999997 763.2712109565949
14.09999999999997 763.2712109553433
14.19999999999997 763.2712109540917
14.29999999999997 763.27121095284
14.39999999999996 763.2712109515884
14.49999999999996 763.2712109503367
14.59999999999996 763.271210949085
14.69999999999996 763.2712109478333
14.79999999999996 763.2712109465817
14.89999999999996 763.27121094533
14.99999999999996 763.2712109440783
15.09999999999996 763.2712109428267
15.19999999999996 763.2712109415751
15.29999999999996 763.2712109403234
15.39999999999996 763.2712109390717
15.49999999999996 763.27121093782
15.59999999999996 763.2712109365684
15.69999999999996 763.2712109353167
15.79999999999996 763.271210934065
15.89999999999996 763.2712109328135
15.99999999999996 763.2712109315618
16.09999999999996 763.2712109303101
16.19999999999996 763.2712109290584
16.29999999999996 763.271210928057
16.39999999999996 763.2712109280533
16.49999999999996 763.2712109280494
16.59999999999997 763.2712109280455
16.69999999999997 763.2712109280417
16.79999999999997 763.2712109280379
16.89999999999997 763.2712109280341
16.99999999999997 763.2712109280302
17.09999999999997 763.2712109280263
17.19999999999997 763.2712109280226
17.29999999999998 763.2712109280187
17.39999999999998 763.2712109280149
17.49999999999998 763.271210928011
17.59999999999998 763.2712109280072
17.69999999999998 763.2712109280034
17.79999999999998 763.2712109279995
17.89999999999998 763.2712109279956
17.99999999999999 763.2712109279919
18.09999999999999 763.271210927988
18.19999999999999 763.2712109279842
18.29999999999999 763.2712109279803
18.39999999999999 763.2712109279765
18.49999999999999 763.2712109279727
18.59999999999999 763.2712109279688
18.7 763.2712109279649
18.8 763.2712109279612
18.9 763.2712109279573
19 763.2712109279535
19.1 763.2712109279496
19.2 763.2712109279458
19.3 763.271210927942
19.40000000000001 763.2712109279381
19.50000000000001 763.2712109279342
19.60000000000001 763.2712109279305
19.70000000000001 763.2712109279266
19.80000000000001 763.2712109279228
19.90000000000001 763.2712109279189
20.00000000000001 763.2712109279151
20.10000000000002 763.2712109279113
20.20000000000002 763.2712109279074
20.30000000000002 763.2712109279036
20.40000000000002 763.2712109278998
20.50000000000002 763.2712109278959
20.60000000000002 763.2712109278921
20.70000000000002 763.2712109278882
20.80000000000003 763.2712109278845
20.90000000000003 763.2712109278806
21.00000000000003 763.2712109278767
21.10000000000003 763.2712109278729
21.20000000000003 763.2712109278691
21.30000000000003 763.2712109278652
21.40000000000003 763.2712109278614
21.50000000000004 763.2712109278575
21.60000000000004 763.2712109278538
21.70000000000004 763.2712109278499
21.80000000000004 763.271210927846
21.90000000000004 763.2712109278422
22.00000000000004 763.2712109278384
22.10000000000004 763.2712109278345
22.20000000000005 763.2712109278307
22.30000000000005 763.2712109278268
22.40000000000005 763.2712109278231
22.50000000000005 763.2712109278192
22.60000000000005 763.2712109278153
22.70000000000005 763.2712109278115
22.80000000000005 763.2712109278077
22.90000000000006 763.2712109278038
23.00000000000006 763.2712109278
23.10000000000006 763.2712109277961
23.20000000000006 763.2712109277924
23.30000000000006 763.2712109277885
23.40000000000006 763.2712109277846
23.50000000000006 763.2712109277808
23.60000000000007 763.271210927777
23.70000000000007 763.2712109277732
23.80000000000007 763.2712109277693
23.90000000000007 763.2712109277654
24.00000000000007 763.2712109277617
24.10000000000007 763.2712109277578
24.20000000000007 763.2712109277539
24.30000000000008 763.2712109277501
24.40000000000008 763.2712109277463
24.50000000000008 763.2712109277425
24.60000000000008 763.2712109277386
24.70000000000008 763.2712109277347
24.80000000000008 763.271210927731
24.90000000000008 763.2712109277271
25.00000000000009 763.2712109277232
25.10000000000009 763.2712109277194
25.20000000000009 763.2712109277156
25.30000000000009 763.2712109277118
25.40000000000009 763.2712109277079
25.50000000000009 763.271210927704
25.60000000000009 763.2712109277003
25.7000000000001 763.2712109276964
25.8000000000001 763.2712109276926
25.9000000000001 763.2712109276887
26.0000000000001 763.2712109276849
26.1000000000001 763.2712109276811
26.2000000000001 763.2712109276772
26.3000000000001 763.2712109276733
26.40000000000011 763.2712109276696
26.50000000000011 763.2712109276657
26.60000000000011 763.2712109276619
26.70000000000011 763.271210927658
26.80000000000011 763.2712109276542
26.90000000000011 763.2712109276504
27.00000000000011 763.2712109276465
27.10000000000012 763.2712109276426
27.20000000000012 763.2712109276389
27.30000000000012 763.271210927635
27.40000000000012 763.2712109276312
27.50000000000012 763.2712109276273
27.60000000000012 763.2712109276235
27.70000000000012 763.2712109276197
27.80000000000013 763.2712109276158
27.90000000000013 763.2712109276119
28.00000000000013 763.2712109276082
28.10000000000013 763.2712109276043
28.20000000000013 763.2712109276005
28.30000000000013 763.2712109275966
28.40000000000013 763.2712109275928
28.50000000000014 763.271210927589
28.60000000000014 763.2712109275851
28.70000000000014 763.2712109275813
28.80000000000014 763.2712109275775
28.90000000000014 763.2712109275736
29.00000000000014 763.2712109275698
29.10000000000014 763.2712109275659
29.20000000000014 763.2712109275622
29.30000000000015 763.2712109275583
29.40000000000015 763.2712109275544
29.50000000000015 763.2712109275506
29.60000000000015 763.2712109275468
29.70000000000015 763.2712109275429
29.80000000000015 763.2712109275391
29.90000000000015 763.2712109275352
30.00000000000016 763.2712109275315
30.10000000000016 763.2712109275276
30.20000000000016 763.2712109275237
30.30000000000016 763.2712109275199
30.40000000000016 763.2712109275161
30.50000000000016 763.2712109275122
30.60000000000016 763.2712109275084
30.70000000000017 763.2712109275045
30.80000000000017 763.2712109275008
30.90000000000017 763.2712109274969
31.00000000000017 763.271210927493
31.10000000000017 763.2712109274892
31.20000000000017 763.2712109274854
31.30000000000017 763.2712109274815
31.40000000000018 763.2712109274777
31.50000000000018 763.2712109274738
31.60000000000018 763.2712109274701
31.70000000000018 763.2712109274662
31.80000000000018 763.2712109274623
31.90000000000018 763.2712109274585
32.00000000000018 763.2712109274547
32.10000000000019 763.2712109274509
32.20000000000019 763.271210927447
32.30000000000019 763.2712109274431
32.40000000000019 763.2712109274394
32.50000000000019 763.2712109274355
32.60000000000019 763.2712109274316
32.70000000000019 763.2712109274278
32.8000000000002 763.2712109274239
32.9000000000002 763.2712109274202
33.0000000000002 763.2712109274163
33.1000000000002 763.2712109274124
33.2000000000002 763.2712109274086
33.3000000000002 763.2712109274048
33.4000000000002 763.2712109274009
33.50000000000021 763.2712109273971
33.60000000000021 763.2712109273932
33.70000000000021 763.2712109273895
33.80000000000021 763.2712109273856
33.90000000000021 763.2712109273817
34.00000000000021 763.2712109273779
34.10000000000021 763.2712109273741
34.20000000000022 763.2712109273702
34.30000000000022 763.2712109273664
34.40000000000022 763.2712109273625
34.50000000000022 763.2712109273588
34.60000000000022 763.2712109273549
34.70000000000022 763.271210927351
34.80000000000022 763.2712109273472
34.90000000000023 763.2712109273434
35.00000000000023 763.2712109273396
35.10000000000023 763.2712109273357
35.20000000000023 763.2712109273318
35.30000000000023 763.2712109273281
35.40000000000023 763.2712109273242
35.50000000000023 763.2712109273203
35.60000000000024 763.2712109273165
35.70000000000024 763.2712109273127
35.80000000000024 763.2712109273089
35.90000000000024 763.271210927305
36.00000000000024 763.2712109273011
36.10000000000024 763.2712109272974
36.20000000000024 763.2712109272935
36.30000000000025 763.2712109272896
36.40000000000025 763.2712109272858
36.50000000000025 763.271210927282
36.60000000000025 763.2712109272782
36.70000000000025 763.2712109272743
36.80000000000025 763.2712109272704
36.90000000000025 763.2712109272667
37.00000000000026 763.2712109272628
37.10000000000026 763.2712109272589
37.20000000000026 763.2712109272551
37.30000000000026 763.2712109272513
37.40000000000026 763.2712109272475
37.50000000000026 763.2712109272436
37.60000000000026 763.2712109272397
37.70000000000027 763.271210927236
37.80000000000027 763.2712109272321
37.90000000000027 763.2712109272283
38.00000000000027 763.2712109272244
38.10000000000027 763.2712109272206
38.20000000000027 763.2712109272168
38.30000000000027 763.2712109272129
38.40000000000028 763.271210927209
38.50000000000028 763.2712109272053
38.60000000000028 763.2712109272014
38.70000000000028 763.2712109271976
38.80000000000028 763.2712109271937
38.90000000000028 763.2712109271899
39.00000000000028 763.2712109271861
39.10000000000029 763.2712109271822
39.20000000000029 763.2712109271783
39.30000000000029 763.2712109271746
39.40000000000029 763.2712109271707
39.50000000000029 763.2712109271669
39.60000000000029 763.271210927163
39.70000000000029 763.2712109271592
39.8000000000003 763.2712109271554
39.9000000000003 763.2712109271515
40.0000000000003 763.2712109271476
40.1000000000003 763.2712109271439
40.2000000000003 763.27121092714
40.3000000000003 763.2712109271362
40.4000000000003 763.2712109271323
40.50000000000031 763.2712109271285
40.60000000000031 763.2712109271247
40.70000000000031 763.2712109271208
40.80000000000031 763.271210927117
40.90000000000031 763.2712109271132
41.00000000000031 763.2712109271093
41.10000000000031 763.2712109271055
41.20000000000032 763.2712109271016
41.30000000000032 763.2712109270979
41.40000000000032 763.271210927094
41.50000000000032 763.2712109270901
41.60000000000032 763.2712109270863
41.70000000000032 763.2712109270825
41.80000000000032 763.2712109270786
41.90000000000033 763.2712109270748
42.00000000000033 763.2712109270709
42.10000000000033 763.2712109270672
42.20000000000033 763.2712109270633
42.30000000000033 763.2712109270594
42.40000000000033 763.2712109270556
42.50000000000033 763.2712109270518
42.60000000000034 763.2712109270479
42.70000000000034 763.2712109270441
42.80000000000034 763.2712109270402
42.90000000000034 763.2712109270365
43.00000000000034 763.2712109270326
43.10000000000034 763.2712109270287
43.20000000000034 763.2712109270249
43.30000000000035 763.2712109270211
43.40000000000035 763.2712109270173
43.50000000000035 763.2712109270134
43.60000000000035 763.2712109270095
43.70000000000035 763.2712109270058
43.80000000000035 763.2712109270019
43.90000000000035 763.271210926998
44.00000000000036 763.2712109269942
44.10000000000036 763.2712109269904
44.20000000000036 763.2712109269866
44.30000000000036 763.2712109269827
44.40000000000036 763.2712109269788
44.50000000000036 763.2712109269751
44.60000000000036 763.2712109269712
44.70000000000037 763.2712109269673
44.80000000000037 763.2712109269635
44.90000000000037 763.2712109269597
45.00000000000037 763.2712109269559
45.10000000000037 763.271210926952
45.20000000000037 763.2712109269481
45.30000000000037 763.2712109269444
45.40000000000038 763.2712109269405
45.50000000000038 763.2712109269366
45.60000000000038 763.2712109269328
45.70000000000038 763.271210926929
45.80000000000038 763.2712109269252
45.90000000000038 763.2712109269213
46.00000000000038 763.2712109269174
46.10000000000039 763.2712109269137
46.20000000000039 763.2712109269098
46.30000000000039 763.271210926906
46.40000000000039 763.2712109269021
46.50000000000039 763.2712109268983
46.60000000000039 763.2712109268945
46.70000000000039 763.2712109268906
46.8000000000004 763.2712109268867
46.9000000000004 763.271210926883
47.0000000000004 763.2712109268791
47.1000000000004 763.2712109268753
47.2000000000004 763.2712109268714
47.3000000000004 763.2712109268676
47.4000000000004 763.2712109268638
47.50000000000041 763.2712109268599
47.60000000000041 763.271210926856
47.70000000000041 763.2712109268523
47.80000000000041 763.2712109268484
47.90000000000041 763.2712109268446
48.00000000000041 763.2712109268407
48.10000000000041 763.2712109268369
48.20000000000041 763.2712109268331
48.30000000000042 763.2712109268292
48.40000000000042 763.2712109268253
48.50000000000042 763.2712109268216
48.60000000000042 763.2712109268177
48.70000000000042 763.2712109268139
48.80000000000042 763.27121092681
48.90000000000042 763.2712109268062
49.00000000000043 763.2712109268024
49.10000000000043 763.2712109267985
49.20000000000043 763.2712109267947
49.30000000000043 763.2712109267909
49.40000000000043 763.271210926787
49.50000000000043 763.2712109267832
49.60000000000043 763.2712109267793
49.70000000000044 763.2712109267756
49.80000000000044 763.2712109267717
49.90000000000044 763.2712109267678