Time X1
0 250
0.1 250.2178280823749
0.2 250.4555380696281
0.3 250.7151682468881
0.4 250.9983644280474
0.5 251.3077199668415
0.6 251.6456481747203
0.7 252.0147624233109
0.7999999999999999 252.4181256912549
0.8999999999999999 252.8587340096019
0.9999999999999999 253.3403537928616
1.1 253.8668145366725
1.2 254.4424786096545
1.3 255.072130449244
1.4 255.7610311150985
1.5 256.5150000453147
1.6 257.3404575773956
1.7 258.2444336163932
1.8 259.2348625589265
1.900000000000001 260.320349144709
2 261.5106754741962
2.100000000000001 262.8164346363924
2.200000000000001 264.2495704783003
2.300000000000001 265.8233492468925
2.400000000000001 267.5524827513611
2.500000000000001 269.45344369176
2.600000000000001 271.54458945571
2.700000000000001 273.8463833358322
2.800000000000001 276.3815935332196
2.900000000000001 279.1756165194017
3.000000000000001 282.2568327226749
3.100000000000001 285.6567087443507
3.200000000000002 289.4102549393266
3.300000000000002 293.5562124666569
3.400000000000002 298.1371338041909
3.500000000000002 303.1995358213699
3.600000000000002 308.7940832359265
3.700000000000002 314.9743203109107
3.800000000000002 321.7965396710134
3.900000000000002 329.3175765922956
4.000000000000002 337.5936259627393
4.100000000000001 346.6745931989773
4.200000000000001 356.6003066893176
4.300000000000001 367.3938041619714
4.4 379.0523451084203
4.5 391.5377841064401
4.6 404.7670659810996
4.699999999999999 418.6035419020077
4.799999999999999 432.8531113630926
4.899999999999999 447.2678733892724
4.999999999999998 461.5596292051025
5.099999999999998 475.4211538006383
5.199999999999998 488.5564707788832
5.299999999999997 500.7109624943463
5.399999999999997 511.6961073465353
5.499999999999996 521.4029236855484
5.599999999999996 529.8022872672582
5.699999999999996 536.9340816885311
5.799999999999995 542.8896121394654
5.899999999999995 547.7921614169735
5.999999999999995 551.7794566473882
6.099999999999994 554.9901434342901
6.199999999999994 557.5542785739135
6.299999999999994 559.5885601522364
6.399999999999993 561.1939889119304
6.499999999999993 562.4556509697858
6.599999999999993 563.4438261655027
6.699999999999992 564.215794545587
6.799999999999992 564.8176309749119
6.899999999999991 565.2860689859389
6.999999999999991 565.6502033631341
7.099999999999991 565.933014485534
7.19999999999999 566.152490038873
7.29999999999999 566.3227037050178
7.39999999999999 566.4546565708799
7.499999999999989 566.5569177989472
7.599999999999989 566.6361364142539
7.699999999999989 566.6974899509644
7.799999999999988 566.7450323716527
7.899999999999988 566.7818617764835
7.999999999999988 566.8103481157987
8.099999999999987 566.8323760619778
8.199999999999987 566.8494309466111
8.299999999999986 566.8626396859987
8.399999999999986 566.872863150948
8.499999999999986 566.8807562762036
8.599999999999985 566.8868662080918
8.699999999999985 566.8915844188443
8.799999999999985 566.8952797009152
8.899999999999984 566.898149814109
8.999999999999984 566.9004678052868
9.099999999999984 566.9021049477547
9.199999999999983 566.9034341495284
9.299999999999983 566.9044863866776
9.399999999999983 566.9052705404885
9.499999999999982 566.9058686992604
9.599999999999982 566.9063197332471
9.699999999999982 566.9066594398108
9.799999999999981 566.9069292528966
9.899999999999981 566.9071372623984
9.99999999999998 566.9073053662324
10.09999999999998 566.9074364420294
10.19999999999998 566.9075414336264
10.29999999999998 566.9076226190502
10.39999999999998 566.9076865592011
10.49999999999998 566.9077361336824
10.59999999999998 566.9077743888912
10.69999999999998 566.9078045587214
10.79999999999998 566.9078276170846
10.89999999999998 566.9078460204455
10.99999999999998 566.907860125324
11.09999999999998 566.9078713759726
11.19999999999998 566.9078800514798
11.29999999999998 566.9078869051202
11.39999999999998 566.9078922713235
11.49999999999998 566.9079001531846
11.59999999999997 566.9079071137389
11.69999999999997 566.9079131529863
11.79999999999997 566.9079182709268
11.89999999999997 566.9079224675602
11.99999999999997 566.9079257428867
12.09999999999997 566.9079280969064
12.19999999999997 566.9079295296191
12.29999999999997 566.9079300410249
12.39999999999997 566.9079296311238
12.49999999999997 566.9079282999156
12.59999999999997 566.9079260474007
12.69999999999997 566.90792449138
12.79999999999997 566.9079253370049
12.89999999999997 566.9079259490088
12.99999999999997 566.9079263273916
13.09999999999997 566.9079264721532
13.19999999999997 566.9079263832938
13.29999999999997 566.9079260608132
13.39999999999997 566.9079255047117
13.49999999999997 566.9079247149889
13.59999999999997 566.907923691645
13.69999999999997 566.9079224346801
13.79999999999997 566.9079209440941
13.89999999999997 566.9079192198869
13.99999999999997 566.9079184717598
14.09999999999997 566.9079180151716
14.19999999999997 566.9079175585836
14.29999999999997 566.9079171019954
14.39999999999996 566.9079166454073
14.49999999999996 566.9079161888192
14.59999999999996 566.9079157322311
14.69999999999996 566.9079152756429
14.79999999999996 566.9079148190549
14.89999999999996 566.9079143624667
14.99999999999996 566.9079139058786
15.09999999999996 566.9079134492905
15.19999999999996 566.9079130237769
15.29999999999996 566.9079130101059
15.39999999999996 566.9079129964348
15.49999999999996 566.9079129827638
15.59999999999996 566.9079129690928
15.69999999999996 566.9079129554218
15.79999999999996 566.9079129417507
15.89999999999996 566.9079129280797
15.99999999999996 566.9079129144087
16.09999999999996 566.9079129007376
16.19999999999996 566.9079128870667
16.29999999999996 566.9079128733956
16.39999999999996 566.9079128597245
16.49999999999996 566.9079128460536
16.59999999999997 566.9079128323825
16.69999999999997 566.9079128187115
16.79999999999997 566.9079128050405
16.89999999999997 566.9079127913694
16.99999999999997 566.9079127776985
17.09999999999997 566.9079127640274
17.19999999999997 566.9079127503563
17.29999999999998 566.9079127366854
17.39999999999998 566.9079127230143
17.49999999999998 566.9079127093432
17.59999999999998 566.9079126956723
17.69999999999998 566.9079126820012
17.79999999999998 566.9079126683303
17.89999999999998 566.9079126546592
17.99999999999999 566.9079126409881
18.09999999999999 566.9079126273172
18.19999999999999 566.9079126136461
18.29999999999999 566.9079125999751
18.39999999999999 566.9079125863041
18.49999999999999 566.907912572633
18.59999999999999 566.907912558962
18.7 566.907912545291
18.8 566.9079125316199
18.9 566.9079125179489
19 566.9079125042779
19.1 566.9079124906069
19.2 566.9079124769358
19.3 566.9079124632648
19.40000000000001 566.9079124495938
19.50000000000001 566.9079124359228
19.60000000000001 566.9079124222517
19.70000000000001 566.9079124085807
19.80000000000001 566.9079123949097
19.90000000000001 566.9079123812387
20.00000000000001 566.9079123675676
20.10000000000002 566.9079123538966
20.20000000000002 566.9079123402256
20.30000000000002 566.9079123265545
20.40000000000002 566.9079123128836
20.50000000000002 566.9079122992125
20.60000000000002 566.9079122855414
20.70000000000002 566.9079122718705
20.80000000000003 566.9079122581994
20.90000000000003 566.9079122445283
21.00000000000003 566.9079122308574
21.10000000000003 566.9079122171863
21.20000000000003 566.9079122035154
21.30000000000003 566.9079121898443
21.40000000000003 566.9079121761732
21.50000000000004 566.9079121625023
21.60000000000004 566.9079121488312
21.70000000000004 566.9079121351601
21.80000000000004 566.9079121214892
21.90000000000004 566.9079121078181
22.00000000000004 566.9079120941472
22.10000000000004 566.9079120804761
22.20000000000005 566.907912066805
22.30000000000005 566.9079120531341
22.40000000000005 566.907912039463
22.50000000000005 566.907912025792
22.60000000000005 566.907912012121
22.70000000000005 566.9079119984499
22.80000000000005 566.9079119847789
22.90000000000006 566.9079119711079
23.00000000000006 566.9079119574368
23.10000000000006 566.9079119437658
23.20000000000006 566.9079119300948
23.30000000000006 566.9079119164238
23.40000000000006 566.9079119027527
23.50000000000006 566.9079118890817
23.60000000000007 566.9079118754107
23.70000000000007 566.9079118617396
23.80000000000007 566.9079118480686
23.90000000000007 566.9079118343976
24.00000000000007 566.9079118207266
24.10000000000007 566.9079118070556
24.20000000000007 566.9079117933845
24.30000000000008 566.9079117797135
24.40000000000008 566.9079117660425
24.50000000000008 566.9079117523714
24.60000000000008 566.9079117387005
24.70000000000008 566.9079117250294
24.80000000000008 566.9079117113583
24.90000000000008 566.9079116976874
25.00000000000009 566.9079116840163
25.10000000000009 566.9079116703452
25.20000000000009 566.9079116566743
25.30000000000009 566.9079116430032
25.40000000000009 566.9079116293323
25.50000000000009 566.9079116156612
25.60000000000009 566.9079116019901
25.7000000000001 566.9079115883192
25.8000000000001 566.9079115746481
25.9000000000001 566.907911560977
26.0000000000001 566.9079115473061
26.1000000000001 566.907911533635
26.2000000000001 566.907911519964
26.3000000000001 566.907911506293
26.40000000000011 566.9079114926219
26.50000000000011 566.907911478951
26.60000000000011 566.9079114652799
26.70000000000011 566.9079114516088
26.80000000000011 566.9079114379379
26.90000000000011 566.9079114242668
27.00000000000011 566.9079114105958
27.10000000000012 566.9079113969248
27.20000000000012 566.9079113832537
27.30000000000012 566.9079113695827
27.40000000000012 566.9079113559117
27.50000000000012 566.9079113422407
27.60000000000012 566.9079113285696
27.70000000000012 566.9079113148986
27.80000000000013 566.9079113012276
27.90000000000013 566.9079112956774
28.00000000000013 566.907911295268
28.10000000000013 566.9079112948585
28.20000000000013 566.9079112944491
28.30000000000013 566.9079112940396
28.40000000000013 566.9079112936301
28.50000000000014 566.9079112932208
28.60000000000014 566.9079112928113
28.70000000000014 566.9079112924019
28.80000000000014 566.9079112919924
28.90000000000014 566.907911291583
29.00000000000014 566.9079112911735
29.10000000000014 566.9079112907641
29.20000000000014 566.9079112903546
29.30000000000015 566.9079112899452
29.40000000000015 566.9079112895357
29.50000000000015 566.9079112891262
29.60000000000015 566.9079112887168
29.70000000000015 566.9079112883073
29.80000000000015 566.9079112878979
29.90000000000015 566.9079112874884
30.00000000000016 566.9079112870791
30.10000000000016 566.9079112866696
30.20000000000016 566.9079112862602
30.30000000000016 566.9079112858507
30.40000000000016 566.9079112854413
30.50000000000016 566.9079112850318
30.60000000000016 566.9079112846223
30.70000000000017 566.9079112842129
30.80000000000017 566.9079112838034
30.90000000000017 566.907911283394
31.00000000000017 566.9079112829845
31.10000000000017 566.9079112825751
31.20000000000017 566.9079112821656
31.30000000000017 566.9079112817562
31.40000000000018 566.9079112813467
31.50000000000018 566.9079112809374
31.60000000000018 566.9079112805279
31.70000000000018 566.9079112801184
31.80000000000018 566.907911279709
31.90000000000018 566.9079112792995
32.00000000000018 566.9079112788901
32.10000000000019 566.9079112784806
32.20000000000019 566.9079112780712
32.30000000000019 566.9079112776617
32.40000000000019 566.9079112772523
32.50000000000019 566.9079112768428
32.60000000000019 566.9079112764334
32.70000000000019 566.9079112760239
32.8000000000002 566.9079112756144
32.9000000000002 566.907911275205
33.0000000000002 566.9079112747955
33.1000000000002 566.9079112743862
33.2000000000002 566.9079112739767
33.3000000000002 566.9079112735673
33.4000000000002 566.9079112731578
33.50000000000021 566.9079112727484
33.60000000000021 566.9079112723389
33.70000000000021 566.9079112719294
33.80000000000021 566.90791127152
33.90000000000021 566.9079112711105
34.00000000000021 566.9079112707011
34.10000000000021 566.9079112702916
34.20000000000022 566.9079112698822
34.30000000000022 566.9079112694727
34.40000000000022 566.9079112690633
34.50000000000022 566.9079112686538
34.60000000000022 566.9079112682444
34.70000000000022 566.9079112678349
34.80000000000022 566.9079112674254
34.90000000000023 566.9079112670161
35.00000000000023 566.9079112666066
35.10000000000023 566.9079112661972
35.20000000000023 566.9079112657877
35.30000000000023 566.9079112653783
35.40000000000023 566.9079112649688
35.50000000000023 566.9079112645594
35.60000000000024 566.9079112641499
35.70000000000024 566.9079112637405
35.80000000000024 566.907911263331
35.90000000000024 566.9079112629215
36.00000000000024 566.9079112625121
36.10000000000024 566.9079112621026
36.20000000000024 566.9079112616932
36.30000000000025 566.9079112612837
36.40000000000025 566.9079112608744
36.50000000000025 566.9079112604649
36.60000000000025 566.9079112600555
36.70000000000025 566.907911259646
36.80000000000025 566.9079112592366
36.90000000000025 566.9079112588271
37.00000000000026 566.9079112584176
37.10000000000026 566.9079112580082
37.20000000000026 566.9079112575987
37.30000000000026 566.9079112571893
37.40000000000026 566.9079112567798
37.50000000000026 566.9079112563704
37.60000000000026 566.9079112559609
37.70000000000027 566.9079112555515
37.80000000000027 566.907911255142
37.90000000000027 566.9079112547327
38.00000000000027 566.9079112543232
38.10000000000027 566.9079112539137
38.20000000000027 566.9079112535043
38.30000000000027 566.9079112530948
38.40000000000028 566.9079112526854
38.50000000000028 566.9079112522759
38.60000000000028 566.9079112518665
38.70000000000028 566.907911251457
38.80000000000028 566.9079112510476
38.90000000000028 566.9079112506381
39.00000000000028 566.9079112502287
39.10000000000029 566.9079112498192
39.20000000000029 566.9079112494097
39.30000000000029 566.9079112490003
39.40000000000029 566.9079112485908
39.50000000000029 566.9079112481814
39.60000000000029 566.9079112477719
39.70000000000029 566.9079112473626
39.8000000000003 566.9079112469531
39.9000000000003 566.9079112465437
40.0000000000003 566.9079112461342
40.1000000000003 566.9079112457248
40.2000000000003 566.9079112453153
40.3000000000003 566.9079112449058
40.4000000000003 566.9079112444964
40.50000000000031 566.90791124415
40.60000000000031 566.9079112441487
40.70000000000031 566.9079112441475
40.80000000000031 566.9079112441462
40.90000000000031 566.907911244145
41.00000000000031 566.9079112441437
41.10000000000031 566.9079112441424
41.20000000000032 566.9079112441411
41.30000000000032 566.9079112441399
41.40000000000032 566.9079112441386
41.50000000000032 566.9079112441374
41.60000000000032 566.9079112441361
41.70000000000032 566.9079112441349
41.80000000000032 566.9079112441336
41.90000000000033 566.9079112441324
42.00000000000033 566.9079112441311
42.10000000000033 566.9079112441299
42.20000000000033 566.9079112441286
42.30000000000033 566.9079112441273
42.40000000000033 566.907911244126
42.50000000000033 566.9079112441248
42.60000000000034 566.9079112441235
42.70000000000034 566.9079112441223
42.80000000000034 566.907911244121
42.90000000000034 566.9079112441198
43.00000000000034 566.9079112441185
43.10000000000034 566.9079112441173
43.20000000000034 566.907911244116
43.30000000000035 566.9079112441148
43.40000000000035 566.9079112441134
43.50000000000035 566.9079112441121
43.60000000000035 566.9079112441109
43.70000000000035 566.9079112441096
43.80000000000035 566.9079112441084
43.90000000000035 566.9079112441071
44.00000000000036 566.9079112441059
44.10000000000036 566.9079112441046
44.20000000000036 566.9079112441034
44.30000000000036 566.9079112441021
44.40000000000036 566.9079112441009
44.50000000000036 566.9079112440996
44.60000000000036 566.9079112440983
44.70000000000037 566.907911244097
44.80000000000037 566.9079112440958
44.90000000000037 566.9079112440945
45.00000000000037 566.9079112440933
45.10000000000037 566.907911244092
45.20000000000037 566.9079112440908
45.30000000000037 566.9079112440895
45.40000000000038 566.9079112440883
45.50000000000038 566.907911244087
45.60000000000038 566.9079112440858
45.70000000000038 566.9079112440844
45.80000000000038 566.9079112440832
45.90000000000038 566.9079112440819
46.00000000000038 566.9079112440807
46.10000000000039 566.9079112440794
46.20000000000039 566.9079112440782
46.30000000000039 566.9079112440769
46.40000000000039 566.9079112440756
46.50000000000039 566.9079112440744
46.60000000000039 566.9079112440731
46.70000000000039 566.9079112440719
46.8000000000004 566.9079112440706
46.9000000000004 566.9079112440693
47.0000000000004 566.907911244068
47.1000000000004 566.9079112440668
47.2000000000004 566.9079112440655
47.3000000000004 566.9079112440643
47.4000000000004 566.907911244063
47.50000000000041 566.9079112440618
47.60000000000041 566.9079112440605
47.70000000000041 566.9079112440593
47.80000000000041 566.907911244058
47.90000000000041 566.9079112440568
48.00000000000041 566.9079112440554
48.10000000000041 566.9079112440542
48.20000000000041 566.9079112440529
48.30000000000042 566.9079112440517
48.40000000000042 566.9079112440504
48.50000000000042 566.9079112440492
48.60000000000042 566.9079112440479
48.70000000000042 566.9079112440467
48.80000000000042 566.9079112440454
48.90000000000042 566.9079112440442
49.00000000000043 566.9079112440429
49.10000000000043 566.9079112440415
49.20000000000043 566.9079112440403
49.30000000000043 566.907911244039
49.40000000000043 566.9079112440378
49.50000000000043 566.9079112440365
49.60000000000043 566.9079112440353
49.70000000000044 566.907911244034
49.80000000000044 566.9079112440328
49.90000000000044 566.9079112440315