Time X1
0 250
0.1 250.4908231554802
0.2 251.0283472940607
0.3 251.6168752114509
0.4 252.2619235093405
0.5 252.9690376906199
0.6 253.744439119607
0.7 254.5949969814038
0.7999999999999999 255.528349124625
0.8999999999999999 256.5530065513476
0.9999999999999999 257.6784976974633
1.1 258.9153895663289
1.2 260.2754779445438
1.3 261.7718823322819
1.4 263.419275963017
1.5 265.2340632472694
1.6 267.2347380190709
1.7 269.4418120642168
1.8 271.8784963562143
1.900000000000001 274.5707332447961
2 277.5476753869834
2.100000000000001 280.8421310580255
2.200000000000001 284.4908031279736
2.300000000000001 288.5346953888748
2.400000000000001 293.0195260135233
2.500000000000001 297.9960751154306
2.600000000000001 303.5201923457454
2.700000000000001 309.6528409534069
2.800000000000001 316.4595466018121
2.900000000000001 324.0091756535601
3.000000000000001 332.3720234237138
3.100000000000001 341.6158132306396
3.200000000000002 351.8017755117215
3.300000000000002 362.9758836828684
3.400000000000002 375.1600822898986
3.500000000000002 388.3397920349447
3.600000000000002 402.4502450421252
3.700000000000002 417.3635764771105
3.800000000000002 432.878676152285
3.900000000000002 448.7196137970133
4.000000000000002 464.5491871472054
4.100000000000001 479.992610373122
4.200000000000001 494.6764251084684
4.300000000000001 508.2708390305474
4.4 520.5265954979046
4.5 531.2969846821825
4.6 540.54055157023
4.699999999999999 548.306693628952
4.799999999999999 554.7115133506171
4.899999999999999 559.91084265116
4.999999999999998 564.0764931029637
5.099999999999998 567.3783338412121
5.199999999999998 569.9727822446545
5.299999999999997 571.9974230423186
5.399999999999997 573.5689030033037
5.499999999999996 574.7834989678776
5.599999999999996 575.7191893664942
5.699999999999996 576.4381976445051
5.799999999999995 576.9896137019875
5.899999999999995 577.4118481509478
5.999999999999995 577.7348099440828
6.099999999999994 577.9816169359743
6.199999999999994 578.1700919600496
6.299999999999994 578.3139490081983
6.399999999999993 578.4237106321431
6.499999999999993 578.5074245831626
6.599999999999993 578.5712545009334
6.699999999999992 578.6199612947391
6.799999999999992 578.6570807654514
6.899999999999991 578.6853575730294
6.999999999999991 578.7068769921576
7.099999999999991 578.7233111364214
7.19999999999999 578.7358026061175
7.29999999999999 578.7453223617067
7.39999999999999 578.7525640460443
7.499999999999989 578.75807803236
7.599999999999989 578.7623088662797
7.699999999999989 578.7655583703072
7.799999999999988 578.7681441608771
7.899999999999988 578.7699339719892
7.999999999999988 578.7713699660621
8.099999999999987 578.7724878459757
8.199999999999987 578.7733032565495
8.299999999999986 578.7739198482018
8.399999999999986 578.7743697440778
8.499999999999986 578.7747135988832
8.599999999999985 578.7749773877406
8.699999999999985 578.7751829445377
8.799999999999985 578.7753440208037
8.899999999999984 578.7754691670311
8.999999999999984 578.7755666341469
9.099999999999984 578.7756408758675
9.199999999999983 578.7756985286385
9.299999999999983 578.7757418442701
9.399999999999983 578.7757756819915
9.499999999999982 578.7758011168087
9.599999999999982 578.7758211022679
9.699999999999982 578.7758362024797
9.799999999999981 578.7758480738655
9.899999999999981 578.7758570606667
9.99999999999998 578.7758641012142
10.09999999999998 578.7758707245317
10.19999999999998 578.7758789095012
10.29999999999998 578.7758860345797
10.39999999999998 578.7758920997671
10.49999999999998 578.7758971050636
10.59999999999998 578.7759010504689
10.69999999999998 578.7759039359831
10.79999999999998 578.7759057616064
10.89999999999998 578.7759065273385
10.99999999999998 578.7759062331796
11.09999999999998 578.7759048791296
11.19999999999998 578.7759024651886
11.29999999999998 578.7759009519921
11.39999999999998 578.7759018448094
11.49999999999998 578.7759024687967
11.59999999999997 578.7759028239542
11.69999999999997 578.7759029102817
11.79999999999997 578.7759027277792
11.89999999999997 578.7759022764468
11.99999999999997 578.7759015562845
12.09999999999997 578.7759005672922
12.19999999999997 578.7758993094699
12.29999999999997 578.7758977828177
12.39999999999997 578.7758959873355
12.49999999999997 578.7758948373853
12.59999999999997 578.7758943421893
12.69999999999997 578.7758938469933
12.79999999999997 578.7758933517974
12.89999999999997 578.7758928566014
12.99999999999997 578.7758923614055
13.09999999999997 578.7758918662095
13.19999999999997 578.7758913710135
13.29999999999997 578.7758908758175
13.39999999999997 578.7758903806215
13.49999999999997 578.7758898854256
13.59999999999997 578.7758893902296
13.69999999999997 578.7758891702427
13.79999999999997 578.7758891554111
13.89999999999997 578.7758891405795
13.99999999999997 578.7758891257479
14.09999999999997 578.7758891109162
14.19999999999997 578.7758890960846
14.29999999999997 578.7758890812529
14.39999999999996 578.7758890664213
14.49999999999996 578.7758890515896
14.59999999999996 578.775889036758
14.69999999999996 578.7758890219264
14.79999999999996 578.7758890070947
14.89999999999996 578.7758889922632
14.99999999999996 578.7758889774315
15.09999999999996 578.7758889625999
15.19999999999996 578.7758889477682
15.29999999999996 578.7758889329366
15.39999999999996 578.775888918105
15.49999999999996 578.7758889032733
15.59999999999996 578.7758888884417
15.69999999999996 578.77588887361
15.79999999999996 578.7758888587784
15.89999999999996 578.7758888439469
15.99999999999996 578.7758888291152
16.09999999999996 578.7758888142836
16.19999999999996 578.7758887994519
16.29999999999996 578.7758887846203
16.39999999999996 578.7758887697886
16.49999999999996 578.775888754957
16.59999999999997 578.7758887401254
16.69999999999997 578.7758887252937
16.79999999999997 578.7758887104621
16.89999999999997 578.7758886956304
16.99999999999997 578.7758886807989
17.09999999999997 578.7758886659672
17.19999999999997 578.7758886511356
17.29999999999998 578.775888636304
17.39999999999998 578.7758886214723
17.49999999999998 578.7758886066407
17.59999999999998 578.775888591809
17.69999999999998 578.7758885769774
17.79999999999998 578.7758885621458
17.89999999999998 578.7758885473141
17.99999999999999 578.7758885324826
18.09999999999999 578.7758885176509
18.19999999999999 578.7758885028193
18.29999999999999 578.7758884879876
18.39999999999999 578.775888473156
18.49999999999999 578.7758884583244
18.59999999999999 578.7758884434927
18.7 578.7758884286611
18.8 578.7758884138294
18.9 578.7758883989978
19 578.7758883841661
19.1 578.7758883693346
19.2 578.775888354503
19.3 578.7758883396713
19.40000000000001 578.7758883248397
19.50000000000001 578.775888310008
19.60000000000001 578.7758882951764
19.70000000000001 578.7758882803448
19.80000000000001 578.7758882655131
19.90000000000001 578.7758882506815
20.00000000000001 578.7758882358498
20.10000000000002 578.7758882210182
20.20000000000002 578.7758882061866
20.30000000000002 578.775888191355
20.40000000000002 578.7758881765234
20.50000000000002 578.7758881616917
20.60000000000002 578.7758881468601
20.70000000000002 578.7758881320284
20.80000000000003 578.7758881171968
20.90000000000003 578.7758881023651
21.00000000000003 578.7758880875335
21.10000000000003 578.7758880727019
21.20000000000003 578.7758880578702
21.30000000000003 578.7758880430387
21.40000000000003 578.775888028207
21.50000000000004 578.7758880133754
21.60000000000004 578.7758879985438
21.70000000000004 578.7758879837121
21.80000000000004 578.7758879688805
21.90000000000004 578.7758879540488
22.00000000000004 578.7758879392172
22.10000000000004 578.7758879243855
22.20000000000005 578.7758879095539
22.30000000000005 578.7758878947224
22.40000000000005 578.7758878798907
22.50000000000005 578.7758878650591
22.60000000000005 578.7758878502274
22.70000000000005 578.7758878353958
22.80000000000005 578.7758878205641
22.90000000000006 578.7758878057325
23.00000000000006 578.7758877909009
23.10000000000006 578.7758877760692
23.20000000000006 578.7758877612376
23.30000000000006 578.7758877464059
23.40000000000006 578.7758877315744
23.50000000000006 578.7758877167427
23.60000000000007 578.7758877019111
23.70000000000007 578.7758876870795
23.80000000000007 578.7758876722478
23.90000000000007 578.7758876574162
24.00000000000007 578.7758876425845
24.10000000000007 578.7758876277529
24.20000000000007 578.7758876129213
24.30000000000008 578.7758875980896
24.40000000000008 578.7758875832581
24.50000000000008 578.7758875684264
24.60000000000008 578.7758875535948
24.70000000000008 578.7758875387631
24.80000000000008 578.7758875239315
24.90000000000008 578.7758875090999
25.00000000000009 578.7758874942682
25.10000000000009 578.7758874794366
25.20000000000009 578.7758874646049
25.30000000000009 578.7758874497733
25.40000000000009 578.7758874349416
25.50000000000009 578.7758874201101
25.60000000000009 578.7758874113971
25.7000000000001 578.7758874109528
25.8000000000001 578.7758874105085
25.9000000000001 578.7758874100642
26.0000000000001 578.7758874096198
26.1000000000001 578.7758874091755
26.2000000000001 578.7758874087313
26.3000000000001 578.7758874082868
26.40000000000011 578.7758874078426
26.50000000000011 578.7758874073983
26.60000000000011 578.775887406954
26.70000000000011 578.7758874065096
26.80000000000011 578.7758874060653
26.90000000000011 578.775887405621
27.00000000000011 578.7758874051766
27.10000000000012 578.7758874047323
27.20000000000012 578.775887404288
27.30000000000012 578.7758874038437
27.40000000000012 578.7758874033993
27.50000000000012 578.775887402955
27.60000000000012 578.7758874025108
27.70000000000012 578.7758874020665
27.80000000000013 578.7758874016221
27.90000000000013 578.7758874011778
28.00000000000013 578.7758874007335
28.10000000000013 578.7758874002891
28.20000000000013 578.7758873998448
28.30000000000013 578.7758873994005
28.40000000000013 578.7758873989562
28.50000000000014 578.7758873985118
28.60000000000014 578.7758873980675
28.70000000000014 578.7758873976233
28.80000000000014 578.7758873971788
28.90000000000014 578.7758873967346
29.00000000000014 578.7758873962903
29.10000000000014 578.775887395846
29.20000000000014 578.7758873954016
29.30000000000015 578.7758873949573
29.40000000000015 578.775887394513
29.50000000000015 578.7758873940686
29.60000000000015 578.7758873936243
29.70000000000015 578.77588739318
29.80000000000015 578.7758873927357
29.90000000000015 578.7758873922913
30.00000000000016 578.775887391847
30.10000000000016 578.7758873914028
30.20000000000016 578.7758873909584
30.30000000000016 578.7758873905141
30.40000000000016 578.7758873900698
30.50000000000016 578.7758873896255
30.60000000000016 578.7758873891811
30.70000000000017 578.7758873887368
30.80000000000017 578.7758873882925
30.90000000000017 578.7758873878481
31.00000000000017 578.7758873874038
31.10000000000017 578.7758873869595
31.20000000000017 578.7758873865153
31.30000000000017 578.7758873860708
31.40000000000018 578.7758873856266
31.50000000000018 578.7758873851823
31.60000000000018 578.7758873847379
31.70000000000018 578.7758873842936
31.80000000000018 578.7758873838493
31.90000000000018 578.775887383405
32.00000000000018 578.7758873829606
32.10000000000019 578.7758873825163
32.20000000000019 578.775887382072
32.30000000000019 578.7758873816277
32.40000000000019 578.7758873811833
32.50000000000019 578.7758873807391
32.60000000000019 578.7758873802948
32.70000000000019 578.7758873798504
32.8000000000002 578.7758873794061
32.9000000000002 578.7758873789618
33.0000000000002 578.7758873785175
33.1000000000002 578.7758873780731
33.2000000000002 578.7758873776288
33.3000000000002 578.7758873771845
33.4000000000002 578.7758873767401
33.50000000000021 578.7758873762958
33.60000000000021 578.7758873758515
33.70000000000021 578.7758873754073
33.80000000000021 578.7758873749628
33.90000000000021 578.7758873745186
34.00000000000021 578.7758873740743
34.10000000000021 578.7758873736299
34.20000000000022 578.7758873731856
34.30000000000022 578.7758873727413
34.40000000000022 578.775887372297
34.50000000000022 578.7758873718526
34.60000000000022 578.7758873714083
34.70000000000022 578.775887370964
34.80000000000022 578.7758873705196
34.90000000000023 578.7758873700753
35.00000000000023 578.7758873696311
35.10000000000023 578.7758873691868
35.20000000000023 578.7758873687424
35.30000000000023 578.7758873682981
35.40000000000023 578.7758873678538
35.50000000000023 578.7758873674094
35.60000000000024 578.7758873669651
35.70000000000024 578.7758873665208
35.80000000000024 578.7758873660765
35.90000000000024 578.7758873656321
36.00000000000024 578.7758873651878
36.10000000000024 578.7758873647435
36.20000000000024 578.7758873642991
36.30000000000025 578.7758873638548
36.40000000000025 578.7758873634106
36.50000000000025 578.7758873629663
36.60000000000025 578.7758873625219
36.70000000000025 578.7758873620776
36.80000000000025 578.7758873616333
36.90000000000025 578.775887361189
37.00000000000026 578.7758873607446
37.10000000000026 578.7758873603003
37.20000000000026 578.775887359856
37.30000000000026 578.7758873594116
37.40000000000026 578.7758873589673
37.50000000000026 578.7758873586459
37.60000000000026 578.7758873586446
37.70000000000027 578.7758873586432
37.80000000000027 578.7758873586419
37.90000000000027 578.7758873586405
38.00000000000027 578.7758873586391
38.10000000000027 578.7758873586378
38.20000000000027 578.7758873586364
38.30000000000027 578.775887358635
38.40000000000028 578.7758873586337
38.50000000000028 578.7758873586323
38.60000000000028 578.7758873586309
38.70000000000028 578.7758873586296
38.80000000000028 578.7758873586282
38.90000000000028 578.7758873586268
39.00000000000028 578.7758873586255
39.10000000000029 578.7758873586241
39.20000000000029 578.7758873586228
39.30000000000029 578.7758873586214
39.40000000000029 578.77588735862
39.50000000000029 578.7758873586187
39.60000000000029 578.7758873586172
39.70000000000029 578.7758873586158
39.8000000000003 578.7758873586145
39.9000000000003 578.7758873586131
40.0000000000003 578.7758873586117
40.1000000000003 578.7758873586104
40.2000000000003 578.775887358609
40.3000000000003 578.7758873586076
40.4000000000003 578.7758873586063
40.50000000000031 578.7758873586049
40.60000000000031 578.7758873586035
40.70000000000031 578.7758873586022
40.80000000000031 578.7758873586008
40.90000000000031 578.7758873585994
41.00000000000031 578.7758873585981
41.10000000000031 578.7758873585967
41.20000000000032 578.7758873585954
41.30000000000032 578.775887358594
41.40000000000032 578.7758873585926
41.50000000000032 578.7758873585913
41.60000000000032 578.7758873585899
41.70000000000032 578.7758873585885
41.80000000000032 578.7758873585872
41.90000000000033 578.7758873585858
42.00000000000033 578.7758873585844
42.10000000000033 578.7758873585831
42.20000000000033 578.7758873585817
42.30000000000033 578.7758873585803
42.40000000000033 578.775887358579
42.50000000000033 578.7758873585776
42.60000000000034 578.7758873585761
42.70000000000034 578.7758873585748
42.80000000000034 578.7758873585734
42.90000000000034 578.775887358572
43.00000000000034 578.7758873585707
43.10000000000034 578.7758873585693
43.20000000000034 578.775887358568
43.30000000000035 578.7758873585666
43.40000000000035 578.7758873585652
43.50000000000035 578.7758873585639
43.60000000000035 578.7758873585625
43.70000000000035 578.7758873585611
43.80000000000035 578.7758873585598
43.90000000000035 578.7758873585584
44.00000000000036 578.775887358557
44.10000000000036 578.7758873585557
44.20000000000036 578.7758873585543
44.30000000000036 578.7758873585529
44.40000000000036 578.7758873585516
44.50000000000036 578.7758873585502
44.60000000000036 578.7758873585489
44.70000000000037 578.7758873585475
44.80000000000037 578.7758873585461
44.90000000000037 578.7758873585448
45.00000000000037 578.7758873585434
45.10000000000037 578.775887358542
45.20000000000037 578.7758873585407
45.30000000000037 578.7758873585393
45.40000000000038 578.7758873585379
45.50000000000038 578.7758873585365
45.60000000000038 578.7758873585351
45.70000000000038 578.7758873585337
45.80000000000038 578.7758873585324
45.90000000000038 578.775887358531
46.00000000000038 578.7758873585296
46.10000000000039 578.7758873585283
46.20000000000039 578.7758873585269
46.30000000000039 578.7758873585256
46.40000000000039 578.7758873585242
46.50000000000039 578.7758873585228
46.60000000000039 578.7758873585215
46.70000000000039 578.7758873585201
46.8000000000004 578.7758873585187
46.9000000000004 578.7758873585174
47.0000000000004 578.775887358516
47.1000000000004 578.7758873585146
47.2000000000004 578.7758873585133
47.3000000000004 578.7758873585119
47.4000000000004 578.7758873585105
47.50000000000041 578.7758873585092
47.60000000000041 578.7758873585078
47.70000000000041 578.7758873585065
47.80000000000041 578.7758873585051
47.90000000000041 578.7758873585037
48.00000000000041 578.7758873585024
48.10000000000041 578.775887358501
48.20000000000041 578.7758873584996
48.30000000000042 578.7758873584983
48.40000000000042 578.7758873584968
48.50000000000042 578.7758873584954
48.60000000000042 578.7758873584941
48.70000000000042 578.7758873584927
48.80000000000042 578.7758873584913
48.90000000000042 578.77588735849
49.00000000000043 578.7758873584886
49.10000000000043 578.7758873584872
49.20000000000043 578.7758873584859
49.30000000000043 578.7758873584845
49.40000000000043 578.7758873584831
49.50000000000043 578.7758873584818
49.60000000000043 578.7758873584804
49.70000000000044 578.7758873584791
49.80000000000044 578.7758873584777
49.90000000000044 578.7758873584763