Time X1
0 250
0.1 250.2180999140249
0.2 250.4561076022013
0.3 250.7160623875457
0.4 250.9996143610265
0.5 251.3093595990118
0.6 251.6477141871189
0.7 252.0172956419964
0.7999999999999999 252.4211697599066
0.8999999999999999 252.8623397622906
0.9999999999999999 253.3445741115058
1.1 253.8717092439485
1.2 254.4481135006894
1.3 255.078578047333
1.4 255.7683714848643
1.5 256.5233219796409
1.6 257.349858687885
1.7 258.2550226109173
1.8 259.2467597148248
1.900000000000001 260.3336880092245
2 261.5256044428381
2.100000000000001 262.8331179678237
2.200000000000001 264.2681925685188
2.300000000000001 265.8441143145022
2.400000000000001 267.5756190689139
2.500000000000001 269.4792062011015
2.600000000000001 271.5732629052453
2.700000000000001 273.878285586348
2.800000000000001 276.4170790451319
2.900000000000001 279.215082494448
3.000000000000001 282.3007214172976
3.100000000000001 285.7055128339574
3.200000000000002 289.4645223460454
3.300000000000002 293.6165498314471
3.400000000000002 298.204206701513
3.500000000000002 303.2740741304709
3.600000000000002 308.876875247026
3.700000000000002 315.0662015145024
3.800000000000002 321.8983775477705
3.900000000000002 329.4302501042186
4.000000000000002 337.7179728650714
4.100000000000001 346.81134708975
4.200000000000001 356.7500217996375
4.300000000000001 367.5567266372649
4.4 379.2282943569488
4.5 391.7259899452003
4.6 404.9660261048475
4.699999999999999 418.8109292086899
4.799999999999999 433.0657199238527
4.899999999999999 447.4817822650497
4.999999999999998 461.7704049620917
5.099999999999998 475.6242640897525
5.199999999999998 488.7477329268015
5.299999999999997 500.8869718244433
5.399999999999997 511.8545371643708
5.499999999999996 521.5426393974165
5.599999999999996 529.923273898764
5.699999999999996 537.0372332655023
5.799999999999995 542.9764560757931
5.899999999999995 547.8645809297942
5.999999999999995 551.839455830456
6.099999999999994 555.03968070267
6.199999999999994 557.5951483903491
6.299999999999994 559.622353414091
6.399999999999993 561.2220684621334
6.499999999999993 562.4791565858961
6.599999999999993 563.4636960098793
6.699999999999992 564.232788611455
6.799999999999992 564.8323601912039
6.899999999999991 565.2990203840226
6.999999999999991 565.661762772897
7.099999999999991 565.9434862024634
7.19999999999999 566.1621134605521
7.29999999999999 566.3316660209305
7.39999999999999 566.4631035477519
7.499999999999989 566.5649642180642
7.599999999999989 566.6438715984694
7.699999999999989 566.7049829967385
7.799999999999988 566.752338188594
7.899999999999988 566.789020458066
7.999999999999988 566.8173936050209
8.099999999999987 566.8393329733206
8.199999999999987 566.8563196141093
8.299999999999986 566.8694754133697
8.399999999999986 566.8796576223604
8.499999999999986 566.8875184880666
8.599999999999985 566.8936037895098
8.699999999999985 566.8983028255201
8.799999999999985 566.9019840427078
8.899999999999984 566.9048423510836
8.999999999999984 566.9071486200791
9.099999999999984 566.9087808655397
9.199999999999983 566.9101054012032
9.299999999999983 566.9111532697891
9.399999999999983 566.9119334311956
9.499999999999982 566.9125292129779
9.599999999999982 566.9129778227311
9.699999999999982 566.9133163723559
9.799999999999981 566.9135850444418
9.899999999999981 566.9137922882915
9.99999999999998 566.9139597622733
10.09999999999998 566.9140903199133
10.19999999999998 566.9141949176488
10.29999999999998 566.9142757423162
10.39999999999998 566.9143394465024
10.49999999999998 566.9143887804391
10.59999999999998 566.9144269021201
10.69999999999998 566.9144569365383
10.79999999999998 566.9144799046189
10.89999999999998 566.9144982320501
10.99999999999998 566.9145122770468
11.09999999999998 566.9145234839717
11.19999999999998 566.9145321200685
11.29999999999998 566.9145389482812
11.39999999999998 566.9145443567786
11.49999999999998 566.9145522238063
11.59999999999997 566.9145591692229
11.69999999999997 566.9145651930287
11.79999999999997 566.9145702952235
11.89999999999997 566.9145744758075
11.99999999999997 566.9145777347804
12.09999999999997 566.9145800721426
12.19999999999997 566.9145814878937
12.29999999999997 566.914581982034
12.39999999999997 566.9145815545633
12.49999999999997 566.9145802054817
12.59999999999997 566.9145779347891
12.69999999999997 566.9145764507567
12.79999999999997 566.9145772920863
12.89999999999997 566.9145778997037
12.99999999999997 566.9145782736091
13.09999999999997 566.9145784138026
13.19999999999997 566.9145783202839
13.29999999999997 566.9145779930533
13.39999999999997 566.9145774321106
13.49999999999997 566.914576637456
13.59999999999997 566.9145756090892
13.69999999999997 566.9145743470104
13.79999999999997 566.9145728512198
13.89999999999997 566.9145711217169
13.99999999999997 566.9145704030472
14.09999999999997 566.9145699462982
14.19999999999997 566.9145694895493
14.29999999999997 566.9145690328004
14.39999999999996 566.9145685760515
14.49999999999996 566.9145681193025
14.59999999999996 566.9145676625536
14.69999999999996 566.9145672058047
14.79999999999996 566.9145667490558
14.89999999999996 566.9145662923069
14.99999999999996 566.9145658355579
15.09999999999996 566.914565378809
15.19999999999996 566.9145649631323
15.29999999999996 566.9145649494554
15.39999999999996 566.9145649357786
15.49999999999996 566.9145649221017
15.59999999999996 566.9145649084248
15.69999999999996 566.914564894748
15.79999999999996 566.9145648810712
15.89999999999996 566.9145648673943
15.99999999999996 566.9145648537175
16.09999999999996 566.9145648400406
16.19999999999996 566.9145648263637
16.29999999999996 566.9145648126869
16.39999999999996 566.91456479901
16.49999999999996 566.9145647853333
16.59999999999997 566.9145647716564
16.69999999999997 566.9145647579795
16.79999999999997 566.9145647443027
16.89999999999997 566.9145647306258
16.99999999999997 566.9145647169489
17.09999999999997 566.9145647032722
17.19999999999997 566.9145646895953
17.29999999999998 566.9145646759184
17.39999999999998 566.9145646622416
17.49999999999998 566.9145646485647
17.59999999999998 566.9145646348878
17.69999999999998 566.914564621211
17.79999999999998 566.9145646075342
17.89999999999998 566.9145645938573
17.99999999999999 566.9145645801805
18.09999999999999 566.9145645665036
18.19999999999999 566.9145645528267
18.29999999999999 566.9145645391499
18.39999999999999 566.9145645254731
18.49999999999999 566.9145645117962
18.59999999999999 566.9145644981194
18.7 566.9145644844425
18.8 566.9145644707656
18.9 566.9145644570888
19 566.9145644434119
19.1 566.9145644297352
19.2 566.9145644160583
19.3 566.9145644023814
19.40000000000001 566.9145643887045
19.50000000000001 566.9145643750277
19.60000000000001 566.9145643613508
19.70000000000001 566.9145643476741
19.80000000000001 566.9145643339972
19.90000000000001 566.9145643203203
20.00000000000001 566.9145643066435
20.10000000000002 566.9145642929666
20.20000000000002 566.9145642792897
20.30000000000002 566.9145642656129
20.40000000000002 566.9145642519361
20.50000000000002 566.9145642382592
20.60000000000002 566.9145642245824
20.70000000000002 566.9145642109055
20.80000000000003 566.9145641972286
20.90000000000003 566.9145641835518
21.00000000000003 566.914564169875
21.10000000000003 566.9145641561981
21.20000000000003 566.9145641425213
21.30000000000003 566.9145641288444
21.40000000000003 566.9145641151675
21.50000000000004 566.9145641014907
21.60000000000004 566.9145640878138
21.70000000000004 566.914564074137
21.80000000000004 566.9145640604602
21.90000000000004 566.9145640467833
22.00000000000004 566.9145640331064
22.10000000000004 566.9145640194296
22.20000000000005 566.9145640057527
22.30000000000005 566.914563992076
22.40000000000005 566.9145639783991
22.50000000000005 566.9145639647222
22.60000000000005 566.9145639510454
22.70000000000005 566.9145639373685
22.80000000000005 566.9145639236916
22.90000000000006 566.9145639100147
23.00000000000006 566.914563896338
23.10000000000006 566.9145638826611
23.20000000000006 566.9145638689843
23.30000000000006 566.9145638553074
23.40000000000006 566.9145638416305
23.50000000000006 566.9145638279537
23.60000000000007 566.9145638142769
23.70000000000007 566.9145638006
23.80000000000007 566.9145637869232
23.90000000000007 566.9145637732463
24.00000000000007 566.9145637595694
24.10000000000007 566.9145637458926
24.20000000000007 566.9145637322157
24.30000000000008 566.9145637185389
24.40000000000008 566.9145637048621
24.50000000000008 566.9145636911852
24.60000000000008 566.9145636775083
24.70000000000008 566.9145636638315
24.80000000000008 566.9145636501546
24.90000000000008 566.9145636364779
25.00000000000009 566.914563622801
25.10000000000009 566.9145636091241
25.20000000000009 566.9145635954472
25.30000000000009 566.9145635817704
25.40000000000009 566.9145635680935
25.50000000000009 566.9145635544166
25.60000000000009 566.9145635407399
25.7000000000001 566.914563527063
25.8000000000001 566.9145635133862
25.9000000000001 566.9145634997093
26.0000000000001 566.9145634860324
26.1000000000001 566.9145634723556
26.2000000000001 566.9145634586788
26.3000000000001 566.9145634450019
26.40000000000011 566.9145634313251
26.50000000000011 566.9145634176482
26.60000000000011 566.9145634039713
26.70000000000011 566.9145633902945
26.80000000000011 566.9145633766176
26.90000000000011 566.9145633629408
27.00000000000011 566.914563349264
27.10000000000012 566.9145633355871
27.20000000000012 566.9145633219102
27.30000000000012 566.9145633082334
27.40000000000012 566.9145632945565
27.50000000000012 566.9145632808797
27.60000000000012 566.9145632672029
27.70000000000012 566.914563253526
27.80000000000013 566.9145632398491
27.90000000000013 566.9145632347919
28.00000000000013 566.9145632343823
28.10000000000013 566.9145632339727
28.20000000000013 566.9145632335631
28.30000000000013 566.9145632331533
28.40000000000013 566.9145632327437
28.50000000000014 566.9145632323341
28.60000000000014 566.9145632319245
28.70000000000014 566.9145632315148
28.80000000000014 566.9145632311051
28.90000000000014 566.9145632306955
29.00000000000014 566.9145632302858
29.10000000000014 566.9145632298762
29.20000000000014 566.9145632294666
29.30000000000015 566.914563229057
29.40000000000015 566.9145632286472
29.50000000000015 566.9145632282376
29.60000000000015 566.914563227828
29.70000000000015 566.9145632274184
29.80000000000015 566.9145632270087
29.90000000000015 566.9145632265991
30.00000000000016 566.9145632261894
30.10000000000016 566.9145632257797
30.20000000000016 566.9145632253701
30.30000000000016 566.9145632249605
30.40000000000016 566.9145632245509
30.50000000000016 566.9145632241411
30.60000000000016 566.9145632237315
30.70000000000017 566.9145632233219
30.80000000000017 566.9145632229123
30.90000000000017 566.9145632225026
31.00000000000017 566.914563222093
31.10000000000017 566.9145632216834
31.20000000000017 566.9145632212736
31.30000000000017 566.914563220864
31.40000000000018 566.9145632204544
31.50000000000018 566.9145632200448
31.60000000000018 566.9145632196351
31.70000000000018 566.9145632192254
31.80000000000018 566.9145632188158
31.90000000000018 566.9145632184062
32.00000000000018 566.9145632179965
32.10000000000019 566.9145632175869
32.20000000000019 566.9145632171773
32.30000000000019 566.9145632167675
32.40000000000019 566.9145632163579
32.50000000000019 566.9145632159483
32.60000000000019 566.9145632155387
32.70000000000019 566.914563215129
32.8000000000002 566.9145632147194
32.9000000000002 566.9145632143097
33.0000000000002 566.9145632139001
33.1000000000002 566.9145632134904
33.2000000000002 566.9145632130808
33.3000000000002 566.9145632126712
33.4000000000002 566.9145632122614
33.50000000000021 566.9145632118518
33.60000000000021 566.9145632114422
33.70000000000021 566.9145632110326
33.80000000000021 566.9145632106229
33.90000000000021 566.9145632102133
34.00000000000021 566.9145632098036
34.10000000000021 566.914563209394
34.20000000000022 566.9145632089843
34.30000000000022 566.9145632085747
34.40000000000022 566.9145632081651
34.50000000000022 566.9145632077554
34.60000000000022 566.9145632073457
34.70000000000022 566.9145632069361
34.80000000000022 566.9145632065265
34.90000000000023 566.9145632061168
35.00000000000023 566.9145632057072
35.10000000000023 566.9145632052976
35.20000000000023 566.9145632048879
35.30000000000023 566.9145632044782
35.40000000000023 566.9145632040686
35.50000000000023 566.914563203659
35.60000000000024 566.9145632032494
35.70000000000024 566.9145632028396
35.80000000000024 566.91456320243
35.90000000000024 566.9145632020204
36.00000000000024 566.9145632016107
36.10000000000024 566.9145632012011
36.20000000000024 566.9145632007915
36.30000000000025 566.9145632003818
36.40000000000025 566.9145631999721
36.50000000000025 566.9145631995625
36.60000000000025 566.9145631991529
36.70000000000025 566.9145631987433
36.80000000000025 566.9145631983336
36.90000000000025 566.9145631979239
37.00000000000026 566.9145631975143
37.10000000000026 566.9145631971046
37.20000000000026 566.914563196695
37.30000000000026 566.9145631962854
37.40000000000026 566.9145631958758
37.50000000000026 566.914563195466
37.60000000000026 566.9145631950564
37.70000000000027 566.9145631946468
37.80000000000027 566.9145631942372
37.90000000000027 566.9145631938275
38.00000000000027 566.9145631934178
38.10000000000027 566.9145631930082
38.20000000000027 566.9145631925985
38.30000000000027 566.9145631921889
38.40000000000028 566.9145631917793
38.50000000000028 566.9145631913697
38.60000000000028 566.9145631909599
38.70000000000028 566.9145631905503
38.80000000000028 566.9145631901407
38.90000000000028 566.9145631897311
39.00000000000028 566.9145631893214
39.10000000000029 566.9145631889118
39.20000000000029 566.9145631885021
39.30000000000029 566.9145631880924
39.40000000000029 566.9145631876828
39.50000000000029 566.9145631872732
39.60000000000029 566.9145631868636
39.70000000000029 566.9145631864538
39.8000000000003 566.9145631860442
39.9000000000003 566.9145631856346
40.0000000000003 566.914563185225
40.1000000000003 566.9145631848153
40.2000000000003 566.9145631844057
40.3000000000003 566.9145631839961
40.4000000000003 566.9145631835863
40.50000000000031 566.9145631832611
40.60000000000031 566.9145631832598
40.70000000000031 566.9145631832586
40.80000000000031 566.9145631832573
40.90000000000031 566.9145631832561
41.00000000000031 566.9145631832548
41.10000000000031 566.9145631832534
41.20000000000032 566.9145631832522
41.30000000000032 566.9145631832509
41.40000000000032 566.9145631832497
41.50000000000032 566.9145631832484
41.60000000000032 566.9145631832472
41.70000000000032 566.9145631832459
41.80000000000032 566.9145631832447
41.90000000000033 566.9145631832434
42.00000000000033 566.9145631832422
42.10000000000033 566.9145631832409
42.20000000000033 566.9145631832396
42.30000000000033 566.9145631832383
42.40000000000033 566.9145631832371
42.50000000000033 566.9145631832358
42.60000000000034 566.9145631832346
42.70000000000034 566.9145631832333
42.80000000000034 566.9145631832321
42.90000000000034 566.9145631832308
43.00000000000034 566.9145631832296
43.10000000000034 566.9145631832283
43.20000000000034 566.914563183227
43.30000000000035 566.9145631832257
43.40000000000035 566.9145631832245
43.50000000000035 566.9145631832232
43.60000000000035 566.914563183222
43.70000000000035 566.9145631832207
43.80000000000035 566.9145631832195
43.90000000000035 566.9145631832182
44.00000000000036 566.914563183217
44.10000000000036 566.9145631832157
44.20000000000036 566.9145631832143
44.30000000000036 566.9145631832131
44.40000000000036 566.9145631832118
44.50000000000036 566.9145631832106
44.60000000000036 566.9145631832093
44.70000000000037 566.9145631832081
44.80000000000037 566.9145631832068
44.90000000000037 566.9145631832056
45.00000000000037 566.9145631832043
45.10000000000037 566.9145631832031
45.20000000000037 566.9145631832018
45.30000000000037 566.9145631832005
45.40000000000038 566.9145631831992
45.50000000000038 566.914563183198
45.60000000000038 566.9145631831967
45.70000000000038 566.9145631831955
45.80000000000038 566.9145631831942
45.90000000000038 566.914563183193
46.00000000000038 566.9145631831917
46.10000000000039 566.9145631831905
46.20000000000039 566.9145631831892
46.30000000000039 566.9145631831879
46.40000000000039 566.9145631831866
46.50000000000039 566.9145631831854
46.60000000000039 566.9145631831841
46.70000000000039 566.9145631831828
46.8000000000004 566.9145631831816
46.9000000000004 566.9145631831803
47.0000000000004 566.9145631831791
47.1000000000004 566.9145631831778
47.2000000000004 566.9145631831766
47.3000000000004 566.9145631831753
47.4000000000004 566.914563183174
47.50000000000041 566.9145631831727
47.60000000000041 566.9145631831715
47.70000000000041 566.9145631831702
47.80000000000041 566.914563183169
47.90000000000041 566.9145631831677
48.00000000000041 566.9145631831665
48.10000000000041 566.9145631831652
48.20000000000041 566.914563183164
48.30000000000042 566.9145631831627
48.40000000000042 566.9145631831614
48.50000000000042 566.9145631831601
48.60000000000042 566.9145631831589
48.70000000000042 566.9145631831576
48.80000000000042 566.9145631831564
48.90000000000042 566.9145631831551
49.00000000000043 566.9145631831539
49.10000000000043 566.9145631831526
49.20000000000043 566.9145631831514
49.30000000000043 566.9145631831501
49.40000000000043 566.9145631831487
49.50000000000043 566.9145631831475
49.60000000000043 566.9145631831462
49.70000000000044 566.914563183145
49.80000000000044 566.9145631831437
49.90000000000044 566.9145631831425