Time X1
0 250
0.1 250.2178542370246
0.2 250.4555928441169
0.3 250.7152541822593
0.4 250.998484493901
0.5 251.3078773781769
0.6 251.6458464030837
0.7 252.0150053321147
0.7999999999999999 252.4184174013731
0.8999999999999999 252.8590793280422
0.9999999999999999 253.3407577036822
1.1 253.8672826787536
1.2 254.4430171781073
1.3 255.0727462659517
1.4 255.7617317042204
1.5 256.5157937436596
1.6 257.3413535405791
1.7 258.245442031428
1.8 259.2359946869691
1.900000000000001 260.3216174768322
2 261.5120938779397
2.100000000000001 262.8180184461839
2.200000000000001 264.2513368938045
2.300000000000001 265.8253172975067
2.400000000000001 267.5546736872387
2.500000000000001 269.4558812227482
2.600000000000001 271.5473000372039
2.700000000000001 273.8493964689991
2.800000000000001 276.3849420811381
2.900000000000001 279.1793372665219
3.000000000000001 282.2609665787417
3.100000000000001 285.6613012265402
3.200000000000002 289.415356600744
3.300000000000002 293.5618791975174
3.400000000000002 298.1434268233523
3.500000000000002 303.2065221359389
3.600000000000002 308.8018350690966
3.700000000000002 314.9829139994678
3.800000000000002 321.8060542125838
3.900000000000002 329.328091665534
4.000000000000002 337.6052170201862
4.100000000000001 346.687325535999
4.200000000000001 356.6142284550846
4.300000000000001 367.408934412349
4.4 379.0686628668
4.5 391.555213370362
4.6 404.7854627532798
4.699999999999999 418.6226858945873
4.799999999999999 432.8727014564185
4.899999999999999 447.2875432465713
4.999999999999998 461.5789664986167
5.099999999999998 475.4397388142694
5.199999999999998 488.5739180539636
5.299999999999997 500.7269603204364
5.399999999999997 511.7104451302204
5.499999999999996 521.415501961361
5.599999999999996 529.8131104064933
5.699999999999996 536.9432378916873
5.799999999999995 542.8972476241019
5.899999999999995 547.7984544718971
5.999999999999995 551.7845958826633
6.099999999999994 554.9943124237625
6.199999999999994 557.55764503059
6.299999999999994 559.591272392909
6.399999999999993 561.1961737202527
6.499999999999993 562.4574141757516
6.599999999999993 563.4452547238466
6.699999999999992 564.2169587798762
6.799999999999992 564.8185873288852
6.899999999999991 565.2868623871238
6.999999999999991 565.6508693484544
7.099999999999991 565.9335810460969
7.19999999999999 566.1529791612941
7.29999999999999 566.3231325575539
7.39999999999999 566.4550385046791
7.499999999999989 566.5572633126563
7.599999999999989 566.6364536672324
7.699999999999989 566.6977852448545
7.799999999999988 566.7453107082837
7.899999999999988 566.7821268054664
7.999999999999988 566.8106029204127
8.099999999999987 566.8326228750193
8.199999999999987 566.8496716117222
8.299999999999986 566.8628755857551
8.399999999999986 566.8730953441727
8.499999999999986 566.8809855738166
8.599999999999985 566.8870932981487
8.699999999999985 566.8918097910562
8.799999999999985 566.8955038159523
8.899999999999984 566.8983728744619
8.999999999999984 566.900689819358
9.099999999999984 566.9023265260191
9.199999999999983 566.9036553127978
9.299999999999983 566.9047071625641
9.399999999999983 566.905490961458
9.499999999999982 566.9060889099527
9.599999999999982 566.9065397298843
9.699999999999982 566.906879333372
9.799999999999981 566.9071490459011
9.899999999999981 566.9073569875978
9.99999999999998 566.9075250360391
10.09999999999998 566.9076560661434
10.19999999999998 566.9077610231847
10.29999999999998 566.9078421768834
10.39999999999998 566.9079060963801
10.49999999999998 566.9079556498394
10.59999999999998 566.9079938933102
10.69999999999998 566.9080240513334
10.79999999999998 566.9080471017867
10.89999999999998 566.9080654985415
10.99999999999998 566.9080795981913
11.09999999999998 566.9080908450444
11.19999999999998 566.9080995171206
11.29999999999998 566.9081063685588
11.39999999999998 566.908111738404
11.49999999999998 566.9081196189792
11.59999999999997 566.908126578223
11.69999999999997 566.9081326161355
11.79999999999997 566.9081377327166
11.89999999999997 566.9081419279663
11.99999999999997 566.9081452018848
12.09999999999997 566.9081475544718
12.19999999999997 566.9081489857276
12.29999999999997 566.908149495652
12.39999999999997 566.908149084245
12.49999999999997 566.9081477515067
12.59999999999997 566.9081454974371
12.69999999999997 566.9081439475766
12.79999999999997 566.9081447928342
12.89999999999997 566.9081454044631
12.99999999999997 566.9081457824635
13.09999999999997 566.9081459268353
13.19999999999997 566.9081458375784
13.29999999999997 566.908145514693
13.39999999999997 566.9081449581792
13.49999999999997 566.9081441680365
13.59999999999997 566.9081431442653
13.69999999999997 566.9081418868656
13.79999999999997 566.9081403958372
13.89999999999997 566.9081386711803
13.99999999999997 566.9081379255595
14.09999999999997 566.9081374689574
14.19999999999997 566.9081370123554
14.29999999999997 566.9081365557535
14.39999999999996 566.9081360991514
14.49999999999996 566.9081356425494
14.59999999999996 566.9081351859473
14.69999999999996 566.9081347293454
14.79999999999996 566.9081342727434
14.89999999999996 566.9081338161413
14.99999999999996 566.9081333595394
15.09999999999996 566.9081329029374
15.19999999999996 566.9081324782553
15.29999999999996 566.9081324645838
15.39999999999996 566.9081324509123
15.49999999999996 566.9081324372407
15.59999999999996 566.9081324235691
15.69999999999996 566.9081324098976
15.79999999999996 566.9081323962261
15.89999999999996 566.9081323825544
15.99999999999996 566.9081323688829
16.09999999999996 566.9081323552114
16.19999999999996 566.9081323415398
16.29999999999996 566.9081323278682
16.39999999999996 566.9081323141967
16.49999999999996 566.9081323005252
16.59999999999997 566.9081322868536
16.69999999999997 566.908132273182
16.79999999999997 566.9081322595105
16.89999999999997 566.9081322458389
16.99999999999997 566.9081322321674
17.09999999999997 566.9081322184958
17.19999999999997 566.9081322048243
17.29999999999998 566.9081321911527
17.39999999999998 566.9081321774812
17.49999999999998 566.9081321638096
17.59999999999998 566.908132150138
17.69999999999998 566.9081321364665
17.79999999999998 566.908132122795
17.89999999999998 566.9081321091234
17.99999999999999 566.9081320954518
18.09999999999999 566.9081320817803
18.19999999999999 566.9081320681088
18.29999999999999 566.9081320544371
18.39999999999999 566.9081320407656
18.49999999999999 566.9081320270941
18.59999999999999 566.9081320134225
18.7 566.9081319997509
18.8 566.9081319860794
18.9 566.9081319724079
19 566.9081319587362
19.1 566.9081319450647
19.2 566.9081319313932
19.3 566.9081319177217
19.40000000000001 566.90813190405
19.50000000000001 566.9081318903785
19.60000000000001 566.908131876707
19.70000000000001 566.9081318630355
19.80000000000001 566.9081318493638
19.90000000000001 566.9081318356923
20.00000000000001 566.9081318220208
20.10000000000002 566.9081318083493
20.20000000000002 566.9081317946776
20.30000000000002 566.9081317810061
20.40000000000002 566.9081317673346
20.50000000000002 566.908131753663
20.60000000000002 566.9081317399914
20.70000000000002 566.9081317263199
20.80000000000003 566.9081317126484
20.90000000000003 566.9081316989768
21.00000000000003 566.9081316853052
21.10000000000003 566.9081316716337
21.20000000000003 566.9081316579621
21.30000000000003 566.9081316442905
21.40000000000003 566.908131630619
21.50000000000004 566.9081316169475
21.60000000000004 566.9081316032759
21.70000000000004 566.9081315896043
21.80000000000004 566.9081315759328
21.90000000000004 566.9081315622612
22.00000000000004 566.9081315485897
22.10000000000004 566.9081315349181
22.20000000000005 566.9081315212466
22.30000000000005 566.908131507575
22.40000000000005 566.9081314939035
22.50000000000005 566.9081314802319
22.60000000000005 566.9081314665603
22.70000000000005 566.9081314528888
22.80000000000005 566.9081314392173
22.90000000000006 566.9081314255457
23.00000000000006 566.9081314118741
23.10000000000006 566.9081313982026
23.20000000000006 566.9081313845311
23.30000000000006 566.9081313708595
23.40000000000006 566.9081313571879
23.50000000000006 566.9081313435164
23.60000000000007 566.9081313298449
23.70000000000007 566.9081313161732
23.80000000000007 566.9081313025017
23.90000000000007 566.9081312888302
24.00000000000007 566.9081312751586
24.10000000000007 566.908131261487
24.20000000000007 566.9081312478155
24.30000000000008 566.908131234144
24.40000000000008 566.9081312204723
24.50000000000008 566.9081312068008
24.60000000000008 566.9081311931293
24.70000000000008 566.9081311794578
24.80000000000008 566.9081311657861
24.90000000000008 566.9081311521146
25.00000000000009 566.9081311384431
25.10000000000009 566.9081311247716
25.20000000000009 566.9081311110999
25.30000000000009 566.9081310974284
25.40000000000009 566.9081310837569
25.50000000000009 566.9081310700853
25.60000000000009 566.9081310564137
25.7000000000001 566.9081310427422
25.8000000000001 566.9081310290707
25.9000000000001 566.9081310153991
26.0000000000001 566.9081310017275
26.1000000000001 566.908130988056
26.2000000000001 566.9081309743844
26.3000000000001 566.9081309607129
26.40000000000011 566.9081309470413
26.50000000000011 566.9081309333698
26.60000000000011 566.9081309196982
26.70000000000011 566.9081309060266
26.80000000000011 566.9081308923551
26.90000000000011 566.9081308786836
27.00000000000011 566.908130865012
27.10000000000012 566.9081308513404
27.20000000000012 566.9081308376689
27.30000000000012 566.9081308239973
27.40000000000012 566.9081308103258
27.50000000000012 566.9081307966542
27.60000000000012 566.9081307829827
27.70000000000012 566.9081307693111
27.80000000000013 566.9081307556396
27.90000000000013 566.9081307501295
28.00000000000013 566.9081307497202
28.10000000000013 566.9081307493107
28.20000000000013 566.9081307489013
28.30000000000013 566.9081307484918
28.40000000000013 566.9081307480824
28.50000000000014 566.9081307476729
28.60000000000014 566.9081307472635
28.70000000000014 566.908130746854
28.80000000000014 566.9081307464445
28.90000000000014 566.9081307460351
29.00000000000014 566.9081307456256
29.10000000000014 566.9081307452162
29.20000000000014 566.9081307448067
29.30000000000015 566.9081307443973
29.40000000000015 566.9081307439878
29.50000000000015 566.9081307435785
29.60000000000015 566.908130743169
29.70000000000015 566.9081307427596
29.80000000000015 566.9081307423501
29.90000000000015 566.9081307419406
30.00000000000016 566.9081307415312
30.10000000000016 566.9081307411217
30.20000000000016 566.9081307407123
30.30000000000016 566.9081307403028
30.40000000000016 566.9081307398934
30.50000000000016 566.9081307394839
30.60000000000016 566.9081307390745
30.70000000000017 566.908130738665
30.80000000000017 566.9081307382555
30.90000000000017 566.9081307378461
31.00000000000017 566.9081307374366
31.10000000000017 566.9081307370272
31.20000000000017 566.9081307366177
31.30000000000017 566.9081307362084
31.40000000000018 566.9081307357989
31.50000000000018 566.9081307353895
31.60000000000018 566.90813073498
31.70000000000018 566.9081307345706
31.80000000000018 566.9081307341611
31.90000000000018 566.9081307337516
32.00000000000018 566.9081307333422
32.10000000000019 566.9081307329327
32.20000000000019 566.9081307325233
32.30000000000019 566.9081307321138
32.40000000000019 566.9081307317044
32.50000000000019 566.9081307312949
32.60000000000019 566.9081307308855
32.70000000000019 566.908130730476
32.8000000000002 566.9081307300667
32.9000000000002 566.9081307296572
33.0000000000002 566.9081307292477
33.1000000000002 566.9081307288383
33.2000000000002 566.9081307284288
33.3000000000002 566.9081307280194
33.4000000000002 566.9081307276099
33.50000000000021 566.9081307272005
33.60000000000021 566.908130726791
33.70000000000021 566.9081307263816
33.80000000000021 566.9081307259721
33.90000000000021 566.9081307255626
34.00000000000021 566.9081307251532
34.10000000000021 566.9081307247437
34.20000000000022 566.9081307243343
34.30000000000022 566.9081307239248
34.40000000000022 566.9081307235155
34.50000000000022 566.908130723106
34.60000000000022 566.9081307226966
34.70000000000022 566.9081307222871
34.80000000000022 566.9081307218777
34.90000000000023 566.9081307214682
35.00000000000023 566.9081307210587
35.10000000000023 566.9081307206493
35.20000000000023 566.9081307202398
35.30000000000023 566.9081307198304
35.40000000000023 566.9081307194209
35.50000000000023 566.9081307190115
35.60000000000024 566.908130718602
35.70000000000024 566.9081307181926
35.80000000000024 566.9081307177831
35.90000000000024 566.9081307173738
36.00000000000024 566.9081307169643
36.10000000000024 566.9081307165548
36.20000000000024 566.9081307161454
36.30000000000025 566.9081307157359
36.40000000000025 566.9081307153265
36.50000000000025 566.908130714917
36.60000000000025 566.9081307145076
36.70000000000025 566.9081307140981
36.80000000000025 566.9081307136887
36.90000000000025 566.9081307132792
37.00000000000026 566.9081307128697
37.10000000000026 566.9081307124603
37.20000000000026 566.9081307120508
37.30000000000026 566.9081307116414
37.40000000000026 566.9081307112319
37.50000000000026 566.9081307108225
37.60000000000026 566.908130710413
37.70000000000027 566.9081307100037
37.80000000000027 566.9081307095942
37.90000000000027 566.9081307091848
38.00000000000027 566.9081307087753
38.10000000000027 566.9081307083658
38.20000000000027 566.9081307079564
38.30000000000027 566.9081307075469
38.40000000000028 566.9081307071375
38.50000000000028 566.908130706728
38.60000000000028 566.9081307063186
38.70000000000028 566.9081307059091
38.80000000000028 566.9081307054997
38.90000000000028 566.9081307050902
39.00000000000028 566.9081307046807
39.10000000000029 566.9081307042713
39.20000000000029 566.9081307038618
39.30000000000029 566.9081307034525
39.40000000000029 566.908130703043
39.50000000000029 566.9081307026336
39.60000000000029 566.9081307022241
39.70000000000029 566.9081307018147
39.8000000000003 566.9081307014052
39.9000000000003 566.9081307009958
40.0000000000003 566.9081307005863
40.1000000000003 566.9081307001768
40.2000000000003 566.9081306997674
40.3000000000003 566.9081306993579
40.4000000000003 566.9081306989485
40.50000000000031 566.9081306986038
40.60000000000031 566.9081306986026
40.70000000000031 566.9081306986013
40.80000000000031 566.9081306986001
40.90000000000031 566.9081306985988
41.00000000000031 566.9081306985976
41.10000000000031 566.9081306985963
41.20000000000032 566.9081306985951
41.30000000000032 566.9081306985938
41.40000000000032 566.9081306985926
41.50000000000032 566.9081306985913
41.60000000000032 566.90813069859
41.70000000000032 566.9081306985887
41.80000000000032 566.9081306985875
41.90000000000033 566.9081306985862
42.00000000000033 566.908130698585
42.10000000000033 566.9081306985837
42.20000000000033 566.9081306985825
42.30000000000033 566.9081306985812
42.40000000000033 566.90813069858
42.50000000000033 566.9081306985787
42.60000000000034 566.9081306985775
42.70000000000034 566.9081306985761
42.80000000000034 566.9081306985748
42.90000000000034 566.9081306985736
43.00000000000034 566.9081306985723
43.10000000000034 566.9081306985711
43.20000000000034 566.9081306985698
43.30000000000035 566.9081306985686
43.40000000000035 566.9081306985673
43.50000000000035 566.9081306985661
43.60000000000035 566.9081306985648
43.70000000000035 566.9081306985636
43.80000000000035 566.9081306985622
43.90000000000035 566.908130698561
44.00000000000036 566.9081306985597
44.10000000000036 566.9081306985585
44.20000000000036 566.9081306985572
44.30000000000036 566.908130698556
44.40000000000036 566.9081306985547
44.50000000000036 566.9081306985535
44.60000000000036 566.9081306985522
44.70000000000037 566.908130698551
44.80000000000037 566.9081306985497
44.90000000000037 566.9081306985483
45.00000000000037 566.9081306985471
45.10000000000037 566.9081306985458
45.20000000000037 566.9081306985446
45.30000000000037 566.9081306985433
45.40000000000038 566.9081306985421
45.50000000000038 566.9081306985408
45.60000000000038 566.9081306985396
45.70000000000038 566.9081306985383
45.80000000000038 566.9081306985371
45.90000000000038 566.9081306985358
46.00000000000038 566.9081306985345
46.10000000000039 566.9081306985332
46.20000000000039 566.908130698532
46.30000000000039 566.9081306985307
46.40000000000039 566.9081306985295
46.50000000000039 566.9081306985282
46.60000000000039 566.908130698527
46.70000000000039 566.9081306985257
46.8000000000004 566.9081306985245
46.9000000000004 566.9081306985232
47.0000000000004 566.908130698522
47.1000000000004 566.9081306985206
47.2000000000004 566.9081306985194
47.3000000000004 566.9081306985181
47.4000000000004 566.9081306985169
47.50000000000041 566.9081306985156
47.60000000000041 566.9081306985144
47.70000000000041 566.9081306985131
47.80000000000041 566.9081306985119
47.90000000000041 566.9081306985106
48.00000000000041 566.9081306985094
48.10000000000041 566.9081306985081
48.20000000000041 566.9081306985069
48.30000000000042 566.9081306985055
48.40000000000042 566.9081306985042
48.50000000000042 566.908130698503
48.60000000000042 566.9081306985017
48.70000000000042 566.9081306985005
48.80000000000042 566.9081306984992
48.90000000000042 566.908130698498
49.00000000000043 566.9081306984967
49.10000000000043 566.9081306984955
49.20000000000043 566.9081306984942
49.30000000000043 566.908130698493
49.40000000000043 566.9081306984916
49.50000000000043 566.9081306984904
49.60000000000043 566.9081306984891
49.70000000000044 566.9081306984879
49.80000000000044 566.9081306984866
49.90000000000044 566.9081306984854