Time X1
0 250
0.1 249.945579119211
0.2 249.8863868191038
0.3 249.8221452224363
0.4 249.7518602234117
0.5 249.6756992849717
0.6 249.5929014313381
0.7 249.5027979676958
0.7999999999999999 249.4047290294671
0.8999999999999999 249.298034350997
0.9999999999999999 249.1820141830576
1.1 249.055786736449
1.2 248.9184162565279
1.3 248.7692584734116
1.4 248.6069332085379
1.5 248.4304878244457
1.6 248.2386778995429
1.7 248.0301692281736
1.8 247.8035145583641
1.900000000000001 247.5571635857025
2 247.2894349557288
2.100000000000001 246.9985149578961
2.200000000000001 246.6824265317812
2.300000000000001 246.3390608507461
2.400000000000001 245.9661687491127
2.500000000000001 245.5612500980471
2.600000000000001 245.1216436225016
2.700000000000001 244.6445419906039
2.800000000000001 244.1267964347104
2.900000000000001 243.5651353947169
3.000000000000001 242.9560486825455
3.100000000000001 242.2957210065055
3.200000000000002 241.5800926111555
3.300000000000002 240.8048621561531
3.400000000000002 239.9654467631826
3.500000000000002 239.0569921112243
3.600000000000002 238.0743497233528
3.700000000000002 237.0120401948728
3.800000000000002 235.8642490587145
3.900000000000002 234.6249269163862
4.000000000000002 233.2879226751529
4.100000000000001 231.8467730920119
4.200000000000001 230.2948222287672
4.300000000000001 228.6253442150517
4.4 226.8314487378828
4.5 224.9061678966076
4.6 222.8428206828633
4.699999999999999 220.6348934202568
4.799999999999999 218.2762020427857
4.899999999999999 215.7611786392509
4.999999999999998 213.0848179212853
5.099999999999998 210.2431657457695
5.199999999999998 207.2334362960635
5.299999999999997 204.0541357431854
5.399999999999997 200.7056485753782
5.499999999999996 197.1902188655465
5.599999999999996 193.5123135280906
5.699999999999996 189.6789627702825
5.799999999999995 185.6999042464611
5.899999999999995 181.5876036159756
5.999999999999995 177.3575958588768
6.099999999999994 173.0285303680963
6.199999999999994 168.6214431939591
6.299999999999994 164.1600171799334
6.399999999999993 159.6700344222641
6.499999999999993 155.1790169094573
6.599999999999993 150.715192446911
6.699999999999992 146.30716278
6.799999999999992 141.9828336093914
6.899999999999991 137.768860614755
6.999999999999991 133.6897342500673
7.099999999999991 129.7672946608365
7.19999999999999 126.0200747228454
7.29999999999999 122.4631059895655
7.39999999999999 119.1075366708215
7.499999999999989 115.9607841628159
7.599999999999989 113.0266947239603
7.699999999999989 110.3056399443825
7.799999999999988 107.7949523082118
7.899999999999988 105.4893848467126
7.999999999999988 103.381556984638
8.099999999999987 101.4623923930141
8.199999999999987 99.72159076298075
8.299999999999986 98.14802067502997
8.399999999999986 96.73006871441602
8.499999999999986 95.45599863726555
8.599999999999985 94.31425207532629
8.699999999999985 93.29341452234443
8.799999999999985 92.38258012291763
8.899999999999984 91.57143830151621
8.999999999999984 90.85029408639136
9.099999999999984 90.2101319866606
9.199999999999983 89.64260685618255
9.299999999999983 89.14008092556587
9.399999999999983 88.69557148672496
9.499999999999982 88.30275817712634
9.599999999999982 87.95591066516654
9.699999999999982 87.64987449744001
9.799999999999981 87.38002196367626
9.899999999999981 87.14221849229125
9.99999999999998 86.93275883809673
10.09999999999998 86.74834653438492
10.19999999999998 86.58605091964068
10.29999999999998 86.44326594123314
10.39999999999998 86.31768733857938
10.49999999999998 86.2072691277305
10.59999999999998 86.11020626200546
10.69999999999998 86.02489944247137
10.79999999999998 85.94993843360336
10.89999999999998 85.88408009836108
10.99999999999998 85.82622737340265
11.09999999999998 85.77541802360646
11.19999999999998 85.73078919788369
11.29999999999998 85.69159582149435
11.39999999999998 85.65718214827946
11.49999999999998 85.62696137088412
11.59999999999997 85.60043068755009
11.69999999999997 85.57714008203797
11.79999999999997 85.55669202020425
11.89999999999997 85.53874503335635
11.99999999999997 85.52298964146144
12.09999999999997 85.50915886486746
12.19999999999997 85.49702023700286
12.29999999999997 85.48636447220414
12.39999999999997 85.4770127140326
12.49999999999997 85.46880557614409
12.59999999999997 85.46160147102536
12.69999999999997 85.4552798168228
12.79999999999997 85.44973135411993
12.89999999999997 85.44486122765642
12.99999999999997 85.44058763837748
13.09999999999997 85.43683578704504
13.19999999999997 85.43354493439526
13.29999999999997 85.43065656038341
13.39999999999997 85.42812147935501
13.49999999999997 85.42589757412583
13.59999999999997 85.42394590495974
13.69999999999997 85.42223183126892
13.79999999999997 85.42072580876125
13.89999999999997 85.4194029427252
13.99999999999997 85.41824278087513
14.09999999999997 85.41722694624411
14.19999999999997 85.4163351876384
14.29999999999997 85.41555291913083
14.39999999999996 85.41486835481474
14.49999999999996 85.41426804248677
14.59999999999996 85.41374073592374
14.69999999999996 85.41327780315113
14.79999999999996 85.41286909419189
14.89999999999996 85.41251368617814
14.99999999999996 85.41219995038404
15.09999999999996 85.41192488144239
15.19999999999996 85.41168375280823
15.29999999999996 85.41147254804761
15.39999999999996 85.41128752737882
15.49999999999996 85.41112500338068
15.59999999999996 85.41098270169192
15.69999999999996 85.41085817209857
15.79999999999996 85.41074851420413
15.89999999999996 85.41065082879561
15.99999999999996 85.41056409006485
16.09999999999996 85.4104880732109
16.19999999999996 85.41042133039427
16.29999999999996 85.4103624137755
16.39999999999996 85.41030489032866
16.49999999999996 85.41026307311981
16.59999999999997 85.41022511924949
16.69999999999997 85.4101910287177
16.79999999999997 85.41016069632013
16.89999999999997 85.41013369786208
16.99999999999997 85.41010998864664
17.09999999999997 85.41008956867384
17.19999999999997 85.41007240578915
17.29999999999998 85.41005746661341
17.39999999999998 85.41004425509817
17.49999999999998 85.41003277124339
17.59999999999998 85.41002301504911
17.69999999999998 85.41001469224975
17.79999999999998 85.41000719689573
17.89999999999998 85.41000051070344
17.99999999999999 85.40999463367288
18.09999999999999 85.4099895377441
18.19999999999999 85.40998496090056
18.29999999999999 85.40998083894971
18.39999999999999 85.40997717189153
18.49999999999999 85.40997395972605
18.59999999999999 85.40997111869802
18.7 85.40996856355581
18.8 85.40996629429775
18.9 85.40996431092383
19 85.40996259306969
19.1 85.40996105490416
19.2 85.40995968684291
19.3 85.40995848888598
19.40000000000001 85.40995745967273
19.50000000000001 85.40995655022176
19.60000000000001 85.40995573601523
19.70000000000001 85.40995501705311
19.80000000000001 85.4099543933354
19.90000000000001 85.40995385186943
20.00000000000001 85.40995336476014
20.10000000000002 85.4099529310695
20.20000000000002 85.40995255079748
20.30000000000002 85.4099521211905
20.40000000000002 85.40995156690138
20.50000000000002 85.40995104511786
20.60000000000002 85.40995055583991
20.70000000000002 85.40995009906756
20.80000000000003 85.40994967480077
20.90000000000003 85.40994928303955
21.00000000000003 85.40994892378393
21.10000000000003 85.40994859703389
21.20000000000003 85.40994830278942
21.30000000000003 85.40994804105053
21.40000000000003 85.40994781181722
21.50000000000004 85.40994761508948
21.60000000000004 85.40994745086734
21.70000000000004 85.40994731915076
21.80000000000004 85.40994721993977
21.90000000000004 85.40994715323436
22.00000000000004 85.40994711903453
22.10000000000004 85.40994711734027
22.20000000000005 85.40994714815159
22.30000000000005 85.40994721146851
22.40000000000005 85.40994730729098
22.50000000000005 85.40994743561905
22.60000000000005 85.4099475964527
22.70000000000005 85.40994778979191
22.80000000000005 85.40994792366962
22.90000000000006 85.40994785769378
23.00000000000006 85.4099477999147
23.10000000000006 85.40994775033238
23.20000000000006 85.40994770894682
23.30000000000006 85.409947675758
23.40000000000006 85.40994765076594
23.50000000000006 85.40994763397065
23.60000000000007 85.4099476253721
23.70000000000007 85.40994762497031
23.80000000000007 85.40994763276528
23.90000000000007 85.409947648757
24.00000000000007 85.40994767294548
24.10000000000007 85.40994770533072
24.20000000000007 85.4099477459127
24.30000000000008 85.40994779469146
24.40000000000008 85.40994785166696
24.50000000000008 85.40994791683923
24.60000000000008 85.40994799020824
24.70000000000008 85.40994807177401
24.80000000000008 85.40994816153655
24.90000000000008 85.40994825949582
25.00000000000009 85.40994836565187
25.10000000000009 85.40994848000466
25.20000000000009 85.40994860255422
25.30000000000009 85.40994870245186
25.40000000000009 85.40994873386204
25.50000000000009 85.40994876527222
25.60000000000009 85.4099487966824
25.7000000000001 85.40994882809257
25.8000000000001 85.40994885950275
25.9000000000001 85.40994889091293
26.0000000000001 85.40994892232311
26.1000000000001 85.40994895373329
26.2000000000001 85.40994898514346
26.3000000000001 85.40994901655364
26.40000000000011 85.40994904796382
26.50000000000011 85.409949079374
26.60000000000011 85.40994911078418
26.70000000000011 85.40994914219435
26.80000000000011 85.40994917360453
26.90000000000011 85.40994920501471
27.00000000000011 85.40994923642489
27.10000000000012 85.40994926783507
27.20000000000012 85.40994929924524
27.30000000000012 85.40994933065542
27.40000000000012 85.4099493620656
27.50000000000012 85.40994939347578
27.60000000000012 85.40994942488597
27.70000000000012 85.40994945629613
27.80000000000013 85.40994948396758
27.90000000000013 85.40994948489779
28.00000000000013 85.40994948582799
28.10000000000013 85.40994948675821
28.20000000000013 85.40994948768842
28.30000000000013 85.40994948861862
28.40000000000013 85.40994948954884
28.50000000000014 85.40994949047905
28.60000000000014 85.40994949140925
28.70000000000014 85.40994949233946
28.80000000000014 85.40994949326966
28.90000000000014 85.40994949419988
29.00000000000014 85.40994949513009
29.10000000000014 85.40994949606029
29.20000000000014 85.40994949699051
29.30000000000015 85.40994949792072
29.40000000000015 85.40994949885092
29.50000000000015 85.40994949978113
29.60000000000015 85.40994950071133
29.70000000000015 85.40994950164155
29.80000000000015 85.40994950257176
29.90000000000015 85.40994950350196
30.00000000000016 85.40994950443218
30.10000000000016 85.40994950536239
30.20000000000016 85.40994950629259
30.30000000000016 85.40994950722281
30.40000000000016 85.40994950815301
30.50000000000016 85.40994950908322
30.60000000000016 85.40994951001343
30.70000000000017 85.40994951094363
30.80000000000017 85.40994951187385
30.90000000000017 85.40994951280406
31.00000000000017 85.40994951373426
31.10000000000017 85.40994951466448
31.20000000000017 85.40994951559468
31.30000000000017 85.40994951652489
31.40000000000018 85.4099495174551
31.50000000000018 85.4099495183853
31.60000000000018 85.40994951931552
31.70000000000018 85.40994952024573
31.80000000000018 85.40994952117593
31.90000000000018 85.40994952210615
32.00000000000018 85.40994952303636
32.10000000000019 85.40994952396656
32.20000000000019 85.40994952489677
32.30000000000019 85.40994952582697
32.40000000000019 85.40994952675719
32.50000000000019 85.4099495276874
32.60000000000019 85.4099495286176
32.70000000000019 85.40994952954782
32.8000000000002 85.40994953047803
32.9000000000002 85.40994953140823
33.0000000000002 85.40994953233844
33.1000000000002 85.40994953326864
33.2000000000002 85.40994953419886
33.3000000000002 85.40994953512907
33.4000000000002 85.40994953605927
33.50000000000021 85.40994953698949
33.60000000000021 85.4099495379197
33.70000000000021 85.4099495388499
33.80000000000021 85.40994953978011
33.90000000000021 85.40994954071031
34.00000000000021 85.40994954164053
34.10000000000021 85.40994954257074
34.20000000000022 85.40994954350094
34.30000000000022 85.40994954443116
34.40000000000022 85.40994954536137
34.50000000000022 85.40994954629157
34.60000000000022 85.40994954722179
34.70000000000022 85.409949548152
34.80000000000022 85.4099495490822
34.90000000000023 85.40994955001241
35.00000000000023 85.40994955094261
35.10000000000023 85.40994955187283
35.20000000000023 85.40994955280304
35.30000000000023 85.40994955373324
35.40000000000023 85.40994955466346
35.50000000000023 85.40994955559367
35.60000000000024 85.40994955652387
35.70000000000024 85.40994955745408
35.80000000000024 85.40994955838428
35.90000000000024 85.4099495593145
36.00000000000024 85.40994956024471
36.10000000000024 85.40994956117491
36.20000000000024 85.40994956210513
36.30000000000025 85.40994956303534
36.40000000000025 85.40994956396554
36.50000000000025 85.40994956489575
36.60000000000025 85.40994956582595
36.70000000000025 85.40994956675617
36.80000000000025 85.40994956768638
36.90000000000025 85.40994956861658
37.00000000000026 85.4099495695468
37.10000000000026 85.40994957047701
37.20000000000026 85.40994957140721
37.30000000000026 85.40994957233742
37.40000000000026 85.40994957326764
37.50000000000026 85.40994957419784
37.60000000000026 85.40994957512805
37.70000000000027 85.40994957605825
37.80000000000027 85.40994957698847
37.90000000000027 85.40994957791868
38.00000000000027 85.40994957884888
38.10000000000027 85.4099495797791
38.20000000000027 85.40994958070931
38.30000000000027 85.40994958163951
38.40000000000028 85.40994958256972
38.50000000000028 85.40994958349992
38.60000000000028 85.40994958443014
38.70000000000028 85.40994958536035
38.80000000000028 85.40994958629055
38.90000000000028 85.40994958722077
39.00000000000028 85.40994958815098
39.10000000000029 85.40994958908118
39.20000000000029 85.40994959001139
39.30000000000029 85.40994959094159
39.40000000000029 85.40994959187181
39.50000000000029 85.40994959280202
39.60000000000029 85.40994959373222
39.70000000000029 85.40994959466244
39.8000000000003 85.40994959559265
39.9000000000003 85.40994959652285
40.0000000000003 85.40994959745306
40.1000000000003 85.40994959838328
40.2000000000003 85.40994959931348
40.3000000000003 85.40994960024369
40.4000000000003 85.40994960117389
40.50000000000031 85.40994960210411
40.60000000000031 85.40994960303432
40.70000000000031 85.40994960396452
40.80000000000031 85.40994960489473
40.90000000000031 85.40994960582495
41.00000000000031 85.40994960675515
41.10000000000031 85.40994960768536
41.20000000000032 85.40994960861556
41.30000000000032 85.40994960954578
41.40000000000032 85.40994961047599
41.50000000000032 85.40994961140619
41.60000000000032 85.4099496123364
41.70000000000032 85.40994961326662
41.80000000000032 85.40994961419682
41.90000000000033 85.40994961512703
42.00000000000033 85.40994961605723
42.10000000000033 85.40994961698745
42.20000000000033 85.40994961791766
42.30000000000033 85.40994961884786
42.40000000000033 85.40994961977808
42.50000000000033 85.40994962070829
42.60000000000034 85.40994962163849
42.70000000000034 85.4099496225687
42.80000000000034 85.4099496234989
42.90000000000034 85.40994962442912
43.00000000000034 85.40994962535933
43.10000000000034 85.40994962628953
43.20000000000034 85.40994962721975
43.30000000000035 85.40994962814996
43.40000000000035 85.40994962908016
43.50000000000035 85.40994963001037
43.60000000000035 85.40994963094059
43.70000000000035 85.40994963187079
43.80000000000035 85.409949632801
43.90000000000035 85.4099496337312
44.00000000000036 85.40994963466142
44.10000000000036 85.40994963559163
44.20000000000036 85.40994963652183
44.30000000000036 85.40994963745204
44.40000000000036 85.40994963838226
44.50000000000036 85.40994963931246
44.60000000000036 85.40994964024267
44.70000000000037 85.40994964117287
44.80000000000037 85.40994964210309
44.90000000000037 85.4099496430333
45.00000000000037 85.4099496439635
45.10000000000037 85.40994964489371
45.20000000000037 85.40994964582393
45.30000000000037 85.40994964675413
45.40000000000038 85.40994964768434
45.50000000000038 85.40994964861454
45.60000000000038 85.40994964954476
45.70000000000038 85.40994965047497
45.80000000000038 85.40994965140517
45.90000000000038 85.40994965233538
46.00000000000038 85.4099496532656
46.10000000000039 85.4099496541958
46.20000000000039 85.40994965512601
46.30000000000039 85.40994965605623
46.40000000000039 85.40994965698643
46.50000000000039 85.40994965791664
46.60000000000039 85.40994965884684
46.70000000000039 85.40994965977706
46.8000000000004 85.40994966070727
46.9000000000004 85.40994966163747
47.0000000000004 85.40994966256768
47.1000000000004 85.4099496634979
47.2000000000004 85.4099496644281
47.3000000000004 85.40994966535831
47.4000000000004 85.40994966628851
47.50000000000041 85.40994966721873
47.60000000000041 85.40994966814894
47.70000000000041 85.40994966907914
47.80000000000041 85.40994967000935
47.90000000000041 85.40994967093957
48.00000000000041 85.40994967186977
48.10000000000041 85.40994967279998
48.20000000000041 85.40994967373018
48.30000000000042 85.4099496746604
48.40000000000042 85.40994967559061
48.50000000000042 85.40994967652081
48.60000000000042 85.40994967745102
48.70000000000042 85.40994967838124
48.80000000000042 85.40994967931144
48.90000000000042 85.40994968024165
49.00000000000043 85.40994968117187
49.10000000000043 85.40994968210207
49.20000000000043 85.40994968303228
49.30000000000043 85.40994968396248
49.40000000000043 85.40994968489269
49.50000000000043 85.40994968582291
49.60000000000043 85.40994968675311
49.70000000000044 85.40994968768332
49.80000000000044 85.40994968861354
49.90000000000044 85.40994968954374