Time X1
0 250
0.1 250.5197447749954
0.2 251.0890786591322
0.3 251.7126254193746
0.4 252.3962695625348
0.5 253.1459116694183
0.6 253.9683174471943
0.7 254.8705695387756
0.7999999999999999 255.861110471571
0.8999999999999999 256.9490113311898
0.9999999999999999 258.1444936766417
1.1 259.4589130747167
1.2 260.9049729672682
1.3 262.4967712906672
1.4 264.2501823478307
1.5 266.1828765512009
1.6 268.3148450901272
1.7 270.6682636630986
1.8 273.2682774228302
1.900000000000001 276.1429451910284
2 279.3238821749029
2.100000000000001 282.8466276363766
2.200000000000001 286.7508683250226
2.300000000000001 291.0809466115504
2.400000000000001 295.8861734117426
2.500000000000001 301.221169747898
2.600000000000001 307.1455545384117
2.700000000000001 313.7242694765708
2.800000000000001 321.0259868660394
2.900000000000001 329.1215611917788
3.000000000000001 338.0813032723268
3.100000000000001 347.9703586782283
3.200000000000002 358.8425350100501
3.300000000000002 370.7305499681863
3.400000000000002 383.6347878138318
3.500000000000002 397.5098965929112
3.600000000000002 412.2505668396064
3.700000000000002 427.6803237027341
3.800000000000002 443.5466196646374
3.900000000000002 459.5248238899833
4.000000000000002 475.2456854713134
4.100000000000001 490.324449113067
4.200000000000001 504.4069267953402
4.300000000000001 517.2095648014819
4.4 528.547875954659
4.5 538.3456764885038
4.6 546.6256516321712
4.699999999999999 553.487051075738
4.799999999999999 559.0781991432448
4.899999999999999 563.5707213951894
4.999999999999998 567.1391032220035
5.099999999999998 569.9469743997001
5.199999999999998 572.1400252210677
5.299999999999997 573.8429032700762
5.399999999999997 575.1591235005558
5.499999999999996 576.1728738782006
5.599999999999996 576.9515220899036
5.699999999999996 577.5483208553112
5.799999999999995 578.0049674208864
5.899999999999995 578.353962643792
5.999999999999995 578.6204267755986
6.099999999999994 578.8237203980163
6.199999999999994 578.9787314889439
6.299999999999994 579.0968831103783
6.399999999999993 579.1869022274931
6.499999999999993 579.2554679239223
6.599999999999993 579.307731720188
6.699999999999992 579.3475107643822
6.799999999999992 579.3777821597228
6.899999999999991 579.4008019576136
6.999999999999991 579.4183472155827
7.099999999999991 579.4316891820573
7.19999999999999 579.4418315208296
7.29999999999999 579.4495471037437
7.39999999999999 579.4554093377564
7.499999999999989 579.4599203576987
7.599999999999989 579.4633613854965
7.699999999999989 579.4660438604365
7.799999999999988 579.4679828099369
7.899999999999988 579.4695204683503
7.999999999999988 579.4706921100687
8.099999999999987 579.4715439829847
8.199999999999987 579.4721907915911
8.299999999999986 579.472659138291
8.399999999999986 579.4730255153057
8.499999999999986 579.4733028171504
8.599999999999985 579.4735228805612
8.699999999999985 579.4736922036061
8.799999999999985 579.4738255855972
8.899999999999984 579.4739270066817
8.999999999999984 579.4740058700911
9.099999999999984 579.4740654432061
9.199999999999983 579.4741113818687
9.299999999999983 579.4741463765337
9.399999999999983 579.4741732741522
9.499999999999982 579.4741940168913
9.599999999999982 579.4742098992554
9.699999999999982 579.4742222410365
9.799999999999981 579.4742316284104
9.899999999999981 579.4742389508043
9.99999999999998 579.4742479784979
10.09999999999998 579.4742567105138
10.19999999999998 579.4742641852253
10.29999999999998 579.4742704026321
10.39999999999998 579.4742753627344
10.49999999999998 579.4742790655321
10.59999999999998 579.4742815110253
10.69999999999998 579.4742826992141
10.79999999999998 579.4742826300982
10.89999999999998 579.4742813036778
10.99999999999998 579.474278719953
11.09999999999998 579.4742776934728
11.19999999999998 579.4742787475722
11.29999999999998 579.4742794696621
11.39999999999998 579.4742798597426
11.49999999999998 579.4742799178138
11.59999999999997 579.4742796438757
11.69999999999997 579.4742790379281
11.79999999999997 579.4742780999713
11.89999999999997 579.4742768300051
11.99999999999997 579.4742752280295
12.09999999999997 579.4742732940446
12.19999999999997 579.4742719651709
12.29999999999997 579.4742713559287
12.39999999999997 579.4742707466864
12.49999999999997 579.4742701374441
12.59999999999997 579.4742695282018
12.69999999999997 579.4742689189596
12.79999999999997 579.4742683097173
12.89999999999997 579.474267700475
12.99999999999997 579.4742670912328
13.09999999999997 579.4742664819905
13.19999999999997 579.4742658727482
13.29999999999997 579.4742652635059
13.39999999999997 579.4742652355253
13.49999999999997 579.4742652163364
13.59999999999997 579.4742651971476
13.69999999999997 579.4742651779586
13.79999999999997 579.4742651587698
13.89999999999997 579.4742651395809
13.99999999999997 579.474265120392
14.09999999999997 579.4742651012032
14.19999999999997 579.4742650820143
14.29999999999997 579.4742650628255
14.39999999999996 579.4742650436366
14.49999999999996 579.4742650244477
14.59999999999996 579.4742650052589
14.69999999999996 579.47426498607
14.79999999999996 579.4742649668812
14.89999999999996 579.4742649476923
14.99999999999996 579.4742649285034
15.09999999999996 579.4742649093146
15.19999999999996 579.4742648901257
15.29999999999996 579.4742648709368
15.39999999999996 579.474264851748
15.49999999999996 579.4742648325591
15.59999999999996 579.4742648133703
15.69999999999996 579.4742647941814
15.79999999999996 579.4742647749925
15.89999999999996 579.4742647558037
15.99999999999996 579.4742647366148
16.09999999999996 579.474264717426
16.19999999999996 579.4742646982371
16.29999999999996 579.4742646790482
16.39999999999996 579.4742646598594
16.49999999999996 579.4742646406705
16.59999999999997 579.4742646214817
16.69999999999997 579.4742646022928
16.79999999999997 579.4742645831039
16.89999999999997 579.4742645639151
16.99999999999997 579.4742645447262
17.09999999999997 579.4742645255374
17.19999999999997 579.4742645063485
17.29999999999998 579.4742644871596
17.39999999999998 579.4742644679708
17.49999999999998 579.4742644487819
17.59999999999998 579.4742644295931
17.69999999999998 579.4742644104042
17.79999999999998 579.4742643912153
17.89999999999998 579.4742643720265
17.99999999999999 579.4742643528376
18.09999999999999 579.4742643336488
18.19999999999999 579.4742643144599
18.29999999999999 579.474264295271
18.39999999999999 579.4742642760822
18.49999999999999 579.4742642568933
18.59999999999999 579.4742642377045
18.7 579.4742642185156
18.8 579.4742641993267
18.9 579.4742641801379
19 579.474264160949
19.1 579.4742641417602
19.2 579.4742641225713
19.3 579.4742641033824
19.40000000000001 579.4742640841936
19.50000000000001 579.4742640650047
19.60000000000001 579.4742640458159
19.70000000000001 579.474264026627
19.80000000000001 579.4742640074381
19.90000000000001 579.4742639882493
20.00000000000001 579.4742639690604
20.10000000000002 579.4742639498716
20.20000000000002 579.4742639306827
20.30000000000002 579.4742639114938
20.40000000000002 579.474263892305
20.50000000000002 579.4742638731161
20.60000000000002 579.4742638539273
20.70000000000002 579.4742638347384
20.80000000000003 579.4742638155495
20.90000000000003 579.4742637963607
21.00000000000003 579.4742637771718
21.10000000000003 579.474263757983
21.20000000000003 579.4742637387941
21.30000000000003 579.4742637196052
21.40000000000003 579.4742637004164
21.50000000000004 579.4742636812274
21.60000000000004 579.4742636620385
21.70000000000004 579.4742636428497
21.80000000000004 579.4742636236608
21.90000000000004 579.474263604472
22.00000000000004 579.4742635852831
22.10000000000004 579.4742635660942
22.20000000000005 579.4742635469054
22.30000000000005 579.4742635277165
22.40000000000005 579.4742635085277
22.50000000000005 579.4742634893388
22.60000000000005 579.4742634701499
22.70000000000005 579.4742634509611
22.80000000000005 579.4742634317722
22.90000000000006 579.4742634125834
23.00000000000006 579.4742633933945
23.10000000000006 579.4742633742056
23.20000000000006 579.4742633550168
23.30000000000006 579.4742633358279
23.40000000000006 579.4742633166391
23.50000000000006 579.4742632974502
23.60000000000007 579.4742632782613
23.70000000000007 579.4742632590725
23.80000000000007 579.4742632398836
23.90000000000007 579.4742632206948
24.00000000000007 579.4742632015059
24.10000000000007 579.474263182317
24.20000000000007 579.4742631631282
24.30000000000008 579.4742631439393
24.40000000000008 579.4742631247505
24.50000000000008 579.4742631055616
24.60000000000008 579.4742630924845
24.70000000000008 579.4742630918801
24.80000000000008 579.4742630912756
24.90000000000008 579.474263090671
25.00000000000009 579.4742630900665
25.10000000000009 579.4742630894619
25.20000000000009 579.4742630888575
25.30000000000009 579.474263088253
25.40000000000009 579.4742630876484
25.50000000000009 579.4742630870439
25.60000000000009 579.4742630864394
25.7000000000001 579.4742630858349
25.8000000000001 579.4742630852304
25.9000000000001 579.4742630846258
26.0000000000001 579.4742630840213
26.1000000000001 579.4742630834168
26.2000000000001 579.4742630828123
26.3000000000001 579.4742630822078
26.40000000000011 579.4742630816032
26.50000000000011 579.4742630809988
26.60000000000011 579.4742630803942
26.70000000000011 579.4742630797897
26.80000000000011 579.4742630791852
26.90000000000011 579.4742630785806
27.00000000000011 579.4742630779762
27.10000000000012 579.4742630773716
27.20000000000012 579.4742630767671
27.30000000000012 579.4742630761626
27.40000000000012 579.474263075558
27.50000000000012 579.4742630749536
27.60000000000012 579.474263074349
27.70000000000012 579.4742630737445
27.80000000000013 579.47426307314
27.90000000000013 579.4742630725355
28.00000000000013 579.474263071931
28.10000000000013 579.4742630713264
28.20000000000013 579.4742630707219
28.30000000000013 579.4742630701174
28.40000000000013 579.4742630695129
28.50000000000014 579.4742630689084
28.60000000000014 579.4742630683038
28.70000000000014 579.4742630676993
28.80000000000014 579.4742630670949
28.90000000000014 579.4742630664903
29.00000000000014 579.4742630658858
29.10000000000014 579.4742630652812
29.20000000000014 579.4742630646767
29.30000000000015 579.4742630640723
29.40000000000015 579.4742630634677
29.50000000000015 579.4742630628632
29.60000000000015 579.4742630622586
29.70000000000015 579.4742630616541
29.80000000000015 579.4742630610497
29.90000000000015 579.4742630604451
30.00000000000016 579.4742630598406
30.10000000000016 579.474263059236
30.20000000000016 579.4742630586315
30.30000000000016 579.4742630580271
30.40000000000016 579.4742630574225
30.50000000000016 579.474263056818
30.60000000000016 579.4742630562134
30.70000000000017 579.474263055609
30.80000000000017 579.4742630550045
30.90000000000017 579.4742630543999
31.00000000000017 579.4742630537954
31.10000000000017 579.4742630531908
31.20000000000017 579.4742630525864
31.30000000000017 579.4742630519819
31.40000000000018 579.4742630513773
31.50000000000018 579.4742630507728
31.60000000000018 579.4742630501682
31.70000000000018 579.4742630495638
31.80000000000018 579.4742630489593
31.90000000000018 579.4742630483547
32.00000000000018 579.4742630477502
32.10000000000019 579.4742630471457
32.20000000000019 579.4742630465412
32.30000000000019 579.4742630459367
32.40000000000019 579.4742630453321
32.50000000000019 579.4742630447276
32.60000000000019 579.4742630441231
32.70000000000019 579.4742630435186
32.8000000000002 579.4742630429141
32.9000000000002 579.4742630423095
33.0000000000002 579.4742630417051
33.1000000000002 579.4742630411005
33.2000000000002 579.474263040496
33.3000000000002 579.4742630398915
33.4000000000002 579.4742630392869
33.50000000000021 579.4742630386825
33.60000000000021 579.4742630380779
33.70000000000021 579.4742630374734
33.80000000000021 579.4742630368689
33.90000000000021 579.4742630362643
34.00000000000021 579.4742630356599
34.10000000000021 579.4742630350553
34.20000000000022 579.4742630344508
34.30000000000022 579.4742630338463
34.40000000000022 579.4742630332418
34.50000000000022 579.4742630326373
34.60000000000022 579.4742630320327
34.70000000000022 579.4742630314282
34.80000000000022 579.4742630308237
34.90000000000023 579.4742630302192
35.00000000000023 579.4742630296147
35.10000000000023 579.4742630290101
35.20000000000023 579.4742630284056
35.30000000000023 579.4742630278012
35.40000000000023 579.4742630271966
35.50000000000023 579.4742630265921
35.60000000000024 579.4742630259876
35.70000000000024 579.474263025383
35.80000000000024 579.4742630247786
35.90000000000024 579.4742630245793
36.00000000000024 579.4742630245773
36.10000000000024 579.4742630245754
36.20000000000024 579.4742630245735
36.30000000000025 579.4742630245714
36.40000000000025 579.4742630245695
36.50000000000025 579.4742630245676
36.60000000000025 579.4742630245656
36.70000000000025 579.4742630245636
36.80000000000025 579.4742630245617
36.90000000000025 579.4742630245597
37.00000000000026 579.4742630245578
37.10000000000026 579.4742630245557
37.20000000000026 579.4742630245538
37.30000000000026 579.4742630245519
37.40000000000026 579.4742630245499
37.50000000000026 579.4742630245479
37.60000000000026 579.474263024546
37.70000000000027 579.474263024544
37.80000000000027 579.4742630245421
37.90000000000027 579.4742630245402
38.00000000000027 579.4742630245381
38.10000000000027 579.4742630245362
38.20000000000027 579.4742630245343
38.30000000000027 579.4742630245323
38.40000000000028 579.4742630245303
38.50000000000028 579.4742630245283
38.60000000000028 579.4742630245264
38.70000000000028 579.4742630245245
38.80000000000028 579.4742630245224
38.90000000000028 579.4742630245205
39.00000000000028 579.4742630245186
39.10000000000029 579.4742630245166
39.20000000000029 579.4742630245146
39.30000000000029 579.4742630245127
39.40000000000029 579.4742630245107
39.50000000000029 579.4742630245088
39.60000000000029 579.4742630245067
39.70000000000029 579.4742630245048
39.8000000000003 579.4742630245029
39.9000000000003 579.4742630245009
40.0000000000003 579.4742630244989
40.1000000000003 579.474263024497
40.2000000000003 579.474263024495
40.3000000000003 579.4742630244931
40.4000000000003 579.4742630244911
40.50000000000031 579.4742630244891
40.60000000000031 579.4742630244872
40.70000000000031 579.4742630244853
40.80000000000031 579.4742630244832
40.90000000000031 579.4742630244813
41.00000000000031 579.4742630244793
41.10000000000031 579.4742630244774
41.20000000000032 579.4742630244754
41.30000000000032 579.4742630244734
41.40000000000032 579.4742630244715
41.50000000000032 579.4742630244696
41.60000000000032 579.4742630244675
41.70000000000032 579.4742630244656
41.80000000000032 579.4742630244637
41.90000000000033 579.4742630244617
42.00000000000033 579.4742630244597
42.10000000000033 579.4742630244577
42.20000000000033 579.4742630244558
42.30000000000033 579.4742630244539
42.40000000000033 579.4742630244518
42.50000000000033 579.4742630244499
42.60000000000034 579.474263024448
42.70000000000034 579.474263024446
42.80000000000034 579.474263024444
42.90000000000034 579.4742630244421
43.00000000000034 579.4742630244401
43.10000000000034 579.4742630244382
43.20000000000034 579.4742630244361
43.30000000000035 579.4742630244342
43.40000000000035 579.4742630244323
43.50000000000035 579.4742630244303
43.60000000000035 579.4742630244283
43.70000000000035 579.4742630244264
43.80000000000035 579.4742630244244
43.90000000000035 579.4742630244225
44.00000000000036 579.4742630244205
44.10000000000036 579.4742630244185
44.20000000000036 579.4742630244166
44.30000000000036 579.4742630244147
44.40000000000036 579.4742630244126
44.50000000000036 579.4742630244107
44.60000000000036 579.4742630244087
44.70000000000037 579.4742630244068
44.80000000000037 579.4742630244048
44.90000000000037 579.4742630244028
45.00000000000037 579.4742630244009
45.10000000000037 579.474263024399
45.20000000000037 579.4742630243969
45.30000000000037 579.474263024395
45.40000000000038 579.4742630243931
45.50000000000038 579.4742630243911
45.60000000000038 579.4742630243891
45.70000000000038 579.4742630243871
45.80000000000038 579.4742630243852
45.90000000000038 579.4742630243833
46.00000000000038 579.4742630243812
46.10000000000039 579.4742630243793
46.20000000000039 579.4742630243774
46.30000000000039 579.4742630243754
46.40000000000039 579.4742630243734
46.50000000000039 579.4742630243715
46.60000000000039 579.4742630243695
46.70000000000039 579.4742630243676
46.8000000000004 579.4742630243655
46.9000000000004 579.4742630243636
47.0000000000004 579.4742630243617
47.1000000000004 579.4742630243597
47.2000000000004 579.4742630243577
47.3000000000004 579.4742630243558
47.4000000000004 579.4742630243538
47.50000000000041 579.4742630243519
47.60000000000041 579.4742630243499
47.70000000000041 579.4742630243479
47.80000000000041 579.474263024346
47.90000000000041 579.4742630243441
48.00000000000041 579.474263024342
48.10000000000041 579.4742630243401
48.20000000000041 579.4742630243381
48.30000000000042 579.4742630243362
48.40000000000042 579.4742630243342
48.50000000000042 579.4742630243322
48.60000000000042 579.4742630243303
48.70000000000042 579.4742630243284
48.80000000000042 579.4742630243263
48.90000000000042 579.4742630243244
49.00000000000043 579.4742630243225
49.10000000000043 579.4742630243205
49.20000000000043 579.4742630243185
49.30000000000043 579.4742630243165
49.40000000000043 579.4742630243146
49.50000000000043 579.4742630243127
49.60000000000043 579.4742630243106
49.70000000000044 579.4742630243087
49.80000000000044 579.4742630243068
49.90000000000044 579.4742630243048