Time X1
0 250
0.1 259.4556728448194
0.2 270.6739999150117
0.3 284.0953063701166
0.4 300.2894610877075
0.5 319.9852964887183
0.6 344.0915991113076
0.7 373.6767825828027
0.7999999999999999 409.8345405190754
0.8999999999999999 453.3107661372827
0.9999999999999999 503.758786000999
1.1 558.7415070944105
1.2 613.3068260666989
1.3 661.3840151198392
1.4 698.6920642111398
1.5 724.5188040963035
1.6 740.8895602540132
1.7 750.6599332669638
1.8 756.2754467641043
1.900000000000001 759.4322298351342
2 761.1841186218721
2.100000000000001 762.1492551417431
2.200000000000001 762.6789975141794
2.300000000000001 762.9691701736375
2.400000000000001 763.1279309007753
2.500000000000001 763.21459140249
2.600000000000001 763.2620382919057
2.700000000000001 763.2879549725935
2.800000000000001 763.3020771024818
2.900000000000001 763.3098815207388
3.000000000000001 763.3142313868866
3.100000000000001 763.3165594728811
3.200000000000002 763.317796467891
3.300000000000002 763.3184360856673
3.400000000000002 763.318795054019
3.500000000000002 763.3190023448169
3.600000000000002 763.3191186148431
3.700000000000002 763.3191826528983
3.800000000000002 763.319218210026
3.900000000000002 763.3192381464968
4.000000000000002 763.3192605997805
4.100000000000001 763.319276477576
4.200000000000001 763.3192856474037
4.300000000000001 763.3192881092639
4.4 763.3192838631564
4.5 763.3192820067218
4.6 763.3192833665315
4.699999999999999 763.3192830273476
4.799999999999999 763.3192809891701
4.899999999999999 763.3192772519988
4.999999999999998 763.3192730029938
5.099999999999998 763.3192715962184
5.199999999999998 763.3192701894432
5.299999999999997 763.3192687826678
5.399999999999997 763.3192673758925
5.499999999999996 763.3192659691172
5.599999999999996 763.319265712483
5.699999999999996 763.3192656705453
5.799999999999995 763.3192656286076
5.899999999999995 763.31926558667
5.999999999999995 763.3192655447323
6.099999999999994 763.3192655027947
6.199999999999994 763.319265460857
6.299999999999994 763.3192654189194
6.399999999999993 763.3192653769817
6.499999999999993 763.319265335044
6.599999999999993 763.3192652931064
6.699999999999992 763.3192652511686
6.799999999999992 763.319265209231
6.899999999999991 763.3192651672933
6.999999999999991 763.3192651253557
7.099999999999991 763.319265083418
7.19999999999999 763.3192650414803
7.29999999999999 763.3192649995427
7.39999999999999 763.319264957605
7.499999999999989 763.3192649156674
7.599999999999989 763.3192648737297
7.699999999999989 763.3192648317921
7.799999999999988 763.3192647898544
7.899999999999988 763.3192647479167
7.999999999999988 763.3192647059791
8.099999999999987 763.3192646640414
8.199999999999987 763.3192646221038
8.299999999999986 763.3192645801661
8.399999999999986 763.3192645382285
8.499999999999986 763.3192644962908
8.599999999999985 763.3192644543531
8.699999999999985 763.3192644124155
8.799999999999985 763.3192643704778
8.899999999999984 763.3192643285402
8.999999999999984 763.3192642866024
9.099999999999984 763.3192642446649
9.199999999999983 763.3192642027271
9.299999999999983 763.3192641607894
9.399999999999983 763.3192641188518
9.499999999999982 763.3192640769141
9.599999999999982 763.3192640349765
9.699999999999982 763.3192639930388
9.799999999999981 763.3192639511012
9.899999999999981 763.3192639091635
9.99999999999998 763.3192638672258
10.09999999999998 763.3192638252882
10.19999999999998 763.3192637833505
10.29999999999998 763.3192637414129
10.39999999999998 763.3192636994752
10.49999999999998 763.3192636575376
10.59999999999998 763.3192636155999
10.69999999999998 763.3192635736622
10.79999999999998 763.3192635317246
10.89999999999998 763.319263490733
10.99999999999998 763.3192634894825
11.09999999999998 763.319263488232
11.19999999999998 763.3192634869815
11.29999999999998 763.319263485731
11.39999999999998 763.3192634844805
11.49999999999998 763.31926348323
11.59999999999997 763.3192634819795
11.69999999999997 763.319263480729
11.79999999999997 763.3192634794785
11.89999999999997 763.319263478228
11.99999999999997 763.3192634769775
12.09999999999997 763.319263475727
12.19999999999997 763.3192634744765
12.29999999999997 763.3192634732261
12.39999999999997 763.3192634719755
12.49999999999997 763.3192634707251
12.59999999999997 763.3192634694745
12.69999999999997 763.3192634682241
12.79999999999997 763.3192634669736
12.89999999999997 763.3192634657231
12.99999999999997 763.3192634644726
13.09999999999997 763.3192634632221
13.19999999999997 763.3192634619716
13.29999999999997 763.3192634607211
13.39999999999997 763.3192634594706
13.49999999999997 763.3192634582201
13.59999999999997 763.3192634569697
13.69999999999997 763.3192634557191
13.79999999999997 763.3192634544687
13.89999999999997 763.3192634532181
13.99999999999997 763.3192634519677
14.09999999999997 763.3192634507171
14.19999999999997 763.3192634494667
14.29999999999997 763.3192634482161
14.39999999999996 763.3192634469657
14.49999999999996 763.3192634457151
14.59999999999996 763.3192634444647
14.69999999999996 763.3192634432143
14.79999999999996 763.3192634419637
14.89999999999996 763.3192634407133
14.99999999999996 763.3192634394627
15.09999999999996 763.3192634382123
15.19999999999996 763.3192634369617
15.29999999999996 763.3192634357113
15.39999999999996 763.3192634344607
15.49999999999996 763.3192634332103
15.59999999999996 763.3192634319597
15.69999999999996 763.3192634307093
15.79999999999996 763.3192634294587
15.89999999999996 763.3192634282083
15.99999999999996 763.3192634269578
16.09999999999996 763.3192634257073
16.19999999999996 763.3192634244568
16.29999999999996 763.3192634234605
16.39999999999996 763.3192634234566
16.49999999999996 763.3192634234528
16.59999999999997 763.3192634234489
16.69999999999997 763.3192634234451
16.79999999999997 763.3192634234413
16.89999999999997 763.3192634234374
16.99999999999997 763.3192634234337
17.09999999999997 763.3192634234298
17.19999999999997 763.3192634234259
17.29999999999998 763.3192634234221
17.39999999999998 763.3192634234183
17.49999999999998 763.3192634234144
17.59999999999998 763.3192634234106
17.69999999999998 763.3192634234068
17.79999999999998 763.319263423403
17.89999999999998 763.3192634233991
17.99999999999999 763.3192634233952
18.09999999999999 763.3192634233915
18.19999999999999 763.3192634233876
18.29999999999999 763.3192634233837
18.39999999999999 763.31926342338
18.49999999999999 763.3192634233761
18.59999999999999 763.3192634233723
18.7 763.3192634233685
18.8 763.3192634233646
18.9 763.3192634233608
19 763.3192634233569
19.1 763.3192634233532
19.2 763.3192634233493
19.3 763.3192634233454
19.40000000000001 763.3192634233417
19.50000000000001 763.3192634233378
19.60000000000001 763.319263423334
19.70000000000001 763.3192634233301
19.80000000000001 763.3192634233263
19.90000000000001 763.3192634233225
20.00000000000001 763.3192634233186
20.10000000000002 763.3192634233149
20.20000000000002 763.319263423311
20.30000000000002 763.3192634233071
20.40000000000002 763.3192634233033
20.50000000000002 763.3192634232995
20.60000000000002 763.3192634232956
20.70000000000002 763.3192634232918
20.80000000000003 763.319263423288
20.90000000000003 763.3192634232842
21.00000000000003 763.3192634232803
21.10000000000003 763.3192634232764
21.20000000000003 763.3192634232727
21.30000000000003 763.3192634232688
21.40000000000003 763.3192634232649
21.50000000000004 763.3192634232612
21.60000000000004 763.3192634232573
21.70000000000004 763.3192634232535
21.80000000000004 763.3192634232496
21.90000000000004 763.3192634232458
22.00000000000004 763.319263423242
22.10000000000004 763.3192634232381
22.20000000000005 763.3192634232344
22.30000000000005 763.3192634232305
22.40000000000005 763.3192634232266
22.50000000000005 763.3192634232228
22.60000000000005 763.319263423219
22.70000000000005 763.3192634232151
22.80000000000005 763.3192634232113
22.90000000000006 763.3192634232075
23.00000000000006 763.3192634232037
23.10000000000006 763.3192634231998
23.20000000000006 763.3192634231959
23.30000000000006 763.3192634231922
23.40000000000006 763.3192634231883
23.50000000000006 763.3192634231845
23.60000000000007 763.3192634231807
23.70000000000007 763.3192634231768
23.80000000000007 763.319263423173
23.90000000000007 763.3192634231692
24.00000000000007 763.3192634231654
24.10000000000007 763.3192634231615
24.20000000000007 763.3192634231576
24.30000000000008 763.3192634231539
24.40000000000008 763.31926342315
24.50000000000008 763.3192634231461
24.60000000000008 763.3192634231424
24.70000000000008 763.3192634231385
24.80000000000008 763.3192634231347
24.90000000000008 763.3192634231308
25.00000000000009 763.319263423127
25.10000000000009 763.3192634231232
25.20000000000009 763.3192634231193
25.30000000000009 763.3192634231156
25.40000000000009 763.3192634231117
25.50000000000009 763.3192634231078
25.60000000000009 763.319263423104
25.7000000000001 763.3192634231002
25.8000000000001 763.3192634230963
25.9000000000001 763.3192634230925
26.0000000000001 763.3192634230887
26.1000000000001 763.3192634230849
26.2000000000001 763.319263423081
26.3000000000001 763.3192634230771
26.40000000000011 763.3192634230734
26.50000000000011 763.3192634230695
26.60000000000011 763.3192634230656
26.70000000000011 763.3192634230619
26.80000000000011 763.319263423058
26.90000000000011 763.3192634230542
27.00000000000011 763.3192634230503
27.10000000000012 763.3192634230466
27.20000000000012 763.3192634230427
27.30000000000012 763.3192634230388
27.40000000000012 763.3192634230351
27.50000000000012 763.3192634230312
27.60000000000012 763.3192634230273
27.70000000000012 763.3192634230235
27.80000000000013 763.3192634230197
27.90000000000013 763.3192634230159
28.00000000000013 763.319263423012
28.10000000000013 763.3192634230082
28.20000000000013 763.3192634230044
28.30000000000013 763.3192634230005
28.40000000000013 763.3192634229966
28.50000000000014 763.3192634229929
28.60000000000014 763.319263422989
28.70000000000014 763.3192634229852
28.80000000000014 763.3192634229814
28.90000000000014 763.3192634229775
29.00000000000014 763.3192634229737
29.10000000000014 763.3192634229698
29.20000000000014 763.3192634229661
29.30000000000015 763.3192634229622
29.40000000000015 763.3192634229583
29.50000000000015 763.3192634229546
29.60000000000015 763.3192634229507
29.70000000000015 763.3192634229468
29.80000000000015 763.3192634229431
29.90000000000015 763.3192634229392
30.00000000000016 763.3192634229354
30.10000000000016 763.3192634229315
30.20000000000016 763.3192634229277
30.30000000000016 763.3192634229239
30.40000000000016 763.31926342292
30.50000000000016 763.3192634229163
30.60000000000016 763.3192634229124
30.70000000000017 763.3192634229085
30.80000000000017 763.3192634229047
30.90000000000017 763.3192634229009
31.00000000000017 763.3192634228971
31.10000000000017 763.3192634228932
31.20000000000017 763.3192634228894
31.30000000000017 763.3192634228856
31.40000000000018 763.3192634228817
31.50000000000018 763.3192634228778
31.60000000000018 763.3192634228741
31.70000000000018 763.3192634228702
31.80000000000018 763.3192634228664
31.90000000000018 763.3192634228626
32.00000000000018 763.3192634228587
32.10000000000019 763.3192634228549
32.20000000000019 763.319263422851
32.30000000000019 763.3192634228473
32.40000000000019 763.3192634228434
32.50000000000019 763.3192634228395
32.60000000000019 763.3192634228358
32.70000000000019 763.3192634228319
32.8000000000002 763.319263422828
32.9000000000002 763.3192634228242
33.0000000000002 763.3192634228204
33.1000000000002 763.3192634228166
33.2000000000002 763.3192634228127
33.3000000000002 763.3192634228089
33.4000000000002 763.3192634228051
33.50000000000021 763.3192634228012
33.60000000000021 763.3192634227973
33.70000000000021 763.3192634227936
33.80000000000021 763.3192634227897
33.90000000000021 763.3192634227859
34.00000000000021 763.3192634227821
34.10000000000021 763.3192634227782
34.20000000000022 763.3192634227744
34.30000000000022 763.3192634227705
34.40000000000022 763.3192634227668
34.50000000000022 763.3192634227629
34.60000000000022 763.319263422759
34.70000000000022 763.3192634227553
34.80000000000022 763.3192634227514
34.90000000000023 763.3192634227476
35.00000000000023 763.3192634227437
35.10000000000023 763.3192634227399
35.20000000000023 763.3192634227361
35.30000000000023 763.3192634227322
35.40000000000023 763.3192634227285
35.50000000000023 763.3192634227246
35.60000000000024 763.3192634227207
35.70000000000024 763.319263422717
35.80000000000024 763.3192634227131
35.90000000000024 763.3192634227092
36.00000000000024 763.3192634227054
36.10000000000024 763.3192634227016
36.20000000000024 763.3192634226978
36.30000000000025 763.3192634226939
36.40000000000025 763.3192634226901
36.50000000000025 763.3192634226863
36.60000000000025 763.3192634226824
36.70000000000025 763.3192634226785
36.80000000000025 763.3192634226748
36.90000000000025 763.3192634226709
37.00000000000026 763.3192634226671
37.10000000000026 763.3192634226633
37.20000000000026 763.3192634226594
37.30000000000026 763.3192634226556
37.40000000000026 763.3192634226517
37.50000000000026 763.319263422648
37.60000000000026 763.3192634226441
37.70000000000027 763.3192634226402
37.80000000000027 763.3192634226365
37.90000000000027 763.3192634226326
38.00000000000027 763.3192634226288
38.10000000000027 763.3192634226249
38.20000000000027 763.3192634226211
38.30000000000027 763.3192634226173
38.40000000000028 763.3192634226134
38.50000000000028 763.3192634226097
38.60000000000028 763.3192634226058
38.70000000000028 763.3192634226019
38.80000000000028 763.3192634225981
38.90000000000028 763.3192634225943
39.00000000000028 763.3192634225904
39.10000000000029 763.3192634225866
39.20000000000029 763.3192634225828
39.30000000000029 763.319263422579
39.40000000000029 763.3192634225751
39.50000000000029 763.3192634225712
39.60000000000029 763.3192634225675
39.70000000000029 763.3192634225636
39.8000000000003 763.3192634225597
39.9000000000003 763.319263422556
40.0000000000003 763.3192634225521
40.1000000000003 763.3192634225483
40.2000000000003 763.3192634225444
40.3000000000003 763.3192634225406
40.4000000000003 763.3192634225368
40.50000000000031 763.3192634225329
40.60000000000031 763.3192634225292
40.70000000000031 763.3192634225253
40.80000000000031 763.3192634225214
40.90000000000031 763.3192634225177
41.00000000000031 763.3192634225138
41.10000000000031 763.3192634225099
41.20000000000032 763.3192634225061
41.30000000000032 763.3192634225023
41.40000000000032 763.3192634224985
41.50000000000032 763.3192634224946
41.60000000000032 763.3192634224908
41.70000000000032 763.319263422487
41.80000000000032 763.3192634224831
41.90000000000033 763.3192634224793
42.00000000000033 763.3192634224755
42.10000000000033 763.3192634224716
42.20000000000033 763.3192634224678
42.30000000000033 763.319263422464
42.40000000000033 763.3192634224602
42.50000000000033 763.3192634224563
42.60000000000034 763.3192634224524
42.70000000000034 763.3192634224487
42.80000000000034 763.3192634224448
42.90000000000034 763.3192634224409
43.00000000000034 763.3192634224372
43.10000000000034 763.3192634224333
43.20000000000034 763.3192634224295
43.30000000000035 763.3192634224256
43.40000000000035 763.3192634224218
43.50000000000035 763.319263422418
43.60000000000035 763.3192634224141
43.70000000000035 763.3192634224104
43.80000000000035 763.3192634224065
43.90000000000035 763.3192634224026
44.00000000000036 763.3192634223988
44.10000000000036 763.319263422395
44.20000000000036 763.3192634223911
44.30000000000036 763.3192634223873
44.40000000000036 763.3192634223835
44.50000000000036 763.3192634223797
44.60000000000036 763.3192634223758
44.70000000000037 763.3192634223719
44.80000000000037 763.3192634223682
44.90000000000037 763.3192634223643
45.00000000000037 763.3192634223605
45.10000000000037 763.3192634223567
45.20000000000037 763.3192634223528
45.30000000000037 763.319263422349
45.40000000000038 763.3192634223451
45.50000000000038 763.3192634223414
45.60000000000038 763.3192634223375
45.70000000000038 763.3192634223336
45.80000000000038 763.3192634223299
45.90000000000038 763.319263422326
46.00000000000038 763.3192634223221
46.10000000000039 763.3192634223183
46.20000000000039 763.3192634223145
46.30000000000039 763.3192634223107
46.40000000000039 763.3192634223068
46.50000000000039 763.319263422303
46.60000000000039 763.3192634222992
46.70000000000039 763.3192634222953
46.8000000000004 763.3192634222916
46.9000000000004 763.3192634222877
47.0000000000004 763.3192634222838
47.1000000000004 763.31926342228
47.2000000000004 763.3192634222762
47.3000000000004 763.3192634222723
47.4000000000004 763.3192634222685
47.50000000000041 763.3192634222647
47.60000000000041 763.3192634222609
47.70000000000041 763.319263422257
47.80000000000041 763.3192634222531
47.90000000000041 763.3192634222494
48.00000000000041 763.3192634222455
48.10000000000041 763.3192634222416
48.20000000000041 763.3192634222379
48.30000000000042 763.319263422234
48.40000000000042 763.3192634222302
48.50000000000042 763.3192634222263
48.60000000000042 763.3192634222225
48.70000000000042 763.3192634222187
48.80000000000042 763.3192634222148
48.90000000000042 763.3192634222111
49.00000000000043 763.3192634222072
49.10000000000043 763.3192634222033
49.20000000000043 763.3192634221995
49.30000000000043 763.3192634221957
49.40000000000043 763.3192634221919
49.50000000000043 763.319263422188
49.60000000000043 763.3192634221842
49.70000000000044 763.3192634221804
49.80000000000044 763.3192634221765
49.90000000000044 763.3192634221726