Time X1
0 250
0.1 250.4908353283531
0.2 251.0283728497964
0.3 251.61691549877
0.4 252.2619800307496
0.5 252.9691120918237
0.6 253.7445332357268
0.7 254.5951128586516
0.7999999999999999 255.5284890198551
0.8999999999999999 256.5531729976287
0.9999999999999999 257.6786935160644
1.1 258.9156179056844
1.2 260.2757423304446
1.3 261.7721866945724
1.4 263.4196247347738
1.5 265.234461380844
1.6 267.2351910924559
1.7 269.4423263372005
1.8 271.8790789002205
1.900000000000001 274.5713920015132
2 277.5484193209051
2.100000000000001 280.8429702714459
2.200000000000001 284.491748963682
2.300000000000001 288.5357605836734
2.400000000000001 293.0207248128097
2.500000000000001 297.9974233935748
2.600000000000001 303.5217075844153
2.700000000000001 309.6545423643678
2.800000000000001 316.461454661752
2.900000000000001 324.0113121544002
3.000000000000001 332.3744103995739
3.100000000000001 341.6184718926195
3.200000000000002 351.8047247907027
3.300000000000002 362.9791374960407
3.400000000000002 375.1636465805077
3.500000000000002 388.3436608203835
3.600000000000002 402.4543962216061
3.700000000000002 417.3679680227612
3.800000000000002 432.8832440102569
3.900000000000002 448.7242719700909
4.000000000000002 464.5538333408355
4.100000000000001 479.9971343450476
4.200000000000001 494.6807207640412
4.300000000000001 508.274816645186
4.4 520.5301911218767
4.5 531.3001646794434
4.6 540.5433112946729
4.699999999999999 548.3090522171933
4.799999999999999 554.7135063445006
4.899999999999999 559.912514571596
4.999999999999998 564.0778913868718
5.099999999999998 567.3795041157815
5.199999999999998 569.9737662203381
5.299999999999997 571.9982571249678
5.399999999999997 573.5696177303093
5.499999999999996 574.7841194461081
5.599999999999996 575.7197359914736
5.699999999999996 576.4386867014761
5.799999999999995 576.9900580532253
5.899999999999995 577.4122578793324
5.999999999999995 577.7351929548404
6.099999999999994 577.9819793575368
6.199999999999994 578.1704385268672
6.299999999999994 578.3142833725597
6.399999999999993 578.4240356323222
6.499999999999993 578.5077423975616
6.599999999999993 578.5715668027158
6.699999999999992 578.6202693878994
6.799999999999992 578.6573855856483
6.899999999999991 578.6856598957389
6.999999999999991 578.7071774129823
7.099999999999991 578.7236100547456
7.19999999999999 578.7361004518625
7.29999999999999 578.7456193367402
7.39999999999999 578.7528603755452
7.499999999999989 578.758373847319
7.599999999999989 578.7626043338045
7.699999999999989 578.7658535317466
7.799999999999988 578.7684389971834
7.899999999999988 578.770228711612
7.999999999999988 578.7716646011687
8.099999999999987 578.7727823723114
8.199999999999987 578.7735976848763
8.299999999999986 578.774214217812
8.399999999999986 578.7746640570577
8.499999999999986 578.7750078866864
8.599999999999985 578.7752716480663
8.699999999999985 578.7754771915691
8.799999999999985 578.7756382519846
8.899999999999984 578.7757633896641
8.999999999999984 578.7758608466064
9.099999999999984 578.7759350824724
9.199999999999983 578.7759927290874
9.299999999999983 578.7760360409469
9.399999999999983 578.7760698752533
9.499999999999982 578.7760953077225
9.599999999999982 578.7761152913047
9.699999999999982 578.7761303900559
9.799999999999981 578.776142260372
9.899999999999981 578.7761512462516
9.99999999999998 578.7761582861801
10.09999999999998 578.7761649113482
10.19999999999998 578.7761730960713
10.29999999999998 578.7761802208383
10.39999999999998 578.7761862856496
10.49999999999998 578.7761912905049
10.59999999999998 578.7761952354043
10.69999999999998 578.7761981203478
10.79999999999998 578.7761999453354
10.89999999999998 578.7762007103671
10.99999999999998 578.776200415443
11.09999999999998 578.7761990605629
11.19999999999998 578.7761966457269
11.29999999999998 578.7761951358109
11.39999999999998 578.7761960284695
11.49999999999998 578.7761966522779
11.59999999999997 578.776197007236
11.69999999999997 578.7761970933439
11.79999999999997 578.7761969106015
11.89999999999997 578.7761964590087
11.99999999999997 578.7761957385658
12.09999999999997 578.7761947492726
12.19999999999997 578.7761934911291
12.29999999999997 578.7761919641354
12.39999999999997 578.7761901682914
12.49999999999997 578.7761890199293
12.59999999999997 578.7761885246963
12.69999999999997 578.7761880294634
12.79999999999997 578.7761875342303
12.89999999999997 578.7761870389974
12.99999999999997 578.7761865437643
13.09999999999997 578.7761860485314
13.19999999999997 578.7761855532983
13.29999999999997 578.7761850580654
13.39999999999997 578.7761845628324
13.49999999999997 578.7761840675994
13.59999999999997 578.7761835723664
13.69999999999997 578.7761833529914
13.79999999999997 578.7761833381585
13.89999999999997 578.7761833233255
13.99999999999997 578.7761833084925
14.09999999999997 578.7761832936595
14.19999999999997 578.7761832788265
14.29999999999997 578.7761832639935
14.39999999999996 578.7761832491606
14.49999999999996 578.7761832343275
14.59999999999996 578.7761832194946
14.69999999999996 578.7761832046615
14.79999999999996 578.7761831898285
14.89999999999996 578.7761831749956
14.99999999999996 578.7761831601625
15.09999999999996 578.7761831453296
15.19999999999996 578.7761831304965
15.29999999999996 578.7761831156636
15.39999999999996 578.7761831008306
15.49999999999996 578.7761830859976
15.59999999999996 578.7761830711646
15.69999999999996 578.7761830563315
15.79999999999996 578.7761830414986
15.89999999999996 578.7761830266656
15.99999999999996 578.7761830118326
16.09999999999996 578.7761829969996
16.19999999999996 578.7761829821666
16.29999999999996 578.7761829673336
16.39999999999996 578.7761829525007
16.49999999999996 578.7761829376676
16.59999999999997 578.7761829228347
16.69999999999997 578.7761829080016
16.79999999999997 578.7761828931687
16.89999999999997 578.7761828783357
16.99999999999997 578.7761828635026
17.09999999999997 578.7761828486697
17.19999999999997 578.7761828338366
17.29999999999998 578.7761828190037
17.39999999999998 578.7761828041707
17.49999999999998 578.7761827893377
17.59999999999998 578.7761827745047
17.69999999999998 578.7761827596717
17.79999999999998 578.7761827448387
17.89999999999998 578.7761827300058
17.99999999999999 578.7761827151727
18.09999999999999 578.7761827003397
18.19999999999999 578.7761826855067
18.29999999999999 578.7761826706737
18.39999999999999 578.7761826558408
18.49999999999999 578.7761826410077
18.59999999999999 578.7761826261748
18.7 578.7761826113417
18.8 578.7761825965088
18.9 578.7761825816758
19 578.7761825668427
19.1 578.7761825520098
19.2 578.7761825371767
19.3 578.7761825223438
19.40000000000001 578.7761825075108
19.50000000000001 578.7761824926778
19.60000000000001 578.7761824778448
19.70000000000001 578.7761824630118
19.80000000000001 578.7761824481788
19.90000000000001 578.7761824333459
20.00000000000001 578.7761824185128
20.10000000000002 578.7761824036799
20.20000000000002 578.7761823888468
20.30000000000002 578.7761823740138
20.40000000000002 578.7761823591809
20.50000000000002 578.7761823443478
20.60000000000002 578.7761823295149
20.70000000000002 578.7761823146818
20.80000000000003 578.7761822998489
20.90000000000003 578.7761822850159
21.00000000000003 578.7761822701829
21.10000000000003 578.7761822553499
21.20000000000003 578.7761822405168
21.30000000000003 578.7761822256839
21.40000000000003 578.7761822108509
21.50000000000004 578.7761821960179
21.60000000000004 578.7761821811849
21.70000000000004 578.7761821663519
21.80000000000004 578.7761821515189
21.90000000000004 578.776182136686
22.00000000000004 578.7761821218529
22.10000000000004 578.77618210702
22.20000000000005 578.7761820921869
22.30000000000005 578.776182077354
22.40000000000005 578.776182062521
22.50000000000005 578.7761820476879
22.60000000000005 578.776182032855
22.70000000000005 578.7761820180219
22.80000000000005 578.776182003189
22.90000000000006 578.776181988356
23.00000000000006 578.776181973523
23.10000000000006 578.77618195869
23.20000000000006 578.776181943857
23.30000000000006 578.776181929024
23.40000000000006 578.7761819141911
23.50000000000006 578.776181899358
23.60000000000007 578.776181884525
23.70000000000007 578.776181869692
23.80000000000007 578.776181854859
23.90000000000007 578.7761818400261
24.00000000000007 578.776181825193
24.10000000000007 578.7761818103601
24.20000000000007 578.776181795527
24.30000000000008 578.7761817806941
24.40000000000008 578.7761817658611
24.50000000000008 578.776181751028
24.60000000000008 578.7761817361951
24.70000000000008 578.776181721362
24.80000000000008 578.7761817065291
24.90000000000008 578.7761816916961
25.00000000000009 578.7761816768631
25.10000000000009 578.7761816620301
25.20000000000009 578.7761816471971
25.30000000000009 578.7761816323641
25.40000000000009 578.7761816175312
25.50000000000009 578.7761816026981
25.60000000000009 578.7761815940378
25.7000000000001 578.7761815935934
25.8000000000001 578.776181593149
25.9000000000001 578.7761815927047
26.0000000000001 578.7761815922603
26.1000000000001 578.7761815918159
26.2000000000001 578.7761815913715
26.3000000000001 578.7761815909272
26.40000000000011 578.7761815904828
26.50000000000011 578.7761815900384
26.60000000000011 578.776181589594
26.70000000000011 578.7761815891497
26.80000000000011 578.7761815887053
26.90000000000011 578.7761815882609
27.00000000000011 578.7761815878165
27.10000000000012 578.7761815873722
27.20000000000012 578.7761815869278
27.30000000000012 578.7761815864834
27.40000000000012 578.776181586039
27.50000000000012 578.7761815855947
27.60000000000012 578.7761815851503
27.70000000000012 578.7761815847059
27.80000000000013 578.7761815842615
27.90000000000013 578.7761815838172
28.00000000000013 578.7761815833728
28.10000000000013 578.7761815829284
28.20000000000013 578.776181582484
28.30000000000013 578.7761815820397
28.40000000000013 578.7761815815953
28.50000000000014 578.7761815811509
28.60000000000014 578.7761815807065
28.70000000000014 578.7761815802621
28.80000000000014 578.7761815798178
28.90000000000014 578.7761815793734
29.00000000000014 578.776181578929
29.10000000000014 578.7761815784846
29.20000000000014 578.7761815780403
29.30000000000015 578.7761815775959
29.40000000000015 578.7761815771515
29.50000000000015 578.7761815767071
29.60000000000015 578.7761815762628
29.70000000000015 578.7761815758184
29.80000000000015 578.776181575374
29.90000000000015 578.7761815749296
30.00000000000016 578.7761815744853
30.10000000000016 578.7761815740409
30.20000000000016 578.7761815735965
30.30000000000016 578.7761815731521
30.40000000000016 578.7761815727079
30.50000000000016 578.7761815722635
30.60000000000016 578.7761815718191
30.70000000000017 578.7761815713747
30.80000000000017 578.7761815709304
30.90000000000017 578.776181570486
31.00000000000017 578.7761815700416
31.10000000000017 578.7761815695972
31.20000000000017 578.7761815691529
31.30000000000017 578.7761815687085
31.40000000000018 578.7761815682641
31.50000000000018 578.7761815678197
31.60000000000018 578.7761815673754
31.70000000000018 578.776181566931
31.80000000000018 578.7761815664866
31.90000000000018 578.7761815660422
32.00000000000018 578.7761815655978
32.10000000000019 578.7761815651535
32.20000000000019 578.7761815647091
32.30000000000019 578.7761815642647
32.40000000000019 578.7761815638203
32.50000000000019 578.776181563376
32.60000000000019 578.7761815629316
32.70000000000019 578.7761815624872
32.8000000000002 578.7761815620428
32.9000000000002 578.7761815615985
33.0000000000002 578.7761815611541
33.1000000000002 578.7761815607097
33.2000000000002 578.7761815602653
33.3000000000002 578.776181559821
33.4000000000002 578.7761815593766
33.50000000000021 578.7761815589322
33.60000000000021 578.7761815584878
33.70000000000021 578.7761815580435
33.80000000000021 578.7761815575991
33.90000000000021 578.7761815571547
34.00000000000021 578.7761815567103
34.10000000000021 578.776181556266
34.20000000000022 578.7761815558216
34.30000000000022 578.7761815553772
34.40000000000022 578.7761815549328
34.50000000000022 578.7761815544885
34.60000000000022 578.7761815540441
34.70000000000022 578.7761815535997
34.80000000000022 578.7761815531553
34.90000000000023 578.776181552711
35.00000000000023 578.7761815522666
35.10000000000023 578.7761815518222
35.20000000000023 578.7761815513778
35.30000000000023 578.7761815509334
35.40000000000023 578.7761815504891
35.50000000000023 578.7761815500447
35.60000000000024 578.7761815496003
35.70000000000024 578.7761815491559
35.80000000000024 578.7761815487116
35.90000000000024 578.7761815482672
36.00000000000024 578.7761815478228
36.10000000000024 578.7761815473784
36.20000000000024 578.7761815469341
36.30000000000025 578.7761815464897
36.40000000000025 578.7761815460453
36.50000000000025 578.7761815456009
36.60000000000025 578.7761815451566
36.70000000000025 578.7761815447122
36.80000000000025 578.7761815442678
36.90000000000025 578.7761815438234
37.00000000000026 578.7761815433792
37.10000000000026 578.7761815429348
37.20000000000026 578.7761815424903
37.30000000000026 578.7761815420459
37.40000000000026 578.7761815416017
37.50000000000026 578.776181541283
37.60000000000026 578.7761815412816
37.70000000000027 578.7761815412803
37.80000000000027 578.7761815412789
37.90000000000027 578.7761815412775
38.00000000000027 578.7761815412762
38.10000000000027 578.7761815412748
38.20000000000027 578.7761815412734
38.30000000000027 578.7761815412721
38.40000000000028 578.7761815412707
38.50000000000028 578.7761815412694
38.60000000000028 578.776181541268
38.70000000000028 578.7761815412666
38.80000000000028 578.7761815412653
38.90000000000028 578.7761815412639
39.00000000000028 578.7761815412625
39.10000000000029 578.7761815412612
39.20000000000029 578.7761815412598
39.30000000000029 578.7761815412584
39.40000000000029 578.776181541257
39.50000000000029 578.7761815412556
39.60000000000029 578.7761815412542
39.70000000000029 578.7761815412529
39.8000000000003 578.7761815412515
39.9000000000003 578.7761815412501
40.0000000000003 578.7761815412488
40.1000000000003 578.7761815412474
40.2000000000003 578.776181541246
40.3000000000003 578.7761815412447
40.4000000000003 578.7761815412433
40.50000000000031 578.776181541242
40.60000000000031 578.7761815412406
40.70000000000031 578.7761815412392
40.80000000000031 578.7761815412379
40.90000000000031 578.7761815412365
41.00000000000031 578.7761815412351
41.10000000000031 578.7761815412338
41.20000000000032 578.7761815412324
41.30000000000032 578.776181541231
41.40000000000032 578.7761815412297
41.50000000000032 578.7761815412283
41.60000000000032 578.7761815412269
41.70000000000032 578.7761815412256
41.80000000000032 578.7761815412242
41.90000000000033 578.7761815412229
42.00000000000033 578.7761815412214
42.10000000000033 578.77618154122
42.20000000000033 578.7761815412186
42.30000000000033 578.7761815412173
42.40000000000033 578.7761815412159
42.50000000000033 578.7761815412146
42.60000000000034 578.7761815412132
42.70000000000034 578.7761815412118
42.80000000000034 578.7761815412105
42.90000000000034 578.7761815412091
43.00000000000034 578.7761815412077
43.10000000000034 578.7761815412064
43.20000000000034 578.776181541205
43.30000000000035 578.7761815412036
43.40000000000035 578.7761815412023
43.50000000000035 578.7761815412009
43.60000000000035 578.7761815411995
43.70000000000035 578.7761815411982
43.80000000000035 578.7761815411968
43.90000000000035 578.7761815411955
44.00000000000036 578.7761815411941
44.10000000000036 578.7761815411927
44.20000000000036 578.7761815411914
44.30000000000036 578.77618154119
44.40000000000036 578.7761815411886
44.50000000000036 578.7761815411873
44.60000000000036 578.7761815411858
44.70000000000037 578.7761815411844
44.80000000000037 578.7761815411831
44.90000000000037 578.7761815411817
45.00000000000037 578.7761815411803
45.10000000000037 578.776181541179
45.20000000000037 578.7761815411776
45.30000000000037 578.7761815411762
45.40000000000038 578.7761815411749
45.50000000000038 578.7761815411735
45.60000000000038 578.7761815411721
45.70000000000038 578.7761815411708
45.80000000000038 578.7761815411694
45.90000000000038 578.7761815411681
46.00000000000038 578.7761815411667
46.10000000000039 578.7761815411653
46.20000000000039 578.776181541164
46.30000000000039 578.7761815411626
46.40000000000039 578.7761815411612
46.50000000000039 578.7761815411599
46.60000000000039 578.7761815411585
46.70000000000039 578.7761815411571
46.8000000000004 578.7761815411558
46.9000000000004 578.7761815411544
47.0000000000004 578.7761815411531
47.1000000000004 578.7761815411516
47.2000000000004 578.7761815411502
47.3000000000004 578.7761815411488
47.4000000000004 578.7761815411475
47.50000000000041 578.7761815411461
47.60000000000041 578.7761815411448
47.70000000000041 578.7761815411434
47.80000000000041 578.776181541142
47.90000000000041 578.7761815411407
48.00000000000041 578.7761815411393
48.10000000000041 578.7761815411379
48.20000000000041 578.7761815411366
48.30000000000042 578.7761815411352
48.40000000000042 578.7761815411338
48.50000000000042 578.7761815411325
48.60000000000042 578.7761815411311
48.70000000000042 578.7761815411297
48.80000000000042 578.7761815411284
48.90000000000042 578.776181541127
49.00000000000043 578.7761815411257
49.10000000000043 578.7761815411243
49.20000000000043 578.7761815411229
49.30000000000043 578.7761815411216
49.40000000000043 578.7761815411202
49.50000000000043 578.7761815411188
49.60000000000043 578.7761815411175
49.70000000000044 578.776181541116
49.80000000000044 578.7761815411146
49.90000000000044 578.7761815411133