Time X1
0 250
0.1 250.2178281779223
0.2 250.4555382692333
0.3 250.7151685599042
0.4 250.9983648645596
0.5 251.3077205380405
0.6 251.6456488927564
0.7 252.0147633015514
0.7999999999999999 252.4181267441015
0.8999999999999999 252.8587352533983
0.9999999999999999 253.3403552449058
1.1 253.8668162162712
1.2 254.4424805379827
1.3 255.072132649561
1.4 255.7610336129872
1.5 256.5150028690216
1.6 257.3404607578969
1.7 258.2444371880218
1.8 259.2348665595416
1.900000000000001 260.3203536161911
2 261.5106804629044
2.100000000000001 262.816440193488
2.200000000000001 264.2495766609512
2.300000000000001 265.823356118219
2.400000000000001 267.5524903816351
2.500000000000001 269.4534521591667
2.600000000000001 271.5445988472495
2.700000000000001 273.8463937482496
2.800000000000001 276.3816050739927
2.900000000000001 279.1756293084377
3.000000000000001 282.2568468929258
3.100000000000001 285.656724443267
3.200000000000002 289.4102723300555
3.300000000000002 293.5562317288848
3.400000000000002 298.1371551339183
3.500000000000002 303.1995594319895
3.600000000000002 308.7941093561902
3.700000000000002 314.9743491808907
3.800000000000002 321.7965715368226
3.900000000000002 329.3176116991104
4.000000000000002 337.5936645382943
4.100000000000001 346.6746354337884
4.200000000000001 356.6003527133774
4.300000000000001 367.3938540057669
4.4 379.0523986674636
4.5 391.5378410935135
4.6 404.767125885848
4.699999999999999 418.603603966727
4.799999999999999 432.8531745720288
4.899999999999999 447.2679365235238
4.999999999999998 461.5596909095139
5.099999999999998 475.421212712149
5.199999999999998 488.5565256627018
5.299999999999997 500.71101237048
5.399999999999997 511.6961515746432
5.499999999999996 521.4029619921026
5.599999999999996 529.8023197164636
5.699999999999996 536.9341086129602
5.799999999999995 542.8896340534241
5.899999999999995 547.7921789310017
5.999999999999995 551.7794703976879
6.099999999999994 554.9901540336944
6.199999999999994 557.5542865780179
6.299999999999994 559.5885660491662
6.399999999999993 561.1939931166321
6.499999999999993 562.4556538269209
6.599999999999993 563.4438279569638
6.699999999999992 564.2157954983886
6.799999999999992 564.8176312705214
6.899999999999991 565.2860687682318
6.999999999999991 565.6502027454792
7.099999999999991 565.9330135568962
7.19999999999999 566.1524888688739
7.29999999999999 566.3227023478274
7.39999999999999 566.4546550684775
7.499999999999989 566.5569161842194
7.599999999999989 566.6361347126698
7.699999999999989 566.6974881821278
7.799999999999988 566.7450305510609
7.899999999999988 566.7818599154218
7.999999999999988 566.8103462237502
8.099999999999987 566.8323741457958
8.199999999999987 566.8494290119272
8.299999999999986 566.8626377370233
8.399999999999986 566.8728611908963
8.499999999999986 566.8807543075294
8.599999999999985 566.8868642328667
8.699999999999985 566.8915824385393
8.799999999999985 566.8952777169044
8.899999999999984 566.8981478270006
8.999999999999984 566.9004658151191
9.099999999999984 566.9021029563158
9.199999999999983 566.9034321568836
9.299999999999983 566.9044843929116
9.399999999999983 566.9052685456986
9.499999999999982 566.9058667038665
9.599999999999982 566.9063177372403
9.699999999999982 566.9066574435097
9.799999999999981 566.9069272563096
9.899999999999981 566.9071352656191
9.99999999999998 566.907303369297
10.09999999999998 566.9074344449654
10.19999999999998 566.9075394364656
10.29999999999998 566.9076206218008
10.39999999999998 566.9076845618941
10.49999999999998 566.9077341363171
10.59999999999998 566.9077723914934
10.69999999999998 566.9078025612911
10.79999999999998 566.9078256196325
10.89999999999998 566.9078440229754
10.99999999999998 566.9078581278395
11.09999999999998 566.9078693784779
11.19999999999998 566.9078780539757
11.29999999999998 566.9078849076103
11.39999999999998 566.9078902738231
11.49999999999998 566.9078981556811
11.59999999999997 566.9079051162322
11.69999999999997 566.9079111554762
11.79999999999997 566.9079162734132
11.89999999999997 566.9079204700432
11.99999999999997 566.9079237453662
12.09999999999997 566.9079260993823
12.19999999999997 566.9079275320913
12.29999999999997 566.9079280434934
12.39999999999997 566.9079276335884
12.49999999999997 566.9079263023765
12.59999999999997 566.9079240498576
12.69999999999997 566.9079224938513
12.79999999999997 566.9079233394754
12.89999999999997 566.9079239514783
12.99999999999997 566.9079243298602
13.09999999999997 566.9079244746209
13.19999999999997 566.9079243857606
13.29999999999997 566.9079240632791
13.39999999999997 566.9079235071765
13.49999999999997 566.9079227174527
13.59999999999997 566.9079216941079
13.69999999999997 566.907920437142
13.79999999999997 566.907918946555
13.89999999999997 566.9079172223468
13.99999999999997 566.9079164742247
14.09999999999997 566.9079160176366
14.19999999999997 566.9079155610484
14.29999999999997 566.9079151044604
14.39999999999996 566.9079146478722
14.49999999999996 566.9079141912841
14.59999999999996 566.907913734696
14.69999999999996 566.9079132781079
14.79999999999996 566.9079128215197
14.89999999999996 566.9079123649317
14.99999999999996 566.9079119083435
15.09999999999996 566.9079114517554
15.19999999999996 566.9079110262434
15.29999999999996 566.9079110125723
15.39999999999996 566.9079109989013
15.49999999999996 566.9079109852303
15.59999999999996 566.9079109715592
15.69999999999996 566.9079109578882
15.79999999999996 566.9079109442172
15.89999999999996 566.9079109305461
15.99999999999996 566.907910916875
16.09999999999996 566.9079109032041
16.19999999999996 566.907910889533
16.29999999999996 566.9079108758619
16.39999999999996 566.907910862191
16.49999999999996 566.9079108485199
16.59999999999997 566.9079108348488
16.69999999999997 566.9079108211778
16.79999999999997 566.9079108075068
16.89999999999997 566.9079107938358
16.99999999999997 566.9079107801647
17.09999999999997 566.9079107664936
17.19999999999997 566.9079107528227
17.29999999999998 566.9079107391516
17.39999999999998 566.9079107254805
17.49999999999998 566.9079107118096
17.59999999999998 566.9079106981385
17.69999999999998 566.9079106844674
17.79999999999998 566.9079106707964
17.89999999999998 566.9079106571254
17.99999999999999 566.9079106434543
18.09999999999999 566.9079106297833
18.19999999999999 566.9079106161123
18.29999999999999 566.9079106024412
18.39999999999999 566.9079105887702
18.49999999999999 566.9079105750991
18.59999999999999 566.9079105614281
18.7 566.9079105477571
18.8 566.907910534086
18.9 566.907910520415
19 566.907910506744
19.1 566.9079104930729
19.2 566.9079104794018
19.3 566.9079104657309
19.40000000000001 566.9079104520598
19.50000000000001 566.9079104383887
19.60000000000001 566.9079104247177
19.70000000000001 566.9079104110467
19.80000000000001 566.9079103973756
19.90000000000001 566.9079103837046
20.00000000000001 566.9079103700336
20.10000000000002 566.9079103563625
20.20000000000002 566.9079103426915
20.30000000000002 566.9079103290204
20.40000000000002 566.9079103153495
20.50000000000002 566.9079103016784
20.60000000000002 566.9079102880073
20.70000000000002 566.9079102743364
20.80000000000003 566.9079102606653
20.90000000000003 566.9079102469942
21.00000000000003 566.9079102333232
21.10000000000003 566.9079102196522
21.20000000000003 566.9079102059811
21.30000000000003 566.9079101923101
21.40000000000003 566.9079101786391
21.50000000000004 566.907910164968
21.60000000000004 566.907910151297
21.70000000000004 566.9079101376259
21.80000000000004 566.9079101239549
21.90000000000004 566.9079101102839
22.00000000000004 566.9079100966128
22.10000000000004 566.9079100829418
22.20000000000005 566.9079100692708
22.30000000000005 566.9079100555997
22.40000000000005 566.9079100419286
22.50000000000005 566.9079100282577
22.60000000000005 566.9079100145866
22.70000000000005 566.9079100009155
22.80000000000005 566.9079099872445
22.90000000000006 566.9079099735735
23.00000000000006 566.9079099599024
23.10000000000006 566.9079099462314
23.20000000000006 566.9079099325604
23.30000000000006 566.9079099188893
23.40000000000006 566.9079099052183
23.50000000000006 566.9079098915472
23.60000000000007 566.9079098778762
23.70000000000007 566.9079098642052
23.80000000000007 566.9079098505341
23.90000000000007 566.9079098368632
24.00000000000007 566.9079098231921
24.10000000000007 566.907909809521
24.20000000000007 566.9079097958499
24.30000000000008 566.907909782179
24.40000000000008 566.9079097685079
24.50000000000008 566.9079097548369
24.60000000000008 566.9079097411659
24.70000000000008 566.9079097274948
24.80000000000008 566.9079097138238
24.90000000000008 566.9079097001527
25.00000000000009 566.9079096864817
25.10000000000009 566.9079096728107
25.20000000000009 566.9079096591396
25.30000000000009 566.9079096454685
25.40000000000009 566.9079096317976
25.50000000000009 566.9079096181265
25.60000000000009 566.9079096044554
25.7000000000001 566.9079095907845
25.8000000000001 566.9079095771134
25.9000000000001 566.9079095634423
26.0000000000001 566.9079095497713
26.1000000000001 566.9079095361003
26.2000000000001 566.9079095224292
26.3000000000001 566.9079095087582
26.40000000000011 566.9079094950872
26.50000000000011 566.9079094814161
26.60000000000011 566.9079094677451
26.70000000000011 566.907909454074
26.80000000000011 566.907909440403
26.90000000000011 566.907909426732
27.00000000000011 566.9079094130609
27.10000000000012 566.90790939939
27.20000000000012 566.9079093857189
27.30000000000012 566.9079093720478
27.40000000000012 566.9079093583767
27.50000000000012 566.9079093447058
27.60000000000012 566.9079093310347
27.70000000000012 566.9079093173636
27.80000000000013 566.9079093036926
27.90000000000013 566.9079092981425
28.00000000000013 566.907909297733
28.10000000000013 566.9079092973236
28.20000000000013 566.9079092969141
28.30000000000013 566.9079092965047
28.40000000000013 566.9079092960952
28.50000000000014 566.9079092956858
28.60000000000014 566.9079092952765
28.70000000000014 566.907909294867
28.80000000000014 566.9079092944576
28.90000000000014 566.9079092940481
29.00000000000014 566.9079092936387
29.10000000000014 566.9079092932292
29.20000000000014 566.9079092928198
29.30000000000015 566.9079092924103
29.40000000000015 566.9079092920009
29.50000000000015 566.9079092915914
29.60000000000015 566.907909291182
29.70000000000015 566.9079092907726
29.80000000000015 566.9079092903631
29.90000000000015 566.9079092899537
30.00000000000016 566.9079092895442
30.10000000000016 566.9079092891349
30.20000000000016 566.9079092887254
30.30000000000016 566.907909288316
30.40000000000016 566.9079092879065
30.50000000000016 566.9079092874971
30.60000000000016 566.9079092870876
30.70000000000017 566.9079092866782
30.80000000000017 566.9079092862687
30.90000000000017 566.9079092858593
31.00000000000017 566.9079092854499
31.10000000000017 566.9079092850404
31.20000000000017 566.907909284631
31.30000000000017 566.9079092842215
31.40000000000018 566.9079092838122
31.50000000000018 566.9079092834027
31.60000000000018 566.9079092829933
31.70000000000018 566.9079092825838
31.80000000000018 566.9079092821744
31.90000000000018 566.9079092817649
32.00000000000018 566.9079092813555
32.10000000000019 566.9079092809461
32.20000000000019 566.9079092805366
32.30000000000019 566.9079092801272
32.40000000000019 566.9079092797177
32.50000000000019 566.9079092793083
32.60000000000019 566.9079092788988
32.70000000000019 566.9079092784895
32.8000000000002 566.90790927808
32.9000000000002 566.9079092776706
33.0000000000002 566.9079092772611
33.1000000000002 566.9079092768517
33.2000000000002 566.9079092764423
33.3000000000002 566.9079092760328
33.4000000000002 566.9079092756234
33.50000000000021 566.9079092752139
33.60000000000021 566.9079092748045
33.70000000000021 566.907909274395
33.80000000000021 566.9079092739856
33.90000000000021 566.9079092735761
34.00000000000021 566.9079092731668
34.10000000000021 566.9079092727573
34.20000000000022 566.9079092723479
34.30000000000022 566.9079092719385
34.40000000000022 566.907909271529
34.50000000000022 566.9079092711196
34.60000000000022 566.9079092707101
34.70000000000022 566.9079092703007
34.80000000000022 566.9079092698912
34.90000000000023 566.9079092694818
35.00000000000023 566.9079092690723
35.10000000000023 566.9079092686629
35.20000000000023 566.9079092682534
35.30000000000023 566.907909267844
35.40000000000023 566.9079092674347
35.50000000000023 566.9079092670252
35.60000000000024 566.9079092666158
35.70000000000024 566.9079092662063
35.80000000000024 566.9079092657969
35.90000000000024 566.9079092653874
36.00000000000024 566.907909264978
36.10000000000024 566.9079092645685
36.20000000000024 566.9079092641591
36.30000000000025 566.9079092637496
36.40000000000025 566.9079092633402
36.50000000000025 566.9079092629308
36.60000000000025 566.9079092625213
36.70000000000025 566.907909262112
36.80000000000025 566.9079092617025
36.90000000000025 566.9079092612931
37.00000000000026 566.9079092608836
37.10000000000026 566.9079092604742
37.20000000000026 566.9079092600647
37.30000000000026 566.9079092596553
37.40000000000026 566.9079092592458
37.50000000000026 566.9079092588364
37.60000000000026 566.907909258427
37.70000000000027 566.9079092580175
37.80000000000027 566.9079092576081
37.90000000000027 566.9079092571986
38.00000000000027 566.9079092567893
38.10000000000027 566.9079092563798
38.20000000000027 566.9079092559704
38.30000000000027 566.9079092555609
38.40000000000028 566.9079092551515
38.50000000000028 566.907909254742
38.60000000000028 566.9079092543326
38.70000000000028 566.9079092539232
38.80000000000028 566.9079092535137
38.90000000000028 566.9079092531043
39.00000000000028 566.9079092526948
39.10000000000029 566.9079092522854
39.20000000000029 566.9079092518759
39.30000000000029 566.9079092514665
39.40000000000029 566.907909251057
39.50000000000029 566.9079092506477
39.60000000000029 566.9079092502382
39.70000000000029 566.9079092498288
39.8000000000003 566.9079092494194
39.9000000000003 566.9079092490099
40.0000000000003 566.9079092486005
40.1000000000003 566.907909248191
40.2000000000003 566.9079092477816
40.3000000000003 566.9079092473721
40.4000000000003 566.9079092469627
40.50000000000031 566.9079092466163
40.60000000000031 566.9079092466151
40.70000000000031 566.9079092466138
40.80000000000031 566.9079092466126
40.90000000000031 566.9079092466113
41.00000000000031 566.9079092466101
41.10000000000031 566.9079092466088
41.20000000000032 566.9079092466075
41.30000000000032 566.9079092466062
41.40000000000032 566.907909246605
41.50000000000032 566.9079092466037
41.60000000000032 566.9079092466025
41.70000000000032 566.9079092466012
41.80000000000032 566.9079092466
41.90000000000033 566.9079092465987
42.00000000000033 566.9079092465975
42.10000000000033 566.9079092465962
42.20000000000033 566.907909246595
42.30000000000033 566.9079092465936
42.40000000000033 566.9079092465923
42.50000000000033 566.9079092465911
42.60000000000034 566.9079092465898
42.70000000000034 566.9079092465886
42.80000000000034 566.9079092465873
42.90000000000034 566.9079092465861
43.00000000000034 566.9079092465848
43.10000000000034 566.9079092465836
43.20000000000034 566.9079092465823
43.30000000000035 566.9079092465811
43.40000000000035 566.9079092465797
43.50000000000035 566.9079092465785
43.60000000000035 566.9079092465772
43.70000000000035 566.907909246576
43.80000000000035 566.9079092465747
43.90000000000035 566.9079092465735
44.00000000000036 566.9079092465722
44.10000000000036 566.907909246571
44.20000000000036 566.9079092465697
44.30000000000036 566.9079092465685
44.40000000000036 566.9079092465672
44.50000000000036 566.9079092465659
44.60000000000036 566.9079092465646
44.70000000000037 566.9079092465633
44.80000000000037 566.9079092465621
44.90000000000037 566.9079092465608
45.00000000000037 566.9079092465596
45.10000000000037 566.9079092465583
45.20000000000037 566.9079092465571
45.30000000000037 566.9079092465558
45.40000000000038 566.9079092465546
45.50000000000038 566.9079092465533
45.60000000000038 566.907909246552
45.70000000000038 566.9079092465507
45.80000000000038 566.9079092465495
45.90000000000038 566.9079092465482
46.00000000000038 566.907909246547
46.10000000000039 566.9079092465457
46.20000000000039 566.9079092465445
46.30000000000039 566.9079092465432
46.40000000000039 566.907909246542
46.50000000000039 566.9079092465407
46.60000000000039 566.9079092465395
46.70000000000039 566.9079092465381
46.8000000000004 566.9079092465369
46.9000000000004 566.9079092465356
47.0000000000004 566.9079092465344
47.1000000000004 566.9079092465331
47.2000000000004 566.9079092465319
47.3000000000004 566.9079092465306
47.4000000000004 566.9079092465294
47.50000000000041 566.9079092465281
47.60000000000041 566.9079092465269
47.70000000000041 566.9079092465256
47.80000000000041 566.9079092465244
47.90000000000041 566.907909246523
48.00000000000041 566.9079092465217
48.10000000000041 566.9079092465205
48.20000000000041 566.9079092465192
48.30000000000042 566.907909246518
48.40000000000042 566.9079092465167
48.50000000000042 566.9079092465155
48.60000000000042 566.9079092465142
48.70000000000042 566.907909246513
48.80000000000042 566.9079092465117
48.90000000000042 566.9079092465105
49.00000000000043 566.9079092465091
49.10000000000043 566.9079092465079
49.20000000000043 566.9079092465066
49.30000000000043 566.9079092465054
49.40000000000043 566.9079092465041
49.50000000000043 566.9079092465029
49.60000000000043 566.9079092465016
49.70000000000044 566.9079092465004
49.80000000000044 566.9079092464991
49.90000000000044 566.9079092464979