Time X1
0 250
0.1 250.217802472692
0.2 250.4554844432856
0.3 250.715084099647
0.4 250.9982468645617
0.5 251.307565840695
0.6 251.6454540846062
0.7 252.014524588321
0.7999999999999999 252.4178400717997
0.8999999999999999 252.8583959082357
0.9999999999999999 253.3399583246123
1.1 253.8663561823547
1.2 254.4419513047573
1.3 255.0715275154207
1.4 255.7603451864802
1.5 256.514222961238
1.6 257.3395803742315
1.7 258.243446322217
1.8 259.2337541498918
1.900000000000001 260.319107393154
2 261.5092868053021
2.100000000000001 262.8148840384166
2.200000000000001 264.2478411155543
2.300000000000001 265.8214224914344
2.400000000000001 267.5503378023444
2.500000000000001 269.4510573409081
2.600000000000001 271.5419358074376
2.700000000000001 273.843433513286
2.800000000000001 276.378315368453
2.900000000000001 279.1719740077119
3.000000000000001 282.2527858209681
3.100000000000001 285.6522129000993
3.200000000000002 289.4052606718892
3.300000000000002 293.550665071805
3.400000000000002 298.1309733613381
3.500000000000002 303.1926967476466
3.600000000000002 308.7864948414099
3.700000000000002 314.9659078797012
3.800000000000002 321.7872258817259
3.900000000000002 329.3072834615569
4.000000000000002 337.5822796367661
4.100000000000001 346.662129766046
4.200000000000001 356.5866790183395
4.300000000000001 367.3789935926202
4.4 379.0363721591212
4.5 391.5207231515646
4.6 404.7490579438324
4.699999999999999 418.5848023872669
4.799999999999999 432.8339350991146
4.899999999999999 447.2486189660363
4.999999999999998 461.5407002551522
5.099999999999998 475.4029612238836
5.199999999999998 488.5393919726957
5.299999999999997 500.6953026864829
5.399999999999997 511.682072787007
5.499999999999996 521.3906118288368
5.599999999999996 529.7916938960233
5.699999999999996 536.9251204953855
5.799999999999995 542.8821399864536
5.899999999999995 547.7860037537881
5.999999999999995 551.7744288044317
6.099999999999994 554.9860656639721
6.199999999999994 557.5509866537919
6.299999999999994 559.5859088484251
6.399999999999993 561.1918540747491
6.499999999999993 562.4539289673934
6.599999999999993 563.4424318492368
6.699999999999992 564.2146590530925
6.799999999999992 564.8166990349138
6.899999999999991 565.2852966045683
6.999999999999991 565.6495557427002
7.099999999999991 565.9324642165777
7.19999999999999 566.152015592464
7.29999999999999 566.3222882704322
7.39999999999999 566.4542870751955
7.499999999999989 566.5565839622373
7.599999999999989 566.6358302471778
7.699999999999989 566.6972052836755
7.799999999999988 566.744764306602
7.899999999999988 566.7816067402919
7.999999999999988 566.8101030895248
8.099999999999987 566.8321388598008
8.199999999999987 566.8491997631663
8.299999999999986 566.8624131681152
8.399999999999986 566.8726402614931
8.499999999999986 566.8805362215325
8.599999999999985 566.886648314444
8.699999999999985 566.8913682070852
8.799999999999985 566.8950647196565
8.899999999999984 566.8979358653917
8.999999999999984 566.9002548812011
9.099999999999984 566.9018924500124
9.199999999999983 566.9032220579044
9.299999999999983 566.9042746740976
9.399999999999983 566.9050591754968
9.499999999999982 566.9056575400054
9.599999999999982 566.9061087834568
9.699999999999982 566.9064485910324
9.799999999999981 566.9067185025027
9.899999999999981 566.9069265784096
9.99999999999998 566.9070947364346
10.09999999999998 566.9072258569678
10.19999999999998 566.9073308823702
10.29999999999998 566.9074120988552
10.39999999999998 566.9074760592106
10.49999999999998 566.9075256542593
10.59999999999998 566.9075639209644
10.69999999999998 566.9075941023455
10.79999999999998 566.9076171684544
10.89999999999998 566.9076355782776
10.99999999999998 566.9076496882752
11.09999999999998 566.9076609426367
11.19999999999998 566.9076696215024
11.29999999999998 566.9076764772971
11.39999999999998 566.9076818399352
11.49999999999998 566.9076897230539
11.59999999999997 566.9076966848899
11.69999999999997 566.907702725443
11.79999999999997 566.9077078447133
11.89999999999997 566.9077120427008
11.99999999999997 566.9077153194056
12.09999999999997 566.9077176748275
12.19999999999997 566.9077191089666
12.29999999999997 566.9077196218229
12.39999999999997 566.9077192133965
12.49999999999997 566.9077178836873
12.59999999999997 566.9077156326952
12.69999999999997 566.9077140706407
12.79999999999997 566.9077149166253
12.89999999999997 566.9077155289963
12.99999999999997 566.9077159077535
13.09999999999997 566.9077160528972
13.19999999999997 566.9077159644271
13.29999999999997 566.9077156423433
13.39999999999997 566.9077150866458
13.49999999999997 566.9077142973347
13.59999999999997 566.9077132744098
13.69999999999997 566.9077120178713
13.79999999999997 566.907710527719
13.89999999999997 566.9077088039531
13.99999999999997 566.9077080533685
14.09999999999997 566.9077075967942
14.19999999999997 566.9077071402199
14.29999999999997 566.9077066836455
14.39999999999996 566.9077062270712
14.49999999999996 566.9077057704969
14.59999999999996 566.9077053139226
14.69999999999996 566.9077048573483
14.79999999999996 566.9077044007739
14.89999999999996 566.9077039441996
14.99999999999996 566.9077034876253
15.09999999999996 566.907703031051
15.19999999999996 566.9077026047216
15.29999999999996 566.9077025910511
15.39999999999996 566.9077025773806
15.49999999999996 566.90770256371
15.59999999999996 566.9077025500395
15.69999999999996 566.9077025363689
15.79999999999996 566.9077025226984
15.89999999999996 566.9077025090278
15.99999999999996 566.9077024953573
16.09999999999996 566.9077024816867
16.19999999999996 566.9077024680162
16.29999999999996 566.9077024543456
16.39999999999996 566.9077024406751
16.49999999999996 566.9077024270044
16.59999999999997 566.9077024133339
16.69999999999997 566.9077023996633
16.79999999999997 566.9077023859928
16.89999999999997 566.9077023723222
16.99999999999997 566.9077023586517
17.09999999999997 566.9077023449811
17.19999999999997 566.9077023313106
17.29999999999998 566.90770231764
17.39999999999998 566.9077023039695
17.49999999999998 566.9077022902989
17.59999999999998 566.9077022766284
17.69999999999998 566.9077022629577
17.79999999999998 566.9077022492872
17.89999999999998 566.9077022356166
17.99999999999999 566.9077022219461
18.09999999999999 566.9077022082755
18.19999999999999 566.907702194605
18.29999999999999 566.9077021809344
18.39999999999999 566.9077021672639
18.49999999999999 566.9077021535933
18.59999999999999 566.9077021399228
18.7 566.9077021262523
18.8 566.9077021125817
18.9 566.9077020989112
19 566.9077020852405
19.1 566.90770207157
19.2 566.9077020578994
19.3 566.9077020442289
19.40000000000001 566.9077020305583
19.50000000000001 566.9077020168878
19.60000000000001 566.9077020032172
19.70000000000001 566.9077019895467
19.80000000000001 566.9077019758761
19.90000000000001 566.9077019622056
20.00000000000001 566.907701948535
20.10000000000002 566.9077019348645
20.20000000000002 566.9077019211938
20.30000000000002 566.9077019075233
20.40000000000002 566.9077018938527
20.50000000000002 566.9077018801822
20.60000000000002 566.9077018665116
20.70000000000002 566.9077018528411
20.80000000000003 566.9077018391705
20.90000000000003 566.9077018255
21.00000000000003 566.9077018118294
21.10000000000003 566.9077017981589
21.20000000000003 566.9077017844883
21.30000000000003 566.9077017708178
21.40000000000003 566.9077017571472
21.50000000000004 566.9077017434767
21.60000000000004 566.907701729806
21.70000000000004 566.9077017161355
21.80000000000004 566.9077017024649
21.90000000000004 566.9077016887944
22.00000000000004 566.9077016751239
22.10000000000004 566.9077016614533
22.20000000000005 566.9077016477828
22.30000000000005 566.9077016341122
22.40000000000005 566.9077016204417
22.50000000000005 566.9077016067711
22.60000000000005 566.9077015931006
22.70000000000005 566.90770157943
22.80000000000005 566.9077015657595
22.90000000000006 566.9077015520888
23.00000000000006 566.9077015384183
23.10000000000006 566.9077015247477
23.20000000000006 566.9077015110772
23.30000000000006 566.9077014974066
23.40000000000006 566.9077014837361
23.50000000000006 566.9077014700655
23.60000000000007 566.907701456395
23.70000000000007 566.9077014427244
23.80000000000007 566.9077014290539
23.90000000000007 566.9077014153833
24.00000000000007 566.9077014017128
24.10000000000007 566.9077013880421
24.20000000000007 566.9077013743716
24.30000000000008 566.907701360701
24.40000000000008 566.9077013470305
24.50000000000008 566.9077013333599
24.60000000000008 566.9077013196894
24.70000000000008 566.9077013060188
24.80000000000008 566.9077012923483
24.90000000000008 566.9077012786777
25.00000000000009 566.9077012650072
25.10000000000009 566.9077012513366
25.20000000000009 566.9077012376661
25.30000000000009 566.9077012239954
25.40000000000009 566.9077012103249
25.50000000000009 566.9077011966544
25.60000000000009 566.9077011829838
25.7000000000001 566.9077011693133
25.8000000000001 566.9077011556427
25.9000000000001 566.9077011419722
26.0000000000001 566.9077011283016
26.1000000000001 566.9077011146311
26.2000000000001 566.9077011009605
26.3000000000001 566.90770108729
26.40000000000011 566.9077010736194
26.50000000000011 566.9077010599489
26.60000000000011 566.9077010462782
26.70000000000011 566.9077010326077
26.80000000000011 566.9077010189371
26.90000000000011 566.9077010052666
27.00000000000011 566.907700991596
27.10000000000012 566.9077009779255
27.20000000000012 566.9077009642549
27.30000000000012 566.9077009505844
27.40000000000012 566.9077009369138
27.50000000000012 566.9077009232433
27.60000000000012 566.9077009095727
27.70000000000012 566.9077008959022
27.80000000000013 566.9077008822316
27.90000000000013 566.9077008766417
28.00000000000013 566.9077008762323
28.10000000000013 566.9077008758229
28.20000000000013 566.9077008754135
28.30000000000013 566.9077008750041
28.40000000000013 566.9077008745948
28.50000000000014 566.9077008741854
28.60000000000014 566.9077008737759
28.70000000000014 566.9077008733665
28.80000000000014 566.9077008729571
28.90000000000014 566.9077008725477
29.00000000000014 566.9077008721383
29.10000000000014 566.9077008717289
29.20000000000014 566.9077008713195
29.30000000000015 566.9077008709102
29.40000000000015 566.9077008705008
29.50000000000015 566.9077008700914
29.60000000000015 566.907700869682
29.70000000000015 566.9077008692725
29.80000000000015 566.9077008688631
29.90000000000015 566.9077008684537
30.00000000000016 566.9077008680443
30.10000000000016 566.907700867635
30.20000000000016 566.9077008672256
30.30000000000016 566.9077008668162
30.40000000000016 566.9077008664068
30.50000000000016 566.9077008659974
30.60000000000016 566.907700865588
30.70000000000017 566.9077008651786
30.80000000000017 566.9077008647691
30.90000000000017 566.9077008643598
31.00000000000017 566.9077008639504
31.10000000000017 566.907700863541
31.20000000000017 566.9077008631316
31.30000000000017 566.9077008627222
31.40000000000018 566.9077008623128
31.50000000000018 566.9077008619034
31.60000000000018 566.907700861494
31.70000000000018 566.9077008610847
31.80000000000018 566.9077008606752
31.90000000000018 566.9077008602658
32.00000000000018 566.9077008598564
32.10000000000019 566.907700859447
32.20000000000019 566.9077008590376
32.30000000000019 566.9077008586282
32.40000000000019 566.9077008582188
32.50000000000019 566.9077008578095
32.60000000000019 566.9077008574001
32.70000000000019 566.9077008569907
32.8000000000002 566.9077008565813
32.9000000000002 566.9077008561718
33.0000000000002 566.9077008557624
33.1000000000002 566.907700855353
33.2000000000002 566.9077008549436
33.3000000000002 566.9077008545343
33.4000000000002 566.9077008541249
33.50000000000021 566.9077008537155
33.60000000000021 566.9077008533061
33.70000000000021 566.9077008528967
33.80000000000021 566.9077008524873
33.90000000000021 566.9077008520779
34.00000000000021 566.9077008516684
34.10000000000021 566.9077008512591
34.20000000000022 566.9077008508497
34.30000000000022 566.9077008504403
34.40000000000022 566.9077008500309
34.50000000000022 566.9077008496215
34.60000000000022 566.9077008492121
34.70000000000022 566.9077008488027
34.80000000000022 566.9077008483933
34.90000000000023 566.907700847984
35.00000000000023 566.9077008475745
35.10000000000023 566.9077008471651
35.20000000000023 566.9077008467557
35.30000000000023 566.9077008463463
35.40000000000023 566.9077008459369
35.50000000000023 566.9077008455275
35.60000000000024 566.9077008451181
35.70000000000024 566.9077008447088
35.80000000000024 566.9077008442994
35.90000000000024 566.90770084389
36.00000000000024 566.9077008434806
36.10000000000024 566.9077008430711
36.20000000000024 566.9077008426617
36.30000000000025 566.9077008422523
36.40000000000025 566.9077008418429
36.50000000000025 566.9077008414336
36.60000000000025 566.9077008410242
36.70000000000025 566.9077008406148
36.80000000000025 566.9077008402054
36.90000000000025 566.907700839796
37.00000000000026 566.9077008393866
37.10000000000026 566.9077008389772
37.20000000000026 566.9077008385677
37.30000000000026 566.9077008381583
37.40000000000026 566.907700837749
37.50000000000026 566.9077008373396
37.60000000000026 566.9077008369302
37.70000000000027 566.9077008365208
37.80000000000027 566.9077008361114
37.90000000000027 566.907700835702
38.00000000000027 566.9077008352926
38.10000000000027 566.9077008348833
38.20000000000027 566.9077008344738
38.30000000000027 566.9077008340644
38.40000000000028 566.907700833655
38.50000000000028 566.9077008332456
38.60000000000028 566.9077008328362
38.70000000000028 566.9077008324268
38.80000000000028 566.9077008320174
38.90000000000028 566.9077008316081
39.00000000000028 566.9077008311987
39.10000000000029 566.9077008307893
39.20000000000029 566.9077008303799
39.30000000000029 566.9077008299704
39.40000000000029 566.907700829561
39.50000000000029 566.9077008291516
39.60000000000029 566.9077008287422
39.70000000000029 566.9077008283328
39.8000000000003 566.9077008279235
39.9000000000003 566.9077008275141
40.0000000000003 566.9077008271047
40.1000000000003 566.9077008266953
40.2000000000003 566.9077008262859
40.3000000000003 566.9077008258765
40.4000000000003 566.907700825467
40.50000000000031 566.9077008251192
40.60000000000031 566.9077008251178
40.70000000000031 566.9077008251165
40.80000000000031 566.9077008251153
40.90000000000031 566.907700825114
41.00000000000031 566.9077008251128
41.10000000000031 566.9077008251115
41.20000000000032 566.9077008251103
41.30000000000032 566.907700825109
41.40000000000032 566.9077008251078
41.50000000000032 566.9077008251065
41.60000000000032 566.9077008251053
41.70000000000032 566.907700825104
41.80000000000032 566.9077008251027
41.90000000000033 566.9077008251014
42.00000000000033 566.9077008251002
42.10000000000033 566.9077008250989
42.20000000000033 566.9077008250977
42.30000000000033 566.9077008250964
42.40000000000033 566.9077008250952
42.50000000000033 566.9077008250939
42.60000000000034 566.9077008250927
42.70000000000034 566.9077008250914
42.80000000000034 566.9077008250902
42.90000000000034 566.9077008250889
43.00000000000034 566.9077008250875
43.10000000000034 566.9077008250863
43.20000000000034 566.907700825085
43.30000000000035 566.9077008250838
43.40000000000035 566.9077008250825
43.50000000000035 566.9077008250813
43.60000000000035 566.90770082508
43.70000000000035 566.9077008250788
43.80000000000035 566.9077008250775
43.90000000000035 566.9077008250763
44.00000000000036 566.907700825075
44.10000000000036 566.9077008250737
44.20000000000036 566.9077008250724
44.30000000000036 566.9077008250712
44.40000000000036 566.9077008250699
44.50000000000036 566.9077008250687
44.60000000000036 566.9077008250674
44.70000000000037 566.9077008250662
44.80000000000037 566.9077008250649
44.90000000000037 566.9077008250637
45.00000000000037 566.9077008250624
45.10000000000037 566.9077008250612
45.20000000000037 566.9077008250599
45.30000000000037 566.9077008250586
45.40000000000038 566.9077008250573
45.50000000000038 566.9077008250561
45.60000000000038 566.9077008250548
45.70000000000038 566.9077008250536
45.80000000000038 566.9077008250523
45.90000000000038 566.9077008250511
46.00000000000038 566.9077008250498
46.10000000000039 566.9077008250486
46.20000000000039 566.9077008250473
46.30000000000039 566.907700825046
46.40000000000039 566.9077008250447
46.50000000000039 566.9077008250434
46.60000000000039 566.9077008250422
46.70000000000039 566.9077008250409
46.8000000000004 566.9077008250397
46.9000000000004 566.9077008250384
47.0000000000004 566.9077008250372
47.1000000000004 566.9077008250359
47.2000000000004 566.9077008250347
47.3000000000004 566.9077008250334
47.4000000000004 566.9077008250322
47.50000000000041 566.9077008250309
47.60000000000041 566.9077008250296
47.70000000000041 566.9077008250283
47.80000000000041 566.9077008250271
47.90000000000041 566.9077008250258
48.00000000000041 566.9077008250246
48.10000000000041 566.9077008250233
48.20000000000041 566.9077008250221
48.30000000000042 566.9077008250208
48.40000000000042 566.9077008250196
48.50000000000042 566.9077008250183
48.60000000000042 566.9077008250171
48.70000000000042 566.9077008250157
48.80000000000042 566.9077008250144
48.90000000000042 566.9077008250132
49.00000000000043 566.9077008250119
49.10000000000043 566.9077008250107
49.20000000000043 566.9077008250094
49.30000000000043 566.9077008250082
49.40000000000043 566.9077008250069
49.50000000000043 566.9077008250057
49.60000000000043 566.9077008250044
49.70000000000044 566.9077008250032
49.80000000000044 566.9077008250019
49.90000000000044 566.9077008250006