Time X1
0 250
0.1 250.2178019549179
0.2 250.4554833567946
0.3 250.7150823972927
0.4 250.998244483918
0.5 251.3075627168595
0.6 251.6454501483287
0.7 252.0145197614597
0.7999999999999999 252.417834272517
0.8999999999999999 252.858389037478
0.9999999999999999 253.3399502830433
1.1 253.8663468556902
1.2 254.4419405675443
1.3 255.0715152294605
1.4 255.7603311992221
1.5 256.5142071033401
1.6 257.3395624598946
1.7 258.243426144223
1.8 259.2337314790466
1.900000000000001 260.3190819750225
2 261.5092583570726
2.100000000000001 262.8148522473786
2.200000000000001 264.2478056301462
2.300000000000001 265.8213829226763
2.400000000000001 267.5502937152733
2.500000000000001 269.4510082497079
2.600000000000001 271.5418811695252
2.700000000000001 273.8433727230315
2.800000000000001 276.3782477506482
2.900000000000001 279.1718988054764
3.000000000000001 282.2527021916868
3.100000000000001 285.6521199051657
3.200000000000002 289.4051572672188
3.300000000000002 293.5505501014263
3.400000000000002 298.1308455572396
3.500000000000002 303.192554718667
3.600000000000002 308.7863370850596
3.700000000000002 314.9657328037504
3.800000000000002 321.7870318322576
3.900000000000002 329.3070687622553
4.000000000000002 337.5820426884879
4.100000000000001 346.6618691680659
4.200000000000001 356.5863937098445
4.300000000000001 367.3786830988099
4.4 379.0360368157841
4.5 391.5203644169368
4.6 404.7486786698756
4.699999999999999 418.584406997761
4.799999999999999 432.8335296946632
4.899999999999999 447.2482110130777
4.999999999999998 461.5402982029274
5.099999999999998 475.4025737174335
5.199999999999998 488.5390269978058
5.299999999999997 500.6949667516444
5.399999999999997 511.6817703486268
5.499999999999996 521.3903450703067
5.599999999999996 529.7914628630728
5.699999999999996 536.9249234963136
5.799999999999995 542.8819741159003
5.899999999999995 547.7858654244095
5.999999999999995 551.7743141949452
6.099999999999994 554.9859710378978
6.199999999999994 557.5509085858515
6.299999999999994 559.5858443008623
6.399999999999993 561.1918004446899
6.499999999999993 562.4538840776186
6.599999999999993 563.4423939074219
6.699999999999992 564.214626607196
6.799999999999992 564.8166709175224
6.899999999999991 565.2852718849798
6.999999999999991 565.6495336836246
7.099999999999991 565.9324442363878
7.19999999999999 566.1519972336506
7.29999999999999 566.3222711752411
7.39999999999999 566.4542709650308
7.499999999999989 566.5565686177048
7.599999999999989 566.6358154975322
7.699999999999989 566.697190996887
7.799999999999988 566.7447503777032
7.899999999999988 566.7815930926238
7.999999999999988 566.810089658206
8.099999999999987 566.8321255978124
8.199999999999987 566.8491866316035
8.299999999999986 566.8624001377898
8.399999999999986 566.8726273099968
8.499999999999986 566.8805233317039
8.599999999999985 566.886635471687
8.699999999999985 566.8913554010126
8.799999999999985 566.8950519404568
8.899999999999984 566.8979231087657
8.999999999999984 566.9002421469917
9.099999999999984 566.9018797251631
9.199999999999983 566.903209341975
9.299999999999983 566.9042619664962
9.399999999999983 566.9050464755375
9.499999999999982 566.9056448445796
9.599999999999982 566.9060960926454
9.699999999999982 566.9064359024562
9.799999999999981 566.9067058161017
9.899999999999981 566.9069138934802
9.99999999999998 566.9070820527071
10.09999999999998 566.9072131742338
10.19999999999998 566.9073182003877
10.29999999999998 566.9073994175636
10.39999999999998 566.9074633783695
10.49999999999998 566.9075129738766
10.59999999999998 566.9075512408389
10.69999999999998 566.907581422478
10.79999999999998 566.9076044887602
10.89999999999998 566.9076228987281
10.99999999999998 566.9076370088405
11.09999999999998 566.9076482632854
11.19999999999998 566.9076569422266
11.29999999999998 566.90766379807
11.39999999999998 566.9076691606289
11.49999999999998 566.9076770437758
11.59999999999997 566.9076840056405
11.69999999999997 566.9076900462228
11.79999999999997 566.9076951655229
11.89999999999997 566.9076993635407
11.99999999999997 566.9077026402762
12.09999999999997 566.9077049957293
12.19999999999997 566.9077064299001
12.29999999999997 566.9077069427888
12.39999999999997 566.9077065343951
12.49999999999997 566.907705204719
12.59999999999997 566.9077029537608
12.69999999999997 566.9077013915721
12.79999999999997 566.9077022375646
12.89999999999997 566.9077028499437
12.99999999999997 566.9077032287092
13.09999999999997 566.9077033738612
13.19999999999997 566.9077032853997
13.29999999999997 566.9077029633246
13.39999999999997 566.9077024076361
13.49999999999997 566.9077016183339
13.59999999999997 566.9077005954183
13.69999999999997 566.9076993388891
13.79999999999997 566.9076978487464
13.89999999999997 566.9076961249901
13.99999999999997 566.9076953743502
14.09999999999997 566.9076949177763
14.19999999999997 566.9076944612025
14.29999999999997 566.9076940046288
14.39999999999996 566.9076935480549
14.49999999999996 566.9076930914811
14.59999999999996 566.9076926349073
14.69999999999996 566.9076921783335
14.79999999999996 566.9076917217596
14.89999999999996 566.9076912651858
14.99999999999996 566.9076908086121
15.09999999999996 566.9076903520382
15.19999999999996 566.9076899256911
15.29999999999996 566.9076899120206
15.39999999999996 566.9076898983501
15.49999999999996 566.9076898846796
15.59999999999996 566.9076898710091
15.69999999999996 566.9076898573386
15.79999999999996 566.9076898436681
15.89999999999996 566.9076898299976
15.99999999999996 566.9076898163271
16.09999999999996 566.9076898026566
16.19999999999996 566.9076897889861
16.29999999999996 566.9076897753156
16.39999999999996 566.9076897616451
16.49999999999996 566.9076897479746
16.59999999999997 566.9076897343041
16.69999999999997 566.9076897206336
16.79999999999997 566.9076897069631
16.89999999999997 566.9076896932926
16.99999999999997 566.9076896796221
17.09999999999997 566.9076896659516
17.19999999999997 566.9076896522811
17.29999999999998 566.9076896386106
17.39999999999998 566.9076896249401
17.49999999999998 566.9076896112696
17.59999999999998 566.9076895975991
17.69999999999998 566.9076895839286
17.79999999999998 566.9076895702581
17.89999999999998 566.9076895565876
17.99999999999999 566.907689542917
18.09999999999999 566.9076895292465
18.19999999999999 566.907689515576
18.29999999999999 566.9076895019055
18.39999999999999 566.907689488235
18.49999999999999 566.9076894745644
18.59999999999999 566.9076894608939
18.7 566.9076894472234
18.8 566.9076894335529
18.9 566.9076894198824
19 566.9076894062119
19.1 566.9076893925414
19.2 566.9076893788709
19.3 566.9076893652004
19.40000000000001 566.9076893515299
19.50000000000001 566.9076893378594
19.60000000000001 566.9076893241889
19.70000000000001 566.9076893105184
19.80000000000001 566.9076892968479
19.90000000000001 566.9076892831774
20.00000000000001 566.9076892695069
20.10000000000002 566.9076892558364
20.20000000000002 566.9076892421659
20.30000000000002 566.9076892284954
20.40000000000002 566.9076892148249
20.50000000000002 566.9076892011544
20.60000000000002 566.9076891874839
20.70000000000002 566.9076891738134
20.80000000000003 566.9076891601429
20.90000000000003 566.9076891464724
21.00000000000003 566.9076891328019
21.10000000000003 566.9076891191314
21.20000000000003 566.9076891054609
21.30000000000003 566.9076890917904
21.40000000000003 566.9076890781199
21.50000000000004 566.9076890644494
21.60000000000004 566.9076890507789
21.70000000000004 566.9076890371084
21.80000000000004 566.9076890234379
21.90000000000004 566.9076890097673
22.00000000000004 566.9076889960968
22.10000000000004 566.9076889824263
22.20000000000005 566.9076889687558
22.30000000000005 566.9076889550853
22.40000000000005 566.9076889414148
22.50000000000005 566.9076889277443
22.60000000000005 566.9076889140738
22.70000000000005 566.9076889004033
22.80000000000005 566.9076888867328
22.90000000000006 566.9076888730623
23.00000000000006 566.9076888593918
23.10000000000006 566.9076888457213
23.20000000000006 566.9076888320508
23.30000000000006 566.9076888183803
23.40000000000006 566.9076888047098
23.50000000000006 566.9076887910393
23.60000000000007 566.9076887773688
23.70000000000007 566.9076887636983
23.80000000000007 566.9076887500278
23.90000000000007 566.9076887363573
24.00000000000007 566.9076887226868
24.10000000000007 566.9076887090163
24.20000000000007 566.9076886953458
24.30000000000008 566.9076886816753
24.40000000000008 566.9076886680048
24.50000000000008 566.9076886543343
24.60000000000008 566.9076886406638
24.70000000000008 566.9076886269933
24.80000000000008 566.9076886133228
24.90000000000008 566.9076885996523
25.00000000000009 566.9076885859818
25.10000000000009 566.9076885723113
25.20000000000009 566.9076885586408
25.30000000000009 566.9076885449703
25.40000000000009 566.9076885312998
25.50000000000009 566.9076885176293
25.60000000000009 566.9076885039588
25.7000000000001 566.9076884902883
25.8000000000001 566.9076884766176
25.9000000000001 566.9076884629471
26.0000000000001 566.9076884492766
26.1000000000001 566.9076884356061
26.2000000000001 566.9076884219356
26.3000000000001 566.9076884082651
26.40000000000011 566.9076883945946
26.50000000000011 566.9076883809241
26.60000000000011 566.9076883672536
26.70000000000011 566.9076883535831
26.80000000000011 566.9076883399126
26.90000000000011 566.9076883262421
27.00000000000011 566.9076883125716
27.10000000000012 566.9076882989011
27.20000000000012 566.9076882852306
27.30000000000012 566.9076882715601
27.40000000000012 566.9076882578896
27.50000000000012 566.9076882442191
27.60000000000012 566.9076882305486
27.70000000000012 566.9076882168781
27.80000000000013 566.9076882032076
27.90000000000013 566.9076881976168
28.00000000000013 566.9076881972074
28.10000000000013 566.9076881967979
28.20000000000013 566.9076881963886
28.30000000000013 566.9076881959792
28.40000000000013 566.9076881955698
28.50000000000014 566.9076881951603
28.60000000000014 566.9076881947509
28.70000000000014 566.9076881943415
28.80000000000014 566.907688193932
28.90000000000014 566.9076881935226
29.00000000000014 566.9076881931132
29.10000000000014 566.9076881927037
29.20000000000014 566.9076881922944
29.30000000000015 566.907688191885
29.40000000000015 566.9076881914756
29.50000000000015 566.9076881910661
29.60000000000015 566.9076881906567
29.70000000000015 566.9076881902473
29.80000000000015 566.9076881898378
29.90000000000015 566.9076881894284
30.00000000000016 566.907688189019
30.10000000000016 566.9076881886095
30.20000000000016 566.9076881882002
30.30000000000016 566.9076881877908
30.40000000000016 566.9076881873813
30.50000000000016 566.9076881869719
30.60000000000016 566.9076881865625
30.70000000000017 566.9076881861531
30.80000000000017 566.9076881857436
30.90000000000017 566.9076881853342
31.00000000000017 566.9076881849248
31.10000000000017 566.9076881845153
31.20000000000017 566.907688184106
31.30000000000017 566.9076881836966
31.40000000000018 566.9076881832871
31.50000000000018 566.9076881828777
31.60000000000018 566.9076881824683
31.70000000000018 566.9076881820588
31.80000000000018 566.9076881816494
31.90000000000018 566.90768818124
32.00000000000018 566.9076881808306
32.10000000000019 566.9076881804211
32.20000000000019 566.9076881800117
32.30000000000019 566.9076881796024
32.40000000000019 566.9076881791929
32.50000000000019 566.9076881787835
32.60000000000019 566.9076881783741
32.70000000000019 566.9076881779646
32.8000000000002 566.9076881775552
32.9000000000002 566.9076881771458
33.0000000000002 566.9076881767364
33.1000000000002 566.9076881763269
33.2000000000002 566.9076881759175
33.3000000000002 566.9076881755082
33.4000000000002 566.9076881750987
33.50000000000021 566.9076881746893
33.60000000000021 566.9076881742799
33.70000000000021 566.9076881738704
33.80000000000021 566.907688173461
33.90000000000021 566.9076881730516
34.00000000000021 566.9076881726421
34.10000000000021 566.9076881722327
34.20000000000022 566.9076881718233
34.30000000000022 566.907688171414
34.40000000000022 566.9076881710045
34.50000000000022 566.9076881705951
34.60000000000022 566.9076881701857
34.70000000000022 566.9076881697762
34.80000000000022 566.9076881693668
34.90000000000023 566.9076881689574
35.00000000000023 566.9076881685479
35.10000000000023 566.9076881681385
35.20000000000023 566.9076881677291
35.30000000000023 566.9076881673196
35.40000000000023 566.9076881669102
35.50000000000023 566.9076881665009
35.60000000000024 566.9076881660915
35.70000000000024 566.907688165682
35.80000000000024 566.9076881652726
35.90000000000024 566.9076881648632
36.00000000000024 566.9076881644537
36.10000000000024 566.9076881640443
36.20000000000024 566.9076881636349
36.30000000000025 566.9076881632254
36.40000000000025 566.907688162816
36.50000000000025 566.9076881624067
36.60000000000025 566.9076881619973
36.70000000000025 566.9076881615878
36.80000000000025 566.9076881611784
36.90000000000025 566.907688160769
37.00000000000026 566.9076881603595
37.10000000000026 566.9076881599501
37.20000000000026 566.9076881595407
37.30000000000026 566.9076881591312
37.40000000000026 566.9076881587218
37.50000000000026 566.9076881583125
37.60000000000026 566.907688157903
37.70000000000027 566.9076881574936
37.80000000000027 566.9076881570842
37.90000000000027 566.9076881566748
38.00000000000027 566.9076881562653
38.10000000000027 566.9076881558559
38.20000000000027 566.9076881554465
38.30000000000027 566.907688155037
38.40000000000028 566.9076881546276
38.50000000000028 566.9076881542182
38.60000000000028 566.9076881538087
38.70000000000028 566.9076881533994
38.80000000000028 566.90768815299
38.90000000000028 566.9076881525806
39.00000000000028 566.9076881521711
39.10000000000029 566.9076881517617
39.20000000000029 566.9076881513523
39.30000000000029 566.9076881509428
39.40000000000029 566.9076881505334
39.50000000000029 566.907688150124
39.60000000000029 566.9076881497145
39.70000000000029 566.9076881493052
39.8000000000003 566.9076881488958
39.9000000000003 566.9076881484863
40.0000000000003 566.9076881480769
40.1000000000003 566.9076881476675
40.2000000000003 566.9076881472581
40.3000000000003 566.9076881468486
40.4000000000003 566.9076881464392
40.50000000000031 566.9076881460912
40.60000000000031 566.90768814609
40.70000000000031 566.9076881460887
40.80000000000031 566.9076881460875
40.90000000000031 566.9076881460862
41.00000000000031 566.9076881460849
41.10000000000031 566.9076881460836
41.20000000000032 566.9076881460824
41.30000000000032 566.9076881460811
41.40000000000032 566.9076881460799
41.50000000000032 566.9076881460786
41.60000000000032 566.9076881460774
41.70000000000032 566.9076881460761
41.80000000000032 566.9076881460749
41.90000000000033 566.9076881460736
42.00000000000033 566.9076881460724
42.10000000000033 566.9076881460711
42.20000000000033 566.9076881460697
42.30000000000033 566.9076881460685
42.40000000000033 566.9076881460672
42.50000000000033 566.907688146066
42.60000000000034 566.9076881460647
42.70000000000034 566.9076881460635
42.80000000000034 566.9076881460622
42.90000000000034 566.907688146061
43.00000000000034 566.9076881460597
43.10000000000034 566.9076881460585
43.20000000000034 566.9076881460572
43.30000000000035 566.9076881460559
43.40000000000035 566.9076881460546
43.50000000000035 566.9076881460534
43.60000000000035 566.9076881460521
43.70000000000035 566.9076881460509
43.80000000000035 566.9076881460496
43.90000000000035 566.9076881460484
44.00000000000036 566.9076881460471
44.10000000000036 566.9076881460459
44.20000000000036 566.9076881460446
44.30000000000036 566.9076881460434
44.40000000000036 566.9076881460421
44.50000000000036 566.9076881460408
44.60000000000036 566.9076881460395
44.70000000000037 566.9076881460383
44.80000000000037 566.907688146037
44.90000000000037 566.9076881460358
45.00000000000037 566.9076881460345
45.10000000000037 566.9076881460333
45.20000000000037 566.907688146032
45.30000000000037 566.9076881460308
45.40000000000038 566.9076881460295
45.50000000000038 566.9076881460282
45.60000000000038 566.9076881460269
45.70000000000038 566.9076881460256
45.80000000000038 566.9076881460244
45.90000000000038 566.9076881460231
46.00000000000038 566.9076881460219
46.10000000000039 566.9076881460206
46.20000000000039 566.9076881460194
46.30000000000039 566.9076881460181
46.40000000000039 566.9076881460169
46.50000000000039 566.9076881460156
46.60000000000039 566.9076881460144
46.70000000000039 566.9076881460131
46.8000000000004 566.9076881460118
46.9000000000004 566.9076881460105
47.0000000000004 566.9076881460093
47.1000000000004 566.907688146008
47.2000000000004 566.9076881460068
47.3000000000004 566.9076881460055
47.4000000000004 566.9076881460043
47.50000000000041 566.907688146003
47.60000000000041 566.9076881460018
47.70000000000041 566.9076881460005
47.80000000000041 566.9076881459993
47.90000000000041 566.9076881459979
48.00000000000041 566.9076881459966
48.10000000000041 566.9076881459954
48.20000000000041 566.9076881459941
48.30000000000042 566.9076881459929
48.40000000000042 566.9076881459916
48.50000000000042 566.9076881459904
48.60000000000042 566.9076881459891
48.70000000000042 566.9076881459879
48.80000000000042 566.9076881459866
48.90000000000042 566.9076881459854
49.00000000000043 566.9076881459841
49.10000000000043 566.9076881459828
49.20000000000043 566.9076881459815
49.30000000000043 566.9076881459803
49.40000000000043 566.907688145979
49.50000000000043 566.9076881459778
49.60000000000043 566.9076881459765
49.70000000000044 566.9076881459753
49.80000000000044 566.907688145974
49.90000000000044 566.9076881459728