Time X1
0 250
0.1 250.4908257236238
0.2 251.0283526850857
0.3 251.6168837106375
0.4 252.2619354341333
0.5 252.9690533877696
0.6 253.7444589762949
0.7 254.5950214295545
0.7999999999999999 255.5283786400609
0.8999999999999999 256.5530416686862
0.9999999999999999 257.6785390119984
1.1 258.9154377423442
1.2 260.2755337260164
1.3 261.7719465481808
1.4 263.4193495488505
1.5 265.234147247803
1.6 267.2348336112402
1.7 269.4419205686334
1.8 271.8786192649307
1.900000000000001 274.5708722333218
2 277.5478323467696
2.100000000000001 280.842308120607
2.200000000000001 284.4910026864909
2.300000000000001 288.5349201306021
2.400000000000001 293.0197789440318
2.500000000000001 297.9963595840879
2.600000000000001 303.5205120407609
2.700000000000001 309.6531999286112
2.800000000000001 316.459949177143
2.900000000000001 324.0096264276789
3.000000000000001 332.3725270449393
3.100000000000001 341.616374174032
3.200000000000002 351.8023977721051
3.300000000000002 362.9765701964924
3.400000000000002 375.1608343110088
3.500000000000002 388.3406083015861
3.600000000000002 402.4511208916724
3.700000000000002 417.3645030429778
3.800000000000002 432.8796399197793
3.900000000000002 448.7205966218324
4.000000000000002 464.5501674470801
4.100000000000001 479.9935648883643
4.200000000000001 494.6773314539108
4.300000000000001 508.2716782746568
4.4 520.5273541467933
4.5 531.2976556386055
4.6 540.5411338533404
4.699999999999999 548.3071912760039
4.799999999999999 554.7119338603223
4.899999999999999 559.9111954168103
4.999999999999998 564.0767881331235
5.099999999999998 567.3785807629228
5.199999999999998 569.9729898583937
5.299999999999997 571.9975990292455
5.399999999999997 573.5690538066262
5.499999999999996 574.7836298851406
5.599999999999996 575.719304701031
5.699999999999996 576.4383008324131
5.799999999999995 576.9897074571651
5.899999999999995 577.4119346008979
5.999999999999995 577.7348907567199
6.099999999999994 577.9816934043567
6.199999999999994 578.1701650831413
6.299999999999994 578.3140195566499
6.399999999999993 578.4237792047867
6.499999999999993 578.5074916396262
6.599999999999993 578.5713203942433
6.699999999999992 578.6200262999954
6.799999999999992 578.6571450801889
6.899999999999991 578.6854213608319
6.999999999999991 578.7069403786538
7.099999999999991 578.7233742059926
7.19999999999999 578.7358654492693
7.29999999999999 578.745385021178
7.39999999999999 578.7526265692818
7.499999999999989 578.7581404470617
7.599999999999989 578.7623712075663
7.699999999999989 578.765620647044
7.799999999999988 578.7682063693004
7.899999999999988 578.7699961597942
7.999999999999988 578.7714321317221
8.099999999999987 578.772549988699
8.199999999999987 578.7733653786563
8.299999999999986 578.7739819579185
8.399999999999986 578.7744318418859
8.499999999999986 578.7747756913532
8.599999999999985 578.775039474418
8.699999999999985 578.7752450283889
8.799999999999985 578.7754061013105
8.899999999999984 578.7755312457228
8.999999999999984 578.7756287106938
9.099999999999984 578.7757029511741
9.199999999999983 578.7757606026476
9.299999999999983 578.7758039174812
9.399999999999983 578.775837754482
9.499999999999982 578.775863188803
9.599999999999982 578.7758831738657
9.699999999999982 578.7758982737693
9.799999999999981 578.7759101449291
9.899999999999981 578.7759191315356
9.99999999999998 578.7759261719522
10.09999999999998 578.7759327956529
10.19999999999998 578.7759409805694
10.29999999999998 578.7759481055816
10.39999999999998 578.7759541706896
10.49999999999998 578.7759591758934
10.59999999999998 578.7759631211931
10.69999999999998 578.7759660065884
10.79999999999998 578.7759678320796
10.89999999999998 578.7759685976665
10.99999999999998 578.7759683033491
11.09999999999998 578.7759669491277
11.19999999999998 578.775964535002
11.29999999999998 578.7759630224832
11.39999999999998 578.7759639152677
11.49999999999998 578.7759645392181
11.59999999999997 578.7759648943343
11.69999999999997 578.7759649806164
11.79999999999997 578.7759647980646
11.89999999999997 578.7759643466786
11.99999999999997 578.7759636264586
12.09999999999997 578.7759626374044
12.19999999999997 578.7759613795163
12.29999999999997 578.775959852794
12.39999999999997 578.7759580572376
12.49999999999997 578.775956907615
12.59999999999997 578.7759564124113
12.69999999999997 578.7759559172076
12.79999999999997 578.775955422004
12.89999999999997 578.7759549268003
12.99999999999997 578.7759544315967
13.09999999999997 578.775953936393
13.19999999999997 578.7759534411894
13.29999999999997 578.7759529459856
13.39999999999997 578.775952450782
13.49999999999997 578.7759519555783
13.59999999999997 578.7759514603747
13.69999999999997 578.7759512405133
13.79999999999997 578.7759512256814
13.89999999999997 578.7759512108495
13.99999999999997 578.7759511960176
14.09999999999997 578.7759511811856
14.19999999999997 578.7759511663537
14.29999999999997 578.7759511515218
14.39999999999996 578.7759511366899
14.49999999999996 578.7759511218579
14.59999999999996 578.775951107026
14.69999999999996 578.7759510921941
14.79999999999996 578.7759510773622
14.89999999999996 578.7759510625302
14.99999999999996 578.7759510476983
15.09999999999996 578.7759510328664
15.19999999999996 578.7759510180344
15.29999999999996 578.7759510032025
15.39999999999996 578.7759509883706
15.49999999999996 578.7759509735387
15.59999999999996 578.7759509587067
15.69999999999996 578.7759509438748
15.79999999999996 578.7759509290429
15.89999999999996 578.775950914211
15.99999999999996 578.775950899379
16.09999999999996 578.7759508845471
16.19999999999996 578.7759508697152
16.29999999999996 578.7759508548831
16.39999999999996 578.7759508400512
16.49999999999996 578.7759508252193
16.59999999999997 578.7759508103874
16.69999999999997 578.7759507955554
16.79999999999997 578.7759507807235
16.89999999999997 578.7759507658916
16.99999999999997 578.7759507510597
17.09999999999997 578.7759507362277
17.19999999999997 578.7759507213958
17.29999999999998 578.7759507065639
17.39999999999998 578.775950691732
17.49999999999998 578.7759506769
17.59999999999998 578.7759506620681
17.69999999999998 578.7759506472362
17.79999999999998 578.7759506324043
17.89999999999998 578.7759506175723
17.99999999999999 578.7759506027404
18.09999999999999 578.7759505879085
18.19999999999999 578.7759505730766
18.29999999999999 578.7759505582446
18.39999999999999 578.7759505434127
18.49999999999999 578.7759505285808
18.59999999999999 578.7759505137489
18.7 578.7759504989169
18.8 578.775950484085
18.9 578.7759504692531
19 578.775950454421
19.1 578.7759504395891
19.2 578.7759504247572
19.3 578.7759504099253
19.40000000000001 578.7759503950933
19.50000000000001 578.7759503802614
19.60000000000001 578.7759503654295
19.70000000000001 578.7759503505976
19.80000000000001 578.7759503357656
19.90000000000001 578.7759503209337
20.00000000000001 578.7759503061018
20.10000000000002 578.7759502912699
20.20000000000002 578.7759502764379
20.30000000000002 578.775950261606
20.40000000000002 578.7759502467741
20.50000000000002 578.7759502319421
20.60000000000002 578.7759502171102
20.70000000000002 578.7759502022783
20.80000000000003 578.7759501874464
20.90000000000003 578.7759501726144
21.00000000000003 578.7759501577825
21.10000000000003 578.7759501429506
21.20000000000003 578.7759501281187
21.30000000000003 578.7759501132867
21.40000000000003 578.7759500984548
21.50000000000004 578.7759500836229
21.60000000000004 578.7759500687908
21.70000000000004 578.7759500539589
21.80000000000004 578.775950039127
21.90000000000004 578.7759500242951
22.00000000000004 578.7759500094631
22.10000000000004 578.7759499946312
22.20000000000005 578.7759499797993
22.30000000000005 578.7759499649674
22.40000000000005 578.7759499501354
22.50000000000005 578.7759499353035
22.60000000000005 578.7759499204716
22.70000000000005 578.7759499056397
22.80000000000005 578.7759498908077
22.90000000000006 578.7759498759758
23.00000000000006 578.7759498611439
23.10000000000006 578.775949846312
23.20000000000006 578.77594983148
23.30000000000006 578.7759498166481
23.40000000000006 578.7759498018162
23.50000000000006 578.7759497869843
23.60000000000007 578.7759497721523
23.70000000000007 578.7759497573204
23.80000000000007 578.7759497424885
23.90000000000007 578.7759497276566
24.00000000000007 578.7759497128246
24.10000000000007 578.7759496979927
24.20000000000007 578.7759496831607
24.30000000000008 578.7759496683287
24.40000000000008 578.7759496534968
24.50000000000008 578.7759496386649
24.60000000000008 578.775949623833
24.70000000000008 578.775949609001
24.80000000000008 578.7759495941691
24.90000000000008 578.7759495793372
25.00000000000009 578.7759495645053
25.10000000000009 578.7759495496733
25.20000000000009 578.7759495348414
25.30000000000009 578.7759495200095
25.40000000000009 578.7759495051776
25.50000000000009 578.7759494903456
25.60000000000009 578.7759494816435
25.7000000000001 578.7759494811991
25.8000000000001 578.7759494807548
25.9000000000001 578.7759494803105
26.0000000000001 578.7759494798661
26.1000000000001 578.7759494794218
26.2000000000001 578.7759494789774
26.3000000000001 578.7759494785331
26.40000000000011 578.7759494780888
26.50000000000011 578.7759494776444
26.60000000000011 578.7759494772001
26.70000000000011 578.7759494767558
26.80000000000011 578.7759494763114
26.90000000000011 578.7759494758672
27.00000000000011 578.7759494754229
27.10000000000012 578.7759494749785
27.20000000000012 578.7759494745342
27.30000000000012 578.7759494740899
27.40000000000012 578.7759494736455
27.50000000000012 578.7759494732012
27.60000000000012 578.7759494727568
27.70000000000012 578.7759494723125
27.80000000000013 578.7759494718682
27.90000000000013 578.7759494714238
28.00000000000013 578.7759494709795
28.10000000000013 578.7759494705352
28.20000000000013 578.7759494700908
28.30000000000013 578.7759494696465
28.40000000000013 578.7759494692023
28.50000000000014 578.7759494687579
28.60000000000014 578.7759494683136
28.70000000000014 578.7759494678692
28.80000000000014 578.7759494674249
28.90000000000014 578.7759494669806
29.00000000000014 578.7759494665362
29.10000000000014 578.7759494660919
29.20000000000014 578.7759494656476
29.30000000000015 578.7759494652032
29.40000000000015 578.7759494647589
29.50000000000015 578.7759494643146
29.60000000000015 578.7759494638702
29.70000000000015 578.7759494634259
29.80000000000015 578.7759494629817
29.90000000000015 578.7759494625373
30.00000000000016 578.775949462093
30.10000000000016 578.7759494616486
30.20000000000016 578.7759494612043
30.30000000000016 578.77594946076
30.40000000000016 578.7759494603156
30.50000000000016 578.7759494598713
30.60000000000016 578.775949459427
30.70000000000017 578.7759494589826
30.80000000000017 578.7759494585383
30.90000000000017 578.775949458094
31.00000000000017 578.7759494576496
31.10000000000017 578.7759494572053
31.20000000000017 578.7759494567611
31.30000000000017 578.7759494563167
31.40000000000018 578.7759494558724
31.50000000000018 578.775949455428
31.60000000000018 578.7759494549837
31.70000000000018 578.7759494545394
31.80000000000018 578.775949454095
31.90000000000018 578.7759494536507
32.00000000000018 578.7759494532064
32.10000000000019 578.775949452762
32.20000000000019 578.7759494523177
32.30000000000019 578.7759494518734
32.40000000000019 578.775949451429
32.50000000000019 578.7759494509847
32.60000000000019 578.7759494505405
32.70000000000019 578.775949450096
32.8000000000002 578.7759494496518
32.9000000000002 578.7759494492074
33.0000000000002 578.7759494487631
33.1000000000002 578.7759494483188
33.2000000000002 578.7759494478744
33.3000000000002 578.7759494474301
33.4000000000002 578.7759494469858
33.50000000000021 578.7759494465414
33.60000000000021 578.7759494460971
33.70000000000021 578.7759494456528
33.80000000000021 578.7759494452084
33.90000000000021 578.7759494447641
34.00000000000021 578.7759494443197
34.10000000000021 578.7759494438754
34.20000000000022 578.7759494434312
34.30000000000022 578.7759494429868
34.40000000000022 578.7759494425425
34.50000000000022 578.7759494420982
34.60000000000022 578.7759494416538
34.70000000000022 578.7759494412095
34.80000000000022 578.7759494407652
34.90000000000023 578.7759494403208
35.00000000000023 578.7759494398765
35.10000000000023 578.7759494394322
35.20000000000023 578.7759494389878
35.30000000000023 578.7759494385435
35.40000000000023 578.7759494380991
35.50000000000023 578.7759494376548
35.60000000000024 578.7759494372106
35.70000000000024 578.7759494367662
35.80000000000024 578.7759494363219
35.90000000000024 578.7759494358776
36.00000000000024 578.7759494354332
36.10000000000024 578.7759494349889
36.20000000000024 578.7759494345446
36.30000000000025 578.7759494341002
36.40000000000025 578.7759494336559
36.50000000000025 578.7759494332116
36.60000000000025 578.7759494327672
36.70000000000025 578.7759494323229
36.80000000000025 578.7759494318785
36.90000000000025 578.7759494314342
37.00000000000026 578.77594943099
37.10000000000026 578.7759494305456
37.20000000000026 578.7759494301013
37.30000000000026 578.775949429657
37.40000000000026 578.7759494292126
37.50000000000026 578.7759494288919
37.60000000000026 578.7759494288905
37.70000000000027 578.7759494288891
37.80000000000027 578.7759494288878
37.90000000000027 578.7759494288864
38.00000000000027 578.775949428885
38.10000000000027 578.7759494288837
38.20000000000027 578.7759494288823
38.30000000000027 578.7759494288809
38.40000000000028 578.7759494288796
38.50000000000028 578.7759494288782
38.60000000000028 578.7759494288769
38.70000000000028 578.7759494288755
38.80000000000028 578.7759494288741
38.90000000000028 578.7759494288728
39.00000000000028 578.7759494288714
39.10000000000029 578.7759494288699
39.20000000000029 578.7759494288686
39.30000000000029 578.7759494288672
39.40000000000029 578.7759494288658
39.50000000000029 578.7759494288645
39.60000000000029 578.7759494288631
39.70000000000029 578.7759494288617
39.8000000000003 578.7759494288604
39.9000000000003 578.775949428859
40.0000000000003 578.7759494288576
40.1000000000003 578.7759494288563
40.2000000000003 578.7759494288549
40.3000000000003 578.7759494288536
40.4000000000003 578.7759494288522
40.50000000000031 578.7759494288508
40.60000000000031 578.7759494288495
40.70000000000031 578.7759494288481
40.80000000000031 578.7759494288467
40.90000000000031 578.7759494288454
41.00000000000031 578.775949428844
41.10000000000031 578.7759494288426
41.20000000000032 578.7759494288413
41.30000000000032 578.7759494288399
41.40000000000032 578.7759494288385
41.50000000000032 578.7759494288372
41.60000000000032 578.7759494288358
41.70000000000032 578.7759494288345
41.80000000000032 578.7759494288331
41.90000000000033 578.7759494288317
42.00000000000033 578.7759494288302
42.10000000000033 578.7759494288289
42.20000000000033 578.7759494288275
42.30000000000033 578.7759494288262
42.40000000000033 578.7759494288248
42.50000000000033 578.7759494288234
42.60000000000034 578.7759494288221
42.70000000000034 578.7759494288207
42.80000000000034 578.7759494288193
42.90000000000034 578.775949428818
43.00000000000034 578.7759494288166
43.10000000000034 578.7759494288152
43.20000000000034 578.7759494288139
43.30000000000035 578.7759494288125
43.40000000000035 578.7759494288111
43.50000000000035 578.7759494288098
43.60000000000035 578.7759494288084
43.70000000000035 578.7759494288071
43.80000000000035 578.7759494288057
43.90000000000035 578.7759494288043
44.00000000000036 578.775949428803
44.10000000000036 578.7759494288016
44.20000000000036 578.7759494288002
44.30000000000036 578.7759494287989
44.40000000000036 578.7759494287975
44.50000000000036 578.7759494287961
44.60000000000036 578.7759494287948
44.70000000000037 578.7759494287934
44.80000000000037 578.7759494287919
44.90000000000037 578.7759494287906
45.00000000000037 578.7759494287892
45.10000000000037 578.7759494287878
45.20000000000037 578.7759494287865
45.30000000000037 578.7759494287851
45.40000000000038 578.7759494287837
45.50000000000038 578.7759494287824
45.60000000000038 578.775949428781
45.70000000000038 578.7759494287797
45.80000000000038 578.7759494287783
45.90000000000038 578.7759494287769
46.00000000000038 578.7759494287756
46.10000000000039 578.7759494287742
46.20000000000039 578.7759494287728
46.30000000000039 578.7759494287715
46.40000000000039 578.7759494287701
46.50000000000039 578.7759494287687
46.60000000000039 578.7759494287674
46.70000000000039 578.775949428766
46.8000000000004 578.7759494287646
46.9000000000004 578.7759494287633
47.0000000000004 578.7759494287619
47.1000000000004 578.7759494287606
47.2000000000004 578.7759494287592
47.3000000000004 578.7759494287578
47.4000000000004 578.7759494287565
47.50000000000041 578.7759494287551
47.60000000000041 578.7759494287537
47.70000000000041 578.7759494287523
47.80000000000041 578.7759494287509
47.90000000000041 578.7759494287495
48.00000000000041 578.7759494287482
48.10000000000041 578.7759494287468
48.20000000000041 578.7759494287454
48.30000000000042 578.7759494287441
48.40000000000042 578.7759494287427
48.50000000000042 578.7759494287413
48.60000000000042 578.77594942874
48.70000000000042 578.7759494287386
48.80000000000042 578.7759494287372
48.90000000000042 578.7759494287359
49.00000000000043 578.7759494287345
49.10000000000043 578.7759494287332
49.20000000000043 578.7759494287318
49.30000000000043 578.7759494287304
49.40000000000043 578.7759494287291
49.50000000000043 578.7759494287277
49.60000000000043 578.7759494287263
49.70000000000044 578.775949428725
49.80000000000044 578.7759494287236
49.90000000000044 578.7759494287222