Time X1
0 250
0.1 259.7553614626966
0.2 271.3713045440876
0.3 285.3265669836049
0.4 302.2457386132891
0.5 322.9343453061786
0.6 348.4045877427509
0.7 379.8518105203432
0.7999999999999999 418.4884765955608
0.8999999999999999 465.0835733375231
0.9999999999999999 519.0439485729759
1.1 577.2512103260854
1.2 633.79785001179
1.3 682.0547224089069
1.4 718.0943728375447
1.5 742.0891480480512
1.6 756.7660315148427
1.7 765.2583223411707
1.8 770.0100201232766
1.900000000000001 772.6181395437015
2 774.034444279845
2.100000000000001 774.7991062115237
2.200000000000001 775.210611892397
2.300000000000001 775.4316898367458
2.400000000000001 775.5503446927391
2.500000000000001 775.6140477219686
2.600000000000001 775.6481644036111
2.700000000000001 775.6664266946024
2.800000000000001 775.6762240293048
2.900000000000001 775.6814567329827
3.000000000000001 775.6844201754665
3.100000000000001 775.6858819010388
3.200000000000002 775.6866982968031
3.300000000000002 775.6871082614535
3.400000000000002 775.6873278844406
3.500000000000002 775.6874524132531
3.600000000000002 775.6875216684265
3.700000000000002 775.6875591975112
3.800000000000002 775.6875795992197
3.900000000000002 775.6875986314861
4.000000000000002 775.6876142328707
4.100000000000001 775.687623821793
4.200000000000001 775.6876273982526
4.300000000000001 775.6876249622497
4.4 775.6876206021037
4.5 775.687622145199
4.6 775.6876222105435
4.699999999999999 775.6876207981372
4.799999999999999 775.6876179079802
4.899999999999999 775.6876135400724
4.999999999999998 775.6876117362557
5.099999999999998 775.6876105540609
5.199999999999998 775.6876093718662
5.299999999999997 775.6876081896714
5.399999999999997 775.6876070074767
5.499999999999996 775.6876063448865
5.599999999999996 775.6876063109642
5.699999999999996 775.6876062770417
5.799999999999995 775.6876062431194
5.899999999999995 775.6876062091969
5.999999999999995 775.6876061752746
6.099999999999994 775.6876061413521
6.199999999999994 775.6876061074298
6.299999999999994 775.6876060735074
6.399999999999993 775.687606039585
6.499999999999993 775.6876060056626
6.599999999999993 775.6876059717403
6.699999999999992 775.6876059378178
6.799999999999992 775.6876059038955
6.899999999999991 775.687605869973
6.999999999999991 775.6876058360507
7.099999999999991 775.6876058021282
7.19999999999999 775.6876057682059
7.29999999999999 775.6876057342835
7.39999999999999 775.6876057003611
7.499999999999989 775.6876056664387
7.599999999999989 775.6876056325164
7.699999999999989 775.6876055985939
7.799999999999988 775.6876055646716
7.899999999999988 775.6876055307491
7.999999999999988 775.6876054968268
8.099999999999987 775.6876054629043
8.199999999999987 775.687605428982
8.299999999999986 775.6876053950596
8.399999999999986 775.6876053611372
8.499999999999986 775.6876053272148
8.599999999999985 775.6876052932924
8.699999999999985 775.68760525937
8.799999999999985 775.6876052254476
8.899999999999984 775.6876051915252
8.999999999999984 775.6876051576028
9.099999999999984 775.6876051236804
9.199999999999983 775.687605089758
9.299999999999983 775.6876050558357
9.399999999999983 775.6876050219132
9.499999999999982 775.6876049879909
9.599999999999982 775.6876049540684
9.699999999999982 775.6876049201461
9.799999999999981 775.6876048862237
9.899999999999981 775.6876048523013
9.99999999999998 775.6876048183789
10.09999999999998 775.6876047844565
10.19999999999998 775.6876047505341
10.29999999999998 775.6876047166118
10.39999999999998 775.6876046826893
10.49999999999998 775.687604648767
10.59999999999998 775.6876046148445
10.69999999999998 775.6876045809222
10.79999999999998 775.6876045469998
10.89999999999998 775.6876045178763
10.99999999999998 775.6876045169028
11.09999999999998 775.6876045159291
11.19999999999998 775.6876045149556
11.29999999999998 775.6876045139821
11.39999999999998 775.6876045130085
11.49999999999998 775.687604512035
11.59999999999997 775.6876045110615
11.69999999999997 775.6876045100879
11.79999999999997 775.6876045091144
11.89999999999997 775.6876045081409
11.99999999999997 775.6876045071673
12.09999999999997 775.6876045061938
12.19999999999997 775.6876045052203
12.29999999999997 775.6876045042467
12.39999999999997 775.6876045032732
12.49999999999997 775.6876045022997
12.59999999999997 775.6876045013261
12.69999999999997 775.6876045003526
12.79999999999997 775.6876044993791
12.89999999999997 775.6876044984054
12.99999999999997 775.6876044974319
13.09999999999997 775.6876044964583
13.19999999999997 775.6876044954848
13.29999999999997 775.6876044945113
13.39999999999997 775.6876044935377
13.49999999999997 775.6876044925642
13.59999999999997 775.6876044915907
13.69999999999997 775.6876044906171
13.79999999999997 775.6876044896436
13.89999999999997 775.6876044886701
13.99999999999997 775.6876044876965
14.09999999999997 775.687604486723
14.19999999999997 775.6876044857495
14.29999999999997 775.6876044847759
14.39999999999996 775.6876044838024
14.49999999999996 775.6876044828289
14.59999999999996 775.6876044818553
14.69999999999996 775.6876044808818
14.79999999999996 775.6876044799083
14.89999999999996 775.6876044789346
14.99999999999996 775.6876044779611
15.09999999999996 775.6876044769876
15.19999999999996 775.687604476014
15.29999999999996 775.6876044750405
15.39999999999996 775.687604474067
15.49999999999996 775.6876044730934
15.59999999999996 775.6876044721199
15.69999999999996 775.6876044711464
15.79999999999996 775.6876044701728
15.89999999999996 775.6876044691993
15.99999999999996 775.6876044682258
16.09999999999996 775.6876044672522
16.19999999999996 775.6876044662787
16.29999999999996 775.6876044653052
16.39999999999996 775.6876044651458
16.49999999999996 775.6876044651428
16.59999999999997 775.68760446514
16.69999999999997 775.6876044651372
16.79999999999997 775.6876044651343
16.89999999999997 775.6876044651314
16.99999999999997 775.6876044651285
17.09999999999997 775.6876044651257
17.19999999999997 775.6876044651228
17.29999999999998 775.68760446512
17.39999999999998 775.687604465117
17.49999999999998 775.6876044651142
17.59999999999998 775.6876044651113
17.69999999999998 775.6876044651085
17.79999999999998 775.6876044651056
17.89999999999998 775.6876044651027
17.99999999999999 775.6876044650999
18.09999999999999 775.687604465097
18.19999999999999 775.6876044650941
18.29999999999999 775.6876044650912
18.39999999999999 775.6876044650884
18.49999999999999 775.6876044650855
18.59999999999999 775.6876044650826
18.7 775.6876044650797
18.8 775.6876044650769
18.9 775.6876044650741
19 775.6876044650712
19.1 775.6876044650683
19.2 775.6876044650654
19.3 775.6876044650626
19.40000000000001 775.6876044650597
19.50000000000001 775.6876044650568
19.60000000000001 775.6876044650539
19.70000000000001 775.6876044650511
19.80000000000001 775.6876044650483
19.90000000000001 775.6876044650453
20.00000000000001 775.6876044650425
20.10000000000002 775.6876044650396
20.20000000000002 775.6876044650368
20.30000000000002 775.6876044650339
20.40000000000002 775.687604465031
20.50000000000002 775.6876044650281
20.60000000000002 775.6876044650253
20.70000000000002 775.6876044650224
20.80000000000003 775.6876044650195
20.90000000000003 775.6876044650166
21.00000000000003 775.6876044650138
21.10000000000003 775.687604465011
21.20000000000003 775.687604465008
21.30000000000003 775.6876044650052
21.40000000000003 775.6876044650023
21.50000000000004 775.6876044649995
21.60000000000004 775.6876044649965
21.70000000000004 775.6876044649937
21.80000000000004 775.6876044649908
21.90000000000004 775.687604464988
22.00000000000004 775.6876044649852
22.10000000000004 775.6876044649822
22.20000000000005 775.6876044649794
22.30000000000005 775.6876044649765
22.40000000000005 775.6876044649737
22.50000000000005 775.6876044649707
22.60000000000005 775.6876044649679
22.70000000000005 775.687604464965
22.80000000000005 775.6876044649622
22.90000000000006 775.6876044649592
23.00000000000006 775.6876044649564
23.10000000000006 775.6876044649536
23.20000000000006 775.6876044649507
23.30000000000006 775.6876044649478
23.40000000000006 775.6876044649449
23.50000000000006 775.6876044649421
23.60000000000007 775.6876044649392
23.70000000000007 775.6876044649364
23.80000000000007 775.6876044649334
23.90000000000007 775.6876044649306
24.00000000000007 775.6876044649277
24.10000000000007 775.6876044649249
24.20000000000007 775.6876044649219
24.30000000000008 775.6876044649191
24.40000000000008 775.6876044649163
24.50000000000008 775.6876044649134
24.60000000000008 775.6876044649105
24.70000000000008 775.6876044649076
24.80000000000008 775.6876044649048
24.90000000000008 775.6876044649019
25.00000000000009 775.6876044648991
25.10000000000009 775.6876044648961
25.20000000000009 775.6876044648933
25.30000000000009 775.6876044648905
25.40000000000009 775.6876044648876
25.50000000000009 775.6876044648847
25.60000000000009 775.6876044648818
25.7000000000001 775.687604464879
25.8000000000001 775.6876044648761
25.9000000000001 775.6876044648732
26.0000000000001 775.6876044648703
26.1000000000001 775.6876044648675
26.2000000000001 775.6876044648646
26.3000000000001 775.6876044648617
26.40000000000011 775.6876044648589
26.50000000000011 775.687604464856
26.60000000000011 775.6876044648532
26.70000000000011 775.6876044648503
26.80000000000011 775.6876044648474
26.90000000000011 775.6876044648445
27.00000000000011 775.6876044648417
27.10000000000012 775.6876044648388
27.20000000000012 775.6876044648359
27.30000000000012 775.687604464833
27.40000000000012 775.6876044648302
27.50000000000012 775.6876044648274
27.60000000000012 775.6876044648244
27.70000000000012 775.6876044648216
27.80000000000013 775.6876044648187
27.90000000000013 775.6876044648159
28.00000000000013 775.6876044648129
28.10000000000013 775.6876044648101
28.20000000000013 775.6876044648072
28.30000000000013 775.6876044648044
28.40000000000013 775.6876044648016
28.50000000000014 775.6876044647986
28.60000000000014 775.6876044647958
28.70000000000014 775.6876044647929
28.80000000000014 775.6876044647901
28.90000000000014 775.6876044647871
29.00000000000014 775.6876044647843
29.10000000000014 775.6876044647814
29.20000000000014 775.6876044647786
29.30000000000015 775.6876044647756
29.40000000000015 775.6876044647728
29.50000000000015 775.6876044647699
29.60000000000015 775.6876044647671
29.70000000000015 775.6876044647643
29.80000000000015 775.6876044647613
29.90000000000015 775.6876044647585
30.00000000000016 775.6876044647556
30.10000000000016 775.6876044647528
30.20000000000016 775.6876044647498
30.30000000000016 775.687604464747
30.40000000000016 775.6876044647441
30.50000000000016 775.6876044647413
30.60000000000016 775.6876044647383
30.70000000000017 775.6876044647355
30.80000000000017 775.6876044647327
30.90000000000017 775.6876044647298
31.00000000000017 775.6876044647269
31.10000000000017 775.687604464724
31.20000000000017 775.6876044647212
31.30000000000017 775.6876044647183
31.40000000000018 775.6876044647155
31.50000000000018 775.6876044647125
31.60000000000018 775.6876044647097
31.70000000000018 775.6876044647069
31.80000000000018 775.687604464704
31.90000000000018 775.6876044647011
32.00000000000018 775.6876044646982
32.10000000000019 775.6876044646954
32.20000000000019 775.6876044646925
32.30000000000019 775.6876044646896
32.40000000000019 775.6876044646867
32.50000000000019 775.6876044646839
32.60000000000019 775.687604464681
32.70000000000019 775.6876044646781
32.8000000000002 775.6876044646752
32.9000000000002 775.6876044646724
33.0000000000002 775.6876044646696
33.1000000000002 775.6876044646667
33.2000000000002 775.6876044646638
33.3000000000002 775.6876044646609
33.4000000000002 775.6876044646581
33.50000000000021 775.6876044646552
33.60000000000021 775.6876044646523
33.70000000000021 775.6876044646494
33.80000000000021 775.6876044646466
33.90000000000021 775.6876044646438
34.00000000000021 775.6876044646408
34.10000000000021 775.687604464638
34.20000000000022 775.6876044646351
34.30000000000022 775.6876044646323
34.40000000000022 775.6876044646294
34.50000000000022 775.6876044646265
34.60000000000022 775.6876044646236
34.70000000000022 775.6876044646208
34.80000000000022 775.6876044646179
34.90000000000023 775.687604464615
35.00000000000023 775.6876044646121
35.10000000000023 775.6876044646093
35.20000000000023 775.6876044646065
35.30000000000023 775.6876044646035
35.40000000000023 775.6876044646007
35.50000000000023 775.6876044645978
35.60000000000024 775.687604464595
35.70000000000024 775.687604464592
35.80000000000024 775.6876044645892
35.90000000000024 775.6876044645863
36.00000000000024 775.6876044645835
36.10000000000024 775.6876044645807
36.20000000000024 775.6876044645777
36.30000000000025 775.6876044645749
36.40000000000025 775.687604464572
36.50000000000025 775.6876044645692
36.60000000000025 775.6876044645662
36.70000000000025 775.6876044645634
36.80000000000025 775.6876044645605
36.90000000000025 775.6876044645577
37.00000000000026 775.6876044645547
37.10000000000026 775.6876044645519
37.20000000000026 775.6876044645491
37.30000000000026 775.6876044645462
37.40000000000026 775.6876044645433
37.50000000000026 775.6876044645404
37.60000000000026 775.6876044645376
37.70000000000027 775.6876044645347
37.80000000000027 775.6876044645319
37.90000000000027 775.6876044645289
38.00000000000027 775.6876044645261
38.10000000000027 775.6876044645232
38.20000000000027 775.6876044645204
38.30000000000027 775.6876044645174
38.40000000000028 775.6876044645146
38.50000000000028 775.6876044645118
38.60000000000028 775.6876044645089
38.70000000000028 775.687604464506
38.80000000000028 775.6876044645031
38.90000000000028 775.6876044645003
39.00000000000028 775.6876044644974
39.10000000000029 775.6876044644946
39.20000000000029 775.6876044644916
39.30000000000029 775.6876044644888
39.40000000000029 775.687604464486
39.50000000000029 775.6876044644831
39.60000000000029 775.6876044644802
39.70000000000029 775.6876044644773
39.8000000000003 775.6876044644745
39.9000000000003 775.6876044644716
40.0000000000003 775.6876044644687
40.1000000000003 775.6876044644658
40.2000000000003 775.687604464463
40.3000000000003 775.6876044644602
40.4000000000003 775.6876044644572
40.50000000000031 775.6876044644544
40.60000000000031 775.6876044644515
40.70000000000031 775.6876044644487
40.80000000000031 775.6876044644458
40.90000000000031 775.6876044644429
41.00000000000031 775.68760446444
41.10000000000031 775.6876044644372
41.20000000000032 775.6876044644343
41.30000000000032 775.6876044644314
41.40000000000032 775.6876044644285
41.50000000000032 775.6876044644257
41.60000000000032 775.6876044644229
41.70000000000032 775.6876044644199
41.80000000000032 775.6876044644171
41.90000000000033 775.6876044644142
42.00000000000033 775.6876044644114
42.10000000000033 775.6876044644085
42.20000000000033 775.6876044644056
42.30000000000033 775.6876044644027
42.40000000000033 775.6876044643999
42.50000000000033 775.6876044643971
42.60000000000034 775.6876044643941
42.70000000000034 775.6876044643913
42.80000000000034 775.6876044643884
42.90000000000034 775.6876044643856
43.00000000000034 775.6876044643826
43.10000000000034 775.6876044643798
43.20000000000034 775.6876044643769
43.30000000000035 775.6876044643741
43.40000000000035 775.6876044643711
43.50000000000035 775.6876044643683
43.60000000000035 775.6876044643654
43.70000000000035 775.6876044643626
43.80000000000035 775.6876044643598
43.90000000000035 775.6876044643568
44.00000000000036 775.687604464354
44.10000000000036 775.6876044643511
44.20000000000036 775.6876044643483
44.30000000000036 775.6876044643453
44.40000000000036 775.6876044643425
44.50000000000036 775.6876044643396
44.60000000000036 775.6876044643368
44.70000000000037 775.6876044643338
44.80000000000037 775.687604464331
44.90000000000037 775.6876044643282
45.00000000000037 775.6876044643253
45.10000000000037 775.6876044643224
45.20000000000037 775.6876044643195
45.30000000000037 775.6876044643167
45.40000000000038 775.6876044643138
45.50000000000038 775.687604464311
45.60000000000038 775.687604464308
45.70000000000038 775.6876044643052
45.80000000000038 775.6876044643024
45.90000000000038 775.6876044642995
46.00000000000038 775.6876044642966
46.10000000000039 775.6876044642937
46.20000000000039 775.6876044642909
46.30000000000039 775.687604464288
46.40000000000039 775.6876044642851
46.50000000000039 775.6876044642822
46.60000000000039 775.6876044642794
46.70000000000039 775.6876044642765
46.8000000000004 775.6876044642737
46.9000000000004 775.6876044642707
47.0000000000004 775.6876044642679
47.1000000000004 775.6876044642651
47.2000000000004 775.6876044642622
47.3000000000004 775.6876044642593
47.4000000000004 775.6876044642564
47.50000000000041 775.6876044642536
47.60000000000041 775.6876044642507
47.70000000000041 775.6876044642478
47.80000000000041 775.6876044642449
47.90000000000041 775.6876044642421
48.00000000000041 775.6876044642393
48.10000000000041 775.6876044642363
48.20000000000041 775.6876044642335
48.30000000000042 775.6876044642306
48.40000000000042 775.6876044642278
48.50000000000042 775.6876044642249
48.60000000000042 775.687604464222
48.70000000000042 775.6876044642191
48.80000000000042 775.6876044642163
48.90000000000042 775.6876044642135
49.00000000000043 775.6876044642105
49.10000000000043 775.6876044642077
49.20000000000043 775.6876044642048
49.30000000000043 775.687604464202
49.40000000000043 775.687604464199
49.50000000000043 775.6876044641962
49.60000000000043 775.6876044641933
49.70000000000044 775.6876044641905
49.80000000000044 775.6876044641875
49.90000000000044 775.6876044641847