Time X1
0 250
0.1 250.2466417796271
0.2 250.51590958933
0.3 250.8099697921294
0.4 251.130913207212
0.5 251.4816208267846
0.6 251.8648052483521
0.7 252.2835340040929
0.7999999999999999 252.7411896775761
0.8999999999999999 253.2414579295401
0.9999999999999999 253.7884172207625
1.1 254.3866062843586
1.2 255.0410339247947
1.3 255.7572098508372
1.4 256.5412117981197
1.5 257.3997915888175
1.6 258.3403204864958
1.7 259.3710729981395
1.8 260.5011277339191
1.900000000000001 261.7407199180398
2 263.101045659756
2.100000000000001 264.5945701124891
2.200000000000001 266.2353173307999
2.300000000000001 268.0387640020047
2.400000000000001 270.0222494813881
2.500000000000001 272.2051326987802
2.600000000000001 274.6090045346514
2.700000000000001 277.2579104032093
2.800000000000001 280.1786389880557
2.900000000000001 283.4011467007261
3.000000000000001 286.9586616984786
3.100000000000001 290.8880747910925
3.200000000000002 295.2301949813918
3.300000000000002 300.0297799605871
3.400000000000002 305.335512455052
3.500000000000002 311.2002991827583
3.600000000000002 317.6796227186617
3.700000000000002 324.8311515885159
3.800000000000002 332.7123652118737
3.900000000000002 341.3785665868449
4.000000000000002 350.8767939038997
4.100000000000001 361.2412323569478
4.200000000000001 372.485295435347
4.300000000000001 384.5922367847339
4.4 397.5047347046187
4.5 411.1155959718963
4.6 425.2608788030166
4.699999999999999 439.7176730018463
4.799999999999999 454.2141788810446
4.899999999999999 468.4454492169017
4.999999999999998 482.1008964520997
5.099999999999998 494.8957052596601
5.199999999999998 506.6000502473754
5.299999999999997 517.0595303400097
5.399999999999997 526.2026232434052
5.499999999999996 534.0351658141095
5.599999999999996 540.6253197965902
5.699999999999996 546.0840631983208
5.799999999999995 550.5458360317065
5.899999999999995 554.1524058031075
5.999999999999995 557.0412239225996
6.099999999999994 559.3378553623094
6.199999999999994 561.1528374499762
6.299999999999994 562.5804194833784
6.399999999999993 563.6990662038023
6.499999999999993 564.5730374430952
6.599999999999993 565.2542704400637
6.699999999999992 565.7843000204592
6.799999999999992 566.1960930650365
6.899999999999991 566.51568217787
6.999999999999991 566.7634992088725
7.099999999999991 566.955541716765
7.19999999999999 567.1042796717434
7.29999999999999 567.2194371454377
7.39999999999999 567.3085424239766
7.499999999999989 567.3774972019554
7.599999999999989 567.4308471708988
7.699999999999989 567.4721559758173
7.799999999999988 567.5040685032196
7.899999999999988 567.5287350175211
7.999999999999988 567.5477928894701
8.099999999999987 567.5625481102634
8.199999999999987 567.5739433100059
8.299999999999986 567.5827453639422
8.399999999999986 567.5895404430754
8.499999999999986 567.5947907943463
8.599999999999985 567.598870714592
8.699999999999985 567.6020562977004
8.799999999999985 567.6046697244921
8.899999999999984 567.6064445058092
8.999999999999984 567.6078978518427
9.099999999999984 567.6090571246741
9.199999999999983 567.6099371008647
9.299999999999983 567.6105933306433
9.399999999999983 567.6110973882217
9.499999999999982 567.6114690458065
9.599999999999982 567.6117649592198
9.699999999999982 567.6119922121328
9.799999999999981 567.612174919981
9.899999999999981 567.612318100037
9.99999999999998 567.6124319675708
10.09999999999998 567.6125209969347
10.19999999999998 567.612590145084
10.29999999999998 567.6126444629402
10.39999999999998 567.6126858263825
10.49999999999998 567.6127186570985
10.59999999999998 567.6127436478629
10.69999999999998 567.6127635443169
10.79999999999998 567.6127788423752
10.89999999999998 567.6127909469507
10.99999999999998 567.6128003588504
11.09999999999998 567.6128077036672
11.19999999999998 567.6128134837209
11.29999999999998 567.6128210557116
11.39999999999998 567.6128283460621
11.49999999999998 567.6128346844271
11.59999999999997 567.6128400708067
11.69999999999997 567.6128445052008
11.79999999999997 567.6128479876094
11.89999999999997 567.6128505180326
11.99999999999997 567.6128520964703
12.09999999999997 567.6128527229226
12.19999999999997 567.6128523973894
12.29999999999997 567.6128511198707
12.39999999999997 567.6128488903666
12.49999999999997 567.6128471807008
12.59999999999997 567.6128480634414
12.69999999999997 567.6128487033964
12.79999999999997 567.6128491005655
12.89999999999997 567.6128492549489
12.99999999999997 567.6128491665464
13.09999999999997 567.6128488353581
13.19999999999997 567.6128482613841
13.29999999999997 567.6128474446242
13.39999999999997 567.6128463850786
13.49999999999997 567.6128450827471
13.59999999999997 567.6128435376298
13.69999999999997 567.6128417497268
13.79999999999997 567.6128411805914
13.89999999999997 567.6128407079805
13.99999999999997 567.6128402353694
14.09999999999997 567.6128397627584
14.19999999999997 567.6128392901475
14.29999999999997 567.6128388175365
14.39999999999996 567.6128383449254
14.49999999999996 567.6128378723145
14.59999999999996 567.6128373997035
14.69999999999996 567.6128369270924
14.79999999999996 567.6128364544815
14.89999999999996 567.6128359818705
14.99999999999996 567.6128356588008
15.09999999999996 567.6128356445491
15.19999999999996 567.6128356302974
15.29999999999996 567.6128356160457
15.39999999999996 567.6128356017939
15.49999999999996 567.6128355875422
15.59999999999996 567.6128355732905
15.69999999999996 567.6128355590388
15.79999999999996 567.612835544787
15.89999999999996 567.6128355305352
15.99999999999996 567.6128355162836
16.09999999999996 567.6128355020318
16.19999999999996 567.6128354877801
16.29999999999996 567.6128354735283
16.39999999999996 567.6128354592767
16.49999999999996 567.6128354450249
16.59999999999997 567.6128354307732
16.69999999999997 567.6128354165214
16.79999999999997 567.6128354022698
16.89999999999997 567.612835388018
16.99999999999997 567.6128353737662
17.09999999999997 567.6128353595145
17.19999999999997 567.6128353452627
17.29999999999998 567.6128353310111
17.39999999999998 567.6128353167593
17.49999999999998 567.6128353025076
17.59999999999998 567.6128352882558
17.69999999999998 567.6128352740042
17.79999999999998 567.6128352597524
17.89999999999998 567.6128352455007
17.99999999999999 567.6128352312489
18.09999999999999 567.6128352169972
18.19999999999999 567.6128352027455
18.29999999999999 567.6128351884937
18.39999999999999 567.612835174242
18.49999999999999 567.6128351599903
18.59999999999999 567.6128351457386
18.7 567.6128351314868
18.8 567.6128351172351
18.9 567.6128351029834
19 567.6128350887317
19.1 567.6128350744799
19.2 567.6128350602282
19.3 567.6128350459765
19.40000000000001 567.6128350317247
19.50000000000001 567.612835017473
19.60000000000001 567.6128350032212
19.70000000000001 567.6128349889696
19.80000000000001 567.6128349747178
19.90000000000001 567.6128349604661
20.00000000000001 567.6128349462143
20.10000000000002 567.6128349319627
20.20000000000002 567.6128349177109
20.30000000000002 567.6128349034592
20.40000000000002 567.6128348892074
20.50000000000002 567.6128348749556
20.60000000000002 567.612834860704
20.70000000000002 567.6128348464522
20.80000000000003 567.6128348322005
20.90000000000003 567.6128348179487
21.00000000000003 567.6128348036971
21.10000000000003 567.6128347894453
21.20000000000003 567.6128347751936
21.30000000000003 567.6128347609418
21.40000000000003 567.6128347466902
21.50000000000004 567.6128347324384
21.60000000000004 567.6128347181867
21.70000000000004 567.6128347039349
21.80000000000004 567.6128346896832
21.90000000000004 567.6128346754315
22.00000000000004 567.6128346611797
22.10000000000004 567.612834646928
22.20000000000005 567.6128346326763
22.30000000000005 567.6128346184246
22.40000000000005 567.6128346041728
22.50000000000005 567.6128345899211
22.60000000000005 567.6128345756694
22.70000000000005 567.6128345614177
22.80000000000005 567.6128345471659
22.90000000000006 567.6128345329141
23.00000000000006 567.6128345186625
23.10000000000006 567.6128345044107
23.20000000000006 567.612834490159
23.30000000000006 567.6128344759072
23.40000000000006 567.6128344616556
23.50000000000006 567.6128344474038
23.60000000000007 567.6128344331521
23.70000000000007 567.6128344189003
23.80000000000007 567.6128344046487
23.90000000000007 567.6128343903969
24.00000000000007 567.6128343761451
24.10000000000007 567.6128343618934
24.20000000000007 567.6128343476416
24.30000000000008 567.61283433339
24.40000000000008 567.6128343191382
24.50000000000008 567.6128343048865
24.60000000000008 567.6128342906347
24.70000000000008 567.6128342763831
24.80000000000008 567.6128342621313
24.90000000000008 567.6128342478796
25.00000000000009 567.6128342336278
25.10000000000009 567.6128342193762
25.20000000000009 567.6128342051244
25.30000000000009 567.6128341908726
25.40000000000009 567.6128341766209
25.50000000000009 567.6128341623692
25.60000000000009 567.6128341481175
25.7000000000001 567.6128341338657
25.8000000000001 567.612834119614
25.9000000000001 567.6128341053623
26.0000000000001 567.6128340911106
26.1000000000001 567.6128340768588
26.2000000000001 567.6128340626071
26.3000000000001 567.6128340483554
26.40000000000011 567.6128340341036
26.50000000000011 567.6128340198519
26.60000000000011 567.6128340056001
26.70000000000011 567.6128339913485
26.80000000000011 567.6128339770967
26.90000000000011 567.612833962845
27.00000000000011 567.6128339485932
27.10000000000012 567.6128339343416
27.20000000000012 567.6128339200898
27.30000000000012 567.6128339058381
27.40000000000012 567.6128338915863
27.50000000000012 567.6128338820204
27.60000000000012 567.6128338815905
27.70000000000012 567.6128338811606
27.80000000000013 567.6128338807307
27.90000000000013 567.6128338803009
28.00000000000013 567.612833879871
28.10000000000013 567.6128338794412
28.20000000000013 567.6128338790112
28.30000000000013 567.6128338785813
28.40000000000013 567.6128338781515
28.50000000000014 567.6128338777216
28.60000000000014 567.6128338772918
28.70000000000014 567.6128338768619
28.80000000000014 567.612833876432
28.90000000000014 567.6128338760021
29.00000000000014 567.6128338755723
29.10000000000014 567.6128338751424
29.20000000000014 567.6128338747126
29.30000000000015 567.6128338742826
29.40000000000015 567.6128338738528
29.50000000000015 567.6128338734229
29.60000000000015 567.6128338729931
29.70000000000015 567.6128338725632
29.80000000000015 567.6128338721333
29.90000000000015 567.6128338717034
30.00000000000016 567.6128338712736
30.10000000000016 567.6128338708437
30.20000000000016 567.6128338704139
30.30000000000016 567.6128338699839
30.40000000000016 567.612833869554
30.50000000000016 567.6128338691242
30.60000000000016 567.6128338686943
30.70000000000017 567.6128338682645
30.80000000000017 567.6128338678346
30.90000000000017 567.6128338674047
31.00000000000017 567.6128338669748
31.10000000000017 567.612833866545
31.20000000000017 567.6128338661151
31.30000000000017 567.6128338656853
31.40000000000018 567.6128338652553
31.50000000000018 567.6128338648255
31.60000000000018 567.6128338643956
31.70000000000018 567.6128338639658
31.80000000000018 567.6128338635359
31.90000000000018 567.6128338631059
32.00000000000018 567.6128338626761
32.10000000000019 567.6128338622462
32.20000000000019 567.6128338618164
32.30000000000019 567.6128338613865
32.40000000000019 567.6128338609566
32.50000000000019 567.6128338605267
32.60000000000019 567.6128338600969
32.70000000000019 567.612833859667
32.8000000000002 567.6128338592372
32.9000000000002 567.6128338588073
33.0000000000002 567.6128338583774
33.1000000000002 567.6128338579475
33.2000000000002 567.6128338575177
33.3000000000002 567.6128338570878
33.4000000000002 567.612833856658
33.50000000000021 567.612833856228
33.60000000000021 567.6128338557982
33.70000000000021 567.6128338553683
33.80000000000021 567.6128338549385
33.90000000000021 567.6128338545086
34.00000000000021 567.6128338540786
34.10000000000021 567.6128338536488
34.20000000000022 567.6128338532189
34.30000000000022 567.6128338527891
34.40000000000022 567.6128338523592
34.50000000000022 567.6128338519293
34.60000000000022 567.6128338514994
34.70000000000022 567.6128338510696
34.80000000000022 567.6128338506397
34.90000000000023 567.6128338502099
35.00000000000023 567.6128338497799
35.10000000000023 567.6128338493501
35.20000000000023 567.6128338489202
35.30000000000023 567.6128338484904
35.40000000000023 567.6128338480605
35.50000000000023 567.6128338476307
35.60000000000024 567.6128338472007
35.70000000000024 567.6128338467709
35.80000000000024 567.612833846341
35.90000000000024 567.6128338459112
36.00000000000024 567.6128338454813
36.10000000000024 567.6128338450513
36.20000000000024 567.6128338446215
36.30000000000025 567.6128338441916
36.40000000000025 567.6128338437618
36.50000000000025 567.6128338433319
36.60000000000025 567.612833842902
36.70000000000025 567.6128338424721
36.80000000000025 567.6128338420423
36.90000000000025 567.6128338416124
37.00000000000026 567.6128338411826
37.10000000000026 567.6128338407526
37.20000000000026 567.6128338403228
37.30000000000026 567.6128338398929
37.40000000000026 567.6128338394631
37.50000000000026 567.6128338390332
37.60000000000026 567.6128338386034
37.70000000000027 567.6128338381734
37.80000000000027 567.6128338377436
37.90000000000027 567.6128338373137
38.00000000000027 567.6128338368839
38.10000000000027 567.612833836454
38.20000000000027 567.612833836024
38.30000000000027 567.6128338355942
38.40000000000028 567.6128338351643
38.50000000000028 567.6128338347345
38.60000000000028 567.6128338343046
38.70000000000028 567.6128338338747
38.80000000000028 567.6128338334448
38.90000000000028 567.612833833015
39.00000000000028 567.6128338325851
39.10000000000029 567.6128338321553
39.20000000000029 567.6128338317253
39.30000000000029 567.6128338312955
39.40000000000029 567.6128338308656
39.50000000000029 567.6128338304358
39.60000000000029 567.6128338300059
39.70000000000029 567.6128338295761
39.8000000000003 567.6128338291461
39.9000000000003 567.6128338287162
40.0000000000003 567.612833828437
40.1000000000003 567.6128338284358
40.2000000000003 567.6128338284344
40.3000000000003 567.6128338284331
40.4000000000003 567.6128338284317
40.50000000000031 567.6128338284304
40.60000000000031 567.6128338284291
40.70000000000031 567.6128338284277
40.80000000000031 567.6128338284265
40.90000000000031 567.6128338284251
41.00000000000031 567.6128338284237
41.10000000000031 567.6128338284224
41.20000000000032 567.6128338284211
41.30000000000032 567.6128338284198
41.40000000000032 567.6128338284184
41.50000000000032 567.612833828417
41.60000000000032 567.6128338284158
41.70000000000032 567.6128338284144
41.80000000000032 567.612833828413
41.90000000000033 567.6128338284118
42.00000000000033 567.6128338284104
42.10000000000033 567.6128338284091
42.20000000000033 567.6128338284077
42.30000000000033 567.6128338284065
42.40000000000033 567.6128338284051
42.50000000000033 567.6128338284037
42.60000000000034 567.6128338284025
42.70000000000034 567.6128338284011
42.80000000000034 567.6128338283997
42.90000000000034 567.6128338283984
43.00000000000034 567.6128338283971
43.10000000000034 567.6128338283958
43.20000000000034 567.6128338283944
43.30000000000035 567.612833828393
43.40000000000035 567.6128338283918
43.50000000000035 567.6128338283904
43.60000000000035 567.6128338283891
43.70000000000035 567.6128338283878
43.80000000000035 567.6128338283864
43.90000000000035 567.6128338283851
44.00000000000036 567.6128338283837
44.10000000000036 567.6128338283825
44.20000000000036 567.6128338283811
44.30000000000036 567.6128338283797
44.40000000000036 567.6128338283784
44.50000000000036 567.6128338283771
44.60000000000036 567.6128338283758
44.70000000000037 567.6128338283744
44.80000000000037 567.6128338283731
44.90000000000037 567.6128338283718
45.00000000000037 567.6128338283704
45.10000000000037 567.612833828369
45.20000000000037 567.6128338283678
45.30000000000037 567.6128338283664
45.40000000000038 567.6128338283651
45.50000000000038 567.6128338283637
45.60000000000038 567.6128338283625
45.70000000000038 567.6128338283611
45.80000000000038 567.6128338283597
45.90000000000038 567.6128338283585
46.00000000000038 567.6128338283571
46.10000000000039 567.6128338283557
46.20000000000039 567.6128338283544
46.30000000000039 567.6128338283531
46.40000000000039 567.6128338283518
46.50000000000039 567.6128338283504
46.60000000000039 567.612833828349
46.70000000000039 567.6128338283478
46.8000000000004 567.6128338283464
46.9000000000004 567.6128338283451
47.0000000000004 567.6128338283438
47.1000000000004 567.6128338283424
47.2000000000004 567.6128338283411
47.3000000000004 567.6128338283397
47.4000000000004 567.6128338283385
47.50000000000041 567.6128338283371
47.60000000000041 567.6128338283357
47.70000000000041 567.6128338283345
47.80000000000041 567.6128338283331
47.90000000000041 567.6128338283318
48.00000000000041 567.6128338283304
48.10000000000041 567.6128338283291
48.20000000000041 567.6128338283278
48.30000000000042 567.6128338283264
48.40000000000042 567.6128338283251
48.50000000000042 567.6128338283238
48.60000000000042 567.6128338283224
48.70000000000042 567.6128338283211
48.80000000000042 567.6128338283198
48.90000000000042 567.6128338283185
49.00000000000043 567.6128338283171
49.10000000000043 567.6128338283157
49.20000000000043 567.6128338283145
49.30000000000043 567.6128338283131
49.40000000000043 567.6128338283118
49.50000000000043 567.6128338283104
49.60000000000043 567.6128338283091
49.70000000000044 567.6128338283078
49.80000000000044 567.6128338283064
49.90000000000044 567.6128338283052