Time X1
0 250
0.1 250.4925333833295
0.2 251.0314989299341
0.3 251.6211274574121
0.4 252.2668481492707
0.5 252.9741188356162
0.6 253.7490439550714
0.7 254.5983569027811
0.7999999999999999 255.5295514175719
0.8999999999999999 256.5509460143476
0.9999999999999999 257.6718568700664
1.1 258.9026012760924
1.2 260.2546769566416
1.3 261.7408698323498
1.4 263.3754232332809
1.5 265.1742788380553
1.6 267.1553491904546
1.7 269.3384895233693
1.8 271.7460918314123
1.900000000000001 274.4031747572217
2 277.3377519744305
2.100000000000001 280.58129637359
2.200000000000001 284.1689580031629
2.300000000000001 288.1398774006667
2.400000000000001 292.5375881814954
2.500000000000001 297.4102697394512
2.600000000000001 302.8108642544116
2.700000000000001 308.796755362154
2.800000000000001 315.4299442611843
2.900000000000001 322.7747989767933
3.000000000000001 330.8968633837192
3.100000000000001 339.8595419460592
3.200000000000002 349.719430757963
3.300000000000002 360.5197778477134
3.400000000000002 372.2813821175737
3.500000000000002 384.9922193222256
3.600000000000002 398.5940803000441
3.700000000000002 412.9723617590683
3.800000000000002 427.9445158280299
3.900000000000002 443.2604393326025
4.000000000000002 458.6108231061305
4.100000000000001 473.6487103017695
4.200000000000001 488.0221583307824
4.300000000000001 501.4129560810239
4.4 513.5715602670102
4.5 524.3397858253571
4.6 533.6568535918348
4.699999999999999 541.5496817935054
4.799999999999999 548.1128877807942
4.899999999999999 553.4840536110745
4.999999999999998 557.8211272517393
5.099999999999998 561.2846724143698
5.199999999999998 564.0258899600011
5.299999999999997 566.1798490892506
5.399999999999997 567.8627129842154
5.499999999999996 569.1716786362842
5.599999999999996 570.1862029620711
5.699999999999996 570.9702340716059
5.799999999999995 571.5749191431811
5.899999999999995 572.0405326134198
5.999999999999995 572.3985209185272
6.099999999999994 572.6735485040385
6.199999999999994 572.8847114844193
6.299999999999994 573.0467147597071
6.399999999999993 573.1709353561907
6.499999999999993 573.2661860224987
6.599999999999993 573.3392453799538
6.699999999999992 573.3951411425678
6.799999999999992 573.4379694012679
6.899999999999991 573.4707826481972
6.999999999999991 573.4959279417241
7.099999999999991 573.5152118159516
7.19999999999999 573.5299704530078
7.29999999999999 573.5412686779379
7.39999999999999 573.5498992790851
7.499999999999989 573.5565209098891
7.599999999999989 573.5615862963501
7.699999999999989 573.5655190108197
7.799999999999988 573.5685306026537
7.899999999999988 573.5708887764494
7.999999999999988 573.5726063347483
8.099999999999987 573.5739751596087
8.199999999999987 573.5750245243487
8.299999999999986 573.575791351158
8.399999999999986 573.576378043625
8.499999999999986 573.576804771099
8.599999999999985 573.5771397705686
8.699999999999985 573.5773950594926
8.799999999999985 573.5775980025633
8.899999999999984 573.5777557815159
8.999999999999984 573.5778802310333
9.099999999999984 573.5779763224053
9.199999999999983 573.5780507128235
9.299999999999983 573.5781081350433
9.399999999999983 573.5781518334396
9.499999999999982 573.5781859623966
9.599999999999982 573.5782118159084
9.699999999999982 573.5782322091183
9.799999999999981 573.5782476889342
9.899999999999981 573.5782599263995
9.99999999999998 573.5782692242624
10.09999999999998 573.5782765510334
10.19999999999998 573.578283433414
10.29999999999998 573.5782918902204
10.39999999999998 573.5782992555203
10.49999999999998 573.5783055293136
10.59999999999998 573.5783107116005
10.69999999999998 573.5783148023808
10.79999999999998 573.5783178016544
10.89999999999998 573.5783197094215
10.99999999999998 573.5783205256821
11.09999999999998 573.578320250436
11.19999999999998 573.5783188836834
11.29999999999998 573.5783164254243
11.39999999999998 573.5783152183204
11.49999999999998 573.5783161564227
11.59999999999997 573.5783168124063
11.69999999999997 573.5783171862711
11.79999999999997 573.5783172780172
11.89999999999997 573.5783170876445
11.99999999999997 573.578316615153
12.09999999999997 573.5783158605427
12.19999999999997 573.5783148238138
12.29999999999997 573.578313504966
12.39999999999997 573.5783119039995
12.49999999999997 573.5783100209142
12.59999999999997 573.5783091864751
12.69999999999997 573.5783086566806
12.79999999999997 573.5783081268863
12.89999999999997 573.5783075970919
12.99999999999997 573.5783070672976
13.09999999999997 573.5783065375032
13.19999999999997 573.5783060077088
13.29999999999997 573.5783054779145
13.39999999999997 573.57830494812
13.49999999999997 573.5783044183256
13.59999999999997 573.5783038885313
13.69999999999997 573.5783033587369
13.79999999999997 573.578303227791
13.89999999999997 573.5783032115465
13.99999999999997 573.5783031953019
14.09999999999997 573.5783031790573
14.19999999999997 573.5783031628127
14.29999999999997 573.5783031465681
14.39999999999996 573.5783031303235
14.49999999999996 573.5783031140789
14.59999999999996 573.5783030978344
14.69999999999996 573.5783030815898
14.79999999999996 573.5783030653453
14.89999999999996 573.5783030491007
14.99999999999996 573.5783030328561
15.09999999999996 573.5783030166115
15.19999999999996 573.5783030003669
15.29999999999996 573.5783029841223
15.39999999999996 573.5783029678777
15.49999999999996 573.5783029516331
15.59999999999996 573.5783029353886
15.69999999999996 573.578302919144
15.79999999999996 573.5783029028994
15.89999999999996 573.5783028866548
15.99999999999996 573.5783028704102
16.09999999999996 573.5783028541656
16.19999999999996 573.578302837921
16.29999999999996 573.5783028216764
16.39999999999996 573.5783028054319
16.49999999999996 573.5783027891873
16.59999999999997 573.5783027729427
16.69999999999997 573.5783027566981
16.79999999999997 573.5783027404535
16.89999999999997 573.5783027242089
16.99999999999997 573.5783027079643
17.09999999999997 573.5783026917197
17.19999999999997 573.5783026754751
17.29999999999998 573.5783026592306
17.39999999999998 573.578302642986
17.49999999999998 573.5783026267414
17.59999999999998 573.5783026104968
17.69999999999998 573.5783025942522
17.79999999999998 573.5783025780077
17.89999999999998 573.5783025617631
17.99999999999999 573.5783025455185
18.09999999999999 573.578302529274
18.19999999999999 573.5783025130294
18.29999999999999 573.5783024967848
18.39999999999999 573.5783024805402
18.49999999999999 573.5783024642956
18.59999999999999 573.578302448051
18.7 573.5783024318064
18.8 573.5783024155618
18.9 573.5783023993172
19 573.5783023830727
19.1 573.5783023668281
19.2 573.5783023505835
19.3 573.5783023343389
19.40000000000001 573.5783023180943
19.50000000000001 573.5783023018497
19.60000000000001 573.5783022856051
19.70000000000001 573.5783022693605
19.80000000000001 573.578302253116
19.90000000000001 573.5783022368714
20.00000000000001 573.5783022206268
20.10000000000002 573.5783022043822
20.20000000000002 573.5783021881376
20.30000000000002 573.578302171893
20.40000000000002 573.5783021556484
20.50000000000002 573.5783021394038
20.60000000000002 573.5783021231592
20.70000000000002 573.5783021069147
20.80000000000003 573.5783020906701
20.90000000000003 573.5783020744256
21.00000000000003 573.578302058181
21.10000000000003 573.5783020419364
21.20000000000003 573.5783020256918
21.30000000000003 573.5783020094472
21.40000000000003 573.5783019932026
21.50000000000004 573.5783019769581
21.60000000000004 573.5783019607135
21.70000000000004 573.5783019444689
21.80000000000004 573.5783019282243
21.90000000000004 573.5783019119797
22.00000000000004 573.5783018957351
22.10000000000004 573.5783018794905
22.20000000000005 573.5783018632459
22.30000000000005 573.5783018470014
22.40000000000005 573.5783018307568
22.50000000000005 573.5783018145122
22.60000000000005 573.5783017982676
22.70000000000005 573.578301782023
22.80000000000005 573.5783017657784
22.90000000000006 573.5783017495338
23.00000000000006 573.5783017332892
23.10000000000006 573.5783017170446
23.20000000000006 573.5783017008001
23.30000000000006 573.5783016845555
23.40000000000006 573.5783016683109
23.50000000000006 573.5783016520663
23.60000000000007 573.5783016358217
23.70000000000007 573.5783016195771
23.80000000000007 573.5783016033325
23.90000000000007 573.5783015870879
24.00000000000007 573.5783015708435
24.10000000000007 573.5783015545989
24.20000000000007 573.5783015383543
24.30000000000008 573.5783015221097
24.40000000000008 573.5783015058651
24.50000000000008 573.5783014896205
24.60000000000008 573.5783014733759
24.70000000000008 573.5783014571313
24.80000000000008 573.5783014408867
24.90000000000008 573.5783014246422
25.00000000000009 573.5783014083976
25.10000000000009 573.578301392153
25.20000000000009 573.5783013759084
25.30000000000009 573.5783013596638
25.40000000000009 573.5783013434192
25.50000000000009 573.5783013271746
25.60000000000009 573.5783013158106
25.7000000000001 573.5783013153123
25.8000000000001 573.5783013148141
25.9000000000001 573.5783013143158
26.0000000000001 573.5783013138176
26.1000000000001 573.5783013133195
26.2000000000001 573.5783013128212
26.3000000000001 573.578301312323
26.40000000000011 573.5783013118247
26.50000000000011 573.5783013113265
26.60000000000011 573.5783013108284
26.70000000000011 573.5783013103301
26.80000000000011 573.5783013098319
26.90000000000011 573.5783013093336
27.00000000000011 573.5783013088354
27.10000000000012 573.5783013083372
27.20000000000012 573.578301307839
27.30000000000012 573.5783013073408
27.40000000000012 573.5783013068425
27.50000000000012 573.5783013063443
27.60000000000012 573.5783013058461
27.70000000000012 573.5783013053478
27.80000000000013 573.5783013048497
27.90000000000013 573.5783013043514
28.00000000000013 573.5783013038532
28.10000000000013 573.578301303355
28.20000000000013 573.5783013028567
28.30000000000013 573.5783013023586
28.40000000000013 573.5783013018603
28.50000000000014 573.5783013013621
28.60000000000014 573.5783013008639
28.70000000000014 573.5783013003656
28.80000000000014 573.5783012998675
28.90000000000014 573.5783012993692
29.00000000000014 573.578301298871
29.10000000000014 573.5783012983728
29.20000000000014 573.5783012978745
29.30000000000015 573.5783012973764
29.40000000000015 573.5783012968781
29.50000000000015 573.5783012963799
29.60000000000015 573.5783012958817
29.70000000000015 573.5783012953834
29.80000000000015 573.5783012948853
29.90000000000015 573.578301294387
30.00000000000016 573.5783012938888
30.10000000000016 573.5783012933905
30.20000000000016 573.5783012928923
30.30000000000016 573.5783012923941
30.40000000000016 573.5783012918959
30.50000000000016 573.5783012913977
30.60000000000016 573.5783012908994
30.70000000000017 573.5783012904012
30.80000000000017 573.578301289903
30.90000000000017 573.5783012894047
31.00000000000017 573.5783012889066
31.10000000000017 573.5783012884083
31.20000000000017 573.5783012879101
31.30000000000017 573.5783012874119
31.40000000000018 573.5783012869136
31.50000000000018 573.5783012864155
31.60000000000018 573.5783012859172
31.70000000000018 573.578301285419
31.80000000000018 573.5783012849208
31.90000000000018 573.5783012844225
32.00000000000018 573.5783012839244
32.10000000000019 573.5783012834261
32.20000000000019 573.5783012829279
32.30000000000019 573.5783012824297
32.40000000000019 573.5783012819314
32.50000000000019 573.5783012814333
32.60000000000019 573.578301280935
32.70000000000019 573.5783012804368
32.8000000000002 573.5783012799386
32.9000000000002 573.5783012794403
33.0000000000002 573.5783012789421
33.1000000000002 573.5783012784439
33.2000000000002 573.5783012779457
33.3000000000002 573.5783012774475
33.4000000000002 573.5783012769492
33.50000000000021 573.578301276451
33.60000000000021 573.5783012759528
33.70000000000021 573.5783012754546
33.80000000000021 573.5783012749564
33.90000000000021 573.5783012744581
34.00000000000021 573.5783012739599
34.10000000000021 573.5783012734616
34.20000000000022 573.5783012729635
34.30000000000022 573.5783012724653
34.40000000000022 573.578301271967
34.50000000000022 573.5783012714688
34.60000000000022 573.5783012709705
34.70000000000022 573.5783012704724
34.80000000000022 573.5783012699741
34.90000000000023 573.5783012694759
35.00000000000023 573.5783012689777
35.10000000000023 573.5783012684794
35.20000000000023 573.5783012679813
35.30000000000023 573.578301267483
35.40000000000023 573.5783012669848
35.50000000000023 573.5783012664866
35.60000000000024 573.5783012659883
35.70000000000024 573.5783012654902
35.80000000000024 573.5783012649919
35.90000000000024 573.5783012644937
36.00000000000024 573.5783012639955
36.10000000000024 573.5783012634972
36.20000000000024 573.578301262999
36.30000000000025 573.5783012625008
36.40000000000025 573.5783012620026
36.50000000000025 573.5783012615044
36.60000000000025 573.5783012610061
36.70000000000025 573.5783012605079
36.80000000000025 573.5783012600097
36.90000000000025 573.5783012595115
37.00000000000026 573.5783012590133
37.10000000000026 573.578301258515
37.20000000000026 573.5783012580168
37.30000000000026 573.5783012575185
37.40000000000026 573.5783012570204
37.50000000000026 573.5783012569409
37.60000000000026 573.5783012569394
37.70000000000027 573.5783012569378
37.80000000000027 573.5783012569362
37.90000000000027 573.5783012569347
38.00000000000027 573.5783012569331
38.10000000000027 573.5783012569315
38.20000000000027 573.57830125693
38.30000000000027 573.5783012569284
38.40000000000028 573.5783012569268
38.50000000000028 573.5783012569252
38.60000000000028 573.5783012569236
38.70000000000028 573.578301256922
38.80000000000028 573.5783012569206
38.90000000000028 573.578301256919
39.00000000000028 573.5783012569174
39.10000000000029 573.5783012569158
39.20000000000029 573.5783012569142
39.30000000000029 573.5783012569126
39.40000000000029 573.5783012569111
39.50000000000029 573.5783012569095
39.60000000000029 573.5783012569079
39.70000000000029 573.5783012569063
39.8000000000003 573.5783012569048
39.9000000000003 573.5783012569033
40.0000000000003 573.5783012569017
40.1000000000003 573.5783012569001
40.2000000000003 573.5783012568985
40.3000000000003 573.5783012568969
40.4000000000003 573.5783012568953
40.50000000000031 573.5783012568938
40.60000000000031 573.5783012568922
40.70000000000031 573.5783012568907
40.80000000000031 573.5783012568891
40.90000000000031 573.5783012568875
41.00000000000031 573.5783012568859
41.10000000000031 573.5783012568844
41.20000000000032 573.5783012568828
41.30000000000032 573.5783012568812
41.40000000000032 573.5783012568796
41.50000000000032 573.578301256878
41.60000000000032 573.5783012568766
41.70000000000032 573.578301256875
41.80000000000032 573.5783012568734
41.90000000000033 573.5783012568718
42.00000000000033 573.5783012568702
42.10000000000033 573.5783012568686
42.20000000000033 573.5783012568671
42.30000000000033 573.5783012568655
42.40000000000033 573.5783012568639
42.50000000000033 573.5783012568623
42.60000000000034 573.5783012568608
42.70000000000034 573.5783012568592
42.80000000000034 573.5783012568577
42.90000000000034 573.5783012568561
43.00000000000034 573.5783012568545
43.10000000000034 573.5783012568529
43.20000000000034 573.5783012568513
43.30000000000035 573.5783012568497
43.40000000000035 573.5783012568482
43.50000000000035 573.5783012568467
43.60000000000035 573.5783012568451
43.70000000000035 573.5783012568435
43.80000000000035 573.5783012568419
43.90000000000035 573.5783012568404
44.00000000000036 573.5783012568388
44.10000000000036 573.5783012568372
44.20000000000036 573.5783012568356
44.30000000000036 573.578301256834
44.40000000000036 573.5783012568324
44.50000000000036 573.578301256831
44.60000000000036 573.5783012568294
44.70000000000037 573.5783012568278
44.80000000000037 573.5783012568262
44.90000000000037 573.5783012568246
45.00000000000037 573.578301256823
45.10000000000037 573.5783012568215
45.20000000000037 573.5783012568199
45.30000000000037 573.5783012568183
45.40000000000038 573.5783012568168
45.50000000000038 573.5783012568152
45.60000000000038 573.5783012568136
45.70000000000038 573.5783012568121
45.80000000000038 573.5783012568105
45.90000000000038 573.5783012568089
46.00000000000038 573.5783012568073
46.10000000000039 573.5783012568057
46.20000000000039 573.5783012568043
46.30000000000039 573.5783012568027
46.40000000000039 573.5783012568011
46.50000000000039 573.5783012567995
46.60000000000039 573.5783012567979
46.70000000000039 573.5783012567963
46.8000000000004 573.5783012567948
46.9000000000004 573.5783012567932
47.0000000000004 573.5783012567916
47.1000000000004 573.57830125679
47.2000000000004 573.5783012567884
47.3000000000004 573.5783012567869
47.4000000000004 573.5783012567854
47.50000000000041 573.5783012567838
47.60000000000041 573.5783012567822
47.70000000000041 573.5783012567806
47.80000000000041 573.578301256779
47.90000000000041 573.5783012567774
48.00000000000041 573.5783012567759
48.10000000000041 573.5783012567744
48.20000000000041 573.5783012567728
48.30000000000042 573.5783012567712
48.40000000000042 573.5783012567696
48.50000000000042 573.5783012567681
48.60000000000042 573.5783012567665
48.70000000000042 573.5783012567649
48.80000000000042 573.5783012567633
48.90000000000042 573.5783012567617
49.00000000000043 573.5783012567601
49.10000000000043 573.5783012567587
49.20000000000043 573.5783012567571
49.30000000000043 573.5783012567555
49.40000000000043 573.5783012567539
49.50000000000043 573.5783012567523
49.60000000000043 573.5783012567507
49.70000000000044 573.5783012567492
49.80000000000044 573.5783012567476
49.90000000000044 573.578301256746