Time X1
0 250
0.1 250.2178285097246
0.2 250.4555389668245
0.3 250.7151696517357
0.4 250.9983663928899
0.5 251.3077225453334
0.6 251.6456514238513
0.7 252.0147664076815
0.7999999999999999 252.4181304780656
0.8999999999999999 252.8587396812056
0.9999999999999999 253.340360430877
1.1 253.8668222355194
1.2 254.4424874729168
1.3 255.0721405910066
1.4 255.7610426612894
1.5 256.5150131357686
1.6 257.340472365436
1.7 258.2444502731072
1.8 259.2348812735162
1.900000000000001 260.3203701272112
2 261.5106989580897
2.100000000000001 262.8164608797578
2.200000000000001 264.2495997714156
2.300000000000001 265.8233819108343
2.400000000000001 267.5525191452131
2.500000000000001 269.4534842165943
2.600000000000001 271.5446345594571
2.700000000000001 273.8464335184576
2.800000000000001 276.3816493520852
2.900000000000001 279.1756785993667
3.000000000000001 282.2569017593287
3.100000000000001 285.6567855125121
3.200000000000002 289.4103403009314
3.300000000000002 293.5563073759916
3.400000000000002 298.1372393079403
3.500000000000002 303.1996530680266
3.600000000000002 308.7942134657727
3.700000000000002 314.9744648382207
3.800000000000002 321.7966998609354
3.900000000000002 329.317753828573
4.000000000000002 337.593821565172
4.100000000000001 346.6748083233934
4.200000000000001 356.6005422108895
4.300000000000001 367.3940604717889
4.4 379.052621928313
4.5 391.5380802314087
4.6 404.7673790554221
4.699999999999999 418.6038682725949
4.799999999999999 432.8534459925747
4.899999999999999 447.2682101135634
4.999999999999998 461.5599610494191
5.099999999999998 475.4214736295563
5.199999999999998 488.5567720020922
5.299999999999997 500.7112397417108
5.399999999999997 511.6963569421836
5.499999999999996 521.403143829814
5.599999999999996 529.8024779245955
5.699999999999996 536.9342442569765
5.799999999999995 542.8897490180743
5.899999999999995 547.7922755672598
5.999999999999995 551.7795512235167
6.099999999999994 554.9902215201189
6.199999999999994 557.5543429962898
6.299999999999994 559.5886134180394
6.399999999999993 561.1940331690811
6.499999999999993 562.455688014904
6.599999999999993 563.4438574775686
6.699999999999992 564.2158213227784
6.799999999999992 564.8176541805173
6.899999999999991 565.28608938792
6.999999999999991 565.6502215698648
7.099999999999991 565.9330309769236
7.19999999999999 566.1525051924275
7.29999999999999 566.3227178159315
7.39999999999999 566.4546698690319
7.499999999999989 566.5569304653619
7.599999999999989 566.6361485898138
7.699999999999989 566.6975017446158
7.799999999999988 566.7450438700022
7.899999999999988 566.7818730427862
7.999999999999988 566.8103592035851
8.099999999999987 566.8323870100502
8.199999999999987 566.8494417870637
8.299999999999986 566.8626504429236
8.399999999999986 566.8728738428257
8.499999999999986 566.8807669171998
8.599999999999985 566.8868768102463
8.699999999999985 566.8915949907338
8.799999999999985 566.8952902506262
8.899999999999984 566.8981603451963
8.999999999999984 566.9004783178906
9.099999999999984 566.9021154526265
9.199999999999983 566.9034446470365
9.299999999999983 566.9044968773114
9.399999999999983 566.9052810248213
9.499999999999982 566.9058791798508
9.599999999999982 566.90633021003
9.699999999999982 566.9066699147509
9.799999999999981 566.9069397260409
9.899999999999981 566.9071477343289
9.99999999999998 566.9073158371707
10.09999999999998 566.9074469121483
10.19999999999998 566.907551903125
10.29999999999998 566.9076330879789
10.39999999999998 566.9076970277579
10.49999999999998 566.9077466018608
10.59999999999998 566.9077848568575
10.69999999999998 566.9078150264746
10.79999999999998 566.9078380846947
10.89999999999998 566.9078564879361
10.99999999999998 566.9078705927196
11.09999999999998 566.9078818432995
11.19999999999998 566.9078905187442
11.29999999999998 566.9078973723448
11.39999999999998 566.9079027386135
11.49999999999998 566.9079106204516
11.59999999999997 566.9079175809824
11.69999999999997 566.9079236202058
11.79999999999997 566.9079287381218
11.89999999999997 566.9079329347304
11.99999999999997 566.9079362100317
12.09999999999997 566.9079385640256
12.19999999999997 566.9079399967121
12.29999999999997 566.9079405080912
12.39999999999997 566.9079400981631
12.49999999999997 566.9079387669274
12.59999999999997 566.9079365143845
12.69999999999997 566.907934958472
12.79999999999997 566.9079358040904
12.89999999999997 566.9079364160874
12.99999999999997 566.9079367944634
13.09999999999997 566.9079369392181
13.19999999999997 566.9079368503516
13.29999999999997 566.9079365278639
13.39999999999997 566.9079359717549
13.49999999999997 566.9079351820247
13.59999999999997 566.9079341586734
13.69999999999997 566.9079329017007
13.79999999999997 566.9079314111069
13.89999999999997 566.907929686892
13.99999999999997 566.907928938807
14.09999999999997 566.9079284822187
14.19999999999997 566.9079280256306
14.29999999999997 566.9079275690423
14.39999999999996 566.9079271124541
14.49999999999996 566.9079266558659
14.59999999999996 566.9079261992777
14.69999999999996 566.9079257426895
14.79999999999996 566.9079252861012
14.89999999999996 566.907924829513
14.99999999999996 566.9079243729248
15.09999999999996 566.9079239163366
15.19999999999996 566.9079234908372
15.29999999999996 566.9079234771662
15.39999999999996 566.9079234634951
15.49999999999996 566.9079234498241
15.59999999999996 566.9079234361531
15.69999999999996 566.907923422482
15.79999999999996 566.907923408811
15.89999999999996 566.90792339514
15.99999999999996 566.9079233814689
16.09999999999996 566.9079233677979
16.19999999999996 566.9079233541269
16.29999999999996 566.9079233404558
16.39999999999996 566.9079233267847
16.49999999999996 566.9079233131138
16.59999999999997 566.9079232994427
16.69999999999997 566.9079232857716
16.79999999999997 566.9079232721007
16.89999999999997 566.9079232584296
16.99999999999997 566.9079232447585
17.09999999999997 566.9079232310876
17.19999999999997 566.9079232174165
17.29999999999998 566.9079232037454
17.39999999999998 566.9079231900745
17.49999999999998 566.9079231764034
17.59999999999998 566.9079231627323
17.69999999999998 566.9079231490613
17.79999999999998 566.9079231353903
17.89999999999998 566.9079231217193
17.99999999999999 566.9079231080482
18.09999999999999 566.9079230943772
18.19999999999999 566.9079230807062
18.29999999999999 566.9079230670351
18.39999999999999 566.9079230533641
18.49999999999999 566.9079230396931
18.59999999999999 566.907923026022
18.7 566.9079230123509
18.8 566.90792299868
18.9 566.9079229850089
19 566.9079229713378
19.1 566.9079229576669
19.2 566.9079229439958
19.3 566.9079229303247
19.40000000000001 566.9079229166538
19.50000000000001 566.9079229029827
19.60000000000001 566.9079228893116
19.70000000000001 566.9079228756407
19.80000000000001 566.9079228619696
19.90000000000001 566.9079228482985
20.00000000000001 566.9079228346275
20.10000000000002 566.9079228209565
20.20000000000002 566.9079228072854
20.30000000000002 566.9079227936144
20.40000000000002 566.9079227799434
20.50000000000002 566.9079227662723
20.60000000000002 566.9079227526013
20.70000000000002 566.9079227389303
20.80000000000003 566.9079227252593
20.90000000000003 566.9079227115882
21.00000000000003 566.9079226979171
21.10000000000003 566.9079226842462
21.20000000000003 566.9079226705751
21.30000000000003 566.907922656904
21.40000000000003 566.9079226432331
21.50000000000004 566.907922629562
21.60000000000004 566.9079226158909
21.70000000000004 566.90792260222
21.80000000000004 566.9079225885489
21.90000000000004 566.9079225748778
22.00000000000004 566.9079225612069
22.10000000000004 566.9079225475358
22.20000000000005 566.9079225338647
22.30000000000005 566.9079225201937
22.40000000000005 566.9079225065227
22.50000000000005 566.9079224928516
22.60000000000005 566.9079224791806
22.70000000000005 566.9079224655096
22.80000000000005 566.9079224518385
22.90000000000006 566.9079224381675
23.00000000000006 566.9079224244965
23.10000000000006 566.9079224108254
23.20000000000006 566.9079223971544
23.30000000000006 566.9079223834833
23.40000000000006 566.9079223698124
23.50000000000006 566.9079223561413
23.60000000000007 566.9079223424702
23.70000000000007 566.9079223287993
23.80000000000007 566.9079223151282
23.90000000000007 566.9079223014571
24.00000000000007 566.9079222877862
24.10000000000007 566.9079222741151
24.20000000000007 566.907922260444
24.30000000000008 566.9079222467731
24.40000000000008 566.907922233102
24.50000000000008 566.9079222194309
24.60000000000008 566.9079222057599
24.70000000000008 566.9079221920889
24.80000000000008 566.9079221784178
24.90000000000008 566.9079221647468
25.00000000000009 566.9079221510758
25.10000000000009 566.9079221374047
25.20000000000009 566.9079221237337
25.30000000000009 566.9079221100627
25.40000000000009 566.9079220963916
25.50000000000009 566.9079220827206
25.60000000000009 566.9079220690495
25.7000000000001 566.9079220553785
25.8000000000001 566.9079220417075
25.9000000000001 566.9079220280364
26.0000000000001 566.9079220143655
26.1000000000001 566.9079220006944
26.2000000000001 566.9079219870233
26.3000000000001 566.9079219733524
26.40000000000011 566.9079219596813
26.50000000000011 566.9079219460102
26.60000000000011 566.9079219323393
26.70000000000011 566.9079219186682
26.80000000000011 566.9079219049971
26.90000000000011 566.9079218913261
27.00000000000011 566.9079218776551
27.10000000000012 566.907921863984
27.20000000000012 566.907921850313
27.30000000000012 566.907921836642
27.40000000000012 566.9079218229709
27.50000000000012 566.9079218092999
27.60000000000012 566.9079217956289
27.70000000000012 566.9079217819578
27.80000000000013 566.9079217682868
27.90000000000013 566.9079217627373
28.00000000000013 566.9079217623278
28.10000000000013 566.9079217619184
28.20000000000013 566.9079217615089
28.30000000000013 566.9079217610995
28.40000000000013 566.90792176069
28.50000000000014 566.9079217602806
28.60000000000014 566.9079217598711
28.70000000000014 566.9079217594617
28.80000000000014 566.9079217590522
28.90000000000014 566.9079217586428
29.00000000000014 566.9079217582333
29.10000000000014 566.9079217578239
29.20000000000014 566.9079217574144
29.30000000000015 566.9079217570051
29.40000000000015 566.9079217565956
29.50000000000015 566.9079217561862
29.60000000000015 566.9079217557767
29.70000000000015 566.9079217553673
29.80000000000015 566.9079217549578
29.90000000000015 566.9079217545484
30.00000000000016 566.9079217541389
30.10000000000016 566.9079217537295
30.20000000000016 566.90792175332
30.30000000000016 566.9079217529106
30.40000000000016 566.9079217525011
30.50000000000016 566.9079217520917
30.60000000000016 566.9079217516822
30.70000000000017 566.9079217512729
30.80000000000017 566.9079217508634
30.90000000000017 566.907921750454
31.00000000000017 566.9079217500445
31.10000000000017 566.9079217496351
31.20000000000017 566.9079217492256
31.30000000000017 566.9079217488162
31.40000000000018 566.9079217484067
31.50000000000018 566.9079217479973
31.60000000000018 566.9079217475878
31.70000000000018 566.9079217471784
31.80000000000018 566.9079217467689
31.90000000000018 566.9079217463595
32.00000000000018 566.90792174595
32.10000000000019 566.9079217455406
32.20000000000019 566.9079217451311
32.30000000000019 566.9079217447218
32.40000000000019 566.9079217443123
32.50000000000019 566.9079217439029
32.60000000000019 566.9079217434934
32.70000000000019 566.907921743084
32.8000000000002 566.9079217426745
32.9000000000002 566.9079217422651
33.0000000000002 566.9079217418556
33.1000000000002 566.9079217414462
33.2000000000002 566.9079217410367
33.3000000000002 566.9079217406273
33.4000000000002 566.9079217402178
33.50000000000021 566.9079217398084
33.60000000000021 566.9079217393989
33.70000000000021 566.9079217389896
33.80000000000021 566.9079217385801
33.90000000000021 566.9079217381707
34.00000000000021 566.9079217377612
34.10000000000021 566.9079217373518
34.20000000000022 566.9079217369423
34.30000000000022 566.9079217365329
34.40000000000022 566.9079217361234
34.50000000000022 566.907921735714
34.60000000000022 566.9079217353045
34.70000000000022 566.9079217348951
34.80000000000022 566.9079217344856
34.90000000000023 566.9079217340762
35.00000000000023 566.9079217336667
35.10000000000023 566.9079217332574
35.20000000000023 566.9079217328479
35.30000000000023 566.9079217324385
35.40000000000023 566.907921732029
35.50000000000023 566.9079217316196
35.60000000000024 566.9079217312101
35.70000000000024 566.9079217308007
35.80000000000024 566.9079217303912
35.90000000000024 566.9079217299818
36.00000000000024 566.9079217295724
36.10000000000024 566.9079217291629
36.20000000000024 566.9079217287535
36.30000000000025 566.907921728344
36.40000000000025 566.9079217279346
36.50000000000025 566.9079217275251
36.60000000000025 566.9079217271158
36.70000000000025 566.9079217267063
36.80000000000025 566.9079217262969
36.90000000000025 566.9079217258874
37.00000000000026 566.907921725478
37.10000000000026 566.9079217250685
37.20000000000026 566.9079217246591
37.30000000000026 566.9079217242496
37.40000000000026 566.9079217238402
37.50000000000026 566.9079217234307
37.60000000000026 566.9079217230213
37.70000000000027 566.9079217226118
37.80000000000027 566.9079217222024
37.90000000000027 566.9079217217929
38.00000000000027 566.9079217213836
38.10000000000027 566.9079217209741
38.20000000000027 566.9079217205647
38.30000000000027 566.9079217201552
38.40000000000028 566.9079217197458
38.50000000000028 566.9079217193363
38.60000000000028 566.9079217189269
38.70000000000028 566.9079217185174
38.80000000000028 566.907921718108
38.90000000000028 566.9079217176985
39.00000000000028 566.9079217172891
39.10000000000029 566.9079217168796
39.20000000000029 566.9079217164702
39.30000000000029 566.9079217160607
39.40000000000029 566.9079217156514
39.50000000000029 566.9079217152419
39.60000000000029 566.9079217148325
39.70000000000029 566.907921714423
39.8000000000003 566.9079217140136
39.9000000000003 566.9079217136041
40.0000000000003 566.9079217131947
40.1000000000003 566.9079217127852
40.2000000000003 566.9079217123758
40.3000000000003 566.9079217119663
40.4000000000003 566.9079217115569
40.50000000000031 566.9079217112105
40.60000000000031 566.9079217112093
40.70000000000031 566.907921711208
40.80000000000031 566.9079217112068
40.90000000000031 566.9079217112054
41.00000000000031 566.9079217112042
41.10000000000031 566.9079217112029
41.20000000000032 566.9079217112017
41.30000000000032 566.9079217112004
41.40000000000032 566.9079217111992
41.50000000000032 566.9079217111979
41.60000000000032 566.9079217111966
41.70000000000032 566.9079217111954
41.80000000000032 566.9079217111941
41.90000000000033 566.9079217111929
42.00000000000033 566.9079217111915
42.10000000000033 566.9079217111903
42.20000000000033 566.907921711189
42.30000000000033 566.9079217111878
42.40000000000033 566.9079217111865
42.50000000000033 566.9079217111853
42.60000000000034 566.907921711184
42.70000000000034 566.9079217111828
42.80000000000034 566.9079217111815
42.90000000000034 566.9079217111803
43.00000000000034 566.907921711179
43.10000000000034 566.9079217111778
43.20000000000034 566.9079217111764
43.30000000000035 566.9079217111752
43.40000000000035 566.9079217111739
43.50000000000035 566.9079217111727
43.60000000000035 566.9079217111714
43.70000000000035 566.9079217111702
43.80000000000035 566.9079217111689
43.90000000000035 566.9079217111677
44.00000000000036 566.9079217111664
44.10000000000036 566.9079217111652
44.20000000000036 566.9079217111639
44.30000000000036 566.9079217111625
44.40000000000036 566.9079217111613
44.50000000000036 566.90792171116
44.60000000000036 566.9079217111588
44.70000000000037 566.9079217111575
44.80000000000037 566.9079217111563
44.90000000000037 566.907921711155
45.00000000000037 566.9079217111538
45.10000000000037 566.9079217111525
45.20000000000037 566.9079217111513
45.30000000000037 566.90792171115
45.40000000000038 566.9079217111488
45.50000000000038 566.9079217111474
45.60000000000038 566.9079217111462
45.70000000000038 566.9079217111449
45.80000000000038 566.9079217111437
45.90000000000038 566.9079217111424
46.00000000000038 566.9079217111412
46.10000000000039 566.9079217111399
46.20000000000039 566.9079217111387
46.30000000000039 566.9079217111374
46.40000000000039 566.9079217111362
46.50000000000039 566.9079217111349
46.60000000000039 566.9079217111336
46.70000000000039 566.9079217111323
46.8000000000004 566.9079217111311
46.9000000000004 566.9079217111298
47.0000000000004 566.9079217111286
47.1000000000004 566.9079217111273
47.2000000000004 566.9079217111261
47.3000000000004 566.9079217111248
47.4000000000004 566.9079217111235
47.50000000000041 566.9079217111223
47.60000000000041 566.907921711121
47.70000000000041 566.9079217111198
47.80000000000041 566.9079217111184
47.90000000000041 566.9079217111172
48.00000000000041 566.9079217111159
48.10000000000041 566.9079217111147
48.20000000000041 566.9079217111134
48.30000000000042 566.9079217111122
48.40000000000042 566.9079217111109
48.50000000000042 566.9079217111097
48.60000000000042 566.9079217111084
48.70000000000042 566.9079217111072
48.80000000000042 566.9079217111059
48.90000000000042 566.9079217111046
49.00000000000043 566.9079217111033
49.10000000000043 566.9079217111021
49.20000000000043 566.9079217111008
49.30000000000043 566.9079217110996
49.40000000000043 566.9079217110983
49.50000000000043 566.9079217110971
49.60000000000043 566.9079217110958
49.70000000000044 566.9079217110946
49.80000000000044 566.9079217110933
49.90000000000044 566.9079217110921