Time X1
0 250
0.1 250.4925070897717
0.2 251.0314438126153
0.3 251.6210407177447
0.4 252.2667266747424
0.5 252.9739592190956
0.6 253.7488424115781
0.7 254.598109231724
0.7999999999999999 255.5292529901245
0.8999999999999999 256.5505916592349
0.9999999999999999 257.6714408438469
1.1 258.9021171896267
1.2 260.2541176806803
1.3 261.7402274438183
1.4 263.3746888274068
1.5 265.1734425019509
1.6 267.1543998011066
1.7 269.3374146473391
1.8 271.7448774725183
1.900000000000001 274.401805268748
2 277.3362097748917
2.100000000000001 280.5795617346567
2.200000000000001 284.1670088860155
2.300000000000001 288.1376891828651
2.400000000000001 292.535133488735
2.500000000000001 297.4075182537722
2.600000000000001 302.8077827839422
2.700000000000001 308.7933078040527
2.800000000000001 315.4260920640089
2.900000000000001 322.7705021114083
3.000000000000001 330.8920815962643
3.100000000000001 339.8542370002157
3.200000000000002 349.7135696198796
3.300000000000002 360.5133372023679
3.400000000000002 372.2743542199396
3.500000000000002 384.9846188666829
3.600000000000002 398.5859522689726
3.700000000000002 412.9637882007103
3.800000000000002 427.935619719114
3.900000000000002 443.2513835284302
4.000000000000002 458.6018019483298
4.100000000000001 473.6399336628592
4.200000000000001 488.013829881322
4.300000000000001 501.4052506614066
4.4 513.564605346858
4.5 524.3336525331175
4.6 533.6515570854882
4.699999999999999 541.5451902290415
4.799999999999999 548.1091353705065
4.899999999999999 553.4809552565087
4.999999999999998 557.8185906061352
5.099999999999998 561.2826067258155
5.199999999999998 564.0242115101253
5.299999999999997 566.1784842359782
5.399999999999997 567.8615990411083
5.499999999999996 569.1707637988119
5.599999999999996 570.1854445130082
5.699999999999996 570.9695982611054
5.799999999999995 571.5743790625289
5.899999999999995 572.0400665764564
5.999999999999995 572.3981121806552
6.099999999999994 572.6731842886876
6.199999999999994 572.8843816766548
6.299999999999994 573.0464111962305
6.399999999999993 573.1706521532118
6.499999999999993 573.265918529563
6.599999999999993 573.3389899085322
6.699999999999992 573.3948950285737
6.799999999999992 573.4377305051298
6.899999999999991 573.4705491147948
6.999999999999991 573.4956986192838
7.099999999999991 573.5149857723262
7.19999999999999 573.5297468919059
7.29999999999999 573.5410470527031
7.39999999999999 573.5496791492368
7.499999999999989 573.5563018856791
7.599999999999989 573.5613680918024
7.699999999999989 573.5653014106409
7.799999999999988 573.56831352549
7.899999999999988 573.5706723826975
7.999999999999988 573.5723900142207
8.099999999999987 573.5737589785838
8.199999999999987 573.5748086192932
8.299999999999986 573.5755756034183
8.399999999999986 573.5761624368926
8.499999999999986 573.5765892589401
8.599999999999985 573.5769242977304
8.699999999999985 573.5771796294139
8.799999999999985 573.577382586126
8.899999999999984 573.5775403907146
8.999999999999984 573.5776648498316
9.099999999999984 573.5777609622032
9.199999999999983 573.5778353583371
9.299999999999983 573.5778927946155
9.399999999999983 573.5779364965489
9.499999999999982 573.5779706325566
9.599999999999982 573.5779964890403
9.699999999999982 573.5780168856146
9.799999999999981 573.578032367667
9.899999999999981 573.5780446068339
9.99999999999998 573.5780539063276
10.09999999999998 573.5780612339852
10.19999999999998 573.5780681067805
10.29999999999998 573.5780765629875
10.39999999999998 573.5780839282473
10.49999999999998 573.5780902025602
10.59999999999998 573.5780953859261
10.69999999999998 573.5780994783448
10.79999999999998 573.5781024798165
10.89999999999998 573.5781043903411
10.99999999999998 573.5781052099187
11.09999999999998 573.5781049385492
11.19999999999998 573.5781035762328
11.29999999999998 573.5781011229693
11.39999999999998 573.5780998975687
11.49999999999998 573.5781008363476
11.59999999999997 573.5781014931882
11.69999999999997 573.5781018680906
11.79999999999997 573.5781019610547
11.89999999999997 573.5781017720803
11.99999999999997 573.5781013011679
12.09999999999997 573.5781005483169
12.19999999999997 573.5780995135277
12.29999999999997 573.5780981968003
12.39999999999997 573.5780965981345
12.49999999999997 573.5780947175303
12.59999999999997 573.5780938728346
12.69999999999997 573.578093343379
12.79999999999997 573.5780928139235
12.89999999999997 573.5780922844679
12.99999999999997 573.5780917550122
13.09999999999997 573.5780912255567
13.19999999999997 573.5780906961011
13.29999999999997 573.5780901666454
13.39999999999997 573.5780896371899
13.49999999999997 573.5780891077343
13.59999999999997 573.5780885782787
13.69999999999997 573.578088048823
13.79999999999997 573.5780879136549
13.89999999999997 573.5780878974233
13.99999999999997 573.5780878811917
14.09999999999997 573.57808786496
14.19999999999997 573.5780878487284
14.29999999999997 573.5780878324967
14.39999999999996 573.5780878162651
14.49999999999996 573.5780878000335
14.59999999999996 573.5780877838018
14.69999999999996 573.5780877675702
14.79999999999996 573.5780877513386
14.89999999999996 573.5780877351069
14.99999999999996 573.5780877188753
15.09999999999996 573.5780877026436
15.19999999999996 573.578087686412
15.29999999999996 573.5780876701803
15.39999999999996 573.5780876539486
15.49999999999996 573.578087637717
15.59999999999996 573.5780876214853
15.69999999999996 573.5780876052537
15.79999999999996 573.5780875890221
15.89999999999996 573.5780875727904
15.99999999999996 573.5780875565588
16.09999999999996 573.5780875403271
16.19999999999996 573.5780875240955
16.29999999999996 573.5780875078639
16.39999999999996 573.5780874916322
16.49999999999996 573.5780874754006
16.59999999999997 573.578087459169
16.69999999999997 573.5780874429373
16.79999999999997 573.5780874267057
16.89999999999997 573.578087410474
16.99999999999997 573.5780873942424
17.09999999999997 573.5780873780108
17.19999999999997 573.5780873617791
17.29999999999998 573.5780873455475
17.39999999999998 573.5780873293158
17.49999999999998 573.5780873130842
17.59999999999998 573.5780872968526
17.69999999999998 573.5780872806209
17.79999999999998 573.5780872643893
17.89999999999998 573.5780872481577
17.99999999999999 573.578087231926
18.09999999999999 573.5780872156944
18.19999999999999 573.5780871994627
18.29999999999999 573.5780871832311
18.39999999999999 573.5780871669995
18.49999999999999 573.5780871507678
18.59999999999999 573.5780871345362
18.7 573.5780871183046
18.8 573.5780871020729
18.9 573.5780870858413
19 573.5780870696095
19.1 573.5780870533779
19.2 573.5780870371462
19.3 573.5780870209146
19.40000000000001 573.578087004683
19.50000000000001 573.5780869884513
19.60000000000001 573.5780869722197
19.70000000000001 573.5780869559881
19.80000000000001 573.5780869397564
19.90000000000001 573.5780869235248
20.00000000000001 573.5780869072931
20.10000000000002 573.5780868910615
20.20000000000002 573.5780868748299
20.30000000000002 573.5780868585982
20.40000000000002 573.5780868423666
20.50000000000002 573.5780868261349
20.60000000000002 573.5780868099033
20.70000000000002 573.5780867936717
20.80000000000003 573.57808677744
20.90000000000003 573.5780867612084
21.00000000000003 573.5780867449768
21.10000000000003 573.5780867287451
21.20000000000003 573.5780867125135
21.30000000000003 573.5780866962818
21.40000000000003 573.5780866800502
21.50000000000004 573.5780866638186
21.60000000000004 573.5780866475869
21.70000000000004 573.5780866313553
21.80000000000004 573.5780866151237
21.90000000000004 573.578086598892
22.00000000000004 573.5780865826604
22.10000000000004 573.5780865664287
22.20000000000005 573.5780865501971
22.30000000000005 573.5780865339655
22.40000000000005 573.5780865177338
22.50000000000005 573.5780865015022
22.60000000000005 573.5780864852705
22.70000000000005 573.5780864690389
22.80000000000005 573.5780864528072
22.90000000000006 573.5780864365755
23.00000000000006 573.5780864203439
23.10000000000006 573.5780864041122
23.20000000000006 573.5780863878806
23.30000000000006 573.578086371649
23.40000000000006 573.5780863554173
23.50000000000006 573.5780863391857
23.60000000000007 573.5780863229541
23.70000000000007 573.5780863067224
23.80000000000007 573.5780862904908
23.90000000000007 573.5780862742591
24.00000000000007 573.5780862580275
24.10000000000007 573.5780862417959
24.20000000000007 573.5780862255642
24.30000000000008 573.5780862093326
24.40000000000008 573.5780861931009
24.50000000000008 573.5780861768693
24.60000000000008 573.5780861606377
24.70000000000008 573.578086144406
24.80000000000008 573.5780861281744
24.90000000000008 573.5780861119428
25.00000000000009 573.5780860957111
25.10000000000009 573.5780860794795
25.20000000000009 573.5780860632478
25.30000000000009 573.5780860470162
25.40000000000009 573.5780860307846
25.50000000000009 573.5780860145529
25.60000000000009 573.5780860027572
25.7000000000001 573.5780860022595
25.8000000000001 573.5780860017618
25.9000000000001 573.5780860012641
26.0000000000001 573.5780860007663
26.1000000000001 573.5780860002686
26.2000000000001 573.5780859997709
26.3000000000001 573.5780859992732
26.40000000000011 573.5780859987755
26.50000000000011 573.5780859982777
26.60000000000011 573.57808599778
26.70000000000011 573.5780859972823
26.80000000000011 573.5780859967846
26.90000000000011 573.5780859962869
27.00000000000011 573.5780859957891
27.10000000000012 573.5780859952914
27.20000000000012 573.5780859947937
27.30000000000012 573.578085994296
27.40000000000012 573.5780859937983
27.50000000000012 573.5780859933004
27.60000000000012 573.5780859928027
27.70000000000012 573.578085992305
27.80000000000013 573.5780859918073
27.90000000000013 573.5780859913095
28.00000000000013 573.5780859908118
28.10000000000013 573.5780859903141
28.20000000000013 573.5780859898164
28.30000000000013 573.5780859893187
28.40000000000013 573.5780859888209
28.50000000000014 573.5780859883232
28.60000000000014 573.5780859878255
28.70000000000014 573.5780859873278
28.80000000000014 573.57808598683
28.90000000000014 573.5780859863323
29.00000000000014 573.5780859858346
29.10000000000014 573.5780859853369
29.20000000000014 573.5780859848392
29.30000000000015 573.5780859843414
29.40000000000015 573.5780859838437
29.50000000000015 573.578085983346
29.60000000000015 573.5780859828483
29.70000000000015 573.5780859823506
29.80000000000015 573.5780859818528
29.90000000000015 573.5780859813551
30.00000000000016 573.5780859808574
30.10000000000016 573.5780859803597
30.20000000000016 573.578085979862
30.30000000000016 573.5780859793642
30.40000000000016 573.5780859788665
30.50000000000016 573.5780859783688
30.60000000000016 573.5780859778711
30.70000000000017 573.5780859773733
30.80000000000017 573.5780859768756
30.90000000000017 573.5780859763779
31.00000000000017 573.5780859758802
31.10000000000017 573.5780859753824
31.20000000000017 573.5780859748846
31.30000000000017 573.5780859743869
31.40000000000018 573.5780859738892
31.50000000000018 573.5780859733915
31.60000000000018 573.5780859728937
31.70000000000018 573.578085972396
31.80000000000018 573.5780859718983
31.90000000000018 573.5780859714006
32.00000000000018 573.5780859709029
32.10000000000019 573.5780859704051
32.20000000000019 573.5780859699074
32.30000000000019 573.5780859694097
32.40000000000019 573.578085968912
32.50000000000019 573.5780859684143
32.60000000000019 573.5780859679165
32.70000000000019 573.5780859674188
32.8000000000002 573.5780859669211
32.9000000000002 573.5780859664234
33.0000000000002 573.5780859659257
33.1000000000002 573.5780859654279
33.2000000000002 573.5780859649302
33.3000000000002 573.5780859644325
33.4000000000002 573.5780859639348
33.50000000000021 573.578085963437
33.60000000000021 573.5780859629393
33.70000000000021 573.5780859624416
33.80000000000021 573.5780859619439
33.90000000000021 573.5780859614462
34.00000000000021 573.5780859609484
34.10000000000021 573.5780859604507
34.20000000000022 573.578085959953
34.30000000000022 573.5780859594553
34.40000000000022 573.5780859589576
34.50000000000022 573.5780859584598
34.60000000000022 573.5780859579621
34.70000000000022 573.5780859574643
34.80000000000022 573.5780859569666
34.90000000000023 573.5780859564688
35.00000000000023 573.5780859559711
35.10000000000023 573.5780859554734
35.20000000000023 573.5780859549757
35.30000000000023 573.578085954478
35.40000000000023 573.5780859539802
35.50000000000023 573.5780859534825
35.60000000000024 573.5780859529848
35.70000000000024 573.5780859524871
35.80000000000024 573.5780859519894
35.90000000000024 573.5780859514916
36.00000000000024 573.5780859509939
36.10000000000024 573.5780859504962
36.20000000000024 573.5780859499985
36.30000000000025 573.5780859495007
36.40000000000025 573.578085949003
36.50000000000025 573.5780859485053
36.60000000000025 573.5780859480076
36.70000000000025 573.5780859475099
36.80000000000025 573.5780859470121
36.90000000000025 573.5780859465144
37.00000000000026 573.5780859460167
37.10000000000026 573.578085945519
37.20000000000026 573.5780859450213
37.30000000000026 573.5780859445235
37.40000000000026 573.5780859440258
37.50000000000026 573.5780859439227
37.60000000000026 573.5780859439211
37.70000000000027 573.5780859439196
37.80000000000027 573.578085943918
37.90000000000027 573.5780859439164
38.00000000000027 573.5780859439149
38.10000000000027 573.5780859439133
38.20000000000027 573.5780859439118
38.30000000000027 573.5780859439102
38.40000000000028 573.5780859439086
38.50000000000028 573.578085943907
38.60000000000028 573.5780859439054
38.70000000000028 573.5780859439039
38.80000000000028 573.5780859439024
38.90000000000028 573.5780859439008
39.00000000000028 573.5780859438992
39.10000000000029 573.5780859438976
39.20000000000029 573.578085943896
39.30000000000029 573.5780859438945
39.40000000000029 573.5780859438929
39.50000000000029 573.5780859438913
39.60000000000029 573.5780859438897
39.70000000000029 573.5780859438881
39.8000000000003 573.5780859438867
39.9000000000003 573.5780859438851
40.0000000000003 573.5780859438835
40.1000000000003 573.5780859438819
40.2000000000003 573.5780859438803
40.3000000000003 573.5780859438788
40.4000000000003 573.5780859438772
40.50000000000031 573.5780859438756
40.60000000000031 573.578085943874
40.70000000000031 573.5780859438725
40.80000000000031 573.578085943871
40.90000000000031 573.5780859438694
41.00000000000031 573.5780859438678
41.10000000000031 573.5780859438662
41.20000000000032 573.5780859438646
41.30000000000032 573.578085943863
41.40000000000032 573.5780859438615
41.50000000000032 573.5780859438599
41.60000000000032 573.5780859438584
41.70000000000032 573.5780859438568
41.80000000000032 573.5780859438552
41.90000000000033 573.5780859438537
42.00000000000033 573.5780859438521
42.10000000000033 573.5780859438505
42.20000000000033 573.5780859438489
42.30000000000033 573.5780859438473
42.40000000000033 573.5780859438458
42.50000000000033 573.5780859438443
42.60000000000034 573.5780859438427
42.70000000000034 573.5780859438411
42.80000000000034 573.5780859438395
42.90000000000034 573.578085943838
43.00000000000034 573.5780859438364
43.10000000000034 573.5780859438348
43.20000000000034 573.5780859438332
43.30000000000035 573.5780859438316
43.40000000000035 573.5780859438302
43.50000000000035 573.5780859438286
43.60000000000035 573.578085943827
43.70000000000035 573.5780859438254
43.80000000000035 573.5780859438238
43.90000000000035 573.5780859438222
44.00000000000036 573.5780859438207
44.10000000000036 573.5780859438191
44.20000000000036 573.5780859438175
44.30000000000036 573.5780859438159
44.40000000000036 573.5780859438144
44.50000000000036 573.5780859438129
44.60000000000036 573.5780859438113
44.70000000000037 573.5780859438097
44.80000000000037 573.5780859438081
44.90000000000037 573.5780859438065
45.00000000000037 573.578085943805
45.10000000000037 573.5780859438034
45.20000000000037 573.5780859438019
45.30000000000037 573.5780859438003
45.40000000000038 573.5780859437987
45.50000000000038 573.5780859437972
45.60000000000038 573.5780859437956
45.70000000000038 573.578085943794
45.80000000000038 573.5780859437924
45.90000000000038 573.5780859437908
46.00000000000038 573.5780859437892
46.10000000000039 573.5780859437878
46.20000000000039 573.5780859437862
46.30000000000039 573.5780859437846
46.40000000000039 573.578085943783
46.50000000000039 573.5780859437814
46.60000000000039 573.5780859437799
46.70000000000039 573.5780859437783
46.8000000000004 573.5780859437767
46.9000000000004 573.5780859437751
47.0000000000004 573.5780859437735
47.1000000000004 573.5780859437721
47.2000000000004 573.5780859437705
47.3000000000004 573.5780859437689
47.4000000000004 573.5780859437673
47.50000000000041 573.5780859437657
47.60000000000041 573.5780859437642
47.70000000000041 573.5780859437626
47.80000000000041 573.578085943761
47.90000000000041 573.5780859437594
48.00000000000041 573.5780859437579
48.10000000000041 573.5780859437564
48.20000000000041 573.5780859437548
48.30000000000042 573.5780859437532
48.40000000000042 573.5780859437516
48.50000000000042 573.57808594375
48.60000000000042 573.5780859437484
48.70000000000042 573.5780859437469
48.80000000000042 573.5780859437454
48.90000000000042 573.5780859437438
49.00000000000043 573.5780859437422
49.10000000000043 573.5780859437406
49.20000000000043 573.5780859437391
49.30000000000043 573.5780859437375
49.40000000000043 573.5780859437359
49.50000000000043 573.5780859437343
49.60000000000043 573.5780859437327
49.70000000000044 573.5780859437313
49.80000000000044 573.5780859437297
49.90000000000044 573.5780859437281