Time X1
0 250
0.1 250.490880781668
0.2 251.0284682839248
0.3 251.6170659369498
0.4 252.2621910753589
0.5 252.9693898957807
0.6 253.7448846510256
0.7 254.5955455218717
0.7999999999999999 255.5290113635947
0.8999999999999999 256.5537944767668
0.9999999999999999 257.6794246638399
1.1 258.9164704775708
1.2 260.2767294895698
1.3 261.7733231172443
1.4 263.4209269698985
1.5 265.2359479215334
1.6 267.2368827649041
1.7 269.4442465163886
1.8 271.8812539881541
1.900000000000001 274.5738516524124
2 277.5511970054573
2.100000000000001 280.8461037082694
2.200000000000001 284.4952805053123
2.300000000000001 288.5397377873373
2.400000000000001 293.0252008683948
2.500000000000001 298.0024575712508
2.600000000000001 303.5273651602831
2.700000000000001 309.66089506372
2.800000000000001 316.4685789449401
2.900000000000001 324.0192893708437
3.000000000000001 332.3833228260237
3.100000000000001 341.6283987241873
3.200000000000002 351.8157366890607
3.300000000000002 362.9912864122414
3.400000000000002 375.1769546797408
3.500000000000002 388.358105733236
3.600000000000002 402.4698953902475
3.700000000000002 417.3843644748035
3.800000000000002 432.9002985537212
3.900000000000002 448.7416634854774
4.000000000000002 464.571179865752
4.100000000000001 480.0140242751247
4.200000000000001 494.6967580168365
4.300000000000001 508.289666285462
4.4 520.5436144716646
4.5 531.3120362279898
4.6 540.5536137626433
4.699999999999999 548.3178571017629
4.799999999999999 554.7209463739739
4.899999999999999 559.9187559815473
4.999999999999998 564.0831112882337
5.099999999999998 567.383872849311
5.199999999999998 569.9774395024145
5.299999999999997 572.0013708660396
5.399999999999997 573.5722859303193
5.499999999999996 574.7864358261114
5.599999999999996 575.7217766870968
5.699999999999996 576.4405125044111
5.799999999999995 576.9917169768421
5.899999999999995 577.4137875606561
5.999999999999995 577.7366229038889
6.099999999999994 577.9833324511586
6.199999999999994 578.1717324380174
6.299999999999994 578.3155317336001
6.399999999999993 578.4252490387584
6.499999999999993 578.5089289810071
6.599999999999993 578.5727328090672
6.699999999999992 578.6214196851748
6.799999999999992 578.6585236645652
6.899999999999991 578.6867886513616
6.999999999999991 578.7082990698201
7.099999999999991 578.7247261017911
7.19999999999999 578.7372124965888
7.29999999999999 578.7467281307086
7.39999999999999 578.7539667603504
7.499999999999989 578.7594783110691
7.599999999999989 578.7637075024794
7.699999999999989 578.7669555573525
7.799999999999988 578.7695398043992
7.899999999999988 578.7713291616018
7.999999999999988 578.7727646625776
8.099999999999987 578.7738820272693
8.199999999999987 578.7746969730417
8.299999999999986 578.7753132867133
8.399999999999986 578.7757629139753
8.499999999999986 578.7761066500331
8.599999999999985 578.7763703087917
8.699999999999985 578.7765758030168
8.799999999999985 578.776736804278
8.899999999999984 578.7768619102393
8.999999999999984 578.7769593291554
9.099999999999984 578.7770335432723
9.199999999999983 578.7770911668746
9.299999999999983 578.7771344646985
9.399999999999983 578.7771682862509
9.499999999999982 578.7771937099754
9.599999999999982 578.7772136865561
9.699999999999982 578.7772287798637
9.799999999999981 578.7772406461929
9.899999999999981 578.777249628635
9.99999999999998 578.7772566662579
10.09999999999998 578.77726329847
10.19999999999998 578.7772714822958
10.29999999999998 578.777278605914
10.39999999999998 578.7772846693248
10.49999999999998 578.7772896725281
10.59999999999998 578.7772936155239
10.69999999999998 578.7772964983124
10.79999999999998 578.7772983208932
10.89999999999998 578.7772990832666
10.99999999999998 578.7772987854325
11.09999999999998 578.777297427391
11.19999999999998 578.777295009142
11.29999999999998 578.7772935117389
11.39999999999998 578.7772944037972
11.49999999999998 578.7772950269265
11.59999999999997 578.7772953811267
11.69999999999997 578.7772954663977
11.79999999999997 578.7772952827396
11.89999999999997 578.7772948301524
11.99999999999997 578.7772941086361
12.09999999999997 578.7772931181906
12.19999999999997 578.7772918588161
12.29999999999997 578.7772903305124
12.39999999999997 578.7772885332796
12.49999999999997 578.777287391005
12.59999999999997 578.7772868956275
12.69999999999997 578.7772864002501
12.79999999999997 578.7772859048727
12.89999999999997 578.7772854094952
12.99999999999997 578.7772849141178
13.09999999999997 578.7772844187404
13.19999999999997 578.7772839233629
13.29999999999997 578.7772834279855
13.39999999999997 578.777282932608
13.49999999999997 578.7772824372306
13.59999999999997 578.7772819418532
13.69999999999997 578.7772817248249
13.79999999999997 578.7772817099865
13.89999999999997 578.7772816951481
13.99999999999997 578.7772816803098
14.09999999999997 578.7772816654714
14.19999999999997 578.7772816506331
14.29999999999997 578.7772816357947
14.39999999999996 578.7772816209563
14.49999999999996 578.777281606118
14.59999999999996 578.7772815912796
14.69999999999996 578.7772815764413
14.79999999999996 578.7772815616029
14.89999999999996 578.7772815467645
14.99999999999996 578.7772815319262
15.09999999999996 578.7772815170878
15.19999999999996 578.7772815022495
15.29999999999996 578.7772814874111
15.39999999999996 578.7772814725727
15.49999999999996 578.7772814577344
15.59999999999996 578.777281442896
15.69999999999996 578.7772814280577
15.79999999999996 578.7772814132193
15.89999999999996 578.7772813983809
15.99999999999996 578.7772813835426
16.09999999999996 578.7772813687042
16.19999999999996 578.7772813538659
16.29999999999996 578.7772813390275
16.39999999999996 578.7772813241891
16.49999999999996 578.7772813093508
16.59999999999997 578.7772812945124
16.69999999999997 578.7772812796741
16.79999999999997 578.7772812648357
16.89999999999997 578.7772812499973
16.99999999999997 578.777281235159
17.09999999999997 578.7772812203206
17.19999999999997 578.7772812054823
17.29999999999998 578.7772811906439
17.39999999999998 578.7772811758055
17.49999999999998 578.7772811609672
17.59999999999998 578.7772811461288
17.69999999999998 578.7772811312905
17.79999999999998 578.7772811164521
17.89999999999998 578.7772811016137
17.99999999999999 578.7772810867754
18.09999999999999 578.777281071937
18.19999999999999 578.7772810570987
18.29999999999999 578.7772810422603
18.39999999999999 578.7772810274219
18.49999999999999 578.7772810125836
18.59999999999999 578.7772809977452
18.7 578.7772809829069
18.8 578.7772809680685
18.9 578.77728095323
19 578.7772809383918
19.1 578.7772809235533
19.2 578.7772809087151
19.3 578.7772808938767
19.40000000000001 578.7772808790382
19.50000000000001 578.7772808642
19.60000000000001 578.7772808493615
19.70000000000001 578.7772808345233
19.80000000000001 578.7772808196848
19.90000000000001 578.7772808048464
20.00000000000001 578.7772807900081
20.10000000000002 578.7772807751697
20.20000000000002 578.7772807603315
20.30000000000002 578.777280745493
20.40000000000002 578.7772807306546
20.50000000000002 578.7772807158163
20.60000000000002 578.7772807009779
20.70000000000002 578.7772806861396
20.80000000000003 578.7772806713012
20.90000000000003 578.7772806564628
21.00000000000003 578.7772806416245
21.10000000000003 578.7772806267861
21.20000000000003 578.7772806119478
21.30000000000003 578.7772805971094
21.40000000000003 578.777280582271
21.50000000000004 578.7772805674327
21.60000000000004 578.7772805525943
21.70000000000004 578.777280537756
21.80000000000004 578.7772805229176
21.90000000000004 578.7772805080792
22.00000000000004 578.7772804932409
22.10000000000004 578.7772804784025
22.20000000000005 578.7772804635642
22.30000000000005 578.7772804487258
22.40000000000005 578.7772804338874
22.50000000000005 578.7772804190491
22.60000000000005 578.7772804042107
22.70000000000005 578.7772803893724
22.80000000000005 578.777280374534
22.90000000000006 578.7772803596956
23.00000000000006 578.7772803448573
23.10000000000006 578.7772803300189
23.20000000000006 578.7772803151806
23.30000000000006 578.7772803003422
23.40000000000006 578.7772802855038
23.50000000000006 578.7772802706655
23.60000000000007 578.7772802558271
23.70000000000007 578.7772802409888
23.80000000000007 578.7772802261504
23.90000000000007 578.777280211312
24.00000000000007 578.7772801964737
24.10000000000007 578.7772801816353
24.20000000000007 578.777280166797
24.30000000000008 578.7772801519586
24.40000000000008 578.7772801371202
24.50000000000008 578.7772801222819
24.60000000000008 578.7772801074435
24.70000000000008 578.7772800926052
24.80000000000008 578.7772800777668
24.90000000000008 578.7772800629284
25.00000000000009 578.7772800480901
25.10000000000009 578.7772800332517
25.20000000000009 578.7772800184134
25.30000000000009 578.777280003575
25.40000000000009 578.7772799887366
25.50000000000009 578.7772799738983
25.60000000000009 578.7772799654409
25.7000000000001 578.7772799649963
25.8000000000001 578.7772799645518
25.9000000000001 578.7772799641072
26.0000000000001 578.7772799636626
26.1000000000001 578.777279963218
26.2000000000001 578.7772799627735
26.3000000000001 578.7772799623289
26.40000000000011 578.7772799618842
26.50000000000011 578.7772799614397
26.60000000000011 578.7772799609951
26.70000000000011 578.7772799605506
26.80000000000011 578.7772799601059
26.90000000000011 578.7772799596614
27.00000000000011 578.7772799592168
27.10000000000012 578.7772799587723
27.20000000000012 578.7772799583277
27.30000000000012 578.7772799578831
27.40000000000012 578.7772799574385
27.50000000000012 578.777279956994
27.60000000000012 578.7772799565494
27.70000000000012 578.7772799561048
27.80000000000013 578.7772799556602
27.90000000000013 578.7772799552157
28.00000000000013 578.7772799547711
28.10000000000013 578.7772799543266
28.20000000000013 578.7772799538819
28.30000000000013 578.7772799534374
28.40000000000013 578.7772799529928
28.50000000000014 578.7772799525483
28.60000000000014 578.7772799521036
28.70000000000014 578.7772799516591
28.80000000000014 578.7772799512145
28.90000000000014 578.77727995077
29.00000000000014 578.7772799503254
29.10000000000014 578.7772799498808
29.20000000000014 578.7772799494362
29.30000000000015 578.7772799489917
29.40000000000015 578.7772799485471
29.50000000000015 578.7772799481025
29.60000000000015 578.7772799476579
29.70000000000015 578.7772799472134
29.80000000000015 578.7772799467688
29.90000000000015 578.7772799463243
30.00000000000016 578.7772799458796
30.10000000000016 578.7772799454351
30.20000000000016 578.7772799449905
30.30000000000016 578.777279944546
30.40000000000016 578.7772799441013
30.50000000000016 578.7772799436568
30.60000000000016 578.7772799432122
30.70000000000017 578.7772799427677
30.80000000000017 578.777279942323
30.90000000000017 578.7772799418785
31.00000000000017 578.7772799414339
31.10000000000017 578.7772799409894
31.20000000000017 578.7772799405448
31.30000000000017 578.7772799401002
31.40000000000018 578.7772799396556
31.50000000000018 578.7772799392111
31.60000000000018 578.7772799387665
31.70000000000018 578.777279938322
31.80000000000018 578.7772799378773
31.90000000000018 578.7772799374327
32.00000000000018 578.7772799369882
32.10000000000019 578.7772799365436
32.20000000000019 578.777279936099
32.30000000000019 578.7772799356544
32.40000000000019 578.7772799352099
32.50000000000019 578.7772799347653
32.60000000000019 578.7772799343207
32.70000000000019 578.7772799338761
32.8000000000002 578.7772799334316
32.9000000000002 578.777279932987
33.0000000000002 578.7772799325425
33.1000000000002 578.7772799320978
33.2000000000002 578.7772799316533
33.3000000000002 578.7772799312087
33.4000000000002 578.7772799307642
33.50000000000021 578.7772799303195
33.60000000000021 578.777279929875
33.70000000000021 578.7772799294304
33.80000000000021 578.7772799289859
33.90000000000021 578.7772799285412
34.00000000000021 578.7772799280967
34.10000000000021 578.7772799276521
34.20000000000022 578.7772799272076
34.30000000000022 578.777279926763
34.40000000000022 578.7772799263184
34.50000000000022 578.7772799258738
34.60000000000022 578.7772799254293
34.70000000000022 578.7772799249847
34.80000000000022 578.7772799245402
34.90000000000023 578.7772799240955
35.00000000000023 578.777279923651
35.10000000000023 578.7772799232064
35.20000000000023 578.7772799227619
35.30000000000023 578.7772799223172
35.40000000000023 578.7772799218727
35.50000000000023 578.7772799214281
35.60000000000024 578.7772799209836
35.70000000000024 578.7772799205389
35.80000000000024 578.7772799200944
35.90000000000024 578.7772799196498
36.00000000000024 578.7772799192053
36.10000000000024 578.7772799187607
36.20000000000024 578.7772799183161
36.30000000000025 578.7772799178715
36.40000000000025 578.777279917427
36.50000000000025 578.7772799169824
36.60000000000025 578.7772799165379
36.70000000000025 578.7772799160932
36.80000000000025 578.7772799156487
36.90000000000025 578.7772799152041
37.00000000000026 578.7772799147596
37.10000000000026 578.7772799143149
37.20000000000026 578.7772799138704
37.30000000000026 578.7772799134258
37.40000000000026 578.7772799129812
37.50000000000026 578.777279912673
37.60000000000026 578.7772799126716
37.70000000000027 578.7772799126702
37.80000000000027 578.7772799126689
37.90000000000027 578.7772799126675
38.00000000000027 578.7772799126661
38.10000000000027 578.7772799126648
38.20000000000027 578.7772799126634
38.30000000000027 578.777279912662
38.40000000000028 578.7772799126606
38.50000000000028 578.7772799126592
38.60000000000028 578.7772799126578
38.70000000000028 578.7772799126565
38.80000000000028 578.7772799126551
38.90000000000028 578.7772799126537
39.00000000000028 578.7772799126524
39.10000000000029 578.777279912651
39.20000000000029 578.7772799126496
39.30000000000029 578.7772799126483
39.40000000000029 578.7772799126469
39.50000000000029 578.7772799126456
39.60000000000029 578.7772799126442
39.70000000000029 578.7772799126428
39.8000000000003 578.7772799126415
39.9000000000003 578.7772799126401
40.0000000000003 578.7772799126387
40.1000000000003 578.7772799126374
40.2000000000003 578.777279912636
40.3000000000003 578.7772799126346
40.4000000000003 578.7772799126333
40.50000000000031 578.7772799126319
40.60000000000031 578.7772799126304
40.70000000000031 578.7772799126291
40.80000000000031 578.7772799126277
40.90000000000031 578.7772799126263
41.00000000000031 578.777279912625
41.10000000000031 578.7772799126236
41.20000000000032 578.7772799126222
41.30000000000032 578.7772799126209
41.40000000000032 578.7772799126195
41.50000000000032 578.7772799126182
41.60000000000032 578.7772799126168
41.70000000000032 578.7772799126154
41.80000000000032 578.7772799126141
41.90000000000033 578.7772799126127
42.00000000000033 578.7772799126113
42.10000000000033 578.77727991261
42.20000000000033 578.7772799126086
42.30000000000033 578.7772799126072
42.40000000000033 578.7772799126059
42.50000000000033 578.7772799126045
42.60000000000034 578.7772799126031
42.70000000000034 578.7772799126018
42.80000000000034 578.7772799126004
42.90000000000034 578.7772799125989
43.00000000000034 578.7772799125976
43.10000000000034 578.7772799125962
43.20000000000034 578.7772799125948
43.30000000000035 578.7772799125935
43.40000000000035 578.7772799125921
43.50000000000035 578.7772799125908
43.60000000000035 578.7772799125894
43.70000000000035 578.777279912588
43.80000000000035 578.7772799125867
43.90000000000035 578.7772799125853
44.00000000000036 578.7772799125839
44.10000000000036 578.7772799125826
44.20000000000036 578.7772799125812
44.30000000000036 578.7772799125798
44.40000000000036 578.7772799125785
44.50000000000036 578.7772799125771
44.60000000000036 578.7772799125758
44.70000000000037 578.7772799125744
44.80000000000037 578.777279912573
44.90000000000037 578.7772799125717
45.00000000000037 578.7772799125703
45.10000000000037 578.7772799125688
45.20000000000037 578.7772799125675
45.30000000000037 578.7772799125661
45.40000000000038 578.7772799125647
45.50000000000038 578.7772799125634
45.60000000000038 578.777279912562
45.70000000000038 578.7772799125606
45.80000000000038 578.7772799125593
45.90000000000038 578.7772799125579
46.00000000000038 578.7772799125565
46.10000000000039 578.7772799125552
46.20000000000039 578.7772799125538
46.30000000000039 578.7772799125524
46.40000000000039 578.7772799125511
46.50000000000039 578.7772799125497
46.60000000000039 578.7772799125484
46.70000000000039 578.777279912547
46.8000000000004 578.7772799125456
46.9000000000004 578.7772799125443
47.0000000000004 578.7772799125429
47.1000000000004 578.7772799125415
47.2000000000004 578.7772799125402
47.3000000000004 578.7772799125387
47.4000000000004 578.7772799125373
47.50000000000041 578.777279912536
47.60000000000041 578.7772799125346
47.70000000000041 578.7772799125332
47.80000000000041 578.7772799125319
47.90000000000041 578.7772799125305
48.00000000000041 578.7772799125291
48.10000000000041 578.7772799125278
48.20000000000041 578.7772799125264
48.30000000000042 578.777279912525
48.40000000000042 578.7772799125237
48.50000000000042 578.7772799125223
48.60000000000042 578.777279912521
48.70000000000042 578.7772799125196
48.80000000000042 578.7772799125182
48.90000000000042 578.7772799125169
49.00000000000043 578.7772799125155
49.10000000000043 578.7772799125141
49.20000000000043 578.7772799125128
49.30000000000043 578.7772799125114
49.40000000000043 578.77727991251
49.50000000000043 578.7772799125087
49.60000000000043 578.7772799125072
49.70000000000044 578.7772799125058
49.80000000000044 578.7772799125045
49.90000000000044 578.7772799125031