Time X1
0 250
0.1 249.9455790952563
0.2 249.8863867691069
0.3 249.8221451441889
0.4 249.7518601142764
0.5 249.6756991423847
0.6 249.5929012524062
0.7 249.5027977492255
0.7999999999999999 249.4047287679986
0.8999999999999999 249.2980340428144
0.9999999999999999 249.182013824095
1.1 249.0557863222918
1.2 248.9184157826349
1.3 248.7692579342038
1.4 248.6069325985632
1.5 248.4304871377059
1.6 248.2386771293926
1.7 248.0301683674599
1.8 247.8035135993334
1.900000000000001 247.5571625199864
2 247.2894337742679
2.100000000000001 246.9985136508893
2.200000000000001 246.6824250886323
2.300000000000001 246.3390592600835
2.400000000000001 245.9661669986465
2.500000000000001 245.5612481744176
2.600000000000001 245.1216415114635
2.700000000000001 244.6445396767615
2.800000000000001 244.1267939015438
2.900000000000001 243.5651326245172
3.000000000000001 242.9560456563703
3.100000000000001 242.2957177039276
3.200000000000002 241.5800890105293
3.300000000000002 240.8048582344142
3.400000000000002 239.965442495786
3.500000000000002 239.0569874722251
3.600000000000002 238.0743446852413
3.700000000000002 237.0120347285644
3.800000000000002 235.8642431335119
3.900000000000002 234.6249205006641
4.000000000000002 233.2879157359928
4.100000000000001 231.846765595338
4.200000000000001 230.294814139791
4.300000000000001 228.6253354984063
4.4 226.8314393577058
4.5 224.9061578173092
4.6 222.8428098701292
4.699999999999999 220.6348818408374
4.799999999999999 218.2761896660434
4.899999999999999 215.7611654374995
4.999999999999998 213.0848038707585
5.099999999999998 210.2431508288405
5.199999999999998 207.2334205010608
5.299999999999997 204.0541190666868
5.399999999999997 200.7056310236696
5.499999999999996 197.1902004552848
5.599999999999996 193.5122942885972
5.699999999999996 189.6789427441873
5.799999999999995 185.6998834908774
5.899999999999995 181.5875822025353
5.999999999999995 177.3575738757284
6.099999999999994 173.0285079175897
6.199999999999994 168.6214203916167
6.299999999999994 164.1599941534553
6.399999999999993 159.6700113100624
6.499999999999993 155.1789938553971
6.599999999999993 150.71516959895
6.699999999999992 146.3071402841483
6.799999999999992 141.9828116077293
6.899999999999991 137.76883923996
6.999999999999991 133.6897136224558
7.099999999999991 129.7672748857398
7.19999999999999 126.0200558869841
7.29999999999999 122.4630881618601
7.39999999999999 119.1075198988073
7.499999999999989 115.960768476509
7.599999999999989 113.0266801344913
7.699999999999989 110.3056264456904
7.799999999999988 107.7949398802843
7.899999999999988 105.489373456926
7.999999999999988 103.3815465905792
8.099999999999987 101.4623829447405
8.199999999999987 99.72158220520376
8.299999999999986 98.14801294920929
8.399999999999986 96.73006176007094
8.499999999999986 95.45599239468046
8.599999999999985 94.31424648504778
8.699999999999985 93.29340952696887
8.799999999999985 92.38257566760046
8.899999999999984 91.57143433496712
8.999999999999984 90.85029056019448
9.099999999999984 90.21012885624276
9.199999999999983 89.64260408029784
9.299999999999983 89.14007846658809
9.399999999999983 88.69556931041151
9.499999999999982 88.30275625240834
9.599999999999982 87.95590896405318
9.699999999999982 87.64987299469533
9.799999999999981 87.38002063677772
9.899999999999981 87.14221732102453
9.99999999999998 86.93275780443597
10.09999999999998 86.74834562229489
10.19999999999998 86.58605011486083
10.29999999999998 86.44326523110817
10.39999999999998 86.31768671191593
10.49999999999998 86.20726857458902
10.59999999999998 86.11020577363786
10.69999999999998 86.02489901109367
10.79999999999998 85.94993805240877
10.89999999999998 85.88407976128349
10.99999999999998 85.82622707517461
11.09999999999998 85.77541775951316
11.19999999999998 85.73078896373947
11.29999999999998 85.69159561373701
11.39999999999998 85.65718196368441
11.49999999999998 85.62696120663415
11.59999999999997 85.60043054120487
11.69999999999997 85.57713995138862
11.79999999999997 85.55669190336567
11.89999999999997 85.53874492864563
11.99999999999997 85.52298954736976
12.09999999999997 85.5091587801312
12.19999999999997 85.49702016047286
12.29999999999997 85.48636440287223
12.39999999999997 85.47701265103468
12.49999999999997 85.4688055186955
12.59999999999997 85.4616014184532
12.69999999999997 85.45527976853451
12.79999999999997 85.4497313095797
12.89999999999997 85.44486118641807
12.99999999999997 85.44058760003526
13.09999999999997 85.4368357512509
13.19999999999997 85.43354490082632
13.29999999999997 85.43065652877057
13.39999999999997 85.42812144946298
13.49999999999997 85.42589754574504
13.59999999999997 85.42394587789884
13.69999999999997 85.4222318053605
13.79999999999997 85.42072578386529
13.89999999999997 85.41940291872369
13.99999999999997 85.41824275767401
14.09999999999997 85.41722692373627
14.19999999999997 85.41633516573461
14.29999999999997 85.4155528977638
14.39999999999996 85.41486833392325
14.49999999999996 85.41426802200041
14.59999999999996 85.41374071579298
14.69999999999996 85.4132777833359
14.79999999999996 85.41286907466808
14.89999999999996 85.41251366687821
14.99999999999996 85.41219993129366
15.09999999999996 85.41192486254194
15.19999999999996 85.41168373407328
15.29999999999996 85.41147252945872
15.39999999999996 85.41128750891653
15.49999999999996 85.41112498502781
15.59999999999996 85.41098268343919
15.69999999999996 85.41085815393083
15.79999999999996 85.41074849610625
15.89999999999996 85.41065081075287
15.99999999999996 85.41056407208175
16.09999999999996 85.41048805527991
16.19999999999996 85.41042131250784
16.29999999999996 85.41036239592606
16.39999999999996 85.41030487254068
16.49999999999996 85.41026305535188
16.59999999999997 85.41022510150165
16.69999999999997 85.41019101098999
16.79999999999997 85.41016067861074
16.89999999999997 85.41013368016982
16.99999999999997 85.41010997097158
17.09999999999997 85.41008955101597
17.19999999999997 85.41007238814684
17.29999999999998 85.41005744898011
17.39999999999998 85.41004423747388
17.49999999999998 85.41003275362814
17.59999999999998 85.41002299744291
17.69999999999998 85.41001467464872
17.79999999999998 85.41000717929892
17.89999999999998 85.41000049311084
17.99999999999999 85.40999461608452
18.09999999999999 85.40998952015921
18.19999999999999 85.40998494331805
18.29999999999999 85.40998082136957
18.39999999999999 85.40997715431378
18.49999999999999 85.40997394215067
18.59999999999999 85.40997110112414
18.7 85.40996854598343
18.8 85.40996627672686
18.9 85.40996429335445
19 85.40996257550145
19.1 85.4099610373368
19.2 85.40995966927645
19.3 85.40995847132039
19.40000000000001 85.40995744210795
19.50000000000001 85.40995653265749
19.60000000000001 85.40995571845144
19.70000000000001 85.40995499948981
19.80000000000001 85.40995437577261
19.90000000000001 85.40995383430696
20.00000000000001 85.40995334719794
20.10000000000002 85.40995291350757
20.20000000000002 85.40995253323584
20.30000000000002 85.40995210362775
20.40000000000002 85.40995154933881
20.50000000000002 85.40995102755546
20.60000000000002 85.4099505382777
20.70000000000002 85.4099500815055
20.80000000000003 85.4099496572389
20.90000000000003 85.40994926547786
21.00000000000003 85.40994890622241
21.10000000000003 85.40994857947253
21.20000000000003 85.40994828522824
21.30000000000003 85.40994802348952
21.40000000000003 85.4099477942564
21.50000000000004 85.40994759752884
21.60000000000004 85.40994743330685
21.70000000000004 85.40994730159046
21.80000000000004 85.40994720237964
21.90000000000004 85.4099471356744
22.00000000000004 85.40994710147474
22.10000000000004 85.40994709978067
22.20000000000005 85.40994713059217
22.30000000000005 85.40994719390925
22.40000000000005 85.4099472897319
22.50000000000005 85.40994741806014
22.60000000000005 85.40994757889396
22.70000000000005 85.40994777223337
22.80000000000005 85.40994790610949
22.90000000000006 85.4099478401337
23.00000000000006 85.40994778235466
23.10000000000006 85.40994773277239
23.20000000000006 85.40994769138686
23.30000000000006 85.40994765819809
23.40000000000006 85.40994763320609
23.50000000000006 85.40994761641083
23.60000000000007 85.40994760781234
23.70000000000007 85.40994760741059
23.80000000000007 85.40994761520561
23.90000000000007 85.40994763119738
24.00000000000007 85.40994765538591
24.10000000000007 85.40994768777118
24.20000000000007 85.40994772835323
24.30000000000008 85.40994777713202
24.40000000000008 85.40994783410757
24.50000000000008 85.40994789927987
24.60000000000008 85.40994797264894
24.70000000000008 85.40994805421475
24.80000000000008 85.40994814397733
24.90000000000008 85.40994824193666
25.00000000000009 85.40994834809275
25.10000000000009 85.4099484624456
25.20000000000009 85.40994858499519
25.30000000000009 85.40994868489226
25.40000000000009 85.40994871630244
25.50000000000009 85.40994874771262
25.60000000000009 85.4099487791228
25.7000000000001 85.40994881053298
25.8000000000001 85.40994884194315
25.9000000000001 85.40994887335333
26.0000000000001 85.40994890476351
26.1000000000001 85.40994893617369
26.2000000000001 85.40994896758387
26.3000000000001 85.40994899899405
26.40000000000011 85.40994903040423
26.50000000000011 85.4099490618144
26.60000000000011 85.40994909322458
26.70000000000011 85.40994912463476
26.80000000000011 85.40994915604495
26.90000000000011 85.40994918745513
27.00000000000011 85.40994921886531
27.10000000000012 85.40994925027547
27.20000000000012 85.40994928168566
27.30000000000012 85.40994931309584
27.40000000000012 85.40994934450602
27.50000000000012 85.4099493759162
27.60000000000012 85.40994940732638
27.70000000000012 85.40994943873656
27.80000000000013 85.4099494664078
27.90000000000013 85.40994946733801
28.00000000000013 85.40994946826822
28.10000000000013 85.40994946919842
28.20000000000013 85.40994947012864
28.30000000000013 85.40994947105885
28.40000000000013 85.40994947198905
28.50000000000014 85.40994947291927
28.60000000000014 85.40994947384948
28.70000000000014 85.40994947477968
28.80000000000014 85.40994947570989
28.90000000000014 85.40994947664009
29.00000000000014 85.40994947757031
29.10000000000014 85.40994947850052
29.20000000000014 85.40994947943072
29.30000000000015 85.40994948036094
29.40000000000015 85.40994948129115
29.50000000000015 85.40994948222135
29.60000000000015 85.40994948315156
29.70000000000015 85.40994948408178
29.80000000000015 85.40994948501198
29.90000000000015 85.40994948594219
30.00000000000016 85.40994948687239
30.10000000000016 85.40994948780261
30.20000000000016 85.40994948873282
30.30000000000016 85.40994948966302
30.40000000000016 85.40994949059323
30.50000000000016 85.40994949152345
30.60000000000016 85.40994949245365
30.70000000000017 85.40994949338386
30.80000000000017 85.40994949431408
30.90000000000017 85.40994949524428
31.00000000000017 85.40994949617449
31.10000000000017 85.40994949710469
31.20000000000017 85.4099494980349
31.30000000000017 85.40994949896512
31.40000000000018 85.40994949989532
31.50000000000018 85.40994950082553
31.60000000000018 85.40994950175575
31.70000000000018 85.40994950268595
31.80000000000018 85.40994950361616
31.90000000000018 85.40994950454636
32.00000000000018 85.40994950547658
32.10000000000019 85.40994950640679
32.20000000000019 85.40994950733699
32.30000000000019 85.4099495082672
32.40000000000019 85.40994950919742
32.50000000000019 85.40994951012762
32.60000000000019 85.40994951105783
32.70000000000019 85.40994951198805
32.8000000000002 85.40994951291825
32.9000000000002 85.40994951384846
33.0000000000002 85.40994951477866
33.1000000000002 85.40994951570887
33.2000000000002 85.40994951663909
33.3000000000002 85.40994951756929
33.4000000000002 85.4099495184995
33.50000000000021 85.40994951942972
33.60000000000021 85.40994952035992
33.70000000000021 85.40994952129013
33.80000000000021 85.40994952222034
33.90000000000021 85.40994952315054
34.00000000000021 85.40994952408076
34.10000000000021 85.40994952501096
34.20000000000022 85.40994952594117
34.30000000000022 85.40994952687139
34.40000000000022 85.40994952780159
34.50000000000022 85.4099495287318
34.60000000000022 85.40994952966201
34.70000000000022 85.40994953059221
34.80000000000022 85.40994953152243
34.90000000000023 85.40994953245264
35.00000000000023 85.40994953338284
35.10000000000023 85.40994953431306
35.20000000000023 85.40994953524326
35.30000000000023 85.40994953617347
35.40000000000023 85.40994953710369
35.50000000000023 85.40994953803389
35.60000000000024 85.4099495389641
35.70000000000024 85.40994953989431
35.80000000000024 85.40994954082451
35.90000000000024 85.40994954175473
36.00000000000024 85.40994954268494
36.10000000000024 85.40994954361514
36.20000000000024 85.40994954454536
36.30000000000025 85.40994954547556
36.40000000000025 85.40994954640577
36.50000000000025 85.40994954733598
36.60000000000025 85.40994954826618
36.70000000000025 85.4099495491964
36.80000000000025 85.40994955012661
36.90000000000025 85.40994955105681
37.00000000000026 85.40994955198703
37.10000000000026 85.40994955291723
37.20000000000026 85.40994955384744
37.30000000000026 85.40994955477765
37.40000000000026 85.40994955570785
37.50000000000026 85.40994955663807
37.60000000000026 85.40994955756828
37.70000000000027 85.40994955849848
37.80000000000027 85.4099495594287
37.90000000000027 85.40994956035891
38.00000000000027 85.40994956128911
38.10000000000027 85.40994956221932
38.20000000000027 85.40994956314952
38.30000000000027 85.40994956407974
38.40000000000028 85.40994956500995
38.50000000000028 85.40994956594015
38.60000000000028 85.40994956687037
38.70000000000028 85.40994956780058
38.80000000000028 85.40994956873078
38.90000000000028 85.40994956966099
39.00000000000028 85.40994957059121
39.10000000000029 85.40994957152141
39.20000000000029 85.40994957245162
39.30000000000029 85.40994957338182
39.40000000000029 85.40994957431204
39.50000000000029 85.40994957524225
39.60000000000029 85.40994957617245
39.70000000000029 85.40994957710267
39.8000000000003 85.40994957803288
39.9000000000003 85.40994957896308
40.0000000000003 85.40994957989329
40.1000000000003 85.40994958082351
40.2000000000003 85.40994958175371
40.3000000000003 85.40994958268392
40.4000000000003 85.40994958361412
40.50000000000031 85.40994958454434
40.60000000000031 85.40994958547455
40.70000000000031 85.40994958640475
40.80000000000031 85.40994958733496
40.90000000000031 85.40994958826518
41.00000000000031 85.40994958919538
41.10000000000031 85.40994959012559
41.20000000000032 85.40994959105581
41.30000000000032 85.40994959198601
41.40000000000032 85.40994959291622
41.50000000000032 85.40994959384642
41.60000000000032 85.40994959477663
41.70000000000032 85.40994959570685
41.80000000000032 85.40994959663705
41.90000000000033 85.40994959756726
42.00000000000033 85.40994959849748
42.10000000000033 85.40994959942768
42.20000000000033 85.40994960035789
42.30000000000033 85.40994960128809
42.40000000000033 85.4099496022183
42.50000000000033 85.40994960314852
42.60000000000034 85.40994960407872
42.70000000000034 85.40994960500893
42.80000000000034 85.40994960593915
42.90000000000034 85.40994960686935
43.00000000000034 85.40994960779956
43.10000000000034 85.40994960872978
43.20000000000034 85.40994960965998
43.30000000000035 85.40994961059019
43.40000000000035 85.40994961152039
43.50000000000035 85.4099496124506
43.60000000000035 85.40994961338082
43.70000000000035 85.40994961431102
43.80000000000035 85.40994961524123
43.90000000000035 85.40994961617145
44.00000000000036 85.40994961710165
44.10000000000036 85.40994961803186
44.20000000000036 85.40994961896207
44.30000000000036 85.40994961989227
44.40000000000036 85.40994962082249
44.50000000000036 85.40994962175269
44.60000000000036 85.4099496226829
44.70000000000037 85.40994962361312
44.80000000000037 85.40994962454332
44.90000000000037 85.40994962547353
45.00000000000037 85.40994962640374
45.10000000000037 85.40994962733394
45.20000000000037 85.40994962826416
45.30000000000037 85.40994962919437
45.40000000000038 85.40994963012457
45.50000000000038 85.40994963105479
45.60000000000038 85.40994963198499
45.70000000000038 85.4099496329152
45.80000000000038 85.40994963384541
45.90000000000038 85.40994963477561
46.00000000000038 85.40994963570583
46.10000000000039 85.40994963663604
46.20000000000039 85.40994963756624
46.30000000000039 85.40994963849646
46.40000000000039 85.40994963942667
46.50000000000039 85.40994964035687
46.60000000000039 85.40994964128708
46.70000000000039 85.40994964221728
46.8000000000004 85.4099496431475
46.9000000000004 85.40994964407771
47.0000000000004 85.40994964500791
47.1000000000004 85.40994964593813
47.2000000000004 85.40994964686834
47.3000000000004 85.40994964779854
47.4000000000004 85.40994964872876
47.50000000000041 85.40994964965896
47.60000000000041 85.40994965058917
47.70000000000041 85.40994965151938
47.80000000000041 85.40994965244958
47.90000000000041 85.4099496533798
48.00000000000041 85.40994965431001
48.10000000000041 85.40994965524021
48.20000000000041 85.40994965617043
48.30000000000042 85.40994965710064
48.40000000000042 85.40994965803084
48.50000000000042 85.40994965896105
48.60000000000042 85.40994965989125
48.70000000000042 85.40994966082147
48.80000000000042 85.40994966175168
48.90000000000042 85.40994966268188
49.00000000000043 85.4099496636121
49.10000000000043 85.40994966454231
49.20000000000043 85.40994966547251
49.30000000000043 85.40994966640272
49.40000000000043 85.40994966733294
49.50000000000043 85.40994966826314
49.60000000000043 85.40994966919335
49.70000000000044 85.40994967012355
49.80000000000044 85.40994967105377
49.90000000000044 85.40994967198398