Time X1
0 250
0.1 251.0811374283551
0.2 252.2706148446431
0.3 253.57969681167
0.4 255.0217841372882
0.5 256.6114029368077
0.6 258.3648987239058
0.7 260.3007102209948
0.7999999999999999 262.4397222752591
0.8999999999999999 264.8054414313457
0.9999999999999999 267.424428611332
1.1 270.3265735407384
1.2 273.5457761403381
1.3 277.1203979005532
1.4 281.0936399438123
1.5 285.514352278252
1.6 290.4372564831128
1.7 295.9238651791491
1.8 302.0423359771049
1.900000000000001 308.8675091912825
2 316.4801900201485
2.100000000000001 324.9655502911323
2.200000000000001 334.4100390880105
2.300000000000001 344.8969991760401
2.400000000000001 356.4976093051798
2.500000000000001 369.2610689586799
2.600000000000001 383.1990898308908
2.700000000000001 398.2679700656964
2.800000000000001 414.3493179715302
2.900000000000001 431.2333952772303
3.000000000000001 448.6107386253991
3.100000000000001 466.0833937486873
3.200000000000002 483.1928657317072
3.300000000000002 499.4709938892762
3.400000000000002 514.499302159068
3.500000000000002 527.9624333825049
3.600000000000002 539.6801018705705
3.700000000000002 549.6105958465153
3.800000000000002 557.8295221827672
3.900000000000002 564.4945668178217
4.000000000000002 569.8080102775843
4.100000000000001 573.9852909459923
4.200000000000001 577.23274169861
4.300000000000001 579.7350642578141
4.4 581.6500653732737
4.5 583.1078362821336
4.6 584.2130192917776
4.699999999999999 585.0483183806319
4.799999999999999 585.6781517911556
4.899999999999999 586.1521972078646
4.999999999999998 586.5085360988711
5.099999999999998 586.7761236970673
5.199999999999998 586.976902654264
5.299999999999997 587.12746210554
5.399999999999997 587.2403261247877
5.499999999999996 587.3248966449465
5.599999999999996 587.3882644343248
5.699999999999996 587.4357684308604
5.799999999999995 587.4713057658738
5.899999999999995 587.4978872637988
5.999999999999995 587.5178420674666
6.099999999999994 587.532712226276
6.199999999999994 587.5438628333543
6.299999999999994 587.5521968913192
6.399999999999993 587.5584289970047
6.499999999999993 587.5631395550973
6.599999999999993 587.5666799977864
6.699999999999992 587.5693879741385
6.799999999999992 587.5713226828925
6.899999999999991 587.5728317320786
6.999999999999991 587.5739484396855
7.099999999999991 587.5747544753528
7.19999999999999 587.5753465333493
7.29999999999999 587.5757775396731
7.39999999999999 587.5761068154537
7.499999999999989 587.5763564086506
7.599999999999989 587.5765497614944
7.699999999999989 587.5766974755212
7.799999999999988 587.5768102380224
7.899999999999988 587.5768952542491
7.999999999999988 587.5769594024703
8.099999999999987 587.5770074713811
8.199999999999987 587.5770437927283
8.299999999999986 587.5770711424308
8.399999999999986 587.5770919026324
8.499999999999986 587.5771076157851
8.599999999999985 587.5771195392565
8.699999999999985 587.5771285687505
8.799999999999985 587.5771357787704
8.899999999999984 587.5771455598089
8.999999999999984 587.577153996995
9.099999999999984 587.577161090329
9.199999999999983 587.577166839811
9.299999999999983 587.5771712454407
9.399999999999983 587.5771743072182
9.499999999999982 587.5771760251437
9.599999999999982 587.5771763992169
9.699999999999982 587.5771754294381
9.799999999999981 587.577173115807
9.899999999999981 587.5771707582738
9.99999999999998 587.5771718829973
10.09999999999998 587.577172658558
10.19999999999998 587.5771730849559
10.29999999999998 587.577173162191
10.39999999999998 587.5771728902635
10.49999999999998 587.5771722691732
10.59999999999998 587.5771712989201
10.69999999999998 587.5771699795043
10.79999999999998 587.5771683109258
10.89999999999998 587.5771662931845
10.99999999999998 587.5771649899449
11.09999999999998 587.5771643855708
11.19999999999998 587.5771637811966
11.29999999999998 587.5771631768225
11.39999999999998 587.5771625724484
11.49999999999998 587.5771619680743
11.59999999999997 587.5771613637002
11.69999999999997 587.577160759326
11.79999999999997 587.5771601549519
11.89999999999997 587.5771595505778
11.99999999999997 587.5771589462037
12.09999999999997 587.577158660617
12.19999999999997 587.577158641964
12.29999999999997 587.577158623311
12.39999999999997 587.5771586046581
12.49999999999997 587.5771585860051
12.59999999999997 587.5771585673522
12.69999999999997 587.5771585486992
12.79999999999997 587.5771585300463
12.89999999999997 587.5771585113933
12.99999999999997 587.5771584927403
13.09999999999997 587.5771584740874
13.19999999999997 587.5771584554344
13.29999999999997 587.5771584367815
13.39999999999997 587.5771584181285
13.49999999999997 587.5771583994756
13.59999999999997 587.5771583808227
13.69999999999997 587.5771583621696
13.79999999999997 587.5771583435167
13.89999999999997 587.5771583248637
13.99999999999997 587.5771583062108
14.09999999999997 587.5771582875578
14.19999999999997 587.5771582689049
14.29999999999997 587.5771582502518
14.39999999999996 587.5771582315989
14.49999999999996 587.577158212946
14.59999999999996 587.577158194293
14.69999999999996 587.5771581756401
14.79999999999996 587.5771581569871
14.89999999999996 587.5771581383342
14.99999999999996 587.5771581196811
15.09999999999996 587.5771581010282
15.19999999999996 587.5771580823753
15.29999999999996 587.5771580637223
15.39999999999996 587.5771580450694
15.49999999999996 587.5771580264164
15.59999999999996 587.5771580077635
15.69999999999996 587.5771579891104
15.79999999999996 587.5771579704575
15.89999999999996 587.5771579518046
15.99999999999996 587.5771579331516
16.09999999999996 587.5771579144987
16.19999999999996 587.5771578958457
16.29999999999996 587.5771578771928
16.39999999999996 587.5771578585397
16.49999999999996 587.5771578398868
16.59999999999997 587.5771578212339
16.69999999999997 587.5771578025809
16.79999999999997 587.577157783928
16.89999999999997 587.577157765275
16.99999999999997 587.577157746622
17.09999999999997 587.5771577279691
17.19999999999997 587.5771577093161
17.29999999999998 587.5771576906632
17.39999999999998 587.5771576720102
17.49999999999998 587.5771576533573
17.59999999999998 587.5771576347043
17.69999999999998 587.5771576160513
17.79999999999998 587.5771575973984
17.89999999999998 587.5771575787454
17.99999999999999 587.5771575600925
18.09999999999999 587.5771575414395
18.19999999999999 587.5771575227866
18.29999999999999 587.5771575041337
18.39999999999999 587.5771574854806
18.49999999999999 587.5771574668277
18.59999999999999 587.5771574481747
18.7 587.5771574295218
18.8 587.5771574108688
18.9 587.5771573922159
19 587.577157373563
19.1 587.5771573549099
19.2 587.577157336257
19.3 587.577157317604
19.40000000000001 587.5771572989511
19.50000000000001 587.5771572802981
19.60000000000001 587.5771572616452
19.70000000000001 587.5771572429921
19.80000000000001 587.5771572243392
19.90000000000001 587.5771572056863
20.00000000000001 587.5771571870333
20.10000000000002 587.5771571683804
20.20000000000002 587.5771571497274
20.30000000000002 587.5771571310745
20.40000000000002 587.5771571124214
20.50000000000002 587.5771570937685
20.60000000000002 587.5771570751156
20.70000000000002 587.5771570564626
20.80000000000003 587.5771570378097
20.90000000000003 587.5771570191567
21.00000000000003 587.5771570005038
21.10000000000003 587.5771569818507
21.20000000000003 587.5771569631978
21.30000000000003 587.5771569445449
21.40000000000003 587.5771569258919
21.50000000000004 587.577156907239
21.60000000000004 587.577156888586
21.70000000000004 587.577156869933
21.80000000000004 587.5771568512801
21.90000000000004 587.5771568326271
22.00000000000004 587.5771568139742
22.10000000000004 587.5771567953212
22.20000000000005 587.5771567766683
22.30000000000005 587.5771567580153
22.40000000000005 587.5771567393623
22.50000000000005 587.5771567207094
22.60000000000005 587.5771567020564
22.70000000000005 587.5771566834035
22.80000000000005 587.5771566647505
22.90000000000006 587.577156647657
23.00000000000006 587.5771566470811
23.10000000000006 587.5771566465053
23.20000000000006 587.5771566459294
23.30000000000006 587.5771566453536
23.40000000000006 587.5771566447778
23.50000000000006 587.577156644202
23.60000000000007 587.577156643626
23.70000000000007 587.5771566430502
23.80000000000007 587.5771566424744
23.90000000000007 587.5771566418986
24.00000000000007 587.5771566413227
24.10000000000007 587.5771566407468
24.20000000000007 587.577156640171
24.30000000000008 587.5771566395952
24.40000000000008 587.5771566390193
24.50000000000008 587.5771566384435
24.60000000000008 587.5771566378677
24.70000000000008 587.5771566372918
24.80000000000008 587.5771566367159
24.90000000000008 587.5771566361401
25.00000000000009 587.5771566355643
25.10000000000009 587.5771566349885
25.20000000000009 587.5771566344126
25.30000000000009 587.5771566338367
25.40000000000009 587.5771566332609
25.50000000000009 587.577156632685
25.60000000000009 587.5771566321092
25.7000000000001 587.5771566315334
25.8000000000001 587.5771566309576
25.9000000000001 587.5771566303816
26.0000000000001 587.5771566298058
26.1000000000001 587.57715662923
26.2000000000001 587.5771566286542
26.3000000000001 587.5771566280783
26.40000000000011 587.5771566275025
26.50000000000011 587.5771566269266
26.60000000000011 587.5771566263508
26.70000000000011 587.5771566257749
26.80000000000011 587.5771566251991
26.90000000000011 587.5771566246233
27.00000000000011 587.5771566240473
27.10000000000012 587.5771566234715
27.20000000000012 587.5771566228957
27.30000000000012 587.5771566223199
27.40000000000012 587.5771566217441
27.50000000000012 587.5771566211682
27.60000000000012 587.5771566205923
27.70000000000012 587.5771566200165
27.80000000000013 587.5771566194406
27.90000000000013 587.5771566188648
28.00000000000013 587.577156618289
28.10000000000013 587.5771566177132
28.20000000000013 587.5771566171372
28.30000000000013 587.5771566165614
28.40000000000013 587.5771566159856
28.50000000000014 587.5771566154098
28.60000000000014 587.5771566148339
28.70000000000014 587.5771566142581
28.80000000000014 587.5771566136822
28.90000000000014 587.5771566131064
29.00000000000014 587.5771566125305
29.10000000000014 587.5771566119547
29.20000000000014 587.5771566113789
29.30000000000015 587.5771566108031
29.40000000000015 587.5771566102271
29.50000000000015 587.5771566096513
29.60000000000015 587.5771566090755
29.70000000000015 587.5771566084996
29.80000000000015 587.5771566079238
29.90000000000015 587.5771566073479
30.00000000000016 587.5771566067721
30.10000000000016 587.5771566061962
30.20000000000016 587.5771566056204
30.30000000000016 587.5771566050446
30.40000000000016 587.5771566044688
30.50000000000016 587.5771566038928
30.60000000000016 587.577156603317
30.70000000000017 587.5771566027412
30.80000000000017 587.5771566021654
30.90000000000017 587.5771566015895
31.00000000000017 587.5771566010137
31.10000000000017 587.5771566004378
31.20000000000017 587.577156599862
31.30000000000017 587.5771565992861
31.40000000000018 587.5771565987103
31.50000000000018 587.5771565981345
31.60000000000018 587.5771565975587
31.70000000000018 587.5771565969827
31.80000000000018 587.5771565964069
31.90000000000018 587.5771565958311
32.00000000000018 587.5771565952552
32.10000000000019 587.5771565946794
32.20000000000019 587.5771565941036
32.30000000000019 587.5771565935277
32.40000000000019 587.5771565929518
32.50000000000019 587.577156592376
32.60000000000019 587.5771565918002
32.70000000000019 587.5771565912244
32.8000000000002 587.5771565906484
32.9000000000002 587.5771565900726
33.0000000000002 587.5771565894968
33.1000000000002 587.577156588921
33.2000000000002 587.5771565883451
33.3000000000002 587.5771565877693
33.4000000000002 587.5771565871934
33.50000000000021 587.5771565866175
33.60000000000021 587.5771565860417
33.70000000000021 587.5771565854659
33.80000000000021 587.5771565852506
33.90000000000021 587.5771565852488
34.00000000000021 587.5771565852469
34.10000000000021 587.5771565852451
34.20000000000022 587.5771565852433
34.30000000000022 587.5771565852415
34.40000000000022 587.5771565852397
34.50000000000022 587.5771565852377
34.60000000000022 587.5771565852359
34.70000000000022 587.5771565852341
34.80000000000022 587.5771565852323
34.90000000000023 587.5771565852305
35.00000000000023 587.5771565852286
35.10000000000023 587.5771565852268
35.20000000000023 587.577156585225
35.30000000000023 587.5771565852232
35.40000000000023 587.5771565852214
35.50000000000023 587.5771565852195
35.60000000000024 587.5771565852177
35.70000000000024 587.5771565852158
35.80000000000024 587.577156585214
35.90000000000024 587.5771565852122
36.00000000000024 587.5771565852103
36.10000000000024 587.5771565852085
36.20000000000024 587.5771565852067
36.30000000000025 587.5771565852049
36.40000000000025 587.5771565852031
36.50000000000025 587.5771565852012
36.60000000000025 587.5771565851994
36.70000000000025 587.5771565851976
36.80000000000025 587.5771565851957
36.90000000000025 587.5771565851938
37.00000000000026 587.577156585192
37.10000000000026 587.5771565851902
37.20000000000026 587.5771565851884
37.30000000000026 587.5771565851866
37.40000000000026 587.5771565851848
37.50000000000026 587.5771565851829
37.60000000000026 587.5771565851811
37.70000000000027 587.5771565851793
37.80000000000027 587.5771565851775
37.90000000000027 587.5771565851755
38.00000000000027 587.5771565851737
38.10000000000027 587.5771565851719
38.20000000000027 587.5771565851701
38.30000000000027 587.5771565851683
38.40000000000028 587.5771565851664
38.50000000000028 587.5771565851646
38.60000000000028 587.5771565851628
38.70000000000028 587.577156585161
38.80000000000028 587.5771565851592
38.90000000000028 587.5771565851574
39.00000000000028 587.5771565851555
39.10000000000029 587.5771565851536
39.20000000000029 587.5771565851518
39.30000000000029 587.57715658515
39.40000000000029 587.5771565851481
39.50000000000029 587.5771565851463
39.60000000000029 587.5771565851445
39.70000000000029 587.5771565851427
39.8000000000003 587.5771565851409
39.9000000000003 587.5771565851391
40.0000000000003 587.5771565851372
40.1000000000003 587.5771565851354
40.2000000000003 587.5771565851335
40.3000000000003 587.5771565851317
40.4000000000003 587.5771565851298
40.50000000000031 587.577156585128
40.60000000000031 587.5771565851262
40.70000000000031 587.5771565851244
40.80000000000031 587.5771565851226
40.90000000000031 587.5771565851207
41.00000000000031 587.5771565851189
41.10000000000031 587.5771565851171
41.20000000000032 587.5771565851153
41.30000000000032 587.5771565851134
41.40000000000032 587.5771565851115
41.50000000000032 587.5771565851097
41.60000000000032 587.5771565851079
41.70000000000032 587.5771565851061
41.80000000000032 587.5771565851043
41.90000000000033 587.5771565851024
42.00000000000033 587.5771565851006
42.10000000000033 587.5771565850988
42.20000000000033 587.577156585097
42.30000000000033 587.5771565850952
42.40000000000033 587.5771565850933
42.50000000000033 587.5771565850914
42.60000000000034 587.5771565850896
42.70000000000034 587.5771565850878
42.80000000000034 587.577156585086
42.90000000000034 587.5771565850841
43.00000000000034 587.5771565850823
43.10000000000034 587.5771565850805
43.20000000000034 587.5771565850787
43.30000000000035 587.5771565850769
43.40000000000035 587.577156585075
43.50000000000035 587.5771565850732
43.60000000000035 587.5771565850713
43.70000000000035 587.5771565850695
43.80000000000035 587.5771565850677
43.90000000000035 587.5771565850658
44.00000000000036 587.577156585064
44.10000000000036 587.5771565850622
44.20000000000036 587.5771565850604
44.30000000000036 587.5771565850586
44.40000000000036 587.5771565850567
44.50000000000036 587.5771565850549
44.60000000000036 587.5771565850531
44.70000000000037 587.5771565850512
44.80000000000037 587.5771565850494
44.90000000000037 587.5771565850475
45.00000000000037 587.5771565850457
45.10000000000037 587.5771565850439
45.20000000000037 587.5771565850421
45.30000000000037 587.5771565850403
45.40000000000038 587.5771565850384
45.50000000000038 587.5771565850366
45.60000000000038 587.5771565850348
45.70000000000038 587.577156585033
45.80000000000038 587.577156585031
45.90000000000038 587.5771565850292
46.00000000000038 587.5771565850274
46.10000000000039 587.5771565850256
46.20000000000039 587.5771565850238
46.30000000000039 587.577156585022
46.40000000000039 587.5771565850201
46.50000000000039 587.5771565850183
46.60000000000039 587.5771565850165
46.70000000000039 587.5771565850147
46.8000000000004 587.5771565850129
46.9000000000004 587.577156585011
47.0000000000004 587.5771565850091
47.1000000000004 587.5771565850073
47.2000000000004 587.5771565850055
47.3000000000004 587.5771565850036
47.4000000000004 587.5771565850018
47.50000000000041 587.577156585
47.60000000000041 587.5771565849982
47.70000000000041 587.5771565849964
47.80000000000041 587.5771565849946
47.90000000000041 587.5771565849927
48.00000000000041 587.5771565849909
48.10000000000041 587.577156584989
48.20000000000041 587.5771565849872
48.30000000000042 587.5771565849853
48.40000000000042 587.5771565849835
48.50000000000042 587.5771565849817
48.60000000000042 587.5771565849799
48.70000000000042 587.5771565849781
48.80000000000042 587.5771565849763
48.90000000000042 587.5771565849744
49.00000000000043 587.5771565849726
49.10000000000043 587.5771565849708
49.20000000000043 587.5771565849689
49.30000000000043 587.577156584967
49.40000000000043 587.5771565849652
49.50000000000043 587.5771565849634
49.60000000000043 587.5771565849616
49.70000000000044 587.5771565849598
49.80000000000044 587.5771565849579
49.90000000000044 587.5771565849561