Time X1
0 250
0.1 223.2982536440533
0.2 198.9026995877698
0.3 176.7765879921287
0.4 156.9503164184363
0.5 139.4538091737036
0.6 124.2729225079264
0.7 111.3281170552236
0.7999999999999999 100.4731513627812
0.8999999999999999 91.51024268582036
0.9999999999999999 84.21045031266236
1.1 78.33517101698925
1.2 73.65330234839325
1.3 69.95291014120987
1.4 67.04765610135452
1.5 64.77894014988932
1.6 63.01461919721129
1.7 61.647219912439
1.8 60.5901736271525
1.900000000000001 59.77470373553452
2 59.14660088861965
2.100000000000001 58.66339482354385
2.200000000000001 58.29201862300049
2.300000000000001 58.0067938399149
2.400000000000001 57.78785583087256
2.500000000000001 57.6198703532748
2.600000000000001 57.49102197735875
2.700000000000001 57.39221843677067
2.800000000000001 57.31646911802466
2.900000000000001 57.25840913852863
3.000000000000001 57.21389927933107
3.100000000000001 57.17978502475771
3.200000000000002 57.15364381576976
3.300000000000002 57.13361357803852
3.400000000000002 57.11826255484637
3.500000000000002 57.10649978225982
3.600000000000002 57.09748801515329
3.700000000000002 57.09058403524131
3.800000000000002 57.08528893185601
3.900000000000002 57.08123312588811
4.000000000000002 57.07812725354878
4.100000000000001 57.07575046794186
4.200000000000001 57.07392710838083
4.300000000000001 57.07253179242776
4.4 57.07146388829246
4.5 57.07064632515479
4.6 57.0700209566611
4.699999999999999 57.06953743152992
4.799999999999999 57.06916591023403
4.899999999999999 57.06887316887577
4.999999999999998 57.06866211600969
5.099999999999998 57.06849330310241
5.199999999999998 57.06836265489786
5.299999999999997 57.06826713401132
5.399999999999997 57.06819394808914
5.499999999999996 57.06814060140754
5.599999999999996 57.06809902238138
5.699999999999996 57.06806720527116
5.799999999999995 57.06804208792239
5.899999999999995 57.0680224327542
5.999999999999995 57.06800701951882
6.099999999999994 57.06799500150126
6.199999999999994 57.0679857769417
6.299999999999994 57.06797858253217
6.399999999999993 57.06797314699664
6.499999999999993 57.06796887548033
6.599999999999993 57.06796564997678
6.699999999999992 57.06796310174949
6.799999999999992 57.06796116566569
6.899999999999991 57.06795963785268
6.999999999999991 57.06795847171834
7.099999999999991 57.06795755730628
7.19999999999999 57.06795678966616
7.29999999999999 57.06795578690537
7.39999999999999 57.0679549155411
7.499999999999989 57.06795417557337
7.599999999999989 57.06795356700216
7.699999999999989 57.06795308982747
7.799999999999988 57.06795274404931
7.899999999999988 57.06795252966768
7.999999999999988 57.06795244668257
8.099999999999987 57.06795249509398
8.199999999999987 57.06795267490193
8.299999999999986 57.0679529861064
8.399999999999986 57.06795288290355
8.499999999999986 57.06795278175448
8.599999999999985 57.06795271610626
8.699999999999985 57.06795268595886
8.799999999999985 57.06795269131231
8.899999999999984 57.06795273216659
8.999999999999984 57.0679528085217
9.099999999999984 57.06795292037766
9.199999999999983 57.06795306773445
9.299999999999983 57.06795325059208
9.399999999999983 57.06795346895054
9.499999999999982 57.0679535081274
9.599999999999982 57.06795357473971
9.699999999999982 57.06795364135203
9.799999999999981 57.06795370796436
9.899999999999981 57.06795377457668
9.99999999999998 57.067953841189
10.09999999999998 57.06795390780132
10.19999999999998 57.06795397441364
10.29999999999998 57.06795404102596
10.39999999999998 57.06795410763829
10.49999999999998 57.06795417425061
10.59999999999998 57.0679542070061
10.69999999999998 57.06795420916562
10.79999999999998 57.06795421132514
10.89999999999998 57.06795421348467
10.99999999999998 57.06795421564419
11.09999999999998 57.06795421780372
11.19999999999998 57.06795421996325
11.29999999999998 57.06795422212277
11.39999999999998 57.0679542242823
11.49999999999998 57.06795422644182
11.59999999999997 57.06795422860134
11.69999999999997 57.06795423076088
11.79999999999997 57.0679542329204
11.89999999999997 57.06795423507992
11.99999999999997 57.06795423723945
12.09999999999997 57.06795423939897
12.19999999999997 57.0679542415585
12.29999999999997 57.06795424371803
12.39999999999997 57.06795424587755
12.49999999999997 57.06795424803708
12.59999999999997 57.0679542501966
12.69999999999997 57.06795425235613
12.79999999999997 57.06795425451566
12.89999999999997 57.06795425667518
12.99999999999997 57.0679542588347
13.09999999999997 57.06795426099423
13.19999999999997 57.06795426315375
13.29999999999997 57.06795426531328
13.39999999999997 57.06795426747281
13.49999999999997 57.06795426963233
13.59999999999997 57.06795427179186
13.69999999999997 57.06795427395138
13.79999999999997 57.06795427611091
13.89999999999997 57.06795427827043
13.99999999999997 57.06795428042996
14.09999999999997 57.06795428258948
14.19999999999997 57.06795428474901
14.29999999999997 57.06795428690853
14.39999999999996 57.06795428906806
14.49999999999996 57.06795429122759
14.59999999999996 57.06795429338711
14.69999999999996 57.06795429554663
14.79999999999996 57.06795429770616
14.89999999999996 57.06795429986569
14.99999999999996 57.06795430202521
15.09999999999996 57.06795430418474
15.19999999999996 57.06795430634426
15.29999999999996 57.06795430850379
15.39999999999996 57.06795431066332
15.49999999999996 57.06795431282284
15.59999999999996 57.06795431498237
15.69999999999996 57.06795431714189
15.79999999999996 57.06795431930141
15.89999999999996 57.06795432146094
15.99999999999996 57.06795432362047
16.09999999999996 57.06795432577999
16.19999999999996 57.06795432793952
16.29999999999996 57.06795433009904
16.39999999999996 57.06795433225857
16.49999999999996 57.0679543344181
16.59999999999997 57.06795433657762
16.69999999999997 57.06795433873715
16.79999999999997 57.06795434089667
16.89999999999997 57.06795434305619
16.99999999999997 57.06795434521572
17.09999999999997 57.06795434737525
17.19999999999997 57.06795434953477
17.29999999999998 57.0679543516943
17.39999999999998 57.06795435385382
17.49999999999998 57.06795435601335
17.59999999999998 57.06795435817288
17.69999999999998 57.0679543603324
17.79999999999998 57.06795436249192
17.89999999999998 57.06795436465145
17.99999999999999 57.06795436681097
18.09999999999999 57.0679543689705
18.19999999999999 57.06795437113003
18.29999999999999 57.06795437328955
18.39999999999999 57.06795437544908
18.49999999999999 57.0679543776086
18.59999999999999 57.06795437976812
18.7 57.06795438192766
18.8 57.06795438408718
18.9 57.0679543862467
19 57.06795438840623
19.1 57.06795439056575
19.2 57.06795439272528
19.3 57.06795439488481
19.40000000000001 57.06795439704433
19.50000000000001 57.06795439920386
19.60000000000001 57.06795440136338
19.70000000000001 57.0679544035229
19.80000000000001 57.06795440568244
19.90000000000001 57.06795440784196
20.00000000000001 57.06795441000148
20.10000000000002 57.06795441216101
20.20000000000002 57.06795441432053
20.30000000000002 57.06795441648006
20.40000000000002 57.06795441863959
20.50000000000002 57.06795442079911
20.60000000000002 57.06795442295864
20.70000000000002 57.06795442511816
20.80000000000003 57.06795442727768
20.90000000000003 57.06795442943721
21.00000000000003 57.06795443159674
21.10000000000003 57.06795443375626
21.20000000000003 57.06795443591579
21.30000000000003 57.06795443807531
21.40000000000003 57.06795444023484
21.50000000000004 57.06795444239437
21.60000000000004 57.06795444455389
21.70000000000004 57.06795444671341
21.80000000000004 57.06795444790179
21.90000000000004 57.0679544479718
22.00000000000004 57.06795444804182
22.10000000000004 57.06795444811183
22.20000000000005 57.06795444818184
22.30000000000005 57.06795444825185
22.40000000000005 57.06795444832186
22.50000000000005 57.06795444839187
22.60000000000005 57.06795444846188
22.70000000000005 57.06795444853189
22.80000000000005 57.0679544486019
22.90000000000006 57.06795444867192
23.00000000000006 57.06795444874193
23.10000000000006 57.06795444881194
23.20000000000006 57.06795444888195
23.30000000000006 57.06795444895196
23.40000000000006 57.06795444902198
23.50000000000006 57.06795444909199
23.60000000000007 57.067954449162
23.70000000000007 57.067954449232
23.80000000000007 57.06795444930202
23.90000000000007 57.06795444937203
24.00000000000007 57.06795444944204
24.10000000000007 57.06795444951205
24.20000000000007 57.06795444958206
24.30000000000008 57.06795444965208
24.40000000000008 57.06795444972209
24.50000000000008 57.0679544497921
24.60000000000008 57.06795444986211
24.70000000000008 57.06795444993212
24.80000000000008 57.06795445000213
24.90000000000008 57.06795445007214
25.00000000000009 57.06795445014215
25.10000000000009 57.06795445021216
25.20000000000009 57.06795445028218
25.30000000000009 57.06795445035219
25.40000000000009 57.0679544504222
25.50000000000009 57.06795445049221
25.60000000000009 57.06795445056222
25.7000000000001 57.06795445063224
25.8000000000001 57.06795445070225
25.9000000000001 57.06795445077226
26.0000000000001 57.06795445084227
26.1000000000001 57.06795445091227
26.2000000000001 57.06795445098229
26.3000000000001 57.0679544510523
26.40000000000011 57.06795445112231
26.50000000000011 57.06795445119232
26.60000000000011 57.06795445126234
26.70000000000011 57.06795445133235
26.80000000000011 57.06795445140236
26.90000000000011 57.06795445147237
27.00000000000011 57.06795445154238
27.10000000000012 57.06795445161239
27.20000000000012 57.0679544516824
27.30000000000012 57.06795445175241
27.40000000000012 57.06795445182242
27.50000000000012 57.06795445189243
27.60000000000012 57.06795445196245
27.70000000000012 57.06795445203246
27.80000000000013 57.06795445210247
27.90000000000013 57.06795445217248
28.00000000000013 57.0679544522425
28.10000000000013 57.06795445231251
28.20000000000013 57.06795445238252
28.30000000000013 57.06795445245253
28.40000000000013 57.06795445252254
28.50000000000014 57.06795445259255
28.60000000000014 57.06795445266256
28.70000000000014 57.06795445273257
28.80000000000014 57.06795445280258
28.90000000000014 57.06795445287259
29.00000000000014 57.06795445294261
29.10000000000014 57.06795445301262
29.20000000000014 57.06795445308263
29.30000000000015 57.06795445315264
29.40000000000015 57.06795445322265
29.50000000000015 57.06795445329266
29.60000000000015 57.06795445336267
29.70000000000015 57.06795445343268
29.80000000000015 57.06795445350269
29.90000000000015 57.06795445357271
30.00000000000016 57.06795445364272
30.10000000000016 57.06795445371273
30.20000000000016 57.06795445378274
30.30000000000016 57.06795445385275
30.40000000000016 57.06795445392277
30.50000000000016 57.06795445399278
30.60000000000016 57.06795445406279
30.70000000000017 57.0679544541328
30.80000000000017 57.06795445420281
30.90000000000017 57.06795445427282
31.00000000000017 57.06795445434283
31.10000000000017 57.06795445441284
31.20000000000017 57.06795445448285
31.30000000000017 57.06795445455287
31.40000000000018 57.06795445462288
31.50000000000018 57.06795445469289
31.60000000000018 57.0679544547629
31.70000000000018 57.06795445483291
31.80000000000018 57.06795445490292
31.90000000000018 57.06795445497293
32.00000000000018 57.06795445504294
32.10000000000019 57.06795445511295
32.20000000000019 57.06795445518296
32.30000000000019 57.06795445525298
32.40000000000019 57.06795445532299
32.50000000000019 57.067954455393
32.60000000000019 57.06795445546301
32.70000000000019 57.06795445553303
32.8000000000002 57.06795445560304
32.9000000000002 57.06795445567305
33.0000000000002 57.06795445571485
33.1000000000002 57.06795445571508
33.2000000000002 57.06795445571532
33.3000000000002 57.06795445571555
33.4000000000002 57.06795445571579
33.50000000000021 57.06795445571602
33.60000000000021 57.06795445571625
33.70000000000021 57.06795445571649
33.80000000000021 57.06795445571672
33.90000000000021 57.06795445571695
34.00000000000021 57.06795445571719
34.10000000000021 57.06795445571742
34.20000000000022 57.06795445571765
34.30000000000022 57.06795445571789
34.40000000000022 57.06795445571812
34.50000000000022 57.06795445571836
34.60000000000022 57.06795445571859
34.70000000000022 57.06795445571883
34.80000000000022 57.06795445571906
34.90000000000023 57.06795445571929
35.00000000000023 57.06795445571952
35.10000000000023 57.06795445571976
35.20000000000023 57.06795445571999
35.30000000000023 57.06795445572023
35.40000000000023 57.06795445572046
35.50000000000023 57.0679544557207
35.60000000000024 57.06795445572093
35.70000000000024 57.06795445572116
35.80000000000024 57.0679544557214
35.90000000000024 57.06795445572163
36.00000000000024 57.06795445572186
36.10000000000024 57.0679544557221
36.20000000000024 57.06795445572233
36.30000000000025 57.06795445572256
36.40000000000025 57.0679544557228
36.50000000000025 57.06795445572303
36.60000000000025 57.06795445572327
36.70000000000025 57.0679544557235
36.80000000000025 57.06795445572374
36.90000000000025 57.06795445572397
37.00000000000026 57.0679544557242
37.10000000000026 57.06795445572443
37.20000000000026 57.06795445572467
37.30000000000026 57.0679544557249
37.40000000000026 57.06795445572514
37.50000000000026 57.06795445572537
37.60000000000026 57.06795445572561
37.70000000000027 57.06795445572584
37.80000000000027 57.06795445572607
37.90000000000027 57.06795445572631
38.00000000000027 57.06795445572654
38.10000000000027 57.06795445572677
38.20000000000027 57.067954455727
38.30000000000027 57.06795445572724
38.40000000000028 57.06795445572747
38.50000000000028 57.06795445572771
38.60000000000028 57.06795445572794
38.70000000000028 57.06795445572818
38.80000000000028 57.06795445572841
38.90000000000028 57.06795445572865
39.00000000000028 57.06795445572887
39.10000000000029 57.06795445572911
39.20000000000029 57.06795445572934
39.30000000000029 57.06795445572958
39.40000000000029 57.06795445572981
39.50000000000029 57.06795445573005
39.60000000000029 57.06795445573028
39.70000000000029 57.06795445573051
39.8000000000003 57.06795445573075
39.9000000000003 57.06795445573098
40.0000000000003 57.06795445573122
40.1000000000003 57.06795445573145
40.2000000000003 57.06795445573168
40.3000000000003 57.06795445573191
40.4000000000003 57.06795445573215
40.50000000000031 57.06795445573238
40.60000000000031 57.06795445573262
40.70000000000031 57.06795445573285
40.80000000000031 57.06795445573309
40.90000000000031 57.06795445573332
41.00000000000031 57.06795445573356
41.10000000000031 57.06795445573378
41.20000000000032 57.06795445573402
41.30000000000032 57.06795445573425
41.40000000000032 57.06795445573449
41.50000000000032 57.06795445573472
41.60000000000032 57.06795445573496
41.70000000000032 57.06795445573519
41.80000000000032 57.06795445573542
41.90000000000033 57.06795445573566
42.00000000000033 57.06795445573589
42.10000000000033 57.06795445573612
42.20000000000033 57.06795445573636
42.30000000000033 57.06795445573659
42.40000000000033 57.06795445573682
42.50000000000033 57.06795445573706
42.60000000000034 57.06795445573729
42.70000000000034 57.06795445573753
42.80000000000034 57.06795445573776
42.90000000000034 57.067954455738
43.00000000000034 57.06795445573823
43.10000000000034 57.06795445573846
43.20000000000034 57.06795445573869
43.30000000000035 57.06795445573893
43.40000000000035 57.06795445573916
43.50000000000035 57.0679544557394
43.60000000000035 57.06795445573963
43.70000000000035 57.06795445573987
43.80000000000035 57.0679544557401
43.90000000000035 57.06795445574033
44.00000000000036 57.06795445574057
44.10000000000036 57.0679544557408
44.20000000000036 57.06795445574103
44.30000000000036 57.06795445574127
44.40000000000036 57.0679544557415
44.50000000000036 57.06795445574173
44.60000000000036 57.06795445574197
44.70000000000037 57.0679544557422
44.80000000000037 57.06795445574244
44.90000000000037 57.06795445574267
45.00000000000037 57.06795445574291
45.10000000000037 57.06795445574314
45.20000000000037 57.06795445574337
45.30000000000037 57.0679544557436
45.40000000000038 57.06795445574384
45.50000000000038 57.06795445574407
45.60000000000038 57.06795445574431
45.70000000000038 57.06795445574454
45.80000000000038 57.06795445574478
45.90000000000038 57.06795445574501
46.00000000000038 57.06795445574524
46.10000000000039 57.06795445574548
46.20000000000039 57.06795445574571
46.30000000000039 57.06795445574594
46.40000000000039 57.06795445574618
46.50000000000039 57.06795445574641
46.60000000000039 57.06795445574664
46.70000000000039 57.06795445574688
46.8000000000004 57.06795445574711
46.9000000000004 57.06795445574735
47.0000000000004 57.06795445574758
47.1000000000004 57.06795445574782
47.2000000000004 57.06795445574805
47.3000000000004 57.06795445574828
47.4000000000004 57.06795445574851
47.50000000000041 57.06795445574875
47.60000000000041 57.06795445574898
47.70000000000041 57.06795445574922
47.80000000000041 57.06795445574945
47.90000000000041 57.06795445574969
48.00000000000041 57.06795445574992
48.10000000000041 57.06795445575015
48.20000000000041 57.06795445575039
48.30000000000042 57.06795445575062
48.40000000000042 57.06795445575085
48.50000000000042 57.06795445575109
48.60000000000042 57.06795445575132
48.70000000000042 57.06795445575155
48.80000000000042 57.06795445575179
48.90000000000042 57.06795445575202
49.00000000000043 57.06795445575226
49.10000000000043 57.06795445575249
49.20000000000043 57.06795445575273
49.30000000000043 57.06795445575295
49.40000000000043 57.06795445575319
49.50000000000043 57.06795445575342
49.60000000000043 57.06795445575366
49.70000000000044 57.06795445575389
49.80000000000044 57.06795445575413
49.90000000000044 57.06795445575436