Time X1
0 250
0.1 252.987600780896
0.2 256.3305919610415
0.3 260.0792828044716
0.4 264.2910473441337
0.5 269.0329759069986
0.6 274.3835223089203
0.7 280.4340401093564
0.7999999999999999 287.2905203286138
0.8999999999999999 295.0756321130255
0.9999999999999999 303.9298241608915
1.1 314.0116859712349
1.2 325.4959975015268
1.3 338.5683328805993
1.4 353.4112026428197
1.5 370.1831620871936
1.6 388.982908229795
1.7 409.7982056310849
1.8 432.443070683932
1.900000000000001 456.4959188937568
2 481.2700819809299
2.100000000000001 505.8487415681144
2.200000000000001 529.207924224254
2.300000000000001 550.4056426812455
2.400000000000001 568.7674006903047
2.500000000000001 583.9899255481278
2.600000000000001 596.1266746794352
2.700000000000001 605.4902587083935
2.800000000000001 612.525704286015
2.900000000000001 617.704610868841
3.000000000000001 621.4580518993832
3.100000000000001 624.1476271925528
3.200000000000002 626.0589746351217
3.300000000000002 627.4092710472787
3.400000000000002 628.3592147454592
3.500000000000002 629.0254773260515
3.600000000000002 629.491839524822
3.700000000000002 629.8177946586489
3.800000000000002 630.0453643370491
3.900000000000002 630.2041410291519
4.000000000000002 630.3148594548517
4.100000000000001 630.3920426658013
4.200000000000001 630.4458209718848
4.300000000000001 630.4832892443554
4.4 630.5094394973888
4.5 630.5276334403468
4.6 630.5402756692024
4.699999999999999 630.5491084117095
4.799999999999999 630.5552229614162
4.899999999999999 630.5594949911907
4.999999999999998 630.562461819995
5.099999999999998 630.5645271012229
5.199999999999998 630.5660019428339
5.299999999999997 630.5670697193492
5.399999999999997 630.5677520286408
5.499999999999996 630.5682520429814
5.599999999999996 630.568590147031
5.699999999999996 630.5688185062247
5.799999999999995 630.5689699717132
5.899999999999995 630.5690780501237
5.999999999999995 630.5691553330355
6.099999999999994 630.5692108771643
6.199999999999994 630.5692509404031
6.299999999999994 630.5692789115402
6.399999999999993 630.5692985116275
6.499999999999993 630.5693123777568
6.599999999999993 630.5693219890837
6.699999999999992 630.5693292498495
6.799999999999992 630.5693389895896
6.899999999999991 630.5693471248917
6.999999999999991 630.5693536557559
7.099999999999991 630.5693585821822
7.19999999999999 630.5693619041705
7.29999999999999 630.5693636217208
7.39999999999999 630.5693637348332
7.499999999999989 630.5693622435077
7.599999999999989 630.5693591477442
7.699999999999989 630.5693583954388
7.799999999999988 630.5693592019229
7.899999999999988 630.5693596166178
7.999999999999988 630.5693596395236
8.099999999999987 630.5693592706401
8.199999999999987 630.5693585099675
8.299999999999986 630.5693573575059
8.399999999999986 630.569355813255
8.499999999999986 630.569353877215
8.599999999999985 630.569351786851
8.699999999999985 630.569351247362
8.799999999999985 630.569350707873
8.899999999999984 630.5693501683841
8.999999999999984 630.569349628895
9.099999999999984 630.569349089406
9.199999999999983 630.569348549917
9.299999999999983 630.569348010428
9.399999999999983 630.569347470939
9.499999999999982 630.56934693145
9.599999999999982 630.5693467968395
9.699999999999982 630.5693467814818
9.799999999999981 630.5693467661242
9.899999999999981 630.5693467507666
9.99999999999998 630.569346735409
10.09999999999998 630.5693467200514
10.19999999999998 630.5693467046938
10.29999999999998 630.569346689336
10.39999999999998 630.5693466739784
10.49999999999998 630.5693466586208
10.59999999999998 630.5693466432632
10.69999999999998 630.5693466279056
10.79999999999998 630.569346612548
10.89999999999998 630.5693465971902
10.99999999999998 630.5693465818326
11.09999999999998 630.569346566475
11.19999999999998 630.5693465511174
11.29999999999998 630.5693465357598
11.39999999999998 630.5693465204022
11.49999999999998 630.5693465050446
11.59999999999997 630.5693464896868
11.69999999999997 630.5693464743292
11.79999999999997 630.5693464589716
11.89999999999997 630.569346443614
11.99999999999997 630.5693464282564
12.09999999999997 630.5693464128988
12.19999999999997 630.569346397541
12.29999999999997 630.5693463821834
12.39999999999997 630.5693463668258
12.49999999999997 630.5693463514682
12.59999999999997 630.5693463361106
12.69999999999997 630.569346320753
12.79999999999997 630.5693463053954
12.89999999999997 630.5693462900376
12.99999999999997 630.56934627468
13.09999999999997 630.5693462593224
13.19999999999997 630.5693462439648
13.29999999999997 630.5693462286072
13.39999999999997 630.5693462132496
13.49999999999997 630.5693461978918
13.59999999999997 630.5693461825342
13.69999999999997 630.5693461671766
13.79999999999997 630.569346151819
13.89999999999997 630.5693461364614
13.99999999999997 630.5693461211038
14.09999999999997 630.5693461057461
14.19999999999997 630.5693460903884
14.29999999999997 630.5693460750308
14.39999999999996 630.5693460596732
14.49999999999996 630.5693460443156
14.59999999999996 630.569346028958
14.69999999999996 630.5693460136004
14.79999999999996 630.5693459982426
14.89999999999996 630.569345982885
14.99999999999996 630.5693459675274
15.09999999999996 630.5693459521698
15.19999999999996 630.5693459368122
15.29999999999996 630.5693459214546
15.39999999999996 630.5693459060969
15.49999999999996 630.5693458907392
15.59999999999996 630.5693458753816
15.69999999999996 630.569345860024
15.79999999999996 630.5693458446664
15.89999999999996 630.5693458293088
15.99999999999996 630.5693458139511
16.09999999999996 630.5693457985934
16.19999999999996 630.5693457832358
16.29999999999996 630.5693457678782
16.39999999999996 630.5693457525206
16.49999999999996 630.569345737163
16.59999999999997 630.5693457218053
16.69999999999997 630.5693457064477
16.79999999999997 630.56934569109
16.89999999999997 630.5693456757324
16.99999999999997 630.5693456603748
17.09999999999997 630.5693456450172
17.19999999999997 630.5693456296596
17.29999999999998 630.5693456143019
17.39999999999998 630.5693455989442
17.49999999999998 630.5693455835866
17.59999999999998 630.569345568229
17.69999999999998 630.5693455528714
17.79999999999998 630.5693455375138
17.89999999999998 630.5693455221561
17.99999999999999 630.5693455067985
18.09999999999999 630.5693454914408
18.19999999999999 630.5693454760832
18.29999999999999 630.5693454607256
18.39999999999999 630.569345445368
18.49999999999999 630.5693454300103
18.59999999999999 630.5693454146527
18.7 630.569345399295
18.8 630.5693453839374
18.9 630.5693453685798
19 630.569345359278
19.1 630.5693453588408
19.2 630.5693453584034
19.3 630.5693453579662
19.40000000000001 630.569345357529
19.50000000000001 630.5693453570917
19.60000000000001 630.5693453566545
19.70000000000001 630.5693453562171
19.80000000000001 630.5693453557799
19.90000000000001 630.5693453553426
20.00000000000001 630.5693453549054
20.10000000000002 630.5693453544682
20.20000000000002 630.5693453540309
20.30000000000002 630.5693453535936
20.40000000000002 630.5693453531563
20.50000000000002 630.5693453527191
20.60000000000002 630.5693453522819
20.70000000000002 630.5693453518446
20.80000000000003 630.5693453514073
20.90000000000003 630.56934535097
21.00000000000003 630.5693453505328
21.10000000000003 630.5693453500955
21.20000000000003 630.5693453496583
21.30000000000003 630.569345349221
21.40000000000003 630.5693453487837
21.50000000000004 630.5693453483465
21.60000000000004 630.5693453479092
21.70000000000004 630.569345347472
21.80000000000004 630.5693453470346
21.90000000000004 630.5693453465974
22.00000000000004 630.5693453461602
22.10000000000004 630.5693453457229
22.20000000000005 630.5693453452857
22.30000000000005 630.5693453448484
22.40000000000005 630.5693453444111
22.50000000000005 630.5693453439739
22.60000000000005 630.5693453435366
22.70000000000005 630.5693453430994
22.80000000000005 630.5693453426621
22.90000000000006 630.5693453422248
23.00000000000006 630.5693453417875
23.10000000000006 630.5693453413503
23.20000000000006 630.5693453409131
23.30000000000006 630.5693453404758
23.40000000000006 630.5693453400385
23.50000000000006 630.5693453396012
23.60000000000007 630.569345339164
23.70000000000007 630.5693453387267
23.80000000000007 630.5693453382895
23.90000000000007 630.5693453378522
24.00000000000007 630.5693453374149
24.10000000000007 630.5693453369777
24.20000000000007 630.5693453365404
24.30000000000008 630.5693453361032
24.40000000000008 630.569345335666
24.50000000000008 630.5693453352286
24.60000000000008 630.5693453347914
24.70000000000008 630.5693453343541
24.80000000000008 630.5693453339169
24.90000000000008 630.5693453334796
25.00000000000009 630.5693453330423
25.10000000000009 630.5693453326051
25.20000000000009 630.5693453321678
25.30000000000009 630.5693453317306
25.40000000000009 630.5693453312933
25.50000000000009 630.569345330856
25.60000000000009 630.5693453304187
25.7000000000001 630.5693453299815
25.8000000000001 630.5693453295443
25.9000000000001 630.569345329107
26.0000000000001 630.5693453286697
26.1000000000001 630.5693453282324
26.2000000000001 630.5693453277952
26.3000000000001 630.569345327358
26.40000000000011 630.5693453269207
26.50000000000011 630.5693453264835
26.60000000000011 630.5693453260461
26.70000000000011 630.5693453256089
26.80000000000011 630.5693453251716
26.90000000000011 630.5693453247344
27.00000000000011 630.5693453242972
27.10000000000012 630.5693453238598
27.20000000000012 630.5693453234226
27.30000000000012 630.5693453229853
27.40000000000012 630.5693453225481
27.50000000000012 630.5693453221108
27.60000000000012 630.5693453216735
27.70000000000012 630.5693453212363
27.80000000000013 630.569345320799
27.90000000000013 630.5693453203618
28.00000000000013 630.5693453199245
28.10000000000013 630.5693453194872
28.20000000000013 630.5693453190499
28.30000000000013 630.5693453186127
28.40000000000013 630.5693453181926
28.50000000000014 630.5693453181913
28.60000000000014 630.56934531819
28.70000000000014 630.5693453181888
28.80000000000014 630.5693453181875
28.90000000000014 630.5693453181862
29.00000000000014 630.5693453181849
29.10000000000014 630.5693453181837
29.20000000000014 630.5693453181824
29.30000000000015 630.569345318181
29.40000000000015 630.5693453181798
29.50000000000015 630.5693453181785
29.60000000000015 630.5693453181773
29.70000000000015 630.569345318176
29.80000000000015 630.5693453181747
29.90000000000015 630.5693453181734
30.00000000000016 630.5693453181722
30.10000000000016 630.5693453181709
30.20000000000016 630.5693453181696
30.30000000000016 630.5693453181683
30.40000000000016 630.5693453181671
30.50000000000016 630.5693453181658
30.60000000000016 630.5693453181644
30.70000000000017 630.5693453181632
30.80000000000017 630.5693453181619
30.90000000000017 630.5693453181607
31.00000000000017 630.5693453181593
31.10000000000017 630.5693453181581
31.20000000000017 630.5693453181568
31.30000000000017 630.5693453181556
31.40000000000018 630.5693453181542
31.50000000000018 630.569345318153
31.60000000000018 630.5693453181517
31.70000000000018 630.5693453181505
31.80000000000018 630.5693453181491
31.90000000000018 630.5693453181478
32.00000000000018 630.5693453181466
32.10000000000019 630.5693453181453
32.20000000000019 630.569345318144
32.30000000000019 630.5693453181427
32.40000000000019 630.5693453181415
32.50000000000019 630.5693453181402
32.60000000000019 630.569345318139
32.70000000000019 630.5693453181376
32.8000000000002 630.5693453181364
32.9000000000002 630.5693453181351
33.0000000000002 630.5693453181339
33.1000000000002 630.5693453181325
33.2000000000002 630.5693453181312
33.3000000000002 630.56934531813
33.4000000000002 630.5693453181287
33.50000000000021 630.5693453181274
33.60000000000021 630.5693453181261
33.70000000000021 630.5693453181249
33.80000000000021 630.5693453181236
33.90000000000021 630.5693453181223
34.00000000000021 630.569345318121
34.10000000000021 630.5693453181198
34.20000000000022 630.5693453181185
34.30000000000022 630.5693453181171
34.40000000000022 630.5693453181159
34.50000000000022 630.5693453181146
34.60000000000022 630.5693453181134
34.70000000000022 630.569345318112
34.80000000000022 630.5693453181108
34.90000000000023 630.5693453181095
35.00000000000023 630.5693453181083
35.10000000000023 630.5693453181069
35.20000000000023 630.5693453181057
35.30000000000023 630.5693453181044
35.40000000000023 630.5693453181032
35.50000000000023 630.5693453181019
35.60000000000024 630.5693453181005
35.70000000000024 630.5693453180993
35.80000000000024 630.569345318098
35.90000000000024 630.5693453180968
36.00000000000024 630.5693453180954
36.10000000000024 630.5693453180942
36.20000000000024 630.5693453180929
36.30000000000025 630.5693453180917
36.40000000000025 630.5693453180903
36.50000000000025 630.5693453180891
36.60000000000025 630.5693453180878
36.70000000000025 630.5693453180866
36.80000000000025 630.5693453180852
36.90000000000025 630.5693453180839
37.00000000000026 630.5693453180827
37.10000000000026 630.5693453180814
37.20000000000026 630.5693453180801
37.30000000000026 630.5693453180788
37.40000000000026 630.5693453180776
37.50000000000026 630.5693453180763
37.60000000000026 630.569345318075
37.70000000000027 630.5693453180737
37.80000000000027 630.5693453180725
37.90000000000027 630.5693453180712
38.00000000000027 630.5693453180698
38.10000000000027 630.5693453180686
38.20000000000027 630.5693453180673
38.30000000000027 630.5693453180661
38.40000000000028 630.5693453180648
38.50000000000028 630.5693453180635
38.60000000000028 630.5693453180622
38.70000000000028 630.569345318061
38.80000000000028 630.5693453180597
38.90000000000028 630.5693453180584
39.00000000000028 630.5693453180571
39.10000000000029 630.5693453180559
39.20000000000029 630.5693453180546
39.30000000000029 630.5693453180533
39.40000000000029 630.569345318052
39.50000000000029 630.5693453180508
39.60000000000029 630.5693453180495
39.70000000000029 630.5693453180481
39.8000000000003 630.5693453180469
39.9000000000003 630.5693453180456
40.0000000000003 630.5693453180444
40.1000000000003 630.569345318043
40.2000000000003 630.5693453180418
40.3000000000003 630.5693453180405
40.4000000000003 630.5693453180393
40.50000000000031 630.5693453180379
40.60000000000031 630.5693453180367
40.70000000000031 630.5693453180354
40.80000000000031 630.5693453180342
40.90000000000031 630.5693453180328
41.00000000000031 630.5693453180315
41.10000000000031 630.5693453180303
41.20000000000032 630.569345318029
41.30000000000032 630.5693453180278
41.40000000000032 630.5693453180264
41.50000000000032 630.5693453180252
41.60000000000032 630.5693453180239
41.70000000000032 630.5693453180227
41.80000000000032 630.5693453180213
41.90000000000033 630.5693453180201
42.00000000000033 630.5693453180188
42.10000000000033 630.5693453180176
42.20000000000033 630.5693453180162
42.30000000000033 630.5693453180149
42.40000000000033 630.5693453180137
42.50000000000033 630.5693453180124
42.60000000000034 630.5693453180111
42.70000000000034 630.5693453180098
42.80000000000034 630.5693453180086
42.90000000000034 630.5693453180073
43.00000000000034 630.569345318006
43.10000000000034 630.5693453180047
43.20000000000034 630.5693453180035
43.30000000000035 630.5693453180022
43.40000000000035 630.5693453180008
43.50000000000035 630.5693453179996
43.60000000000035 630.5693453179983
43.70000000000035 630.5693453179971
43.80000000000035 630.5693453179957
43.90000000000035 630.5693453179945
44.00000000000036 630.5693453179932
44.10000000000036 630.569345317992
44.20000000000036 630.5693453179907
44.30000000000036 630.5693453179894
44.40000000000036 630.5693453179881
44.50000000000036 630.5693453179869
44.60000000000036 630.5693453179856
44.70000000000037 630.5693453179842
44.80000000000037 630.569345317983
44.90000000000037 630.5693453179817
45.00000000000037 630.5693453179805
45.10000000000037 630.5693453179791
45.20000000000037 630.5693453179779
45.30000000000037 630.5693453179766
45.40000000000038 630.5693453179754
45.50000000000038 630.569345317974
45.60000000000038 630.5693453179728
45.70000000000038 630.5693453179715
45.80000000000038 630.5693453179703
45.90000000000038 630.5693453179689
46.00000000000038 630.5693453179676
46.10000000000039 630.5693453179664
46.20000000000039 630.5693453179651
46.30000000000039 630.5693453179638
46.40000000000039 630.5693453179625
46.50000000000039 630.5693453179613
46.60000000000039 630.56934531796
46.70000000000039 630.5693453179587
46.8000000000004 630.5693453179574
46.9000000000004 630.5693453179562
47.0000000000004 630.5693453179549
47.1000000000004 630.5693453179537
47.2000000000004 630.5693453179523
47.3000000000004 630.569345317951
47.4000000000004 630.5693453179498
47.50000000000041 630.5693453179485
47.60000000000041 630.5693453179472
47.70000000000041 630.5693453179459
47.80000000000041 630.5693453179447
47.90000000000041 630.5693453179434
48.00000000000041 630.5693453179421
48.10000000000041 630.5693453179408
48.20000000000041 630.5693453179396
48.30000000000042 630.5693453179383
48.40000000000042 630.5693453179369
48.50000000000042 630.5693453179357
48.60000000000042 630.5693453179344
48.70000000000042 630.5693453179332
48.80000000000042 630.5693453179318
48.90000000000042 630.5693453179306
49.00000000000043 630.5693453179293
49.10000000000043 630.5693453179281
49.20000000000043 630.5693453179267
49.30000000000043 630.5693453179255
49.40000000000043 630.5693453179242
49.50000000000043 630.569345317923
49.60000000000043 630.5693453179216
49.70000000000044 630.5693453179204
49.80000000000044 630.5693453179191
49.90000000000044 630.5693453179179