Time X1
0 250
0.1 250.2178306374749
0.2 250.4555434285529
0.3 250.7151766480831
0.4 250.9983761748245
0.5 251.3077353786611
0.6 251.6456675938222
0.7 252.0147862342757
0.7999999999999999 252.418154299299
0.8999999999999999 252.8587678995989
0.9999999999999999 253.3403934563428
1.1 253.8668605362591
1.2 254.4425315632627
1.3 255.0721910376438
1.4 255.7611000897371
1.5 256.5150782400586
1.6 257.3405459076238
1.7 258.2445331024983
1.8 259.2349743295696
1.900000000000001 260.3204744528268
2 261.5108157122542
2.100000000000001 262.8165913444527
2.200000000000001 264.2497453869082
2.300000000000001 265.8235442712087
2.400000000000001 267.5527000325629
2.500000000000001 269.4536856211602
2.600000000000001 271.544858703922
2.700000000000001 273.8466828836707
2.800000000000001 276.3819267039677
2.900000000000001 279.1759870376857
3.000000000000001 282.2572447349325
3.100000000000001 285.6571668691463
3.200000000000002 289.4107643135279
3.300000000000002 293.5567787771645
3.400000000000002 298.1377632889212
3.500000000000002 303.2002353224202
3.600000000000002 308.7948601422304
3.700000000000002 314.9751824518913
3.800000000000002 321.7974951771454
3.900000000000002 329.3186337014008
4.000000000000002 337.5947925292469
4.100000000000001 346.6758760981753
4.200000000000001 356.6017111186716
4.300000000000001 367.395332431198
4.4 379.0539955326352
4.5 391.5395494739607
4.6 404.7689322193743
4.699999999999999 418.605487204166
4.799999999999999 432.8551056764559
4.899999999999999 447.269879948598
4.999999999999998 461.5616064236033
5.099999999999998 475.423059145273
5.199999999999998 488.5582649783912
5.299999999999997 500.7126135618651
5.399999999999997 511.69759340258
5.499999999999996 521.4042340385505
5.599999999999996 529.8034217414744
5.699999999999996 536.9350486506169
5.799999999999995 542.8904259180426
5.899999999999995 547.7928396877189
5.999999999999995 551.780018228677
6.099999999999994 554.9906067204753
6.199999999999994 557.5546604229166
6.299999999999994 559.5888755116497
6.399999999999993 561.1942505873689
6.499999999999993 562.4558696712218
6.599999999999993 563.4440107084727
6.699999999999992 564.2159520711831
6.799999999999992 564.8177672237795
6.899999999999991 565.2861885342908
6.999999999999991 565.6503098358947
7.099999999999991 565.9331107419625
7.19999999999999 566.1525783279467
7.29999999999999 566.3227857851975
7.39999999999999 566.4547338114294
7.499999999999989 566.556991278067
7.599999999999989 566.6362069709886
7.699999999999989 566.6975582341034
7.799999999999988 566.7450988969279
7.899999999999988 566.7819269204991
7.999999999999988 566.8104121972948
8.099999999999987 566.8324393119466
8.199999999999987 566.8494935561223
8.299999999999986 566.8627017984619
8.399999999999986 566.8729248763572
8.499999999999986 566.8808176988629
8.599999999999985 566.8869273996677
8.699999999999985 566.8916454303716
8.799999999999985 566.8953405805363
8.899999999999984 566.8982105829415
8.999999999999984 566.9005284640887
9.099999999999984 566.9021655606393
9.199999999999983 566.9034947186506
9.299999999999983 566.9045469149194
9.399999999999983 566.9053310312351
9.499999999999982 566.9059291677595
9.599999999999982 566.9063801790888
9.699999999999982 566.9067198747082
9.799999999999981 566.9069896771198
9.899999999999981 566.9071976794104
9.99999999999998 566.9073657773492
10.09999999999998 566.9074968482773
10.19999999999998 566.9076018361884
10.29999999999998 566.9076830182253
10.39999999999998 566.9077469561678
10.49999999999998 566.9077965284008
10.59999999999998 566.9078347823507
10.69999999999998 566.907864950915
10.79999999999998 566.9078880084284
10.89999999999998 566.9079064110792
10.99999999999998 566.9079205153947
11.09999999999998 566.9079317656345
11.19999999999998 566.9079404407717
11.29999999999998 566.9079472941744
11.39999999999998 566.9079526607685
11.49999999999998 566.9079605424906
11.59999999999997 566.9079675029031
11.69999999999997 566.9079735420062
11.79999999999997 566.9079786597997
11.89999999999997 566.9079828562836
11.99999999999997 566.907986131458
12.09999999999997 566.9079884853228
12.19999999999997 566.907989917878
12.29999999999997 566.9079904291237
12.39999999999997 566.90799001906
12.49999999999997 566.9079886876865
12.59999999999997 566.9079864350036
12.69999999999997 566.9079848796448
12.79999999999997 566.9079857252298
12.89999999999997 566.9079863371929
12.99999999999997 566.9079867155342
13.09999999999997 566.9079868602537
13.19999999999997 566.9079867713513
13.29999999999997 566.9079864488269
13.39999999999997 566.9079858926807
13.49999999999997 566.9079851029127
13.59999999999997 566.9079840795227
13.69999999999997 566.907982822511
13.79999999999997 566.9079813318774
13.89999999999997 566.9079796076219
13.99999999999997 566.907978859762
14.09999999999997 566.9079784031728
14.19999999999997 566.9079779465835
14.29999999999997 566.9079774899943
14.39999999999996 566.9079770334051
14.49999999999996 566.9079765768158
14.59999999999996 566.9079761202266
14.69999999999996 566.9079756636373
14.79999999999996 566.9079752070481
14.89999999999996 566.9079747504588
14.99999999999996 566.9079742938696
15.09999999999996 566.9079738372803
15.19999999999996 566.9079734118565
15.29999999999996 566.9079733981854
15.39999999999996 566.9079733845143
15.49999999999996 566.9079733708433
15.59999999999996 566.9079733571722
15.69999999999996 566.9079733435011
15.79999999999996 566.90797332983
15.89999999999996 566.907973316159
15.99999999999996 566.9079733024879
16.09999999999996 566.9079732888168
16.19999999999996 566.9079732751458
16.29999999999996 566.9079732614747
16.39999999999996 566.9079732478035
16.49999999999996 566.9079732341324
16.59999999999997 566.9079732204614
16.69999999999997 566.9079732067903
16.79999999999997 566.9079731931192
16.89999999999997 566.9079731794482
16.99999999999997 566.9079731657771
17.09999999999997 566.907973152106
17.19999999999997 566.907973138435
17.29999999999998 566.9079731247639
17.39999999999998 566.9079731110928
17.49999999999998 566.9079730974217
17.59999999999998 566.9079730837507
17.69999999999998 566.9079730700796
17.79999999999998 566.9079730564085
17.89999999999998 566.9079730427375
17.99999999999999 566.9079730290664
18.09999999999999 566.9079730153953
18.19999999999999 566.9079730017243
18.29999999999999 566.9079729880532
18.39999999999999 566.9079729743821
18.49999999999999 566.907972960711
18.59999999999999 566.90797294704
18.7 566.9079729333689
18.8 566.9079729196978
18.9 566.9079729060268
19 566.9079728923557
19.1 566.9079728786846
19.2 566.9079728650136
19.3 566.9079728513425
19.40000000000001 566.9079728376714
19.50000000000001 566.9079728240004
19.60000000000001 566.9079728103293
19.70000000000001 566.9079727966582
19.80000000000001 566.9079727829871
19.90000000000001 566.9079727693161
20.00000000000001 566.907972755645
20.10000000000002 566.9079727419739
20.20000000000002 566.9079727283028
20.30000000000002 566.9079727146317
20.40000000000002 566.9079727009606
20.50000000000002 566.9079726872895
20.60000000000002 566.9079726736185
20.70000000000002 566.9079726599474
20.80000000000003 566.9079726462763
20.90000000000003 566.9079726326053
21.00000000000003 566.9079726189342
21.10000000000003 566.9079726052631
21.20000000000003 566.9079725915921
21.30000000000003 566.907972577921
21.40000000000003 566.9079725642499
21.50000000000004 566.9079725505788
21.60000000000004 566.9079725369078
21.70000000000004 566.9079725232367
21.80000000000004 566.9079725095656
21.90000000000004 566.9079724958946
22.00000000000004 566.9079724822235
22.10000000000004 566.9079724685524
22.20000000000005 566.9079724548814
22.30000000000005 566.9079724412103
22.40000000000005 566.9079724275392
22.50000000000005 566.9079724138682
22.60000000000005 566.9079724001971
22.70000000000005 566.907972386526
22.80000000000005 566.9079723728549
22.90000000000006 566.9079723591839
23.00000000000006 566.9079723455128
23.10000000000006 566.9079723318417
23.20000000000006 566.9079723181707
23.30000000000006 566.9079723044996
23.40000000000006 566.9079722908285
23.50000000000006 566.9079722771575
23.60000000000007 566.9079722634864
23.70000000000007 566.9079722498153
23.80000000000007 566.9079722361442
23.90000000000007 566.9079722224731
24.00000000000007 566.907972208802
24.10000000000007 566.9079721951309
24.20000000000007 566.9079721814599
24.30000000000008 566.9079721677888
24.40000000000008 566.9079721541177
24.50000000000008 566.9079721404466
24.60000000000008 566.9079721267756
24.70000000000008 566.9079721131045
24.80000000000008 566.9079720994334
24.90000000000008 566.9079720857624
25.00000000000009 566.9079720720913
25.10000000000009 566.9079720584202
25.20000000000009 566.9079720447492
25.30000000000009 566.9079720310781
25.40000000000009 566.907972017407
25.50000000000009 566.9079720037359
25.60000000000009 566.9079719900649
25.7000000000001 566.9079719763938
25.8000000000001 566.9079719627227
25.9000000000001 566.9079719490517
26.0000000000001 566.9079719353806
26.1000000000001 566.9079719217095
26.2000000000001 566.9079719080385
26.3000000000001 566.9079718943674
26.40000000000011 566.9079718806963
26.50000000000011 566.9079718670253
26.60000000000011 566.9079718533542
26.70000000000011 566.9079718396831
26.80000000000011 566.907971826012
26.90000000000011 566.907971812341
27.00000000000011 566.9079717986699
27.10000000000012 566.9079717849988
27.20000000000012 566.9079717713278
27.30000000000012 566.9079717576567
27.40000000000012 566.9079717439856
27.50000000000012 566.9079717303146
27.60000000000012 566.9079717166435
27.70000000000012 566.9079717029723
27.80000000000013 566.9079716893012
27.90000000000013 566.9079716837555
28.00000000000013 566.9079716833461
28.10000000000013 566.9079716829366
28.20000000000013 566.9079716825272
28.30000000000013 566.9079716821177
28.40000000000013 566.9079716817083
28.50000000000014 566.9079716812988
28.60000000000014 566.9079716808894
28.70000000000014 566.9079716804799
28.80000000000014 566.9079716800705
28.90000000000014 566.9079716796612
29.00000000000014 566.9079716792517
29.10000000000014 566.9079716788423
29.20000000000014 566.9079716784328
29.30000000000015 566.9079716780234
29.40000000000015 566.9079716776139
29.50000000000015 566.9079716772045
29.60000000000015 566.907971676795
29.70000000000015 566.9079716763856
29.80000000000015 566.9079716759762
29.90000000000015 566.9079716755667
30.00000000000016 566.9079716751573
30.10000000000016 566.9079716747478
30.20000000000016 566.9079716743385
30.30000000000016 566.907971673929
30.40000000000016 566.9079716735196
30.50000000000016 566.9079716731101
30.60000000000016 566.9079716727007
30.70000000000017 566.9079716722913
30.80000000000017 566.9079716718818
30.90000000000017 566.9079716714724
31.00000000000017 566.9079716710629
31.10000000000017 566.9079716706535
31.20000000000017 566.907971670244
31.30000000000017 566.9079716698346
31.40000000000018 566.9079716694251
31.50000000000018 566.9079716690158
31.60000000000018 566.9079716686063
31.70000000000018 566.9079716681969
31.80000000000018 566.9079716677875
31.90000000000018 566.907971667378
32.00000000000018 566.9079716669686
32.10000000000019 566.9079716665591
32.20000000000019 566.9079716661497
32.30000000000019 566.9079716657402
32.40000000000019 566.9079716653308
32.50000000000019 566.9079716649213
32.60000000000019 566.9079716645119
32.70000000000019 566.9079716641025
32.8000000000002 566.907971663693
32.9000000000002 566.9079716632837
33.0000000000002 566.9079716628742
33.1000000000002 566.9079716624648
33.2000000000002 566.9079716620553
33.3000000000002 566.9079716616459
33.4000000000002 566.9079716612364
33.50000000000021 566.907971660827
33.60000000000021 566.9079716604176
33.70000000000021 566.9079716600081
33.80000000000021 566.9079716595987
33.90000000000021 566.9079716591892
34.00000000000021 566.9079716587798
34.10000000000021 566.9079716583703
34.20000000000022 566.907971657961
34.30000000000022 566.9079716575515
34.40000000000022 566.9079716571421
34.50000000000022 566.9079716567327
34.60000000000022 566.9079716563232
34.70000000000022 566.9079716559138
34.80000000000022 566.9079716555043
34.90000000000023 566.9079716550949
35.00000000000023 566.9079716546854
35.10000000000023 566.907971654276
35.20000000000023 566.9079716538665
35.30000000000023 566.9079716534571
35.40000000000023 566.9079716530478
35.50000000000023 566.9079716526383
35.60000000000024 566.9079716522289
35.70000000000024 566.9079716518194
35.80000000000024 566.90797165141
35.90000000000024 566.9079716510005
36.00000000000024 566.9079716505911
36.10000000000024 566.9079716501816
36.20000000000024 566.9079716497722
36.30000000000025 566.9079716493628
36.40000000000025 566.9079716489533
36.50000000000025 566.9079716485439
36.60000000000025 566.9079716481344
36.70000000000025 566.907971647725
36.80000000000025 566.9079716473155
36.90000000000025 566.9079716469062
37.00000000000026 566.9079716464967
37.10000000000026 566.9079716460873
37.20000000000026 566.9079716456778
37.30000000000026 566.9079716452684
37.40000000000026 566.907971644859
37.50000000000026 566.9079716444495
37.60000000000026 566.9079716440401
37.70000000000027 566.9079716436306
37.80000000000027 566.9079716432212
37.90000000000027 566.9079716428117
38.00000000000027 566.9079716424023
38.10000000000027 566.9079716419928
38.20000000000027 566.9079716415835
38.30000000000027 566.9079716411741
38.40000000000028 566.9079716407646
38.50000000000028 566.9079716403552
38.60000000000028 566.9079716399457
38.70000000000028 566.9079716395363
38.80000000000028 566.9079716391268
38.90000000000028 566.9079716387174
39.00000000000028 566.9079716383079
39.10000000000029 566.9079716378985
39.20000000000029 566.9079716374891
39.30000000000029 566.9079716370796
39.40000000000029 566.9079716366703
39.50000000000029 566.9079716362608
39.60000000000029 566.9079716358514
39.70000000000029 566.9079716354419
39.8000000000003 566.9079716350325
39.9000000000003 566.907971634623
40.0000000000003 566.9079716342136
40.1000000000003 566.9079716338042
40.2000000000003 566.9079716333947
40.3000000000003 566.9079716329853
40.4000000000003 566.9079716325758
40.50000000000031 566.9079716322296
40.60000000000031 566.9079716322284
40.70000000000031 566.9079716322271
40.80000000000031 566.9079716322259
40.90000000000031 566.9079716322246
41.00000000000031 566.9079716322233
41.10000000000031 566.907971632222
41.20000000000032 566.9079716322208
41.30000000000032 566.9079716322195
41.40000000000032 566.9079716322183
41.50000000000032 566.907971632217
41.60000000000032 566.9079716322158
41.70000000000032 566.9079716322145
41.80000000000032 566.9079716322133
41.90000000000033 566.907971632212
42.00000000000033 566.9079716322108
42.10000000000033 566.9079716322095
42.20000000000033 566.9079716322082
42.30000000000033 566.9079716322069
42.40000000000033 566.9079716322057
42.50000000000033 566.9079716322044
42.60000000000034 566.9079716322032
42.70000000000034 566.9079716322019
42.80000000000034 566.9079716322007
42.90000000000034 566.9079716321994
43.00000000000034 566.9079716321982
43.10000000000034 566.9079716321969
43.20000000000034 566.9079716321957
43.30000000000035 566.9079716321943
43.40000000000035 566.907971632193
43.50000000000035 566.9079716321918
43.60000000000035 566.9079716321905
43.70000000000035 566.9079716321893
43.80000000000035 566.907971632188
43.90000000000035 566.9079716321868
44.00000000000036 566.9079716321855
44.10000000000036 566.9079716321843
44.20000000000036 566.907971632183
44.30000000000036 566.9079716321818
44.40000000000036 566.9079716321804
44.50000000000036 566.9079716321792
44.60000000000036 566.9079716321779
44.70000000000037 566.9079716321767
44.80000000000037 566.9079716321754
44.90000000000037 566.9079716321742
45.00000000000037 566.9079716321729
45.10000000000037 566.9079716321717
45.20000000000037 566.9079716321704
45.30000000000037 566.9079716321692
45.40000000000038 566.9079716321679
45.50000000000038 566.9079716321667
45.60000000000038 566.9079716321653
45.70000000000038 566.907971632164
45.80000000000038 566.9079716321628
45.90000000000038 566.9079716321615
46.00000000000038 566.9079716321603
46.10000000000039 566.907971632159
46.20000000000039 566.9079716321578
46.30000000000039 566.9079716321565
46.40000000000039 566.9079716321553
46.50000000000039 566.907971632154
46.60000000000039 566.9079716321528
46.70000000000039 566.9079716321514
46.8000000000004 566.9079716321502
46.9000000000004 566.9079716321489
47.0000000000004 566.9079716321477
47.1000000000004 566.9079716321464
47.2000000000004 566.9079716321452
47.3000000000004 566.9079716321439
47.4000000000004 566.9079716321427
47.50000000000041 566.9079716321414
47.60000000000041 566.9079716321402
47.70000000000041 566.9079716321389
47.80000000000041 566.9079716321376
47.90000000000041 566.9079716321363
48.00000000000041 566.9079716321351
48.10000000000041 566.9079716321338
48.20000000000041 566.9079716321326
48.30000000000042 566.9079716321313
48.40000000000042 566.9079716321301
48.50000000000042 566.9079716321288
48.60000000000042 566.9079716321276
48.70000000000042 566.9079716321263
48.80000000000042 566.9079716321251
48.90000000000042 566.9079716321238
49.00000000000043 566.9079716321224
49.10000000000043 566.9079716321212
49.20000000000043 566.9079716321199
49.30000000000043 566.9079716321187
49.40000000000043 566.9079716321174
49.50000000000043 566.9079716321162
49.60000000000043 566.9079716321149
49.70000000000044 566.9079716321137
49.80000000000044 566.9079716321124
49.90000000000044 566.9079716321112