Time X_A X1 X_B
0 100000 250.2 200000
1 99330.2125185536 247.337293224129 200672.6501882223
2 98700.63780300904 232.9169190248964 201316.6452779661
3 98173.22142835273 199.2712266413387 201877.707345006
4 97813.14995667541 149.4140393886413 202287.636003936
5 97609.96346577122 109.1844917865933 202531.0520424423
6 97483.82402117786 91.75175054351145 202674.6242282788
7 97381.73271340043 86.52553960787071 202781.9417469919
8 97286.02042553206 85.15601336971493 202879.0235610984
9 97191.9902242634 84.80883996595172 202973.4009357708
10 97098.45875980073 84.71951580848942 203067.021724391
11 97005.1318477988 84.6942903754438 203160.373861826
12 96911.93662937722 84.68492707859025 203253.5784435444
13 96818.85500752127 84.6794845690883 203346.6655079098
14 96725.88239015873 84.67501060040337 203439.6425992411
15 96633.01755277345 84.6708012141256 203532.5116460126
16 96540.26003799464 84.66666436927541 203625.2732976363
17 96447.6095336305 84.66255862661764 203717.9279077431
18 96355.06582896662 84.65847457599276 203810.4756964576
19 96262.62889775261 84.65441239003685 203902.9166898576
20 96170.29836965834 84.65036778592231 203995.251262556
21 96078.07437943811 84.64634253014415 204087.479278032
22 95985.95640412465 84.64233452805371 204179.6012613475
23 95893.9446466451 84.63834459243826 204271.6170087627
24 95802.03730289941 84.63437151413837 204363.5283255867
25 95710.23539566055 84.63041597864573 204455.334188361
26 95618.53912698505 84.62647812138439 204547.0343948938
27 95526.94849687289 84.62255794235435 204638.628945185
28 95435.46350532411 84.61865544155562 204730.1178392346
29 95344.08415233866 84.61477061898817 204821.5010770426
30 95252.80826642158 84.61090188206454 204912.7808316966
31 95161.6364549158 84.60704967621366 205003.9564954082
32 95070.56941439398 84.60321451230617 205095.027371094
33 94979.60714485614 84.59939639034201 205185.9934587538
34 94888.74964630225 84.59559531032122 205276.8547583877
35 94797.99691873234 84.59181127224379 205367.6112699957
36 94707.35162878524 84.58804613722207 205458.2603250778
37 94616.80249702507 84.58429203306234 205548.8132109421
38 94526.35789398929 84.58055480176711 205639.2615512092
39 94436.01766534291 84.57683433562218 205729.6055003217
40 94345.78165675086 84.57313052691337 205819.8452127225
41 94255.64971387816 84.56944326792652 205909.9808428542
42 94165.62057318268 84.56577162114863 206000.0136551964
43 94075.69321789536 84.56211483367785 206089.9446672712
44 93985.86888314868 84.55847383726187 206179.7726430143
45 93896.1473782098 84.55484849695726 206269.4977732935
46 93806.52851234587 84.55123867782062 206359.1202489766
47 93717.01209482404 84.54764424490848 206448.6402609313
48 93627.59793491144 84.54406506327743 206538.0580000255
49 93538.28584187521 84.54050099798403 206627.3736571271
50 93449.07562498252 84.53695191408487 206716.5874231037