Time X_A X1 X_B
0 100000 250.1 200000
1 99330.89319935103 247.1070308759128 200672.099769773
2 98702.76295450951 232.4408607652573 201314.8961847252
3 98177.9131859574 198.4696653071631 201873.7171487354
4 97820.94834400009 148.5567192187737 202280.5949367811
5 97619.73055960884 108.7208990609567 202521.6485413302
6 97494.27057454547 91.60092566130365 202664.2284997932
7 97392.35213283116 86.48578073137647 202771.2620864373
8 97296.67384671298 85.14639485900442 202868.2797584279
9 97202.64275795674 84.80679167964691 202962.6504503635
10 97109.10186345593 84.71932575893463 203056.278810785
11 97015.76344559499 84.69454717264918 203149.6420072322
12 96922.55625389234 84.6853009980729 203242.8584451094
13 96829.46252165265 84.67987014768833 203335.9576081995
14 96736.47781790762 84.67541047878923 203428.9467716134
15 96643.60089280081 84.671201336967 203521.827905862
16 96550.83130577429 84.66706228617343 203614.6016319393
17 96458.16874633527 84.66295456132137 203707.2682991031
18 96365.61300463449 84.65886852542437 203799.8281268398
19 96273.16405876051 84.65480438598549 203892.2811368532
20 96180.82152796673 84.65075780605015 203984.627714227
21 96088.58556295703 84.64673062195305 204076.8677064207
22 95996.45562046242 84.64272068794693 204169.0016588494
23 95904.43190947117 84.63872882947193 204261.0293616991
24 95812.51271470511 84.63475390081533 204352.9525313938
25 95720.69888419491 84.63079646841558 204444.7703193364
26 95628.99070234518 84.62685672223955 204536.4824409323
27 95537.38816915594 84.62293466228721 204628.0888961815
28 95445.89128462716 84.61903028855858 204719.589685084
29 95354.50004875885 84.61514360105366 204810.9848076398
30 95263.21251734943 84.6112731721384 204902.2762094782
31 95172.02887725653 84.60741913902304 204993.4637036042
32 95080.95001386022 84.60358215184527 205084.5464039877
33 94989.97592716051 84.59976221060509 205175.5243106286
34 94899.10661715742 84.59595931530249 205266.397423527
35 94808.34208385093 84.59217346593749 205357.1657426828
36 94717.68565985274 84.58840698877457 205447.8259331582
37 94627.12469498505 84.5846510536042 205538.3906539611
38 94536.66828047876 84.58091200638255 205628.8508075146
39 94446.31626197587 84.57718973936302 205719.2065482845
40 94356.06848511841 84.57348414479905 205809.4580307365
41 94265.92479554839 84.56979511494407 205899.6054093364
42 94175.88428971962 84.56612198115729 205989.649588299
43 94085.94528687633 84.56246349292503 206079.5922496305
44 93996.10932843681 84.55882081207629 206169.4318507508
45 93906.3762235545 84.55519380354664 206259.1685826417
46 93816.74578138287 84.55158233227164 206348.8026362846
47 93727.21781107542 84.54798626318686 206438.3342026611
48 93637.79212178559 84.54440546122788 206527.7634727529
49 93548.46852266688 84.54083979133028 206617.0906375415
50 93459.24682287274 84.53728911842964 206706.3158880086