Time X_A X1 X_B
0 100000 247.6 200000
1 99347.78463996199 241.4077476951569 200658.4076123429
2 98754.75319263733 220.9310393733994 201271.9157679893
3 98289.21826113506 180.2490051511737 201778.1327337138
4 97996.89313638826 131.2543096375279 202119.4525539743
5 97831.89572799006 100.345399105417 202315.3588729046
6 97718.10959120882 89.00708809713421 202440.4833206941
7 97619.07010608641 85.81207007928444 202542.7178238344
8 97523.91394800215 84.9847632130037 202638.7012887849
9 97429.81528101253 84.77350371124007 202733.0112152763
10 97336.06194237614 84.71761686527054 202826.8204407587
11 97242.47593348262 84.70053640891769 202920.4235301086
12 97149.01287566652 84.69312889326488 203013.8939954403
13 97055.66159045513 84.68811682786752 203107.2502927171
14 96962.41922211897 84.6837234384513 203200.4970544426
15 96869.28491680574 84.67949619736605 203293.635586997
16 96776.25832994128 84.67532120324123 203386.6663488555
17 96683.33912454422 84.67117271518653 203479.5897027406
18 96590.527145403 84.66704542952824 203572.4058091675
19 96497.82239769376 84.66293976128445 203665.114662545
20 96405.22439123824 84.65885166528841 203757.7167570965
21 96312.73334772073 84.65478297097638 203850.2118693083
22 96220.34881655897 84.6507323848965 203942.6004510562
23 96128.07075492477 84.64669978410507 204034.8825452912
24 96035.89850669554 84.64268501763435 204127.0588082869
25 95943.83084088148 84.63868734404514 204219.1304717745
26 95851.86910504181 84.63470757498776 204311.0961873833
27 95760.01329917656 84.63074571046221 204402.9559551131
28 95668.26342328569 84.62680175046852 204494.7097749639
29 95576.61947736923 84.62287569500667 204586.3576469358
30 95485.08146142717 84.61896754407665 204677.8995710288
31 95393.64774012858 84.61507608294643 204769.3371837885
32 95302.31731687032 84.61120057133414 204860.6714825584
33 95211.09185237713 84.60734224283452 204951.9008053801
34 95119.97134664899 84.60350109744755 205043.0251522536
35 95028.95579968594 84.59967713517322 205134.0445231789
36 94938.04521148796 84.59587035601157 205224.9589181561
37 94847.23958205503 84.59208075996257 205315.7683371851
38 94756.54294346921 84.58831132347358 205406.4687452074
39 94665.9398400308 84.58455063728353 205497.075609332
40 94575.44144937421 84.58080695262349 205587.5777436732
41 94485.04761690392 84.5770801553724 205677.9753029408
42 94394.75818802441 84.57337013140919 205768.2684418442
43 94304.57300814017 84.56967676661286 205858.4573150933
44 94214.49192265568 84.56599994686232 205948.5420773975
45 94124.51247720553 84.56233798806171 206038.5251848065
46 94034.63539820421 84.55869137752562 206128.4059104183
47 93944.86129141267 84.55506052020252 206218.1836480672
48 93855.18996299636 84.55144527518425 206307.8585917285
49 93765.62121912077 84.54784550156261 206397.4309353777
50 93676.15486595138 84.5442610584294 206486.9008729903