Time X_A X1 X_B
0 100000 249.4 200000
1 99335.64725821295 245.5000570989448 200668.2526846881
2 98717.53395036283 229.1405918194472 201302.7254578178
3 98210.23040327644 193.014280636255 201846.1553160873
4 97873.80381203258 142.9478214842134 202232.6483664833
5 97685.04574679639 105.8075016468828 202458.5467515568
6 97563.77538032952 90.67118483596606 202594.9534348346
7 97462.90950864069 86.24221006461759 202700.2482812947
8 97367.43274983646 85.08764804099054 202796.8796021226
9 97273.39000012446 84.79441342872543 202891.2155864469
10 97179.78513932299 84.71834543422524 202984.8965152429
11 97086.37007124834 84.69634227670035 203078.3335864751
12 96993.08323427486 84.6877598597118 203171.6290058656
13 96899.90923141051 84.68248135003358 203264.8082872396
14 96806.84419614442 84.67804657211838 203357.8777572836
15 96713.88702396922 84.67383271480584 203450.8391433161
16 96621.03730757815 84.66968268977283 203543.6930097321
17 96528.29472401683 84.66556208909589 203636.4397138942
18 96435.65910466008 84.66146332345635 203729.0794320166
19 96343.13038774893 84.65738614231323 203821.6122261088
20 96250.70823038236 84.65332671116562 203914.0384429066
21 96158.39274925696 84.64928665254665 204006.3579640906
22 96066.18342661591 84.64526395676172 204098.5713094274
23 95974.08047068742 84.6412594320573 204190.6782698806
24 95882.0820182716 84.63727183735527 204282.6807098911
25 95790.18915256692 84.63330189417455 204374.577545539
26 95698.40206629114 84.62934973088448 204466.3685839781
27 95606.72075944426 84.62541534748507 204558.0538252083
28 95515.14523202628 84.62149874397632 204649.6332692298
29 95423.6754840372 84.61759992035823 204741.1069160425
30 95332.30946801738 84.61371736499773 204832.4768146177
31 95241.047514905 84.60985132222544 204923.7426337729
32 95149.89046269159 84.60600241072788 205014.9035348978
33 95058.83831137711 84.60217063050504 205105.9595179925
34 94967.89106096159 84.59835598155695 205196.9105830569
35 94877.04871144501 84.59455846388359 205287.7567300912
36 94786.3147051956 84.59078049097678 205378.4945143135
37 94695.67610025647 84.58701298905211 205469.1368867546
38 94605.14217030855 84.58326246001513 205559.6745672315
39 94514.71276061371 84.57952879537683 205650.107710591
40 94424.38771643382 84.57581188664815 205740.4364716796
41 94334.16688303076 84.57211162534009 205830.661005344
42 94244.04945205363 84.56842741113925 205920.7821205354
43 94154.03354797461 84.5647578407132 206010.8016941848
44 94064.120808009 84.56110415396492 206100.7180878371
45 93974.31104071716 84.55746621478858 206190.5314930682
46 93884.60405465943 84.55384388707834 206280.2421014536
47 93794.99965839619 84.55023703472837 206369.8501045692
48 93705.4976604878 84.54664552163283 206459.3556939907
49 93616.09786949461 84.54306921168588 206548.7590612938
50 93526.800093977 84.53950796878166 206638.0603980543