Time X_A X1 X_B
0 100000 250 200000
1 99695.95437897141 117.8359027224278 200436.2097183061
2 99603.54490894837 77.15140142975913 200569.3036896217
3 99544.35022460987 71.00968944556743 200634.6400859444
4 99489.15214480617 70.24670963846548 200690.6011455552
5 99434.45383422173 70.16210588799457 200745.3840598901
6 99379.83224425904 70.1605013781126 200800.0072543627
7 99325.23591768213 70.16897883883526 200854.5951034788
8 99270.65863287539 70.17868033931272 200909.1626867851
9 99216.09964518424 70.18851673021594 200963.7118380854
10 99161.55889520113 70.19835846623192 201018.2427463325
11 99107.03639024266 70.20819503259078 201072.7554147246
12 99052.53214655173 70.21802126098189 201127.2498321871
13 98998.04619130162 70.22783579589358 201181.7259729023
14 98943.5786002839 70.23763897632627 201236.1837607396
15 98889.12937011983 70.24743081344808 201290.6231990666
16 98834.6984718382 70.25721140302134 201345.0443167586
17 98780.28590543901 70.26698074504603 201399.4471138158
18 98725.8917810909 70.27673899846418 201453.8314799105
19 98671.51611814405 70.28648619119268 201508.1973956646
20 98617.15886305187 70.29622224597898 201562.544914702
21 98562.82001581436 70.30594716282305 201616.8740370227
22 98508.49968195413 70.31566102643009 201671.1846570193
23 98454.19790898752 70.3253638749424 201725.4767271374
24 98399.91462778632 70.33505565286939 201779.7503165607
25 98345.64983835054 70.34473636021103 201834.0054252891
26 98291.40445260702 70.35440622613237 201888.2411411667
27 98237.17872472593 70.36406531450575 201942.4572099594
28 98182.97168186771 70.37371338085892 201996.6546047513
29 98128.78332403234 70.38335042519188 202050.8333255423
30 98074.61365121983 70.39297644750464 202104.9933723325
31 98020.46266343017 70.40259144779719 202159.1347451219
32 97966.33036066336 70.41219542606954 202213.2574439104
33 97912.21674291941 70.42178838232169 202267.3614686981
34 97858.12181019831 70.43137031655364 202321.446819485
35 97804.04556250008 70.44094122876537 202375.513496271
36 97749.98799982469 70.45050111895691 202429.5614990562
37 97695.94912217215 70.46004998712823 202483.5908278406
38 97641.92892954248 70.46958783327935 202537.6014826241
39 97587.92742193567 70.47911465741026 202591.5934634068
40 97533.9445993517 70.48863045952098 202645.5667701887
41 97479.98046179059 70.49813523961149 202699.5214029697
42 97426.03500925234 70.50762899768179 202753.4573617498
43 97372.10824173695 70.51711173373189 202807.3746465292
44 97318.2001592444 70.52658344776178 202861.2732573077
45 97264.31076177472 70.53604413977148 202915.1531940854
46 97210.44309292136 70.54549565572044 202969.0114114228
47 97156.59473005091 70.55493652626559 203022.8503334227
48 97102.76537970226 70.5643665734208 203076.6702537242
49 97048.95504187539 70.57378579718605 203130.4711723273
50 96995.16371657033 70.58319419756137 203184.253089232