Time X_A X1 X_B
0 100000 250 200000
1 98328.69723383518 700.2946052771576 201221.0081608876
2 96483.11221735054 693.5869063671987 203073.3008762822
3 94713.29325957212 671.6832138996538 204865.0235265282
4 93008.78292959694 650.1864748363591 206591.0305955666
5 91368.42473637706 629.0903564276199 208252.4849071952
6 89790.97569673623 608.3703597699836 209850.6539434937
7 88275.31079166173 588.002732231017 211386.6864761072
8 86820.39228951174 567.9622427259028 212861.6454677623
9 85425.26532953669 548.2225013252793 214276.5121691379
10 84089.04901114875 528.7559712598255 215632.1950175914
11 82810.93995707095 509.5333148930427 216929.5267280359
12 81590.23275718582 490.5226138687288 218169.2446289454
13 80426.32915280628 471.6897630349013 219351.9810841588
14 79318.7371023365 452.9980916703668 220478.2648059931
15 78267.0699216478 434.4079239182878 221548.5221544339
16 77271.07260533897 415.8760742547075 222563.0513204063
17 76330.63534402347 397.3575133883948 223522.0071425881
18 75445.77544941919 378.806862865366 224425.4176877154
19 74616.63364625064 360.1810189439876 225273.1853348053
20 73843.45506537824 341.4475688253215 226065.0973657964
21 73126.53139494038 322.596370185101 226800.8722348745
22 72466.07747654209 303.6606342175197 227480.2618892403
23 71862.03913181341 284.7467924581911 228103.2140757283
24 71313.78209670936 266.0749100427988 228670.1429932477
25 70819.6885838376 248.0043401921553 229182.3070759701
26 70376.73021862589 231.0297609460056 229642.240020428
27 69980.26259277285 215.7039307011905 230054.0334765259
28 69624.17780381723 202.4985362037077 230423.323659979
29 69301.5170211879 191.6577539900571 230756.8252248219
30 69005.33455457253 183.1343348344328 231061.5311105929
31 68729.4409176005 176.6429391558897 231343.9161432435
32 68468.8229203177 171.7779499695149 231609.3991297126
33 68219.70568128715 168.1269594895545 231862.1673592232
34 67979.39236818244 165.3382918493012 232105.2693399681
35 67746.01923845802 163.1437722193358 232340.8369893225
36 67518.31796234354 161.3530845030835 232570.3289531533
37 67295.4237157263 159.8380641838526 232794.7382200897
38 67076.73554468314 158.5149665549118 233014.7494887619
39 66861.82294995335 157.3297890277938 233230.8472610187
40 66650.3653632827 156.2480129376579 233443.3866237795
41 66442.11237120646 155.2472340773874 233652.640394716
42 66236.8605122662 154.3125285179145 233858.8269592157
43 66034.43855575494 153.4335836546858 234062.1278605902
44 65834.69846301089 152.602979783641 234262.6985572053
45 65637.50933639712 151.8150434281501 234460.6756201746
46 65442.75405513898 151.0652837534816 234656.1806611074
47 65250.32684977118 150.3500622876516 234849.323087941
48 65060.13136264581 149.6663509510424 235040.202286403
49 64872.07921435565 149.0115508606956 235228.9092347835
50 64686.08877211023 148.3833711374957 235415.5278567521