Time X_A X1 X_B
0 100000 250 200000
1 99687.43507461301 137.0647290199062 200425.5001963672
2 99567.90356090087 89.01998578618691 200593.076453313
3 99497.41603683664 77.4023368297519 200675.1816263336
4 99436.00347173342 75.18902511802762 200738.8075031485
5 99376.23048315737 74.79521405698981 200798.9743027856
6 99316.77274962138 74.73129923241035 200858.4959511461
7 99257.39417444216 74.72644520221166 200917.8793803556
8 99198.05262843661 74.73209051703688 200977.2152810463
9 99138.74066368672 74.73961949574065 201036.5197168175
10 99079.45693735819 74.74746131852244 201095.7956013232
11 99020.20123546883 74.75534955651253 201155.0434149746
12 98960.97354172815 74.76323406880552 201214.2632242029
13 98901.77385754944 74.77110965239673 201273.4550327981
14 98842.60220376652 74.77897343144116 201332.6188228019
15 98783.45858472666 74.78682473700204 201391.7545905362
16 98724.34302489299 74.79466322408939 201450.8623118828
17 98665.25552960366 74.80248869209592 201509.9419817041
18 98606.19623080236 74.81030142412841 201568.9934677734
19 98547.16508150964 74.81810140341369 201628.0168170868
20 98488.1620428724 74.82588861607998 201687.0120685114
21 98429.18711489064 74.83366306212727 201745.9792220471
22 98370.24029756438 74.84142474155557 201804.9182776939
23 98311.3215908936 74.84917365436488 201863.8292354519
24 98252.43112871046 74.85691010409984 201922.7119611854
25 98193.56897427455 74.86463423423952 201981.5663914911
26 98134.73501074819 74.87234577978444 202040.3926434719
27 98075.92923813137 74.88004474073459 202099.1907171278
28 98017.15165642412 74.88773111708997 202157.9606124587
29 97958.40226562641 74.89540490885058 202216.7023294647
30 97899.68062455292 74.90306531785038 202275.4163101292
31 97840.98816567434 74.91071493562934 202334.10111939
32 97782.32391490616 74.91835199993228 202392.7577330939
33 97723.68788617906 74.92597653596174 202451.3861372849
34 97665.0800934237 74.93358856892024 202509.9863180073
35 97606.50055057078 74.94118812401034 202568.5582613052
36 97547.94927155096 74.94877522643458 202627.1019532226
37 97489.42656984291 74.95635044322371 202685.6170797138
38 97430.93221427435 74.96391335623335 202744.1038723694
39 97372.4662142382 74.971463982458 202802.5623217793
40 97314.02858605616 74.97900235142512 202860.9924115924
41 97255.61934604988 74.98652849266213 202919.3941254574
42 97197.23851054102 74.99404243569646 202977.7674470232
43 97138.8860958513 75.00154421005551 203036.1123599386
44 97080.56211830236 75.00903384526676 203094.4288478523
45 97022.26659421589 75.0165113708576 203152.7168944132
46 96963.99953991357 75.02397681635547 203210.97648327
47 96905.76097171706 75.0314302112878 203269.2075980716
48 96847.55090594804 75.03887158518201 203327.4102224667
49 96789.36935892819 75.04630096756553 203385.5843401042
50 96731.21634697918 75.05371838796579 203443.7299346328