Time X_A X1 X_B
0 100000 250 200000
1 99075.62446011389 421.3387844465182 200753.0367554396
2 97680.47911931363 539.5922549601491 202029.9286257262
3 96292.1537267946 532.5686105062092 203425.2776626992
4 94963.79551569386 513.8374360369761 204772.3670482692
5 93695.32185121902 494.561015935918 206060.1171328451
6 92486.56621544737 475.2849051819821 207288.1488793707
7 91337.47733667603 455.992238529647 208456.5304247944
8 90248.19014656798 436.62061533515 209565.1892380969
9 89219.06116736078 417.0941053285499 210613.8447273107
10 88250.70582834243 397.3243304632886 211601.9698411943
11 87344.04112312167 377.2117277500209 212528.7471491284
12 86500.30587663321 356.6516818277739 213393.0424415391
13 85721.00989491891 335.5444117098843 214193.4456933713
14 85007.90293582466 313.8278149561195 214928.2692492193
15 84362.69963938151 291.5406167839989 215595.7597438346
16 83786.51085146352 268.9219334249301 216194.5672151117
17 83278.94745080367 246.533283349023 216724.5192658474
18 82836.95445023329 225.3179919918733 217187.727557775
19 82453.99271347039 206.4454086912616 217589.5618778385
20 82120.32755074234 190.9021564034668 217938.7702928543
21 81824.6985016598 179.0708928506203 218246.2306054897
22 81556.45301926964 170.6497357751997 218522.8972449552
23 81307.00233712285 164.9198511588489 218778.0778117184
24 81070.19429965112 161.0903350630807 219018.7153652858
25 80841.96999239236 158.5030426091023 219249.5269649986
26 80619.78932132832 156.6884396961146 219473.5222389756
27 80402.1120342629 155.3418654747503 219692.5461002623
28 80188.01316185598 154.2764824016774 219907.7103557424
29 79976.93188319435 153.3823819032888 220119.6857349024
30 79768.51319583211 152.5954137973228 220328.8913903706
31 79562.52631627137 151.8793830878277 220535.5943006409
32 79358.80983135232 151.213975743105 220739.9761929047
33 79157.23864413222 150.5868893883294 220942.1744664795
34 78957.71378382877 149.9911064210806 221142.2951097502
35 78760.15069651295 149.422118380608 221340.4271851066
36 78564.47371768721 148.8766583391621 221536.6496239737
37 78370.61548634162 148.3525219879093 221731.0319916706
38 78178.51433868711 147.8480124670087 221923.637648846
39 77988.11278529155 147.3616481846214 222114.525566524
40 77799.35712928092 146.8921223313579 222303.7507483879
41 77612.19710786841 146.4382995608654 222491.3645925709
42 77426.58628111311 145.9991928144739 222677.4145260726
43 77242.47969988376 145.5738808581258 222861.9464192583
44 77059.8372394157 145.1616608818741 223045.0010997026
45 76878.61935858996 144.7617817531488 223226.618859657
46 76698.78929281548 144.3735943468184 223406.8371128378
47 76520.31132824792 143.9963981105754 223585.6922736416
48 76343.15206532502 143.6296024036333 223763.2183322714
49 76167.27958685916 143.2726722075816 223939.4477409334
50 75992.6636997491 142.9251514152585 224114.4111488358