Time X_A X1 X_B
0 100000 250 200000
1 99335.36565918694 221.8747991108895 200692.7595417022
2 98872.29024856049 160.4102718965004 201217.299479543
3 98651.53015733606 101.1044038157486 201497.3654388481
4 98544.25114069722 78.96069785303156 201626.7881614497
5 98462.80873528594 74.2127059735697 201712.9785587405
6 98386.09253549339 73.35071297385798 201790.5567515327
7 98310.25011693386 73.20352073905717 201866.5463623271
8 98234.6027971115 73.18277207213323 201942.2144308164
9 98159.03159328544 73.1842042962919 202017.7842024183
10 98083.51566324588 73.18948707107725 202093.294849683
11 98008.05140576247 73.19544075549652 202168.7531534821
12 97932.63818192747 73.20149414183714 202244.1603239307
13 97857.27589388772 73.20755124093624 202319.5165548714
14 97781.96453338367 73.21359638240237 202394.821870234
15 97706.70410350844 73.21962874887738 202470.0762677427
16 97631.4946112374 73.22564552023849 202545.2797432424
17 97556.33606092 73.23164735546345 202620.4322917246
18 97481.22846163876 73.23763351052108 202695.5339048507
19 97406.17185246269 73.24360449881146 202770.5845430385
20 97331.1662417612 73.24956035004223 202845.5841978888
21 97256.21160033143 73.25550096055647 202920.532898708
22 97181.3079281734 73.26142633035417 202995.4306454963
23 97106.45522528709 73.26733645943533 203070.2774382535
24 97031.65349167252 73.27323134779996 203145.0732769797
25 96956.90275378908 73.27911127247958 203219.8181349385
26 96882.20308231922 73.2849769735241 203294.5119407072
27 96807.55441175398 73.29082776505025 203369.154760481
28 96732.95674209333 73.29666364705808 203443.7465942596
29 96658.41007333731 73.30248461954758 203518.2874420432
30 96583.91440548588 73.30829068251873 203592.7773038316
31 96509.46973853906 73.31408183597155 203667.216179625
32 96435.07605441466 73.31985788518904 203741.6040877002
33 96360.73358114919 73.32562128577067 203815.940797565
34 96286.44211795082 73.33136987549959 203890.2265121737
35 96212.20166951738 73.33710370496452 203964.4612267777
36 96138.01224054676 73.34282282475421 204038.6449366285
37 96063.8738357368 73.34852728545739 204112.7776369777
38 95989.78645367116 73.35421795030277 204186.8593283785
39 95915.75010077177 73.35989464073143 204260.8900045875
40 95841.76478482119 73.36555699734903 204334.8696581815
41 95767.83051046295 73.37120507796504 204408.7982844591
42 95693.9472823406 73.37683894038898 204482.675878719
43 95620.11510509766 73.38245864243035 204556.5024362599
44 95546.33398337767 73.38806424189862 204630.2779523804
45 95472.60392182419 73.39365579660331 204704.0024223792
46 95398.92492508073 73.39923336435392 204777.6758415549
47 95325.29699779084 73.40479700295992 204851.2982052062
48 95251.72014459806 73.41034677023084 204924.8695086317
49 95178.19437014592 73.41588272397615 204998.3897471301
50 95104.71967907796 73.42140492200537 205071.8589160001