Time X_A X1 X_B
0 100000 250 200000
1 98672.89788108262 598.6719499444736 200978.430168973
2 96828.13860352276 672.9785551153183 202748.882841362
3 95090.73864020774 649.7780986310269 204509.4832611613
4 93424.91541583078 626.2274482629683 206198.8571359063
5 91829.55196454193 602.9356213860859 207817.512414072
6 90303.9618404728 579.8543555713394 209366.1838039559
7 88847.58928415645 556.9200533731336 210845.4906624705
8 87460.11111734709 534.0595695743087 212255.8293130787
9 86141.45353547543 511.1835413933467 213597.3629231313
10 84891.86672179634 488.1807225098912 214869.9525556938
11 83712.00442084316 464.9111955025433 216073.0843836543
12 82603.02907167589 441.1910940271089 217205.779834297
13 81566.79107163548 416.7758857503634 218266.4330426142
14 80606.06814863264 391.3345654096517 219252.5972859578
15 79724.89995991082 364.4157392452323 220160.684300844
16 78929.02315962137 335.4193414090691 220985.5574989696
17 78226.23812044333 303.6338242256992 221720.128055331
18 77626.14838738265 268.5180716230255 222355.3335409943
19 77137.62452754933 230.6008814034011 222881.7745910473
20 76761.87888385859 193.0137712934233 223295.107344848
21 76483.95458795033 161.4794492222015 223604.5659628276
22 76274.52633550612 140.1652099019626 223835.308454592
23 76104.11418227028 128.3066879293761 224017.5791298004
24 75953.04910217453 122.4916283660774 224174.4592694595
25 75811.02302116665 119.7920992314657 224319.184879602
26 75673.26035543477 118.5297049307682 224458.2099396346
27 75537.67068840735 117.8956120864226 224594.4336995064
28 75403.36174407612 117.5296690503448 224729.1085868737
29 75269.95533310823 117.2774006789556 224862.7672662129
30 75137.28963949322 117.0738276511354 224995.6365328558
31 75005.29290891619 116.891943479022 225127.8151476049
32 74873.93053370647 116.7205689829045 225259.3488973107
33 74743.18326747751 116.5550915753032 225390.2616409473
34 74613.03821807755 116.393582179038 225520.5681997435
35 74483.4850489227 116.2352549401197 225650.2796961372
36 74354.5151316269 116.0797308856261 225779.4051374875
37 74226.12004966021 115.9267957593805 225907.9531545805
38 74098.29200126442 115.7763386813786 226035.9316600542
39 73971.02331051775 115.6282718445912 226163.3484176377
40 73844.30655757977 115.4825199362813 226290.210922484
41 73718.13462582404 115.3390160347258 226416.5263581413
42 73592.50042774661 115.1976957357869 226542.3018765177
43 73467.3972601491 115.0584997358245 226667.5442401152
44 73342.81840185913 114.921369806504 226792.2602283345
45 73218.75745292861 114.7862512941821 226916.4562957773
46 73095.20810043282 114.6530911830084 227040.1388083842
47 72972.16416525628 114.5218382663887 227163.3139964774
48 72849.61973101107 114.3924442599944 227285.987824729
49 72727.56888056752 114.2648615028697 227408.1662579296
50 72606.0059566608 114.1390450759019 227529.8549982633