Time X_A X1 X_B
0 100000 250 200000
1 98405.9040256678 651.9502513510383 201192.1457229813
2 95981.79095183332 735.1470006923412 203533.0620474744
3 93725.28231173821 700.3333551470431 205824.3843331148
4 91593.6521303396 665.6627224680673 207990.6851471923
5 89585.39435825481 631.3065494968378 210033.2990922483
6 87699.78736139763 597.0696804749587 211953.1429581274
7 85936.96082147627 562.6952619553492 213750.3439165684
8 84298.19666427563 527.8318511932596 215423.9714845312
9 82786.39875001888 491.974503484902 216971.6267464962
10 81406.93048074016 454.3570992611156 218388.7124199988
11 80168.99697699021 413.7729228253008 219667.2301001846
12 79087.92169920134 368.2942872493367 220793.7840135494
13 78188.14306325692 315.1684710856126 221746.6884656575
14 77502.07482364708 252.705901503856 222495.2192748492
15 77046.02038465741 188.3990528117851 223015.580562531
16 76772.28754120201 142.187364813426 223335.5250939847
17 76590.75449470921 120.9123026779639 223538.3332026129
18 76442.07841131082 113.6226242639054 223694.2989644253
19 76303.61310307909 111.3826866577231 223835.0042102632
20 76168.4056771694 110.6777170518757 223970.9166057788
21 76034.45683231206 110.4130614752941 224105.1301062127
22 75901.20271819961 110.272698543664 224238.5245832567
23 75768.48346562164 110.1676252225848 224371.3489091558
24 75636.2516930312 110.0730167803401 224503.6752901885
25 75504.49138610436 109.9821138292818 224635.5265000663
26 75373.19502353898 109.8929720260537 224766.9120044349
27 75242.35750761403 109.8050635357517 224897.8374288502
28 75111.97445388036 109.7182380516555 225028.307308068
29 74982.04172673753 109.6324367421417 225158.3258365203
30 74852.55530733944 109.5476287860754 225287.8970638745
31 74723.51125483637 109.4637914088639 225417.0249537547
32 74594.90571063478 109.3809046016228 225545.7133847635
33 74466.73489151961 109.2989494864662 225673.9661589938
34 74338.99508158359 109.217907906207 225801.7870105101
35 74211.68263065672 109.1377622580937 225929.1796070851
36 74084.79395330645 109.0584954429487 226056.1475512505
37 73958.32552105797 108.9800908139186 226182.6943881281
38 73832.27134078043 108.9025240057952 226308.8261352137
39 73706.62933539887 108.8257869490334 226434.544877652
40 73581.39778171692 108.749870416558 226559.8523478665
41 73456.57024906662 108.6747447776793 226684.7550061556
42 73332.15486975435 108.6004481702179 226809.2446820754
43 73208.12557432117 108.5268569509802 226933.3475687278
44 73084.50032149587 108.4540562952892 227057.0456222088
45 72961.27156018029 108.3820088670415 227180.3464309526
46 72838.43533995695 108.3106956079952 227303.253964435
47 72715.98840601904 108.2401009909839 227425.7714929899
48 72593.92749436847 108.1702120926009 227547.9022935388
49 72472.25019350671 108.101022985561 227669.6487835077
50 72350.95206861058 108.0325111379656 227791.0154202514