Time X_A X1 X_B
0 100000 250 200000
1 99408.66036636248 225.4777202368979 200615.8619134006
2 98944.24872611089 186.3212958385675 201119.4299780505
3 98631.73915789431 143.5069017667571 201474.7539403389
4 98433.70738153964 114.6770884514062 201701.6155300089
5 98289.86801821973 102.0506509196489 201858.0813308606
6 98165.23618660209 97.7017822591683 201987.0620311387
7 98046.75458813015 96.33150722694531 202106.9139046429
8 97930.27119863036 95.90213635861592 202223.826665011
9 97814.52931038255 95.75722413849778 202339.7134654789
10 97699.15431951592 95.69702081333116 202455.1486596707
11 97584.03497508721 95.6619440831506 202570.3030808296
12 97469.13800118391 95.63438787031018 202685.2276109458
13 97354.45301339957 95.60914793352339 202799.9378386669
14 97239.97639701085 95.58470827894332 202914.4388947102
15 97125.70653093024 95.56063621078286 203028.732832859
16 97011.64233441038 95.53678727030554 203142.8208783193
17 96897.78292489018 95.51312600986687 203256.7039491
18 96784.12645344403 95.48963673815595 203370.3839098178
19 96670.67290711375 95.46631846189993 203483.8607744243
20 96557.42219258774 95.44317086673284 203597.1346365456
21 96444.37161198881 95.42018437475623 203710.2082036365
22 96331.52248278198 95.39736366318303 203823.0801535549
23 96218.87470477853 95.37470843879443 203935.7505867827
24 96106.42296886392 95.35220316358846 204048.2248279725
25 95994.17162726482 95.32986057507645 204160.4985121601
26 95882.11761422551 95.30767325741242 204272.5747125171
27 95770.26083049782 95.28564050554266 204384.4535289967
28 95658.60088090625 95.26376094497088 204496.1353581488
29 95547.13688049259 95.24203209322106 204607.6210874142
30 95435.86794429863 95.22045146781717 204718.9116042336
31 95324.79318736616 95.19901658628318 204830.0077960476
32 95213.91172473699 95.17772496614305 204940.9105502969
33 95103.22395346215 95.15658296670023 205051.6194635712
34 94992.72824457259 95.1355829741741 205162.1361724533
35 94882.42377389724 95.1147229253265 205272.4615031775
36 94772.30972456477 95.09400080726368 205382.596274628
37 94662.38527970377 95.07341460709182 205492.5413056892
38 94552.64962244288 95.05296231191718 205602.2974152452
39 94443.10222917404 95.03264340856562 205711.8651274174
40 94333.74363871047 95.01246281698076 205821.2438984726
41 94224.57214604918 94.99241398245128 205930.4354399684
42 94115.5870295037 94.97249537884959 206039.4404751175
43 94006.78756738754 94.95270548004804 206148.2597271324
44 93898.17303801421 94.933042759919 206256.8939192259
45 93789.74271969723 94.91350569233485 206365.3437746105
46 93681.49633758921 94.89409389846476 206473.6095685124
47 93573.43377232857 94.87480739870094 206581.6914202728
48 93465.55381232312 94.85564340904169 206689.5905442679
49 93357.85580415827 94.83660057865319 206797.3075952631
50 93250.33909441941 94.81767755670163 206904.8432280239