Time X_A X1 X_B
0 100000 250 200000
1 98987.1873753604 382.044727368852 200880.7678972707
2 97103.24980190469 614.9890467237393 202531.7611513716
3 95129.58071708155 604.5706582141132 204515.8486247043
4 93272.71696618546 572.6696496436676 206404.6133841709
5 91532.4726880302 539.6589717642524 208177.8683402055
6 89912.44203643598 505.43931666272 209832.1186469013
7 88419.01697721062 469.1327063838675 211361.8503164055
8 87063.46511371611 429.1627250436796 212757.3721612402
9 85866.26360678223 382.4807507152686 214001.2556425025
10 84866.6126140517 322.8717064454656 215060.5156795028
11 84137.09490416465 240.2190133052608 215872.68608253
12 83748.44925432804 143.0352183725912 216358.5155272993
13 83601.39797837129 87.06874927488585 216561.5332723538
14 83525.16317105723 72.80370177238444 216652.0331271703
15 83461.35224898357 70.27177091841321 216718.3759800979
16 83399.58129596568 69.85865863720663 216780.560045397
17 83338.17764874606 69.79316284999928 216842.0291884039
18 83276.87268885376 69.7837092507846 216903.3436018954
19 83215.62328216943 69.78325219536447 216964.5934656352
20 83154.42248384212 69.78422789417611 217025.7932882637
21 83093.26917035998 69.78543799796442 217086.9453916421
22 83032.16312036364 69.78667846610618 217148.0502011703
23 82971.10427402421 69.7879219331106 217209.1078040427
24 82910.09260334169 69.78916535197733 217270.1182313064
25 82849.12808856019 69.79040660905618 217331.0815048308
26 82788.21067731999 69.79164451494684 217391.9976781651
27 82727.34030251262 69.7928795358129 217452.8668179516
28 82666.51686052271 69.79411155026834 217513.6890279271
29 82605.74045712026 69.79534068222335 217574.4642021976
30 82545.01109230527 69.79656693167794 217635.1923407631
31 82484.32876607771 69.79779029863208 217695.8734436237
32 82423.69331638754 69.79901089513105 217756.5076727174
33 82363.10463976742 69.80022879271458 217817.0951314399
34 82302.56287728529 69.80144389384498 217877.6356788209
35 82242.06802894112 69.80265619852226 217938.1293148604
36 82181.62009473493 69.80386570674642 217998.5760395583
37 82121.2188536836 69.80507251012062 218058.9760738063
38 82060.86425595063 69.80627662930337 218119.3294674201
39 82000.55643307509 69.80747800976833 218179.6360889152
40 81940.29538505703 69.80867665151551 218239.8959382915
41 81880.08111189642 69.80987255454492 218300.1090155491
42 81819.9120204088 69.8110660345648 218360.2769135567
43 81759.7887110732 69.81225697258319 218420.3990319543
44 81699.71191101699 69.8134452245112 218480.4746437585
45 81639.68162024018 69.81463079034884 218540.5037489695
46 81579.69783874277 69.81581367009615 218600.4863475872
47 81519.76056652475 69.81699386375307 218660.4224396115
48 81459.86980358615 69.81817137131964 218720.3120250426
49 81400.02554992693 69.81934619279585 218780.1551038803
50 81340.22780554711 69.82051832818169 218839.9516761247