Time X_A X1 X_B
0 100000 250 200000
1 99577.04131096508 141.0003936361375 200531.9582953988
2 99425.85574855264 89.32876068929211 200734.815490758
3 99337.73602838161 79.18629511860418 200833.0776764997
4 99258.68811743446 77.72967504922431 200913.5822075162
5 99180.91117728814 77.53928006464707 200991.5495426471
6 99103.34696379059 77.52228904854633 201069.1307471607
7 99025.85222128555 77.52878630754431 201146.6189924068
8 98948.40760378851 77.53843147103984 201224.0539647403
9 98871.01054538741 77.54849030668278 201301.4409643057
10 98793.66072313864 77.55858056328738 201378.7806962979
11 98716.35813218784 77.56865677348394 201456.0732110385
12 98639.10280111278 77.57871345404408 201533.3184854331
13 98561.89474854925 77.58874884376645 201610.5165026069
14 98484.73401597216 77.59876150244342 201687.6672225253
15 98407.62076259516 77.60875195740167 201764.7704854473
16 98330.55493542952 77.61872023997195 201841.8263443304
17 98253.53649727031 77.62866637215257 201918.8348363574
18 98176.5654481175 77.6385903539435 201995.7959615284
19 98099.64186452594 77.64849237028152 202072.7096431036
20 98022.76596853948 77.65837295756742 202149.5756585028
21 97945.93758563072 77.6682316941879 202226.3941826749
22 97869.15671579965 77.67806858014295 202303.16521562
23 97792.42335904627 77.68788361543258 202379.8887573381
24 97715.7374990872 77.69767676632918 202456.5648241463
25 97639.09980170429 77.70744941186217 202533.1927488837
26 97562.50966861837 77.71720031281995 202609.7731310687
27 97485.96712951246 77.72692953068476 202686.3059409567
28 97409.47228866341 77.73663727260998 202762.7910740638
29 97333.0254536565 77.74632414278148 202839.2282222006
30 97256.62637413149 77.75598965579681 202915.6176362126
31 97180.275083796 77.76563388099767 202991.9592823228
32 97103.97161635762 77.77525688772573 203068.2531267545
33 97027.71600552397 77.78485874532269 203144.4991357306
34 96951.50828500262 77.79443952313021 203220.6972754741
35 96875.34848850121 77.80399929048997 203296.8475122082
36 96799.23664972733 77.81353811674366 203372.9498121558
37 96723.17280238858 77.82305607123295 203449.00414154
38 96647.15698019257 77.83255322329954 203525.010466584
39 96571.18921684689 77.8420296422851 203600.9687535107
40 96495.26954605915 77.85148539753129 203676.8789685432
41 96419.39800153696 77.86092055837983 203752.7410779045
42 96343.57461698793 77.87033519417238 203828.5550478178
43 96267.79942611964 77.87972937425062 203904.320844506
44 96192.07246263971 77.88910316795624 203980.0384341922
45 96116.39362295666 77.89845635276444 204055.7079206904
46 96040.76281401192 77.90778872854092 204131.3293972594
47 95965.18026687927 77.91710078418279 204206.9026323364
48 95889.6460116002 77.92639258123846 204282.4275958184
49 95814.1600782162 77.93566418125627 204357.9042576024
50 95738.72249676879 77.94491564578463 204433.3325875853