Time X_A X1 X_B
0 100000 250 200000
1 99726.55354298584 105.7696097322804 200417.6768472819
2 99650.35028632525 71.84788284315235 200527.8018308316
3 99597.66722373046 67.80579532864455 200584.5269809408
4 99547.3214445112 67.39463009982772 200635.2839253889
5 99497.22501277427 67.36134643245281 200685.4136407932
6 99447.16633165271 67.36668022830844 200735.4669881189
7 99397.12385262021 67.37592848770217 200785.500218892
8 99347.09541260355 67.38557637243255 200835.5190110239
9 99297.08080474437 67.39525169104495 200885.5239435645
10 99247.08002716713 67.40492502405068 200935.5150478088
11 99197.09309445953 67.41459045799421 200985.4923150824
12 99147.12002738385 67.42424687022768 201035.4557257459
13 99097.1608834549 67.43389422054132 201085.4052223245
14 99047.2156735317 67.44353254047883 201135.3407939277
15 98997.2843686096 67.45316193130753 201185.262469459
16 98947.36696868864 67.46278239302745 201235.1702489182
17 98897.46356297714 67.4723940510805 201285.0640429717
18 98847.57417237827 67.48199693486013 201334.9438306868
19 98797.69875089491 67.49159097968656 201384.8096581253
20 98747.83729852705 67.50117618555981 201434.6615252873
21 98697.9899121574 67.51075261007882 201484.4993352325
22 98648.15661844729 67.52032026909437 201534.3230612835
23 98598.3373650209 67.52987913146782 201584.1327558476
24 98548.53215187821 67.5394291971992 201633.9284189245
25 98498.74210427598 67.54897058377918 201683.7089251401
26 98448.96705213911 67.55850327344982 201733.4744445873
27 98399.20621765988 67.56802718499841 201783.225755155
28 98349.45960083831 67.57754231842496 201832.9628568432
29 98299.72720167438 67.58704867372944 201882.6857496518
30 98250.00902016809 67.59654625091187 201932.3944335809
31 98200.30505631943 67.60603504997223 201982.0889086305
32 98150.61531012843 67.61551507091056 202031.7691748006
33 98100.93978159507 67.62498631372682 202081.4352320911
34 98051.27847071934 67.63444877842103 202131.0870805022
35 98001.63137750125 67.64390246499319 202180.7247200336
36 97951.99850194082 67.6533473734433 202230.3481506856
37 97902.37984403803 67.66278350377134 202279.9573724581
38 97852.77540379288 67.67221085597733 202329.552385351
39 97803.18518120538 67.68162943006126 202379.1331893645
40 97753.60917627551 67.69103922602315 202428.6997844984
41 97704.0473890033 67.70044024386297 202478.2521707527
42 97654.49981938871 67.70983248358074 202527.7903481276
43 97604.96646743179 67.71921594517646 202577.3143166229
44 97555.4473331325 67.72859062865012 202626.8240762388
45 97505.94241649086 67.73795653400174 202676.319626975
46 97456.45265870774 67.74731399910267 202725.8000272931
47 97406.97971844953 67.75666361937941 202775.263617931
48 97357.52130563317 67.76600457274013 202824.712689794
49 97308.07742025868 67.77533685918485 202874.1472428821
50 97258.64806232603 67.78466047871353 202923.5672771952