Time X_A X1 X_B
0 100000 250 200000
1 99675.42210364259 110.4853580984599 200464.092538259
2 99595.38455098608 63.70287436958017 200590.9125746444
3 99551.5155495505 57.23706740239371 200641.2473830472
4 99511.32260017836 56.53710579340078 200682.1402940283
5 99471.52019375126 56.46906057505537 200722.0107456738
6 99431.7660539878 56.46795698696465 200761.7659890253
7 99392.02413488303 56.47389678401366 200801.501968333
8 99352.29065892579 56.48058057671297 200841.2287604975
9 99312.56523264076 56.48733612345835 200880.9474312358
10 99272.84782880943 56.49409453766433 200920.6580766529
11 99233.13845121283 56.50085161671557 200960.3606971705
12 99193.43710630499 56.5076044310031 201000.055289264
13 99153.74380845748 56.51435224693465 201039.7418392956
14 99114.05858743459 56.52109539940094 201079.420317166
15 99074.38146188982 56.52783385429362 201119.0907042559
16 99034.7124051421 56.53456766039955 201158.7530271975
17 98995.05141719145 56.54129681771872 201198.4072859908
18 98955.39849803787 56.54802132625115 201238.0534806359
19 98915.75373214782 56.55474132527932 201277.6915265269
20 98876.11709467504 56.56145677383257 201317.3214485511
21 98836.48856559144 56.56816763888521 201356.9432667697
22 98796.86814489702 56.57487392043721 201396.5569811825
23 98757.2558375846 56.5815756207202 201436.1625867947
24 98717.65176198226 56.5882727926227 201475.7599652251
25 98678.05583884211 56.59496540072368 201515.3491957572
26 98638.46806816413 56.60165344502312 201554.9302783908
27 98598.88844994837 56.60833692552104 201594.5032131261
28 98559.31747263164 56.61501585922701 201634.0675115091
29 98519.75576330781 56.62169026797924 201673.6225464242
30 98480.20232086926 56.62836011691468 201713.1693190138
31 98440.65714531596 56.63502540603331 201752.707829278
32 98401.12023664794 56.64168613533514 201792.2380772167
33 98361.59159486518 56.64834230482018 201831.76006283
34 98322.07121996771 56.6549939144884 201871.2737861178
35 98282.55911195549 56.66164096433983 201910.7792470802
36 98243.05527082854 56.66828345437445 201950.2764457171
37 98203.55969658686 56.67492138459228 201989.7653820285
38 98164.07238923045 56.6815547549933 202029.2460560146
39 98124.59334875931 56.68818356557752 202068.7184676751
40 98085.12257517345 56.69480781634494 202108.1826170102
41 98045.66006847283 56.70142750729556 202147.6385040199
42 98006.2058286575 56.70804263842938 202187.0861287041
43 97966.75985572743 56.71465320974639 202226.5254910628
44 97927.32214968264 56.7212592212466 202265.9565910961
45 97887.89271052311 56.72786067293001 202305.3794288039
46 97848.47153824886 56.73445756479662 202344.7940041863
47 97809.05863285987 56.74104989684643 202384.2003172433
48 97769.65399435615 56.74763766907943 202423.5983679748
49 97730.2576227377 56.75422088149564 202462.9881563808
50 97690.86951800452 56.76079953409504 202502.3696824614