Time X_A X1 X_B
0 100000 250 200000
1 99593.61270984339 163.4530146636054 200492.934275493
2 99396.50262379389 113.864478918083 200739.632897288
3 99274.54820254738 97.83343958701775 200877.6183578656
4 99170.99840264181 93.97581517495431 200985.0257821832
5 99071.56824653089 93.12705372294961 201085.3046997461
6 98973.10913664413 92.94484169716534 201183.9460216586
7 98874.94346202568 92.90638283732993 201282.1501551369
8 98776.92616881314 92.89869977237987 201380.1751314144
9 98679.02619486745 92.89756461251638 201478.07624052
10 98581.2368545191 92.89781809310692 201575.8653273878
11 98483.55665489161 92.89837428780284 201673.5449708205
12 98385.98516838347 92.89898543490236 201771.1158461816
13 98288.52214964409 92.8996054037415 201868.5782449521
14 98191.1675239183 92.90022700864176 201965.9322490731
15 98093.92117130241 92.90084826443862 202063.1779804332
16 97996.78297904211 92.90146691604203 202160.3155540419
17 97899.75287221937 92.9020835044862 202257.3450442761
18 97802.83068306369 92.90269707176017 202354.2666198645
19 97706.0159332927 92.90330808198593 202451.0807586253
20 97609.30812003101 92.90391650058959 202547.7879634684
21 97512.70791722307 92.90452237390642 202644.387560403
22 97416.21532486888 92.90512570193641 202740.8795494292
23 97319.83034296845 92.90572648467956 202837.2639305469
24 97223.55297152174 92.90632472213588 202933.5407037561
25 97127.3832105288 92.90692041430535 203029.7098690569
26 97031.31882111289 92.90751402159378 203125.7736648655
27 96935.36138253172 92.90810521924038 203221.730512249
28 96839.51093746138 92.90869399846915 203317.5803685401
29 96743.7674859019 92.90928035928009 203413.3232337388
30 96648.13102785328 92.90986430167322 203508.959107845
31 96552.60156331549 92.91044582564852 203604.4879908588
32 96457.18145932369 92.91102459018916 203699.9075160861
33 96361.86148360094 92.91160192538183 203795.2269144737
34 96266.64833674753 92.91217686587645 203890.4394863866
35 96171.54191178482 92.91274942708533 203985.5453387881
36 96076.54210173416 92.91331962442082 204080.5445786414
37 95981.6487996169 92.91388747329525 204175.4373129098
38 95886.86168778437 92.91445301280392 204270.2238592028
39 95792.17873654875 92.91501647450531 204364.9062469767
40 95697.60153839954 92.91557768276179 204459.4828839177
41 95603.12996023952 92.91613665592189 204553.9539031045
42 95508.76386897149 92.91669341233411 204648.3194376162
43 95414.50313149828 92.91724797034695 204742.5796205314
44 95320.34761472266 92.91780034830894 204836.734584929
45 95226.29718554745 92.91835056456857 204930.7844638879
46 95132.35171087546 92.91889863747437 205024.729390487
47 95038.51105760947 92.91944458537482 205118.5694978051
48 94944.77509265231 92.91998842661845 205212.304918921
49 94851.14368290677 92.92053017955377 205305.9357869136
50 94757.61669527566 92.92106986252927 205399.4622348618