Time X_A X1 X_B
0 100000 250 200000
1 99173.18784229553 369.3539859506235 200707.4581717538
2 98003.35331047486 467.4844995010386 201779.162190024
3 96802.60153618618 470.575159508183 202976.8233043056
4 95647.39682832282 455.660145574987 204146.9430261021
5 94542.02439211086 438.9002816051464 205269.075326284
6 93487.46459034753 421.7409014718659 206340.7945081806
7 92484.60980456945 404.2401050800885 207361.1500903504
8 91534.67070436479 386.2837200388852 208329.0455755963
9 90639.34612041987 367.695258245991 209242.9586213342
10 89801.00482685721 348.2327001854522 210100.7624729574
11 89022.92685929456 327.5665481874882 210899.506592518
12 88309.61689305032 305.2552142203712 211635.1278927293
13 87667.13898600511 280.7439236033736 212302.1170903915
14 87103.25386972413 253.4693522295444 212893.2767780463
15 86626.49149938949 223.2841288353111 213400.2243717752
16 86242.68712828262 191.431527518211 213815.8813441992
17 85948.39185325796 161.4895340299499 214140.1186127121
18 85726.54327092535 138.0328988219887 214385.4238302528
19 85552.43551420525 123.0127520850123 214574.5517337098
20 85404.76705899354 114.8337408203265 214730.3992001862
21 85270.26818908282 110.7942396028805 214868.9375713144
22 85142.06753241942 108.875820636052 214999.0566469447
23 85016.92826543974 107.9552108708602 215125.1165236895
24 84893.38748481023 107.4842942611796 215249.1282209287
25 84770.79905560418 107.2122112269799 215371.988733169
26 84648.87906667338 107.0274310084259 215494.0935023183
27 84527.50221497676 106.8812086446296 215615.6165763788
28 84406.6118442646 106.7524310104318 215736.6357247251
29 84286.18089530637 106.6320261976631 215857.1870784961
30 84166.19497673157 106.5160995725574 215977.288923696
31 84046.64508860216 106.4029557332368 216096.9519556648
32 83927.52465664156 106.2918699041215 216216.1834734545
33 83808.82801853037 106.1825271941633 216334.9894542756
34 83690.55035158736 106.0747682846912 216453.3748801281
35 83572.68683783308 105.9684968909182 216571.3446652761
36 83455.23298811041 105.8636610088827 216688.9033508809
37 83338.18429193214 105.7602183377019 216806.0554897303
38 83221.53650740028 105.6581330421069 216922.8053595578
39 83105.28533230371 105.5573713354461 217039.157296361
40 82989.42672079269 105.4579025367934 217155.1153766707
41 82873.9565650833 105.3596961713245 217270.6837387455
42 82758.87098701905 105.2627240606128 217385.8662889205
43 82644.16605741851 105.1669580020749 217500.6669845796
44 82529.83805941053 105.0723716967474 217615.0895688929
45 82415.88322797163 104.9789387995834 217729.137833229
46 82302.29799924055 104.8866347087067 217842.8153660509
47 82189.07876190019 104.7954347545313 217956.1258033455
48 82076.22209293628 104.7053158617561 218069.0725912021
49 81963.72453194627 104.6162549356085 218181.6592131183
50 81851.58277714328 104.5282302292422 218293.8889926276