Time X_A X1 X_B
0 100000 250 200000
1 99166.43457232036 324.6826290285268 200758.8827986511
2 97720.02665020082 535.4419963410502 201994.5313534582
3 95819.75180472771 610.3498522482718 203819.898343024
4 94006.63689009543 583.0386696822773 205660.3244402223
5 92309.96315277401 549.3635727575448 207390.6732744684
6 90734.0520704396 514.1612530248574 209001.7866765355
7 89285.27899119443 476.8427689100382 210487.8782398955
8 87974.44017167938 435.9486049232249 211839.6112233973
9 86820.36935333081 388.8073328301193 213040.823313839
10 85856.52045325833 330.6107203064449 214062.8688264352
11 85137.42885857068 255.2560090190114 214857.3151324102
12 84709.07416774335 170.3910092061788 215370.5348230504
13 84505.63444366514 113.5803297707444 215630.785226564
14 84391.21890858027 93.65435189128419 215765.1267395283
15 84298.9382221735 88.78696432198831 215862.2748135043
16 84211.52348394309 87.72062302226783 215950.7558930345
17 84125.22539717925 87.48809695323347 216037.2865058673
18 84039.25199453605 87.43237578378054 216123.3156296799
19 83953.43685526081 87.4138343849668 216209.149310354
20 83867.74493724581 87.40308938439469 216294.8519733696
21 83782.16874899795 87.39399948664331 216380.4372515152
22 83696.70655722205 87.38529344351427 216465.9081493342
23 83611.35779409841 87.37668859973533 216551.2655173016
24 83526.12202237581 87.36813254499641 216636.5098450789
25 83440.99913369166 87.3596181785544 216721.6412481295
26 83355.98876867372 87.35114089451959 216806.6600904315
27 83271.09091074071 87.34270046397327 216891.5663887951
28 83186.30508433146 87.33429500955901 216976.3606206588
29 83101.63135903566 87.32592494436699 217061.0427160198
30 83017.06769143429 87.31758846061339 217145.6147201049
31 82932.61549633008 87.3092869016252 217230.0752167681
32 82848.27477372304 87.30102026740241 217314.4242060093
33 82764.04552361315 87.29278855794503 217398.6616878287
34 82679.92774600042 87.28459177325306 217482.7876622261
35 82595.91901950633 87.27642743002217 217566.8045530634
36 82512.02026570808 87.26829647339858 217650.7114378183
37 82428.23198050635 87.26019941196539 217734.5078200815
38 82344.55416390109 87.25213624572257 217818.193699853
39 82260.98681589233 87.24410697467015 217901.7690771328
40 82177.53147717031 87.23611314252652 217985.232409687
41 82094.17922473983 87.22814580875863 218068.5926294512
42 82010.93710483055 87.22021203344528 218151.8426831358
43 81927.80490692469 87.21231160565495 218234.9827814694
44 81844.78242050449 87.20444431445607 218318.0131351808
45 81761.86839101238 87.19660888752961 218400.9350000999
46 81679.06157643633 87.18880406531052 218483.7496194981
47 81596.36316583103 87.18103105969493 218566.455803109
48 81513.77290035534 87.17328961062502 218649.0538100338
49 81431.29052116811 87.16557945804291 218731.5438993736
50 81348.91576942819 87.15790034189079 218813.9263302297