Time X_A X1 X_B
0 100000 250 200000
1 0.0001419181460219715 0.06866962613988233 300249.9311884556
2 8.266387269935812e-05 0.0686695483687422 300249.931247788
3 4.946513408662551e-05 0.0686695046998707 300249.9312810311
4 3.052108463014536e-05 0.06866947977204722 300249.9313
5 1.995478954759905e-05 0.06866946586971677 300249.9313105794
6 1.431380034034548e-05 0.06866945849989525 300249.9313162272
7 1.130564890881684e-05 0.06866945449575333 300249.9313192389
8 9.673684782296729e-06 0.06866945236162687 300249.9313208728
9 8.736056488506644e-06 0.06866945112435907 300249.9313218108
10 8.169516512106856e-06 0.06866945037990592 300249.9313223769
11 7.810898225775071e-06 0.06866944990959782 300249.9313227356
12 7.571006971838325e-06 0.06866944959657674 300249.9313229759
13 7.423296667600957e-06 0.06866944940148716 300249.9313231237
14 7.317752166151531e-06 0.06866944926183034 300249.9313232293
15 7.302907899769176e-06 0.06866944924251829 300249.9313232441
16 7.298316956728862e-06 0.06866944923682117 300249.9313232492
17 7.293726013688548e-06 0.06866944923112406 300249.9313232544
18 7.289135070648235e-06 0.06866944922542695 300249.9313232595
19 7.284544127607921e-06 0.06866944921972983 300249.9313232647
20 7.281938107582212e-06 0.06866944921632517 300249.9313232676
21 7.280686771883942e-06 0.0686694492144851 300249.931323269
22 7.279435436185673e-06 0.06866944921264502 300249.9313232704
23 7.278184100487403e-06 0.06866944921080494 300249.9313232718
24 7.27696353313306e-06 0.0686694492090085 300249.9313232731
25 7.276916246199471e-06 0.06866944920887622 300249.9313232719
26 7.276868959265882e-06 0.06866944920874393 300249.9313232708
27 7.276821672332293e-06 0.06866944920861164 300249.9313232697
28 7.276774385398704e-06 0.06866944920847935 300249.9313232685
29 7.276727098465114e-06 0.06866944920834707 300249.9313232673
30 7.276679811531526e-06 0.06866944920821477 300249.9313232662
31 7.276632524597936e-06 0.06866944920808249 300249.931323265
32 7.276585237664347e-06 0.06866944920795021 300249.9313232639
33 7.276537950730758e-06 0.06866944920781791 300249.9313232627
34 7.276490663797168e-06 0.06866944920768563 300249.9313232615
35 7.27644337686358e-06 0.06866944920755334 300249.9313232604
36 7.276396089929991e-06 0.06866944920742105 300249.9313232593
37 7.276348802996401e-06 0.06866944920728876 300249.9313232581
38 7.276301516062812e-06 0.06866944920715648 300249.9313232569
39 7.276254229129223e-06 0.0686694492070242 300249.9313232558
40 7.276206942195634e-06 0.0686694492068919 300249.9313232546
41 7.276159655262045e-06 0.06866944920675962 300249.9313232534
42 7.276112368328455e-06 0.06866944920662733 300249.9313232523
43 7.276065081394867e-06 0.06866944920649504 300249.9313232511
44 7.276017794461277e-06 0.06866944920636275 300249.93132325
45 7.275970507527688e-06 0.06866944920623047 300249.9313232488
46 7.275923220594099e-06 0.06866944920609817 300249.9313232477
47 7.275875933660509e-06 0.06866944920596589 300249.9313232465
48 7.275828646726921e-06 0.06866944920583361 300249.9313232453
49 7.275781359793332e-06 0.06866944920570131 300249.9313232442
50 7.275734072859742e-06 0.06866944920556903 300249.931323243