Time X_A X1 X_B
0 100000 250 200000
1 99759.42283894107 95.33087331393797 200395.246287745
2 99697.35222722832 65.60657759507862 200487.0411951766
3 99653.01958821958 62.53844356536857 200534.441968215
4 99610.2493598868 62.26238498985111 200577.4882551233
5 99567.62926976432 62.24469097951368 200620.1260392561
6 99525.03125188839 62.25058646989122 200662.7181616417
7 99482.44365552519 62.2586379744552 200705.2977065003
8 99439.86542157941 62.26687408621664 200747.8677043342
9 99397.29647122367 62.27512174983117 200790.4284070264
10 99354.73680862045 62.28336750159718 200832.9798238778
11 99312.18524671647 62.29160899927638 200875.5231442841
12 99269.66060554225 62.29983649644679 200918.0395579612
13 99227.15279423108 62.30805653405334 200960.5391492348
14 99184.64498291991 62.31627657165988 201003.0387405083
15 99142.13717160875 62.32449660926643 201045.5383317819
16 99099.69274894256 62.33267912888975 201087.9745719285
17 99057.1984172532 62.34089118828151 201130.4606915584
18 99014.71346283195 62.34909769752801 201172.9374394704
19 98972.23793032237 62.35729725394876 201215.4047724236
20 98929.77187433965 62.36548814155857 201257.8626375187
21 98887.31523478667 62.37367224858227 201300.3110929647
22 98844.86801166342 62.38184957501986 201342.7501387615
23 98802.43020496992 62.39002012087134 201385.1797749091
24 98760.00181470615 62.39818388613671 201427.6000014076
25 98717.58299146355 62.40634362886534 201470.0106649075
26 98675.17367617406 62.41449826723816 201512.4118255586
27 98632.77383651673 62.42264720930431 201554.8035162739
28 98590.38347249155 62.43079045506378 201597.1857370533
29 98548.00258409852 62.43892800451657 201639.5584878969
30 98505.63121109713 62.4470597946309 201681.9217291081
31 98463.26950055409 62.455185592258 201724.2753138535
32 98420.91733029616 62.46330559108235 201766.6193641127
33 98378.57470032334 62.47141979110396 201808.9538798855
34 98336.24161063564 62.47952819232283 201851.2788611719
35 98293.91806123305 62.48763079473895 201893.5943079721
36 98251.60473524789 62.49572814829649 201935.8995366037
37 98209.30144986663 62.50382010582447 201978.1947300274
38 98167.00782063906 62.51190635782775 202020.480273003
39 98124.72384756517 62.51998690430634 202062.7561655304
40 98082.44953064497 62.52806174526021 202105.0224076097
41 98040.18486987845 62.53613088068939 202147.2789992407
42 97997.92986526563 62.54419431059387 202189.5259404237
43 97955.68451680649 62.55225203497364 202231.7632311584
44 97913.44882450104 62.56030405382872 202273.990871445
45 97871.22278834927 62.56835036715908 202316.2088612835
46 97829.0064083512 62.57639097496476 202358.4172006737
47 97786.79968450681 62.58442587724573 202400.6158896158
48 97744.60261681612 62.592455074002 202442.8049281098
49 97702.4152052791 62.60047856523357 202484.9843161555
50 97660.23744989578 62.60849635094043 202527.1540537532