Time X_A X1 X_B
0 100000 250 200000
1 97369.3705168912 988.8084798667672 201891.821003242
2 94217.62003831311 946.8539684651491 205085.5259932218
3 91247.63679570986 897.7005439392243 208104.662660351
4 88448.73967781175 849.8591133358206 210951.4012088525
5 85816.69024099498 803.1478943894799 213630.1618646156
6 83347.86312489324 757.3589257867841 216144.77794932
7 81039.560765492 712.2394105140145 218498.199823994
8 78890.13215703661 667.4679876444812 220692.3998553189
9 76899.3440935285 622.612822785 222728.0430836865
10 75068.9926340361 577.0489824617607 224603.9583835021
11 73403.9131315878 529.8118178134964 226316.2750505987
12 71913.97341707321 479.2779366880349 227856.7486462388
13 70618.04291403492 422.5249967818029 229209.4320891833
14 69551.34353060099 354.2678606951963 230344.3886087038
15 68772.48492279075 267.9832070503292 231209.5318701589
16 68325.36451140021 174.2997539645791 231750.3357346352
17 68119.7432600351 116.0984205153884 232014.1583194495
18 68001.85602388716 97.4039895399731 232150.7399865729
19 67904.32024764395 93.1278891947116 232252.5518631614
20 67811.09525946519 92.22409294540368 232346.6806475895
21 67718.891060952 92.01841280766006 232439.0905262404
22 67627.04758205658 91.95322289047928 232530.999195053
23 67535.43264584092 91.91617096155603 232622.6511831976
24 67444.01936427136 91.88485101866515 232714.0957847101
25 67352.80173680256 91.85480340796845 232805.3434597896
26 67261.77793508503 91.82516129159873 232896.3969036235
27 67170.94692965811 91.79573873132374 232987.2573316107
28 67080.30717195141 91.76649950127971 233077.9263285474
29 66989.85882136313 91.73744321584719 233168.4037354212
30 66899.60007665907 91.70856016487056 233258.6913631762
31 66809.53142050476 91.67985320397032 233348.7887262914
32 66719.65084104966 91.65131583587998 233438.6978431146
33 66629.95850213667 91.62294930962884 233528.4185485539
34 66540.45007768825 91.59474561252374 233617.9551766994
35 66451.12839736734 91.56670998562215 233707.3048926472
36 66361.99346117394 91.53884242892407 233796.4676963973
37 66273.04499409447 91.51114231778519 233885.4438635879
38 66184.27656444714 91.48359504378878 233974.2398405092
39 66095.6921795174 91.45620970876824 234062.851610774
40 66007.29183930525 91.42898631272352 234151.2791743822
41 65919.07554381069 91.40192485565466 234239.5225313338
42 65831.03972944642 91.3750176104251 234327.5852529433
43 65743.17907702009 91.34825304311634 234415.4726699369
44 65655.50108231054 91.32164740726776 234503.1772702823
45 65568.00504320963 91.29519918045686 234590.69975761
46 65480.68543345048 91.26889609334214 234678.0456704563
47 65393.54425704351 91.24274265200025 234765.2130003046
48 65306.58109616783 91.21673796732371 234852.202165865
49 65219.79508312338 91.1908801479961 234939.0140367288
50 65133.18535021009 91.16516730270095 235025.6494824874