Time X_A X1 X_B
0 100000 250 200000
1 99528.38200488598 190.5730361065904 200531.0449590074
2 99240.20607611242 139.7903409361991 200870.0035829514
3 99064.34672373797 111.6185626524505 201074.0347136095
4 98933.71872584081 100.8917730272748 201215.3895011318
5 98817.57006484654 97.51225316769631 201334.9176819856
6 98705.78553671001 96.51076381357022 201447.7036994763
7 98595.37632944527 96.21130975556923 201558.412360799
8 98485.48596205602 96.11306516301553 201668.4009727808
9 98375.87127847258 96.07191370426571 201778.056807823
10 98266.46331730606 96.04694547541921 201887.4897372184
11 98157.24226794139 96.02660524848359 201996.73112681
12 98048.20213300113 96.00762971606297 202105.7902372827
13 97939.34085765712 95.98913648413436 202214.6700058586
14 97830.65742567906 95.970857356224 202323.3717169646
15 97722.15113824945 95.9527198366081 202431.8961419138
16 97613.82096855328 95.93470334215401 202540.2443281045
17 97505.66625999349 95.91680208508321 202648.4169379213
18 97397.6873306038 95.89901748426905 202756.4136519118
19 97289.88241419576 95.88134284222396 202864.2362429619
20 97182.25187354548 95.86377953461579 202971.8843469198
21 97074.7967334034 95.84633048253133 203079.356936114
22 96967.51162735019 95.82898174768555 203186.659390902
23 96860.40048615821 95.81174353953507 203293.7877703022
24 96753.46187032084 95.7946127034988 203400.7435169756
25 96646.69480359649 95.77758699484396 203507.5276094086
26 96540.09912657915 95.76066577309552 203614.1402076477
27 96433.67417127998 95.74384739892642 203720.581981321
28 96327.41926971015 95.72713023300953 203826.8536000568
29 96221.3339541915 95.7105140155671 203932.9555317929
30 96115.41790803862 95.69399952671598 204038.8880924346
31 96009.67026511992 95.67758376251017 204144.6521511175
32 95904.09041119066 95.66126545376086 204250.2483233555
33 95798.67773200612 95.64504333127928 204355.6772246625
34 95693.43172765702 95.6289166356439 204460.9393557073
35 95588.35247885821 95.6128871961598 204566.0346339456
36 95483.43902308551 95.59695219082603 204670.9640247236
37 95378.6908184455 95.58111067303378 204775.7280708814
38 95274.10732304477 95.56536169617425 204880.327315259
39 95169.68799498987 95.54970431363866 204984.7623006965
40 95065.43281051476 95.53413853892032 205089.0330509463
41 94961.34100951752 95.51866302106505 205193.1403274614
42 94857.41208048821 95.50327686976533 205297.0846426419
43 94753.64552762076 95.48797922381333 205400.8664931554
44 94650.04085510908 95.47276922200116 205504.4863756688
45 94546.59813794265 95.45764694500886 205607.9442151123
46 94443.31668002383 95.44261120112105 205711.240708775
47 94340.19584558021 95.42766089816706 205814.3764935216
48 94237.23515789199 95.41279520643386 205917.3520469015
49 94134.43414023933 95.39801329620839 206020.1678464644
50 94031.79231590242 95.38331433777766 206122.8243697598