Time X_A X1 X_B
0 100000 250 200000
1 99650.56299256069 135.0484151627274 200464.3885922766
2 99509.69206916803 95.31453225025336 200644.9933985817
3 99413.09848739537 87.54543493461921 200749.3560776701
4 99323.64540938934 86.29653570156627 200840.0580549092
5 99235.36091569725 86.10876706312614 200928.5303172397
6 99147.31943711819 86.08639442735748 201016.5941684546
7 99059.37804372847 86.08958376526702 201104.5323725063
8 98971.51466240096 86.0966653720883 201192.388672227
9 98883.72594660334 86.10434637293922 201280.1697070238
10 98796.01135324339 86.11209119549952 201367.8765555612
11 98708.37080591301 86.11982508706171 201455.509369
12 98620.80429790025 86.12754154629873 201543.0681605535
13 98533.31182148375 86.13523485242131 201630.5529436639
14 98445.89337813946 86.14290650558587 201717.963715355
15 98358.54896325139 86.15055491353544 201805.3004818351
16 98271.27856769592 86.15818080495077 201892.5632514992
17 98184.08218316062 86.16578432443937 201979.752032515
18 98096.95982093881 86.17336527553668 202066.8668137857
19 98009.91148103049 86.18092365824268 202153.9075953113
20 97922.93716343566 86.18845947255737 202240.8743770918
21 97836.03686815433 86.19597271848076 202327.7671591273
22 97749.21055790232 86.20346444943489 202414.5859776483
23 97662.45823302866 86.21093465555752 202501.3308323158
24 97575.77991208038 86.21838281282409 202588.0017051068
25 97489.17559505749 86.22580892123457 202674.5985960214
26 97402.64528195995 86.23321298078898 202761.1215050593
27 97316.1889727878 86.24059499148731 202847.5704322208
28 97229.80669301117 86.24795450953535 202933.9453524794
29 97143.49821807556 86.25529544759335 203020.2464864769
30 97057.26373798294 86.26261449504786 203106.4736475221
31 96971.10324773098 86.26991173905961 203192.62684053
32 96885.01674231738 86.27718726678934 203278.7060704159
33 96799.00421607068 86.28444116890083 203364.7113427605
34 96713.06528687071 86.29167550669948 203450.6430376226
35 96627.20027733639 86.29888865230731 203536.5008340114
36 96541.4091802966 86.30608070423845 203622.2847389992
37 96455.69198858022 86.31325176100701 203707.9947596588
38 96370.04869501611 86.32040192112709 203793.6309030628
39 96284.47929243317 86.32753128311279 203879.1931762838
40 96198.98377366028 86.33463994547823 203964.6815863943
41 96113.56213152628 86.34172800673753 204050.096140467
42 96028.21435886009 86.34879556540476 204135.4368455746
43 95942.94044849055 86.35584271999404 204220.7037087895
44 95857.74039324658 86.36286956901951 204305.8967371845
45 95772.61418595702 86.36987621099524 204391.0159378321
46 95687.56181945076 86.37686274443537 204476.0613178049
47 95602.58328655668 86.38382926785398 204561.0328841755
48 95517.67858010365 86.3907758797652 204645.9306440167
49 95432.84769292055 86.39770267868312 204730.7546044008
50 95348.09061783625 86.40460976312185 204815.5047724007