Time X_A X1 X_B
0 100000 250 200000
1 99248.12563274597 246.939839235878 200754.9345280181
2 98552.75023209043 226.9427246750312 201470.3070432344
3 98020.5314133975 175.5223913104357 202053.9461952919
4 97740.24043190372 109.3501167506481 202400.4094513455
5 97618.94702156348 77.08133070342392 202553.971647733
6 97539.47525844621 69.55221245380068 202640.9725290999
7 97467.56246010715 68.19930138848547 202714.2382385042
8 97396.96973343323 67.97272855921312 202785.0575380074
9 97326.63699862685 67.93872357209818 202855.424277801
10 97256.38549160041 67.9372313755234 202925.677277024
11 97186.18511284517 67.94118896209238 202995.8736981927
12 97116.03083104816 67.94606042836764 203066.0231085235
13 97045.92179294107 67.95107209490718 203136.127134964
14 96975.85786179171 67.9560959715626 203206.1860422367
15 96905.83902018893 67.96111188053315 203276.1998679305
16 96835.86526882238 67.96611864974076 203346.1686125279
17 96765.93660880372 67.97111348414309 203416.0922777121
18 96696.05304328664 67.97609670274905 203485.9708600106
19 96626.21457442542 67.9810677725098 203555.804357802
20 96556.42122560099 67.98602706969437 203625.5927473293
21 96486.67298667268 67.99097456321348 203695.3360387641
22 96416.96985248565 67.99591023726332 203765.0342372771
23 96347.31182303988 68.00083409184386 203834.6873428682
24 96277.69889833539 68.00574612695513 203904.2953555376
25 96208.1310786668 68.01064634832434 203973.8582749849
26 96138.60840455783 68.01553554369923 204043.3760598985
27 96069.13084726386 68.02041315430816 204112.8487395818
28 95999.6984067849 68.02527918015116 204182.276314035
29 95930.31108312093 68.03013362122822 204251.6587832579
30 95860.96887627197 68.03497647753935 204320.9961472505
31 95791.67174323586 68.03980680342602 204390.2884499607
32 95722.4198278134 68.04462776120519 204459.5355444254
33 95653.21303127961 68.04943717982025 204528.7375315406
34 95584.05135534133 68.05423509680612 204597.8944095618
35 95514.93480170537 68.05902154969775 204667.0061767449
36 95445.8633720786 68.06379657603003 204736.0728313453
37 95376.83705402647 68.06856051961071 204805.0943854539
38 95307.85584028716 68.07331361221773 204874.0708461006
39 95238.91975026793 68.07805550803066 204943.002194224
40 95170.02878541508 68.08278625022751 205011.8884283347
41 95101.18294717488 68.08750588198633 205080.7295469431
42 95032.38223699361 68.09221444648513 205149.5255485599
43 94963.62665631756 68.09691198690194 205218.2764316955
44 94894.91620659298 68.10159854641479 205286.9821948606
45 94826.25088926619 68.10627416820172 205355.6428365656
46 94757.63070578343 68.11093889544074 205424.2583553211
47 94689.055657591 68.11559277130988 205492.8287496377
48 94620.52574613519 68.12023583898716 205561.3540180258
49 94552.04097286225 68.12486814165062 205629.8341589961
50 94483.60133921847 68.1294897224783 205698.269171059