Time X_A X1 X_B
0 100000 250 200000
1 99718.59269634943 99.41809485204156 200431.9892087985
2 99646.11691329944 68.84662270366108 200535.036463997
3 99593.85809629866 65.90559044047264 200590.2363132609
4 99543.25202222617 65.66447816747718 200641.0834996065
5 99492.79598481396 65.65338033346295 200691.5506348527
6 99442.36441921812 65.66160393237023 200741.9739768496
7 99391.94682132486 65.67144978520227 200792.3817288901
8 99341.54232189253 65.68141812012908 200842.7762599875
9 99291.150873815 65.69138946217259 200893.157736723
10 99240.77249160789 65.70135467728444 200943.5261537149
11 99190.40718962802 65.71131194199553 200993.8814984301
12 99140.05500907118 65.72126014242737 201044.2237307865
13 99089.71601132794 65.73119953644736 201094.5527891357
14 99039.39014638592 65.74113025563082 201144.8687233586
15 98989.07741424513 65.75105229997774 201195.171533455
16 98938.77786219308 65.76096573460225 201245.4611720725
17 98888.49158655782 65.7708706921464 201295.7375427502
18 98838.21851160066 65.78076706831931 201346.0007213312
19 98787.95863732159 65.79065486312096 201396.2507078155
20 98737.7120203392 65.80053410324298 201446.4874455577
21 98687.47876148262 65.81040483621908 201496.7108336813
22 98637.25877880146 65.8202670234155 201546.9209541753
23 98587.05207229572 65.83012066483226 201597.1178070396
24 98536.85937424221 65.83996579553308 201647.3006599624
25 98486.68132824835 65.84980244633589 201697.4688693054
26 98436.51674528408 65.85963056030619 201747.6236241557
27 98386.3656253494 65.86945013744399 201797.7649245133
28 98336.22796844429 65.8792611777493 201847.8927703781
29 98286.10377456876 65.8890636812221 201898.0071617501
30 98235.99304372283 65.8988576478624 201948.1080986294
31 98185.89577590648 65.90864307767021 201998.195581016
32 98135.81197111971 65.9184199706455 202048.2696089098
33 98085.74162936251 65.9281883267883 202098.3301823108
34 98035.68475063491 65.93794814609861 202148.3773012191
35 97985.6413349369 65.94769942857641 202198.4109656347
36 97935.61138226846 65.95744217422171 202248.4311755575
37 97885.59489262961 65.96717638303451 202298.4379309875
38 97835.59186602035 65.97690205501482 202348.4312319248
39 97785.60230244066 65.98661919016261 202398.4110783693
40 97735.62620189055 65.99632778847793 202448.3774703211
41 97685.66356437004 66.00602784996073 202498.3304077801
42 97635.71438987911 66.01571937461102 202548.2698907464
43 97585.77867841776 66.02540236242884 202598.1959192199
44 97535.856429986 66.03507681341414 202648.1084932007
45 97485.94954472162 66.04474322089675 202698.0057120576
46 97436.05796337278 66.05440156949322 202747.8876350579
47 97386.18017157468 66.06405146603137 202797.7557769594
48 97336.31616932731 66.0736929105112 202847.6101377623
49 97286.46595663068 66.08332590293271 202897.4507174665
50 97236.62953348478 66.09295044329589 202947.277516072