Time X_A X1 X_B
0 100000 250 200000
1 98776.3595197938 570.0727818087006 200903.5676983976
2 96677.93366123254 750.7254125501671 202821.3409262173
3 94722.1140237673 722.6355734667452 204805.250402766
4 92855.39973969117 693.1728521499264 206701.4274081589
5 91076.07160108391 663.9843914231581 208509.9440074929
6 89383.45973194677 634.9791615944472 210231.5611064588
7 87777.25189087492 606.032313804015 211866.715795321
8 86257.58248067189 576.9855883395638 213415.4319309885
9 84825.1672917799 547.6314973290278 214877.201210891
10 83481.49893027164 517.6877957705181 216250.8132739578
11 82229.18377025344 486.7529951835276 217534.063234563
12 81072.4550160291 454.2346973853169 218723.3102865856
13 80018.02510089388 419.22154789944 219812.7533512067
14 79076.49284097701 380.281659075533 220793.2254999475
15 78264.42528671653 335.2494938554632 221650.3252194281
16 77605.9020293088 281.6106544927615 222362.4873161984
17 77126.19095576253 219.9687281565164 222903.8403160809
18 76823.47948841989 161.8540544959764 223264.6664570841
19 76643.88694346625 124.1679532190523 223481.9451033146
20 76521.30907246951 107.4010927191924 223621.2898348112
21 76419.05212029046 101.4420408374873 223729.505838872
22 76323.41570295635 99.49989014104941 223827.0844069025
23 76229.96275023467 98.86995802870263 223921.1672917366
24 76137.31394275269 98.64985050973257 224014.0362067375
25 76045.04574404673 98.55579254492349 224106.3984634082
26 75953.02839429729 98.50034124068367 224198.4712644619
27 75861.22189065062 98.45681339929565 224290.32129595
28 75769.61342342074 98.41705743511821 224381.969519144
29 75678.19848733602 98.37861219046765 224473.4229004734
30 75586.97512430603 98.34076053642332 224564.6841151575
31 75495.94207493124 98.30325252469881 224655.754672544
32 75405.09834404245 98.26602323511793 224746.6356327224
33 75314.44287902147 98.22905072813617 224837.3280702504
34 75223.97350834652 98.19232224783725 224927.8341694056
35 75133.69098675858 98.15584038497701 225018.1531728564
36 75043.59432801402 98.11960123924494 225108.2860707467
37 74953.68129403268 98.08359595967595 225198.2351100076
38 74863.95320906161 98.04782978328728 225287.998961155
39 74774.40936729868 98.01230021789191 225377.5783324834
40 74685.04468882761 97.97698932630827 225466.9783218461
41 74595.86372025404 97.94191316259844 225556.1943665833
42 74506.86297159002 97.90706079977909 225645.2299676102
43 74418.04247100044 97.87243191597625 225734.0850970835
44 74329.40175588288 97.83802470994837 225822.7602194071
45 74240.93985789199 97.80383585594396 225911.256306252
46 74152.65580868242 97.76986202821156 225999.5743292893
47 74064.54863990883 97.73609990099969 226087.7152601901
48 73976.61738322585 97.70254614855689 226175.6800706256
49 73888.86254031611 97.66920815967445 226263.4682515242
50 73801.28229282741 97.63607641318492 226351.0816307593