Time X_A X1 X_B
0 100000 250 200000
1 97983.77694864261 821.7001366411581 201444.5229147162
2 94936.91370458336 867.0555558469918 204446.0307395697
3 92119.29625158201 819.221708805803 207311.4820396123
4 89477.4631230969 772.2819665732435 210000.25491033
5 87008.56442230246 725.9984752208626 212515.4371024768
6 84710.94969567365 680.028411821592 214859.0218925049
7 82584.56152548784 633.9042875967531 217031.5341869156
8 80631.62562371066 586.9439124835968 219031.4304638059
9 78857.89477070273 538.068530215902 220854.0366990815
10 77275.11463874746 485.4291710198522 222489.4561902329
11 75905.88230602629 425.6062351219227 223918.511458852
12 74793.08064017998 352.3023955182726 225104.616964302
13 74007.01780635276 258.619689471341 225984.3625041762
14 73584.4590265611 162.922010543665 226502.6189628955
15 73393.83959921279 112.376961949073 226743.7834388384
16 73274.74769599918 98.53049590747671 226876.7218080936
17 73170.61675559217 95.66564422414383 226983.7176001839
18 73069.49476325951 95.0973213627643 227085.4079153779
19 72969.10513374519 94.96902021071297 227185.9258460443
20 72869.02044922739 94.92342138266739 227286.0561293902
21 72769.16038336878 94.89338189303018 227385.9462347384
22 72669.5093196278 94.86634616539568 227485.6243342071
23 72570.06372840716 94.84000844888958 227585.0962631443
24 72470.82228979106 94.81392534400344 227684.3637848652
25 72371.7836957887 94.78801546746733 227783.4282887442
26 72272.94751239859 94.76226856089362 227882.2902190408
27 72174.31255931767 94.73667761731522 227980.9507630653
28 72075.87882673243 94.71124266348011 228079.4099306044
29 71977.64460425675 94.68595844310875 228177.6694373004
30 71879.60962617159 94.66082545269246 228275.729548376
31 71781.77020539036 94.63583765984242 228373.5939569501
32 71684.1289079936 94.61099926288571 228471.2600927438
33 71586.6857339813 94.58631026182236 228568.7279557571
34 71489.44012308049 94.56176952710615 228665.9981073927
35 71392.38613360288 94.53736507991194 228763.0765013175
36 71295.52760089813 94.51310465255094 228859.9592944496
37 71198.86452496625 94.48898824502314 228956.646486789
38 71102.40482396037 94.46503111950075 229053.1301449204
39 71006.12088556339 94.4411800534795 229149.4379343834
40 70910.03170668303 94.41747166333604 229245.5508216539
41 70814.1365925688 94.39390460994473 229341.4695028215
42 70718.43484847016 94.37047755417989 229437.1946739759
43 70622.92092489322 94.34717954693707 229532.7318955601
44 70527.59688067762 94.3240146998305 229628.0791046228
45 70432.462278206 94.30098218273024 229723.2367396115
46 70337.51625552855 94.27808032553921 229818.2056641462
47 70242.75795069548 94.25530745816029 229912.9867418466
48 70148.18650175702 94.2326619104964 230007.5808363327
49 70053.80104676339 94.21014201245045 230101.9888112244
50 69959.60072376479 94.18774609392531 230196.2115301415