Time X_A X1 X_B
0 100000 250 200000
1 99632.18165853387 149.7312162419616 200468.0871252241
2 99478.41322506098 99.62969410509423 200671.9570808339
3 99386.58646961249 86.40507979223494 200777.0084505952
4 99307.06178798275 83.76189576348435 200859.1763162538
5 99229.85773837786 83.27359479394194 200936.8686668282
6 99153.12345263318 83.18998989247511 201013.6865574744
7 99076.5181490299 83.18110127626068 201090.3007496939
8 98999.97921459428 83.18593888961293 201166.8348465162
9 98923.49514567896 83.193259472497 201243.3115948486
10 98847.06388551147 83.2010390677722 201319.7350754208
11 98770.6850383477 83.20887778927995 201396.106083863
12 98694.35855674911 83.21671081672029 201472.4247324342
13 98618.0844385875 83.22452905851334 201548.6910323541
14 98541.86269587561 83.23232949679446 201624.9049746276
15 98465.69333175989 83.24011120336579 201701.0665570368
16 98389.57636478715 83.2478735949277 201777.175761618
17 98313.51179512356 83.25561666029472 201853.2325882162
18 98237.49973041048 83.26334082218841 201929.2369287674
19 98161.54010299854 83.27104593632269 202005.1888510651
20 98085.63290462749 83.27873198507963 202081.0883633874
21 98009.77813529734 83.28639896845927 202156.9354657342
22 97933.97579500807 83.29404688646157 202232.7301581055
23 97858.22588375967 83.30167573908656 202308.4724405013
24 97782.52855398384 83.30928667291408 202384.1621593433
25 97706.88372080225 83.31687904949585 202459.7994001483
26 97631.29136665266 83.32445273672984 202535.3841806106
27 97555.75149153508 83.33200773461603 202610.9165007303
28 97480.2640954495 83.33954404315443 202686.3963605074
29 97404.82917839591 83.34706166234506 202761.8237599418
30 97329.44669185183 83.35456023760774 202837.1987479106
31 97254.11704263056 83.36204274174703 202912.5209146277
32 97178.83988770367 83.36950666806889 202987.7906056283
33 97103.6152353526 83.37695207709035 203063.0078125703
34 97028.44309385878 83.38437902932839 203138.1725271119
35 96953.32347150368 83.39178758530002 203213.284740911
36 96878.25643253114 83.39917900036889 203288.3443884685
37 96803.24195076759 83.40655259940679 203363.351496633
38 96728.2800220994 83.41390817828473 203438.3060697223
39 96653.37065516892 83.42124580522633 203513.2080990258
40 96578.51385861861 83.42856554845528 203588.0575758329
41 96503.70964109084 83.43586747619523 203662.854491433
42 96428.95801122801 83.44315165666981 203737.5988371153
43 96354.25897767252 83.45041815810271 203812.2906041694
44 96279.61254906678 83.45766704871757 203886.9297838845
45 96205.01873405317 83.46489839673805 203961.5163675501
46 96130.47754127411 83.4721122703878 204036.0503464555
47 96055.98897937199 83.47930873789048 204110.5317118901
48 95981.55305698921 83.48648786746976 204184.9604551433
49 95907.16978276818 83.49364972734928 204259.3365675045
50 95832.83916535128 83.5007943857527 204333.660040263