Time X_A X1 X_B
0 100000 250 200000
1 99384.94520375531 229.9266008815024 200635.1281953632
2 98905.40386027668 185.2836703264131 201159.3124693969
3 98619.25507936665 129.8228523129685 201500.9220683204
4 98468.82584030111 97.03367236469791 201684.1404873341
5 98367.08405248492 86.2619571137817 201796.6539904012
6 98277.81788557761 83.53324151064633 201888.6488729116
7 98191.52757969366 82.89451661108644 201975.5779036952
8 98105.97959437099 82.74935055802416 202061.2710550709
9 98020.6601786453 82.71796026739415 202146.6218610872
10 97935.45171490056 82.7125988449362 202231.8356862544
11 97850.32734916087 82.71318069107559 202316.9594701479
12 97765.28088977047 82.71509003632139 202402.0040201931
13 97680.31094004164 82.71731114648431 202486.9717488118
14 97595.41711622567 82.71958992841726 202571.8632938458
15 97510.59927963623 82.72187460072567 202656.6788457629
16 97425.85737492199 82.72415545252227 202741.4184696253
17 97341.19136412228 82.72643117854923 202826.082204699
18 97256.60118836454 82.72869900311694 202910.6701126322
19 97172.08681983467 82.73095952834905 202995.1822206368
20 97087.64819032038 82.73321178364581 203079.6185978958
21 97003.28507628353 82.73545626061536 203163.9794674557
22 96918.99734943302 82.73769295932699 203248.2649576075
23 96834.78523613006 82.73992187965844 203332.4748419901
24 96750.64873637466 82.74214302160969 203416.6091206036
25 96666.5878501668 82.74435638518078 203500.6677934478
26 96582.60257750651 82.74656197037169 203584.6508605229
27 96498.69257819626 82.74876010809669 203668.5586616955
28 96414.85754363527 82.75095109853554 203752.391505266
29 96331.09787258013 82.75313455381287 203836.1489928659
30 96247.41356503079 82.75531047392866 203919.8311244951
31 96163.80462098728 82.75747885888292 204003.4379001536
32 96080.27104044962 82.75963970867565 204086.9693198415
33 95996.81396232492 82.76179208780148 204170.4242455871
34 95913.42937742516 82.76393928943224 204253.8066832852
35 95830.12009346538 82.76607900729344 204337.1138275272
36 95746.88606399421 82.76821127954051 204420.3457247261
37 95663.72724256027 82.77033614432892 204503.5024212952
38 95580.6435827122 82.7724536398141 204586.5839636478
39 95497.63473414617 82.77456399732209 204669.5907018563
40 95414.70003626595 82.7766676454436 204752.5232960884
41 95331.84017219083 82.7787641585182 204835.3810636505
42 95249.05508590204 82.78085358078371 204918.164060517
43 95166.34472138082 82.78293595647793 205000.8723426625
44 95083.70902260843 82.78501132983865 205083.5059660616
45 95001.14793356607 82.78707974510368 205166.0649866887
46 94918.661398235 82.78914124651081 205248.5494605183
47 94836.24936059644 82.79119587829784 205330.9594435251
48 94753.91176463163 82.79324368470259 205413.2949916835
49 94671.64855432183 82.79528470996283 205495.556160968
50 94589.45967364825 82.79731899831637 205577.7430073532