Time X_A X1 X_B
0 100000 250 200000
1 99599.98726707195 149.478117074491 200500.5346158537
2 99450.8648582646 90.78438691792802 200708.3507548175
3 99373.93512695291 76.040424024995 200800.0244490221
4 99309.41631254842 73.46229053269164 200867.1213969188
5 99246.89611333807 73.05233792703697 200930.0515487349
6 99184.71700112654 72.99450375296664 200992.2884951204
7 99122.61531870329 72.99293322987565 201054.3917480668
8 99060.54909290194 73.00027828256789 201116.4506288154
9 98998.51171949822 73.00905314026194 201178.4792273614
10 98936.50213752071 73.01803093145371 201240.4798315477
11 98874.52021443516 73.02702929567459 201302.4527562691
12 98812.56595486592 73.0360185027823 201364.3980266312
13 98750.6393717129 73.04499662160512 201426.3156316654
14 98688.74048552009 73.05396047120065 201488.2055540087
15 98626.86932371893 73.06290997426106 201550.0677663067
16 98565.02589592054 73.07184482498495 201611.9022592544
17 98503.21040626524 73.08076520871759 201673.708828526
18 98441.42270969659 73.08967117946455 201735.4876191239
19 98379.6628062146 73.09856273722582 201797.2386310481
20 98317.9306958193 73.1074398820014 201858.9618642986
21 98256.22637851066 73.11630261379129 201920.6573188755
22 98194.55006798927 73.12515129421055 201982.3247807164
23 98132.90173538722 73.13398587441016 202043.9642787383
24 98071.28129941715 73.14280621683906 202105.5758943659
25 98009.68876007905 73.15161232149724 202167.1596275994
26 97948.12411737292 73.1604041883847 202228.7154784386
27 97886.5874881198 73.16918196885801 202290.2433299112
28 97825.07903838952 73.17794587808187 202351.7430157323
29 97763.59859870149 73.1866956964725 202413.2147056019
30 97702.1461690557 73.19543142402991 202474.6583995202
31 97640.72174945218 73.20415306075409 202536.074097487
32 97579.32540128833 73.21286065189581 202597.4617380597
33 97517.9587232753 73.22155537572664 202658.8197213489
34 97456.62024888904 73.23023615139864 202720.1495149595
35 97395.30997812956 73.23890297891184 202781.4511188914
36 97334.02791099685 73.24755585826621 202842.7245331448
37 97272.77404749094 73.25619478946176 202903.9697577195
38 97211.54838761178 73.2648197724985 202965.1867926156
39 97150.3509313594 73.27343080737641 203026.3756378331
40 97089.18167873379 73.28202789409551 203087.536293372
41 97028.04062973497 73.29061103265578 203148.6687592323
42 96966.92778436291 73.29918022305722 203209.7730354139
43 96905.84314261764 73.30773546529986 203270.849121917
44 96844.78670449914 73.31627675938367 203331.8970187414
45 96783.75847000741 73.32480410530866 203392.9167258872
46 96722.75843914246 73.33331750307482 203453.9082433544
47 96661.78661190429 73.34181695268218 203514.8715711429
48 96600.84298829288 73.35030245413071 203575.8067092529
49 96539.92836872049 73.35877509810256 203636.7128561813
50 96479.04378244714 73.36723628711937 203697.5889812656