Time X_A X1 X_B
0 100000 250 200000
1 98611.64720242767 612.0524069780369 201026.3003905943
2 96872.45789089808 648.2147435565579 202729.3273655454
3 95221.49069035398 627.2522058956826 204401.2571037504
4 93632.36301430663 606.2953010057996 206011.3416846876
5 92104.27604613214 585.5613391261614 207560.1626147417
6 90636.65982885941 565.0115135228508 209048.3286576178
7 89229.02533251593 544.5979053928952 210476.3767620912
8 87881.06284444526 524.2661177845461 211844.6710377703
9 86592.64071910548 503.9504901177343 213153.4087907768
10 85363.85444315651 483.5701522015771 214402.5754046419
11 84195.08941355275 463.0246378045529 215591.8859486427
12 83087.07971761683 442.1842563092789 216720.7360260739
13 82041.03541713773 420.8756015960899 217788.0889812662
14 81058.80397982337 398.8650978589163 218792.3309223177
15 80143.1301205303 375.8239075759518 219731.0459718937
16 79298.03105538167 351.2815816354858 220600.6873629828
17 78529.36565958412 324.5609110024365 221396.0734294134
18 77845.56356886264 294.7236457486353 222109.7127853887
19 77258.19588889065 260.6779599408265 222731.1261511685
20 76780.77653573071 221.9593921369324 223247.2640721324
21 76421.9011500522 180.9507589923346 223647.1480909555
22 76171.72321884977 144.7437510176062 223933.5330301326
23 75998.14067557802 120.3283136791295 224131.5310107428
24 75865.64875414495 107.5790618631398 224276.7721839918
25 75751.49528816162 101.9357309093537 224396.5689809289
26 75644.90226873495 99.61692016759358 224505.4808110974
27 75541.42035907124 98.67138413589625 224609.9082567928
28 75439.31095357334 98.26333577864034 224712.4257106479
29 75337.90937088015 98.06100089290683 224814.0296282269
30 75236.96325730768 97.93679303003363 224915.0999496623
31 75136.37642417794 97.84234976016447 225015.7812260619
32 75036.11147740635 97.75952125267564 225116.129001341
33 74936.15292552263 97.68150058001122 225216.1655738974
34 74836.49343025935 97.60572503630708 225315.9008447043
35 74737.12885304785 97.53128934056855 225415.3398576116
36 74638.05607665927 97.45781170848672 225514.4861116323
37 74539.27244304605 97.38513431012036 225613.3424226438
38 74440.77555981503 97.3132170066901 225711.9112231783
39 74342.56311117047 97.24204054700799 225810.1948482826
40 74244.63281905689 97.17158603883443 225908.1955949043
41 74146.98240614266 97.1018175076542 226005.9157763497
42 74049.60966869447 97.03271880928172 226103.3576124963
43 73952.51247180573 96.96429002431509 226200.52323817
44 73855.68870514182 96.89652525770418 226297.4147696005
45 73759.13628450462 96.82941543826884 226394.0343000572
46 73662.85314362295 96.76294441519711 226490.3839119619
47 73566.83726000512 96.69710154521744 226586.4656384497
48 73471.08665001736 96.63187880435993 226682.2814711784
49 73375.59931266196 96.56724887565557 226777.8334384625
50 73280.37335343339 96.50321900369956 226873.123427563