Time X_A X1 X_B
0 100000 250 200000
1 99461.60356792388 257.9343351141844 200530.4620969619
2 98908.96110769744 262.3215909615225 201078.717301341
3 98354.3441329484 262.4872832148425 201633.1685838367
4 97810.50719446345 258.3606049282586 202181.1322006082
5 97289.14328122365 250.3584066383098 202710.498312138
6 96799.95212813835 239.1844552353452 203210.8634166262
7 96350.1075129926 225.716596026802 203674.1758909805
8 95943.78314731405 210.9994782324777 204095.2173744534
9 95581.67201722486 196.2340905847704 204472.0938921903
10 95260.84056286716 182.6332272073891 204806.5262099254
11 94975.38798490712 171.1359030332614 205103.4761120595
12 94717.89769719701 162.1631302769522 205369.939172526
13 94481.06055936299 155.6066800343787 205613.3327606026
14 94258.76674308523 151.0302235942434 205840.2030333205
15 94046.47152485015 147.9088551496679 206055.6196200001
16 93841.0489401849 145.7788627631205 206263.1721970519
17 93640.46340467368 144.2914477753997 206465.2451475508
18 93443.43185900156 143.2078641827846 206663.3602768155
19 93249.15901302936 142.3741129534484 206858.4668740171
20 93057.15381920012 141.6946363255119 207051.1515444742
21 92867.1095841652 141.1116783784967 207241.7787374562
22 92678.82918502357 140.5908588805778 207430.5799560958
23 92492.18055266078 140.1119537992909 207617.7074935398
24 92307.06945938722 139.6629856257038 207803.267554987
25 92123.42458322149 139.2368707572485 207987.3385460212
26 91941.18818233823 138.8292550582074 208169.9825626035
27 91760.31131162027 138.4374089558897 208351.2512794238
28 91580.75078021927 138.0595055599582 208531.1897142207
29 91402.46735589275 137.6942277260555 208709.8384163811
30 91225.42495634827 137.3405942444235 208887.2344494072
31 91049.58853337386 136.997794473921 209063.4136721521
32 90874.92788528654 136.6651919629829 209238.4069227504
33 90701.41330037359 136.3421594210228 209412.2445402053
34 90529.01678982872 136.0281632636401 209584.9550469076
35 90357.71185247401 135.722735050522 209756.5654124754
36 90187.47301083592 135.4254363280206 209927.101552836
37 90018.27592491949 135.1358618558285 210096.5882132246
38 89850.09783119563 134.8536447241209 210265.0485240802
39 89682.91697055211 134.5784414040678 210432.5045880438
40 89516.71222959453 134.3099306434004 210598.977839762
41 89351.46342837004 134.0478107464867 210764.4887608834
42 89187.15156866069 133.7918063042928 210929.056625035
43 89023.75840712475 133.5416586196905 211092.6999342554
44 88861.26594158735 133.2971181961711 211255.4369402163
45 88699.6574407529 133.0579594416131 211417.2845998054
46 88538.91675355066 132.823968165762 211578.2592782835
47 88379.02791492788 132.5949386874682 211738.3771463846
48 88219.97606558169 132.3706824800191 211897.6532519382
49 88061.74669420619 132.1510203390623 212056.1022854546
50 87904.32561127107 131.9357797925244 212213.7386089363