Time X_A X1 X_B
0 100000 250 200000
1 99325.68006147858 249.1345106268126 200675.1854278946
2 98679.13324759912 238.7995580794045 201332.0671943214
3 98113.97415946182 211.452861767996 201924.5729787701
4 97699.34458011304 165.075642859799 202385.5797770271
5 97453.89431585398 119.5425578495488 202676.5631262964
6 97309.49018869508 95.93159555873626 202844.5782157461
7 97200.65842777098 88.12918561232476 202961.2123866166
8 97101.69388388314 85.9953257543708 203062.3107903624
9 97005.3521163871 85.44195473188677 203159.2059288809
10 96909.76051266277 85.29745313113652 203254.9420342059
11 96814.44499078798 85.2564936963972 203350.2985155155
12 96719.286200649 85.2415672815527 203445.4722320692
13 96624.25413037762 85.23319892830746 203540.5126706938
14 96529.3410513181 85.22646375858434 203635.4324849231
15 96434.54493903815 85.22017645101764 203730.2348845107
16 96339.86509273954 85.21401659304482 203824.9208906673
17 96245.30118107032 85.20790977529413 203919.4909091542
18 96150.85272552921 85.20183623677644 204013.9454382339
19 96056.51971615509 85.19579445701871 204108.2844893878
20 95962.30195882733 85.1897832532687 204202.5082579193
21 95868.19904539469 85.18379977805269 204296.6171548271
22 95774.21120287682 85.17784561517689 204390.6109515079
23 95680.3376253982 85.17191859490481 204484.4904560067
24 95586.57862870117 85.16601956734004 204578.2553517313
25 95492.93264533418 85.16014733879081 204671.9072073268
26 95399.39943831248 85.15430172619961 204765.4462599611
27 95305.9800390657 85.14848352628823 204858.8714774078
28 95212.67444759385 85.14269273905666 204952.1828596669
29 95119.48266389691 85.13692936450491 205045.3804067384
30 95026.40468797489 85.13119340263297 205138.4641186223
31 94933.44039618838 85.12548473212486 205231.4341190793
32 94840.58566212002 85.11979930410718 205324.2945385757
33 94747.84358491459 85.11414015948529 205417.0422749257
34 94655.21416457207 85.10850729825924 205509.6773281295
35 94562.69740109245 85.10290072042899 205602.1996981869
36 94470.29329447573 85.09732042599457 205694.6093850981
37 94378.00184472193 85.09176641495597 205786.9063888629
38 94285.82787957642 85.08624335461846 205879.0858770687
39 94193.75347075291 85.08073391250512 205971.1657953344
40 94101.79143227535 85.07525047679243 206063.1333172476
41 94009.94157284434 85.06979286253845 206154.9886342929
42 93918.20370116051 85.06436088480122 206246.7319379545
43 93826.57762592446 85.05895435863879 206338.3634197167
44 93735.06315583682 85.0535730991092 206429.8832710639
45 93643.65661131909 85.04821379374323 206521.2951748869
46 93552.36043410566 85.0428786183289 206612.5966872758
47 93461.1745067943 85.03756745417907 206703.7879257513
48 93370.09859015529 85.03228007337836 206794.8691297711
49 93279.13244495899 85.02701624801139 206885.8405387928
50 93188.27583197567 85.0217757501628 206976.7023922739