Time X_A X1 X_B
0 100000 250 200000
1 99468.77468142152 213.4966885108354 200567.7286300676
2 99101.29014885541 159.5306916924835 200989.1791594521
3 98898.56285644246 111.1215393016989 201240.3156042559
4 98785.74783644345 87.4642203161259 201376.7879432405
5 98702.65576521095 79.88268952379651 201467.4615452653
6 98627.54381561084 77.84118911346199 201544.6149952757
7 98554.50061259502 77.32081612831368 201618.1785712767
8 98482.01864656201 77.19132771422187 201690.7900257237
9 98409.71841490221 77.16043084251029 201763.1211542553
10 98337.50479313414 77.15427339128077 201835.3409334746
11 98265.35392913551 77.15428817629414 201907.4917826882
12 98193.25984916411 77.1558308895863 201979.5843199463
13 98121.22107876283 77.15776927092766 202051.6211519662
14 98049.23719097133 77.15978995791762 202123.6030190707
15 97977.30807604869 77.16182853079485 202195.5300954205
16 97905.43365264914 77.16386561823721 202267.4024817326
17 97833.61391020098 77.1658991322534 202339.2201906668
18 97761.84883965152 77.16792897354692 202410.9832313749
19 97690.13836049195 77.16995216685251 202482.6916873412
20 97618.48251237275 77.17197017748315 202554.3455174498
21 97546.88121943947 77.17398227860103 202625.9447982819
22 97475.33446923393 77.17598835083182 202697.4895424152
23 97403.8421861908 77.17798864325121 202768.979825166
24 97332.40398495173 77.17998331902909 202840.4160317293
25 97261.02022605954 77.18197222550306 202911.797801715
26 97189.69090951423 77.18395536267313 202983.1251351231
27 97118.41603531582 77.18593273053928 203054.3980319536
28 97047.19560346429 77.18790432910153 203125.6164922066
29 96976.02961395966 77.18987015835987 203196.780515882
30 96904.91806680191 77.19183021831431 203267.8901029798
31 96833.8609019112 77.19378457036662 203338.9453135184
32 96762.8573344943 77.19573401657799 203409.9469314891
33 96691.9080141154 77.19767789309175 203480.8943079915
34 96621.01294077447 77.19961619990794 203551.7874430256
35 96550.17211447154 77.20154893702652 203622.6263365914
36 96479.38553520659 77.20347610444752 203693.410988689
37 96408.65320297962 77.20539770217091 203764.1413993182
38 96337.97511779066 77.20731373019672 203834.8175684791
39 96267.35127963967 77.20922418852491 203905.4394961718
40 96196.78239447423 77.21112848836465 203976.0064770374
41 96126.26521992122 77.21302933399572 204046.5217507448
42 96055.80223888961 77.21492465456433 204116.9828364558
43 95985.39342405299 77.21681447286191 204187.3897614742
44 95915.03874808499 77.21869881167987 204257.7425531033
45 95844.73818365917 77.2205776938096 204328.041238647
46 95774.49170344915 77.2224511420425 204398.2858454088
47 95704.29928012851 77.22431917916998 204468.4764006923
48 95634.15996511471 77.22618246050807 204538.6138524248
49 95564.07434600678 77.22804058664694 204608.6976134065
50 95494.04255135967 77.22989347335154 204678.727555167