Time X_A X1 X_B
0 100000 250 200000
1 97734.89368006312 873.7947260958181 201641.3115938409
2 94827.38701859488 856.6667628568545 204565.946218548
3 92099.70846320671 812.7010199234211 207337.5905168696
4 89531.29794362486 769.74963414785 209948.952422227
5 87118.79316823957 727.6443471888107 212403.5624845713
6 84859.44795653268 686.1844198550624 214704.3676236119
7 82751.43627986719 645.1191418917717 216853.4445782407
8 80794.03225264214 604.1243503908976 218851.8433969666
9 78987.98543341071 562.757374879312 220699.2571917096
10 77336.2127728536 520.3750670162375 222393.4121601298
11 75844.81940212789 475.9942878061294 223929.1863100655
12 74525.03498495523 428.0321799005016 225296.9328351438
13 73396.39035432824 373.9567650374227 226479.6528806339
14 72489.91760302574 310.5058320595242 227449.5765649143
15 71840.7374893559 238.0973705137176 228171.1651401299
16 71442.24209734559 172.5874855951344 228635.1704170588
17 71205.64342318849 135.0062470702204 228909.3503297408
18 71034.73428824903 120.9209600825427 229094.344751668
19 70884.2295487042 116.6454310920464 229249.1250202033
20 70739.77487237695 115.3867453541917 229394.8383822684
21 70597.37558004509 114.9636415855755 229537.6607783689
22 70455.95871530887 114.7648383204061 229679.2764463703
23 70315.23678826395 114.6262238955455 229820.1369878401
24 70175.12999816763 114.5045040050519 229960.3654978269
25 70035.61278771682 114.3882931071105 230099.9989191756
26 69896.67408069376 114.2746707745499 230239.0512485312
27 69758.30628093269 114.1628293793629 230377.5308896874
28 69620.50305966393 114.0525351248506 230515.4444052107
29 69483.25837987015 113.9437107904777 230652.7979093389
30 69346.56641464609 113.8363108236396 230789.5972745298
31 69210.42145066764 113.7302997091333 230925.8482496228
32 69074.81790324707 113.6256453410765 231061.5564514115
33 68939.75031987819 113.5223172904483 231196.7273628309
34 68805.21335874969 113.4202863240264 231331.3663549258
35 68671.20177178957 113.3195240873165 231465.4787041226
36 68537.71041927523 113.220003148979 231599.0695775753
37 68404.73427844254 113.1216970188559 231732.1440245382
38 68272.26842514274 113.0245800316542 231864.7069948252
39 68140.30800944501 112.9286271992589 231996.7633633553
40 68008.84829305267 112.8338143873079 232128.3178925596
41 67877.88463628723 112.740118229767 232259.3752454825
42 67747.41246840199 112.647515967566 232389.9400156299
43 67617.4273081404 112.5559855356017 232520.0167063235
44 67487.92477501923 112.4655056001521 232649.6097193801
45 67358.89806215314 112.3760469967889 232778.7258908496
46 67230.34395414888 112.2875968669999 232907.3684489836
47 67102.25961682599 112.2001401889494 233035.5402429846
48 66974.63917355328 112.1136490434939 233163.2471774027
49 66847.48606793789 112.0281398514184 233290.4857922102
50 66720.78118579785 111.9435191533726 233417.2752950483