Time X_A X1 X_B
0 100000 250 200000
1 98527.07769155463 626.2998013997289 201096.6225070456
2 96811.18269574075 637.3099268477139 202801.5073774115
3 95171.81063409775 617.2649430607106 204460.9244228414
4 93592.69975257435 597.4315075927769 206059.8687398328
5 92072.94348513268 577.8767925865081 207599.1797222808
6 90611.77257621665 558.573667894948 209079.6537558883
7 89208.43170033426 539.4914994095998 210502.0768002561
8 87862.28367242984 520.5976044669089 211867.1187231032
9 86572.81593711714 501.8543957029086 213175.3296671799
10 85339.62762276834 483.2190923943645 214427.1532848372
11 84162.47038790806 464.6432901342126 215622.8863219576
12 83041.24756708418 446.0700245298091 216762.6824083859
13 81976.06401826655 427.4303529082404 217846.5056288251
14 80967.2700551793 408.6424568873638 218874.0874879332
15 80015.49360362455 389.6067403464953 219844.8996560289
16 79121.70813676959 370.199896641401 220758.0919665889
17 78287.31886294152 350.2716729972062 221612.4094640612
18 77514.24453951076 329.6433970050628 222406.112063484
19 76804.9802486949 308.1164768819854 223136.903274423
20 76162.58799456719 285.5077713833027 223801.9042340494
21 75590.43378289713 261.7482343147642 224397.817982788
22 75091.32958657044 237.0773784893819 224921.5930349401
23 74666.01003679469 212.3383852362461 225371.6515779689
24 74310.80824758529 189.1350090130383 225750.0567434016
25 74016.25645785224 169.4226567145896 226064.320885433
26 73768.46551727914 154.5124390672276 226327.0220436535
27 73552.90818223347 144.3938587748056 226552.6979589915
28 73357.75743884382 138.0570082977532 226754.1855528583
29 73174.9390865879 134.2538469785522 226940.8070664334
30 72999.53851780461 131.9774080386293 227118.4840741566
31 72828.76419493122 130.5635631353249 227290.6722419333
32 72661.09071200578 129.6199415549999 227459.2893464391
33 72495.69833558143 128.92883594841 227625.37282847
34 72332.14565655892 128.3739134266699 227789.4804300143
35 72170.18907101816 127.8944181124233 227951.9165108693
36 72009.68698388092 127.4590304872708 228112.8539856317
37 71850.55020608447 127.0516959887098 228272.3980979267
38 71692.71654496802 126.6641048851517 228430.6193501467
39 71536.13805022091 126.2918446142375 228587.5701051647
40 71380.77461489095 125.9324463359646 228743.292938773
41 71226.59085969374 125.5844469178971 228897.8246933882
42 71073.55333506006 125.2468721038548 229051.199792836
43 70921.63344068654 124.9190163493248 229203.447542964
44 70770.80295276351 124.6002579043215 229354.596789332
45 70621.03485316146 124.290094229466 229504.675052609
46 70472.30430325339 123.9880914487374 229653.7076052978
47 70324.58703893296 123.6938426732494 229801.7191183937
48 70177.86000577528 123.406975371712 229948.7330188529
49 70032.10168554998 123.1271510279201 230094.771163422
50 69887.29075525873 122.854045526122 230239.8551992151