Time X_A X1 X_B
0 100000 250 200000
1 98459.95620404446 676.0568473483305 201113.9869486073
2 96584.38083444699 695.3013639579781 202970.3178015951
3 94801.74185781767 671.9745527866522 204776.2835893958
4 93088.90072495 648.9524248130317 206512.1468502371
5 91444.69382411681 626.2982877443754 208179.007888139
6 89868.08050440879 603.9782811894198 209777.9412144019
7 88358.08303326445 581.9541044685138 211309.9628622672
8 86913.85093696548 560.1840912333896 212775.9649718013
9 85534.68026941929 538.6222734521654 214176.6974571287
10 84220.0174545265 517.2163042870427 215512.7662411866
11 82969.48272142223 495.9053560270685 216784.6119225508
12 81782.90849528444 474.6180115875219 217992.4734931282
13 80660.35348614689 453.2696201665607 219136.3768936867
14 79602.1855748879 431.7607539628964 220216.0536711494
15 78609.11417093073 409.9688755089263 221230.9169535605
16 77682.25172524666 387.7466939421978 222180.0015808113
17 76823.23051950283 364.918551000573 223061.8509294967
18 76034.24563680701 341.289626382344 223874.4647368108
19 75318.05443447274 316.6730765051137 224615.2724890223
20 74677.76541879107 290.9735428476886 225281.2610383614
21 74116.17149326683 264.3587370607305 225869.4697696726
22 73634.3132606187 237.5342515599316 226378.1524878215
23 73229.29813766704 211.9639171730149 226808.7379451601
24 72892.48651398953 189.6324930173716 227167.8809929933
25 72610.07036009566 172.1462718310682 227467.7833680735
26 72366.49066785446 159.863281894284 227723.6460502515
27 72148.24080563427 151.9465965467351 227949.8125978192
28 71945.62837081787 147.0966445933499 228157.274984589
29 71752.53624435334 144.1590778756603 228353.3046777712
30 71565.3987247928 142.3285224725514 228542.2727527348
31 71382.23385559878 141.1125148064997 228726.6536295949
32 71201.96150922783 140.2308956021326 228907.8075951702
33 71023.99260771945 139.5312852343195 229086.4761070464
34 70848.00037980276 138.933253675234 229263.0663665221
35 70673.79402686204 138.3949903572859 229437.8109827808
36 70501.25222093267 137.8946681607733 229610.8531109067
37 70330.29158659403 137.4211280251534 229782.287285381
38 70160.84756006183 136.9683003901337 229952.1841395482
39 69992.8662136662 136.5327089631886 230120.6010773708
40 69826.30062740897 136.1123129109105 230287.5870596803
41 69661.1083325278 135.7057670983157 230453.185900374
42 69497.24983241883 135.3120230285992 230617.4381445527
43 69334.68808157979 134.9302060857005 230780.3817123346
44 69173.38835353723 134.5596017273003 230942.0520447356
45 69013.31795308609 134.1996023951063 231102.4824445189
46 68854.44587349967 133.8496478042075 231261.7044786962
47 68696.74263030902 133.5092113221282 231419.748158369
48 68540.18021099528 133.1778105601769 231576.6419784446
49 68384.73188376495 132.8549922058838 231732.4131240293
50 68230.37222643784 132.5403465781654 231887.0874269841