Time X_A X1 X_B
0 100000 250 200000
1 99723.42823704913 95.22054400925448 200431.3512189416
2 99656.4176115247 64.78405951859315 200528.7983289566
3 99608.74894847983 61.97735355870196 200579.2736979613
4 99562.58701819999 61.75668297759231 200625.6562988223
5 99516.5553917255 61.74703625748366 200671.6975720168
6 99470.54387116927 61.75437002611427 200717.7017588045
7 99424.54362354458 61.76307070273286 200763.6933057525
8 99378.55394944854 61.77187212233673 200809.6741784289
9 99332.5748108336 61.7806777243006 200855.6445114419
10 99286.60621838196 61.78947832573404 200901.6043032921
11 99240.64818540588 61.79827263134828 200947.5535419626
12 99194.70075627144 61.80705994181778 200993.4921837866
13 99148.76393909103 61.81584042559827 201039.4202204832
14 99102.83771442776 61.82461418172966 201085.3376713903
15 99056.92208228161 61.83338121021193 201131.244536508
16 99011.01715272988 61.84214172730366 201177.1407055426
17 98965.1228654052 61.85089561440669 201223.0262389802
18 98919.23921898101 61.85964286891493 201268.9011381499
19 98873.36625087977 61.86838351357797 201314.7653656065
20 98827.50402958608 61.87711759002852 201360.6188528237
21 98781.65250293101 61.88584506655238 201406.4616520023
22 98735.81167091455 61.89456594314957 201452.2937631421
23 98689.98279745386 61.90328023460089 201498.1139223114
24 98644.16525432726 61.91198793355964 201543.922757739
25 98598.35855735662 61.92068903436361 201589.7207536089
26 98552.56270654191 61.92938353701282 201635.5079099209
27 98506.77770188315 61.93807144150725 201681.2842266752
28 98461.00354338033 61.94675274784693 201727.0497038717
29 98415.24023103346 61.95542745603183 201772.8043415103
30 98369.48776484253 61.96409556606196 201818.5481395912
31 98323.74614480755 61.97275707793732 201864.2810981144
32 98278.01537092851 61.98141199165791 201910.0032170797
33 98232.29544320541 61.99006030722374 201955.7144964872
34 98186.58636163826 61.99870202463479 202001.4149363369
35 98140.88812622706 62.00733714389107 202047.1045366289
36 98095.20073697179 62.01596566499259 202092.783297363
37 98049.52419387248 62.02458758793933 202138.4512185394
38 98003.85849692911 62.0332029127313 202184.108300158
39 97958.20364614167 62.04181163936851 202229.7545422188
40 97912.55964151019 62.05041376785096 202275.3899447218
41 97866.92648303465 62.05900929817862 202321.014507667
42 97821.30417071506 62.06759823035152 202366.6282310544
43 97775.6927045514 62.07618056436965 202412.2311148841
44 97730.09208454371 62.08475630023301 202457.8231591559
45 97684.50252318275 62.09332547931137 202503.4041513377
46 97638.92686681972 62.10188865576001 202548.9712445243
47 97593.36233172043 62.11044528761454 202594.5272229917
48 97547.8089178849 62.11899537487495 202640.07208674
49 97502.2666253131 62.12753891754124 202685.6058357692
50 97456.73545400506 62.13607591561343 202731.1284700791