Time X_A X1 X_B
0 100000 250 200000
1 99598.30895758096 166.8124082745925 200484.8786341443
2 99393.89629526815 118.9923590829723 200737.1113456488
3 99263.69478103795 102.6094992684466 200883.6957196935
4 99153.11186991009 98.35878920054581 200998.5293408893
5 99047.2644675004 97.3487966445964 201105.3867358549
6 98942.61255647642 97.11257742871275 201210.2748660948
7 98838.33708033263 97.05568102643268 201314.6072386409
8 98734.24980656731 97.0399802524291 201418.7102131802
9 98630.30750967677 97.03371164404645 201522.6587786791
10 98526.50014749293 97.02959029864185 201626.4702622083
11 98422.82532744309 97.02599425630082 201730.1486783005
12 98319.28229724515 97.02251710814949 201833.6951856466
13 98215.87068734011 97.01908029533331 201937.1102323645
14 98112.59018020437 97.01566439894404 202040.3941553967
15 98009.44074730997 97.01226942793009 202143.5469832621
16 97906.42198760326 97.00888992463078 202246.5691224721
17 97803.53396176832 97.00552764559725 202349.4605105861
18 97700.77618796405 97.00218039758656 202452.2216316384
19 97598.14847171564 96.9988488310499 202554.8526794533
20 97495.64921755312 96.99553203265097 202657.3552504143
21 97393.27974698717 96.99223075889647 202759.728022254
22 97291.04006001781 96.98894500978636 202861.9709949724
23 97188.93015664502 96.98567478532068 202964.0841685697
24 97086.9500368688 96.98242008549943 203066.0675430457
25 96985.09843284261 96.97918023146096 203167.922386926
26 96883.37409994159 96.97595455677767 203269.6499455017
27 96781.77855678668 96.97274387458691 203371.2486993388
28 96680.31180337787 96.96954818488871 203472.7186484373
29 96578.97383971517 96.96636748768303 203574.0597927972
30 96477.76466579856 96.9632017829699 203675.2721324185
31 96376.68639728571 96.96005216504925 203776.3535505493
32 96275.72835444882 96.95691310995294 203877.3147324412
33 96174.8987937723 96.95378888825394 203978.1474173395
34 96074.197526321 96.95067940222768 204078.8517942768
35 95973.62436315976 96.9475845541496 204179.4280522861
36 95873.17911535343 96.94450424629514 204279.8763804003
37 95772.85900966075 96.94143694064485 204380.1995533986
38 95672.66535728042 96.93838337553422 204480.3962593441
39 95572.59835182411 96.93534366644104 204580.4663045095
40 95472.65775885356 96.93231769028084 204680.4099234562
41 95372.84334393057 96.9293053239691 204780.2273507455
42 95273.15487261687 96.92630644442131 204879.9188209387
43 95173.59211047427 96.92332092855297 204979.4845685972
44 95074.15482306454 96.92034865327958 205078.9248282822
45 94974.84277594944 96.9173894955166 205178.2398345551
46 94875.65573469072 96.91444333217957 205277.4298219771
47 94776.59346485017 96.91151004018397 205376.4950251097
48 94677.65573198957 96.90858949644527 205475.435678514
49 94578.84230167067 96.90568157787899 205574.2520167515
50 94480.15323599869 96.90278649999247 205672.9439775013