Time X_A X1 X_B
0 100000 250 200000
1 99170.91788631288 355.7412135841199 200723.340900103
2 97906.29874741516 488.6479274698629 201855.0533251149
3 96543.52624054225 502.9404079314177 203203.5333515263
4 95236.19256594294 485.2226677870708 204528.5847662699
5 93993.26018896789 464.3216915202793 205792.4181195117
6 92816.86474703427 442.6237207990572 206990.5115321666
7 91709.23602343458 420.1212371618612 208120.6427394035
8 90673.55850865715 396.4748916822533 209179.9665996606
9 89714.56261286228 371.1340971171892 210164.3032900206
10 88839.36834238478 343.2447444527147 211067.3869131626
11 88058.82072461693 311.4861154078681 211879.6931599753
12 87389.14209713475 273.9944023907527 212586.8635004745
13 86852.05093883618 229.1432644394084 213168.8057967245
14 86465.59036879196 179.308303238732 213605.1013279694
15 86218.53873881808 135.7352839933976 213895.7259771887
16 86061.59490300607 109.4101366350047 214078.9949603591
17 85945.34056670421 97.93393288383611 214206.7255004121
18 85843.98705733282 93.75921618719202 214312.2537264801
19 85747.73109611018 92.33916164919866 214409.9297422407
20 85653.25181125151 91.8551976547357 214504.8929910939
21 85559.46501719151 91.67753867878788 214598.8574441299
22 85466.0209284787 91.59875683712356 214692.3803146844
23 85372.80702001211 91.55177780060434 214785.6412021875
24 85279.78689088425 91.515099165173 214878.6980099508
25 85186.94833719208 91.48180068194134 214971.5698621262
26 85094.2870423142 91.44974554897817 215064.2632121371
27 85001.80108205286 91.41823108701169 215156.7806868604
28 84909.48928490865 91.38701669784662 215249.1236983937
29 84817.35077698341 91.35604111010558 215341.2931819067
30 84725.38475275411 91.32528042918152 215433.2899668169
31 84633.58924068819 91.29472146151454 215525.1160378505
32 84541.96464331393 91.26436534426668 215616.770991342
33 84450.51073561959 91.23421118595874 215708.2550531947
34 84359.22482968222 91.2042484353445 215799.5709218827
35 84268.10828907517 91.17448244503213 215890.71722848
36 84177.16168537669 91.14491515826739 215981.6933994653
37 84086.37837099913 91.11552397465007 216072.5061050265
38 83995.76350652082 91.08632643906137 216163.1501670404
39 83905.31474445146 91.05731565271037 216253.627939896
40 83815.03091104467 91.02848794713381 216343.9406010084
41 83724.91220094584 90.9998434198981 216434.0879556345
42 83634.95779174332 90.97137936946851 216524.0708288874
43 83545.16686102546 90.94309309431034 216613.8900458805
44 83455.53858638059 90.91498189288887 216703.5464317268
45 83366.07214539703 90.8870430636694 216793.0408115395
46 83276.76702557124 90.85927615907408 216882.3736982699
47 83187.6233141952 90.83168509382864 216971.5450007112
48 83098.6395224404 90.80426231955909 217060.5562152403
49 83009.81489242487 90.77700560405418 217149.4081019713
50 82921.14866626664 90.74991271510271 217238.1014210185