Time X_A X1 X_B
0 100000 250 200000
1 99636.46373953797 119.1444702702882 200494.3917901917
2 99537.42145317151 71.70961689934826 200640.8689299291
3 99480.36151419929 65.00068915761017 200704.6377966431
4 99427.71580687239 64.26844986412425 200758.0157432634
5 99375.54963266166 64.19837616831241 200810.25199117
6 99323.44804769682 64.19904807172399 200862.3529042314
7 99271.36698326695 64.20721224303828 200914.42580449
8 99219.30180178498 64.21617629749933 200966.4820219175
9 99167.25201930583 64.22521153048473 201018.5227691636
10 99115.21761018563 64.23424696253217 201070.5481428518
11 99063.19859000406 64.24327560727968 201122.5581343886
12 99011.19497180969 64.25229575789483 201174.5527324324
13 98959.20678244202 64.26130614716223 201226.5319114108
14 98907.23411929197 64.27030701046185 201278.4955736975
15 98855.27691625523 64.27929853046382 201330.4437852143
16 98803.33517333181 64.28828070716814 201382.376545961
17 98751.40889192621 64.29725354251103 201434.2938545312
18 98699.49824906541 64.30621728053514 201486.195533654
19 98647.6031367915 64.31517177241381 201538.0816914361
20 98595.7235551045 64.32411701814702 201589.9523278773
21 98543.8595040044 64.33305301773481 201641.8074429778
22 98492.01116447407 64.34197988689719 201693.646855639
23 98440.178445243 64.35089756727599 201745.4706571897
24 98388.36133466182 64.35980605142265 201797.2788592867
25 98336.55983273055 64.36870533933717 201849.0714619301
26 98284.77564783645 64.37759570830814 201900.8467564552
27 98233.00756668631 64.38647696140576 201952.6059563523
28 98181.25528215322 64.39534904878022 202004.349368798
29 98129.51879423713 64.4042119704315 202056.0769937924
30 98077.79810293806 64.41306572635962 202107.7888313356
31 98026.09320825603 64.42191031656456 202159.4848814274
32 97974.40411019103 64.43074574104634 202211.1651440679
33 97922.73080874303 64.43957199980494 202262.8296192572
34 97871.07330391207 64.44838909284037 202314.4783069951
35 97819.43159569813 64.45719702015263 202366.1112072817
36 97767.80568410121 64.46599578174174 202417.728320117
37 97716.19556912132 64.47478537760766 202469.3296455011
38 97664.60125075845 64.48356580775041 202520.9151834338
39 97613.02272901261 64.49233707216999 202572.4849339152
40 97561.46000388378 64.50109917086641 202624.0388969453
41 97509.91307537198 64.50985210383965 202675.5770725242
42 97458.38194347722 64.51859587108973 202727.0994606517
43 97406.86660819946 64.52733047261663 202778.6060613279
44 97355.36706953873 64.53605590842037 202830.0968745528
45 97303.88332749503 64.54477217850093 202881.5719003265
46 97252.4156481424 64.55347940173918 202933.0308724559
47 97200.96705082213 64.56217892716523 202984.4707702507
48 97149.53457415706 64.57086943164711 203035.8945564113
49 97098.11821814715 64.57955091518483 203087.3022309377
50 97046.71798279243 64.58822337777838 203138.6937938298