Time X_A X1 X_B
0 100000 250 200000
1 99208.84685444584 340.1129419636669 200701.0402035905
2 97809.49019983702 553.0269042476345 201887.4828959154
3 96056.55391025516 615.506069130376 203577.9400206146
4 94381.80781111834 591.3520768647663 205276.840112017
5 92803.15699100896 561.5099838802599 206885.3330251108
6 91322.7006592207 530.7406283710325 208396.5587124083
7 89943.33984795648 498.9267430775955 209807.7334089659
8 88669.72369009092 465.4702356222535 211114.8060742868
9 87509.29928753251 429.4035073328228 212311.2972051346
10 86473.98099970807 389.1753155859886 213386.8436847059
11 85582.69614380266 342.3867310709963 214324.9171251264
12 84863.42022765441 286.2044571395307 215100.3753152062
13 84345.41090919643 221.5291465614458 215683.0599442423
14 84023.74978351772 162.1435778820612 216064.1066386004
15 83832.32756168829 126.0122811419249 216291.66015717
16 83697.39368669396 111.1176173590776 216441.4886959471
17 83581.44981271947 106.1604769772513 216562.3897103035
18 83471.42279539381 104.6268122552534 216673.9503923511
19 83363.30302459514 104.1466286538889 216782.5503467511
20 83255.90468876112 103.9786790846843 216890.1166321544
21 83148.88073926457 103.9021298757214 216997.2171308599
22 83042.12969992828 103.8523355352678 217104.0179645366
23 82935.62131306915 103.8104278538226 217210.5682590771
24 82829.34620639516 103.7710377209396 217316.882755884
25 82723.30079740066 103.7325671354876 217422.966635464
26 82617.48326685347 103.6945429711057 217528.8221901755
27 82511.89233433077 103.6568481475342 217634.4508175218
28 82406.52671540697 103.6194421457725 217739.8538424474
29 82301.38409939276 103.5823069187176 217845.0335936887
30 82196.46514984992 103.5454450616826 217949.9894050885
31 82091.76773365564 103.5088473754411 218054.723418969
32 81987.29121347066 103.4725111114276 218159.2362754181
33 81883.03726644712 103.436442810393 218263.5262907426
34 81778.99794605339 103.4006139166827 218367.60144003
35 81675.17904092104 103.3650452315936 218471.4559138475
36 81571.5768809732 103.3297257103583 218575.0933933166
37 81468.19116939402 103.2946537552816 218678.5141768508
38 81365.02124818847 103.2598267571586 218781.7189250545
39 81262.06593707114 103.2252406440709 218884.7088222849
40 81159.32405575659 103.1908913441001 218987.4850528994
41 81056.79442395939 103.1567747853275 219090.0488012554
42 80954.47658235479 103.1228928450162 219192.4005248003
43 80852.3697419395 103.0892446800067 219294.5410133806
44 80750.47231958986 103.0558228942634 219396.471857516
45 80648.78322591895 103.0226241659391 219498.1941499152
46 80547.30137153993 102.9896451731868 219599.708983287
47 80446.02566706589 102.9568825941591 219701.0174503401
48 80344.95549425342 102.9243360104188 219802.1201697363
49 80244.09114136786 102.8920105898671 219903.0168480424
50 80143.43062880111 102.8598975246902 220003.7094736743