Time X_A X1 X_B
0 100000 250 200000
1 98955.40081263786 408.4027663945911 200886.1964209675
2 96912.98469328287 658.1393900161989 202678.8759167009
3 94799.28430084113 641.3838808410529 204809.3318183179
4 92820.17565762158 605.7818932909369 206824.0424490876
5 90974.75007068002 569.4512146442798 208705.7987146758
6 89265.39890504433 532.2874160379022 210452.3136789178
7 87696.82989088948 493.5902102502743 212059.5798988602
8 86277.46631807882 452.2240678053073 213520.3096141159
9 85021.84940445976 406.2856786306412 214821.8649169096
10 83954.76901351125 352.6278148824493 215942.6031716063
11 83115.22370325537 287.3176016429057 216847.4586951017
12 82542.84385666487 212.6937155566777 217494.4624277784
13 82214.02252353213 151.16690474969 217884.8105717181
14 82019.9135636476 121.2686057108973 218108.8178306415
15 81872.25866294734 111.605007811044 218266.1363292415
16 81737.51057925416 108.9628372288485 218403.5265835169
17 81606.31818103552 108.2482215753161 218535.4335973891
18 81476.28838391324 108.0262753473426 218665.6853407393
19 81346.82151562223 107.9277255377019 218795.25075884
20 81217.76735232663 107.8601006095563 218924.3725470637
21 81089.08712602497 107.8004914827986 219053.1123824922
22 80960.76948996443 107.7432316043703 219181.4872784311
23 80832.80994110584 107.6869721214546 219309.5030867726
24 80705.20558173192 107.6313438789116 219437.1630743891
25 80577.95397603459 107.5762628021481 219564.4697611632
26 80451.05120031074 107.5216967081301 219691.427102981
27 80324.49569543214 107.4676376266178 219818.0366669411
28 80198.28647208467 107.4140811303428 219944.2994467849
29 80072.4190642555 107.3610092926977 220070.2199264517
30 79946.89921258023 107.3084446659859 220195.7923427537
31 79821.70894765489 107.2563175950305 220321.03473475
32 79696.86059364508 107.2046758522527 220445.9347305025
33 79572.34855586982 107.1534983117791 220570.4979458183
34 79448.17055930904 107.1027761977976 220694.726664493
35 79324.32486027462 107.0525027111979 220818.6226370141
36 79200.80886769753 107.0026679003778 220942.188464402
37 79077.62068297627 106.9532668547064 221065.4260501689
38 78954.75893756337 106.9042985221991 221188.3367639143
39 78832.22053126397 106.8557492449586 221310.9237194909
40 78710.00311736984 106.8076108502616 221433.1892717798
41 78588.10441450932 106.7598755782729 221555.1357099123
42 78466.52478493511 106.7125523753039 221676.7626626894
43 78345.26083974255 106.6656264825645 221798.0735337747
44 78224.3105534299 106.6190917571666 221919.0703548128
45 78103.67190049539 106.5729420562222 222039.7551574482
46 77983.34397771017 106.5271749474798 222160.1288473422
47 77863.32509969294 106.4817854126113 222280.1931148943
48 77743.61305931729 106.4367667082126 222399.9501739744
49 77624.20604341953 106.3921133934613 222519.4018431868
50 77505.10266720825 106.3478213812347 222638.5495114104