Time X_A X1 X_B
0 100000 250 200000
1 99677.95276130202 126.115794417447 200445.9314442806
2 99566.8234345215 85.14494503519026 200598.0316204434
3 99493.91226091741 78.15701254242299 200677.9307265402
4 99426.24918086457 77.18102202258613 200746.5697971129
5 99359.32464608262 77.05693421332052 200813.6184197041
6 99292.52827649273 77.04924901186149 200880.4224744954
7 99225.77729083243 77.05735143127001 200947.1653577363
8 99159.06050905302 77.06759105875781 201013.8718998882
9 99092.37642794565 77.07809820278695 201080.5454738515
10 99025.72488213949 77.08862408390907 201147.1864937765
11 98959.10587300624 77.09914034505208 201213.7949866487
12 98892.51943081192 77.10963985796074 201280.3709293301
13 98825.96557575572 77.1201225571383 201346.9143016871
14 98759.44436022015 77.13058716187712 201413.425052618
15 98692.95590143392 77.14103386702584 201479.9030646991
16 98626.50010868852 77.15146287698566 201546.3484284345
17 98560.07698198395 77.16187419175661 201612.7611438243
18 98493.68652439929 77.1722678167181 201679.141207784
19 98427.32900187839 77.18264421649569 201745.4883539051
20 98361.00424916997 77.19300310238191 201811.8027477276
21 98294.71226627403 77.20334447437678 201878.0843892516
22 98228.45305319056 77.21366833248028 201944.333278477
23 98162.22665783498 77.22397474293754 202010.5493674221
24 98096.03348784109 77.23426426931984 202076.7322478896
25 98029.87313616685 77.24453634887399 202142.8823274843
26 97963.74562979302 77.25479101890215 202208.9995791881
27 97897.6511956195 77.26502851734008 202275.0837758632
28 97831.58985603483 77.27524887688126 202341.1348950883
29 97765.56151128266 77.28545200763762 202407.1530367097
30 97699.56619232016 77.29563795090185 202473.1381697289
31 97633.60393010449 77.30580674796667 202539.0902631475
32 97567.67475559286 77.31595844012476 202605.009285967
33 97501.77869974241 77.32609306866885 202670.8952071889
34 97435.91579351034 77.33621067489166 202736.7479958148
35 97370.08606785382 77.34631130008586 202802.5676208461
36 97304.28955373001 77.35639498554417 202868.3540512845
37 97238.52628209611 77.3664617725593 202934.1072561313
38 97172.79628390928 77.37651170242395 202999.8272043883
39 97107.09959012669 77.38654481643083 203065.5138650569
40 97041.43623170553 77.39656115587265 203131.1672071386
41 96975.80623960299 77.40656076204209 203196.787199635
42 96910.20964477622 77.4165436762319 203262.3738115476
43 96844.64628924648 77.42650946334075 203327.9272012902
44 96779.11633826444 77.4364585032767 203393.4472032323
45 96713.61983665191 77.44639087229159 203458.9337724758
46 96648.15681304671 77.45630660582998 203524.3868803475
47 96582.7272960867 77.46620573933649 203589.806498174
48 96517.33131440968 77.4760883082557 203655.1925972821
49 96451.96889665352 77.48595434803221 203720.5451489985
50 96386.64007145604 77.49580389411058 203785.8641246498