Time X_A X1 X_B
0 100000 250 200000
1 98553.82772594334 631.696079649903 201064.4761944068
2 96709.85358756101 667.6294259024357 202872.5169865365
3 94963.26922069065 644.7123004991728 204642.0184788101
4 93287.45125061269 621.9084649840549 206340.6402844032
5 91681.28387129666 599.4188239909357 207969.2973047123
6 90143.89382090687 577.20374201868 209528.9024370744
7 88674.45964054078 555.2153706210929 211020.3249888381
8 87272.35714359101 533.4015670674971 212444.2412893414
9 85937.13785917273 511.7012478134327 213801.1608930138
10 84668.57186683246 490.0421844064904 215091.385948761
11 83466.67786911155 468.338417714536 216314.9837131739
12 82331.77583219789 446.4850344886357 217471.7391333134
13 81264.57195724366 424.3520757905901 218561.0759669656
14 80266.23427970808 401.776769567321 219581.9889507245
15 79338.52655519522 378.5550034659011 220532.9184413388
16 78483.93428528968 354.4353561978434 221411.6303585123
17 77705.8182161962 329.1301034242143 222215.0516803794
18 77008.36103685778 302.3705411549452 222939.2684219872
19 76396.19666378824 274.0603325337769 223579.7430036778
20 75873.00521931514 244.6268984258456 224132.3678822588
21 75438.79458552886 215.5081058640904 224595.6973086069
22 75086.35397786081 189.2482436776487 224974.3977784614
23 74800.28379410942 168.4345674384228 225281.2816384521
24 74561.07657465742 154.0607679938844 225534.8626573486
25 74351.22174599183 145.1991909733262 225753.5790630348
26 74158.40668829466 140.1058896336586 225951.4874220716
27 73975.22671448748 137.2417788993614 226137.5315066131
28 73797.6382004437 135.5888414893468 226316.7729580669
29 73623.53634892979 134.5632880417398 226491.9003630284
30 73451.85252330369 133.8556242035193 226664.2918524927
31 73282.04679345046 133.3090123253166 226834.6441942242
32 73113.84008814643 132.8458342546708 227003.3140775988
33 72947.08091610318 132.4283331054442 227170.4907507913
34 72781.67924695085 132.0381881854124 227336.2825648636
35 72617.57512493132 131.6665060353436 227500.7583690333
36 72454.72341850093 131.3088469079475 227663.967734591
37 72293.08678176923 130.9628928243786 227825.9503254063
38 72132.63173696805 130.6272861527403 227986.7409768791
39 71973.32867390891 130.3012124722519 228146.3701136187
40 71815.14857778772 129.9840367987678 228304.8673854134
41 71658.06516002794 129.6752399077339 228462.2596000642
42 71502.05359658053 129.3743920036944 228618.5720114156
43 71347.08936719406 129.0811008892 228773.8295319166
44 71193.1499412796 128.7950196612759 228928.055039059
45 71040.21301628128 128.5158166303895 229081.2711670882
46 70888.25785608846 128.2431906366363 229233.4989532747
47 70737.26417658292 127.9768561874201 229384.7589672295
48 70587.21280446109 127.7165485189056 229535.0706470198
49 70438.08515878585 127.4620181758854 229684.4528230381
50 70289.86354147064 127.2130318896599 229832.9234266396