Time X_A X1 X_B
0 100000 250 200000
1 98881.90073013166 421.259236103968 200946.8400337645
2 96425.98267430891 749.1580806028218 203074.8592450884
3 93984.92738320355 715.2311092306071 205549.8415075659
4 91697.05680420069 673.8688171388426 207879.0743786605
5 89560.61587067324 632.101938748885 210057.2821905779
6 87578.46857771742 589.3390696569298 212082.1923526257
7 85756.75172193749 544.5561122234739 213948.6921658391
8 84107.40430686207 495.9131918392838 215646.6825012987
9 82653.69260916482 439.6978539415709 217156.6095368935
10 81443.88021039549 367.5790994603157 218438.5406901441
11 80579.2410512788 262.9620311933239 219407.7969175277
12 80171.76961867159 135.9640672067494 219942.2663141215
13 80055.1288369136 75.09096997505299 220119.7801931112
14 79998.86684254165 64.16156998830088 220186.9715874699
15 79949.91902674169 62.76799164407738 220237.3129816141
16 79901.8612816184 62.60250372719021 220285.5362146543
17 79853.93279756546 62.5857497419891 220333.4814526925
18 79806.04248057121 62.58683903789348 220381.3706803908
19 79758.17943516628 62.590081026253 220429.2304838074
20 79710.34233360011 62.59356435246824 220477.0641020474
21 79662.53102216386 62.59707191849618 220524.8719059176
22 79614.74548317103 62.60058115111066 220572.6539356778
23 79566.98571009727 62.6040863088185 220620.4102035938
24 79519.25169922944 62.60758635666125 220668.1407144138
25 79471.54344320114 62.61108116331076 220715.8454756355
26 79423.86093890372 62.61457074581658 220763.5244903504
27 79376.20419112088 62.61805523926414 220811.1777536398
28 79328.57319985263 62.62153464365345 220858.8052655036
29 79280.9679522409 62.62500908550041 220906.4070386735
30 79233.38844528727 62.62847859430794 220953.9830761183
31 79185.83468551973 62.63194310584429 221001.5333713743
32 79138.30667293828 62.6354026201095 221049.0579244415
33 79090.80439109745 62.638857223956 221096.5567516785
34 79043.32783904142 62.64230692243184 221144.029854036
35 78995.87702336976 62.645751680683 221191.4772249494
36 78948.45194408248 62.64919149870948 221238.8988644187
37 78901.05239134912 62.65262674829634 221286.2949819025
38 78853.67846731553 62.656057248458 221333.6654754359
39 78806.33025096793 62.6594828592438 221381.0102661727
40 78759.00774230633 62.66290358065373 221428.3293541129
41 78711.71094133073 62.66631941268777 221475.6227392564
42 78664.43984804115 62.66973035534595 221522.8904216034
43 78617.19446243755 62.67313640862826 221570.1324011537
44 78569.97478451995 62.67653757253469 221617.3486779074
45 78522.78081428834 62.67993384706526 221664.5392518645
46 78475.61255174276 62.68332523221994 221711.7041230249
47 78428.46999688316 62.68671172799876 221758.8432913887
48 78381.35314970955 62.69009333440171 221805.9567569559
49 78334.26201022195 62.69347005142879 221853.0445197265
50 78287.19657842035 62.69684187907999 221900.1065797004