Time X_A X1 X_B
0 100000 250 200000
1 99369.50640120082 240.477346495926 200640.0162523033
2 98820.83785406912 210.9484361642102 201218.2137097667
3 98439.57423981244 156.2519600450263 201654.1738001426
4 98242.29830617337 105.1709628045688 201902.5307310221
5 98137.9876006502 82.88799733546831 202029.1244020144
6 98059.89759580619 76.80620432717033 202113.2961998667
7 97987.85338699065 75.40017508671582 202186.7464379227
8 97917.18083787944 75.09156504201579 202257.7275970787
9 97846.84518517472 75.02752129303572 202328.1272935323
10 97776.61912227143 75.01726870763558 202398.363609021
11 97706.4528680715 75.01880749960212 202468.528324429
12 97636.33549792517 75.02289835790614 202538.641603717
13 97566.2646601405 75.0275493592616 202608.7077905003
14 97496.23982329387 75.03231001789173 202678.7278666883
15 97426.26087355152 75.03708429127801 202748.7020421573
16 97356.32778337599 75.04185059022973 202818.6303660339
17 97286.44055260696 75.04660850099225 202888.5128388921
18 97216.59917551807 75.05135521595767 202958.349469266
19 97146.80365132903 75.05609034883987 203028.1402583222
20 97077.05397828214 75.06081395080218 203097.8852077672
21 97007.35015371496 75.06552549907755 203167.5843207861
22 96937.69216962237 75.07022540329751 203237.2376049744
23 96868.08001225337 75.07491379057851 203306.8450739562
24 96798.51369749186 75.07959051408729 203376.4067119942
25 96728.99322533784 75.08425557382382 203445.9225190885
26 96659.51859579133 75.08890896978816 203515.392495239
27 96590.08980885231 75.09355070198026 203584.8166404458
28 96520.70686452081 75.09818077040015 203654.1949547089
29 96451.36974967539 75.1027994147483 203723.52745091
30 96382.0784244627 75.10740736306171 203792.8141681743
31 96312.83292644372 75.11200392918022 203862.0550696272
32 96243.63325561845 75.11658911310384 203931.2501552686
33 96174.47941198692 75.12116291483257 204000.3994250984
34 96105.3713955491 75.12572533436641 204069.5028791167
35 96036.30920630498 75.13027637170535 204138.5605173234
36 95967.29301232639 75.13481395993894 204207.5721737138
37 95898.32231911014 75.13934418035969 204276.5383367096
38 95829.39744960026 75.14386306147229 204345.4586873384
39 95760.51840068083 75.14837064159573 204414.3332286777
40 95691.68516923589 75.15286695904901 204483.1619638052
41 95622.89775214953 75.15735205215108 204551.9448957984
42 95554.15614630583 75.16182595922098 204620.6820277351
43 95485.46034689595 75.16628872627638 204689.3733643779
44 95416.81008213291 75.17074161345101 204758.0191762538
45 95348.20558826525 75.17518357052451 204826.6192281643
46 95279.64686102128 75.17961464107171 204895.1735243378
47 95211.13389612934 75.1840348686675 204963.6820690021
48 95142.66668931776 75.18844429688673 205032.1448663855
49 95074.24523631488 75.19284296930427 205100.5619207159
50 95005.86953284903 75.19723092949501 205168.9332362216