Time X_A X1 X_B
0 100000 250 200000
1 99617.63381385428 139.507517815343 200492.8586683304
2 99491.68981718892 79.9198032400888 200678.390379571
3 99430.72095715653 66.62892362838643 200752.650119215
4 99379.4800911073 64.55764120149031 200805.9622676911
5 99329.63885751991 64.26248239352802 200856.0986600864
6 99280.01158950625 64.22664158327137 200905.7617689104
7 99230.4281431423 64.22816852879069 200955.3436883289
8 99180.86408294598 64.23505735728376 201004.9008596967
9 99131.3159195773 64.24271411708862 201054.4413663056
10 99081.78316007131 64.25047128595642 201103.9663686427
11 99032.26575500582 64.2582334662582 201153.4760115279
12 98982.7637071965 64.26599235544009 201202.970300448
13 98933.27703185022 64.27374317513956 201252.4492249746
14 98883.80574310308 64.28148584299934 201301.9127710539
15 98834.34986771444 64.2892197877765 201351.3609124977
16 98784.90947937069 64.2969450792757 201400.79357555
17 98735.48451977284 64.30466188089231 201450.2108183462
18 98686.0749889209 64.31237019262636 201499.6126408864
19 98636.68088681487 64.32007001447785 201548.9990431706
20 98587.30231723691 64.32776148886904 201598.3699212742
21 98537.93928113318 64.33544461709836 201647.7252742497
22 98488.59173442787 64.34311933867977 201697.0651462334
23 98439.25967712102 64.35078565361326 201746.3895372253
24 98389.94312345084 64.35844357338458 201795.6984329757
25 98340.64223763585 64.36609323046639 201844.9916691336
26 98291.35690828094 64.37373453499791 201894.269357184
27 98242.08713538611 64.38136748697913 201943.5314971269
28 98192.83291895135 64.38899208641004 201992.7780889622
29 98143.59512369291 64.39660858411506 202042.0082677229
30 98094.37377672317 64.40421698795853 202091.2220062888
31 98045.16813707238 64.41181708301069 202140.4200458445
32 97995.97820474058 64.41940886927151 202189.6023863901
33 97946.80397972773 64.42699234674099 202238.7690279255
34 97897.64546203385 64.43456751541915 202287.9199704507
35 97848.50265165894 64.44213437530597 202337.0552139657
36 97799.375548603 64.44969292640147 202386.1747584705
37 97750.26415286602 64.45724316870563 202435.2786039652
38 97701.16846444801 64.46478510221846 202484.3667504497
39 97652.08848334898 64.47231872693996 202533.439197924
40 97603.0242095689 64.47984404287011 202582.4959463882
41 97553.9756431078 64.48736105000896 202631.5369958421
42 97504.94278396567 64.49486974835645 202680.5623462859
43 97455.92563214249 64.50237013791262 202729.5719977195
44 97406.9241876383 64.50986221867747 202778.565950143
45 97357.93845045306 64.51734599065098 202827.5442035562
46 97308.9684205868 64.52482145383316 202876.5067579593
47 97260.01409803951 64.53228860822399 202925.4536133522
48 97211.07548281117 64.53974745382351 202974.384769735
49 97162.15257490182 64.54719799063169 203023.3002271075
50 97113.24617333726 64.5546407428 203072.1991859199