Time X_A X1 X_B
0 100000 250 200000
1 99584.09760624034 138.8443817280145 200527.0580120316
2 99448.58124900266 83.09332217807437 200718.3254288192
3 99375.86139291312 72.54762460918467 200801.5909824776
4 99311.46184728899 71.12400441239731 200867.4141482986
5 99248.13975575901 70.94999018196276 200930.910254059
6 99184.97735033231 70.93666217704551 200994.0859874905
7 99121.85797553699 70.9438056371072 201057.1982188258
8 99058.7668052614 70.95352224927608 201120.2796724892
9 98995.70200548982 70.96356310210719 201183.3344314079
10 98932.66336372898 70.9736263902192 201246.3630098806
11 98869.65088121853 70.98368204334835 201309.365436738
12 98806.66459122853 70.99372346576141 201372.3416853056
13 98743.70450897719 71.00375090258116 201435.2917401201
14 98680.77067592717 71.01376290635851 201498.2155611663
15 98617.86324877013 71.02375971583263 201561.1129915139
16 98554.98211688219 71.03374149903942 201623.9841416187
17 98492.12728026336 71.04370825597891 201686.8290114805
18 98429.29873891364 71.0536599866511 201749.6476010996
19 98366.49669570031 71.06359696974407 201812.4397073298
20 98303.72111646783 71.07351915833672 201875.2053643737
21 98240.97194126331 71.08342647006909 201937.9446322665
22 98178.24917008675 71.09331890494114 202000.6575110082
23 98115.5529051692 71.10319656225894 202063.3438982684
24 98052.88330709604 71.11305959801321 202126.0036333058
25 97990.24023289954 71.12290787332677 202188.636859227
26 97927.6236825797 71.13274138819965 202251.243576032
27 97865.03365613651 71.14256014263182 202313.8237837207
28 97802.47221537761 71.15236508348507 202376.3754195388
29 97739.93755306701 71.16215538080675 202438.9002915521
30 97677.42964944542 71.17193102552267 202501.398419529
31 97614.94850451284 71.18169201763278 202563.8698034694
32 97552.49411826926 71.19143835713712 202626.3144433735
33 97490.0664907147 71.20117004403568 202688.7323392412
34 97427.66562184914 71.21088707832844 202751.1234910724
35 97365.29151167261 71.22058946001543 202813.4878988673
36 97302.94416018507 71.23027718909664 202875.8255626257
37 97240.62356738656 71.23995026557205 202938.1364823478
38 97178.32973327705 71.24960868944169 203000.4206580334
39 97116.06265785654 71.25925246070554 203062.6780896826
40 97053.82234112507 71.26888157936361 203124.9087772955
41 96991.60878308259 71.27849604541589 203187.1127208719
42 96929.42198372912 71.28809585886239 203249.2899204119
43 96867.26194306466 71.29768101970311 203311.4403759155
44 96805.12942126599 71.30725223617429 203373.5633264977
45 96743.0262935092 71.31681125532704 203435.6568952354
46 96680.95029695916 71.32635596893876 203497.7233470718
47 96618.90143161584 71.33588637700943 203559.7626820071
48 96556.87969747926 71.34540247953906 203621.7749000411
49 96494.88509454942 71.35490427652765 203683.760001174
50 96432.91762282632 71.36439176797519 203745.7179854056