Time X_A X1 X_B
0 100000 250 200000
1 99583.44710102846 151.9221142901773 200514.6307846814
2 99417.34341126341 97.66591472668642 200734.99067401
3 99322.93978083399 84.23901660698724 200842.8212025591
4 99241.2812830464 81.85996370219874 200926.8587532515
5 99161.75085526542 81.47480622173111 201006.7743385129
6 99082.60990422085 81.41989329660944 201085.9702024826
7 99003.57572743662 81.41879708480542 201165.0054754787
8 98924.60244012941 81.426408255148 201243.9711516156
9 98845.68265060543 81.43542279270999 201322.881926602
10 98766.81516849088 81.44464117335322 201401.7401903359
11 98687.99983086335 81.45387183664806 201480.5462973001
12 98609.23663825047 81.46308611556383 201559.3002756341
13 98530.52560743544 81.47228126776639 201638.0021112969
14 98451.86675320011 81.48145467812357 201716.6517921218
15 98373.26011311934 81.49060560817551 201795.2492812726
16 98294.7057190997 81.49973429356172 201873.7945466068
17 98216.20372058421 81.50884092746035 201952.2874384884
18 98137.75399637916 81.51792544994493 202030.728078171
19 98059.35654648456 81.52698786101541 202109.1164656545
20 97981.01137090042 81.53602816067185 202187.452600939
21 97902.71846962672 81.54504634891421 202265.7364840245
22 97824.47813376272 81.55404348979148 202343.9678227476
23 97746.2901936163 81.56301896303162 202422.1467874208
24 97668.15462934008 81.57197269608697 202500.273397964
25 97590.07144093409 81.58090468895755 202578.3476543771
26 97512.0406283983 81.58981494164333 202656.3695566602
27 97434.06206289284 81.5987030264985 202734.3392340808
28 97356.13658588403 81.60757173652111 202812.2558423796
29 97278.26351854455 81.61641881854507 202890.120062637
30 97200.44288134597 81.62524434051969 202967.9318743136
31 97122.67469475983 81.63404837039424 203045.6912568699
32 97044.95909929989 81.64283144540761 203123.3980692548
33 96967.29622525642 81.65159406283152 203201.0521806809
34 96889.68591096843 81.6603355785911 203278.6537534531
35 96812.12817906358 81.66905606906462 203356.2027648675
36 96734.62305216955 81.67775561063037 203433.6991922199
37 96657.17055291399 81.68643427966663 203511.1430128065
38 96579.77070392456 81.69509215255169 203588.534203923
39 96502.42352782891 81.70372930566383 203665.8727428655
40 96425.12904725474 81.71234581538134 203743.15860693
41 96347.88728482969 81.7209417580825 203820.3917734124
42 96270.69826318143 81.72951721014559 203897.5722196086
43 96193.5620049376 81.73807224794891 203974.6999228146
44 96116.4785327259 81.74660694787073 204051.7748603263
45 96039.44786917396 81.75512138628933 204128.7970094399
46 95962.47003690948 81.76361563958301 204205.7663474511
47 95885.54505856008 81.77208978413003 204282.6828516559
48 95808.67295675345 81.7805438963087 204359.5464993504
49 95731.85375411726 81.7889780524973 204436.3572678304
50 95655.08747327914 81.7973923290741 204513.1151343919