Time X_A X1 X_B
0 100000 250 200000
1 98358.72776356306 675.5345920539625 201215.7376443829
2 95439.99124004277 830.7925177911563 203979.216242166
3 92763.81199569275 785.6451115785472 206700.5428927286
4 90251.87601104206 740.8925975793542 209257.2313913784
5 87902.62399300963 696.4403972374092 211650.9356097527
6 85715.91295152505 651.874330407816 213882.2127180669
7 83693.60415389619 606.5948854071928 215949.8009606964
8 81840.61484383943 559.6570032720703 217849.7281528882
9 80167.0282080179 509.4385188005375 219573.5332731813
10 78692.51123288933 452.8529297057824 221104.6358374046
11 77456.27747274973 383.5253791182832 222410.1971481318
12 76535.53713832267 289.7292973557909 223424.7335643213
13 76025.07176464661 173.7377284611685 224051.190506892
14 75836.07652502201 100.1508353975031 224313.7726395802
15 75747.11894776669 81.0884896087174 224421.7925626242
16 75674.95373237798 77.88465133564011 224497.1616162861
17 75605.36308290368 77.39453014236091 224567.2423869537
18 75536.21899308126 77.31902146463472 224636.4619854538
19 75467.20397642383 77.30563209505051 224705.4903914808
20 75398.27061452727 77.30149427002978 224774.4278912024
21 75329.41180009767 77.2987549696809 224843.2894449323
22 75260.62637651456 77.29622168319634 224912.0774018019
23 75191.9140658875 77.29372382607552 224980.7922102861
24 75123.27478069396 77.29124069018992 225049.4339786156
25 75054.70838904309 77.28876550580085 225118.0028454508
26 74986.21484318095 77.28629867111218 225186.4988581477
27 74917.79403261695 77.28383861502697 225254.9221287677
28 74849.44540763967 77.28138529372026 225323.2732070663
29 74781.16934467474 77.27893910549709 225391.5517162195
30 74712.96584372215 77.27650005035741 225459.7576562272
31 74644.83490478192 77.27406812830124 225527.8910270895
32 74576.77595685395 77.27164322029371 225595.9523999254
33 74508.78897467413 77.26922532106809 225663.9418000045
34 74440.87420587648 77.26681448224798 225731.858979641
35 74373.03165046098 77.26441070383336 225799.7039388349
36 74305.26212718189 77.26201422654098 225867.4758585913
37 74237.56227222762 77.25962406139797 225935.1781037107
38 74169.93452088117 77.25724092438642 226002.8082381941
39 74102.37878537238 77.25486478970157 226070.3663498376
40 74034.89497793104 77.25249563153865 226137.8525264371
41 73967.48203156609 77.25013306264474 226205.267835371
42 73900.14044646529 77.24777727424097 226272.6117762602
43 73832.87027148993 77.2454282909558 226339.8843002188
44 73765.67140282586 77.24308608106234 226407.0855110928
45 73698.54373665896 77.24075061283374 226474.2155127279
46 73631.48716917507 77.23842185454311 226541.2744089701
47 73564.50159656008 77.2360997744636 226608.2623036652
48 73497.58691499982 77.23378434086831 226675.179300659
49 73430.74302068015 77.23147552203041 226742.0255037975
50 73363.96980978696 77.229173286223 226808.8010169265