Time X_A X1 X_B
0 100000 250 200000
1 99393.83140634818 200.5981161060805 200655.5704775458
2 99039.45353574074 135.4629817180142 201075.0834825412
3 98864.47070960054 98.62572464228377 201286.9035657571
4 98747.73090156417 88.21613448191508 201414.0529639539
5 98643.69886917791 86.0066672161449 201520.294463606
6 98542.2632054219 85.57154236093652 201622.1652522172
7 98441.42057478025 85.48809896369909 201723.0913262561
8 98340.78170641465 85.47297942456503 201823.7453141608
9 98240.27131557881 85.47105579647082 201924.2576286247
10 98139.87478074915 85.47164597290768 202024.6535732779
11 98039.58926792348 85.47273721177187 202124.9379948647
12 97939.41410488835 85.47391013556901 202225.1119849761
13 97839.34904123169 85.47509424182795 202325.1758645265
14 97739.39396972729 85.47627756530878 202425.1297527074
15 97639.54879252362 85.47745826883379 202524.9737492076
16 97539.81341083998 85.47863403503482 202624.707955125
17 97440.18771990597 85.47980509215428 202724.3324750019
18 97340.67162592187 85.48097081931058 202823.8474032588
19 97241.26438690409 85.48213160793571 202923.2534814879
20 97141.96612461146 85.48328745630749 203022.5505879322
21 97042.77716688022 85.48443835978892 203121.73839476
22 96943.6975137104 85.48558431837998 203220.8169019712
23 96844.72716510198 85.48672533208068 203319.7861095659
24 96745.86612105499 85.48786140089102 203418.6460175441
25 96647.11331864819 85.48899292604887 203517.3976884258
26 96548.46861955395 85.49011995977098 203616.0412604863
27 96449.93267651403 85.49124225565649 203714.5760812303
28 96351.5054895284 85.49235981370538 203813.0021506579
29 96253.18705859708 85.49347263391766 203911.319468769
30 96154.97738372006 85.49458071629334 204009.5280355636
31 96056.87844705601 85.49568347650536 204107.6258694675
32 95958.88248510541 85.49678320318122 204205.6207316914
33 95860.9951293347 85.49787823620245 204303.5069924291
34 95763.21627889245 85.49896860529937 204401.2847525023
35 95665.54583292722 85.5000543402023 204498.9541127326
36 95567.9836905876 85.50113547064156 204596.5151739418
37 95470.52898625858 85.50221221278554 204693.9688015286
38 95373.1809307198 85.50328476417873 204791.315784516
39 95275.94047668487 85.50435289770788 204888.5551704174
40 95178.80749950238 85.50541664890538 204985.6870838487
41 95081.78187452086 85.50647605330366 205082.7116494258
42 94984.86347708892 85.50753114643514 205179.6289917646
43 94888.0521825551 85.50858196383221 205276.439235481
44 94791.347866268 85.5096285410273 205373.1425051909
45 94694.75040357618 85.5106709135528 205469.7389255102
46 94598.25966982821 85.51170911694115 205566.2286210548
47 94501.87554037267 85.51274318672475 205662.6117164406
48 94405.59789055813 85.51377315843601 205758.8883362834
49 94309.42659573315 85.51479906760734 205855.0586051992
50 94213.36153124631 85.51582094977115 205951.1226478039