Time X_A X1 X_B
0 100000 250 200000
1 99735.34933943336 77.41095819091015 200437.2397023758
2 99689.46718152204 52.09892415722628 200508.4338943207
3 99655.97557909151 50.58057403508572 200543.4438468734
4 99623.11803154295 50.50374712056939 200576.3782213365
5 99590.29821121029 50.50533428888577 200609.1964545009
6 99557.48404865652 50.51115107511061 200642.0048002684
7 99524.67382070502 50.51719291895402 200674.8089863761
8 99491.867441829 50.52324561527383 200707.6093125558
9 99459.06270788526 50.52929911884559 200740.407992996
10 99426.26622953557 50.53534756630402 200773.1984228982
11 99393.48839250929 50.54138810746988 200805.9702193833
12 99360.71194932936 50.54742805746757 200838.7406226133
13 99327.93550614943 50.55346800746526 200871.5110258432
14 99295.1590629695 50.55950795746296 200904.2814290731
15 99262.38261978958 50.56554790746065 200937.0518323031
16 99229.65951020074 50.57155682541894 200969.7689329739
17 99196.88799993061 50.57759390521329 201002.5344061643
18 99164.12039802101 50.58362871093617 201035.2959732682
19 99131.35670447194 50.58966124258758 201068.0536342856
20 99098.59691928339 50.59569150016753 201100.8073892165
21 99065.84110952527 50.6017182033811 201133.5571722715
22 99033.08927561349 50.60774134428913 201166.3029830423
23 99000.3413771864 50.61376169335306 201199.0448611203
24 98967.59741424402 50.61977925057288 201231.7828065055
25 98934.85738678637 50.62579401594861 201264.5168191978
26 98902.12129481343 50.63180598948023 201297.2468991972
27 98869.3891383252 50.63781517116774 201329.9730465037
28 98836.6609173217 50.64382156101115 201362.6952611174
29 98803.93678329764 50.64982675601966 201395.4133899464
30 98771.21664752072 50.65582982080536 201428.1275226586
31 98738.5004882191 50.66183052585664 201460.8376812551
32 98705.78830539279 50.66782887117348 201493.5438657361
33 98673.08009904178 50.6738248567559 201526.2460761016
34 98640.37586916608 50.67981848260389 201558.9443123514
35 98607.67561576566 50.68580974871746 201591.6385744857
36 98574.97936131089 50.69179867834361 201624.3288400109
37 98542.28726415685 50.69778543531096 201657.0149504079
38 98509.59918872289 50.70376987935256 201689.6970413978
39 98476.91513500904 50.70975201046839 201722.3751129806
40 98444.23510301528 50.71573182865848 201755.0491651561
41 98411.55909274161 50.7217093339228 201787.7191979246
42 98378.88710418803 50.72768452626138 201820.3852112858
43 98346.21913735455 50.73365740567419 201853.0472052399
44 98313.55558591853 50.73962791341847 201885.7047861681
45 98280.89672114729 50.74559600901692 201918.3576828438
46 98248.24195844038 50.75156177970101 201951.00647978
47 98215.59129779783 50.75752522547074 201983.6511769768
48 98182.9447392196 50.7634863463261 202016.2917744342
49 98150.30228270573 50.7694451422671 202048.9282721521
50 98117.66392825618 50.77540161329372 202081.5606701306