Time X_A X1 X_B
0 100000 250 200000
1 98777.18972613949 545.8740847471792 200926.9361891133
2 97051.61383986418 627.4306276773423 202570.9555324585
3 95417.74026212652 606.6891956059786 204225.5705422675
4 93852.97096520111 584.7705703254052 205812.2584644734
5 92356.03655198785 563.0718678905506 207330.8915801216
6 90926.24314966412 541.566757737486 208782.1900925984
7 89563.05836770539 520.202980186017 210166.7386521086
8 88266.13011289008 498.9197778450571 211484.9501092648
9 87035.3175595986 477.6459311102394 212737.0365092911
10 85870.7302485156 456.2967417075904 213922.9730097767
11 84772.77642385011 434.7705733668432 215042.453002783
12 83742.2205907567 412.9445605182723 216094.834848725
13 82780.26795605326 390.6693184710905 217079.0627254756
14 81888.65504916983 367.769926542662 217993.5750242874
15 81069.65791766655 344.0554234938837 218836.2866588394
16 80326.16634600179 319.345322328739 219604.4883316694
17 79661.35581927323 293.5625703317405 220295.0816103948
18 79077.98932937509 266.9117358761018 220905.0989347486
19 78576.87591916288 240.1541193358249 221432.9699615011
20 78154.62514524908 214.802182820416 221880.5726719303
21 77801.91804523044 192.831751059377 222255.25020371
22 77504.31760032329 175.7600037037497 222569.9223959727
23 77245.87912241931 163.8372650182256 222840.2836125622
24 77012.94309312789 156.1715774300653 223080.8853294418
25 76795.78754197678 151.4684603082813 223302.7439977147
26 76588.30132725107 148.6029800554925 223513.0956926932
27 76386.92968741379 146.7989317519128 223716.2713808341
28 76189.6932114082 145.5836507234472 223914.7231378681
29 75995.51174498607 144.6894345681637 224109.7988204455
30 75803.79406380311 143.9709273406743 224302.2350088559
31 75614.2090087323 143.3515323839634 224492.4394588835
32 75426.56001566917 142.7912665089789 224680.6487178216
33 75240.7207692652 142.269449017477 224867.0097817171
34 75056.60146259982 141.7752044381223 225051.6233329618
35 74874.13204419606 141.3026612128675 225234.5652945908
36 74693.25353932458 140.8484300984845 225415.8980305767
37 74513.91385504339 140.4104335587524 225595.6757113976
38 74336.06406176472 139.9872316182414 225773.9487066168
39 74159.66259700515 139.5777586834877 225950.7596443111
40 73984.66795756147 139.1810524381173 226126.1509900001
41 73811.04172192841 138.7963468094774 226300.1619312618
42 73638.74814744899 138.4229674634724 226472.8288850872
43 73467.75219046405 138.0602802218324 226644.1875293138
44 73298.02195370855 137.7077289778056 226814.2703173134
45 73129.52615244286 137.3647846468834 226983.10906291
46 72962.23556159969 137.0309698436505 227150.7334685564
47 72796.12230305134 136.7058395527479 227317.1718573957
48 72631.15949274699 136.3889783505292 227482.4515289023
49 72467.32195763351 136.080005596863 227646.5980367694
50 72304.58509250499 135.7785603818772 227809.6363471129