Time X_A X1 X_B
0 100000 250 200000
1 1.203341796196102e-05 0.2169825787331646 300249.7830053944
2 1.163529501205882e-05 0.2169825688489237 300249.7830058025
3 1.166121261598661e-05 0.2169825694932363 300249.783005776
4 1.167023458127101e-05 0.2169825697174907 300249.7830057667
5 1.167206256760464e-05 0.2169825697628909 300249.7830057648
6 1.167211591138067e-05 0.2169825697641734 300249.7830057647
7 1.167216925515669e-05 0.2169825697654559 300249.7830057645
8 1.167222259893271e-05 0.2169825697667384 300249.7830057644
9 1.167227594270874e-05 0.2169825697680209 300249.7830057642
10 1.167232928648476e-05 0.2169825697693034 300249.7830057641
11 1.167238263026079e-05 0.2169825697705859 300249.783005764
12 1.167243597403681e-05 0.2169825697718684 300249.7830057638
13 1.167248931781284e-05 0.2169825697731509 300249.7830057637
14 1.167252601814433e-05 0.2169825697740469 300249.7830057635
15 1.167252700377443e-05 0.2169825697741133 300249.7830057635
16 1.167252798940454e-05 0.2169825697741797 300249.7830057635
17 1.167252897503464e-05 0.2169825697742461 300249.7830057635
18 1.167252996066474e-05 0.2169825697743125 300249.7830057635
19 1.167253094629485e-05 0.2169825697743789 300249.7830057635
20 1.167253193192495e-05 0.2169825697744453 300249.7830057635
21 1.167253291755506e-05 0.2169825697745117 300249.7830057635
22 1.167253390318516e-05 0.2169825697745781 300249.7830057635
23 1.167253463105839e-05 0.2169825697746272 300249.7830057635
24 1.167253463291031e-05 0.2169825697746272 300249.7830057635
25 1.167253463476222e-05 0.2169825697746273 300249.7830057635
26 1.167253463661414e-05 0.2169825697746273 300249.7830057635
27 1.167253463846605e-05 0.2169825697746274 300249.7830057635
28 1.167253464031797e-05 0.2169825697746275 300249.7830057635
29 1.167253464216988e-05 0.2169825697746275 300249.7830057635
30 1.167253464402179e-05 0.2169825697746276 300249.7830057635
31 1.167253464587371e-05 0.2169825697746276 300249.7830057635
32 1.167253464772562e-05 0.2169825697746277 300249.7830057635
33 1.167253464957754e-05 0.2169825697746278 300249.7830057635
34 1.167253465142945e-05 0.2169825697746278 300249.7830057635
35 1.167253465328137e-05 0.2169825697746279 300249.7830057635
36 1.167253465513328e-05 0.2169825697746279 300249.7830057635
37 1.16725346569852e-05 0.216982569774628 300249.7830057635
38 1.167253465883711e-05 0.216982569774628 300249.7830057635
39 1.167253466068903e-05 0.2169825697746281 300249.7830057635
40 1.167253466254094e-05 0.2169825697746282 300249.7830057635
41 1.167253466439286e-05 0.2169825697746282 300249.7830057635
42 1.167253466624477e-05 0.2169825697746283 300249.7830057635
43 1.167253466809669e-05 0.2169825697746283 300249.7830057635
44 1.16725346699486e-05 0.2169825697746284 300249.7830057635
45 1.167253467180051e-05 0.2169825697746285 300249.7830057635
46 1.167253467365243e-05 0.2169825697746285 300249.7830057635
47 1.167253467550434e-05 0.2169825697746286 300249.7830057635
48 1.167253467735626e-05 0.2169825697746286 300249.7830057635
49 1.167253467920817e-05 0.2169825697746287 300249.7830057635
50 1.167253468106009e-05 0.2169825697746288 300249.7830057635