Time X_A X1 X_B
0 100000 250 200000
1 99659.86843343746 112.2823147232553 200477.8492518393
2 99569.70955863799 68.59070585030258 200611.6997355118
3 99515.87101919338 62.79814703533432 200671.3308337714
4 99465.71149090462 62.18926599405719 200722.0992431014
5 99415.94131638443 62.13382765207287 200771.9248559636
6 99366.2239036165 62.13568475118771 200821.6404116324
7 99316.52458618495 62.14342978959069 200871.3319840256
8 99266.83982167694 62.15177920719637 200921.0083991159
9 99217.16925875051 62.16018015887196 200970.6705610907
10 99167.51288022973 62.16858109737752 201020.318538673
11 99117.87070277221 62.17697489003277 201069.9523223378
12 99068.24273683643 62.18536139798297 201119.5719017657
13 99018.62901527775 62.19373931036375 201169.177245412
14 98969.02960355852 62.2021088423994 201218.7682875991
15 98919.4444512568 62.21047014263765 201268.3450786006
16 98869.87355837259 62.2188232110785 201317.9076184164
17 98820.31694441719 62.22716807691828 201367.455887506
18 98770.7747355926 62.23550492900322 201416.9897594785
19 98721.24684748721 62.24383364102142 201466.5093188718
20 98671.73328010102 62.25215421297288 201516.0145656861
21 98622.23404186712 62.26046665028064 201565.5054914826
22 98572.74929290445 62.26877105591152 201614.9819360397
23 98523.27893260236 62.27706736516638 201664.4440000325
24 98473.82296096088 62.28535557804521 201713.8916834611
25 98424.38137797997 62.29363569454802 201763.3249863255
26 98374.9560450258 62.30190799158658 201812.7420469827
27 98325.54532573184 62.31017222572187 201862.1445020425
28 98276.14916414586 62.31842838862998 201911.5324074656
29 98226.76756026782 62.32667648031091 201960.9057632519
30 98177.40051409777 62.33491650076466 202010.2645694015
31 98128.04802563567 62.34314844999123 202059.6088259144
32 98078.71009488155 62.35137232799062 202108.9385327905
33 98029.38672183538 62.35958813476283 202158.2536900299
34 97980.0779064972 62.36779587030787 202207.5542976325
35 97930.78364886697 62.37599553462572 202256.8403555985
36 97881.50394894471 62.38418712771639 202306.1118639276
37 97832.23880673041 62.39237064957988 202355.36882262
38 97782.98822222408 62.4005461002162 202404.6112316757
39 97733.75219542572 62.40871347962533 202453.8390910947
40 97684.53072633533 62.41687278780729 202503.0524008769
41 97635.32381495291 62.42502402476206 202552.2511610224
42 97586.13146127845 62.43316719048966 202601.4353715311
43 97536.95366531196 62.44130228499007 202650.6050324031
44 97487.79042705343 62.44942930826331 202699.7601436384
45 97438.64174650286 62.45754826030937 202748.9007052369
46 97389.50762366028 62.46565914112825 202798.0267171986
47 97340.38878523765 62.47376225831528 202847.1374525041
48 97291.28719157598 62.48185844162383 202896.2309499825
49 97242.2004499852 62.48994667830018 202945.3096033366
50 97193.12856046534 62.49802696834433 202994.3734125664