Time X_A X1 X_B
0 100000 250 200000
1 99566.38928372112 212.7686677828266 200470.8420484961
2 99235.07724634778 178.2000686832395 200836.722684969
3 98987.85419217197 150.6107737179491 201111.53503411
4 98797.46138927434 132.5014521472191 201320.0371585784
5 98639.09025794014 122.4843931500564 201488.4253489098
6 98496.72596839936 117.5254186468641 201635.7486129537
7 98361.93806080255 115.1981668421812 201772.8637723553
8 98230.73080730316 114.1147762944201 201905.1544164024
9 98101.30173387859 113.592131838479 202035.1061342829
10 97972.8563439959 113.3166119247562 202163.8270440793
11 97845.04784346206 113.1489180143397 202291.8032385236
12 97717.72503873279 113.0282316309582 202419.2467296362
13 97590.82126665949 112.9282380423438 202546.2504952981
14 97464.30629476532 112.8376516462365 202672.8560535884
15 97338.16539280512 112.7516300261994 202799.0829771686
16 97212.39035796523 112.6680639205163 202924.9415781142
17 97086.97614005866 112.5861338909819 203050.4377260503
18 96961.91865886821 112.505441353252 203175.5758997785
19 96837.21449726782 112.4257961022125 203300.3597066299
20 96712.86048707842 112.3471178728601 203424.7923950487
21 96588.8536166361 112.2693661262888 203548.8770172376
22 96465.19092111639 112.1925116050899 203672.6165672785
23 96341.86955757227 112.1165322512736 203796.0139101764
24 96218.88667616308 112.0414087690017 203919.0719150679
25 96096.2395547465 111.9671238363685 204041.7933214171
26 95973.92544503666 111.8936606402329 204164.1808943231
27 95851.94172584101 111.8210034472935 204286.2372707117
28 95730.28574642885 111.7491366316821 204407.9651169394
29 95608.95497511211 111.6780454660585 204529.3669794218
30 95487.94685299588 111.6077152137357 204650.4454317904
31 95367.25893692364 111.5381319687253 204771.2029311076
32 95246.88875167922 111.4692817758134 204891.641966545
33 95126.83394015471 111.4011514935941 205011.7649083517
34 95007.09210605138 111.3337278857327 205131.5741660629
35 94887.66097215006 111.266998508654 205251.0720293413
36 94768.53822154112 111.2009508195387 205370.2608276394
37 94649.72164540022 111.13557298406 205489.1427816157
38 94531.20901307183 111.0708531632712 205607.7201337649
39 94412.99816641863 111.0067800159243 205725.9950535654
40 94295.0869706712 110.9433424315203 205843.9696868973
41 94177.47330670689 110.8805294830907 205961.64616381
42 94060.15513035338 110.8183307355926 206079.0265389111
43 93943.13037562075 110.7567357325389 206196.1128886468
44 93826.3970586167 110.6957345376375 206312.9072068457
45 93709.95319265056 110.635317278941 206429.4114900706
46 93593.79682252365 110.5754743446826 206545.6277031318
47 93477.92605112471 110.5161964794282 206661.557752396
48 93362.33896655307 110.4574744526687 206777.2035589944
49 93247.03372132467 110.3992994146374 206892.5669792608
50 93132.00848117111 110.3416626650713 207007.6498561639