Time X_A X1 X_B
0 100000 250 200000
1 98528.09804202631 629.6702085631434 201092.2317494105
2 96453.72994521135 695.2906301923274 203100.9794245965
3 94506.17925600828 667.6438286384398 205076.1769153535
4 92650.31619512319 639.9883484602847 206959.6954564167
5 90884.77085331571 612.6596010355829 208752.5695456489
6 89208.60472008382 585.5738965193869 210455.821383397
7 87621.19950621713 558.6286878164441 212070.1718059666
8 86122.32692805289 531.6983785396397 213595.9746934076
9 84712.24691167343 504.6246329695026 215033.1284553572
10 83391.84743467513 477.2018838437761 216380.9506814812
11 82162.83893440058 449.1556733240649 217638.0053922755
12 81028.09162130754 420.1099488474197 218801.7984298452
13 79992.03976552613 389.5444359392698 219868.4157985348
14 79061.26581509484 356.7522908926114 220831.9818940127
15 78245.06345887732 320.8686617690735 221684.0678793539
16 77555.19877029497 281.2207637683213 222413.5804659369
17 77002.36345097249 238.5588697654228 223009.0776792623
18 76586.1396021798 197.1489326102476 223466.7114652102
19 76283.62686521033 164.2107268672805 223802.1624079227
20 76055.30248498509 143.6988571397281 224050.9986578755
21 75865.89427269525 133.2557753844368 224250.8499519206
22 75694.43070878911 128.5071499103994 224427.0621413008
23 75530.96230541296 126.4073338758673 224592.6303607114
24 75371.25068252163 125.4289758092006 224753.3203416694
25 75213.5687946876 124.9054504211063 224911.5257548916
26 75057.22682036267 124.564150683265 225068.2090289544
27 74901.94625072771 124.2964263774517 225223.7573228951
28 74747.61029791139 124.0597834508339 225378.3299186381
29 74594.16494728276 123.8377502674464 225531.9973024501
30 74441.58042094327 123.6239192670564 225684.79565979
31 74289.83643348889 123.415754345509 225836.747812166
32 74138.91649502343 123.2122603090451 225987.8712446679
33 73988.80622317802 123.0129564453257 226138.1808203771
34 73839.49195332921 122.8175623692288 226287.690484302
35 73690.960739203 122.6259071122345 226436.4133536852
36 73543.20007332519 122.4378489608007 226584.3620777144
37 73396.19779830333 122.2532600580665 226731.548941639
38 73249.94219729396 122.0720232580045 226877.9857794484
39 73104.42202843681 121.8940290672156 227023.6839424964
40 72959.62625360242 121.7191724692811 227168.6545739287
41 72815.54419336683 121.5473537488461 227312.9084528848
42 72672.16557668534 121.3784787728549 227456.4559445422
43 72529.48038677036 121.2124571584797 227599.3071560716
44 72387.47886409108 121.0492024608898 227741.4719334484
45 72246.15153783688 120.8886320658934 227882.9598300976
46 72105.48926158781 120.7306675242182 228023.7800708884
47 71965.48311122986 120.5752334999721 228163.9416552706
48 71826.12438747198 120.4222576509433 228303.4533548774
49 71687.40462938581 120.2716707850937 228442.3236998294
50 71549.31560446683 120.1234065298594 228580.5609890037