Time X_A X1 X_B
0 100000 250 200000
1 99710.77143180474 121.597590505933 200417.6309776894
2 99618.2566721912 74.80240893750189 200556.9409188714
3 99565.79950385293 65.59088998106587 200618.6096061662
4 99519.31761869979 64.14601464567136 200666.5363666547
5 99473.73370716134 63.93396054708739 200712.3323322918
6 99428.29539720685 63.90825469198076 200757.7963481013
7 99382.89026769208 63.91047365665463 200803.1992586514
8 99337.50153690594 63.91689312728415 200848.5815699669
9 99292.12667424808 63.92391730854706 200893.9494084435
10 99246.7653235607 63.93102519026988 200939.3036512492
11 99201.41744780437 63.93813875325908 200984.6444134425
12 99156.08304654191 63.94524994287958 201029.9717035153
13 99110.76213702864 63.95235408155865 201075.2855088899
14 99065.45471912855 63.95945214548463 201120.5858287261
15 99020.16081369895 63.96654268870833 201165.8726436125
16 98974.880461754 63.97362614564219 201211.1459121005
17 98929.61369135686 63.98070247931473 201256.405606164
18 98884.3604605983 63.98777174493875 201301.6517676569
19 98839.12076947831 63.99483394251425 201346.8843965793
20 98793.89461799691 64.00188907204122 201392.1034929312
21 98748.6820332213 64.00893717450492 201437.3090296043
22 98703.48313664118 64.01597843386516 201482.5008849251
23 98658.2978323319 64.02301270487271 201527.6791549633
24 98613.12612029344 64.03003998752757 201572.8438397191
25 98567.96800052583 64.03706028182974 201617.9949391925
26 98522.82347302904 64.04407358777922 201663.1324533833
27 98477.69269786676 64.0510800285051 201708.2562221049
28 98432.57558997396 64.05807953857104 201753.3663304876
29 98387.4721325625 64.06507210506274 201798.4627953325
30 98342.38232563235 64.07205772798022 201843.5456166398
31 98297.30616918355 64.07903640732346 201888.6147944093
32 98252.24457667457 64.08600841017869 201933.6694149153
33 98207.19737027441 64.09297368454986 201978.7096560411
34 98162.16394164872 64.09993205256606 202023.7361262988
35 98117.14429079747 64.10688351422726 202068.7488256884
36 98072.13841772069 64.11382806953348 202113.7477542099
37 98027.14632241835 64.12076571848472 202158.7329118633
38 97982.16800489048 64.12769646108097 202203.7042986485
39 97937.20346513705 64.13462029732224 202248.6619145657
40 97892.25270315808 64.14153722720853 202293.6057596148
41 97847.31571895357 64.14844725073984 202338.5358337958
42 97802.39251252351 64.15535036791616 202383.4521371087
43 97757.4830838679 64.16224657873748 202428.3546695535
44 97712.58743298675 64.16913588320384 202473.2434311302
45 97667.70555988005 64.17601828131519 202518.1184218387
46 97622.8374645478 64.18289377307157 202562.9796416792
47 97577.98314699001 64.18976235847298 202607.8270906516
48 97533.14260720668 64.19662403751938 202652.6607687559
49 97488.31584519779 64.20347881021081 202697.4806759921
50 97443.50286096337 64.21032667654725 202742.2868123602