Time X_A X1 X_B
0 100000 250 200000
1 99488.46688766917 197.7149584376845 200563.8181538932
2 99182.02009555452 135.3144253719291 200932.6654790736
3 99029.80665095476 94.61175429244896 201125.5815947528
4 98937.94048724162 80.07170096808576 201231.9878117904
5 98861.93885814807 76.27396372523083 201311.7871781268
6 98789.69354094958 75.37808863488675 201384.9283704156
7 98718.35008571274 75.17414894510138 201456.4757653422
8 98647.25196177633 75.13003791921302 201527.6180003045
9 98576.24892585131 75.12251796301082 201598.6285561858
10 98505.30667895998 75.12334777708455 201669.5699732631
11 98434.41736915638 75.1260568524436 201740.4565739913
12 98363.57924484371 75.12920870835742 201811.2915464481
13 98292.79185617532 75.13244281342689 201882.0757010114
14 98222.05510100331 75.13568965626826 201952.8092093406
15 98151.36893603546 75.13893180039682 202023.4921321643
16 98080.73335909208 75.14216919801881 202094.1244717101
17 98010.14833674344 75.14539758676267 202164.70626567
18 97939.61387276181 75.14861826210523 202235.2375089762
19 97869.12993237315 75.15182976745565 202305.7182378596
20 97798.69648392379 75.15503266848911 202376.1484834079
21 97728.31342611932 75.15822692660059 202446.5283469543
22 97657.98085441397 75.1614125781693 202516.857733008
23 97587.69876880776 75.16458962319525 202587.1366415692
24 97517.46716930068 75.16775806167846 202657.3650726378
25 97447.28605589275 75.17091789361889 202727.5430262138
26 97377.15533386596 75.17406935482582 202797.6705967794
27 97307.07488227537 75.177212746403 202867.7479049784
28 97237.04483572011 75.18034773325331 202937.7748165468
29 97167.06519420019 75.18347431537673 203007.7513314846
30 97097.13595771561 75.18659249277327 203077.6774497918
31 97027.25712626638 75.18970226544292 203147.5531714683
32 96957.42899020021 75.19280302928306 203217.3782067706
33 96887.65041068333 75.1958971537715 203287.153692163
34 96817.92221327075 75.19898292124384 203356.8788038081
35 96748.2443822303 75.20206036443264 203426.5535574054
36 96678.61690182984 75.20512951607049 203496.1779686542
37 96609.03975633722 75.20819040888999 203565.752053254
38 96539.51264029126 75.21124345573725 203635.2761162532
39 96470.03553156876 75.21428869772959 203704.7501797336
40 96400.60863986542 75.21732587184691 203774.1740342629
41 96331.23194660388 75.22035501455454 203843.5476983817
42 96261.90543320683 75.22337616231785 203912.871190631
43 96192.62908109695 75.22638935160218 203982.1445295516
44 96123.40287169692 75.22939461887287 204051.3677336844
45 96054.22678642938 75.2323920005953 204120.5408215702
46 95985.10080671705 75.2353815332348 204189.6638117499
47 95916.02491398256 75.23836325325674 204258.7367227643
48 95846.99908964863 75.24133719712646 204327.7595731544
49 95778.02331513791 75.2443034013093 204396.7323814609
50 95709.09757187306 75.24726190227062 204465.6551662248