Time X_A X1 X_B
0 100000 250 200000
1 99524.43898929065 160.9344793701166 200564.6265313393
2 99314.43708621696 105.0567734435971 200830.5061403395
3 99195.26074238056 89.14351754162895 200965.5957400778
4 99094.34886678914 86.05728474957705 201069.5938484613
5 98996.72590067865 85.51692604111606 201167.7571732803
6 98899.75045772531 85.42723523154378 201264.8223070432
7 98802.96608229102 85.41547309740288 201361.6184446116
8 98706.2942305168 85.41707665245401 201458.2886928308
9 98609.72145471364 85.42098918925481 201554.8575560972
10 98513.24535790822 85.42526869706209 201651.3293733948
11 98416.86550223382 85.42959472531965 201747.704903041
12 98320.58174847465 85.43391392471281 201843.9843376008
13 98224.39406940635 85.43822271555699 201940.1677078782
14 98128.30240337327 85.44251594952986 202036.2550806773
15 98032.30669457762 85.44679342930634 202132.2465119932
16 97936.40687766181 85.45105478158384 202228.1420675568
17 97840.6026411154 85.45530030387788 202323.9420585809
18 97744.89422181791 85.45953000696264 202419.6462481753
19 97649.28161976936 85.46374389083807 202515.25463634
20 97553.76483496971 85.4679419555042 202610.7672230749
21 97458.34372288547 85.47212447576207 202706.1841526389
22 97363.01788058465 85.47629221770468 202801.5058271978
23 97267.78763954787 85.48044455108926 202896.7319159012
24 97172.65299977509 85.4845814759158 202991.8624187492
25 97077.61396126635 85.48870299218429 203086.8973357416
26 96982.67105591053 85.49280822839467 203181.8361358613
27 96887.8219958007 85.49690093328294 203276.6811032662
28 96793.06846787177 85.50097834280591 203371.4305537856
29 96698.41042177555 85.50504053945905 203466.0845376852
30 96603.84780716393 85.5090876057378 203560.6431052305
31 96509.38010801852 85.51312016757933 203655.1067718141
32 96415.00711697986 85.51713849071287 203749.4757445296
33 96320.72922758732 85.52114213961275 203843.7496302733
34 96226.54637972802 85.52513120816998 203937.928489064
35 96132.45851328906 85.52910579027557 204032.0123809208
36 96038.46556815757 85.53306597982052 204126.0013658628
37 95944.56748422062 85.53701187069584 204219.8955039089
38 95850.76420136535 85.54094355679254 204313.694855078
39 95757.05565947886 85.54486113200163 204407.3994793893
40 95663.44179844826 85.5487646902141 204501.0094368617
41 95569.92255816064 85.55265432532097 204594.5247875142
42 95476.49787850314 85.55653013121325 204687.9455913658
43 95383.16769936284 85.56039220178192 204781.2719084356
44 95289.93196062687 85.56424063091802 204874.5037987424
45 95196.79060218231 85.56807551251255 204967.6413223054
46 95103.7435639163 85.5718969404565 205060.6845391434
47 95010.79078571593 85.5757050086409 205153.6335092756
48 94917.9321648476 85.57949892623104 205246.4883362264
49 94825.16765224736 85.58327901647317 205339.2490687364
50 94732.49720740446 85.58704578016197 205431.9157468156