Time X_A X1 X_B
0 100000 250 200000
1 98088.94570326855 805.431653919066 201355.6226428125
2 95650.96808128916 812.7212242545739 203786.3106944563
3 93350.45778424859 778.2403577892367 206121.3018579621
4 91160.23171028259 744.4177145148041 208345.3505752026
5 89078.33269071708 711.1857390096764 210460.4815702732
6 87102.97101285234 678.4423819824119 212468.5866051652
7 85232.78704555269 646.0711823176629 214371.1417721295
8 83466.84780588653 613.9291299940043 216169.2230641193
9 81804.77836471883 581.8353572312672 217863.3862780498
10 80246.90372659649 549.5596110494268 219453.5366623539
11 78794.50137665827 516.785586147769 220938.7130371938
12 77450.17863929762 483.0632306243817 222316.7581300779
13 76218.51206345121 447.7239982334522 223583.7639383153
14 75107.0916733808 409.7357062753131 224733.1726203439
15 74128.2290901384 367.4829339718776 225754.2879758898
16 73301.2229346392 318.6529628615285 226630.1241024993
17 72652.37210633539 261.3230593517848 227336.3048343129
18 72201.18766849594 199.4086542912728 227849.4036772129
19 71923.79184215394 148.6380146906591 228177.5701431555
20 71749.08675809075 120.9062044635256 228380.0070374459
21 71616.31207568815 109.9969891966091 228523.6909351154
22 71497.71138718417 106.3360258289045 228645.9525869871
23 71383.74262295068 105.1483645466461 228761.1090125028
24 71271.41998246778 104.7352080860241 228873.8448094464
25 71159.83725610351 104.557710528525 228985.6050333681
26 71048.7208632969 104.4514480919206 229096.8276886113
27 70937.98728381611 104.3669234409285 229207.645792743
28 70827.60985158061 104.2893853257432 229318.1007630938
29 70717.57872493405 104.2144181867867 229428.2068568793
30 70607.88921504639 104.1407764308136 229537.9700085229
31 70498.5379136414 104.0679920567862 229647.3940943019
32 70389.52205425885 103.995968444989 229756.4819772963
33 70280.83904529689 103.9246927200006 229865.2362619833
34 70172.48630031952 103.8541312575951 229973.659568423
35 70064.46125857078 103.7842432162021 230081.7544982132
36 69956.76143108883 103.715009193284 230189.523559718
37 69849.3844260693 103.6464444816709 230296.9691294492
38 69742.32786945377 103.5785496275142 230404.0935809188
39 69635.58937903323 103.5113007226051 230510.8993202443
40 69529.16662979913 103.4446859684744 230617.3886842325
41 69423.05733793743 103.3786956844919 230723.5639663782
42 69317.25920463988 103.313297957981 230829.4274974023
43 69211.77004988534 103.2485063402245 230934.9814437746
44 69106.58765393333 103.1842975302225 231040.2280485366
45 69001.70988019812 103.1206733668269 231145.1694464352
46 68897.13460473318 103.0576273341474 231249.8077679328
47 68792.85972730326 102.9951459610897 231354.1451267358
48 68688.88319212613 102.9332236374774 231458.1835842365
49 68585.20295321067 102.871850142102 231561.9251966474
50 68481.81701174 102.8110153806029 231665.3719728795