Time X_A X1 X_B
0 100000 250 200000
1 99325.09479424986 249.4468078081687 200675.4583979419
2 98675.99375523254 239.761327627748 201334.2449171396
3 98104.85516845576 213.4720106651816 201931.672820879
4 97680.90094606862 167.8836612337103 202401.2153926976
5 97427.39613797146 121.629420061043 202700.9744419674
6 97279.28063107684 96.84677746334692 202873.8725914597
7 97169.13878365471 88.50163475109822 202992.3595815942
8 97069.62325791182 86.20134161602404 203094.1754004722
9 96972.93694494719 85.6027659194319 203191.4602891335
10 96877.05553690861 85.44629202951489 203287.498171062
11 96781.46518344762 85.40208191450408 203383.132734638
12 96686.03624211441 85.38616727924042 203478.5775906064
13 96590.73602289401 85.37738160290778 203573.8865955031
14 96495.55613984198 85.3703858720139 203669.0734742861
15 96400.49437559582 85.36387498422425 203764.14174942
16 96305.549984535 85.35750360773324 203859.0925118573
17 96210.72261751708 85.35118861807359 203953.9261938649
18 96116.01180517988 85.34490889126114 204048.6432859289
19 96021.41747356152 85.33866181348323 204143.2438646251
20 95926.93951130321 85.33244687981096 204237.7280418171
21 95832.57739812206 85.32626061378204 204332.0963412642
22 95738.33139704082 85.32010477288023 204426.3484981864
23 95644.20080667065 85.31397752055544 204520.4852158089
24 95550.18575023477 85.30787917946125 204614.5063705858
25 95456.28513373768 85.30180903856373 204708.4130572238
26 95362.4979363173 85.29576629515707 204802.2062973876
27 95268.82555030915 85.28975204403737 204895.8846976469
28 95175.26797571323 85.28376628520463 204989.4482580016
29 95081.82521252953 85.27780901865889 205082.8969784519
30 94988.49726075806 85.27188024440012 205176.2308589976
31 94895.28412039881 85.26597996242832 205269.4498996388
32 94802.18197708152 85.26010433785747 205362.5579185807
33 94709.19297602038 85.25425552743988 205455.5527684523
34 94616.317605932 85.24843402252078 205548.4339600456
35 94523.5558668164 85.24263982310016 205641.2014933606
36 94430.90775867357 85.23687292917802 205733.8553683973
37 94338.3732815035 85.23113334075435 205826.3955851558
38 94245.95888589781 85.22542743967354 205918.8156866626
39 94153.64320708012 85.21973408885444 206011.1370588311
40 94061.44090054031 85.21406778759597 206103.3450316722
41 93969.35177065279 85.20842834235739 206195.4398010049
42 93877.37562179196 85.20281555959802 206287.4215626485
43 93785.51225833222 85.19722924577715 206379.2905124221
44 93693.761484648 85.19166920735405 206471.0468461447
45 93602.12029692921 85.18613267451877 206562.6935703963
46 93510.58982604214 85.18062067067353 206654.2295532872
47 93419.17056763092 85.17513363645851 206745.6542987327
48 93327.86227689884 85.16967133322267 206836.968051768
49 93236.66470904918 85.164233522315 206928.1710574286
50 93145.57761928518 85.15881996508446 207019.2635607498