Time X_A X1 X_B
0 100000 250 200000
1 99567.48425481259 167.1600896017565 200515.3556555857
2 99360.76343220065 114.6332024895997 200774.6033653098
3 99237.10826896147 97.70236764823507 200915.1893633904
4 99132.99630779232 93.81230097664832 201023.1913912311
5 99033.02414202523 93.00382476803084 201123.9720332068
6 98933.97607159523 92.84196608758322 201223.1819623173
7 98835.19698220697 92.81206896924147 201321.9909488239
8 98736.55416148101 92.8089031512411 201420.6369353679
9 98638.0207170231 92.81110303296956 201519.168179944
10 98539.59122015945 92.81438762658627 201617.5943922141
11 98441.26449946902 92.8178748302027 201715.9176257009
12 98343.04026686946 92.82138896863037 201814.138344162
13 98244.91834679151 92.82489582946978 201912.2567573791
14 98146.89873621325 92.82839312029284 202010.2728706666
15 98048.98131363027 92.83187769374399 202108.1868086761
16 97951.16605346637 92.83534885101358 202205.9985976827
17 97853.45287156556 92.83880666522873 202303.7083217693
18 97755.84169099183 92.84225061554478 202401.3160583928
19 97658.33209716951 92.84568131664004 202498.822221514
20 97560.92380993383 92.84909893508093 202596.2270911312
21 97463.61730637618 92.85250318722221 202693.5301904368
22 97366.41258649656 92.85589407306391 202790.7315194305
23 97269.30965029498 92.85927159260601 202887.8310781126
24 97172.30849777143 92.86263574584851 202984.8288664829
25 97075.40912892591 92.86598653279141 203081.7248845415
26 96978.61099815561 92.86932459845974 203178.5196772461
27 96881.91329067849 92.87265090610872 203275.2140584156
28 96785.31693348725 92.87596435982492 203371.8071021531
29 96688.82192658186 92.87926495960838 203468.2988084587
30 96592.42826996233 92.88255270545908 203564.6891773324
31 96496.13596362867 92.88582759737702 203660.9782087741
32 96399.94500758084 92.8890896353622 203757.1659027839
33 96303.85881419493 92.89233538958374 203853.2488504156
34 96207.86701858723 92.89557527794334 203949.237406135
35 96111.97648877979 92.89880239728791 204045.1247088231
36 96016.1871553583 92.90201681738688 204140.9108278245
37 95920.49894890838 92.90521860800966 204236.5958324838
38 95824.91180001567 92.90840783892567 204332.1797921456
39 95729.42563926586 92.91158457990433 204427.6627761544
40 95634.04022721568 92.91474904897645 204523.0450237355
41 95538.75390240875 92.91790270413681 204618.3281948873
42 95443.56802981639 92.92104436440232 204713.5109258194
43 95348.4825219177 92.92417411533096 204808.5933039672
44 95253.49729119171 92.92729204248064 204903.575416766
45 95158.6122501175 92.93039823140936 204998.4573516512
46 95063.82731117413 92.93349276767503 205093.2391960584
47 94969.14238684067 92.93657573683565 205187.9210374227
48 94874.5573895962 92.93964722444915 205282.5029631795
49 94780.07223191977 92.94270731607348 205376.9850607643
50 94685.68682629043 92.94575609726662 205471.3674176125