Time X_A X1 X_B
0 100000 250 200000
1 99183.80239174968 265.4128292480136 200800.7847790023
2 98214.66313944649 319.3370948051624 201715.9997657484
3 96537.07012334757 570.2514213623703 203142.67845529
4 93987.58829636812 699.6276624545166 205562.7840411772
5 91593.85951056557 654.6145119614573 208001.5259774729
6 89400.39428020229 603.3989928351803 210246.2067269624
7 87418.52440526077 548.5940250769939 212282.8815696621
8 85671.40283264955 486.6834404866979 214091.9137268636
9 84208.41626817042 409.4469870498765 215632.1367447796
10 83138.35858762245 298.9694123368216 216812.6720000406
11 82607.736275096 157.6770619677412 217484.5866629361
12 82453.29045916696 85.59794151532066 217711.1115993176
13 82380.05000811968 73.15442505274797 217796.7955668275
14 82316.05141413699 71.70315694465465 217862.2454289183
15 82253.09436514866 71.54737798124785 217925.3582568701
16 82190.29033889154 71.53446186205834 217988.1751992463
17 82127.54240853463 71.53715803089145 218050.9204334344
18 82064.8399891536 71.5415439929821 218113.6184668534
19 82002.18192598769 71.54610849569424 218176.2719655166
20 81939.56807787044 71.55068121842754 218238.8812409111
21 81876.99843013987 71.5552502053802 218301.4463196547
22 81814.47296996997 71.55981057218139 218363.9672194578
23 81751.99168718394 71.56436191182141 218426.4439509042
24 81689.55455865937 71.5689040908393 218488.8765372498
25 81627.16155822901 71.57343721413146 218551.2650045568
26 81564.81271313418 71.57796133366546 218613.6093255321
27 81502.50802337486 71.58247644944127 218675.9095001757
28 81440.24748895106 71.58698256145892 218738.1655284874
29 81378.03103376852 71.59148001102415 218800.3774862204
30 81315.85868023716 71.59596869762161 218862.5453510652
31 81253.73044587816 71.60044854266364 218924.6691055791
32 81191.6463306915 71.60491954615021 218986.7487497623
33 81129.60631850205 71.60938175374852 219048.7842997442
34 81067.61031722766 71.61383542543393 219110.7758473469
35 81005.65839323794 71.61828037382529 219172.7233263882
36 80943.75054653287 71.62271659892259 219234.6267368682
37 80881.88677711245 71.62714410072587 219296.4860787868
38 80820.06666371309 71.63156347693838 219358.3017728099
39 80758.29020562723 71.63597472856405 219420.0738196442
40 80696.5577365193 71.64037738218825 219481.8018860985
41 80634.86925638934 71.644771437811 219543.4859721728
42 80573.22476523733 71.64915689543228 219605.1260778672
43 80511.62426306328 71.65353375505211 219666.7222031816
44 80450.06774986719 71.65790201667049 219728.2743481161
45 80388.55522564905 71.6622616802874 219789.7825126706
46 80327.08669040886 71.66661274590285 219851.2466968452
47 80265.66214414663 71.67095521351685 219912.6669006398
48 80204.28158686234 71.67528908312939 219974.0431240545
49 80142.94501855603 71.67961435474047 220035.3753670892
50 80081.65243922765 71.68393102835009 220096.663629744