Time X_A X1 X_B
0 100000 250 200000
1 99668.87214001681 92.80215115370476 200488.3257088294
2 99603.90122363387 56.33416309021585 200589.7646132759
3 99562.79973369867 53.29751634097641 200633.9027499603
4 99523.26196310886 53.09138641237022 200673.6466504787
5 99483.83760433304 53.08358003533655 200713.0788156316
6 99444.4273920323 53.08944709200377 200752.4831608756
7 99405.02450410501 53.09625192293073 200791.879243972
8 99365.62848228072 53.10311700502859 200831.2684007142
9 99326.23930591636 53.10998528817046 200870.6507087954
10 99286.85387308679 53.11685231520754 200910.029274598
11 99247.48284067797 53.1237108535886 200949.3934484684
12 99208.13821390482 53.13055855059105 200988.7312275446
13 99168.79358713167 53.1374062475935 201028.0690066207
14 99129.44896035852 53.14425394459595 201067.4067856969
15 99090.16050302246 53.15107006321059 201106.6884269143
16 99050.81949291121 53.15791572693021 201146.0225913618
17 99011.485412883 53.16475749456574 201185.3498296224
18 98972.15826293787 53.17159536611718 201224.670141696
19 98932.83804307577 53.17842934158453 201263.9835275826
20 98893.52487774492 53.18525629086352 201303.2898659642
21 98854.21867834806 53.19207844234094 201342.5892432096
22 98814.91944442745 53.1988958075291 201381.881659765
23 98775.6271759831 53.20570838642799 201421.1671156304
24 98736.34187301503 53.21251617903762 201460.4456108059
25 98697.06353552321 53.21931918535799 201499.7171452914
26 98657.79233654687 53.22611975090943 201538.9815437022
27 98618.5281676283 53.23291640556388 201578.2389159661
28 98579.27101743582 53.23970899572246 201617.4892735684
29 98540.02088596944 53.24649752138519 201656.7326165091
30 98500.77777322916 53.25328198255206 201695.9689447883
31 98461.54167921498 53.26006237922308 201735.1982584058
32 98422.31277852718 53.26683895686191 201774.4203825159
33 98383.09097886871 53.27361158571171 201813.6354095455
34 98343.87625638118 53.28038023223097 201852.8433633865
35 98304.66861106461 53.28714489641968 201892.0442440389
36 98265.46804291899 53.29390557827785 201931.2380515027
37 98226.27455194433 53.30066227780548 201970.4247857778
38 98187.08895071548 53.30741500295147 202009.6036342815
39 98147.91072767564 53.31416374871158 202048.7751085756
40 98108.73968453762 53.3209085131461 202087.9394069492
41 98069.57582130145 53.32764929625503 202127.0965294022
42 98030.4191379671 53.33438609803837 202166.2464759348
43 97991.26963453458 53.34111891849611 202205.3892465469
44 97952.12731100389 53.34784775762826 202244.5248412385
45 97912.99216737504 53.35457261543482 202283.6532600095
46 97873.864203648 53.36129349191578 202322.77450286
47 97834.74341982281 53.36801038707116 202361.8885697901
48 97795.62981589945 53.37472330090094 202400.9954607996
49 97756.52339187791 53.38143223340512 202440.0951758887
50 97717.42414775821 53.38813718458372 202479.1877150572