Time X_A X1 X_B
0 100000 250 200000
1 99745.29707045195 75.12431679761448 200429.5786127505
2 99703.30639954738 49.61397057708092 200497.0796298756
3 99673.21284085335 48.07128363104841 200528.7158755157
4 99643.72803402178 47.99176022124623 200558.280205757
5 99614.27900103964 47.99241817235298 200587.728580788
6 99584.83471470121 47.99743377473681 200617.167851524
7 99555.39349389997 48.00268368999863 200646.60382241
8 99525.95525283336 48.00794558704681 200676.0368015796
9 99496.51853265826 48.01320848133795 200705.4682588604
10 99467.08790842669 48.01846782623583 200734.8936237471
11 99437.67484461427 48.02371995808247 200764.3014354277
12 99408.26178080187 48.02897208992911 200793.7092471082
13 99378.84871698945 48.03422422177575 200823.1170587888
14 99349.43565317703 48.03947635362239 200852.5248704694
15 99320.02258936461 48.04472848546903 200881.9326821499
16 99290.66256801553 48.04995101785612 200911.2874809667
17 99261.25129221434 48.055202151933 200940.6935056338
18 99231.84304243908 48.0604515973867 200970.0965059636
19 99202.43781868975 48.06569935421725 200999.4964819561
20 99173.03562096636 48.07094542242464 201028.8934336112
21 99143.6364492689 48.07618980200886 201058.2873609291
22 99114.2403209773 48.08143219813637 201087.6782468246
23 99084.8473163888 48.08667124864139 201117.0660123626
24 99055.45736038491 48.0919082278372 201146.4507313873
25 99026.07045296561 48.09714313572381 201175.8324038987
26 98996.68659413091 48.10237597230123 201205.2110298968
27 98967.3057838808 48.10760673756945 201234.5866093816
28 98937.9280222153 48.11283543152847 201263.9591423532
29 98908.55330913438 48.1180620541783 201293.3286288114
30 98879.18164463808 48.12328660551892 201322.6950687564
31 98849.81307737991 48.12850955044567 201352.0584130696
32 98820.44768874209 48.13373166658388 201381.4185795913
33 98791.08538278389 48.13895203719822 201410.7756651789
34 98761.72615950528 48.14417066228866 201440.1296698324
35 98732.37001890628 48.14938754185521 201469.4805935519
36 98703.01696098688 48.15460267589788 201498.8284363372
37 98673.66698574707 48.15981606441667 201528.1731981885
38 98644.32009318686 48.16502770741157 201557.5148791057
39 98614.97628330626 48.17023760488258 201586.8534790888
40 98585.63563534568 48.17544582044047 201616.1889188339
41 98556.29819356599 48.18065238961593 201645.5211540443
42 98526.96387213976 48.18585724351043 201674.8502706167
43 98497.63267106698 48.19106038212397 201704.1762685509
44 98468.30459034764 48.19626180545655 201733.4991478469
45 98438.97962998175 48.20146151350816 201762.8189085047
46 98409.65778996932 48.20665950627883 201792.1355505244
47 98380.33907031034 48.21185578376853 201821.4490739059
48 98351.02347100481 48.21705034597726 201850.7594786492
49 98321.71159780418 48.22224310229584 201880.0661590935
50 98292.40331639512 48.22743407281504 201909.369249532