Time X_A X1 X_B
0 100000 250 200000
1 99737.75403708361 95.57551892909653 200416.6704439873
2 99665.58807213881 71.63341526278286 200512.7785125983
3 99608.39194206419 69.72137738783228 200571.8866805478
4 99552.27194680022 69.59181880206484 200628.1362343977
5 99496.24532135617 69.59325035684823 200684.1614282869
6 99440.24070402792 69.60421052210127 200740.1550854499
7 99384.25293028523 69.61585078924325 200796.1312189254
8 99328.28165733603 69.62752852204687 200852.0908141418
9 99272.3268859762 69.639202636562 200908.0339113871
10 99216.38863742055 69.65086635717503 200963.9604962222
11 99160.4669674857 69.66251812478639 201019.8705143894
12 99104.561917156 69.67415828350661 201075.7639245604
13 99048.67345021927 69.68578705276701 201131.6407627279
14 98992.80159646198 69.69740448010896 201187.5009990578
15 98936.94647218067 69.70901075115016 201243.3445170681
16 98881.10800647511 69.72060575272869 201299.171387772
17 98825.28620080279 69.73218948582557 201354.9816097113
18 98769.48122892003 69.74376206739268 201410.7750090125
19 98713.69299893691 69.75532343558076 201466.5516776274
20 98657.92151085341 69.76687359038981 201522.3116155561
21 98602.16849354358 69.7784126322691 201578.053093824
22 98546.43287228837 69.78994049877642 201633.7771872127
23 98490.71421597815 69.80145716486385 201689.4843268569
24 98435.01252461292 69.8129626305314 201745.1745127565
25 98379.32779819267 69.82445689577908 201800.8477449114
26 98323.66003671743 69.83593996060688 201856.5040233219
27 98268.00924018717 69.84741182501479 201912.1433479877
28 98212.3754086019 69.85887248900282 201967.765718909
29 98156.75854196162 69.87032195257098 202023.3711360857
30 98101.15864026634 69.88176021571925 202078.9595995178
31 98045.57570351605 69.89318727844764 202134.5311092054
32 97990.00973171074 69.90460314075615 202190.0856651484
33 97934.46072485043 69.91600780264478 202245.6232673468
34 97878.92868293512 69.92740126411354 202301.1439158007
35 97823.41360596479 69.93878352516242 202356.6476105099
36 97767.91549393946 69.95015458579141 202412.1343514746
37 97712.43434685911 69.96151444600052 202467.6041386948
38 97656.97016472377 69.97286310578976 202523.0569721703
39 97601.52297598671 69.98420057330652 202578.4928234399
40 97546.09667043496 69.99552796236715 202633.9078016026
41 97490.68772849422 70.00684426516342 202689.3054272405
42 97435.29615016449 70.01814948169536 202744.6857003537
43 97379.92193544577 70.02944361196295 202800.0486209421
44 97324.56508433807 70.0407266559662 202855.3941890058
45 97269.2255968414 70.05199861370508 202910.7224045448
46 97213.90347295573 70.06325948517964 202966.033267559
47 97158.59871268108 70.07450927038984 203021.3267780484
48 97103.31131601744 70.0857479693357 203076.6029360131
49 97048.04128296483 70.09697558201721 203131.8617414531
50 96992.78861352323 70.10819210843438 203187.1031943682