Time X_A X1 X_B
0 100000 250 200000
1 0.0001744916828127429 0.02041551721728014 300249.9794099914
2 0.0001658586039933247 0.0204155159673041 300249.9794186256
3 0.0001574738179416511 0.0204155147566761 300249.9794270117
4 0.0001495124801174054 0.02041551360342506 300249.9794349742
5 0.0001419745905205876 0.02041551250755097 300249.9794425133
6 0.0001348009155099954 0.0204155114647944 300249.979449688
7 0.0001279557920793497 0.02041551047259085 300249.9794565341
8 0.0001214796210795449 0.02041550953384551 300249.9794630113
9 0.0001153724025105811 0.02041550864855839 300249.9794691193
10 0.0001095657487941103 0.02041550780688777 300249.9794749269
11 0.000103973615961266 0.02041550699645103 300249.9794805199
12 9.871993008196907e-05 0.02041550623508244 300249.9794857745
13 9.376816285930299e-05 0.02041550551744041 300249.9794907271
14 8.906354427241149e-05 0.02041550483548331 300249.9794954324
15 8.462448004328283e-05 0.02041550419200057 300249.9794998721
16 8.043250458907279e-05 0.02041550358432415 300249.9795040647
17 7.646915232693717e-05 0.02041550300978598 300249.9795080285
18 7.27159576740318e-05 0.02041550246571801 300249.9795117823
19 6.915445504751246e-05 0.02041550194945221 300249.9795153443
20 6.576617886453494e-05 0.02041550145832051 300249.979518733
21 6.253266354225507e-05 0.02041550098965486 300249.979521967
22 5.955109287815107e-05 0.02041550055743637 300249.9795249489
23 5.674160493600208e-05 0.02041550015015823 300249.9795277588
24 5.407960218640942e-05 0.02041549976426961 300249.9795304211
25 5.155128263813294e-05 0.02041549939777384 300249.9795329498
26 4.914284429993248e-05 0.02041549904867426 300249.9795353586
27 4.68404851805679e-05 0.02041549871497419 300249.9795376612
28 4.463040328879906e-05 0.02041549839467697 300249.9795398716
29 4.24987966333858e-05 0.02041549808578593 300249.9795420035
30 4.049922911763883e-05 0.02041549779588494 300249.9795440031
31 3.86595003077071e-05 0.02041549752889377 300249.9795458425
32 3.691070035570573e-05 0.0204154972749785 300249.9795475908
33 3.524446750247653e-05 0.02041549703291615 300249.9795492564
34 3.365243998886135e-05 0.02041549680148374 300249.9795508475
35 3.2126256055702e-05 0.02041549657945829 300249.9795523725
36 3.065755394384033e-05 0.02041549636561683 300249.9795538398
37 2.923797189411816e-05 0.02041549615873637 300249.9795552578
38 2.786482361045328e-05 0.02041549595847 300249.9795566291
39 2.662477510673156e-05 0.02041549577826323 300249.9795578677
40 2.54440684596723e-05 0.02041549560679853 300249.979559047
41 2.431806549227494e-05 0.02041549544342769 300249.9795601715
42 2.324212802753891e-05 0.02041549528750251 300249.979561246
43 2.221161788846364e-05 0.02041549513837479 300249.979562275
44 2.122189689804858e-05 0.0204154949953963 300249.9795632632
45 2.026832687929315e-05 0.02041549485791886 300249.9795642153
46 1.934626965519679e-05 0.02041549472529424 300249.979565136
47 1.848534344554696e-05 0.02041549460119618 300249.9795659955
48 1.768064038057005e-05 0.02041549448494244 300249.9795667988
49 1.69137567192815e-05 0.02041549437414808 300249.9795675644
50 1.618206358000178e-05 0.02041549426841842 300249.9795682948