Time X_A X1 X_B
0 100000 250 200000
1 99361.88925074393 159.7522509703421 200728.3584982857
2 99178.05703109044 65.92917088260933 201006.0137980269
3 99127.8624989816 49.35657010073277 201072.7809309176
4 99088.39887217036 48.01937391838838 201113.5817539111
5 99049.6984798248 47.92680419759262 201152.3747159775
6 99011.05950721932 47.92550872815091 201191.0149840524
7 98972.43113657998 47.93084652630651 201229.6380168937
8 98933.809682605 47.93665595958574 201268.2536614353
9 98895.19489299618 47.94249649709851 201306.8626105067
10 98856.58675881101 47.94833888344439 201345.4649023055
11 98817.98413761398 47.954178921744 201384.0616834642
12 98779.40123918942 47.96000992247357 201422.638750888
13 98740.83444044474 47.96583487634302 201461.1997246789
14 98702.26764170005 47.97165983021247 201499.7606984696
15 98663.70084295537 47.97748478408192 201538.3216722605
16 98625.19089681387 47.98328047485285 201576.8258227112
17 98586.62958573164 47.98910260411976 201615.3813116641
18 98548.0750062108 47.99492126852608 201653.9300725206
19 98509.52715825131 48.00073646807184 201692.4721052805
20 98470.98606476272 48.00654764541789 201731.0073875917
21 98432.4518054994 48.0123528603124 201769.5358416401
22 98393.92431098048 48.01815380307495 201808.0575352163
23 98355.40358120596 48.02395047370556 201846.5724683202
24 98316.88961617583 48.02974287220422 201885.0806409518
25 98278.38241589011 48.03553099857094 201923.5820531112
26 98239.88199330682 48.04131502048254 201962.0766916726
27 98201.38850431691 48.04709695516369 202000.5643987278
28 98162.90182987401 48.05287526215722 202039.0452948637
29 98124.42196997811 48.05864994146311 202077.5193800803
30 98085.94892462919 48.06442099308137 202115.9866543776
31 98047.48269382727 48.07018841701201 202154.4471177556
32 98009.02327757234 48.07595221325501 202192.9007702143
33 97970.57085958892 48.08171272314298 202231.3474276878
34 97932.12531906362 48.08746972222279 202269.787211214
35 97893.68664768891 48.09322319506024 202308.2201291159
36 97855.25484546476 48.09897314165534 202346.6461813934
37 97816.8299123912 48.10471956200807 202385.0653680467
38 97778.41184846821 48.11046245611845 202423.4776890755
39 97740.00131602304 48.11620179548337 202461.8824821814
40 97701.59788328827 48.12193759868384 202500.2801791129
41 97663.20140942647 48.12766987178076 202538.6709207016
42 97624.81189443766 48.13339861477414 202577.0547069475
43 97586.42933832185 48.13912382766399 202615.4315378504
44 97548.05374107901 48.1448455104503 202653.8014134104
45 97509.68510270918 48.15056366313306 202692.1643336276
46 97471.32342321231 48.15627828571227 202730.5202985019
47 97432.96870258845 48.16198937818795 202768.8693080333
48 97394.62094083756 48.16769694056008 202807.2113622218
49 97356.28013795966 48.17340097282868 202845.5464610674
50 97317.94629395477 48.17910147499373 202883.8746045702