Time X_A X1 X_B
0 100000 250 200000
1 99667.75248079663 140.9051548338755 200441.3423643695
2 99518.59741781406 103.0749728063294 200628.3276093797
3 99412.74108254745 94.64903856092019 200742.6098788917
4 99315.05971907932 93.06517275217246 200841.8751081686
5 99218.93573095446 92.78117575183364 200938.2830932938
6 99123.17364344763 92.73327034488089 201034.0930862076
7 99027.55867983111 92.72781657630746 201129.7135035927
8 98932.05225670995 92.72992268500298 201225.2178206052
9 98836.64748175319 92.73339052208233 201320.6191277249
10 98741.34303589641 92.73708081617518 201415.9198832875
11 98646.1386205301 92.74079805450823 201511.1205814155
12 98551.03412066681 92.74450939894315 201606.2213699344
13 98456.02947188167 92.74821094364349 201701.2223171748
14 98361.12463161458 92.75189994923491 201796.1234684364
15 98266.31947252627 92.75557478497187 201890.9249526889
16 98171.61386574549 92.7592361815945 201985.6268980731
17 98077.0075143507 92.76288406705439 202080.2296015824
18 97982.50069049664 92.76651850739023 202174.7327909961
19 97888.09339418329 92.77013950260204 202269.1364663143
20 97793.78562541067 92.7737470526898 202363.4406275368
21 97699.57706028427 92.77734154742561 202457.6455981685
22 97605.46734611099 92.78092341123747 202551.751730478
23 97511.45686263252 92.78449218714729 202645.7586451805
24 97417.54560984884 92.7880478751551 202739.6663422762
25 97323.73358775997 92.79159047526088 202833.4748217649
26 97230.02134383409 92.79511942013606 202927.183536746
27 97136.40609996003 92.79863758867266 203020.7952624515
28 97042.88998566617 92.80214277408992 203114.3078715599
29 96949.47293296251 92.80563504684432 203207.7214319908
30 96856.15487385901 92.80911447739236 203301.0360116638
31 96762.93507069703 92.81258165550732 203394.2523476476
32 96669.81343695641 92.81603666601549 203487.3705263778
33 96576.79036073113 92.81947922568786 203580.3901600433
34 96483.86576078732 92.82290941525126 203673.3113297976
35 96391.03955589108 92.82632731543261 203766.1341167937
36 96298.31166480854 92.82973300695876 203858.8586021847
37 96205.68200630581 92.83312657055659 203951.4848671238
38 96113.15049914899 92.83650808695299 204044.0129927642
39 96020.71706210422 92.83987763687482 204136.4430602591
40 95928.3816139376 92.84323530104895 204228.7751507615
41 95836.14407341524 92.84658116020228 204321.0093454247
42 95744.00435930326 92.84991529506166 204413.1457254018
43 95651.96239036779 92.85323778635399 204505.184371846
44 95560.01808537492 92.85654871480612 204597.1253659104
45 95468.17136309078 92.85984816114494 204688.9687887483
46 95376.42214228149 92.86313620609732 204780.7147215126
47 95284.77040753946 92.86641227185066 204872.3631801888
48 95193.21607122761 92.86967650319103 204963.9142522694
49 95101.75901400892 92.87292936203647 205055.3680566292
50 95010.39915586324 92.87617091697109 205146.72467322