Time X_A X1 X_B
0 100000 250 200000
1 99150.18726946892 418.8187889302482 200680.9939416008
2 97923.81622478206 521.0093333796449 201805.1744418383
3 96704.00492096561 517.2697003042884 203028.72537873
4 95529.94974147982 502.1809618509428 204217.8692966692
5 94401.40106661504 486.5003005215835 205362.0986328633
6 93317.93428620444 470.910925489455 206461.154788306
7 92279.1158380648 455.450876910976 207515.4332850242
8 91284.55400265811 440.1102932214133 208525.3357041205
9 90333.90040611924 424.8762896278029 209491.2233042529
10 89426.83393518254 409.7361510832017 210413.4299137342
11 88563.06071367931 394.6803688249204 211292.2589174957
12 87742.30750043689 379.7039837618826 212127.9885158011
13 86964.2937678795 364.8091331285261 212920.8970989919
14 86228.73027462124 350.0082316010221 213671.2614937777
15 85535.22618846421 335.3291494921909 214379.4446620435
16 84883.28398132337 320.8199197842548 215045.8960988923
17 84272.20524737313 306.5554692824967 215671.2392833443
18 83701.01156651044 292.6399025108508 216256.3485309786
19 83168.35778991367 279.2099876312495 216802.432222455
20 82672.45329615274 266.4289093328737 217311.1177945143
21 82211.01617587566 254.471651338229 217784.5121727861
22 81781.29424645175 243.5035686747296 218225.2021848734
23 81380.1555717882 233.6539456984797 218636.1904825132
24 81004.24834400129 224.9927830512754 219020.7588729473
25 80650.19696876468 217.5204496109534 219382.2825816243
26 80314.78444273143 211.1714012661458 219724.0441560023
27 79995.10586927099 205.8303601501091 220049.0637705788
28 79688.65720598886 201.3556591184684 220359.9871348925
29 79393.35025590143 197.5994365271268 220659.0503075713
30 79107.49481938804 194.4232328642663 220948.0819477475
31 78829.74689602094 191.7076963381688 221228.5454076407
32 78559.04670596764 189.3541384343645 221501.5991555978
33 78294.56294558319 187.2848394980101 221768.1522149186
34 78035.63864461514 185.4402191678775 222028.9211362168
35 77781.7486503269 183.7751735859594 222284.476176087
36 77532.46720393821 182.2558925956536 222535.2769034659
37 77287.44321204233 180.8570605169606 222781.6997274405
38 77046.38153473091 179.5595039665149 223024.0589613024
39 76809.02960211242 178.34848009349 223262.6219177939
40 76575.16833590427 177.2125009706647 223497.6191631249
41 76344.60558573484 176.1424561596046 223729.2519581054
42 76117.17089874325 175.1309817612928 223957.6981194953
43 75892.7114530205 174.1719963114601 224183.1165506679
44 75671.08911243845 173.2603878867268 224405.6504996747
45 75452.17831456453 172.3918046102564 224625.429880825
46 75235.86441468637 171.5625077999888 224842.5730775135
47 75022.04222820609 170.7692555376005 225057.1885162561
48 74810.61479504696 170.0091956531259 225269.3760092997
49 74601.49233005964 169.2797994289242 225479.2278705113
50 74394.59156576528 168.5788286986624 225686.8296055359