Time X_A X1 X_B
0 100000 250 200000
1 97933.60432817007 827.5882366119982 201488.8074352178
2 94961.94321188157 851.7700260171559 204436.2867621011
3 92198.30003095491 806.1084228618292 207245.5915461831
4 89599.93954712826 761.2336644238759 209888.8267884477
5 87164.53405052233 716.9090151940768 212368.5569342834
6 84890.8060028097 672.8064781847214 214686.3875190054
7 82779.02776841883 628.4684290237384 216842.5038025572
8 80831.70245979683 583.2231589851627 218835.0743812179
9 79054.84364464009 535.9861868478581 220659.1701685119
10 77460.53724599586 484.8346143068512 222304.6281396971
11 76072.54937421944 425.9938603789316 223751.4567654015
12 74938.82616801697 351.6182643625718 224959.5555676203
13 74149.10515202083 249.8044172665716 225851.0904307124
14 73768.17338841601 140.1763632950261 226341.6502482889
15 73631.31383201253 88.70317465648355 226529.9829933309
16 73552.71041640428 77.79631627100899 226619.4932673246
17 73483.19948407265 76.06351855191204 226690.7369973753
18 73415.09900887479 75.80073087549738 226759.1002602496
19 73347.27119022509 75.75859964942882 226826.9702101254
20 73279.54754942266 75.74923470534237 226894.7032158719
21 73211.90304004945 75.7446909408465 226962.3522690097
22 73144.33392457881 75.74089232196877 227029.9251830992
23 73076.83953081841 75.73720315870725 227097.4232660228
24 73009.41962084851 75.73353813980773 227164.8468410117
25 72942.07413239098 75.72989005701962 227232.195977552
26 72874.80294608106 75.72625353639884 227299.4708003825
27 72807.60593874095 75.722627947714 227366.6714333113
28 72740.482898353 75.71901296105156 227433.7980886859
29 72673.43344151002 75.7154084094747 227500.8511500804
30 72606.45790609509 75.71181462246292 227567.8302792824
31 72539.55629210822 75.70823160001621 227634.7354762917
32 72472.7285995494 75.70465934213458 227701.5667411084
33 72405.97390974638 75.70109751766512 227768.3249927359
34 72339.29262100435 75.69754627018453 227835.0098327254
35 72272.68485306478 75.6940056428559 227901.6211412923
36 72206.15060592767 75.69047563567923 227968.1589184366
37 72139.69055484878 75.68695654060453 228034.6224886106
38 72073.30132898208 75.68344690023063 228101.0152241176
39 72006.98548477507 75.67994781984967 228167.3345674051
40 71940.74292292062 75.67645925652575 228233.5806178228
41 71874.57354411166 75.67298116732294 228299.753474721
42 71808.47604646244 75.6695129237113 228365.8544406138
43 71742.45119148299 75.66605490192872 228431.882753615
44 71676.49892920605 75.66260708306524 228497.8384637109
45 71610.61914144924 75.65916941499368 228563.7216891357
46 71544.81171003019 75.6557418455869 228629.5325481242
47 71479.07651676654 75.65232432271769 228695.2711589107
48 71413.4134434759 75.64891679425887 228760.9376397298
49 71347.82237197594 75.64551920808326 228826.5321088159
50 71282.30318408426 75.6421315120637 228892.0546844036