Time X_A X1 X_B
0 100000 250 200000
1 99215.5136108756 358.9889917766009 200675.4973973478
2 98047.90897501307 474.7132466595186 201727.3777783274
3 96785.70735095462 491.428687560108 202972.8639614852
4 95568.22855128742 476.63160084619 204205.1398478663
5 94408.55150175114 457.8867073317194 205383.5617909171
6 93308.52585431942 438.4955095463536 206502.9786361342
7 92269.02697032447 418.7798666150419 207562.1931630605
8 91291.06269275298 398.6882319096577 208560.2490753373
9 90376.00209696488 378.0948853947579 209495.9030176403
10 89525.67435469307 356.8430002977107 210367.4826450092
11 88742.41759470804 334.7624270246202 211172.8199782673
12 88029.03778452161 311.7048608923087 211909.2573545861
13 87388.55227260043 287.627714717618 212573.8200126819
14 86823.48496282678 262.7555711093775 213163.7594660638
15 86334.49556968977 237.8085887261219 213677.6958415841
16 85918.47508353723 214.144798100217 214117.3801183625
17 85567.1366939031 193.4983410129717 214489.3649650839
18 85267.71509172728 177.2204632423961 214805.0644450303
19 85005.94330102939 165.606734817749 215078.4499641528
20 84769.29036162017 157.9557397265681 215322.7538986532
21 84548.54425527119 153.1547315926675 215548.3010131361
22 84337.71257272339 150.1831851079714 215762.1042421686
23 84133.19153643117 148.3038274554843 215968.5046361133
24 83932.91238150347 147.0489298646687 216170.0386886318
25 83735.71539974125 146.1434326655172 216368.1411675932
26 83540.95395301482 145.4328463555946 216563.6132006295
27 83348.26203259027 144.8328536172094 216756.9051137924
28 83157.42438512764 144.2982294172328 216948.277385455
29 82968.3059369726 143.8049012948929 217137.8891617324
30 82780.81449481759 143.3400608521966 217325.8454443301
31 82594.88076840639 142.8967028949304 217512.2225286986
32 82410.44864684487 142.4709298787273 217697.0804232763
33 82227.4695430798 142.0603636641297 217880.4700932559
34 82045.89993392711 141.6634819258056 218062.436584147
35 81865.69834329396 141.279180872602 218243.0224758333
36 81686.82889249519 140.9066290712258 218422.2644784335
37 81509.25700588514 140.5450709315894 218600.1979231831
38 81332.94917299596 140.1938716667202 218776.8569553372
39 81157.87424008451 139.8524769391916 218952.2732829762
40 80984.00293929626 139.5203836168531 219126.4766770867
41 80811.30652404205 139.19711639352 219299.4963595643
42 80639.75839484326 138.8822463501496 219471.3593588065
43 80469.33309871313 138.5753774306108 219642.0915238561
44 80300.00578640701 138.2761311209279 219811.7180824719
45 80131.75352805399 137.9841686266089 219980.2623033193
46 79964.55361045919 137.6991617184256 220147.7472278223
47 79798.3848524035 137.42081241468 220314.1943351817
48 79633.22664805167 137.1488373259835 220479.6245146222
49 79469.0592751107 136.8829716525941 220644.0577532366
50 79305.86391937423 136.6229684561095 220807.5131121695