Time X_A X1 X_B
0 100000 250 200000
1 6.12091524774787e-05 0.07806180344568066 300249.9218769878
2 3.066349286353249e-05 0.07806176763854922 300249.9219075692
3 1.670070854674992e-05 0.07806175130334972 300249.9219215605
4 9.701144911475478e-06 0.07806174312925043 300249.9219285959
5 6.293977170535411e-06 0.07806173904132908 300249.9219320223
6 4.857668203048073e-06 0.07806173740025457 300249.9219334665
7 4.246927714054155e-06 0.07806173664229653 300249.9219340813
8 3.916939855737992e-06 0.07806173629517568 300249.9219344148
9 3.752002420998484e-06 0.07806173607423744 300249.9219345822
10 3.647023813305841e-06 0.07806173597663622 300249.9219346836
11 3.564837330512815e-06 0.07806173585709819 300249.9219347598
12 3.515713170813835e-06 0.07806173580598604 300249.9219348065
13 3.472163001161167e-06 0.07806173576318204 300249.9219348476
14 3.474149307777525e-06 0.07806173576486275 300249.9219348468
15 3.475211920916689e-06 0.07806173576560224 300249.9219348459
16 3.475480116614569e-06 0.07806173576553226 300249.9219348448
17 3.475748312312449e-06 0.07806173576546228 300249.9219348436
18 3.476016508010329e-06 0.07806173576539231 300249.9219348425
19 3.476284703708209e-06 0.07806173576532233 300249.9219348413
20 3.476552899406089e-06 0.07806173576525235 300249.9219348402
21 3.476821095103968e-06 0.07806173576518238 300249.921934839
22 3.477089290801848e-06 0.0780617357651124 300249.9219348379
23 3.477335813322212e-06 0.07806173576506592 300249.9219348368
24 3.47737202569248e-06 0.0780617357652475 300249.9219348367
25 3.477408238062749e-06 0.07806173576542907 300249.9219348365
26 3.477444450433017e-06 0.07806173576561065 300249.9219348363
27 3.477480662803285e-06 0.07806173576579223 300249.9219348362
28 3.477516875173553e-06 0.07806173576597381 300249.921934836
29 3.477553087543822e-06 0.07806173576615538 300249.9219348358
30 3.47758929991409e-06 0.07806173576633697 300249.9219348357
31 3.477625512284358e-06 0.07806173576651855 300249.9219348356
32 3.477638575862128e-06 0.07806173576658178 300249.9219348354
33 3.477639132445257e-06 0.07806173576658107 300249.9219348352
34 3.477639689028386e-06 0.07806173576658036 300249.921934835
35 3.477640245611515e-06 0.07806173576657965 300249.9219348348
36 3.477640802194643e-06 0.07806173576657895 300249.9219348346
37 3.477641358777773e-06 0.07806173576657824 300249.9219348344
38 3.477641915360901e-06 0.07806173576657753 300249.9219348343
39 3.47764247194403e-06 0.07806173576657684 300249.921934834
40 3.477643028527159e-06 0.07806173576657613 300249.9219348339
41 3.477643585110288e-06 0.07806173576657542 300249.9219348337
42 3.477644141693417e-06 0.07806173576657471 300249.9219348335
43 3.477644698276546e-06 0.07806173576657401 300249.9219348333
44 3.477645254859675e-06 0.0780617357665733 300249.9219348331
45 3.477645811442804e-06 0.07806173576657259 300249.9219348329
46 3.477646368025933e-06 0.07806173576657188 300249.9219348327
47 3.477646924609062e-06 0.07806173576657117 300249.9219348325
48 3.477647481192191e-06 0.07806173576657048 300249.9219348324
49 3.47764803777532e-06 0.07806173576656977 300249.9219348321
50 3.477648594358449e-06 0.07806173576656907 300249.9219348319