Time X_A X1 X_B
0 100000 250 200000
1 99375.972296394 205.1120719931552 200668.9156316129
2 99019.6742121141 125.8120156829152 201104.513772203
3 98889.48659330649 74.85105302127224 201285.6623536722
4 98824.67669853328 62.52115194452337 201362.8021495222
5 98770.29817015873 60.52939236471369 201419.1724374765
6 98717.46521831576 60.23796689005126 201472.2968147941
7 98664.87497908411 60.20077246004971 201524.9242484558
8 98612.33638575501 60.20101760054931 201577.4625966445
9 98559.82138470773 60.20672688825665 201629.971888404
10 98507.32591499992 60.21324963500728 201682.4608353651
11 98454.84936999537 60.21987488182552 201734.9307551229
12 98402.39168855234 60.22650682085975 201787.3818046268
13 98349.95287190877 60.23313539177855 201839.8139926995
14 98297.53293390034 60.23975582965059 201892.2273102701
15 98245.13188944872 60.24636783785192 201944.6217427135
16 98192.74976907468 60.25297093196741 201996.9972599934
17 98140.38663016025 60.25956515083902 202049.353804689
18 98088.04242418667 60.26615066433785 202101.691425149
19 98035.71715115393 60.27272747246393 202154.0101213737
20 97983.41081106204 60.27929557521725 202206.3098933628
21 97931.12354788872 60.28585519572107 202258.5905969156
22 97878.85528251456 60.29240621136348 202310.8523112741
23 97826.60600776163 60.29894861102081 202363.0950436274
24 97774.3757236299 60.30548239469304 202415.3187939755
25 97722.16452195839 60.31200766147312 202467.5234703802
26 97669.97242635206 60.31852443683051 202519.7090492111
27 97617.79938487979 60.32503266473223 202571.8755824555
28 97565.64539754156 60.3315323451783 202624.0230701133
29 97513.51075986866 60.33802361449732 202676.1512165169
30 97461.39625871893 60.34450683566694 202728.2592344454
31 97409.30094698515 60.35098157178646 202780.3480714431
32 97357.22482466731 60.35744782285587 202832.4177275099
33 97305.16789176542 60.36390558887518 202884.4682026457
34 97253.13014827947 60.37035486984438 202936.4994968507
35 97201.11159420946 60.37679566576349 202988.5116101248
36 97149.11222955541 60.38322797663248 203040.504542468
37 97097.13205431729 60.38965180245138 203092.4782938803
38 97045.17106849511 60.39606714322017 203144.4328643617
39 96993.22927208889 60.40247399893886 203196.3682539122
40 96941.30666509861 60.40887236960744 203248.2844625318
41 96889.40324752427 60.41526225522593 203300.1814902205
42 96837.51901936588 60.42164365579431 203352.0593369784
43 96785.65398062344 60.42801657131258 203403.9180028053
44 96733.80813129693 60.43438100178076 203455.7574877013
45 96681.98147138636 60.44073694719883 203507.5777916665
46 96630.17400089175 60.44708440756679 203559.3789147007
47 96578.38571981309 60.45342338288466 203611.1608568041
48 96526.61729595892 60.45975449365572 203662.9229495475
49 96474.86966858206 60.46607861259937 203714.6642528054
50 96423.14145210751 60.47239445228993 203766.3861534403