Time X_A X1 X_B
0 100000 250 200000
1 98473.40096640786 620.1664220110238 201156.4326115811
2 95681.3068023443 799.1273311078897 203769.5658665479
3 93111.68451909327 756.4777000586805 206381.8377808481
4 90698.54826070806 713.8492197744775 208837.6025195175
5 88440.72555103849 671.3765057184004 211137.8979432432
6 86338.64367662322 628.6396333723859 213282.7166900045
7 84394.77175504014 585.0186968983943 215270.2095480615
8 82614.74335461961 539.526611420779 217095.7300339596
9 81009.68724365604 490.4385094205918 218749.8742469234
10 79600.99801359689 434.4353460023695 220214.5666404008
11 78431.10031527655 364.6771861653603 221454.2224985581
12 77581.10015276265 269.5939288331354 222399.3059184043
13 77132.86103007458 158.2151515887674 222958.9238183367
14 76967.29811615276 95.44114068103038 223187.2607431663
15 76881.57721443023 80.25958894548397 223288.1631966243
16 76809.14630633977 77.71172834233275 223363.1419653179
17 76738.80767195257 77.31489677359546 223433.8774312738
18 76668.85061043352 77.25216601359705 223503.8972235529
19 76599.01452050281 77.24049499260539 223573.7449845046
20 76529.25966853082 77.23659146315175 223643.503740006
21 76459.57995922402 77.23388609251141 223713.1861546835
22 76389.97436998312 77.23136283714059 223782.7942671797
23 76320.4426349397 77.22887087166265 223852.3284941887
24 76250.98467310976 77.22639298777443 223921.7889339025
25 76181.60033482505 77.2239228414536 223991.1757423335
26 76112.28960063831 77.22146133658099 224060.4889380251
27 76043.05234111678 77.21900661501071 224129.7286522682
28 75973.88805557881 77.21655886358852 224198.8953855576
29 75904.79693036014 77.21411823054392 224267.9889514094
30 75835.77907672581 77.21168480438786 224337.0092384698
31 75766.83449467583 77.20925858512037 224405.9562467391
32 75697.96311256096 77.20683955680241 224474.8300478822
33 75629.16396571288 77.204427504835 224543.6316067823
34 75560.43771354495 77.20202257591048 224612.3602638791
35 75491.78435605711 77.19962477002882 224681.0160191729
36 75423.20389324937 77.19723408719005 224749.5988726635
37 75354.6971693704 77.19485078932546 224818.1079798403
38 75286.26048780499 77.19247372954628 224886.5470384655
39 75217.89658074142 77.19010375552423 224954.913315503
40 75149.60535970393 77.18774083980935 225023.2068994563
41 75081.38673621671 77.18538495495169 225091.4278788283
42 75013.23984451884 77.18303578963103 225159.5771196915
43 74945.16472206492 77.18069336238813 225227.6545845727
44 74877.16166106043 77.17835778480067 225295.6599811547
45 74809.23055584422 77.17602902314245 225363.5934151326
46 74741.37130075511 77.17370704368733 225431.4549922012
47 74673.58379013198 77.17139181270912 225499.2448180553
48 74605.86791831361 77.16908329648165 225566.9629983899
49 74538.22357963887 77.16678146127875 225634.6096388998
50 74470.6506684466 77.16448627337424 225702.18484528