Time X_A X1 X_B
0 100000 250 200000
1 98176.76008209043 756.0991900548617 201317.1407278547
2 95878.78081527422 764.8462860397456 203606.3728986861
3 93707.66809778198 733.4249671563472 205808.9069350617
4 91639.16960547162 702.5782460231654 207908.2521485052
5 89671.47344468111 672.2684768836925 209906.2580784353
6 87802.89216246389 642.4133175979795 211804.6945199382
7 86032.06430914919 612.9228153032238 213605.0128755477
8 84357.99686415347 583.6843666824559 215308.3187691642
9 82780.09615644014 554.568930964731 216915.3349125952
10 81298.28141623325 525.4099090375834 218426.3086747293
11 79913.13235948599 495.9954491610802 219840.8721913531
12 78626.07999523813 466.0406504258699 221157.8793543362
13 77439.74268360074 435.1655899266211 222375.0917264728
14 76358.33690466166 402.8377898551423 223488.8253054834
15 75388.30767143842 368.3291980318834 224493.3631305298
16 74538.9254734386 330.7370690506874 225380.3374575108
17 73822.12970926675 289.3209673713861 226138.549323362
18 73249.0594098647 244.758866807236 226756.1817233282
19 72819.55976268974 201.4157138136655 227229.0245234967
20 72509.70963018254 166.9358350044091 227573.3545348131
21 72277.6109413774 145.5860941529201 227826.8029644698
22 72085.89542638735 134.8332162325282 228029.2713573802
23 71912.57893698533 130.0010781689845 228207.4199848458
24 71747.3869034504 127.8813308109668 228374.7317657387
25 71586.00854827011 126.8918772152125 228537.0995745148
26 71426.71623969049 126.3543399361026 228696.9294203735
27 71268.8276702709 125.9952792670604 228855.1770504621
28 71112.07043266988 125.707726109753 229012.2218412205
29 70956.33011694474 125.4504980434464 229168.2193850119
30 70801.55267012888 125.2078503938369 229323.2394794774
31 70647.70709772104 124.9737428387507 229477.3191594403
32 70494.77131428906 124.7458188881082 229630.4828668229
33 70342.72695038644 124.5231336604457 229782.7499159532
34 70191.55765564262 124.3051904980447 229934.1371538594
35 70041.24784913669 124.0917112926548 230084.6604395707
36 69891.78271663465 123.8825041121773 230234.3347792532
37 69743.14792573753 123.6774023569392 230383.1746719056
38 69595.32961213101 123.4762556553883 230531.1941322136
39 69448.31446994646 123.278925184117 230678.4066048695
40 69302.08966308691 123.0852803089795 230824.8250566042
41 69156.64267273185 122.8951966262342 230970.462130642
42 69011.96139098647 122.7085559394411 231115.3300530741
43 68868.03415433814 122.5252465252295 231259.4405991367
44 68724.8496564111 122.3451620103744 231402.8051815786
45 68582.39688631914 122.1682004981341 231545.4349131827
46 68440.66516855442 121.9942650137046 231687.3405664319
47 68299.64414697395 121.8232629504128 231828.5325900756
48 68159.32379493631 121.6551061746606 231969.021098889
49 68019.69436421103 121.4897103911062 232108.8159253979
50 67880.74636101106 121.3269947521709 232247.9266442368