Time X_A X1 X_B
0 100000 250 200000
1 99130.94276206961 394.215691452813 200724.8415464775
2 97733.2821377462 551.4939747705206 201965.2238874831
3 96302.41002387102 551.945770815923 203395.6442053129
4 94933.22484964703 532.2190283682763 204784.5561219845
5 93625.12346797204 511.3855199284292 206113.4910120993
6 92378.59846494885 490.2875127828408 207381.1140222681
7 91194.50976228798 468.8456378145558 208586.6445998973
8 90074.20703384186 446.8802549115067 209728.9127112464
9 89019.74717658755 424.1354832661256 210806.1173401461
10 88034.17226768943 400.2467220021178 211815.5810103083
11 87121.97229958628 374.6760633368884 212753.3516370766
12 86289.80067912549 346.6158374782178 213613.5834833961
13 85547.55908258339 314.8650775410955 214387.5758398753
14 84909.60653385283 277.8236804967443 215062.5697856502
15 84394.35804611367 234.2679893348395 215621.3739645512
16 84016.40677884 186.4277571759234 216047.1654639838
17 83766.63152619301 143.7243032166979 216339.64417059
18 83604.20828103853 116.1280755797328 216529.6636433815
19 83484.7390706045 102.9379306767778 216662.3229987185
20 83382.44145695267 97.68716940613703 216769.871373641
21 83286.48459375411 95.75237842615904 216867.7630278195
22 83192.87210837634 95.04746804625192 216962.0804235772
23 83100.19351424271 94.77799406555835 217055.0284916915
24 83007.95887129194 94.65999917648618 217147.3811295313
25 82915.99884016329 94.59436824157945 217239.4067915949
26 82824.25474828752 94.54686235529981 217331.198389357
27 82732.70596868686 94.50573605820473 217422.7882952547
28 82641.34484382955 94.46695282517923 217514.1882033451
29 82550.168162003 94.4291288741547 217605.4027091227
30 82459.17425675066 94.39181322584871 217696.4339300233
31 82368.36197854191 94.35484076047223 217787.2831806974
32 82277.73034363774 94.31814926527484 217877.9515070968
33 82187.27844740151 94.28172053539397 217968.4398320629
34 82097.00438552872 94.24554236365039 218058.7500721074
35 82006.90768567217 94.20961228705397 218148.8827020406
36 81916.98878825766 94.17393183528026 218238.8372799069
37 81827.24506089547 94.13849058693171 218328.6164485174
38 81737.67652131712 94.10328861220586 218418.2201900705
39 81648.28383655322 94.06832855181779 218507.6478348948
40 81559.06466428369 94.03360164898636 218596.9017340671
41 81470.01651814398 93.99909860841899 218685.9843832474
42 81381.14282305101 93.96483223419334 218774.8923447146
43 81292.43986825588 93.9307894817193 218863.6293422622
44 81203.9082143213 93.89697207412897 218952.1948136044
45 81115.54706777526 93.86337705308658 219040.5895551714
46 81027.35545884709 93.83000085071754 219128.814540302
47 80939.33241776608 93.79683989914727 219216.8707423345
48 80851.47697476156 93.76389063050119 219304.7591346077
49 80763.78921965278 93.7311570794523 219392.4796232676
50 80676.26791337093 93.6986337459148 219480.033452883