Time X_A X1 X_B
0 100000 250 200000
1 99749.87761746423 88.76727409016821 200411.3551084457
2 99688.16181419561 65.8276458784178 200496.010539926
3 99639.38381682472 64.1886301171388 200546.4275530582
4 99591.43552069308 64.08972473549947 200594.4747545714
5 99543.55141640731 64.09255730147937 200642.3560262912
6 99495.68148559045 64.1020769264733 200690.2164374831
7 99447.82245009276 64.11201312364076 200738.0655367836
8 99399.9741245586 64.12197090926873 200785.9039045321
9 99352.1365130527 64.13192615323632 200833.7315607941
10 99304.30929871764 64.14187492416453 200881.5488263582
11 99256.51720104789 64.15180504750238 200929.3309939046
12 99208.73394707839 64.16173092329686 200977.1043219983
13 99160.9506931089 64.17165679909135 201024.877650092
14 99113.22763742559 64.18154375836779 201072.590818816
15 99065.45466355453 64.19146298836452 201120.3538734571
16 99017.6925260728 64.20137521293687 201168.1060987143
17 98969.94124469174 64.21127983819606 201215.8474754701
18 98922.20094503602 64.22117307915398 201263.5778818848
19 98874.47153383521 64.23105774598727 201311.2974084188
20 98826.75301108928 64.24093383869594 201359.006055072
21 98779.04537679824 64.25080135727995 201406.7038218445
22 98731.34865064108 64.26066062189196 201454.390688737
23 98683.66303855044 64.27051498280251 201502.0664464667
24 98635.98839349434 64.28036204798235 201549.7312444577
25 98588.32471547279 64.29020181743151 201597.3850827098
26 98540.67200448575 64.30003429114996 201645.0279612231
27 98493.03027126072 64.30985947781838 201692.6598692615
28 98445.39975886699 64.31967757412887 201740.2805635589
29 98397.78029958466 64.3294884443622 201787.890211971
30 98350.17189341369 64.33929208851835 201835.4888144978
31 98302.57454035411 64.34908850659734 201883.0763711393
32 98254.98824122584 64.35887769875099 201930.6528810754
33 98207.41485802815 64.36866000978732 201978.2164819621
34 98159.85270391556 64.37843512733357 202025.7688609571
35 98112.30177888808 64.38820305138975 202073.3100180605
36 98064.76208294572 64.39796378195585 202120.8399532723
37 98017.23361608844 64.40771731903189 202168.3586665925
38 97969.71637831628 64.41746366261785 202215.8661580211
39 97922.21036962922 64.42720281271373 202263.3624275581
40 97874.71559002726 64.43693476931954 202310.8474752034
41 97827.23203951042 64.44665953243526 202358.3213009571
42 97779.75971807867 64.45637710206093 202405.7839048193
43 97732.29862573203 64.46608747819651 202453.2352867898
44 97684.8487624705 64.47579066084201 202500.6754468686
45 97637.41012829407 64.48548664999745 202548.1043850559
46 97589.98272320275 64.49517544566281 202595.5221013516
47 97542.56654719653 64.50485704783809 202642.9285957556
48 97495.16160027542 64.5145314565233 202690.3238682681
49 97447.76788243941 64.52419867171844 202737.7079188889
50 97400.3853936885 64.5338586934235 202785.0807476181