Time X_A X1 X_B
0 100000 250 200000
1 98229.6750788901 715.8055785550406 201304.5193425548
2 96006.02564476087 726.6682527335638 203517.3061025055
3 93902.5947530167 696.9879687217144 205650.4172782615
4 91896.15883730577 667.7101694614569 207686.1309932327
5 89985.46054331731 638.7923631114288 209625.7470935711
6 88169.48006224235 610.1331717234277 211470.3867660341
7 86447.60397550455 581.6112490845043 213220.7847754109
8 84819.68955879621 553.0718179791471 214877.2386232245
9 83286.23784604295 524.3124280511851 216439.4497259058
10 81848.58537714151 495.0551774745083 217906.3594453839
11 80509.27140709691 464.8990777608288 219275.8295151422
12 79272.64621917343 433.2362669595333 220544.1175138669
13 78145.93420683932 399.0914858653963 221704.9743072951
14 77141.14141770081 360.8298572843619 222748.0287250146
15 76278.35788982111 315.7028690589615 223655.9392411197
16 75589.5820714958 259.9234727895916 224400.4944557144
17 75111.74774271552 193.5355316420581 224944.7167256422
18 74839.61679070641 133.7640432966748 225276.6191659968
19 74691.33206998727 101.5837412052667 225457.0841888074
20 74588.06262858777 90.48922793360529 225571.4481434786
21 74497.43373359817 87.38237875044467 225665.1838876514
22 74410.18947093301 86.5557772130955 225753.2547518539
23 74323.92616111205 86.32497990180396 225839.7488589861
24 74238.03283360502 86.24597409580649 225925.7211922992
25 74152.35488699841 86.20537561830076 226011.4397373832
26 74066.85302479853 86.17456359408283 226096.9724116074
27 73981.51683577265 86.14629011694944 226182.3368741103
28 73896.34329744043 86.11880130767092 226267.5379012518
29 73811.33112006082 86.09161818922031 226352.5772617499
30 73726.47949830171 86.06463056450235 226437.4558711337
31 73641.7873792851 86.0378092034251 226522.1748115114
32 73557.25396794463 86.01114620156221 226606.7348858537
33 73472.87957443979 85.98464305405631 226691.1357825061
34 73388.66207831464 85.95829079405563 226775.3796308912
35 73304.60237013664 85.93209318753634 226859.4655366757
36 73220.69989081153 85.90604855869648 226943.3940606297
37 73136.95193133273 85.88014878769188 227027.1679198795
38 73053.36068237326 85.85440054841267 227110.7849170782
39 72969.92401811105 85.82879846477834 227194.2471834241
40 72886.64205700926 85.80334243951498 227277.5546005511
41 72803.51404776196 85.77803032955572 227360.7079219084
42 72720.53923906319 85.75285999183372 227443.7079009449
43 72637.71701392646 85.72783029219168 227526.5551557812
44 72555.04707063784 85.7029424645704 227609.2499868975
45 72472.52844330527 85.67819275408827 227691.7933639405
46 72390.16044095943 85.65357947088337 227774.1859795696
47 72307.94237263103 85.62910092509368 227856.4285264437
48 72225.87383763255 85.60475687554589 227938.5214054918
49 72143.95459898877 85.58054789809414 228020.4648531131
50 72062.18373143351 85.55647113358766 228102.2597974328