Time X_A X1 X_B
0 100000 250 200000
1 97974.00512847764 830.8447096277308 201445.1501618947
2 95713.03990569094 811.2544258973323 203725.7056684118
3 93553.51240817318 781.2284167970552 205915.2591750298
4 91485.9268655279 751.9006853151452 208012.172449157
5 89508.19713361554 723.2306062929015 210018.5722600917
6 87618.29769539696 695.1729202676872 211936.5293843355
7 85814.39014652303 667.6807184203594 213767.9291350567
8 84094.7780915589 640.7043382749858 215514.5175701663
9 82457.92495382439 614.1905791653182 217177.8844670104
10 80902.48236029106 588.081835747941 218759.4358039612
11 79427.28928316655 562.3152098018176 220260.3955070318
12 78031.38976895691 536.8198441281144 221681.7903869151
13 76714.07136110669 511.5139550281461 223024.4146838653
14 75474.89537232567 486.306363587105 224288.7982640874
15 74313.73885507448 461.0902554687558 225475.1708894569
16 73230.84873132054 435.7412352687846 226583.4100334109
17 72226.88946552176 410.1199284653259 227612.9906060131
18 71302.97710316408 384.0754695800603 228562.947427256
19 70460.66640840468 357.4680881558611 229431.8655034397
20 69701.79580648136 330.2215915730434 230217.9826019458
21 69028.03056860539 302.4353184016597 230919.5341129932
22 68439.88950230488 274.5619009321692 231535.5485967632
23 67935.17903980188 247.602568342995 232067.2183918554
24 67507.25038254591 223.0926534116652 232519.6569640426
25 67144.48369681709 202.6214360004709 232902.8948671827
26 66832.05856358999 187.063823454768 233230.8776129555
27 66555.27087807741 176.2004704266369 233518.5286514963
28 66302.17490561977 169.0467948681783 233778.7782995124
29 66064.40275749074 164.4460176917622 234021.1512248178
30 65836.64972232819 161.4460210759506 234251.9042565961
31 65615.75730116347 159.3932231537332 234474.8494756831
32 65399.90473589115 157.8854476041357 234692.209816505
33 65188.04853325692 156.6902342777853 234905.2612324656
34 64979.5788310119 155.6785848802148 235114.7425841082
35 64774.1208886897 154.7803646382115 235321.0987466724
36 64571.42787513605 153.9577497425981 235524.6143751216
37 64371.32216810805 153.190073245496 235725.4877586467
38 64173.66483728944 152.4655406908235 235923.8696220201
39 63978.34060213004 151.7771151641373 236119.8822827061
40 63785.24923667833 151.1202376358556 236313.6305256861
41 63594.30082259064 150.4915915010036 236505.2075859087
42 63405.413561211 149.8886069416372 236694.6978318476
43 63218.51246931718 149.3092276390759 236882.1783030441
44 63033.52814053441 148.7516986319854 237067.7201608339
45 62850.39605275629 148.2144824531491 237251.3894647909
46 62669.0558250237 147.6961700158056 237433.2480049608
47 62489.45101667479 147.1955168247406 237613.3534665008
48 62311.52876320456 146.7114279262759 237791.7598088695
49 62135.23937118387 146.2429005568118 237968.5177282596
50 61960.5360557825 145.7890328687025 238143.6749113492