Time X_A X1 X_B
0 100000 250 200000
1 98820.27672214762 480.6141036165395 200949.1091742358
2 97021.44068826601 596.2204457178468 202632.3388660161
3 95305.91950852321 574.7394633958133 204369.341028081
4 93672.24144092736 550.1724327003662 206027.5861263723
5 92119.98906565396 525.4277147761486 207604.5832195699
6 90649.92951014037 500.3853798694493 209099.6851099902
7 89263.56785944379 474.8061819964757 210511.6259585598
8 87963.44864141574 448.3422776853503 211838.209080899
9 86753.67654000591 420.4644656103147 213075.8589943839
10 85640.91032363224 390.3160164276931 214218.7736599402
11 84636.03106817769 356.435541839046 215257.5333899834
12 83757.455994192 316.2284033550341 216176.3156024531
13 83036.34629616197 265.4209766352581 216948.2327272028
14 82517.22756603018 200.639711576581 217532.1327223933
15 82219.70883187786 134.3297539580736 217895.9614141642
16 82072.60937015872 94.77124255903894 218082.6193872823
17 81981.34603786617 81.16778441038669 218187.4861777235
18 81904.63393657048 77.62798566851303 218267.738077761
19 81831.41508550245 76.77989036004485 218341.8050241375
20 81759.07121580775 76.57624497521743 218414.3525392171
21 81686.99558818777 76.52253158112634 218486.4818802311
22 81615.04821009061 76.50341831364024 218558.4483715958
23 81543.19679185064 76.49229330085241 218630.3109148485
24 81471.43375258686 76.48300374011964 218702.083243673
25 81399.75727330877 76.47418219015178 218773.7685445011
26 81328.16676484297 76.4654828569367 218845.3677523001
27 81256.66194450932 76.45683752136662 218916.8812179693
28 81185.24248986924 76.44822824987307 218988.3092818809
29 81113.90845249538 76.43965574687046 219059.6518917578
30 81042.65939514176 76.43111478844176 219130.9094900699
31 80971.49547922562 76.42260730309042 219202.0819134713
32 80900.41620814291 76.41413110136436 219273.1696607558
33 80829.42172391072 76.40568680939549 219344.1725892799
34 80758.51048427956 76.39727296742392 219415.0922427531
35 80687.68326371189 76.38889033473458 219485.9278459534
36 80616.94029086975 76.38053913550833 219556.6791699948
37 80546.28156575313 76.37221936974515 219627.3462148772
38 80475.70708836202 76.36393103744506 219697.9289806006
39 80405.21658648849 76.35567383127697 219768.4277396803
40 80334.80774925466 76.34744514218927 219838.8448056032
41 80264.48233995879 76.3392469609995 219909.1784130803
42 80194.24035860089 76.33107928770765 219979.4285621115
43 80124.08180518096 76.32294212231373 220049.5952526968
44 80054.00667969901 76.31483546481775 220119.6784848362
45 79984.01796369522 76.30676268337307 220189.6752736215
46 79914.10450299362 76.29871117745347 220259.596785829
47 79844.2742563494 76.2906899378175 220329.4350537129
48 79774.52706815435 76.28269878867947 220399.190233057
49 79704.86278280029 76.27473755425362 220468.8624796455
50 79635.28124467905 76.2668060587542 220538.4519492623