Time X_A X1 X_B
0 100000 250 200000
1 99445.895288787 180.3399809646858 200623.7647302483
2 99194.6133956581 99.84266507453563 200955.5439392673
3 99103.9181943798 67.25298709854425 201078.8288185216
4 99046.18426698595 61.07238374455461 201142.7433492694
5 98993.30744001573 60.14237311326931 201196.5501868709
6 98941.14618582393 60.0127558204179 201248.8410583556
7 98889.10396246988 59.99971611149319 201300.8963214185
8 98837.09469128316 60.00352417887439 201352.9017845379
9 98785.10596208042 60.009752919261 201404.8842850003
10 98733.13600486476 60.01632673827108 201456.8476683969
11 98681.18457318572 60.02294039927961 201508.7924864149
12 98629.25165636952 60.02955120749494 201560.7187924229
13 98577.33725595863 60.03615726524329 201612.626586776
14 98525.44139271902 60.04275462361629 201664.5158526573
15 98473.56407346026 60.04934397959987 201716.3865825601
16 98421.7053163628 60.05592448281104 201768.2387591543
17 98369.86521750616 60.06249644848268 201820.0722860452
18 98318.0437490519 60.06905988841914 201871.8871910596
19 98266.24088028206 60.07561481564577 201923.6835049022
20 98214.45661119664 60.08216123016256 201975.4612275731
21 98162.69094179565 60.08869913196953 202027.2203590723
22 98110.94392580887 60.09522859941259 202078.9608455916
23 98059.21570090723 60.10174983323615 202130.6825492594
24 98007.5061456596 60.10826265637581 202182.3855916839
25 97955.81526006598 60.11476706883158 202234.0699728651
26 97904.14304412638 60.12126307060345 202285.7356928029
27 97852.4894978408 60.12775066169143 202337.3827514974
28 97800.85481360662 60.13423002072299 202389.0109563725
29 97749.23891758581 60.14070107914467 202440.6203813349
30 97697.64176834478 60.14716379848831 202492.2110678566
31 97646.06336588353 60.15361817875391 202543.7830159376
32 97594.50371020204 60.16006421994146 202595.3362255779
33 97542.96328658167 60.16650214887904 202646.8702112693
34 97491.44271716989 60.17293225636809 202698.3843505736
35 97439.9410410642 60.17935409326778 202749.8796048424
36 97388.45825826458 60.1857676595781 202801.3559740757
37 97336.99436877103 60.19217295529906 202852.8134582735
38 97285.54937258355 60.19856998043065 202904.2520574359
39 97234.12326970215 60.20495873497288 202955.6717715627
40 97182.71606012681 60.21133921892574 203007.0726006541
41 97131.32774385756 60.21771143228924 203058.45454471
42 97079.95832089438 60.22407537506337 203109.8176037304
43 97028.60779123727 60.23043104724814 203161.1617777153
44 96977.27615488623 60.23677844884354 203212.4870666648
45 96925.96341184128 60.24311757984958 203263.7934705787
46 96874.6695621024 60.24944844026626 203315.0809894572
47 96823.39460566957 60.25577103009357 203366.3496233002
48 96772.13854254283 60.26208534933151 203417.5993721077
49 96720.90137272218 60.2683913979801 203468.8302358797
50 96669.68309620758 60.27468917603931 203520.0422146162