Time X_A X1 X_B
0 100000 250 200000
1 99357.59403116255 241.8987309148906 200650.5072379226
2 98775.84490073372 222.2004491110989 201251.9546501552
3 98301.06944408793 189.63036600558 201759.3001899065
4 97960.73228309414 151.9664389941181 202137.3012779118
5 97731.7948177545 123.8355713594512 202394.3696108861
6 97562.96085904144 109.8491027926699 202577.1900381659
7 97418.26871818671 104.4403444620208 202727.2909373512
8 97282.14446340744 102.5556512703204 202865.2998853222
9 97149.0496249885 101.9062693511068 202999.0441056604
10 97017.14599126435 101.6651650181678 203131.1888437175
11 96885.8378220992 101.5561682508787 203262.6060096499
12 96754.93327224754 101.4896717711048 203393.5770559814
13 96624.37010889736 101.4369935304695 203524.1928975722
14 96494.12726012178 101.3889793787789 203654.4837604995
15 96364.19673982621 101.3427219766237 203784.4605381972
16 96234.57476254886 101.2973408888591 203914.1278965623
17 96105.25883310122 101.2525300150812 204043.4886368838
18 95976.24686917814 101.2081898075918 204172.5449410143
19 95847.53695532795 101.1642894001972 204301.298755272
20 95719.12559715493 101.1208081190496 204429.7535947261
21 95591.01181015298 101.0777413873916 204557.9104484597
22 95463.19545975461 101.0350881956435 204685.7694520499
23 95335.67141569417 100.9928276058835 204813.3357567
24 95208.44209119897 100.9509694671074 204940.606939334
25 95081.50475585673 100.9095027825039 205067.5857413609
26 94954.85378289565 100.8684048900935 205194.2778122144
27 94828.49415911242 100.8276959340703 205320.6781449536
28 94702.42067470765 100.7873552492988 205446.7919700432
29 94576.63319020976 100.7473821455728 205572.6194276448
30 94451.12960165048 100.7077681934069 205698.1626301562
31 94325.90780506151 100.6685049633157 205823.4236899753
32 94200.96706524101 100.6295941727392 205948.4033405864
33 94076.30530171153 100.5910275663339 206073.1036707223
34 93951.92033408961 100.5527961481342 206197.5268697624
35 93827.81027084275 100.5148930634814 206321.6748360939
36 93703.97393074969 100.4773161273519 206445.5487531231
37 93580.41093241658 100.4400684128429 206569.1489991707
38 93457.11874627485 100.4031388708026 206692.4781148545
39 93334.0957548419 100.366522448195 206815.53772271
40 93211.34034063508 100.3302140919845 206938.329445273
41 93088.85233665007 100.2942137663656 207060.8534495837
42 92966.62970215733 100.2585149542837 207183.1117828885
43 92844.67092331007 100.2231129611814 207305.1059637289
44 92722.97456059467 100.1880033496206 207426.8374360559
45 92601.53980645283 100.1531836644321 207548.3070098829
46 92480.36563387694 100.1186507620945 207669.5157153611
47 92359.45022370512 100.0843990143191 207790.4653772807
48 92238.79222349687 100.050424256792 207911.1573522465
49 92118.39028081163 100.0167223251994 208031.5929968633
50 91998.24304320889 99.9832890552277 208151.773667736