Time X_A X1 X_B
0 100000 250 200000
1 99384.24424314477 223.0896302754655 200642.6661265798
2 98906.86958880012 182.9712198176092 201160.1591913823
3 98585.81693669119 141.7458215967229 201522.4372417121
4 98377.12734418453 115.3819176869467 201757.4907381285
5 98220.22454176663 104.1724138643997 201925.6030443689
6 98081.58017961611 100.3460947804789 202068.0737256034
7 97948.84041844854 99.13253984564051 202202.0270417058
8 97818.08365948744 98.74030665196153 202333.1760338606
9 97688.12260565713 98.5960391309806 202463.2813552119
10 97558.60309561343 98.52564323670394 202592.8712611499
11 97429.41956734889 98.47727752336914 202722.1031551278
12 97300.53980239881 98.43558713818715 202851.0246104631
13 97171.95331169642 98.39611692598326 202979.6505713777
14 97043.65590145197 98.3575501133906 203107.9865484347
15 96915.64515844249 98.3194758192931 203236.0353657383
16 96787.91929652965 98.28179263441811 203363.798910836
17 96660.47667610041 98.24446327547825 203491.2788606242
18 96533.31394731306 98.20746799164314 203618.4785846953
19 96406.43117379188 98.17080615360103 203745.3980200546
20 96279.82722011823 98.13447330167403 203872.0383065802
21 96153.49872953702 98.09845666809221 203998.402813795
22 96027.44750630233 98.06276311552503 204124.4897305822
23 95901.66973681236 98.02737893681683 204250.3028842509
24 95776.16328243866 97.99229644513656 204375.8444211163
25 95650.93025426846 97.95752362624754 204501.1122221054
26 95525.96681043714 97.92304741988757 204626.110142143
27 95401.27297075189 97.88886747862446 204750.8381617696
28 95276.84700345168 97.85497768876985 204875.2980188596
29 95152.68717677546 97.82137193663534 204999.491451288
30 95028.79197712999 97.78804563388077 205123.4199772362
31 94905.16124139707 97.75500363418826 205247.0837549688
32 94781.79245680776 97.72223436335095 205370.4853088289
33 94658.6840497759 97.68973281358063 205493.6262174106
34 94535.83444671531 97.65749397708905 205616.5080593077
35 94413.24207403984 97.62551284608796 205739.1324131141
36 94290.90764369832 97.5937981090665 205861.4985581927
37 94168.82871463422 97.56233955984109 205983.608945806
38 94047.00379911922 97.5311327051343 206105.4650681757
39 93925.43153402126 97.50017379832335 206227.0682921805
40 93804.11055620828 97.46945909278546 206348.419984699
41 93683.04064361168 97.43898842604689 206469.5203679624
42 93562.22047917036 97.40875819619659 206590.3707626336
43 93441.64850862164 97.37876405625892 206710.9727273222
44 93321.32351248724 97.34900271083626 206831.327484802
45 93201.24427128886 97.31947086453097 206951.4362578467
46 93081.41024686936 97.29016738299372 207071.2995857477
47 92961.82063547478 97.26109028944202 207190.9182742359
48 92842.47376462951 97.23223485163871 207310.2940005189
49 92723.36849196798 97.20359801877619 207429.4279100133
50 92604.50367512468 97.17517674004688 207548.3211481354