Time X_A X1 X_B
0 100000 250 200000
1 99500.96078474521 192.9710729778064 200556.068142277
2 99199.65990333907 141.4145844485956 200908.9255122123
3 99016.22454826045 114.3525370884457 201119.4229146511
4 98876.57574797176 104.942084855453 201268.4821671728
5 98749.85250814422 102.2192381358057 201397.92825372
6 98626.78572427538 101.469298167774 201521.7449775568
7 98504.84473882285 101.2565630818706 201643.8986980953
8 98383.35673636105 101.1866582032768 201765.4566054356
9 98262.1439731798 101.154438710629 201886.7015881096
10 98141.15933639526 101.1321724304865 202007.7084911742
11 98020.39001779458 101.1125963293753 202128.497385876
12 97899.83215882833 101.0938153805953 202249.0740257911
13 97779.48424669466 101.0753418497153 202369.4404114556
14 97659.34535704335 101.0570357753814 202489.5976071813
15 97539.41429417931 101.0388639894171 202609.5468418312
16 97419.69046685925 101.0208191522597 202729.2887139885
17 97300.17367643387 101.0029007027924 202848.8234228633
18 97180.862429617 100.9851017833536 202968.1524685996
19 97061.7574221121 100.9674255935571 203087.2751522943
20 96942.85631100985 100.949865542486 203206.1938234476
21 96824.16001168554 100.9324242052134 203324.9075641092
22 96705.66469724341 100.9150954198538 203443.4202073367
23 96587.37101276388 100.897880225085 203561.731107011
24 96469.28016273462 100.8807805603157 203679.839056705
25 96351.39214715561 100.863796425546 203797.7440564188
26 96233.70650765474 100.8469269075192 203915.4465654377
27 96116.2165758982 100.8301587203052 204032.9532653814
28 95998.92686091088 100.8135008476459 204150.2596382414
29 95881.83736269276 100.7969532895413 204267.3656840176
30 95764.94808124387 100.7805160459914 204384.2714027101
31 95648.26346883451 100.7641974499818 204500.9723337154
32 95531.76149505215 100.7479562688159 204617.490548679
33 95415.45888900285 100.7318238131264 204733.809287184
34 95299.3550558219 100.715798969549 204849.9291452085
35 95183.44940064463 100.6998806247193 204965.8507187306
36 95067.73671040635 100.68405902566 205081.5792305679
37 94952.21831338284 100.6683366567698 205197.1133499603
38 94836.89461984888 100.6527142850742 205312.452665866
39 94721.76490278264 100.6371905499726 205427.5979066673
40 94606.82843516226 100.6217640908644 205542.5498007468
41 94492.08448996588 100.6064335471489 205657.3090764869
42 94377.53234017166 100.5911975582255 205771.87646227
43 94263.17125875775 100.5760547634936 205886.2526864787
44 94149.00051870229 100.5610038023525 206000.4384774953
45 94035.01939298343 100.5460433142016 206114.4345637023
46 93921.22715457933 100.5311719384403 206228.2416734821
47 93807.62564523636 100.5163967611541 206341.8579580025
48 93694.21310151776 100.5017130137777 206455.2851854684
49 93580.98821265154 100.487117416209 206568.5246699322
50 93467.95032583932 100.4726088519108 206681.5770653087