Time X_A X1 X_B
0 100000 250 200000
1 99623.67130170771 153.7381441747978 200472.5905541175
2 99453.31741294164 108.7649808148196 200687.9176062434
3 99341.51969559725 97.08790454642134 200811.3923998561
4 99241.75036783665 94.70491791319076 200913.54471425
5 99144.3634993413 94.25037664504266 201011.3861240135
6 99047.50621775165 94.16866049545 201108.3251217527
7 98950.82640382653 94.15786996325991 201205.0157262101
8 98854.2573243704 94.16047359463131 201301.5822020349
9 98757.78640310274 94.16562364138986 201398.0479732557
10 98661.41118327956 94.17122349784765 201494.4175932225
11 98565.13118111994 94.17688685724762 201590.6919320227
12 98468.94625484764 94.1825448359032 201686.8712003163
13 98372.85636489881 94.18818706250545 201782.9554480385
14 98276.86146570825 94.19381123936765 201878.9447230522
15 98180.96152187562 94.19941520979877 201974.8390629144
16 98085.15649146606 94.20499929476873 202070.638509239
17 97989.44633465419 94.21056286491019 202166.3431024808
18 97893.8307600758 94.21610671107632 202261.953133213
19 97798.30976903018 94.22163083160765 202357.4686001381
20 97702.88353036759 94.22713501084156 202452.8893346214
21 97607.55204408799 94.23261924877808 202548.2153366631
22 97512.31531019142 94.23808354541717 202643.4466062631
23 97417.17332867785 94.24352790075885 202738.5831434213
24 97322.12594564461 94.24895272024752 202833.625101635
25 97227.17254101415 94.25435963742844 202928.5730993483
26 97132.313651212 94.25974723913107 203023.4266015487
27 97037.5492762381 94.26511552535544 203118.1856082364
28 96942.87941609249 94.27046449610154 203212.8501194113
29 96848.30407077516 94.27579415136935 203307.4201350733
30 96753.82324028612 94.2811044911589 203401.8956552226
31 96659.43744311474 94.28639436207173 203496.276162523
32 96565.14383336306 94.2916700949108 203590.5644965419
33 96470.94466210257 94.29692668208621 203684.7584112152
34 96376.83988634052 94.30216421923684 203778.8579494401
35 96282.82946308418 94.30738280200164 203872.8631541137
36 96188.91334934082 94.31258252601947 203966.774068133
37 96095.0910854298 94.31776419910679 204060.591150371
38 96001.36215724144 94.32292872210681 204154.3149140363
39 95907.72720696454 94.32807501958797 204247.9447180157
40 95814.18618120486 94.33320320496676 204341.48061559
41 95720.73902656816 94.3383133916597 204434.92266004
42 95627.38568966022 94.34340569308323 204528.2709046465
43 95534.12611708684 94.34848022265388 204621.5254026904
44 95440.96025545374 94.35353709378812 204714.6862074523
45 95347.88805136672 94.35857641990246 204807.7533722132
46 95254.90945143157 94.36359831441338 204900.7269502539
47 95162.02440225403 94.36860289073738 204993.6069948551
48 95069.23285043988 94.37359026229093 205086.3935592977
49 94976.53474259489 94.37856054249053 205179.0866968625
50 94883.93002532485 94.38351384475268 205271.6864608302