Time X_A X1 X_B
0 100000 250 200000
1 99776.3491174941 89.98248054240466 200383.6684019635
2 99710.62633233071 70.55965027001723 200468.8140173992
3 99655.90085091139 69.1523342986475 200524.9468147899
4 99601.92117329086 69.06638596503336 200579.012440744
5 99548.00725228387 69.0709513271412 200632.9217963889
6 99494.11290071186 69.08166611198004 200686.8054331761
7 99440.23500527097 69.09279449554489 200740.6722002334
8 99386.37337926772 69.10393767495827 200794.5226830573
9 99332.52803211007 69.11507548846323 200848.3568924014
10 99278.69898304573 69.12620342004507 200902.1748135342
11 99224.88628136607 69.13732040125088 200955.9763982327
12 99171.08998510445 69.14842675095277 201009.7615881446
13 99117.31004631298 69.15952260151916 201063.5304310855
14 99063.54646499164 69.17060795295004 201117.2829270554
15 99009.79934786783 69.18168297102606 201171.0189691611
16 98956.06870709518 69.19274767462561 201224.7385452302
17 98902.35449899353 69.20380199589981 201278.4416990106
18 98848.65672356285 69.21484593484867 201332.1284305023
19 98794.97556732172 69.22587959045399 201385.7985530878
20 98741.31093369679 69.23690291146616 201439.4521633917
21 98687.66281637286 69.24791589453383 201493.0892677326
22 98634.03176529922 69.25891857471116 201546.709316126
23 98580.41889288256 69.26991102290377 201600.3111960945
24 98526.82274574167 69.28089314647208 201653.8963611118
25 98473.24332387655 69.29186494541608 201707.464811178
26 98419.68062728721 69.30282641973578 201761.016546293
27 98366.13465597363 69.31377756943118 201814.5515664569
28 98312.60540993582 69.32471839450227 201868.0698716697
29 98259.09288917377 69.33564889494906 201921.5714619312
30 98205.59709368751 69.34656907077155 201975.0563372417
31 98152.11802347701 69.35747892196973 202028.524497601
32 98098.65567854229 69.36837844854361 202081.9759430091
33 98045.21005888334 69.37926765049319 202135.4106734661
34 97991.78116450015 69.39014652781846 202188.828688972
35 97938.36899539274 69.40101508051943 202242.2299895267
36 97884.9735515611 69.41187330859609 202295.6145751303
37 97831.59483300523 69.42272121204844 202348.9824457827
38 97778.23283972513 69.4335587908765 202402.333601484
39 97724.8875717208 69.44438604508026 202455.6680422341
40 97671.55902899224 69.45520297465971 202508.9857680331
41 97618.24721153945 69.46600957961486 202562.2867788809
42 97564.95441647827 69.47680654773784 202615.568776974
43 97511.68004965334 69.4875937011293 202668.8323566455
44 97458.42277366576 69.49837063935126 202722.0788556949
45 97405.18258851551 69.50913736240373 202775.3082741221
46 97351.95949420262 69.51989387028671 202828.5206119271
47 97298.75349072705 69.53064016300017 202881.7158691099
48 97245.56457808882 69.54137624054415 202934.8940456706
49 97192.39275628794 69.55210210291864 202988.0551416091
50 97139.23802532439 69.56281775012361 203041.1991569255