Time X_A X1 X_B
0 100000 250 200000
1 99584.83495894952 101.9133291062148 200563.2517119443
2 99512.85891501623 52.7636947147266 200684.3773902691
3 99475.81109449394 48.66447742480167 200725.5244280813
4 99440.79062497668 48.40799698460479 200760.8013780388
5 99405.89989272943 48.39744003580643 200795.7026672348
6 99371.02155658898 48.40226569804329 200830.576177713
7 99336.14830447889 48.40805618536722 200865.4436393357
8 99301.27968394471 48.41390258281222 200900.3064134724
9 99266.41567532878 48.41975221104738 200935.1645724601
10 99231.55318794567 48.42560167718475 200970.0212103771
11 99196.70145628694 48.43144458283297 201004.8670991302
12 99161.86795395311 48.43728016991552 201039.6947658769
13 99127.03785116583 48.44311439217491 201074.5190344419
14 99092.20774837857 48.4489486144343 201109.343303007
15 99057.37764559129 48.45478283669369 201144.167571572
16 99022.59832441396 48.46058859243721 201178.9410869935
17 98987.77144417207 48.46642100824265 201213.7621348196
18 98952.94924459887 48.47225080021775 201248.5785046008
19 98918.13172569437 48.4780779683625 201283.3901963372
20 98883.31888745855 48.48390251267689 201318.1972100287
21 98848.51078707744 48.48972321416319 201352.9994897083
22 98813.70743926449 48.49553975918477 201387.7970209762
23 98778.90880083053 48.50135306837687 201422.589846101
24 98744.11487177556 48.50716314173948 201457.3779650826
25 98709.32565209961 48.51296997927258 201492.161377921
26 98674.54114180263 48.51877358097621 201526.9400846163
27 98639.76134088467 48.52457394685034 201561.7140851684
28 98604.9863488712 48.53037220167413 201596.483278927
29 98570.21616469315 48.53616833336558 201631.2476669734
30 98535.45073319596 48.54196171859994 201666.0073050853
31 98500.69005437964 48.54775235737721 201700.7621932629
32 98465.93412824417 48.55354024969738 201735.512331506
33 98431.18295478956 48.55932539556046 201770.2577198147
34 98396.43653401583 48.56510779496646 201804.9983581891
35 98361.69499044048 48.57088766164294 201839.7341218978
36 98326.95829671554 48.57666494864858 201874.4650383357
37 98292.22640336528 48.58243957106096 201909.1911570635
38 98257.49931038968 48.58821152888008 201943.9124780813
39 98222.77701778876 48.59398082210594 201978.629001389
40 98188.05952556251 48.59974745073853 202013.3407269866
41 98153.34683371092 48.60551141477787 202048.0476548742
42 98118.63954388174 48.61127260178121 202082.7491835163
43 98083.93731127688 48.61703107618833 202117.4456576468
44 98049.23995743471 48.62278687135215 202152.1372556938
45 98014.54748235522 48.62853998727267 202186.8239776574
46 97979.85988603842 48.63429042394989 202221.5058235375
47 97945.17716848431 48.64003818138382 202256.1827933342
48 97910.49932969289 48.64578325957444 202290.8548870474
49 97875.82636966415 48.65152565852176 202325.5221046772
50 97841.15828839809 48.65726537822578 202360.1844462235