Time X_A X1 X_B
0 100000 250 200000
1 2.196737441871748e-05 0.150125018253694 300249.8498530101
2 1.283994005985235e-05 0.1501249312034381 300249.8498622169
3 1.221281669164089e-05 0.1501249254022616 300249.8498628456
4 1.210408556089618e-05 0.150124924408846 300249.8498629537
5 1.210522315996212e-05 0.1501249244179723 300249.8498629526
6 1.210616580597116e-05 0.1501249244252836 300249.8498629517
7 1.210659077298665e-05 0.1501249244286921 300249.8498629513
8 1.210671603461704e-05 0.1501249244298411 300249.8498629511
9 1.210680448655129e-05 0.1501249244306523 300249.849862951
10 1.210680637717568e-05 0.1501249244306692 300249.849862951
11 1.210680826780008e-05 0.1501249244306862 300249.849862951
12 1.210681015842447e-05 0.1501249244307031 300249.849862951
13 1.210681204904886e-05 0.15012492443072 300249.849862951
14 1.210681393967325e-05 0.1501249244307369 300249.849862951
15 1.210681583029764e-05 0.1501249244307538 300249.849862951
16 1.210681772092203e-05 0.1501249244307708 300249.849862951
17 1.210681961154642e-05 0.1501249244307877 300249.849862951
18 1.210682150217081e-05 0.1501249244308046 300249.849862951
19 1.210682339279521e-05 0.1501249244308215 300249.849862951
20 1.21068252834196e-05 0.1501249244308384 300249.849862951
21 1.210682717404399e-05 0.1501249244308554 300249.849862951
22 1.210682906466838e-05 0.1501249244308723 300249.849862951
23 1.210683095529277e-05 0.1501249244308892 300249.849862951
24 1.210683284591716e-05 0.1501249244309061 300249.849862951
25 1.210683473654155e-05 0.150124924430923 300249.849862951
26 1.210683662716595e-05 0.15012492443094 300249.849862951
27 1.210683851779034e-05 0.1501249244309569 300249.8498629509
28 1.210684040841473e-05 0.1501249244309738 300249.8498629509
29 1.210684229903912e-05 0.1501249244309907 300249.8498629509
30 1.210684418966351e-05 0.1501249244310076 300249.8498629509
31 1.21068460802879e-05 0.1501249244310246 300249.8498629509
32 1.210684797091229e-05 0.1501249244310415 300249.8498629509
33 1.21068480950387e-05 0.150124924431043 300249.8498629509
34 1.210684812357273e-05 0.1501249244310437 300249.8498629509
35 1.210684815210677e-05 0.1501249244310444 300249.8498629509
36 1.21068481806408e-05 0.1501249244310451 300249.8498629509
37 1.210684820917484e-05 0.1501249244310459 300249.8498629509
38 1.210684823770887e-05 0.1501249244310466 300249.8498629509
39 1.210684826624291e-05 0.1501249244310472 300249.8498629509
40 1.210684829477694e-05 0.150124924431048 300249.8498629509
41 1.210684832331098e-05 0.1501249244310487 300249.8498629509
42 1.210684835184501e-05 0.1501249244310494 300249.8498629509
43 1.210684838037905e-05 0.1501249244310501 300249.8498629509
44 1.210684840891308e-05 0.1501249244310508 300249.8498629509
45 1.210684843744712e-05 0.1501249244310515 300249.8498629509
46 1.210684846598115e-05 0.1501249244310522 300249.8498629509
47 1.210684849451519e-05 0.1501249244310529 300249.8498629509
48 1.210684852304923e-05 0.1501249244310536 300249.8498629509
49 1.210684855158326e-05 0.1501249244310543 300249.8498629509
50 1.21068485801173e-05 0.150124924431055 300249.8498629509