Time X_A X1 X_B
0 100000 250 200000
1 97826.63886671123 904.4186003849433 201518.9425329038
2 95503.7655257974 877.6335786357691 203868.6008955668
3 93277.50257386109 846.1064507432142 206126.3909753956
4 91141.69377686489 815.3439829968933 208292.9622401381
5 89094.12408279818 785.3038431586094 210370.572074043
6 87132.74227615069 755.9431857286914 212361.3145381204
7 85255.63104128122 727.2176372831594 214267.1513214354
8 83461.01697133553 699.0810245439037 216089.9020041204
9 81747.23532107647 671.4849646875534 217831.2797142358
10 80112.78703351047 644.3771521167106 219492.8358143727
11 78556.33965116098 617.7009680114023 221075.9593808275
12 77076.72142660931 591.3939969939319 222581.8845763966
13 75672.9754363501 565.3864143167837 224011.638149333
14 74344.35604567447 539.5985478080178 225366.0454065173
15 73090.3849469588 513.936672647984 226645.678380393
16 71910.89888604026 488.2908231382566 227850.8102908213
17 70806.08790088388 462.5287555168984 228981.383343599
18 69776.59701486002 436.4897152573614 230036.9132698824
19 68823.6068500221 409.9805359968706 231016.4126139809
20 67948.92068500123 382.7750549446239 231918.304260054
21 67155.03617023073 354.6301210637059 232740.3337087054
22 66445.06465220805 325.3473524379552 233479.5879953539
23 65822.25124465885 294.9264096220722 234132.822345719
24 65288.71747860765 263.8641032857512 234697.4184181065
25 64843.13241527152 233.5276482192257 235173.3399365092
26 64477.98183917049 206.1839759697596 235565.8341848597
27 64178.89449920625 184.1317907891215 235886.9737100046
28 63927.84666549247 168.3679844938252 236153.7853500137
29 63708.17729713254 158.1984830730808 236383.6242197944
30 63507.59624275344 152.0581653312678 236590.3455919153
31 63318.32915193224 148.4354658497211 236783.235382218
32 63135.90159888871 146.2521394363642 236967.8462616749
33 62957.87618045258 144.8512749319868 237147.2725446154
34 62782.9607883581 143.8657164768121 237323.1734951651
35 62610.46846292345 143.0996952779916 237496.4318417985
36 62440.03078862474 142.4527209686864 237667.5164904065
37 62271.43754997395 141.8736403912947 237836.6888096347
38 62104.55955077491 141.3366913802745 238004.1037578448
39 61939.30883297275 140.828993551081 238169.8621734761
40 61775.61738319336 140.343603839071 238334.0390129675
41 61613.42940836244 139.8767977136477 238496.6937939238
42 61452.69616838972 139.4264059209156 238657.8774256893
43 61293.37317867618 138.990942235913 238817.6358790878
44 61135.41905975549 138.569240579258 238976.0116996652
45 60978.79527631823 138.160401680486 239133.0443220012
46 60823.46570243141 137.7636892156577 239288.7706083528
47 60669.39613972986 137.3784278044073 239443.2254324657
48 60516.55415343063 137.0039916267709 239596.4418549425
49 60364.90895518719 136.6398026725744 239748.4512421402
50 60214.43132428918 136.2853449581134 239899.2833307526