Time X_A X1 X_B
0 100000 250 200000
1 98020.94579211921 845.5673989477872 201383.4868089332
2 95727.68545313644 832.9630935601199 203689.3514533036
3 93541.09143526081 801.6155725886496 205907.2929921508
4 91446.37963192574 770.9096878699256 208032.7106802046
5 89441.80258661372 740.7953909113293 210067.4020224752
6 87525.65030637471 711.2129256080834 212013.1367680174
7 85696.43752903996 682.0967926819521 213871.4656782783
8 83952.91144076671 653.3723551699184 215643.7162040636
9 82294.06217625675 624.954853513766 217330.9829702297
10 80719.16229329837 596.7421483108153 218934.095558391
11 79227.84669187997 568.6097297164646 220453.5435784038
12 77820.17972171192 540.3984240835961 221889.4218542047
13 76496.81573842146 511.9089677469926 223241.2752938317
14 75259.15662202972 482.8618660212221 224507.9815119493
15 74109.69318900854 452.8668791885958 225687.4399318031
16 73052.45862672856 421.3543238165642 226776.1870494551
17 72093.85171563535 387.4644252011329 227768.6838591638
18 71243.79302708073 349.9079906488305 228656.2989822707
19 70517.18424944437 306.9087244919995 229425.9070260639
20 69933.86799498252 256.9562024601167 230059.1758025576
21 69510.25996973822 202.2525484753149 230537.4874817866
22 69235.7194960793 153.5568819133362 230860.7236220075
23 69061.50009155045 122.6617645635586 231065.8381438862
24 68935.06277006472 108.4090530618432 231206.5281768736
25 68826.9727493261 102.9602251998504 231320.0670254742
26 68725.42788185277 101.0190457453869 231423.553072402
27 68626.26885083788 100.319578926807 231523.4115702355
28 68528.09273966955 100.0406728066647 231621.866587524
29 68430.43251547827 99.90197950073114 231719.6655050213
30 68333.13279318705 99.80986627769367 231817.0573405355
31 68236.14141568162 99.73349421225193 231914.1250901064
32 68139.4397614293 99.66262754193114 232010.897611029
33 68043.02057263024 99.59403636478334 232107.3853910053
34 67946.88000725365 99.52661128001587 232203.5933814666
35 67851.01520618668 99.45983180656302 232299.5249620071
36 67755.42436871311 99.39381958625789 232395.1818117009
37 67660.10529696151 99.32843360096581 232490.5662694378
38 67565.05588293909 99.26357372400497 232585.6805433372
39 67470.27439779219 99.19934681273429 232680.5262553954
40 67375.75890699292 99.13572844407153 232775.1053645633
41 67281.50741786252 99.0726433197259 232869.4199388181
42 67187.51811585878 99.01009436003569 232963.4717897815
43 67093.78924290577 98.94810587028783 233057.2626512243
44 67000.31898661902 98.88666395914872 233150.7943494222
45 66907.10555131182 98.82574608695336 233244.0687026016
46 66814.14718711704 98.76534259167666 233337.0874702916
47 66721.44218095682 98.7054501907637 233429.8523688527
48 66628.98885145805 98.64606599876339 233522.3650825435
49 66536.78552359049 98.58717668727557 233614.6272997226
50 66444.83055850562 98.52878220723787 233706.6406592875