Time X_A X1 X_B
0 100000 250 200000
1 98803.1761664697 529.8704951971322 200916.9533383331
2 97152.51483293009 606.24283072349 202491.2423363464
3 95586.93026500629 586.9528327867923 204076.1169022068
4 94084.08313863535 566.4329850619429 205599.4838763026
5 92643.01728597356 546.0386504983474 207060.944063528
6 91263.36727886587 525.7378195646481 208460.8949015694
7 89944.95131559279 505.4689103366098 209799.5797740705
8 88687.80298817321 485.1567634195284 211077.0402484071
9 87492.22229130534 464.7080905432427 212293.0696181512
10 86358.84581346413 444.0044629960982 213447.1497235396
11 85288.73774038689 422.8921167970264 214538.3701428159
12 84283.54696167937 401.1645843670304 215565.2884539534
13 83345.71171500377 378.5423342379522 216525.7459507581
14 82478.75232442185 354.6375625860362 217416.6101129919
15 81687.68227970687 328.9167124642425 218233.4010078287
16 80979.49427416653 300.6816173988378 218969.8241084344
17 80363.45933932217 269.1773276958776 219617.3633329817
18 79850.07896105017 234.1383274120972 220165.7827115375
19 79446.4191164896 197.1771444570334 220606.4037390531
20 79146.82526247058 163.138244911642 220940.0364926176
21 78927.73622433703 137.8151813699185 221184.4485942929
22 78757.97115009425 122.783716467944 221369.2451334376
23 78613.36973804832 115.2387338538304 221521.3915280977
24 78480.40124284165 111.7755583412542 221657.8231988169
25 78352.68946075164 110.2225685113061 221787.0879707369
26 78227.45755970974 109.4997597784138 221913.0426805117
27 78103.53806596974 109.1257355748029 222037.3361984553
28 77980.44732196887 108.8962631839162 222160.656414847
29 77857.98488959852 108.7267240674747 222283.2883863338
30 77736.06620275039 108.5824927216321 222405.3513045278
31 77614.65380809539 108.4495361951587 222526.8966557092
32 77493.72924115635 108.3221759273621 222647.948582916
33 77373.28167255844 108.1980918950709 222768.5202355463
34 77253.30345690496 108.0763529140054 222888.6201901808
35 77133.78819927851 107.9565779060938 223008.2552228152
36 77014.73031525784 107.8385751778797 223127.431109564
37 76896.12441181186 107.7222429619291 223246.1533452259
38 76777.96524075605 107.6075227902636 223364.4272364534
39 76660.24780034518 107.494367994997 223482.2578316595
40 76542.96714545526 107.3827370952332 223599.6501174492
41 76426.11844372471 107.2725921039862 223716.608964171
42 76309.69705625849 107.1638974980561 223833.1390462432
43 76193.69832635429 107.0566184821577 223949.2450551633
44 76078.11782902769 106.9507224979404 224064.9314484741
45 75962.95113541694 106.8461774076878 224180.2026871751
46 75848.19395393624 106.7429524735526 224295.06309359
47 75733.84211268842 106.6410181958709 224409.5168691155
48 75619.89145294859 106.540345507558 224523.5682015436
49 75506.33799188034 106.4409069391482 224637.2211011803
50 75393.17777198637 106.342675478849 224750.4795525346