Time X_A X1 X_B
0 100000 250 200000
1 99368.37395195007 184.2915833980371 200697.3344646519
2 99113.68553164211 90.22972596901329 201046.0847423889
3 99038.8815877508 60.62983093559223 201150.4885813137
4 98988.93201925285 56.84635205667872 201204.2216286905
5 98941.51601261947 56.45207835717956 201252.0319090233
6 98894.37079363264 56.41788896999415 201299.2113173972
7 98847.26388431352 56.42098716390516 201346.3151285224
8 98800.17133264359 56.42794821742827 201393.4007191388
9 98753.09066002494 56.43528967449887 201440.4740503004
10 98706.02163705575 56.442663794088 201487.5356991501
11 98658.96425426609 56.45003764188978 201534.5857080919
12 98611.91852550872 56.45740557714333 201581.624068914
13 98564.88446295996 56.46476732656956 201628.6507697134
14 98517.86210166891 56.47212212625986 201675.6657762047
15 98470.85148547879 56.479470122864 201722.6690443982
16 98423.85257480919 56.48681143316767 201769.6606137575
17 98376.86536966012 56.49414605717087 201816.6404842826
18 98329.88989885968 56.50147403627882 201863.6086271039
19 98282.92625798892 56.50879550777271 201910.5649465032
20 98235.97437735928 56.51611037156027 201957.5095122691
21 98189.03425697079 56.5234186276415 202004.4423244015
22 98142.10591284707 56.53072028507743 202051.3633668677
23 98095.18947584192 56.53801541786333 202098.2725087401
24 98048.28485979215 56.54530397727559 202145.1698362305
25 98001.39206469775 56.55258596331423 202192.0553493388
26 97954.51110312119 56.55986137731394 202238.9290355014
27 97907.64378222852 56.56713041127952 202285.7890873601
28 97860.78843742478 56.57439288835383 202332.6371696868
29 97813.94506870996 56.58164880853689 202379.4732824814
30 97767.11367608406 56.58889817182868 202426.297425744
31 97720.29425954708 56.59614097822922 202473.1095994746
32 97673.48681909901 56.60337722773849 202519.9098036731
33 97626.69135473987 56.6106069203565 202566.6980383396
34 97579.90786646966 56.61783005608325 202613.4743034741
35 97533.13635428836 56.62504663491874 202660.2385990766
36 97486.37681819597 56.63225665686297 202706.990925147
37 97439.62925819252 56.63946012191594 202753.7312816854
38 97392.89367427799 56.64665703007765 202800.4596686918
39 97346.17006645237 56.65384738134809 202847.1760861661
40 97299.45843471568 56.66103117572728 202893.8805341085
41 97252.7587790679 56.6682084132152 202940.5730125188
42 97206.07109950905 56.67537909381187 202987.253521397
43 97159.39539603911 56.68254321751728 203033.9220607433
44 97112.73166865809 56.68970078433142 203080.5786305575
45 97066.07991736601 56.6968517942543 203127.2232308396
46 97019.44014216283 56.70399624728592 203173.8558615898
47 96972.81234304857 56.71113414342629 203220.4765228079
48 96926.19652002324 56.71826548267538 203267.085214494
49 96879.59392737325 56.72539068530315 203313.6806819413
50 96833.00538819094 56.73251002710063 203360.2621017818