Time X_A X1 X_B
0 100000 250 200000
1 98804.4730449255 457.7607917946806 200987.7661632798
2 96656.51597437955 645.1254433689564 202948.3585822514
3 94570.36661218715 617.4376255081754 205062.1957623046
4 92614.23042706928 583.3955440190794 207052.3740289115
5 90788.09784096059 548.9227911092376 208912.97936793
6 89094.22440612612 513.6848603576182 210642.090733516
7 87537.06958616289 477.0237443802879 212235.9066694566
8 86124.6389640487 437.8802988002115 213687.4807371509
9 84870.79640188026 394.4656003012861 214984.7379978182
10 83799.43118331852 343.7434224966871 216106.8253941845
11 82949.32668646744 281.5592888594709 217019.1140246728
12 82364.12992616239 208.8096858847627 217677.0603879525
13 82029.07442746668 146.7611741340021 218074.164398399
14 81835.86041730894 116.2463109660402 218297.8932717247
15 81691.12597559131 106.5805809455254 218452.2934434628
16 81559.43965328677 104.0271363689699 218586.5332103438
17 81431.21815277013 103.3609245281468 218715.4209227013
18 81304.09657397306 103.1595196522357 218842.7439063743
19 81177.503841297 103.0702787802261 218969.4258799223
20 81051.30206379117 103.0081536144266 219095.689782594
21 80925.45679976251 102.9528228093926 219221.5903774276
22 80799.95819413128 102.8994616719059 219347.1423441964
23 80674.80226942377 102.8469537200552 219472.3507768557
24 80549.98639579523 102.7950045602729 219597.2185996441
25 80425.50778768159 102.7435488056284 219721.7486635123
26 80301.36338095479 102.6925632852317 219845.9440557596
27 80177.55287208443 102.6420462627568 219969.8050816524
28 80054.07238495444 102.5919807938264 220093.3356342513
29 79930.92402705566 102.5423758317296 220216.5335971122
30 79808.09837703707 102.4931946994936 220339.408428263
31 79685.60088358023 102.4444592767915 220461.9546571425
32 79563.4261749338 102.3961509209258 220584.1776741449
33 79441.57413110096 102.3482679940832 220706.0776009046
34 79320.04242422718 102.3008017095319 220827.6567740629
35 79198.82872645796 102.2537432805401 220948.9175302611
36 79077.93087297092 102.207085234863 221069.8620417938
37 78957.34847655712 102.1608344326991 221190.4906890098
38 78837.07827125506 102.1149745235995 221310.8067542209
39 78717.11811557329 102.0694982234305 221430.8123862029
40 78597.4658680204 102.0243982480583 221550.5097337311
41 78478.11938710493 101.9796673133493 221669.9009455813
42 78359.07929921189 101.9353173080139 221788.9853834797
43 78240.34240923217 101.8913336495987 221907.7662571178
44 78121.9066934899 101.8477098700684 222026.2455966396
45 78003.77026868002 101.8044404737244 222144.4252908458
46 77885.93125149747 101.7615199648679 222262.3072285372
47 77768.38936737456 101.7189475792235 222379.8916850458
48 77651.14258556408 101.6767173874537 222497.180697048
49 77534.18886588136 101.6348234324644 222614.1763106857
50 77417.52651304319 101.593260771544 222730.8802261848