Time X_A X1 X_B
0 100000 250 200000
1 99612.10229156882 117.8005848195845 200520.0971236116
2 99512.07142892889 70.18547883720098 200667.7430922339
3 99454.28022182971 64.17087056624359 200731.548907604
4 99400.43441277731 63.59048621272447 200785.9751010099
5 99346.97354383519 63.54390687921986 200839.4825492855
6 99293.56301207178 63.54806088639983 200892.8889270418
7 99240.17118540882 63.55700496479007 200946.2718096263
8 99186.79510043324 63.56639946530601 200999.6385001014
9 99133.43449594745 63.57582326091989 201052.9896807916
10 99080.08936946702 63.5852435856983 201106.3253869472
11 99026.75974330046 63.59465487388871 201159.6456018256
12 98973.44563483739 63.60405697168712 201212.9503081909
13 98920.147096371 63.61344914344676 201266.2394544855
14 98866.86420085553 63.62283157016384 201319.5129675742
15 98813.59688244577 63.63220433803289 201372.7709132161
16 98760.3451411417 63.64156744705388 201426.0132914112
17 98707.10897694333 63.65092089722683 201479.2401021594
18 98653.88860357621 63.66026493524062 201532.4511314885
19 98600.68389744472 63.66959941843726 201585.6465031368
20 98547.4948517072 63.67892433891985 201638.8262239538
21 98494.32146636365 63.68823969668839 201691.9902939396
22 98441.16387686336 63.6975455592728 201745.1385775773
23 98388.02211553363 63.70684194279026 201798.2710425235
24 98334.89610715899 63.71612880974114 201851.3877640312
25 98281.78585173941 63.72540616012544 201904.4887421004
26 98228.69180741382 63.73467405551021 201957.5735185306
27 98175.61529047813 63.74393267278594 202010.6407768489
28 98122.55473420028 63.75318180140724 202063.6920839982
29 98069.51013858026 63.76242144137413 202116.7274399782
30 98016.48150361805 63.7716515926866 202169.7468447892
31 97963.46882931367 63.78087225534463 202222.7502984309
32 97910.47211566713 63.79008342934825 202275.7378009034
33 97857.49136267843 63.79928511469745 202328.7093522068
34 97804.52657034753 63.80847731139222 202381.6649523409
35 97751.57773867447 63.81766001943257 202434.604601306
36 97698.64486765926 63.8268332388185 202487.5282991018
37 97645.72795730186 63.83599696955001 202540.4360457285
38 97592.82700760229 63.84515121162709 202593.327841186
39 97539.94201856056 63.85429596504976 202646.2036854743
40 97487.07299017665 63.863431229818 202699.0635785934
41 97434.21992245056 63.87255700593182 202751.9075205434
42 97381.38281538231 63.88167329339121 202804.7355113242
43 97328.56166897189 63.89078009219619 202857.5475509358
44 97275.7564832193 63.89987740234674 202910.3436393782
45 97222.96725812454 63.90896522384287 202963.1237766515
46 97170.19454186389 63.91804377141065 203015.8874143646
47 97117.44098149556 63.92711408192903 203068.6319044224
48 97064.70373208949 63.93617504101071 203121.3600928694
49 97011.9827936457 63.9452266486557 203174.0719797055
50 96959.27816616418 63.95426890486398 203226.7675649308