Time X_A X1 X_B
0 100000 250 200000
1 99589.03041767646 126.4240022680017 200534.5455800555
2 99470.99760937004 75.1998655610612 200703.802525069
3 99404.85883353181 67.59403914161604 200777.5471273267
4 99344.29039421226 66.75962763924959 200838.9499781485
5 99284.32868589775 66.67951318171067 200898.9918009206
6 99224.45087978058 66.67982483589402 200958.8692953836
7 99164.60161391534 66.68862793909378 201018.7097581456
8 99104.77508486662 66.69833595339375 201078.52657918
9 99044.970687491 66.70811973097898 201138.321192778
10 98985.18839257506 66.71790197257332 201198.0937054524
11 98925.42822436354 66.7276732354247 201257.8441024011
12 98865.69020193079 66.73743267622915 201317.572365393
13 98805.97438932095 66.74717886769776 201377.2784318113
14 98746.28084515502 66.75691201634079 201436.9622428287
15 98686.60951459699 66.76663230744172 201496.6238530956
16 98626.96039764685 66.77633974100054 201556.2632626122
17 98567.33362061936 66.78603448220359 201615.8803448985
18 98507.72920095707 66.79571655386113 201675.4750824891
19 98448.14708416624 66.80538588470972 201735.0475299491
20 98388.58727024686 66.81504247474938 201794.5976872784
21 98329.04995933719 66.82468649008446 201854.1253541728
22 98269.53507244441 66.83431786515503 201913.6306096905
23 98210.04258703152 66.84393658125653 201973.1134763873
24 98150.57271339328 66.85354270035113 202032.5737439064
25 98091.12711735221 66.86313671326414 202092.0097459346
26 98031.70414498998 66.87271813267778 202151.4231368774
27 97972.30379630659 66.882286958592 202210.8139167349
28 97912.92607130205 66.89184319100686 202270.182085507
29 97853.57096997635 66.90138682992233 202329.5276431938
30 97794.2384923295 66.9109178753384 202388.8505897952
31 97734.9286383615 66.9204363272551 202448.1509253113
32 97675.64140807233 66.9299421856724 202507.4286497421
33 97616.37680146201 66.93943545059032 202566.6837630875
34 97557.13481853054 66.94891612200885 202625.9162653475
35 97497.91545927791 66.95838419992799 202685.1261565222
36 97438.71872370412 66.96783968434775 202744.3134366116
37 97379.54461180918 66.97728257526812 202803.4781056156
38 97320.39312359308 66.98671287268911 202862.6201635343
39 97261.26425905582 66.9961305766107 202921.7396103676
40 97202.15801819741 67.0055356870329 202980.8364461156
41 97143.07440101785 67.01492820395573 203039.9106707782
42 97084.01523838013 67.02430934689248 203098.9604522731
43 97024.98053652792 67.03367912000198 203157.9857843522
44 96965.96883170847 67.04303654829813 203216.9881317433
45 96906.98012392178 67.05238163178095 203275.9674944465
46 96848.01441316788 67.06171437045043 203334.9238724617
47 96789.07169944675 67.07103476430657 203393.857265789
48 96730.1519827584 67.08034281334938 203452.7676744283
49 96671.25526310281 67.08963851757885 203511.6550983797
50 96612.38154048001 67.09892187699499 203570.5195376431