Time X_A X1 X_B
0 100000 250 200000
1 99576.92388905714 121.4223230315442 200551.6537879112
2 99471.91067707207 68.48242571065013 200709.6068972171
3 99415.82866808787 61.8199651276212 200772.3513667843
4 99364.07502547506 61.20745462061388 200824.7175199042
5 99312.71860036683 61.16054040041403 200876.1208592326
6 99261.41001332029 61.16457174146894 200927.4254149381
7 99210.11796406299 61.17315010228852 200978.7088858346
8 99158.83968107398 61.18213394240176 201029.9781849835
9 99107.57493468936 61.19114304614762 201081.2339222645
10 99056.3237242889 61.20014982634566 201132.4761258847
11 99005.08606528268 61.20914899875223 201183.7047857185
12 98953.86197894043 61.21813933959193 201234.9198817199
13 98902.65155205484 61.2271210001246 201286.121326945
14 98851.45474538725 61.23609411395304 201337.3091604987
15 98800.27155043089 61.24505871004177 201388.483390859
16 98749.10197827927 61.25401480306838 201439.6440069176
17 98697.94617333132 61.2629625840834 201490.7908640845
18 98646.80404700867 61.2719019358911 201541.9240510553
19 98595.67559931136 61.28083285849146 201593.0435678301
20 98544.56087218355 61.28975537466437 201644.1493724417
21 98493.45998093337 61.29866954703379 201695.2413495195
22 98442.37284261467 61.30757533055158 201746.3195820547
23 98391.29945722743 61.31647272521774 201797.3840700473
24 98340.24075247732 61.32536181140182 201848.4338857112
25 98289.19699516143 61.33424261221712 201899.4687622263
26 98238.16717893495 61.3431150404814 201950.4897060245
27 98187.15130379786 61.35197909619467 202001.4967171059
28 98136.14936975017 61.36083477935692 202052.4897954704
29 98085.16137679188 61.36968208996815 202103.4689411181
30 98034.18732492298 61.37852102802837 202154.4341540489
31 97983.22721414348 61.38735159353757 202205.3854342629
32 97932.28104445338 61.39617378649574 202256.3227817601
33 97881.34881585267 61.40498760690291 202307.2461965404
34 97830.43052834137 61.41379305475905 202358.1556786038
35 97779.52618191947 61.42259013006419 202409.0512279504
36 97728.63577658696 61.4313788328183 202459.9328445802
37 97677.75931234384 61.44015916302139 202510.8005284931
38 97626.89678919013 61.44893112067347 202561.6542796892
39 97576.04820712582 61.45769470577454 202612.4940981684
40 97525.21356615089 61.46644991832458 202663.3199839307
41 97474.39286626536 61.47519675832361 202714.1319369762
42 97423.58610746924 61.48393522577161 202764.9299573049
43 97372.79328976251 61.49266532066861 202815.7140449168
44 97322.01441314518 61.50138704301458 202866.4841998118
45 97271.2524765851 61.5101013278443 202917.237422087
46 97220.50533648688 61.51880750681575 202967.9758560063
47 97169.77246814527 61.52750541633343 203018.7000264384
48 97119.05387156026 61.53619505639734 203069.4099333833
49 97068.34954673184 61.54487642700748 203120.1055768411
50 97017.65949366003 61.55354952816386 203170.7869568118