Time X_A X1 X_B
0 100000 250 200000
1 99282.48927899753 266.8276731858078 200700.6830478166
2 98475.76826800467 296.0131701105881 201478.2185618847
3 97514.05429491604 345.663406774883 202390.2822983091
4 96345.44634251845 404.6962819976516 203499.8573754839
5 95053.84278860182 430.4144522164879 204765.7427591817
6 93781.9576354318 418.9506018689634 206049.0917626993
7 92603.08980426312 389.9663117670866 207256.9438839699
8 91555.13095829976 350.5148103005832 208344.3542313997
9 90677.13903767992 298.9604906986835 209273.9004716214
10 90023.41809337828 230.9254724409249 209995.6564341808
11 89634.37783048178 155.4059757981823 210460.21619372
12 89444.63770083924 106.3703848936547 210698.9919142671
13 89332.79448857336 89.33635375116744 210827.8691576754
14 89240.6321153395 85.11996860267556 210924.2479160578
15 89152.90235045028 84.17769352829731 211012.9199560214
16 89066.21306545859 83.96872694034793 211099.8182076011
17 88979.83073390645 83.9187608111619 211186.2505052824
18 88893.59769013085 83.90299634488618 211272.4993135243
19 88807.47997018044 83.89454584900541 211358.6254839706
20 88721.47022958368 83.8877002854712 211444.6420701309
21 88635.5667147567 83.88121262761868 211530.5520726157
22 88549.76890086175 83.87481720472647 211616.3562819335
23 88464.07644552209 83.86846242324434 211702.0550920547
24 88378.48909367048 83.86213690361663 211787.6487694259
25 88293.00684636651 83.85584107167178 211873.1373125618
26 88207.62924276805 83.84957037554666 211958.5211868564
27 88122.3564787856 83.84332675030274 212043.8001944641
28 88037.18793870261 83.83710810540308 212128.974953192
29 87952.12382996062 83.83091514517211 212214.0452548942
30 87867.16241839893 83.82474667556014 212299.0128349255
31 87782.30430556653 83.81860312163903 212383.8770913118
32 87697.54997498245 83.81248482507735 212468.6375401925
33 87612.89942664672 83.80639178587508 212553.2941815674
34 87528.35266055934 83.80032400403223 212637.8470154366
35 87443.90967672029 83.7942814795488 212722.2960418001
36 87359.56874249902 83.78826271125821 212806.6429947897
37 87275.32923716938 83.78226716135782 212890.8884956692
38 87191.19252655837 83.7762960132123 212975.0311774284
39 87107.15861066595 83.77034926682161 213059.0710400672
40 87023.22748949214 83.76442692218579 213143.0080835856
41 86939.39916303694 83.75852897930481 213226.8423079837
42 86855.67871811705 83.7526598556278 213310.5686220273
43 86772.0491942838 83.74680482250945 213394.2040008937
44 86688.52224325566 83.74097399843377 213477.7367827459
45 86605.09769207725 83.73516723320435 213561.1671406895
46 86521.77536779312 83.72938437662472 213644.4952478303
47 86438.55509744784 83.72362527849843 213727.7212772736
48 86355.43657669921 83.71788967974587 213810.845533621
49 86272.41676181264 83.71217505109163 213893.8710631362
50 86189.49783853853 83.70648319705158 213976.7956782644