Time X_A X1 X_B
0 100000 250 200000
1 99390.17664506177 202.0586514578254 200657.7647034804
2 99039.09750212106 130.3146711207511 201080.5878267581
3 98887.38735403032 87.10514784560549 201275.507498124
4 98797.80566373054 75.57067414801489 201376.6236621214
5 98720.18588806479 73.37985042881721 201456.4342615064
6 98644.69686218875 72.99973657106553 201532.3034012402
7 98569.61720397788 72.93911956188568 201607.4436764603
8 98494.649297767 72.93385490909128 201682.416847324
9 98419.7418190544 72.93812829188879 201757.3200526538
10 98344.88592429482 72.94401959798114 201832.1700561073
11 98270.08012604505 72.95018707167179 201906.9696868833
12 98195.32415931087 72.95638361666768 201981.7194570725
13 98120.61799594715 72.96257129726267 202056.4194327556
14 98045.96163726383 72.96874788681747 202131.0696148494
15 97971.3550894717 72.97490920276132 202205.6700013255
16 97896.79836079164 72.98105538823701 202280.2205838202
17 97822.29145612505 72.98718590426671 202354.7213579707
18 97747.83444247452 72.99330104315085 202429.1722564824
19 97673.42727264177 72.9994008270051 202503.5733265313
20 97599.06994662681 73.00548525582948 202577.9245681174
21 97524.76246442967 73.01155432962398 202652.2259812407
22 97450.50482605032 73.0176080483886 202726.4775659013
23 97376.29711959619 73.02364714775916 202800.6792332561
24 97302.13929985515 73.02967125024593 202874.8310288947
25 97228.03135710664 73.03568027468886 202948.9329626187
26 97153.97329135066 73.04167422108797 203022.9850344283
27 97079.96510258723 73.04765308944327 203096.9872443234
28 97006.00677365404 73.05361674255769 203170.9396096035
29 96932.0985143226 73.05956685736736 203244.8419188201
30 96858.24014330034 73.06550198459965 203318.6943547151
31 96784.43166704773 73.07142217590035 203392.4969107764
32 96710.67309202524 73.07732748291524 203466.2495804919
33 96636.96444868667 73.08321850203977 203539.9523328114
34 96563.30573878252 73.08909517798341 203613.6051660396
35 96489.6969553918 73.09495725857586 203687.2080873497
36 96416.1381052443 73.10080480157731 203760.7610899542
37 96342.62919506982 73.10663786474797 203834.2641670655
38 96269.17023159812 73.11245650584802 203907.7173118961
39 96195.76122155902 73.11826078263765 203981.1205176584
40 96122.40217168228 73.12405075287707 204054.4737775649
41 96049.0930886977 73.12982647432648 204127.777084828
42 95975.83397933508 73.13558800474605 204201.0304326602
43 95902.62485032417 73.141335401896 204274.233814274
44 95829.46570839478 73.14706872353653 204347.3872228817
45 95756.35656027672 73.15278802742782 204420.4906516959
46 95683.29741269974 73.15849337133007 204493.544093929
47 95610.28827239365 73.16418481300347 204566.5475427934
48 95537.32914608823 73.16986241020822 204639.5009915016
49 95464.42004051326 73.17552622070453 204712.4044332661
50 95391.56096239854 73.18117630225257 204785.2578612993