Time X_A X1 X_B
0 100000 250 200000
1 99454.36075457773 139.0262610470496 200656.6129843751
2 99318.36895995717 64.68438428025398 200866.9466557624
3 99266.54780254138 54.33099860193673 200929.1211988566
4 99221.38368664395 53.47783575593052 200975.1384776
5 99176.73843714193 53.41771555812132 201019.8438472999
6 99132.14212135115 53.4197156489131 201064.4381629999
7 99087.55822411882 53.42655558548555 201109.0152202957
8 99042.98390935161 53.4337604396661 201153.5823302087
9 98998.41897719628 53.44098809458296 201198.1400347091
10 98953.86342555928 53.44821555110095 201242.6883588896
11 98909.31602715852 53.45543891300623 201287.2285339285
12 98864.79542942386 53.46264926383875 201331.7419213123
13 98820.29174419497 53.46985274672639 201376.2384030583
14 98775.78805896606 53.47705622961403 201420.7348848043
15 98731.28437373717 53.48425971250167 201465.2313665503
16 98686.84322424362 53.49142852837182 201509.665347228
17 98642.35370176108 53.49862416006569 201554.1476740788
18 98597.87366175934 53.50581453509589 201598.6205237056
19 98553.40316586052 53.51299788848463 201643.083836251
20 98508.94224602767 53.52017330474777 201687.5375806676
21 98464.49085139901 53.52734224066619 201731.9818063603
22 98420.04898197453 53.53450469623987 201776.4165133292
23 98375.61663775422 53.54166067146883 201820.8417015743
24 98331.19386031601 53.54881078588399 201865.2573288981
25 98286.78078282259 53.55595702367403 201909.6632601537
26 98242.37729476352 53.56309773817986 201954.0596074983
27 98197.98339613878 53.57023292940148 201998.4463709318
28 98153.59908694839 53.57736259733889 202042.8235504543
29 98109.22436719235 53.58448674199209 202087.1911460657
30 98064.85944936685 53.59160578395262 202131.5489448492
31 98020.50419665535 53.59871945242086 202175.8970838922
32 97976.15860361552 53.60582773662488 202220.2355686478
33 97931.82267024736 53.61293063656468 202264.5643991161
34 97887.49639655087 53.62002815224027 202308.8835752969
35 97843.18044592085 53.6271203455752 202353.1924337335
36 97798.87453212873 53.63420718985191 202397.4912606814
37 97754.57839544455 53.64128866082631 202441.7803158946
38 97710.29203586833 53.6483647584984 202486.0595993731
39 97666.01545340006 53.65543548286818 202530.329111117
40 97621.74864803975 53.66250083393565 202574.5888511263
41 97577.49161978738 53.66956081170082 202618.8388194009
42 97533.24436864298 53.67661541616367 202663.0790159408
43 97489.00689460653 53.68366464732421 202707.3094407461
44 97444.77919767803 53.69070850518246 202751.5300938167
45 97400.56127785749 53.69774698973838 202795.7409751527
46 97356.35313514489 53.704780100992 202839.9420847541
47 97312.15476954026 53.71180783894331 202884.1334226208
48 97267.96618104356 53.71883020359231 202928.3149887528
49 97223.78736965483 53.725847194939 202972.4867831502
50 97179.61888346227 53.73285891161746 203016.6482576261