Time X_A X1 X_B
0 100000 250 200000
1 99424.63940142392 248.8638183848315 200576.4967801912
2 98868.10114585405 241.8006211120108 201140.0982330339
3 98356.51905615734 226.0136433532433 201667.4673004894
4 97921.2436888013 200.4309606993895 202128.3253504993
5 97584.00255961892 169.3554022625794 202496.6420381186
6 97338.04784394719 142.2860009094721 202769.6661551435
7 97152.71815684924 125.3071834529881 202971.9746596979
8 96998.23446928849 116.9407551316786 203134.8247755799
9 96857.28280209102 113.3262636422415 203279.3909342667
10 96721.97422103482 111.8407592871348 203416.185019678
11 96589.07155964187 111.224775006881 203549.7036653512
12 96457.30209041861 110.9501401852051 203681.7477693962
13 96326.17397258135 110.8073060930134 203813.0187213256
14 96195.49808464857 110.7151043050969 203943.7868110463
15 96065.20131574721 110.6425074702918 204074.1561767825
16 95935.25452152599 110.5776963025609 204204.1677821715
17 95805.64516330618 110.5161676822696 204333.8386690115
18 95676.36726949786 110.4563067801901 204463.1764237219
19 95547.41699341527 110.397458764384 204592.1855478204
20 95418.79150171849 110.3393596085574 204720.869138673
21 95290.48831568171 110.2819187921725 204849.2297655261
22 95162.50510437312 110.2250969569054 204977.26979867
23 95034.83961411641 110.1688715202462 205104.9915143634
24 94907.48965904959 110.1132278045661 205232.3971131459
25 94780.45307410162 110.0581539217238 205359.4887719767
26 94653.72772750664 110.0036392702611 205486.2686332231
27 94527.31154078034 109.9496739571545 205612.7387852626
28 94401.20246415076 109.8962484790293 205738.9012873703
29 94275.39846243587 109.8433535339149 205864.7581840303
30 94149.89754234441 109.7909801344138 205990.3114775213
31 94024.69775426951 109.7391195693737 206115.5631261612
32 93899.79715644382 109.6877632564485 206240.5150802998
33 93775.19383689664 109.6369028210083 206365.1692602824
34 93650.88467012356 109.586526342058 206489.5288035345
35 93526.86678632472 109.5366240498182 206613.5965896256
36 93403.14162409591 109.4872004261599 206737.371175478
37 93279.70558527777 109.4382401255218 206860.8561745968
38 93156.55582060419 109.3897309962495 206984.0544483997
39 93033.69468674206 109.3416830891422 207106.9636301689
40 92911.11991778285 109.2940864618506 207229.5859957554
41 92788.82163090662 109.246897750556 207351.9314713429
42 92666.80932930281 109.2001586533353 207473.990512044
43 92545.0777854788 109.1538452437762 207595.7683692775
44 92423.6252062245 109.1079496033009 207717.2668441723
45 92302.45015656175 109.0624654831174 207838.4873779553
46 92181.55042690315 109.0173830238353 207959.4321900731
47 92060.92471383787 108.9726992468694 208080.1025869154
48 91940.57175568715 108.9284114905157 208200.4998328224
49 91820.48895200771 108.8845069275258 208320.6265410649
50 91700.67434681639 108.8409776241837 208440.4846755595