Time X_A X1 X_B
0 100000 250 200000
1 99602.79930469675 112.1776782487874 200535.0230170544
2 99505.38677604243 67.35784788781756 200677.2553760697
3 99447.11679032991 62.42432384245505 200740.4588858276
4 99392.09200272316 62.00612112019064 200795.9018761567
5 99337.35372391493 61.97943757520991 200850.6668385098
6 99282.65455725258 61.98577755423491 200905.3596651931
7 99227.97373781998 61.99489533316718 200960.0313668468
8 99173.30953222603 62.00423071851242 201014.6862370554
9 99118.66182947803 62.01357400634904 201069.3245965156
10 99064.03063912736 62.0229119569826 201123.9464489157
11 99009.4159799186 62.03224059238602 201178.551779489
12 98954.81787894962 62.04155893675469 201233.1405621136
13 98900.23645383133 62.05086722842356 201287.7126789403
14 98845.67162858174 62.0601656133801 201342.2682058049
15 98791.12340320085 62.0694540916243 201396.8071427075
16 98736.59178555907 62.07873267303277 201451.3294817679
17 98682.07696678385 62.0880015974513 201505.8350316187
18 98627.57882911923 62.09726071710795 201560.3239101637
19 98573.09737256521 62.10651003200272 201614.7961174028
20 98518.63260644511 62.11574954717036 201669.2516440077
21 98464.18474213331 62.12497937675627 201723.69027849
22 98409.75364915482 62.13419945030196 201778.1121513949
23 98355.33932750968 62.14340976780744 201832.5172627225
24 98300.94189060073 62.15261034465886 201886.9054990546
25 98246.56331544803 62.16180144909217 201941.2748831029
26 98192.20172404911 62.17098282630582 201995.6272931246
27 98137.85711640399 62.1801544762998 202049.9627291198
28 98083.52949251267 62.18931639907412 202104.2811910883
29 98029.21885237512 62.19846859462878 202158.5826790303
30 97974.92519599138 62.20761106296377 202212.8671929457
31 97920.64852336142 62.2167438040791 202267.1347328345
32 97866.38883448526 62.22586681797477 202321.3852986968
33 97812.1461293629 62.23498010465077 202375.6188905325
34 97757.92040799432 62.24408366410712 202429.8355083416
35 97703.71167037953 62.2531774963438 202484.0351521242
36 97649.51991651853 62.26226160136081 202538.2178218801
37 97595.34514641133 62.27133597915816 202592.3835176095
38 97541.18736005793 62.28040062973585 202646.5322393124
39 97487.04655745831 62.28945555309387 202700.6639869886
40 97432.92273861248 62.29850074923224 202754.7787606383
41 97378.81590352044 62.30753621815094 202808.8765602614
42 97324.7260521822 62.31656195984997 202862.957385858
43 97270.65318459776 62.32557797432935 202917.021237428
44 97216.59880781583 62.33458485670553 202971.0666073275
45 97162.5638140736 62.34358295931285 203025.0926029671
46 97108.54616802049 62.35257147841448 203079.1012605011
47 97054.54586965653 62.36155041401037 203133.0925799295
48 97000.56291898171 62.37051976610055 203187.0665612522
49 96946.59731599603 62.37947953468502 203241.0232044693
50 96892.64906069949 62.38842971976376 203294.9625095808