Time X_A X1 X_B
0 100000 250 200000
1 98844.65728372308 426.1993976546549 200979.1433186223
2 96833.30331282153 603.0742370796831 202813.6224500988
3 94849.46972255016 579.8983603384972 204820.6319171113
4 92988.32982681267 547.7951474767108 206713.8750257107
5 91251.33925181688 514.858987134736 208483.8017610484
6 89642.32951127406 480.7079953453962 210126.9624933805
7 88168.15416510623 444.4341081352745 211637.4117267585
8 86840.8818710644 404.4386169780595 213004.6795119575
9 85682.18646038526 357.7471331395278 214210.0664064752
10 84731.60827111294 298.9063217035003 215219.4854071836
11 84052.50429648625 222.0939482427707 215975.4017552711
12 83679.36062864594 142.8332978905765 216427.8060734636
13 83504.5407862479 100.3229404766776 216645.1362732755
14 83392.84323793734 88.35407532401662 216768.8026867387
15 83294.80268980046 85.80991449099729 216869.3873957086
16 83199.55801842263 85.29883627300141 216965.1431453044
17 83104.97353572132 85.18882352442033 217059.8376407544
18 83010.63670956015 85.15636016279826 217154.2069302771
19 82916.46800357223 85.13885046691921 217248.393145961
20 82822.45181841127 85.12423547914861 217342.4239461097
21 82728.58489159108 85.11025074665288 217436.3048576624
22 82634.86623163742 85.09643430812866 217530.0373340546
23 82541.29516945514 85.08270629999735 217623.622124245
24 82447.87123777517 85.06905186521756 217717.0597103597
25 82354.59420134612 85.05546968519293 217810.3503289688
26 82261.46351604657 85.04195588026344 217903.4945280733
27 82168.47900218666 85.02851093097536 217996.4924868825
28 82075.64005665647 85.01513298313526 218089.3448103605
29 81982.94537709992 85.00182115235123 218182.0528017478
30 81890.39401789255 84.98857438640432 218274.6174077211
31 81797.98734017092 84.97539419986373 218367.0372656293
32 81705.72534393502 84.96228059272946 218459.3123754724
33 81613.60802918486 84.94923356500152 218551.4427372502
34 81521.63334160652 84.93625021716097 218643.4304081764
35 81429.79952761134 84.9233280741413 218735.2771443146
36 81338.10870365803 84.91047012317449 218826.9808262189
37 81246.56086974662 84.89767636426053 218918.5414538892
38 81155.15602587712 84.88494679739944 219009.9590273256
39 81063.89827160108 84.87228695772119 219101.2294414413
40 80972.77002917744 84.85967311212228 219192.3702977105
41 80881.78427151359 84.84712277635474 219283.3686057102
42 80790.94063665099 84.83463546170961 219374.2247278874
43 80700.23876263111 84.82221067947796 219464.9390266895
44 80609.6769274073 84.80984606311378 219555.5132265297
45 80519.25289287313 84.79753853356117 219645.9495685934
46 80428.96842098451 84.78529053454274 219736.2462884811
47 80338.82306136163 84.77310145526864 219826.4038371832
48 80248.81636362463 84.760970684949 219916.4226656905
49 80158.9478773937 84.74889761279394 220006.3032249936
50 80069.21715228897 84.73688162801362 220096.0459660831