Time X_A X1 X_B
0 100000 250 200000
1 99582.47672070017 135.4275387760455 200532.0957405238
2 99461.26179485963 73.11708104387279 200715.6211240965
3 99405.75168849243 61.59505108831635 200782.6532604193
4 99358.10104905882 60.15013012545611 200831.7488208158
5 99311.37203200893 59.98575383620631 200878.6422141549
6 99264.76144217516 59.97322393534464 200925.2653338895
7 99218.17521014444 59.97853124188617 200971.8462586137
8 99171.60232297334 59.98593342130471 201018.4117436054
9 99125.0414922146 59.99356804875637 201064.9649397366
10 99078.49258845407 60.00122221178754 201111.5061893341
11 99031.95560909368 60.00887515133604 201158.0355157549
12 98985.43056785755 60.01652173743767 201204.552910405
13 98938.9174766988 60.02416180401164 201251.0583614972
14 98892.41636675793 60.03179464722488 201297.5518385948
15 98845.92728935924 60.03942038356883 201344.0332902572
16 98799.45020051858 60.04703914945858 201390.5027603319
17 98752.98510023595 60.05465094489415 201436.9602488191
18 98706.53198851133 60.06225576987551 201483.4057557188
19 98660.091008654 60.06985381728445 201529.8391375287
20 98613.6620720528 60.07744496785807 201576.2604829793
21 98567.24517823003 60.08502922095345 201622.669792549
22 98520.84032718572 60.0926065765706 201669.0670662377
23 98474.44762170622 60.1001770960373 201715.4522011977
24 98428.06705716114 60.10774077659083 201761.8252020623
25 98381.69859555826 60.11529759556302 201808.1861068462
26 98335.34223689759 60.12284755295386 201854.5349155494
27 98288.99863721404 60.13039073575472 201900.8709720502
28 98242.66835142723 60.13792721754886 201947.1937213552
29 98196.35031914389 60.14545685772634 201993.5042239983
30 98150.04454036408 60.15297965628717 202039.8024799796
31 98103.75101508774 60.16049561323133 202086.088489299
32 98057.4697433149 60.16800472855883 202132.3622519565
33 98011.20072504555 60.17550700226968 202178.6237679522
34 97964.94396027971 60.18300243436385 202224.8730372859
35 97918.69944901735 60.19049102484137 202271.1100599578
36 97872.46719125849 60.19797277370223 202317.3348359678
37 97826.24718700311 60.20544768094643 202363.5473653159
38 97780.03943625125 60.21291574657396 202409.7476480022
39 97733.84393900288 60.22037697058484 202455.9356840265
40 97687.66069525799 60.22783135297905 202502.111473389
41 97641.4897050166 60.2352788937566 202548.2750160896
42 97595.33096827872 60.2427195929175 202594.4263121283
43 97549.18448504432 60.25015345046172 202640.5653615052
44 97503.05025531341 60.2575804663893 202686.6921642202
45 97456.92827908602 60.26500064070021 202732.8067202733
46 97410.81855636209 60.27241397339446 202778.9090296645
47 97364.72108714168 60.27982046447205 202824.9990923938
48 97318.63587142476 60.28722011393297 202871.0769084613
49 97272.56290921132 60.29461292177724 202917.1424778669
50 97226.5031699672 60.30199926414743 202963.1948307686