Time X_A X1 X_B
0 100000 250 200000
1 99328.88569542236 241.9577624876705 200679.1565420899
2 98732.01145159366 216.0856151435015 201301.9029332629
3 98293.32246978368 165.5800453719504 201791.0974848444
4 98052.78747044498 111.0850455582385 202086.1274839967
5 97930.72082095746 83.75338791847251 202235.525791124
6 97845.18479705295 75.90846626615938 202328.9067366808
7 97768.11005135076 74.09952438659747 202407.7904242626
8 97692.91518040933 73.70766371435094 202483.3771558763
9 97618.16835212338 73.62569094545266 202558.2059569311
10 97543.56219481716 73.61032577391984 202632.8274794089
11 97469.03098142891 73.60921585173179 202707.3598027194
12 97394.56063071624 73.61112744193325 202781.8282418418
13 97320.14815595766 73.61368779472906 202856.2381562476
14 97245.79288676965 73.61637761222153 202930.5907356181
15 97171.49466329857 73.61908720040358 203004.886249501
16 97097.25341004081 73.62179332759389 203079.1247966315
17 97023.06912826239 73.62449486360657 203153.306376874
18 96948.94177484023 73.6271893840475 203227.4310357756
19 96874.87133813162 73.62987620720484 203301.4987856611
20 96800.85779611944 73.6325555169164 203375.5096483636
21 96726.90111269336 73.63522673810526 203449.4636605685
22 96653.00120020549 73.63789026370428 203523.3609095307
23 96579.15787610882 73.64054619880514 203597.2015776923
24 96505.37133992391 73.64319442854456 203670.9854656475
25 96431.64159165077 73.6458349529225 203744.7125733962
26 96357.96863128939 73.64846777193898 203818.3829009386
27 96284.35245883977 73.65109288559401 203891.9964482746
28 96210.79307430192 73.65371029388757 203965.5532154041
29 96137.29035712479 73.65632018566362 204039.0533226895
30 96063.8439187606 73.65892316958468 204112.4971580697
31 95990.45412090459 73.6615186790529 204185.8843604163
32 95917.12096355676 73.66410671406828 204259.2149297291
33 95843.84444671712 73.6666872746308 204332.4888660081
34 95770.62457038568 73.66926036074048 204405.7061692535
35 95697.46133456242 73.67182597239731 204478.8668394651
36 95624.35600390838 73.67438248663133 204551.9696136049
37 95551.30484531808 73.67693469422674 204625.0182199876
38 95478.31030041822 73.67947946178515 204698.0102201199
39 95405.37234541663 73.68201681983965 204770.9456377634
40 95332.49095652111 73.68454679892334 204843.8244966799
41 95259.66610993944 73.68706942956932 204916.6468206309
42 95186.89778187944 73.68958474231071 204989.4126333781
43 95114.18592333772 73.69209279245094 205062.1219838698
44 95041.52968606372 73.69459442056454 205134.7757195156
45 94968.92977956016 73.69708893671248 205207.373131503
46 94896.38617498033 73.69957637639401 205279.9142486432
47 94823.89884347749 73.70205677510835 205352.3990997473
48 94751.46775620496 73.70453016835474 205424.8277136266
49 94679.09288431599 73.7069965916324 205497.2001190923
50 94606.77419896387 73.7094560804406 205569.5163449556