Time X_A X1 X_B
0 100000 250 200000
1 99518.56608185144 226.2054166933453 200505.2285014552
2 99119.8125702285 198.8892030503185 200931.2982267212
3 98803.40894340324 172.5572555449063 201274.0338010519
4 98554.22038820953 151.8291091263128 201543.9505026641
5 98349.91530943682 138.3969403118225 201761.6877502514
6 98171.21571684263 130.8794618885103 201947.9048212688
7 98005.82511080467 127.0198765263083 202117.155012669
8 97847.12376002634 125.1030764286097 202277.7731635451
9 97691.84985150985 124.1385345935303 202434.0116138966
10 97538.46466207909 123.6221099610532 202587.9132279598
11 97386.25740076503 123.312416508105 202740.4301827268
12 97234.90208328982 123.0974887925943 202892.0004279175
13 97084.2483761327 122.9262743693838 203042.8253494978
14 96934.22519994309 122.775736921977 203192.9990631348
15 96784.79709964101 122.6355855835058 203342.5673147754
16 96635.94436705725 122.5011895442611 203491.5544433984
17 96487.65447488497 122.3704930515279 203639.9750320634
18 96339.9180314667 122.2425440533029 203787.8394244799
19 96192.72716151395 122.1169293850695 203935.1559091009
20 96046.07480943034 121.9934248718011 204081.9317656978
21 95899.95444673863 121.8718935844674 204228.1736596768
22 95754.35961205552 121.7522529043361 204373.8881350401
23 95609.28421571635 121.6344419615714 204519.081342322
24 95464.72219705505 121.5184057181868 204663.7593972267
25 95320.66776670073 121.4040949430686 204807.9281383561
26 95177.11521671966 121.2914631865562 204951.5933200937
27 95034.05899520211 121.1804663433929 205094.7605384544
28 94891.49371953722 121.0710624681219 205237.4352179946
29 94749.41406211861 120.9632108159765 205379.6227270653
30 94607.81491838572 120.8568728318367 205521.3282087824
31 94466.69119567523 120.7520106913092 205662.5567936334
32 94326.03802631439 120.6485886562262 205803.3133850293
33 94185.85055339285 120.5465716346426 205943.6028749724
34 94046.124113564 120.4459263103528 206083.4299601256
35 93906.85408632492 120.3466201761968 206222.7992934988
36 93768.03597943902 120.2486219821954 206361.7153985787
37 93629.66541032385 120.1519016843201 206500.1826879917
38 93491.73803645458 120.056429850491 206638.2055336948
39 93354.24969733959 119.9621786724606 206775.7881239878
40 93217.19620504316 119.8691204790724 206912.9346744777
41 93080.57358017385 119.7772293226067 207049.6491905034
42 92944.37781752391 119.6864793903712 207185.9357030856
43 92808.60505873086 119.5968461242244 207321.7980951448
44 92673.25151223573 119.5083056804261 207457.2401820837
45 92538.31341603631 119.4208346706037 207592.2657492929
46 92403.78716181393 119.3344109451534 207726.8784272408
47 92269.66913868817 119.2490125653075 207861.0818487463
48 92135.9558264909 119.1646184250726 207994.8795550839
49 92002.64380815435 119.0812082334717 208128.2749836121
50 91869.72966834583 118.9987619701595 208261.2715696839