Time X_A X1 X_B
0 100000 250 200000
1 99581.79891019905 136.8026276320079 200531.398462169
2 99449.66026619155 78.93648547920377 200721.4032483293
3 99382.51066053406 67.91950330860277 200799.5698361574
4 99323.80801630214 66.45336345156639 200859.7386202464
5 99266.17232124548 66.27636840753777 200917.551310347
6 99208.68821135504 66.26203413817257 200975.0497545069
7 99151.24158898969 66.26802584293441 201032.4903851674
8 99093.81823217236 66.27653088535835 201089.9052369424
9 99036.41640504856 66.28534667116575 201147.2982482803
10 98979.03590742996 66.29418700619075 201204.6699055639
11 98921.67674126181 66.30302083125773 201262.020237907
12 98864.33892531357 66.31184510883431 201319.3492295777
13 98807.02247161904 66.3206582005066 201376.6568701805
14 98749.72741806369 66.32945918875136 201433.9431227476
15 98692.45383448874 66.33824849698381 201491.2079170143
16 98635.20178413195 66.34702609975125 201548.4511897684
17 98577.97118655685 66.35579202942871 201605.6730214138
18 98520.76204176345 66.36454628601624 201662.8734119506
19 98463.57434975173 66.37328886951379 201720.0523613788
20 98406.40819226355 66.38201988132953 201777.2097878551
21 98349.26374184243 66.39073953551913 201834.3455186221
22 98292.14084370379 66.39944764005847 201891.4597086562
23 98235.03949784764 66.40814419494754 201948.5523579574
24 98177.95970427399 66.41682920018634 202005.6234665258
25 98120.90150661468 66.42550269060951 202062.6729906948
26 98063.86517233605 66.43416487975568 202119.7006627842
27 98006.8505003169 66.44281560705458 202176.7066840761
28 97949.85749055723 66.45145487250619 202233.6910545703
29 97892.88614305704 66.46008267611052 202290.6537742669
30 97835.93645781632 66.46869901786754 202347.5948431659
31 97779.01053566548 66.47730471099223 202404.5121596236
32 97722.10649012927 66.48589902524482 202461.4076108455
33 97665.22431728296 66.49448195910608 202518.281200758
34 97608.36401712657 66.50305351257603 202575.1329293609
35 97551.5255896601 66.51161368565465 202631.9627966543
36 97494.70903488353 66.52016247834196 202688.7708026382
37 97437.91435279688 66.52869989063794 202745.5569473126
38 97381.14154340014 66.53722592254259 202802.3212306774
39 97324.39060669331 66.54574057405593 202859.0636527327
40 97267.6615426764 66.55424384517795 202915.7842134785
41 97210.9543513494 66.56273573590863 202972.4829129147
42 97154.26903271231 66.57121624624801 203029.1597510415
43 97097.60558676514 66.57968537619605 203085.8147278587
44 97040.96401350788 66.58814312575278 203142.4478433664
45 96984.34431294054 66.59658949491819 203199.0590975646
46 96927.74648506311 66.60502448369228 203255.6484904533
47 96871.17052987558 66.61344809207503 203312.2160220324
48 96814.61644737796 66.62186032006647 203368.761692302
49 96758.08423757028 66.63026116766659 203425.2855012621
50 96701.57717190179 66.63865325809338 203481.7841748402