Time X_A X1 X_B
0 100000 250 200000
1 99395.39333915782 217.4160594388993 200637.1906014033
2 98965.34109646319 167.8819270867682 201116.7769764501
3 98708.05473228481 125.692039577247 201416.2532281379
4 98542.98630008759 106.0800546415276 201600.9336452709
5 98409.03049205424 99.84324151066683 201741.126266435
6 98283.81557994132 98.12764059719079 201868.0567794614
7 98161.03754311547 97.66782780406001 201991.2946290804
8 98039.04147235367 97.53688009079443 202113.4216475554
9 97917.40109061805 97.49054526821052 202235.1083641136
10 97796.00708653887 97.46589911697211 202356.5270143441
11 97674.83112542122 97.4468379705382 202477.7220366082
12 97553.86551480705 97.42926658720056 202598.7052186057
13 97433.10785401662 97.41217853910047 202719.4799674442
14 97312.55698257139 97.39528866915322 202840.0477287594
15 97192.21209380156 97.37853627144108 202960.4093699269
16 97072.07172696853 97.36190085848584 203080.5663721729
17 96952.13623217517 97.34538370107597 203200.5183841237
18 96832.40425141412 97.32897891121905 203320.2667696746
19 96712.87558640464 97.31268562921761 203439.8117279661
20 96593.54977050466 97.29650318187515 203559.1537263134
21 96474.42549660752 97.28042810184319 203678.2940752906
22 96355.50297082627 97.26446150145512 203797.2325676722
23 96236.77741213518 97.2485961068848 203915.9739917578
24 96118.25215685606 97.23283699399379 204034.5150061499
25 95999.92720498891 97.21718416278209 204152.8556108482
26 95881.80255653373 97.20163761324969 204270.9958058529
27 95763.87575431015 97.18619267954681 204388.9380530102
28 95646.14335982077 97.17084283243666 204506.6857973467
29 95528.60869051723 97.15559437130663 204624.2357151114
30 95411.27174639951 97.14044729615674 204741.5878063042
31 95294.13252746762 97.12540160698696 204858.7420709253
32 95177.19292243803 97.11046066306287 204975.6966168988
33 95060.43586789096 97.09559411543611 205092.4685379935
34 94943.87559480025 97.08082727527501 205209.0435779244
35 94827.51152783501 97.06615911929775 205325.4223130456
36 94711.34309166441 97.05158862422257 205441.6053197112
37 94595.36428119217 97.0371051118214 205557.5986136959
38 94479.57791465418 97.02271359308868 205673.3993717526
39 94363.98377432804 97.00841368062478 205789.0078119912
40 94248.5811561279 96.99420412220202 205904.4246397497
41 94133.36935596792 96.98008366559272 206019.6505603663
42 94018.34766976225 96.96605105856921 206134.686279179
43 93903.51539342504 96.95210504890379 206249.5325015259
44 93788.87182287042 96.93824438436879 206364.1899327451
45 93674.41625401257 96.92446781273652 206478.6592781746
46 93560.1479827656 96.91077408177934 206592.9412431525
47 93446.0663050437 96.89716193926951 206707.0365330169
48 93332.17308239038 96.88363820859922 206820.9432794009
49 93218.46654724181 96.87019829011894 206934.6632544679
50 93104.94542481945 96.85683913527861 207048.1977360451