Time X_A X1 X_B
0 100000 250 200000
1 98187.52732355424 751.6707109843586 201310.8019654613
2 95306.81008619779 838.0827387064827 204105.1071750956
3 92649.1143191772 793.9573566901505 206806.9283241325
4 90148.71440538549 750.4552341631621 209350.8303604512
5 87803.6593015846 707.4065293246197 211738.9341690906
6 85613.03619823589 664.488642477145 213972.4751592868
7 83577.41769999237 621.2527196253062 216051.3295803822
8 81699.53122037588 577.0372632336869 217973.4315163902
9 79985.49693471023 530.781464891762 219733.7216003978
10 78447.2339593245 480.6239298516438 221322.1421108236
11 77107.58707008032 422.9968886556434 222719.4160412637
12 76011.16437785128 350.8086228368442 223888.0269993116
13 75237.54926462111 254.1539841361205 224758.2967512425
14 74843.08614684161 150.0256081716076 225256.8882449865
15 74688.97791054467 96.51391388701185 225464.5081755681
16 74600.63959794281 83.50100152630219 225565.8594005307
17 74524.0095424926 81.16255639658712 225644.8279011106
18 74449.39575892584 80.76540414902949 225719.8388369249
19 74375.19201452639 80.69431753937015 225794.113667934
20 74301.13326215133 80.67716056356049 225868.1895772849
21 74227.17573605399 80.66889251077416 225942.155371435
22 74153.31212835807 80.66211646348327 226016.0257551782
23 74079.5410824993 80.65559843950557 226089.8033190609
24 74005.86221518046 80.64913991833639 226163.4886449009
25 73932.2752624017 80.64270952772613 226237.0820280703
26 73858.78014718687 80.63630559614346 226310.5835472167
27 73785.37666203885 80.62992409006365 226383.9934138708
28 73712.06467234074 80.62356527838674 226457.3117623806
29 73638.84404780701 80.61722835150013 226530.5387238412
30 73565.71361386134 80.61091286164407 226603.6754732768
31 73492.67395982407 80.60461922898345 226676.7214209467
32 73419.72526555404 80.59834758175143 226749.676386864
33 73346.86753105128 80.592097919948 226822.5403710285
34 73274.10075631579 80.58587024357317 226895.3133734404
35 73201.42372588909 80.5796636944452 226967.9966104162
36 73128.83617894785 80.57347808840822 227040.5903429635
37 73056.33886679834 80.56731395592652 227113.0938192455
38 72983.93178944058 80.56117129700013 227185.5070392622
39 72911.61494687459 80.55505011162901 227257.8300030135
40 72839.39081189898 80.54895219127299 227330.0602359095
41 72767.25017160039 80.54287086148494 227402.2069575379
42 72695.19957067225 80.53681086367602 227474.2636184638
43 72623.23885797251 80.53077208834885 227546.2303699389
44 72551.36788235905 80.52475442600604 227618.1073632147
45 72479.58646715351 80.51875774810659 227689.8947750982
46 72407.89231794077 80.51278034681361 227761.5949017122
47 72336.28696725647 80.50682336822739 227833.2062093751
48 72264.77022944798 80.50088667711444 227904.7288838747
49 72193.34191886269 80.49497013824126 227976.1631109988
50 72122.00184984799 80.48907361637433 228047.5090765354