Time X_A X1 X_B
0 100000 250 200000
1 99771.23696584693 81.44757342355229 200397.3154607296
2 99725.62824807288 54.71109615285799 200469.6606557744
3 99693.05304533384 52.63249993872219 200504.3144547275
4 99661.34015366297 52.49149933731584 200536.1683469998
5 99629.69084648164 52.48717015129802 200567.8219833671
6 99598.04963023389 52.49239392207298 200599.4579758441
7 99566.4126379488 52.49828790500596 200631.0890741463
8 99534.77960187338 52.50422216559815 200662.7161759611
9 99503.15051099057 52.51015969719213 200694.3393293124
10 99471.52360845331 52.51609659408987 200725.9602949527
11 99439.90534494484 52.52202826880949 200757.5726267865
12 99408.30674554098 52.52795171211115 200789.165302747
13 99376.70814613711 52.53387515541282 200820.7579787076
14 99345.10954673325 52.53979859871449 200852.3506546681
15 99313.51094732937 52.54572204201616 200883.9433306287
16 99281.91234792551 52.55164548531782 200915.5360065893
17 99250.37011448243 52.5575367619294 200947.0723487558
18 99218.77675598892 52.56345721437032 200978.6597867968
19 99187.18739802709 52.5693753838046 201010.2432265892
20 99155.60204059696 52.57529127023224 201041.8226681329
21 99124.02068369852 52.58120487365323 201073.3981114279
22 99092.44338645485 52.58711497516134 201104.9694985701
23 99060.87015483275 52.59302145174338 201136.5368237156
24 99029.30094848934 52.59892513512425 201168.1001263756
25 98997.73576742465 52.60482602530395 201199.6594065501
26 98966.17461163863 52.61072412228248 201231.2146642391
27 98934.61748113132 52.61661942605985 201262.7658994427
28 98903.06437590273 52.62251193663604 201294.3131121607
29 98871.51529595282 52.62840165401106 201325.8563023933
30 98839.97034564229 52.63428978653623 201357.3953645712
31 98808.42950696671 52.64017612574526 201388.9303169076
32 98776.89273090445 52.64606010403612 201420.4612089916
33 98745.36001745553 52.6519417214088 201451.9880408231
34 98713.83136661992 52.6578209778633 201483.5108124023
35 98682.30677839766 52.66369787339961 201515.029523729
36 98650.78625278872 52.66957240801775 201546.5441748034
37 98619.26978979309 52.67544458171771 201578.0547656253
38 98587.75752147194 52.68131449301116 201609.5611640351
39 98556.24939756472 52.68718210440598 201641.0634203309
40 98524.74537741937 52.69304738557758 201672.5615751951
41 98493.24546103588 52.69891033652596 201704.0556286277
42 98461.74964841425 52.70477095725109 201735.5455806286
43 98430.25793955447 52.71062924775301 201767.0314311979
44 98398.77033445655 52.7164852080317 201798.5131803355
45 98367.28683312051 52.72233883808715 201829.9908280415
46 98335.80841689029 52.72819008056434 201861.4633930292
47 98304.33437712099 52.73403897688029 201892.9315839022
48 98272.86452070113 52.73988553832148 201924.3955937606
49 98241.39884763068 52.74572976488791 201955.8554226045
50 98209.93735790966 52.75157165657959 201987.3110704338