Time X_A X1 X_B
0 100000 250 200000
1 99625.35250009151 144.8123312945105 200479.835168614
2 99475.36137331552 96.32381277770062 200678.3148139067
3 99383.87300273142 84.9361407174012 200781.1908565511
4 99302.8518399157 82.89073390887566 200864.2574261754
5 99223.63943141338 82.55013702763989 200943.810431559
6 99144.77572488331 82.50002879745244 201022.7242463193
7 99066.01572635499 82.4987457842043 201101.4855278609
8 98987.31840098613 82.50561474839023 201180.1759842655
9 98908.6769221307 82.51384022404895 201258.8092376452
10 98830.09014899239 82.52227036391297 201337.3875806437
11 98751.55791082213 82.53071522956246 201415.9113739483
12 98673.0801995275 82.53914471327577 201494.3806557592
13 98594.65702218407 82.54755698993046 201572.795420826
14 98516.28839280174 82.55594844436196 201651.1556587539
15 98437.97432748506 82.56431924549892 201729.4613532694
16 98359.71483422845 82.57266890123196 201807.7124968703
17 98281.51004485457 82.58099789981199 201885.9089572456
18 98203.35987523667 82.58930614065318 201964.0508186227
19 98125.26431762522 82.59759361448988 202042.1380887603
20 98047.22337202021 82.60586032132206 202120.1707676584
21 97969.23703842166 82.61410626114974 202198.1488553172
22 97891.3053970511 82.6223318919012 202276.0722710569
23 97813.42853227064 82.63053769514038 202353.9409300342
24 97735.60634617759 82.63872311200967 202431.7549307103
25 97657.83883877195 82.64688814250911 202509.5142730855
26 97580.12601005372 82.65503278663867 202587.2189571596
27 97502.46786002288 82.66315704439836 202664.8689829327
28 97424.86437147016 82.67126082382291 202742.464367706
29 97347.31597176389 82.67934640873932 202820.0046818273
30 97269.82227404691 82.68741173180943 202897.4903142212
31 97192.38329075891 82.69545685951029 202974.9212523816
32 97114.99903433963 82.7034818583189 203052.297483802
33 97037.66956869785 82.71148724447633 203129.6189440576
34 96960.39496848264 82.71947362807809 203206.8855578892
35 96883.17515448014 82.72744027468332 203284.0974052451
36 96806.01014010156 82.73538725925837 203361.2544726391
37 96728.8999387581 82.74331465676967 203438.3567465851
38 96651.84456386097 82.75122254218361 203515.4042135968
39 96574.84402882139 82.7591109904666 203592.3968601881
40 96497.89834705058 82.766980076585 203669.3346728728
41 96421.00753195972 82.77482987550525 203746.2176381647
42 96344.17159696005 82.78266046219372 203823.0457425777
43 96267.39055546274 82.79047191161682 203899.8189726256
44 96190.66442087905 82.79826429874093 203976.5373148222
45 96113.99320662016 82.80603769853246 204053.2007556813
46 96037.37692609728 82.81379218595782 204129.8092817167
47 95960.81559272161 82.82152783598339 204206.3628794424
48 95884.30921990439 82.82924472357556 204282.861535372
49 95807.85782105681 82.83694292370073 204359.3052360195
50 95731.46140959009 82.84462251132533 204435.6939678986