Time X_A X1 X_B
0 100000 250 200000
1 98983.46064376213 459.2714519716393 200807.2679042663
2 97355.98051350648 605.0720854224886 202288.9474010711
3 95774.6165383099 590.0676214591742 203885.315840231
4 94264.46959504187 567.6162159520395 205417.9141890061
5 92823.85215401389 545.0461905980197 206881.1016553881
6 91452.59019953942 522.4814913175237 208274.928309143
7 90150.8108338256 499.8329894849072 209599.3561766895
8 88918.99159337401 476.9798249152647 210854.0285817107
9 87758.05726969684 453.7664467172428 212038.1762835859
10 86669.49759781022 429.9901640862606 213150.5122381035
11 85655.60656982739 405.379369161019 214189.0140610116
12 84719.69844038671 379.5712528917725 215150.7303067215
13 83866.46929299 352.0859575395419 216031.4447494704
14 83102.33311683498 322.3351528643341 216825.3317303006
15 82435.45630347819 289.75731451243 217524.7863820093
16 81874.56732391777 254.323762404487 218121.1089136777
17 81424.71407570977 217.639850691259 218607.6460735989
18 81079.72925486646 183.864885312145 218986.4058598213
19 80818.06661590117 157.9364717901059 219273.9969123086
20 80610.54307616473 141.5938376376982 219497.8630861975
21 80432.80119715733 132.7686489366846 219684.4301539059
22 80269.92879740677 128.4057179473974 219851.6654846457
23 80114.27681796052 126.3036786438642 220009.4195033955
24 79962.25944110665 125.2570245473858 220162.4835343458
25 79812.26590826265 124.6836995639796 220313.0503921732
26 79663.58567498648 124.3190895316229 220462.0952354818
27 79515.90560856841 124.0465160696724 220610.0478753618
28 79369.08498924642 123.8153860902719 220757.0996246632
29 79223.05719386351 123.604009084765 220903.3387970516
30 79077.78715717881 123.4031016939599 221048.8097411271
31 78933.25336852849 123.2086969862653 221193.5379344852
32 78789.44010676563 123.0190448075544 221337.5408484267
33 78646.33422844629 122.8334001868182 221480.8323713668
34 78503.92415124322 122.6513695673284 221623.4244791894
35 78362.19904190487 122.4727114610927 221765.3282466339
36 78221.1483796289 122.2972765181184 221906.5543438529
37 78080.7620639754 122.1249461053582 222047.1129899191
38 77941.0304170701 121.9556151484961 222187.0139677813
39 77801.94388845131 121.789185770465 222326.2669257781
40 77663.49343831175 121.625568546973 222464.8809931412
41 77525.67004249769 121.4646761194692 222602.8652813827
42 77388.46519831664 121.3064280130508 222740.2283736702
43 77251.87038820023 121.1507448482167 222876.9788669514
44 77115.8775614217 120.9975529805685 223013.1248855976
45 76980.47872533495 120.8467803002583 223148.6744943647
46 76845.66616271624 120.6983584473361 223283.6354788363
47 76711.43241987021 120.5522222397249 223418.0153578899
48 76577.77009901714 120.4083081220284 223551.8215928607
49 76444.67216676906 120.2665564368248 223685.0612767939
50 76312.13164317214 120.1269089564981 223817.7414478712