Time X_A X1 X_B
0 100000 250 200000
1 99274.81968631476 323.2695185301819 200651.910795155
2 98255.88097650006 423.9039451076887 201570.2150783922
3 97094.05517801015 459.193895927296 202696.7509260625
4 95952.96921969147 450.4825027626499 203846.5482775458
5 94862.58387168199 433.0574310772029 204954.3586972407
6 93828.43289646646 413.6952717510851 206007.8718317824
7 92853.54699281145 393.2301479877659 207003.2228592007
8 91941.36252459 371.4916435357776 207937.1458318741
9 91096.65367972184 347.9764741686784 208805.3698461094
10 90326.37933341264 321.8711238007518 209601.7495427864
11 89640.79435322688 291.9592165109113 210317.2464302621
12 89054.56999010948 256.6722694230512 210938.7577404673
13 88585.83917059461 215.0572819085519 211449.1035474967
14 88246.95005532302 170.104208560517 211832.9457361163
15 88024.84698304872 131.5863038821023 212093.566713069
16 87878.45156543152 107.8694604027896 212263.6789741655
17 87767.89471775445 96.90904370835871 212385.1962385371
18 87671.42454807942 92.61368295579823 212485.9617689647
19 87580.1345897218 91.03976183152534 212578.8256484466
20 87490.76164471116 90.46769361894691 212668.7706616698
21 87402.15515988714 90.24996863998817 212757.5948714728
22 87313.91483792316 90.15565421238622 212845.9295078643
23 87225.90202142498 90.10407583676279 212933.9939027381
24 87138.06864440237 90.06733447985087 213021.8640211176
25 87050.39775787598 90.03579318997852 213109.5664489339
26 86962.88310588512 90.00612235143737 213197.1107717633
27 86875.5222069689 89.97723609331116 213284.5005569376
28 86788.31377000024 89.94873404224728 213371.7374959573
29 86701.25691905945 89.92047014824698 213458.8226107922
30 86614.35096203722 89.89240534520188 213545.7566326174
31 86527.59504703205 89.86452202436453 213632.5404309434
32 86440.98785486465 89.83681107964399 213719.1753340555
33 86354.52990054847 89.80927471813226 213805.6608247332
34 86268.22023482285 89.78190888767669 213891.9978562893
35 86182.05764814821 89.75470842505986 213978.1876434266
36 86096.04296313629 89.72767684180234 214064.2293600218
37 86010.1752430913 89.70081085810021 214150.1239460505
38 85924.45172992354 89.67410081660928 214235.8741692597
39 85838.87519298146 89.6475564140958 214321.4772506043
40 85753.44293025362 89.6211698458942 214406.9358999004
41 85668.15537737712 89.59494187632808 214492.2496807464
42 85583.01202591613 89.56887069143644 214577.4191033923
43 85498.01219409738 89.54295400386984 214662.4448518986
44 85413.15520014756 89.5171895262788 214747.327610326
45 85328.4403622934 89.49157497131384 214832.0680627351
46 85243.86715836303 89.46610934772659 214916.6667322891
47 85159.43565563812 89.44079645114057 215001.1235479106
48 85075.14468686985 89.4156300517257 215085.4396830783
49 84990.99362378911 89.39060829663269 215169.6157679141
50 84906.9818381268 89.36572933301224 215253.6524325401