Time X_A X1 X_B
0 100000 250 200000
1 99135.90631669888 388.1212297964342 200725.9724535047
2 97723.30571613809 552.5715585735311 201974.1227252883
3 96255.89403046263 555.9646349274394 203438.1413346099
4 94853.77434409519 535.4688807554652 204860.7567751494
5 93517.14172041864 513.6033772720551 206219.2549023094
6 92246.6355170757 491.4179362706636 207511.9465466537
7 91043.29540607534 468.8272683056962 208737.8773256191
8 89908.74521186385 445.6189502941858 209895.635837842
9 88845.46283781424 421.4888280232907 210983.0483341625
10 87857.13826037361 395.9965792451697 211996.8651603813
11 86949.24748364573 368.4896040274309 212932.2629123269
12 86129.9296368979 337.995494880801 213782.0748682214
13 85411.18143368828 303.1349672453478 214535.6835990664
14 84809.53501540297 262.3917750188776 215178.0732095782
15 84342.79603570911 215.8272038599308 215691.376760431
16 84015.81162431139 169.1040125652621 216065.0843631233
17 83801.81904041322 133.3044574681805 216314.8765021186
18 83653.48444497086 113.4333259357062 216483.0822290934
19 83534.27266124387 104.7715652335792 216610.9557735226
20 83426.32492990057 101.4333488414612 216722.2417212579
21 83322.58661451309 100.1958463725938 216827.2175391143
22 83220.48549503837 99.72653704303654 216929.7879679185
23 83119.10992615743 99.52990395782237 217031.3601698847
24 83018.14010108687 99.42898266065095 217132.4309162524
25 82917.46391286881 99.36159094940987 217233.1744961817
26 82817.04168875454 99.30608109113501 217333.6522301543
27 82716.85880920256 99.25492727375936 217433.8862635236
28 82616.90930924666 99.20551300226917 217533.885177751
29 82517.19033534925 99.15697341664031 217633.652691234
30 82417.69995764265 99.10898834737391 217733.1910540099
31 82318.43666729203 99.06143980419529 217832.5018929037
32 82219.39908865691 99.01429090593921 217931.5866204371
33 82120.58589659727 98.96752515089466 218030.4465782518
34 82021.99392983882 98.92112714409912 218129.0849430171
35 81923.6235525988 98.87509779341832 218227.5013496078
36 81825.47467074286 98.82943649204984 218325.6958927651
37 81727.54258891732 98.7841230687503 218423.6732880139
38 81629.8296180477 98.73916745125779 218521.431214501
39 81532.33689482584 98.69457449019811 218618.968530684
40 81435.0530973205 98.65029587128576 218716.2966068082
41 81337.98691288375 98.60636866621823 218813.40671845
42 81241.13535309986 98.56278015115764 218910.301866749
43 81144.49614372515 98.51952063885454 219006.984335636
44 81048.06884285217 98.47658823297043 219103.4545689149
45 80951.85195655926 98.43397656410717 219199.7140668767
46 80855.84399092474 98.39167926286669 219295.7643298124
47 80760.04459063095 98.34969875240738 219391.6057106167
48 80664.45219162144 98.30802812173484 219487.2397802568
49 80569.06522210795 98.26666040014725 219582.6681174919
50 80473.88233907562 98.22559038358307 219677.8920705408