Time X_A X1 X_B
0 100000 250 200000
1 98213.5012163639 809.3034245684447 201227.1953590676
2 95856.23446112766 837.6964716035252 203556.0690672688
3 93639.68619149906 804.0928652251173 205806.2209432758
4 91525.54619447469 771.1796274636336 207953.2741780617
5 89511.67935904887 738.9385799415849 209999.3820610095
6 87596.15172810917 707.2997357343751 211946.5485361564
7 85777.18587537423 676.1861211128836 213796.6280035129
8 84053.27367866861 645.5126100886509 215551.2137112427
9 82423.22088660464 615.1813316117181 217211.5977817836
10 80886.1634288074 585.077627420562 218778.758943772
11 79441.64869091439 555.0646629102597 220253.2866461753
12 78089.69569477554 524.9753194707664 221635.3289857536
13 76830.9615300726 494.595863601602 222924.4426063257
14 75666.86696054084 463.6651387568454 224119.4679007022
15 74599.79941692944 431.8429614986273 225218.3576215719
16 73633.35919449544 398.719981092564 226217.9208244119
17 72772.48673387252 363.8511538866862 227113.6621122407
18 72023.17055148 326.9387929449856 227899.8906555749
19 71390.89361052169 288.3096950611947 228570.796694417
20 70876.71600695868 249.7477744935607 229123.5362185477
21 70471.46119885256 214.9301868860712 229563.6086142613
22 70153.33038853003 187.8545004419408 229908.8151110279
23 69894.32565886814 169.9512752468254 230185.723065885
24 69670.23925649359 159.5597202644024 230420.2010232419
25 69465.1435363192 153.961954037906 230630.8945096428
26 69270.18405719982 150.9901965790895 230828.8257462211
27 69080.87916100826 149.339629153627 231019.7812098381
28 68895.06765290763 148.3259044220724 231206.6064426703
29 68711.71945200364 147.6136918585792 231390.6668561378
30 68530.34538516554 147.0460779146491 231572.6085369198
31 68350.7013094156 146.5506753031251 231752.7480152812
32 68172.65608035967 146.0947648615237 231931.2491547788
33 67996.12859740428 145.6632517381829 232108.2081508575
34 67821.06203962125 145.2493061361825 232283.6886542425
35 67647.41068490503 144.8496097535604 232457.7397053414
36 67475.13447607232 144.4623031397311 232630.4032207879
37 67304.19721152497 144.0863238199136 232801.7164646551
38 67134.56514380498 143.7209281723583 232971.7139280226
39 66966.20638803432 143.3655020788319 233140.4281098868
40 66799.09065038527 143.0194967447543 233307.8898528699
41 66633.18916005625 142.6824359268597 233474.1284040169
42 66468.4745587847 142.3539062886108 233639.1715349267
43 66304.92072491307 142.0335237355721 233803.0457513513
44 66142.50264155785 141.7209154442813 233965.7764429979
45 65981.19639387465 141.4157400783869 234127.3878660469
46 65820.97901577601 141.1176610417162 234287.9033231822
47 65661.82852921347 140.8263886321525 234447.3450821543
48 65503.72383151281 140.5416310269684 234605.7345374602
49 65346.64466595861 140.2631334919513 234763.0922005494
50 65190.57159273719 139.9906489290014 234919.4377583338