Time X_A X1 X_B
0 100000 250 200000
1 98700.20645752552 525.5006049889172 201024.2929374855
2 96649.10056522438 642.9354574270459 202957.9639773485
3 94710.35375644428 615.6905941299981 204923.9556494257
4 92876.69493049238 586.5279020659486 206786.7771674417
5 91147.16300435994 557.4142452853097 208545.4227503548
6 89521.84006127494 528.1988849165716 210199.9610538086
7 88001.58977699316 498.6459438391279 211749.7642791678
8 86588.31869306114 468.4317959582819 213193.2495109806
9 85285.44193932145 437.0949549355261 214527.4631057431
10 84098.54486976305 403.9598274928603 215747.4953027442
11 83036.42107613689 368.0277976584748 216845.5511262048
12 82112.43145053592 327.9077444262298 217809.660805038
13 81345.118614569 282.1918732815579 218622.6895121496
14 80753.17798381326 231.5773744787939 219265.2446417081
15 80336.18546430705 183.240499144039 219730.574036549
16 80053.62215561669 148.7488006571635 220047.6290437262
17 79845.14994459572 130.9705754325781 220273.8794799718
18 79668.3341404276 123.6308430893877 220458.0350164831
19 79503.62065612049 120.8624981800763 220625.5168456995
20 79343.60399249413 119.7984467661779 220786.5975607398
21 79185.68162482104 119.3296751597659 220944.9887000193
22 79028.96442838844 119.0643863455871 221101.9711852661
23 78873.14794608991 118.8687926785272 221257.9832612317
24 78718.12449830397 118.6980862495749 221413.1774154466
25 78563.85168709216 118.5373529829045 221567.610959925
26 78410.30876046515 118.3816285473099 221721.3096109877
27 78257.48219079146 118.2293108488364 221874.2884983598
28 78105.36123520457 118.0797946394668 222026.5589701561
29 77953.93595559448 117.9328279782531 222178.1312164274
30 77803.19694677358 117.7882942835028 222329.0147589431
31 77653.13512837923 117.6461071922642 222479.2187644287
32 77503.74168898692 117.5061945079344 222628.7521165053
33 77355.00806375737 117.3684900789203 222777.6234461639
34 77206.92591723804 117.2329316966416 222925.8411510655
35 77059.48713041132 117.0994599585509 223073.4134096302
36 76912.68379537153 116.9680180639894 223220.3481865646
37 76766.50820490242 116.8385514610514 223366.6532436366
38 76620.95284761259 116.7110077612841 223512.3361446263
39 76476.01039818056 116.5853366442697 223657.4042651753
40 76331.67371045904 116.4614896937242 223801.8647998474
41 76187.9358121867 116.3394203341498 223945.7247674793
42 76044.78989682469 116.2190837495609 224088.9910194259
43 75902.22931815102 116.1004367594825 224231.6702450896
44 75760.24758527245 115.9834377623798 224373.7689769652
45 75618.83835610627 115.8680466710638 224515.2935972227
46 75477.99543229236 115.7542248102345 224656.2503428975
47 75337.71275495144 115.641934865927 224796.6453101827
48 75197.98439975503 115.5311408375415 224936.4844594075
49 75058.8045713787 115.4218079490339 225075.7736206723
50 74920.16760043144 115.3139026050939 225214.5184969635