Time X_A X1 X_B
0 100000 250 200000
1 98579.00815741628 576.0183017573327 201094.9735408264
2 96233.87362828705 706.3194960128139 203309.8068757
3 94043.36823480552 672.7122333373929 205533.919531857
4 91979.04205679942 638.3301807186847 207632.6277624818
5 90039.65803705105 604.1045446668733 209606.237418282
6 88225.12938273179 569.8029986482227 211455.0676186199
7 86536.45650807355 535.1004284054836 213178.4430635209
8 84976.14757431242 499.5358062943683 214774.3166193932
9 83548.96921686409 462.4211075909415 216238.6096755449
10 82263.14741548845 422.6868107379046 217564.1657737736
11 81132.37097454774 378.6407261670852 218738.9882992852
12 80178.5589923775 327.8116561359207 219743.6293514865
13 79432.13672256703 268.1529409943654 220549.7103364385
14 78914.9642659549 204.3463530341666 221130.6893810108
15 78595.1527177277 154.0172397152658 221500.8300425569
16 78386.91019153032 128.2896536017541 221734.8001548678
17 78221.95392540155 118.8235736656787 221909.2225009327
18 78071.05101738077 115.7999303704836 222063.1490522486
19 77924.68639950173 114.8346991768806 222210.4789013212
20 77780.02912096432 114.4793609526496 222355.4915180829
21 77636.25932646908 114.3004986907317 222499.4401748401
22 77493.13975048554 114.1728067673603 222642.687442747
23 77350.59928838804 114.0605506686254 222785.3401609432
24 77208.61382321396 113.9535966214989 222927.4325801644
25 77067.1727018493 113.8491652800398 223068.9781328706
26 76926.26893567786 113.7463879846595 223209.9846763374
27 76785.89669328328 113.6450281535255 223350.458278563
28 76646.05054559447 113.544999884173 223490.4044545212
29 76506.72524450548 113.4462573532333 223629.8284981412
30 76367.91566184926 113.3487674601344 223768.7355706904
31 76229.61678116336 113.252501285455 223907.130717551
32 76091.82369297653 113.1574317870329 224045.0188752363
33 75954.53158975751 113.0635330353801 224182.404877207
34 75817.73575822644 112.9707800133642 224319.29346176
35 75681.43157836584 112.8791484902289 224455.6892731438
36 75545.61452057496 112.7886149874126 224591.5968644375
37 75410.28014055897 112.6991567391014 224727.0207027018
38 75275.42407137471 112.6107516301723 224861.9651769949
39 75141.04203791374 112.5233782527325 224996.4345838334
40 75007.12984603376 112.437015838716 225130.4331381274
41 74873.68337978279 112.3516442360022 225263.964975981
42 74740.69859503306 112.2672438586657 225397.0341611081
43 74608.17151204479 112.1837956418816 225529.6446923132
44 74476.09823453303 112.1012811224796 225661.8004843443
45 74344.47143586435 112.0196712328896 225793.5088929026
46 74213.29089777711 111.9389645834991 225924.7701376393
47 74082.55165393006 111.8591374501119 226055.5892086197
48 73952.25039065367 111.7801744744998 226185.9694348717
49 73822.38931870708 111.7020858829287 226315.9085954099
50 73692.95092356918 111.6247881190132 226445.4242883117