Time X_A X1 X_B
0 100000 250 200000
1 99480.19030677417 164.547893530831 200605.261799695
2 99284.92946177919 89.99348539823752 200875.0770528225
3 99204.65215485918 70.0059678738253 200975.3418772669
4 99142.01257548152 67.00124300461783 201040.9861815138
5 99081.69665582497 66.60784697776951 201101.6954971972
6 99021.70427462118 66.56404532267378 201161.731680056
7 98961.77436661416 66.56610302489938 201221.6595303609
8 98901.8728152 66.57411678827809 201281.5530680116
9 98841.99522946466 66.58291677060308 201341.4218537646
10 98782.14103533469 66.59179958998477 201401.2671650752
11 98722.31019820084 66.60068112979181 201461.0891206693
12 98662.5027288229 66.60955478027809 201520.8877163967
13 98602.71864594593 66.6184164756058 201580.6629375783
14 98542.95798230065 66.62726502887891 201640.4147526703
15 98483.2208279655 66.63610078383832 201700.1430712505
16 98423.50718410689 66.64492373800746 201759.847892155
17 98363.81701103566 66.65373397565617 201819.5292549886
18 98304.15030875181 66.66253149678445 201879.1871597513
19 98244.50715879987 66.67131641271914 201938.8215247873
20 98184.88767483484 66.68008887862527 201998.4322362864
21 98125.29175319961 66.68884875298723 202058.0193980473
22 98065.71939389415 66.69759603580499 202117.5830100699
23 98006.17061894003 66.70633074815822 202177.1230503117
24 97946.64566079655 66.71505311256361 202236.6392860908
25 97887.1443658669 66.7237629819939 202296.131871151
26 97827.66673415109 66.73246035644908 202355.6008054923
27 97768.21276564912 66.74114523592917 202415.0460891149
28 97708.78398312919 66.74981827626668 202474.4661985944
29 97649.37939071913 66.75847904855499 202533.8621302322
30 97589.99866676507 66.76712741426279 202593.2342058205
31 97530.64181126702 66.77576337339011 202652.5824253595
32 97471.30882422497 66.78438692593691 202711.906788849
33 97411.99970563893 66.79299807190323 202771.207296289
34 97352.71445550887 66.80159681128903 202830.4839476797
35 97293.45307383484 66.81018314409435 202889.7367430209
36 97234.21556061679 66.81875707031917 202948.9656823128
37 97175.00191585477 66.82731858996348 203008.1707655551
38 97115.81213954874 66.8358677030273 203067.3519927481
39 97056.64623169872 66.84440440951062 203126.5093638916
40 96997.50419230468 66.85292870941345 203185.6428789858
41 96938.38602136666 66.86144060273577 203244.7525380305
42 96879.29171888465 66.86994008947759 203303.8383410258
43 96820.22128485864 66.87842716963893 203362.9002879716
44 96761.17471928863 66.88690184321975 203421.938378868
45 96702.153433247 66.89536535262515 203480.9512014003
46 96643.15779650246 66.90381802342488 203539.938385474
47 96584.18635904958 66.91225857893455 203598.9013823713
48 96525.23912088836 66.92068701915417 203657.8401920924
49 96466.31608201879 66.92910334408373 203716.754814637
50 96407.41724244086 66.93750755372321 203775.6452500053