Time X_A X1 X_B
0 100000 250 200000
1 99266.5912395855 232.594270192023 200750.8144902224
2 98716.12998607656 174.1291171896133 201359.7408967337
3 98461.756851303 101.5427885260195 201686.7003601709
4 98357.88514422529 74.76165608313545 201817.3531996915
5 98283.3605292071 69.99868875087529 201896.6407820419
6 98213.12874416728 69.30475588725636 201967.5664999453
7 98143.53707195092 69.21305320636894 202037.2498748426
8 98074.06701885985 69.20726939650518 202106.7257117435
9 98004.64515290048 69.21365814108633 202176.1411889583
10 97935.26109160061 69.2217440017855 202245.5171643975
11 97865.91341104203 69.23006381227127 202314.8565251456
12 97796.6019280427 69.23839814433636 202384.1596738129
13 97727.32664672089 69.24672155249999 202453.4266317265
14 97658.08759116371 69.2550307212685 202522.6573781149
15 97588.8847738411 69.26332426638173 202591.8519018925
16 97519.71823878531 69.27160110705458 202661.0101601076
17 97450.58807100217 69.2798617399098 202730.1320672578
18 97381.49433332813 69.2881061586744 202799.2175605131
19 97312.43693823379 69.29633437208649 202868.266727394
20 97243.41588571917 69.30454638014605 202937.2795679006
21 97174.43117578424 69.3127421828531 203006.2560820328
22 97105.48293042307 69.32092202046692 203075.1961475564
23 97036.57129432244 69.32908617793863 203144.0996194995
24 96967.69611389624 69.33723435279045 203212.9666517509
25 96898.85738914445 69.34536654502237 203281.7972443104
26 96830.05512006707 69.3534827546344 203350.5913971782
27 96761.28896815761 69.36158243692306 203419.3494494054
28 96692.56024641517 69.36966770468422 203488.0700858801
29 96623.86801204665 69.37773704083428 203556.7542509125
30 96555.21228929333 69.38579048438088 203625.4019202222
31 96486.59310239657 69.39382807433164 203694.013069529
32 96418.01055696729 69.40184997403439 203762.5875930586
33 96349.4649222828 69.40985659693419 203831.1252211202
34 96280.95596555214 69.41784758926975 203899.6261868585
35 96212.48371488658 69.42582299596235 203968.0904621174
36 96144.04819839742 69.43378286193325 204036.5180187406
37 96075.64944419594 69.44172723210377 204104.9088285719
38 96007.28748039345 69.44965615139519 204173.2628634551
39 95938.96233510124 69.45756966472878 204241.580095234
40 95870.6740364306 69.46546781702583 204309.8604957523
41 95802.42261249284 69.47335065320763 204378.1040368539
42 95734.20809139922 69.48121821819547 204446.3106903825
43 95666.03050126106 69.48907055691063 204514.480428182
44 95597.88987018964 69.4969077142744 204582.613222096
45 95529.78622629627 69.50472973520804 204650.7090439685
46 95461.71959769224 69.51253666463289 204718.7678656431
47 95393.69001248882 69.52032854747019 204786.7896589637
48 95325.69749879732 69.52810542864123 204854.774395774
49 95257.74194646714 69.53586709414481 204922.7221864387
50 95189.82335659322 69.54361353830882 204990.6330298684