Time X_A X1 X_B
0 100000 250 200000
1 99304.13461935753 299.7487704127485 200646.1166102297
2 98355.82578539031 389.2972074021563 201504.8770072075
3 97141.79976677122 465.1376601688754 202643.0625730599
4 95872.88637598253 473.3453439742296 203903.7682800432
5 94655.31713161219 455.5713815580343 205139.1114868297
6 93510.50345520944 431.8076570999455 206307.6888876905
7 92446.29983449634 405.5132355862966 207398.1869299173
8 91469.9944435846 376.6977946270499 208403.3077617883
9 90591.56858753201 344.3682513709504 209314.0631610971
10 89825.80060225546 306.8460353820437 210117.3533623624
11 89193.53329125095 262.1854984203118 210794.2812103287
12 88716.97976844407 210.6987929480545 211322.3214386078
13 88398.54867700857 160.6778899555037 211690.7734330359
14 88198.17985611618 125.8344212383077 211925.9857226455
15 88058.34981217352 108.863164373897 212082.7870234525
16 87942.23782844658 102.3202611383077 212205.441910415
17 87834.42940767089 100.0417565230853 212315.528835806
18 87729.501708679 99.26412504231946 212421.2341662786
19 87625.65345185481 98.98592648578723 212525.3606216593
20 87522.29775634331 98.87060780345314 212628.8316358532
21 87419.24450615031 98.80804556282112 212731.9474482868
22 87316.43192822988 98.76260462161915 212834.8054671484
23 87213.83957631275 98.72283786922347 212937.4375858179
24 87111.46019216755 98.68505854153653 213039.8547492908
25 87009.2907637524 98.64809119584781 213142.0611450516
26 86907.32965925369 98.61157560033493 213244.0587651458
27 86805.57566164513 98.57537902759614 213345.8489593271
28 86704.02770563887 98.53946228619269 213447.4328320748
29 86602.68426760999 98.50380993651399 213548.8119224533
30 86501.54359626563 98.46841354053801 213649.9879901936
31 86400.60645429246 98.43327564570231 213750.9602700616
32 86299.87099730596 98.39838922000513 213851.7306134738
33 86199.33573758989 98.36374859129756 213952.3005138186
34 86099.00186841856 98.32935830912298 214052.6687732721
35 85998.86762269934 98.29521209494395 214152.8371652055
36 85898.92900944441 98.26129576865145 214252.8096947868
37 85799.19028979885 98.227624470232 214352.5820857307
38 85699.64734449147 98.19418472061615 214452.1584707877
39 85600.30073040519 98.16097798957561 214551.538291605
40 85501.1495952355 98.12800124195822 214650.7224035223
41 85402.1928476724 98.09525067855314 214749.7119016489
42 85303.42939640583 98.06272250014953 214848.5078810938
43 85204.85815012579 98.03041290753656 214947.1114369665
44 85106.47893123396 97.99832449461486 215045.5227442712
45 85008.29079610664 97.96645449551389 215143.7427493977
46 84910.29233763245 97.93479690140545 215241.772865466
47 84812.48255869618 97.90334857214664 215339.6140927315
48 84714.86046218264 97.87210636759453 215437.2674314496
49 84617.42505097664 97.84106714760621 215534.7338818756
50 84520.17598457332 97.81023167150465 215632.013783755