Time X_A X1 X_B
0 100000 250 200000
1 99685.14185299681 124.5436131141576 200440.314533889
2 99572.08669022276 86.27732124450296 200591.6359885326
3 99494.99093704741 79.83479902906384 200675.1742639233
4 99422.89811971335 78.92992947236108 200748.1719508141
5 99351.52439571622 78.81407493317529 200819.6615293504
6 99280.28384123456 78.80696791221294 200890.909190853
7 99209.09625444055 78.81474073246937 200962.0890048268
8 99137.95070659069 78.82454443632305 201033.2247489728
9 99066.84571244979 78.83460140702832 201104.319686143
10 98995.78110569276 78.84467553533015 201175.3742187717
11 98924.75689331298 78.85473533280448 201246.388371354
12 98853.77309348086 78.86477854702304 201317.3621279719
13 98782.82972710994 78.87480242709806 201388.2954704628
14 98711.92683117866 78.88480675505397 201459.1883620661
15 98641.06442529202 78.89479144451923 201530.0407832633
16 98570.24274065458 78.90475681580028 201600.8525025294
17 98499.46160392983 78.91470277471265 201671.6236932953
18 98428.72101511777 78.92462932125633 201742.3543555608
19 98358.02097421841 78.93453645543133 201813.044489326
20 98287.36148123175 78.94442417723764 201883.6940945908
21 98216.74272313154 78.95429291151385 201954.3029839568
22 98146.16479423316 78.96414287256171 202024.8710628941
23 98075.6275369473 78.97397370230955 202095.3984893502
24 98005.13095127397 78.98378540075734 202165.8852633251
25 97934.67503721316 78.9935779679051 202236.3313848188
26 97864.25979476489 79.00335140375282 202306.7368538312
27 97793.88522191721 79.01310570454102 202377.1016723781
28 97723.55209650709 79.02284232372759 202447.425061169
29 97653.25968899453 79.03255989810185 202517.7077511072
30 97583.00802345696 79.04225847265461 202587.9497180702
31 97512.79712397179 79.05193809237669 202658.1509379357
32 97442.6271547121 79.06159907166855 202728.3112462161
33 97372.49831119196 79.07124178520053 202798.4304470227
34 97302.41038007441 79.08086582140606 202868.508754104
35 97232.36338945298 79.09047123299906 202938.5461393139
36 97162.35736742118 79.10005807269346 203008.542574506
37 97092.39234207252 79.10962639320316 203078.4980315341
38 97022.46834150051 79.11917624724208 203148.4124822521
39 96952.58539379867 79.12870768752413 203218.2858985137
40 96882.74352706049 79.13822076676324 203288.1182521726
41 96812.9427693795 79.14771553767332 203357.9095150827
42 96743.1831488492 79.15719205296828 203427.6596590977
43 96673.46469356309 79.16665036536205 203497.3686560714
44 96603.78743161471 79.17609052756852 203567.0364778576
45 96534.15139109753 79.18551259230163 203636.66309631
46 96464.5566001051 79.19491661227529 203706.2484832825
47 96395.00308673091 79.20430264020341 203775.7926106287
48 96325.49087906847 79.21367072879991 203845.2954502026
49 96256.01993118449 79.22302079154598 203914.7570480238
50 96186.59007501337 79.23235251221122 203984.1775724743