Time X_A X1 X_B
0 100000 250 200000
1 99670.24368059645 131.7651089722263 200447.9912104313
2 99560.51050796974 82.25115218458346 200607.2383398456
3 99497.93122629922 72.30751735959643 200679.7612563411
4 99442.40021678078 70.76142477757466 200736.8383584416
5 99387.91979918476 70.53869201716745 200791.5415087981
6 99333.61058456592 70.51349362771055 200845.8759218063
7 99279.34288254599 70.51751153952455 200900.1396059145
8 99225.09756250742 70.5258254848456 200954.3766120077
9 99170.87183153408 70.53477050715081 201008.5933979587
10 99116.66528711987 70.54379573791063 201062.7909171421
11 99062.47789846288 70.55282124186782 201116.9692802952
12 99008.30967030708 70.56184089576962 201171.1284887971
13 98954.16062333537 70.5708497464379 201225.2685269181
14 98900.03077473052 70.5798478672142 201279.3893774022
15 98845.92015120086 70.58883462663495 201333.4910141725
16 98791.82886760334 70.59781013192088 201387.5733222647
17 98737.7568378205 70.60677453933909 201441.6363876401
18 98683.70406185233 70.61572784888953 201495.6802102987
19 98629.67053969881 70.62467006057224 201549.7047902406
20 98575.65634673492 70.63360127775829 201603.7100519873
21 98521.66158855979 70.64252164526894 201657.6958897949
22 98467.68616293109 70.65143102288653 201711.662406046
23 98413.7300698488 70.66032941061104 201765.6096007405
24 98359.79330931294 70.6692168084425 201819.5374738786
25 98305.87602273893 70.67809334210169 201873.4458839189
26 98251.97823054231 70.6869590297384 201927.3348104279
27 98198.09985780373 70.695813804748 201981.2043283915
28 98144.24090452315 70.70465766713046 202035.0544378097
29 98090.40137070058 70.71349061688579 202088.8851386825
30 98036.58280628482 70.72231324520462 202142.6948804699
31 97982.78412424808 70.73112513746636 202196.4847506144
32 97929.00504135372 70.73992618563726 202250.2550324606
33 97875.24555760172 70.74871638971729 202304.0057260085
34 97821.50567299211 70.75749574970646 202357.7368312581
35 97767.78538752485 70.76626426560476 202411.4483482095
36 97714.08470119997 70.77502193741221 202465.1402768625
37 97660.40361401746 70.78376876512878 202518.8126172173
38 97606.74212597731 70.79250474875451 202572.4653692739
39 97553.10023707953 70.80122988828936 202626.0985330321
40 97499.47794732412 70.80994418373335 202679.7121084921
41 97445.87525671108 70.81864763508648 202733.3060956538
42 97392.29216524042 70.82734024234875 202786.8804945172
43 97338.72867291211 70.83602200552016 202840.4353050823
44 97285.18477972619 70.84469292460071 202893.9705273492
45 97231.66048568262 70.85335299959038 202947.4861613177
46 97178.15579078143 70.86200223048921 203000.982206988
47 97124.67069502261 70.87064061729717 203054.45866436
48 97071.20519840615 70.87926816001426 203107.9155334338
49 97017.75962521484 70.88788512270168 203161.3524896624
50 96964.33638175877 70.89649346480076 203214.7671247764