Time X_A X1 X_B
0 100000 250 200000
1 99779.23919388847 77.61371889616078 200393.1470872154
2 99733.67469060962 54.59550956882693 200461.7297998216
3 99699.19899634625 53.01480936162287 200497.7861942921
4 99665.39179211837 52.9205738588807 200531.6876340228
5 99631.63095702273 52.92052678728972 200565.44851619
6 99597.87751688193 52.9264171372138 200599.1960659808
7 99564.12901811721 52.93266873978449 200632.938313143
8 99530.38531875038 52.93894082810316 200666.6757404215
9 99496.64641621409 52.94521413094277 200700.4083696549
10 99462.91200886975 52.95148526772741 200734.1365058625
11 99429.19716647874 52.95774739052472 200767.8450861307
12 99395.49073235691 52.96400605042718 200801.5452615926
13 99361.78429823508 52.97026471032964 200835.2454370545
14 99328.07786411325 52.97652337023211 200868.9456125165
15 99294.37142999143 52.98278203013457 200902.6457879784
16 99260.72426402193 52.98900782782833 200936.2867281502
17 99227.02395916609 52.99526308925775 200969.9807777446
18 99193.32851135381 53.00151565761892 201003.6699729885
19 99159.63792058508 53.00776553291185 201037.354313882
20 99125.95218685993 53.01401271513653 201071.0338004249
21 99092.27141242019 53.02025503143345 201104.7083325484
22 99058.59553515534 53.02649380178473 201138.3779710429
23 99024.92454290784 53.03272928456441 201172.0427278076
24 98991.25843567771 53.0389614797725 201205.7026028425
25 98957.59721346492 53.04519038740898 201239.3575961477
26 98923.94087626949 53.05141600747386 201273.007707723
27 98890.28942409142 53.05763833996715 201306.6529375686
28 98856.64293394606 53.06385832746206 201340.2932077265
29 98823.00144875533 53.07007649527013 201373.9284747494
30 98789.36489073539 53.07629189141283 201407.5588173732
31 98755.73325988626 53.08250451589015 201441.1842355978
32 98722.10655620792 53.08871436870209 201474.8047294234
33 98688.48477970036 53.09492144984866 201508.4202988498
34 98654.8679303636 53.10112575932985 201542.030943877
35 98621.25601623658 53.10732729975865 201575.6366564636
36 98587.64921870909 53.11352613009414 201609.2372551608
37 98554.04739476038 53.11972220384872 201642.8328830358
38 98520.45054439041 53.12591552102242 201676.4235400886
39 98486.8586675992 53.13210608161522 201710.0092263192
40 98453.27176438677 53.13829388562712 201743.5899417276
41 98419.68983475308 53.14447893305812 201777.1656863138
42 98386.11287869817 53.15066122390824 201810.7364600779
43 98352.54182742813 53.15684078478811 201844.3013317871
44 98318.97637694867 53.16301760701062 201877.8606054443
45 98285.41599626711 53.16919167540186 201911.4148120575
46 98251.86068538342 53.1753629899618 201944.9639516266
47 98218.3104442976 53.18153155069047 201978.5080241517
48 98184.76527300967 53.18769735758785 202012.0470296327
49 98151.22517151962 53.19386041065394 202045.5809680697
50 98117.69013982745 53.20002070988875 202079.1098394626