Time X_A X1 X_B
0 100000 250 200000
1 99420.43109193834 240.7056270569211 200588.8632810048
2 98899.19948388261 220.1884730487596 201130.6120430687
3 98476.82142431592 187.1101796785186 201586.0683960056
4 98177.33822676592 148.7392014828417 201923.9225717513
5 97980.32358687762 119.3757442232143 202150.3006688992
6 97839.53297960565 104.2568168104281 202306.210203584
7 97721.77403536181 98.2151549669543 202430.0108096713
8 97612.31031812483 96.06133292718999 202541.628348948
9 97505.76527021694 95.31846200564519 202648.9162677775
10 97400.30550137683 95.0567351215755 202754.6377635017
11 97295.32003327426 94.95536767593568 202859.7245990499
12 97190.60687250807 94.9069828287406 202964.4861446632
13 97086.09934643346 94.87610235404335 203069.0245512126
14 96981.77515345774 94.85102778008215 203173.3738187623
15 96877.62658870075 94.82793017347336 203277.5454811259
16 96773.65079938644 94.80560636801678 203381.5435942456
17 96669.8463579744 94.78361669951599 203485.3700253261
18 96566.2123993603 94.76183134207383 203589.0257692977
19 96462.74822884791 94.7402108844709 203692.5115602677
20 96359.45254264437 94.71873671714665 203795.8287206386
21 96256.32518026572 94.69740676413332 203898.9774129702
22 96153.36599062692 94.67622048023554 204001.9577888929
23 96050.57322684542 94.65516978943607 204104.7716033653
24 95947.94774312938 94.63425864082684 204207.4179982299
25 95845.48865116462 94.61348409307442 204309.8978647424
26 95743.19375977576 94.59283889088826 204412.2134013334
27 95641.06504739738 94.57232975852428 204514.3626228442
28 95539.100428053 94.55195128087171 204616.3476206662
29 95437.30006792476 94.53170330582651 204718.1682287695
30 95335.66325088147 94.51158361943111 204819.8251654992
31 95234.18926079189 94.49159000772792 204921.3191492005
32 95132.87744960467 94.471720853797 205022.6508295416
33 95031.72766270378 94.45197886798286 205123.8203584283
34 94930.73891920547 94.43235951453605 205224.8287212801
35 94829.91056251923 94.41286110165119 205325.6765763792
36 94729.24193605455 94.39348193752289 205426.364582008
37 94628.7324773952 94.37422086144898 205526.8933017434
38 94528.3822753417 94.3550803853152 205627.2626442731
39 94428.19032132471 94.33605683230407 205727.4736218431
40 94328.15603826662 94.3171489590294 205827.5268127744
41 94228.27884908982 94.29835552210501 205927.4227953882
42 94128.55823919458 94.27967542626546 206027.1620853793
43 94028.99410655933 94.26110855437302 206126.7447848864
44 93929.5856494399 94.24265313040894 206226.1716974298
45 93830.33234174155 94.22430803185557 206325.4433502267
46 93731.23365736943 94.20607213619526 206424.5602704945
47 93632.28916499435 94.18794449892003 206523.5228905068
48 93533.49892110983 94.1699250918588 206622.3311537984
49 93434.86195132567 94.15201195040611 206720.986036724
50 93336.37775140042 94.13420399309412 206819.4880446066