Time X_A X1 X_B
0 100000 250 200000
1 99702.3304434426 104.3800462770899 200443.2895102802
2 99629.25730886994 62.31343247980416 200558.4292586503
3 99586.62624269335 56.83111856707366 200606.5426387395
4 99547.02987822717 56.25218447905668 200646.7179372938
5 99507.75230431353 56.1979127678993 200686.0497829186
6 99468.51489121973 56.19823272511545 200725.2868760552
7 99429.28880247708 56.20422014679431 200764.5069773761
8 99390.07104707909 56.21078061568694 200803.7181723053
9 99350.86133167974 56.21739719970889 200842.9212711206
10 99311.65963510174 56.224016933002 200882.1163479653
11 99272.4659643929 56.23063362051747 200921.3034019866
12 99233.28032506294 56.23724659643815 200960.4824283407
13 99194.10273167066 56.24385468811908 200999.6534136413
14 99154.93322541153 56.25045809913873 201038.8163164894
15 99115.77177686882 56.25705697761325 201077.9711661536
16 99076.61838604249 56.26365132354262 201117.117962634
17 99037.47305654112 56.270241144605 201156.2567023143
18 98998.33586723093 56.27682660860932 201195.3873061605
19 98959.20676867079 56.28340761035641 201234.5098237189
20 98920.08576086069 56.28998414984626 201273.6242549895
21 98880.97284380066 56.29655622707888 201312.7305999723
22 98841.8681051506 56.30312389918542 201351.8287709503
23 98802.77149797649 56.30968713557725 201390.918814888
24 98763.68301824325 56.31624593362459 201430.0007358232
25 98724.60266595086 56.32280029332743 201469.0745337558
26 98685.53160024759 56.32935025710177 201508.1390494954
27 98646.46898008967 56.33589579417183 201547.1951241162
28 98607.41459128515 56.3424368966998 201586.2429718182
29 98568.36843383402 56.34897356468568 201625.2825926013
30 98529.33050773626 56.35550579812946 201664.3139864657
31 98490.30081299189 56.36203359703116 201703.3371534111
32 98451.27934960091 56.36855696139077 201742.3520934377
33 98412.2661175633 56.37507589120828 201781.3588065455
34 98373.26111687908 56.38159038648372 201820.3572927345
35 98334.26434754825 56.38810044721705 201859.3475520046
36 98295.27580957078 56.3946060734083 201898.3295843558
37 98256.29550294671 56.40110726505745 201937.3033897883
38 98217.32342767603 56.40760402216453 201976.2689683019
39 98178.35958375872 56.4140963447295 202015.2263198966
40 98139.4039711948 56.42058423275239 202054.1754445725
41 98100.45658998427 56.42706768623319 202093.1163423295
42 98061.51744012712 56.4335467051719 202132.0490131678
43 98022.58652162335 56.44002128956852 202170.9734570871
44 97983.66383447296 56.44649143942305 202209.8896740877
45 97944.74937867596 56.45295715473549 202248.7976641694
46 97905.84315423234 56.45941843550583 202287.6974273322
47 97866.9451611421 56.46587528173409 202326.5889635762
48 97828.05539940525 56.47232769342026 202365.4722729014
49 97789.17386902178 56.47877567056434 202404.3473553077
50 97750.3005699917 56.48521921316633 202443.2142107952