Time X_A X1 X_B
0 100000 250 200000
1 99619.72270223509 180.7788388476264 200449.4984589173
2 99387.2852982289 136.8671803436673 200725.8475214275
3 99231.12302114003 115.2840880659774 200903.592890794
4 99105.49385845214 106.8093303631077 201037.6968111848
5 98990.64880665498 103.8341025244934 201155.5170908205
6 98879.52080008245 102.8243710699438 201267.6548288476
7 98769.74175695673 102.4745660252471 201377.783677018
8 98660.53537816675 102.3412993892298 201487.123322444
9 98551.64912557526 102.2784756408028 201596.0723987839
10 98443.00086327193 102.2385332607947 201704.7606034673
11 98334.56363330047 102.2061020502933 201813.2302646492
12 98226.32820230577 102.176210148897 201921.4955875453
13 98118.2910578476 102.1472563208333 202029.5616858315
14 98010.45055246024 102.1187491742444 202137.4306983655
15 97902.80561329266 102.0905152417607 202245.1038714656
16 97795.3553547601 102.0624983872129 202352.5821468527
17 97688.09832185572 102.034679449074 202459.8669986952
18 97581.03389296671 102.0070533820095 202566.9590536513
19 97474.16229811314 101.9796213456811 202673.8580805412
20 97367.48094620577 101.9523720249201 202780.5666817693
21 97260.99099358558 101.9253104694147 202887.083695945
22 97154.69192881657 101.8984349263794 202993.4096362571
23 97048.57989620323 101.8717321816333 203099.5483716152
24 96942.65817845394 101.8452134939372 203205.4966080522
25 96836.92365770994 101.8188701594664 203311.2574721307
26 96731.37686326593 101.7927029827938 203416.8304337513
27 96626.01691268315 101.7667090879992 203522.2163782289
28 96520.84292352278 101.7408855991622 203627.4161908781
29 96415.85401334603 101.7152296403627 203732.4307570137
30 96311.04962752556 101.6897410863012 203837.2606313882
31 96206.42935008288 101.6644209750621 203941.9062289421
32 96101.99199659337 101.6392638968034 204046.3687395099
33 95997.73675489111 101.6142675652552 204150.6489775437
34 95893.66281281025 101.5894296941473 204254.7477574956
35 95789.76935818486 101.5647479972099 204358.665893818
36 95686.05655783549 101.5402259521868 204462.4032162123
37 95582.52342623887 101.5158602521258 204565.960713509
38 95479.16905487736 101.4916480434631 204669.3392970792
39 95375.99272741437 101.4675876041465 204772.5396849815
40 95272.99372751336 101.4436772121238 204875.5625952746
41 95170.17147694384 101.4199155289694 204978.4086075273
42 95067.52593046709 101.3963026967837 205081.0777668362
43 94965.05600246797 101.3728359677451 205183.5711615644
44 94862.76104132782 101.3495137995728 205285.8894448727
45 94760.64039542797 101.3263346499858 205388.0332699221
46 94658.6934131498 101.3032969767031 205490.0032898736
47 94556.91998436954 101.2804005905385 205591.79961504
48 94455.3195351832 101.2576441434054 205693.4228206734
49 94353.89112748987 101.2350253771572 205794.873847133
50 94252.63414151497 101.2125428290854 205896.153315656