Time X_A X1 X_B
0 100000 250 200000
1 99548.58589589754 195.5190122501735 200505.8950918523
2 99255.56957094806 151.4706302613454 200842.9597987906
3 99058.32490282314 126.7987875192935 201064.8763096576
4 98902.69866755624 116.5276946966059 201230.7736377473
5 98762.19666635753 112.8564109769076 201374.9469226657
6 98626.93642840908 111.6061969245265 201511.4573746665
7 98493.58346899682 111.1704785311473 201645.2460524722
8 98361.05013620676 111.0002052102432 201777.9496585832
9 98228.98572503231 110.9154634364525 201910.0988115314
10 98097.27721897533 110.8582953898949 202041.8644856349
11 97965.8874238164 110.8100993471251 202173.3024768367
12 97834.80363460812 110.7650645770643 202304.431300815
13 97704.02056453438 110.721294175042 202435.2581412907
14 97573.53541214873 110.678167651313 202565.7864202
15 97443.34621471567 110.6355144039498 202696.0182708804
16 97313.45123467445 110.5932727833011 202825.9554925423
17 97183.84829958447 110.5514169347222 202955.6002834808
18 97054.53454165997 110.5099323337388 203084.9555260063
19 96925.51097108025 110.4688225498089 203214.02020637
20 96796.77384844473 110.4280721986805 203342.7980793566
21 96668.32290901974 110.3876801912137 203471.2894107891
22 96540.1607310679 110.3476567549685 203599.4916121772
23 96412.27466998273 110.3079527352432 203727.4173772821
24 96284.67396885858 110.2686040636853 203855.0574270778
25 96157.35419961819 110.2295945319473 203982.4162058499
26 96030.31382560634 110.1909182103569 204109.4952561833
27 95903.55196857077 110.1525715097894 204236.2954599195
28 95777.06684687054 110.1145476296763 204362.8186054998
29 95650.85667886469 110.0768397694491 204489.0664813659
30 95524.92046884281 110.0394470659558 204615.0400840912
31 95399.25726522428 110.0023689894285 204740.7403657863
32 95273.86476301968 109.9655947855934 204866.1696421948
33 95148.74134324703 109.9291188827109 204991.3295378703
34 95023.8853869244 109.8929357090414 205116.2216773666
35 94899.29571150104 109.8570425271424 205240.8472459718
36 94774.97268233918 109.8214466521184 205365.2058710087
37 94650.91365715825 109.7861358666641 205489.3002069751
38 94527.11723323318 109.7511060034681 205613.1316607633
39 94403.58200783894 109.7163528952191 205736.7016392658
40 94280.30657825049 109.6818723746059 205860.0115493749
41 94157.29120496727 109.647666014644 205983.0611290181
42 94034.5338017834 109.6137272891081 206105.8524709275
43 93912.03304857839 109.5800523157821 206228.3868991058
44 93789.7876900354 109.5466374361082 206350.6656725285
45 93667.79647083758 109.5134789915285 206472.6900501709
46 93546.0591353398 109.4805767217584 206594.4602879384
47 93424.57437864166 109.4479267996861 206715.9776945586
48 93303.34067267615 109.4155246395701 206837.2438026843
49 93182.35684135488 109.3833668521807 206958.2597917929
50 93061.62170858939 109.3514500482884 207079.0268413623