Time X_A X1 X_B
0 100000 250 200000
1 99603.94668097996 136.2361877499146 200509.81713127
2 99477.95933293145 77.72733122420162 200694.3133358443
3 99415.90490141415 65.7960601184806 200768.2990384673
4 99362.67398056886 64.0926721078896 200823.2333473233
5 99310.62195468265 63.87057210824581 200875.5074732091
6 99258.74114157041 63.84792445686605 200927.4109339726
7 99206.89778236336 63.85183340887816 200979.2503842277
8 99155.07412153204 63.85926210828178 201031.0666163595
9 99103.26782093628 63.86715331576759 201082.8650257478
10 99051.47858253964 63.8750949341839 201134.6463225261
11 98999.70639107894 63.88303463193994 201186.410574289
12 98947.95125492048 63.89096884490108 201238.1577762345
13 98896.21318626493 63.89889434229927 201289.8879193927
14 98844.49221152934 63.90681028240193 201341.6009781882
15 98792.78837077177 63.91471697659742 201393.2969122515
16 98741.10172127478 63.92261436830335 201444.9756643568
17 98689.4322053064 63.9305025470255 201496.6372921465
18 98637.77982286658 63.93838151276388 201548.2817956206
19 98586.14457395536 63.94625126551848 201599.909174779
20 98534.52658163542 63.95411197723402 201651.5193063873
21 98482.92584750609 63.96196365014514 201703.1121888437
22 98431.34231729935 63.96980620842785 201754.6878764921
23 98379.77599101518 63.97763965208215 201806.2463693327
24 98328.2268686536 63.98546398110805 201857.7876673652
25 98276.69514968681 63.99327935247616 201909.3115709606
26 98225.18072905787 64.00108568351402 201960.8181852585
27 98173.68359013306 64.00888296113209 202012.3075269057
28 98122.2037329124 64.01667118533037 202063.7795959022
29 98070.74144661351 64.02445044664871 202115.2341029397
30 98019.29797927757 64.03222113578771 202166.6697995865
31 97967.87196020602 64.03998282364874 202218.0880569702
32 97916.46338939885 64.04773551023186 202269.4888750908
33 97865.07226685608 64.05547919553703 202320.8722539483
34 97813.6985925777 64.06321387956426 202372.2381935426
35 97762.34236656371 64.07093956231355 202423.5866938739
36 97711.00358881411 64.07865624378491 202474.917754942
37 97659.6822593289 64.08636392397833 202526.231376747
38 97608.37837810809 64.09406260289381 202577.5275592889
39 97557.09194515165 64.10175228053136 202628.8063025677
40 97505.82296045961 64.10943295689096 202680.0676065834
41 97454.57142403196 64.11710463197262 202731.311471336
42 97403.33733586871 64.12476730577636 202782.5378968254
43 97352.12069596983 64.13242097830215 202833.7468830518
44 97300.92150433536 64.14006564955 202884.938430015
45 97249.73976096527 64.14770131951991 202936.1125377151
46 97198.57546585957 64.15532798821189 202987.2692061521
47 97147.42861901828 64.16294565562593 203038.408435326
48 97096.29922044136 64.17055432176204 203089.5302252368
49 97045.18727012882 64.1781539866202 203140.6345758844
50 96994.09442283734 64.18574579419916 203191.7198313684