Time X_A X1 X_B
0 100000 250 200000
1 99468.83230881709 168.4982590094666 200612.6694321735
2 99235.33576846785 103.8266674399092 200910.8375640923
3 99118.65934482744 83.91649870232045 201047.4241564703
4 99024.91551527061 80.23218784629572 201144.8522968832
5 98934.95410485509 79.63771385105433 201235.4081812939
6 98845.65566152657 79.54868941546208 201324.795649058
7 98756.52493167984 79.54007050052405 201413.9349978197
8 98667.48359897612 79.54414453996007 201502.9722564839
9 98578.51930567221 79.55019788624976 201591.9304964415
10 98489.63011697218 79.55655193379906 201680.813331094
11 98400.81571322466 79.56293194121288 201769.6213548341
12 98312.07604284608 79.56929828980587 201858.3546588641
13 98223.41110120213 79.57564879703071 201947.0132500009
14 98134.82087804214 79.58197937740231 202035.5971425805
15 98046.30536862383 79.58829031438997 202124.1063410618
16 97957.86456932574 79.5945810721005 202212.5408496022
17 97869.49842668885 79.60085225966935 202300.9007210515
18 97781.20697713563 79.60710368737394 202389.185919177
19 97692.99022202543 79.61333534813348 202477.3964426265
20 97604.84816135824 79.61954724194797 202565.5322913998
21 97516.78079513407 79.62573936881742 202653.5934654971
22 97428.78807098615 79.63191245684827 202741.580016557
23 97340.86996877065 79.63806678612069 202829.4919644432
24 97253.02652769044 79.64420181155828 202917.329270498
25 97165.25774774552 79.65031753316103 203005.0919347213
26 97077.56362893588 79.65641395092894 203092.7799571132
27 96989.94437222593 79.66248903358797 203180.3931387405
28 96902.39933075989 79.66854931931789 203267.9321199208
29 96814.92894156107 79.67459039084808 203355.3964680481
30 96727.53319642755 79.68061233108065 203442.7861912414
31 96640.2120871574 79.68661522291768 203530.1012976197
32 96552.96560554867 79.69259914926126 203617.3417953021
33 96465.79348235855 79.69856522810491 203704.5079524133
34 96378.69577450745 79.70451328412469 203791.5997122084
35 96291.67261068136 79.71044285742822 203878.6169464612
36 96204.72398012553 79.71635404104023 203965.5596658334
37 96117.84987208521 79.72224692798544 204052.4278809868
38 96031.05027580561 79.72812161128859 204139.2216025831
39 95944.32518053196 79.73397818397437 204225.9408412841
40 95857.6745755095 79.73981673906754 204312.5856077514
41 95771.09844998346 79.7456373695928 204399.1559126469
42 95684.59679319907 79.75144016857487 204485.6517666323
43 95598.16959440157 79.75722522903851 204572.0731803694
44 95511.81684283618 79.76299264400842 204658.4201645198
45 95425.53852774814 79.76874250650933 204744.6927297454
46 95339.33463838267 79.77447490956595 204830.8908867078
47 95253.20516398503 79.78018994620304 204917.0146460688
48 95167.15009380042 79.78588770944528 205003.0640184901
49 95081.16941707408 79.79156829231742 205089.0390146336
50 94995.26312305125 79.79723178784418 205174.9396451609