Time X_A X1 X_B
0 100000 250 200000
1 98920.3895248592 440.3702895079275 200889.2401856329
2 97331.67020460949 540.2916588866321 202378.0381365038
3 95786.54253785407 524.6057419739159 203938.851720172
4 94316.80516298565 502.8360022992301 205430.3588347151
5 92922.48706997748 480.7885991573363 206846.7243308652
6 91603.971803315 458.5725661845273 208187.4556305005
7 90362.0794700683 436.053174831632 209451.8673551001
8 89198.22992934199 413.0386760346477 210638.7313946234
9 88114.663634389 389.271941736436 211746.0644238746
10 87114.71109935619 364.4056877343941 212770.8832129094
11 86203.1655298868 337.9762674225563 213708.8582026907
12 85386.67551491554 309.4048165006287 214553.9196685839
13 84673.87450649873 278.1238187962113 215298.0016747051
14 84074.12219316624 244.0838024870181 215931.7940043468
15 83592.85775864319 208.907663362744 216448.2345779941
16 83223.04903812759 176.8535151059856 216850.0974467665
17 82940.578988626 152.816774186677 217156.6042371874
18 82713.53065825891 138.1643875776512 217398.3049541635
19 82516.15729061661 130.5178479631674 217603.3248614203
20 82333.27773440271 126.8323818440553 217789.8898837533
21 82157.39368236088 125.0679685060747 217967.5383491331
22 81985.11220165252 124.1659150389327 218140.7218833086
23 81814.9575790505 123.6373418378441 218311.4050791117
24 81646.29732781084 123.2689402151033 218480.4337319741
25 81478.85711718713 122.9702714080876 218648.1726114049
26 81312.51219384684 122.7035693698955 218814.7842367834
27 81147.19983746832 122.4532074510665 218980.3469550807
28 80982.88306228895 122.2127329572958 219144.9042047538
29 80819.53555640842 121.9793882961262 219308.4850552955
30 80657.13569145805 121.7519712387733 219471.1123373033
31 80495.6641926115 121.5298917637489 219632.8059156248
32 80335.10338241127 121.3127756583725 219793.5838419304
33 80175.4364553325 121.1003683747816 219953.4631762927
34 80016.64715517846 120.892468070414 220112.4603767512
35 79858.71979735895 120.6888931422313 220270.5913094989
36 79701.63957134022 120.4894792674812 220427.8709493924
37 79545.39189382608 120.2940702726318 220584.3140359014
38 79389.96280311346 120.1025201735679 220739.934676713
39 79235.33894178057 119.914692344822 220894.7463658747
40 79081.50721097195 119.7304553026514 221048.7623337255
41 78928.45501116553 119.5496853090488 221201.9953035255
42 78776.17027281135 119.3722657751714 221354.4574614136
43 78624.64116909532 119.198084781374 221506.1607461234
44 78473.8562519347 119.0270358114556 221657.1167122539
45 78323.80453138474 118.8590185036652 221807.3364501117
46 78174.47530280269 118.6939367927633 221956.8307604046
47 78025.85814855628 118.531698722783 222105.610152721
48 77877.94296640801 118.3722167597268 222253.6848168323
49 77730.71998444617 118.2154075157566 222401.0646080381
50 77584.17972262761 118.0611914917354 222547.7590858807