Time X_A X1 X_B
0 100000 250 200000
1 98919.78548530456 490.2569975178235 200839.9575171777
2 97406.06006433195 579.4084732335882 202264.5314624347
3 95961.25921778561 563.3511601807854 203725.3896220338
4 94571.98572616589 544.6649111498908 205133.3493626844
5 93237.16962509048 526.0161668797093 206486.81420803
6 91956.58297255659 507.4177494232486 207785.9992780204
7 90730.16225201008 488.8163871876343 209031.0213608025
8 89558.02881543366 470.1454702537139 210221.8257143129
9 88440.53164400696 451.32251310501 211358.1458428883
10 87378.30707006255 432.2431215881812 212439.4498083496
11 86372.357284816 412.7723939811407 213464.8703212032
12 85424.16229629857 392.7314342370328 214433.1062694647
13 84535.8817608376 371.87867424851 215342.2395649143
14 83710.55730272028 349.8833468611599 216189.5593504189
15 82952.46630809864 326.2913629445675 216971.2423289571
16 82267.52609559738 300.5024646148211 217681.9714397881
17 81663.63631581434 271.8183528058333 218314.5453313801
18 81150.2629350327 239.7716500652098 218859.9654149024
19 80735.62655198638 205.0873395464697 219309.2861084675
20 80419.78384708229 171.1119348973868 219659.1042180207
21 80187.48291324543 143.3071047202497 219919.2099820346
22 80011.86162791506 125.023054756598 220113.1153173287
23 79867.7107437896 115.0545996156932 220267.234656595
24 79738.92823765325 110.2236093698429 220400.8481529772
25 79617.25787574702 108.0004437476599 220524.7416805057
26 79498.90214214583 106.9749547422814 220644.1229031122
27 79382.19778973529 106.47362988745 220761.3285803776
28 79266.43349946311 106.1968050115705 220877.3696955257
29 79151.30692913929 106.0153533006617 220992.6777175604
30 79036.68915860483 105.8745920249025 221107.4362493706
31 78922.52397185385 105.7515734654345 221221.724454681
32 78808.78555444824 105.6367560937357 221335.5776894583
33 78695.46060739335 105.5261475921018 221449.0132450149
34 78582.54099415154 105.4180689323661 221562.0409369164
35 78470.02111521806 105.3118712715509 221674.6670135107
36 78357.8959220946 105.207237941254 221786.8968399644
37 78246.16108394539 105.1040176591755 221898.7348983957
38 78134.81240833963 105.0021370281646 222010.1854546325
39 78023.84589687872 104.9015517874419 222121.2525513341
40 77913.2575655664 104.8022255155872 222231.9402089183
41 77803.04363208958 104.7041278352511 222342.2522400754
42 77693.20028615775 104.6072301306987 222452.1924837118
43 77583.72390825312 104.511506062041 222561.7645856851
44 77474.61085068699 104.4169297436305 222670.9722195696
45 77365.85763207161 104.3234768258471 222779.8188911028
46 77257.46076611424 104.2311232762949 222888.3081106097
47 77149.41688705815 104.1398461708637 222996.4432667712
48 77041.72267502692 104.0496231597242 223104.2277018136
49 76934.37486075459 103.9604324784848 223211.6647067672
50 76827.37028608246 103.8722533471355 223318.7574605707