Time X_A X1 X_B
0 100000 250 200000
1 99727.26757346545 81.17678989748393 200441.5556366371
2 99678.1712791686 53.73732003618563 200518.0914007953
3 99643.2085525904 51.93083842590536 200554.8606089838
4 99609.02893434418 51.83022755559889 200589.1408381003
5 99574.89896814147 51.83033357259522 200623.270698286
6 99540.77592749795 51.83632813270904 200657.3877443694
7 99506.6573244934 51.84266830778533 200691.5000071989
8 99472.54301971656 51.84902474220146 200725.6079555413
9 99438.43301222485 51.85538180376664 200759.7116059715
10 99404.32684221161 51.86173684038793 200793.8114209481
11 99370.23660572738 51.86808391105256 200827.8953103617
12 99336.1561918557 51.87442676980378 200861.9693813746
13 99302.07577798404 51.880769628555 200896.0434523875
14 99267.99536411236 51.88711248730622 200930.1175234005
15 99233.91495024069 51.89345534605744 200964.1915944134
16 99199.8874823425 51.89976687766446 200998.21275078
17 99165.81208976867 51.90610676540747 201032.281803466
18 99131.74105879429 51.91244407247352 201066.3464971333
19 99097.67438941932 51.9187787988626 201100.4068317819
20 99063.61208164379 51.9251109445747 201134.4628074117
21 99029.55422427435 51.93143868501815 201168.5143370407
22 98995.50078079884 51.93776277036003 201202.5614564309
23 98961.45172760631 51.94408368570238 201236.6041887081
24 98927.40706469676 51.95040143104519 201270.6425338723
25 98893.3667920702 51.95671600638848 201304.6764919235
26 98859.33090972662 51.96302741173223 201338.7060628618
27 98825.29941766603 51.96933564707646 201372.731246687
28 98791.27239380518 51.9756415830965 201406.7519646118
29 98757.24988226096 51.98194571277312 201440.7681720264
30 98723.23180432465 51.98824715658164 201474.7799485189
31 98689.21815999628 51.99454591452205 201508.7872940893
32 98655.20894927581 52.00084198659437 201542.7902087377
33 98621.20417216327 52.00713537279858 201576.788692464
34 98587.20382865866 52.01342607313469 201610.7827452683
35 98553.20794710725 52.01971412286994 201644.77233877
36 98519.21667679827 52.02599970775032 201678.7573234941
37 98485.22988787689 52.03228266621016 201712.737829457
38 98451.24758034313 52.03856299824948 201746.7138566588
39 98417.26975419697 52.04484070386828 201780.6854050993
40 98383.29640943841 52.05111578306656 201814.6524747786
41 98349.32754606746 52.05738823584431 201848.6150656968
42 98315.36316408412 52.06365806220153 201882.5731778538
43 98281.40409116416 52.06992513698318 201916.525983699
44 98247.44971720355 52.0761895524447 201950.4740932441
45 98213.49990773157 52.08245132891976 201984.4176409396
46 98179.55466274824 52.08871046640837 202018.3566267855
47 98145.61398225353 52.09496696491053 202052.2910507817
48 98111.67786624747 52.10122082442623 202086.2209129282
49 98077.74631473004 52.10747204495549 202120.1462132251
50 98043.81932770125 52.11372062649829 202154.0669516724