Time X_A X1 X_B
0 100000 250 200000
1 99576.47641891129 141.3375926594981 200532.1859884292
2 99445.26192515435 76.83423453988436 200727.9038403057
3 99386.38795980091 63.54243474320773 200800.0696054558
4 99336.98889643422 61.72887516176753 200851.282228404
5 99288.78060591643 61.50465927918628 200899.7147348044
6 99240.73335289062 61.48323725025178 200947.7834098592
7 99192.71776374856 61.48738397678464 200995.7948522747
8 99144.71759164181 61.49476203209937 201043.7876463261
9 99096.73078365068 61.50252681111547 201091.7666895383
10 99048.75710680087 61.51033278426511 201139.7325604149
11 99000.79654963837 61.51813758500141 201187.6853127767
12 98952.84912298048 61.52593743821122 201235.6249395814
13 98904.91483576474 61.53373028360529 201283.5514339518
14 98856.99371038593 61.54151507788301 201331.4647745363
15 98809.08580411016 61.54929220297141 201379.364903687
16 98761.19112732305 61.557061639578 201427.2518110375
17 98713.30964601693 61.56482345087592 201475.1255305323
18 98665.44136019181 61.57257763686518 201522.9860621714
19 98617.58626984768 61.58032419754576 201570.8334059549
20 98569.74453823712 61.58806334712536 201618.6673984159
21 98521.91607254797 61.5957949638229 201666.4881324883
22 98474.10086429742 61.60351903650785 201714.2956166662
23 98426.29891348544 61.61123556518019 201762.0898509495
24 98378.51026724762 61.61894457843948 201809.8707881741
25 98330.73504480153 61.62664614862119 201857.63830905
26 98282.97314845752 61.63434021645195 201905.3925113262
27 98235.22457821554 61.64202678193175 201953.1333950027
28 98187.48933407561 61.64970584506062 202000.8609600795
29 98139.76855957387 61.65737760934248 202048.5740628169
30 98092.0619553209 61.66504202149794 202096.2730026578
31 98044.36883703366 61.67269895975183 202143.9584640067
32 97996.68920471219 61.68034842410416 202191.6304468639
33 97949.02305835647 61.68799041455492 202239.2889512291
34 97901.3703979665 61.69562493110411 202286.9339771025
35 97853.7312235423 61.70325197375173 202334.5655244841
36 97806.10553508384 61.71087154249779 202382.1835933738
37 97758.49333259116 61.71848363734228 202429.7881837717
38 97710.89461606421 61.72608825828519 202477.3792956777
39 97663.30938550302 61.73368540532655 202524.9569290918
40 97615.73764090758 61.74127507846633 202572.5210840141
41 97568.17938227791 61.74885727770454 202620.0717604445
42 97520.63460961399 61.7564320030412 202667.6089583831
43 97473.10332291582 61.76399925447627 202715.1326778299
44 97425.58552218341 61.77155903200979 202762.6429187847
45 97378.08120741675 61.77911133564173 202810.1396812478
46 97330.59037861585 61.78665616537211 202857.6229652189
47 97283.1130357807 61.79419352120092 202905.0927706982
48 97235.64917891131 61.80172340312816 202952.5490976857
49 97188.19880800767 61.80924581115383 202999.9919461813
50 97140.76192306979 61.81676074527794 203047.4213161851