Time X_A X1 X_B
0 100000 250 200000
1 98129.61487503255 795.5974349541705 201324.7876900133
2 95246.77011190442 864.9829937730347 204138.2468943226
3 92582.61977922161 820.2167976471846 206847.1634231314
4 90076.01809687128 776.3031059363763 209397.6787971925
5 87724.14819118356 733.1122369308966 211792.7395718858
6 85524.90104739295 690.4033997511224 214034.6955528561
7 83477.21053297257 647.872150028581 216124.917316999
8 81581.36160829704 605.1027490229192 218063.5356426802
9 79839.56517228059 561.5120682829737 219848.9227594367
10 78256.8416361475 516.212735943014 221476.9456279097
11 76842.6896044389 467.7864918488725 222939.5239037125
12 75613.92775136452 413.9051596310604 224222.1670890047
13 74598.85066210422 351.0372904766418 225300.1120474194
14 73837.14093603221 276.5408525330128 226136.3182114349
15 73349.74193021125 199.6565395219598 226700.6015302669
16 73073.9096412018 146.5533282928663 227029.5370305055
17 72896.92752210135 124.1138667795399 227228.9586111192
18 72751.7949246011 117.1304279143356 227381.0746474847
19 72615.72064015039 115.1609583651963 227519.1184014846
20 72482.36675144368 114.5789552202846 227653.0542933362
21 72350.06287477295 114.3626266849181 227785.5744985423
22 72218.37421363525 114.2415154576129 227917.3842709072
23 72087.18633703668 114.1455190971749 228048.6681438663
24 71956.46716169141 114.0566611859909 228179.4761771227
25 71826.20555111475 113.9703106094153 228309.824138276
26 71696.39580672856 113.8853233566568 228439.7188699149
27 71567.03367416374 113.8013738326631 228569.1649520037
28 71438.1152508182 113.7183724454817 228698.1663767364
29 71309.63680278958 113.6362848668371 228826.7269123437
30 71181.59430492157 113.5550882431749 228954.8506068354
31 71053.98082806094 113.4747548864247 229082.5444170528
32 70926.79808573831 113.3952904578017 229209.8066238041
33 70800.03782437534 113.3166567650803 229336.6455188597
34 70673.70124426468 113.2388593624392 229463.059896373
35 70547.78522264912 113.1618833544474 229589.0528939966
36 70422.28002033541 113.0856825934739 229714.6342970713
37 70297.19236828775 113.010288434244 229839.7973432782
38 70172.5147526261 112.9356640661522 229964.5495833079
39 70048.24491212978 112.8617990107054 230088.8932888597
40 69924.37858287814 112.7886727867857 230212.8327443352
41 69800.91416138034 112.7162863359176 230336.3695522839
42 69677.84676900883 112.6446142271645 230459.5086167642
43 69555.17260501342 112.5736397090068 230582.2537552777
44 69432.88973214841 112.5033580449965 230704.6069098068
45 69310.99557962072 112.433760413846 230826.5706599656
46 69189.48624331629 112.3648293975903 230948.1489272863
47 69068.35892807886 112.2965542514936 231069.3445176698
48 68947.61209387492 112.2289308577478 231190.1589752675
49 68827.24218398315 112.1619444506265 231310.5958715664
50 68707.24636582665 112.0955840878166 231430.6580500857