Time X_A X1 X_B
0 100000 250 200000
1 99520.0625472579 135.2027096530543 200594.7347430891
2 99391.33300735972 70.67269032911224 200787.9943023112
3 99332.85582510888 60.89362698439766 200856.2505479068
4 99281.11765851939 59.92268457107856 200908.9596569096
5 99230.02022787425 59.83833233021625 200960.1414397956
6 99178.9954798986 59.83814579035374 201011.1663743111
7 99127.98993786665 59.84587529008481 201062.1641868433
8 99076.99859645749 59.85434708124883 201113.1470564613
9 99026.02100115748 59.8628780788104 201164.1161207638
10 98975.05713093202 59.87140993165728 201215.0714591364
11 98924.10699892438 59.87993516029713 201266.0130659154
12 98873.1706258779 59.88845191849861 201316.9409222036
13 98822.24807569651 59.89696020061373 201367.8549641029
14 98771.33933435539 59.90546008784384 201418.7552055568
15 98720.44438845203 59.91395165778717 201469.6416598902
16 98669.56327054133 59.92243495871834 201520.5142945
17 98618.69606691117 59.93091011859103 201571.3730229703
18 98567.84271832279 59.93937704956187 201622.2179046277
19 98517.00322477618 59.94783575163087 201673.0489394722
20 98466.17769723121 59.95628630262129 201723.8660164662
21 98415.36611416045 59.96472868743456 201774.6691571522
22 98364.56845213509 59.97316288963854 201825.4583849753
23 98313.7852045029 59.9815889639283 201876.2332065332
24 98263.01725694956 59.99000700849542 201926.992736042
25 98212.26340406828 59.99841688970239 201977.7381790421
26 98161.52364585902 60.00681860754922 202028.4695355335
27 98110.79798232183 60.01521216203592 202079.1868055162
28 98060.08641345668 60.02359755316246 202129.8899889902
29 98009.38893926358 60.03197478092886 202180.5790859555
30 97958.70555974252 60.04034384533513 202231.2540964122
31 97908.03627489351 60.04870474638125 202281.9150203601
32 97857.38108471656 60.05705748406723 202332.5618577994
33 97806.73998921164 60.06540205839307 202383.19460873
34 97756.11298837878 60.07373846935876 202433.8132731519
35 97705.50008221796 60.08206671696431 202484.4178510651
36 97654.9012707292 60.09038680120972 202535.0083424696
37 97604.31655391247 60.09869872209499 202585.5847473655
38 97553.7459317678 60.10700247962011 202636.1470657526
39 97503.18940429518 60.1152980737851 202686.6952976311
40 97452.64697149459 60.12358550458994 202737.2294430009
41 97402.11863336606 60.13186477203464 202787.749501862
42 97351.60438990957 60.1401358761192 202838.2554742143
43 97301.10509334705 60.14839911190548 202888.7465075411
44 97250.62236367483 60.15665504027926 202939.2209812849
45 97200.15403717094 60.16490291210251 202989.681059917
46 97149.70011383537 60.17314272737521 203040.1267434373
47 97099.26059366809 60.18137448609738 203090.5580318458
48 97048.83547666915 60.18959818826901 203140.9749251426
49 96998.42476283852 60.1978138338901 203191.3774233276
50 96948.02845217622 60.20602142296065 203241.7655264008