Time X_A X1 X_B
0 100000 250 200000
1 98977.88191016471 350.7658040980874 200921.3522857372
2 97069.0135391018 591.7064199156131 202589.2800409826
3 94886.41356510149 597.3848344096621 204766.2016004889
4 92855.49237844819 559.6253959240353 206834.8822256278
5 90985.39030834268 519.2932443862173 208745.3164472712
6 89285.11411567226 476.2982036268922 210488.5876807009
7 87771.15597079929 428.4189774872548 212050.4250517136
8 86475.18321072325 371.1179940857571 213403.6987951911
9 85458.84591550974 295.7059419549273 214495.4481425354
10 84814.4545851017 197.4714572851298 215238.0739576132
11 84526.45099640136 118.4071281230298 215605.1418754757
12 84391.31175833959 91.78534079161902 215766.9029008688
13 84288.00693953969 86.65236951583901 215875.3406909445
14 84190.04395793163 85.8011782593848 215974.154863809
15 84093.05070993582 85.65851582228153 216071.290774242
16 83996.33030887171 85.62900735578451 216168.0406837726
17 83899.77215633623 85.61745618448992 216264.6103874793
18 83803.35851011555 85.60875398764945 216361.0327358969
19 83707.08634679232 85.60054320270191 216457.3131100051
20 83610.95491353903 85.5924362202812 216553.4526502408
21 83514.96363163767 85.58437495363259 216649.4519934088
22 83419.11242851056 85.57635649532966 216745.3112149942
23 83323.40083932311 85.56837490583787 216841.0307857711
24 83227.82871556385 85.56043084777563 216936.6108535884
25 83132.3957264741 85.55252287552753 217032.0517506504
26 83037.10008292807 85.54465013943863 217127.3552669325
27 82941.94251864473 85.53681319984153 217222.5206681555
28 82846.92340501987 85.52901234036683 217317.5475826398
29 82752.04274205348 85.52124756101452 217412.4360103855
30 82657.30052974555 85.51351886178462 217507.1859513927
31 82562.69364465441 85.50582351730118 217601.8005318283
32 82468.22356025261 85.49816281325067 217696.2782769342
33 82373.89068271351 85.49053710404185 217790.6187801825
34 82279.69501203712 85.48294638967472 217884.8220415733
35 82185.63654822343 85.47539067014927 217978.8880611065
36 82091.71463101525 85.46786938708982 218072.8174995977
37 81997.92355224643 85.46037771313318 218166.6160700404
38 81904.26915228961 85.45292058744879 218260.277927123
39 81810.75115571743 85.44549777710934 218353.8033465055
40 81717.36928710261 85.43810904918753 218447.1926038482
41 81624.12007342388 85.43075125191203 218540.4491753242
42 81531.00552672891 85.42342624042014 218633.5710470307
43 81438.02539240418 85.41613380078394 218726.558473795
44 81345.1793291169 85.40887363991597 218819.4117972432
45 81252.46699553437 85.40164546472884 218912.1313590009
46 81159.88805032383 85.39444898213513 219004.717500694
47 81067.44215215254 85.3872838990474 219097.1705639484
48 80975.12895968776 85.38014992237825 219189.4908903899
49 80882.94813159674 85.37304675904026 219281.6788216442
50 80790.89932654674 85.365974115946 219373.7346993373