Time X_A X1 X_B
0 100000 250 200000
1 7.45935431742461e-05 0.0252196801507208 300249.9747057266
2 6.895157169485974e-05 0.02521967947641402 300249.9747113693
3 6.372718383534991e-05 0.02521967884543648 300249.9747165944
4 5.892460443530395e-05 0.02521967825718581 300249.9747213978
5 5.443859963168289e-05 0.02521967771154677 300249.9747258845
6 5.028421989460857e-05 0.02521967720853584 300249.9747300394
7 4.648304693444001e-05 0.02521967674817666 300249.9747338411
8 4.300506949373074e-05 0.02521967632694182 300249.9747373196
9 3.967736110848222e-05 0.02521967592450628 300249.9747406481
10 3.666614452794902e-05 0.02521967556040715 300249.9747436602
11 3.392090658408531e-05 0.02521967522808266 300249.974746406
12 3.141068225752792e-05 0.0252196749236997 300249.9747489162
13 2.913411008447724e-05 0.02521967464755747 300249.9747511926
14 2.706765705603571e-05 0.02521967439686029 300249.9747532589
15 2.518779016330583e-05 0.02521967416881247 300249.9747551385
16 2.347097639739006e-05 0.02521967396061833 300249.9747568551
17 2.189368274939089e-05 0.02521967376948218 300249.9747584321
18 2.043237621041078e-05 0.02521967359260835 300249.9747598932
19 1.906352377155223e-05 0.02521967342720115 300249.9747612619
20 1.776359242391769e-05 0.02521967327046489 300249.9747625618
21 1.650904915860965e-05 0.0252196731196039 300249.9747638164
22 1.547291952338344e-05 0.02521967299435855 300249.9747648523
23 1.452124229987369e-05 0.02521967287927219 300249.9747658038
24 1.363487962942491e-05 0.02521967277205308 300249.9747666901
25 1.280029017563167e-05 0.02521967267105111 300249.9747675246
26 1.200393260208857e-05 0.02521967257461617 300249.9747683209
27 1.123226557239019e-05 0.02521967248109814 300249.9747690925
28 1.04717477501311e-05 0.02521967238884694 300249.9747698531
29 9.834319077259776e-06 0.02521967231163608 300249.9747704905
30 9.253196418211942e-06 0.02521967224127121 300249.9747710716
31 8.707078567943455e-06 0.02521967217514839 300249.9747716177
32 8.189615463866251e-06 0.02521967211250146 300249.9747721352
33 7.694457043392266e-06 0.02521967205256422 300249.9747726304
34 7.215253243933437e-06 0.02521967199457048 300249.9747731096
35 6.745654002901698e-06 0.02521967193775406 300249.9747735793
36 6.334332301891928e-06 0.02521967188724239 300249.9747739888
37 5.96095748820435e-06 0.02521967184077178 300249.974774359
38 5.61005397741353e-06 0.0252196717965986 300249.9747747057
39 5.278868936602873e-06 0.02521967175434198 300249.9747750315
40 4.964649532855785e-06 0.02521967171362104 300249.974775339
41 4.664642933255672e-06 0.02521967167405489 300249.9747756309
42 4.376096304885938e-06 0.02521967163526265 300249.9747759098
43 4.055116573755024e-06 0.02521967159961491 300249.9747762276
44 3.841153680948156e-06 0.02521967157076545 300249.9747764326
45 3.635292822293362e-06 0.02521967154432407 300249.9747766302
46 3.437533997790641e-06 0.02521967152029079 300249.9747768206
47 3.247877207439992e-06 0.02521967149866559 300249.9747770036
48 3.066322451241417e-06 0.02521967147944848 300249.9747771794
49 2.892869729194915e-06 0.02521967146263946 300249.9747773479
50 2.729943454804207e-06 0.02521967144505592 300249.974777507