Time X_A X1 X_B
0 100000 250 200000
1 99723.03097702339 117.4828088855911 200409.486214091
2 99619.52053362293 87.34872892570816 200543.1307374513
3 99541.12162083584 83.09404044705629 200625.7843387171
4 99465.85670590241 82.56724117375143 200701.5760529238
5 99391.01837293558 82.5118520384561 200776.4697750259
6 99316.27244140644 82.51491927396043 200851.2126393195
7 99241.57767717524 82.52521427712381 200925.8971085475
8 99166.92898855188 82.53636404808218 201000.5346473999
9 99092.32579219287 82.54760043428919 201075.1266073727
10 99017.76805508553 82.55882643021282 201149.6731184841
11 98943.25579249479 82.57003527563235 201224.1741722295
12 98868.78902672748 82.58122234178424 201298.6297509306
13 98794.36780030876 82.59238631192238 201373.0398133792
14 98719.9922149082 82.6035277660764 201447.4042573256
15 98645.66229350223 82.61464668724214 201521.7230598104
16 98571.37797519118 82.62574312048946 201595.9962816882
17 98497.13925997504 82.63681706581836 201670.223922959
18 98422.94618786658 82.64786862544129 201744.4059435079
19 98348.79900464111 82.65889842719093 201818.5420969315
20 98274.69753780862 82.66990603044177 201892.6325561608
21 98200.64178736907 82.68089143519377 201966.6773211956
22 98126.63175332248 82.69185464144695 202040.6763920359
23 98052.66742037583 82.70279561811745 202114.6297840059
24 97978.7493872655 82.71371558216983 202188.5368971522
25 97904.87711788011 82.72461344392826 202262.3982686758
26 97831.05063990448 82.73548925966367 202336.2138708357
27 97757.27006521237 82.74634324225471 202409.9835915452
28 97683.5356118549 82.75717580209059 202483.7072123429
29 97609.84710251594 82.76798661410072 202557.3849108698
30 97536.20456930304 82.77877574278313 202631.0166549541
31 97462.60804432372 82.78954325263578 202704.6024124235
32 97389.05755968549 82.8002892081567 202778.1421511062
33 97315.55314749587 82.81101367384389 202851.6358388301
34 97242.09483986239 82.82171671419532 202925.0834434233
35 97168.68266889255 82.832398393709 202998.4849327136
36 97095.31666669388 82.84305877688294 203071.8402745291
37 97021.99686537389 82.85369792821514 203145.1494366978
38 96948.72329704011 82.86431591220358 203218.4123870476
39 96875.49599380004 82.87491279334627 203291.6290934065
40 96802.31498776123 82.8854886361412 203364.7995236025
41 96729.18031103117 82.8960435050864 203437.9236454636
42 96656.09179832684 82.90657697609804 203511.0016246969
43 96583.04958638336 82.91708937264872 203584.0333242439
44 96510.0537473194 82.92758085827224 203657.0186718222
45 96437.10430999935 82.93805148943919 203729.9576385111
46 96364.20130328764 82.94850132262016 203802.8501953896
47 96291.34475604861 82.95893041428579 203875.696313537
48 96218.53469714669 82.96933882090663 203948.4959640323
49 96145.77115544624 82.97972659895329 204021.2491179547
50 96073.05415981168 82.99009380489639 204093.9557463833