Time X_A X1 X_B
0 100000 250 200000
1 97922.98445300145 855.7926502818495 201471.2228967167
2 95416.65042422868 842.3643895374805 203990.9851862339
3 93040.53484427513 806.7582407051874 206402.7069150198
4 90777.46942549886 771.9247102359594 208700.6058642652
5 88625.17884381709 737.7853597710805 210887.0357964119
6 86581.51968363809 704.2481463284338 212964.2321700335
7 84644.74450227851 671.2085372017926 214934.0469605197
8 82813.49139230448 638.542091647109 216797.9665160484
9 81086.84556601824 606.1005678879351 218557.0538660938
10 79464.46648526318 573.6964767839683 220211.8370379529
11 77946.74686881725 541.085174659834 221762.167956523
12 76535.073689424 507.9325145980102 223206.9937959782
13 75232.24269640059 473.7589107259144 224543.9983928737
14 74043.11901114791 437.8675808973308 225769.0134079549
15 72975.69165500723 399.1802353242609 226875.1281096687
16 72042.73209173024 356.0742344065526 227851.1936738634
17 71263.48695111733 306.4452672790704 228680.0677816038
18 70661.69361909194 249.3709971485849 229338.9353837597
19 70248.20647389432 190.7840057877381 229811.0095203182
20 69989.49011551429 145.8675769598144 230114.6423075262
21 69817.76184403626 122.2715645002099 230309.9665914638
22 69681.53828848657 112.9145249021366 230455.5471866115
23 69557.77525197469 109.6513224455381 230582.57342558
24 69438.32352156547 108.5305952396683 230703.145883195
25 69320.5248851396 108.1092704406308 230821.36584442
26 69203.53443499187 107.9104076409537 230938.5551573674
27 69087.08499081885 107.7819361046449 231055.1330730767
28 68971.09079384955 107.6760962730789 231171.2331098775
29 68855.52265708908 107.5780250956378 231286.8993178155
30 68740.36888620853 107.4830920507482 231402.1480217409
31 68625.62323149614 107.3898612383565 231516.9869072657
32 68511.28118632197 107.2978961411184 231631.4209175372
33 68397.33884496774 107.2070317768852 231745.4541232557
34 68283.79249467709 107.1172093681018 231859.0902959551
35 68170.6385355792 107.0283977815776 231972.3330666395
36 68057.87344184796 106.9405736348083 232085.1859845175
37 67945.49376458966 106.8537166716479 232197.652518739
38 67833.49611517748 106.7678079206202 232309.7360769022
39 67721.87716806946 106.6828291471355 232421.4400027837
40 67610.63365465659 106.5987627297847 232532.7675826139
41 67499.76236433828 106.5155915448643 232643.7220441172
42 67389.26014282531 106.4332989498227 232754.3065582252
43 67279.12388996055 106.3518687512182 232864.5242412885
44 67169.35055914598 106.2712851924824 232974.3781556618
45 67059.93715556579 106.1915329442233 233083.8713114903
46 66950.88073455155 106.1125970778908 233193.0066683709
47 66842.17840083482 106.0344630571392 233301.7871361084
48 66733.82730700971 105.9571167289197 233410.2155762617
49 66625.82465210553 105.8805443010273 233518.2948035937
50 66518.16768085261 105.8047323341312 233626.0275868135