Time X_A X1 X_B
0 100000 250 200000
1 99014.50160042469 341.9743754446719 200893.5240241307
2 97257.80169357428 564.0312130801954 202428.1670933456
3 95252.94795953209 575.3078741890154 204421.744166279
4 93373.21843840746 542.4022313754393 206334.3793302171
5 91626.47156314395 506.8409431242567 208116.6874937319
6 90020.37586774708 468.9060374741579 209760.7180947789
7 88568.50502605397 426.7587257429016 211254.7362482032
8 87296.70613627472 376.4918194647537 212576.8020442606
9 86257.82236050279 309.4625959916986 213682.7150435056
10 85553.76415863021 212.0954783716799 214484.1403629981
11 85247.42929077747 111.1082575505242 214891.462451672
12 85145.56224294566 72.15590214899117 215032.2818549052
13 85082.61001226549 65.4556379992801 215101.9343497351
14 85024.8087397058 64.54904272567678 215160.6422175685
15 84967.70522364767 64.43358118125187 215217.861195171
16 84910.72336931081 64.42156075414402 215274.855069935
17 84853.78846817299 64.42296790037494 215331.7885639266
18 84796.89082884773 64.42610566609193 215388.6830654861
19 84740.02919719298 64.42946557335327 215445.5413372336
20 84683.20339662976 64.43284497857975 215502.3637583916
21 84626.4134056133 64.43622457450604 215559.1503698122
22 84569.65921198117 64.43959877700379 215615.9011892418
23 84512.94080789946 64.44296691701923 215672.6162251835
24 84456.25817482836 64.44632856599669 215729.2954966056
25 84399.61129764274 64.44968378372619 215785.9390185735
26 84343.00019284509 64.45303272205257 215842.5467744328
27 84286.42486043542 64.45637538097586 215899.1187641835
28 84229.88528030086 64.45971184331408 215955.6550078557
29 84173.38141705102 64.46304225479336 216012.1555406941
30 84116.91330009248 64.46636649432698 216068.6203334131
31 84060.48092942525 64.46968456191496 216125.0493860127
32 84004.08428921028 64.47299650058329 216181.4427142891
33 83947.72332776512 64.47630245072484 216237.8003697841
34 83891.39808279119 64.47960230992557 216294.1223148988
35 83835.1085542885 64.48289607818543 216350.4085496332
36 83778.85465291087 64.48618386053647 216406.6591632285
37 83722.63588985069 64.48946623160269 216462.8746439176
38 83666.45277375262 64.49274259344037 216519.0544836538
39 83610.30530461669 64.49601294604952 216575.1986824372
40 83554.19348244288 64.49927728943013 216631.3072402676
41 83498.11730723119 64.50253562358219 216687.3801571451
42 83442.07677898165 64.50578794850573 216743.4174330697
43 83386.07189769423 64.50903426420071 216799.4190680415
44 83330.10266336893 64.51227457066716 216855.3850620603
45 83274.16907600577 64.51550886790508 216911.3154151262
46 83218.27113560472 64.51873715591445 216967.2101272393
47 83162.40884216581 64.52195943469529 217023.0691983994
48 83106.58219568903 64.52517570424759 217078.8926286066
49 83050.79119617438 64.52838596457134 217134.6804178609
50 82995.03584362185 64.53159021566655 217190.4325661624