Time X_A X1 X_B
0 100000 250 200000
1 99677.65846691089 122.4366855629187 200449.9048475262
2 99577.51199120141 78.7730822702068 200593.7149265284
3 99515.56224574444 71.70259761286516 200662.7351566427
4 99458.43067402799 70.78156673692799 200720.787759235
5 99401.92308739055 70.67297539090094 200777.4039372185
6 99345.51178079612 70.66786442558873 200833.8203547782
7 99289.13002339425 70.6758420011282 200890.1941346045
8 99232.76941470426 70.68548026001523 200946.5451050356
9 99176.42889563441 70.6953089917681 201002.8757953737
10 99120.10836744819 70.70515076347318 201059.1864817882
11 99063.80783364768 70.71498581142775 201115.4771805407
12 99007.52732293402 70.72480959713239 201171.7478674687
13 98951.26684126192 70.73462218421624 201227.9985365537
14 98895.02642496946 70.74442224204509 201284.2291527883
15 98838.80617271806 70.75421023244506 201340.4396170493
16 98782.60609930042 70.7639861480602 201396.6299145513
17 98726.42614376685 70.77375001919891 201452.8001062138
18 98670.26630611734 70.78350184586121 201508.9501920366
19 98614.12658635189 70.7932416280471 201565.0801720199
20 98558.00711547316 70.80296952662638 201621.1899150001
21 98501.90798417536 70.81268565297067 201677.2793301715
22 98445.82907055912 70.8223898573888 201733.3485395833
23 98389.77037462444 70.83208213988075 201789.3975432355
24 98333.73189637132 70.84176250044655 201845.4263411281
25 98277.71373787397 70.8514310137199 201901.4348311122
26 98221.71607056435 70.86108780504686 201957.4228416304
27 98165.73873128514 70.87073275513154 202013.3905359596
28 98109.78172003634 70.88036586397395 202069.3379140995
29 98053.84503681793 70.88998713157406 202125.2649760503
30 97997.92913982025 70.89959670629867 202181.1712634733
31 97942.03545084143 70.90919504854074 202237.0553541099
32 97886.16230884066 70.91878162043805 202292.9189095388
33 97830.30971381794 70.92835642199059 202348.7619297599
34 97774.47766577327 70.93791945319836 202404.5844147734
35 97718.66616470665 70.94747071406137 202460.3863645791
36 97662.87521061808 70.95701020457962 202516.1677791772
37 97607.10480350757 70.9665379247531 202571.9286585675
38 97551.35494337509 70.97605387458181 202627.6690027502
39 97495.62563022067 70.98555805406575 202683.3888117251
40 97439.91686404429 70.99505046320492 202739.0880854924
41 97384.22864484598 71.00453110199933 202794.7668240519
42 97328.56097262571 71.01399997044898 202850.4250274037
43 97272.91384738348 71.02345706855385 202906.0626955478
44 97217.2872691193 71.03290239631396 202961.6798284843
45 97161.68123783318 71.04233595372931 203017.2764262129
46 97106.09575352511 71.05175774079989 203072.8524887339
47 97050.53081619508 71.06116775752569 203128.4080160472
48 96994.98642584312 71.07056600390675 203183.9430081529
49 96939.46258246919 71.07995247994302 203239.4574650507
50 96883.960221883 71.08932785408253 203294.9504502628