Time X_A X1 X_B
0 100000 250 200000
1 98842.66656434863 440.7849119988105 200966.5485236525
2 96950.61440523382 583.3831451489602 202716.0024496172
3 95104.55690244024 561.8138780111692 204583.6292195485
4 93366.20902492011 533.0339808440934 206350.7569942357
5 91736.40990742293 503.7029991666192 208009.8870934104
6 90217.31184472592 473.660117030863 209559.0280382432
7 88812.71475664453 442.4014854379924 210994.8837579175
8 87529.07834879697 409.1313983553755 212311.7902528477
9 86377.05488227087 372.5569525327393 213500.3881651964
10 85374.20442740382 330.5642189935572 214545.2313536027
11 84548.44153450514 280.1562264460168 215421.4022390489
12 83935.16114819564 220.1810404641394 216094.6578113403
13 83544.37357786245 161.2320224177134 216544.3943997199
14 83313.22530861988 123.650866598781 216813.1238247814
15 83152.85239333895 108.4886580335239 216988.6589486275
16 83015.28627490708 103.7638409901122 217130.9498841028
17 82884.3925124173 102.3994419734566 217263.2080456091
18 82755.57747871421 101.9844245774325 217392.4380967082
19 82627.59325849038 101.8269195379063 217520.5798219716
20 82500.10476517254 101.7385310960829 217648.1567037313
21 82373.02128988609 101.6689145862644 217775.3097955276
22 82246.31687069537 101.6046943292313 217902.0784349753
23 82119.98267761711 101.5423466347684 218028.474975748
24 81994.01445645448 101.480968428077 218154.5045751174
25 81868.4090992156 101.4202876578842 218280.1706131265
26 81743.1638813047 101.3602381818287 218405.4758805134
27 81618.27454801385 101.3007884441017 218530.424663542
28 81493.73921715841 101.2419291967536 218655.0188536448
29 81369.55640384644 101.1836533998033 218779.2599427537
30 81245.72196248351 101.1259430757184 218903.1520944408
31 81122.23962666486 101.0688143438107 219026.6915589913
32 80999.09455172809 101.012203469086 219149.8932448028
33 80876.29711084846 100.9561549907903 219272.7467341607
34 80753.84006796147 100.9006380084722 219395.25929403
35 80631.72269404422 100.8456493406448 219517.4316566151
36 80509.94200435175 100.7911761968029 219639.2668194514
37 80388.4953127941 100.7372081123295 219760.7674790935
38 80267.38137562778 100.6837458554199 219881.9348785167
39 80146.59667109756 100.6307724534009 220002.772556449
40 80026.13851378638 100.5782774468957 220123.2832087667
41 79906.00499594143 100.5262557560334 220243.4687483025
42 79786.19519768303 100.4747091345724 220363.3300931824
43 79666.70589601644 100.4236234044332 220482.8704805791
44 79547.53479198772 100.3729907796041 220602.0922172326
45 79428.68037050648 100.3228063524824 220720.996823141
46 79310.14110674302 100.2730651797017 220839.5858280772
47 79191.91447853498 100.2237586556116 220957.8617628094
48 79073.99843598623 100.1748799087603 221075.8266841049
49 78956.39189227227 100.1264251570649 221193.4816825706
50 78839.09287663741 100.0783877829429 221310.8287355796