Time X_A X1 X_B
0 100000 250 200000
1 99501.32190744554 170.6723591330758 200578.0057334214
2 99268.29571101736 110.3106443968148 200871.3936445858
3 99143.89509613706 90.00393889170996 201016.1009649712
4 99043.89443434268 85.66613953097045 201120.4394261264
5 98948.53812157028 84.85487466611681 201216.6070037637
6 98854.10281201637 84.710239108314 201311.1869488754
7 98759.90862223838 84.68754157850039 201405.4038361832
8 98665.83214210402 84.68696948929852 201499.4808884067
9 98571.85095951793 84.69035680673416 201593.4586836754
10 98477.96106656679 84.69447552100263 201687.3444579122
11 98384.16165320491 84.69869950113315 201781.139647294
12 98290.45254276782 84.70293070138756 201874.8445265308
13 98196.83365448122 84.70715031938875 201968.4591951994
14 98103.30497682562 84.71135815272399 202061.9836650217
15 98009.86642653433 84.71555022605678 202155.4180232396
16 97916.51801062169 84.71972787673813 202248.7622615016
17 97823.25963078061 84.72388992479179 202342.0164792946
18 97730.09118817165 84.72803698886831 202435.1807748395
19 97637.01230989079 84.732169425503 202528.2555206837
20 97544.02334819002 84.73628689790604 202621.2403649121
21 97451.12430306933 84.74038940607743 202714.1353075246
22 97358.31517452872 84.74447695001717 202806.9403485213
23 97265.59596256819 84.74854952972528 202899.6554879021
24 97172.96666718773 84.75260714520174 202992.2807256671
25 97080.42671136445 84.75665090008576 203084.8166377355
26 96987.97609557975 84.76068079345659 203177.2632236268
27 96895.61513609407 84.7646962204207 203269.6201676855
28 96803.3438329074 84.76869718097811 203361.8874699116
29 96711.16218601975 84.77268367512879 203454.0651303051
30 96619.07019543111 84.77665570287276 203546.153148866
31 96527.06786114148 84.78061326421002 203638.1515255943
32 96435.15544912482 84.78455593292264 203730.0599949422
33 96343.33038292111 84.78848783773601 203821.8811292412
34 96251.59488396409 84.79240541884721 203913.6127106171
35 96159.94890705035 84.7963087486938 204005.254784201
36 96068.39240697643 84.80019789971342 204096.8073951238
37 95976.92533853892 84.80407294434366 204188.2705885168
38 95885.54724904033 84.80793447510571 204279.6448164846
39 95794.25753289307 84.81178327965408 204370.9306838273
40 95703.0568999933 84.81561846669462 204462.12748154
41 95611.94529427181 84.81944012253292 204553.2352656056
42 95520.92265965934 84.82324833347458 204644.2540920072
43 95429.98894008668 84.82704318582518 204735.1840167275
44 95339.14407948458 84.83082476589028 204826.0250957495
45 95248.38802178383 84.83459315997551 204916.7773850562
46 95157.72071091516 84.83834845438645 205007.4409406304
47 95067.14209080936 84.84209073542866 205098.0158184552
48 94976.65210539718 84.84582008940775 205188.5020745134
49 94886.25069860941 84.84953660262931 205278.899764788
50 94795.93781437678 84.85324036139892 205369.2089452618