Time X_A X1 X_B
0 100000 250 200000
1 98838.47537451841 535.6029366100264 200875.9216888714
2 96740.53279278938 748.0568499901035 202761.4103572203
3 94775.84146448555 720.4349342132662 204753.7236013011
4 92901.93760382701 690.4802573202223 206657.5821388527
5 91116.91144289936 660.729500723514 208472.359056377
6 89420.32931712003 631.0784110026082 210198.5922718773
7 87812.19831521902 601.3730515704402 211836.4286332105
8 86293.09148108821 571.4116188958538 213385.4969000159
9 84864.34358952387 540.9193378765806 214844.7370725995
10 83528.36122032552 509.5037471787859 216212.1350324956
11 82289.17354978704 476.5782453703378 217484.2482048426
12 81153.30852254073 441.2178551847284 218655.4736222745
13 80131.39297744136 401.895807006712 219716.7112155518
14 79240.96319930814 356.0475427449635 220652.9892579468
15 78510.36617561558 299.7982737085511 221439.8355506758
16 77977.41953014467 230.664890106403 222041.9155797489
17 77657.68854263348 159.7495409216753 222432.5619164448
18 77491.84902485571 113.0091461969258 222645.1418289474
19 77391.66527321703 94.09384656738537 222764.2408802156
20 77311.33849024247 88.33345980433342 222850.3280499532
21 77236.43057471116 86.74899759724724 222926.8204276916
22 77163.02059585734 86.31975651005853 223000.6596476326
23 77090.07500950797 86.19734287584794 223073.7276476162
24 77017.32315651904 86.15544272079022 223146.5214007602
25 76944.69426985866 86.13461860868503 223219.1711115326
26 76872.16971651591 86.11931035204958 223291.710973132
27 76799.74447587783 86.10546307507977 223364.1500610471
28 76727.41710849313 86.09205653618814 223436.4908349707
29 76655.18702922216 86.0787933714182 223508.7341774064
30 76583.05392514501 86.06560855489455 223580.8804663001
31 76511.01727626582 86.05248145547161 223652.9302422787
32 76439.07714877282 86.03941191905851 223724.8834393081
33 76367.23315149512 86.02639668083562 223796.7404518241
34 76295.48511750773 86.01343431593803 223868.5014481764
35 76223.83295432176 86.00052519318088 223940.1665204851
36 76152.27614809506 85.98766742578378 224011.7361844792
37 76080.81477656006 85.97486173504784 224083.2103617049
38 76009.44654357905 85.96210522677652 224154.5913511942
39 75938.17315725955 85.94940005397606 224225.8774426865
40 75866.99461760152 85.93674621664645 224297.0686361819
41 75795.91092460501 85.92414371478769 224368.1649316803
42 75724.92207827 85.9115925483998 224439.1663291816
43 75654.02697798626 85.89909103725806 224510.0739309765
44 75583.22373586442 85.88663629925368 224580.8896278364
45 75512.51423651453 85.87423121148913 224651.611532274
46 75441.89847993657 85.86187577396439 224722.2396442895
47 75371.37646613056 85.84956998667947 224792.7739638828
48 75300.9481950965 85.83731384963437 224863.2144910539
49 75230.61628958839 85.82511132429055 224933.5585990874
50 75160.36851986332 85.81294393859348 225003.8185361981