Time X_A X1 X_B
0 100000 250 200000
1 99579.80645739625 143.5008215920856 200526.6927210117
2 99434.94114806382 86.86967925444364 200728.1891726817
3 99357.34776360798 75.17323168433026 200817.4790047077
4 99289.43759571137 73.46802326943057 200887.0943810192
5 99222.86873201551 73.24217158746778 200953.889096397
6 99156.50837098373 73.22020623982644 201020.2714227765
7 99090.20250262901 73.22602206504274 201086.5714753059
8 99023.93020419849 73.23558829033395 201152.8342075112
9 98957.68868104131 73.24565868964076 201219.0656602691
10 98891.47757098869 73.25577790705215 201285.2666511043
11 98825.29686807706 73.26588838135586 201351.4372435416
12 98759.14658867229 73.27598609176079 201417.577425236
13 98693.02675482162 73.28606757535944 201483.687177603
14 98626.9374145624 73.29613181627531 201549.7664536214
15 98560.87864533823 73.30617927308752 201615.8151753887
16 98494.85053496357 73.3162098927219 201681.8332551437
17 98428.85298615551 73.32622373664988 201747.8207901079
18 98362.88599891405 73.33622080487146 201813.7777802811
19 98296.94957323918 73.34620109738664 201879.7042256635
20 98231.04392031336 73.3561649340887 201945.5999147526
21 98165.16905410809 73.36611233614124 202011.4648335558
22 98099.32487313388 73.37604314981087 202077.2990837163
23 98033.51137739075 73.38595737509759 202143.1026652342
24 97967.72856687868 73.39585501200138 202208.8755781093
25 97901.97675940907 73.40573642723581 202274.6175041638
26 97836.25582616772 73.41560147216585 202340.3285723602
27 97770.56571402494 73.42545008548662 202406.0088358896
28 97704.90642298071 73.43528226719812 202471.6582947522
29 97639.27801549553 73.44509805663306 202537.2768864479
30 97573.6823928074 73.45489865104193 202602.8627085416
31 97508.11783132104 73.46468296503969 202668.417485714
32 97442.58433103643 73.47445099862632 202733.941217965
33 97377.08189195357 73.48420275180183 202799.4339052947
34 97311.61051407247 73.49393822456622 202864.895547703
35 97246.1701973931 73.50365741691948 202930.32614519
36 97180.76094191551 73.51336032886162 202995.7256977557
37 97115.38274763964 73.52304696039265 203061.0942054
38 97050.03561456554 73.53271731151254 203126.431668123
39 96984.71954269319 73.54237138222132 203191.7380859246
40 96919.4345320226 73.55200917251898 203257.0134588049
41 96854.18058255374 73.56163068240551 203322.2577867639
42 96788.95769428664 73.57123591188092 203387.4710698015
43 96723.7658672213 73.58082486094521 203452.6533079178
44 96658.60510135771 73.59039752959839 203517.8045011127
45 96593.47603894834 73.59995468421941 203582.9240063675
46 96528.38052141848 73.60949852212117 203648.0099800595
47 96463.3164274342 73.61902651198491 203713.0645460539
48 96398.2837569955 73.62853865381064 203778.0877043507
49 96333.28251010239 73.63803494759836 203843.0794549501
50 96268.31268675487 73.64751539334806 203908.0397978518