Time X_A X1 X_B
0 100000 250 200000
1 98297.83699487815 756.3640885379102 201195.798916584
2 96033.40845902231 793.1209735143726 203423.4705674633
3 93903.37799458492 761.8199396674175 205584.8020657477
4 91867.72506029256 730.9891590578356 207651.2857806496
5 89925.00664221394 700.6168580779154 209624.3764997082
6 88073.96903259195 670.6157807388207 211505.4151866694
7 86313.63705975447 640.8888284219868 213295.4741118237
8 84643.42076094565 611.3131565145407 214995.2660825399
9 83063.16033839475 581.7372766111644 216605.1023849942
10 81573.25885277509 551.9638016009782 218124.7773456241
11 80174.87024325891 521.7267751243057 219553.4029816169
12 78870.23290728891 490.6451990518323 220889.1218936594
13 77663.13319479032 458.1628731910912 222128.7039320187
14 76559.77891823817 423.4019352606416 223266.8191465012
15 75570.26275405064 384.9504544277641 224294.7867915216
16 74711.01892441051 340.5138562193667 225198.4672193701
17 74007.78989533937 286.8764602688207 225955.3336443918
18 73492.6948666039 222.7142925802764 226534.5908408158
19 73174.97740492203 158.6664374391374 226916.3561576388
20 72999.57844621297 116.2780407378483 227134.1435130491
21 72887.82677505308 98.32102090447813 227263.8522040423
22 72796.79511797721 92.48961625369033 227360.715265769
23 72711.84883738379 90.7712586513466 227447.3799039648
24 72628.71821428422 90.26705195695625 227531.0147337587
25 72546.20384719851 90.10580900142914 227613.6903437999
26 72463.97213121671 90.04012734830472 227695.9877414349
27 72381.93039149864 90.00101295896519 227778.0685955423
28 72300.05260712595 89.96933498649192 227859.9780578874
29 72218.33115025965 89.93979919024433 227941.72905055
30 72136.76353789189 89.91099931105532 228023.325462797
31 72055.34860099774 89.88250835942793 228104.7688906428
32 71974.08558567411 89.85421947242828 228186.0601948534
33 71892.97366875596 89.826102851678 228267.2002283923
34 71812.01167902506 89.79814712500398 228348.1901738498
35 71731.2000152674 89.77035410898127 228429.0296306236
36 71650.537378518 89.7427181681756 228509.7199033137
37 71570.02341659949 89.71523777469939 228590.2613456257
38 71489.65965918168 89.68791832394774 228670.6524224942
39 71409.44027136569 89.66074117081064 228750.8989874634
40 71329.36939439569 89.63371954841425 228830.9968860558
41 71249.44555714568 89.60684946958285 228910.9475933846
42 71169.66772589037 89.58012800820309 228990.7521461013
43 71090.0357371804 89.55355434930851 229070.4107084701
44 71010.54889525651 89.52712638663606 229149.9239783567
45 70931.20650435942 89.50084201392259 229229.2926536265
46 70852.00804241613 89.47470050974283 229308.517257074
47 70772.9532308715 89.44870309429152 229387.5980660341
48 70694.04114568082 89.42284584113715 229466.5360084779
49 70615.27114629606 89.39712708422717 229545.3317266196
50 70536.64259216908 89.37154515750906 229623.9858626733