Time X_A X1 X_B
0 100000 250 200000
1 99250.41848065773 334.9348300993831 200664.6466892429
2 98102.1028467944 472.3202301586305 201675.576923047
3 96763.26859097775 514.4111067235344 202972.3203022989
4 95462.33077616041 500.8285925600299 204286.8406312797
5 94224.14123596417 479.8563291048345 205546.0024349311
6 93052.15210354938 457.5628419794354 206740.2850544713
7 91948.74416506699 434.3886690514845 207866.8671658816
8 90917.02418353368 410.0685364082861 208922.9072800581
9 89961.50322852732 384.087495925431 209904.4092755474
10 89088.86753272996 355.6489593437652 210805.4835079264
11 88309.08503606755 323.5580732972359 211617.3568906353
12 87636.71264959863 286.1944311462273 212327.0929192553
13 87090.73695863211 242.2098358200361 212917.053205548
14 86687.16548563137 193.5143607498421 213369.3201536188
15 86418.65632490192 149.3752172618065 213681.9684578363
16 86243.99362761751 120.4042445303142 213885.6021278523
17 86116.090254011 106.4486788326201 214027.4610671565
18 86006.94026582308 100.893843548228 214142.1658906289
19 85904.69621966287 98.85591239827161 214246.4478679391
20 85804.9929811484 98.11782255276987 214346.8891962991
21 85706.29766874146 97.83737943251455 214445.8649518263
22 85608.0811225323 97.71512293055424 214544.2037545374
23 85510.16161483208 97.64718729485284 214642.1911978733
24 85412.47658282457 97.59793390185426 214739.9254832738
25 85315.00414625247 97.55522067269854 214837.4406330751
26 85217.73619982319 97.51490528346274 214934.7488948936
27 85120.66932604073 97.47557868370981 215031.8550952758
28 85023.80172234666 97.43678313310818 215128.7614945205
29 84927.13212394177 97.398352948914 215225.4695231096
30 84830.6594413964 97.3602259031357 215321.9803327007
31 84734.38266544873 97.32238350685274 215418.2949510447
32 84638.29967822185 97.28481303272368 215514.4155087456
33 84542.4099470777 97.24751185085451 215610.3425410717
34 84446.71396135571 97.21048160826824 215706.0755570363
35 84351.20875855838 97.17371067514138 215801.6175307667
36 84255.89441592652 97.13719935469676 215896.968384719
37 84160.7716511937 97.10095046452821 215992.127398342
38 84065.83772277497 97.06495368837486 216087.0973235369
39 83971.09013833346 97.02919964786695 216181.8806620189
40 83876.53255026088 96.99370208652387 216276.4737476528
41 83782.1608842281 96.95844632116732 216370.8806694509
42 83687.97577014874 96.92343442367009 216465.1007954278
43 83593.9762251697 96.88866272173107 216559.1351121088
44 83500.16115325931 96.85412713994235 216652.984719601
45 83406.52945838595 96.81982360289604 216746.6507180114
46 83313.08030360147 96.78574987964649 216840.1339465191
47 83219.81363496816 96.751909313642 216933.4344557184
48 83126.72775998506 96.71829358310117 217026.5539464321
49 83033.82168391526 96.68489933375149 217119.4934167512
50 82941.09441202179 96.65172321132043 217212.2538647671