Time X_A X1 X_B
0 100000 250 200000
1 99004.31510840521 318.9585972592431 200926.7262943355
2 96598.04469680395 803.0965447062334 202848.8587584899
3 93279.56963621423 823.1550121863471 206147.2753515996
4 90254.3120390672 760.6058602900908 209235.0821006429
5 87496.88132281633 697.2163713979137 212055.9023057859
6 85014.89855948971 631.3759302411296 214603.7255102693
7 82828.05036566446 559.6635185559929 216862.2861157798
8 80982.19269518947 474.3413010616509 218793.4660037491
9 79587.1552747075 356.4480775716614 220306.396647721
10 78841.58065152398 191.7479435615717 221216.6714049146
11 78632.8103106411 93.71327149120422 221523.4764178679
12 78548.49323356195 77.60051786134083 221623.9062485769
13 78476.33913786399 76.02096404734239 221697.6398980888
14 78405.33406243981 75.88020526985447 221768.7857322905
15 78334.48961231322 75.87106055158968 221839.6393271353
16 78263.71633122207 75.87382680537257 221910.4098419727
17 78193.00611938305 75.87767393923795 221981.1162066778
18 78122.35819963444 75.88160263247212 222051.7601977332
19 78051.77247845593 75.88553167244545 222122.3419898717
20 77981.24891788031 75.88945339257029 222192.8616287272
21 77910.78749692143 75.89336661027417 222263.3191364683
22 77840.38816581012 75.89727009093652 222333.714564099
23 77770.0507766832 75.90116422465148 222404.0480590922
24 77699.77543705494 75.90504907929513 222474.3195138658
25 77629.56214692532 75.90892465486748 222544.5289284198
26 77559.41090629438 75.91279095136851 222614.6763027543
27 77489.32148125216 75.9166483708417 222684.761870377
28 77419.29394511768 75.92049678726669 222754.7855580951
29 77349.32834481285 75.92433611999422 222824.7473190672
30 77279.42468033769 75.92816636902431 222894.6471532933
31 77209.58280934354 75.9319876897285 222964.4852029668
32 77139.8026134589 75.93580021130769 223034.2615863298
33 77070.08422465315 75.93960378971911 223103.9761715572
34 77000.42764292631 75.94339842496278 223173.6289586488
35 76930.83261509634 75.94718426413053 223243.2202006396
36 76861.29740286861 75.95096231712438 223312.7516348143
37 76791.82373789859 75.95473157789954 223382.2215305236
38 76722.41162018626 75.95849204645597 223451.6298877673
39 76653.06104973164 75.9622437227937 223520.9767065456
40 76583.7720265347 75.96598660691271 223590.2619868584
41 76514.54455059547 75.96972069881302 223659.4857287058
42 76445.37862191394 75.97344599849461 223728.6479320876
43 76376.27424049011 75.97716250595751 223797.748597004
44 76307.23140632398 75.98087022120168 223866.7877234549
45 76238.25011941555 75.98456914422715 223935.7653114403
46 76169.33037976481 75.98825927503391 224004.6813609602
47 76100.47218737176 75.99194061362196 224073.5358720147
48 76031.67554223644 75.99561315999129 224142.3288446036
49 75962.9404443588 75.99927691414193 224211.0602787271
50 75894.26689373885 76.00293187607384 224279.7301743851