Time X_A X1 X_B
0 100000 250 200000
1 99595.45131843959 155.4274657299428 200499.1212158304
2 99428.22523439804 96.17416351547587 200725.6006020865
3 99342.43039904091 78.30418727832846 200829.2654136808
4 99273.37868908257 74.62347301476507 200901.9978379026
5 99207.42350414724 73.94357531471265 200968.632920538
6 99142.05959556438 73.82547133457763 201034.114933101
7 99076.83185625322 73.80994868957521 201099.3581950571
8 99011.65773786072 73.8130567377722 201164.5292054014
9 98946.52225425772 73.81950330757944 201229.6582424346
10 98881.42275354287 73.82656522154073 201294.7506812355
11 98816.35873720903 73.83371720807695 201359.8075455828
12 98751.33014255695 73.84087357951165 201424.8289838635
13 98686.3369690675 73.84802055548285 201489.8150103769
14 98621.37923015737 73.85515543839966 201554.7656144041
15 98556.45693136318 73.86227689902097 201619.6807917377
16 98491.57009751908 73.86938412703762 201684.5605183538
17 98426.71873607993 73.87647731387999 201749.4047866061
18 98361.90296712714 73.88355653521059 201814.2134763376
19 98297.12270082661 73.89062182314292 201878.9866773502
20 98232.37793717833 73.89767317767698 201943.7243896439
21 98167.66867618231 73.90471059881276 202008.4266132188
22 98102.99491783854 73.91173408655025 202073.0933480748
23 98038.35677712141 73.91874401435625 202137.7244788641
24 97973.7542725219 73.92574044229418 202202.3199870357
25 97909.18733533843 73.93272314720348 202266.8799415143
26 97844.65596557099 73.93969212908414 202331.4043422999
27 97780.16016321958 73.94664738793615 202395.8931893924
28 97715.69960668698 73.95358802525558 202460.3468052877
29 97651.27532441168 73.96051691437566 202524.7641586739
30 97586.88662314703 73.96743211844881 202589.1459447344
31 97522.53351551411 73.97433367273675 202653.4921508131
32 97458.21601413396 73.9812216125012 202717.8027642535
33 97393.93413162763 73.98809597300388 202782.0777723993
34 97329.68800724956 73.99495715449035 202846.3170355959
35 97265.47764860246 74.00180517775851 202910.5205462197
36 97201.30298190424 74.00863982903792 202974.6883782666
37 97137.1640214436 74.01546114839695 203038.8205174079
38 97073.06078150932 74.02226917590399 203102.9169493147
39 97008.99327639016 74.02906395162738 203166.9776596581
40 96944.96152037487 74.03584551563553 203231.0026341094
41 96880.96552775223 74.0426139079968 203294.9918583397
42 96817.00531281096 74.04936916877956 203358.9453180202
43 96753.08088983984 74.05611133805218 203422.862998822
44 96689.19227312761 74.06284045588305 203486.7448864164
45 96625.33947696307 74.06955656234052 203550.5909664745
46 96561.52251563493 74.07625969749297 203614.4012246675
47 96497.74140343198 74.0829499014088 203678.1756466665
48 96433.99615464297 74.08962721415635 203741.9142181428
49 96370.28678355664 74.09629167580401 203805.6169247675
50 96306.61330446177 74.10294332642015 203869.2837522117