Time X_A X1 X_B
0 100000 250 200000
1 99399.4321359647 168.6489487206757 200681.9189153147
2 99189.37830827036 82.69428851880261 200977.9274032109
3 99117.59533738047 62.39316411160884 201070.0114985081
4 99062.25177436069 60.06276026025632 201127.6854653792
5 99008.54807567837 59.83340657980776 201181.6185177419
6 98955.02235555103 59.81803884540474 201235.1596056037
7 98901.52868163674 59.82410840378972 201288.6472099596
8 98848.05249555045 59.83232369038188 201342.1151807593
9 98794.59235033879 59.84073898479861 201395.5669106766
10 98741.14813381838 59.84916507126895 201449.0027011106
11 98687.71984960257 59.85758672507428 201502.4225636726
12 98634.30752049296 59.86599940220018 201555.826480105
13 98580.9111646331 59.87440318242961 201609.2144321846
14 98527.53082420555 59.88279752412203 201662.5863782705
15 98474.16659938128 59.89118260257052 201715.9422180163
16 98420.81840805832 59.8995584773529 201769.2820334645
17 98367.48625023667 59.90792514846915 201822.605824615
18 98314.17012591635 59.91628261591928 201875.9135914679
19 98260.87016306294 59.92463102376751 201929.2052059135
20 98207.58639823901 59.93297041317616 201982.480631348
21 98154.31875285326 59.94130069566675 202035.7399464513
22 98101.06722690565 59.94962187123929 202088.9831512233
23 98047.83182039621 59.95793393989378 202142.2102456641
24 97994.61277185743 59.96623702699845 202195.4209911158
25 97941.40996029018 59.97453106895842 202248.6155086411
26 97888.22336353456 59.98281605412686 202301.7938204115
27 97835.05298159059 59.99109198250376 202354.9559264271
28 97781.89929473735 59.99935894070516 202408.1013463222
29 97728.76357432536 60.00761715801297 202461.2288085168
30 97675.64427413378 60.01586635557373 202514.3398595108
31 97622.54139416263 60.02410653338744 202567.4344993042
32 97569.45493441189 60.0323376914541 202620.5127278969
33 97516.38489488154 60.04055982977371 202673.5745452889
34 97463.33127557163 60.04877294834628 202726.6199514802
35 97410.29407648213 60.05697704717179 202779.6489464709
36 97357.27329761302 60.06517212625025 202832.6615302609
37 97304.26893896435 60.07335818558166 202885.6577028503
38 97251.28100053608 60.08153522516602 202938.6374642389
39 97198.30948232823 60.08970324500334 202991.600814427
40 97145.3543843408 60.09786224509359 203044.5477534143
41 97092.41570657378 60.10601222543681 203097.478281201
42 97039.49344902717 60.11415318603297 203150.392397787
43 96986.58761170098 60.12228512688208 203203.2901031724
44 96933.6981945952 60.13040804798414 203256.171397357
45 96880.82519770983 60.13852194933916 203309.036280341
46 96827.96862104487 60.14662683094711 203361.8847521244
47 96775.12846460033 60.15472269280803 203414.7168127071
48 96722.30472837621 60.16280953492189 203467.5324620891
49 96669.50085787337 60.17088892877587 203520.3282531981
50 96616.71391075769 60.17895953237632 203573.1071297101