Time X_A X1 X_B
0 100000 250 200000
1 99606.424755038 129.8167167374475 200513.7585282245
2 99488.2856905612 75.933922711093 200685.7803867277
3 99425.46408408509 66.62549573314128 200757.9104201818
4 99369.3934307169 65.4535115386691 200815.1530577444
5 99314.14281027993 65.31978727025526 200870.5374024498
6 99259.00692888281 65.31153843791108 200925.6815326793
7 99203.90135954486 65.31830708758648 200980.7803333676
8 99148.81604959875 65.32688844873674 201035.8570619525
9 99093.74978766438 65.33566424986677 201090.9145480857
10 99038.70246608878 65.3444543311286 201145.95307958
11 98983.67408596884 65.35323956248722 201200.9726744686
12 98928.66467299417 65.3620144255563 201255.9733125802
13 98873.67423769907 65.37077944783042 201310.954982853
14 98818.70280076867 65.37953343425058 201365.9176657969
15 98763.75050965445 65.38827664584169 201420.8612136996
16 98708.81726411475 65.39700919613112 201475.785726689
17 98653.90306414958 65.40573108511886 201530.6912047652
18 98599.00790975895 65.41444231280492 201585.5776479281
19 98544.13187519251 65.42314297835921 201640.444981829
20 98489.2750811138 65.4318332429432 201695.2930856431
21 98434.43741734209 65.44051295939651 201750.1220696984
22 98379.6188838774 65.44918212771917 201804.9319339948
23 98324.81948071971 65.45784074791116 201859.7226785322
24 98270.03938268201 65.46648894992038 201914.494128368
25 98215.27857020454 65.47512671920698 201969.2463030761
26 98160.53698169655 65.48375400998728 202023.9792642933
27 98105.81461715804 65.49237082226125 202078.6930120196
28 98051.11156469905 65.50097718242685 202133.3874581184
29 97996.42970662529 65.50957365442632 202188.0607197201
30 97941.76727002198 65.51815970709113 202242.7145702708
31 97887.12425488915 65.52673534042128 202297.3490097703
32 97832.50066122676 65.53530055441676 202351.9640382187
33 97777.89648903483 65.5438553490776 202406.559655616
34 97723.31173831336 65.55239972440377 202461.1358619621
35 97668.74640906235 65.56093368039528 202515.6926572571
36 97614.2005012818 65.56945721705213 202570.230041501
37 97559.67401497169 65.57797033437433 202624.7480146938
38 97505.16695013206 65.58647303236187 202679.2465768355
39 97450.67930676288 65.59496531101473 202733.725727926
40 97396.21108486416 65.60344717033296 202788.1854679654
41 97341.7622844359 65.61191861031651 202842.6257969537
42 97287.33290547809 65.6203796309654 202897.0467148908
43 97232.92294799074 65.62883023227964 202951.4482217769
44 97178.53241197385 65.63727041425922 203005.8303176118
45 97124.16129742742 65.64570017690414 203060.1930023956
46 97069.80960435144 65.65411952021439 203114.5362761282
47 97015.47733274593 65.66252844419 203168.8601388097
48 96961.16542109403 65.67092757767483 203223.1636513282
49 96906.87544321029 65.67931797522554 203277.4452388144
50 96852.60521028974 65.68769817020245 203331.70709154