Time X_A X1 X_B
0 100000 250 200000
1 97400.47992419603 1027.374659723002 201822.1454160808
2 94769.81228547532 989.286034458701 204490.9016800658
3 92250.54369678888 951.4870342340245 207047.969268977
4 89838.94211545265 914.7591395958107 209496.2987449515
5 87531.91528687997 879.046552564276 211839.0381605556
6 85326.60345104783 844.2944555832867 214079.1020933688
7 83220.31376548388 810.4472215336853 216219.2390129823
8 81210.49374371755 777.4485086821142 218262.0577476003
9 79294.75251060317 745.23974280785 220210.0077465889
10 77470.90185423981 713.7600565874302 222065.3380891727
11 75736.93799322937 682.945558154182 223830.1164486163
12 74091.03955433395 652.728471998337 225506.2319736676
13 72531.59532342707 623.0331425129066 227095.3715340599
14 71057.22861121749 593.7776185503142 228598.993770232
15 69666.82274105231 564.8681420387377 230018.3091169088
16 68359.56093588354 536.1970882959328 231354.2419758204
17 67134.98884768531 507.6378118989324 232607.3733404157
18 65993.06173939862 479.0404926714687 233777.8977679298
19 64934.23132789285 450.224939660419 234865.5437324466
20 63959.54555414496 420.9777303663251 235869.4767154886
21 63070.72678263648 391.0567243334837 236788.2164930299
22 62270.19916225882 360.2211832402415 237619.5796545008
23 61560.89761834841 328.3222901270202 238360.7800915245
24 60945.47513184036 295.5107070284721 239009.0141611311
25 60424.68029280948 262.6002461473495 239562.7194610431
26 59994.57568108477 231.3947104958217 240024.0296084194
27 59644.16065093064 204.4152115619279 240401.4241375074
28 59356.14140755664 183.6716738600996 240710.1869185831
29 59111.48337346276 169.4754910128056 240969.0411355243
30 58894.23427641018 160.5916391566502 241195.174084433
31 58693.42601464214 155.2938903103801 241401.2800950473
32 58502.42251392682 152.1419651208509 241595.4355209522
33 58317.52175426258 150.1851877031633 241782.2930580341
34 58136.73495962383 148.8683076374389 241964.3967327385
35 57959.0109586131 147.8895097824846 242143.0995316042
36 57783.78965976972 147.0916649725328 242319.1186752576
37 57610.75991053867 146.3947159171029 242492.8453735441
38 57439.73623783296 145.758455736913 242664.5053064299
39 57270.59612253727 145.1625665975872 242834.2413108649
40 57103.24954086422 144.5966198937753 243002.1538392418
41 56937.62388616093 144.0549898616065 243168.3211239772
42 56773.65537674863 143.5343039282134 243332.8103193229
43 56611.2900118795 143.0325481426507 243495.6774399776
44 56450.47390659806 142.5481157754081 243656.9779776263
45 56291.16024072527 142.079745746476 243816.760013528
46 56133.30511304287 141.6263985551752 243975.0684884017
47 55976.86577957276 141.1871509382581 244131.9470694888
48 55821.80325286342 140.7611964035141 244287.4355507329
49 55668.07968826925 140.3477842513863 244441.5725274792
50 55515.65990795245 139.9462367091877 244594.3938553382