Time X_A X1 X_B
0 100000 250 200000
1 99646.14661964973 102.8452554835294 200501.0081248668
2 99569.94718056649 58.63045972671618 200621.4223597068
3 99526.89736163139 53.92293475229221 200669.1797036163
4 99486.46284939954 53.53081960623902 200710.0063309942
5 99446.24917843644 53.50457173269936 200750.2462498308
6 99406.06077110989 53.50856401967745 200790.4306648705
7 99365.88153184752 53.51505223118337 200830.6034159213
8 99325.71013786827 53.52173730148173 200870.7681248303
9 99285.54649496294 53.52843416372009 200910.9250708734
10 99245.3906052821 53.53513007691817 200951.074264641
11 99205.24153154144 53.54182271521149 200991.2166457434
12 99165.11647474497 53.54850415194444 201031.3350211031
13 99125.00637257502 53.55517964910667 201071.4384477759
14 99084.89627040508 53.56185514626889 201111.5418744487
15 99044.78616823515 53.56853064343112 201151.6453011215
16 99004.73681074978 53.57517329580761 201191.6880159545
17 98964.6354631904 53.58184405933248 201231.7826927503
18 98924.54195002746 53.58851058678181 201271.8695393858
19 98884.45627126096 53.59517287815559 201311.9485558609
20 98844.37851199038 53.60182860719654 201352.0196594025
21 98804.30864942451 53.60847839691857 201392.0828721786
22 98764.24665661262 53.61512298403995 201432.1382204033
23 98724.19253355474 53.62176236856067 201472.1857040767
24 98684.14628025086 53.62839655048074 201512.2253231987
25 98644.10789670097 53.63502552980015 201552.2570777693
26 98604.07753384358 53.64165152627786 201592.2808146302
27 98564.05511701222 53.64827344184062 201632.2966095459
28 98524.04062292926 53.65489093415836 201672.3044861366
29 98484.03405159467 53.66150400323108 201712.3044444021
30 98444.03540300847 53.66811264905878 201752.2964843425
31 98404.04467717066 53.67471687164148 201792.2806059577
32 98364.06206564626 53.68131695331814 201832.2566174004
33 98324.08744078618 53.6879127059526 201872.2246465079
34 98284.1207966615 53.69450412080646 201912.1846992177
35 98244.16213327221 53.70109119787971 201952.1367755299
36 98204.21145061833 53.70767393717238 201992.0808754445
37 98164.26882881831 53.71425234745571 202032.0169188342
38 98124.3351235975 53.72082652241335 202071.9440498801
39 98084.40950142284 53.72739637079125 202111.8631022064
40 98044.49196229433 53.73396189258938 202151.7740758131
41 98004.58250621195 53.74052308780777 202191.6769707002
42 97964.68113317573 53.7470799564464 202231.5717868678
43 97924.78784318567 53.75363249850528 202271.4585243159
44 97884.90263624174 53.7601807139844 202311.3371830443
45 97845.02551234396 53.76672460288376 202351.2077630532
46 97805.15647149232 53.77326416520338 202391.0702643425
47 97765.29551368683 53.77979940094324 202430.9246869122
48 97725.44263892749 53.78633031010335 202470.7710307624
49 97685.59784721429 53.79285689268369 202510.6092958931
50 97645.76113854723 53.79937914868429 202550.4394823041