Time X_A X1 X_B
0 100000 250 200000
1 99388.29152421495 203.2930115495236 200658.4154642355
2 99020.11324329455 139.6121098122912 201090.2746468932
3 98834.99782496227 101.3536739770747 201313.6485010607
4 98713.13848620295 89.91683680229903 201446.9446769948
5 98605.6933015018 87.3927839636841 201556.9139145346
6 98501.27901840453 86.87905814378126 201661.8419234517
7 98397.56617887325 86.77636687286157 201765.6574542539
8 98294.08918476923 86.75580873508 201869.1550064958
9 98190.75549399876 86.75156409019988 201972.4929419112
10 98087.54662880406 86.7505206388992 202075.7028505571
11 97984.45889500345 86.75013195094627 202178.7909730457
12 97881.4914079092 86.74986346148059 202281.7587286294
13 97778.64385127253 86.74961928975735 202384.6065294378
14 97675.9160151736 86.74938052120639 202487.3346043053
15 97573.30784566734 86.74914652677793 202589.943007806
16 97470.81911877598 86.74891326892754 202692.4319679552
17 97368.449802324 86.7486817942648 202794.8015158818
18 97266.19965543026 86.74845082289053 202897.0518937469
19 97164.06812413986 86.74822079153783 202999.1836550687
20 97062.05471299114 86.74799160367091 203101.1972954053
21 96960.16011676543 86.74776339466099 203203.09211984
22 96858.38433546272 86.74753616450809 203304.8681283729
23 96756.72736908302 86.74730991321219 203406.5253210039
24 96655.18921762632 86.74708464077329 203508.063697733
25 96553.76882857991 86.74686035457451 203609.4843110656
26 96452.46548480081 86.7466370596464 203710.7878781396
27 96351.28024170228 86.74641474858554 203811.9733435492
28 96250.2130992843 86.74619342139189 203913.0407072944
29 96149.26405754691 86.74597307806549 204013.9899693751
30 96048.43311649008 86.74575371860631 204114.8211297914
31 95947.72278930618 86.7455354299391 204215.531675264
32 95847.12322438094 86.74531787132236 204316.1314577478
33 95746.64156519783 86.74510128983044 204416.6133335124
34 95646.27767907802 86.74488568087435 204516.9774352412
35 95546.03143334264 86.74467103986504 204617.2238956176
36 95445.90269531282 86.74445736221352 204717.3528473251
37 95345.89019945989 86.7442445823137 204817.3655559579
38 95245.99336674965 86.74403267153512 204917.2626005789
39 95146.21313401153 86.74382168289421 205017.0430443057
40 95046.54933674799 86.74361161008814 205116.707051642
41 94947.00181046147 86.7434024468141 205216.2547870918
42 94847.57039065442 86.74319418676926 205315.6864151589
43 94748.2549128293 86.74298682365081 205415.0021003472
44 94649.05521248857 86.74278035115593 205514.2020071604
45 94549.97112513466 86.7425747629818 205613.2863001025
46 94451.00248627004 86.74237005282559 205712.2551436773
47 94352.14913139715 86.74216621438451 205811.1087023886
48 94253.41089601844 86.74196324135572 205909.8471407403
49 94154.78761563636 86.74176112743642 206008.4706232363
50 94056.27912575338 86.74155986632377 206106.9793143804