Time X_A X1 X_B
0 100000 250 200000
1 98713.02400419542 611.130320423727 200925.8456753808
2 96636.03781048744 761.9472965392753 202852.0148929732
3 94707.58460999871 734.1021675653683 204808.3132224359
4 92861.78929529976 705.6924283517432 206682.5182763485
5 91097.22572810324 677.5936946575282 208475.1805772392
6 89413.15707913775 649.7295252489621 210187.1133956133
7 87809.05444753346 622.0016748361936 211818.9438776303
8 86284.75104130276 594.2914333590237 213370.9575253382
9 84840.4917548368 566.4448520704672 214843.0633930927
10 83477.05806243821 538.2642946042354 216234.6776429575
11 82195.98194495594 509.4698088791441 217544.548246165
12 80999.83846122838 479.6803121671553 218770.4812266045
13 79892.70346431206 448.3215809150125 219908.9749547729
14 78881.00505428808 414.5051751059812 220954.4897706059
15 77974.87130813951 376.8300261014767 221898.2986657589
16 77190.16457443936 333.1382413775111 222726.6971841831
17 76550.34834232567 280.7547007462877 223418.896956928
18 76081.59740424927 219.560963977828 223948.8416317728
19 75786.67506307691 160.0803587405019 224303.2445781825
20 75616.34305631882 120.2051191395243 224513.4518245416
21 75504.57534098389 102.1445390476154 224643.2801199684
22 75413.5800254956 95.72222420559326 224740.6977502987
23 75329.25003987299 93.65052118621915 224827.0994389407
24 75247.0624317238 92.99305802014575 224909.944510256
25 75165.62576087915 92.77369955858066 224991.6005395622
26 75084.51697138273 92.68787800517332 225072.7951506121
27 75003.60779967607 92.6425441006861 225153.7496562232
28 74922.85925821899 92.60953645242122 225234.5312053286
29 74842.25919701603 92.58032263453254 225315.1604803494
30 74761.80359988888 92.55234831317529 225395.6440517979
31 74681.49091703429 92.52487208265428 225475.9842108831
32 74601.32026526694 92.49763830160245 225556.1820964315
33 74521.29101838153 92.47058334657854 225636.2383982719
34 74441.40247218055 92.44368608171749 225716.1538417377
35 74361.65339838857 92.41693678831962 225795.9296648231
36 74282.04425937803 92.39033736554808 225875.5654032564
37 74202.57440169518 92.36388517030009 225955.0617131345
38 74123.24248530995 92.33757478239559 226034.4199399076
39 74044.0493322007 92.3114095265889 226113.6392582727
40 73964.99466871245 92.28538854881327 226192.7199427387
41 73886.07497790275 92.25950087282595 226271.6655212244
42 73807.29331500718 92.23375603390018 226350.4729289589
43 73728.64784396585 92.208149218467 226429.1440068156
44 73650.13817094284 92.18267914048316 226507.6791499166
45 73571.76410074667 92.1573449997686 226586.0785542535
46 73493.52502937392 92.13214499623284 226664.3428256298
47 73415.42035282117 92.1070773297854 226742.472569849
48 73337.44946708498 92.08214020033581 226820.4683927146
49 73259.61216160691 92.0573347496553 226898.3305036434
50 73181.90798268819 92.03266030150958 226976.0593570102