Time X_A X1 X_B
0 100000 250 200000
1 99486.69006664032 156.2648787772388 200607.0450545823
2 99312.59636866968 77.7918461376579 200859.6117851925
3 99250.57650657404 58.41307793559833 200941.0104154903
4 99203.49525920545 55.82444265494842 200990.6802981395
5 99158.1420429979 55.52271767257323 201036.3352393294
6 99113.00009249969 55.49326315337304 201081.5066443468
7 99067.89304047701 55.49566786411749 201126.6112916587
8 99022.80030992607 55.50176373799087 201171.6979263357
9 98977.71953819136 55.50829725497064 201216.7721645535
10 98932.65045046499 55.5148712593766 201261.8346782755
11 98887.59303214162 55.52144546037796 201306.8855223978
12 98842.54729305093 55.52801548848586 201351.9246914604
13 98797.51324049085 55.53458008253584 201396.9521794264
14 98752.49088889458 55.54113824131159 201441.9679728639
15 98707.48030830662 55.54769020683818 201486.9720014863
16 98662.48146388518 55.55423606850413 201531.9643000461
17 98617.494347531 55.56077584708852 201576.9448766217
18 98572.51895924406 55.56730954259135 201621.9137312132
19 98527.55534839159 55.57383722455296 201666.8708143837
20 98482.60357023998 55.58035897082352 201711.816070789
21 98437.66356908005 55.58687470292914 201756.7495562168
22 98392.73534491179 55.59338442086982 201801.6712706671
23 98347.81889773523 55.59988812464557 201846.5812141399
24 98302.91436637154 55.60638589959714 201891.4792477287
25 98258.02167292479 55.61287769783777 201936.3654493772
26 98213.1408107633 55.6193635152906 201981.2398257212
27 98168.27177988707 55.62584335195564 202026.1023767608
28 98123.41535100396 55.63231733179509 202070.9523316641
29 98078.57170132615 55.63878548331211 202115.7895131904
30 98033.7400174176 55.64524767567202 202160.6147349066
31 97988.92029927832 55.65170390887481 202205.4279968127
32 97944.11254690832 55.65815418292048 202250.2292989086
33 97899.3167603076 55.66459849780905 202295.0186411945
34 97854.53293947615 55.67103685354049 202339.7960236702
35 97809.76108441397 55.67746925011483 202384.5614463358
36 97765.00119512106 55.68389568753204 202429.3149091913
37 97720.25327159744 55.69031616579213 202474.0564122366
38 97675.51731384308 55.69673068489512 202518.7859554719
39 97630.793321858 55.70313924484098 202563.503538897
40 97586.08129564219 55.70954184562974 202608.2091625121
41 97541.38123519566 55.71593848726138 202652.9028263169
42 97496.6931405184 55.72232916973589 202697.5845303118
43 97452.01701161041 55.7287138930533 202742.2542744964
44 97407.3528484717 55.73509265721358 202786.912058871
45 97362.70065110226 55.74146546221676 202831.5578834354
46 97318.0604195021 55.74783230806282 202876.1917481897
47 97273.43215367121 55.75419319475176 202920.8136531339
48 97228.81585360959 55.76054812228359 202965.423598268
49 97184.21151931725 55.7668970906583 203010.021583592
50 97139.61915079417 55.7732400998759 203054.6076091058