Time X_A X1 X_B
0 100000 250 200000
1 99354.46429429125 212.3191321207031 200683.216573588
2 98953.01732835828 140.7671898382462 201156.2154818034
3 98784.3647058647 88.06578089102739 201377.5695132442
4 98696.93443856307 73.03254460055662 201480.0330168363
5 98624.74857496732 70.27055819231092 201554.9808668403
6 98555.09797998393 69.8181058658151 201625.0839141501
7 98485.89151173789 69.75042306285357 201694.3580651991
8 98416.78950178302 69.74543697917088 201763.4650612377
9 98347.73685131826 69.75056910751759 201832.5125795741
10 98278.72473103713 69.75736039668102 201901.5179085661
11 98209.75167426855 69.7643881737187 201970.4839375576
12 98140.81748500951 69.7714446671994 202039.4110703232
13 98071.92215236129 69.77849210488191 202108.2993555338
14 98003.06568123559 69.7855288114047 202177.1487899529
15 97934.24809195333 69.79255062975652 202245.9593574169
16 97865.46939797193 69.79955805765228 202314.7310439704
17 97796.72961430394 69.80655034122033 202383.4638353548
18 97728.02887103769 69.81352786739677 202452.1576010949
19 97659.36710166043 69.8204906314209 202520.8124077081
20 97590.74428700066 69.82743863192049 202589.4282743674
21 97522.16042705838 69.83437186889556 202658.0052010727
22 97453.61552183361 69.84129034234611 202726.543187824
23 97385.10969339008 69.84819442066265 202795.0421121892
24 97316.64298666129 69.85508423945505 202863.5019290992
25 97248.21531287764 69.86195953081527 202931.9227275915
26 97179.82667203913 69.8688202947433 203000.3045076661
27 97111.47706414576 69.87566653123915 203068.647269323
28 97043.16618538035 69.88249746782674 203136.9513171518
29 96974.89509523002 69.889315798325 203205.2155889716
30 96906.66305708156 69.89611964984414 203273.4408232686
31 96838.47008670936 69.90290906249159 203341.6270042281
32 96770.31619988776 69.90968407637476 203409.7741160358
33 96702.20141239116 69.91644473160109 203477.8821428772
34 96634.12596420587 69.92319165650849 203545.9508441376
35 96566.08971663807 69.92992448595 203613.9803588759
36 96498.0926605797 69.93664319475265 203681.9706962255
37 96430.13481412469 69.94334782910944 203749.9218380462
38 96362.21619536701 69.9500384352134 203817.8337661978
39 96294.33682240066 69.9567150592575 203885.7064625401
40 96226.49671331958 69.96337774743478 203953.539908933
41 96158.69588621776 69.9700265459382 204021.3340872363
42 96090.93435918915 69.97666150096079 204089.0889793099
43 96023.21215032774 69.98328265869554 204156.8045670135
44 95955.5292777275 69.98989006533547 204224.4808322071
45 95887.88575948241 69.99648376707357 204292.1177567505
46 95820.2816136864 70.00306381010284 204359.7153225035
47 95752.71685843347 70.00963024061629 204427.2735113259
48 95685.1915118176 70.01618310480693 204494.7923050776
49 95617.70559193274 70.02272244886774 204562.2716856184
50 95550.25911687285 70.02924831899173 204629.7116348081