Time X_A X1 X_B
0 100000 250 200000
1 99365.36838772621 185.6486296302825 200698.9829826436
2 99105.48508271699 91.3937054428624 201053.1212118403
3 99029.35107141625 60.91157443478243 201159.7373541491
4 98979.11776465741 56.96110191069033 201213.921133432
5 98931.5417764912 56.54617423272455 201261.9120492762
6 98884.25097772118 56.50958456495047 201309.239437714
7 98837.00026071283 56.51243007458535 201356.4873092127
8 98789.76418571694 56.51935233599441 201403.7164619472
9 98742.54014332124 56.52670066108363 201450.9331560178
10 98695.32787045039 56.53408192456462 201498.1380476251
11 98648.12735817487 56.54146341627759 201545.3311784089
12 98600.93861692074 56.5488394090187 201592.5125436703
13 98553.76166341727 56.55620845973325 201639.6821281231
14 98506.59655148265 56.56357062070119 201686.8398778968
15 98459.44326889023 56.57092596524576 201733.9858051446
16 98412.3018036366 56.57827456535132 201781.1199217982
17 98365.17216542171 56.58561643486286 201828.2422181435
18 98318.05445555899 56.59295171838758 201875.3525927227
19 98270.94861242014 56.60028032796188 201922.451107252
20 98223.85463600517 56.60760226358575 201969.5377617314
21 98176.77257381061 56.61491755798784 202016.6125086315
22 98129.70248215775 56.62222624997776 202063.6752915924
23 98082.64431198832 56.62952830575065 202110.7261597061
24 98035.59806330227 56.63682372530652 202157.7651129726
25 97988.56493247378 56.64411264224155 202204.7909548841
26 97941.54426697212 56.65139498368921 202251.8043380443
27 97894.5356688725 56.65867070521422 202298.8056604224
28 97847.53913817492 56.66593980681659 202345.7949220184
29 97800.55467487939 56.67320228849631 202392.7721228322
30 97753.58227898588 56.68045815025339 202439.737262864
31 97706.62195049442 56.68770739208782 202486.6903421136
32 97659.673689405 56.69495001399959 202533.6313605811
33 97612.73749571762 56.70218601598873 202580.5603182665
34 97565.81336943228 56.70941539805521 202627.4772151698
35 97518.90131054899 56.71663816019905 202674.3820512909
36 97472.00131906773 56.72385430242024 202721.27482663
37 97425.1133949885 56.73106382471879 202768.1555411869
38 97378.23753831132 56.73826672709469 202815.0241949617
39 97331.37374903618 56.74546300954794 202861.8807879544
40 97284.52202716308 56.75265267207854 202908.725320165
41 97237.68237269201 56.7598357146865 202955.5577915934
42 97190.854785623 56.76701213737181 203002.3782022398
43 97144.03926595602 56.77418194013447 203049.186552104
44 97097.23581369106 56.78134512297449 203095.9828411861
45 97050.44442882817 56.78850168589185 203142.7670694861
46 97003.66616648709 56.79565198677189 203189.5381815263
47 96956.90192358238 56.80279632983839 203236.2952800879
48 96910.15000827417 56.80993414123743 203283.0400575848
49 96863.41042056245 56.81706542096897 203329.7725140167
50 96816.68316044722 56.82419016903305 203376.4926493839