Time X_A X1 X_B
0 100000 250 200000
1 99432.7394083806 264.1825867113687 200553.078004908
2 98824.43376753679 278.1310833880067 201147.4351490751
3 98181.01311236611 289.6689647323329 201779.3179229015
4 97515.76289584569 296.3348473629204 202437.9022567913
5 96847.49315439694 296.4520372536 203106.0548083493
6 96196.72499823227 289.6458958352227 203763.6291059324
7 95582.68275039547 276.4350646390032 204390.8821849654
8 95022.21057553487 257.6318986705034 204970.1575257945
9 94529.32213737552 234.2433062761451 205486.4345563482
10 94113.48928521002 207.9799049537245 205928.5308098361
11 93775.97773435629 181.8589037402049 206292.1633619033
12 93506.97962574194 159.6281437454107 206583.3922305125
13 93288.46306337885 143.6788758822385 206817.8580607387
14 93101.77260462059 133.8179117553857 207014.4094836238
15 92933.06248750509 128.3146885896724 207188.622823905
16 92773.95540289409 125.4023011343471 207350.6422959713
17 92619.93995183062 123.8748182713996 207506.1852298978
18 92468.73271885327 123.0460899636275 207658.2211911829
19 92319.21413910654 122.559402821135 207808.2264580721
20 92170.843470675 122.2378619327162 207956.9186673921
21 92023.35994651304 121.9959521166089 208104.6441013702
22 91876.6362054201 121.7929616599193 208251.5708329198
23 91730.60780582913 121.6096889191369 208397.7825052515
24 91585.23991328546 121.4371626983145 208543.322924016
25 91440.5113861444 121.2711477896058 208688.2174660658
26 91296.40767314678 121.1096673540626 208832.482659499
27 91152.91710222341 120.9517390588894 208976.1311587176
28 91010.03011344753 120.7969236694762 209119.1729628828
29 90867.73732833439 120.6449465440883 209261.6177251214
30 90726.0303463546 120.4956358568004 209403.4740177884
31 90584.90114070362 120.348875866138 209544.7499834301
32 90444.34175498171 120.2045763076287 209685.4536687105
33 90304.34456743379 120.0626574852161 209825.5927750808
34 90164.90227044959 119.9230467293503 209965.1746828209
35 90026.00753552509 119.7856739600849 210104.2067905146
36 89887.65349875616 119.6504754542671 210242.6960257893
37 89749.8332879544 119.517388507829 210380.6493235375
38 89612.5402903526 119.3863539348514 210518.0733557123
39 89475.76813249361 119.2573155903601 210654.9745519158
40 89339.51042987462 119.1302180930946 210791.3593520321
41 89203.76119416716 119.0050103293574 210927.2337955033
42 89068.51434523647 118.881641105647 211062.6040136577
43 88933.76418493125 118.7600632177559 211197.4757518508
44 88799.50495304594 118.6402295510425 211331.8548174028
45 88665.73120076003 118.5220962490024 211465.7467029908
46 88532.43746752183 118.4056198936486 211599.1569125843
47 88399.61854201724 118.2907596958932 211732.0906982866
48 88267.26922889808 118.1774754723213 211864.5532956294
49 88135.38455314889 118.0657293267588 211996.5497175241
50 88003.95955017801 117.9554838835107 212128.0849659382