Time X_A X1 X_B
0 100000 250 200000
1 98021.23914863466 806.0833027530203 201422.6775486124
2 95008.41082984443 857.5352413274271 204384.0539288283
3 92223.42973097888 810.459871705924 207216.1103973154
4 89611.57470156986 764.2269000064243 209874.1983984239
5 87170.15148734623 718.6081382171105 212361.2403744368
6 84897.66088159595 673.2625700585854 214679.0765483456
7 82794.19183820736 627.7239209173075 216828.0842408755
8 80862.11243332012 581.3092837395789 218806.5782829405
9 79107.33881637534 532.9371426021945 220609.7240410227
10 77541.79485946675 480.7500412533163 222227.4550992802
11 76188.29410400604 421.3158098046299 223640.3900861896
12 75089.94734587583 348.3502387963714 224811.7024153281
13 74316.57734239972 255.2517342980615 225678.1709233025
14 73901.93755018465 161.0975106117251 226186.9649392039
15 73713.4133827008 111.9287798058933 226424.6578374936
16 73594.30748716173 98.47686792411065 226557.2156449145
17 73489.80193861133 95.67771394412807 226664.5203474448
18 73388.25817477514 95.11794511163932 226766.6238801135
19 73287.44297308818 94.99029566230736 226867.5667312498
20 73186.93390159936 94.94445815366352 226968.1216402473
21 73086.65098892522 94.91413523100827 227068.4348758441
22 72986.57854055922 94.88681921261784 227168.5346402285
23 72886.71301752773 94.86021943662348 227268.426763036
24 72787.05305980626 94.83387438801094 227368.113065806
25 72687.59734256797 94.80770615323249 227467.5949512791
26 72588.34548803671 94.78170440734291 227566.8728075563
27 72489.29616837343 94.75586059117914 227665.9479710357
28 72390.44943125632 94.73017563496319 227764.8203931091
29 72291.80369347801 94.70464419646325 227863.4916623259
30 72193.35793483173 94.67926552893611 227961.9627996397
31 72095.10972624182 94.65403557070215 228060.2362381878
32 71997.06111678804 94.62895774804639 228158.3099254643
33 71899.2121064704 94.60403206096882 228256.183861469
34 71801.5605834538 94.57925420685768 228353.8601623397
35 71704.10318959881 94.55461734390501 228451.3421930576
36 71606.84274987952 94.53012722765803 228548.6271228932
37 71509.77926429591 94.50578385811676 228645.7149518463
38 71412.91615125923 94.48159390262751 228742.6022548385
39 71316.23497923142 94.45752141190304 228839.307499357
40 71219.74979866817 94.4335937902688 228935.8166075419
41 71123.45990378737 94.40980966115147 229032.1302865518
42 71027.36283694122 94.38616414609199 229128.250998913
43 70931.45546376868 94.36265101391774 229224.1818852178
44 70835.73951615696 94.33927376082586 229319.9212100826
45 70740.21412059944 94.31603067497073 229415.4698487259
46 70644.87840358955 94.29292004450673 229510.8286763663
47 70549.73149162065 94.26994015758824 229605.9985682221
48 70454.77251118615 94.24708930236962 229700.9803995118
49 70360.00058877944 94.22436576700525 229795.7750454539
50 70265.41485089391 94.20176783964953 229890.3833812668