Time X_A X1 X_B
0 100000 250 200000
1 99690.36864922644 89.05850600977963 200470.5728447638
2 99631.45053593456 54.31480809858193 200564.2346559669
3 99593.82509408973 51.48167014224974 200604.6932357681
4 99557.57834419719 51.29067275251835 200641.1309830504
5 99521.43055850586 51.28340993674825 200677.2860315575
6 99485.29468820016 51.28873120378765 200713.4165805961
7 99449.16479419128 51.29492113843298 200749.5402846704
8 99413.04047193273 51.30116341701805 200785.6583646503
9 99376.92170410308 51.30740876067796 200821.7708871363
10 99340.80477869272 51.31365385069326 200857.8815674567
11 99304.7007861609 51.31989127189863 200893.9793225673
12 99268.61766910493 51.32612035745716 200930.0562105377
13 99232.53839983915 51.3323479065803 200966.1292522544
14 99196.45913057336 51.33857545570343 201002.202293971
15 99160.37986130758 51.34480300482657 201038.2753356877
16 99124.35609234998 51.35100001653898 201074.2929076335
17 99088.28201673274 51.3572247080099 201110.3607585593
18 99052.21356789197 51.36344630351271 201146.4229858046
19 99016.15074582768 51.36966480304741 201182.4795893693
20 98980.09355070905 51.37588020267315 201218.5305690883
21 98944.04209795226 51.38208981405766 201254.5758122337
22 98907.99630224866 51.38829562425396 201290.6154021271
23 98871.95616359822 51.39449763326206 201326.6493387686
24 98835.92168200095 51.40069584108196 201362.677622158
25 98799.89285745686 51.40689024771367 201398.7002522955
26 98763.86968996593 51.41308085315718 201434.7172291809
27 98727.85223669973 51.41926838019091 201470.7284949201
28 98691.84057368124 51.42545378991741 201506.7339725289
29 98655.83461325651 51.43163597419219 201542.7337507693
30 98619.83435542554 51.43781493301526 201578.7278296415
31 98583.83980018835 51.44399066638662 201614.7162091453
32 98547.85094754491 51.45016317430626 201650.6988892808
33 98511.86779749524 51.45633245677419 201686.675870048
34 98475.89048181097 51.46249869152597 201722.6470194975
35 98439.91896404598 51.46866182940254 201758.6123741246
36 98403.95319892862 51.47482180934076 201794.5719792621
37 98367.99318645884 51.48097863134065 201830.5258349098
38 98332.03892663668 51.4871322954022 201866.4739410679
39 98296.09041946214 51.49328280152542 201902.4162977364
40 98260.1477311624 51.49943014656678 201938.3528386911
41 98224.21169065058 51.50557429118138 201974.2827350583
42 98188.2814905194 51.51171527369333 202010.206794207
43 98152.35713076883 51.51785309410263 202046.1250161371
44 98116.4386113989 51.52398775240929 202082.0374008487
45 98080.52593240961 51.53011924861331 202117.9439483418
46 98044.61909380094 51.53624758271468 202153.8446586164
47 98008.71809557291 51.54237275471341 202189.7395316724
48 97972.8229377255 51.54849476460949 202225.6285675099
49 97936.93362025874 51.55461361240293 202261.5117661289
50 97901.0501431726 51.56072929809373 202297.3891275293