Time X_A X1 X_B
0 100000 250 200000
1 99433.20473257621 194.6570240958213 200622.1382433279
2 99135.66240553693 121.0842536165263 200993.2533408465
3 99008.95576569639 84.71578136071098 201156.3284529428
4 98927.19752594619 76.10322650982395 201246.6992475439
5 98853.6249461421 74.53237621036978 201321.8426776474
6 98781.49473798019 74.26675694526729 201394.2385050744
7 98709.64574799812 74.22782012102698 201466.1264318807
8 98637.87921696846 74.22775430250893 201537.8930287289
9 98566.16117257855 74.2343067413935 201609.6045206799
10 98494.48585817513 74.24198406850047 201681.2721577562
11 98422.85229692327 74.24983524035798 201752.8978678362
12 98351.26034656615 74.2577001197504 201824.481953314
13 98279.71000966377 74.26555260804902 201896.0244377281
14 98208.20129466454 74.27339140671559 201967.5253139286
15 98136.73422456637 74.28121302410989 202038.9845624094
16 98065.30881607006 74.28901789171472 202110.4021660381
17 97993.92508672767 74.29680533845929 202181.7781079338
18 97922.58319147001 74.30457579479145 202253.1122327351
19 97851.28306155356 74.31232922938767 202324.404609217
20 97780.02466430352 74.32006562735945 202395.655270069
21 97708.80799971988 74.3277849887068 202466.8642152913
22 97637.63306780263 74.33548731342971 202538.0314448838
23 97566.49991249898 74.34317273100569 202609.1569147699
24 97495.40877781161 74.35084196031704 202680.240380228
25 97424.35947104997 74.35849443365767 202751.2820345163
26 97353.35199221408 74.36613015102756 202822.2818776348
27 97282.38634130395 74.37374911242672 202893.2399095836
28 97211.46251831955 74.38135131785516 202964.1561303625
29 97140.58027334925 74.38893611722921 203035.0307905335
30 97069.74069345929 74.39650633828418 203105.8628002024
31 96998.94296876373 74.40405987430115 203176.6529713619
32 96928.18711734298 74.4115967723118 203247.4012858846
33 96857.47315727742 74.4191170793478 203318.1077256432
34 96786.80110664741 74.42662084244081 203388.7722725101
35 96716.17127423549 74.4341089300741 203459.3946168344
36 96645.58348147888 74.44158083361495 203529.9749376875
37 96575.03770389968 74.44903647983591 203600.5132596204
38 96504.53396190749 74.45647592235042 203671.0095621701
39 96434.07227591191 74.46389921477191 203741.4638248733
40 96363.65266632251 74.47130641071382 203811.8760272668
41 96293.27515354888 74.47869756378958 203882.2461488873
42 96222.93975800065 74.48607272761261 203952.5741692717
43 96152.64650008737 74.49343195579634 204022.8600679568
44 96082.39540021865 74.50077530195421 204093.1038244794
45 96012.1864788041 74.50810281969964 204163.3054183762
46 95942.01975625328 74.51541456264607 204233.464829184
47 95871.89525297581 74.52271058440694 204303.5820364397
48 95801.81298938127 74.52999093859566 204373.6570196801
49 95731.77298587926 74.53725567882567 204443.6897584419
50 95661.77526287937 74.54450485871041 204513.6802322619