Time X_A X1 X_B
0 100000 250 200000
1 0.0001808306654214332 0.01848181051248826 300249.9813373591
2 0.0001733643988587431 0.01848181009678904 300249.9813448257
3 0.0001661978517143268 0.0184818096939071 300249.9813519926
4 0.0001593331810367018 0.01848180930337549 300249.9813588575
5 0.0001527703868258683 0.01848180892519421 300249.9813654206
6 0.0001464521268249828 0.01848180856334911 300249.9813717391
7 0.000140368800632333 0.0184818082185075 300249.9813778227
8 0.0001345494221103134 0.01848180788865263 300249.9813836424
9 0.000128993991258924 0.01848180757378452 300249.9813891981
10 0.000123778483710401 0.01848180727833188 300249.981394414
11 0.0001185748493592709 0.01848180698317223 300249.9813996176
12 0.0001136233397192931 0.01848180670231015 300249.9814045691
13 0.0001089147325884396 0.01848180643520808 300249.9814092777
14 0.0001044398057646824 0.01848180618132842 300249.9814137525
15 0.0001001327850720127 0.01848180593718687 300249.9814180597
16 9.602143260766862e-05 0.01848180570417297 300249.9814221712
17 9.209741174517942e-05 0.01848180548179531 300249.9814260955
18 8.834992896721858e-05 0.01848180526943443 300249.9814298432
19 8.476819075645963e-05 0.01848180506647088 300249.9814334252
20 8.134140359557607e-05 0.01848180487228521 300249.9814368522
21 7.80587739672414e-05 0.01848180468625797 300249.9814401351
22 7.490950835412912e-05 0.0184818045077697 300249.9814432845
23 7.188281323891275e-05 0.01848180433620096 300249.9814463115
24 6.896919958065907e-05 0.01848180417100815 300249.9814492252
25 6.625705529585283e-05 0.01848180401733916 300249.9814519376
26 6.366427943497556e-05 0.01848180387042805 300249.9814545307
27 6.118274265789796e-05 0.01848180372981029 300249.9814570125
28 5.880431562449069e-05 0.01848180359502135 300249.9814593912
29 5.652086899462447e-05 0.0184818034655967 300249.9814616748
30 5.432427342816997e-05 0.01848180334107181 300249.9814638717
31 5.220639958499788e-05 0.01848180322098214 300249.9814659897
32 5.015911812497891e-05 0.01848180310486318 300249.9814680372
33 4.817429970798371e-05 0.01848180299225038 300249.9814700222
34 4.62518852275196e-05 0.01848180288314808 300249.9814719447
35 4.448907940586167e-05 0.01848180278321148 300249.9814737077
36 4.279877671489893e-05 0.01848180268738767 300249.9814753982
37 4.117597342528611e-05 0.01848180259539371 300249.9814770212
38 3.961566580767799e-05 0.01848180250694665 300249.9814785817
39 3.811285013272933e-05 0.01848180242176357 300249.9814800848
40 3.666252267109492e-05 0.01848180233956153 300249.9814815353
41 3.52596796934295e-05 0.01848180226005757 300249.9814829383
42 3.389931747038784e-05 0.01848180218296878 300249.9814842989
43 3.257643227262472e-05 0.01848180210801221 300249.981485622
44 3.129618305075461e-05 0.01848180203547569 300249.9814869025
45 3.011845765034762e-05 0.0184818019687209 300249.9814880803
46 2.898708130576702e-05 0.0184818019045909 300249.9814892119
47 2.789920629347778e-05 0.01848180184292384 300249.9814903
48 2.685198488994487e-05 0.01848180178355788 300249.9814913474
49 2.584256937163324e-05 0.01848180172633116 300249.981492357
50 2.486811201500786e-05 0.01848180167108185 300249.9814933316