Time X_A X1 X_B
0 100000 250 200000
1 98442.07768719729 711.7669223333025 201096.1553904694
2 96322.73072847568 765.0985974026939 203162.1706741216
3 94332.60623672695 736.3959224069461 205180.9978408662
4 92429.76657448284 708.0612204671199 207112.1722050501
5 90612.58770958132 680.2194511341046 208957.1928392847
6 88879.67701852728 652.8140377582268 210717.5089437146
7 87229.72437831988 625.7848724188257 212394.4907492614
8 85661.69178727834 599.0622415636965 213989.2459711581
9 84174.77486751434 572.5649150312208 215502.6602174546
10 82768.42610661424 546.2026839947249 216935.3712093912
11 81442.41600828494 519.8638103887088 218287.7201813265
12 80196.92015118743 493.41491074106 219559.6649380716
13 79032.5825214518 466.6913665986333 220750.7261119497
14 77950.63203311192 439.4886375153263 221859.8793293729
15 76953.01770272818 411.5543385976561 222885.4279586743
16 76042.57052750934 382.5915921423859 223824.8378803484
17 75223.05554315877 352.291830854595 224674.6526259867
18 74498.93327226069 320.4477447000746 225430.6189830393
19 73874.41870057845 287.2388870399832 226088.3424123817
20 73351.11603599075 253.7315209558054 226645.1524430536
21 72924.25871763377 222.2752514139871 227103.4660309524
22 72579.95633564141 195.9296281227011 227474.1140362361
23 72297.35065341236 176.6885718362132 227775.9607747516
24 72055.20312940971 164.3001180781501 228030.4967525123
25 71837.18418099559 156.9978430926536 228255.8179759119
26 71632.92658997051 152.8628810019051 228464.2105290278
27 71436.57823640763 150.4979671784632 228662.9237964141
28 71245.04948504886 149.0634196067566 228855.8870953446
29 71056.76231307654 148.1031495423936 229045.1345373813
30 70870.91863020975 147.3829231500833 229231.6984466403
31 70687.10822795398 146.7863577103491 229416.1054143358
32 70505.11082346803 146.2567624573441 229598.6324140748
33 70324.79737541515 145.7666767565981 229779.4359478284
34 70146.08332244694 145.3027623689062 229958.6139151844
35 69968.90630255929 144.8584747635497 230136.2352226774
36 69793.21498887303 144.4303232023818 230312.3546879248
37 69618.96454162298 144.0163164605866 230487.0191419167
38 69446.11435992154 143.615222502982 230660.2704175757
39 69274.62670259716 143.2261414615618 230832.1471559415
40 69104.46598159298 142.8483049422438 231002.685713465
41 68935.59859255764 142.4810565067015 231171.9203509358
42 68767.99279767908 142.1238462429862 231339.8833560781
43 68601.61848256858 141.7761842954885 231506.6053331361
44 68436.44693113642 141.4376046817918 231672.115464182
45 68272.45076524338 141.1076732009596 231836.4415615558
46 68109.60382521139 140.7859756029267 231999.6101991858
47 67947.88110480581 140.4721258381672 232161.6467693562
48 67787.25870200519 140.1657742644171 232322.5755237306
49 67627.71376354816 139.8665987506238 232482.4196377014
50 67469.22437255587 139.5743060727759 232641.2013213716