Time X_A X1 X_B
0 100000 250 200000
1 99568.12561442595 163.4690551173737 200518.4053304567
2 99393.31536303549 95.36291665599497 200761.3217203084
3 99315.7313665438 73.44439909317079 200860.824234363
4 99257.31995348222 69.08681774538321 200923.5932287723
5 99202.19210995438 68.32973834058754 200979.478151705
6 99147.63830938992 68.20688723103019 201034.1548033791
7 99093.19872160042 68.19255819703568 201088.6087202025
8 99038.79524143606 68.19669391086052 201143.008064653
9 98984.41459263008 68.20393511367055 201197.3814722562
10 98930.05457458139 68.21171557374385 201251.7337098448
11 98875.71480286388 68.21956945424593 201306.0656276819
12 98821.39524331957 68.22742610526142 201360.3773305752
13 98767.0958974628 68.23527764135157 201414.6688248959
14 98712.81678816587 68.24311874385452 201468.9400930903
15 98658.55792124569 68.25095024391938 201523.1911285104
16 98604.31931806097 68.25877072793236 201577.4219112111
17 98550.10107678414 68.26658049834423 201631.6323427176
18 98495.90316147446 68.27437963017306 201685.8224588954
19 98441.72554920029 68.28216817128352 201739.9922826284
20 98387.56823996162 68.28994612167558 201794.1418139167
21 98333.43123375843 68.29771348134928 201848.2710527602
22 98279.3147205953 68.30547053530093 201902.3798088694
23 98225.21859777051 68.31321712948366 201956.4681851
24 98171.14284997729 68.32095324093818 202010.5361967818
25 98117.08747721565 68.32867886966447 202064.5838439147
26 98063.05248539784 68.33639402219038 202118.61112058
27 98009.03809794829 68.34409894520348 202172.6178031065
28 97955.0441647164 68.35179347291938 202226.6040418107
29 97901.07068570214 68.35947760533807 202280.5698366925
30 97847.11766090557 68.36715134245955 202334.515187752
31 97793.18531167733 68.37481480172788 202388.4398735209
32 97739.2747649838 68.38246858108786 202442.3427664351
33 97685.38482815359 68.39011204773297 202496.2250597987
34 97631.5155011867 68.39774520166321 202550.0867536116
35 97577.66678408314 68.40536804287858 202603.927847874
36 97523.8386768429 68.41298057137908 202657.7483425857
37 97470.03117946599 68.42058278716472 202711.5482377468
38 97416.2442919524 68.42817469023548 202765.3275333573
39 97362.47801430213 68.43575628059136 202819.0862294173
40 97308.7323465152 68.44332755823238 202872.8243259265
41 97255.00728859159 68.45088852315854 202926.5418228853
42 97201.30284053129 68.45843917536982 202980.2387202933
43 97147.61900233434 68.46597951486622 203033.9150181508
44 97093.9557740007 68.47350954164776 203087.5707164576
45 97040.31315553038 68.48102925571443 203141.2058152139
46 96986.69114692339 68.48853865706623 203194.8203144195
47 96933.08974817973 68.49603774570316 203248.4142140746
48 96879.50895929939 68.50352652162522 203301.987514179
49 96825.94878028237 68.51100498483241 203355.5402147328
50 96772.40986992104 68.51847382518558 203409.0716562537