Time X_A X1 X_B
0 100000 250 200000
1 99288.13586735232 326.19440695012 200635.6697256975
2 98202.12233596729 455.4774121675325 201592.4002518651
3 96834.57297373784 525.2708381524682 202890.1561881096
4 95469.74826884485 518.6335451892779 204261.6181859658
5 94173.7516713565 496.3520787750982 205579.8962498683
6 92955.24323468527 471.4331863632227 206823.3235789514
7 91817.38172024534 445.449293641309 207987.1689861133
8 90763.26935927304 418.3716411576021 209068.3589995693
9 89797.02477296664 389.8411554879985 210063.1340715453
10 88924.24912561437 359.355154886791 210966.3957194987
11 88152.2037391012 326.3788352360681 211771.4174256626
12 87489.165093684 290.6737364393479 212470.1611698765
13 86941.64661900919 253.08962923923 213055.2637517514
14 86508.31949863338 216.6207607833389 213525.0597405831
15 86173.7267051198 186.022765582023 213890.250529298
16 85910.42278808571 164.6409155619643 214174.9362963521
17 85690.33038325024 151.9964201771113 214407.6731965724
18 85493.40244448291 145.3170861215212 214611.2804693953
19 85308.20944196217 141.9658328318694 214799.8247252057
20 85128.99928820685 140.2746037015962 214980.7261080913
21 84953.05573679975 139.36460808906 215157.5796551109
22 84779.13267704217 138.8121882728474 215332.0551346847
23 84606.66417298217 138.4221278077203 215504.9136992098
24 84435.39081321581 138.1066579044627 215676.5025288794
25 84265.1890617703 137.8269065143359 215846.9840317151
26 84095.99500788386 137.565741145572 216016.4392509703
27 83927.77101312249 137.3156350929979 216184.9133517842
28 83760.49107226728 137.0732461702653 216352.4356815621
29 83594.13401971474 136.8370731604164 216519.0289071245
30 83428.68255679545 136.6063676175958 216684.7110755867
31 83264.11971056693 136.380658374757 216849.499631058
32 83100.43007792017 136.1596844366384 217013.4102376429
33 82937.59841815277 135.943232723173 217176.4583491238
34 82775.61054096531 135.7311244043188 217338.6583346301
35 82614.45236226877 135.523194433916 217500.024443297
36 82454.11063672743 135.3192939696037 217660.5700693027
37 82294.57229566156 135.1192800501379 217820.308424288
38 82135.82487475469 134.9230200796556 217979.2521051653
39 81977.85625515835 134.7303872932304 218137.4133575481
40 81820.65463113929 134.5412609617213 218294.8041078987
41 81664.20876222791 134.3555278814363 218451.4357098904
42 81508.5074804465 134.173077938589 218607.3194416146
43 81353.54024879882 133.9938087708354 218762.46594243
44 81199.29661396588 133.8176208154743 218916.8857652184
45 81045.76650910902 133.6444196365186 219070.5890712542
46 80892.94024566116 133.4741159904511 219223.5856383481
47 80740.80822593516 133.3066228234887 219375.8851512411
48 80589.36129222909 133.141858469774 219527.4968493009
49 80438.59047591181 132.9797442049557 219678.429779883
50 80288.48698526839 132.8202040270756 219828.6928107043