Time X_A X1 X_B
0 100000 250 200000
1 99191.01862218736 367.8667541612769 200691.1146236514
2 98061.55062407242 458.4151089347419 201730.0342669929
3 96899.10714793891 462.3827537815521 202888.5100982796
4 95779.2847822835 448.4296516693476 204022.2855660472
5 94707.52960605762 432.4671718167683 205110.0032221257
6 93684.7085788969 416.1654571195951 206149.1259639836
7 92711.32918607131 399.6649603413326 207139.0058535874
8 91788.02772753352 382.9181898056598 208079.0540826609
9 90915.67913529031 365.8375490554861 208968.4833156543
10 90095.47292608426 348.3132858420249 209806.2137880738
11 89328.98925613762 330.2152053998225 210590.7955384626
12 88618.20638791089 311.4011933533564 211320.3924187358
13 87965.51149617821 291.7360755243932 211992.7524282975
14 87373.55953673521 271.1436049103596 212605.2968583545
15 86844.85892651479 249.7103406581678 213155.4307328271
16 86380.89545126411 227.8519138266442 213641.2526349093
17 85980.74464073015 206.4753113017057 214062.7800479681
18 85639.65329052768 186.936001702346 214423.4107077699
19 85348.71234221199 170.5984559296772 214730.6892018583
20 85096.43225684745 158.1976428146191 214995.370100338
21 84871.40707884711 149.5668215697649 215229.0260995832
22 84664.36201739513 143.9277602837334 215441.7102223212
23 84468.761427219 140.3646920539967 215640.873880727
24 84280.42267792416 138.1179929906656 215831.4593290852
25 84096.82920282493 136.6595982001246 216016.5111989749
26 83916.51929252423 135.6576137412412 216197.8230937345
27 83738.65910412525 134.9156694807927 216376.425226394
28 83562.7737004737 134.3218822999571 216552.9044172264
29 83388.58836866784 133.8140527289392 216727.5975786032
30 83215.93790347931 133.3580517226242 216900.7040447981
31 83044.71699500586 132.9353357441196 217072.34766925
32 82874.85286585448 132.5357829424312 217242.6113512031
33 82706.2906421369 132.1537753001422 217411.555582563
34 82538.98581851006 131.7861300993214 217579.2280513906
35 82372.89983401324 131.4308872638096 217745.669278723
36 82207.998210066 131.0868093440165 217910.9149805901
37 82044.24792568666 130.753000931382 218074.999073382
38 81881.62059752464 130.4288000691087 218237.9506024063
39 81720.08855714145 130.1136024588415 218399.7978403998
40 81559.62551141517 129.8069158581084 218560.5675727268
41 81400.20607419348 129.5082987696157 218720.2856270369
42 81241.80668621643 129.2173556882083 218878.9759580954
43 81084.4048811277 128.9337236883745 219036.661395184
44 80927.97870502718 128.6570573223619 219193.3642376505
45 80772.50746835119 128.3870413293429 219349.1054903195
46 80617.97169634236 128.1233865952352 219503.9049170625
47 80464.35212156376 127.8658132145908 219657.7820652217
48 80311.63061320074 127.6140654923403 219810.755321307
49 80159.78997789008 127.3679050837015 219962.8421170263
50 80008.8131320628 127.1271020566315 220114.0597658807