Time X_A X1 X_B
0 100000 250 200000
1 99716.75022794203 119.4107281326081 200413.8390439253
2 99621.66676312653 81.33942613233403 200546.9938107411
3 99557.95182427444 75.13501393895586 200616.9131617865
4 99498.44312650958 74.28243461606198 200677.2744388742
5 99439.51872424191 74.17578601043694 200736.3054897475
6 99380.69357691091 74.17006097967415 200795.1363621093
7 99321.9024743047 74.17789837218258 200853.919627323
8 99263.13669676804 74.18756749741384 200912.6757357344
9 99204.39507013522 74.1974595982033 200971.4074702664
10 99145.67747244157 74.2073696376742 201030.1151579206
11 99086.98390519487 74.21727231881978 201088.7988224861
12 99028.31439411243 74.22716272531051 201147.4584431621
13 98969.66894715675 74.23704050630661 201206.0940123368
14 98911.04759827167 74.24690419158372 201264.7054975366
15 98852.45044674441 74.25675426805265 201323.2927989874
16 98793.87749280971 74.26659073549914 201381.8559164546
17 98735.32868745191 74.27641363864964 201440.3948989093
18 98676.804030671 74.28622297750417 201498.9097463513
19 98618.30352246699 74.29601875206271 201557.4004587808
20 98559.8273658613 74.3058012744342 201615.8668328641
21 98501.37550452529 74.31557045802344 201674.3089250166
22 98442.94788615851 74.32532622242795 201732.7267876189
23 98384.54451076097 74.33506856764772 201791.1204206712
24 98326.16537833266 74.34479749368275 201849.4898241735
25 98267.81075087571 74.35451326576786 201907.8347358584
26 98209.48050126557 74.36421575521 201966.1552829791
27 98151.17459856636 74.37390493069157 202024.4514965028
28 98092.89304277804 74.38358079221254 202082.7233764296
29 98034.63583390065 74.39324333977294 202140.9709227594
30 97976.40487002804 74.40289350201314 202199.1922364698
31 97918.1984739022 74.41253045833648 202257.3889956393
32 97860.01662436916 74.42215419839337 202315.5612214323
33 97801.8593214289 74.43176472218384 202373.7089138488
34 97743.72656508144 74.44136202970788 202431.8320728887
35 97685.61835532676 74.45094612096547 202489.9306985521
36 97627.53469216489 74.46051699595664 202548.004790839
37 97569.4755755958 74.47007465468137 202606.0543497494
38 97511.4410056195 74.47961909713965 202664.0793752832
39 97453.43098223599 74.48915032333151 202722.0798674405
40 97395.44550544528 74.49866833325693 202780.0558262213
41 97337.48457524735 74.50817312691592 202838.0072516256
42 97279.54819164223 74.51766470430847 202895.9341436533
43 97221.63635462988 74.52714306543459 202953.8365023045
44 97163.74906421034 74.53660821029426 203011.7143275792
45 97105.88632038358 74.54606013888751 203069.5676194774
46 97048.04812314961 74.55549885121431 203127.396377999
47 96990.23447250844 74.56492434727468 203185.2006031441
48 96932.44757675857 74.5743388249002 203242.9780844164
49 96874.68626811237 74.58374112183833 203300.7299907657
50 96816.94981949226 74.59313051445771 203358.4570499931