Time X_A X1 X_B
0 100000 250 200000
1 99203.46679245975 307.9824243639102 200738.5507831762
2 98051.16677603275 425.91998861656 201772.9132353506
3 96597.54077029858 492.2996513433387 203160.159578358
4 95153.82310937684 481.7021855616759 204614.4747050614
5 93793.60496777383 456.3565636951568 206000.0384685309
6 92529.08506519443 427.6308477703947 207293.2840870351
7 91369.25349704002 396.0187279312975 208484.7277750286
8 90327.24643443109 360.0425595041958 209562.7110060646
9 89425.02678809724 316.7161964964592 210508.2570154062
10 88699.3322119306 261.3106743306033 211289.3571137387
11 88197.79472239186 192.0801941648021 211860.1250834432
12 87923.70425498993 127.9580654187152 212198.3376795912
13 87783.81011743986 94.94979068335873 212371.2400918767
14 87688.39470830344 84.67678947421453 212476.9285022222
15 87604.10654997728 82.11260694971121 212563.7808430729
16 87522.47466266768 81.50867458097441 212646.0166627512
17 87441.52597807272 81.3644644631031 212727.109557464
18 87360.80829844385 81.32583809440253 212807.8658634615
19 87280.21835219499 81.31131495457458 212888.4703328502
20 87199.73252090039 81.30229936524115 212968.9651797342
21 87119.34528012025 81.2945435086976 213049.3601763709
22 87039.0552655124 81.28710893345189 213129.657625554
23 86958.86200376973 81.27976450726698 213209.8582317228
24 86878.76516251228 81.27246214455151 213289.962375343
25 86798.76454453202 81.2651924922701 213369.9702629755
26 86718.86006104641 81.257954949565 213449.8819840038
27 86639.05141127182 81.25074596233101 213529.6978427656
28 86559.33861050919 81.24356666296403 213609.4178228276
29 86479.7212507467 81.23641531843444 213689.0423339346
30 86400.19915873113 81.22929237255086 213768.5715488961
31 86320.77090232949 81.22219658230229 213848.006901088
32 86241.43767193904 81.21512898088669 213927.3471990798
33 86162.19946755977 81.20808956830405 214006.5924428717
34 86083.05628919169 81.20107834455438 214085.7426324635
35 86004.00813683479 81.19409530963766 214164.7977678553
36 85925.0539812419 81.18713943069126 214243.7588793272
37 85846.1925521029 81.1802094329427 214322.6272384639
38 85767.42527001414 81.17330674197856 214401.4014232436
39 85688.75213497558 81.16643135779884 214480.0814336663
40 85610.17314698726 81.15958328040354 214558.6672697321
41 85531.68830604915 81.15276250979267 214637.1589314408
42 85453.2998986045 81.14597124803032 214715.5541301472
43 85374.99766801055 81.13919961698582 214793.8631323722
44 85296.78932723896 81.13245504499065 214872.0782177158
45 85218.67471134177 81.12573737318408 214950.1995512848
46 85140.65365537094 81.11904644270535 215028.2272981861
47 85062.72599437853 81.11238209469376 215106.1616235265
48 84984.88959128347 81.10574213025434 215184.004666586
49 84907.14507373545 81.09912721041347 215261.7557990539
50 84829.49285845671 81.09253777800767 215339.414603765