Time X_A X1 X_B
0 100000 250 200000
1 0.0001245509383041165 0.07397158127436355 300249.9259038679
2 6.606397364432863e-05 0.07397153114958303 300249.9259624049
3 3.696383920802813e-05 0.07397150621912517 300249.9259915329
4 2.189166689321532e-05 0.07397149329538638 300249.9260066232
5 1.399891231181209e-05 0.07397148652868907 300249.9260145252
6 1.00300142515074e-05 0.07397148312612234 300249.9260184982
7 8.037215391074669e-06 0.07397148140598377 300249.9260204879
8 6.985594755776805e-06 0.07397148049708409 300249.926021528
9 6.401510420067378e-06 0.07397148000665897 300249.9260221018
10 6.069560838594865e-06 0.07397147972743315 300249.9260224259
11 5.868774383847891e-06 0.07397147955632796 300249.9260226226
12 5.761107793310337e-06 0.07397147946826707 300249.9260227295
13 5.693396172841283e-06 0.07397147941208342 300249.9260227973
14 5.691374431027841e-06 0.07397147940929227 300249.9260228003
15 5.690670618538231e-06 0.07397147940819568 300249.9260228008
16 5.68996680604862e-06 0.07397147940709908 300249.9260228014
17 5.68926299355901e-06 0.0739714794060025 300249.926022802
18 5.6885591810694e-06 0.07397147940490591 300249.9260228025
19 5.688248167905976e-06 0.07397147940452602 300249.9260228028
20 5.688080675997016e-06 0.073971479404408 300249.9260228029
21 5.687913184088056e-06 0.07397147940428997 300249.9260228031
22 5.687745692179096e-06 0.07397147940417195 300249.9260228032
23 5.687586254486056e-06 0.07397147940405947 300249.9260228034
24 5.68758118215216e-06 0.07397147940405344 300249.9260228033
25 5.687576109818265e-06 0.0739714794040474 300249.9260228032
26 5.68757103748437e-06 0.07397147940404135 300249.9260228031
27 5.687565965150475e-06 0.07397147940403531 300249.926022803
28 5.687560892816579e-06 0.07397147940402928 300249.9260228029
29 5.687555820482684e-06 0.07397147940402322 300249.9260228028
30 5.687550748148789e-06 0.07397147940401719 300249.9260228028
31 5.687545675814893e-06 0.07397147940401115 300249.9260228027
32 5.687540603480998e-06 0.0739714794040051 300249.9260228026
33 5.687535531147103e-06 0.07397147940399906 300249.9260228025
34 5.687530458813208e-06 0.07397147940399301 300249.9260228024
35 5.687525386479312e-06 0.07397147940398698 300249.9260228023
36 5.687520314145417e-06 0.07397147940398094 300249.9260228022
37 5.687515241811522e-06 0.07397147940397489 300249.9260228021
38 5.687510169477627e-06 0.07397147940396885 300249.9260228021
39 5.687505097143731e-06 0.07397147940396281 300249.926022802
40 5.687500024809836e-06 0.07397147940395676 300249.9260228019
41 5.687494952475941e-06 0.07397147940395073 300249.9260228018
42 5.687489880142045e-06 0.07397147940394469 300249.9260228017
43 5.68748480780815e-06 0.07397147940393864 300249.9260228016
44 5.687479735474255e-06 0.0739714794039326 300249.9260228015
45 5.68747466314036e-06 0.07397147940392657 300249.9260228014
46 5.687469590806464e-06 0.07397147940392051 300249.9260228014
47 5.687464518472569e-06 0.07397147940391448 300249.9260228013
48 5.687459446138674e-06 0.07397147940390843 300249.9260228012
49 5.687454373804778e-06 0.07397147940390239 300249.9260228011
50 5.687449301470883e-06 0.07397147940389635 300249.926022801