Time X_A X1 X_B
0 100000 250 200000
1 99103.80125926355 366.7970936898795 200779.4016470465
2 97654.66664244358 523.9268061167729 202071.4065514397
3 96100.10717878812 532.0730248737686 203617.8197963382
4 94621.16287052463 509.5218783551704 205119.3152511203
5 93224.64897828936 484.6000524736049 206540.7509692372
6 91912.94500073614 458.8512619631526 207878.2037373009
7 90689.19004376598 432.0295676134343 209128.7803886207
8 89558.21362929884 403.568354095962 210288.2180166053
9 88527.54299293071 372.5606864896252 211349.8963205798
10 87609.00191453895 337.5614544733193 212303.4366309879
11 86821.0074828026 296.4004018725386 213132.592115325
12 86189.7150561108 246.8349846145779 213813.4499592747
13 85739.2445007916 190.9303039576765 214319.8251952508
14 85457.88105611356 142.1098968986851 214650.0090469878
15 85283.14310748436 113.9116803065503 214852.9452122091
16 85153.5607969392 102.5435890852223 214993.8956139756
17 85039.2755476516 98.74099720264377 215111.9834551458
18 84929.86947577815 97.54027060554118 215222.5902536163
19 84822.09584967255 97.15050999912299 215330.7536403283
20 84714.97649705151 97.00525610486788 215438.0182468437
21 84608.21961816493 96.93292444135017 215544.8474573938
22 84501.7381174176 96.88238581449146 215651.379496768
23 84395.50539521253 96.83846895364043 215757.6561358339
24 84289.51274090515 96.79670742460071 215863.6905516703
25 84183.75678115664 96.75583384304086 215969.4873850004
26 84078.23557019634 96.71542448778166 216075.049005316
27 83972.94768323003 96.67537314182768 216180.3769436282
28 83867.89154109884 96.63564436212951 216285.4728145392
29 83763.06495067941 96.59622193613637 216390.3388273846
30 83658.46856599042 96.55710855884222 216494.9743254509
31 83554.09922766806 96.51829018562563 216599.3824821464
32 83449.9575854084 96.47976970464242 216703.5626448871
33 83346.04288611557 96.4415444078322 216807.5155694767
34 83242.35063990377 96.40359710445345 216911.2457629919
35 83138.88394354147 96.36594023609453 217014.7501162226
36 83035.63905796525 96.3285616081003 217118.0323804268
37 82932.61654452236 96.29146204513731 217221.0919934326
38 82829.8150800712 96.25463666665746 217323.9302832622
39 82727.23334147023 96.21808059211267 217426.5485779378
40 82624.87000557789 96.18178894095486 217528.9482054813
41 82522.72376780208 96.14575698743262 217631.1304752106
42 82420.79495313569 96.10999360481884 217733.0950532596
43 82319.08132146855 96.07448626038507 217834.8441922712
44 82217.58165333149 96.03923093873793 217936.3791157299
45 82116.29472925533 96.00422362448408 218037.7010471203
46 82015.21932977087 95.96946030223012 218138.811209927
47 81914.35423540894 95.93493695658267 218239.7108276346
48 81813.70000834789 95.90066183430821 218340.3993298179
49 81713.25502401404 95.86662813188843 218440.8783478542
50 81613.01784592443 95.83283034033606 218541.1493237354