Time X_A X1 X_B
0 100000 250 200000
1 99437.412389715 196.5010698617427 200616.0865404233
2 99099.93830234665 139.328751291012 201010.7329463623
3 98910.90720466206 107.600920084092 201231.4918752539
4 98775.39064345272 97.28655886242925 201377.3227976848
5 98653.98447986587 94.64326327614513 201501.3722568579
6 98536.07719608321 94.00690526212858 201619.9158986546
7 98419.12435809631 93.84998896667115 201737.0256529369
8 98302.53239325355 93.80488052834249 201853.662726218
9 98186.16364153019 93.78565661690831 201970.0507018528
10 98069.98605479585 93.77243996804815 202086.241505236
11 97953.99188928552 93.76064007508097 202202.2474706393
12 97838.17904910351 93.7492336313065 202318.0717172651
13 97722.54665645526 93.73796363030347 202433.7153799144
14 97607.09392154585 93.72677632495031 202549.1793021292
15 97491.82039107004 93.71566124210267 202664.4639476878
16 97376.72577335859 93.70461697215406 202779.5696096692
17 97261.80940395757 93.69363922533405 202894.496956817
18 97147.07119235066 93.68272887728936 203009.246078772
19 97032.51025626408 93.67188332588286 203123.81786041
20 96918.12586061763 93.66110247706287 203238.2130369052
21 96803.91571596474 93.65038375163719 203352.4339002836
22 96689.88188065535 93.63972946845448 203466.4783898761
23 96576.02435468945 93.62913962751475 203580.346505683
24 96462.34313806704 93.61861422881798 203694.0382477041
25 96348.83688658125 93.60815138125041 203807.5549620375
26 96235.5019110648 93.59774589466224 203920.9003430405
27 96122.34130375755 93.58740211940868 204034.071294123
28 96009.3550646595 93.57712005548973 204147.067815285
29 95896.54319377063 93.56689970290537 204259.8899065264
30 95783.91233482372 93.55674988868162 204372.5309152875
31 95671.43853345214 93.54663878646052 204485.0148277613
32 95559.13859923655 93.53658872986247 204597.3248120335
33 95447.01211858266 93.52659916937597 204709.4612822479
34 95335.05867789612 93.51666955548943 204821.4246525483
35 95223.27714876413 93.50679838694013 204933.2160528489
36 95111.66345588308 93.49698023880231 205044.839563878
37 95000.2203178106 93.48721873189493 205156.2924634574
38 94888.94722239752 93.47751318548482 205267.5752644169
39 94777.84365749471 93.46786291883879 205378.6884795864
40 94666.90911095304 93.45826725122362 205489.6326217957
41 94556.14307062335 93.44872550190611 205600.4082038747
42 94445.54502435651 93.43923699015308 205711.0157386533
43 94335.1144600034 93.42980103523132 205821.4557389613
44 94224.85086541485 93.42041695640762 205931.7287176287
45 94114.75372844173 93.41108407294881 206041.8351874853
46 94004.82253693492 93.40180170412167 206151.7756613609
47 93895.05839713657 93.3925732034143 206261.54902966
48 93785.46038284688 93.38339685797482 206371.1562202951
49 93676.02741483111 93.37427057347558 206480.5983145954
50 93566.75902935599 93.36519378987141 206589.8757768541