Time X_A X1 X_B
0 100000 250 200000
1 98679.53679570391 548.9267422745708 201021.5364620216
2 96109.56307076832 779.8666744133905 203360.5702548184
3 93712.79437180178 741.3647875648003 205795.8408406335
4 91457.29863023023 701.6504552211368 208091.0509145487
5 89341.5479677824 662.0939468008096 210246.3580854169
6 87365.71862337252 622.3651353238945 212261.9162413037
7 85531.49221152083 581.992869411839 214136.5149190674
8 83842.82128375066 540.2626281750174 215866.9160880744
9 82307.26112666342 496.0149793835188 217446.7238939532
10 80938.59373535118 447.2331495394682 218864.1731151095
11 79761.8751889499 390.2138058318751 220097.9110052184
12 78822.02887537137 318.6621720978742 221109.308952531
13 78182.81855038006 228.8371259696322 221838.3443236505
14 77851.23492379097 145.7517261618779 222253.0133500474
15 77693.49742159819 105.8999766798834 222450.6026017221
16 77587.25695631777 94.93327890764861 222567.8097647748
17 77492.38606196275 92.51417954848044 222665.099758489
18 77399.97470626551 92.00019564921315 222758.0250980855
19 77308.18677655606 91.88156489377833 222849.9316585504
20 77216.64814705859 91.843592841088 222941.5082601006
21 77125.28265433574 91.82204689691153 223032.8952987676
22 77034.07449510819 91.80385937460476 223124.1216455175
23 76943.02018306598 91.78644885108372 223215.1933680832
24 76852.11860257875 91.76925167850871 223306.112145743
25 76761.36904208254 91.75216716140501 223396.8787907563
26 76670.77094694518 91.73517463461849 223487.4938784205
27 76580.32403424387 91.71827202929941 223577.9576937271
28 76490.02779586142 91.70145497076732 223668.2707491681
29 76399.88185087824 91.68472315898897 223758.433425963
30 76309.88580518561 91.66807510802001 223848.4461197066
31 76220.03742575998 91.65150841531947 223938.311065825
32 76130.33726594219 91.63502381124884 224028.0277102468
33 76040.7860106906 91.61862219989332 224117.5953671098
34 75951.38366000522 91.60230358125293 224207.0140364138
35 75862.12990540368 91.58606746321084 224296.2840271334
36 75773.02030300822 91.56990675652179 224385.4097902355
37 75684.05786600942 91.55382626807925 224474.3883077228
38 75595.24259440729 91.53782599788322 224563.2195795951
39 75506.57448820183 91.52190594593371 224651.9036058525
40 75418.05681991526 91.50607113235476 224740.4371089526
41 75329.67410014865 91.49029779605377 224828.8356020555
42 75241.4379815187 91.47460381241154 224917.0874146691
43 75153.3480622582 91.45898856510796 225005.1929491769
44 75065.40394059991 91.4434514378229 225093.1526079625
45 74977.60229342527 91.42798722650308 225180.9697193484
46 74889.94362861365 91.41259674335083 225268.6437746432
47 74802.42836819017 91.39728066574162 225356.1743511443
48 74715.05601385298 91.38203822575595 225443.5619479215
49 74627.82606730024 91.36686865547429 225530.8070640445
50 74540.73803023009 91.35177118697716 225617.9101985831