Time X_A X1 X_B
0 100000 250 200000
1 98560.98830323748 623.068050081193 201065.9436466812
2 96412.98010736196 712.7021071132964 203124.3177855246
3 94403.18693193598 683.333646998291 205163.4794210656
4 92492.90856147959 653.792502100144 207103.2989364201
5 90680.53869220731 624.6255278011337 208944.8357799914
6 88964.9945429542 595.7399574240158 210689.2654996216
7 87345.50778483409 567.0209106688745 212337.4713044969
8 85821.77423652688 538.3295357434962 213889.8962277295
9 84394.03522766591 509.4891648759448 215346.4756074579
10 83063.24068791696 480.2757164071202 216706.4835956758
11 81831.25449425424 450.3940251885707 217968.351480557
12 80701.14626403661 419.4522424908531 219129.4014934723
13 79677.57515588054 386.9387370001822 220185.4861071191
14 78767.16038054913 352.2360250299687 221130.6035944207
15 77978.43526114858 314.7994673049278 221956.7652715464
16 77320.15919132369 274.7665942918781 222655.0742143843
17 76795.86174354363 234.2430911363276 223219.8951653198
18 76394.72844334719 198.1242185979142 223657.1473380546
19 76088.08563653608 171.5314956287208 223990.382867835
20 75840.63353904505 155.4655365437834 224253.900924411
21 75624.83206561535 147.0645337622953 224478.1034006222
22 75424.65250543748 142.9622877961744 224682.3852067662
23 75232.19688659009 140.9460324474891 224876.8570809622
24 75043.87984725588 139.8709355627664 225066.2492171811
25 74858.12950583226 139.2065166999126 225252.6639774676
26 74674.26446768739 138.7207084001136 225437.0148239123
27 74491.98187232546 138.3146188235157 225619.7035088509
28 74311.13802335611 137.9468432514836 225800.9151333922
29 74131.65537377975 137.600110332872 225980.7445158872
30 73953.48385037806 137.2671504193929 226159.2489992024
31 73776.58567406208 136.9448914650255 226336.4694344727
32 73600.92900891443 136.631785604458 226512.4392054809
33 73426.4848985235 136.3269918666112 226687.1881096097
34 73253.22606529707 136.0299927704768 226860.7439419323
35 73081.1265536857 135.7403722599736 227033.1330740541
36 72910.16203312762 135.457779677812 227204.3801871944
37 72740.30890285751 135.1818960221102 227374.5092011202
38 72571.54456326882 134.9124272893277 227543.5430094416
39 72403.84765267264 134.649104840417 227711.5032424867
40 72237.197359239 134.391672942791 227878.410967818
41 72071.57370853452 134.1398925682893 228044.286398897
42 71906.95772809531 133.8935411891739 228209.1487307153
43 71743.33097738605 133.6524076266367 228373.0166149871
44 71580.67565984634 133.416292124935 228535.9080480285
45 71418.97471121472 133.1850072265227 228697.8402815585
46 71258.21173016261 132.9583764493923 228858.8298933877
47 71098.37078181369 132.7362315107226 229018.8929866753
48 70939.43648240026 132.5184133902537 229178.0451042092
49 70781.39397555469 132.3047712424957 229336.3012532025
50 70624.22895290251 132.0951626117274 229493.6758844855