Time X_A X1 X_B
0 100000 250 200000
1 8.041438422169698e-06 0.2436057689560734 300249.7563861962
2 7.96573997845247e-06 0.2436057661911612 300249.7563862748
3 7.965525725936274e-06 0.2436057661828997 300249.7563862752
4 7.965503819853452e-06 0.243605766182174 300249.7563862753
5 7.965481913770632e-06 0.2436057661814483 300249.7563862755
6 7.965460007687811e-06 0.2436057661807226 300249.7563862757
7 7.965438101604991e-06 0.2436057661799969 300249.7563862759
8 7.96542820145906e-06 0.243605766179593 300249.7563862759
9 7.965427647099794e-06 0.2436057661794396 300249.7563862759
10 7.965427092740528e-06 0.2436057661792863 300249.7563862759
11 7.965426538381263e-06 0.2436057661791328 300249.7563862759
12 7.965425984021997e-06 0.2436057661789794 300249.7563862759
13 7.965425624598201e-06 0.24360576617888 300249.7563862759
14 7.965425623162627e-06 0.2436057661788795 300249.7563862759
15 7.965425621727052e-06 0.243605766178879 300249.7563862759
16 7.965425620291477e-06 0.2436057661788785 300249.7563862759
17 7.965425618855903e-06 0.243605766178878 300249.7563862759
18 7.965425617420328e-06 0.2436057661788775 300249.7563862759
19 7.965425615984755e-06 0.243605766178877 300249.7563862759
20 7.96542561454918e-06 0.2436057661788766 300249.7563862759
21 7.965425613113605e-06 0.2436057661788761 300249.7563862759
22 7.965425611678031e-06 0.2436057661788756 300249.7563862759
23 7.965425610242456e-06 0.2436057661788751 300249.7563862759
24 7.965425608806882e-06 0.2436057661788746 300249.7563862759
25 7.965425607371307e-06 0.2436057661788741 300249.7563862759
26 7.965425605935732e-06 0.2436057661788736 300249.7563862759
27 7.965425604500159e-06 0.2436057661788731 300249.7563862759
28 7.965425603064584e-06 0.2436057661788726 300249.7563862759
29 7.96542560162901e-06 0.2436057661788721 300249.7563862759
30 7.965425600193435e-06 0.2436057661788716 300249.7563862759
31 7.96542559875786e-06 0.2436057661788711 300249.7563862759
32 7.965425597322286e-06 0.2436057661788707 300249.7563862759
33 7.965425595886711e-06 0.2436057661788702 300249.7563862759
34 7.965425594451138e-06 0.2436057661788697 300249.7563862759
35 7.965425593015563e-06 0.2436057661788692 300249.7563862759
36 7.965425591579987e-06 0.2436057661788687 300249.7563862759
37 7.965425590144414e-06 0.2436057661788682 300249.7563862759
38 7.965425588708839e-06 0.2436057661788677 300249.7563862759
39 7.965425587273265e-06 0.2436057661788672 300249.7563862759
40 7.96542558583769e-06 0.2436057661788667 300249.7563862759
41 7.965425584402115e-06 0.2436057661788663 300249.7563862759
42 7.965425582966542e-06 0.2436057661788658 300249.7563862759
43 7.965425581530966e-06 0.2436057661788653 300249.7563862759
44 7.965425580095393e-06 0.2436057661788648 300249.7563862759
45 7.965425578659818e-06 0.2436057661788643 300249.7563862759
46 7.965425577224244e-06 0.2436057661788638 300249.7563862759
47 7.965425575788669e-06 0.2436057661788633 300249.7563862759
48 7.965425574353094e-06 0.2436057661788628 300249.7563862759
49 7.965425572917521e-06 0.2436057661788623 300249.7563862759
50 7.965425571481945e-06 0.2436057661788618 300249.7563862759