Time X_A X1 X_B
0 100000 250 200000
1 8.743301192651442e-05 0.04214742494545751 300249.9577651411
2 7.044767675422767e-05 0.04214741244461245 300249.9577821388
3 5.673688469057378e-05 0.04214740235152622 300249.9577958595
4 4.576812046366992e-05 0.04214739427855795 300249.9578068362
5 3.699080762076952e-05 0.04214738781682981 300249.9578156197
6 3.022409551332183e-05 0.04214738283909315 300249.9578223918
7 2.498328495850614e-05 0.04214737898327098 300249.9578276369
8 2.070580916777351e-05 0.04214737583270534 300249.9578319177
9 1.734361590192046e-05 0.04214737335457096 300249.9578352827
10 1.455616224700852e-05 0.0421473712978418 300249.9578380725
11 1.209806766658822e-05 0.04214736948252059 300249.9578405327
12 1.018097948519042e-05 0.04214736806963547 300249.9578424515
13 8.482778786958204e-06 0.04214736682191211 300249.9578441511
14 7.141606018325602e-06 0.04214736583958568 300249.9578454934
15 6.064891306130448e-06 0.04214736505546819 300249.9578465711
16 5.203178825744662e-06 0.04214736443090771 300249.9578474335
17 4.548517416354879e-06 0.04214736395428144 300249.9578480887
18 4.052401669141651e-06 0.04214736358980992 300249.9578485852
19 3.689401010281587e-06 0.04214736332586096 300249.9578489485
20 3.421519912597523e-06 0.042147363129416 300249.9578492166
21 3.215165241237434e-06 0.04214736297494964 300249.9578494231
22 3.03674593521654e-06 0.04214736283693998 300249.9578496017
23 2.947321967318992e-06 0.04214736276925667 300249.9578496912
24 2.884819386224169e-06 0.04214736272248692 300249.9578497537
25 2.826876687854859e-06 0.04214736268052799 300249.9578498118
26 2.752803093438045e-06 0.04214736262867852 300249.9578498859
27 2.724977851835086e-06 0.04214736260664605 300249.9578499137
28 2.700804117223969e-06 0.04214736258538127 300249.957849938
29 2.668301572381635e-06 0.04214736255588795 300249.9578499705
30 2.618472363783141e-06 0.04214736251112334 300249.9578500204
31 2.577781788641075e-06 0.04214736248389088 300249.9578500611
32 2.556486817769665e-06 0.04214736246703498 300249.9578500825
33 2.526457080225144e-06 0.04214736244986356 300249.9578501126
34 2.487692576007511e-06 0.04214736243237662 300249.9578501513
35 2.471793045782108e-06 0.04214736241682655 300249.9578501673
36 2.457597474924358e-06 0.04214736240170502 300249.9578501816
37 2.44210996788988e-06 0.04214736238679849 300249.957850197
38 2.425330524678675e-06 0.04214736237210695 300249.9578502139
39 2.407259145290741e-06 0.04214736235763041 300249.957850232
40 2.387895829726081e-06 0.04214736234336885 300249.9578502513
41 2.367240577984692e-06 0.04214736232932229 300249.957850272
42 2.345293390066575e-06 0.04214736231549072 300249.957850294
43 2.32625693489734e-06 0.04214736230280126 300249.9578503125
44 2.313438944799306e-06 0.04214736229198361 300249.9578503239
45 2.301599008959998e-06 0.04214736228188172 300249.9578503341
46 2.290737127379417e-06 0.04214736227249558 300249.9578503429
47 2.280853300057563e-06 0.04214736226382521 300249.9578503505
48 2.271947526994436e-06 0.04214736225587059 300249.9578503569
49 2.264019808190035e-06 0.04214736224863173 300249.957850362
50 2.257070143644361e-06 0.04214736224210863 300249.9578503658