Time X_A X1 X_B
0 100000 250 200000
1 98998.75281724916 330.70749943298 200920.5396833179
2 96875.03260495573 684.6094127411611 202690.357982303
3 94285.70681701563 692.3600182200925 205271.9331647642
4 91886.58440088508 647.2177253592107 207716.1978737556
5 89670.34308330268 600.6004859045527 209979.0564307926
6 87644.53255236623 551.617612471087 212053.8498351625
7 85824.82218606051 497.854225956909 213927.3235879824
8 84243.9185114194 434.0058381272517 215572.0756504532
9 82976.05258064427 346.8730249113459 216927.0743944442
10 82181.95516782942 213.0898011196232 217854.9550310508
11 81921.97243849756 91.73385636674554 218236.2937051356
12 81852.46222867011 62.34779467091563 218335.1899766589
13 81804.10456657964 59.17922542485485 218386.7162079954
14 81757.64146043443 58.88866602391975 218433.4698735414
15 81711.36987694747 58.8661945985273 218479.7639284538
16 81665.13502635882 58.86824794863738 218525.9967256924
17 81618.92280390685 58.87255425129635 218572.2046418417
18 81572.73190730176 58.87704958523298 218618.3910431129
19 81526.56222931792 58.88155722332026 218664.5562134586
20 81480.41376451087 58.88606377752846 218710.7001717115
21 81434.28651357999 58.89056559716137 218756.8229208227
22 81388.18048268977 58.89506144564699 218802.9244558644
23 81342.09567911063 58.89955156569822 218849.0047693235
24 81296.03209700785 58.9040361478263 218895.0638668442
25 81249.98973638147 58.90851519203122 218941.1017484264
26 81203.96861636915 58.91298888175181 218987.118394749
27 81157.96872983314 58.91745714857093 219033.1138130182
28 81111.99007473131 58.92191997291447 219079.0880052957
29 81066.03265902342 58.92637739343167 219125.040963583
30 81020.09649508269 58.93082947020143 219170.972675447
31 80974.18157333376 58.93527615672997 219216.8831505094
32 80928.28789377664 58.93971745301729 219262.7723887702
33 80882.41568154999 58.94415369905111 219308.6401647508
34 80836.56476488583 58.9485846354401 219354.4866504786
35 80790.73511588719 58.95301022005642 219400.3118738926
36 80744.92673455412 58.95743045290008 219446.1158349928
37 80699.13962088656 58.96184533397107 219491.8985337793
38 80653.37377488457 58.96625486326939 219537.659970252
39 80607.62919654812 58.97065904079505 219583.400144411
40 80561.9058858772 58.97505786654803 219629.1190562561
41 80516.20384287184 58.97945134052835 219674.8167057875
42 80470.52306753201 58.983839462736 219720.4930930051
43 80424.86355985772 58.98822223317099 219766.148217909
44 80379.22531984899 58.9925996518333 219811.782080499
45 80333.6083475058 58.99697171872295 219857.3946807754
46 80288.01264282815 59.00133843383993 219902.9860187379
47 80242.43820581604 59.00569979718423 219948.5560943866
48 80196.88503646947 59.01005580875588 219994.1049077216
49 80151.35313478846 59.01440646855485 220039.6324587429
50 80105.84250077297 59.01875177658116 220085.1387474503