Time X_A X1 X_B
0 100000 250 200000
1 99157.98674923017 278.6031920125952 200813.4100587571
2 98085.28775886535 353.6526454173523 201811.0595957172
3 96555.51647365977 475.7785993295839 203218.7049270106
4 94823.36331720944 498.5598058007705 204928.0768769897
5 93183.84228898688 469.6593665553261 206596.4983444577
6 91689.88747768692 430.745950676677 208129.3665716364
7 90368.21012800538 384.3661231471192 209497.4237488475
8 89261.94496606378 324.8840100999407 210663.1710238362
9 88452.6653581541 241.28751368325 211556.0471281626
10 88024.99373805935 142.006144431181 212083.0001175095
11 87864.00008110559 87.97091096003786 212298.0290079344
12 87775.79910709339 75.677188665922 212398.5237042408
13 87699.26514138118 73.72343120063192 212477.0114274183
14 87624.49724416737 73.43602746720121 212552.0667283655
15 87550.04351906593 73.39548497060839 212626.5609959636
16 87475.69234786174 73.39100810809229 212700.9166440303
17 87401.41285136098 73.39174160075876 212775.1954070383
18 87327.20056180267 73.39325172531105 212849.406186472
19 87253.05475757696 73.39486038182544 212923.5503820412
20 87178.97527958421 73.39647807115941 212997.6282423446
21 87104.96209395012 73.3980970164245 213071.6398090335
22 87031.01514735674 73.39971204772191 213145.5851405955
23 86957.13438127271 73.40132241273076 213219.4642963145
24 86883.3196888845 73.40292804406097 213293.2773830714
25 86809.57093057585 73.40452892677679 213367.0245404974
26 86735.88824288176 73.40612521966897 213440.7056318986
27 86662.27162580221 73.40771692273748 213514.320657275
28 86588.72107933721 73.40930403598233 213587.8696166268
29 86515.23614583752 73.41088687549036 213661.352967287
30 86441.81708395918 73.41246526261435 213734.7704507782
31 86368.46391367406 73.41403918356021 213808.1220471424
32 86295.17663498218 73.41560863832791 213881.4077563795
33 86221.95544962394 73.41717352952514 213954.6273768465
34 86148.79904032893 73.4187344930784 214027.782225178
35 86075.70845440624 73.4202910233879 214100.8712545703
36 86002.68364672129 73.42184314224286 214173.8945101365
37 85929.72452505642 73.42339088350418 214246.85208406
38 85856.83043324098 73.42493442562528 214319.7446323333
39 85784.00185259474 73.42647365541715 214392.5716737498
40 85711.23873000291 73.42800859671507 214465.3332614003
41 85638.54101235064 73.42953927335434 214538.0294483759
42 85565.90864652317 73.4310657091702 214610.6602877676
43 85493.34157940565 73.43258792799796 214683.2258326663
44 85420.83975788328 73.43410595367286 214755.726136163
45 85348.40312884124 73.43561981003019 214828.1612513487
46 85276.03163916471 73.43712952090523 214900.5312313144
47 85203.72523573889 73.43863511013325 214972.8361291509
48 85131.48386544896 73.44013660154953 215045.0759979494
49 85059.3074751801 73.44163401898935 215117.2508908008
50 84987.19601181752 73.44312738628796 215189.3608607962