Time X_A X1 X_B
0 100000 250 200000
1 99777.76751876634 84.33060710317123 200387.9018741304
2 99725.18732711473 62.19073058306913 200462.6219423022
3 99683.79140691229 60.60988422964049 200505.5987088581
4 99643.112006518 60.51264629833878 200546.3753471836
5 99602.48651823592 60.51406755526708 200586.9994142088
6 99561.87132807887 60.52199191458304 200627.6066800065
7 99521.2635765117 60.53034740436604 200668.2060760839
8 99480.66308463206 60.5387241790533 200708.7981911888
9 99440.06985201837 60.54710093805598 200749.3830470435
10 99399.48166598869 60.55547487664783 200789.9628591346
11 99358.91131685922 60.56383805400378 200830.5248450867
12 99318.36346739148 60.5721909637825 200871.0643416447
13 99277.81561792373 60.58054387356122 200911.6038382026
14 99237.26776845599 60.58889678333994 200952.1433347606
15 99196.7772662348 60.59721397343593 200992.6255197917
16 99156.23514258438 60.60556331679446 201033.1592940988
17 99115.70037134114 60.61390808058434 201073.6857205782
18 99075.17295250512 60.62224826480558 201114.20479923
19 99034.6529274894 60.63058278002202 201154.7164897305
20 98994.14036154812 60.63890990962422 201195.2207285422
21 98953.63518671946 60.64723144145215 201235.717581839
22 98913.13740300342 60.65554737550581 201276.207049621
23 98872.6470104 60.66385771178519 201316.6891318882
24 98832.16400890918 60.6721624502903 201357.1638286404
25 98791.68846605411 60.68046255797551 201397.6310713878
26 98751.22047144279 60.68875931805895 201438.0907692391
27 98710.75992626339 60.69705131552045 201478.543022421
28 98670.30683051588 60.70533855036001 201518.9878309337
29 98629.86118420027 60.71362102257763 201559.4251947771
30 98589.42298731656 60.72189873217332 201599.8551139512
31 98548.99231971194 60.7301717565154 201640.2775085315
32 98508.56927016038 60.7384401816219 201680.6922896579
33 98468.15373410443 60.74670390618132 201721.0995619893
34 98427.74571154409 60.75496293019366 201761.4993255256
35 98387.34520247935 60.76321725365892 201801.8915802669
36 98346.95220691021 60.77146687657709 201842.2763262131
37 98306.56729758659 60.77971182282244 201882.6529905905
38 98266.19078705231 60.78795210542289 201923.0212608422
39 98225.82191356369 60.79618769262627 201963.3818987436
40 98185.4606771207 60.80441858443257 202003.7349042948
41 98145.10707772337 60.81264478084179 202044.0802774957
42 98104.76111537169 60.82086628185393 202084.4180183464
43 98064.42279006564 60.829083087469 202124.7481268468
44 98024.09210180523 60.83729519768699 202165.070602997
45 97983.76905059049 60.84550261250791 202205.3854467969
46 97943.45363642137 60.85370533193174 202245.6926582466
47 97903.14585929792 60.8619033559585 202285.992237346
48 97862.8457192201 60.87009668458818 202326.2841840952
49 97822.55321618792 60.87828531782079 202366.5684984942
50 97782.2683502014 60.88646925565632 202406.8451805428