Time X_A X1 X_B
0 100000 250 200000
1 99775.80379245916 80.89924332045094 200393.2969642205
2 99730.43632517384 53.82727659594868 200465.7363982303
3 99698.41130062669 51.63741851198828 200499.9512808615
4 99667.30151726742 51.48244176880668 200531.2160409639
5 99636.26137320936 51.47644264661644 200562.2621841441
6 99605.22994205053 51.48123811882979 200593.2888198307
7 99574.20282357566 51.48682171019892 200624.3103547143
8 99543.17969918699 51.49245535943707 200655.3278454537
9 99512.16055369451 51.49809327887257 200686.3413530267
10 99481.14405945115 51.50373054089816 200717.352210008
11 99450.13807385357 51.50936222295274 200748.3525639236
12 99419.1496428736 51.51498679028783 200779.3353703363
13 99388.16121189362 51.52061135762292 200810.3181767489
14 99357.17278091365 51.52623592495801 200841.3009831615
15 99326.18434993368 51.53186049229309 200872.2837895741
16 99295.1959189537 51.53748505962818 200903.2665959868
17 99264.26688640795 51.54307721234609 200934.1900363798
18 99233.28375686136 51.54869888660941 200965.1675442522
19 99202.3046576614 51.55431836145206 200996.1410239773
20 99171.32958880809 51.55993563687405 201027.1104755552
21 99140.35855030142 51.56555071287539 201058.0758989858
22 99109.39158788917 51.57116265551711 201089.0372494555
23 99078.42872950867 51.57677089446008 201119.994499597
24 99047.46992533823 51.58237644681129 201150.9476982151
25 99016.51517537788 51.58797931257074 201181.8968453097
26 98985.5644796276 51.59357949173842 201212.8419408808
27 98954.61783808742 51.59917698431435 201243.7829849284
28 98923.67525075731 51.60477179029852 201274.7199774525
29 98892.73671763728 51.61036390969093 201305.6529184532
30 98861.80228936662 51.61595393295059 201336.5817567006
31 98830.87204035127 51.62154272765822 201367.5064169212
32 98799.94588146757 51.62712925462309 201398.426989278
33 98769.02381271552 51.63271351384524 201429.3434737708
34 98738.10583409511 51.63829550532464 201460.2558703997
35 98707.19194560638 51.64387522906131 201491.1641791647
36 98676.28214724927 51.64945268505523 201522.0684000659
37 98645.37643902382 51.65502787330642 201552.968533103
38 98614.47485714292 51.66060081520911 201583.864542042
39 98583.5775181497 51.66617157961586 201614.7563102708
40 98552.68430884856 51.67174009965179 201645.6439510519
41 98521.79522923952 51.67730637531692 201676.5274643853
42 98490.91027932258 51.68287040661125 201707.406850271
43 98460.02945909771 51.68843219353477 201738.2821087089
44 98429.15276856496 51.69399173608748 201769.1532396991
45 98398.28020772428 51.69954903426939 201800.0202432416
46 98367.41191056139 51.70510408487079 201830.8829853539
47 98336.54892189435 51.71065686286244 201861.7404212429
48 98305.69014279064 51.71620739456992 201892.593649815
49 98274.83557325025 51.72175567999324 201923.4426710699
50 98243.98521327319 51.72730171913238 201954.2874850078