Time X_A X1 X_B
0 100000 250 200000
1 98834.70533968514 534.2007994972133 200881.0938608176
2 97023.97304017085 661.5073100039118 202564.5196498252
3 95311.29879902367 639.5548271093891 204299.1463738669
4 93674.20129021988 615.2964417296988 205960.5022680503
5 92111.04308543418 591.2401784746603 207547.716736091
6 90621.18159291902 567.3577554383241 209061.4606516425
7 89204.1989118397 543.5752605370536 210502.2258276231
8 87859.93737536728 519.8033947398716 211870.2592298927
9 86588.55556335811 495.9329905060485 213165.5114461357
10 85390.60449020608 471.8281168409571 214387.5673929528
11 84267.12335675734 447.3167072989057 215535.5599359436
12 83219.78811310571 422.1755891823267 216608.0362977118
13 82251.10768267539 396.1189965098176 217602.7733208146
14 81364.62837910812 368.7844355098048 218516.5871853819
15 80565.14195210123 339.7474896896176 219345.110558209
16 79858.6588768432 308.6169772590777 220082.7241458975
17 79251.62708546704 275.3450818390832 220723.0278326937
18 78748.32785212362 240.8882619252666 221260.783885951
19 78345.95698399568 207.932546101264 221696.1104699029
20 78030.24490597946 180.3673483406446 222039.3877456797
21 77777.75644829746 160.8054685694409 222311.4380831329
22 77564.7084787825 148.8550961553756 222536.4364250619
23 77373.67680853447 142.2671209092719 222734.056070556
24 77194.31481750114 138.8022638594683 222916.8829186392
25 77021.1772301259 136.9670575603077 223091.8557123136
26 76851.57604304174 135.9334835326242 223262.4904734255
27 76684.22489966005 135.2829942428631 223430.4921060969
28 76518.51432920364 134.8140703108334 223596.6716004853
29 76354.15238182693 134.4322532154362 223761.4153649574
30 76190.9938620921 134.094024294276 223924.9121136134
31 76028.96051906349 133.7794525188242 224087.2600284175
32 75868.00471451359 133.4794143193392 224248.5158711669
33 75708.09279625498 133.1896905736272 224408.7175131712
34 75549.19778869407 132.9083089761982 224567.8939023295
35 75391.29719848075 132.6342171895917 224726.0685843294
36 75234.36947193582 132.366755631329 224883.2637724326
37 75078.39491262313 132.1055408034205 225039.4995465732
38 74923.35441147554 131.8502587263067 225194.7953297979
39 74769.23007038578 131.6006445847851 225349.1692850292
40 74616.00431911953 131.3564571232724 225502.639223757
41 74463.66072357651 131.1174805904661 225655.2217958329
42 74312.18301155479 130.8835075643934 225806.9334808806
43 74161.55597206694 130.6543500460067 225957.7896778869
44 74011.7645093364 130.429825011571 226107.8056656518
45 73862.79446585265 130.209764984745 226256.9957691624
46 73714.63183613645 129.9940071406574 226405.3741567227
47 73567.2633549607 129.7824008002692 226552.9542442388
48 73420.67605726705 129.5748010483962 226699.7491416843
49 73274.85740573495 129.3710708557854 226845.771523409
50 73129.79541943403 129.1710812701074 226991.0334992956