Time X_A X1 X_B
0 100000 250 200000
1 0.0002468655857326199 0.02094041552291941 300249.9788127191
2 0.0002338706191824072 0.02094041425949668 300249.9788257152
3 0.0002215328642681336 0.0209404130584341 300249.9788380541
4 0.0002098694699717948 0.02094041191980087 300249.9788497186
5 0.0001987970528202525 0.02094041083899676 300249.9788607921
6 0.0001882792290784182 0.0209404098140145 300249.9788713109
7 0.0001783580550942611 0.02094040884717431 300249.978881233
8 0.0001690245302539627 0.02094040793759669 300249.9788905674
9 0.0001600286818320672 0.02094040706085512 300249.978899564
10 0.0001515876814416867 0.0209404062381709 300249.9789080058
11 0.0001436324803335918 0.02094040546285535 300249.9789159617
12 0.0001361062615110036 0.02094040472939795 300249.9789234886
13 0.0001290111719743871 0.02094040403796762 300249.9789305844
14 0.0001223148761021898 0.02094040338541191 300249.9789372814
15 0.0001159850382728594 0.02094040276857836 300249.9789436118
16 0.0001099893228648434 0.02094040218431452 300249.9789496082
17 0.0001042953942565892 0.02094040162946792 300249.9789553027
18 9.898247459397028e-05 0.02094040111173642 300249.9789606162
19 9.397704617954121e-05 0.02094040062396213 300249.9789656221
20 8.923910024054422e-05 0.02094040016224628 300249.9789703605
21 8.474368470694293e-05 0.02094039972415454 300249.9789748564
22 8.046584750870094e-05 0.02094039930725261 300249.9789791347
23 7.638063657578184e-05 0.02094039890910616 300249.9789832203
24 7.249311284919513e-05 0.02094039853022267 300249.9789871082
25 6.88926042566813e-05 0.02094039817936927 300249.9789907092
26 6.547916362629006e-05 0.0209403978467608 300249.9789941231
27 6.223665940851242e-05 0.02094039753082751 300249.978997366
28 5.914896005383939e-05 0.02094039722999964 300249.9790004542
29 5.619993401276197e-05 0.02094039694270744 300249.9790034037
30 5.337344973577119e-05 0.02094039666738116 300249.9790062307
31 5.071405693358139e-05 0.02094039640830296 300249.9790088906
32 4.82242807397401e-05 0.02094039616570228 300249.9790113808
33 4.585979296312527e-05 0.02094039593529017 300249.9790137457
34 4.361068310056044e-05 0.02094039571609681 300249.9790159953
35 4.146704064886915e-05 0.02094039550715239 300249.9790181394
36 3.941895510487496e-05 0.02094039530748709 300249.9790201879
37 3.745651596540141e-05 0.02094039511613111 300249.9790221507
38 3.563120036413424e-05 0.02094039493820359 300249.9790239764
39 3.390164952280452e-05 0.02094039476961541 300249.9790257063
40 3.225889827065679e-05 0.02094039460949051 300249.9790273494
41 3.069663364758168e-05 0.02094039445721593 300249.979028912
42 2.920854269346983e-05 0.02094039431217867 300249.9790304004
43 2.778831244821188e-05 0.02094039417376577 300249.9790318209
44 2.643952240412001e-05 0.02094039404231827 300249.97903317
45 2.517709138116971e-05 0.0209403939192708 300249.9790344327
46 2.397952746806749e-05 0.02094039380254653 300249.9790356305
47 2.28425236047843e-05 0.02094039369172591 300249.9790367677
48 2.17617727312911e-05 0.02094039358638942 300249.9790378487
49 2.073296778755888e-05 0.02094039348611754 300249.9790388776
50 1.975180171355859e-05 0.02094039339049074 300249.979039859