Time X_A X1 X_B
0 100000 250 200000
1 99735.44455590365 118.3829678843499 200396.1724762119
2 99647.73749978087 76.54574550062949 200525.7167547184
3 99593.7081593482 68.67964022240679 200587.6122004293
4 99544.72094045223 67.45035308857329 200637.8287064591
5 99496.5024593284 67.27012773623667 200686.2274129353
6 99448.41324135949 67.24940395412075 200734.3373546863
7 99400.35695830709 67.25276139716459 200782.3902802956
8 99352.31910964116 67.25975218192802 200830.4211381768
9 99304.29750939045 67.26727454498661 200878.4352160644
10 99256.29184720168 67.27487159744071 200926.4332812007
11 99208.3020925086 67.28247103332599 200974.4154364579
12 99160.32824747002 67.29006761100942 201022.3816849188
13 99112.37032452425 67.29765624410686 201070.3320192314
14 99064.42833581999 67.30523692355592 201118.2664272562
15 99016.50229868779 67.31280906346959 201166.1848922485
16 98968.59228543259 67.32037273471772 201214.0873418324
17 98920.69824215563 67.32792811680217 201261.9738297273
18 98872.82016885688 67.3354752097229 201309.8443559332
19 98824.95806553635 67.34301401347994 201357.6989204499
20 98777.11200113116 67.35054464932568 201405.5374542192
21 98729.28200852589 67.3580671751003 201453.3599242987
22 98681.46803707072 67.36558150171659 201501.1663814273
23 98633.67008676562 67.37308762917456 201548.9568256049
24 98585.88815761062 67.38058555747422 201596.7312568316
25 98538.1223890993 67.38807542680152 201644.4895354736
26 98490.37271151245 67.3955571670912 201692.2317313202
27 98442.63911149422 67.40303076492113 201739.9578577406
28 98394.92158904462 67.41049622029131 201787.6679147348
29 98347.22050674612 67.41795366773211 201835.3615395859
30 98299.53657413454 67.42540337050534 201883.0380224947
31 98251.8688446439 67.43284497740297 201930.6983103784
32 98204.2173182742 67.44027848842501 201978.3424032371
33 98156.58199502544 67.44770390357147 202025.9703010707
34 98108.9628748976 67.45512122284234 202073.5820038793
35 98061.3599578907 67.46253044623761 202121.1775116628
36 98013.77324400475 67.46993157375728 202168.7568244212
37 97966.20273323973 67.47732460540138 202216.3199421546
38 97918.64842559565 67.48470954116988 202263.8668648629
39 97871.1103210725 67.49208638106278 202311.3975925462
40 97823.58841967028 67.4994551250801 202358.9121252044
41 97776.08272138902 67.50681577322182 202406.4104628375
42 97728.59322622867 67.51416832548796 202453.8926054456
43 97681.11993418926 67.5215127818785 202501.3585530286
44 97633.66284527081 67.52884914239345 202548.8083055865
45 97586.22195947327 67.53617740703282 202596.2418631194
46 97538.79727679669 67.54349757579659 202643.6592256273
47 97491.38879724103 67.55080964868478 202691.06039311
48 97443.99652080631 67.55811362569736 202738.4453655677
49 97396.62044749253 67.56540950683436 202785.8141430004
50 97349.26057729969 67.57269729209577 202833.166725408