Time X_A X1 X_B
0 100000 250 200000
1 2.937950298704595e-05 0.1413437803834942 300249.8586268391
2 1.431945472126243e-05 0.1413436800029335 300249.8586419943
3 1.295644899185762e-05 0.1413436709113765 300249.8586433525
4 1.268258500499117e-05 0.1413436691065163 300249.8586436245
5 1.265238541062361e-05 0.1413436689047897 300249.8586436546
6 1.265437685000069e-05 0.1413436689174201 300249.8586436523
7 1.265636828937778e-05 0.1413436689300505 300249.8586436501
8 1.265675637563347e-05 0.1413436689327905 300249.8586436497
9 1.265704263885657e-05 0.1413436689349023 300249.8586436494
10 1.265717912483137e-05 0.1413436689359046 300249.8586436491
11 1.265718385124054e-05 0.1413436689359307 300249.8586436491
12 1.26571885776497e-05 0.1413436689359568 300249.858643649
13 1.265719330405886e-05 0.1413436689359829 300249.8586436489
14 1.265719803046803e-05 0.1413436689360091 300249.8586436488
15 1.265720275687719e-05 0.1413436689360352 300249.8586436487
16 1.265720748328635e-05 0.1413436689360613 300249.8586436486
17 1.265721220969551e-05 0.1413436689360875 300249.8586436486
18 1.265721693610468e-05 0.1413436689361136 300249.8586436484
19 1.265722166251384e-05 0.1413436689361397 300249.8586436484
20 1.2657226388923e-05 0.1413436689361659 300249.8586436483
21 1.265723111533216e-05 0.141343668936192 300249.8586436482
22 1.265723584174133e-05 0.1413436689362181 300249.8586436482
23 1.265724056815049e-05 0.1413436689362443 300249.858643648
24 1.265724529455965e-05 0.1413436689362704 300249.858643648
25 1.265725002096882e-05 0.1413436689362965 300249.8586436479
26 1.265725474737798e-05 0.1413436689363226 300249.8586436478
27 1.265725947378714e-05 0.1413436689363488 300249.8586436477
28 1.26572642001963e-05 0.1413436689363749 300249.8586436476
29 1.265726892660547e-05 0.141343668936401 300249.8586436476
30 1.265727365301463e-05 0.1413436689364272 300249.8586436475
31 1.265727837942379e-05 0.1413436689364533 300249.8586436474
32 1.265728310583296e-05 0.1413436689364794 300249.8586436473
33 1.265728783224212e-05 0.1413436689365055 300249.8586436472
34 1.265729047093906e-05 0.1413436689365241 300249.8586436472
35 1.2657290548977e-05 0.1413436689365332 300249.8586436472
36 1.265729062701494e-05 0.1413436689365424 300249.8586436472
37 1.265729070505288e-05 0.1413436689365516 300249.8586436471
38 1.265729078309081e-05 0.1413436689365608 300249.8586436471
39 1.265729086112875e-05 0.1413436689365699 300249.8586436471
40 1.265729093916669e-05 0.1413436689365791 300249.8586436471
41 1.265729101720463e-05 0.1413436689365883 300249.8586436471
42 1.265729109524256e-05 0.1413436689365974 300249.8586436471
43 1.26572911732805e-05 0.1413436689366066 300249.8586436471
44 1.265729125131844e-05 0.1413436689366158 300249.8586436471
45 1.265729132935637e-05 0.1413436689366249 300249.8586436471
46 1.265729140739431e-05 0.1413436689366341 300249.8586436471
47 1.265729148543225e-05 0.1413436689366433 300249.8586436471
48 1.265729156347019e-05 0.1413436689366524 300249.8586436471
49 1.265729164150812e-05 0.1413436689366616 300249.8586436471
50 1.265729171954606e-05 0.1413436689366707 300249.8586436471