Time X_A X1 X_B
0 100000 250 200000
1 98476.93932820686 725.9467008866097 201047.1139709066
2 96450.81937169838 777.5971188154712 203021.5835094863
3 94545.11208752556 750.5629505595894 204954.3249619149
4 92717.4520238315 723.9023972143642 206808.6455789542
5 90966.27188229046 697.7499682291863 208585.9781494804
6 89290.12867838491 672.0677768561551 210287.803544759
7 87687.67274492087 646.8162041803149 211915.5110508988
8 86157.70516562574 621.9527739222531 213470.342060452
9 84699.15141497007 597.4318552821024 214953.4167297479
10 83311.06803542477 573.204164056428 216365.7278005189
11 81992.67803957345 549.2153228843481 217708.1066375423
12 80743.37267494688 525.4054240625378 218981.2219009907
13 79562.72432696287 501.7082286185701 220185.5674444186
14 78450.5116032744 478.0493678494972 221321.4390288762
15 77406.74112122213 454.3472580077034 222388.9116207702
16 76431.6626193609 430.5148975327994 223387.8224831064
17 75525.77636007511 406.4663535626358 224317.7572863623
18 74689.80020685663 382.1286486483506 225178.0711444951
19 73924.56371496931 357.4706116432084 225967.9656733875
20 73230.77906488033 332.5519702549827 226686.6689648647
21 72608.60074263444 307.6009040642979 227333.7983533012
22 72056.93933522726 283.1016259780853 227909.9590387947
23 71572.60110800233 259.8411415761572 228417.5577504215
24 71149.61586332877 238.8145209012699 228861.56961577
25 70779.29287197051 220.9408070243754 229249.7663210052
26 70451.2988770144 206.7177703689987 229591.9833526167
27 70155.31033758425 196.0569671902203 229898.6326952256
28 69882.43441154888 188.4120440199845 230179.1535444312
29 69625.85035174125 183.0513283603987 230441.0983198984
30 69380.75745838949 179.2854377070675 230689.9571039035
31 69143.96735133106 176.5731217840721 230929.4595268849
32 68913.43951081666 174.5342936448702 231162.0261955385
33 68687.88429386842 172.9203207469301 231389.1953853847
34 68466.48423684818 171.5759252529084 231611.939837899
35 68248.70884221233 170.4070250042198 231830.8841327835
36 68034.19895919156 169.3574089126068 232046.4436318959
37 67822.6978799449 168.3936356434624 232258.9084844117
38 67614.00979836214 167.4953266957408 232468.4948749422
39 67407.97817762211 166.6499745063166 232675.3718478717
40 67204.47030677291 165.8492298699683 232879.6804633572
41 67003.37089836485 165.0873549712155 233081.541746664
42 66804.57759830861 164.3602080941992 233281.0621935973
43 66607.99742738061 163.6644580171522 233478.3381146023
44 66413.5449410904 162.9973791664457 233673.4576797433
45 66221.14149153687 162.3566969311415 233866.5018115321
46 66030.71498659956 161.7404939358867 234057.5445194647
47 65842.19846876895 161.1469576381685 234246.654573593
48 65655.53026344421 160.5745356551319 234433.8952009008
49 65470.65126027711 160.0218497079014 234619.3268900151
50 65287.50627666811 159.4876469727531 234803.0060763593