Time X_A X1 X_B
0 100000 250 200000
1 99256.37520251994 325.3795058968037 200668.2452915833
2 98098.19244793677 471.2959932645866 201680.5115587987
3 96654.04530588775 536.9668033620698 203058.9878907503
4 95238.24400338657 524.3383983967269 204487.4175982168
5 93896.11465877749 500.5497702108003 205853.3355710118
6 92632.83062308373 474.937824613295 207142.231552303
7 91451.70223848404 448.1482008999316 208350.1495606161
8 90357.11637197027 419.7882167122439 209473.0954113175
9 89355.63475195754 389.0837453372289 210505.2815027053
10 88457.24064405018 354.8182166730199 211437.9411392769
11 87677.03267042978 315.21306129161 212257.7542682787
12 87036.15764172643 268.342286178868 212945.5000720948
13 86556.26517478294 214.8775881872125 213478.85723703
14 86237.17176513946 163.8258041576675 213849.002430703
15 86035.77689040267 128.9044046144665 214085.318704983
16 85893.93201134706 112.061701940073 214244.006286713
17 85775.36415772 105.5697766415782 214369.0660656385
18 85664.99063515756 103.2958969964517 214481.7134678461
19 85557.49117633572 102.5113786226467 214589.9974450418
20 85451.08928461855 102.2252345885781 214696.6854807931
21 85345.20255132781 102.1026260808804 214802.6948225915
22 85239.6410342622 102.0333487897646 214908.3256169482
23 85134.34251135754 101.9815228632967 215013.6759657794
24 85029.28613186769 101.9355518366775 215118.7783162959
25 84924.46432814779 101.8916789101873 215223.6439929423
26 84819.87383348137 101.8487000549344 215328.2774664639
27 84715.51279386241 101.8062433082508 215432.6809628296
28 84611.3797782843 101.7641689759566 215536.85605274
29 84507.47351760302 101.7224361304162 215640.8040462668
30 84403.79215945715 101.6810272305766 215744.5268133125
31 84300.33384828251 101.6399330790876 215848.0262186386
32 84197.09937944417 101.5991564953384 215951.3014640607
33 84094.08591417559 101.5586859174962 216054.3553999071
34 83991.29294193626 101.5185192662129 216157.1885387978
35 83888.72456583749 101.478672551569 216259.7967616112
36 83786.36672896848 101.4390915986567 216362.1941794331
37 83684.22922218453 101.3998141411352 216464.3709636746
38 83582.30989978908 101.3608322255345 216566.3292679856
39 83480.60554946888 101.3221340938941 216668.0723164375
40 83379.11644029719 101.2837204059307 216769.5998392971
41 83277.84124497637 101.2455861273025 216870.9131688965
42 83176.77863620875 101.2077262236678 216972.0136375678
43 83075.92728669668 101.1701356606846 217072.9025776428
44 82975.28701747167 101.1328178968011 217173.5801646318
45 82874.85638216346 101.0957670170407 217274.0478508197
46 82774.63389945522 101.0589768479697 217374.307123697
47 82674.61836123469 101.0224432367152 217474.3591955288
48 82574.80855938962 100.9861620304043 217574.2052785802
49 82475.20360685642 100.9501311205285 217673.8462620233
50 82375.80395581263 100.9143569265603 217773.281687261