Time X_A X1 X_B
0 100000 250 200000
1 99417.43476315138 208.2402295327025 200624.3250073159
2 99039.69065301321 146.6225670475677 201063.6867799392
3 98852.64240756714 97.89022048667826 201299.4673719462
4 98750.53580823356 79.15389515319751 201420.3102966132
5 98670.53163130127 74.43722663837879 201505.0311420604
6 98595.38696357913 73.40469713054561 201581.2083392903
7 98521.3129458262 73.18820423532588 201655.4988499384
8 98447.50724418087 73.14520905234752 201729.3475467667
9 98373.80111070949 73.1387185672113 201803.0601707232
10 98300.15914602402 73.139881556457 201876.7009724195
11 98226.57390162477 73.14262440263633 201950.2834739725
12 98153.04384514769 73.14570690945804 202023.8104479427
13 98079.56861355633 73.14884577553876 202097.282540668
14 98006.14811965243 73.15198948813527 202170.6998908593
15 97932.78232473209 73.15512687493244 202244.0625483929
16 97859.47123106726 73.15825841004623 202317.3705105226
17 97786.21478990458 73.16138052287199 202390.6238295724
18 97713.01302124704 73.16449467839053 202463.8224840744
19 97639.86586599691 73.16759970599222 202536.966534297
20 97566.77334285657 73.17069597613494 202610.0559611672
21 97493.7352338717 73.17378371073868 202683.0909824174
22 97420.7516301251 73.17686283022852 202756.0715070445
23 97347.82258828667 73.17993328509441 202828.9974784281
24 97274.94810835642 73.18299507533638 202901.8688965681
25 97202.12819033435 73.18604820095442 202974.6857614646
26 97129.36283422048 73.18909266194854 203047.4480731174
27 97056.65204001479 73.19212845831872 203120.1558315268
28 96983.99552815223 73.19515618637293 203192.8093156613
29 96911.39330919857 73.19817582357453 203265.4085149778
30 96838.84553528173 73.20118704543707 203337.9532776727
31 96766.35220640167 73.20418985196052 203410.4436037462
32 96693.91332255844 73.20718424314489 203482.8794931983
33 96621.52888375201 73.2101702189902 203555.2609460289
34 96549.19888998239 73.21314777949642 203627.587962238
35 96476.9240505413 73.21611568645189 203699.8598337721
36 96404.70196996615 73.2190781216194 203772.0789519121
37 96332.53430686369 73.22203218956653 203844.2436609466
38 96260.42104234431 73.22497792326894 203916.3539797323
39 96188.36215751835 73.22791535570229 203988.4099271258
40 96116.3576334962 73.23084451984228 204060.4115219839
41 96044.40745138818 73.23376544866457 204132.358783163
42 95972.51137155766 73.23667845712239 204204.2519499851
43 95900.66902567964 73.2395840245527 204276.0913902957
44 95828.88086665921 73.24248158127061 204347.8766517594
45 95757.14687156255 73.24537116541772 204419.6077572719
46 95685.46701745586 73.24825281513569 204491.2847297289
47 95613.84128140529 73.25112656856611 204562.907592026
48 95542.26964047702 73.25399246385064 204634.476367059
49 95470.75207173727 73.25685053913087 204705.9910777235
50 95399.28855225218 73.25970083254845 204777.4517469151