Time X_A X1 X_B
0 100000 250 200000
1 99548.94987129154 205.3827101515699 200495.667418557
2 99228.69073200249 164.5956181403549 200856.7136498572
3 99006.46531050697 135.5725033713318 201107.9621861217
4 98839.65384976724 119.84264644317 201290.5035037897
5 98698.11740859796 112.8102758583254 201439.0723155438
6 98566.94942994013 109.954820994477 201573.0957490655
7 98439.94091361118 108.827136780509 201701.2319496084
8 98314.68117611521 108.3694720432663 201826.9493518416
9 98190.25988589038 108.1647158215304 201951.5753982882
10 98066.33700801514 108.0544043137392 202075.6085876712
11 97942.78567085066 107.9793187305733 202199.2350104189
12 97819.55800458313 107.9175156999896 202322.524479717
13 97696.63514818758 107.8608631695474 202445.5039886429
14 97574.00921554725 107.8064638487027 202568.1843206041
15 97451.67598496922 107.7532081399486 202690.5708068909
16 97329.63276971536 107.700671840222 202812.6665584445
17 97207.87743838949 107.6487140295941 202934.473847581
18 97086.40806160762 107.5972801789199 203055.9946582136
19 96965.22279257183 107.5463435249487 203177.2308639034
20 96844.31983946313 107.4958896129004 203298.1842709241
21 96723.69744794098 107.44590833732 203418.8566437218
22 96603.35388502078 107.3963912969637 203539.2497236824
23 96483.28549652241 107.3473250134377 203659.3671784643
24 96363.49113989282 107.2987054925824 203779.2101546148
25 96243.97178508111 107.2505357562294 203898.7776791628
26 96124.72285138005 107.202796385662 204018.0743522345
27 96005.74340587843 107.1554834260458 204137.1011106957
28 95887.03513456212 107.1086040246794 204255.8562614134
29 95768.59511151403 107.062145463122 204374.342743023
30 95650.41527421545 107.0160726950397 204492.5686530897
31 95532.50409458278 106.9704225463453 204610.525482871
32 95414.85666095615 106.9251727835428 204728.2181662605
33 95297.47136036879 106.8803163582939 204845.6483232731
34 95180.34694429081 106.8358478999039 204962.8172078095
35 95063.48139839823 106.7917585124321 205079.7268430895
36 94946.87330921607 106.748043807702 205196.3786469764
37 94830.52191081518 106.7047042556349 205312.7733849294
38 94714.42466394103 106.6617270220916 205428.9136090371
39 94598.57978400236 106.6191049346609 205544.8011110632
40 94482.98548640792 106.5768308209317 205660.4376827713
41 94367.64237352664 106.5349116519841 205775.8227148216
42 94252.5478961206 106.4933357246347 205890.958768155
43 94137.70047205359 106.4520970660822 206005.8474308805
44 94023.09860368515 106.4111902041893 206120.4902061108
45 93908.74155026712 106.3706134584719 206234.8878362746
46 93794.62838658177 106.3303642243455 206349.0412491941
47 93680.75734920587 106.2904356982337 206462.952215096
48 93567.12711913112 106.2508233028571 206576.6220575662
49 93453.7365107807 106.2115230714387 206690.051966148
50 93340.58516527365 106.1725348196639 206803.2422999069