Time X_A X1 X_B
0 100000 250 200000
1 99169.76189779233 376.3483296360968 200703.8897725716
2 97803.74942117363 539.4874773802231 201906.7631014462
3 96326.2185922811 554.0016965874669 203369.7797111315
4 94914.18251629404 533.7173748107565 204802.1001088953
5 93573.53442556506 510.8322544781129 206165.6333199569
6 92305.17108557979 487.5462136540817 207457.2827007661
7 91110.02686468441 463.89706061372 208676.0760747019
8 89989.54246664724 439.7108169003098 209820.7467164524
9 88945.88634232078 414.7362222286665 210889.3774354505
10 87982.19317547287 388.6404443532196 211879.1663801739
11 87102.84071003663 360.9972295721159 212786.1620603912
12 86313.69491673201 331.3086279938073 213604.9964552742
13 85622.01400182047 299.1465189097501 214328.8394792698
14 85035.23084877688 264.599590586436 214950.1695606367
15 84557.21670733781 229.1603262071716 215463.622966455
16 84182.0490156186 196.4015370871903 215871.5494472943
17 83890.42523083629 170.60550659715 216188.9692625666
18 83655.50663875403 153.600169760554 216440.8931914855
19 83453.55383611705 143.9081308639616 216652.538033019
20 83268.99901667835 138.8513214026281 216842.149661919
21 83093.32843217567 136.2910096334209 217020.3805581909
22 82922.31799965529 134.9616228215224 217192.7203775232
23 82753.97191857496 134.2121985586049 217361.8158828664
24 82587.36763743927 133.7304096020805 217528.9019529586
25 82422.08051201515 133.3719099683381 217694.5475780165
26 82257.91169307596 133.0712988419167 217859.0170080821
27 82094.76342419724 132.7993409048645 218022.4372348979
28 81932.58278667279 132.542995456223 218184.874217871
29 81771.33696329661 132.2964693700282 218346.3665673333
30 81611.00190269348 132.0570876649968 218506.9410096415
31 81451.55826615385 131.8236846079992 218666.6180492381
32 81292.98842184112 131.5956045771486 218825.4159735817
33 81135.27652444525 131.3724456888934 218983.3510298658
34 80978.4071936257 131.1539494336581 219140.4388569406
35 80822.36595363144 130.9399186888855 219296.6941276797
36 80667.13858052707 130.7301751345721 219452.1312443384
37 80512.71169638122 130.5245601170353 219606.7637435017
38 80359.07204709372 130.3229229723498 219760.6050299339
39 80206.20717160143 130.1251257949814 219913.6677026036
40 80054.10467282897 129.9310343503424 220065.9642928207
41 79902.7529185852 129.7405254209682 220217.5065559938
42 79752.1402783142 129.5534779610463 220368.3062437247
43 79602.25585907843 129.3697808323919 220518.3743600892
44 79453.08875897211 129.1893246729942 220667.7219163549
45 79304.62869216964 129.0120081940358 220816.3592996364
46 79156.86550556125 128.8377330856582 220964.2967613531
47 79009.78936539771 128.6664057460301 221111.5442288563
48 78863.39085032717 128.497938040392 221258.1112116324
49 78717.66060961667 128.3322438238203 221404.0071465595
50 78572.58973215439 128.1692424699436 221549.2410253756