Time X_A X1 X_B
0 100000 250 200000
1 98812.32028607329 538.080533852441 200899.5991800741
2 96880.44967684904 687.0349853485063 202682.5153378023
3 95059.68982700705 662.6131037454163 204527.6970692474
4 93322.41219924278 635.9939864049346 206291.5938143522
5 91666.98568982045 609.5622559623358 207973.4520542171
6 90092.90004014394 583.2527705322265 209573.8471893238
7 88599.98064617984 556.9535503913019 211093.0658034288
8 87188.46463990044 530.5230087358564 212531.0123513637
9 85859.11970125727 503.7774442734843 213887.1028544692
10 84613.40764525466 476.4712384449023 215160.1211163004
11 83453.77629988219 448.2645048724939 216347.9591952453
12 82384.03701668227 418.6751398762653 217447.2878434414
13 81409.97349963993 387.0069813066959 218453.0195190533
14 80540.18299442739 352.2706431907754 219357.5463623818
15 79786.9888876047 313.2065038155887 220149.8046085796
16 79166.00887009501 268.8696575225972 220815.1214723824
17 78690.30057277408 220.7894599693831 221338.9099672565
18 78354.72422706771 176.0701786421447 221719.2055942901
19 78124.55174534011 144.1321146503445 221981.3161400095
20 77953.61948350153 126.8886736310984 222169.4918428673
21 77809.47477485469 119.2231373365235 222321.3020878088
22 77676.2726138248 116.112918485827 222457.6144676893
23 77547.50192177549 114.865584474247 222587.6324937502
24 77420.6672045134 114.3321729528919 222715.0006225336
25 77294.83733158319 114.0651913844661 222841.0974770323
26 77169.66773004708 113.8968335082651 222966.4354364446
27 77045.02997851983 113.7652465635017 223091.2047749166
28 76920.87469527099 113.6478930032447 223215.4774117257
29 76797.18086318354 113.5364875264915 223339.2826492899
30 76673.93826720444 113.4281471742567 223462.6335856213
31 76551.14013141803 113.3217690667091 223585.5380995152
32 76428.78126903845 113.216923951256 223708.0018070102
33 76306.85702888163 113.1134606652831 223830.0295104531
34 76185.36299426804 113.0113073710617 223951.6256983609
35 76064.29488595262 112.9104192102871 224072.7946948371
36 75943.64853258974 112.8107631457025 224193.5407042645
37 75823.41985923027 112.7123106683842 224313.8678301013
38 75703.60489980383 112.6150355514265 224433.7800646447
39 75584.19973061181 112.5189126200457 224553.2813567681
40 75465.20050736878 112.4239177057925 224672.3755749254
41 75346.60348842727 112.3300275866759 224791.066483986
42 75228.40499565136 112.2372197268733 224909.3577846217
43 75110.6014024083 112.1454721491788 225027.2531254425
44 74993.18915503436 112.0547635572913 225144.7560814083
45 74876.16478183189 111.965073386041 225261.870144782
46 74759.52487536852 111.8763816496736 225378.5987429818
47 74643.2660753885 111.7886688675855 225494.9452557439
48 74527.38508363243 111.701916110829 225610.9130002567
49 74411.87866451796 111.6161050084809 225726.5052304735
50 74296.74365194302 111.5312177770267 225841.7251302799