Time X_A X1 X_B
0 100000 250 200000
1 98069.53201522345 763.680979176215 201416.7870056004
2 94693.55751086725 875.5428991304053 204680.8995900024
3 91615.14929450619 820.6168585761093 207814.2338469178
4 88754.65183204709 766.4962899205011 210728.8518780325
5 86109.87416034452 712.7279534232396 213427.3978862323
6 83681.21577829191 658.589922412798 215910.1942992954
7 81473.11706663776 602.9453796904323 218173.9375536719
8 79496.83050066727 543.7989096503533 220209.3705896825
9 77776.76695666874 477.1924041809911 221996.0406391504
10 76365.74739183497 394.4217165164363 223489.8308916487
11 75373.71956998264 279.4583459370852 224596.8220840803
12 74904.30679563861 149.8035444336705 225195.8896599278
13 74749.63973851618 92.20775283620252 225408.1525086477
14 74661.26712301715 82.02102506493324 225506.7118519181
15 74581.47791069317 80.69079066259141 225587.8312986444
16 74502.8278997685 80.52296065982085 225666.6491395719
17 74424.4027632791 80.49932517321439 225745.0979115479
18 74346.09013786227 80.49342231643229 225823.4164398214
19 74267.87611930235 80.48969656056026 225901.6341841373
20 74189.75888613258 80.48625103759801 225979.75486283
21 74111.73802958366 80.48284545158762 226057.779124965
22 74033.81341934398 80.47945882014318 226135.7071218361
23 73955.98490206625 80.4760845858016 226213.5390133482
24 73878.25231163332 80.47272164857276 226291.2749667183
25 73800.61525947419 80.46936969607901 226368.91537083
26 73723.07351674294 80.4660286735261 226446.4604545838
27 73645.62738073847 80.46269884413522 226523.9099204176
28 73568.2768514608 80.45938020790635 226601.2637683315
29 73491.02148019076 80.45607263933456 226678.5224471701
30 73413.86066541159 80.45277597017802 226755.6865586184
31 73336.79494917589 80.44949035204667 226832.7555604723
32 73259.82433148364 80.44621578494049 226909.7294527316
33 73182.9497608314 80.44295260829071 226986.6072865605
34 73106.16697797923 80.43969929787566 227063.3933227231
35 73029.4791192413 80.43645697606415 227140.0844237829
36 72952.88604792746 80.43322559393992 227216.6807264788
37 72876.38740681464 80.43000501149491 227293.1825881741
38 72799.98192953813 80.4267947131974 227369.5912757489
39 72723.67047318349 80.42359506061315 227445.9059317561
40 72647.45287480006 80.42040599397895 227522.1267192062
41 72571.32897143721 80.41722745353152 227598.2538011095
42 72495.29860014425 80.41405937950765 227674.2873404765
43 72419.36159797055 80.41090171214407 227750.2275003175
44 72343.51780196544 80.40775439167756 227826.0744436431
45 72267.76704917826 80.40461735834486 227901.8283334636
46 72192.10917665837 80.40149055238274 227977.4893327895
47 72116.54402145511 80.39837391402796 228053.0576046311
48 72041.07142061782 80.39526738351726 228128.5333119989
49 71965.69121119584 80.39217090108741 228203.9166179033
50 71890.40360905019 80.3890845606451 228279.2073063894