Time X_A X1 X_B
0 100000 250 200000
1 99626.14844691164 146.5529993390951 200477.2985537493
2 99475.6381275594 96.86979572503465 200677.4920767157
3 99385.40750671185 84.75584304372855 200779.8366502445
4 99306.25136457551 82.51713941728556 200861.2314960073
5 99229.04690274493 82.13434126131955 200938.8187559939
6 99152.21959524181 82.07564125086253 201015.7047635074
7 99075.49906379092 82.07270912893512 201092.4282270801
8 98998.83897177714 82.07932227582293 201169.0817059471
9 98922.23139968871 82.08754778333663 201245.681052528
10 98845.67502112893 82.09603930691375 201322.2289395641
11 98769.16961336855 82.1045548858211 201398.7258317457
12 98692.7151701687 82.11305601451758 201475.1717738168
13 98616.31168947762 82.12154159775952 201551.5667689246
14 98539.95920122296 82.13000644078951 201627.9107923363
15 98463.65770244371 82.13845200663845 201704.2038455497
16 98387.40722789282 82.14687686241842 201780.4458952447
17 98311.20782279858 82.15528162342073 201856.636895578
18 98235.05958013472 82.1636664385516 201932.7767534267
19 98158.96240277294 82.17203115225092 202008.8655660748
20 98082.91629071327 82.18037576451869 202084.9033335222
21 98006.92124395567 82.18870027535488 202160.890055769
22 97930.97726250016 82.19700468475951 202236.8257328151
23 97855.08440637482 82.20528927861405 202312.7103043466
24 97779.24285974483 82.2135549339984 202388.5435853212
25 97703.45245878515 82.22180087070177 202464.3257403442
26 97627.71320349576 82.23002708872417 202540.0567694155
27 97552.02509387667 82.23823358806561 202615.7366725353
28 97476.38812992787 82.24642036872609 202691.3654497034
29 97400.80186265545 82.2545854438599 202766.9435519007
30 97325.26770375995 82.26273506039171 202842.4695611796
31 97249.78470613065 82.27086502725609 202917.9444288421
32 97174.3528834874 82.27897540516484 202993.3681411074
33 97098.97224955005 82.28706625482974 203068.7406841951
34 97023.64281803844 82.29513763696256 203144.0620443246
35 96948.3646108109 82.30318966555629 203219.3321995235
36 96873.13785645916 82.31122380805442 203294.5509197327
37 96797.96237567819 82.31923886146589 203369.7183854603
38 96722.83818345894 82.32723489482423 203444.8345816462
39 96647.76529479236 82.33521197716294 203519.8994932304
40 96572.74372466942 82.34317017751555 203594.913105153
41 96497.77348808106 82.35110956491557 203669.875402354
42 96422.85460001824 82.35903020839655 203744.7863697733
43 96347.98707547192 82.36693217699197 203819.6459923511
44 96273.17092943305 82.37481553973537 203894.4542550272
45 96198.40617689259 82.38268036566026 203969.2111427417
46 96123.69283284148 82.39052672380016 204043.9166404347
47 96049.0309122707 82.39835468318861 204118.5707330461
48 95974.42043017119 82.40616431285912 204193.1734055159
49 95899.8614015339 82.41395568184521 204267.7246427842
50 95825.3538413498 82.42172885918039 204342.224429791