Time X_A X1 X_B
0 100000 250 200000
1 99336.33374172825 286.2475341940556 200627.4187240778
2 98500.49889256347 348.3197951232808 201401.1813123132
3 97450.05945177384 416.6209842121081 202383.319564014
4 96296.69885483538 441.5811103509718 203511.7200348136
5 95161.78784894767 432.5968559025537 204655.6152951498
6 94087.09343664479 412.0987284049493 205750.8078349503
7 93087.08874277005 387.1094241696054 206775.8018330604
8 92171.9823136367 358.6369273848473 207719.3807589786
9 91354.18182313738 325.7653611137759 208570.0528157489
10 90651.55506802267 286.543486446672 209311.9014455307
11 90088.49343548517 238.9498157610095 209922.5567487539
12 89686.7542925724 185.1238473885214 210378.1218600391
13 89436.02047992279 137.654680968284 210676.3248391089
14 89281.76702165614 109.4236365576487 210858.8093417861
15 89169.51299392302 97.55690518188707 210982.930100895
16 89071.94718048791 93.42421379059805 211084.6286057215
17 88979.18145206454 92.08127306391364 211178.7372748715
18 88888.01327835041 91.64636385542018 211270.3403577942
19 88797.43921879554 91.49674414749461 211361.064037057
20 88707.14824893158 91.43564809622708 211451.4161029722
21 88617.04417144213 91.40191529145849 211541.5539132664
22 88527.09711849864 91.37667836125038 211631.5262031402
23 88437.29757905588 91.35412193344779 211721.3482990107
24 88347.64229937928 91.33245916245814 211811.0252414584
25 88258.12997378031 91.31116511422027 211900.5588611055
26 88168.75985334479 91.2900625071432 211989.9500841481
27 88079.53137612669 91.26909920806062 212079.1995246653
28 87990.44354613106 91.24825779213778 212168.3081960769
29 87901.4962685756 91.22753634902485 212257.2761950755
30 87812.68926915206 91.2069336497599 212346.1037971983
31 87724.02145959431 91.18644409699276 212434.7920963088
32 87635.49340103824 91.16607057685037 212523.340528385
33 87547.10358511742 91.14580818111503 212611.7506067015
34 87458.8522879329 91.12565780821831 212700.022054259
35 87370.73813632442 91.10561704324657 212788.1562466324
36 87282.75941701261 91.08568258771936 212876.1549003998
37 87194.91794609142 91.06585793806023 212964.0161959706
38 87107.21372356085 91.0461430942692 213051.740133345
39 87019.64674942092 91.02653805634623 213139.3267125228
40 86932.21414866294 91.00703613651325 213226.7788152006
41 86844.91509069866 90.98763540267524 213314.0972738987
42 86757.75139315121 90.96834008294471 213401.2802667659
43 86670.72305602061 90.94915017732167 213488.3277938022
44 86583.83007930682 90.93006568580613 213575.2398550075
45 86497.07329508233 90.91108844732855 213662.0156164705
46 86410.44108345661 90.89219278122739 213748.6667237623
47 86323.9435268989 90.87340097037011 213835.1830721309
48 86237.58021495327 90.85471210762425 213921.5650729392
49 86151.3507371638 90.83612528585736 214007.8131375505
50 86065.25062868434 90.8176306061587 214093.9317407097