Time X_A X1 X_B
0 100000 250 200000
1 99307.13271277127 252.8645518739542 200690.0027353548
2 98620.36324388618 249.7098357580484 201379.9269203558
3 97973.79541358026 235.9850817205836 202040.2195046993
4 97418.22906814225 207.340859610773 202624.4300722471
5 97005.05684365428 165.8180969658528 203079.12505938
6 96739.41204843562 127.384808851071 203383.2031427135
7 96565.70531548474 106.0818928489088 203578.2127916665
8 96429.26859564391 97.97658357107201 203722.7548207852
9 96305.01662927227 95.38493205445556 203849.5984386734
10 96184.56460688206 94.59372407140546 203970.8416690467
11 96065.38573012083 94.34253131367073 204090.2717385656
12 95946.74195786736 94.24885525471538 204209.0091868781
13 95828.41965180938 94.2007217207146 204327.3796264701
14 95710.3568406627 94.16581118861141 204445.4773481488
15 95592.53497155686 94.13480444429216 204563.330223999
16 95474.94808793216 94.10510079309269 204680.9468112749
17 95357.59369480837 94.07593061766777 204798.3303745741
18 95240.47029735601 94.04706504914735 204915.482637595
19 95123.57673488736 94.01844945644132 205032.4048156564
20 95006.91087944694 93.99005996441842 205149.0990605888
21 94890.47263612243 93.96189481837382 205265.5654690594
22 94774.26094651184 93.9339496662205 205381.8051038221
23 94658.27423173939 93.90621793684804 205497.8195503239
24 94542.51474557941 93.87870791419863 205613.6065465066
25 94426.97447511349 93.8513928393338 205729.1741320474
26 94311.65904246636 93.82429148719692 205844.5166660466
27 94196.56534218477 93.79739514912252 205959.6372626663
28 94081.69273519923 93.77070146283145 206074.5365633381
29 93967.04048891466 93.74420782538876 206189.2153032602
30 93852.60743293927 93.71791050734106 206303.6746565536
31 93738.39239688136 93.69180577923503 206417.9157973396
32 93624.39466404755 93.66589351997722 206531.9394424327
33 93510.61357809258 93.64017408843563 206645.7462478192
34 93397.04764136433 93.61464115238509 206759.3377174835
35 93283.69577778461 93.58929173246828 206872.7149304831
36 93170.55691127527 93.5641228493279 206985.8789658756
37 93057.63009740337 93.53913227650843 207098.8307703203
38 92944.91566834196 93.51432508868687 207211.5700065695
39 92832.41183905657 93.48969425186111 207324.0984666917
40 92720.11766234423 93.46523752373345 207436.4171001322
41 92608.03219100196 93.44095266200625 207548.5268563362
42 92496.15447782679 93.41683742438182 207660.428684749
43 92384.48436100867 93.39289173976594 207772.1227472518
44 92273.02083731437 93.3691132109664 207883.6100494748
45 92161.76285981391 93.34549931999217 207994.8916408663
46 92050.70956993224 93.32204806955569 208105.9683819984
47 91939.86010909428 93.29875746236941 208216.8411334436
48 91829.21405238287 93.27562663441826 208327.5103209829
49 91718.77098995035 93.25265476106813 208437.9763552888
50 91608.52960906252 93.22983865818331 208548.2405522795