Time X_A X1 X_B
0 100000 250 200000
1 99743.04493912704 104.9477634739142 200402.007297399
2 99657.49355233139 79.3221025732522 200513.1843450954
3 99590.13837227928 76.61209949843297 200583.2495282223
4 99524.52166619085 76.36079596131776 200649.1175378479
5 99459.09722242015 76.34767769834872 200714.5550998815
6 99393.71756494112 76.35732679498524 200779.9251082639
7 99328.36866724712 76.36915537710023 200845.2621773757
8 99263.0492030126 76.38116755976701 200910.5696294275
9 99197.75909260206 76.39318147406392 200975.8477259238
10 99132.49835504082 76.40518337094494 201041.0964615881
11 99067.26701605698 76.41716879962034 201106.3158151433
12 99002.06513011275 76.42913624974327 201171.5057336374
13 98936.89280983421 76.4410860474953 201236.6661041182
14 98871.7499754561 76.45301841718893 201301.7970061266
15 98806.63662697842 76.46493335882414 201366.8984396626
16 98741.55287566216 76.47683105569141 201431.970293282
17 98676.49880003311 76.48871163715332 201497.0124883296
18 98611.47431567917 76.50057496415019 201562.0251093566
19 98546.47942260033 76.512421036682 201627.0081563629
20 98481.51432722027 76.52425006369637 201691.9614227159
21 98416.57898188676 76.53606199695842 201756.8849561161
22 98351.67334392341 76.54785679326996 201821.7787992832
23 98286.79757266381 76.55963451597948 201886.6427928201
24 98221.95350680342 76.57139589612308 201951.4750973003
25 98157.13939692121 76.58314023815875 202016.2774628405
26 98092.35524301718 76.59486754208649 202081.0498894406
27 98027.60104509133 76.60657780790632 202145.7923771006
28 97962.87680314365 76.61827103561824 202210.5049258206
29 97898.18251717415 76.62994722522222 202275.1875356005
30 97833.51818718284 76.6416063767183 202339.8402064403
31 97768.8838131697 76.65324849010645 202404.4629383401
32 97704.27939513473 76.66487356538669 202469.0557312997
33 97639.70493307794 76.67648160255899 202533.6185853194
34 97575.16042699933 76.68807260162339 202598.1515003989
35 97510.6458768989 76.69964656257986 202662.6544765384
36 97446.16128277664 76.71120348542841 202727.1275137378
37 97381.70664463256 76.72274337016906 202791.5706119971
38 97317.28196246666 76.73426621680177 202855.9837713164
39 97252.88723627893 76.74577202532656 202920.3669916956
40 97188.5255387201 76.75726345546485 202984.7171978243
41 97124.19459748574 76.76873854028406 203049.0366639738
42 97059.89402078501 76.78019694064562 203113.3257822742
43 96995.62380861795 76.79163865654954 203177.5845527254
44 96931.38396098455 76.80306368799579 203241.8129753273
45 96867.17447788478 76.81447203498439 203306.0110500801
46 96802.99535931868 76.82586369751533 203370.1787769837
47 96738.84660528622 76.83723867558862 203434.3161560381
48 96674.72821578741 76.84859696920427 203498.4231872432
49 96610.64019082228 76.85993857836225 203562.4998705992
50 96546.58253039078 76.87126350306258 203626.546206106