Time X_A X1 X_B
0 100000 250 200000
1 99698.20393737849 95.12916307233854 200456.6668995491
2 99628.40028565322 64.41887930618857 200557.1808350405
3 99578.65060842822 61.84188364802677 200609.5075079237
4 99530.31595569961 61.6605834421601 200658.0234608582
5 99482.09415899527 61.65601479821903 200706.2498262064
6 99433.89084541757 61.66430712787965 200754.4448474544
7 99385.69918049261 61.67354003263711 200802.6272794746
8 99337.51867741514 61.68282824140181 200850.7984943433
9 99289.34932229877 61.6921173041556 200898.9585603969
10 99241.19112778001 61.70140021908438 200947.1074720007
11 99193.04412392556 61.71067538620539 200995.245200688
12 99144.90835275481 61.71994300312873 201043.3717042419
13 99096.78378488836 61.72920330210771 201091.4870118093
14 99048.67042370209 61.73845628911864 201139.5911200086
15 99000.56837190867 61.74770214599204 201187.6839259451
16 98952.4775738622 61.75694077421892 201235.7654853634
17 98904.3980295627 61.7661721737993 201283.8357982633
18 98856.32982748447 61.77539640402088 201331.8947761113
19 98808.27295379659 61.78461345561541 201379.9424327476
20 98760.22738988952 61.79382331611239 201427.9787867941
21 98712.1940595456 61.80302599034146 201476.0029144638
22 98664.17300732886 61.81222147853558 201524.0147711924
23 98616.16342805771 61.8214097764852 201572.0151621656
24 98568.16532173216 61.83059088419032 201620.0040873835
25 98520.1786883522 61.83976480165096 201667.9815468459
26 98472.20352791784 61.84893152886709 201715.9475405531
27 98424.23984042907 61.85809106583873 201763.9020685049
28 98376.2876258859 61.86724341256588 201811.8451307013
29 98328.34688428833 61.87638856904852 201859.7767271424
30 98280.41761563637 61.88552653528668 201907.6968578282
31 98232.49981992999 61.89465731128034 201955.6055227585
32 98184.5934971692 61.9037808970295 202003.5027219336
33 98136.69864735402 61.91289729253417 202051.3884553532
34 98088.81527048443 61.92200649779434 202099.2627230176
35 98040.94336656043 61.93110851281002 202147.1255249266
36 97993.08293558203 61.9402033375812 202194.9768610802
37 97945.23397754923 61.94929097210789 202242.8167314785
38 97897.39649246202 61.95837141639008 202290.6451361214
39 97849.57048032041 61.96744467042777 202338.462075009
40 97801.7559411244 61.97651073422098 202386.2675481412
41 97753.95287487398 61.98556960776968 202434.061555518
42 97706.16248745988 61.99462150559235 202481.8428910343
43 97658.38579076572 62.00366660769511 202529.6105426264
44 97610.62086606318 62.0127045727513 202577.3664293639
45 97562.86771335226 62.02173540076093 202625.1105512468
46 97515.12633263295 62.030759091724 202672.8429082751
47 97467.39672390524 62.0397756456405 202720.5635004489
48 97419.67888716917 62.04878506251044 202768.2723277681
49 97371.97282242471 62.05778734233381 202815.9693902328
50 97324.27852967186 62.06678248511062 202863.6546878428