Time X_A X1 X_B
0 100000 250 200000
1 99631.21206236222 159.5340827864067 200459.2538548514
2 99464.22116139834 105.6253241801048 200680.1535144215
3 99369.75186805842 87.81657583736271 200792.4315561042
4 99292.67078682642 83.52378070555362 200873.805432468
5 99219.3864677407 82.5869863727365 200948.0265458866
6 99146.95022098014 82.39121368975775 201020.6585653301
7 99074.73242044148 82.35453111082462 201092.9130484478
8 99002.59900316708 82.35174830842001 201165.0492485246
9 98930.52147981527 82.35616565324688 201237.1223545316
10 98858.49378595625 82.36208525987719 201309.144128784
11 98786.51466817826 82.36832488079743 201381.117006941
12 98714.58384326412 82.37461445490104 201453.041542281
13 98642.70126014306 82.38090123893676 201524.9178386181
14 98570.8669121688 82.3871768071113 201596.7459110242
15 98499.08080013632 82.39343936508767 201668.5257604987
16 98427.34292436154 82.39968681008492 201740.2573888284
17 98355.65328730631 82.40591943190076 201811.9407932619
18 98284.01189092243 82.41213654297732 201883.5759725347
19 98212.41874784499 82.41833862439316 201955.1629135307
20 98140.8738594208 82.42452568421407 202026.7016148951
21 98069.37721743884 82.4306976732658 202098.192084888
22 97997.92882189911 82.43685459154833 202169.6343235094
23 97926.52867280164 82.44299643906167 202241.0283307594
24 97855.17677014638 82.44912321580581 202312.3741066379
25 97783.8731238222 82.45523532526545 202383.6716408526
26 97712.61774423927 82.46133319219528 202454.9209225686
27 97641.41061865931 82.46741629684996 202526.1219650439
28 97570.25174708235 82.47348463922948 202597.2747682785
29 97499.1411295084 82.47953821933382 202668.3793322723
30 97428.07876593742 82.48557703716298 202739.4356570255
31 97357.06463641832 82.49159955803094 202810.4437640237
32 97286.09880518648 82.49761072307119 202881.4035840905
33 97215.18122871725 82.50360718426786 202952.3151640985
34 97144.31190764066 82.50958899008313 203023.1785033693
35 97073.49084258669 82.51555618897915 203093.9936012244
36 97002.71803418538 82.52150882941804 203164.7604569853
37 96931.99348122087 82.52744697713375 203235.4790718021
38 96861.31705188673 82.5333719197926 203306.1495761935
39 96790.68886513544 82.53928259871667 203376.7718522659
40 96720.10892098492 82.54517906809542 203447.345899947
41 96649.57721945309 82.55106138211831 203517.8717191648
42 96579.09376055789 82.55692959497479 203588.3493098472
43 96508.65854431724 82.56278376085429 203658.778671922
44 96438.27157074906 82.56862393394628 203729.159805317
45 96367.93283987128 82.57445016844021 203799.4927099603
46 96297.64235170183 82.58026251852552 203869.7773857797
47 96227.40010625863 82.58606103839166 203940.013832703
48 96157.20610355961 82.59184578222809 204010.2020506582
49 96087.06034362268 82.59761680422424 204080.3420395731
50 96016.96282646579 82.60337415856959 204150.4337993757