Time X_A X1 X_B
0 100000 250 200000
1 99429.37089579855 227.6587773422136 200592.9703268593
2 98969.66896499133 192.2202067373148 201088.1108282715
3 98646.27620274956 151.761413526682 201451.9623837239
4 98434.80932339525 121.5385226601785 201693.6521539447
5 98283.20622635461 106.5104640940603 201860.2833095515
6 98155.36190668582 100.7258312908331 201993.9122620235
7 98035.82156890801 98.73177019667465 202115.4466608954
8 97919.14225681534 98.0611406395868 202232.7966025452
9 97803.52964537643 97.82610596783792 202348.6442486559
10 97688.40523256949 97.73144098957063 202463.8633264411
11 97573.58382084408 97.68168537364102 202578.7344937824
12 97459.00600829201 97.6463296171419 202693.347662091
13 97344.65227515752 97.61563186207694 202807.7320929806
14 97230.51594663647 97.58658484342762 202921.8974685202
15 97116.59422531116 97.55819793116171 203035.8475767578
16 97002.88557684707 97.53015404027308 203149.5842691128
17 96889.38890980993 97.50236654405018 203263.1087236462
18 96776.1032434861 97.47480271204384 203376.421953802
19 96663.02658958765 97.44744711551033 203489.525963297
20 96550.15863789899 97.42029763252206 203602.4210644687
21 96437.49973768189 97.39335550588602 203715.1069068124
22 96325.04642671952 97.36660795258877 203827.5869653281
23 96212.80013968358 97.34006026964907 203939.859800047
24 96100.76237027081 97.31371732298318 204051.9239124064
25 95988.92400617816 97.2875496856965 204163.7884441363
26 95877.2917682315 97.26157906174605 204275.4466527069
27 95765.86323810478 97.23579865573609 204386.9009632396
28 95654.63649559519 97.21020296728105 204498.1533014377
29 95543.6119494537 97.18479255075947 204609.2032579957
30 95432.78861922056 97.1595643489098 204720.0518164307
31 95322.1655244361 97.13451530447045 204830.6999602596
32 95211.74168464061 97.10964236017985 204941.1486729993
33 95101.51611937436 97.08494245877642 205051.398938167
34 94991.488224106 97.06041515424751 205161.4513607399
35 94881.65809151944 97.03606484353159 205271.3058436372
36 94772.02395887658 97.01188303555608 205380.964158088
37 94662.58492430298 96.98786721892311 205490.4272084782
38 94553.34008592415 96.96401488223481 205599.6958991938
39 94444.28854186565 96.94032351409328 205708.7711346204
40 94335.42939025302 96.91679060310069 205817.653819144
41 94226.761798869 96.89341405105985 205926.3447870801
42 94118.28706778359 96.87020440831949 206034.8427278082
43 94010.00292485672 96.84715103518315 206143.1499241082
44 93901.90857732533 96.8242520674924 206251.2671706073
45 93794.00323242636 96.80150564108888 206359.1952619327
46 93686.28609739672 96.77890989181419 206466.9349927116
47 93578.75637947337 96.75646295550993 206574.4871575713
48 93471.41328589323 96.73416296801771 206681.8525511389
49 93364.25735816979 96.7120111029642 206789.0306307274
50 93257.28736771425 96.69000450393418 206896.022627782