Time X_A X1 X_B
0 100000 250 200000
1 99233.83611753584 281.5276240028526 200734.6362584613
2 98209.06018429366 372.1044390868194 201668.8353766195
3 96547.90097742587 561.9128883927207 203140.1861341814
4 94576.69779451712 598.9631795088605 205074.339025974
5 92718.74885824752 564.9721055132749 206966.2790362392
6 91010.20040805545 523.7989544080148 208716.0006375365
7 89463.64815184378 478.8528083795362 210307.4990397766
8 88098.22735467677 427.8824421334018 211723.8902031897
9 86948.65753883292 365.9273197950197 212935.415141372
10 86075.94075649609 285.3431169527574 213888.7161265509
11 85545.74171760754 189.9290232058056 214514.3292591865
12 85299.68490391041 122.4997793817337 214827.8153167077
13 85168.27710011882 99.36905923833994 214982.3538406427
14 85063.67095955137 94.15687248528035 215092.1721679632
15 84964.46304423669 93.11593212431079 215192.4210236389
16 84866.40963800126 92.90737823470837 215290.6829837639
17 84768.69493614661 92.85926112935533 215388.4458027239
18 84671.16296192681 92.84184088382726 215485.9951971892
19 84573.78370761301 92.8302686833046 215583.3860237035
20 84476.55125969362 92.8198645147888 215680.6288757914
21 84379.4641976329 92.80971425866855 215777.7260881083
22 84282.52192849136 92.79965001181603 215874.6784214966
23 84185.72394335836 92.7896402277884 215971.4864164137
24 84089.07009875294 92.77968319895865 216068.1502180479
25 83992.55995884839 92.76977375312178 216164.6702673983
26 83896.19328680282 92.75991216150554 216261.0468010355
27 83799.96977184089 92.75009705582129 216357.2801311031
28 83703.88751062664 92.74032716552202 216453.3721622077
29 83607.94718640666 92.73060314335058 216549.3222104498
30 83512.14925953765 92.72092542911092 216645.1298150331
31 83416.49373001959 92.71129402280305 216740.7949759574
32 83320.9805978525 92.70170892442694 216836.3176932229
33 83225.60645423537 92.6921664722574 216931.7013792922
34 83130.37292668167 92.68266841456519 217026.9444049036
35 83035.28044063567 92.67321520836144 217122.0463441558
36 82940.32899609741 92.66380685364618 217217.0071970488
37 82845.51859306684 92.65444335041937 217311.8269635826
38 82750.84823568784 92.64512363180832 217406.5066406802
39 82656.31232123138 92.63584169554166 217501.0518370729
40 82561.91686226927 92.62660398296028 217595.4565337476
41 82467.66155840791 92.61741017224885 217689.7210314197
42 82373.54600660708 92.60825983581874 217783.8457335569
43 82279.56654058403 92.59914918343584 217877.8343102323
44 82185.72543640419 92.5900805482264 217971.6844830474
45 82092.02232219114 92.58105353471484 218065.3966242739
46 81998.4568260685 92.57206774742562 218158.9711061839
47 81905.02857615988 92.56312279088317 218252.4083010491
48 81811.73720058885 92.55421826961194 218345.7085811413
49 81718.58232747902 92.54535378813634 218438.8723187327
50 81625.56358495398 92.53652895098081 218531.8998860948