Time X_A X1 X_B
0 100000 250 200000
1 99684.58809000897 87.27278727671589 200478.1391227144
2 99628.28761646684 53.27838539475212 200568.4339981385
3 99591.96048820403 50.75296582243836 200607.2865459736
4 99556.81439766608 50.59801947138336 200642.5875828626
5 99521.74658199358 50.59406713017751 200677.6593508763
6 99486.68817604358 50.5996054930636 200712.7122184634
7 99451.63486719134 50.60574361523721 200747.7593891935
8 99416.58638870934 50.61191328837419 200782.8016980024
9 99381.54273292136 50.61808492182763 200817.8391821569
10 99346.5025161512 50.62425500555922 200852.8732288434
11 99311.47524013132 50.63041810502521 200887.8943417638
12 99276.46511463106 50.63657416409261 200922.8983112049
13 99241.4549891308 50.64273022315999 200957.9022806461
14 99206.44486363055 50.64888628222739 200992.9062500873
15 99171.43473813029 50.65504234129477 201027.9102195285
16 99136.47851293415 50.66116784134719 201062.8603192246
17 99101.47368496642 50.66732089695517 201097.8589941367
18 99066.47374741013 50.67347117992283 201132.85278141
19 99031.47870026526 50.67961869025018 201167.8416810446
20 98996.48854353183 50.68576342793721 201202.8256930403
21 98961.5033843191 50.69190307421888 201237.8047126068
22 98926.52315251759 50.69803914686677 201272.7788083356
23 98891.54784049914 50.70417181101994 201307.7479876899
24 98856.57744826375 50.71030106667838 201342.7122506697
25 98821.61197581142 50.7164269138421 201377.6715972748
26 98786.65142314215 50.72254935251109 201412.6260275054
27 98751.69579025594 50.72866838268536 201447.5755413615
28 98716.74524571729 50.73478597286668 201482.5199683099
29 98681.7996712142 50.74090074140313 201517.4594280445
30 98646.85906076418 50.74701261843148 201552.3939266175
31 98611.92341436725 50.75312160395173 201587.3234640289
32 98576.99273202338 50.75922769796389 201622.2480402787
33 98542.06701373259 50.76533090046795 201657.167655367
34 98507.1462594949 50.77143121146391 201692.0823092937
35 98472.23066283467 50.77752891182719 201726.9918082536
36 98437.32007942539 50.78362379208666 201761.8962967826
37 98402.41450881686 50.78971585158888 201796.7957753316
38 98367.51395100905 50.79580509033386 201831.6902439007
39 98332.61840600199 50.80189150832162 201866.5797024898
40 98297.72787379565 50.80797510555212 201901.4641510989
41 98262.8423833665 50.81405587816126 201936.3435607554
42 98227.96277887339 50.82013371357679 201971.2170874131
43 98193.08827013659 50.82620871717261 202006.0855211463
44 98158.2188571561 50.83228088894869 202040.9488619551
45 98123.35453993191 50.83835022890505 202075.8071098393
46 98088.49531846403 50.84441673704169 202110.660264799
47 98053.64119275246 50.85048041335861 202145.5083268343
48 98018.7921627972 50.8565412578558 202180.351295945
49 97983.94822859824 50.86259927053327 202215.1891721313
50 97949.10939015559 50.86865445139102 202250.0219553931