Time X_A X1 X_B
0 100000 250 200000
1 99088.58820110781 367.3076269461826 200794.1041719459
2 97450.42790908081 586.1298138030736 202213.442277116
3 95661.8099922971 594.0371181186122 203994.1528895843
4 93969.73965337589 566.3843063672633 205713.8760402568
5 92374.76298405208 537.0512972063932 207338.1857187415
6 90879.17655139577 506.8700338589602 208863.9534147453
7 89486.79449677205 475.3642437995839 210287.8412594284
8 88203.98474324927 441.6847534873813 211604.3305032634
9 87041.35101465431 404.3791705762974 212804.2698147694
10 86017.12533485325 360.8229709378524 213872.051694209
11 85163.22315412996 306.3564028979278 214780.4204429722
12 84530.47005080589 235.3939896355445 215484.1359595587
13 84158.42163476232 156.2401983639962 215935.3381668738
14 83983.59501534718 103.9970406682001 216162.4079439848
15 83885.71162967185 85.60005898416529 216278.6883113442
16 83807.08434812963 81.02085061677366 216361.8948012538
17 83732.75630089336 79.99640577819461 216437.2472933286
18 83659.41883856642 79.77036402885935 216510.8107974048
19 83586.3568941142 79.71777326002422 216583.9253326259
20 83513.41656717277 79.70254994023767 216656.8808828871
21 83440.56472328391 79.69535159581415 216729.7399251204
22 83367.79416983253 79.68987956194886 216802.5159506056
23 83295.10329339543 79.68480353671012 216875.2119030679
24 83222.49162705478 79.67981642770779 216947.8285565176
25 83149.9589236896 79.67486133916262 217020.3662149713
26 83077.5050858552 79.66992822140448 217092.8249859234
27 83005.12996319847 79.66501389273783 217165.2050229088
28 82932.8335022457 79.6601170634094 217237.5063806909
29 82860.61549656154 79.65523672078145 217309.7292667177
30 82788.4759483681 79.65037288300741 217381.8736787489
31 82716.41380062941 79.64552481937154 217453.9406745512
32 82644.4297418315 79.64069314570519 217525.9295650228
33 82572.52380878928 79.63587789493819 217597.8403133158
34 82500.69600150276 79.6310790670706 217669.6729194302
35 82428.94631997193 79.62629666210238 217741.427383366
36 82357.27368969288 79.62152993823007 217813.1047803689
37 82285.6781910625 79.61677895095711 217884.7050299866
38 82214.16027565136 79.61204401203355 217956.2276803366
39 82142.71994345945 79.60732512145938 218027.6727314191
40 82071.35719448677 79.60262227923459 218099.040183234
41 82000.07365471602 79.5979366237618 218170.3284086603
42 81928.86286666956 79.5932636339539 218241.5438696965
43 81857.72950787107 79.58860658469517 218312.6818855443
44 81786.67346574337 79.58396539716671 218383.7425688595
45 81715.69462770922 79.57933999254959 218454.7260322983
46 81644.79276447158 79.57473020845703 218525.63250532
47 81573.96616582488 79.5701348222164 218596.463699353
48 81503.21607136329 79.5655547231227 218667.2183739136
49 81432.54234529455 79.56098981573575 218737.8966648898
50 81361.94485182645 79.55644000461538 218808.498708169