Time X_A X1 X_B
0 100000 250 200000
1 99761.48809848941 96.53957961466875 200391.972321896
2 99697.01616560212 67.97491424947275 200485.0089201485
3 99649.79803804627 65.03747070978156 200535.1644912441
4 99604.11476672241 64.77313975925652 200581.1120935185
5 99558.58139159017 64.75705350861381 200626.6615549014
6 99513.07168279335 64.76371863361352 200672.1645985732
7 99467.57411984548 64.77248082450144 200717.6533993301
8 99422.08764533326 64.78141737771429 200763.1309372891
9 99376.61218572802 64.7903646249196 200808.5974496471
10 99331.14774752087 64.79930869248433 200854.0529437868
11 99285.69434147657 64.80824671522031 200899.4974118083
12 99240.25200227572 64.81717729915813 200944.9308204252
13 99194.82074760008 64.82610070169059 200990.3531516984
14 99149.40055744942 64.8350171159819 201035.7644254347
15 99103.99143971682 64.84392655779303 201081.1646337255
16 99058.59347815404 64.85282919436077 201126.5536926517
17 99013.20662419996 64.86172492871755 201171.9316508715
18 98967.83087785456 64.87061376086335 201217.2985083847
19 98922.46630691481 64.87949574788132 201262.6541973375
20 98877.11291416419 64.88837089211509 201307.9987149439
21 98831.77067677061 64.89723917434068 201353.3320840552
22 98786.44000217739 64.90610061196669 201398.6538972108
23 98741.12161882188 64.91495523611677 201443.9634259421
24 98695.81452566567 64.92380300401999 201489.2616713305
25 98650.51872270876 64.93264391567635 201534.5486333757
26 98605.23420995113 64.94147797108585 201579.8243120779
27 98559.9609873928 64.9503051702485 201625.0887074371
28 98514.69905503377 64.9591255131643 201670.3418194532
29 98469.44841287402 64.96793899983324 201715.5836481263
30 98424.20906091356 64.97674563025532 201760.8141934563
31 98378.98099915241 64.98554540443055 201806.0334554433
32 98333.76422759055 64.99433832235893 201851.2414340872
33 98288.55874622798 65.00312438404045 201896.4381293881
34 98243.36455506469 65.01190358947511 201941.623541346
35 98198.18165410071 65.02067593866292 201986.7976699608
36 98153.01004333602 65.02944143160387 202031.9605152325
37 98107.84972277061 65.03820006829797 202077.1120771612
38 98062.70069240451 65.04695184874521 202122.2523557469
39 98017.5629522377 65.05569677294559 202167.3813509895
40 97972.43650227018 65.06443484089912 202212.4990628891
41 97927.32134250195 65.0731660526058 202257.6054914456
42 97882.21747293301 65.08189040806562 202302.7006366591
43 97837.12489356338 65.09060790727858 202347.7844985295
44 97792.04619126054 65.09931918369556 202392.8544895559
45 97746.97915933414 65.10802369696033 202437.912816969
46 97701.9236625366 65.11672141395459 202482.9596160496
47 97656.87970086792 65.12541233467834 202527.9948867975
48 97611.84727432812 65.13409645913158 202573.0186292129
49 97566.82638291716 65.14277378731431 202618.0308432957
50 97521.81702663508 65.15144431922651 202663.0315290458