Time X_A X1 X_B
0 100000 250 200000
1 99800.41078755766 72.50109720531125 200377.0881152371
2 99760.56350317234 54.70099650056486 200434.7355003272
3 99728.01496026613 53.75997657646863 200468.2250631574
4 99695.81928700127 53.71887777710398 200500.4618352216
5 99663.64469889982 53.72298797046405 200532.6323131296
6 99631.47464139972 53.72936416206793 200564.7959944381
7 99599.30828816256 53.73584466056248 200596.9558671768
8 99567.14560727352 53.74233131739867 200629.112061409
9 99534.98622581136 53.74881675110242 200661.2649574375
10 99502.8418062284 53.75529448238714 200693.4028992891
11 99470.70652582886 53.76176811570858 200725.5317060554
12 99438.57124542931 53.76824174903003 200757.6605128216
13 99406.43596502976 53.77471538235147 200789.7893195878
14 99374.3006846302 53.78118901567291 200821.9181263541
15 99342.22120113063 53.78762909957833 200853.9911697697
16 99310.08808085749 53.79410143406453 200886.1178177084
17 99277.95869075641 53.80057152568251 200918.2407377178
18 99245.83303082737 53.80703937443226 200950.3599297981
19 99213.7111010704 53.81350498031379 200982.4753939492
20 99181.59290148546 53.81996834332709 201014.5871301711
21 99149.4785062189 53.82642812128839 201046.6950656597
22 99117.367910617 53.83288439843801 201078.7992049845
23 99085.26107264066 53.83933793576111 201110.8995894235
24 99053.15799228984 53.84578873325767 201142.9962189769
25 99021.05866956455 53.8522367909277 201175.0890936445
26 98988.96310446481 53.85868210877119 201207.1782134263
27 98956.8712969906 53.86512468678815 201239.2635783225
28 98924.78324714194 53.87156452497857 201271.345188333
29 98892.69902037655 53.87800230019801 201303.4229773232
30 98860.61869298035 53.88443880126925 201335.4968682183
31 98828.54216474925 53.89087299204722 201367.5669622586
32 98796.46943568323 53.89730487253193 201399.6332594441
33 98764.40050578231 53.90373444272337 201431.6957597749
34 98732.33537504647 53.91016170262154 201463.7544632508
35 98700.27404347571 53.91658665222645 201495.809369872
36 98668.21651107006 53.92300929153809 201527.8604796383
37 98636.1628012515 53.9294296319183 201559.9077691165
38 98604.11308490227 53.93584775626073 201591.9510673414
39 98572.06721361302 53.94226359257317 201623.9905227944
40 98540.02518738374 53.94867714085559 201656.0261354753
41 98507.98700621445 53.95508840110801 201688.0579053844
42 98475.95267010514 53.96149737333043 201720.0858325215
43 98443.92217905581 53.96790405752284 201752.1099168866
44 98411.89553306646 53.97430845368524 201784.1301584798
45 98379.8727321371 53.98071056181764 201816.146557301
46 98347.85506797802 53.98711024985911 201848.1578217721
47 98315.84151419078 53.99350762274582 201880.1649781864
48 98283.83189681417 53.99990269826308 201912.1682004875
49 98251.8262158482 54.0062954764109 201944.1674886753
50 98219.82447129287 54.01268595718927 201976.1628427499