Time X_A X1 X_B
0 100000 250 200000
1 99466.1558975204 163.4564764204223 200620.3876260593
2 99255.01130534339 98.05781828170207 200896.9308763749
3 99149.59846862525 81.8563426288286 201018.545188746
4 99060.88340561742 79.40305699135064 201109.7135373913
5 98974.50004895592 79.07442531346939 201196.4255257307
6 98888.482999189 79.03888849402497 201282.4781123171
7 98802.56641586973 79.04305968705623 201368.3905244433
8 98716.71440957153 79.05254064268537 201454.2330497859
9 98630.92222715965 79.06273265090576 201540.0150401896
10 98545.18923536125 79.0729888879294 201625.737775751
11 98459.51541261873 79.08322919721981 201711.4013581842
12 98373.9007694677 79.09344821664041 201797.0057823158
13 98288.34534738294 79.10364089452847 201882.5510117227
14 98202.84918230519 79.11380737200523 201968.0370103229
15 98117.4123268393 79.12394720143155 202053.4637259593
16 98032.03501873124 79.13406084456091 202138.8309204243
17 97946.71707488858 79.14414817358863 202224.1387769379
18 97861.45849531134 79.15420918851477 202309.3872955002
19 97776.2592799995 79.16424388933928 202394.5764761112
20 97691.1194577961 79.1742523597523 202479.7062898442
21 97606.03944904654 79.1842358194163 202564.7763151341
22 97521.01895841 79.19419341137861 202649.7868481787
23 97436.05798588647 79.20412513563919 202734.737888978
24 97351.15653147595 79.21403099219808 202819.6294375319
25 97266.31389288029 79.22390914794057 202904.4621979719
26 97181.53231594716 79.23376546490161 202989.233918588
27 97096.81028980418 79.24359599945366 203073.9461141965
28 97012.14784698418 79.25340083651285 203158.5987521794
29 96927.54502002001 79.26318006099534 203243.1917999191
30 96843.00184144455 79.27293375781721 203327.7252247977
31 96758.51881950261 79.28266339772962 203412.1985170998
32 96674.09561894425 79.29236799423087 203496.6120130616
33 96589.73224602941 79.30204755569946 203580.965706415
34 96505.42873716608 79.31170217834048 203665.2595606557
35 96421.18512876224 79.32133195835904 203749.4935392795
36 96337.0014572259 79.33093699196023 203833.6676057822
37 96252.877758965 79.34051737534914 203917.7817236597
38 96168.81407038755 79.35007320473088 204001.8358564078
39 96084.81042790154 79.35960457631052 204085.8299675222
40 96000.86686791494 79.36911158629319 204169.7640204989
41 95916.98342683574 79.37859433088396 204253.6379788335
42 95833.1601410719 79.38805290628794 204337.4518060219
43 95749.39704703144 79.39748740871023 204421.2054655599
44 95665.69418112232 79.40689793435592 204504.8989209434
45 95582.05157975251 79.4162845794301 204588.5321356682
46 95498.46927933003 79.42564744013788 204672.1050732299
47 95414.94731626284 79.43498661268434 204755.6176971246
48 95331.48572695893 79.44430219327459 204839.0699708479
49 95248.08454782626 79.45359427811374 204922.4618578957
50 95164.74325444264 79.46286191477742 205005.7938836427