Time X_A X1 X_B
0 100000 250 200000
1 99405.58413033638 212.9703736418059 200631.4454960217
2 99024.14245178661 145.8275342469188 201080.0300139663
3 98854.93530687458 91.20060614180845 201303.8640869835
4 98771.34066135224 72.54607553887816 201406.1132631088
5 98706.41767517003 68.53270268358554 201475.0496221463
6 98644.99313288418 67.77797560709149 201537.2288915087
7 98584.23382053786 67.64419737132359 201598.1219820908
8 98523.61996208139 67.62500810865625 201658.75502981
9 98463.05640854544 67.62682577749182 201719.316765677
10 98402.52572890607 67.63244701449065 201779.8418240794
11 98342.02480858032 67.63878108131094 201840.3364103383
12 98281.55305131452 67.64522349155307 201900.8017251938
13 98221.11037683634 67.65167731129719 201961.2379458522
14 98160.69678885317 67.6581228530127 202021.6450882937
15 98100.31228705977 67.66456022866835 202082.0231527115
16 98039.95689838592 67.67098557086442 202142.3721160431
17 97979.63061698104 67.67740020371544 202202.6919828151
18 97919.33347829935 67.68380289920731 202262.9827188013
19 97859.06548909907 67.69019412880823 202323.244316772
20 97798.82679677957 67.69657397227937 202383.476629248
21 97738.61728288709 67.70294236552272 202443.6797747473
22 97678.43694742168 67.70929930853826 202503.8537532697
23 97618.28579038329 67.71564480132602 202563.9985648153
24 97558.16381177196 67.72197884388599 202624.114209384
25 97498.07101158766 67.72830143621816 202684.200686976
26 97438.00758299501 67.73461304810465 202744.2578039568
27 97377.97347144451 67.74091354687944 202804.2856150085
28 97317.96861331313 67.74720277780945 202864.284183909
29 97257.99300860088 67.75348074089464 202924.2535106581
30 97198.04665730777 67.75974743613506 202984.193595256
31 97138.12955943377 67.76600286353067 203044.1044377026
32 97078.24132768456 67.77224624277447 203103.9864260726
33 97018.38326035252 67.77848018962032 203163.8382594578
34 96958.55446315715 67.78470290230334 203223.6608339405
35 96898.75494875773 67.79091440632895 203283.4541368359
36 96838.98472981351 67.79711472720258 203343.2181554592
37 96779.24381898378 67.80330389042967 203402.9528771257
38 96719.53222892777 67.80948192151567 203462.6582891507
39 96659.85023561977 67.81564939760045 203522.3341149826
40 96600.19765265002 67.82180592714778 203581.9805414228
41 96540.57447294268 67.8279514943189 203641.5975755629
42 96480.98071120626 67.83408612891226 203701.1852026648
43 96421.41638214923 67.84020986072638 203760.74340799
44 96361.88150048007 67.84632271955969 203820.2721768003
45 96302.37608090728 67.85242473521072 203879.7714943574
46 96242.90013813935 67.8585159374779 203939.2413459231
47 96183.45368688474 67.86459635615974 203998.681716759
48 96124.03674185196 67.8706660210547 204058.0925921269
49 96064.64931774948 67.87672496196127 204117.4739572885
50 96005.29142928579 67.88277320867792 204176.8257975055