Time X_A X1 X_B
0 100000 250 200000
1 99493.4470187938 236.531975809476 200520.0210053968
2 99036.03567300687 220.1844739889545 200993.7798530042
3 98633.12617399196 202.3337451850707 201414.540080823
4 98284.79987823342 184.770434550397 201780.4296872162
5 97985.41526581506 169.331722513165 202095.2530116719
6 97725.15770879044 157.2282289734859 202367.6140622362
7 97493.07595933914 148.6550441795177 202608.2689964814
8 97279.73172320091 143.026027252691 202827.2422495465
9 97078.27152235051 139.4917369536488 203032.236740696
10 96884.24615834885 137.3008714153885 203228.4529702359
11 96694.96422777725 135.9171735583066 203419.1185986646
12 96508.86473382688 134.9999101529484 203606.1353560203
13 96325.06120009956 134.3464107780951 203790.5923891225
14 96143.0559453132 133.841345534768 203973.1027091522
15 95962.56639030785 133.4205049409094 204154.0131047514
16 95783.42819608639 133.0488412303954 204333.5229626833
17 95605.54087923304 132.7073665612176 204511.7517542059
18 95428.83856625202 132.385855929407 204688.7755778188
19 95253.27403191119 132.0787348649363 204864.6472332241
20 95078.81041749427 131.7829150143054 205039.4066674916
21 94905.41676110566 131.4966109292085 205213.0866279653
22 94733.06566832415 131.2187324256975 205385.7155992503
23 94561.73153981566 130.9485700533943 205557.3198901311
24 94391.39175977866 130.6856152920616 205727.9226249294
25 94222.02436776526 130.4294183754007 205897.5462138595
26 94053.60880033438 130.1796238479657 206066.2115758178
27 93886.1254316682 129.9359280998548 206233.9386402321
28 93719.55506592663 129.6980460082257 206400.7468880653
29 93553.87969544693 129.4657203209353 206566.6545842323
30 93389.08222924524 129.238714254963 206731.6790564999
31 93225.14593314788 129.016801923482 206895.8372649288
32 93062.05471833031 128.7997729256778 207059.1455087442
33 92899.79349006925 128.5874330518954 207221.619076879
34 92738.34747267677 128.3795978062062 207383.2729295172
35 92577.70231463216 128.1760909291447 207544.1215944389
36 92417.84457541387 127.9767516323361 207704.178672954
37 92258.76096291305 127.7814237732938 207863.4576133138
38 92100.43871664473 127.5899607161347 208021.9713226393
39 91942.86576855984 127.4022265974064 208179.7320048429
40 91786.03000978287 127.2180875747128 208336.7519026425
41 91629.92019287997 127.0374220300111 208493.0423850901
42 91474.52510775915 126.860110672265 208648.6147815687
43 91319.83405853293 126.6860421813214 208803.4798992859
44 91165.83671444464 126.5151106036218 208957.6481749519
45 91012.522892533 126.3472137557277 209111.1298937114
46 90859.88297741755 126.1822564919562 209263.9347660906
47 90707.90734638288 126.0201455835868 209416.0725080336
48 90556.58697018126 125.8607947322194 209567.5522350866
49 90405.91277635477 125.7041189698294 209718.3831046755
50 90255.87624515833 125.5500395606425 209868.5737152811