Time X_A X1 X_B
0 100000 250 200000
1 98849.70853618409 525.8898254239945 200874.401638392
2 97268.28481449904 600.5428109071732 202381.1723745939
3 95763.56045327829 582.7238268898525 203903.7157198319
4 94319.02708973661 563.3354630658163 205367.6374471976
5 92933.3302303774 544.1648899700162 206772.5048796526
6 91605.74812062377 525.2202329033237 208119.0316464729
7 90335.62070015636 506.4744970274226 209407.9048028162
8 89122.35890959912 487.8975769879255 210639.743513413
9 87965.45559169304 469.4569126425872 211815.0874956644
10 86864.5272941365 451.1185694061213 212934.3541364574
11 85819.28911057134 432.8463634049664 213997.8645260237
12 84829.5690042746 414.602719151529 215005.8282765739
13 83895.30689649528 396.3501798848353 215958.3429236199
14 83016.55707926345 378.0557287963066 216855.3871919403
15 82193.43955432507 359.6951078310503 217696.8653378439
16 81426.1040997966 341.262929742223 218482.6329704612
17 80714.63582245704 322.788778279789 219212.5753992633
18 80058.89713020909 304.3586736677179 219886.7441961233
19 79458.29361500499 286.142162687203 220505.5642223079
20 78911.46366161734 268.4163583336758 221070.1199800491
21 78415.94906068918 251.5677557547112 221582.4831835562
22 77967.95384537309 236.0525373996884 222045.9936172273
23 77562.35324977111 222.304731255894 222465.342018973
24 77193.04933278763 210.6224393926937 222846.3282278197
25 76853.59563243961 201.0848333089936 223195.3195342514
26 76537.88012275353 193.5507368445326 223518.569140402
27 76240.61888842077 187.7255419570196 223821.6555696223
28 75957.58376379317 183.2547499796596 224109.1614862272
29 75685.58173395904 179.799303194831 224384.6189628462
30 75422.29869808427 177.076269922937 224650.6250319929
31 75166.0978636182 174.8700865037511 224909.0320498781
32 74915.83124199913 173.0261338022824 225161.1426241987
33 74670.68896309499 171.4381128751932 225407.8729240299
34 74430.08712858813 170.0348061241233 225649.8780652878
35 74193.59296210308 168.7689965224383 225887.6380413746
36 73960.87356442837 167.6093417760816 226121.5170937957
37 73731.66310978356 166.5348059570191 226351.8020842595
38 73505.74164604445 165.53084476077 226578.7275091949
39 73282.92210579805 164.5870508749688 226802.4908433271
40 73063.04152293703 163.6956414594518 227023.2628356037
41 72845.95579049295 162.8506165097429 227241.1935929974
42 72631.53584870732 162.0471941604002 227456.4169571324
43 72419.66490241293 161.2814192315272 227669.0536783557
44 72210.2364009594 160.5499324301367 227879.2136666106
45 72003.15260481223 159.8498334493901 228086.9975617385
46 71798.32360629299 159.1786172415575 228292.4977764656
47 71595.66638132204 158.534097605886 228495.7995210722
48 71395.10388485694 157.914332336701 228696.9817828065
49 71196.56443384549 157.3175881892143 228896.1179779654
50 70999.98111880595 156.7423048015408 229093.2765763926