Time X_A X1 X_B
0 100000 250 200000
1 98753.12094311356 566.0774875037511 200930.8015693827
2 96631.46004463734 737.9913090313114 202880.5486463314
3 94650.90758202142 709.4033887606608 204889.689029218
4 92763.45027299864 679.5029351124363 206807.046791889
5 90967.50160059094 649.842336272141 208632.656063137
6 89262.51232055703 620.313086898185 210367.1745925449
7 87648.37032345762 590.7659600127259 212010.8637165297
8 86125.52344845628 561.0071476346607 213563.4694039092
9 84695.16971980597 530.7750259996878 215024.0552541945
10 83359.53854751388 499.7022044866833 216390.7592479996
11 82122.39840902695 467.245042220951 217660.3565487523
12 80989.85779826614 432.5689615978537 218827.5732401362
13 79971.72793516621 394.3384404099443 219883.933624424
14 79083.77359961602 350.4210972096259 220815.8053031746
15 78350.40291089864 297.8539237175 221601.743165384
16 77802.38225087509 235.2132111964227 222212.4045379287
17 77451.74698041055 171.3548791527938 222626.8981404369
18 77251.2683939407 126.5560555537743 222872.1755505057
19 77123.35294486656 106.171473404611 223020.475581729
20 77020.69190982432 99.15100922117404 223130.1570809546
21 76925.80415480727 96.98761464676299 223227.2082305461
22 76833.3113600908 96.33086975650176 223320.3577701528
23 76741.63893837991 96.11751295307954 223412.2435486671
24 76650.33208136004 96.03244688683313 223503.6354717532
25 76559.25980678922 95.98435040776164 223594.7558428031
26 76468.38402671576 95.94691690679896 223685.6690563775
27 76377.69349770344 95.91273488086749 223776.3937674158
28 76287.18431441033 95.87960718730329 223866.9360784024
29 76196.85482954656 95.84691117785786 223957.2982592757
30 76106.70404133391 95.81449030120784 224047.481468365
31 76016.73103642007 95.78229368291314 224137.4866698971
32 75926.93422184167 95.75030153419085 224227.3154766242
33 75837.31400024757 95.71851586779265 224316.9674838847
34 75747.8686799561 95.68692796974575 224406.4443920742
35 75658.59826590131 95.65553786546575 224495.7461962333
36 75569.50259990472 95.62434541300613 224584.8730546823
37 75480.57858499908 95.59333920717933 224673.8280757938
38 75391.82841781835 95.56252766536686 224762.6090545163
39 75303.24995446856 95.5319044006571 224851.2181411308
40 75214.84310614441 95.50146845634004 224939.6554253993
41 75126.60697561514 95.47121673958684 225027.9218076454
42 75038.5406656499 95.44114615756871 225116.0181881926
43 74950.64372633451 95.41125792487773 225203.9450157407
44 74862.9153207988 95.38154952992593 225291.7031296713
45 74775.35450042882 95.35201738509237 225379.2934821862
46 74687.96044141386 95.32265910454441 225466.7168994817
47 74600.7324835945 95.2934733123284 225553.9740430932
48 74513.6704904567 95.26446186386286 225641.0650476795
49 74426.77335020043 95.2356205961571 225727.9910292035
50 74340.04033739814 95.20694773049306 225814.7527148714