Time X_A X1 X_B
0 100000 250 200000
1 99414.78865476939 204.7345979077543 200630.4767473229
2 99038.90907681326 147.8396824352971 201063.2512407515
3 98831.92339044143 108.8085572660143 201309.2680522926
4 98697.2297177881 94.09554347689591 201458.674738735
5 98583.08923487336 90.07488285292796 201576.8358822737
6 98474.11260632299 89.08403171338128 201686.8033619636
7 98366.47809932915 88.84196081479791 201794.679939856
8 98259.27518723086 88.77821803408787 201901.946594735
9 98152.28913209727 88.75648434452356 202008.9543835582
10 98045.4693677984 88.74463442903789 202115.7859977725
11 97938.803770596 88.73510497762875 202222.4611244263
12 97832.28932240511 88.72617685158933 202328.9845007432
13 97725.92501096531 88.71741609609256 202435.3575729385
14 97619.7103430851 88.70873125702569 202541.5809256578
15 97513.64459671215 88.70009816141651 202647.6553051264
16 97407.72791127976 88.69151739942035 202753.5805713208
17 97301.95950795108 88.6829833878822 202859.357508661
18 97196.33951096382 88.67449701741039 202964.9859920187
19 97090.86727691488 88.66605664898731 203070.4666664361
20 96985.54268048095 88.65766190629637 203175.7996576127
21 96880.36398504682 88.64931143657736 203280.9867035166
22 96775.33094217344 88.64100499795875 203386.0280528286
23 96670.44464655322 88.63274365619468 203490.9226097905
24 96565.70509818614 88.62452741128514 203595.6703744025
25 96461.11229707221 88.61635626323014 203700.2713466645
26 96356.66579982669 88.60822967925542 203804.725970494
27 96252.36138476992 88.60014258656015 203909.0384726435
28 96148.20219119078 88.59209875733659 204013.2057100519
29 96044.18821908929 88.58409819158469 204117.2276827191
30 95940.31946846546 88.57614088930448 204221.1043906452
31 95836.59593931925 88.56822685049596 204324.8358338302
32 95733.02032736158 88.56035926078657 204428.4193133776
33 95629.5779911242 88.55252081777817 204531.869488058
34 95526.2803909396 88.54472506459585 204635.1748839958
35 95423.12722634364 88.53697164616929 204738.3358020101
36 95320.11819687215 88.52926020742819 204841.3525429204
37 95217.25251816428 88.52158986371607 204944.2258919719
38 95114.52653050874 88.5139565835351 205046.9595129077
39 95011.94279586093 88.50636314450443 205149.5508409945
40 94909.50094174503 88.49880911274272 205252.0002491422
41 94807.20059568521 88.49129405436864 205354.3081102604
42 94705.04138520559 88.48381753550086 205456.4747972589
43 94603.02293783033 88.47637912225802 205558.5006830474
44 94501.14488108359 88.46897838075883 205660.3861405356
45 94399.40684248952 88.46161487712192 205762.1315426333
46 94297.80844957226 88.45428817746595 205863.7372622502
47 94196.34932985598 88.4469978479096 205965.203672296
48 94095.02911086482 88.43974345457154 206066.5311456806
49 93993.84742012294 88.43252456357041 206167.7200553135
50 93892.80509745736 88.4253436146614 206268.7695589279