Time X_A X1 X_B
0 100000 250 200000
1 98697.37831785255 502.32361109138 201050.2980710562
2 96448.35580612965 665.0890537944206 203136.555140076
3 94322.24238830991 633.8841179809353 205293.8734937093
4 92319.83502326989 600.3170670872018 207329.847909643
5 90441.15475110929 566.4536296372722 209242.3916192535
6 88688.16610727245 531.9093896680278 211029.9245030596
7 87064.8533134887 496.0632182579741 212689.0834682533
8 85578.50357374547 457.8933637622794 214213.6030624923
9 84242.1570883505 415.574489651392 215592.2684219981
10 83079.79978431668 365.5817758207641 216804.6184398625
11 82136.80642633306 301.1241188313065 217812.0694548356
12 81487.93197446197 214.808274641278 218547.2597508967
13 81165.26632627341 128.9087679636435 218955.8249057629
14 81029.2327433123 88.99916806206673 219131.7680886256
15 80942.28111273434 79.47847554820325 219228.2404117174
16 80864.43811354952 77.70639951127414 219307.8554869393
17 80788.25545799274 77.39120879598707 219384.3533332113
18 80712.43317883533 77.33247179192969 219460.2343493728
19 80636.74582009719 77.3182916545362 219535.9358882483
20 80561.1542376845 77.31180111290665 219611.5339612026
21 80485.65161217678 77.30667270724055 219687.041715116
22 80410.23662053311 77.3017833739522 219762.461596093
23 80334.90891737492 77.2969495515148 219837.7941330736
24 80259.66822881119 77.2921376413256 219913.0396335475
25 80184.5145513836 77.28734701075442 219988.1981016056
26 80109.44761089279 77.28257257012105 220063.2698165371
27 80034.46743071437 77.27781571157844 220138.254753574
28 79959.57372524592 77.27307479929607 220213.1531999548
29 79884.76613937954 77.26835017927151 220287.9655104412
30 79810.04400874318 77.26364145547444 220362.6923498014
31 79735.40802926145 77.25894904274361 220437.3330216958
32 79660.85820093438 77.25427294107902 220511.8875261245
33 79586.39452376198 77.24961315048066 220586.3558630876
34 79512.01699774421 77.24496967094852 220660.7380325849
35 79437.72414631741 77.24034161761796 220735.035512065
36 79363.51626729261 77.23572916895903 220809.2480035385
37 79289.39388072875 77.23113263662901 220883.3749866346
38 79215.35698662588 77.22655202062792 220957.4164613535
39 79141.40558498395 77.22198732095576 221031.3724276951
40 79067.54331951802 77.21744080782746 221105.2392396742
41 78993.75877741509 77.21290537049521 221179.0283172145
42 78920.05959256247 77.20838576524895 221252.7320216723
43 78846.44563659796 77.20388191211266 221326.35048149
44 78772.91678115935 77.19939373111035 221399.8838251096
45 78699.47289788442 77.19492114226597 221473.3321809733
46 78626.11305216026 77.19046355071872 221546.696484289
47 78552.83642028553 77.18602043243776 221619.9775592821
48 78479.6439246872 77.18159237849807 221693.1744829343
49 78406.53540789647 77.17717929033572 221766.2874128132
50 78333.51071244461 77.17278106938676 221839.316506486