Time X_A X1 X_B
0 100000 250 200000
1 98180.73384243724 793.9570625858731 201275.309094977
2 96077.70085796091 789.1632464835693 203383.1358955556
3 94070.76133619048 761.5880345560306 205417.6506292536
4 92143.51173236479 734.5535857317122 207371.9346819036
5 90294.46961723267 708.0328541065778 209247.4975286609
6 88522.19840847881 681.9839421400112 211045.8176493813
7 86825.31961660236 656.3627744677705 212768.31760893
8 85202.66539657314 631.1202301275968 214416.2143732994
9 83653.19497586566 606.2038577515784 215990.6011663828
10 82176.05765602509 581.5522135274093 217492.3901304476
11 80770.59096405566 557.0950552317964 218922.3139807126
12 79436.35372422913 532.7519664794414 220280.8943092915
13 78173.1975702143 508.4208491633053 221568.3815806225
14 76981.32626276407 483.9783274634073 222784.6954097726
15 75861.32092238068 459.2855205569965 223929.3935570624
16 74814.31845114227 434.1374349322095 225001.5441139257
17 73842.16178934253 408.281052008056 225999.5571586496
18 72947.58172699645 381.3877941778607 226921.0304788258
19 72134.4896863394 353.0391962964197 227762.4711173643
20 71408.14441378647 322.7578162080755 228519.0977700056
21 70775.01395428948 290.1559940166259 229184.8300516941
22 70241.50888539678 255.3917918814061 229753.0993227219
23 69810.37890192267 220.0343305782087 230219.5867674992
24 69474.97224404746 187.6503256824233 230587.3774302703
25 69216.42245412194 162.3442937371767 230871.2332521409
26 69009.55868515468 145.727767204182 231094.7135476412
27 68832.60083381383 136.2517242540491 231281.1474419322
28 68671.43557710062 131.2846657298702 231447.2797571697
29 68518.37154356611 128.7494431700517 231602.8790132639
30 68369.59063857995 127.4175070011387 231752.991854419
31 68223.28319272913 126.6553256507401 231900.0614816203
32 68078.60878233502 126.157683680188 232045.2335339849
33 67935.17783722296 125.7827829528134 232189.0393798243
34 67792.80619962598 125.4660511358888 232331.7277492382
35 67651.40212282256 125.1784252048661 232473.4194519726
36 67510.91530462939 124.9069324699014 232614.1777629008
37 67371.31387152994 124.6457131736433 232754.0404152965
38 67232.57447310039 124.3921053811982 232893.0334215185
39 67094.67770929426 124.1448173343174 233031.1774733714
40 66957.60601415297 123.9032070160693 233168.490778831
41 66821.34354881894 123.6668768118845 233304.9895743692
42 66685.87537278834 123.4355333882484 233440.6890938234
43 66551.18676012722 123.2089550367992 233575.604284836
44 66417.26399176285 122.9869553658719 233709.7490528713
45 66284.0934026085 122.7693577255846 233843.137239666
46 66151.66229093459 122.5560033857837 233975.7817056796
47 66019.95790980985 122.3467378979583 234107.6953522922
48 65888.96841728235 122.141421006405 234238.8901617113
49 65758.68191856935 121.9399144546603 234369.378166976
50 65629.08733391367 121.7420920789548 234499.1705740074