Time X_A X1 X_B
0 100000 250 200000
1 99064.41790544268 416.6308777865992 200768.9512167707
2 97748.71597873159 508.2131317079434 201993.0708895604
3 96455.92553750399 499.5762426262588 203294.4982198697
4 95214.89336056233 482.9222808284486 204552.1843586091
5 94025.51338300543 465.8434338902387 205758.6431831042
6 92887.8687944446 448.6921752381831 206913.4390303171
7 91802.19561510938 431.4325096919005 208016.3718751986
8 90768.94771774508 413.9889989853664 209067.0632832694
9 89788.85133605325 396.2650205204026 210064.8836434262
10 88862.96718696463 378.1385192602761 211008.894293775
11 87992.82375709698 359.4524006581918 211897.7238422447
12 87180.50124663366 340.0071317258439 212729.4916216403
13 86428.79701083656 319.5515203989201 213501.6514687644
14 85741.36298248099 297.7877781551177 214210.8492393637
15 85122.75088866324 274.4156089862319 214852.8335023503
16 84578.09717079189 249.2797776673699 215422.6230515405
17 84111.90043510248 222.7113395719924 215915.3882253254
18 83725.34766765103 196.0293870423527 216328.6229453064
19 83412.82034756073 171.6986385030786 216665.481013936
20 83160.68146801546 152.3195973953135 216936.998934589
21 82951.07685033792 138.9675106057131 217159.9556390561
22 82767.86005272629 130.8117193327687 217351.3282279407
23 82599.70939479166 126.201454432938 217524.0891507751
24 82439.8637009622 123.6771350031065 217686.4591640344
25 82284.65684150376 122.278778057407 217843.0643804386
26 82132.19612610905 121.4595098430644 217996.3443640476
27 81981.52969393022 120.9307480439924 218147.5395580255
28 81832.1843571787 120.5466709775405 218297.2689718435
29 81683.92266020573 120.2351802405039 218445.8421595535
30 81536.62236985969 119.9612398605659 218593.4163902795
31 81390.21658056531 119.7079102815029 218740.075509153
32 81244.66518695251 119.4670674929421 218885.8677455543
33 81099.94091819454 119.2347655842183 219030.824316221
34 80956.02292643588 119.0090749648702 219174.967998599
35 80812.89279597692 118.7889552108925 219318.3182488119
36 80670.53675467183 118.5739198121294 219460.8893255157
37 80528.93770667769 118.3635612535608 219602.6987320685
38 80388.08292818836 118.1576450418903 219743.7594267695
39 80247.9588814309 117.9559592880681 219884.0851592808
40 80108.55308006193 117.7583380505014 220023.6885818873
41 79969.85300820219 117.5646235805492 220162.582368217
42 79831.84691556526 117.3746733392521 220300.7784110952
43 79694.5234603651 117.188353434326 220438.2881862003
44 79557.87138907112 117.0055344794654 220575.1230764491
45 79421.88024562082 116.8260988642548 220711.2936555147
46 79286.53951680617 116.6499303696498 220846.8105528239
47 79151.83931167165 116.4769220132733 220981.6837663148
48 79017.76993873388 116.3069705473459 221115.9230907185
49 78884.32195631028 116.1399775208507 221249.5380661686
50 78751.48638048361 115.9758505598276 221382.5377689563