Time X_A X1 X_B
0 100000 250 200000
1 98414.63805821797 666.806938165896 201168.5550036161
2 96532.28558768124 675.729178573134 203041.9852337457
3 94739.41935609485 652.6470472835334 204857.9335966216
4 93018.43392145995 629.9045582588716 206601.6615202812
5 91368.11915209681 607.536906019832 208274.3439418834
6 89787.38101808241 585.5091392635761 209877.109842654
7 88275.13131631089 563.7839505298667 211411.0847331593
8 86830.47063811596 542.3220741212413 212877.2072877628
9 85452.6427481018 521.0757442418704 214276.2815076563
10 84141.04304306519 499.9950050938535 215608.961951841
11 82895.2221605415 479.0234643494734 216875.7543751091
12 81714.94391338913 458.0939709462808 218076.9621156646
13 80600.20398900172 437.1291617217595 219212.6668492765
14 79551.26583428252 416.0383997312471 220282.6957659862
15 78568.70361304306 394.7157289984393 221286.5806579585
16 77653.46292964795 373.0400596582845 222223.4970106937
17 76806.87286099105 350.8800094492181 223092.2471295597
18 76030.67980694535 328.1108578189154 223891.2093352357
19 75326.88110377881 304.6588392024557 224618.4600570187
20 74697.38506998679 280.586451052864 225272.0284789603
21 74143.22393937489 256.2429983230764 225850.5330623019
22 73663.24963511327 232.4301676689185 226354.3201972177
23 73252.61777733313 210.4274259137954 226786.954796753
24 72902.0655713348 191.6527048610508 227156.2817238041
25 72599.0815614837 177.0295295671312 227473.8889089491
26 72330.6083961499 166.5728101505579 227752.8187936995
27 72085.53824023814 159.5568848298458 228004.904874932
28 71855.77315671675 155.0005969900796 228239.2262462931
29 71636.00828985542 152.0355555473199 228461.9561545972
30 71423.00091762123 150.0360559211013 228676.9630264577
31 71214.84589280684 148.6020138835202 228886.5520933096
32 71010.44179888845 147.4949296269764 229092.0632714846
33 70809.14593012314 146.5790118208345 229294.275058056
34 70610.56975960912 145.7786236285922 229493.6516167623
35 70414.4676386888 145.0526974904628 229690.4796638207
36 70220.66898905397 144.3785527805406 229884.9524581655
37 70029.04655560505 143.7435625100738 230077.2098818849
38 69839.49769095781 143.1403787452813 230267.3619302969
39 69651.93450882236 142.5643510361537 230455.5011401415
40 69466.27958615807 142.0123785177176 230641.7080353242
41 69282.46310882682 141.4822268821039 230826.0546642911
42 69100.4209558748 140.9721267361654 231008.6069173891
43 68920.09351264421 140.4805444224485 231189.4259429333
44 68741.42530597607 140.006161443157 231368.5685325808
45 68564.3646606007 139.5478561732378 231546.087483226
46 68388.86320034384 139.1046302942874 231722.0321693619
47 68214.87539667971 138.6755692959438 231896.4490340244
48 68042.35833507759 138.2598353360282 232069.3818295864
49 67871.27152376818 137.8566620741755 232240.8718141576
50 67701.57660312214 137.4653380059202 232410.9580588719