Time X_A X1 X_B
0 100000 250 200000
1 99185.66890792818 355.0779037223853 200709.2531883495
2 97873.62445570767 517.0466597809326 201859.3288845114
3 96426.5540218767 538.36448467565 203285.0814934477
4 95040.45429644853 519.1757354715249 204690.36996808
5 93722.16940950396 496.7279130631305 206031.102677433
6 92473.42535412512 473.54778089803 207303.0268649769
7 91296.3254045814 449.5848745292524 208504.0897208895
8 90193.98973250719 424.4749019441796 209631.5353655487
9 89171.14710530979 397.633313605165 210681.2195810851
10 88235.05821554599 368.1323525177436 211646.8094319363
11 87397.10670328108 334.4650380213109 212518.4282586977
12 86675.18645057696 294.2783605517645 213280.5351888713
13 86095.55020432168 244.8011155033799 213909.648680175
14 85685.10327361948 187.0660432607535 214377.8306831199
15 85438.15794673217 134.5829882944941 214677.2590649734
16 85295.74677918787 103.5482999554778 214850.7049208567
17 85196.7328615032 91.10393987851278 214962.1631986183
18 85111.84684580787 87.0446179344877 215051.1085362577
19 85031.25148251781 85.81379680009977 215132.9347206821
20 84951.98506674498 85.44277593642086 215212.5721573186
21 84873.18076159788 85.32446165963553 215291.4947767425
22 84794.58689016118 85.2796050823936 215370.1335047565
23 84716.13050767886 85.25602669818517 215448.613465623
24 84637.79039969901 85.23863655777228 215526.9709637432
25 84559.56022795856 85.22305967272617 215605.2167123688
26 84481.43800272128 85.20806433488319 215683.3539329439
27 84403.42293334976 85.19328468673223 215761.3837819635
28 84325.51458327536 85.17861016021385 215839.3068065645
29 84247.71259318193 85.16401454969632 215917.1233922684
30 84170.0162870088 85.14948698658014 215994.8342260047
31 84092.42588209557 85.1350287576585 216072.4390891468
32 84014.94096241958 85.12063770774438 216149.9383998727
33 83937.56101344163 85.10631117129049 216227.3326753872
34 83860.28637377467 85.092050902466 216304.6215753229
35 83783.11608642476 85.07785422637319 216381.8060593489
36 83706.05026953398 85.06372147323142 216458.8860089928
37 83629.08856294559 85.04965234653812 216535.8617847079
38 83552.22839544124 85.03564319118142 216612.7359613676
39 83475.47186188574 85.02169698511345 216689.5064411292
40 83398.81896227907 85.00781372833424 216766.1732239926
41 83322.26969662125 84.99399342084375 216842.736309958
42 83245.82406491227 84.98023606264202 216919.1956990251
43 83169.48099649836 84.96653972780784 216995.5524637739
44 83093.23756890543 84.95289915931518 217071.8095319353
45 83017.09641135483 84.93931908667903 217147.9642695585
46 82941.05752384655 84.92579950989943 217224.0166766436
47 82865.12090638062 84.91234042897636 217299.9667531904
48 82789.286558957 84.89894184390981 217375.8144991991
49 82713.56005700788 84.88561327058777 217451.5543297216
50 82637.92155021866 84.87232082941772 217527.206128952