Time X_A X1 X_B
0 100000 250 200000
1 99691.31623771678 114.5122004522143 200444.1715618311
2 99592.6779125243 81.64680711977051 200575.6752803559
3 99520.91417317855 77.63174511804661 200651.4540817034
4 99451.94964187316 77.21591075914198 200720.8344473677
5 99383.30374918834 77.18378634094536 200789.5124644708
6 99314.71855956916 77.19178223170312 200858.0896581992
7 99246.16720917686 77.20392512424186 200926.628865699
8 99177.64695900737 77.21649322090727 200995.1365477718
9 99109.15755837974 77.22908206475859 201063.6133595556
10 99040.69901761043 77.24165943673012 201132.0593229529
11 98972.27136922897 77.25421862011326 201200.474412151
12 98903.87465915584 77.26675818211827 201268.8585826621
13 98835.50901079846 77.27927825834669 201337.2117109433
14 98767.17443638539 77.29177886256859 201405.5337847521
15 98698.87088029571 77.30426008953309 201473.8248596148
16 98630.5983425294 77.3167219392402 201542.0849355315
17 98562.3570270513 77.32916469029333 201610.3138082585
18 98494.1469443822 77.34158835706319 201678.5114672608
19 98425.96801271966 77.35399282781272 201746.6779944526
20 98357.82023206371 77.36637810254193 201814.8133898338
21 98289.70383361779 77.378744397505 201882.9174219848
22 98221.61881882855 77.39109171405501 201950.9900894575
23 98153.56510138071 77.40341997145772 202019.0314786479
24 98085.54268127428 77.41572916971315 202087.0415895561
25 98017.55324274303 77.42802001039372 202155.0187372467
26 97949.59609350964 77.44029220512932 202222.9636142853
27 97881.67053555937 77.45254546315992 202290.8769189776
28 97813.77656889227 77.4647797844855 202358.7586513234
29 97745.91419350829 77.47699516910608 202426.6088113227
30 97678.08340940747 77.48919161702163 202494.4273989756
31 97610.28421658977 77.50136912823217 202562.2144142821
32 97542.51661505522 77.5135277027377 202629.9698572421
33 97474.78060480382 77.52566734053822 202697.6937278557
34 97407.07618583555 77.53778804163373 202765.3860261229
35 97339.40335815043 77.54988980602423 202833.0467520437
36 97271.76212174846 77.56197263370971 202900.6759056179
37 97204.15247662962 77.57403652469019 202968.2734868458
38 97136.57442279393 77.58608147896564 203035.8394957272
39 97069.02796024138 77.59810749653609 203103.3739322622
40 97001.51308897196 77.61011457740153 203170.8767964508
41 96934.03324332323 77.62210575043352 203238.3446509264
42 96866.58593146288 77.63407881799135 203305.7799897192
43 96799.17068236128 77.64603336465626 203373.1832842742
44 96731.78749601841 77.65796939042825 203440.5545345912
45 96664.43637243431 77.66988689530731 203507.8937406705
46 96597.11731160895 77.68178587929344 203575.2009025119
47 96529.83031354233 77.69366634238666 203642.4760201154
48 96462.57537823448 77.70552828458695 203709.719093481
49 96395.35250568537 77.71737170589432 203776.9301226088
50 96328.161695895 77.72919660630876 203844.1091074988