Time X_A X1 X_B
0 100000 250 200000
1 99183.68924650033 385.5594399014561 200680.7513135982
2 98051.30771942021 472.453245711679 201726.239034868
3 96907.19263897526 472.4191172865478 202870.3882437381
4 95804.7059948228 458.7652852404514 203986.5287199367
5 94746.23382022968 443.901375287229 205059.864804483
6 93731.88094185095 428.9494067492898 206089.1696513997
7 92761.56717579068 414.0026719686169 207074.4301522406
8 91835.25433389482 399.0485008871562 208015.697165218
9 90952.98138092102 384.0597081279979 208912.9589109509
10 90114.87105489595 369.0067328605327 209766.1222122435
11 89321.12936839188 353.8606695335244 210575.0099620745
12 88572.03393910552 338.5966166517047 211339.3694442427
13 87867.92018433359 323.1998350565788 212058.8799806098
14 87209.11678082687 307.6746954249987 212733.2085237481
15 86595.85613588989 292.0573610636201 213362.0865030464
16 86028.15898998571 276.4346695629125 213945.4063404513
17 85505.62389844321 260.966067006277 214483.4100345504
18 85027.18591399715 245.89622244464 214976.9178635581
19 84590.86750375851 231.5541949371458 215427.5783013043
20 84193.62011370134 218.3148758417801 215838.0650104569
21 83831.36470751179 206.5292154145712 216212.1060770736
22 83499.26641972356 196.43868309 216554.2948971864
23 83192.20016586715 188.117280040764 216869.6825540921
24 82905.25490386276 181.4678499847846 217163.2772461524
25 82634.1229699846 176.2697656257971 217439.6072643895
26 82375.28957399086 172.2473199143126 217702.4631060948
27 82126.0319477435 169.1265225994273 217954.841529657
28 81884.33742513711 166.6710285023798 218198.9915463604
29 81648.75171329288 164.6936057230681 218436.5546809839
30 81418.24745241051 163.0562068413818 218668.696340748
31 81192.09094071601 161.6600440849259 218896.2490151989
32 80969.75557579029 160.4371691985451 219119.807255011
33 80750.85619605909 159.3416488332828 219339.8021551074
34 80535.10139118697 158.3424825096833 219556.5561263031
35 80322.26368350978 157.418824679478 219770.3174918105
36 80112.15901765556 156.5564285932576 219981.284553751
37 79904.63349721585 155.7453140751343 220189.6211887088
38 79699.55510795926 154.9783003219547 220395.4665917186
39 79496.80800850717 154.2499967445845 220598.941994748
40 79296.2890244491 153.5562246440041 220800.1547509067
41 79097.90473306991 152.8935948116647 220999.2016721182
42 78901.57022022286 152.2593452662705 221196.1704345107
43 78707.20762953525 151.6511242735392 221391.141246191
44 78514.74510101968 151.0668856239006 221584.1880133562
45 78324.11605068203 150.504845537251 221775.3791037805
46 78135.25597319788 149.9634024565313 221964.7806243454
47 77948.10968704137 149.4412341686626 222152.4490787897
48 77762.62360056079 148.9370164984016 222338.4393829406
49 77578.74741640424 148.4496098274737 222522.8029737681
50 77396.43280099671 147.9779865107974 222705.5892124922