Time X_A X1 X_B
0 100000 250 200000
1 98399.80937689729 709.7349350481526 201140.4556880546
2 96401.70276584005 732.4189715676994 203115.8782625922
3 94508.72803022235 706.5728067874995 205034.6991629902
4 92693.81446181248 681.12659947318 206875.0589387144
5 90955.51931350456 656.1290609239292 208638.3516255715
6 89292.57938256662 631.5403510699385 210325.8802663635
7 87703.76297611627 607.3158854659852 211938.9211384178
8 86188.02036663466 583.4077382958351 213478.5718950696
9 84744.46023248688 559.7627188062468 214945.7770487069
10 83372.35502737778 536.3211923265555 216341.3237802957
11 82071.19475428581 513.0138862852276 217665.791359429
12 80840.69522803565 489.7617641841047 218919.5430077803
13 79680.84162735111 466.4715030771532 220102.6868695718
14 78591.94216489562 443.0329391780101 221215.0248959264
15 77574.6689178201 419.3160527581833 222256.0150294218
16 76630.15645997286 395.167510620506 223224.6760294067
17 75760.02238116672 370.4230624208132 224119.5545564126
18 74966.36340238759 344.9210742526401 224938.7155233599
19 74251.62819659773 318.5654641860795 225679.8063392162
20 73618.10327382936 291.4460985669528 226340.4506276038
21 73066.89358460261 264.0472687254564 226919.059146672
22 72596.18839209294 237.4655368932026 227416.3460710139
23 72199.39448554286 213.3771590332992 227837.2283554239
24 71864.70065741683 193.4697617521795 228191.8295808311
25 71577.18791425051 178.5931536892352 228494.2189320603
26 71322.37452373255 168.419263909277 228759.2062123582
27 71088.80398556779 161.8713029037287 228999.3247115285
28 70868.64817807765 157.7612380956675 229223.5905838267
29 70657.04834215817 155.1480992799854 229437.8035585619
30 70451.17491358423 153.4056787468697 229645.4194076689
31 70249.42169208424 152.1548805775471 229848.4234273382
32 70050.88776994543 151.1800523858322 230047.9321776688
33 69855.06024387409 150.3629395420556 230244.5768165839
34 69661.63465850338 149.6399347414888 230438.7254067552
35 69470.41768168886 148.9772079375636 230630.6051103736
36 69281.27532029516 148.3566490365374 230820.3680306684
37 69094.10590937019 147.7683233434102 231008.1257672865
38 68908.82613589913 147.2064940632451 231193.9673700377
39 68725.36413536445 146.6676705244307 231377.9681941112
40 68543.65563916058 146.1494812623125 231560.1948795772
41 68363.64097541803 145.6501162777223 231740.7089083043
42 68185.26699607157 145.1682047710357 231919.5647991575
43 68008.48150199582 144.7025434044345 232096.8159545998
44 67833.23779507447 144.2520659249603 232272.5101390007
45 67659.49209487501 143.8158429441744 232446.6920621809
46 67487.20184848986 143.3930323452345 232619.405119165
47 67316.3277039961 142.9828775472664 232790.6894184567
48 67146.83226588229 142.5846858724445 232960.5830482454
49 66978.67967726456 142.1978098380299 233129.1225128975
50 66811.83667450046 141.8216699762286 233296.3416555235