Time X_A X1 X_B
0 100000 250 200000
1 98670.52474386491 514.0673019990898 201065.4079541359
2 96721.96512284044 596.7414726089351 202931.2934045506
3 94876.86815838175 571.4846095239794 204801.6472320942
4 93131.50489488138 544.6167853358475 206573.8783197827
5 91485.36644520632 517.7261154446495 208246.907439349
6 89938.78640312912 490.6671684023341 209820.5464284685
7 88492.88206495634 463.2091531133879 211293.9087819302
8 87149.82401950458 435.0335439783639 212665.142436517
9 85913.3201994253 405.685860212883 213930.9939403617
10 84789.26095646611 374.5048612562917 215086.2341822775
11 83786.71507995893 340.5343641777052 216122.7505558632
12 82919.06821740353 302.5240116138082 217028.4077709825
13 82203.7852227585 259.504550589376 217786.710226652
14 81655.54247379984 213.1209109804812 218381.3366152196
15 81266.7925692771 171.0001249414748 218812.2073057813
16 80994.38430572125 142.4883752842456 219113.1273189944
17 80784.23191434017 128.1529381253593 219337.6151475344
18 80600.83746869875 122.1824848583673 219526.9800464428
19 80428.01682295112 119.8526136843695 219702.1305633645
20 80259.53735851889 118.9027238748296 219871.5599176063
21 80093.1515376118 118.4470053566067 220038.4014570316
22 79928.0686973156 118.1653107200664 220203.7659919643
23 79764.00814688076 117.9455163897829 220368.0463367295
24 79600.86537907574 117.7491088146125 220531.3855121097
25 79438.59586352279 117.5629267078055 220693.8412097694
26 79277.1755369062 117.3824587944197 220855.4420042994
27 79116.5874014736 117.2061807074328 221016.206417819
28 78956.81738618368 117.0334887724964 221176.1491250439
29 78797.85239913287 116.8640974378523 221335.2835034293
30 78639.67999955469 116.6978563455896 221493.6221440997
31 78482.28820453362 116.5346465705964 221651.1771488958
32 78325.66542056033 116.3743646644394 221807.9602147752
33 78169.80042447732 116.2169151740295 221963.9826603486
34 78014.68232961647 116.0622082828618 222119.2554621007
35 77860.30057838537 115.9101587106459 222273.789262904
36 77706.64491830779 115.7606851717833 222427.5943965204
37 77553.70539435622 115.6137100209401 222580.6808956228
38 77401.47233763752 115.4691591239352 222733.0585032385
39 77249.93634341445 115.3269615398231 222884.7366950457
40 77099.08826758161 115.1870493535994 223035.7246830647
41 76948.91921634661 115.0493575760411 223186.0314260772
42 76799.4205297039 114.9138238971261 223335.6656463989
43 76650.58377837678 114.7803885664547 223484.6358330566
44 76502.40075417214 114.6489942959094 223632.9502515318
45 76354.86345445752 114.519586056559 223780.6169594858
46 76207.9640808476 114.392110989362 223927.6438081629
47 76061.6950310135 114.2665183183339 224074.0384506681
48 75916.04888726577 114.1427592116115 224219.8083535225
49 75771.01841374295 114.0207866872285 224364.9607995697
50 75626.59654864663 113.9005555319846 224509.5028958212