Time X_A X1 X_B
0 100000 250 200000
1 98660.23712785197 546.3223099931589 201043.4405621549
2 95947.93375590027 797.3220573599276 203504.7441867399
3 93420.79401892328 755.5056140336008 206073.7003670432
4 91050.83282353122 712.6267157393495 208486.5404607295
5 88836.55133527138 669.8800509928067 210743.5686137359
6 86778.44411759505 626.8430720535832 212844.7128103515
7 84879.03285841392 582.8907342620111 214788.0764073242
8 83144.03380928864 537.0386119582128 216568.9275787532
9 81584.49501198325 487.6063856725793 218177.8986023442
10 80221.13453260361 431.4879103774431 219597.377557019
11 79093.05860333341 362.8058193278179 220794.1355773387
12 78268.07364695272 273.4510624839497 221708.4752905632
13 77803.11448437003 173.8614723121748 222273.0240433177
14 77599.26340688004 113.4743396543958 222537.2622534655
15 77484.43326114115 95.54618111132659 222670.0205577474
16 77388.48542776356 91.7964276709544 222769.7181445654
17 77296.20965229085 91.07347880815793 222862.7168689009
18 77204.73462112941 90.92750517358112 222954.3378736969
19 77113.52759543438 90.8888558986995 223045.5835486668
20 77022.48992914104 90.87008803660696 223136.6399828223
21 76931.6031160226 90.85501953001381 223227.5418644473
22 76840.86345477689 90.84069424857854 223318.2958509744
23 76750.26993368185 90.82655821605482 223408.903508102
24 76659.82187942482 90.8125096293512 223499.3656109457
25 76569.51896302313 90.79853413829541 223589.6825028385
26 76479.36072749359 90.78462765351414 223679.8546448528
27 76389.34702604437 90.77078870303166 223769.8821852525
28 76299.47713891463 90.75701513689476 223859.7658459483
29 76209.75092370887 90.74330716784551 223949.5057691232
30 76120.16578785838 90.72966203860528 224039.1045501029
31 76030.72358156426 90.71608180762371 224128.560336628
32 75941.42430482653 90.70256647490082 224217.8731286984
33 75852.26795764518 90.68911604043659 224307.0429263143
34 75763.25332542945 90.67572889567114 224396.0709456748
35 75674.37787494774 90.66240168568442 224484.9597233665
36 75585.64380626092 90.64913732415725 224573.7070564148
37 75497.05111936902 90.63593581108964 224662.3129448198
38 75408.59981427202 90.62279714648157 224750.7773885814
39 75320.29221709551 90.60972439112074 224839.0980585132
40 75232.11542416632 90.5967005659567 224927.2878752676
41 75144.07948436876 90.5837388936208 225015.3367767375
42 75056.18404758492 90.57083891341715 225103.2451135015
43 74968.42876369685 90.55800016464971 225191.0132361384
44 74880.81067303421 90.54521885003034 225278.6441081156
45 74793.33013284227 90.53249541330268 225366.1373717443
46 74705.98762644298 90.51983045941292 225453.4925430975
47 74618.78271841769 90.50722341859903 225540.7100581636
48 74531.71497334777 90.49467372109896 225627.790352931
49 74444.78395581458 90.48218079715066 225714.7338633882
50 74357.98923039946 90.4697440769921 225801.5410255234