Time X_A X1 X_B
0 100000 250 200000
1 98791.54160270609 466.1591511308433 200992.2992461631
2 96840.7365250139 600.3833105471755 202808.880164439
3 94966.47805091664 576.1580899079813 204707.3638591754
4 93197.80938988789 547.4402769596112 206504.7503331525
5 91534.89692207116 518.3700943442806 208196.7329835846
6 89979.3822909954 488.733397266694 209781.884311738
7 88534.33766878568 458.0923902833426 211257.569940931
8 87205.05496705751 425.7666556403819 212619.1783773022
9 86000.36699113701 390.6530651878837 213858.9799436752
10 84935.0400617687 350.8873242266077 214964.0726140048
11 84033.703790297 303.4246584304083 215912.8715512727
12 83333.72717738763 244.8500048051222 216671.4228178073
13 82867.95767302334 179.2089839733373 217202.8333430034
14 82604.07120439467 128.4990988877059 217517.4296967176
15 82443.80555677075 105.45466818993 217700.7397750394
16 82317.75094496673 98.23066769061865 217834.0183873428
17 82201.12009779499 96.26552310201205 217952.6143791031
18 82087.09691961398 95.73240956765922 218067.1706708185
19 81973.93252502433 95.56658021252348 218180.5008947633
20 81861.18577659597 95.49336548346011 218293.3208579207
21 81748.74545707481 95.44352678623484 218405.8110161391
22 81636.58272606255 95.39970733685524 218518.0175666007
23 81524.68941840752 95.35766674511591 218629.9529148475
24 81413.06235757149 95.31630502488044 218741.6213374038
25 81301.69965782382 95.27535807730725 218853.0249840991
26 81190.5997436558 95.23476152171119 218964.1654948227
27 81079.75960949226 95.19448967393289 219075.045900834
28 80969.17989657821 95.15454449322678 219185.6655589288
29 80858.85757353755 95.11491330275368 219296.0275131599
30 80748.79272770506 95.07559646773677 219406.1316758274
31 80638.98430896935 95.03659054436213 219515.9791004865
32 80529.42827829823 94.99788115919148 219625.5738405428
33 80420.12677368452 94.95947692549127 219734.9137493902
34 80311.07655872457 94.92136776396632 219844.0020735117
35 80202.27767963317 94.88355286268953 219952.8387675043
36 80093.72857901279 94.84602688247428 220061.4253941049
37 79985.42769946593 94.80878448413394 220169.7635160502
38 79877.37348359502 94.77182032848188 220277.8546960767
39 79769.56526818823 94.73513605721614 220385.6995957548
40 79662.00189733364 94.69872946553814 220493.299373201
41 79554.68140979971 94.66259206153917 220600.655998139
42 79447.60236877164 94.62671944741909 220707.7709117812
43 79340.76333743468 94.59110722537771 220814.6455553402
44 79234.16287897402 94.55575099761487 220921.2813700286
45 79127.801255499 94.52065721629114 221027.6780872849
46 79021.67689922829 94.4858206472054 221133.8372801247
47 78915.78808203747 94.45123503214579 221239.7606829306
48 78810.13353577709 94.41689705047149 221345.4495671726
49 78704.71199229767 94.38280338154173 221450.905204321
50 78599.52218344978 94.34895070471575 221556.1288658457