Time X_A X1 X_B
0 100000 250 200000
1 97905.01405951208 835.3063801918254 201509.6795602961
2 95700.35794414842 810.6769673577999 203738.9650884938
3 93585.21534975851 782.4665869012051 205882.3180633402
4 91554.51490047986 754.9259186298365 207940.5591808903
5 89606.40201550204 728.0233546393598 209915.5746298585
6 87738.91131640076 701.7230740617485 211809.3656095374
7 85950.21868617475 675.9896363393746 213623.7916774858
8 84238.65190062829 650.7867594458554 215360.5613399257
9 82602.64528444759 626.076950263346 217021.277765289
10 81040.74252409022 601.821051075854 218607.4364248338
11 79551.60607812669 577.9775877836958 220120.4163340895
12 78134.04517346442 554.5017767016022 221561.4530498339
13 76787.01464817116 531.3461674913386 222931.6391843374
14 75509.6107632834 508.4609634797779 224231.9282732367
15 74301.08424296993 485.7909864567803 225463.1247705731
16 73160.88035846951 463.2710621494242 226625.8485793809
17 72088.64431482161 440.8357514165497 227720.5199337617
18 71084.2326046532 418.4125221801627 228747.3548731665
19 70147.71210388483 395.9270436997095 229706.3608524153
20 69279.36617263898 373.3089757052318 230597.3248516556
21 68479.64268705728 350.5080745384055 231419.8492384041
22 67749.03907797734 327.5231531777237 232173.4377688447
23 67087.81533352881 304.4505125703973 232857.7341539005
24 66495.55696341695 281.5534282496621 233472.8896083331
25 65970.47966031688 259.3322936407918 234020.1880460421
26 65508.70653270622 238.5344920081755 234502.7589752853
27 65103.77534042916 220.0291252237436 234926.1955343468
28 64746.94667815598 204.5336083815882 235298.5197134621
29 64428.37228926583 192.3384975254582 235629.2892132084
30 64138.60260109155 183.2364916623854 235928.1609072457
31 63869.72644143308 176.6767157120202 236203.5968428546
32 63615.79003386899 172.0059027669477 236462.2040633637
33 63372.6441428416 168.6400110390395 236708.715846119
34 63137.54087905498 166.1338543237721 236946.3252666209
35 62908.70815809139 164.1802648226585 237177.1115770856
36 62685.01405915044 162.5814677717065 237402.4044730775
37 62465.71897063844 161.2142674397249 237623.0667619215
38 62250.32415075415 160.004115012752 237839.6717342327
39 62038.47658703566 158.9062188135471 238052.6171941505
40 61829.90822916172 157.8928316007043 238262.1989392372
41 61624.40969175529 156.9471991072186 238468.6431091371
42 61421.80497562201 156.0579046827747 238672.1371196949
43 61221.94327740854 155.2171582777071 238872.8395643134
44 61024.69203393847 154.4192618068829 239070.8887042543
45 60829.93249756802 153.6597691634667 239266.4077332682
46 60637.55690112575 152.9350173795843 239459.5080814943
47 60447.46710405221 152.2419555917506 239650.2909403557
48 60259.57304337829 151.5779745906547 239838.8489820307
49 60073.79161230167 150.9408003655999 240025.2675873324
50 59890.04573106271 150.3284223874895 240209.6258465495