Time X_A X1 X_B
0 100000 250 200000
1 99648.43889222505 105.7935262958191 200495.7675814791
2 99567.38695085683 65.52758688654544 200617.0854622566
3 99516.43801026857 61.46100289052694 200672.1009868409
4 99467.85761458207 61.13127546214356 200721.0111099558
5 99419.47903968528 61.11273325416376 200769.4082270605
6 99371.12708812577 61.11955367573544 200817.7533581985
7 99322.78754744546 61.12844876982059 200866.0840037847
8 99274.4592629621 61.13749680563074 200914.4032402323
9 99226.14216963852 61.14655030052631 200962.711280061
10 99177.83627575415 61.15560033365183 201011.0081239122
11 99129.54159472878 61.16464350887244 201059.2937617623
12 99081.25814529521 61.17367893312272 201107.5681757717
13 99032.98602341983 61.18270690885745 201155.8312696713
14 98984.72517432924 61.19172752240754 201204.0830981483
15 98936.47559320179 61.20074078137267 201252.3236660168
16 98888.23728003744 61.20974668575281 201300.5529732768
17 98840.01035174538 61.21874539716953 201348.7709028574
18 98791.79479048839 61.22773689096367 201396.9774726206
19 98743.59056190854 61.23672111963698 201445.1727169718
20 98695.39766600583 61.24569808318946 201493.356635911
21 98647.21619093936 61.25466781608021 201541.5291412446
22 98599.04618542947 61.26363033735269 201589.6901842332
23 98550.88758462991 61.27258562166023 201637.8398297484
24 98502.74038854071 61.28153366900283 201685.9780777903
25 98454.60518077847 61.29047449319387 201734.1043447284
26 98406.48282820766 61.2994081147508 201782.2177636776
27 98358.37205595226 61.30833450349913 201830.3196095443
28 98310.27286401228 61.31725365943884 201878.4098823283
29 98262.18525238773 61.32616558256993 201926.4885820297
30 98214.1092210786 61.33507027289242 201974.5557086485
31 98166.04477008489 61.34396773040628 202022.6112621847
32 98117.9918994066 61.35285795511154 202070.6552426383
33 98069.95060904374 61.36174094700818 202118.6876500093
34 98021.92089899628 61.3706167060962 202166.7084842976
35 97973.90276926426 61.37948523237561 202214.7177455034
36 97925.89621984765 61.38834652584642 202262.7154336266
37 97877.90125074646 61.3972005865086 202310.7015486671
38 97829.9178619607 61.40604741436216 202358.676090625
39 97781.94605349035 61.41488700940712 202406.6390595003
40 97733.98582533543 61.42371937164346 202454.590455293
41 97686.03717749592 61.43254450107119 202502.530278003
42 97638.10010997184 61.44136239769031 202550.4585276305
43 97590.17462276318 61.45017306150081 202598.3752041753
44 97542.26071586995 61.45897649250269 202646.2803076376
45 97494.35838929213 61.46777269069597 202694.1738380172
46 97446.46764302973 61.47656165608063 202742.0557953142
47 97398.59101980913 61.48534391536606 202789.9236362755
48 97350.72711253859 61.49411917708226 202837.7787682844
49 97302.87509148402 61.50288726935518 202885.6220212466
50 97255.03495664544 61.51164819218482 202933.4533951624