Time X_A X1 X_B
0 100000 250 200000
1 99751.43383540335 72.18021074681968 200426.3859538498
2 99712.39418694886 49.04069291323691 200488.5651201379
3 99683.39545875114 47.8040379060744 200518.8005033429
4 99654.85876820944 47.74826740610363 200547.3929643846
5 99626.34696210804 47.75050378554315 200575.9025341067
6 99597.83877393957 47.75557263160968 200604.405653429
7 99569.33316853071 47.76077487081319 200632.9060565987
8 99540.83010146338 47.76598389982301 200661.403914637
9 99512.32845775278 47.77119310546024 200689.900349142
10 99483.83257899249 47.77639878723981 200718.3910222205
11 99455.35150306804 47.78159827926235 200746.8668986529
12 99426.8704271436 47.78679777128489 200775.3427750854
13 99398.38935121916 47.79199726330743 200803.8186515178
14 99369.90827529471 47.79719675532997 200832.2945279502
15 99341.42719937029 47.8023962473525 200860.7704043826
16 99312.94612344584 47.80759573937505 200889.246280815
17 99284.51532083728 47.81276628712791 200917.6719128758
18 99256.03783328341 47.81796371318835 200946.1442030036
19 99227.56292968617 47.82315965156618 200974.6139106625
20 99199.09061004556 47.8283541022614 201003.0810358524
21 99170.6208743616 47.83354706527402 201031.5455785734
22 99142.15372263426 47.83873854060403 201060.0075388254
23 99113.68923085471 47.84392731971928 201088.4668418258
24 99085.22737173195 47.84911383664474 201116.9235144317
25 99056.76811793911 47.85429852597532 201145.3775835352
26 99028.31146947622 47.85948138771103 201173.8290491363
27 98999.85742634325 47.86466242185185 201202.2779112351
28 98971.40598854024 47.86984162839779 201230.7241698316
29 98942.95715606716 47.87501900734885 201259.1678249257
30 98914.51092892402 47.88019455870503 201287.6088765175
31 98886.0673071108 47.88536828246633 201316.047324607
32 98857.62636541027 47.89054084875838 201344.4830937412
33 98829.18813550293 47.89571254146943 201372.9161519558
34 98800.75254332079 47.90088269687835 201401.3465739826
35 98772.31958886383 47.90605131498513 201429.7743598214
36 98743.88927213204 47.91121839578978 201458.1995094724
37 98715.46159312545 47.91638393929231 201486.6220229355
38 98687.03655184405 47.9215479454927 201515.0419002107
39 98658.61414828782 47.92671041439095 201543.459141298
40 98630.19438245679 47.93187134598708 201571.8737461975
41 98601.77729445386 47.93703076738063 201600.285674779
42 98573.36299606992 47.94218875411429 201628.6948151762
43 98544.95137126026 47.94734522777084 201657.1012835122
44 98516.5424200249 47.95250018835028 201685.505079787
45 98488.13614236379 47.95765363585261 201713.9062040006
46 98459.73253827698 47.96280557027784 201742.304656153
47 98431.33160776444 47.96795599162596 201770.7004362442
48 98402.93335082618 47.97310489989698 201799.0935442742
49 98374.5377674622 47.97825229509089 201827.4839802429
50 98346.14485767251 47.9833981772077 201855.8717441505