Time X_A X1 X_B
0 100000 250 200000
1 99728.2592320011 108.9935218166709 200412.7472461823
2 99636.75126361476 80.29738587618998 200532.9513505091
3 99567.21141071925 76.86839177036644 200605.9201975104
4 99499.99178790841 76.51069023482232 200673.4975218567
5 99433.04538056978 76.48309879564455 200740.4715206345
6 99366.15657454426 76.49044104975459 200807.3529844059
7 99299.30263222173 76.50144126781112 200874.1959265104
8 99232.48120223415 76.51281956119058 200941.0059782045
9 99165.69206554891 76.52421627552191 201007.7837181755
10 99098.93522779616 76.53560194904652 201074.5291702547
11 99032.21072329229 76.54697022357672 201141.242306484
12 98965.51857564476 76.55832110934737 201207.9231032458
13 98898.85885055552 76.56965367310218 201274.5714957713
14 98832.23167808579 76.58096818354163 201341.1873537306
15 98765.63695071419 76.59226471842105 201407.7707845673
16 98699.07466844073 76.60354327774044 201474.3217882814
17 98632.54483126539 76.61480386149979 201540.840364873
18 98566.04768834231 76.62604686792838 201607.3262647896
19 98499.58316587852 76.63727217908111 201673.7795619423
20 98433.15120898685 76.64847970723036 201740.2003113058
21 98366.75181766726 76.65966945237618 201806.5885128802
22 98300.38509066963 76.67084152322923 201872.944067807
23 98234.05123488374 76.68199614754832 201939.2667689686
24 98167.75007731629 76.69313313489033 202005.5567895487
25 98101.48161796731 76.7042524852553 202071.8141295473
26 98035.2458568368 76.71535419864318 202138.0387889644
27 97969.0445411445 76.72643925407624 202204.2290196013
28 97902.87649369075 76.73750699193246 202270.3859993172
29 97836.74139203713 76.74855723153941 202336.5100507312
30 97770.63923618363 76.75958997289707 202402.6011738433
31 97704.57002613024 76.77060521600548 202468.6593686536
32 97638.53376187698 76.78160296086462 202534.684635162
33 97572.53044342382 76.79258320747448 202600.6769733685
34 97506.56007077079 76.80354595583508 202666.6363832732
35 97440.62264391787 76.81449120594641 202732.562864876
36 97374.71816286507 76.82541895780847 202798.456418177
37 97308.84662761239 76.83632921142124 202864.317043176
38 97243.00803815984 76.84722196678477 202930.1447398732
39 97177.20239450739 76.85809722389901 202995.9395082686
40 97111.42969665506 76.868954982764 203061.701348362
41 97045.68994460285 76.8797952433797 203127.4302601536
42 96979.98313835077 76.89061800574613 203193.1262436433
43 96914.31182070138 76.90142610844278 203258.78675319
44 96848.6744712152 76.91221785417375 203324.4133109305
45 96783.07045036506 76.92299252902255 203390.0065571057
46 96717.49975815098 76.9337501329892 203455.5664917159
47 96651.96239457294 76.9444906660737 203521.0931147608
48 96586.45835963095 76.95521412827605 203586.5864262406
49 96520.98765332499 76.96592051959625 203652.0464261553
50 96455.5502756551 76.97660984003429 203717.4731145047