Time X_A X1 X_B
0 100000 250 200000
1 98448.14504921099 610.6006536632136 201191.2542971257
2 96442.40573892793 639.5627624288818 203168.031498643
3 94547.37935465816 613.8160304620607 205088.8046148796
4 92741.82888202401 588.1535681340033 206920.0175498418
5 91024.80497006164 562.7132387304877 208662.4817912077
6 89395.7176377287 537.3991485815561 210316.8832136896
7 87854.34316456961 512.0932708641407 211883.5635645661
8 86400.95773415166 486.6448566940916 213362.3974091541
9 85036.47656853381 460.8538146394272 214752.6696168266
10 83762.67335893483 434.4481187208098 216052.8785223442
11 82582.56823650129 407.0360139658092 217260.3957495328
12 81500.93222524233 378.0606024226412 218371.0071723349
13 80525.16647864331 346.6765945497441 219378.1569268068
14 79666.51472528068 311.6728785348304 220271.8123961843
15 78941.0518626955 271.6159680410836 221037.3321692632
16 78367.44924124649 226.1702478347756 221656.3805109186
17 77953.71437454861 179.8464237454321 222116.4392017058
18 77674.79268385777 143.2625232758323 222431.9447928663
19 77477.77442946489 122.5369325620087 222649.688637973
20 77317.96613114893 113.4940225438661 222818.5398463071
21 77172.6397172803 110.028452792863 222967.3318299268
22 77032.79884359996 108.7268124887833 223108.4743439111
23 76895.22157865508 108.1958998648573 223246.5825214799
24 76758.79515822369 107.9307015737656 223383.2741402024
25 76623.13888497883 107.7564089576822 223519.1047060633
26 76488.12086410836 107.6138074610147 223654.2653284305
27 76353.69240216193 107.4829482053385 223788.8246496326
28 76219.83296984965 107.35725698496 223922.8097731652
29 76086.53106266708 107.2344478846178 224056.2344894482
30 75953.77854009795 107.1137868431235 224189.1076730588
31 75821.56841174529 106.9950244526416 224321.4365638019
32 75689.89402712985 106.8780055730464 224453.2279672969
33 75558.74904171999 106.7626510118528 224584.488307268
34 75428.12736864325 106.6489315497008 224715.2236998069
35 75298.0230597012 106.5368159537298 224845.4401243449
36 75168.43026650588 106.4262564497785 224975.1434770442
37 75039.34326695066 106.3172014387883 225104.3395316104
38 74910.75649699905 106.2096153322099 225233.0338876686
39 74782.66452285844 106.1034643975442 225361.2320127438
40 74655.06205448201 105.9987251395248 225488.9392203783
41 74527.94389461454 105.8953627502247 225616.1607426351
42 74401.30495385294 105.7933423758704 225742.901703771
43 74275.14025366462 105.6926303107119 225869.1671160245
44 74149.44492646091 105.5931952127878 225994.9618783261
45 74024.21421558269 105.4950103493171 226120.2907740678
46 73899.44346214438 105.3980508956997 226245.1584869597
47 73775.12809197881 105.3022866987049 226369.5696213223
48 73651.26365430858 105.2076993746089 226493.5286463166
49 73527.84574474845 105.1142564105692 226617.0399988407
50 73404.87009047045 105.0219364751639 226740.1079730541