Time X_A X1 X_B
0 100000 250 200000
1 99492.53340727906 206.1088364271489 200551.3577562939
2 99177.25858699414 142.5004780708284 200930.2409349351
3 99026.73212882206 95.37983013444904 201127.8880410435
4 98944.24294141727 77.64681969977332 201228.110238883
5 98879.40165694864 73.01940674506146 201297.5789363064
6 98818.60487597522 71.9494282283155 201359.4456957965
7 98758.73676893713 71.71287137932373 201419.5503596836
8 98699.0990163997 71.6645715829645 201479.2364120174
9 98639.53561000581 71.65839557140045 201538.8059944229
10 98580.01176277327 71.66161948344271 201598.3266177434
11 98520.51970373957 71.66691180249242 201657.813384458
12 98461.05774762583 71.67267273976996 201717.2695796345
13 98401.62550350366 71.67852340032678 201776.6959730962
14 98342.22289902135 71.6843853422417 201836.0927156365
15 98282.84993400524 71.6902396449223 201895.45982635
16 98223.50660476906 71.69608674313488 201954.7973084879
17 98164.19293036267 71.70192291078465 202014.1051467267
18 98104.90890739008 71.70774881210632 202073.3833437979
19 98045.65455386201 71.71356382586096 202132.6318823122
20 97986.42987345303 71.71936777716147 202191.8507587699
21 97927.23493322384 71.72516093333022 202251.0399058429
22 97868.06974180083 71.73094329951959 202310.1993148997
23 97808.93425297242 71.7367148481283 202369.3290321795
24 97749.8284667386 71.74247557915632 202428.4290576823
25 97690.75238309936 71.74822549260364 202487.4993914081
26 97631.70600205471 71.75396458847027 202546.5400333569
27 97572.68932360465 71.75969286675621 202605.5509835287
28 97513.70250729666 71.76541090345842 202664.5320818
29 97454.74547616686 71.77111842072253 202723.4834054125
30 97395.81819920424 71.77681530659279 202782.4049854893
31 97336.92067640876 71.78250156106921 202841.2968220302
32 97278.05290778045 71.78817718415179 202900.1589150355
33 97219.21489331929 71.79384217584054 202958.9912645049
34 97160.40623882019 71.79949527887882 203017.794265901
35 97101.62810452702 71.80514019368611 203076.5667552794
36 97042.87973300873 71.81077450455257 203135.3094924868
37 96984.16113237676 71.81639823734841 203194.022469386
38 96925.47231074257 71.82201141794381 203252.7056778396
39 96866.81327621758 71.82761407220899 203311.3591097103
40 96808.18403691326 71.8332062260141 203369.9827568608
41 96749.58465889221 71.83878811951385 203428.5765529884
42 96691.01524004815 71.84436011056384 203487.1403998414
43 96632.47566588201 71.84992177166077 203545.6744123464
44 96573.96594551948 71.85547313242519 203604.1785813482
45 96515.48608808623 71.86101422247761 203662.6528976914
46 96457.03610270793 71.86654507143854 203721.0973522207
47 96398.6159985103 71.87206570892849 203779.5119357809
48 96340.22578461898 71.877576164568 203837.8966392165
49 96281.86547015967 71.88307646797757 203896.2514533724
50 96223.53506425803 71.88856664877773 203954.5763690933