Time X_A X1 X_B
0 100000 250 200000
1 98720.42322295043 555.00539005447 200974.5713869951
2 96882.48398248776 643.5466732984007 202723.9693442138
3 95149.93651622775 620.6023097673532 204479.4611740049
4 93491.50456617385 596.7942645326614 206161.7011692935
5 91906.35559838328 573.0981986386653 207770.5462029781
6 90394.27922410121 549.4363561185148 209306.2844197803
7 88955.37442924533 525.6987003051406 210768.9268704496
8 87590.1596735005 501.744327930358 212158.0959985692
9 86299.68948218533 477.3836583603995 213472.9268594543
10 85085.77208089879 452.3548296987151 214711.8730894026
11 83951.29753413762 426.2728359392669 215872.4296299232
12 82900.78144051941 398.5682415167868 216950.6503179639
13 81941.25213769991 368.3325047052294 217940.415357595
14 81083.84774143506 334.0925243067142 218832.0597342583
15 80346.21677576925 293.5385961129134 219610.2446281179
16 79754.46334055618 243.919325375533 220251.6173340684
17 79335.56028407172 186.2179107636028 220728.2218051649
18 79083.53042061145 133.9344512498957 221032.5351281388
19 78937.8659584885 103.264841956002 221208.8691995557
20 78836.03322778321 91.11605128926527 221322.8507209277
21 78748.3399202876 87.20000960926063 221414.4600701033
22 78664.9130973127 86.02121417980263 221499.0656885076
23 78582.8149306266 85.66330547978717 221581.5217638937
24 78501.19607737244 85.54356751764443 221663.26035511
25 78419.81292914992 85.49218558211612 221744.694885268
26 78338.59570536148 85.46040943935157 221825.9438851992
27 78257.52416623131 85.43428972820752 221907.0415440405
28 78176.59219741667 85.40984973809722 221987.9979528453
29 78095.79775828363 85.38600194860329 222068.8162397678
30 78015.13987653019 85.36240523313251 222149.4977182367
31 77934.61792893536 85.33897058678062 222230.0431004779
32 77854.23106618227 85.31567166289969 222310.4532621549
33 77773.97885903953 85.29250213792858 222390.7286388226
34 77693.86118393583 85.26946162478848 222470.8693544394
35 77613.87695182866 85.24654399677448 222550.8765041746
36 77534.02666840777 85.22375209878189 222630.7495794935
37 77454.30868529597 85.20108021728353 222710.4902344868
38 77374.7236112985 85.17853046249151 222790.0978582391
39 77295.26886281135 85.15609769314655 222869.5750394956
40 77215.94473570566 85.13378250083439 222948.9214817936
41 77136.75213064003 85.11158668639563 223028.1362826737
42 77057.69104761447 85.08951024983027 223107.2194421358
43 76978.76098975871 85.06755199888227 223186.1714582425
44 76899.95757290184 85.04570141359332 223264.9967256846
45 76821.2838284131 85.02396576783082 223343.6922058191
46 76742.73975629249 85.00234506159478 223422.257898646
47 76664.32535654001 84.9808392948852 223500.6938041652
48 76586.04273666267 84.95945329717487 223578.9978100402
49 76507.87848419078 84.93815633302289 223657.1833594762
50 76429.84325365274 84.91697281789003 223735.2397735294