Time X_A X1 X_B
0 100000 250 200000
1 0.0001339790329320763 0.03492361099294707 300249.9649424095
2 0.0001154240771716953 0.03492360584228383 300249.9649609694
3 9.942786325836339e-05 0.03492360139891222 300249.9649769696
4 8.565820702748576e-05 0.03492359757639813 300249.964990743
5 7.377351101726584e-05 0.03492359427519759 300249.9650026303
6 6.366956130569407e-05 0.03492359146915551 300249.9650127366
7 5.51106535506108e-05 0.03492358909396689 300249.9650212981
8 4.782392215317778e-05 0.0349235870715395 300249.9650285871
9 4.154874011180051e-05 0.03492358532886971 300249.9650348642
10 3.640822044839323e-05 0.03492358390246575 300249.9650400067
11 3.19747586574451e-05 0.03492358267167191 300249.9650444417
12 2.801267863149291e-05 0.03492358157060507 300249.9650484052
13 2.460293875572506e-05 0.03492358062309474 300249.9650518163
14 2.165301391689323e-05 0.03492357980381704 300249.965054768
15 1.897248900067958e-05 0.03492357905971274 300249.9650574505
16 1.669323021075795e-05 0.0349235784272459 300249.9650597315
17 1.470613321500842e-05 0.03492357787628064 300249.9650617202
18 1.294312838728702e-05 0.03492357738796868 300249.9650634846
19 1.14473905871198e-05 0.03492357697312436 300249.9650649816
20 1.01523049437953e-05 0.03492357661346701 300249.9650662777
21 9.03046037614764e-06 0.03492357630130968 300249.9650674004
22 8.076284861973183e-06 0.03492357603562702 300249.9650683551
23 7.25503767616213e-06 0.03492357580649628 300249.9650691769
24 6.559290382753041e-06 0.03492357561223566 300249.965069873
25 5.991837717558674e-06 0.03492357545422985 300249.9650704407
26 5.511330405827236e-06 0.03492357532062234 300249.9650709215
27 5.097048992415201e-06 0.03492357520574463 300249.9650713359
28 4.728274022179039e-06 0.03492357510392825 300249.9650717048
29 4.396668374033467e-06 0.03492357501218252 300249.9650720357
30 4.15905469556533e-06 0.03492357494160854 300249.9650722659
31 3.955717979014643e-06 0.03492357487810447 300249.9650724581
32 3.773907420282617e-06 0.03492357481772515 300249.9650726246
33 3.600872215270464e-06 0.03492357475652541 300249.9650727774
34 3.423861559879395e-06 0.03492357469056008 300249.9650729288
35 3.305419291067865e-06 0.03492357464997617 300249.965073025
36 3.203967537973597e-06 0.03492357461777609 300249.9650731035
37 3.109611287776348e-06 0.03492357459130772 300249.965073174
38 3.016485734771688e-06 0.03492357456974378 300249.9650732426
39 2.918726073255187e-06 0.03492357455225696 300249.9650733154
40 2.808627418841386e-06 0.03492357452361824 300249.9650734082
41 2.762426948099587e-06 0.03492357451795659 300249.9650734284
42 2.713235375267687e-06 0.03492357451023238 300249.9650734546
43 2.661052700345684e-06 0.03492357450044561 300249.9650734868
44 2.605878923333578e-06 0.03492357448859628 300249.965073525
45 2.558454386261968e-06 0.03492357447863182 300249.9650735547
46 2.523376520905846e-06 0.03492357447224194 300249.9650735693
47 2.490186677213533e-06 0.03492357446558273 300249.9650735834
48 2.458884855185028e-06 0.0349235744586542 300249.9650735967
49 2.42947105482033e-06 0.03492357445145635 300249.9650736095
50 2.401945276119441e-06 0.03492357444398918 300249.9650736216