Time X_A X1 X_B
0 100000 250 200000
1 99455.47821197349 168.8740169597087 200625.6477710668
2 99243.87315542232 92.35487456827437 200913.7719700094
3 99158.53507848458 70.896730857393 201020.568190658
4 99092.95072583463 67.66411253942893 201089.3851616259
5 99029.94595177395 67.24479694565929 201152.8092512803
6 98967.29660808074 67.19837286933424 201215.5050190499
7 98904.71579959709 67.20029154709282 201278.0839088558
8 98842.16648139476 67.20841019298668 201340.6251084122
9 98779.64394704293 67.21733819135115 201403.1387147657
10 98717.14758764424 67.22634951901135 201465.6260628367
11 98654.67737146528 67.23535859905202 201528.0872699356
12 98592.23330331982 67.24435839049119 201590.5223382896
13 98529.81542334902 67.25334413810629 201652.9312325128
14 98467.42373895609 67.26231675433392 201715.3139442895
15 98405.05828682792 67.2712751048302 201777.6704380672
16 98342.71922849004 67.28021961140855 201840.0005518985
17 98280.40652060055 67.28915027446484 201902.3043291249
18 98218.12010990744 67.29806709448536 201964.581822998
19 98155.85999641073 67.3069700714701 202026.8330335178
20 98093.62618011038 67.31585920541907 202089.0579606841
21 98031.41879669752 67.32473467743989 202151.256468625
22 97969.23800899583 67.33359670485423 202213.4283942993
23 97907.08364043391 67.34244505199128 202275.573914514
24 97844.95569101172 67.351279718851 202337.6930292694
25 97782.8541607293 67.36010070543341 202399.7857385652
26 97720.77906516456 67.36890802663324 202461.8520268087
27 97658.73080484816 67.37770206541474 202523.8914930864
28 97596.70909791822 67.38648255227787 202585.9044195295
29 97534.71394437476 67.39524948722266 202647.890806138
30 97472.74534421778 67.40400287024909 202709.8506529119
31 97410.80329744726 67.41274270135716 202771.7839598513
32 97348.88924490515 67.42146973995477 202833.6892853549
33 97287.00256689849 67.43018365942756 202895.567249442
34 97225.1426751125 67.43888414969921 202957.4184407378
35 97163.30956954716 67.44757121076972 203019.242859242
36 97101.50325020248 67.45624484263912 203081.0405049548
37 97039.72371707848 67.46490504530739 203142.8113778762
38 96977.97097017514 67.47355181877452 203204.555478006
39 96916.24500949247 67.48218516304054 203266.2728053445
40 96854.54583503045 67.49080507810542 203327.9633598914
41 96792.8734467891 67.49941156396918 203389.6271416469
42 96731.22784476842 67.50800462063181 203451.2641506109
43 96669.60902896841 67.51658424809331 203512.8743867835
44 96608.01699938904 67.52515044635369 203574.4578501646
45 96546.45175603035 67.53370321541293 203636.0145407542
46 96484.91329889232 67.54224255527105 203697.5444585524
47 96423.40162797496 67.55076846592804 203759.0476035591
48 96361.91674327827 67.55928094738391 203820.5239757743
49 96300.46069326774 67.56778206232514 203881.9715246699
50 96239.03275676556 67.5762710845673 203943.3909721498