Time X_A X1 X_B
0 100000 250 200000
1 7.826781037745647e-05 0.07470512553484616 300249.9252166073
2 4.106790701283005e-05 0.07470508926070814 300249.9252538436
3 2.299786064996046e-05 0.07470507162605347 300249.9252719239
4 1.361460128900042e-05 0.07470506247168526 300249.9252813032
5 8.74452072683344e-06 0.07470505774788549 300249.9252861706
6 6.396427137836835e-06 0.07470505544841111 300249.9252885176
7 5.22823862798297e-06 0.07470505431762757 300249.9252896851
8 4.602891674713039e-06 0.07470505369918649 300249.9252903095
9 4.253264280676101e-06 0.07470505336715691 300249.9252906618
10 4.041607197934602e-06 0.07470505317062454 300249.9252908804
11 3.917867047983047e-06 0.07470505303895211 300249.9252910046
12 3.839825015178843e-06 0.07470505295172114 300249.9252910812
13 3.837124654430025e-06 0.074705052952138 300249.92529108
14 3.836392994854109e-06 0.07470505295252564 300249.9252910799
15 3.835661335278193e-06 0.07470505295291326 300249.9252910798
16 3.834929675702277e-06 0.07470505295330088 300249.9252910797
17 3.834198016126361e-06 0.07470505295368851 300249.9252910796
18 3.833679945885462e-06 0.07470505295393741 300249.9252910796
19 3.833511472609763e-06 0.07470505295395923 300249.9252910795
20 3.833342999334065e-06 0.07470505295398104 300249.9252910795
21 3.833174526058367e-06 0.07470505295400286 300249.9252910795
22 3.833006052782668e-06 0.07470505295402467 300249.9252910794
23 3.832929743307178e-06 0.07470505295404167 300249.9252910797
24 3.832924849928213e-06 0.07470505295405494 300249.9252910801
25 3.832919956549249e-06 0.07470505295406821 300249.9252910806
26 3.832915063170284e-06 0.07470505295408149 300249.925291081
27 3.832910169791319e-06 0.07470505295409476 300249.9252910815
28 3.832905276412355e-06 0.07470505295410802 300249.9252910819
29 3.83290038303339e-06 0.07470505295412129 300249.9252910823
30 3.832895489654426e-06 0.07470505295413456 300249.9252910828
31 3.832890596275461e-06 0.07470505295414782 300249.9252910832
32 3.832885702896496e-06 0.07470505295416109 300249.9252910836
33 3.832880809517532e-06 0.07470505295417436 300249.925291084
34 3.832875916138567e-06 0.07470505295418763 300249.9252910845
35 3.832871022759603e-06 0.07470505295420091 300249.9252910849
36 3.832866129380638e-06 0.07470505295421417 300249.9252910853
37 3.832861236001673e-06 0.07470505295422744 300249.9252910857
38 3.832856342622709e-06 0.07470505295424071 300249.9252910862
39 3.832851449243744e-06 0.07470505295425398 300249.9252910866
40 3.832846555864779e-06 0.07470505295426724 300249.925291087
41 3.832841662485815e-06 0.07470505295428051 300249.9252910875
42 3.83283676910685e-06 0.07470505295429378 300249.9252910879
43 3.832831875727885e-06 0.07470505295430704 300249.9252910883
44 3.83282698234892e-06 0.07470505295432031 300249.9252910888
45 3.832822088969956e-06 0.07470505295433359 300249.9252910892
46 3.832817195590991e-06 0.07470505295434686 300249.9252910896
47 3.832812302212026e-06 0.07470505295436013 300249.92529109
48 3.832807408833062e-06 0.07470505295437339 300249.9252910904
49 3.832802515454097e-06 0.07470505295438666 300249.9252910909
50 3.832797622075132e-06 0.07470505295439993 300249.9252910913