Time X_A X1 X_B
0 100000 250 200000
1 99672.55414649427 137.4619092707067 200439.983944235
2 99540.55913474389 97.63648838631012 200611.8043768698
3 99449.96611875373 89.67642855544226 200710.3574526909
4 99366.18995047003 88.35906933136638 200795.4509801987
5 99283.55091724897 88.1561456701407 200878.292937081
6 99201.14224305426 88.13255704115569 200960.7251999047
7 99118.81939174853 88.1375779358339 201043.0430303157
8 99036.55935185353 88.14711079090723 201125.2935373556
9 98954.35852848047 88.15736098651035 201207.4841105331
10 98872.2163407029 88.16769198106579 201289.6159673161
11 98790.13274052592 88.17801331230859 201371.6892461619
12 98708.10773019945 88.18831433609137 201453.7039554646
13 98626.14134273019 88.19859033039232 201535.6600669395
14 98544.23357779183 88.20884154801634 201617.5575806602
15 98462.38448572854 88.21906649111195 201699.3964477805
16 98380.59409706737 88.22926584611953 201781.1766370866
17 98298.86257361028 88.23943986342391 201862.8979865264
18 98217.18977767212 88.24958832996043 201944.560633998
19 98135.57570925284 88.25971124572909 202026.1645795015
20 98054.02036835247 88.26980861072988 202107.7098230369
21 97972.52375497103 88.27988042496283 202189.1963646041
22 97891.08602004517 88.28992736891962 202270.624052586
23 97809.70726823178 88.2999499144412 202351.9927818539
24 97728.38734981962 88.30994738656082 202433.3027027939
25 97647.12626480867 88.3199197852785 202514.5538154061
26 97565.92401319895 88.32986711059422 202595.7461196905
27 97484.78059499044 88.339789362508 202676.8796156471
28 97403.69584247722 88.34968584304714 202757.9544716798
29 97322.67074419632 88.35956066638818 202838.9696951373
30 97241.70451193492 88.36941055208071 202919.9260775131
31 97160.79716492484 88.37923558016536 203000.8235994951
32 97079.94872239789 88.38903583068277 203081.6622417715
33 96999.15920358592 88.39881138367357 203162.4419850305
34 96918.42891314997 88.40856395456157 203243.1625228955
35 96837.75764664481 88.41829234181674 203323.8240610134
36 96757.14540640595 88.42799652867131 203404.4265970654
37 96676.59221362861 88.43767660641538 203484.970109765
38 96596.09808950803 88.44733266633899 203565.4545778257
39 96515.66305523943 88.45696479973221 203645.8799799609
40 96435.28713201807 88.4665730978851 203726.2462948841
41 96354.97034103914 88.47615765208772 203806.5535013088
42 96274.71270349791 88.48571855363014 203886.8015779485
43 96194.51424058956 88.49525589380241 203966.9905035167
44 96114.37497350937 88.50476976389461 204047.1202567268
45 96034.29492345254 88.51426025519679 204127.1908162923
46 95954.27411161432 88.52372745899902 204207.2021609267
47 95874.31255918993 88.53317146659136 204287.1542693435
48 95794.4102873746 88.54259236926387 204367.0471202562
49 95714.56731736356 88.5519902583066 204446.8806923782
50 95634.78367035204 88.56136522500964 204526.654964423