Time X_A X1 X_B
0 100000 250 200000
1 98123.02402512819 756.4708529426784 201370.5051219291
2 96012.15920536339 743.2007045452235 203494.6400900914
3 93995.16423502922 716.4070891122167 205538.4286758585
4 92061.73676338869 690.1509284557853 207498.1123081555
5 90210.2339274085 664.3984571630654 209375.3676154284
6 88439.09104752276 639.1067535279007 211171.8021989493
7 86746.91953174761 614.2296676629649 212888.8508005894
8 85132.48791484455 589.716563118934 214527.7955220365
9 83594.71256883592 565.5121540034556 216089.7752771607
10 82132.72523826799 541.5525890284962 217575.7221727035
11 80745.88274685832 517.7637883054251 218986.3534648363
12 79433.7924093917 494.0610624250493 220322.1465281832
13 78196.3573297486 470.3417263354065 221583.300943916
14 77033.87712713388 446.4779578330946 222769.644915033
15 75947.10504534871 422.313540577926 223880.5814140733
16 74937.38330641584 397.6520313060186 224914.9646622781
17 74006.7793678973 372.2504060509075 225870.9702260518
18 73158.2158801019 345.8197854649682 226745.9643344331
19 72395.56141647701 318.0589536718621 227536.3796298511
20 71723.3868459985 288.775794537042 228237.8373594644
21 71145.91607953743 258.1877505159675 228845.8961699466
22 70664.50075309862 227.4322237922831 229358.0670231091
23 70273.73883991188 198.9140648284819 229777.3470952596
24 69959.08328487695 175.5599236326859 230115.3567914904
25 69699.81051662502 158.9909090181361 230391.1985743569
26 69475.85989762266 148.6262253247606 230625.5138770527
27 69272.49937257293 142.6548120994241 230834.8458153278
28 69080.72429630312 139.3158135503466 231029.9598901467
29 68895.60129049323 137.4040426306402 231216.9946668763
30 68714.58884193422 136.2248107105842 231399.1863473554
31 68536.4133142941 135.4126367051199 231578.1740490009
32 68360.43430963343 134.7836867608513 231754.7820036059
33 68186.32701482841 134.2493268805156 231929.4236582912
34 68013.91306417502 133.7667942350416 232102.3201415901
35 67843.08638541414 133.3159651669757 232273.597649419
36 67673.77383382857 132.8870139926723 232443.3391521789
37 67505.91942815103 132.4750963237797 232611.6054755253
38 67339.4760026654 132.0776189023624 232778.4463784324
39 67174.40151475133 131.6930263075659 232943.9054589412
40 67010.65743614059 131.3202837472422 233108.0222801123
41 66848.20781881468 130.9586064481748 233270.8335747373
42 66687.01875713101 130.6073263382808 233432.3739165309
43 66527.05825800048 130.2658736937516 233592.6758683059
44 66368.29600052896 129.9337384356944 233751.7702610354
45 66210.70315906063 129.6104493793148 233909.6863915602
46 66054.25228573917 129.295570888561 234066.4521433724
47 65898.9172156594 128.9886993876082 234222.0940849531
48 65744.67282015699 128.6894577471871 234376.6377220959
49 65591.49542860223 128.39750370393 234530.107067694
50 65439.36209110913 128.1125095250576 234682.5253993659