Time X_A X1 X_B
0 100000 250 200000
1 99223.05898669419 279.3914292984145 200747.5495840075
2 98202.70946365452 365.9493928088265 201681.3411435368
3 96609.5376612218 535.9204898411483 203104.5418489371
4 94761.35124096877 566.5375843274475 204922.1111747038
5 93014.35371784293 535.6962461390931 206699.950036018
6 91401.77076265085 497.8277066396151 208350.4015307096
7 89936.70798931505 455.9727594009314 209857.319251284
8 88639.30020314179 407.6669958661925 211203.032800992
9 87547.20248801885 347.1576330672638 212355.6398789138
10 86730.58033182813 264.5623284828607 213254.8573396889
11 86268.45873589085 163.8914973838188 213817.6497667253
12 86083.89143926286 99.04187489529976 214067.0666858419
13 85991.70084982172 80.76949766241242 214177.5296525158
14 85916.84904963383 77.36506610135706 214255.7858842648
15 85844.92567181877 76.79303243624695 214328.281295745
16 85773.53673842213 76.69959397809806 214399.7636675998
17 85702.28835864634 76.68521271328156 214471.0264286404
18 85631.11581040456 76.68383029348081 214542.2003593019
19 85560.00841517819 76.684559716447 214613.3070251053
20 85488.96441385684 76.68564551295489 214684.3499406301
21 85417.98345816907 76.68678104687721 214755.329760784
22 85347.06542800531 76.687920716592 214826.246651278
23 85276.21030427195 76.68906203594193 214897.1006336921
24 85205.41801929427 76.69020030260037 214967.8917804031
25 85134.68853579473 76.69133587163284 215038.6201283336
26 85064.02181829195 76.69246798442916 215109.2857137236
27 84993.41748913775 76.69359681234386 215179.8889140499
28 84922.87579199081 76.69472248998579 215250.4294855192
29 84852.3967431382 76.69584502635277 215320.9074118354
30 84781.98034257995 76.69696442144476 215391.3226929986
31 84711.62659031602 76.69808067526178 215461.6753290087
32 84641.3349867494 76.69919403493446 215531.9658192157
33 84571.10571362555 76.70030441056062 215602.1939819639
34 84500.93887780386 76.70141174928119 215672.3597104468
35 84430.83447928428 76.7025160510962 215742.4630046646
36 84360.79251806685 76.70361731600561 215812.5038646171
37 84290.81326211045 76.70471546078039 215882.4820224287
38 84220.89492650414 76.70581103982066 215952.399262456
39 84151.03895323865 76.70690360523861 216022.2541431561
40 84081.24529654667 76.70799317124975 216092.0467102821
41 84011.51391066088 76.70907975206957 216161.777009587
42 83941.84436247584 76.71016343132818 216231.4454740928
43 83872.23646449932 76.71124424863946 216301.052291252
44 83802.69054428671 76.71232215131603 216370.597133562
45 83733.20654727476 76.71339715514972 216440.0800555701
46 83663.78441890019 76.71446927593234 216509.5011118239
47 83594.42410459969 76.7155385294557 216578.8603568708
48 83525.12554981001 76.71660493151163 216648.1578452585
49 83455.88869996785 76.71766849789194 216717.3936315342
50 83386.71350050994 76.71872924438846 216786.5677702457