Time X_A X1 X_B
0 100000 250 200000
1 98888.14317943781 380.487473983115 200981.3693465791
2 96381.74928150936 735.6097504833753 203132.6409680072
3 93760.74233838978 702.5858584719884 205786.6718031382
4 91324.49387355181 656.7799601344184 208268.7261663138
5 89071.88735123692 610.0129198135588 210568.0997289496
6 87009.47208347284 561.1872800419519 212679.3406364853
7 85151.01114142715 508.1542986447445 214590.8345599281
8 83525.07976718647 446.3318684075176 216278.588364406
9 82195.61368516058 364.4913074169326 217689.8950074225
10 81306.92698160381 239.3219285055874 218703.7510898907
11 80973.66308555158 105.2943822340216 219171.0425322145
12 80891.53397304953 64.44257351295491 219294.0234534376
13 80841.61575244401 59.67649111764783 219348.7077564384
14 80794.58801435868 59.23046823330085 219396.1815174081
15 80747.84454754893 59.19327505528959 219442.9621773959
16 80701.14753657204 59.19378641155709 219489.6586770165
17 80654.47513105483 59.19774507945127 219536.3271238658
18 80607.82533944631 59.20202136820051 219582.9726391856
19 80561.19797609391 59.20631884386938 219629.5957050623
20 80514.59302894118 59.2106157259562 219676.1963553329
21 80468.01049778827 59.21490746135554 219722.7745947504
22 80421.45038431947 59.21919412232675 219769.3304215583
23 80374.91269263452 59.22347509403704 219815.8638322715
24 80328.39743214929 59.22775057064258 219862.3748172801
25 80281.90459511227 59.23202059964236 219908.8633842881
26 80235.43418152348 59.23628518103639 219955.3295332955
27 80188.98619138292 59.24054431482467 220001.7732643023
28 80142.5606372097 59.24479814678472 220048.1945646435
29 80096.15752152576 59.24904670628319 220094.593431768
30 80049.7768373431 59.25328991194885 220140.969872745
31 80003.41858466172 59.2575277637817 220187.3238875745
32 79957.08276348162 59.26176026178174 220233.6554762566
33 79910.76939580888 59.26598753088379 220279.9646166603
34 79864.4784694283 59.27020950173873 220326.25132107
35 79818.20998300228 59.27442616675255 220372.515590831
36 79771.96393653081 59.27863752592523 220418.7574259433
37 79725.74037802864 59.28284372211003 220464.9767782493
38 79679.53939942605 59.28704502881747 220511.1735555452
39 79633.36087698185 59.2912410778933 220557.3478819403
40 79587.20481069603 59.29543186933754 220603.4997574347
41 79541.07120056858 59.29961740315018 220649.6291820283
42 79494.9600465995 59.30379767933122 220695.7361557212
43 79448.8713487888 59.30797269788066 220741.8206785134
44 79402.80510713648 59.3121424587985 220787.8827504048
45 79356.76132164254 59.31630696208475 220833.9223713954
46 79310.73999230696 59.3204662077394 220879.9395414853
47 79264.74111912977 59.32462019576245 220925.9342606745
48 79218.76470211096 59.3287689261539 220971.9065289629
49 79172.81074125052 59.33291239891376 221017.8563463506
50 79126.87923654846 59.33705061404201 221063.7837128375