Time X_A X1 X_B
0 100000 250 200000
1 0.000192552724711925 0.05057199351090437 300249.9492354537
2 0.0001408391647323899 0.05057196593946808 300249.9492871948
3 0.0001035721372814814 0.05057194607135275 300249.9493244815
4 7.699615771540254e-05 0.05057193190318472 300249.9493510717
5 5.776194281807517e-05 0.05057192164825158 300249.9493703162
6 4.370068162598258e-05 0.05057191415148738 300249.949384385
7 3.338850706096884e-05 0.05057190865378518 300249.9493947026
8 2.577640051280098e-05 0.05057190459564093 300249.9494023186
9 2.016384313216252e-05 0.05057190160343914 300249.949407934
10 1.604782815790603e-05 0.05057189940908411 300249.9494120522
11 1.305527391705287e-05 0.05057189781367188 300249.9494150463
12 1.093186894081785e-05 0.05057189668163242 300249.9494171708
13 9.361606956287507e-06 0.05057189584306553 300249.949418741
14 8.242506604272052e-06 0.05057189523921755 300249.9494198564
15 7.396220003056941e-06 0.05057189478043881 300249.9494206964
16 6.775653073427865e-06 0.05057189445185325 300249.9494213106
17 6.287731376276789e-06 0.05057189419615202 300249.9494217926
18 5.946205651263866e-06 0.05057189401666377 300249.9494221288
19 5.673949701525608e-06 0.05057189387517966 300249.9494223978
20 5.460502340066819e-06 0.05057189376496809 300249.9494226102
21 5.298785002327206e-06 0.05057189368151598 300249.9494227727
22 5.164919793915136e-06 0.05057189361004005 300249.9494229056
23 5.070650920018343e-06 0.05057189355781137 300249.9494229989
24 4.94115641936222e-06 0.05057189348452899 300249.9494231276
25 4.930316219823525e-06 0.05057189347933076 300249.9494231374
26 4.91947602028483e-06 0.05057189347413252 300249.9494231471
27 4.912786133984123e-06 0.05057189347080272 300249.9494231526
28 4.909543982345218e-06 0.05057189346902504 300249.9494231545
29 4.906301830706313e-06 0.05057189346724737 300249.9494231565
30 4.903059679067408e-06 0.05057189346546969 300249.9494231584
31 4.899817527428503e-06 0.05057189346369202 300249.9494231603
32 4.896575375789597e-06 0.05057189346191434 300249.9494231623
33 4.893333224150693e-06 0.05057189346013666 300249.9494231642
34 4.890572056736006e-06 0.05057189345867028 300249.9494231659
35 4.889602374722354e-06 0.05057189345836333 300249.9494231664
36 4.888632692708701e-06 0.05057189345805638 300249.949423167
37 4.887663010695048e-06 0.05057189345774943 300249.9494231676
38 4.886693328681395e-06 0.05057189345744248 300249.9494231681
39 4.885723646667742e-06 0.05057189345713553 300249.9494231687
40 4.88475396465409e-06 0.05057189345682858 300249.9494231693
41 4.883784282640437e-06 0.05057189345652163 300249.9494231699
42 4.883627108384062e-06 0.05057189345650887 300249.9494231714
43 4.88358380457765e-06 0.05057189345653735 300249.9494231732
44 4.883540500771239e-06 0.05057189345656583 300249.9494231748
45 4.883497196964828e-06 0.0505718934565943 300249.9494231765
46 4.883453893158416e-06 0.05057189345662277 300249.9494231783
47 4.883410589352005e-06 0.05057189345665125 300249.94942318
48 4.883367285545593e-06 0.05057189345667973 300249.9494231816
49 4.883323981739182e-06 0.0505718934567082 300249.9494231834
50 4.88328067793277e-06 0.05057189345673668 300249.9494231851