Time X_A X1 X_B
0 100000 250 200000
1 99658.50175595965 100.2875331034994 200491.2107109367
2 99585.1000154666 59.48721249140144 200605.4127720418
3 99541.04500852551 55.41753533923929 200653.537456135
4 99499.22996771826 55.09262336762134 200695.6774089139
5 99457.5997243742 55.07329743020534 200737.3269781954
6 99415.99173072887 55.07836780037461 200778.9299014705
7 99374.39306680045 55.08539417797135 200820.5215390213
8 99332.8027008139 55.09256364425201 200862.1047355416
9 99291.22056982799 55.09974022110109 200903.6796899506
10 99249.64667861527 55.10691520797241 200945.2464061765
11 99208.08103534387 55.11408584054303 200986.8048788153
12 99166.52365632552 55.12125123316262 201028.3550924411
13 99124.97459314278 55.12841164008341 201069.8969952169
14 99083.43381052201 55.13556717147661 201111.4306223062
15 99041.9013084632 55.14271782734224 201152.9559737092
16 99000.37709599006 55.14986362564544 201194.473040384
17 98958.861259333 55.1570047380611 201235.9817359287
18 98917.35374309747 55.16414105430501 201277.482115848
19 98875.85454728347 55.17127257437718 201318.9741801419
20 98834.36368075687 55.17839930264248 201360.4579199402
21 98792.88124130796 55.18552128724531 201401.9332374045
22 98751.40716665183 55.19263849752138 201443.4001948504
23 98709.94145678845 55.19975093347069 201484.8587922778
24 98668.48424424027 55.20685859462792 201526.3088971648
25 98627.03689754188 55.21396147618774 201567.7491409816
26 98585.59804075812 55.22105958298146 201609.1808996586
27 98544.16767388899 55.22815291500908 201650.6041731957
28 98502.74579693451 55.23524147227061 201692.018961593
29 98461.33240989465 55.24232525476604 201733.4252648503
30 98419.92751276943 55.24940426249536 201774.8230829678
31 98378.53110555882 55.25647849545859 201816.2124159454
32 98337.14318826287 55.26354795365571 201857.5932637832
33 98295.76376088154 55.27061263708674 201898.9656264811
34 98254.39282341485 55.27767254575166 201940.3295040391
35 98213.03037586279 55.28472767965049 201981.6848964573
36 98171.67641822535 55.29177803878321 202023.0318037356
37 98130.33095050255 55.29882362314984 202064.370225874
38 98088.99397269438 55.30586443275036 202105.7001628726
39 98047.66548480086 55.31290046758479 202147.0216147313
40 98006.34548682196 55.31993172765311 202188.3345814501
41 97965.0339787577 55.32695821295534 202229.6390630291
42 97923.73096060807 55.33397992349147 202270.9350594682
43 97882.43643237307 55.34099685926149 202312.2225707674
44 97841.1503940527 55.34800902026542 202353.5015969267
45 97799.87284564697 55.35501640650325 202394.7721379462
46 97758.60378715588 55.36201901797498 202436.0341938259
47 97717.34321857941 55.36901685468061 202477.2877645656
48 97676.09113991757 55.37600991662013 202518.5328501655
49 97634.84795643405 55.38299826629411 202559.7690452994
50 97593.61583931559 55.38998223854716 202600.9941784456