Time X_A X1 X_B
0 100000 250 200000
1 99458.19663042588 207.6431146889381 200584.1602548853
2 99089.40855016372 156.6498979910808 201003.9415518453
3 98870.26724734926 117.1403533511269 201262.5923992997
4 98728.87248771802 98.56014001802126 201422.567372264
5 98614.86182679042 92.2661248781196 201542.8720483315
6 98509.05982437554 90.40297735262028 201650.5371982719
7 98405.67345734297 89.86943221154969 201754.4571104455
8 98303.06410982909 89.71201813511202 201857.2238720358
9 98200.77675704709 89.65905346599848 201959.564189487
10 98098.6856935384 89.63491262506166 202061.6793938366
11 97996.75614371456 89.61874125489271 202163.6251150306
12 97894.97825260431 89.60478400902066 202265.4169633867
13 97793.34909083297 89.59150239456436 202367.0594067725
14 97691.86754260492 89.57845692525984 202468.5540004699
15 97590.5330076268 89.56552549815297 202569.9014668751
16 97489.34484693978 89.55267828851665 202671.1024747717
17 97388.30252122879 89.53990632775462 202772.1575724435
18 97287.40620285607 89.52721093257891 202873.0665862114
19 97186.65465914014 89.51458542071335 202973.8307554392
20 97086.04839945378 89.50203255343062 203074.4495679928
21 96985.58657300391 89.48954991077345 203174.9238770854
22 96885.26886926411 89.47713660949448 203275.2539941264
23 96785.09460057752 89.46479216790257 203375.4406072546
24 96685.06141521319 89.452513401407 203475.4860713854
25 96585.17139967339 89.44030313543972 203575.3882971912
26 96485.42455395812 89.42816137000069 203675.1472846719
27 96385.82087806739 89.41608810508995 203774.7630338276
28 96286.36037200119 89.40408334070749 203874.2355446581
29 96187.03795436847 89.39213845496971 203973.5699071766
30 96087.85669842473 89.380258662443 204072.7630429128
31 95988.81688702127 89.36844444305721 204171.8146685357
32 95889.91852015808 89.35669579681233 204270.7247840451
33 95791.16159783521 89.34501272370836 204369.4933894411
34 95692.54900897139 89.33339984768655 204468.117591181
35 95594.06492410442 89.32183183245033 204566.6132440632
36 95495.7217343229 89.31032851090946 204664.9679371662
37 95397.51909521215 89.29888933180119 204763.1820154561
38 95299.45666235751 89.28751374386283 204861.2558238987
39 95201.5330231963 89.27619948410238 204959.1907773196
40 95103.74510481948 89.26494162878846 205056.9899535518
41 95006.09528103868 89.25374398267229 205154.6509749787
42 94908.583129299 89.24260586926977 205252.1742648318
43 94811.20822704548 89.23152661209677 205349.5602463424
44 94713.9701517232 89.22050553466923 205446.8093427422
45 94616.86848077724 89.20954196050305 205543.9219772623
46 94519.90279165262 89.19863521311413 205640.8985731343
47 94423.07266179446 89.18778461601836 205737.7395535895
48 94326.37766864779 89.17698949273168 205834.4453418595
49 94229.81738965771 89.16624916676996 205931.0163611756
50 94133.39140226925 89.15556296164911 206027.4530347691