Time X_A X1 X_B
0 100000 250 200000
1 99770.52296026435 81.74499359757465 200397.7320461381
2 99724.47090668663 53.94662543152757 200471.5824678818
3 99692.29042985688 51.67581025134226 200506.0337598918
4 99661.06515018415 51.51402659014028 200537.4208232257
5 99629.91270585512 51.5074949675604 200568.5797991773
6 99598.76922284704 51.51227077262924 200599.7185063802
7 99567.63006485387 51.51787771665124 200630.8520574294
8 99536.49489342367 51.52353747087729 200661.9815691054
9 99505.3636922585 51.52920183576222 200693.1071059057
10 99474.23525322291 51.53486553633235 200724.2298812407
11 99443.11783985973 51.54052345975806 200755.3416366804
12 99412.01720944345 51.5461745129782 200786.4366160434
13 99380.91657902718 51.55182556619832 200817.5315954065
14 99349.81594861092 51.55747661941845 200848.6265747696
15 99318.71531819465 51.56312767263859 200879.7215541326
16 99287.61468777838 51.56877872585871 200910.8165334956
17 99256.57377258698 51.57439692363674 200941.8518304893
18 99225.47851105618 51.58004502288481 200972.9414439208
19 99194.38727163697 51.58569090915864 201004.0270374538
20 99163.30005432937 51.59133458245822 201035.108611088
21 99132.21685913336 51.59697604278355 201066.1861648237
22 99101.1377326314 51.60261434211289 201097.2596530264
23 99070.06270268795 51.60824891336262 201128.3290483985
24 99038.99171901232 51.61388078002343 201159.3944002075
25 99007.92478160451 51.61950994209531 201190.4557084533
26 98976.8618904645 51.62513639957825 201221.5129731358
27 98945.8030455923 51.63076015247226 201252.5661942551
28 98914.74824698792 51.63638120077734 201283.6153718111
29 98883.69749465134 51.64199954449349 201314.660505804
30 98852.65083918575 51.64761576788641 201345.7015450462
31 98821.60835715168 51.65323075492561 201376.7384120932
32 98790.56995774063 51.6588434571339 201407.7711988021
33 98759.53564095258 51.66445387451127 201438.7999051728
34 98728.50540678755 51.67006200705773 201469.8245312052
35 98697.47925524552 51.67566785477328 201500.8450768995
36 98666.4571863265 51.68127141765792 201531.8615422557
37 98635.43920003049 51.68687269571166 201562.8739272736
38 98604.42533119117 51.69247171461141 201593.8821970941
39 98573.41570109878 51.69806856376383 201624.8862303373
40 98542.41019366945 51.70366315760002 201655.8861431728
41 98511.40880890313 51.70925549611999 201686.8819356006
42 98480.41154679985 51.71484557932373 201717.8736076207
43 98449.4184073596 51.72043340721125 201748.8611592331
44 98418.42939058237 51.72601897978254 201779.8445904377
45 98387.44449646818 51.73160229703761 201810.8239012346
46 98356.46382478348 51.73718335453944 201841.7989918618
47 98325.48834722393 51.74276210907286 201872.7688906668
48 98294.5170691736 51.74833860487239 201903.7345922214
49 98263.54999063245 51.75391284193805 201934.6960965254
50 98232.58711160054 51.75948482026982 201965.653403579