Time X_A X1 X_B
0 100000 250 200000
1 99612.71665659486 104.5691652186973 200532.7141781864
2 99530.30598620918 61.06095162538143 200658.6330621654
3 99481.6089997456 56.95490156275154 200711.4360986916
4 99435.29896914677 56.653762851273 200758.0472680019
5 99389.17247724567 56.63907188005468 200804.1884508741
6 99343.0687654596 56.64547263534837 200850.2857619049
7 99296.97604419262 56.65342076753239 200896.3705350397
8 99250.89345985679 56.66147288220299 200942.4450672609
9 99204.82096871943 56.66952813097998 200988.5095031495
10 99158.75858285358 56.67757850879001 201034.5638386375
11 99112.70631426707 56.68562323788879 201080.6080624949
12 99066.66420690407 56.69366152291155 201126.6421315729
13 99020.6322813474 56.70169354775805 201172.6660251047
14 98974.61051012047 56.70971938710672 201218.6797704923
15 98928.59889322329 56.71773904095756 201264.6833677356
16 98882.5975036345 56.72575262467632 201310.6767437407
17 98836.60635564037 56.73376016084693 201356.6598841986
18 98790.62541419514 56.74176159406854 201402.6328242107
19 98744.65467929879 56.74975692434113 201448.5955637767
20 98698.69424746669 56.75774619383625 201494.5480063393
21 98652.74411002603 56.76572939876444 201540.490160575
22 98606.80423732035 56.77370652616749 201586.4220561533
23 98560.87462934961 56.78167757604545 201632.3436930742
24 98514.9567725044 56.78964256565165 201678.2535849298
25 98469.04965229207 56.79760148321032 201724.1527462246
26 98423.15295222805 56.80555432504784 201770.0414934468
27 98377.26667231231 56.81350109116423 201815.9198265964
28 98331.39081254487 56.82144178155947 201861.7877456734
29 98285.52537292572 56.82937639623358 201907.6452506779
30 98239.67035345487 56.83730493518654 201953.4923416098
31 98193.82575413231 56.84522739841836 201999.3290184691
32 98147.99157495805 56.85314378592903 202045.1552812559
33 98102.1678159321 56.86105409771857 202090.97112997
34 98056.35447705444 56.86895833378697 202136.7765646116
35 98010.55155832507 56.87685649413422 202182.5715851806
36 97964.759059744 56.88474857876034 202228.3561916771
37 97918.97698131122 56.89263458766531 202274.130384101
38 97873.20532302675 56.90051452084914 202319.8941624523
39 97827.44408489057 56.90838837831183 202365.647526731
40 97781.69326690267 56.91625616005338 202411.3904769371
41 97735.95286906308 56.92411786607379 202457.1230130707
42 97690.22289137178 56.93197349637305 202502.8451351317
43 97644.50333382879 56.93982305095118 202548.5568431201
44 97598.79419643409 56.94766652980817 202594.258137036
45 97553.09547918769 56.955503932944 202639.9490168792
46 97507.40798539791 56.96333540478639 202685.6286791972
47 97461.73345682207 56.97116125848775 202731.2953819193
48 97416.06962660121 56.97898108648705 202776.9513923122
49 97370.41649473534 56.9867948887843 202822.5967103757
50 97324.77406122447 56.99460266537948 202868.23133611