Time X_A X1 X_B
0 100000 250 200000
1 99706.1950305943 105.743182044961 200438.0617873607
2 99619.87716955034 76.69520481522616 200553.4276256344
3 99554.75033479134 73.80730315894465 200621.4423620497
4 99491.45922635932 73.56284433616229 200684.9779293045
5 99428.34922050191 73.55293255298501 200748.097846945
6 99365.27611526601 73.56352035418281 200811.1603643798
7 99302.22737552386 73.57590407976247 200874.1967203963
8 99239.20192333443 73.5884219610753 200937.2096547044
9 99176.19971456169 73.60093732621603 201000.199348112
10 99113.22077191649 73.61344119140622 201063.1657868921
11 99050.26512206576 73.62593004377216 201126.1089478904
12 98987.33280223803 73.63840276743919 201189.0287949945
13 98924.42400460017 73.65085975305695 201251.9251356467
14 98861.53861727325 73.66330109531623 201314.7980816313
15 98798.67663149061 73.67572680163688 201377.6476417076
16 98735.83804725225 73.68813687201887 201440.4738158756
17 98673.02308584795 73.70053156625131 201503.2763825857
18 98610.23172846525 73.71291086224883 201566.0553606724
19 98547.46390005702 73.72527467190781 201628.810825271
20 98484.71960062326 73.73762299522824 201691.5427763814
21 98421.99898093803 73.74995592198961 201754.2510631399
22 98359.30217400748 73.76227353139134 201816.935552461
23 98296.62903723141 73.77457573852116 201879.59638703
24 98233.97957060985 73.7868625433791 201942.2335668467
25 98171.35429833893 73.79913405611906 202004.8465676048
26 98108.75488181281 73.81139062586432 202067.4337275612
27 98046.17942566154 73.82363185432422 202129.9969424841
28 97983.6279298851 73.83585774149876 202192.5362123733
29 97921.10039448354 73.84806828738795 202255.051537229
30 97858.59681945681 73.86026349199176 202317.5429170511
31 97796.11720480493 73.87244335531022 202380.0103518396
32 97733.66155052792 73.88460787734333 202442.4538415946
33 97671.22985662575 73.89675705809107 202504.8733863161
34 97608.82212309843 73.90889089755345 202567.2689860039
35 97546.43834994597 73.92100939573048 202629.6406406582
36 97484.07853716835 73.93311255262213 202691.9883502789
37 97421.74268476559 73.94520036822844 202754.3121148661
38 97359.43079273768 73.95727284254939 202816.6119344197
39 97297.14286108462 73.96932997558497 202878.8878089397
40 97234.87888980641 73.98137176733519 202941.1397384262
41 97172.63887890305 73.99339821780005 203003.367722879
42 97110.42282837455 74.00540932697956 203065.5717622984
43 97048.23481116387 74.01740726577462 203127.7477815702
44 96986.0714448928 74.0293902313591 203189.8991648757
45 96923.93251172507 74.04135810762511 203252.0261301672
46 96861.81801166068 74.05331089457263 203314.1286774446
47 96799.72794469964 74.06524859220167 203376.2068067081
48 96737.66231084194 74.07717120051223 203438.2605179574
49 96675.6211100876 74.08907871950429 203500.2898111928
50 96613.60434243659 74.10097114917788 203562.2946864141