Time X_A X1 X_B
0 100000 250 200000
1 99240.67661777532 282.2081025016942 200727.115279723
2 98306.17066114456 338.0851035350949 201605.7442353204
3 97148.64890387568 399.4999334984215 202701.8511626259
4 95884.7963519273 419.2513636555107 203945.9522844172
5 94653.25791276162 405.5414862081985 205191.2006010302
6 93509.17263611054 379.0876347443931 206361.7397291451
7 92478.22008121813 345.6045309747526 207426.1753878071
8 91586.20975693877 304.17153882351 208359.6187042377
9 90870.23255150983 251.2126037041776 209128.554844786
10 90373.68577873307 186.5955156326341 209689.7187056344
11 90092.99177401855 128.7963395805583 210028.2118864009
12 89938.62341619453 99.24142848554825 210212.13515532
13 89827.75527380283 89.73705860443199 210332.5076675928
14 89728.43629536618 87.24391614126334 210434.3197884926
15 89632.05269491354 86.62168768504986 210531.3256174015
16 89536.48588879721 86.46055402413751 210627.0535571787
17 89441.22534088822 86.41059976670749 210722.3640593452
18 89346.1486379001 86.38731162216355 210817.4640504778
19 89251.22625258857 86.37042516095426 210912.4033222505
20 89156.45084964563 86.355110463469 211007.1940398909
21 89061.82040896484 86.34024616093616 211101.8393448743
22 88967.33410021939 86.3255384718929 211196.3403613088
23 88872.99131898808 86.31092812093462 211290.697752891
24 88778.79142034956 86.29639887163275 211384.9121807788
25 88684.73445074243 86.28195129320468 211478.9835979644
26 88590.8194643953 86.26757908392891 211572.9129565208
27 88497.04680376964 86.25328463071534 211666.6999115997
28 88403.41525908757 86.23906405804354 211760.3456768544
29 88309.92527344108 86.2249187853576 211853.8498077736
30 88216.57359135473 86.21084445506104 211947.2155641902
31 88123.36203059068 86.19684350030813 212040.441125909
32 88030.29083229604 86.18291624388488 212133.52625146
33 87937.35999647081 86.16906268579123 212226.4709408434
34 87844.569523115 86.15528282602722 212319.275194059
35 87751.91489472208 86.14156916913343 212411.9435361088
36 87659.39858057874 86.12792581215723 212504.4734936091
37 87567.02095146962 86.11435337030549 212596.8646951601
38 87474.78200739472 86.10085184357825 212689.1171407617
39 87382.68174835404 86.0874212319755 212781.230830414
40 87290.71952346683 86.07406050660209 212873.2064160266
41 87198.88725690969 86.06075690140925 212965.0519861889
42 87107.19299213105 86.04752313126826 213056.7594847377
43 87015.63636990907 86.03435862833075 213148.3292714626
44 86924.21703102197 86.02126282474828 213239.7617061533
45 86832.93084706018 86.00822913005665 213331.0609238097
46 86741.77979248694 85.99526070529799 213422.2249468077
47 86650.76382006478 85.9823574811298 213513.253822454
48 86559.88248795192 85.96951875768892 213604.1479932904
49 86469.13535430658 85.95674383511219 213694.9079018583
50 86378.52197728692 85.9440320135365 213785.5339906995