Time X_A X1 X_B
0 100000 250 200000
1 99722.72747398664 110.895758929893 200416.3767670834
2 99632.67957664057 80.13209119463967 200537.1883321648
3 99566.00736687244 76.35332848081173 200607.6393046467
4 99501.82551497966 75.95180373062136 200672.2226812897
5 99437.93375836796 75.91919002286348 200736.1470516092
6 99374.0971882911 75.92618786386565 200799.9766238451
7 99310.29069080265 75.93742171994847 200863.7718874774
8 99246.51159441419 75.94908223990279 200927.539323346
9 99182.75965835656 75.96077264905806 200991.2795689944
10 99119.03488316915 75.97245436581416 201054.9926624651
11 99055.33730454597 75.98412026739153 201118.6785751867
12 98991.66694087765 75.995770590853 201182.3372885316
13 98928.02384306811 76.00740397433363 201245.9687529576
14 98864.40816775027 76.01902072921321 201309.5728115206
15 98800.81979969905 76.03062097173185 201373.1495793293
16 98737.25873891448 76.04220470188955 201436.6990563837
17 98673.72498539653 76.0537719196863 201500.2212426838
18 98610.21876863975 76.06532295056135 201563.7159084097
19 98546.74003655113 76.07685772064322 201627.1831057283
20 98483.28872953498 76.08837614542101 201690.6228943197
21 98419.86484759128 76.09987822489475 201754.0352741839
22 98356.46850229026 76.11136405772244 201817.4201336521
23 98293.09986800676 76.12283379809831 201880.7772981952
24 98229.75878876052 76.13428730809389 201944.1069239315
25 98166.44526455151 76.14572458770918 202007.4090108608
26 98103.15929537974 76.15714563694416 202070.6835589834
27 98039.90315500292 76.16855135416282 202133.928293643
28 97976.67490480536 76.17994097341614 202197.1451542213
29 97913.47446838107 76.19131446451603 202260.3342171545
30 97850.30184573003 76.20267182746248 202323.4954824426
31 97787.15703685225 76.2140130622555 202386.6289500855
32 97724.04004174774 76.22533816889508 202449.7346200834
33 97660.95086041647 76.23664714738123 202512.8124924362
34 97597.88949285846 76.24793999771394 202575.8625671439
35 97534.85593907371 76.25921671989323 202638.8848442064
36 97471.85019906222 76.27047731391907 202701.8793236239
37 97408.87227282398 76.2817217797915 202764.8460053963
38 97345.922160359 76.29295011751047 202827.7848895236
39 97282.99986166727 76.30416232707601 202890.6959760057
40 97220.1053767488 76.31535840848812 202953.5792648428
41 97157.2387056036 76.32653836174681 203016.4347560347
42 97094.39984823164 76.33770218685206 203079.2624495816
43 97031.58880463295 76.34884988380387 203142.0623454833
44 96968.80828642724 76.35998375161253 203204.8317298212
45 96906.05693996613 76.37110264260549 203267.5719573913
46 96843.33382051536 76.3822057558025 203330.2839737289
47 96780.63892807488 76.39329309120356 203392.9677788339
48 96717.97226264475 76.40436464880868 203455.6233727065
49 96655.33382422492 76.41542042861784 203518.2507553465
50 96592.72361281542 76.42646043063104 203580.849926754