Time X_A X1 X_B
0 100000 250 200000
1 99363.8208696294 179.4233457514322 200706.7557846192
2 99121.38064522277 87.13088617465004 201041.4884686026
3 99046.48818358895 61.73158647145135 201141.7802299397
4 98992.76441044356 58.73400352451105 201198.501586032
5 98941.11551110186 58.43909500700654 201250.4453938912
6 98889.68369678804 58.41723078347101 201301.8990724286
7 98838.28610277137 58.42239285352471 201353.2915043752
8 98786.90470821221 58.43022704278569 201404.6650647451
9 98735.53774060072 58.43831091479089 201456.0239484846
10 98684.18505299982 58.44641049105883 201507.3685365092
11 98632.84664839396 58.4545074051308 201558.698844201
12 98581.52254129958 58.4625969213533 201610.0148617792
13 98530.21275860968 58.47067776997255 201661.3165636205
14 98478.91737167627 58.47875008376733 201712.6038782401
15 98427.63633407859 58.48681411111516 201763.8768518104
16 98376.36964581658 58.49486985201603 201815.1354843315
17 98325.11737649728 58.50291739828869 201866.3797061045
18 98273.87955979614 58.51095679435458 201917.6094834096
19 98222.6561531238 58.51898798403391 201968.8248588923
20 98171.44715648022 58.52701096732665 202020.0258325526
21 98120.2527173696 58.53502584630311 202071.2122567842
22 98069.07275988783 58.54303256843899 202122.3842075439
23 98017.90727967498 58.55103113071731 202173.5416891944
24 97966.75693548509 58.55902162631633 202224.6840428887
25 97915.6222928082 58.56700413522251 202275.8107030567
26 97864.50230074872 58.57497850879061 202326.9227207426
27 97813.39695930666 58.58294474702063 202378.0200959465
28 97762.30626848202 58.59090284991258 202429.1028286682
29 97711.2302282748 58.59885281746644 202480.1709189079
30 97660.168838685 58.60679464968223 202531.2243666655
31 97609.12209971262 58.61472834655994 202582.263171941
32 97558.09001135765 58.62265390809957 202633.2873347344
33 97507.07257362011 58.63057133430112 202684.2968550457
34 97456.06978649998 58.63848062516458 202735.291732875
35 97405.08164999727 58.64638178068997 202786.2719682222
36 97354.10816411198 58.65427480087728 202837.2375610873
37 97303.14932884411 58.66215968572651 202888.1885114703
38 97252.20514419366 58.67003643523767 202939.1248193712
39 97201.27561016064 58.67790504941075 202990.0464847901
40 97150.36072674503 58.68576552824574 203040.9535077269
41 97099.46049394683 58.69361787174266 203091.8458881816
42 97048.57491176606 58.7014620799015 203142.7236261542
43 96997.7039802027 58.70929815272225 203193.5867216447
44 96946.84893076027 58.7171265745304 203244.4339426653
45 96896.01062868074 58.72494768560814 203295.2644236338
46 96845.18728300006 58.73276078160547 203346.0799562185
47 96794.37889371823 58.74056586252239 203396.8805404194
48 96743.58546083524 58.74836292835888 203447.6661762366
49 96692.8069843511 58.75615197911497 203498.4368636699
50 96642.04346426582 58.76393301479063 203549.1926027195