Time X_A X1 X_B
0 100000 250 200000
1 99515.28084817664 200.8868799011399 200533.8322719222
2 99202.17562210925 151.5824875678217 200896.2418903229
3 99007.91539588678 120.8157849723334 201121.2688191409
4 98866.19817078579 108.0534664947008 201275.7483627195
5 98742.36360538716 103.794856095838 201403.841538517
6 98624.13439339471 102.4804565020691 201523.3851501032
7 98507.70557352767 102.0766864957013 201640.2177399767
8 98391.94342509379 101.9441317549391 201756.1124431513
9 98276.5145853892 101.8913705444206 201871.5940440664
10 98161.32118126132 101.8619889021191 201986.8168298366
11 98046.3342771266 101.8394901816032 202101.8262326918
12 97931.545030679 101.8190796634604 202216.6358896576
13 97816.95041196965 101.7993646050405 202331.2502234254
14 97702.54910055503 101.7799514363888 202445.6709480087
15 97588.34023619811 101.7607113353782 202559.8990524666
16 97474.32295993861 101.7416117378238 202673.9354283237
17 97360.49600513135 101.7226403545044 202787.7813545143
18 97246.85978770493 101.7037990924997 202901.4364132027
19 97133.41293081391 101.6850821962407 203014.90198699
20 97020.15510953334 101.6664883074576 203128.1784021593
21 96907.08767121796 101.6480218115355 203241.2643069706
22 96794.2050061863 101.6296669648617 203354.165326849
23 96681.51114230047 101.6114350716611 203466.877422628
24 96569.00442827451 101.5933223230951 203579.4022494025
25 96456.68399887072 101.5753265126578 203691.7406746168
26 96344.54952251854 101.5574465217054 203803.8930309599
27 96232.60025108347 101.5396803824428 203915.8600685342
28 96120.83543643092 101.5220261270747 204027.6425374422
29 96009.25481158249 101.5044854410755 204139.2407029766
30 95897.85758408251 101.4870560201332 204250.6553598975
31 95786.64297485497 101.4697356615239 204361.8872894837
32 95675.61029674485 101.4525228604508 204472.9371803949
33 95564.7588625971 101.4354161121172 204583.8057212909
34 95454.08876992241 101.4184178665887 204694.4928122111
35 95343.59905967631 101.4015252486949 204804.9994150751
36 95233.28908565018 101.3847369600168 204915.3261773899
37 95123.15824216804 101.3680519064275 205025.4737059257
38 95013.20595477274 101.3514690420887 205135.4425761853
39 94903.43211567101 101.3349880429905 205245.2328962862
40 94793.83589584753 101.3186074695484 205354.8454966831
41 94684.41674114007 101.3023263073159 205464.2809325527
42 94575.17409738638 101.2861435418469 205573.5397590719
43 94466.10757668132 101.2700584696244 205682.6223648492
44 94357.21720260713 101.2540711566842 205791.5287262363
45 94248.50191685413 101.2381796457371 205900.2599035003
46 94139.9611857768 101.2223829607068 206008.8164312626
47 94031.59447572968 101.2066801255167 206117.1988441449
48 93923.40125306728 101.1910701640905 206225.4076767688
49 93815.38098414413 101.1755521003518 206333.4434637557
50 93707.53313531473 101.1601249582241 206441.3067397272