Time X_A X1 X_B
0 100000 250 200000
1 98576.82988139575 637.2993998154018 201035.870718789
2 96617.82148991193 700.5618848757086 202931.6166252125
3 94774.91283122778 675.1186378501094 204799.9685309223
4 93011.77601531806 649.6766957827783 206588.5472888993
5 91327.01629387229 624.6001677996791 208298.3835383282
6 89719.61786885608 599.8379964041691 209930.5441347399
7 88188.64427704237 575.3296751123042 211486.0260478455
8 86733.40297303748 551.0087827747099 212965.588244188
9 85353.44775376807 526.7925233228259 214369.7597229093
10 84048.60937533883 502.5862757846757 215698.8043488767
11 82819.05342179431 478.2747738117594 216952.6718043941
12 81665.37863609927 453.7158658000901 218130.9054981009
13 80588.69039973483 428.7323888030687 219232.5772114623
14 79590.7392297851 403.1028296052108 220256.1579406098
15 78674.07088369339 376.5583019149041 221199.3708143919
16 77842.1298255719 348.7967029153518 222059.0734715128
17 77099.23472636742 319.5483191580009 222831.2169544747
18 76450.02430202041 288.7639572027751 223511.211740777
19 75897.85887167392 257.0132700465845 224095.1278582797
20 75441.6247866721 225.9928280212086 224582.3823853069
21 75072.11873980911 198.5032336127826 224979.3780265783
22 74771.6324106196 177.1525276830874 225301.2150616975
23 74518.97358892129 162.6799587993839 225568.3464522795
24 74295.87020255078 153.8734743049264 225800.2563231445
25 74089.82300302986 148.839201915555 226011.3377950549
26 73893.45919732255 145.9976847964838 226210.5431178813
27 73702.79352506492 144.3332971021463 226402.8731778332
28 73515.77258629173 143.2747183763244 226590.9526953323
29 73331.352679355 142.5218806085235 226776.1254400368
30 73149.00835956875 141.9246525318773 226959.0669878997
31 72968.4615587095 141.4087779220099 227140.1296633688
32 72789.56075526563 140.9389718849413 227319.5002728498
33 72612.20992397284 140.4976626824146 227497.2924133451
34 72436.34375973386 140.0766063869024 227673.5796338795
35 72261.91085218727 139.6716079630741 227848.41753985
36 72088.86692701382 139.2802676203852 228021.8528053661
37 71917.17252771011 138.9011388044515 228193.9263334857
38 71746.79151101822 138.533286746981 228364.6752022351
39 71577.68998522765 138.1759868579461 228534.1340279147
40 71409.83595289102 137.8286304653288 228702.3354166439
41 71243.19913529778 137.4906922841624 228869.3101724184
42 71077.75077204485 137.1616979453578 229035.0875300101
43 70913.46348505891 136.8412110874413 229199.695303854
44 70750.31114981098 136.5288250188568 229363.1600251705
45 70588.26874287515 136.2241614298478 229525.5070956953
46 70427.31243499537 135.9268720885528 229686.7606929164
47 70267.41949388564 135.6366340314469 229846.9438720833
48 70108.56792396666 135.3531385955601 230006.0789374381
49 69950.73708461782 135.076112022714 230164.1868033598
50 69793.90655511335 134.8052739940464 230321.288170893