Time X_A X1 X_B
0 100000 250 200000
1 99492.50237271161 176.0530901912373 200581.4445370971
2 99232.50181885115 119.2686263588972 200898.2295547899
3 99085.23120676883 97.51441178448913 201067.2543814466
4 98967.78342619361 92.10548442622765 201190.1110893801
5 98856.8968788354 90.93829436660397 201302.164826798
6 98747.4871800753 90.69273556000283 201411.8200843647
7 98638.49632353672 90.63896906437117 201520.864707399
8 98529.70643494918 90.62468340385323 201629.668881647
9 98421.07263218827 90.61846903968775 201738.3088987721
10 98312.58562623612 90.61394187272478 201846.8004318912
11 98204.24328151111 90.60976775370514 201955.1469507352
12 98096.04497100141 90.60567760839488 202063.3493513903
13 97987.99020835028 90.60161926318014 202171.4081723866
14 97880.07894595237 90.59758801962445 202279.3234660281
15 97772.31068652423 90.59357693169909 202387.0957365441
16 97664.68551635931 90.58958781400639 202494.7248958267
17 97557.20288923052 90.5856179998494 202602.2114927697
18 97449.86241898726 90.58166801219286 202709.5559130006
19 97342.66283768906 90.57773700823522 202816.7594253027
20 97235.60527004965 90.57382573557504 202923.8209042148
21 97128.68971606901 90.56993419421235 203030.7403497368
22 97021.91617574717 90.56606238414712 203137.5177618687
23 96915.2843208953 90.5622101025025 203244.1534690023
24 96808.791394004 90.55837564466603 203350.6502303514
25 96702.43941535198 90.55456025951551 203457.0060243885
26 96596.22838493926 90.55076394705095 203563.2208511138
27 96490.15830276581 90.54698670727235 203669.294710527
28 96384.22916883165 90.54322854017971 203775.2276026282
29 96278.4404791594 90.53948914102052 203881.0200316996
30 96172.78694560583 90.53576531208165 203986.6772890821
31 96067.27392182589 90.53206029069081 204092.1940178834
32 95961.90118188901 90.52837394022893 204197.5704441708
33 95856.66849986461 90.52470612407696 204302.8067940114
34 95751.57332135482 90.52105529840587 204407.9056233468
35 95646.61641322645 90.517421926594 204512.866164847
36 95541.79813429831 90.51380622541578 204617.6880594763
37 95437.11820666144 90.51020802683901 204722.3715853117
38 95332.57635240689 90.50662716283146 204826.9170204303
39 95228.17229362567 90.50306346536094 204931.324642909
40 95123.90575240884 90.4995167663952 205035.5947308248
41 95019.77645084744 90.49598689790206 205139.7275622547
42 94915.7841110325 90.49247369184927 205243.7234152757
43 94811.92845505505 90.48897698020463 205347.5825679648
44 94708.20920500613 90.48549659493592 205451.305298399
45 94604.62608297679 90.48203236801095 205554.8918846553
46 94501.17890363171 90.47858424877381 205658.3425121196
47 94397.86846167453 90.47515342918331 205761.6563848963
48 94294.69359682358 90.47173862242587 205864.834664554
49 94191.65405171574 90.46833968651988 205967.8776085978
50 94088.74956898787 90.46495647948365 206070.7854745327