Time X_A X1 X_B
0 100000 250 200000
1 99466.65136019586 159.6218474677335 200623.7267923365
2 99273.18193556971 86.85285785103845 200889.9652065793
3 99191.29509785686 69.14245517874301 200989.5624469645
4 99125.31006904837 66.68674416633036 201058.0031867854
5 99061.29860100022 66.38826164563181 201122.3131373542
6 98997.55305079663 66.35940147327408 201186.0875477301
7 98933.8643673132 66.36365858915259 201249.7719740977
8 98870.20696984223 66.37195272884327 201313.421077429
9 98806.57776452856 66.38073323127733 201377.0415022402
10 98742.97639398155 66.38955738616063 201440.6340486323
11 98679.40285050674 66.39837436278326 201504.1987751305
12 98615.8571514098 66.40718046386287 201567.7356681264
13 98552.33931462439 66.41597298245787 201631.2447123932
14 98488.8493829856 66.42475098099101 201694.7258660335
15 98425.38743622287 66.43351491171458 201758.1790488655
16 98361.95353685347 66.44226474854764 201821.6041983981
17 98298.547603228 66.4510005255527 201885.0013962465
18 98235.16963534648 66.45972224272977 201948.3706424109
19 98171.8196332089 66.46842990007882 202011.7119368911
20 98108.4977944852 66.47712379014349 202075.0250817247
21 98045.20412106262 66.48580391571683 202138.3100750217
22 97981.93852490498 66.49447014650879 202201.5670049486
23 97918.70100601228 66.50312248251939 202264.7958715053
24 97855.49156438453 66.5117609237486 202327.9966746918
25 97792.3104833181 66.52038576532485 202391.1691309166
26 97729.15765398211 66.52899689387182 202454.3133491241
27 97666.03302454628 66.53759425539457 202517.4293811984
28 97602.9365950106 66.54617784989307 202580.5172271396
29 97539.86836537509 66.55474767736733 202643.5768869476
30 97476.83024125264 66.56330479495283 202706.6064539525
31 97413.82055847366 66.57184827945434 202769.6075932469
32 97350.83929691772 66.5803781197101 202832.5803249626
33 97287.88645658486 66.58889431572013 202895.5246490995
34 97224.96203747505 66.59739686748442 202958.4405656575
35 97162.0660395883 66.60588577500296 203021.3280746368
36 97099.1984629246 66.61436103827576 203084.1871760372
37 97036.35930748397 66.62282265730281 203147.0178698588
38 96973.54857326639 66.63127063208412 203209.8201561016
39 96910.76626027189 66.63970496261969 203272.5940347656
40 96848.01236850044 66.64812564890951 203335.3395058507
41 96785.28689795203 66.6565326909536 203398.0565693571
42 96722.5898486267 66.66492608875194 203460.7452252846
43 96659.92122052441 66.67330584230454 203523.4054736333
44 96597.2810136452 66.68167195161139 203586.0373144032
45 96534.66922798904 66.6900244166725 203648.6407475943
46 96472.0874824666 66.69836496361937 203711.2141525698
47 96409.53566992251 66.70669347819968 203773.7576365993
48 96347.01261607293 66.71500870835652 203836.2723752188
49 96284.51832091784 66.72331065408987 203898.7583684281
50 96222.05278445726 66.73159931539973 203961.2156162274