Time X_A X1 X_B
0 100000 250 200000
1 99418.90607871563 153.2627363617264 200677.8311849227
2 99255.71156223619 68.00526730348797 200926.2831704603
3 99203.46446925243 53.21041874334123 200993.3251120041
4 99160.94680269223 51.87846905969953 201037.174728248
5 99119.21849228452 51.77405709239775 201079.0074506229
6 99077.56224419978 51.77155135896037 201120.6662044411
7 99035.91925077225 51.77745462977897 201162.3032945978
8 98994.28466029 51.78402395269732 201203.9313157572
9 98952.65810101702 51.79064491306347 201245.5512540698
10 98911.03955336052 51.79726821893719 201287.1631784204
11 98869.42902462852 51.80388799098758 201328.7670873804
12 98827.82652693731 51.81050304323252 201370.3629700193
13 98786.23209722135 51.81711335767657 201411.9507894208
14 98744.6457334779 51.82371897789018 201453.5305475441
15 98703.06742367524 51.83031996413279 201495.1022563605
16 98661.49716781339 51.83691631640439 201536.6659158701
17 98619.93505125323 51.84350821113379 201578.2214405355
18 98578.38102736061 51.85009555193485 201619.7688770873
19 98536.83509452753 51.85667833548401 201661.3082271369
20 98495.29727276527 51.86325657365206 201702.839470661
21 98453.76762974689 51.86983030658295 201744.3625399464
22 98412.24611904613 51.87639950673643 201785.877481447
23 98370.73274066302 51.88296417411251 201827.3842951627
24 98329.22824800298 51.88952431515791 201868.8822276817
25 98287.732698448 51.89607993036365 201910.3712216215
26 98246.24540097191 51.90263101381677 201951.8519680141
27 98204.7663555747 51.90917756551724 201993.3244668596
28 98163.29556225639 51.91571958546508 202034.788718158
29 98121.83302101697 51.92225707366029 202076.2447219092
30 98080.37873185644 51.92879003010286 202117.6924781133
31 98038.93269477479 51.9353184547928 202159.1319867703
32 97997.49490977204 51.9418423477301 202200.5632478801
33 97956.06537684819 51.94836170891477 202241.9862614427
34 97914.64409600321 51.95487653834681 202283.4010274583
35 97873.23106723712 51.96138683602621 202324.8075459267
36 97831.82629054993 51.96789260195298 202366.2058168479
37 97790.42976594163 51.97439383612712 202407.5958402221
38 97749.04149341222 51.98089053854862 202448.9776160491
39 97707.6614729617 51.98738270921748 202490.3511443289
40 97666.28970459006 51.99387034813372 202531.7164250616
41 97624.92618829732 52.00035345529732 202573.0734582472
42 97583.57092408347 52.00683203070828 202614.4222438857
43 97542.2239119485 52.01330607436661 202655.762781977
44 97500.88515189243 52.01977558627231 202697.0950725211
45 97459.55464391525 52.02624056642537 202738.4191155182
46 97418.23238801696 52.0327010148258 202779.7349109681
47 97376.91838419756 52.0391569314736 202821.0424588708
48 97335.61373988229 52.04560849596046 202862.3406516216
49 97294.31908400384 52.05205581028072 202903.6288601857
50 97253.03289960588 52.05849862842881 202944.9086017655