Time X_A X1 X_B
0 100000 250 200000
1 99764.73737982959 102.9930417861883 200382.2695783843
2 99690.74262017508 74.49145603218895 200484.7659237927
3 99635.51397473834 71.10996893180797 200543.3760563298
4 99582.24110150954 70.75554177011351 200597.0033567203
5 99529.19051324537 70.72684532280392 200650.0826414318
6 99476.17940903379 70.73269084119303 200703.087900125
7 99423.18848735206 70.74220764769686 200756.0693050002
8 99370.21569950302 70.75208627636997 200809.0322142206
9 99317.26086396884 70.76199461409945 200861.977141417
10 99264.32397740183 70.77189989371912 200914.9041227044
11 99211.40505740965 70.78179542095147 200967.8131471693
12 99158.50412248987 70.79168060869698 201020.7041969014
13 99105.62122221045 70.8015548641187 201073.5772229253
14 99052.75639900124 70.81141831691824 201126.4321826817
15 98999.90960811365 70.82127109976309 201179.2691207865
16 98947.08084954768 70.83111321265326 201232.0880372396
17 98894.27017826858 70.84094474568944 201284.8888769856
18 98841.4776857183 70.8507658487659 201337.6715484328
19 98788.70329497366 70.86057639578793 201390.4361286304
20 98735.94700603466 70.87037638675554 201443.1826175785
21 98683.20886456677 70.88016585739729 201495.9109695757
22 98630.48899555059 70.88994490549777 201548.6210595438
23 98577.78730519443 70.89971345767457 201601.3129813478
24 98525.10379349827 70.90947151392764 201653.9867349877
25 98472.43881481142 70.91921915356228 201706.6419660349
26 98419.79364112501 70.92895666125688 201759.2774022136
27 98367.16682809569 70.9386837137597 201811.8944881904
28 98314.55837572347 70.94840031107073 201864.4932239653
29 98261.96828400834 70.95810645318997 201917.0736095383
30 98209.39655295032 70.96780214011743 201969.6356449094
31 98156.84318254938 70.97748737185309 202022.1793300786
32 98104.30817280554 70.98716214839698 202074.7046650459
33 98051.7915237188 70.99682646974907 202127.2116498113
34 97999.29323528915 71.00648033590939 202179.7002843748
35 97946.8133075166 71.01612374687791 202232.1705687364
36 97894.35174040114 71.02575670265465 202284.6225028961
37 97841.90853394278 71.03537920323959 202337.0560868538
38 97789.48368814151 71.04499124863275 202389.4713206097
39 97737.07720299735 71.05459283883413 202441.8682041637
40 97684.68907851026 71.06418397384373 202494.2467375158
41 97632.31931468028 71.07376465366153 202546.6069206659
42 97579.9679115074 71.08333487828754 202598.9487536142
43 97527.63486899162 71.09289464772178 202651.2722363605
44 97475.32018713292 71.10244396196421 202703.577368905
45 97423.02386593132 71.11198282101488 202755.8641512475
46 97370.74854631766 71.12151273649383 202808.1299409457
47 97318.49252132003 71.13103273136187 202860.3764459485
48 97266.25516796396 71.14054244903988 202912.6042895869
49 97214.03648624939 71.15004188952786 202964.813471861
50 97161.83647617635 71.1595310528258 203017.0039927707