Time X_A X1 X_B
0 100000 250 200000
1 99745.84637681858 85.22095702208215 200418.9326661594
2 99694.0669141668 57.40178231589961 200498.5313035173
3 99657.015410508 55.26473277530101 200537.7198567167
4 99620.92302634995 55.1236206676087 200573.9533529824
5 99584.90077699431 55.12042496227134 200609.9787980434
6 99548.88816641203 55.12665878323208 200645.9851748048
7 99512.88107454711 55.13354246713033 200681.9853829858
8 99476.87922348411 55.14046358883763 200717.980312927
9 99440.88260418695 55.14738723965537 200753.9700085734
10 99404.88995147793 55.15430905332902 200789.9557394687
11 99368.9121446733 55.16122260076212 200825.926632726
12 99332.95107974521 55.16812875950321 200861.8807914953
13 99296.99001481713 55.17503491824431 200897.8349502646
14 99261.02894988905 55.18194107698541 200933.789109034
15 99225.06788496095 55.18884723572651 200969.7432678033
16 99189.16354041541 55.19571928764868 201005.6407402969
17 99153.20904141027 55.20262149820157 201041.5883370915
18 99117.259845725 55.20952051978849 201077.5306337552
19 99081.31595335959 55.21641635240942 201113.467630288
20 99045.37738336665 55.22330855866456 201149.3993080747
21 99009.44422657708 55.23019505330333 201185.3255783696
22 98973.51640449349 55.23707763842951 201221.2465178681
23 98937.59391711588 55.24395631404309 201257.1621265701
24 98901.67676444424 55.25083108014406 201293.0724044756
25 98865.76494647861 55.25770193673243 201328.9773515846
26 98829.85846321893 55.2645688838082 201364.8769678973
27 98793.95736577772 55.27143256247606 201400.7712016598
28 98758.06175256478 55.27829420709271 201436.6599532281
29 98722.17152141464 55.28515253619408 201472.5433260491
30 98686.28667232727 55.29200754978018 201508.4213201229
31 98650.40720530268 55.29885924785101 201544.2939354494
32 98614.53312034089 55.30570763040657 201580.1611720287
33 98578.66441744186 55.31255269744685 201616.0230298607
34 98542.80117834754 55.31939454243247 201651.87942711
35 98506.94346712498 55.32623323861525 201687.7302996364
36 98471.09119009286 55.33306867888353 201723.5757412282
37 98435.24434725117 55.3399008632373 201759.4157518856
38 98399.40293859992 55.34672979167659 201795.2503316084
39 98363.56696413911 55.35355546420138 201831.0794803967
40 98327.73642386873 55.36037788081167 201866.9031982505
41 98291.91192003108 55.36719700484637 201902.720882964
42 98256.09340027432 55.37401283949236 201938.5325868862
43 98220.28040861418 55.38082541250737 201974.3387659733
44 98184.4729450507 55.38763472389141 202010.1394202254
45 98148.67100958386 55.39444077364448 202045.9345496425
46 98112.87460221365 55.40124356176657 202081.7241542246
47 98077.08372294009 55.40804308825769 202117.5082339716
48 98041.29837176316 55.41483935311783 202153.2867888837
49 98005.51854868289 55.42163235634701 202189.0598189608
50 97969.74425369923 55.42842209794521 202224.8273242028