Time X_A X1 X_B
0 100000 250 200000
1 98803.67404574285 421.5662078526003 201024.7597464045
2 95889.64981073482 813.4359697397493 203546.9142195254
3 93015.61751660754 766.1870142669882 206468.1954691253
4 90345.11888687307 715.1160986173553 209189.7650145094
5 87877.66160690857 663.5196758195997 211708.8187172716
6 85618.1401019464 610.3123632071901 214021.5475348462
7 83578.05209595468 553.5312680316202 216118.4166360136
8 81782.11468799456 489.1227312311805 217978.7625807741
9 80285.91518539973 407.2759001288521 219556.8089144713
10 79221.82392379256 284.3368582972027 220743.8392179101
11 78765.09460551391 128.2027382052213 221356.7026562808
12 78664.26847628382 66.59202639307041 221519.139497323
13 78615.70304976711 59.07204313406768 221575.2249070987
14 78571.45973236641 58.40612996282539 221620.1341376706
15 78527.60042874649 58.35270027324191 221664.0468709801
16 78483.79230270049 58.35195155189287 221707.8557457475
17 78440.00688577897 58.35570617503326 221751.6374080458
18 78396.24175025833 58.35984701239499 221795.3984027291
19 78352.49668554057 58.36401243037862 221839.1393020289
20 78308.77167914291 58.36817834177437 221882.8601425151
21 78265.06673017898 58.37234010464505 221926.5609297162
22 78221.38184040874 58.37649674872893 221970.2416628424
23 78177.71701699375 58.38064848708601 222013.902334519
24 78134.07225900554 58.38479533739478 222057.5429456569
25 78090.44756421479 58.38893734210316 222101.1634984429
26 78046.84293262148 58.39307450121112 222144.7639928771
27 78003.25837383636 58.39720695044434 222188.344419213
28 77959.69388925537 58.40133470951715 222231.9047760349
29 77916.14947436453 58.40545771468159 222275.4450679206
30 77872.62512916385 58.40957596593765 222318.9652948701
31 77829.12086209495 58.41368951376023 222362.4654483911
32 77785.63667750621 58.41779838414968 222405.9455241095
33 77742.17256950588 58.42190254187754 222449.4055279521
34 77698.728538094 58.4260019869438 222492.8454599189
35 77655.30465495987 58.43009689137342 222536.2652481486
36 77611.90095366679 58.43418733570443 222579.6648589973
37 77568.51734396817 58.43827310338216 222623.0443829283
38 77525.15382586401 58.44235419440661 222666.4038199414
39 77481.8103993543 58.4464306087778 222709.7431700368
40 77438.48706443908 58.4505023464957 222753.0624332143
41 77395.18382111831 58.45456940756034 222796.361609474
42 77351.90066939199 58.45863179197169 222839.6406988159
43 77308.63760926014 58.46268949972978 222882.8997012399
44 77265.39464072276 58.46674253083459 222926.1386167462
45 77222.17176377984 58.47079088528612 222969.3574453347
46 77178.9689784314 58.47483456308439 223012.5561870054
47 77135.78628467741 58.47887356422937 223055.7348417582
48 77092.62368251788 58.48290788872109 223098.8934095932
49 77049.48117195281 58.48693753655952 223142.0318905105
50 77006.35875298221 58.49096250774468 223185.1502845099