Time X_A X1 X_B
0 100000 250 200000
1 99646.13169162176 159.0758057367754 200444.7925026415
2 99479.68898277031 105.6657214042798 200664.6452958253
3 99385.89420280693 86.36002255703337 200777.745774636
4 99311.37320396373 81.21153517540806 200857.4152608608
5 99241.44832609627 79.97702596784495 200928.5746479359
6 99172.62779582232 79.69169557251618 200997.6805086051
7 99104.09907832979 79.62876843330345 201066.2721532369
8 99035.67383546945 79.61745845496328 201134.7087060756
9 98967.30851682476 79.61810351091839 201203.0733796643
10 98898.9930000998 79.62147004715429 201271.3855298531
11 98830.72501419151 79.62548915895464 201339.6494966495
12 98762.50397674213 79.62963544617259 201407.8663878117
13 98694.32976516004 79.63380482128022 201476.0364300187
14 98626.20233209137 79.63796998699709 201544.1596979216
15 98558.12167137046 79.64212795242283 201612.2362006771
16 98490.08777356765 79.64627769393475 201680.2659487384
17 98422.10062052148 79.65041678022727 201748.2489626983
18 98354.16021862415 79.65454641374673 201816.1852349621
19 98286.26653607524 79.65866538327265 201884.0747985415
20 98218.41958645513 79.66277420605759 201951.9176393388
21 98150.61923637392 79.66687308605403 202019.71389054
22 98082.8655562581 79.67096191558028 202087.4634818263
23 98015.15856963082 79.67504065866949 202155.1663897105
24 97947.49827649209 79.67910931532168 202222.8226141926
25 97879.8846768419 79.68316788553683 202290.4321552725
26 97812.31777068028 79.68721636931495 202357.9950129504
27 97744.79755800721 79.69125476665603 202425.5111872261
28 97677.32390136062 79.69528362008067 202492.9808150193
29 97609.89677142932 79.69930304527119 202560.4039255254
30 97542.51627007109 79.70331264022622 202627.7804172887
31 97475.18239728591 79.70731240494571 202695.1102903091
32 97407.89515307381 79.71130233942971 202762.3935445867
33 97340.65453743478 79.71528244367819 202829.6301801215
34 97273.46055036879 79.71925271769116 202896.8201969135
35 97206.31373190078 79.72321144729901 202963.9630566519
36 97139.21243980822 79.72716384531303 203031.0603963464
37 97072.1577631644 79.73110645475137 203098.1111303808
38 97005.14969146009 79.73503930897277 203165.1152692309
39 96938.18821418608 79.73896244133603 203232.0728233726
40 96871.27332083318 79.74287588519994 203298.9838032816
41 96804.40500089215 79.74677967392324 203365.8482194339
42 96737.58324385379 79.75067384086475 203432.6660823053
43 96670.80756409049 79.75455942305888 203499.4378764864
44 96604.07834584753 79.75843561995546 203566.1632185325
45 96537.39559632058 79.7623024275122 203632.8421012519
46 96470.75930260819 79.76615988414142 203699.4745375077
47 96404.16945180888 79.77000802825545 203766.0605401628
48 96337.62603102119 79.77384689826664 203832.6001220805
49 96271.12902734369 79.77767653258736 203899.0932961237
50 96204.6784278749 79.78149696962993 203965.5400751555