Time X_A X1 X_B
0 100000 250 200000
1 98801.98653448519 549.6767296469608 200898.3367358679
2 97233.92355615333 606.0018642081545 202410.0745796387
3 95743.28050740497 588.1593506436375 203918.5601419515
4 94309.16585704887 569.5781200489592 205371.2560229022
5 92930.33759441586 551.2512181984522 206768.4111873857
6 91606.05069439052 533.1743977242234 208110.7749078853
7 90335.58628096904 515.3270859951833 209399.0866330358
8 89118.24472349766 497.6865212808684 210634.0687552215
9 87953.39332150084 480.2311094588354 211816.3755690403
10 86840.49024843147 462.937613412824 212946.5721381557
11 85779.06531638672 445.7813827060693 214025.1533009072
12 84768.71816279608 428.7386611340214 215052.5431760699
13 83809.11327117772 411.7868682317521 216029.0998605905
14 82899.97099642269 394.9047535797857 216955.1242499975
15 82041.06785706886 378.0759884699356 217830.8561544612
16 81232.21504210516 361.2934077850612 218656.4915501098
17 80473.20901272747 344.5636623188245 219432.2273249537
18 79763.76722247733 327.9177708812716 220158.3150066414
19 79103.43735257458 311.4200101944638 220835.142637231
20 78491.47575049727 295.1810533654964 221463.3431961373
21 77926.66192367878 279.3712171034784 222043.9668592178
22 77407.13383723865 264.2187104078475 222578.6474523535
23 76930.26153959907 249.9985188220615 223069.7399415789
24 76492.56140579781 236.9933803546209 223520.4452138476
25 76089.83952759819 225.4422300258282 223934.718242376
26 75717.43156328479 215.4863786490031 224317.0820580663
27 75370.57539823651 207.1380423424069 224672.2865594211
28 75044.78638802943 200.2893954358126 225004.9242165348
29 74736.11669429217 194.7470123685707 225319.1362933392
30 74441.29467360751 190.2793985162955 225618.4259278762
31 74157.73113773727 186.6593666388263 225905.6094956239
32 73883.43687385831 183.6867509672765 226182.8763751743
33 73616.91765904221 181.199646760742 226451.882694197
34 73357.05708444353 179.0745109513176 226713.8684046051
35 73103.02196000339 177.2208079631118 226969.7572320334
36 72854.17850024042 175.5733018667883 227220.2481978927
37 72610.03521544881 174.0859348068604 227465.8788497443
38 72370.20204162762 172.7262010825024 227707.0717572898
39 72134.36063364337 171.470892494539 227944.168473862
40 71902.24283593603 170.3028100321868 228177.4543540317
41 71673.62109819803 169.2092258833806 228407.1696759185
42 71448.29904130044 168.1806232358717 228633.5203354635
43 71226.10246827295 167.2094491628226 228856.6880825641
44 71006.87516854105 166.2894271685198 229076.8354042903
45 70790.47663379951 165.4153611211108 229294.1080050792
46 70576.7800707588 164.582935877837 229508.6369933632
47 70365.67014097581 163.7885078447138 229720.5413511793
48 70157.04100605448 163.0289154226258 229929.9300785227
49 69950.79514376621 162.3013702271035 230136.9034860065
50 69746.84207066068 161.6033687584465 230341.5545605807