Time X_A X1 X_B
0 100000 250 200000
1 99714.51727182721 120.1309542251604 200415.3517739477
2 99605.60522671053 89.22713725532903 200555.1676360342
3 99523.52421578496 84.6780515905658 200641.7977326245
4 99444.92168441089 84.09282707655304 200720.9854885126
5 99366.80815882266 84.02740579767371 200799.1644353796
6 99288.80168411264 84.02874233963659 200877.1695735478
7 99210.85340590109 84.03855567291237 200955.108038426
8 99132.95717207824 84.04945954405963 201032.9933683777
9 99055.11219043368 84.0604694316566 201110.8273401347
10 98977.31841045163 84.07147047443537 201188.6101190739
11 98899.5758405847 84.0824538194087 201266.3417055958
12 98821.88450770719 84.09341358254798 201344.0220787102
13 98744.2444450944 84.10434932549585 201421.6512055801
14 98666.65571379558 84.11526090707223 201499.2290252973
15 98589.11842148009 84.12614851796131 201576.7554300019
16 98511.63247077841 84.13701218148456 201654.2305170401
17 98434.19786169055 84.14785189764197 201731.6542864118
18 98356.81459421651 84.15866766643354 201809.026738117
19 98279.48287164241 84.16946011123306 201886.3476682463
20 98202.20267369098 84.18022916986061 201963.6170971391
21 98124.97392742612 84.19097461865879 202040.8350979552
22 98047.79663284785 84.20169645762758 202118.0016706945
23 97970.67039987064 84.21239368718081 202195.1172064421
24 97893.59656317455 84.22306972740893 202272.180367098
25 97816.5742053609 84.23372222749647 202349.1920724115
26 97739.60335203967 84.24435125306853 202426.1522967072
27 97662.68402882088 84.2549568697502 202503.0610143093
28 97585.81639592265 84.26553948827495 202579.918064589
29 97509.00056602548 84.27609939749915 202656.7233345769
30 97432.2364068389 84.2866362582227 202733.4769569028
31 97355.52394775573 84.29715014576917 202810.1789020984
32 97278.86321816884 84.30764113546212 202886.8291406956
33 97202.25424747109 84.31810930262515 202963.4276432262
34 97125.69706505531 84.3285547225818 203039.974380222
35 97049.19170031438 84.33897747065565 203116.4693222149
36 96972.7381826411 84.34937762217029 203192.9124397367
37 96896.33654142836 84.3597552524493 203269.3037033191
38 96819.98680606901 84.37011043681623 203345.6430834941
39 96743.68900595588 84.38044325059467 203421.9305507934
40 96667.44317048183 84.39075376910817 203498.166075749
41 96591.24932903971 84.40104206768032 203574.3496288925
42 96515.10751102236 84.4113082216347 203650.4811807559
43 96439.01774563116 84.42155230582742 203726.5607020629
44 96362.97974925405 84.43177363153596 203802.5884771143
45 96286.99380546504 84.44197289454107 203878.5642216404
46 96211.05994006514 84.45215016139858 203954.4879097734
47 96135.17817885531 84.46230549866429 204030.3595156459
48 96059.34854763655 84.47243897289403 204106.1790133905
49 95983.57107220984 84.48255065064359 204181.9463771395
50 95907.84577837617 84.4926405984688 204257.6615810253