Time X_A X1 X_B
0 100000 250 200000
1 99556.92066660016 120.868500300977 200572.2108330987
2 99456.39546340464 63.62844542020567 200729.976091175
3 99407.31476107298 56.83356951345333 200785.8516694134
4 99362.31665017038 56.26321604634603 200831.4201337832
5 99317.6569760766 56.22358527597677 200876.1194386473
6 99273.03327604578 56.22749664632071 200920.7392273078
7 99228.4208783591 56.23497509807854 200965.3441465427
8 99183.81776774369 56.24273050411239 201009.9395017521
9 99139.22380347486 56.25050308546674 201054.5256934395
10 99094.63898557395 56.25827472156117 201099.1027397043
11 99050.06332465462 56.26604115183933 201143.6706341933
12 99005.49683805957 56.27380154797077 201188.2293603923
13 98960.9395780202 56.28155617155948 201232.778865808
14 98916.39154184704 56.28930502764701 201277.3191531251
15 98871.85270952167 56.29704815375813 201321.8502423244
16 98827.32308104407 56.30478554989284 201366.3721334059
17 98782.80271417317 56.31251730494233 201410.8847685217
18 98738.29165210329 56.32024348538283 201455.3881044111
19 98693.78984534688 56.32796401505285 201499.8821906379
20 98649.29729390398 56.33567889395238 201544.3670272019
21 98604.81403222085 56.34338813563679 201588.8425796433
22 98560.34015610641 56.35109177780895 201633.3087521156
23 98515.87559262225 56.35878979176602 201677.7656175858
24 98471.42034176836 56.366482177508 201722.2131760539
25 98426.97450367168 56.37416893571083 201766.6513273924
26 98382.53968084588 56.38185007719308 201811.0784690767
27 98338.11431859244 56.38952559145898 201855.4961558159
28 98293.69841691141 56.39719547850855 201899.9043876099
29 98249.29197580277 56.40485973834178 201944.3031644587
30 98204.8949952665 56.41251837095867 201988.6924863624
31 98160.50747530263 56.42017137635923 202033.0723533208
32 98116.12941591113 56.42781875454344 202077.4427653341
33 98071.76081709201 56.43546050551132 202121.8037224023
34 98027.4016788453 56.44309662926287 202166.1552245253
35 97983.05200117096 56.45072712579807 202210.4972717031
36 97938.711784069 56.45835199511694 202254.8298639357
37 97894.38102753944 56.46597123721946 202299.1530012232
38 97850.05973158225 56.47358485210565 202343.4666835655
39 97805.74789619746 56.48119283977551 202387.7709109626
40 97761.44552138503 56.48879520022902 202432.0656834145
41 97717.15260714501 56.4963919334662 202476.3510009213
42 97672.86915347737 56.50398303948704 202520.626863483
43 97628.5951603821 56.51156851829154 202564.8932710994
44 97584.33062785924 56.5191483698797 202609.1502237707
45 97540.07555590874 56.52672259425153 202653.3977214968
46 97495.82994453065 56.53429119140702 202697.6357642778
47 97451.59379372493 56.54185416134617 202741.8643521135
48 97407.36710349159 56.54941150406898 202786.0834850041
49 97363.15240847346 56.55696364893065 202830.2906278774
50 97318.94803270334 56.56451031203112 202874.4874569844