Time X_A X1 X_B
0 100000 250 200000
1 98040.55942745497 881.0623567089514 201328.3782158362
2 95748.91845101981 872.5390304486162 203628.5425185316
3 93565.85282472109 840.5261671992126 205843.6210080797
4 91473.01679605794 809.2186813127762 207967.7645226293
5 89468.46076808216 778.5732144613481 210002.9660174565
6 87550.33922531892 748.538659218155 211951.122115463
7 85716.99027140491 719.0605771499689 213813.9491514451
8 83966.90705453392 690.0799038200693 215593.013041646
9 82298.76640832065 661.5310297452741 217289.7025619341
10 80711.46306518327 633.3405012190028 218905.1964335978
11 79204.11652697607 605.4250808657586 220440.4583921582
12 77776.11438422791 577.6844873952907 221896.2011283769
13 76427.17513786932 549.9982097477995 223272.8266523829
14 75157.42086307853 522.2171789523917 224570.3619579691
15 73967.4936623517 494.1510962162936 225788.355241432
16 72858.69821785537 465.5523044896689 226925.749477655
17 71833.22099353347 436.0917911082471 227980.6872153583
18 70894.43891116265 405.3277375739934 228950.2333512634
19 70047.29017471497 372.6817917401921 229830.0280335449
20 69298.60765037614 337.4660584300568 230613.9262911938
21 68656.95675037187 299.1190120720451 231293.9242375561
22 68130.6048180559 257.9659721906601 231861.4292097535
23 67721.6807885918 216.6540775480503 232311.6651338603
24 67417.81231633607 180.6610377465225 232651.5266459175
25 67191.27486056399 154.9526966832836 232903.7724427528
26 67011.18093542937 139.8338417100125 233098.9852228606
27 66855.12059159254 132.0819399916728 233262.7974684158
28 66710.62620932236 128.3674034771178 233411.0063872005
29 66571.67655041252 126.5966153835651 233551.7268342039
30 66435.55444608913 125.7030484602562 233688.7425054506
31 66301.07031805461 125.1935264496206 233823.7361554958
32 66167.709400671 124.8504559580456 233957.440143371
33 66035.24724631145 124.5801025762333 234090.1726511123
34 65903.58259660486 124.3425642347741 234222.0748391604
35 65772.66634628718 124.1210008857113 234353.2126528272
36 65642.47142208726 123.908384778719 234483.6201931341
37 65512.97978330427 123.7016622980876 234613.3185543977
38 65384.17759481412 123.4995467948239 234742.3228583911
39 65256.05291129497 123.3014727484292 234870.6456159566
40 65128.59457155565 123.107090959747 234998.2983374846
41 65001.79200366177 122.9161805413388 235125.2918157969
42 64875.63516056716 122.7286179308031 235251.6362215021
43 64750.11436149614 122.5443088668062 235377.3413296371
44 64625.22017993425 122.3631486196939 235502.4166714461
45 64500.94347275623 122.1850368819661 235626.8714903618
46 64377.27529531148 122.0098507981648 235750.7148538904
47 64254.20703690041 121.8375063296066 235873.95545677
48 64131.73033523425 121.667925195946 235996.6017395698
49 64009.83708084501 121.5010403466433 236118.6618788083
50 63888.51937753089 121.3367764893439 236240.1438459797