Time X_A X1 X_B
0 100000 250 200000
1 99635.52609884189 183.1940632696379 200431.2798378884
2 99411.69455850401 136.5276497246876 200701.7777917712
3 99268.14415005448 110.9918473249333 200870.8640026205
4 99159.38742729649 100.0891679757958 200990.5234047277
5 99063.51562776059 96.04679743666377 201090.4375748027
6 98972.1806251395 94.63086111419831 201183.1885137463
7 98882.46207193463 94.1400336824049 201273.397894383
8 98793.36624639123 93.96503077787605 201362.668722831
9 98704.55836051528 93.89656135193061 201451.5450781329
10 98615.92598347501 93.86385045375121 201540.2101660713
11 98527.43138151297 93.84315686727025 201628.7254616198
12 98439.06172604745 93.82650994952445 201717.1117640031
13 98350.81252795404 93.8112417505202 201805.3762302956
14 98262.68213730361 93.79649772983417 201893.5213649666
15 98174.66977923435 93.78197772644683 201981.5482430393
16 98086.77497992537 93.76757423188087 202069.4574458428
17 97998.99738867485 93.75325917778881 202157.2493521474
18 97911.33632880864 93.7390197148942 202244.9246514765
19 97823.79163015066 93.72485360322788 202332.4835162462
20 97736.36344397701 93.71076177994149 202419.9257942431
21 97649.05078125697 93.69673957363003 202507.2524791694
22 97561.85375345881 93.68278751078211 202594.4634590304
23 97474.77255161341 93.66890649367761 202681.5585418929
24 97387.80578200879 93.65509261192265 202768.5391253793
25 97300.95397381882 93.64134735024169 202855.404678831
26 97214.21695635136 93.62767053517959 202942.1553731135
27 97127.59128998978 93.6140567897107 203028.7946532205
28 97041.07955448257 93.60051014666057 203115.3199353708
29 96954.68174982972 93.58703060602917 203201.7312195643
30 96868.39787603125 93.57361816781653 203288.028505801
31 96782.22793308712 93.56027283202265 203374.2117940809
32 96696.17142701548 93.54699363642104 203460.2815793481
33 96610.22403852321 93.53377216746809 203546.2421893093
34 96524.38910331168 93.52061492277075 203632.0902817656
35 96438.66662138089 93.50752190232903 203717.8258567168
36 96353.05659273085 93.49449310614291 203803.448914163
37 96267.55901736152 93.48152853421242 203888.9594541043
38 96182.18180023176 93.46864270191732 203974.3495570663
39 96096.89973712688 93.45578932833995 204059.6444735448
40 96011.72982656851 93.44299962679879 204144.8271738047
41 95926.67180625469 93.43027311564525 204229.8979206296
42 95841.72541388347 93.41760931323068 204314.8569768033
43 95756.89038715289 93.40500773790647 204399.7046051092
44 95672.16573343355 93.39246656349879 204484.4418000029
45 95587.54815545987 93.37997972102241 204569.0718648191
46 95503.04026250831 93.36755201537481 204653.5921854763
47 95418.64173432197 93.35518285821291 204738.0030828198
48 95334.35225064392 93.34287166119364 204822.3048776949
49 95250.17149121729 93.33061783597391 204906.4978909467
50 95166.09913578517 93.31842079421064 204990.5824434206