Time X_A X1 X_B
0 100000 250 200000
1 97300.91259058964 1028.005839932172 201921.0815694784
2 94073.9459380085 982.8531999111306 205193.2008620805
3 91031.37893354148 931.6113443228403 208287.0097221358
4 88162.90604599587 881.7605267478453 211205.3334272564
5 85464.11323570297 833.1111140982871 213952.7756501989
6 82931.29847801646 785.4444286181733 216533.2570933655
7 80561.64670728882 738.4942642443164 218949.859028467
8 78353.44102899234 691.9228450358868 221204.6361259719
9 76306.46043347403 645.2691658232062 223298.270400703
10 74422.59327666486 597.8647221221167 225229.5420012132
11 72706.97183110953 548.6519883762043 226994.3761805144
12 71170.27714469768 495.8052705795136 228583.917584723
13 69833.47267794084 435.8741709361174 229980.6531511232
14 68737.76113440251 362.0637843787192 231150.1750812189
15 67957.41248139439 264.5247492043836 232028.0627694014
16 67551.20596544752 156.9795583714009 232541.8144761813
17 67394.76172964304 97.8047124716327 232757.4335578856
18 67310.61780296365 82.53701088091566 232856.8451861557
19 67239.67542742319 79.70195657115558 232930.6226160059
20 67171.03613552256 79.20833043159487 232999.7555340461
21 67102.86012576974 79.11721247797212 233068.0226617526
22 67034.83786610611 79.09408247427518 233136.0680514199
23 66966.91722071632 79.08240896179758 233204.0003703221
24 66899.0892730442 79.07266921792757 233271.8380577382
25 66831.3523953597 79.06329336802146 233339.5843112726
26 66763.70612541388 79.05399990205565 233407.2398746843
27 66696.15014164876 79.04474656942564 233474.8051117821
28 66628.68435552545 79.03553068631523 233542.2801137885
29 66561.3085469545 79.02634763377348 233609.665105412
30 66494.02252257011 79.01719717460674 233676.9602802555
31 66426.8261261203 79.00807868348699 233744.1657951965
32 66359.71808530844 78.99899123607304 233811.2829234558
33 66292.69930373192 78.9899357205322 233878.3107605478
34 66225.76978139074 78.98091213686448 233945.2493064727
35 66158.92951828492 78.97192048506987 234012.0985612303
36 66092.17799262483 78.96296027303526 234078.8590471024
37 66025.51386040448 78.95403023319417 234145.5321093626
38 65958.93823408856 78.94513141474054 234212.116634497
39 65892.45111367707 78.93626381767437 234278.6126225055
40 65826.05249917002 78.92742744199566 234345.0200733882
41 65759.74364237947 78.91862347826353 234411.3377341425
42 65693.5179891302 78.90984569300787 234477.5721651771
43 65627.38058622227 78.90109888608164 234543.7183148919
44 65561.33126117864 78.89238289344736 234609.7763559282
45 65495.36984152223 78.88369755106747 234675.746460927
46 65429.49475117958 78.87504132038113 234741.6302075003
47 65363.70617315041 78.86641438546455 234807.4274124644
48 65298.00445478762 78.8578170913428 234873.1377281213
49 65232.3893853319 78.84924923648902 234938.7613654319
50 65166.8607540239 78.84071061937641 235004.298535357