Time A X1 B
0 10000 248 20000
1 10116.75305060767 154.7387021327784 19983.50824725955
2 10163.80797033886 131.1590516412878 19967.03297801985
3 10196.94846120567 121.4773629798225 19950.5741758145
4 10224.98366582472 116.8845099905757 19934.1318241847
5 10250.73085978385 114.56323352806 19917.70590668809
6 10275.35416917117 113.349423930075 19901.29640689875
7 10299.39718448984 112.6995071029614 19884.90330840719
8 10323.13025165913 112.3431535205614 19868.5265948203
9 10346.69227015552 112.1414800831033 19852.16624976137
10 10370.15593254963 112.0218105803123 19835.82225687005
11 10393.55961555673 111.9457846409109 19819.49459980236
12 10416.92370717783 111.8930305915471 19803.18326223062
13 10440.25906825863 111.8527038978614 19786.8882278435
14 10463.57150128744 111.8190183665888 19770.60948034597
15 10486.86409117208 111.7889053687103 19754.34700345921
16 10510.13851993754 111.7606991414074 19738.10078092105
17 10533.39568164933 111.7335218654046 19721.87079648527
18 10556.63608110197 111.7068849763338 19705.6570339217
19 10579.85997010265 111.6805528819581 19689.45947701539
20 10603.06749627636 111.6543952046767 19673.27810851896
21 10626.25874460711 111.6283421145197 19657.11291327837
22 10649.43377874387 111.6023461401133 19640.96387511601
23 10672.5926371877 111.5763849252622 19624.83097788703
24 10695.73534500528 111.5504495232383 19608.71420547148
25 10718.86192332509 111.5245349161401 19592.61354175876
26 10741.9723913974 111.4986379484355 19576.52897065416
27 10765.06681225484 111.4727558370489 19560.4604319081
28 10788.14520500366 111.4468879633586 19544.40790703298
29 10811.20753726015 111.4210351071492 19528.37142763269
30 10834.25380902432 111.3951972684207 19512.35099370725
31 10857.28402029617 111.3693744471731 19496.34660525665
32 10880.29828271584 111.3435650908693 19480.35815219328
33 10903.29660133365 111.3177691292763 19464.38562953706
34 10926.2789230777 111.291987300445 19448.42908962185
35 10949.24524794798 111.2662196043754 19432.48853244764
36 10972.1955759445 111.2404660410675 19416.56395801443
37 10995.13005591303 111.2147259587706 19400.65521812819
38 11018.04865979662 111.1889994803376 19384.76234072303
39 11040.95134014076 111.1632868135574 19368.88537304568
40 11063.83809694543 111.1375879584302 19353.02431509613
41 11086.70893021064 111.1119029149559 19337.17916687439
42 11109.56434515057 111.0862313140854 19321.34942353533
43 11132.40405325853 111.0605733665672 19305.5353733749
44 11155.2279450525 111.0349291523757 19289.73712579512
45 11178.03602053249 111.0092986715111 19273.95468079599
46 11200.82827969851 110.9836819239733 19258.18803837751
47 11223.60472255054 110.9580789097622 19242.43719853969
48 11246.3653490886 110.932489628878 19226.70216128252
49 11269.11015931268 110.9069140813205 19210.982926606
50 11291.83915322277 110.8813522670898 19195.27949451013
51 11314.55233081889 110.8558041861859 19179.59186499491
52 11337.24969210103 110.8302698386088 19163.92003806035
53 11359.93208095852 110.8047491775313 19148.26316986394
54 11382.59883491 110.7792422397144 19132.62192285027
55 11405.24992148623 110.7537490269597 19116.9963294868
56 11427.88534068719 110.7282695392671 19101.38638977354
57 11450.50509251289 110.7028037766369 19085.79210371046
58 11473.10917696333 110.6773517390688 19070.2134712976
59 11495.69759403851 110.651913426563 19054.65049253492
60 11518.27034373842 110.6264888391193 19039.10316742245
61 11540.82742606308 110.601077976738 19023.57149596018
62 11563.36884101247 110.5756808394188 19008.0554781481
63 11585.89161114091 110.5502978198506 18992.55809103923
64 11608.40344909098 110.52492790083 18977.07162300818
65 11630.89963622533 110.4995717046875 18961.60079206997
66 11653.38018744989 110.4742292294574 18946.14558332064
67 11675.84511767057 110.4489004731737 18930.70598185625
68 11698.29444179327 110.4235854338704 18915.28197277285
69 11720.72817472393 110.3982841095818 18899.87354116648
70 11743.14633136845 110.3729964983418 18884.48067213321
71 11765.54892663274 110.3477225981847 18869.10335076907
72 11787.93597542273 110.3224624071443 18853.74156217011
73 11810.30749264434 110.297215923255 18838.3952914324
74 11832.66364238361 110.2719831533455 18823.06437446304
75 11855.0047694566 110.2467641148998 18807.7484664285
76 11877.33050749708 110.2215587834742 18792.44793371944
77 11899.64087642177 110.1963671573982 18777.16275642082
78 11921.93589614736 110.1711892350012 18761.89291461763
79 11944.21558659057 110.1460250146128 18746.63838839481
80 11966.47996766808 110.1208744945624 18731.39915783735
81 11988.72905929662 110.0957376731797 18716.17520303019
82 12010.96288139288 110.070614548794 18700.96650405831
83 12033.18145387357 110.0455051197349 18685.77304100668
84 12055.3847966554 110.0204093843318 18670.59479396026
85 12077.57292965507 109.9953273409144 18655.43174300401
86 12099.74587278928 109.970258987812 18640.2838682229
87 12121.90364597474 109.9452043233542 18625.1511497019
88 12144.04626912815 109.9201633458705 18610.03356752597
89 12166.17376216623 109.8951360536904 18594.93110178007
90 12188.28614500567 109.8701224451433 18579.84373254918
91 12210.38343756317 109.8451225185588 18564.77143991826
92 12232.46565919216 109.8201362714723 18549.71420453636
93 12254.53262249192 109.7951634099227 18534.67221409815
94 12276.58452193547 109.7702041783412 18519.64527388618
95 12298.62137570948 109.7452585726181 18504.63336571789
96 12320.64320200061 109.7203265886438 18489.63647141073
97 12342.65001899553 109.6954082223087 18474.65457278215
98 12364.6418448809 109.6705034695031 18459.68765164959
99 12386.61869784339 109.6456123261174 18444.73568983048
100 12408.58059606966 109.620734788042 18429.79866914229