Time X1
0 250
0.1 168.3528729198113
0.2 168.3528760391437
0.3 168.3528762968523
0.4 168.3528763106781
0.5 168.3528763107356
0.6 168.3528763107931
0.7 168.3528763108506
0.7999999999999999 168.3528763109082
0.8999999999999999 168.3528763109657
0.9999999999999999 168.3528763110232
1.1 168.3528763110807
1.2 168.3528763111383
1.3 168.3528763111958
1.4 168.3528763112533
1.5 168.3528763113108
1.6 168.3528763113684
1.7 168.3528763114259
1.8 168.3528763114336
1.900000000000001 168.3528763114338
2 168.352876311434
2.100000000000001 168.3528763114342
2.200000000000001 168.3528763114344
2.300000000000001 168.3528763114346
2.400000000000001 168.3528763114348
2.500000000000001 168.352876311435
2.600000000000001 168.3528763114352
2.700000000000001 168.3528763114354
2.800000000000001 168.3528763114356
2.900000000000001 168.3528763114358
3.000000000000001 168.352876311436
3.100000000000001 168.3528763114361
3.200000000000002 168.3528763114361
3.300000000000002 168.3528763114361
3.400000000000002 168.3528763114361
3.500000000000002 168.3528763114361
3.600000000000002 168.3528763114361
3.700000000000002 168.3528763114361
3.800000000000002 168.3528763114361
3.900000000000002 168.3528763114361
4.000000000000002 168.3528763114361
4.100000000000001 168.3528763114361
4.200000000000001 168.3528763114361
4.300000000000001 168.3528763114361
4.4 168.3528763114361
4.5 168.3528763114361
4.6 168.3528763114361
4.699999999999999 168.3528763114361
4.799999999999999 168.3528763114361
4.899999999999999 168.3528763114361
4.999999999999998 168.3528763114361
5.099999999999998 168.3528763114361
5.199999999999998 168.3528763114361
5.299999999999997 168.3528763114361
5.399999999999997 168.3528763114361
5.499999999999996 168.3528763114361
5.599999999999996 168.3528763114361
5.699999999999996 168.3528763114361
5.799999999999995 168.3528763114361
5.899999999999995 168.3528763114361
5.999999999999995 168.3528763114361
6.099999999999994 168.3528763114361
6.199999999999994 168.3528763114361
6.299999999999994 168.3528763114361
6.399999999999993 168.3528763114361
6.499999999999993 168.3528763114361
6.599999999999993 168.3528763114361
6.699999999999992 168.3528763114361
6.799999999999992 168.3528763114361
6.899999999999991 168.3528763114361
6.999999999999991 168.3528763114361
7.099999999999991 168.352876311436
7.19999999999999 168.352876311436
7.29999999999999 168.352876311436
7.39999999999999 168.352876311436
7.499999999999989 168.352876311436
7.599999999999989 168.352876311436
7.699999999999989 168.352876311436
7.799999999999988 168.352876311436
7.899999999999988 168.352876311436
7.999999999999988 168.352876311436
8.099999999999987 168.352876311436
8.199999999999987 168.352876311436
8.299999999999986 168.352876311436
8.399999999999986 168.352876311436
8.499999999999986 168.352876311436
8.599999999999985 168.352876311436
8.699999999999985 168.352876311436
8.799999999999985 168.352876311436
8.899999999999984 168.352876311436
8.999999999999984 168.352876311436
9.099999999999984 168.352876311436
9.199999999999983 168.352876311436
9.299999999999983 168.352876311436
9.399999999999983 168.352876311436
9.499999999999982 168.352876311436
9.599999999999982 168.352876311436
9.699999999999982 168.352876311436
9.799999999999981 168.352876311436
9.899999999999981 168.352876311436
9.99999999999998 168.352876311436
10.09999999999998 168.352876311436
10.19999999999998 168.352876311436
10.29999999999998 168.352876311436
10.39999999999998 168.352876311436
10.49999999999998 168.352876311436
10.59999999999998 168.352876311436
10.69999999999998 168.352876311436
10.79999999999998 168.352876311436
10.89999999999998 168.352876311436
10.99999999999998 168.352876311436
11.09999999999998 168.352876311436
11.19999999999998 168.352876311436
11.29999999999998 168.352876311436
11.39999999999998 168.352876311436
11.49999999999998 168.352876311436
11.59999999999997 168.352876311436
11.69999999999997 168.352876311436
11.79999999999997 168.352876311436
11.89999999999997 168.352876311436
11.99999999999997 168.352876311436
12.09999999999997 168.352876311436
12.19999999999997 168.352876311436
12.29999999999997 168.352876311436
12.39999999999997 168.352876311436
12.49999999999997 168.352876311436
12.59999999999997 168.352876311436
12.69999999999997 168.352876311436
12.79999999999997 168.352876311436
12.89999999999997 168.352876311436
12.99999999999997 168.352876311436
13.09999999999997 168.352876311436
13.19999999999997 168.352876311436
13.29999999999997 168.352876311436
13.39999999999997 168.352876311436
13.49999999999997 168.352876311436
13.59999999999997 168.352876311436
13.69999999999997 168.352876311436
13.79999999999997 168.352876311436
13.89999999999997 168.352876311436
13.99999999999997 168.352876311436
14.09999999999997 168.352876311436
14.19999999999997 168.352876311436
14.29999999999997 168.352876311436
14.39999999999996 168.352876311436
14.49999999999996 168.352876311436
14.59999999999996 168.352876311436
14.69999999999996 168.352876311436
14.79999999999996 168.352876311436
14.89999999999996 168.352876311436
14.99999999999996 168.352876311436
15.09999999999996 168.352876311436
15.19999999999996 168.352876311436
15.29999999999996 168.352876311436
15.39999999999996 168.352876311436
15.49999999999996 168.352876311436
15.59999999999996 168.352876311436
15.69999999999996 168.352876311436
15.79999999999996 168.352876311436
15.89999999999996 168.352876311436
15.99999999999996 168.352876311436
16.09999999999996 168.352876311436
16.19999999999996 168.352876311436
16.29999999999996 168.352876311436
16.39999999999996 168.352876311436
16.49999999999996 168.352876311436
16.59999999999997 168.352876311436
16.69999999999997 168.352876311436
16.79999999999997 168.352876311436
16.89999999999997 168.352876311436
16.99999999999997 168.352876311436
17.09999999999997 168.352876311436
17.19999999999997 168.352876311436
17.29999999999998 168.352876311436
17.39999999999998 168.352876311436
17.49999999999998 168.352876311436
17.59999999999998 168.352876311436
17.69999999999998 168.352876311436
17.79999999999998 168.352876311436
17.89999999999998 168.352876311436
17.99999999999999 168.352876311436
18.09999999999999 168.352876311436
18.19999999999999 168.352876311436
18.29999999999999 168.352876311436
18.39999999999999 168.352876311436
18.49999999999999 168.352876311436
18.59999999999999 168.352876311436
18.7 168.352876311436
18.8 168.352876311436
18.9 168.352876311436
19 168.352876311436
19.1 168.352876311436
19.2 168.352876311436
19.3 168.352876311436
19.40000000000001 168.352876311436
19.50000000000001 168.352876311436
19.60000000000001 168.352876311436
19.70000000000001 168.352876311436
19.80000000000001 168.352876311436
19.90000000000001 168.352876311436
20.00000000000001 168.352876311436
20.10000000000002 168.352876311436
20.20000000000002 168.352876311436
20.30000000000002 168.352876311436
20.40000000000002 168.352876311436
20.50000000000002 168.352876311436
20.60000000000002 168.352876311436
20.70000000000002 168.352876311436
20.80000000000003 168.352876311436
20.90000000000003 168.352876311436
21.00000000000003 168.352876311436
21.10000000000003 168.352876311436
21.20000000000003 168.352876311436
21.30000000000003 168.352876311436
21.40000000000003 168.352876311436
21.50000000000004 168.352876311436
21.60000000000004 168.352876311436
21.70000000000004 168.3528763114361
21.80000000000004 168.3528763114361
21.90000000000004 168.3528763114361
22.00000000000004 168.3528763114361
22.10000000000004 168.3528763114361
22.20000000000005 168.3528763114361
22.30000000000005 168.3528763114361
22.40000000000005 168.3528763114361
22.50000000000005 168.3528763114361
22.60000000000005 168.3528763114361
22.70000000000005 168.3528763114361
22.80000000000005 168.3528763114361
22.90000000000006 168.3528763114361
23.00000000000006 168.3528763114361
23.10000000000006 168.3528763114361
23.20000000000006 168.3528763114361
23.30000000000006 168.3528763114361
23.40000000000006 168.3528763114361
23.50000000000006 168.3528763114361
23.60000000000007 168.3528763114361
23.70000000000007 168.3528763114361
23.80000000000007 168.3528763114361
23.90000000000007 168.3528763114361
24.00000000000007 168.3528763114361
24.10000000000007 168.3528763114361
24.20000000000007 168.3528763114361
24.30000000000008 168.3528763114361
24.40000000000008 168.3528763114361
24.50000000000008 168.3528763114361
24.60000000000008 168.3528763114361
24.70000000000008 168.3528763114361
24.80000000000008 168.3528763114361
24.90000000000008 168.3528763114361
25.00000000000009 168.3528763114361
25.10000000000009 168.3528763114361
25.20000000000009 168.3528763114361
25.30000000000009 168.3528763114361
25.40000000000009 168.3528763114361
25.50000000000009 168.3528763114361
25.60000000000009 168.3528763114361
25.7000000000001 168.3528763114361
25.8000000000001 168.3528763114361
25.9000000000001 168.3528763114361
26.0000000000001 168.3528763114361
26.1000000000001 168.3528763114361
26.2000000000001 168.3528763114361
26.3000000000001 168.3528763114361
26.40000000000011 168.3528763114361
26.50000000000011 168.3528763114361
26.60000000000011 168.3528763114361
26.70000000000011 168.3528763114361
26.80000000000011 168.3528763114361
26.90000000000011 168.3528763114361
27.00000000000011 168.3528763114361
27.10000000000012 168.3528763114361
27.20000000000012 168.3528763114361
27.30000000000012 168.3528763114361
27.40000000000012 168.3528763114361
27.50000000000012 168.3528763114361
27.60000000000012 168.3528763114361
27.70000000000012 168.3528763114361
27.80000000000013 168.3528763114361
27.90000000000013 168.3528763114361
28.00000000000013 168.3528763114361
28.10000000000013 168.3528763114361
28.20000000000013 168.3528763114361
28.30000000000013 168.3528763114361
28.40000000000013 168.3528763114361
28.50000000000014 168.3528763114361
28.60000000000014 168.3528763114361
28.70000000000014 168.3528763114361
28.80000000000014 168.3528763114361
28.90000000000014 168.3528763114361
29.00000000000014 168.3528763114361
29.10000000000014 168.3528763114361
29.20000000000014 168.3528763114361
29.30000000000015 168.3528763114361
29.40000000000015 168.3528763114361
29.50000000000015 168.3528763114361
29.60000000000015 168.3528763114361
29.70000000000015 168.3528763114361
29.80000000000015 168.3528763114361
29.90000000000015 168.3528763114361
30.00000000000016 168.3528763114361
30.10000000000016 168.3528763114361
30.20000000000016 168.3528763114361
30.30000000000016 168.3528763114361
30.40000000000016 168.3528763114361
30.50000000000016 168.3528763114361
30.60000000000016 168.3528763114361
30.70000000000017 168.3528763114361
30.80000000000017 168.3528763114361
30.90000000000017 168.3528763114361
31.00000000000017 168.3528763114361
31.10000000000017 168.3528763114361
31.20000000000017 168.3528763114361
31.30000000000017 168.3528763114361
31.40000000000018 168.3528763114361
31.50000000000018 168.3528763114361
31.60000000000018 168.3528763114361
31.70000000000018 168.3528763114361
31.80000000000018 168.3528763114361
31.90000000000018 168.3528763114361
32.00000000000018 168.3528763114361
32.10000000000019 168.3528763114361
32.20000000000019 168.3528763114361
32.30000000000019 168.3528763114361
32.40000000000019 168.3528763114361
32.50000000000019 168.3528763114361
32.60000000000019 168.3528763114361
32.70000000000019 168.3528763114361
32.8000000000002 168.3528763114361
32.9000000000002 168.3528763114361
33.0000000000002 168.3528763114361
33.1000000000002 168.3528763114361
33.2000000000002 168.3528763114361
33.3000000000002 168.3528763114361
33.4000000000002 168.3528763114361
33.50000000000021 168.3528763114361
33.60000000000021 168.3528763114361
33.70000000000021 168.3528763114361
33.80000000000021 168.3528763114361
33.90000000000021 168.3528763114361
34.00000000000021 168.3528763114361
34.10000000000021 168.3528763114361
34.20000000000022 168.3528763114361
34.30000000000022 168.3528763114361
34.40000000000022 168.3528763114361
34.50000000000022 168.3528763114361
34.60000000000022 168.3528763114361
34.70000000000022 168.3528763114361
34.80000000000022 168.3528763114361
34.90000000000023 168.3528763114361
35.00000000000023 168.3528763114361
35.10000000000023 168.3528763114361
35.20000000000023 168.3528763114361
35.30000000000023 168.3528763114361
35.40000000000023 168.3528763114361
35.50000000000023 168.3528763114361
35.60000000000024 168.3528763114361
35.70000000000024 168.3528763114361
35.80000000000024 168.3528763114361
35.90000000000024 168.3528763114361
36.00000000000024 168.3528763114361
36.10000000000024 168.3528763114361
36.20000000000024 168.3528763114361
36.30000000000025 168.3528763114361
36.40000000000025 168.3528763114361
36.50000000000025 168.3528763114361
36.60000000000025 168.3528763114361
36.70000000000025 168.3528763114361
36.80000000000025 168.3528763114361
36.90000000000025 168.3528763114361
37.00000000000026 168.3528763114361
37.10000000000026 168.3528763114361
37.20000000000026 168.3528763114361
37.30000000000026 168.3528763114361
37.40000000000026 168.3528763114361
37.50000000000026 168.3528763114361
37.60000000000026 168.3528763114361
37.70000000000027 168.3528763114361
37.80000000000027 168.3528763114361
37.90000000000027 168.3528763114361
38.00000000000027 168.3528763114361
38.10000000000027 168.3528763114361
38.20000000000027 168.3528763114361
38.30000000000027 168.3528763114361
38.40000000000028 168.3528763114361
38.50000000000028 168.3528763114361
38.60000000000028 168.3528763114361
38.70000000000028 168.3528763114361
38.80000000000028 168.3528763114361
38.90000000000028 168.3528763114361
39.00000000000028 168.3528763114361
39.10000000000029 168.3528763114361
39.20000000000029 168.3528763114361
39.30000000000029 168.3528763114361
39.40000000000029 168.3528763114361
39.50000000000029 168.3528763114361
39.60000000000029 168.3528763114361
39.70000000000029 168.3528763114361
39.8000000000003 168.3528763114361
39.9000000000003 168.3528763114361
40.0000000000003 168.3528763114361
40.1000000000003 168.3528763114361
40.2000000000003 168.3528763114361
40.3000000000003 168.3528763114361
40.4000000000003 168.3528763114361
40.50000000000031 168.3528763114361
40.60000000000031 168.3528763114361
40.70000000000031 168.3528763114361
40.80000000000031 168.3528763114361
40.90000000000031 168.3528763114361
41.00000000000031 168.3528763114361
41.10000000000031 168.3528763114361
41.20000000000032 168.3528763114361
41.30000000000032 168.3528763114361
41.40000000000032 168.3528763114361
41.50000000000032 168.3528763114361
41.60000000000032 168.3528763114361
41.70000000000032 168.3528763114361
41.80000000000032 168.3528763114361
41.90000000000033 168.3528763114361
42.00000000000033 168.3528763114361
42.10000000000033 168.3528763114361
42.20000000000033 168.3528763114361
42.30000000000033 168.3528763114361
42.40000000000033 168.3528763114361
42.50000000000033 168.3528763114361
42.60000000000034 168.3528763114361
42.70000000000034 168.3528763114361
42.80000000000034 168.3528763114361
42.90000000000034 168.3528763114361
43.00000000000034 168.3528763114361
43.10000000000034 168.3528763114361
43.20000000000034 168.3528763114361
43.30000000000035 168.3528763114361
43.40000000000035 168.3528763114361
43.50000000000035 168.3528763114361
43.60000000000035 168.3528763114361
43.70000000000035 168.3528763114361
43.80000000000035 168.3528763114361
43.90000000000035 168.3528763114361
44.00000000000036 168.3528763114361
44.10000000000036 168.3528763114361
44.20000000000036 168.3528763114361
44.30000000000036 168.3528763114361
44.40000000000036 168.3528763114361
44.50000000000036 168.3528763114361
44.60000000000036 168.3528763114361
44.70000000000037 168.3528763114361
44.80000000000037 168.3528763114361
44.90000000000037 168.3528763114361
45.00000000000037 168.3528763114361
45.10000000000037 168.3528763114361
45.20000000000037 168.3528763114361
45.30000000000037 168.3528763114361
45.40000000000038 168.3528763114361
45.50000000000038 168.3528763114361
45.60000000000038 168.3528763114361
45.70000000000038 168.3528763114361
45.80000000000038 168.3528763114361
45.90000000000038 168.3528763114361
46.00000000000038 168.3528763114361
46.10000000000039 168.3528763114361
46.20000000000039 168.3528763114361
46.30000000000039 168.3528763114361
46.40000000000039 168.3528763114361
46.50000000000039 168.3528763114361
46.60000000000039 168.3528763114361
46.70000000000039 168.3528763114361
46.8000000000004 168.3528763114361
46.9000000000004 168.3528763114361
47.0000000000004 168.3528763114361
47.1000000000004 168.3528763114361
47.2000000000004 168.3528763114361
47.3000000000004 168.3528763114361
47.4000000000004 168.3528763114361
47.50000000000041 168.3528763114361
47.60000000000041 168.3528763114361
47.70000000000041 168.3528763114361
47.80000000000041 168.3528763114361
47.90000000000041 168.3528763114361
48.00000000000041 168.3528763114361
48.10000000000041 168.3528763114361
48.20000000000041 168.3528763114361
48.30000000000042 168.3528763114361
48.40000000000042 168.3528763114361
48.50000000000042 168.3528763114361
48.60000000000042 168.3528763114361
48.70000000000042 168.3528763114361
48.80000000000042 168.3528763114361
48.90000000000042 168.3528763114361
49.00000000000043 168.3528763114361
49.10000000000043 168.3528763114361
49.20000000000043 168.3528763114361
49.30000000000043 168.3528763114361
49.40000000000043 168.3528763114361
49.50000000000043 168.3528763114361
49.60000000000043 168.3528763114361
49.70000000000044 168.3528763114361
49.80000000000044 168.3528763114361
49.90000000000044 168.3528763114361