Time X1
0 250
0.1 211.139067738089
0.2 211.1390677382262
0.3 211.1390677382265
0.4 211.1390677382265
0.5 211.1390677382265
0.6 211.1390677382265
0.7 211.1390677382265
0.7999999999999999 211.1390677382265
0.8999999999999999 211.1390677382265
0.9999999999999999 211.1390677382265
1.1 211.1390677382265
1.2 211.1390677382265
1.3 211.1390677382265
1.4 211.1390677382265
1.5 211.1390677382265
1.6 211.1390677382265
1.7 211.1390677382265
1.8 211.1390677382265
1.900000000000001 211.1390677382265
2 211.1390677382265
2.100000000000001 211.1390677382265
2.200000000000001 211.1390677382265
2.300000000000001 211.1390677382265
2.400000000000001 211.1390677382265
2.500000000000001 211.1390677382265
2.600000000000001 211.1390677382265
2.700000000000001 211.1390677382265
2.800000000000001 211.1390677382265
2.900000000000001 211.1390677382265
3.000000000000001 211.1390677382265
3.100000000000001 211.1390677382265
3.200000000000002 211.1390677382265
3.300000000000002 211.1390677382265
3.400000000000002 211.1390677382265
3.500000000000002 211.1390677382265
3.600000000000002 211.1390677382265
3.700000000000002 211.1390677382265
3.800000000000002 211.1390677382265
3.900000000000002 211.1390677382265
4.000000000000002 211.1390677382265
4.100000000000001 211.1390677382265
4.200000000000001 211.1390677382265
4.300000000000001 211.1390677382265
4.4 211.1390677382265
4.5 211.1390677382265
4.6 211.1390677382265
4.699999999999999 211.1390677382265
4.799999999999999 211.1390677382265
4.899999999999999 211.1390677382265
4.999999999999998 211.1390677382265
5.099999999999998 211.1390677382265
5.199999999999998 211.1390677382265
5.299999999999997 211.1390677382265
5.399999999999997 211.1390677382265
5.499999999999996 211.1390677382265
5.599999999999996 211.1390677382265
5.699999999999996 211.1390677382265
5.799999999999995 211.1390677382265
5.899999999999995 211.1390677382265
5.999999999999995 211.1390677382265
6.099999999999994 211.1390677382265
6.199999999999994 211.1390677382265
6.299999999999994 211.1390677382265
6.399999999999993 211.1390677382265
6.499999999999993 211.1390677382265
6.599999999999993 211.1390677382265
6.699999999999992 211.1390677382265
6.799999999999992 211.1390677382265
6.899999999999991 211.1390677382265
6.999999999999991 211.1390677382265
7.099999999999991 211.1390677382265
7.19999999999999 211.1390677382265
7.29999999999999 211.1390677382265
7.39999999999999 211.1390677382265
7.499999999999989 211.1390677382265
7.599999999999989 211.1390677382265
7.699999999999989 211.1390677382265
7.799999999999988 211.1390677382265
7.899999999999988 211.1390677382265
7.999999999999988 211.1390677382265
8.099999999999987 211.1390677382265
8.199999999999987 211.1390677382265
8.299999999999986 211.1390677382265
8.399999999999986 211.1390677382265
8.499999999999986 211.1390677382265
8.599999999999985 211.1390677382265
8.699999999999985 211.1390677382265
8.799999999999985 211.1390677382265
8.899999999999984 211.1390677382265
8.999999999999984 211.1390677382265
9.099999999999984 211.1390677382265
9.199999999999983 211.1390677382265
9.299999999999983 211.1390677382265
9.399999999999983 211.1390677382265
9.499999999999982 211.1390677382265
9.599999999999982 211.1390677382265
9.699999999999982 211.1390677382265
9.799999999999981 211.1390677382265
9.899999999999981 211.1390677382265
9.99999999999998 211.1390677382265
10.09999999999998 211.1390677382265
10.19999999999998 211.1390677382265
10.29999999999998 211.1390677382265
10.39999999999998 211.1390677382265
10.49999999999998 211.1390677382265
10.59999999999998 211.1390677382265
10.69999999999998 211.1390677382265
10.79999999999998 211.1390677382265
10.89999999999998 211.1390677382265
10.99999999999998 211.1390677382265
11.09999999999998 211.1390677382265
11.19999999999998 211.1390677382265
11.29999999999998 211.1390677382265
11.39999999999998 211.1390677382265
11.49999999999998 211.1390677382265
11.59999999999997 211.1390677382265
11.69999999999997 211.1390677382265
11.79999999999997 211.1390677382265
11.89999999999997 211.1390677382265
11.99999999999997 211.1390677382265
12.09999999999997 211.1390677382265
12.19999999999997 211.1390677382265
12.29999999999997 211.1390677382265
12.39999999999997 211.1390677382265
12.49999999999997 211.1390677382265
12.59999999999997 211.1390677382265
12.69999999999997 211.1390677382265
12.79999999999997 211.1390677382265
12.89999999999997 211.1390677382265
12.99999999999997 211.1390677382265
13.09999999999997 211.1390677382265
13.19999999999997 211.1390677382265
13.29999999999997 211.1390677382265
13.39999999999997 211.1390677382265
13.49999999999997 211.1390677382265
13.59999999999997 211.1390677382265
13.69999999999997 211.1390677382265
13.79999999999997 211.1390677382265
13.89999999999997 211.1390677382265
13.99999999999997 211.1390677382265
14.09999999999997 211.1390677382265
14.19999999999997 211.1390677382265
14.29999999999997 211.1390677382265
14.39999999999996 211.1390677382265
14.49999999999996 211.1390677382265
14.59999999999996 211.1390677382265
14.69999999999996 211.1390677382265
14.79999999999996 211.1390677382265
14.89999999999996 211.1390677382265
14.99999999999996 211.1390677382265
15.09999999999996 211.1390677382265
15.19999999999996 211.1390677382265
15.29999999999996 211.1390677382265
15.39999999999996 211.1390677382265
15.49999999999996 211.1390677382265
15.59999999999996 211.1390677382265
15.69999999999996 211.1390677382265
15.79999999999996 211.1390677382265
15.89999999999996 211.1390677382265
15.99999999999996 211.1390677382265
16.09999999999996 211.1390677382265
16.19999999999996 211.1390677382265
16.29999999999996 211.1390677382265
16.39999999999996 211.1390677382265
16.49999999999996 211.1390677382265
16.59999999999997 211.1390677382265
16.69999999999997 211.1390677382265
16.79999999999997 211.1390677382265
16.89999999999997 211.1390677382265
16.99999999999997 211.1390677382265
17.09999999999997 211.1390677382265
17.19999999999997 211.1390677382265
17.29999999999998 211.1390677382265
17.39999999999998 211.1390677382265
17.49999999999998 211.1390677382265
17.59999999999998 211.1390677382265
17.69999999999998 211.1390677382265
17.79999999999998 211.1390677382265
17.89999999999998 211.1390677382265
17.99999999999999 211.1390677382265
18.09999999999999 211.1390677382265
18.19999999999999 211.1390677382265
18.29999999999999 211.1390677382265
18.39999999999999 211.1390677382265
18.49999999999999 211.1390677382265
18.59999999999999 211.1390677382265
18.7 211.1390677382265
18.8 211.1390677382265
18.9 211.1390677382265
19 211.1390677382265
19.1 211.1390677382265
19.2 211.1390677382265
19.3 211.1390677382265
19.40000000000001 211.1390677382265
19.50000000000001 211.1390677382265
19.60000000000001 211.1390677382265
19.70000000000001 211.1390677382265
19.80000000000001 211.1390677382265
19.90000000000001 211.1390677382265
20.00000000000001 211.1390677382265
20.10000000000002 211.1390677382265
20.20000000000002 211.1390677382265
20.30000000000002 211.1390677382265
20.40000000000002 211.1390677382265
20.50000000000002 211.1390677382265
20.60000000000002 211.1390677382265
20.70000000000002 211.1390677382265
20.80000000000003 211.1390677382265
20.90000000000003 211.1390677382265
21.00000000000003 211.1390677382265
21.10000000000003 211.1390677382265
21.20000000000003 211.1390677382265
21.30000000000003 211.1390677382265
21.40000000000003 211.1390677382265
21.50000000000004 211.1390677382265
21.60000000000004 211.1390677382265
21.70000000000004 211.1390677382265
21.80000000000004 211.1390677382265
21.90000000000004 211.1390677382265
22.00000000000004 211.1390677382265
22.10000000000004 211.1390677382265
22.20000000000005 211.1390677382265
22.30000000000005 211.1390677382265
22.40000000000005 211.1390677382265
22.50000000000005 211.1390677382265
22.60000000000005 211.1390677382265
22.70000000000005 211.1390677382265
22.80000000000005 211.1390677382265
22.90000000000006 211.1390677382265
23.00000000000006 211.1390677382265
23.10000000000006 211.1390677382265
23.20000000000006 211.1390677382265
23.30000000000006 211.1390677382265
23.40000000000006 211.1390677382265
23.50000000000006 211.1390677382265
23.60000000000007 211.1390677382265
23.70000000000007 211.1390677382265
23.80000000000007 211.1390677382265
23.90000000000007 211.1390677382265
24.00000000000007 211.1390677382265
24.10000000000007 211.1390677382265
24.20000000000007 211.1390677382265
24.30000000000008 211.1390677382265
24.40000000000008 211.1390677382265
24.50000000000008 211.1390677382265
24.60000000000008 211.1390677382265
24.70000000000008 211.1390677382265
24.80000000000008 211.1390677382265
24.90000000000008 211.1390677382265
25.00000000000009 211.1390677382265
25.10000000000009 211.1390677382265
25.20000000000009 211.1390677382265
25.30000000000009 211.1390677382265
25.40000000000009 211.1390677382265
25.50000000000009 211.1390677382265
25.60000000000009 211.1390677382265
25.7000000000001 211.1390677382265
25.8000000000001 211.1390677382265
25.9000000000001 211.1390677382265
26.0000000000001 211.1390677382265
26.1000000000001 211.1390677382265
26.2000000000001 211.1390677382265
26.3000000000001 211.1390677382265
26.40000000000011 211.1390677382265
26.50000000000011 211.1390677382265
26.60000000000011 211.1390677382265
26.70000000000011 211.1390677382265
26.80000000000011 211.1390677382265
26.90000000000011 211.1390677382265
27.00000000000011 211.1390677382265
27.10000000000012 211.1390677382265
27.20000000000012 211.1390677382265
27.30000000000012 211.1390677382265
27.40000000000012 211.1390677382265
27.50000000000012 211.1390677382265
27.60000000000012 211.1390677382265
27.70000000000012 211.1390677382265
27.80000000000013 211.1390677382265
27.90000000000013 211.1390677382265
28.00000000000013 211.1390677382265
28.10000000000013 211.1390677382265
28.20000000000013 211.1390677382265
28.30000000000013 211.1390677382265
28.40000000000013 211.1390677382265
28.50000000000014 211.1390677382265
28.60000000000014 211.1390677382265
28.70000000000014 211.1390677382265
28.80000000000014 211.1390677382265
28.90000000000014 211.1390677382265
29.00000000000014 211.1390677382265
29.10000000000014 211.1390677382265
29.20000000000014 211.1390677382265
29.30000000000015 211.1390677382265
29.40000000000015 211.1390677382265
29.50000000000015 211.1390677382265
29.60000000000015 211.1390677382265
29.70000000000015 211.1390677382265
29.80000000000015 211.1390677382265
29.90000000000015 211.1390677382265
30.00000000000016 211.1390677382265
30.10000000000016 211.1390677382265
30.20000000000016 211.1390677382265
30.30000000000016 211.1390677382265
30.40000000000016 211.1390677382265
30.50000000000016 211.1390677382265
30.60000000000016 211.1390677382265
30.70000000000017 211.1390677382265
30.80000000000017 211.1390677382265
30.90000000000017 211.1390677382265
31.00000000000017 211.1390677382265
31.10000000000017 211.1390677382265
31.20000000000017 211.1390677382265
31.30000000000017 211.1390677382265
31.40000000000018 211.1390677382265
31.50000000000018 211.1390677382265
31.60000000000018 211.1390677382265
31.70000000000018 211.1390677382265
31.80000000000018 211.1390677382265
31.90000000000018 211.1390677382265
32.00000000000018 211.1390677382265
32.10000000000019 211.1390677382265
32.20000000000019 211.1390677382265
32.30000000000019 211.1390677382265
32.40000000000019 211.1390677382265
32.50000000000019 211.1390677382265
32.60000000000019 211.1390677382265
32.70000000000019 211.1390677382265
32.8000000000002 211.1390677382265
32.9000000000002 211.1390677382265
33.0000000000002 211.1390677382265
33.1000000000002 211.1390677382265
33.2000000000002 211.1390677382265
33.3000000000002 211.1390677382265
33.4000000000002 211.1390677382265
33.50000000000021 211.1390677382265
33.60000000000021 211.1390677382265
33.70000000000021 211.1390677382265
33.80000000000021 211.1390677382265
33.90000000000021 211.1390677382265
34.00000000000021 211.1390677382265
34.10000000000021 211.1390677382265
34.20000000000022 211.1390677382265
34.30000000000022 211.1390677382265
34.40000000000022 211.1390677382265
34.50000000000022 211.1390677382265
34.60000000000022 211.1390677382265
34.70000000000022 211.1390677382265
34.80000000000022 211.1390677382265
34.90000000000023 211.1390677382265
35.00000000000023 211.1390677382265
35.10000000000023 211.1390677382265
35.20000000000023 211.1390677382265
35.30000000000023 211.1390677382265
35.40000000000023 211.1390677382265
35.50000000000023 211.1390677382265
35.60000000000024 211.1390677382265
35.70000000000024 211.1390677382265
35.80000000000024 211.1390677382265
35.90000000000024 211.1390677382265
36.00000000000024 211.1390677382265
36.10000000000024 211.1390677382265
36.20000000000024 211.1390677382265
36.30000000000025 211.1390677382265
36.40000000000025 211.1390677382265
36.50000000000025 211.1390677382265
36.60000000000025 211.1390677382265
36.70000000000025 211.1390677382265
36.80000000000025 211.1390677382265
36.90000000000025 211.1390677382265
37.00000000000026 211.1390677382265
37.10000000000026 211.1390677382265
37.20000000000026 211.1390677382265
37.30000000000026 211.1390677382265
37.40000000000026 211.1390677382265
37.50000000000026 211.1390677382265
37.60000000000026 211.1390677382265
37.70000000000027 211.1390677382265
37.80000000000027 211.1390677382265
37.90000000000027 211.1390677382265
38.00000000000027 211.1390677382265
38.10000000000027 211.1390677382265
38.20000000000027 211.1390677382265
38.30000000000027 211.1390677382265
38.40000000000028 211.1390677382265
38.50000000000028 211.1390677382265
38.60000000000028 211.1390677382265
38.70000000000028 211.1390677382265
38.80000000000028 211.1390677382265
38.90000000000028 211.1390677382265
39.00000000000028 211.1390677382265
39.10000000000029 211.1390677382265
39.20000000000029 211.1390677382265
39.30000000000029 211.1390677382265
39.40000000000029 211.1390677382265
39.50000000000029 211.1390677382265
39.60000000000029 211.1390677382265
39.70000000000029 211.1390677382265
39.8000000000003 211.1390677382265
39.9000000000003 211.1390677382265
40.0000000000003 211.1390677382265
40.1000000000003 211.1390677382265
40.2000000000003 211.1390677382265
40.3000000000003 211.1390677382265
40.4000000000003 211.1390677382265
40.50000000000031 211.1390677382265
40.60000000000031 211.1390677382265
40.70000000000031 211.1390677382265
40.80000000000031 211.1390677382265
40.90000000000031 211.1390677382265
41.00000000000031 211.1390677382265
41.10000000000031 211.1390677382265
41.20000000000032 211.1390677382265
41.30000000000032 211.1390677382265
41.40000000000032 211.1390677382265
41.50000000000032 211.1390677382265
41.60000000000032 211.1390677382265
41.70000000000032 211.1390677382265
41.80000000000032 211.1390677382265
41.90000000000033 211.1390677382265
42.00000000000033 211.1390677382265
42.10000000000033 211.1390677382265
42.20000000000033 211.1390677382265
42.30000000000033 211.1390677382265
42.40000000000033 211.1390677382265
42.50000000000033 211.1390677382265
42.60000000000034 211.1390677382265
42.70000000000034 211.1390677382265
42.80000000000034 211.1390677382265
42.90000000000034 211.1390677382265
43.00000000000034 211.1390677382265
43.10000000000034 211.1390677382265
43.20000000000034 211.1390677382265
43.30000000000035 211.1390677382265
43.40000000000035 211.1390677382265
43.50000000000035 211.1390677382265
43.60000000000035 211.1390677382265
43.70000000000035 211.1390677382265
43.80000000000035 211.1390677382265
43.90000000000035 211.1390677382265
44.00000000000036 211.1390677382265
44.10000000000036 211.1390677382265
44.20000000000036 211.1390677382265
44.30000000000036 211.1390677382265
44.40000000000036 211.1390677382265
44.50000000000036 211.1390677382265
44.60000000000036 211.1390677382265
44.70000000000037 211.1390677382265
44.80000000000037 211.1390677382265
44.90000000000037 211.1390677382265
45.00000000000037 211.1390677382265
45.10000000000037 211.1390677382265
45.20000000000037 211.1390677382265
45.30000000000037 211.1390677382265
45.40000000000038 211.1390677382265
45.50000000000038 211.1390677382265
45.60000000000038 211.1390677382265
45.70000000000038 211.1390677382265
45.80000000000038 211.1390677382265
45.90000000000038 211.1390677382265
46.00000000000038 211.1390677382265
46.10000000000039 211.1390677382265
46.20000000000039 211.1390677382265
46.30000000000039 211.1390677382265
46.40000000000039 211.1390677382265
46.50000000000039 211.1390677382265
46.60000000000039 211.1390677382265
46.70000000000039 211.1390677382265
46.8000000000004 211.1390677382265
46.9000000000004 211.1390677382265
47.0000000000004 211.1390677382265
47.1000000000004 211.1390677382265
47.2000000000004 211.1390677382265
47.3000000000004 211.1390677382265
47.4000000000004 211.1390677382265
47.50000000000041 211.1390677382265
47.60000000000041 211.1390677382265
47.70000000000041 211.1390677382265
47.80000000000041 211.1390677382265
47.90000000000041 211.1390677382265
48.00000000000041 211.1390677382265
48.10000000000041 211.1390677382265
48.20000000000041 211.1390677382265
48.30000000000042 211.1390677382265
48.40000000000042 211.1390677382265
48.50000000000042 211.1390677382265
48.60000000000042 211.1390677382265
48.70000000000042 211.1390677382265
48.80000000000042 211.1390677382265
48.90000000000042 211.1390677382265
49.00000000000043 211.1390677382265
49.10000000000043 211.1390677382265
49.20000000000043 211.1390677382265
49.30000000000043 211.1390677382265
49.40000000000043 211.1390677382265
49.50000000000043 211.1390677382265
49.60000000000043 211.1390677382265
49.70000000000044 211.1390677382265
49.80000000000044 211.1390677382265
49.90000000000044 211.1390677382265