Time X1
0 250
0.1 39.72902625161939
0.2 39.72902625169146
0.3 39.72902625169175
0.4 39.7290262516918
0.5 39.7290262516918
0.6 39.7290262516918
0.7 39.7290262516918
0.7999999999999999 39.7290262516918
0.8999999999999999 39.7290262516918
0.9999999999999999 39.7290262516918
1.1 39.7290262516918
1.2 39.7290262516918
1.3 39.7290262516918
1.4 39.7290262516918
1.5 39.7290262516918
1.6 39.7290262516918
1.7 39.7290262516918
1.8 39.7290262516918
1.900000000000001 39.7290262516918
2 39.7290262516918
2.100000000000001 39.7290262516918
2.200000000000001 39.7290262516918
2.300000000000001 39.7290262516918
2.400000000000001 39.7290262516918
2.500000000000001 39.7290262516918
2.600000000000001 39.7290262516918
2.700000000000001 39.7290262516918
2.800000000000001 39.7290262516918
2.900000000000001 39.7290262516918
3.000000000000001 39.7290262516918
3.100000000000001 39.72902625169181
3.200000000000002 39.72902625169181
3.300000000000002 39.72902625169181
3.400000000000002 39.72902625169181
3.500000000000002 39.72902625169181
3.600000000000002 39.72902625169181
3.700000000000002 39.72902625169181
3.800000000000002 39.72902625169181
3.900000000000002 39.72902625169181
4.000000000000002 39.72902625169181
4.100000000000001 39.72902625169181
4.200000000000001 39.72902625169181
4.300000000000001 39.72902625169181
4.4 39.72902625169181
4.5 39.72902625169181
4.6 39.72902625169181
4.699999999999999 39.72902625169181
4.799999999999999 39.72902625169181
4.899999999999999 39.72902625169181
4.999999999999998 39.72902625169181
5.099999999999998 39.72902625169181
5.199999999999998 39.72902625169181
5.299999999999997 39.72902625169181
5.399999999999997 39.72902625169181
5.499999999999996 39.72902625169181
5.599999999999996 39.72902625169181
5.699999999999996 39.72902625169181
5.799999999999995 39.72902625169181
5.899999999999995 39.72902625169181
5.999999999999995 39.72902625169181
6.099999999999994 39.72902625169181
6.199999999999994 39.72902625169181
6.299999999999994 39.72902625169181
6.399999999999993 39.72902625169181
6.499999999999993 39.72902625169181
6.599999999999993 39.72902625169181
6.699999999999992 39.72902625169181
6.799999999999992 39.72902625169181
6.899999999999991 39.72902625169181
6.999999999999991 39.72902625169181
7.099999999999991 39.7290262516918
7.19999999999999 39.7290262516918
7.29999999999999 39.7290262516918
7.39999999999999 39.7290262516918
7.499999999999989 39.7290262516918
7.599999999999989 39.7290262516918
7.699999999999989 39.7290262516918
7.799999999999988 39.7290262516918
7.899999999999988 39.7290262516918
7.999999999999988 39.7290262516918
8.099999999999987 39.7290262516918
8.199999999999987 39.7290262516918
8.299999999999986 39.7290262516918
8.399999999999986 39.7290262516918
8.499999999999986 39.7290262516918
8.599999999999985 39.7290262516918
8.699999999999985 39.7290262516918
8.799999999999985 39.7290262516918
8.899999999999984 39.7290262516918
8.999999999999984 39.7290262516918
9.099999999999984 39.7290262516918
9.199999999999983 39.7290262516918
9.299999999999983 39.7290262516918
9.399999999999983 39.7290262516918
9.499999999999982 39.7290262516918
9.599999999999982 39.7290262516918
9.699999999999982 39.7290262516918
9.799999999999981 39.7290262516918
9.899999999999981 39.7290262516918
9.99999999999998 39.7290262516918
10.09999999999998 39.7290262516918
10.19999999999998 39.7290262516918
10.29999999999998 39.7290262516918
10.39999999999998 39.7290262516918
10.49999999999998 39.7290262516918
10.59999999999998 39.7290262516918
10.69999999999998 39.7290262516918
10.79999999999998 39.7290262516918
10.89999999999998 39.7290262516918
10.99999999999998 39.7290262516918
11.09999999999998 39.7290262516918
11.19999999999998 39.7290262516918
11.29999999999998 39.7290262516918
11.39999999999998 39.7290262516918
11.49999999999998 39.7290262516918
11.59999999999997 39.7290262516918
11.69999999999997 39.7290262516918
11.79999999999997 39.7290262516918
11.89999999999997 39.7290262516918
11.99999999999997 39.7290262516918
12.09999999999997 39.7290262516918
12.19999999999997 39.7290262516918
12.29999999999997 39.7290262516918
12.39999999999997 39.7290262516918
12.49999999999997 39.7290262516918
12.59999999999997 39.7290262516918
12.69999999999997 39.7290262516918
12.79999999999997 39.7290262516918
12.89999999999997 39.7290262516918
12.99999999999997 39.7290262516918
13.09999999999997 39.7290262516918
13.19999999999997 39.7290262516918
13.29999999999997 39.7290262516918
13.39999999999997 39.7290262516918
13.49999999999997 39.7290262516918
13.59999999999997 39.7290262516918
13.69999999999997 39.7290262516918
13.79999999999997 39.7290262516918
13.89999999999997 39.7290262516918
13.99999999999997 39.7290262516918
14.09999999999997 39.7290262516918
14.19999999999997 39.7290262516918
14.29999999999997 39.7290262516918
14.39999999999996 39.7290262516918
14.49999999999996 39.7290262516918
14.59999999999996 39.7290262516918
14.69999999999996 39.7290262516918
14.79999999999996 39.7290262516918
14.89999999999996 39.7290262516918
14.99999999999996 39.7290262516918
15.09999999999996 39.7290262516918
15.19999999999996 39.7290262516918
15.29999999999996 39.7290262516918
15.39999999999996 39.7290262516918
15.49999999999996 39.7290262516918
15.59999999999996 39.7290262516918
15.69999999999996 39.7290262516918
15.79999999999996 39.7290262516918
15.89999999999996 39.7290262516918
15.99999999999996 39.7290262516918
16.09999999999996 39.7290262516918
16.19999999999996 39.7290262516918
16.29999999999996 39.7290262516918
16.39999999999996 39.7290262516918
16.49999999999996 39.7290262516918
16.59999999999997 39.7290262516918
16.69999999999997 39.7290262516918
16.79999999999997 39.7290262516918
16.89999999999997 39.7290262516918
16.99999999999997 39.7290262516918
17.09999999999997 39.7290262516918
17.19999999999997 39.7290262516918
17.29999999999998 39.7290262516918
17.39999999999998 39.7290262516918
17.49999999999998 39.7290262516918
17.59999999999998 39.7290262516918
17.69999999999998 39.7290262516918
17.79999999999998 39.7290262516918
17.89999999999998 39.7290262516918
17.99999999999999 39.7290262516918
18.09999999999999 39.7290262516918
18.19999999999999 39.7290262516918
18.29999999999999 39.7290262516918
18.39999999999999 39.7290262516918
18.49999999999999 39.7290262516918
18.59999999999999 39.7290262516918
18.7 39.7290262516918
18.8 39.7290262516918
18.9 39.7290262516918
19 39.7290262516918
19.1 39.7290262516918
19.2 39.7290262516918
19.3 39.7290262516918
19.40000000000001 39.7290262516918
19.50000000000001 39.7290262516918
19.60000000000001 39.7290262516918
19.70000000000001 39.7290262516918
19.80000000000001 39.7290262516918
19.90000000000001 39.7290262516918
20.00000000000001 39.7290262516918
20.10000000000002 39.7290262516918
20.20000000000002 39.7290262516918
20.30000000000002 39.7290262516918
20.40000000000002 39.7290262516918
20.50000000000002 39.7290262516918
20.60000000000002 39.7290262516918
20.70000000000002 39.7290262516918
20.80000000000003 39.7290262516918
20.90000000000003 39.7290262516918
21.00000000000003 39.7290262516918
21.10000000000003 39.7290262516918
21.20000000000003 39.7290262516918
21.30000000000003 39.7290262516918
21.40000000000003 39.7290262516918
21.50000000000004 39.7290262516918
21.60000000000004 39.7290262516918
21.70000000000004 39.7290262516918
21.80000000000004 39.7290262516918
21.90000000000004 39.7290262516918
22.00000000000004 39.7290262516918
22.10000000000004 39.7290262516918
22.20000000000005 39.7290262516918
22.30000000000005 39.7290262516918
22.40000000000005 39.7290262516918
22.50000000000005 39.7290262516918
22.60000000000005 39.7290262516918
22.70000000000005 39.7290262516918
22.80000000000005 39.7290262516918
22.90000000000006 39.7290262516918
23.00000000000006 39.7290262516918
23.10000000000006 39.7290262516918
23.20000000000006 39.7290262516918
23.30000000000006 39.7290262516918
23.40000000000006 39.7290262516918
23.50000000000006 39.7290262516918
23.60000000000007 39.7290262516918
23.70000000000007 39.7290262516918
23.80000000000007 39.7290262516918
23.90000000000007 39.7290262516918
24.00000000000007 39.7290262516918
24.10000000000007 39.7290262516918
24.20000000000007 39.7290262516918
24.30000000000008 39.7290262516918
24.40000000000008 39.7290262516918
24.50000000000008 39.7290262516918
24.60000000000008 39.7290262516918
24.70000000000008 39.7290262516918
24.80000000000008 39.7290262516918
24.90000000000008 39.7290262516918
25.00000000000009 39.7290262516918
25.10000000000009 39.7290262516918
25.20000000000009 39.7290262516918
25.30000000000009 39.7290262516918
25.40000000000009 39.7290262516918
25.50000000000009 39.7290262516918
25.60000000000009 39.7290262516918
25.7000000000001 39.7290262516918
25.8000000000001 39.7290262516918
25.9000000000001 39.7290262516918
26.0000000000001 39.7290262516918
26.1000000000001 39.7290262516918
26.2000000000001 39.7290262516918
26.3000000000001 39.7290262516918
26.40000000000011 39.7290262516918
26.50000000000011 39.7290262516918
26.60000000000011 39.7290262516918
26.70000000000011 39.7290262516918
26.80000000000011 39.7290262516918
26.90000000000011 39.7290262516918
27.00000000000011 39.7290262516918
27.10000000000012 39.7290262516918
27.20000000000012 39.7290262516918
27.30000000000012 39.7290262516918
27.40000000000012 39.7290262516918
27.50000000000012 39.7290262516918
27.60000000000012 39.7290262516918
27.70000000000012 39.7290262516918
27.80000000000013 39.7290262516918
27.90000000000013 39.7290262516918
28.00000000000013 39.7290262516918
28.10000000000013 39.7290262516918
28.20000000000013 39.7290262516918
28.30000000000013 39.7290262516918
28.40000000000013 39.7290262516918
28.50000000000014 39.7290262516918
28.60000000000014 39.7290262516918
28.70000000000014 39.7290262516918
28.80000000000014 39.7290262516918
28.90000000000014 39.7290262516918
29.00000000000014 39.7290262516918
29.10000000000014 39.7290262516918
29.20000000000014 39.7290262516918
29.30000000000015 39.7290262516918
29.40000000000015 39.7290262516918
29.50000000000015 39.7290262516918
29.60000000000015 39.7290262516918
29.70000000000015 39.7290262516918
29.80000000000015 39.7290262516918
29.90000000000015 39.7290262516918
30.00000000000016 39.7290262516918
30.10000000000016 39.7290262516918
30.20000000000016 39.7290262516918
30.30000000000016 39.7290262516918
30.40000000000016 39.7290262516918
30.50000000000016 39.7290262516918
30.60000000000016 39.7290262516918
30.70000000000017 39.7290262516918
30.80000000000017 39.7290262516918
30.90000000000017 39.7290262516918
31.00000000000017 39.7290262516918
31.10000000000017 39.7290262516918
31.20000000000017 39.7290262516918
31.30000000000017 39.7290262516918
31.40000000000018 39.7290262516918
31.50000000000018 39.7290262516918
31.60000000000018 39.7290262516918
31.70000000000018 39.7290262516918
31.80000000000018 39.7290262516918
31.90000000000018 39.7290262516918
32.00000000000018 39.7290262516918
32.10000000000019 39.7290262516918
32.20000000000019 39.7290262516918
32.30000000000019 39.7290262516918
32.40000000000019 39.7290262516918
32.50000000000019 39.7290262516918
32.60000000000019 39.7290262516918
32.70000000000019 39.7290262516918
32.8000000000002 39.7290262516918
32.9000000000002 39.7290262516918
33.0000000000002 39.7290262516918
33.1000000000002 39.7290262516918
33.2000000000002 39.7290262516918
33.3000000000002 39.7290262516918
33.4000000000002 39.7290262516918
33.50000000000021 39.7290262516918
33.60000000000021 39.7290262516918
33.70000000000021 39.7290262516918
33.80000000000021 39.7290262516918
33.90000000000021 39.7290262516918
34.00000000000021 39.7290262516918
34.10000000000021 39.7290262516918
34.20000000000022 39.7290262516918
34.30000000000022 39.7290262516918
34.40000000000022 39.7290262516918
34.50000000000022 39.7290262516918
34.60000000000022 39.7290262516918
34.70000000000022 39.7290262516918
34.80000000000022 39.7290262516918
34.90000000000023 39.7290262516918
35.00000000000023 39.7290262516918
35.10000000000023 39.7290262516918
35.20000000000023 39.7290262516918
35.30000000000023 39.7290262516918
35.40000000000023 39.7290262516918
35.50000000000023 39.7290262516918
35.60000000000024 39.7290262516918
35.70000000000024 39.7290262516918
35.80000000000024 39.7290262516918
35.90000000000024 39.7290262516918
36.00000000000024 39.7290262516918
36.10000000000024 39.7290262516918
36.20000000000024 39.7290262516918
36.30000000000025 39.7290262516918
36.40000000000025 39.7290262516918
36.50000000000025 39.7290262516918
36.60000000000025 39.7290262516918
36.70000000000025 39.7290262516918
36.80000000000025 39.7290262516918
36.90000000000025 39.7290262516918
37.00000000000026 39.7290262516918
37.10000000000026 39.7290262516918
37.20000000000026 39.7290262516918
37.30000000000026 39.7290262516918
37.40000000000026 39.7290262516918
37.50000000000026 39.7290262516918
37.60000000000026 39.7290262516918
37.70000000000027 39.7290262516918
37.80000000000027 39.7290262516918
37.90000000000027 39.7290262516918
38.00000000000027 39.7290262516918
38.10000000000027 39.7290262516918
38.20000000000027 39.7290262516918
38.30000000000027 39.7290262516918
38.40000000000028 39.7290262516918
38.50000000000028 39.7290262516918
38.60000000000028 39.7290262516918
38.70000000000028 39.7290262516918
38.80000000000028 39.7290262516918
38.90000000000028 39.7290262516918
39.00000000000028 39.7290262516918
39.10000000000029 39.7290262516918
39.20000000000029 39.7290262516918
39.30000000000029 39.7290262516918
39.40000000000029 39.7290262516918
39.50000000000029 39.7290262516918
39.60000000000029 39.7290262516918
39.70000000000029 39.7290262516918
39.8000000000003 39.7290262516918
39.9000000000003 39.7290262516918
40.0000000000003 39.7290262516918
40.1000000000003 39.7290262516918
40.2000000000003 39.7290262516918
40.3000000000003 39.7290262516918
40.4000000000003 39.7290262516918
40.50000000000031 39.7290262516918
40.60000000000031 39.7290262516918
40.70000000000031 39.7290262516918
40.80000000000031 39.7290262516918
40.90000000000031 39.7290262516918
41.00000000000031 39.7290262516918
41.10000000000031 39.7290262516918
41.20000000000032 39.7290262516918
41.30000000000032 39.7290262516918
41.40000000000032 39.7290262516918
41.50000000000032 39.7290262516918
41.60000000000032 39.7290262516918
41.70000000000032 39.7290262516918
41.80000000000032 39.7290262516918
41.90000000000033 39.7290262516918
42.00000000000033 39.7290262516918
42.10000000000033 39.7290262516918
42.20000000000033 39.7290262516918
42.30000000000033 39.7290262516918
42.40000000000033 39.7290262516918
42.50000000000033 39.7290262516918
42.60000000000034 39.7290262516918
42.70000000000034 39.7290262516918
42.80000000000034 39.7290262516918
42.90000000000034 39.7290262516918
43.00000000000034 39.7290262516918
43.10000000000034 39.7290262516918
43.20000000000034 39.7290262516918
43.30000000000035 39.7290262516918
43.40000000000035 39.7290262516918
43.50000000000035 39.7290262516918
43.60000000000035 39.7290262516918
43.70000000000035 39.7290262516918
43.80000000000035 39.7290262516918
43.90000000000035 39.7290262516918
44.00000000000036 39.7290262516918
44.10000000000036 39.7290262516918
44.20000000000036 39.7290262516918
44.30000000000036 39.7290262516918
44.40000000000036 39.7290262516918
44.50000000000036 39.7290262516918
44.60000000000036 39.7290262516918
44.70000000000037 39.7290262516918
44.80000000000037 39.7290262516918
44.90000000000037 39.7290262516918
45.00000000000037 39.7290262516918
45.10000000000037 39.7290262516918
45.20000000000037 39.7290262516918
45.30000000000037 39.7290262516918
45.40000000000038 39.7290262516918
45.50000000000038 39.7290262516918
45.60000000000038 39.7290262516918
45.70000000000038 39.7290262516918
45.80000000000038 39.7290262516918
45.90000000000038 39.7290262516918
46.00000000000038 39.7290262516918
46.10000000000039 39.7290262516918
46.20000000000039 39.7290262516918
46.30000000000039 39.7290262516918
46.40000000000039 39.7290262516918
46.50000000000039 39.7290262516918
46.60000000000039 39.7290262516918
46.70000000000039 39.7290262516918
46.8000000000004 39.7290262516918
46.9000000000004 39.7290262516918
47.0000000000004 39.7290262516918
47.1000000000004 39.7290262516918
47.2000000000004 39.7290262516918
47.3000000000004 39.7290262516918
47.4000000000004 39.7290262516918
47.50000000000041 39.7290262516918
47.60000000000041 39.7290262516918
47.70000000000041 39.7290262516918
47.80000000000041 39.7290262516918
47.90000000000041 39.7290262516918
48.00000000000041 39.7290262516918
48.10000000000041 39.7290262516918
48.20000000000041 39.7290262516918
48.30000000000042 39.7290262516918
48.40000000000042 39.7290262516918
48.50000000000042 39.7290262516918
48.60000000000042 39.7290262516918
48.70000000000042 39.7290262516918
48.80000000000042 39.7290262516918
48.90000000000042 39.7290262516918
49.00000000000043 39.7290262516918
49.10000000000043 39.7290262516918
49.20000000000043 39.7290262516918
49.30000000000043 39.7290262516918
49.40000000000043 39.7290262516918
49.50000000000043 39.7290262516918
49.60000000000043 39.7290262516918
49.70000000000044 39.7290262516918
49.80000000000044 39.7290262516918
49.90000000000044 39.7290262516918