Time X1
0 250
0.1 2.272441043652368
0.2 2.272441043656766
0.3 2.272441043656785
0.4 2.272441043656785
0.5 2.272441043656785
0.6 2.272441043656785
0.7 2.272441043656785
0.7999999999999999 2.272441043656785
0.8999999999999999 2.272441043656785
0.9999999999999999 2.272441043656786
1.1 2.272441043656786
1.2 2.272441043656786
1.3 2.272441043656786
1.4 2.272441043656786
1.5 2.272441043656786
1.6 2.272441043656785
1.7 2.272441043656785
1.8 2.272441043656785
1.900000000000001 2.272441043656785
2 2.272441043656785
2.100000000000001 2.272441043656785
2.200000000000001 2.272441043656785
2.300000000000001 2.272441043656785
2.400000000000001 2.272441043656785
2.500000000000001 2.272441043656785
2.600000000000001 2.272441043656785
2.700000000000001 2.272441043656785
2.800000000000001 2.272441043656785
2.900000000000001 2.272441043656785
3.000000000000001 2.272441043656785
3.100000000000001 2.272441043656785
3.200000000000002 2.272441043656785
3.300000000000002 2.272441043656785
3.400000000000002 2.272441043656785
3.500000000000002 2.272441043656785
3.600000000000002 2.272441043656785
3.700000000000002 2.272441043656785
3.800000000000002 2.272441043656785
3.900000000000002 2.272441043656785
4.000000000000002 2.272441043656785
4.100000000000001 2.272441043656785
4.200000000000001 2.272441043656785
4.300000000000001 2.272441043656785
4.4 2.272441043656785
4.5 2.272441043656785
4.6 2.272441043656785
4.699999999999999 2.272441043656785
4.799999999999999 2.272441043656785
4.899999999999999 2.272441043656785
4.999999999999998 2.272441043656785
5.099999999999998 2.272441043656785
5.199999999999998 2.272441043656785
5.299999999999997 2.272441043656785
5.399999999999997 2.272441043656785
5.499999999999996 2.272441043656785
5.599999999999996 2.272441043656785
5.699999999999996 2.272441043656785
5.799999999999995 2.272441043656785
5.899999999999995 2.272441043656785
5.999999999999995 2.272441043656785
6.099999999999994 2.272441043656786
6.199999999999994 2.272441043656786
6.299999999999994 2.272441043656786
6.399999999999993 2.272441043656786
6.499999999999993 2.272441043656786
6.599999999999993 2.272441043656786
6.699999999999992 2.272441043656786
6.799999999999992 2.272441043656786
6.899999999999991 2.272441043656786
6.999999999999991 2.272441043656786
7.099999999999991 2.272441043656786
7.19999999999999 2.272441043656786
7.29999999999999 2.272441043656786
7.39999999999999 2.272441043656786
7.499999999999989 2.272441043656786
7.599999999999989 2.272441043656786
7.699999999999989 2.272441043656786
7.799999999999988 2.272441043656786
7.899999999999988 2.272441043656786
7.999999999999988 2.272441043656786
8.099999999999987 2.272441043656786
8.199999999999987 2.272441043656786
8.299999999999986 2.272441043656786
8.399999999999986 2.272441043656786
8.499999999999986 2.272441043656786
8.599999999999985 2.272441043656786
8.699999999999985 2.272441043656786
8.799999999999985 2.272441043656786
8.899999999999984 2.272441043656786
8.999999999999984 2.272441043656786
9.099999999999984 2.272441043656786
9.199999999999983 2.272441043656786
9.299999999999983 2.272441043656786
9.399999999999983 2.272441043656786
9.499999999999982 2.272441043656786
9.599999999999982 2.272441043656786
9.699999999999982 2.272441043656786
9.799999999999981 2.272441043656786
9.899999999999981 2.272441043656786
9.99999999999998 2.272441043656786
10.09999999999998 2.272441043656786
10.19999999999998 2.272441043656786
10.29999999999998 2.272441043656786
10.39999999999998 2.272441043656786
10.49999999999998 2.272441043656786
10.59999999999998 2.272441043656786
10.69999999999998 2.272441043656786
10.79999999999998 2.272441043656786
10.89999999999998 2.272441043656786
10.99999999999998 2.272441043656786
11.09999999999998 2.272441043656786
11.19999999999998 2.272441043656786
11.29999999999998 2.272441043656786
11.39999999999998 2.272441043656786
11.49999999999998 2.272441043656786
11.59999999999997 2.272441043656786
11.69999999999997 2.272441043656786
11.79999999999997 2.272441043656786
11.89999999999997 2.272441043656786
11.99999999999997 2.272441043656786
12.09999999999997 2.272441043656786
12.19999999999997 2.272441043656786
12.29999999999997 2.272441043656786
12.39999999999997 2.272441043656786
12.49999999999997 2.272441043656786
12.59999999999997 2.272441043656786
12.69999999999997 2.272441043656786
12.79999999999997 2.272441043656786
12.89999999999997 2.272441043656786
12.99999999999997 2.272441043656786
13.09999999999997 2.272441043656786
13.19999999999997 2.272441043656786
13.29999999999997 2.272441043656786
13.39999999999997 2.272441043656786
13.49999999999997 2.272441043656786
13.59999999999997 2.272441043656786
13.69999999999997 2.272441043656786
13.79999999999997 2.272441043656786
13.89999999999997 2.272441043656786
13.99999999999997 2.272441043656786
14.09999999999997 2.272441043656786
14.19999999999997 2.272441043656786
14.29999999999997 2.272441043656786
14.39999999999996 2.272441043656786
14.49999999999996 2.272441043656786
14.59999999999996 2.272441043656786
14.69999999999996 2.272441043656786
14.79999999999996 2.272441043656786
14.89999999999996 2.272441043656786
14.99999999999996 2.272441043656786
15.09999999999996 2.272441043656786
15.19999999999996 2.272441043656786
15.29999999999996 2.272441043656786
15.39999999999996 2.272441043656786
15.49999999999996 2.272441043656786
15.59999999999996 2.272441043656786
15.69999999999996 2.272441043656786
15.79999999999996 2.272441043656786
15.89999999999996 2.272441043656786
15.99999999999996 2.272441043656786
16.09999999999996 2.272441043656786
16.19999999999996 2.272441043656786
16.29999999999996 2.272441043656786
16.39999999999996 2.272441043656786
16.49999999999996 2.272441043656786
16.59999999999997 2.272441043656786
16.69999999999997 2.272441043656786
16.79999999999997 2.272441043656786
16.89999999999997 2.272441043656786
16.99999999999997 2.272441043656786
17.09999999999997 2.272441043656786
17.19999999999997 2.272441043656786
17.29999999999998 2.272441043656786
17.39999999999998 2.272441043656786
17.49999999999998 2.272441043656786
17.59999999999998 2.272441043656786
17.69999999999998 2.272441043656786
17.79999999999998 2.272441043656786
17.89999999999998 2.272441043656786
17.99999999999999 2.272441043656786
18.09999999999999 2.272441043656786
18.19999999999999 2.272441043656786
18.29999999999999 2.272441043656786
18.39999999999999 2.272441043656786
18.49999999999999 2.272441043656786
18.59999999999999 2.272441043656786
18.7 2.272441043656786
18.8 2.272441043656786
18.9 2.272441043656786
19 2.272441043656786
19.1 2.272441043656786
19.2 2.272441043656786
19.3 2.272441043656786
19.40000000000001 2.272441043656786
19.50000000000001 2.272441043656786
19.60000000000001 2.272441043656786
19.70000000000001 2.272441043656786
19.80000000000001 2.272441043656786
19.90000000000001 2.272441043656786
20.00000000000001 2.272441043656786
20.10000000000002 2.272441043656786
20.20000000000002 2.272441043656786
20.30000000000002 2.272441043656786
20.40000000000002 2.272441043656786
20.50000000000002 2.272441043656785
20.60000000000002 2.272441043656785
20.70000000000002 2.272441043656785
20.80000000000003 2.272441043656785
20.90000000000003 2.272441043656785
21.00000000000003 2.272441043656785
21.10000000000003 2.272441043656785
21.20000000000003 2.272441043656785
21.30000000000003 2.272441043656785
21.40000000000003 2.272441043656785
21.50000000000004 2.272441043656785
21.60000000000004 2.272441043656785
21.70000000000004 2.272441043656785
21.80000000000004 2.272441043656785
21.90000000000004 2.272441043656785
22.00000000000004 2.272441043656785
22.10000000000004 2.272441043656785
22.20000000000005 2.272441043656785
22.30000000000005 2.272441043656785
22.40000000000005 2.272441043656785
22.50000000000005 2.272441043656785
22.60000000000005 2.272441043656785
22.70000000000005 2.272441043656785
22.80000000000005 2.272441043656785
22.90000000000006 2.272441043656785
23.00000000000006 2.272441043656785
23.10000000000006 2.272441043656785
23.20000000000006 2.272441043656785
23.30000000000006 2.272441043656785
23.40000000000006 2.272441043656785
23.50000000000006 2.272441043656785
23.60000000000007 2.272441043656785
23.70000000000007 2.272441043656785
23.80000000000007 2.272441043656785
23.90000000000007 2.272441043656785
24.00000000000007 2.272441043656785
24.10000000000007 2.272441043656785
24.20000000000007 2.272441043656785
24.30000000000008 2.272441043656785
24.40000000000008 2.272441043656785
24.50000000000008 2.272441043656785
24.60000000000008 2.272441043656785
24.70000000000008 2.272441043656785
24.80000000000008 2.272441043656785
24.90000000000008 2.272441043656785
25.00000000000009 2.272441043656785
25.10000000000009 2.272441043656785
25.20000000000009 2.272441043656785
25.30000000000009 2.272441043656785
25.40000000000009 2.272441043656785
25.50000000000009 2.272441043656785
25.60000000000009 2.272441043656785
25.7000000000001 2.272441043656785
25.8000000000001 2.272441043656785
25.9000000000001 2.272441043656785
26.0000000000001 2.272441043656785
26.1000000000001 2.272441043656785
26.2000000000001 2.272441043656785
26.3000000000001 2.272441043656785
26.40000000000011 2.272441043656785
26.50000000000011 2.272441043656785
26.60000000000011 2.272441043656785
26.70000000000011 2.272441043656785
26.80000000000011 2.272441043656785
26.90000000000011 2.272441043656785
27.00000000000011 2.272441043656785
27.10000000000012 2.272441043656785
27.20000000000012 2.272441043656785
27.30000000000012 2.272441043656785
27.40000000000012 2.272441043656785
27.50000000000012 2.272441043656785
27.60000000000012 2.272441043656785
27.70000000000012 2.272441043656785
27.80000000000013 2.272441043656785
27.90000000000013 2.272441043656785
28.00000000000013 2.272441043656785
28.10000000000013 2.272441043656785
28.20000000000013 2.272441043656785
28.30000000000013 2.272441043656785
28.40000000000013 2.272441043656785
28.50000000000014 2.272441043656785
28.60000000000014 2.272441043656785
28.70000000000014 2.272441043656785
28.80000000000014 2.272441043656785
28.90000000000014 2.272441043656785
29.00000000000014 2.272441043656785
29.10000000000014 2.272441043656785
29.20000000000014 2.272441043656785
29.30000000000015 2.272441043656785
29.40000000000015 2.272441043656785
29.50000000000015 2.272441043656785
29.60000000000015 2.272441043656785
29.70000000000015 2.272441043656785
29.80000000000015 2.272441043656785
29.90000000000015 2.272441043656785
30.00000000000016 2.272441043656785
30.10000000000016 2.272441043656785
30.20000000000016 2.272441043656785
30.30000000000016 2.272441043656785
30.40000000000016 2.272441043656785
30.50000000000016 2.272441043656785
30.60000000000016 2.272441043656785
30.70000000000017 2.272441043656785
30.80000000000017 2.272441043656785
30.90000000000017 2.272441043656785
31.00000000000017 2.272441043656785
31.10000000000017 2.272441043656785
31.20000000000017 2.272441043656785
31.30000000000017 2.272441043656785
31.40000000000018 2.272441043656785
31.50000000000018 2.272441043656785
31.60000000000018 2.272441043656785
31.70000000000018 2.272441043656785
31.80000000000018 2.272441043656785
31.90000000000018 2.272441043656785
32.00000000000018 2.272441043656785
32.10000000000019 2.272441043656785
32.20000000000019 2.272441043656785
32.30000000000019 2.272441043656785
32.40000000000019 2.272441043656785
32.50000000000019 2.272441043656785
32.60000000000019 2.272441043656785
32.70000000000019 2.272441043656785
32.8000000000002 2.272441043656785
32.9000000000002 2.272441043656785
33.0000000000002 2.272441043656785
33.1000000000002 2.272441043656785
33.2000000000002 2.272441043656785
33.3000000000002 2.272441043656785
33.4000000000002 2.272441043656785
33.50000000000021 2.272441043656785
33.60000000000021 2.272441043656785
33.70000000000021 2.272441043656785
33.80000000000021 2.272441043656785
33.90000000000021 2.272441043656785
34.00000000000021 2.272441043656785
34.10000000000021 2.272441043656785
34.20000000000022 2.272441043656785
34.30000000000022 2.272441043656785
34.40000000000022 2.272441043656785
34.50000000000022 2.272441043656785
34.60000000000022 2.272441043656785
34.70000000000022 2.272441043656785
34.80000000000022 2.272441043656785
34.90000000000023 2.272441043656785
35.00000000000023 2.272441043656785
35.10000000000023 2.272441043656785
35.20000000000023 2.272441043656785
35.30000000000023 2.272441043656785
35.40000000000023 2.272441043656785
35.50000000000023 2.272441043656785
35.60000000000024 2.272441043656785
35.70000000000024 2.272441043656785
35.80000000000024 2.272441043656785
35.90000000000024 2.272441043656785
36.00000000000024 2.272441043656785
36.10000000000024 2.272441043656785
36.20000000000024 2.272441043656785
36.30000000000025 2.272441043656785
36.40000000000025 2.272441043656785
36.50000000000025 2.272441043656785
36.60000000000025 2.272441043656785
36.70000000000025 2.272441043656785
36.80000000000025 2.272441043656785
36.90000000000025 2.272441043656785
37.00000000000026 2.272441043656785
37.10000000000026 2.272441043656785
37.20000000000026 2.272441043656785
37.30000000000026 2.272441043656785
37.40000000000026 2.272441043656785
37.50000000000026 2.272441043656785
37.60000000000026 2.272441043656785
37.70000000000027 2.272441043656785
37.80000000000027 2.272441043656785
37.90000000000027 2.272441043656785
38.00000000000027 2.272441043656785
38.10000000000027 2.272441043656785
38.20000000000027 2.272441043656785
38.30000000000027 2.272441043656785
38.40000000000028 2.272441043656785
38.50000000000028 2.272441043656785
38.60000000000028 2.272441043656785
38.70000000000028 2.272441043656785
38.80000000000028 2.272441043656785
38.90000000000028 2.272441043656785
39.00000000000028 2.272441043656785
39.10000000000029 2.272441043656785
39.20000000000029 2.272441043656785
39.30000000000029 2.272441043656785
39.40000000000029 2.272441043656785
39.50000000000029 2.272441043656785
39.60000000000029 2.272441043656785
39.70000000000029 2.272441043656785
39.8000000000003 2.272441043656785
39.9000000000003 2.272441043656785
40.0000000000003 2.272441043656785
40.1000000000003 2.272441043656785
40.2000000000003 2.272441043656785
40.3000000000003 2.272441043656785
40.4000000000003 2.272441043656785
40.50000000000031 2.272441043656785
40.60000000000031 2.272441043656785
40.70000000000031 2.272441043656785
40.80000000000031 2.272441043656785
40.90000000000031 2.272441043656785
41.00000000000031 2.272441043656785
41.10000000000031 2.272441043656785
41.20000000000032 2.272441043656785
41.30000000000032 2.272441043656785
41.40000000000032 2.272441043656785
41.50000000000032 2.272441043656785
41.60000000000032 2.272441043656785
41.70000000000032 2.272441043656785
41.80000000000032 2.272441043656785
41.90000000000033 2.272441043656785
42.00000000000033 2.272441043656785
42.10000000000033 2.272441043656785
42.20000000000033 2.272441043656785
42.30000000000033 2.272441043656785
42.40000000000033 2.272441043656785
42.50000000000033 2.272441043656785
42.60000000000034 2.272441043656785
42.70000000000034 2.272441043656785
42.80000000000034 2.272441043656785
42.90000000000034 2.272441043656785
43.00000000000034 2.272441043656785
43.10000000000034 2.272441043656785
43.20000000000034 2.272441043656785
43.30000000000035 2.272441043656785
43.40000000000035 2.272441043656785
43.50000000000035 2.272441043656785
43.60000000000035 2.272441043656785
43.70000000000035 2.272441043656785
43.80000000000035 2.272441043656785
43.90000000000035 2.272441043656785
44.00000000000036 2.272441043656785
44.10000000000036 2.272441043656785
44.20000000000036 2.272441043656785
44.30000000000036 2.272441043656785
44.40000000000036 2.272441043656785
44.50000000000036 2.272441043656785
44.60000000000036 2.272441043656785
44.70000000000037 2.272441043656785
44.80000000000037 2.272441043656785
44.90000000000037 2.272441043656785
45.00000000000037 2.272441043656785
45.10000000000037 2.272441043656785
45.20000000000037 2.272441043656785
45.30000000000037 2.272441043656785
45.40000000000038 2.272441043656785
45.50000000000038 2.272441043656785
45.60000000000038 2.272441043656785
45.70000000000038 2.272441043656785
45.80000000000038 2.272441043656785
45.90000000000038 2.272441043656785
46.00000000000038 2.272441043656785
46.10000000000039 2.272441043656785
46.20000000000039 2.272441043656785
46.30000000000039 2.272441043656785
46.40000000000039 2.272441043656785
46.50000000000039 2.272441043656785
46.60000000000039 2.272441043656785
46.70000000000039 2.272441043656785
46.8000000000004 2.272441043656785
46.9000000000004 2.272441043656785
47.0000000000004 2.272441043656785
47.1000000000004 2.272441043656785
47.2000000000004 2.272441043656785
47.3000000000004 2.272441043656785
47.4000000000004 2.272441043656785
47.50000000000041 2.272441043656785
47.60000000000041 2.272441043656785
47.70000000000041 2.272441043656785
47.80000000000041 2.272441043656785
47.90000000000041 2.272441043656785
48.00000000000041 2.272441043656785
48.10000000000041 2.272441043656785
48.20000000000041 2.272441043656785
48.30000000000042 2.272441043656785
48.40000000000042 2.272441043656785
48.50000000000042 2.272441043656785
48.60000000000042 2.272441043656785
48.70000000000042 2.272441043656785
48.80000000000042 2.272441043656785
48.90000000000042 2.272441043656785
49.00000000000043 2.272441043656785
49.10000000000043 2.272441043656785
49.20000000000043 2.272441043656785
49.30000000000043 2.272441043656785
49.40000000000043 2.272441043656785
49.50000000000043 2.272441043656785
49.60000000000043 2.272441043656785
49.70000000000044 2.272441043656785
49.80000000000044 2.272441043656785
49.90000000000044 2.272441043656785