Time X1
0 250
0.1 191.5983974691704
0.2 191.5983974696809
0.3 191.5983974696832
0.4 191.5983974696835
0.5 191.5983974696835
0.6 191.5983974696835
0.7 191.5983974696835
0.7999999999999999 191.5983974696835
0.8999999999999999 191.5983974696835
0.9999999999999999 191.5983974696835
1.1 191.5983974696835
1.2 191.5983974696835
1.3 191.5983974696835
1.4 191.5983974696835
1.5 191.5983974696835
1.6 191.5983974696835
1.7 191.5983974696835
1.8 191.5983974696835
1.900000000000001 191.5983974696835
2 191.5983974696835
2.100000000000001 191.5983974696835
2.200000000000001 191.5983974696835
2.300000000000001 191.5983974696835
2.400000000000001 191.5983974696835
2.500000000000001 191.5983974696835
2.600000000000001 191.5983974696835
2.700000000000001 191.5983974696835
2.800000000000001 191.5983974696835
2.900000000000001 191.5983974696835
3.000000000000001 191.5983974696835
3.100000000000001 191.5983974696835
3.200000000000002 191.5983974696835
3.300000000000002 191.5983974696835
3.400000000000002 191.5983974696835
3.500000000000002 191.5983974696835
3.600000000000002 191.5983974696835
3.700000000000002 191.5983974696835
3.800000000000002 191.5983974696835
3.900000000000002 191.5983974696835
4.000000000000002 191.5983974696835
4.100000000000001 191.5983974696835
4.200000000000001 191.5983974696835
4.300000000000001 191.5983974696835
4.4 191.5983974696835
4.5 191.5983974696835
4.6 191.5983974696835
4.699999999999999 191.5983974696835
4.799999999999999 191.5983974696835
4.899999999999999 191.5983974696835
4.999999999999998 191.5983974696835
5.099999999999998 191.5983974696835
5.199999999999998 191.5983974696835
5.299999999999997 191.5983974696835
5.399999999999997 191.5983974696835
5.499999999999996 191.5983974696835
5.599999999999996 191.5983974696835
5.699999999999996 191.5983974696835
5.799999999999995 191.5983974696835
5.899999999999995 191.5983974696835
5.999999999999995 191.5983974696835
6.099999999999994 191.5983974696835
6.199999999999994 191.5983974696835
6.299999999999994 191.5983974696835
6.399999999999993 191.5983974696835
6.499999999999993 191.5983974696835
6.599999999999993 191.5983974696835
6.699999999999992 191.5983974696835
6.799999999999992 191.5983974696835
6.899999999999991 191.5983974696835
6.999999999999991 191.5983974696835
7.099999999999991 191.5983974696835
7.19999999999999 191.5983974696835
7.29999999999999 191.5983974696835
7.39999999999999 191.5983974696835
7.499999999999989 191.5983974696835
7.599999999999989 191.5983974696835
7.699999999999989 191.5983974696835
7.799999999999988 191.5983974696835
7.899999999999988 191.5983974696835
7.999999999999988 191.5983974696835
8.099999999999987 191.5983974696835
8.199999999999987 191.5983974696835
8.299999999999986 191.5983974696835
8.399999999999986 191.5983974696835
8.499999999999986 191.5983974696835
8.599999999999985 191.5983974696835
8.699999999999985 191.5983974696835
8.799999999999985 191.5983974696835
8.899999999999984 191.5983974696835
8.999999999999984 191.5983974696835
9.099999999999984 191.5983974696835
9.199999999999983 191.5983974696835
9.299999999999983 191.5983974696835
9.399999999999983 191.5983974696835
9.499999999999982 191.5983974696835
9.599999999999982 191.5983974696835
9.699999999999982 191.5983974696835
9.799999999999981 191.5983974696835
9.899999999999981 191.5983974696835
9.99999999999998 191.5983974696835
10.09999999999998 191.5983974696835
10.19999999999998 191.5983974696835
10.29999999999998 191.5983974696835
10.39999999999998 191.5983974696835
10.49999999999998 191.5983974696835
10.59999999999998 191.5983974696835
10.69999999999998 191.5983974696835
10.79999999999998 191.5983974696835
10.89999999999998 191.5983974696835
10.99999999999998 191.5983974696835
11.09999999999998 191.5983974696835
11.19999999999998 191.5983974696835
11.29999999999998 191.5983974696835
11.39999999999998 191.5983974696835
11.49999999999998 191.5983974696835
11.59999999999997 191.5983974696835
11.69999999999997 191.5983974696835
11.79999999999997 191.5983974696835
11.89999999999997 191.5983974696835
11.99999999999997 191.5983974696835
12.09999999999997 191.5983974696835
12.19999999999997 191.5983974696835
12.29999999999997 191.5983974696835
12.39999999999997 191.5983974696835
12.49999999999997 191.5983974696835
12.59999999999997 191.5983974696835
12.69999999999997 191.5983974696835
12.79999999999997 191.5983974696835
12.89999999999997 191.5983974696835
12.99999999999997 191.5983974696835
13.09999999999997 191.5983974696835
13.19999999999997 191.5983974696835
13.29999999999997 191.5983974696835
13.39999999999997 191.5983974696835
13.49999999999997 191.5983974696835
13.59999999999997 191.5983974696835
13.69999999999997 191.5983974696835
13.79999999999997 191.5983974696835
13.89999999999997 191.5983974696835
13.99999999999997 191.5983974696835
14.09999999999997 191.5983974696835
14.19999999999997 191.5983974696835
14.29999999999997 191.5983974696835
14.39999999999996 191.5983974696835
14.49999999999996 191.5983974696835
14.59999999999996 191.5983974696835
14.69999999999996 191.5983974696835
14.79999999999996 191.5983974696835
14.89999999999996 191.5983974696835
14.99999999999996 191.5983974696835
15.09999999999996 191.5983974696835
15.19999999999996 191.5983974696835
15.29999999999996 191.5983974696835
15.39999999999996 191.5983974696835
15.49999999999996 191.5983974696835
15.59999999999996 191.5983974696835
15.69999999999996 191.5983974696835
15.79999999999996 191.5983974696835
15.89999999999996 191.5983974696835
15.99999999999996 191.5983974696835
16.09999999999996 191.5983974696835
16.19999999999996 191.5983974696835
16.29999999999996 191.5983974696835
16.39999999999996 191.5983974696835
16.49999999999996 191.5983974696835
16.59999999999997 191.5983974696835
16.69999999999997 191.5983974696835
16.79999999999997 191.5983974696835
16.89999999999997 191.5983974696835
16.99999999999997 191.5983974696835
17.09999999999997 191.5983974696835
17.19999999999997 191.5983974696835
17.29999999999998 191.5983974696835
17.39999999999998 191.5983974696835
17.49999999999998 191.5983974696835
17.59999999999998 191.5983974696835
17.69999999999998 191.5983974696835
17.79999999999998 191.5983974696835
17.89999999999998 191.5983974696835
17.99999999999999 191.5983974696835
18.09999999999999 191.5983974696835
18.19999999999999 191.5983974696835
18.29999999999999 191.5983974696835
18.39999999999999 191.5983974696835
18.49999999999999 191.5983974696835
18.59999999999999 191.5983974696835
18.7 191.5983974696835
18.8 191.5983974696835
18.9 191.5983974696835
19 191.5983974696835
19.1 191.5983974696835
19.2 191.5983974696835
19.3 191.5983974696835
19.40000000000001 191.5983974696835
19.50000000000001 191.5983974696835
19.60000000000001 191.5983974696835
19.70000000000001 191.5983974696835
19.80000000000001 191.5983974696835
19.90000000000001 191.5983974696835
20.00000000000001 191.5983974696835
20.10000000000002 191.5983974696835
20.20000000000002 191.5983974696835
20.30000000000002 191.5983974696835
20.40000000000002 191.5983974696835
20.50000000000002 191.5983974696835
20.60000000000002 191.5983974696835
20.70000000000002 191.5983974696835
20.80000000000003 191.5983974696835
20.90000000000003 191.5983974696835
21.00000000000003 191.5983974696835
21.10000000000003 191.5983974696835
21.20000000000003 191.5983974696835
21.30000000000003 191.5983974696835
21.40000000000003 191.5983974696835
21.50000000000004 191.5983974696835
21.60000000000004 191.5983974696835
21.70000000000004 191.5983974696835
21.80000000000004 191.5983974696835
21.90000000000004 191.5983974696835
22.00000000000004 191.5983974696835
22.10000000000004 191.5983974696835
22.20000000000005 191.5983974696835
22.30000000000005 191.5983974696835
22.40000000000005 191.5983974696835
22.50000000000005 191.5983974696835
22.60000000000005 191.5983974696835
22.70000000000005 191.5983974696835
22.80000000000005 191.5983974696835
22.90000000000006 191.5983974696835
23.00000000000006 191.5983974696835
23.10000000000006 191.5983974696835
23.20000000000006 191.5983974696835
23.30000000000006 191.5983974696835
23.40000000000006 191.5983974696835
23.50000000000006 191.5983974696835
23.60000000000007 191.5983974696835
23.70000000000007 191.5983974696835
23.80000000000007 191.5983974696835
23.90000000000007 191.5983974696835
24.00000000000007 191.5983974696835
24.10000000000007 191.5983974696835
24.20000000000007 191.5983974696835
24.30000000000008 191.5983974696835
24.40000000000008 191.5983974696835
24.50000000000008 191.5983974696835
24.60000000000008 191.5983974696835
24.70000000000008 191.5983974696835
24.80000000000008 191.5983974696835
24.90000000000008 191.5983974696835
25.00000000000009 191.5983974696835
25.10000000000009 191.5983974696835
25.20000000000009 191.5983974696835
25.30000000000009 191.5983974696835
25.40000000000009 191.5983974696835
25.50000000000009 191.5983974696835
25.60000000000009 191.5983974696835
25.7000000000001 191.5983974696835
25.8000000000001 191.5983974696835
25.9000000000001 191.5983974696835
26.0000000000001 191.5983974696835
26.1000000000001 191.5983974696835
26.2000000000001 191.5983974696835
26.3000000000001 191.5983974696835
26.40000000000011 191.5983974696835
26.50000000000011 191.5983974696835
26.60000000000011 191.5983974696835
26.70000000000011 191.5983974696835
26.80000000000011 191.5983974696835
26.90000000000011 191.5983974696835
27.00000000000011 191.5983974696835
27.10000000000012 191.5983974696835
27.20000000000012 191.5983974696835
27.30000000000012 191.5983974696835
27.40000000000012 191.5983974696835
27.50000000000012 191.5983974696835
27.60000000000012 191.5983974696835
27.70000000000012 191.5983974696835
27.80000000000013 191.5983974696835
27.90000000000013 191.5983974696835
28.00000000000013 191.5983974696835
28.10000000000013 191.5983974696835
28.20000000000013 191.5983974696835
28.30000000000013 191.5983974696835
28.40000000000013 191.5983974696835
28.50000000000014 191.5983974696835
28.60000000000014 191.5983974696835
28.70000000000014 191.5983974696835
28.80000000000014 191.5983974696835
28.90000000000014 191.5983974696835
29.00000000000014 191.5983974696835
29.10000000000014 191.5983974696835
29.20000000000014 191.5983974696835
29.30000000000015 191.5983974696835
29.40000000000015 191.5983974696835
29.50000000000015 191.5983974696835
29.60000000000015 191.5983974696835
29.70000000000015 191.5983974696835
29.80000000000015 191.5983974696835
29.90000000000015 191.5983974696835
30.00000000000016 191.5983974696835
30.10000000000016 191.5983974696835
30.20000000000016 191.5983974696835
30.30000000000016 191.5983974696835
30.40000000000016 191.5983974696835
30.50000000000016 191.5983974696835
30.60000000000016 191.5983974696835
30.70000000000017 191.5983974696835
30.80000000000017 191.5983974696835
30.90000000000017 191.5983974696835
31.00000000000017 191.5983974696835
31.10000000000017 191.5983974696835
31.20000000000017 191.5983974696835
31.30000000000017 191.5983974696835
31.40000000000018 191.5983974696835
31.50000000000018 191.5983974696835
31.60000000000018 191.5983974696835
31.70000000000018 191.5983974696835
31.80000000000018 191.5983974696835
31.90000000000018 191.5983974696835
32.00000000000018 191.5983974696835
32.10000000000019 191.5983974696835
32.20000000000019 191.5983974696835
32.30000000000019 191.5983974696835
32.40000000000019 191.5983974696835
32.50000000000019 191.5983974696835
32.60000000000019 191.5983974696835
32.70000000000019 191.5983974696835
32.8000000000002 191.5983974696835
32.9000000000002 191.5983974696835
33.0000000000002 191.5983974696835
33.1000000000002 191.5983974696835
33.2000000000002 191.5983974696835
33.3000000000002 191.5983974696835
33.4000000000002 191.5983974696835
33.50000000000021 191.5983974696835
33.60000000000021 191.5983974696835
33.70000000000021 191.5983974696835
33.80000000000021 191.5983974696835
33.90000000000021 191.5983974696835
34.00000000000021 191.5983974696835
34.10000000000021 191.5983974696835
34.20000000000022 191.5983974696835
34.30000000000022 191.5983974696835
34.40000000000022 191.5983974696835
34.50000000000022 191.5983974696835
34.60000000000022 191.5983974696835
34.70000000000022 191.5983974696835
34.80000000000022 191.5983974696835
34.90000000000023 191.5983974696835
35.00000000000023 191.5983974696835
35.10000000000023 191.5983974696835
35.20000000000023 191.5983974696835
35.30000000000023 191.5983974696835
35.40000000000023 191.5983974696835
35.50000000000023 191.5983974696835
35.60000000000024 191.5983974696835
35.70000000000024 191.5983974696835
35.80000000000024 191.5983974696835
35.90000000000024 191.5983974696835
36.00000000000024 191.5983974696835
36.10000000000024 191.5983974696835
36.20000000000024 191.5983974696835
36.30000000000025 191.5983974696835
36.40000000000025 191.5983974696835
36.50000000000025 191.5983974696835
36.60000000000025 191.5983974696835
36.70000000000025 191.5983974696835
36.80000000000025 191.5983974696835
36.90000000000025 191.5983974696835
37.00000000000026 191.5983974696835
37.10000000000026 191.5983974696835
37.20000000000026 191.5983974696835
37.30000000000026 191.5983974696835
37.40000000000026 191.5983974696835
37.50000000000026 191.5983974696835
37.60000000000026 191.5983974696835
37.70000000000027 191.5983974696835
37.80000000000027 191.5983974696835
37.90000000000027 191.5983974696835
38.00000000000027 191.5983974696835
38.10000000000027 191.5983974696835
38.20000000000027 191.5983974696835
38.30000000000027 191.5983974696835
38.40000000000028 191.5983974696835
38.50000000000028 191.5983974696835
38.60000000000028 191.5983974696835
38.70000000000028 191.5983974696835
38.80000000000028 191.5983974696835
38.90000000000028 191.5983974696835
39.00000000000028 191.5983974696835
39.10000000000029 191.5983974696835
39.20000000000029 191.5983974696835
39.30000000000029 191.5983974696835
39.40000000000029 191.5983974696835
39.50000000000029 191.5983974696835
39.60000000000029 191.5983974696835
39.70000000000029 191.5983974696835
39.8000000000003 191.5983974696835
39.9000000000003 191.5983974696835
40.0000000000003 191.5983974696835
40.1000000000003 191.5983974696835
40.2000000000003 191.5983974696835
40.3000000000003 191.5983974696835
40.4000000000003 191.5983974696835
40.50000000000031 191.5983974696835
40.60000000000031 191.5983974696835
40.70000000000031 191.5983974696835
40.80000000000031 191.5983974696835
40.90000000000031 191.5983974696835
41.00000000000031 191.5983974696835
41.10000000000031 191.5983974696835
41.20000000000032 191.5983974696835
41.30000000000032 191.5983974696835
41.40000000000032 191.5983974696835
41.50000000000032 191.5983974696835
41.60000000000032 191.5983974696835
41.70000000000032 191.5983974696835
41.80000000000032 191.5983974696835
41.90000000000033 191.5983974696835
42.00000000000033 191.5983974696835
42.10000000000033 191.5983974696835
42.20000000000033 191.5983974696835
42.30000000000033 191.5983974696835
42.40000000000033 191.5983974696835
42.50000000000033 191.5983974696835
42.60000000000034 191.5983974696835
42.70000000000034 191.5983974696835
42.80000000000034 191.5983974696835
42.90000000000034 191.5983974696835
43.00000000000034 191.5983974696835
43.10000000000034 191.5983974696835
43.20000000000034 191.5983974696835
43.30000000000035 191.5983974696835
43.40000000000035 191.5983974696835
43.50000000000035 191.5983974696835
43.60000000000035 191.5983974696835
43.70000000000035 191.5983974696835
43.80000000000035 191.5983974696835
43.90000000000035 191.5983974696835
44.00000000000036 191.5983974696835
44.10000000000036 191.5983974696835
44.20000000000036 191.5983974696835
44.30000000000036 191.5983974696835
44.40000000000036 191.5983974696835
44.50000000000036 191.5983974696835
44.60000000000036 191.5983974696835
44.70000000000037 191.5983974696835
44.80000000000037 191.5983974696835
44.90000000000037 191.5983974696835
45.00000000000037 191.5983974696835
45.10000000000037 191.5983974696835
45.20000000000037 191.5983974696835
45.30000000000037 191.5983974696835
45.40000000000038 191.5983974696835
45.50000000000038 191.5983974696835
45.60000000000038 191.5983974696835
45.70000000000038 191.5983974696835
45.80000000000038 191.5983974696835
45.90000000000038 191.5983974696835
46.00000000000038 191.5983974696835
46.10000000000039 191.5983974696835
46.20000000000039 191.5983974696835
46.30000000000039 191.5983974696835
46.40000000000039 191.5983974696835
46.50000000000039 191.5983974696835
46.60000000000039 191.5983974696835
46.70000000000039 191.5983974696835
46.8000000000004 191.5983974696835
46.9000000000004 191.5983974696835
47.0000000000004 191.5983974696835
47.1000000000004 191.5983974696835
47.2000000000004 191.5983974696835
47.3000000000004 191.5983974696835
47.4000000000004 191.5983974696835
47.50000000000041 191.5983974696835
47.60000000000041 191.5983974696835
47.70000000000041 191.5983974696835
47.80000000000041 191.5983974696835
47.90000000000041 191.5983974696835
48.00000000000041 191.5983974696835
48.10000000000041 191.5983974696835
48.20000000000041 191.5983974696835
48.30000000000042 191.5983974696835
48.40000000000042 191.5983974696835
48.50000000000042 191.5983974696835
48.60000000000042 191.5983974696835
48.70000000000042 191.5983974696835
48.80000000000042 191.5983974696835
48.90000000000042 191.5983974696835
49.00000000000043 191.5983974696835
49.10000000000043 191.5983974696835
49.20000000000043 191.5983974696835
49.30000000000043 191.5983974696835
49.40000000000043 191.5983974696835
49.50000000000043 191.5983974696835
49.60000000000043 191.5983974696835
49.70000000000044 191.5983974696835
49.80000000000044 191.5983974696835
49.90000000000044 191.5983974696835