Time X1
0 250
0.1 36.23095044738934
0.2 36.23095044740547
0.3 36.23095044740549
0.4 36.23095044740549
0.5 36.23095044740549
0.6 36.23095044740549
0.7 36.23095044740549
0.7999999999999999 36.23095044740549
0.8999999999999999 36.23095044740549
0.9999999999999999 36.23095044740549
1.1 36.23095044740549
1.2 36.23095044740549
1.3 36.23095044740549
1.4 36.23095044740549
1.5 36.23095044740549
1.6 36.23095044740549
1.7 36.23095044740549
1.8 36.23095044740549
1.900000000000001 36.23095044740549
2 36.23095044740549
2.100000000000001 36.2309504474055
2.200000000000001 36.2309504474055
2.300000000000001 36.23095044740549
2.400000000000001 36.23095044740549
2.500000000000001 36.23095044740549
2.600000000000001 36.23095044740549
2.700000000000001 36.23095044740549
2.800000000000001 36.23095044740549
2.900000000000001 36.23095044740549
3.000000000000001 36.23095044740549
3.100000000000001 36.23095044740549
3.200000000000002 36.23095044740549
3.300000000000002 36.23095044740549
3.400000000000002 36.23095044740549
3.500000000000002 36.23095044740549
3.600000000000002 36.23095044740549
3.700000000000002 36.23095044740549
3.800000000000002 36.23095044740549
3.900000000000002 36.23095044740549
4.000000000000002 36.23095044740549
4.100000000000001 36.23095044740549
4.200000000000001 36.23095044740549
4.300000000000001 36.23095044740549
4.4 36.23095044740549
4.5 36.23095044740549
4.6 36.23095044740549
4.699999999999999 36.23095044740549
4.799999999999999 36.23095044740549
4.899999999999999 36.23095044740549
4.999999999999998 36.23095044740549
5.099999999999998 36.23095044740549
5.199999999999998 36.23095044740549
5.299999999999997 36.23095044740549
5.399999999999997 36.23095044740549
5.499999999999996 36.23095044740549
5.599999999999996 36.23095044740549
5.699999999999996 36.23095044740549
5.799999999999995 36.23095044740549
5.899999999999995 36.23095044740549
5.999999999999995 36.23095044740549
6.099999999999994 36.23095044740549
6.199999999999994 36.23095044740549
6.299999999999994 36.23095044740549
6.399999999999993 36.23095044740549
6.499999999999993 36.23095044740549
6.599999999999993 36.23095044740549
6.699999999999992 36.23095044740549
6.799999999999992 36.23095044740549
6.899999999999991 36.23095044740549
6.999999999999991 36.23095044740549
7.099999999999991 36.23095044740549
7.19999999999999 36.23095044740549
7.29999999999999 36.23095044740549
7.39999999999999 36.23095044740549
7.499999999999989 36.23095044740549
7.599999999999989 36.23095044740549
7.699999999999989 36.23095044740549
7.799999999999988 36.23095044740549
7.899999999999988 36.23095044740549
7.999999999999988 36.23095044740549
8.099999999999987 36.23095044740549
8.199999999999987 36.23095044740549
8.299999999999986 36.23095044740549
8.399999999999986 36.23095044740549
8.499999999999986 36.23095044740549
8.599999999999985 36.23095044740549
8.699999999999985 36.23095044740549
8.799999999999985 36.23095044740549
8.899999999999984 36.23095044740549
8.999999999999984 36.23095044740549
9.099999999999984 36.23095044740549
9.199999999999983 36.23095044740549
9.299999999999983 36.23095044740549
9.399999999999983 36.23095044740549
9.499999999999982 36.23095044740549
9.599999999999982 36.23095044740549
9.699999999999982 36.23095044740549
9.799999999999981 36.23095044740549
9.899999999999981 36.23095044740549
9.99999999999998 36.23095044740549
10.09999999999998 36.23095044740549
10.19999999999998 36.23095044740549
10.29999999999998 36.23095044740549
10.39999999999998 36.23095044740549
10.49999999999998 36.23095044740549
10.59999999999998 36.23095044740549
10.69999999999998 36.23095044740549
10.79999999999998 36.23095044740549
10.89999999999998 36.23095044740549
10.99999999999998 36.23095044740549
11.09999999999998 36.23095044740549
11.19999999999998 36.23095044740548
11.29999999999998 36.23095044740548
11.39999999999998 36.23095044740548
11.49999999999998 36.23095044740548
11.59999999999997 36.23095044740548
11.69999999999997 36.23095044740548
11.79999999999997 36.23095044740548
11.89999999999997 36.23095044740548
11.99999999999997 36.23095044740548
12.09999999999997 36.23095044740548
12.19999999999997 36.23095044740548
12.29999999999997 36.23095044740548
12.39999999999997 36.23095044740548
12.49999999999997 36.23095044740548
12.59999999999997 36.23095044740548
12.69999999999997 36.23095044740549
12.79999999999997 36.23095044740549
12.89999999999997 36.23095044740549
12.99999999999997 36.23095044740549
13.09999999999997 36.23095044740549
13.19999999999997 36.23095044740549
13.29999999999997 36.23095044740549
13.39999999999997 36.23095044740549
13.49999999999997 36.23095044740549
13.59999999999997 36.23095044740549
13.69999999999997 36.23095044740549
13.79999999999997 36.23095044740549
13.89999999999997 36.23095044740549
13.99999999999997 36.23095044740549
14.09999999999997 36.23095044740549
14.19999999999997 36.23095044740549
14.29999999999997 36.23095044740549
14.39999999999996 36.23095044740549
14.49999999999996 36.23095044740549
14.59999999999996 36.23095044740549
14.69999999999996 36.23095044740549
14.79999999999996 36.23095044740549
14.89999999999996 36.23095044740549
14.99999999999996 36.23095044740549
15.09999999999996 36.23095044740549
15.19999999999996 36.23095044740549
15.29999999999996 36.23095044740549
15.39999999999996 36.23095044740549
15.49999999999996 36.23095044740549
15.59999999999996 36.23095044740549
15.69999999999996 36.23095044740549
15.79999999999996 36.23095044740549
15.89999999999996 36.23095044740549
15.99999999999996 36.23095044740549
16.09999999999996 36.23095044740549
16.19999999999996 36.23095044740549
16.29999999999996 36.23095044740549
16.39999999999996 36.23095044740549
16.49999999999996 36.23095044740549
16.59999999999997 36.23095044740549
16.69999999999997 36.23095044740549
16.79999999999997 36.23095044740549
16.89999999999997 36.23095044740549
16.99999999999997 36.23095044740549
17.09999999999997 36.23095044740549
17.19999999999997 36.23095044740549
17.29999999999998 36.23095044740549
17.39999999999998 36.23095044740549
17.49999999999998 36.23095044740549
17.59999999999998 36.23095044740549
17.69999999999998 36.23095044740549
17.79999999999998 36.23095044740549
17.89999999999998 36.23095044740549
17.99999999999999 36.23095044740549
18.09999999999999 36.23095044740549
18.19999999999999 36.23095044740549
18.29999999999999 36.23095044740549
18.39999999999999 36.23095044740549
18.49999999999999 36.23095044740549
18.59999999999999 36.23095044740549
18.7 36.23095044740549
18.8 36.23095044740549
18.9 36.23095044740549
19 36.23095044740549
19.1 36.23095044740549
19.2 36.23095044740549
19.3 36.23095044740549
19.40000000000001 36.23095044740549
19.50000000000001 36.23095044740549
19.60000000000001 36.23095044740549
19.70000000000001 36.23095044740549
19.80000000000001 36.23095044740549
19.90000000000001 36.23095044740549
20.00000000000001 36.23095044740549
20.10000000000002 36.23095044740549
20.20000000000002 36.23095044740549
20.30000000000002 36.23095044740549
20.40000000000002 36.23095044740549
20.50000000000002 36.23095044740549
20.60000000000002 36.23095044740549
20.70000000000002 36.23095044740549
20.80000000000003 36.23095044740549
20.90000000000003 36.23095044740549
21.00000000000003 36.23095044740549
21.10000000000003 36.23095044740549
21.20000000000003 36.23095044740549
21.30000000000003 36.23095044740549
21.40000000000003 36.23095044740549
21.50000000000004 36.23095044740549
21.60000000000004 36.23095044740549
21.70000000000004 36.23095044740549
21.80000000000004 36.23095044740549
21.90000000000004 36.23095044740549
22.00000000000004 36.23095044740549
22.10000000000004 36.23095044740549
22.20000000000005 36.23095044740549
22.30000000000005 36.23095044740549
22.40000000000005 36.23095044740549
22.50000000000005 36.23095044740549
22.60000000000005 36.23095044740549
22.70000000000005 36.23095044740549
22.80000000000005 36.23095044740549
22.90000000000006 36.23095044740549
23.00000000000006 36.23095044740549
23.10000000000006 36.23095044740549
23.20000000000006 36.23095044740549
23.30000000000006 36.23095044740549
23.40000000000006 36.23095044740549
23.50000000000006 36.23095044740549
23.60000000000007 36.23095044740549
23.70000000000007 36.23095044740549
23.80000000000007 36.23095044740549
23.90000000000007 36.23095044740549
24.00000000000007 36.23095044740549
24.10000000000007 36.23095044740549
24.20000000000007 36.23095044740549
24.30000000000008 36.23095044740549
24.40000000000008 36.23095044740549
24.50000000000008 36.23095044740549
24.60000000000008 36.23095044740549
24.70000000000008 36.23095044740549
24.80000000000008 36.23095044740549
24.90000000000008 36.23095044740549
25.00000000000009 36.23095044740549
25.10000000000009 36.23095044740549
25.20000000000009 36.23095044740549
25.30000000000009 36.23095044740549
25.40000000000009 36.23095044740549
25.50000000000009 36.23095044740549
25.60000000000009 36.23095044740549
25.7000000000001 36.23095044740549
25.8000000000001 36.23095044740549
25.9000000000001 36.23095044740549
26.0000000000001 36.23095044740549
26.1000000000001 36.23095044740549
26.2000000000001 36.23095044740549
26.3000000000001 36.23095044740549
26.40000000000011 36.23095044740549
26.50000000000011 36.23095044740549
26.60000000000011 36.23095044740549
26.70000000000011 36.23095044740549
26.80000000000011 36.23095044740549
26.90000000000011 36.23095044740549
27.00000000000011 36.23095044740549
27.10000000000012 36.23095044740549
27.20000000000012 36.23095044740549
27.30000000000012 36.23095044740549
27.40000000000012 36.23095044740549
27.50000000000012 36.23095044740549
27.60000000000012 36.23095044740549
27.70000000000012 36.23095044740549
27.80000000000013 36.23095044740549
27.90000000000013 36.23095044740549
28.00000000000013 36.23095044740549
28.10000000000013 36.23095044740549
28.20000000000013 36.23095044740549
28.30000000000013 36.23095044740549
28.40000000000013 36.23095044740549
28.50000000000014 36.23095044740549
28.60000000000014 36.23095044740549
28.70000000000014 36.23095044740549
28.80000000000014 36.23095044740549
28.90000000000014 36.23095044740549
29.00000000000014 36.23095044740549
29.10000000000014 36.23095044740549
29.20000000000014 36.23095044740549
29.30000000000015 36.23095044740549
29.40000000000015 36.23095044740549
29.50000000000015 36.23095044740549
29.60000000000015 36.23095044740549
29.70000000000015 36.23095044740549
29.80000000000015 36.23095044740549
29.90000000000015 36.23095044740549
30.00000000000016 36.23095044740549
30.10000000000016 36.23095044740549
30.20000000000016 36.23095044740549
30.30000000000016 36.23095044740549
30.40000000000016 36.23095044740549
30.50000000000016 36.23095044740549
30.60000000000016 36.23095044740549
30.70000000000017 36.23095044740549
30.80000000000017 36.23095044740549
30.90000000000017 36.23095044740549
31.00000000000017 36.23095044740549
31.10000000000017 36.23095044740549
31.20000000000017 36.23095044740549
31.30000000000017 36.23095044740549
31.40000000000018 36.23095044740549
31.50000000000018 36.23095044740549
31.60000000000018 36.23095044740549
31.70000000000018 36.23095044740549
31.80000000000018 36.23095044740549
31.90000000000018 36.23095044740549
32.00000000000018 36.23095044740549
32.10000000000019 36.23095044740549
32.20000000000019 36.23095044740549
32.30000000000019 36.23095044740549
32.40000000000019 36.23095044740549
32.50000000000019 36.23095044740549
32.60000000000019 36.23095044740549
32.70000000000019 36.23095044740549
32.8000000000002 36.23095044740549
32.9000000000002 36.23095044740549
33.0000000000002 36.23095044740549
33.1000000000002 36.23095044740549
33.2000000000002 36.23095044740549
33.3000000000002 36.23095044740549
33.4000000000002 36.23095044740549
33.50000000000021 36.23095044740549
33.60000000000021 36.23095044740549
33.70000000000021 36.23095044740549
33.80000000000021 36.23095044740549
33.90000000000021 36.23095044740549
34.00000000000021 36.23095044740549
34.10000000000021 36.23095044740549
34.20000000000022 36.23095044740549
34.30000000000022 36.23095044740549
34.40000000000022 36.23095044740549
34.50000000000022 36.23095044740549
34.60000000000022 36.23095044740549
34.70000000000022 36.23095044740549
34.80000000000022 36.23095044740549
34.90000000000023 36.23095044740549
35.00000000000023 36.23095044740549
35.10000000000023 36.23095044740549
35.20000000000023 36.23095044740549
35.30000000000023 36.23095044740549
35.40000000000023 36.23095044740549
35.50000000000023 36.23095044740549
35.60000000000024 36.23095044740549
35.70000000000024 36.23095044740549
35.80000000000024 36.23095044740549
35.90000000000024 36.23095044740549
36.00000000000024 36.23095044740549
36.10000000000024 36.23095044740549
36.20000000000024 36.23095044740549
36.30000000000025 36.23095044740549
36.40000000000025 36.23095044740549
36.50000000000025 36.23095044740549
36.60000000000025 36.23095044740549
36.70000000000025 36.23095044740549
36.80000000000025 36.23095044740549
36.90000000000025 36.23095044740549
37.00000000000026 36.23095044740549
37.10000000000026 36.23095044740549
37.20000000000026 36.23095044740549
37.30000000000026 36.23095044740549
37.40000000000026 36.23095044740549
37.50000000000026 36.23095044740549
37.60000000000026 36.23095044740549
37.70000000000027 36.23095044740549
37.80000000000027 36.23095044740549
37.90000000000027 36.23095044740549
38.00000000000027 36.23095044740549
38.10000000000027 36.23095044740549
38.20000000000027 36.23095044740549
38.30000000000027 36.23095044740549
38.40000000000028 36.23095044740549
38.50000000000028 36.23095044740549
38.60000000000028 36.23095044740549
38.70000000000028 36.23095044740549
38.80000000000028 36.23095044740549
38.90000000000028 36.23095044740549
39.00000000000028 36.23095044740549
39.10000000000029 36.23095044740549
39.20000000000029 36.23095044740549
39.30000000000029 36.23095044740549
39.40000000000029 36.23095044740549
39.50000000000029 36.23095044740549
39.60000000000029 36.23095044740549
39.70000000000029 36.23095044740549
39.8000000000003 36.23095044740549
39.9000000000003 36.23095044740549
40.0000000000003 36.23095044740549
40.1000000000003 36.23095044740549
40.2000000000003 36.23095044740549
40.3000000000003 36.23095044740549
40.4000000000003 36.23095044740549
40.50000000000031 36.23095044740549
40.60000000000031 36.23095044740549
40.70000000000031 36.23095044740549
40.80000000000031 36.23095044740549
40.90000000000031 36.23095044740549
41.00000000000031 36.23095044740549
41.10000000000031 36.23095044740549
41.20000000000032 36.23095044740549
41.30000000000032 36.23095044740549
41.40000000000032 36.23095044740549
41.50000000000032 36.23095044740549
41.60000000000032 36.23095044740549
41.70000000000032 36.23095044740549
41.80000000000032 36.23095044740549
41.90000000000033 36.23095044740549
42.00000000000033 36.23095044740549
42.10000000000033 36.23095044740549
42.20000000000033 36.23095044740549
42.30000000000033 36.23095044740549
42.40000000000033 36.23095044740549
42.50000000000033 36.23095044740549
42.60000000000034 36.23095044740549
42.70000000000034 36.23095044740549
42.80000000000034 36.23095044740549
42.90000000000034 36.23095044740549
43.00000000000034 36.23095044740549
43.10000000000034 36.23095044740549
43.20000000000034 36.23095044740549
43.30000000000035 36.23095044740549
43.40000000000035 36.23095044740549
43.50000000000035 36.23095044740549
43.60000000000035 36.23095044740549
43.70000000000035 36.23095044740549
43.80000000000035 36.23095044740549
43.90000000000035 36.23095044740549
44.00000000000036 36.23095044740549
44.10000000000036 36.23095044740549
44.20000000000036 36.23095044740549
44.30000000000036 36.23095044740549
44.40000000000036 36.23095044740549
44.50000000000036 36.23095044740549
44.60000000000036 36.23095044740549
44.70000000000037 36.23095044740549
44.80000000000037 36.23095044740549
44.90000000000037 36.23095044740549
45.00000000000037 36.23095044740549
45.10000000000037 36.23095044740549
45.20000000000037 36.23095044740549
45.30000000000037 36.23095044740549
45.40000000000038 36.23095044740549
45.50000000000038 36.23095044740549
45.60000000000038 36.23095044740549
45.70000000000038 36.23095044740549
45.80000000000038 36.23095044740549
45.90000000000038 36.23095044740549
46.00000000000038 36.23095044740549
46.10000000000039 36.23095044740549
46.20000000000039 36.23095044740549
46.30000000000039 36.23095044740549
46.40000000000039 36.23095044740549
46.50000000000039 36.23095044740549
46.60000000000039 36.23095044740549
46.70000000000039 36.23095044740549
46.8000000000004 36.23095044740549
46.9000000000004 36.23095044740549
47.0000000000004 36.23095044740549
47.1000000000004 36.23095044740549
47.2000000000004 36.23095044740549
47.3000000000004 36.23095044740549
47.4000000000004 36.23095044740549
47.50000000000041 36.23095044740549
47.60000000000041 36.23095044740549
47.70000000000041 36.23095044740549
47.80000000000041 36.23095044740549
47.90000000000041 36.23095044740549
48.00000000000041 36.23095044740549
48.10000000000041 36.23095044740549
48.20000000000041 36.23095044740549
48.30000000000042 36.23095044740549
48.40000000000042 36.23095044740549
48.50000000000042 36.23095044740549
48.60000000000042 36.23095044740549
48.70000000000042 36.23095044740549
48.80000000000042 36.23095044740549
48.90000000000042 36.23095044740549
49.00000000000043 36.23095044740549
49.10000000000043 36.23095044740549
49.20000000000043 36.23095044740549
49.30000000000043 36.23095044740549
49.40000000000043 36.23095044740549
49.50000000000043 36.23095044740549
49.60000000000043 36.23095044740549
49.70000000000044 36.23095044740549
49.80000000000044 36.23095044740549
49.90000000000044 36.23095044740549