Time X1
0 250
0.1 -67.8685502359746
0.2 -67.86855023592183
0.3 -67.86855023586907
0.4 -67.86855023584478
0.5 -67.86855023584462
0.6 -67.86855023584447
0.7 -67.86855023584444
0.7999999999999999 -67.86855023584444
0.8999999999999999 -67.86855023584444
0.9999999999999999 -67.86855023584444
1.1 -67.86855023584444
1.2 -67.86855023584444
1.3 -67.86855023584444
1.4 -67.86855023584444
1.5 -67.86855023584444
1.6 -67.86855023584444
1.7 -67.86855023584444
1.8 -67.86855023584444
1.900000000000001 -67.86855023584444
2 -67.86855023584444
2.100000000000001 -67.86855023584444
2.200000000000001 -67.86855023584444
2.300000000000001 -67.86855023584444
2.400000000000001 -67.86855023584444
2.500000000000001 -67.86855023584444
2.600000000000001 -67.86855023584444
2.700000000000001 -67.86855023584444
2.800000000000001 -67.86855023584444
2.900000000000001 -67.86855023584444
3.000000000000001 -67.86855023584444
3.100000000000001 -67.86855023584444
3.200000000000002 -67.86855023584444
3.300000000000002 -67.86855023584444
3.400000000000002 -67.86855023584444
3.500000000000002 -67.86855023584444
3.600000000000002 -67.86855023584444
3.700000000000002 -67.86855023584444
3.800000000000002 -67.86855023584444
3.900000000000002 -67.86855023584444
4.000000000000002 -67.86855023584444
4.100000000000001 -67.86855023584444
4.200000000000001 -67.86855023584444
4.300000000000001 -67.86855023584444
4.4 -67.86855023584444
4.5 -67.86855023584444
4.6 -67.86855023584444
4.699999999999999 -67.86855023584444
4.799999999999999 -67.86855023584444
4.899999999999999 -67.86855023584444
4.999999999999998 -67.86855023584444
5.099999999999998 -67.86855023584444
5.199999999999998 -67.86855023584444
5.299999999999997 -67.86855023584444
5.399999999999997 -67.86855023584444
5.499999999999996 -67.86855023584444
5.599999999999996 -67.86855023584444
5.699999999999996 -67.86855023584444
5.799999999999995 -67.86855023584444
5.899999999999995 -67.86855023584444
5.999999999999995 -67.86855023584442
6.099999999999994 -67.86855023584442
6.199999999999994 -67.86855023584442
6.299999999999994 -67.86855023584442
6.399999999999993 -67.86855023584442
6.499999999999993 -67.86855023584442
6.599999999999993 -67.86855023584442
6.699999999999992 -67.86855023584442
6.799999999999992 -67.86855023584442
6.899999999999991 -67.86855023584442
6.999999999999991 -67.86855023584442
7.099999999999991 -67.86855023584442
7.19999999999999 -67.86855023584442
7.29999999999999 -67.86855023584442
7.39999999999999 -67.86855023584442
7.499999999999989 -67.86855023584442
7.599999999999989 -67.86855023584442
7.699999999999989 -67.86855023584442
7.799999999999988 -67.86855023584442
7.899999999999988 -67.86855023584442
7.999999999999988 -67.86855023584442
8.099999999999987 -67.86855023584442
8.199999999999987 -67.86855023584442
8.299999999999986 -67.86855023584442
8.399999999999986 -67.86855023584442
8.499999999999986 -67.86855023584442
8.599999999999985 -67.86855023584442
8.699999999999985 -67.86855023584442
8.799999999999985 -67.86855023584442
8.899999999999984 -67.86855023584442
8.999999999999984 -67.86855023584442
9.099999999999984 -67.86855023584442
9.199999999999983 -67.86855023584442
9.299999999999983 -67.86855023584442
9.399999999999983 -67.86855023584442
9.499999999999982 -67.86855023584442
9.599999999999982 -67.86855023584442
9.699999999999982 -67.86855023584442
9.799999999999981 -67.86855023584442
9.899999999999981 -67.86855023584442
9.99999999999998 -67.86855023584442
10.09999999999998 -67.86855023584442
10.19999999999998 -67.86855023584442
10.29999999999998 -67.86855023584442
10.39999999999998 -67.86855023584442
10.49999999999998 -67.86855023584442
10.59999999999998 -67.86855023584442
10.69999999999998 -67.86855023584442
10.79999999999998 -67.86855023584442
10.89999999999998 -67.86855023584442
10.99999999999998 -67.86855023584442
11.09999999999998 -67.86855023584442
11.19999999999998 -67.86855023584442
11.29999999999998 -67.86855023584442
11.39999999999998 -67.86855023584442
11.49999999999998 -67.86855023584442
11.59999999999997 -67.86855023584442
11.69999999999997 -67.86855023584442
11.79999999999997 -67.86855023584442
11.89999999999997 -67.86855023584442
11.99999999999997 -67.86855023584442
12.09999999999997 -67.86855023584442
12.19999999999997 -67.86855023584442
12.29999999999997 -67.86855023584442
12.39999999999997 -67.86855023584442
12.49999999999997 -67.86855023584442
12.59999999999997 -67.86855023584442
12.69999999999997 -67.86855023584442
12.79999999999997 -67.86855023584442
12.89999999999997 -67.86855023584442
12.99999999999997 -67.86855023584442
13.09999999999997 -67.86855023584442
13.19999999999997 -67.86855023584442
13.29999999999997 -67.86855023584442
13.39999999999997 -67.86855023584442
13.49999999999997 -67.86855023584442
13.59999999999997 -67.86855023584442
13.69999999999997 -67.86855023584442
13.79999999999997 -67.86855023584442
13.89999999999997 -67.86855023584442
13.99999999999997 -67.86855023584442
14.09999999999997 -67.86855023584442
14.19999999999997 -67.86855023584442
14.29999999999997 -67.86855023584442
14.39999999999996 -67.86855023584442
14.49999999999996 -67.86855023584442
14.59999999999996 -67.86855023584442
14.69999999999996 -67.86855023584442
14.79999999999996 -67.86855023584442
14.89999999999996 -67.86855023584442
14.99999999999996 -67.86855023584442
15.09999999999996 -67.86855023584442
15.19999999999996 -67.86855023584442
15.29999999999996 -67.86855023584442
15.39999999999996 -67.86855023584442
15.49999999999996 -67.86855023584442
15.59999999999996 -67.86855023584442
15.69999999999996 -67.86855023584442
15.79999999999996 -67.86855023584442
15.89999999999996 -67.86855023584442
15.99999999999996 -67.86855023584442
16.09999999999996 -67.86855023584442
16.19999999999996 -67.86855023584442
16.29999999999996 -67.86855023584442
16.39999999999996 -67.86855023584442
16.49999999999996 -67.86855023584442
16.59999999999997 -67.86855023584442
16.69999999999997 -67.86855023584442
16.79999999999997 -67.86855023584442
16.89999999999997 -67.86855023584442
16.99999999999997 -67.86855023584442
17.09999999999997 -67.86855023584442
17.19999999999997 -67.86855023584442
17.29999999999998 -67.86855023584442
17.39999999999998 -67.86855023584442
17.49999999999998 -67.86855023584442
17.59999999999998 -67.86855023584442
17.69999999999998 -67.86855023584442
17.79999999999998 -67.86855023584442
17.89999999999998 -67.86855023584442
17.99999999999999 -67.86855023584442
18.09999999999999 -67.86855023584442
18.19999999999999 -67.86855023584442
18.29999999999999 -67.86855023584442
18.39999999999999 -67.86855023584442
18.49999999999999 -67.86855023584442
18.59999999999999 -67.86855023584442
18.7 -67.86855023584442
18.8 -67.86855023584442
18.9 -67.86855023584442
19 -67.86855023584442
19.1 -67.86855023584442
19.2 -67.86855023584442
19.3 -67.86855023584442
19.40000000000001 -67.86855023584442
19.50000000000001 -67.86855023584442
19.60000000000001 -67.86855023584442
19.70000000000001 -67.86855023584442
19.80000000000001 -67.86855023584442
19.90000000000001 -67.86855023584442
20.00000000000001 -67.86855023584442
20.10000000000002 -67.86855023584442
20.20000000000002 -67.86855023584442
20.30000000000002 -67.86855023584442
20.40000000000002 -67.86855023584442
20.50000000000002 -67.86855023584442
20.60000000000002 -67.86855023584442
20.70000000000002 -67.86855023584442
20.80000000000003 -67.86855023584442
20.90000000000003 -67.86855023584442
21.00000000000003 -67.86855023584442
21.10000000000003 -67.86855023584442
21.20000000000003 -67.86855023584442
21.30000000000003 -67.86855023584442
21.40000000000003 -67.86855023584442
21.50000000000004 -67.86855023584442
21.60000000000004 -67.86855023584442
21.70000000000004 -67.86855023584442
21.80000000000004 -67.86855023584442
21.90000000000004 -67.86855023584442
22.00000000000004 -67.86855023584442
22.10000000000004 -67.86855023584442
22.20000000000005 -67.86855023584442
22.30000000000005 -67.86855023584442
22.40000000000005 -67.86855023584442
22.50000000000005 -67.86855023584442
22.60000000000005 -67.86855023584442
22.70000000000005 -67.86855023584442
22.80000000000005 -67.86855023584442
22.90000000000006 -67.86855023584442
23.00000000000006 -67.86855023584442
23.10000000000006 -67.86855023584442
23.20000000000006 -67.86855023584442
23.30000000000006 -67.86855023584442
23.40000000000006 -67.86855023584442
23.50000000000006 -67.86855023584442
23.60000000000007 -67.86855023584442
23.70000000000007 -67.86855023584442
23.80000000000007 -67.86855023584442
23.90000000000007 -67.86855023584442
24.00000000000007 -67.86855023584442
24.10000000000007 -67.86855023584442
24.20000000000007 -67.86855023584442
24.30000000000008 -67.86855023584442
24.40000000000008 -67.86855023584442
24.50000000000008 -67.86855023584442
24.60000000000008 -67.86855023584442
24.70000000000008 -67.86855023584442
24.80000000000008 -67.86855023584442
24.90000000000008 -67.86855023584442
25.00000000000009 -67.86855023584442
25.10000000000009 -67.86855023584442
25.20000000000009 -67.86855023584442
25.30000000000009 -67.86855023584442
25.40000000000009 -67.86855023584442
25.50000000000009 -67.86855023584442
25.60000000000009 -67.86855023584442
25.7000000000001 -67.86855023584442
25.8000000000001 -67.86855023584442
25.9000000000001 -67.86855023584442
26.0000000000001 -67.86855023584442
26.1000000000001 -67.86855023584442
26.2000000000001 -67.86855023584442
26.3000000000001 -67.86855023584442
26.40000000000011 -67.86855023584442
26.50000000000011 -67.86855023584442
26.60000000000011 -67.86855023584442
26.70000000000011 -67.86855023584442
26.80000000000011 -67.86855023584442
26.90000000000011 -67.86855023584442
27.00000000000011 -67.86855023584442
27.10000000000012 -67.86855023584442
27.20000000000012 -67.86855023584442
27.30000000000012 -67.86855023584442
27.40000000000012 -67.86855023584442
27.50000000000012 -67.86855023584442
27.60000000000012 -67.86855023584442
27.70000000000012 -67.86855023584442
27.80000000000013 -67.86855023584442
27.90000000000013 -67.86855023584442
28.00000000000013 -67.86855023584442
28.10000000000013 -67.86855023584442
28.20000000000013 -67.86855023584442
28.30000000000013 -67.86855023584442
28.40000000000013 -67.86855023584442
28.50000000000014 -67.86855023584442
28.60000000000014 -67.86855023584442
28.70000000000014 -67.86855023584442
28.80000000000014 -67.86855023584442
28.90000000000014 -67.86855023584442
29.00000000000014 -67.86855023584442
29.10000000000014 -67.86855023584442
29.20000000000014 -67.86855023584442
29.30000000000015 -67.86855023584442
29.40000000000015 -67.86855023584442
29.50000000000015 -67.86855023584442
29.60000000000015 -67.86855023584442
29.70000000000015 -67.86855023584442
29.80000000000015 -67.86855023584442
29.90000000000015 -67.86855023584442
30.00000000000016 -67.86855023584442
30.10000000000016 -67.86855023584442
30.20000000000016 -67.86855023584442
30.30000000000016 -67.86855023584442
30.40000000000016 -67.86855023584442
30.50000000000016 -67.86855023584442
30.60000000000016 -67.86855023584442
30.70000000000017 -67.86855023584442
30.80000000000017 -67.86855023584442
30.90000000000017 -67.86855023584442
31.00000000000017 -67.86855023584442
31.10000000000017 -67.86855023584442
31.20000000000017 -67.86855023584442
31.30000000000017 -67.86855023584442
31.40000000000018 -67.86855023584442
31.50000000000018 -67.86855023584442
31.60000000000018 -67.86855023584442
31.70000000000018 -67.86855023584442
31.80000000000018 -67.86855023584442
31.90000000000018 -67.86855023584442
32.00000000000018 -67.86855023584442
32.10000000000019 -67.86855023584442
32.20000000000019 -67.86855023584442
32.30000000000019 -67.86855023584442
32.40000000000019 -67.86855023584442
32.50000000000019 -67.86855023584442
32.60000000000019 -67.86855023584442
32.70000000000019 -67.86855023584442
32.8000000000002 -67.86855023584442
32.9000000000002 -67.86855023584444
33.0000000000002 -67.86855023584444
33.1000000000002 -67.86855023584444
33.2000000000002 -67.86855023584444
33.3000000000002 -67.86855023584444
33.4000000000002 -67.86855023584444
33.50000000000021 -67.86855023584444
33.60000000000021 -67.86855023584444
33.70000000000021 -67.86855023584444
33.80000000000021 -67.86855023584444
33.90000000000021 -67.86855023584444
34.00000000000021 -67.86855023584444
34.10000000000021 -67.86855023584444
34.20000000000022 -67.86855023584444
34.30000000000022 -67.86855023584444
34.40000000000022 -67.86855023584444
34.50000000000022 -67.86855023584444
34.60000000000022 -67.86855023584444
34.70000000000022 -67.86855023584444
34.80000000000022 -67.86855023584444
34.90000000000023 -67.86855023584444
35.00000000000023 -67.86855023584444
35.10000000000023 -67.86855023584444
35.20000000000023 -67.86855023584444
35.30000000000023 -67.86855023584444
35.40000000000023 -67.86855023584444
35.50000000000023 -67.86855023584444
35.60000000000024 -67.86855023584444
35.70000000000024 -67.86855023584444
35.80000000000024 -67.86855023584444
35.90000000000024 -67.86855023584444
36.00000000000024 -67.86855023584444
36.10000000000024 -67.86855023584444
36.20000000000024 -67.86855023584444
36.30000000000025 -67.86855023584444
36.40000000000025 -67.86855023584444
36.50000000000025 -67.86855023584444
36.60000000000025 -67.86855023584444
36.70000000000025 -67.86855023584444
36.80000000000025 -67.86855023584444
36.90000000000025 -67.86855023584444
37.00000000000026 -67.86855023584444
37.10000000000026 -67.86855023584444
37.20000000000026 -67.86855023584444
37.30000000000026 -67.86855023584444
37.40000000000026 -67.86855023584444
37.50000000000026 -67.86855023584444
37.60000000000026 -67.86855023584444
37.70000000000027 -67.86855023584444
37.80000000000027 -67.86855023584444
37.90000000000027 -67.86855023584444
38.00000000000027 -67.86855023584444
38.10000000000027 -67.86855023584444
38.20000000000027 -67.86855023584444
38.30000000000027 -67.86855023584444
38.40000000000028 -67.86855023584444
38.50000000000028 -67.86855023584444
38.60000000000028 -67.86855023584444
38.70000000000028 -67.86855023584444
38.80000000000028 -67.86855023584444
38.90000000000028 -67.86855023584444
39.00000000000028 -67.86855023584444
39.10000000000029 -67.86855023584444
39.20000000000029 -67.86855023584444
39.30000000000029 -67.86855023584444
39.40000000000029 -67.86855023584444
39.50000000000029 -67.86855023584444
39.60000000000029 -67.86855023584444
39.70000000000029 -67.86855023584444
39.8000000000003 -67.86855023584444
39.9000000000003 -67.86855023584444
40.0000000000003 -67.86855023584444
40.1000000000003 -67.86855023584444
40.2000000000003 -67.86855023584444
40.3000000000003 -67.86855023584444
40.4000000000003 -67.86855023584444
40.50000000000031 -67.86855023584444
40.60000000000031 -67.86855023584444
40.70000000000031 -67.86855023584444
40.80000000000031 -67.86855023584444
40.90000000000031 -67.86855023584444
41.00000000000031 -67.86855023584444
41.10000000000031 -67.86855023584444
41.20000000000032 -67.86855023584444
41.30000000000032 -67.86855023584444
41.40000000000032 -67.86855023584444
41.50000000000032 -67.86855023584444
41.60000000000032 -67.86855023584444
41.70000000000032 -67.86855023584444
41.80000000000032 -67.86855023584444
41.90000000000033 -67.86855023584444
42.00000000000033 -67.86855023584444
42.10000000000033 -67.86855023584444
42.20000000000033 -67.86855023584444
42.30000000000033 -67.86855023584444
42.40000000000033 -67.86855023584444
42.50000000000033 -67.86855023584444
42.60000000000034 -67.86855023584444
42.70000000000034 -67.86855023584444
42.80000000000034 -67.86855023584444
42.90000000000034 -67.86855023584444
43.00000000000034 -67.86855023584444
43.10000000000034 -67.86855023584444
43.20000000000034 -67.86855023584444
43.30000000000035 -67.86855023584444
43.40000000000035 -67.86855023584444
43.50000000000035 -67.86855023584444
43.60000000000035 -67.86855023584444
43.70000000000035 -67.86855023584444
43.80000000000035 -67.86855023584444
43.90000000000035 -67.86855023584444
44.00000000000036 -67.86855023584444
44.10000000000036 -67.86855023584444
44.20000000000036 -67.86855023584444
44.30000000000036 -67.86855023584444
44.40000000000036 -67.86855023584444
44.50000000000036 -67.86855023584444
44.60000000000036 -67.86855023584444
44.70000000000037 -67.86855023584444
44.80000000000037 -67.86855023584444
44.90000000000037 -67.86855023584444
45.00000000000037 -67.86855023584444
45.10000000000037 -67.86855023584444
45.20000000000037 -67.86855023584444
45.30000000000037 -67.86855023584444
45.40000000000038 -67.86855023584444
45.50000000000038 -67.86855023584444
45.60000000000038 -67.86855023584444
45.70000000000038 -67.86855023584444
45.80000000000038 -67.86855023584444
45.90000000000038 -67.86855023584444
46.00000000000038 -67.86855023584444
46.10000000000039 -67.86855023584444
46.20000000000039 -67.86855023584444
46.30000000000039 -67.86855023584444
46.40000000000039 -67.86855023584444
46.50000000000039 -67.86855023584444
46.60000000000039 -67.86855023584444
46.70000000000039 -67.86855023584444
46.8000000000004 -67.86855023584444
46.9000000000004 -67.86855023584444
47.0000000000004 -67.86855023584444
47.1000000000004 -67.86855023584444
47.2000000000004 -67.86855023584444
47.3000000000004 -67.86855023584444
47.4000000000004 -67.86855023584444
47.50000000000041 -67.86855023584444
47.60000000000041 -67.86855023584444
47.70000000000041 -67.86855023584444
47.80000000000041 -67.86855023584444
47.90000000000041 -67.86855023584444
48.00000000000041 -67.86855023584444
48.10000000000041 -67.86855023584444
48.20000000000041 -67.86855023584444
48.30000000000042 -67.86855023584444
48.40000000000042 -67.86855023584444
48.50000000000042 -67.86855023584444
48.60000000000042 -67.86855023584444
48.70000000000042 -67.86855023584444
48.80000000000042 -67.86855023584444
48.90000000000042 -67.86855023584444
49.00000000000043 -67.86855023584444
49.10000000000043 -67.86855023584444
49.20000000000043 -67.86855023584444
49.30000000000043 -67.86855023584444
49.40000000000043 -67.86855023584444
49.50000000000043 -67.86855023584444
49.60000000000043 -67.86855023584444
49.70000000000044 -67.86855023584444
49.80000000000044 -67.86855023584444
49.90000000000044 -67.86855023584444