Time X1
0 250
0.1 -130.1108916497064
0.2 -130.1108916496066
0.3 -130.1108916495068
0.4 -130.1108916494942
0.5 -130.1108916494939
0.6 -130.1108916494937
0.7 -130.1108916494937
0.7999999999999999 -130.1108916494937
0.8999999999999999 -130.1108916494937
0.9999999999999999 -130.1108916494937
1.1 -130.1108916494937
1.2 -130.1108916494937
1.3 -130.1108916494937
1.4 -130.1108916494937
1.5 -130.1108916494937
1.6 -130.1108916494937
1.7 -130.1108916494937
1.8 -130.1108916494937
1.900000000000001 -130.1108916494937
2 -130.1108916494937
2.100000000000001 -130.1108916494937
2.200000000000001 -130.1108916494937
2.300000000000001 -130.1108916494937
2.400000000000001 -130.1108916494937
2.500000000000001 -130.1108916494937
2.600000000000001 -130.1108916494937
2.700000000000001 -130.1108916494937
2.800000000000001 -130.1108916494937
2.900000000000001 -130.1108916494937
3.000000000000001 -130.1108916494937
3.100000000000001 -130.1108916494937
3.200000000000002 -130.1108916494937
3.300000000000002 -130.1108916494937
3.400000000000002 -130.1108916494937
3.500000000000002 -130.1108916494937
3.600000000000002 -130.1108916494937
3.700000000000002 -130.1108916494937
3.800000000000002 -130.1108916494937
3.900000000000002 -130.1108916494937
4.000000000000002 -130.1108916494937
4.100000000000001 -130.1108916494937
4.200000000000001 -130.1108916494937
4.300000000000001 -130.1108916494937
4.4 -130.1108916494937
4.5 -130.1108916494937
4.6 -130.1108916494937
4.699999999999999 -130.1108916494937
4.799999999999999 -130.1108916494937
4.899999999999999 -130.1108916494937
4.999999999999998 -130.1108916494937
5.099999999999998 -130.1108916494937
5.199999999999998 -130.1108916494937
5.299999999999997 -130.1108916494937
5.399999999999997 -130.1108916494937
5.499999999999996 -130.1108916494938
5.599999999999996 -130.1108916494938
5.699999999999996 -130.1108916494938
5.799999999999995 -130.1108916494938
5.899999999999995 -130.1108916494938
5.999999999999995 -130.1108916494938
6.099999999999994 -130.1108916494938
6.199999999999994 -130.1108916494938
6.299999999999994 -130.1108916494938
6.399999999999993 -130.1108916494938
6.499999999999993 -130.1108916494938
6.599999999999993 -130.1108916494938
6.699999999999992 -130.1108916494938
6.799999999999992 -130.1108916494938
6.899999999999991 -130.1108916494938
6.999999999999991 -130.1108916494938
7.099999999999991 -130.1108916494938
7.19999999999999 -130.1108916494938
7.29999999999999 -130.1108916494938
7.39999999999999 -130.1108916494938
7.499999999999989 -130.1108916494938
7.599999999999989 -130.1108916494938
7.699999999999989 -130.1108916494938
7.799999999999988 -130.1108916494938
7.899999999999988 -130.1108916494938
7.999999999999988 -130.1108916494938
8.099999999999987 -130.1108916494938
8.199999999999987 -130.1108916494938
8.299999999999986 -130.1108916494938
8.399999999999986 -130.1108916494938
8.499999999999986 -130.1108916494938
8.599999999999985 -130.1108916494938
8.699999999999985 -130.1108916494938
8.799999999999985 -130.1108916494938
8.899999999999984 -130.1108916494938
8.999999999999984 -130.1108916494938
9.099999999999984 -130.1108916494938
9.199999999999983 -130.1108916494938
9.299999999999983 -130.1108916494938
9.399999999999983 -130.1108916494938
9.499999999999982 -130.1108916494938
9.599999999999982 -130.1108916494938
9.699999999999982 -130.1108916494938
9.799999999999981 -130.1108916494938
9.899999999999981 -130.1108916494938
9.99999999999998 -130.1108916494938
10.09999999999998 -130.1108916494938
10.19999999999998 -130.1108916494938
10.29999999999998 -130.1108916494938
10.39999999999998 -130.1108916494938
10.49999999999998 -130.1108916494938
10.59999999999998 -130.1108916494938
10.69999999999998 -130.1108916494938
10.79999999999998 -130.1108916494938
10.89999999999998 -130.1108916494938
10.99999999999998 -130.1108916494938
11.09999999999998 -130.1108916494938
11.19999999999998 -130.1108916494938
11.29999999999998 -130.1108916494938
11.39999999999998 -130.1108916494938
11.49999999999998 -130.1108916494938
11.59999999999997 -130.1108916494938
11.69999999999997 -130.1108916494938
11.79999999999997 -130.1108916494938
11.89999999999997 -130.1108916494938
11.99999999999997 -130.1108916494938
12.09999999999997 -130.1108916494938
12.19999999999997 -130.1108916494938
12.29999999999997 -130.1108916494938
12.39999999999997 -130.1108916494938
12.49999999999997 -130.1108916494938
12.59999999999997 -130.1108916494938
12.69999999999997 -130.1108916494938
12.79999999999997 -130.1108916494938
12.89999999999997 -130.1108916494938
12.99999999999997 -130.1108916494938
13.09999999999997 -130.1108916494938
13.19999999999997 -130.1108916494938
13.29999999999997 -130.1108916494937
13.39999999999997 -130.1108916494937
13.49999999999997 -130.1108916494937
13.59999999999997 -130.1108916494937
13.69999999999997 -130.1108916494937
13.79999999999997 -130.1108916494937
13.89999999999997 -130.1108916494937
13.99999999999997 -130.1108916494937
14.09999999999997 -130.1108916494937
14.19999999999997 -130.1108916494937
14.29999999999997 -130.1108916494937
14.39999999999996 -130.1108916494937
14.49999999999996 -130.1108916494937
14.59999999999996 -130.1108916494937
14.69999999999996 -130.1108916494937
14.79999999999996 -130.1108916494937
14.89999999999996 -130.1108916494937
14.99999999999996 -130.1108916494937
15.09999999999996 -130.1108916494937
15.19999999999996 -130.1108916494937
15.29999999999996 -130.1108916494937
15.39999999999996 -130.1108916494937
15.49999999999996 -130.1108916494937
15.59999999999996 -130.1108916494937
15.69999999999996 -130.1108916494937
15.79999999999996 -130.1108916494937
15.89999999999996 -130.1108916494937
15.99999999999996 -130.1108916494937
16.09999999999996 -130.1108916494937
16.19999999999996 -130.1108916494937
16.29999999999996 -130.1108916494937
16.39999999999996 -130.1108916494937
16.49999999999996 -130.1108916494937
16.59999999999997 -130.1108916494937
16.69999999999997 -130.1108916494937
16.79999999999997 -130.1108916494937
16.89999999999997 -130.1108916494937
16.99999999999997 -130.1108916494937
17.09999999999997 -130.1108916494937
17.19999999999997 -130.1108916494937
17.29999999999998 -130.1108916494937
17.39999999999998 -130.1108916494937
17.49999999999998 -130.1108916494937
17.59999999999998 -130.1108916494937
17.69999999999998 -130.1108916494937
17.79999999999998 -130.1108916494937
17.89999999999998 -130.1108916494937
17.99999999999999 -130.1108916494937
18.09999999999999 -130.1108916494937
18.19999999999999 -130.1108916494937
18.29999999999999 -130.1108916494937
18.39999999999999 -130.1108916494937
18.49999999999999 -130.1108916494937
18.59999999999999 -130.1108916494937
18.7 -130.1108916494937
18.8 -130.1108916494937
18.9 -130.1108916494937
19 -130.1108916494937
19.1 -130.1108916494937
19.2 -130.1108916494937
19.3 -130.1108916494937
19.40000000000001 -130.1108916494937
19.50000000000001 -130.1108916494937
19.60000000000001 -130.1108916494937
19.70000000000001 -130.1108916494937
19.80000000000001 -130.1108916494937
19.90000000000001 -130.1108916494937
20.00000000000001 -130.1108916494937
20.10000000000002 -130.1108916494937
20.20000000000002 -130.1108916494937
20.30000000000002 -130.1108916494937
20.40000000000002 -130.1108916494937
20.50000000000002 -130.1108916494937
20.60000000000002 -130.1108916494937
20.70000000000002 -130.1108916494937
20.80000000000003 -130.1108916494937
20.90000000000003 -130.1108916494937
21.00000000000003 -130.1108916494937
21.10000000000003 -130.1108916494937
21.20000000000003 -130.1108916494937
21.30000000000003 -130.1108916494937
21.40000000000003 -130.1108916494937
21.50000000000004 -130.1108916494937
21.60000000000004 -130.1108916494937
21.70000000000004 -130.1108916494937
21.80000000000004 -130.1108916494937
21.90000000000004 -130.1108916494937
22.00000000000004 -130.1108916494937
22.10000000000004 -130.1108916494937
22.20000000000005 -130.1108916494937
22.30000000000005 -130.1108916494937
22.40000000000005 -130.1108916494937
22.50000000000005 -130.1108916494937
22.60000000000005 -130.1108916494937
22.70000000000005 -130.1108916494937
22.80000000000005 -130.1108916494937
22.90000000000006 -130.1108916494937
23.00000000000006 -130.1108916494937
23.10000000000006 -130.1108916494937
23.20000000000006 -130.1108916494937
23.30000000000006 -130.1108916494937
23.40000000000006 -130.1108916494937
23.50000000000006 -130.1108916494937
23.60000000000007 -130.1108916494937
23.70000000000007 -130.1108916494937
23.80000000000007 -130.1108916494937
23.90000000000007 -130.1108916494937
24.00000000000007 -130.1108916494937
24.10000000000007 -130.1108916494937
24.20000000000007 -130.1108916494937
24.30000000000008 -130.1108916494937
24.40000000000008 -130.1108916494937
24.50000000000008 -130.1108916494937
24.60000000000008 -130.1108916494937
24.70000000000008 -130.1108916494937
24.80000000000008 -130.1108916494937
24.90000000000008 -130.1108916494937
25.00000000000009 -130.1108916494937
25.10000000000009 -130.1108916494937
25.20000000000009 -130.1108916494937
25.30000000000009 -130.1108916494937
25.40000000000009 -130.1108916494937
25.50000000000009 -130.1108916494937
25.60000000000009 -130.1108916494937
25.7000000000001 -130.1108916494937
25.8000000000001 -130.1108916494937
25.9000000000001 -130.1108916494937
26.0000000000001 -130.1108916494937
26.1000000000001 -130.1108916494937
26.2000000000001 -130.1108916494937
26.3000000000001 -130.1108916494937
26.40000000000011 -130.1108916494937
26.50000000000011 -130.1108916494937
26.60000000000011 -130.1108916494937
26.70000000000011 -130.1108916494937
26.80000000000011 -130.1108916494937
26.90000000000011 -130.1108916494937
27.00000000000011 -130.1108916494937
27.10000000000012 -130.1108916494937
27.20000000000012 -130.1108916494937
27.30000000000012 -130.1108916494937
27.40000000000012 -130.1108916494937
27.50000000000012 -130.1108916494937
27.60000000000012 -130.1108916494937
27.70000000000012 -130.1108916494937
27.80000000000013 -130.1108916494937
27.90000000000013 -130.1108916494937
28.00000000000013 -130.1108916494937
28.10000000000013 -130.1108916494937
28.20000000000013 -130.1108916494937
28.30000000000013 -130.1108916494937
28.40000000000013 -130.1108916494937
28.50000000000014 -130.1108916494937
28.60000000000014 -130.1108916494937
28.70000000000014 -130.1108916494937
28.80000000000014 -130.1108916494937
28.90000000000014 -130.1108916494937
29.00000000000014 -130.1108916494937
29.10000000000014 -130.1108916494937
29.20000000000014 -130.1108916494937
29.30000000000015 -130.1108916494937
29.40000000000015 -130.1108916494937
29.50000000000015 -130.1108916494937
29.60000000000015 -130.1108916494937
29.70000000000015 -130.1108916494937
29.80000000000015 -130.1108916494937
29.90000000000015 -130.1108916494937
30.00000000000016 -130.1108916494937
30.10000000000016 -130.1108916494937
30.20000000000016 -130.1108916494937
30.30000000000016 -130.1108916494937
30.40000000000016 -130.1108916494937
30.50000000000016 -130.1108916494937
30.60000000000016 -130.1108916494937
30.70000000000017 -130.1108916494937
30.80000000000017 -130.1108916494937
30.90000000000017 -130.1108916494937
31.00000000000017 -130.1108916494937
31.10000000000017 -130.1108916494937
31.20000000000017 -130.1108916494937
31.30000000000017 -130.1108916494937
31.40000000000018 -130.1108916494937
31.50000000000018 -130.1108916494937
31.60000000000018 -130.1108916494937
31.70000000000018 -130.1108916494937
31.80000000000018 -130.1108916494937
31.90000000000018 -130.1108916494937
32.00000000000018 -130.1108916494937
32.10000000000019 -130.1108916494937
32.20000000000019 -130.1108916494937
32.30000000000019 -130.1108916494937
32.40000000000019 -130.1108916494937
32.50000000000019 -130.1108916494937
32.60000000000019 -130.1108916494937
32.70000000000019 -130.1108916494937
32.8000000000002 -130.1108916494937
32.9000000000002 -130.1108916494937
33.0000000000002 -130.1108916494937
33.1000000000002 -130.1108916494937
33.2000000000002 -130.1108916494937
33.3000000000002 -130.1108916494937
33.4000000000002 -130.1108916494937
33.50000000000021 -130.1108916494937
33.60000000000021 -130.1108916494937
33.70000000000021 -130.1108916494937
33.80000000000021 -130.1108916494937
33.90000000000021 -130.1108916494937
34.00000000000021 -130.1108916494937
34.10000000000021 -130.1108916494937
34.20000000000022 -130.1108916494937
34.30000000000022 -130.1108916494937
34.40000000000022 -130.1108916494937
34.50000000000022 -130.1108916494937
34.60000000000022 -130.1108916494937
34.70000000000022 -130.1108916494937
34.80000000000022 -130.1108916494937
34.90000000000023 -130.1108916494937
35.00000000000023 -130.1108916494937
35.10000000000023 -130.1108916494937
35.20000000000023 -130.1108916494937
35.30000000000023 -130.1108916494937
35.40000000000023 -130.1108916494937
35.50000000000023 -130.1108916494937
35.60000000000024 -130.1108916494937
35.70000000000024 -130.1108916494937
35.80000000000024 -130.1108916494937
35.90000000000024 -130.1108916494937
36.00000000000024 -130.1108916494937
36.10000000000024 -130.1108916494937
36.20000000000024 -130.1108916494937
36.30000000000025 -130.1108916494937
36.40000000000025 -130.1108916494937
36.50000000000025 -130.1108916494937
36.60000000000025 -130.1108916494937
36.70000000000025 -130.1108916494937
36.80000000000025 -130.1108916494937
36.90000000000025 -130.1108916494937
37.00000000000026 -130.1108916494937
37.10000000000026 -130.1108916494937
37.20000000000026 -130.1108916494937
37.30000000000026 -130.1108916494937
37.40000000000026 -130.1108916494937
37.50000000000026 -130.1108916494937
37.60000000000026 -130.1108916494937
37.70000000000027 -130.1108916494937
37.80000000000027 -130.1108916494937
37.90000000000027 -130.1108916494937
38.00000000000027 -130.1108916494937
38.10000000000027 -130.1108916494937
38.20000000000027 -130.1108916494937
38.30000000000027 -130.1108916494937
38.40000000000028 -130.1108916494937
38.50000000000028 -130.1108916494937
38.60000000000028 -130.1108916494937
38.70000000000028 -130.1108916494937
38.80000000000028 -130.1108916494937
38.90000000000028 -130.1108916494937
39.00000000000028 -130.1108916494937
39.10000000000029 -130.1108916494937
39.20000000000029 -130.1108916494937
39.30000000000029 -130.1108916494937
39.40000000000029 -130.1108916494937
39.50000000000029 -130.1108916494937
39.60000000000029 -130.1108916494937
39.70000000000029 -130.1108916494937
39.8000000000003 -130.1108916494937
39.9000000000003 -130.1108916494937
40.0000000000003 -130.1108916494937
40.1000000000003 -130.1108916494937
40.2000000000003 -130.1108916494937
40.3000000000003 -130.1108916494937
40.4000000000003 -130.1108916494937
40.50000000000031 -130.1108916494937
40.60000000000031 -130.1108916494937
40.70000000000031 -130.1108916494937
40.80000000000031 -130.1108916494937
40.90000000000031 -130.1108916494937
41.00000000000031 -130.1108916494937
41.10000000000031 -130.1108916494937
41.20000000000032 -130.1108916494937
41.30000000000032 -130.1108916494937
41.40000000000032 -130.1108916494937
41.50000000000032 -130.1108916494937
41.60000000000032 -130.1108916494937
41.70000000000032 -130.1108916494937
41.80000000000032 -130.1108916494937
41.90000000000033 -130.1108916494937
42.00000000000033 -130.1108916494937
42.10000000000033 -130.1108916494937
42.20000000000033 -130.1108916494937
42.30000000000033 -130.1108916494937
42.40000000000033 -130.1108916494937
42.50000000000033 -130.1108916494937
42.60000000000034 -130.1108916494937
42.70000000000034 -130.1108916494937
42.80000000000034 -130.1108916494937
42.90000000000034 -130.1108916494937
43.00000000000034 -130.1108916494937
43.10000000000034 -130.1108916494937
43.20000000000034 -130.1108916494937
43.30000000000035 -130.1108916494937
43.40000000000035 -130.1108916494937
43.50000000000035 -130.1108916494937
43.60000000000035 -130.1108916494937
43.70000000000035 -130.1108916494937
43.80000000000035 -130.1108916494937
43.90000000000035 -130.1108916494937
44.00000000000036 -130.1108916494937
44.10000000000036 -130.1108916494937
44.20000000000036 -130.1108916494937
44.30000000000036 -130.1108916494937
44.40000000000036 -130.1108916494937
44.50000000000036 -130.1108916494937
44.60000000000036 -130.1108916494937
44.70000000000037 -130.1108916494937
44.80000000000037 -130.1108916494937
44.90000000000037 -130.1108916494937
45.00000000000037 -130.1108916494937
45.10000000000037 -130.1108916494937
45.20000000000037 -130.1108916494937
45.30000000000037 -130.1108916494937
45.40000000000038 -130.1108916494937
45.50000000000038 -130.1108916494937
45.60000000000038 -130.1108916494937
45.70000000000038 -130.1108916494937
45.80000000000038 -130.1108916494937
45.90000000000038 -130.1108916494937
46.00000000000038 -130.1108916494937
46.10000000000039 -130.1108916494937
46.20000000000039 -130.1108916494937
46.30000000000039 -130.1108916494937
46.40000000000039 -130.1108916494937
46.50000000000039 -130.1108916494937
46.60000000000039 -130.1108916494937
46.70000000000039 -130.1108916494937
46.8000000000004 -130.1108916494937
46.9000000000004 -130.1108916494937
47.0000000000004 -130.1108916494937
47.1000000000004 -130.1108916494937
47.2000000000004 -130.1108916494937
47.3000000000004 -130.1108916494937
47.4000000000004 -130.1108916494937
47.50000000000041 -130.1108916494937
47.60000000000041 -130.1108916494937
47.70000000000041 -130.1108916494937
47.80000000000041 -130.1108916494937
47.90000000000041 -130.1108916494937
48.00000000000041 -130.1108916494937
48.10000000000041 -130.1108916494937
48.20000000000041 -130.1108916494937
48.30000000000042 -130.1108916494937
48.40000000000042 -130.1108916494937
48.50000000000042 -130.1108916494937
48.60000000000042 -130.1108916494937
48.70000000000042 -130.1108916494937
48.80000000000042 -130.1108916494937
48.90000000000042 -130.1108916494937
49.00000000000043 -130.1108916494937
49.10000000000043 -130.1108916494937
49.20000000000043 -130.1108916494937
49.30000000000043 -130.1108916494937
49.40000000000043 -130.1108916494937
49.50000000000043 -130.1108916494937
49.60000000000043 -130.1108916494937
49.70000000000044 -130.1108916494937
49.80000000000044 -130.1108916494937
49.90000000000044 -130.1108916494937