Time X1
0 250
0.1 8164.521077189527
0.2 8164.521077189528
0.3 8164.521077189528
0.4 8164.521077189528
0.5 8164.521077189528
0.6 8164.521077189528
0.7 8164.521077189528
0.7999999999999999 8164.521077189528
0.8999999999999999 8164.521077189527
0.9999999999999999 8164.521077189527
1.1 8164.521077189527
1.2 8164.521077189527
1.3 8164.521077189527
1.4 8164.521077189527
1.5 8164.521077189527
1.6 8164.521077189527
1.7 8164.521077189527
1.8 8164.521077189527
1.900000000000001 8164.521077189527
2 8164.521077189527
2.100000000000001 8164.521077189527
2.200000000000001 8164.521077189527
2.300000000000001 8164.521077189527
2.400000000000001 8164.521077189527
2.500000000000001 8164.521077189527
2.600000000000001 8164.521077189527
2.700000000000001 8164.521077189527
2.800000000000001 8164.521077189527
2.900000000000001 8164.521077189527
3.000000000000001 8164.521077189527
3.100000000000001 8164.521077189527
3.200000000000002 8164.521077189527
3.300000000000002 8164.521077189527
3.400000000000002 8164.521077189527
3.500000000000002 8164.521077189527
3.600000000000002 8164.521077189527
3.700000000000002 8164.521077189527
3.800000000000002 8164.521077189527
3.900000000000002 8164.521077189528
4.000000000000002 8164.521077189528
4.100000000000001 8164.521077189528
4.200000000000001 8164.521077189528
4.300000000000001 8164.521077189528
4.4 8164.521077189528
4.5 8164.521077189528
4.6 8164.521077189528
4.699999999999999 8164.521077189528
4.799999999999999 8164.521077189528
4.899999999999999 8164.521077189528
4.999999999999998 8164.521077189528
5.099999999999998 8164.521077189528
5.199999999999998 8164.521077189528
5.299999999999997 8164.521077189528
5.399999999999997 8164.521077189528
5.499999999999996 8164.521077189528
5.599999999999996 8164.521077189528
5.699999999999996 8164.521077189528
5.799999999999995 8164.521077189528
5.899999999999995 8164.521077189528
5.999999999999995 8164.521077189528
6.099999999999994 8164.521077189528
6.199999999999994 8164.521077189528
6.299999999999994 8164.521077189528
6.399999999999993 8164.521077189528
6.499999999999993 8164.521077189528
6.599999999999993 8164.521077189528
6.699999999999992 8164.521077189528
6.799999999999992 8164.521077189528
6.899999999999991 8164.521077189528
6.999999999999991 8164.521077189528
7.099999999999991 8164.521077189528
7.19999999999999 8164.521077189528
7.29999999999999 8164.521077189528
7.39999999999999 8164.521077189528
7.499999999999989 8164.521077189528
7.599999999999989 8164.521077189528
7.699999999999989 8164.521077189528
7.799999999999988 8164.521077189528
7.899999999999988 8164.521077189528
7.999999999999988 8164.521077189528
8.099999999999987 8164.521077189528
8.199999999999987 8164.521077189528
8.299999999999986 8164.521077189528
8.399999999999986 8164.521077189528
8.499999999999986 8164.521077189528
8.599999999999985 8164.521077189528
8.699999999999985 8164.521077189528
8.799999999999985 8164.521077189528
8.899999999999984 8164.521077189528
8.999999999999984 8164.521077189528
9.099999999999984 8164.521077189528
9.199999999999983 8164.521077189528
9.299999999999983 8164.521077189528
9.399999999999983 8164.521077189528
9.499999999999982 8164.521077189528
9.599999999999982 8164.521077189528
9.699999999999982 8164.521077189528
9.799999999999981 8164.521077189528
9.899999999999981 8164.521077189527
9.99999999999998 8164.521077189527
10.09999999999998 8164.521077189527
10.19999999999998 8164.521077189527
10.29999999999998 8164.521077189527
10.39999999999998 8164.521077189527
10.49999999999998 8164.521077189527
10.59999999999998 8164.521077189527
10.69999999999998 8164.521077189527
10.79999999999998 8164.521077189527
10.89999999999998 8164.521077189527
10.99999999999998 8164.521077189527
11.09999999999998 8164.521077189527
11.19999999999998 8164.521077189527
11.29999999999998 8164.521077189527
11.39999999999998 8164.521077189527
11.49999999999998 8164.521077189527
11.59999999999997 8164.521077189527
11.69999999999997 8164.521077189527
11.79999999999997 8164.521077189527
11.89999999999997 8164.521077189527
11.99999999999997 8164.521077189527
12.09999999999997 8164.521077189527
12.19999999999997 8164.521077189527
12.29999999999997 8164.521077189527
12.39999999999997 8164.521077189527
12.49999999999997 8164.521077189527
12.59999999999997 8164.521077189527
12.69999999999997 8164.521077189527
12.79999999999997 8164.521077189527
12.89999999999997 8164.521077189527
12.99999999999997 8164.521077189527
13.09999999999997 8164.521077189527
13.19999999999997 8164.521077189527
13.29999999999997 8164.521077189527
13.39999999999997 8164.521077189527
13.49999999999997 8164.521077189527
13.59999999999997 8164.521077189527
13.69999999999997 8164.521077189527
13.79999999999997 8164.521077189527
13.89999999999997 8164.521077189527
13.99999999999997 8164.521077189527
14.09999999999997 8164.521077189527
14.19999999999997 8164.521077189527
14.29999999999997 8164.521077189527
14.39999999999996 8164.521077189527
14.49999999999996 8164.521077189527
14.59999999999996 8164.521077189527
14.69999999999996 8164.521077189527
14.79999999999996 8164.521077189527
14.89999999999996 8164.521077189527
14.99999999999996 8164.521077189527
15.09999999999996 8164.521077189527
15.19999999999996 8164.521077189527
15.29999999999996 8164.521077189527
15.39999999999996 8164.521077189527
15.49999999999996 8164.521077189527
15.59999999999996 8164.521077189527
15.69999999999996 8164.521077189527
15.79999999999996 8164.521077189527
15.89999999999996 8164.521077189527
15.99999999999996 8164.521077189527
16.09999999999996 8164.521077189527
16.19999999999996 8164.521077189527
16.29999999999996 8164.521077189527
16.39999999999996 8164.521077189527
16.49999999999996 8164.521077189527
16.59999999999997 8164.521077189527
16.69999999999997 8164.521077189527
16.79999999999997 8164.521077189527
16.89999999999997 8164.521077189527
16.99999999999997 8164.521077189527
17.09999999999997 8164.521077189527
17.19999999999997 8164.521077189527
17.29999999999998 8164.521077189527
17.39999999999998 8164.521077189527
17.49999999999998 8164.521077189527
17.59999999999998 8164.521077189527
17.69999999999998 8164.521077189527
17.79999999999998 8164.521077189527
17.89999999999998 8164.521077189527
17.99999999999999 8164.521077189527
18.09999999999999 8164.521077189527
18.19999999999999 8164.521077189527
18.29999999999999 8164.521077189527
18.39999999999999 8164.521077189527
18.49999999999999 8164.521077189527
18.59999999999999 8164.521077189527
18.7 8164.521077189527
18.8 8164.521077189527
18.9 8164.521077189527
19 8164.521077189527
19.1 8164.521077189527
19.2 8164.521077189527
19.3 8164.521077189527
19.40000000000001 8164.521077189527
19.50000000000001 8164.521077189527
19.60000000000001 8164.521077189527
19.70000000000001 8164.521077189527
19.80000000000001 8164.521077189527
19.90000000000001 8164.521077189527
20.00000000000001 8164.521077189527
20.10000000000002 8164.521077189527
20.20000000000002 8164.521077189527
20.30000000000002 8164.521077189527
20.40000000000002 8164.521077189527
20.50000000000002 8164.521077189527
20.60000000000002 8164.521077189527
20.70000000000002 8164.521077189527
20.80000000000003 8164.521077189527
20.90000000000003 8164.521077189527
21.00000000000003 8164.521077189527
21.10000000000003 8164.521077189527
21.20000000000003 8164.521077189527
21.30000000000003 8164.521077189527
21.40000000000003 8164.521077189527
21.50000000000004 8164.521077189527
21.60000000000004 8164.521077189527
21.70000000000004 8164.521077189527
21.80000000000004 8164.521077189527
21.90000000000004 8164.521077189527
22.00000000000004 8164.521077189527
22.10000000000004 8164.521077189527
22.20000000000005 8164.521077189527
22.30000000000005 8164.521077189527
22.40000000000005 8164.521077189527
22.50000000000005 8164.521077189527
22.60000000000005 8164.521077189527
22.70000000000005 8164.521077189527
22.80000000000005 8164.521077189527
22.90000000000006 8164.521077189527
23.00000000000006 8164.521077189527
23.10000000000006 8164.521077189527
23.20000000000006 8164.521077189527
23.30000000000006 8164.521077189527
23.40000000000006 8164.521077189527
23.50000000000006 8164.521077189527
23.60000000000007 8164.521077189527
23.70000000000007 8164.521077189527
23.80000000000007 8164.521077189527
23.90000000000007 8164.521077189527
24.00000000000007 8164.521077189527
24.10000000000007 8164.521077189527
24.20000000000007 8164.521077189527
24.30000000000008 8164.521077189527
24.40000000000008 8164.521077189527
24.50000000000008 8164.521077189527
24.60000000000008 8164.521077189527
24.70000000000008 8164.521077189527
24.80000000000008 8164.521077189527
24.90000000000008 8164.521077189527
25.00000000000009 8164.521077189527
25.10000000000009 8164.521077189527
25.20000000000009 8164.521077189527
25.30000000000009 8164.521077189527
25.40000000000009 8164.521077189527
25.50000000000009 8164.521077189527
25.60000000000009 8164.521077189527
25.7000000000001 8164.521077189527
25.8000000000001 8164.521077189527
25.9000000000001 8164.521077189527
26.0000000000001 8164.521077189527
26.1000000000001 8164.521077189527
26.2000000000001 8164.521077189527
26.3000000000001 8164.521077189527
26.40000000000011 8164.521077189527
26.50000000000011 8164.521077189527
26.60000000000011 8164.521077189527
26.70000000000011 8164.521077189527
26.80000000000011 8164.521077189527
26.90000000000011 8164.521077189527
27.00000000000011 8164.521077189527
27.10000000000012 8164.521077189527
27.20000000000012 8164.521077189527
27.30000000000012 8164.521077189527
27.40000000000012 8164.521077189527
27.50000000000012 8164.521077189527
27.60000000000012 8164.521077189527
27.70000000000012 8164.521077189527
27.80000000000013 8164.521077189527
27.90000000000013 8164.521077189527
28.00000000000013 8164.521077189527
28.10000000000013 8164.521077189527
28.20000000000013 8164.521077189527
28.30000000000013 8164.521077189527
28.40000000000013 8164.521077189527
28.50000000000014 8164.521077189527
28.60000000000014 8164.521077189527
28.70000000000014 8164.521077189527
28.80000000000014 8164.521077189527
28.90000000000014 8164.521077189527
29.00000000000014 8164.521077189527
29.10000000000014 8164.521077189527
29.20000000000014 8164.521077189527
29.30000000000015 8164.521077189527
29.40000000000015 8164.521077189527
29.50000000000015 8164.521077189527
29.60000000000015 8164.521077189527
29.70000000000015 8164.521077189527
29.80000000000015 8164.521077189527
29.90000000000015 8164.521077189527
30.00000000000016 8164.521077189527
30.10000000000016 8164.521077189527
30.20000000000016 8164.521077189527
30.30000000000016 8164.521077189527
30.40000000000016 8164.521077189527
30.50000000000016 8164.521077189527
30.60000000000016 8164.521077189527
30.70000000000017 8164.521077189527
30.80000000000017 8164.521077189527
30.90000000000017 8164.521077189527
31.00000000000017 8164.521077189527
31.10000000000017 8164.521077189527
31.20000000000017 8164.521077189527
31.30000000000017 8164.521077189527
31.40000000000018 8164.521077189527
31.50000000000018 8164.521077189527
31.60000000000018 8164.521077189527
31.70000000000018 8164.521077189527
31.80000000000018 8164.521077189527
31.90000000000018 8164.521077189527
32.00000000000018 8164.521077189527
32.10000000000019 8164.521077189527
32.20000000000019 8164.521077189527
32.30000000000019 8164.521077189527
32.40000000000019 8164.521077189527
32.50000000000019 8164.521077189527
32.60000000000019 8164.521077189527
32.70000000000019 8164.521077189527
32.8000000000002 8164.521077189527
32.9000000000002 8164.521077189527
33.0000000000002 8164.521077189527
33.1000000000002 8164.521077189527
33.2000000000002 8164.521077189527
33.3000000000002 8164.521077189527
33.4000000000002 8164.521077189527
33.50000000000021 8164.521077189527
33.60000000000021 8164.521077189527
33.70000000000021 8164.521077189527
33.80000000000021 8164.521077189527
33.90000000000021 8164.521077189527
34.00000000000021 8164.521077189527
34.10000000000021 8164.521077189527
34.20000000000022 8164.521077189527
34.30000000000022 8164.521077189527
34.40000000000022 8164.521077189527
34.50000000000022 8164.521077189527
34.60000000000022 8164.521077189527
34.70000000000022 8164.521077189527
34.80000000000022 8164.521077189527
34.90000000000023 8164.521077189527
35.00000000000023 8164.521077189527
35.10000000000023 8164.521077189527
35.20000000000023 8164.521077189527
35.30000000000023 8164.521077189527
35.40000000000023 8164.521077189527
35.50000000000023 8164.521077189527
35.60000000000024 8164.521077189527
35.70000000000024 8164.521077189527
35.80000000000024 8164.521077189527
35.90000000000024 8164.521077189527
36.00000000000024 8164.521077189527
36.10000000000024 8164.521077189527
36.20000000000024 8164.521077189527
36.30000000000025 8164.521077189527
36.40000000000025 8164.521077189527
36.50000000000025 8164.521077189527
36.60000000000025 8164.521077189527
36.70000000000025 8164.521077189527
36.80000000000025 8164.521077189527
36.90000000000025 8164.521077189527
37.00000000000026 8164.521077189527
37.10000000000026 8164.521077189527
37.20000000000026 8164.521077189527
37.30000000000026 8164.521077189527
37.40000000000026 8164.521077189527
37.50000000000026 8164.521077189527
37.60000000000026 8164.521077189527
37.70000000000027 8164.521077189527
37.80000000000027 8164.521077189527
37.90000000000027 8164.521077189527
38.00000000000027 8164.521077189527
38.10000000000027 8164.521077189527
38.20000000000027 8164.521077189527
38.30000000000027 8164.521077189527
38.40000000000028 8164.521077189527
38.50000000000028 8164.521077189527
38.60000000000028 8164.521077189527
38.70000000000028 8164.521077189527
38.80000000000028 8164.521077189527
38.90000000000028 8164.521077189527
39.00000000000028 8164.521077189527
39.10000000000029 8164.521077189527
39.20000000000029 8164.521077189527
39.30000000000029 8164.521077189527
39.40000000000029 8164.521077189527
39.50000000000029 8164.521077189527
39.60000000000029 8164.521077189527
39.70000000000029 8164.521077189527
39.8000000000003 8164.521077189527
39.9000000000003 8164.521077189527
40.0000000000003 8164.521077189527
40.1000000000003 8164.521077189527
40.2000000000003 8164.521077189527
40.3000000000003 8164.521077189527
40.4000000000003 8164.521077189527
40.50000000000031 8164.521077189527
40.60000000000031 8164.521077189527
40.70000000000031 8164.521077189527
40.80000000000031 8164.521077189527
40.90000000000031 8164.521077189527
41.00000000000031 8164.521077189527
41.10000000000031 8164.521077189527
41.20000000000032 8164.521077189527
41.30000000000032 8164.521077189527
41.40000000000032 8164.521077189527
41.50000000000032 8164.521077189527
41.60000000000032 8164.521077189527
41.70000000000032 8164.521077189527
41.80000000000032 8164.521077189527
41.90000000000033 8164.521077189527
42.00000000000033 8164.521077189527
42.10000000000033 8164.521077189527
42.20000000000033 8164.521077189527
42.30000000000033 8164.521077189527
42.40000000000033 8164.521077189527
42.50000000000033 8164.521077189527
42.60000000000034 8164.521077189527
42.70000000000034 8164.521077189527
42.80000000000034 8164.521077189527
42.90000000000034 8164.521077189527
43.00000000000034 8164.521077189527
43.10000000000034 8164.521077189527
43.20000000000034 8164.521077189527
43.30000000000035 8164.521077189527
43.40000000000035 8164.521077189527
43.50000000000035 8164.521077189527
43.60000000000035 8164.521077189527
43.70000000000035 8164.521077189527
43.80000000000035 8164.521077189527
43.90000000000035 8164.521077189527
44.00000000000036 8164.521077189527
44.10000000000036 8164.521077189527
44.20000000000036 8164.521077189527
44.30000000000036 8164.521077189527
44.40000000000036 8164.521077189527
44.50000000000036 8164.521077189527
44.60000000000036 8164.521077189527
44.70000000000037 8164.521077189527
44.80000000000037 8164.521077189527
44.90000000000037 8164.521077189527
45.00000000000037 8164.521077189527
45.10000000000037 8164.521077189527
45.20000000000037 8164.521077189527
45.30000000000037 8164.521077189527
45.40000000000038 8164.521077189527
45.50000000000038 8164.521077189527
45.60000000000038 8164.521077189527
45.70000000000038 8164.521077189527
45.80000000000038 8164.521077189527
45.90000000000038 8164.521077189527
46.00000000000038 8164.521077189527
46.10000000000039 8164.521077189527
46.20000000000039 8164.521077189527
46.30000000000039 8164.521077189527
46.40000000000039 8164.521077189527
46.50000000000039 8164.521077189527
46.60000000000039 8164.521077189527
46.70000000000039 8164.521077189527
46.8000000000004 8164.521077189527
46.9000000000004 8164.521077189527
47.0000000000004 8164.521077189527
47.1000000000004 8164.521077189527
47.2000000000004 8164.521077189527
47.3000000000004 8164.521077189527
47.4000000000004 8164.521077189527
47.50000000000041 8164.521077189527
47.60000000000041 8164.521077189527
47.70000000000041 8164.521077189527
47.80000000000041 8164.521077189527
47.90000000000041 8164.521077189527
48.00000000000041 8164.521077189527
48.10000000000041 8164.521077189527
48.20000000000041 8164.521077189527
48.30000000000042 8164.521077189527
48.40000000000042 8164.521077189527
48.50000000000042 8164.521077189527
48.60000000000042 8164.521077189527
48.70000000000042 8164.521077189527
48.80000000000042 8164.521077189527
48.90000000000042 8164.521077189527
49.00000000000043 8164.521077189527
49.10000000000043 8164.521077189527
49.20000000000043 8164.521077189527
49.30000000000043 8164.521077189527
49.40000000000043 8164.521077189527
49.50000000000043 8164.521077189527
49.60000000000043 8164.521077189527
49.70000000000044 8164.521077189527
49.80000000000044 8164.521077189527
49.90000000000044 8164.521077189527