Time X1
0 250
0.1 1466.013007237578
0.2 1466.013007237578
0.3 1466.013007237578
0.4 1466.013007237578
0.5 1466.013007237578
0.6 1466.013007237578
0.7 1466.013007237578
0.7999999999999999 1466.013007237578
0.8999999999999999 1466.013007237578
0.9999999999999999 1466.013007237578
1.1 1466.013007237578
1.2 1466.013007237578
1.3 1466.013007237578
1.4 1466.013007237578
1.5 1466.013007237578
1.6 1466.013007237578
1.7 1466.013007237578
1.8 1466.013007237578
1.900000000000001 1466.013007237578
2 1466.013007237578
2.100000000000001 1466.013007237578
2.200000000000001 1466.013007237578
2.300000000000001 1466.013007237578
2.400000000000001 1466.013007237578
2.500000000000001 1466.013007237578
2.600000000000001 1466.013007237578
2.700000000000001 1466.013007237578
2.800000000000001 1466.013007237578
2.900000000000001 1466.013007237578
3.000000000000001 1466.013007237578
3.100000000000001 1466.013007237578
3.200000000000002 1466.013007237578
3.300000000000002 1466.013007237578
3.400000000000002 1466.013007237578
3.500000000000002 1466.013007237578
3.600000000000002 1466.013007237578
3.700000000000002 1466.013007237578
3.800000000000002 1466.013007237578
3.900000000000002 1466.013007237578
4.000000000000002 1466.013007237578
4.100000000000001 1466.013007237578
4.200000000000001 1466.013007237578
4.300000000000001 1466.013007237578
4.4 1466.013007237578
4.5 1466.013007237578
4.6 1466.013007237578
4.699999999999999 1466.013007237578
4.799999999999999 1466.013007237578
4.899999999999999 1466.013007237578
4.999999999999998 1466.013007237578
5.099999999999998 1466.013007237578
5.199999999999998 1466.013007237578
5.299999999999997 1466.013007237578
5.399999999999997 1466.013007237578
5.499999999999996 1466.013007237578
5.599999999999996 1466.013007237578
5.699999999999996 1466.013007237578
5.799999999999995 1466.013007237578
5.899999999999995 1466.013007237578
5.999999999999995 1466.013007237578
6.099999999999994 1466.013007237578
6.199999999999994 1466.013007237578
6.299999999999994 1466.013007237578
6.399999999999993 1466.013007237578
6.499999999999993 1466.013007237578
6.599999999999993 1466.013007237578
6.699999999999992 1466.013007237578
6.799999999999992 1466.013007237578
6.899999999999991 1466.013007237578
6.999999999999991 1466.013007237578
7.099999999999991 1466.013007237578
7.19999999999999 1466.013007237578
7.29999999999999 1466.013007237578
7.39999999999999 1466.013007237578
7.499999999999989 1466.013007237578
7.599999999999989 1466.013007237578
7.699999999999989 1466.013007237578
7.799999999999988 1466.013007237578
7.899999999999988 1466.013007237578
7.999999999999988 1466.013007237578
8.099999999999987 1466.013007237578
8.199999999999987 1466.013007237578
8.299999999999986 1466.013007237578
8.399999999999986 1466.013007237578
8.499999999999986 1466.013007237578
8.599999999999985 1466.013007237578
8.699999999999985 1466.013007237578
8.799999999999985 1466.013007237578
8.899999999999984 1466.013007237578
8.999999999999984 1466.013007237578
9.099999999999984 1466.013007237578
9.199999999999983 1466.013007237578
9.299999999999983 1466.013007237578
9.399999999999983 1466.013007237578
9.499999999999982 1466.013007237578
9.599999999999982 1466.013007237578
9.699999999999982 1466.013007237578
9.799999999999981 1466.013007237578
9.899999999999981 1466.013007237578
9.99999999999998 1466.013007237578
10.09999999999998 1466.013007237578
10.19999999999998 1466.013007237578
10.29999999999998 1466.013007237578
10.39999999999998 1466.013007237578
10.49999999999998 1466.013007237578
10.59999999999998 1466.013007237578
10.69999999999998 1466.013007237578
10.79999999999998 1466.013007237578
10.89999999999998 1466.013007237578
10.99999999999998 1466.013007237578
11.09999999999998 1466.013007237578
11.19999999999998 1466.013007237578
11.29999999999998 1466.013007237578
11.39999999999998 1466.013007237578
11.49999999999998 1466.013007237578
11.59999999999997 1466.013007237578
11.69999999999997 1466.013007237578
11.79999999999997 1466.013007237578
11.89999999999997 1466.013007237578
11.99999999999997 1466.013007237578
12.09999999999997 1466.013007237578
12.19999999999997 1466.013007237578
12.29999999999997 1466.013007237578
12.39999999999997 1466.013007237578
12.49999999999997 1466.013007237578
12.59999999999997 1466.013007237578
12.69999999999997 1466.013007237578
12.79999999999997 1466.013007237578
12.89999999999997 1466.013007237578
12.99999999999997 1466.013007237578
13.09999999999997 1466.013007237578
13.19999999999997 1466.013007237578
13.29999999999997 1466.013007237578
13.39999999999997 1466.013007237578
13.49999999999997 1466.013007237578
13.59999999999997 1466.013007237578
13.69999999999997 1466.013007237578
13.79999999999997 1466.013007237578
13.89999999999997 1466.013007237578
13.99999999999997 1466.013007237578
14.09999999999997 1466.013007237578
14.19999999999997 1466.013007237578
14.29999999999997 1466.013007237578
14.39999999999996 1466.013007237578
14.49999999999996 1466.013007237578
14.59999999999996 1466.013007237578
14.69999999999996 1466.013007237578
14.79999999999996 1466.013007237578
14.89999999999996 1466.013007237578
14.99999999999996 1466.013007237578
15.09999999999996 1466.013007237578
15.19999999999996 1466.013007237578
15.29999999999996 1466.013007237578
15.39999999999996 1466.013007237578
15.49999999999996 1466.013007237578
15.59999999999996 1466.013007237578
15.69999999999996 1466.013007237578
15.79999999999996 1466.013007237578
15.89999999999996 1466.013007237578
15.99999999999996 1466.013007237578
16.09999999999996 1466.013007237578
16.19999999999996 1466.013007237578
16.29999999999996 1466.013007237578
16.39999999999996 1466.013007237578
16.49999999999996 1466.013007237578
16.59999999999997 1466.013007237578
16.69999999999997 1466.013007237578
16.79999999999997 1466.013007237578
16.89999999999997 1466.013007237578
16.99999999999997 1466.013007237578
17.09999999999997 1466.013007237578
17.19999999999997 1466.013007237578
17.29999999999998 1466.013007237578
17.39999999999998 1466.013007237578
17.49999999999998 1466.013007237578
17.59999999999998 1466.013007237578
17.69999999999998 1466.013007237578
17.79999999999998 1466.013007237578
17.89999999999998 1466.013007237578
17.99999999999999 1466.013007237578
18.09999999999999 1466.013007237578
18.19999999999999 1466.013007237578
18.29999999999999 1466.013007237578
18.39999999999999 1466.013007237578
18.49999999999999 1466.013007237578
18.59999999999999 1466.013007237578
18.7 1466.013007237578
18.8 1466.013007237578
18.9 1466.013007237578
19 1466.013007237578
19.1 1466.013007237578
19.2 1466.013007237578
19.3 1466.013007237578
19.40000000000001 1466.013007237578
19.50000000000001 1466.013007237578
19.60000000000001 1466.013007237578
19.70000000000001 1466.013007237578
19.80000000000001 1466.013007237578
19.90000000000001 1466.013007237578
20.00000000000001 1466.013007237578
20.10000000000002 1466.013007237578
20.20000000000002 1466.013007237578
20.30000000000002 1466.013007237578
20.40000000000002 1466.013007237578
20.50000000000002 1466.013007237578
20.60000000000002 1466.013007237578
20.70000000000002 1466.013007237578
20.80000000000003 1466.013007237578
20.90000000000003 1466.013007237578
21.00000000000003 1466.013007237578
21.10000000000003 1466.013007237578
21.20000000000003 1466.013007237578
21.30000000000003 1466.013007237578
21.40000000000003 1466.013007237578
21.50000000000004 1466.013007237578
21.60000000000004 1466.013007237578
21.70000000000004 1466.013007237578
21.80000000000004 1466.013007237578
21.90000000000004 1466.013007237578
22.00000000000004 1466.013007237578
22.10000000000004 1466.013007237578
22.20000000000005 1466.013007237578
22.30000000000005 1466.013007237578
22.40000000000005 1466.013007237578
22.50000000000005 1466.013007237578
22.60000000000005 1466.013007237578
22.70000000000005 1466.013007237578
22.80000000000005 1466.013007237578
22.90000000000006 1466.013007237578
23.00000000000006 1466.013007237578
23.10000000000006 1466.013007237578
23.20000000000006 1466.013007237578
23.30000000000006 1466.013007237578
23.40000000000006 1466.013007237578
23.50000000000006 1466.013007237578
23.60000000000007 1466.013007237578
23.70000000000007 1466.013007237578
23.80000000000007 1466.013007237578
23.90000000000007 1466.013007237578
24.00000000000007 1466.013007237578
24.10000000000007 1466.013007237578
24.20000000000007 1466.013007237578
24.30000000000008 1466.013007237578
24.40000000000008 1466.013007237578
24.50000000000008 1466.013007237578
24.60000000000008 1466.013007237578
24.70000000000008 1466.013007237578
24.80000000000008 1466.013007237578
24.90000000000008 1466.013007237578
25.00000000000009 1466.013007237578
25.10000000000009 1466.013007237578
25.20000000000009 1466.013007237578
25.30000000000009 1466.013007237578
25.40000000000009 1466.013007237578
25.50000000000009 1466.013007237578
25.60000000000009 1466.013007237578
25.7000000000001 1466.013007237578
25.8000000000001 1466.013007237578
25.9000000000001 1466.013007237578
26.0000000000001 1466.013007237578
26.1000000000001 1466.013007237578
26.2000000000001 1466.013007237578
26.3000000000001 1466.013007237578
26.40000000000011 1466.013007237578
26.50000000000011 1466.013007237578
26.60000000000011 1466.013007237578
26.70000000000011 1466.013007237578
26.80000000000011 1466.013007237578
26.90000000000011 1466.013007237578
27.00000000000011 1466.013007237578
27.10000000000012 1466.013007237578
27.20000000000012 1466.013007237578
27.30000000000012 1466.013007237578
27.40000000000012 1466.013007237578
27.50000000000012 1466.013007237578
27.60000000000012 1466.013007237578
27.70000000000012 1466.013007237578
27.80000000000013 1466.013007237578
27.90000000000013 1466.013007237578
28.00000000000013 1466.013007237578
28.10000000000013 1466.013007237578
28.20000000000013 1466.013007237578
28.30000000000013 1466.013007237578
28.40000000000013 1466.013007237578
28.50000000000014 1466.013007237578
28.60000000000014 1466.013007237578
28.70000000000014 1466.013007237578
28.80000000000014 1466.013007237578
28.90000000000014 1466.013007237578
29.00000000000014 1466.013007237578
29.10000000000014 1466.013007237578
29.20000000000014 1466.013007237578
29.30000000000015 1466.013007237578
29.40000000000015 1466.013007237578
29.50000000000015 1466.013007237578
29.60000000000015 1466.013007237578
29.70000000000015 1466.013007237578
29.80000000000015 1466.013007237578
29.90000000000015 1466.013007237578
30.00000000000016 1466.013007237578
30.10000000000016 1466.013007237578
30.20000000000016 1466.013007237578
30.30000000000016 1466.013007237578
30.40000000000016 1466.013007237578
30.50000000000016 1466.013007237578
30.60000000000016 1466.013007237578
30.70000000000017 1466.013007237578
30.80000000000017 1466.013007237578
30.90000000000017 1466.013007237578
31.00000000000017 1466.013007237578
31.10000000000017 1466.013007237578
31.20000000000017 1466.013007237578
31.30000000000017 1466.013007237578
31.40000000000018 1466.013007237578
31.50000000000018 1466.013007237578
31.60000000000018 1466.013007237578
31.70000000000018 1466.013007237578
31.80000000000018 1466.013007237578
31.90000000000018 1466.013007237578
32.00000000000018 1466.013007237578
32.10000000000019 1466.013007237578
32.20000000000019 1466.013007237578
32.30000000000019 1466.013007237578
32.40000000000019 1466.013007237578
32.50000000000019 1466.013007237578
32.60000000000019 1466.013007237578
32.70000000000019 1466.013007237578
32.8000000000002 1466.013007237578
32.9000000000002 1466.013007237578
33.0000000000002 1466.013007237578
33.1000000000002 1466.013007237578
33.2000000000002 1466.013007237578
33.3000000000002 1466.013007237578
33.4000000000002 1466.013007237578
33.50000000000021 1466.013007237578
33.60000000000021 1466.013007237578
33.70000000000021 1466.013007237578
33.80000000000021 1466.013007237578
33.90000000000021 1466.013007237578
34.00000000000021 1466.013007237578
34.10000000000021 1466.013007237578
34.20000000000022 1466.013007237578
34.30000000000022 1466.013007237578
34.40000000000022 1466.013007237578
34.50000000000022 1466.013007237578
34.60000000000022 1466.013007237578
34.70000000000022 1466.013007237578
34.80000000000022 1466.013007237578
34.90000000000023 1466.013007237578
35.00000000000023 1466.013007237578
35.10000000000023 1466.013007237578
35.20000000000023 1466.013007237578
35.30000000000023 1466.013007237578
35.40000000000023 1466.013007237578
35.50000000000023 1466.013007237578
35.60000000000024 1466.013007237578
35.70000000000024 1466.013007237578
35.80000000000024 1466.013007237578
35.90000000000024 1466.013007237578
36.00000000000024 1466.013007237578
36.10000000000024 1466.013007237578
36.20000000000024 1466.013007237578
36.30000000000025 1466.013007237578
36.40000000000025 1466.013007237578
36.50000000000025 1466.013007237578
36.60000000000025 1466.013007237578
36.70000000000025 1466.013007237578
36.80000000000025 1466.013007237578
36.90000000000025 1466.013007237578
37.00000000000026 1466.013007237578
37.10000000000026 1466.013007237578
37.20000000000026 1466.013007237578
37.30000000000026 1466.013007237578
37.40000000000026 1466.013007237578
37.50000000000026 1466.013007237578
37.60000000000026 1466.013007237578
37.70000000000027 1466.013007237578
37.80000000000027 1466.013007237578
37.90000000000027 1466.013007237578
38.00000000000027 1466.013007237578
38.10000000000027 1466.013007237578
38.20000000000027 1466.013007237578
38.30000000000027 1466.013007237578
38.40000000000028 1466.013007237578
38.50000000000028 1466.013007237578
38.60000000000028 1466.013007237578
38.70000000000028 1466.013007237578
38.80000000000028 1466.013007237578
38.90000000000028 1466.013007237578
39.00000000000028 1466.013007237578
39.10000000000029 1466.013007237578
39.20000000000029 1466.013007237578
39.30000000000029 1466.013007237578
39.40000000000029 1466.013007237578
39.50000000000029 1466.013007237578
39.60000000000029 1466.013007237578
39.70000000000029 1466.013007237578
39.8000000000003 1466.013007237578
39.9000000000003 1466.013007237578
40.0000000000003 1466.013007237578
40.1000000000003 1466.013007237578
40.2000000000003 1466.013007237578
40.3000000000003 1466.013007237578
40.4000000000003 1466.013007237578
40.50000000000031 1466.013007237578
40.60000000000031 1466.013007237578
40.70000000000031 1466.013007237578
40.80000000000031 1466.013007237578
40.90000000000031 1466.013007237578
41.00000000000031 1466.013007237578
41.10000000000031 1466.013007237578
41.20000000000032 1466.013007237578
41.30000000000032 1466.013007237578
41.40000000000032 1466.013007237578
41.50000000000032 1466.013007237578
41.60000000000032 1466.013007237578
41.70000000000032 1466.013007237578
41.80000000000032 1466.013007237578
41.90000000000033 1466.013007237578
42.00000000000033 1466.013007237578
42.10000000000033 1466.013007237578
42.20000000000033 1466.013007237578
42.30000000000033 1466.013007237578
42.40000000000033 1466.013007237578
42.50000000000033 1466.013007237578
42.60000000000034 1466.013007237578
42.70000000000034 1466.013007237578
42.80000000000034 1466.013007237578
42.90000000000034 1466.013007237578
43.00000000000034 1466.013007237578
43.10000000000034 1466.013007237578
43.20000000000034 1466.013007237578
43.30000000000035 1466.013007237578
43.40000000000035 1466.013007237578
43.50000000000035 1466.013007237578
43.60000000000035 1466.013007237578
43.70000000000035 1466.013007237578
43.80000000000035 1466.013007237578
43.90000000000035 1466.013007237578
44.00000000000036 1466.013007237578
44.10000000000036 1466.013007237578
44.20000000000036 1466.013007237578
44.30000000000036 1466.013007237578
44.40000000000036 1466.013007237578
44.50000000000036 1466.013007237578
44.60000000000036 1466.013007237578
44.70000000000037 1466.013007237578
44.80000000000037 1466.013007237578
44.90000000000037 1466.013007237578
45.00000000000037 1466.013007237578
45.10000000000037 1466.013007237578
45.20000000000037 1466.013007237578
45.30000000000037 1466.013007237578
45.40000000000038 1466.013007237578
45.50000000000038 1466.013007237578
45.60000000000038 1466.013007237578
45.70000000000038 1466.013007237578
45.80000000000038 1466.013007237578
45.90000000000038 1466.013007237578
46.00000000000038 1466.013007237578
46.10000000000039 1466.013007237578
46.20000000000039 1466.013007237578
46.30000000000039 1466.013007237578
46.40000000000039 1466.013007237578
46.50000000000039 1466.013007237578
46.60000000000039 1466.013007237578
46.70000000000039 1466.013007237578
46.8000000000004 1466.013007237578
46.9000000000004 1466.013007237578
47.0000000000004 1466.013007237578
47.1000000000004 1466.013007237578
47.2000000000004 1466.013007237578
47.3000000000004 1466.013007237578
47.4000000000004 1466.013007237578
47.50000000000041 1466.013007237578
47.60000000000041 1466.013007237578
47.70000000000041 1466.013007237578
47.80000000000041 1466.013007237578
47.90000000000041 1466.013007237578
48.00000000000041 1466.013007237578
48.10000000000041 1466.013007237578
48.20000000000041 1466.013007237578
48.30000000000042 1466.013007237578
48.40000000000042 1466.013007237578
48.50000000000042 1466.013007237578
48.60000000000042 1466.013007237578
48.70000000000042 1466.013007237578
48.80000000000042 1466.013007237578
48.90000000000042 1466.013007237578
49.00000000000043 1466.013007237578
49.10000000000043 1466.013007237578
49.20000000000043 1466.013007237578
49.30000000000043 1466.013007237578
49.40000000000043 1466.013007237578
49.50000000000043 1466.013007237578
49.60000000000043 1466.013007237578
49.70000000000044 1466.013007237578
49.80000000000044 1466.013007237578
49.90000000000044 1466.013007237578