Time X1
0 250
0.1 3538.904910805401
0.2 3538.904910805401
0.3 3538.904910805401
0.4 3538.904910805401
0.5 3538.904910805402
0.6 3538.904910805402
0.7 3538.904910805402
0.7999999999999999 3538.904910805402
0.8999999999999999 3538.904910805402
0.9999999999999999 3538.904910805402
1.1 3538.904910805402
1.2 3538.904910805402
1.3 3538.904910805401
1.4 3538.904910805401
1.5 3538.904910805401
1.6 3538.904910805401
1.7 3538.904910805401
1.8 3538.904910805401
1.900000000000001 3538.904910805401
2 3538.904910805401
2.100000000000001 3538.904910805401
2.200000000000001 3538.904910805401
2.300000000000001 3538.904910805401
2.400000000000001 3538.904910805401
2.500000000000001 3538.904910805401
2.600000000000001 3538.904910805401
2.700000000000001 3538.904910805401
2.800000000000001 3538.904910805401
2.900000000000001 3538.904910805401
3.000000000000001 3538.904910805401
3.100000000000001 3538.904910805401
3.200000000000002 3538.904910805401
3.300000000000002 3538.904910805401
3.400000000000002 3538.904910805401
3.500000000000002 3538.904910805401
3.600000000000002 3538.904910805401
3.700000000000002 3538.904910805401
3.800000000000002 3538.904910805401
3.900000000000002 3538.904910805401
4.000000000000002 3538.904910805401
4.100000000000001 3538.904910805401
4.200000000000001 3538.904910805401
4.300000000000001 3538.904910805401
4.4 3538.904910805401
4.5 3538.904910805401
4.6 3538.904910805401
4.699999999999999 3538.904910805402
4.799999999999999 3538.904910805402
4.899999999999999 3538.904910805402
4.999999999999998 3538.904910805402
5.099999999999998 3538.904910805402
5.199999999999998 3538.904910805402
5.299999999999997 3538.904910805402
5.399999999999997 3538.904910805402
5.499999999999996 3538.904910805402
5.599999999999996 3538.904910805402
5.699999999999996 3538.904910805402
5.799999999999995 3538.904910805402
5.899999999999995 3538.904910805402
5.999999999999995 3538.904910805402
6.099999999999994 3538.904910805402
6.199999999999994 3538.904910805402
6.299999999999994 3538.904910805402
6.399999999999993 3538.904910805402
6.499999999999993 3538.904910805402
6.599999999999993 3538.904910805402
6.699999999999992 3538.904910805402
6.799999999999992 3538.904910805402
6.899999999999991 3538.904910805402
6.999999999999991 3538.904910805402
7.099999999999991 3538.904910805402
7.19999999999999 3538.904910805402
7.29999999999999 3538.904910805402
7.39999999999999 3538.904910805402
7.499999999999989 3538.904910805402
7.599999999999989 3538.904910805402
7.699999999999989 3538.904910805402
7.799999999999988 3538.904910805402
7.899999999999988 3538.904910805402
7.999999999999988 3538.904910805402
8.099999999999987 3538.904910805402
8.199999999999987 3538.904910805402
8.299999999999986 3538.904910805402
8.399999999999986 3538.904910805402
8.499999999999986 3538.904910805402
8.599999999999985 3538.904910805402
8.699999999999985 3538.904910805402
8.799999999999985 3538.904910805402
8.899999999999984 3538.904910805402
8.999999999999984 3538.904910805402
9.099999999999984 3538.904910805402
9.199999999999983 3538.904910805402
9.299999999999983 3538.904910805402
9.399999999999983 3538.904910805402
9.499999999999982 3538.904910805402
9.599999999999982 3538.904910805402
9.699999999999982 3538.904910805402
9.799999999999981 3538.904910805402
9.899999999999981 3538.904910805402
9.99999999999998 3538.904910805402
10.09999999999998 3538.904910805402
10.19999999999998 3538.904910805402
10.29999999999998 3538.904910805402
10.39999999999998 3538.904910805402
10.49999999999998 3538.904910805402
10.59999999999998 3538.904910805402
10.69999999999998 3538.904910805402
10.79999999999998 3538.904910805402
10.89999999999998 3538.904910805402
10.99999999999998 3538.904910805402
11.09999999999998 3538.904910805402
11.19999999999998 3538.904910805402
11.29999999999998 3538.904910805402
11.39999999999998 3538.904910805402
11.49999999999998 3538.904910805402
11.59999999999997 3538.904910805402
11.69999999999997 3538.904910805402
11.79999999999997 3538.904910805402
11.89999999999997 3538.904910805402
11.99999999999997 3538.904910805402
12.09999999999997 3538.904910805402
12.19999999999997 3538.904910805402
12.29999999999997 3538.904910805402
12.39999999999997 3538.904910805402
12.49999999999997 3538.904910805402
12.59999999999997 3538.904910805401
12.69999999999997 3538.904910805401
12.79999999999997 3538.904910805401
12.89999999999997 3538.904910805401
12.99999999999997 3538.904910805401
13.09999999999997 3538.904910805401
13.19999999999997 3538.904910805401
13.29999999999997 3538.904910805401
13.39999999999997 3538.904910805401
13.49999999999997 3538.904910805401
13.59999999999997 3538.904910805401
13.69999999999997 3538.904910805401
13.79999999999997 3538.904910805401
13.89999999999997 3538.904910805401
13.99999999999997 3538.904910805401
14.09999999999997 3538.904910805401
14.19999999999997 3538.904910805401
14.29999999999997 3538.904910805401
14.39999999999996 3538.904910805401
14.49999999999996 3538.904910805401
14.59999999999996 3538.904910805401
14.69999999999996 3538.904910805401
14.79999999999996 3538.904910805401
14.89999999999996 3538.904910805401
14.99999999999996 3538.904910805401
15.09999999999996 3538.904910805401
15.19999999999996 3538.904910805401
15.29999999999996 3538.904910805401
15.39999999999996 3538.904910805401
15.49999999999996 3538.904910805401
15.59999999999996 3538.904910805401
15.69999999999996 3538.904910805401
15.79999999999996 3538.904910805401
15.89999999999996 3538.904910805401
15.99999999999996 3538.904910805401
16.09999999999996 3538.904910805401
16.19999999999996 3538.904910805401
16.29999999999996 3538.904910805401
16.39999999999996 3538.904910805401
16.49999999999996 3538.904910805401
16.59999999999997 3538.904910805401
16.69999999999997 3538.904910805401
16.79999999999997 3538.904910805401
16.89999999999997 3538.904910805401
16.99999999999997 3538.904910805401
17.09999999999997 3538.904910805401
17.19999999999997 3538.904910805401
17.29999999999998 3538.904910805401
17.39999999999998 3538.904910805401
17.49999999999998 3538.904910805401
17.59999999999998 3538.904910805401
17.69999999999998 3538.904910805401
17.79999999999998 3538.904910805401
17.89999999999998 3538.904910805401
17.99999999999999 3538.904910805401
18.09999999999999 3538.904910805401
18.19999999999999 3538.904910805401
18.29999999999999 3538.904910805401
18.39999999999999 3538.904910805401
18.49999999999999 3538.904910805401
18.59999999999999 3538.904910805401
18.7 3538.904910805401
18.8 3538.904910805401
18.9 3538.904910805401
19 3538.904910805401
19.1 3538.904910805401
19.2 3538.904910805401
19.3 3538.904910805401
19.40000000000001 3538.904910805401
19.50000000000001 3538.904910805401
19.60000000000001 3538.904910805401
19.70000000000001 3538.904910805401
19.80000000000001 3538.904910805401
19.90000000000001 3538.904910805401
20.00000000000001 3538.904910805401
20.10000000000002 3538.904910805401
20.20000000000002 3538.904910805401
20.30000000000002 3538.904910805401
20.40000000000002 3538.904910805401
20.50000000000002 3538.904910805401
20.60000000000002 3538.904910805401
20.70000000000002 3538.904910805401
20.80000000000003 3538.904910805401
20.90000000000003 3538.904910805401
21.00000000000003 3538.904910805401
21.10000000000003 3538.904910805401
21.20000000000003 3538.904910805401
21.30000000000003 3538.904910805401
21.40000000000003 3538.904910805401
21.50000000000004 3538.904910805401
21.60000000000004 3538.904910805401
21.70000000000004 3538.904910805401
21.80000000000004 3538.904910805401
21.90000000000004 3538.904910805401
22.00000000000004 3538.904910805401
22.10000000000004 3538.904910805401
22.20000000000005 3538.904910805401
22.30000000000005 3538.904910805401
22.40000000000005 3538.904910805401
22.50000000000005 3538.904910805401
22.60000000000005 3538.904910805401
22.70000000000005 3538.904910805401
22.80000000000005 3538.904910805401
22.90000000000006 3538.904910805401
23.00000000000006 3538.904910805401
23.10000000000006 3538.904910805401
23.20000000000006 3538.904910805401
23.30000000000006 3538.904910805401
23.40000000000006 3538.904910805401
23.50000000000006 3538.904910805401
23.60000000000007 3538.904910805401
23.70000000000007 3538.904910805401
23.80000000000007 3538.904910805401
23.90000000000007 3538.904910805401
24.00000000000007 3538.904910805401
24.10000000000007 3538.904910805401
24.20000000000007 3538.904910805401
24.30000000000008 3538.904910805401
24.40000000000008 3538.904910805401
24.50000000000008 3538.904910805401
24.60000000000008 3538.904910805401
24.70000000000008 3538.904910805401
24.80000000000008 3538.904910805401
24.90000000000008 3538.904910805401
25.00000000000009 3538.904910805401
25.10000000000009 3538.904910805401
25.20000000000009 3538.904910805401
25.30000000000009 3538.904910805401
25.40000000000009 3538.904910805401
25.50000000000009 3538.904910805401
25.60000000000009 3538.904910805401
25.7000000000001 3538.904910805401
25.8000000000001 3538.904910805401
25.9000000000001 3538.904910805401
26.0000000000001 3538.904910805401
26.1000000000001 3538.904910805401
26.2000000000001 3538.904910805401
26.3000000000001 3538.904910805401
26.40000000000011 3538.904910805401
26.50000000000011 3538.904910805401
26.60000000000011 3538.904910805401
26.70000000000011 3538.904910805401
26.80000000000011 3538.904910805401
26.90000000000011 3538.904910805401
27.00000000000011 3538.904910805401
27.10000000000012 3538.904910805401
27.20000000000012 3538.904910805401
27.30000000000012 3538.904910805401
27.40000000000012 3538.904910805401
27.50000000000012 3538.904910805401
27.60000000000012 3538.904910805401
27.70000000000012 3538.904910805401
27.80000000000013 3538.904910805401
27.90000000000013 3538.904910805401
28.00000000000013 3538.904910805401
28.10000000000013 3538.904910805401
28.20000000000013 3538.904910805401
28.30000000000013 3538.904910805401
28.40000000000013 3538.904910805401
28.50000000000014 3538.904910805401
28.60000000000014 3538.904910805401
28.70000000000014 3538.904910805401
28.80000000000014 3538.904910805401
28.90000000000014 3538.904910805401
29.00000000000014 3538.904910805401
29.10000000000014 3538.904910805401
29.20000000000014 3538.904910805401
29.30000000000015 3538.904910805401
29.40000000000015 3538.904910805401
29.50000000000015 3538.904910805401
29.60000000000015 3538.904910805401
29.70000000000015 3538.904910805401
29.80000000000015 3538.904910805401
29.90000000000015 3538.904910805401
30.00000000000016 3538.904910805401
30.10000000000016 3538.904910805401
30.20000000000016 3538.904910805401
30.30000000000016 3538.904910805401
30.40000000000016 3538.904910805401
30.50000000000016 3538.904910805401
30.60000000000016 3538.904910805401
30.70000000000017 3538.904910805401
30.80000000000017 3538.904910805401
30.90000000000017 3538.904910805401
31.00000000000017 3538.904910805401
31.10000000000017 3538.904910805401
31.20000000000017 3538.904910805401
31.30000000000017 3538.904910805401
31.40000000000018 3538.904910805401
31.50000000000018 3538.904910805401
31.60000000000018 3538.904910805401
31.70000000000018 3538.904910805401
31.80000000000018 3538.904910805401
31.90000000000018 3538.904910805401
32.00000000000018 3538.904910805401
32.10000000000019 3538.904910805401
32.20000000000019 3538.904910805401
32.30000000000019 3538.904910805401
32.40000000000019 3538.904910805401
32.50000000000019 3538.904910805401
32.60000000000019 3538.904910805401
32.70000000000019 3538.904910805401
32.8000000000002 3538.904910805401
32.9000000000002 3538.904910805401
33.0000000000002 3538.904910805401
33.1000000000002 3538.904910805401
33.2000000000002 3538.904910805401
33.3000000000002 3538.904910805401
33.4000000000002 3538.904910805401
33.50000000000021 3538.904910805401
33.60000000000021 3538.904910805401
33.70000000000021 3538.904910805401
33.80000000000021 3538.904910805401
33.90000000000021 3538.904910805401
34.00000000000021 3538.904910805401
34.10000000000021 3538.904910805401
34.20000000000022 3538.904910805401
34.30000000000022 3538.904910805401
34.40000000000022 3538.904910805401
34.50000000000022 3538.904910805401
34.60000000000022 3538.904910805401
34.70000000000022 3538.904910805401
34.80000000000022 3538.904910805401
34.90000000000023 3538.904910805401
35.00000000000023 3538.904910805401
35.10000000000023 3538.904910805401
35.20000000000023 3538.904910805401
35.30000000000023 3538.904910805401
35.40000000000023 3538.904910805401
35.50000000000023 3538.904910805401
35.60000000000024 3538.904910805401
35.70000000000024 3538.904910805401
35.80000000000024 3538.904910805401
35.90000000000024 3538.904910805401
36.00000000000024 3538.904910805401
36.10000000000024 3538.904910805401
36.20000000000024 3538.904910805401
36.30000000000025 3538.904910805401
36.40000000000025 3538.904910805401
36.50000000000025 3538.904910805401
36.60000000000025 3538.904910805401
36.70000000000025 3538.904910805401
36.80000000000025 3538.904910805401
36.90000000000025 3538.904910805401
37.00000000000026 3538.904910805401
37.10000000000026 3538.904910805401
37.20000000000026 3538.904910805401
37.30000000000026 3538.904910805401
37.40000000000026 3538.904910805401
37.50000000000026 3538.904910805401
37.60000000000026 3538.904910805401
37.70000000000027 3538.904910805401
37.80000000000027 3538.904910805402
37.90000000000027 3538.904910805402
38.00000000000027 3538.904910805402
38.10000000000027 3538.904910805402
38.20000000000027 3538.904910805402
38.30000000000027 3538.904910805402
38.40000000000028 3538.904910805402
38.50000000000028 3538.904910805402
38.60000000000028 3538.904910805402
38.70000000000028 3538.904910805402
38.80000000000028 3538.904910805402
38.90000000000028 3538.904910805402
39.00000000000028 3538.904910805402
39.10000000000029 3538.904910805402
39.20000000000029 3538.904910805402
39.30000000000029 3538.904910805402
39.40000000000029 3538.904910805402
39.50000000000029 3538.904910805402
39.60000000000029 3538.904910805402
39.70000000000029 3538.904910805402
39.8000000000003 3538.904910805402
39.9000000000003 3538.904910805402
40.0000000000003 3538.904910805402
40.1000000000003 3538.904910805402
40.2000000000003 3538.904910805402
40.3000000000003 3538.904910805402
40.4000000000003 3538.904910805402
40.50000000000031 3538.904910805402
40.60000000000031 3538.904910805402
40.70000000000031 3538.904910805402
40.80000000000031 3538.904910805402
40.90000000000031 3538.904910805402
41.00000000000031 3538.904910805402
41.10000000000031 3538.904910805402
41.20000000000032 3538.904910805402
41.30000000000032 3538.904910805402
41.40000000000032 3538.904910805402
41.50000000000032 3538.904910805402
41.60000000000032 3538.904910805402
41.70000000000032 3538.904910805402
41.80000000000032 3538.904910805402
41.90000000000033 3538.904910805402
42.00000000000033 3538.904910805402
42.10000000000033 3538.904910805402
42.20000000000033 3538.904910805402
42.30000000000033 3538.904910805402
42.40000000000033 3538.904910805402
42.50000000000033 3538.904910805402
42.60000000000034 3538.904910805402
42.70000000000034 3538.904910805402
42.80000000000034 3538.904910805402
42.90000000000034 3538.904910805402
43.00000000000034 3538.904910805402
43.10000000000034 3538.904910805402
43.20000000000034 3538.904910805402
43.30000000000035 3538.904910805402
43.40000000000035 3538.904910805402
43.50000000000035 3538.904910805402
43.60000000000035 3538.904910805402
43.70000000000035 3538.904910805402
43.80000000000035 3538.904910805402
43.90000000000035 3538.904910805402
44.00000000000036 3538.904910805402
44.10000000000036 3538.904910805402
44.20000000000036 3538.904910805402
44.30000000000036 3538.904910805402
44.40000000000036 3538.904910805402
44.50000000000036 3538.904910805402
44.60000000000036 3538.904910805402
44.70000000000037 3538.904910805402
44.80000000000037 3538.904910805402
44.90000000000037 3538.904910805402
45.00000000000037 3538.904910805402
45.10000000000037 3538.904910805402
45.20000000000037 3538.904910805402
45.30000000000037 3538.904910805402
45.40000000000038 3538.904910805402
45.50000000000038 3538.904910805402
45.60000000000038 3538.904910805402
45.70000000000038 3538.904910805402
45.80000000000038 3538.904910805402
45.90000000000038 3538.904910805402
46.00000000000038 3538.904910805402
46.10000000000039 3538.904910805402
46.20000000000039 3538.904910805402
46.30000000000039 3538.904910805402
46.40000000000039 3538.904910805402
46.50000000000039 3538.904910805402
46.60000000000039 3538.904910805402
46.70000000000039 3538.904910805402
46.8000000000004 3538.904910805402
46.9000000000004 3538.904910805402
47.0000000000004 3538.904910805402
47.1000000000004 3538.904910805402
47.2000000000004 3538.904910805402
47.3000000000004 3538.904910805402
47.4000000000004 3538.904910805402
47.50000000000041 3538.904910805402
47.60000000000041 3538.904910805402
47.70000000000041 3538.904910805402
47.80000000000041 3538.904910805402
47.90000000000041 3538.904910805402
48.00000000000041 3538.904910805402
48.10000000000041 3538.904910805402
48.20000000000041 3538.904910805402
48.30000000000042 3538.904910805402
48.40000000000042 3538.904910805402
48.50000000000042 3538.904910805402
48.60000000000042 3538.904910805402
48.70000000000042 3538.904910805402
48.80000000000042 3538.904910805402
48.90000000000042 3538.904910805402
49.00000000000043 3538.904910805402
49.10000000000043 3538.904910805402
49.20000000000043 3538.904910805402
49.30000000000043 3538.904910805402
49.40000000000043 3538.904910805402
49.50000000000043 3538.904910805402
49.60000000000043 3538.904910805402
49.70000000000044 3538.904910805402
49.80000000000044 3538.904910805402
49.90000000000044 3538.904910805402