Time X1
0 250
0.1 3676.882427599683
0.2 3676.882427599683
0.3 3676.882427599683
0.4 3676.882427599683
0.5 3676.882427599683
0.6 3676.882427599683
0.7 3676.882427599683
0.7999999999999999 3676.882427599683
0.8999999999999999 3676.882427599683
0.9999999999999999 3676.882427599683
1.1 3676.882427599683
1.2 3676.882427599683
1.3 3676.882427599683
1.4 3676.882427599683
1.5 3676.882427599683
1.6 3676.882427599682
1.7 3676.882427599682
1.8 3676.882427599682
1.900000000000001 3676.882427599682
2 3676.882427599682
2.100000000000001 3676.882427599682
2.200000000000001 3676.882427599682
2.300000000000001 3676.882427599682
2.400000000000001 3676.882427599682
2.500000000000001 3676.882427599682
2.600000000000001 3676.882427599682
2.700000000000001 3676.882427599682
2.800000000000001 3676.882427599682
2.900000000000001 3676.882427599683
3.000000000000001 3676.882427599683
3.100000000000001 3676.882427599683
3.200000000000002 3676.882427599683
3.300000000000002 3676.882427599683
3.400000000000002 3676.882427599683
3.500000000000002 3676.882427599683
3.600000000000002 3676.882427599683
3.700000000000002 3676.882427599683
3.800000000000002 3676.882427599683
3.900000000000002 3676.882427599683
4.000000000000002 3676.882427599683
4.100000000000001 3676.882427599683
4.200000000000001 3676.882427599683
4.300000000000001 3676.882427599683
4.4 3676.882427599683
4.5 3676.882427599683
4.6 3676.882427599683
4.699999999999999 3676.882427599683
4.799999999999999 3676.882427599683
4.899999999999999 3676.882427599683
4.999999999999998 3676.882427599683
5.099999999999998 3676.882427599683
5.199999999999998 3676.882427599683
5.299999999999997 3676.882427599683
5.399999999999997 3676.882427599683
5.499999999999996 3676.882427599683
5.599999999999996 3676.882427599683
5.699999999999996 3676.882427599683
5.799999999999995 3676.882427599683
5.899999999999995 3676.882427599683
5.999999999999995 3676.882427599683
6.099999999999994 3676.882427599683
6.199999999999994 3676.882427599683
6.299999999999994 3676.882427599683
6.399999999999993 3676.882427599683
6.499999999999993 3676.882427599683
6.599999999999993 3676.882427599683
6.699999999999992 3676.882427599683
6.799999999999992 3676.882427599683
6.899999999999991 3676.882427599683
6.999999999999991 3676.882427599683
7.099999999999991 3676.882427599683
7.19999999999999 3676.882427599683
7.29999999999999 3676.882427599683
7.39999999999999 3676.882427599683
7.499999999999989 3676.882427599683
7.599999999999989 3676.882427599683
7.699999999999989 3676.882427599683
7.799999999999988 3676.882427599683
7.899999999999988 3676.882427599683
7.999999999999988 3676.882427599683
8.099999999999987 3676.882427599683
8.199999999999987 3676.882427599683
8.299999999999986 3676.882427599683
8.399999999999986 3676.882427599683
8.499999999999986 3676.882427599683
8.599999999999985 3676.882427599683
8.699999999999985 3676.882427599683
8.799999999999985 3676.882427599683
8.899999999999984 3676.882427599683
8.999999999999984 3676.882427599683
9.099999999999984 3676.882427599683
9.199999999999983 3676.882427599683
9.299999999999983 3676.882427599683
9.399999999999983 3676.882427599683
9.499999999999982 3676.882427599683
9.599999999999982 3676.882427599683
9.699999999999982 3676.882427599683
9.799999999999981 3676.882427599683
9.899999999999981 3676.882427599683
9.99999999999998 3676.882427599683
10.09999999999998 3676.882427599683
10.19999999999998 3676.882427599683
10.29999999999998 3676.882427599683
10.39999999999998 3676.882427599683
10.49999999999998 3676.882427599683
10.59999999999998 3676.882427599683
10.69999999999998 3676.882427599683
10.79999999999998 3676.882427599683
10.89999999999998 3676.882427599683
10.99999999999998 3676.882427599683
11.09999999999998 3676.882427599683
11.19999999999998 3676.882427599683
11.29999999999998 3676.882427599683
11.39999999999998 3676.882427599683
11.49999999999998 3676.882427599683
11.59999999999997 3676.882427599683
11.69999999999997 3676.882427599683
11.79999999999997 3676.882427599683
11.89999999999997 3676.882427599683
11.99999999999997 3676.882427599683
12.09999999999997 3676.882427599683
12.19999999999997 3676.882427599683
12.29999999999997 3676.882427599683
12.39999999999997 3676.882427599683
12.49999999999997 3676.882427599683
12.59999999999997 3676.882427599682
12.69999999999997 3676.882427599682
12.79999999999997 3676.882427599682
12.89999999999997 3676.882427599682
12.99999999999997 3676.882427599682
13.09999999999997 3676.882427599682
13.19999999999997 3676.882427599682
13.29999999999997 3676.882427599682
13.39999999999997 3676.882427599682
13.49999999999997 3676.882427599682
13.59999999999997 3676.882427599682
13.69999999999997 3676.882427599682
13.79999999999997 3676.882427599682
13.89999999999997 3676.882427599682
13.99999999999997 3676.882427599682
14.09999999999997 3676.882427599682
14.19999999999997 3676.882427599682
14.29999999999997 3676.882427599682
14.39999999999996 3676.882427599682
14.49999999999996 3676.882427599682
14.59999999999996 3676.882427599682
14.69999999999996 3676.882427599682
14.79999999999996 3676.882427599682
14.89999999999996 3676.882427599682
14.99999999999996 3676.882427599682
15.09999999999996 3676.882427599682
15.19999999999996 3676.882427599682
15.29999999999996 3676.882427599682
15.39999999999996 3676.882427599682
15.49999999999996 3676.882427599682
15.59999999999996 3676.882427599682
15.69999999999996 3676.882427599682
15.79999999999996 3676.882427599682
15.89999999999996 3676.882427599682
15.99999999999996 3676.882427599682
16.09999999999996 3676.882427599682
16.19999999999996 3676.882427599682
16.29999999999996 3676.882427599682
16.39999999999996 3676.882427599682
16.49999999999996 3676.882427599682
16.59999999999997 3676.882427599682
16.69999999999997 3676.882427599682
16.79999999999997 3676.882427599682
16.89999999999997 3676.882427599682
16.99999999999997 3676.882427599682
17.09999999999997 3676.882427599682
17.19999999999997 3676.882427599682
17.29999999999998 3676.882427599682
17.39999999999998 3676.882427599682
17.49999999999998 3676.882427599682
17.59999999999998 3676.882427599682
17.69999999999998 3676.882427599682
17.79999999999998 3676.882427599682
17.89999999999998 3676.882427599682
17.99999999999999 3676.882427599682
18.09999999999999 3676.882427599682
18.19999999999999 3676.882427599682
18.29999999999999 3676.882427599682
18.39999999999999 3676.882427599682
18.49999999999999 3676.882427599682
18.59999999999999 3676.882427599682
18.7 3676.882427599682
18.8 3676.882427599682
18.9 3676.882427599682
19 3676.882427599682
19.1 3676.882427599682
19.2 3676.882427599682
19.3 3676.882427599682
19.40000000000001 3676.882427599682
19.50000000000001 3676.882427599682
19.60000000000001 3676.882427599682
19.70000000000001 3676.882427599682
19.80000000000001 3676.882427599682
19.90000000000001 3676.882427599682
20.00000000000001 3676.882427599682
20.10000000000002 3676.882427599682
20.20000000000002 3676.882427599682
20.30000000000002 3676.882427599682
20.40000000000002 3676.882427599682
20.50000000000002 3676.882427599682
20.60000000000002 3676.882427599682
20.70000000000002 3676.882427599682
20.80000000000003 3676.882427599682
20.90000000000003 3676.882427599682
21.00000000000003 3676.882427599682
21.10000000000003 3676.882427599682
21.20000000000003 3676.882427599682
21.30000000000003 3676.882427599682
21.40000000000003 3676.882427599682
21.50000000000004 3676.882427599682
21.60000000000004 3676.882427599682
21.70000000000004 3676.882427599682
21.80000000000004 3676.882427599682
21.90000000000004 3676.882427599682
22.00000000000004 3676.882427599682
22.10000000000004 3676.882427599682
22.20000000000005 3676.882427599682
22.30000000000005 3676.882427599682
22.40000000000005 3676.882427599682
22.50000000000005 3676.882427599682
22.60000000000005 3676.882427599682
22.70000000000005 3676.882427599682
22.80000000000005 3676.882427599682
22.90000000000006 3676.882427599682
23.00000000000006 3676.882427599682
23.10000000000006 3676.882427599682
23.20000000000006 3676.882427599682
23.30000000000006 3676.882427599682
23.40000000000006 3676.882427599682
23.50000000000006 3676.882427599682
23.60000000000007 3676.882427599682
23.70000000000007 3676.882427599682
23.80000000000007 3676.882427599682
23.90000000000007 3676.882427599682
24.00000000000007 3676.882427599682
24.10000000000007 3676.882427599682
24.20000000000007 3676.882427599682
24.30000000000008 3676.882427599682
24.40000000000008 3676.882427599682
24.50000000000008 3676.882427599682
24.60000000000008 3676.882427599682
24.70000000000008 3676.882427599682
24.80000000000008 3676.882427599682
24.90000000000008 3676.882427599682
25.00000000000009 3676.882427599682
25.10000000000009 3676.882427599682
25.20000000000009 3676.882427599682
25.30000000000009 3676.882427599682
25.40000000000009 3676.882427599682
25.50000000000009 3676.882427599682
25.60000000000009 3676.882427599682
25.7000000000001 3676.882427599682
25.8000000000001 3676.882427599682
25.9000000000001 3676.882427599682
26.0000000000001 3676.882427599682
26.1000000000001 3676.882427599682
26.2000000000001 3676.882427599682
26.3000000000001 3676.882427599682
26.40000000000011 3676.882427599682
26.50000000000011 3676.882427599682
26.60000000000011 3676.882427599682
26.70000000000011 3676.882427599682
26.80000000000011 3676.882427599682
26.90000000000011 3676.882427599682
27.00000000000011 3676.882427599682
27.10000000000012 3676.882427599682
27.20000000000012 3676.882427599682
27.30000000000012 3676.882427599682
27.40000000000012 3676.882427599682
27.50000000000012 3676.882427599682
27.60000000000012 3676.882427599682
27.70000000000012 3676.882427599682
27.80000000000013 3676.882427599682
27.90000000000013 3676.882427599682
28.00000000000013 3676.882427599682
28.10000000000013 3676.882427599682
28.20000000000013 3676.882427599682
28.30000000000013 3676.882427599682
28.40000000000013 3676.882427599682
28.50000000000014 3676.882427599682
28.60000000000014 3676.882427599682
28.70000000000014 3676.882427599682
28.80000000000014 3676.882427599682
28.90000000000014 3676.882427599682
29.00000000000014 3676.882427599682
29.10000000000014 3676.882427599682
29.20000000000014 3676.882427599682
29.30000000000015 3676.882427599682
29.40000000000015 3676.882427599682
29.50000000000015 3676.882427599682
29.60000000000015 3676.882427599682
29.70000000000015 3676.882427599682
29.80000000000015 3676.882427599682
29.90000000000015 3676.882427599682
30.00000000000016 3676.882427599682
30.10000000000016 3676.882427599682
30.20000000000016 3676.882427599682
30.30000000000016 3676.882427599682
30.40000000000016 3676.882427599682
30.50000000000016 3676.882427599682
30.60000000000016 3676.882427599682
30.70000000000017 3676.882427599682
30.80000000000017 3676.882427599682
30.90000000000017 3676.882427599682
31.00000000000017 3676.882427599682
31.10000000000017 3676.882427599682
31.20000000000017 3676.882427599682
31.30000000000017 3676.882427599682
31.40000000000018 3676.882427599682
31.50000000000018 3676.882427599682
31.60000000000018 3676.882427599682
31.70000000000018 3676.882427599682
31.80000000000018 3676.882427599682
31.90000000000018 3676.882427599682
32.00000000000018 3676.882427599682
32.10000000000019 3676.882427599682
32.20000000000019 3676.882427599682
32.30000000000019 3676.882427599682
32.40000000000019 3676.882427599682
32.50000000000019 3676.882427599682
32.60000000000019 3676.882427599682
32.70000000000019 3676.882427599682
32.8000000000002 3676.882427599682
32.9000000000002 3676.882427599682
33.0000000000002 3676.882427599682
33.1000000000002 3676.882427599682
33.2000000000002 3676.882427599682
33.3000000000002 3676.882427599682
33.4000000000002 3676.882427599682
33.50000000000021 3676.882427599682
33.60000000000021 3676.882427599682
33.70000000000021 3676.882427599682
33.80000000000021 3676.882427599682
33.90000000000021 3676.882427599682
34.00000000000021 3676.882427599682
34.10000000000021 3676.882427599682
34.20000000000022 3676.882427599682
34.30000000000022 3676.882427599682
34.40000000000022 3676.882427599682
34.50000000000022 3676.882427599682
34.60000000000022 3676.882427599682
34.70000000000022 3676.882427599682
34.80000000000022 3676.882427599682
34.90000000000023 3676.882427599682
35.00000000000023 3676.882427599682
35.10000000000023 3676.882427599682
35.20000000000023 3676.882427599682
35.30000000000023 3676.882427599682
35.40000000000023 3676.882427599682
35.50000000000023 3676.882427599682
35.60000000000024 3676.882427599682
35.70000000000024 3676.882427599682
35.80000000000024 3676.882427599682
35.90000000000024 3676.882427599682
36.00000000000024 3676.882427599682
36.10000000000024 3676.882427599682
36.20000000000024 3676.882427599682
36.30000000000025 3676.882427599682
36.40000000000025 3676.882427599682
36.50000000000025 3676.882427599682
36.60000000000025 3676.882427599682
36.70000000000025 3676.882427599682
36.80000000000025 3676.882427599682
36.90000000000025 3676.882427599682
37.00000000000026 3676.882427599682
37.10000000000026 3676.882427599682
37.20000000000026 3676.882427599682
37.30000000000026 3676.882427599682
37.40000000000026 3676.882427599682
37.50000000000026 3676.882427599682
37.60000000000026 3676.882427599682
37.70000000000027 3676.882427599682
37.80000000000027 3676.882427599682
37.90000000000027 3676.882427599682
38.00000000000027 3676.882427599682
38.10000000000027 3676.882427599682
38.20000000000027 3676.882427599682
38.30000000000027 3676.882427599682
38.40000000000028 3676.882427599682
38.50000000000028 3676.882427599682
38.60000000000028 3676.882427599682
38.70000000000028 3676.882427599682
38.80000000000028 3676.882427599683
38.90000000000028 3676.882427599683
39.00000000000028 3676.882427599683
39.10000000000029 3676.882427599683
39.20000000000029 3676.882427599683
39.30000000000029 3676.882427599683
39.40000000000029 3676.882427599683
39.50000000000029 3676.882427599683
39.60000000000029 3676.882427599683
39.70000000000029 3676.882427599683
39.8000000000003 3676.882427599683
39.9000000000003 3676.882427599683
40.0000000000003 3676.882427599683
40.1000000000003 3676.882427599683
40.2000000000003 3676.882427599683
40.3000000000003 3676.882427599683
40.4000000000003 3676.882427599683
40.50000000000031 3676.882427599683
40.60000000000031 3676.882427599683
40.70000000000031 3676.882427599683
40.80000000000031 3676.882427599683
40.90000000000031 3676.882427599683
41.00000000000031 3676.882427599683
41.10000000000031 3676.882427599683
41.20000000000032 3676.882427599683
41.30000000000032 3676.882427599683
41.40000000000032 3676.882427599683
41.50000000000032 3676.882427599683
41.60000000000032 3676.882427599683
41.70000000000032 3676.882427599683
41.80000000000032 3676.882427599683
41.90000000000033 3676.882427599683
42.00000000000033 3676.882427599683
42.10000000000033 3676.882427599683
42.20000000000033 3676.882427599683
42.30000000000033 3676.882427599683
42.40000000000033 3676.882427599683
42.50000000000033 3676.882427599683
42.60000000000034 3676.882427599683
42.70000000000034 3676.882427599683
42.80000000000034 3676.882427599683
42.90000000000034 3676.882427599683
43.00000000000034 3676.882427599683
43.10000000000034 3676.882427599683
43.20000000000034 3676.882427599683
43.30000000000035 3676.882427599683
43.40000000000035 3676.882427599683
43.50000000000035 3676.882427599683
43.60000000000035 3676.882427599683
43.70000000000035 3676.882427599683
43.80000000000035 3676.882427599683
43.90000000000035 3676.882427599683
44.00000000000036 3676.882427599683
44.10000000000036 3676.882427599683
44.20000000000036 3676.882427599683
44.30000000000036 3676.882427599683
44.40000000000036 3676.882427599683
44.50000000000036 3676.882427599683
44.60000000000036 3676.882427599683
44.70000000000037 3676.882427599683
44.80000000000037 3676.882427599683
44.90000000000037 3676.882427599683
45.00000000000037 3676.882427599683
45.10000000000037 3676.882427599683
45.20000000000037 3676.882427599683
45.30000000000037 3676.882427599683
45.40000000000038 3676.882427599683
45.50000000000038 3676.882427599683
45.60000000000038 3676.882427599683
45.70000000000038 3676.882427599683
45.80000000000038 3676.882427599683
45.90000000000038 3676.882427599683
46.00000000000038 3676.882427599683
46.10000000000039 3676.882427599683
46.20000000000039 3676.882427599683
46.30000000000039 3676.882427599683
46.40000000000039 3676.882427599683
46.50000000000039 3676.882427599683
46.60000000000039 3676.882427599683
46.70000000000039 3676.882427599683
46.8000000000004 3676.882427599683
46.9000000000004 3676.882427599683
47.0000000000004 3676.882427599683
47.1000000000004 3676.882427599683
47.2000000000004 3676.882427599683
47.3000000000004 3676.882427599683
47.4000000000004 3676.882427599683
47.50000000000041 3676.882427599683
47.60000000000041 3676.882427599683
47.70000000000041 3676.882427599683
47.80000000000041 3676.882427599683
47.90000000000041 3676.882427599683
48.00000000000041 3676.882427599683
48.10000000000041 3676.882427599683
48.20000000000041 3676.882427599683
48.30000000000042 3676.882427599683
48.40000000000042 3676.882427599683
48.50000000000042 3676.882427599683
48.60000000000042 3676.882427599683
48.70000000000042 3676.882427599683
48.80000000000042 3676.882427599683
48.90000000000042 3676.882427599683
49.00000000000043 3676.882427599683
49.10000000000043 3676.882427599683
49.20000000000043 3676.882427599683
49.30000000000043 3676.882427599683
49.40000000000043 3676.882427599683
49.50000000000043 3676.882427599683
49.60000000000043 3676.882427599683
49.70000000000044 3676.882427599683
49.80000000000044 3676.882427599683
49.90000000000044 3676.882427599683