Time X1
0 250
0.1 798126.7568408935
0.2 798126.7568408936
0.3 798126.7568408936
0.4 798126.7568408936
0.5 798126.7568408938
0.6 798126.7568408938
0.7 798126.7568408938
0.7999999999999999 798126.7568408938
0.8999999999999999 798126.7568408938
0.9999999999999999 798126.7568408938
1.1 798126.7568408938
1.2 798126.7568408938
1.3 798126.7568408936
1.4 798126.7568408936
1.5 798126.7568408936
1.6 798126.7568408936
1.7 798126.7568408936
1.8 798126.7568408936
1.900000000000001 798126.7568408936
2 798126.7568408936
2.100000000000001 798126.7568408936
2.200000000000001 798126.7568408936
2.300000000000001 798126.7568408936
2.400000000000001 798126.7568408936
2.500000000000001 798126.7568408936
2.600000000000001 798126.7568408936
2.700000000000001 798126.7568408936
2.800000000000001 798126.7568408936
2.900000000000001 798126.7568408936
3.000000000000001 798126.7568408936
3.100000000000001 798126.7568408936
3.200000000000002 798126.7568408936
3.300000000000002 798126.7568408936
3.400000000000002 798126.7568408936
3.500000000000002 798126.7568408936
3.600000000000002 798126.7568408936
3.700000000000002 798126.7568408936
3.800000000000002 798126.7568408936
3.900000000000002 798126.7568408936
4.000000000000002 798126.7568408936
4.100000000000001 798126.7568408936
4.200000000000001 798126.7568408936
4.300000000000001 798126.7568408936
4.4 798126.7568408936
4.5 798126.7568408936
4.6 798126.7568408936
4.699999999999999 798126.7568408936
4.799999999999999 798126.7568408936
4.899999999999999 798126.7568408936
4.999999999999998 798126.7568408936
5.099999999999998 798126.7568408936
5.199999999999998 798126.7568408936
5.299999999999997 798126.7568408936
5.399999999999997 798126.7568408936
5.499999999999996 798126.7568408936
5.599999999999996 798126.7568408936
5.699999999999996 798126.7568408936
5.799999999999995 798126.7568408936
5.899999999999995 798126.7568408936
5.999999999999995 798126.7568408936
6.099999999999994 798126.7568408936
6.199999999999994 798126.7568408936
6.299999999999994 798126.7568408936
6.399999999999993 798126.7568408936
6.499999999999993 798126.7568408936
6.599999999999993 798126.7568408936
6.699999999999992 798126.7568408938
6.799999999999992 798126.7568408938
6.899999999999991 798126.7568408938
6.999999999999991 798126.7568408938
7.099999999999991 798126.7568408938
7.19999999999999 798126.7568408938
7.29999999999999 798126.7568408938
7.39999999999999 798126.7568408938
7.499999999999989 798126.7568408938
7.599999999999989 798126.7568408938
7.699999999999989 798126.7568408938
7.799999999999988 798126.7568408938
7.899999999999988 798126.7568408938
7.999999999999988 798126.7568408938
8.099999999999987 798126.7568408938
8.199999999999987 798126.7568408938
8.299999999999986 798126.7568408938
8.399999999999986 798126.7568408938
8.499999999999986 798126.7568408938
8.599999999999985 798126.7568408938
8.699999999999985 798126.7568408938
8.799999999999985 798126.7568408938
8.899999999999984 798126.7568408938
8.999999999999984 798126.7568408938
9.099999999999984 798126.7568408938
9.199999999999983 798126.7568408938
9.299999999999983 798126.7568408938
9.399999999999983 798126.7568408938
9.499999999999982 798126.7568408938
9.599999999999982 798126.7568408938
9.699999999999982 798126.7568408938
9.799999999999981 798126.7568408938
9.899999999999981 798126.7568408938
9.99999999999998 798126.7568408938
10.09999999999998 798126.7568408938
10.19999999999998 798126.7568408938
10.29999999999998 798126.7568408938
10.39999999999998 798126.7568408938
10.49999999999998 798126.7568408938
10.59999999999998 798126.7568408938
10.69999999999998 798126.7568408938
10.79999999999998 798126.7568408938
10.89999999999998 798126.7568408938
10.99999999999998 798126.7568408938
11.09999999999998 798126.7568408938
11.19999999999998 798126.7568408938
11.29999999999998 798126.7568408936
11.39999999999998 798126.7568408936
11.49999999999998 798126.7568408936
11.59999999999997 798126.7568408936
11.69999999999997 798126.7568408936
11.79999999999997 798126.7568408936
11.89999999999997 798126.7568408936
11.99999999999997 798126.7568408936
12.09999999999997 798126.7568408936
12.19999999999997 798126.7568408936
12.29999999999997 798126.7568408936
12.39999999999997 798126.7568408936
12.49999999999997 798126.7568408936
12.59999999999997 798126.7568408936
12.69999999999997 798126.7568408936
12.79999999999997 798126.7568408936
12.89999999999997 798126.7568408936
12.99999999999997 798126.7568408936
13.09999999999997 798126.7568408936
13.19999999999997 798126.7568408936
13.29999999999997 798126.7568408936
13.39999999999997 798126.7568408936
13.49999999999997 798126.7568408936
13.59999999999997 798126.7568408936
13.69999999999997 798126.7568408936
13.79999999999997 798126.7568408936
13.89999999999997 798126.7568408936
13.99999999999997 798126.7568408936
14.09999999999997 798126.7568408936
14.19999999999997 798126.7568408936
14.29999999999997 798126.7568408936
14.39999999999996 798126.7568408936
14.49999999999996 798126.7568408936
14.59999999999996 798126.7568408936
14.69999999999996 798126.7568408936
14.79999999999996 798126.7568408935
14.89999999999996 798126.7568408935
14.99999999999996 798126.7568408935
15.09999999999996 798126.7568408935
15.19999999999996 798126.7568408935
15.29999999999996 798126.7568408935
15.39999999999996 798126.7568408935
15.49999999999996 798126.7568408935
15.59999999999996 798126.7568408935
15.69999999999996 798126.7568408935
15.79999999999996 798126.7568408935
15.89999999999996 798126.7568408935
15.99999999999996 798126.7568408935
16.09999999999996 798126.7568408935
16.19999999999996 798126.7568408935
16.29999999999996 798126.7568408935
16.39999999999996 798126.7568408935
16.49999999999996 798126.7568408935
16.59999999999997 798126.7568408935
16.69999999999997 798126.7568408935
16.79999999999997 798126.7568408935
16.89999999999997 798126.7568408935
16.99999999999997 798126.7568408935
17.09999999999997 798126.7568408935
17.19999999999997 798126.7568408935
17.29999999999998 798126.7568408935
17.39999999999998 798126.7568408935
17.49999999999998 798126.7568408935
17.59999999999998 798126.7568408935
17.69999999999998 798126.7568408935
17.79999999999998 798126.7568408935
17.89999999999998 798126.7568408935
17.99999999999999 798126.7568408935
18.09999999999999 798126.7568408935
18.19999999999999 798126.7568408935
18.29999999999999 798126.7568408935
18.39999999999999 798126.7568408935
18.49999999999999 798126.7568408935
18.59999999999999 798126.7568408935
18.7 798126.7568408935
18.8 798126.7568408935
18.9 798126.7568408935
19 798126.7568408935
19.1 798126.7568408935
19.2 798126.7568408935
19.3 798126.7568408935
19.40000000000001 798126.7568408935
19.50000000000001 798126.7568408935
19.60000000000001 798126.7568408935
19.70000000000001 798126.7568408935
19.80000000000001 798126.7568408935
19.90000000000001 798126.7568408935
20.00000000000001 798126.7568408935
20.10000000000002 798126.7568408935
20.20000000000002 798126.7568408935
20.30000000000002 798126.7568408935
20.40000000000002 798126.7568408935
20.50000000000002 798126.7568408935
20.60000000000002 798126.7568408935
20.70000000000002 798126.7568408935
20.80000000000003 798126.7568408935
20.90000000000003 798126.7568408935
21.00000000000003 798126.7568408935
21.10000000000003 798126.7568408935
21.20000000000003 798126.7568408935
21.30000000000003 798126.7568408935
21.40000000000003 798126.7568408935
21.50000000000004 798126.7568408935
21.60000000000004 798126.7568408935
21.70000000000004 798126.7568408935
21.80000000000004 798126.7568408935
21.90000000000004 798126.7568408935
22.00000000000004 798126.7568408935
22.10000000000004 798126.7568408935
22.20000000000005 798126.7568408935
22.30000000000005 798126.7568408935
22.40000000000005 798126.7568408935
22.50000000000005 798126.7568408935
22.60000000000005 798126.7568408935
22.70000000000005 798126.7568408935
22.80000000000005 798126.7568408935
22.90000000000006 798126.7568408935
23.00000000000006 798126.7568408935
23.10000000000006 798126.7568408935
23.20000000000006 798126.7568408935
23.30000000000006 798126.7568408935
23.40000000000006 798126.7568408935
23.50000000000006 798126.7568408935
23.60000000000007 798126.7568408935
23.70000000000007 798126.7568408935
23.80000000000007 798126.7568408935
23.90000000000007 798126.7568408935
24.00000000000007 798126.7568408935
24.10000000000007 798126.7568408935
24.20000000000007 798126.7568408935
24.30000000000008 798126.7568408935
24.40000000000008 798126.7568408935
24.50000000000008 798126.7568408935
24.60000000000008 798126.7568408935
24.70000000000008 798126.7568408935
24.80000000000008 798126.7568408935
24.90000000000008 798126.7568408935
25.00000000000009 798126.7568408935
25.10000000000009 798126.7568408935
25.20000000000009 798126.7568408935
25.30000000000009 798126.7568408935
25.40000000000009 798126.7568408935
25.50000000000009 798126.7568408935
25.60000000000009 798126.7568408935
25.7000000000001 798126.7568408935
25.8000000000001 798126.7568408935
25.9000000000001 798126.7568408935
26.0000000000001 798126.7568408935
26.1000000000001 798126.7568408935
26.2000000000001 798126.7568408935
26.3000000000001 798126.7568408935
26.40000000000011 798126.7568408935
26.50000000000011 798126.7568408935
26.60000000000011 798126.7568408935
26.70000000000011 798126.7568408935
26.80000000000011 798126.7568408935
26.90000000000011 798126.7568408935
27.00000000000011 798126.7568408935
27.10000000000012 798126.7568408935
27.20000000000012 798126.7568408935
27.30000000000012 798126.7568408935
27.40000000000012 798126.7568408935
27.50000000000012 798126.7568408935
27.60000000000012 798126.7568408935
27.70000000000012 798126.7568408935
27.80000000000013 798126.7568408935
27.90000000000013 798126.7568408935
28.00000000000013 798126.7568408935
28.10000000000013 798126.7568408935
28.20000000000013 798126.7568408935
28.30000000000013 798126.7568408935
28.40000000000013 798126.7568408935
28.50000000000014 798126.7568408935
28.60000000000014 798126.7568408935
28.70000000000014 798126.7568408935
28.80000000000014 798126.7568408935
28.90000000000014 798126.7568408935
29.00000000000014 798126.7568408935
29.10000000000014 798126.7568408935
29.20000000000014 798126.7568408935
29.30000000000015 798126.7568408935
29.40000000000015 798126.7568408935
29.50000000000015 798126.7568408935
29.60000000000015 798126.7568408935
29.70000000000015 798126.7568408935
29.80000000000015 798126.7568408935
29.90000000000015 798126.7568408935
30.00000000000016 798126.7568408935
30.10000000000016 798126.7568408935
30.20000000000016 798126.7568408935
30.30000000000016 798126.7568408935
30.40000000000016 798126.7568408935
30.50000000000016 798126.7568408935
30.60000000000016 798126.7568408935
30.70000000000017 798126.7568408935
30.80000000000017 798126.7568408935
30.90000000000017 798126.7568408935
31.00000000000017 798126.7568408935
31.10000000000017 798126.7568408935
31.20000000000017 798126.7568408935
31.30000000000017 798126.7568408935
31.40000000000018 798126.7568408935
31.50000000000018 798126.7568408935
31.60000000000018 798126.7568408935
31.70000000000018 798126.7568408935
31.80000000000018 798126.7568408935
31.90000000000018 798126.7568408935
32.00000000000018 798126.7568408935
32.10000000000019 798126.7568408935
32.20000000000019 798126.7568408935
32.30000000000019 798126.7568408935
32.40000000000019 798126.7568408935
32.50000000000019 798126.7568408935
32.60000000000019 798126.7568408935
32.70000000000019 798126.7568408935
32.8000000000002 798126.7568408935
32.9000000000002 798126.7568408935
33.0000000000002 798126.7568408935
33.1000000000002 798126.7568408935
33.2000000000002 798126.7568408935
33.3000000000002 798126.7568408935
33.4000000000002 798126.7568408935
33.50000000000021 798126.7568408935
33.60000000000021 798126.7568408935
33.70000000000021 798126.7568408935
33.80000000000021 798126.7568408935
33.90000000000021 798126.7568408935
34.00000000000021 798126.7568408935
34.10000000000021 798126.7568408935
34.20000000000022 798126.7568408935
34.30000000000022 798126.7568408935
34.40000000000022 798126.7568408935
34.50000000000022 798126.7568408935
34.60000000000022 798126.7568408935
34.70000000000022 798126.7568408935
34.80000000000022 798126.7568408935
34.90000000000023 798126.7568408935
35.00000000000023 798126.7568408935
35.10000000000023 798126.7568408935
35.20000000000023 798126.7568408935
35.30000000000023 798126.7568408935
35.40000000000023 798126.7568408935
35.50000000000023 798126.7568408935
35.60000000000024 798126.7568408935
35.70000000000024 798126.7568408935
35.80000000000024 798126.7568408935
35.90000000000024 798126.7568408935
36.00000000000024 798126.7568408935
36.10000000000024 798126.7568408935
36.20000000000024 798126.7568408935
36.30000000000025 798126.7568408935
36.40000000000025 798126.7568408935
36.50000000000025 798126.7568408935
36.60000000000025 798126.7568408935
36.70000000000025 798126.7568408935
36.80000000000025 798126.7568408935
36.90000000000025 798126.7568408935
37.00000000000026 798126.7568408935
37.10000000000026 798126.7568408935
37.20000000000026 798126.7568408935
37.30000000000026 798126.7568408935
37.40000000000026 798126.7568408935
37.50000000000026 798126.7568408935
37.60000000000026 798126.7568408935
37.70000000000027 798126.7568408935
37.80000000000027 798126.7568408935
37.90000000000027 798126.7568408935
38.00000000000027 798126.7568408935
38.10000000000027 798126.7568408935
38.20000000000027 798126.7568408935
38.30000000000027 798126.7568408935
38.40000000000028 798126.7568408935
38.50000000000028 798126.7568408935
38.60000000000028 798126.7568408935
38.70000000000028 798126.7568408935
38.80000000000028 798126.7568408935
38.90000000000028 798126.7568408935
39.00000000000028 798126.7568408935
39.10000000000029 798126.7568408935
39.20000000000029 798126.7568408935
39.30000000000029 798126.7568408935
39.40000000000029 798126.7568408935
39.50000000000029 798126.7568408935
39.60000000000029 798126.7568408935
39.70000000000029 798126.7568408935
39.8000000000003 798126.7568408935
39.9000000000003 798126.7568408935
40.0000000000003 798126.7568408935
40.1000000000003 798126.7568408935
40.2000000000003 798126.7568408935
40.3000000000003 798126.7568408935
40.4000000000003 798126.7568408935
40.50000000000031 798126.7568408935
40.60000000000031 798126.7568408935
40.70000000000031 798126.7568408935
40.80000000000031 798126.7568408935
40.90000000000031 798126.7568408935
41.00000000000031 798126.7568408935
41.10000000000031 798126.7568408935
41.20000000000032 798126.7568408935
41.30000000000032 798126.7568408935
41.40000000000032 798126.7568408935
41.50000000000032 798126.7568408935
41.60000000000032 798126.7568408935
41.70000000000032 798126.7568408935
41.80000000000032 798126.7568408935
41.90000000000033 798126.7568408935
42.00000000000033 798126.7568408935
42.10000000000033 798126.7568408935
42.20000000000033 798126.7568408935
42.30000000000033 798126.7568408935
42.40000000000033 798126.7568408935
42.50000000000033 798126.7568408935
42.60000000000034 798126.7568408935
42.70000000000034 798126.7568408935
42.80000000000034 798126.7568408935
42.90000000000034 798126.7568408935
43.00000000000034 798126.7568408935
43.10000000000034 798126.7568408935
43.20000000000034 798126.7568408935
43.30000000000035 798126.7568408935
43.40000000000035 798126.7568408935
43.50000000000035 798126.7568408935
43.60000000000035 798126.7568408935
43.70000000000035 798126.7568408935
43.80000000000035 798126.7568408935
43.90000000000035 798126.7568408935
44.00000000000036 798126.7568408935
44.10000000000036 798126.7568408935
44.20000000000036 798126.7568408935
44.30000000000036 798126.7568408935
44.40000000000036 798126.7568408935
44.50000000000036 798126.7568408935
44.60000000000036 798126.7568408935
44.70000000000037 798126.7568408935
44.80000000000037 798126.7568408935
44.90000000000037 798126.7568408935
45.00000000000037 798126.7568408935
45.10000000000037 798126.7568408935
45.20000000000037 798126.7568408935
45.30000000000037 798126.7568408935
45.40000000000038 798126.7568408935
45.50000000000038 798126.7568408935
45.60000000000038 798126.7568408935
45.70000000000038 798126.7568408935
45.80000000000038 798126.7568408935
45.90000000000038 798126.7568408935
46.00000000000038 798126.7568408935
46.10000000000039 798126.7568408935
46.20000000000039 798126.7568408935
46.30000000000039 798126.7568408935
46.40000000000039 798126.7568408935
46.50000000000039 798126.7568408935
46.60000000000039 798126.7568408935
46.70000000000039 798126.7568408935
46.8000000000004 798126.7568408935
46.9000000000004 798126.7568408935
47.0000000000004 798126.7568408935
47.1000000000004 798126.7568408935
47.2000000000004 798126.7568408935
47.3000000000004 798126.7568408935
47.4000000000004 798126.7568408935
47.50000000000041 798126.7568408935
47.60000000000041 798126.7568408935
47.70000000000041 798126.7568408935
47.80000000000041 798126.7568408935
47.90000000000041 798126.7568408935
48.00000000000041 798126.7568408935
48.10000000000041 798126.7568408935
48.20000000000041 798126.7568408935
48.30000000000042 798126.7568408935
48.40000000000042 798126.7568408935
48.50000000000042 798126.7568408935
48.60000000000042 798126.7568408935
48.70000000000042 798126.7568408935
48.80000000000042 798126.7568408935
48.90000000000042 798126.7568408935
49.00000000000043 798126.7568408935
49.10000000000043 798126.7568408935
49.20000000000043 798126.7568408935
49.30000000000043 798126.7568408935
49.40000000000043 798126.7568408935
49.50000000000043 798126.7568408935
49.60000000000043 798126.7568408935
49.70000000000044 798126.7568408935
49.80000000000044 798126.7568408935
49.90000000000044 798126.7568408935