Time X1
0 250
0.1 303.0894345291119
0.2 303.089434527968
0.3 303.0894345276043
0.4 303.0894345272408
0.5 303.0894345270331
0.6 303.0894345270319
0.7 303.0894345270307
0.7999999999999999 303.0894345270295
0.8999999999999999 303.0894345270293
0.9999999999999999 303.0894345270293
1.1 303.0894345270293
1.2 303.0894345270293
1.3 303.0894345270293
1.4 303.0894345270293
1.5 303.0894345270293
1.6 303.0894345270293
1.7 303.0894345270293
1.8 303.0894345270293
1.900000000000001 303.0894345270293
2 303.0894345270293
2.100000000000001 303.0894345270293
2.200000000000001 303.0894345270293
2.300000000000001 303.0894345270293
2.400000000000001 303.0894345270293
2.500000000000001 303.0894345270293
2.600000000000001 303.0894345270293
2.700000000000001 303.0894345270293
2.800000000000001 303.0894345270293
2.900000000000001 303.0894345270293
3.000000000000001 303.0894345270293
3.100000000000001 303.0894345270293
3.200000000000002 303.0894345270293
3.300000000000002 303.0894345270293
3.400000000000002 303.0894345270293
3.500000000000002 303.0894345270293
3.600000000000002 303.0894345270293
3.700000000000002 303.0894345270293
3.800000000000002 303.0894345270293
3.900000000000002 303.0894345270293
4.000000000000002 303.0894345270293
4.100000000000001 303.0894345270293
4.200000000000001 303.0894345270293
4.300000000000001 303.0894345270293
4.4 303.0894345270293
4.5 303.0894345270293
4.6 303.0894345270293
4.699999999999999 303.0894345270293
4.799999999999999 303.0894345270293
4.899999999999999 303.0894345270293
4.999999999999998 303.0894345270293
5.099999999999998 303.0894345270293
5.199999999999998 303.0894345270293
5.299999999999997 303.0894345270293
5.399999999999997 303.0894345270293
5.499999999999996 303.0894345270293
5.599999999999996 303.0894345270293
5.699999999999996 303.0894345270293
5.799999999999995 303.0894345270293
5.899999999999995 303.0894345270293
5.999999999999995 303.0894345270293
6.099999999999994 303.0894345270293
6.199999999999994 303.0894345270293
6.299999999999994 303.0894345270293
6.399999999999993 303.0894345270293
6.499999999999993 303.0894345270293
6.599999999999993 303.0894345270293
6.699999999999992 303.0894345270293
6.799999999999992 303.0894345270293
6.899999999999991 303.0894345270293
6.999999999999991 303.0894345270293
7.099999999999991 303.0894345270293
7.19999999999999 303.0894345270293
7.29999999999999 303.0894345270293
7.39999999999999 303.0894345270293
7.499999999999989 303.0894345270293
7.599999999999989 303.0894345270293
7.699999999999989 303.0894345270293
7.799999999999988 303.0894345270293
7.899999999999988 303.0894345270293
7.999999999999988 303.0894345270293
8.099999999999987 303.0894345270293
8.199999999999987 303.0894345270293
8.299999999999986 303.0894345270293
8.399999999999986 303.0894345270293
8.499999999999986 303.0894345270293
8.599999999999985 303.0894345270293
8.699999999999985 303.0894345270293
8.799999999999985 303.0894345270293
8.899999999999984 303.0894345270293
8.999999999999984 303.0894345270293
9.099999999999984 303.0894345270293
9.199999999999983 303.0894345270293
9.299999999999983 303.0894345270293
9.399999999999983 303.0894345270293
9.499999999999982 303.0894345270293
9.599999999999982 303.0894345270293
9.699999999999982 303.0894345270293
9.799999999999981 303.0894345270293
9.899999999999981 303.0894345270293
9.99999999999998 303.0894345270293
10.09999999999998 303.0894345270293
10.19999999999998 303.0894345270293
10.29999999999998 303.0894345270293
10.39999999999998 303.0894345270293
10.49999999999998 303.0894345270293
10.59999999999998 303.0894345270293
10.69999999999998 303.0894345270293
10.79999999999998 303.0894345270293
10.89999999999998 303.0894345270293
10.99999999999998 303.0894345270293
11.09999999999998 303.0894345270293
11.19999999999998 303.0894345270293
11.29999999999998 303.0894345270293
11.39999999999998 303.0894345270293
11.49999999999998 303.0894345270293
11.59999999999997 303.0894345270293
11.69999999999997 303.0894345270293
11.79999999999997 303.0894345270293
11.89999999999997 303.0894345270293
11.99999999999997 303.0894345270293
12.09999999999997 303.0894345270293
12.19999999999997 303.0894345270293
12.29999999999997 303.0894345270293
12.39999999999997 303.0894345270293
12.49999999999997 303.0894345270293
12.59999999999997 303.0894345270293
12.69999999999997 303.0894345270293
12.79999999999997 303.0894345270293
12.89999999999997 303.0894345270293
12.99999999999997 303.0894345270293
13.09999999999997 303.0894345270293
13.19999999999997 303.0894345270293
13.29999999999997 303.0894345270293
13.39999999999997 303.0894345270293
13.49999999999997 303.0894345270293
13.59999999999997 303.0894345270293
13.69999999999997 303.0894345270293
13.79999999999997 303.0894345270293
13.89999999999997 303.0894345270293
13.99999999999997 303.0894345270293
14.09999999999997 303.0894345270293
14.19999999999997 303.0894345270293
14.29999999999997 303.0894345270293
14.39999999999996 303.0894345270293
14.49999999999996 303.0894345270293
14.59999999999996 303.0894345270293
14.69999999999996 303.0894345270293
14.79999999999996 303.0894345270293
14.89999999999996 303.0894345270293
14.99999999999996 303.0894345270293
15.09999999999996 303.0894345270293
15.19999999999996 303.0894345270293
15.29999999999996 303.0894345270293
15.39999999999996 303.0894345270293
15.49999999999996 303.0894345270293
15.59999999999996 303.0894345270293
15.69999999999996 303.0894345270293
15.79999999999996 303.0894345270293
15.89999999999996 303.0894345270293
15.99999999999996 303.0894345270293
16.09999999999996 303.0894345270293
16.19999999999996 303.0894345270293
16.29999999999996 303.0894345270293
16.39999999999996 303.0894345270293
16.49999999999996 303.0894345270293
16.59999999999997 303.0894345270293
16.69999999999997 303.0894345270293
16.79999999999997 303.0894345270293
16.89999999999997 303.0894345270293
16.99999999999997 303.0894345270293
17.09999999999997 303.0894345270293
17.19999999999997 303.0894345270293
17.29999999999998 303.0894345270293
17.39999999999998 303.0894345270293
17.49999999999998 303.0894345270293
17.59999999999998 303.0894345270293
17.69999999999998 303.0894345270293
17.79999999999998 303.0894345270293
17.89999999999998 303.0894345270293
17.99999999999999 303.0894345270293
18.09999999999999 303.0894345270293
18.19999999999999 303.0894345270293
18.29999999999999 303.0894345270293
18.39999999999999 303.0894345270293
18.49999999999999 303.0894345270293
18.59999999999999 303.0894345270293
18.7 303.0894345270293
18.8 303.0894345270293
18.9 303.0894345270293
19 303.0894345270293
19.1 303.0894345270293
19.2 303.0894345270293
19.3 303.0894345270293
19.40000000000001 303.0894345270293
19.50000000000001 303.0894345270293
19.60000000000001 303.0894345270293
19.70000000000001 303.0894345270293
19.80000000000001 303.0894345270293
19.90000000000001 303.0894345270293
20.00000000000001 303.0894345270293
20.10000000000002 303.0894345270293
20.20000000000002 303.0894345270293
20.30000000000002 303.0894345270293
20.40000000000002 303.0894345270293
20.50000000000002 303.0894345270293
20.60000000000002 303.0894345270293
20.70000000000002 303.0894345270293
20.80000000000003 303.0894345270293
20.90000000000003 303.0894345270293
21.00000000000003 303.0894345270293
21.10000000000003 303.0894345270293
21.20000000000003 303.0894345270293
21.30000000000003 303.0894345270293
21.40000000000003 303.0894345270293
21.50000000000004 303.0894345270293
21.60000000000004 303.0894345270293
21.70000000000004 303.0894345270293
21.80000000000004 303.0894345270293
21.90000000000004 303.0894345270293
22.00000000000004 303.0894345270293
22.10000000000004 303.0894345270293
22.20000000000005 303.0894345270293
22.30000000000005 303.0894345270293
22.40000000000005 303.0894345270293
22.50000000000005 303.0894345270293
22.60000000000005 303.0894345270293
22.70000000000005 303.0894345270293
22.80000000000005 303.0894345270293
22.90000000000006 303.0894345270293
23.00000000000006 303.0894345270293
23.10000000000006 303.0894345270293
23.20000000000006 303.0894345270293
23.30000000000006 303.0894345270293
23.40000000000006 303.0894345270293
23.50000000000006 303.0894345270293
23.60000000000007 303.0894345270293
23.70000000000007 303.0894345270293
23.80000000000007 303.0894345270293
23.90000000000007 303.0894345270293
24.00000000000007 303.0894345270293
24.10000000000007 303.0894345270293
24.20000000000007 303.0894345270293
24.30000000000008 303.0894345270293
24.40000000000008 303.0894345270293
24.50000000000008 303.0894345270293
24.60000000000008 303.0894345270293
24.70000000000008 303.0894345270293
24.80000000000008 303.0894345270293
24.90000000000008 303.0894345270293
25.00000000000009 303.0894345270293
25.10000000000009 303.0894345270293
25.20000000000009 303.0894345270293
25.30000000000009 303.0894345270293
25.40000000000009 303.0894345270293
25.50000000000009 303.0894345270293
25.60000000000009 303.0894345270293
25.7000000000001 303.0894345270293
25.8000000000001 303.0894345270293
25.9000000000001 303.0894345270293
26.0000000000001 303.0894345270293
26.1000000000001 303.0894345270293
26.2000000000001 303.0894345270293
26.3000000000001 303.0894345270293
26.40000000000011 303.0894345270293
26.50000000000011 303.0894345270293
26.60000000000011 303.0894345270293
26.70000000000011 303.0894345270293
26.80000000000011 303.0894345270293
26.90000000000011 303.0894345270293
27.00000000000011 303.0894345270293
27.10000000000012 303.0894345270293
27.20000000000012 303.0894345270293
27.30000000000012 303.0894345270293
27.40000000000012 303.0894345270293
27.50000000000012 303.0894345270293
27.60000000000012 303.0894345270293
27.70000000000012 303.0894345270293
27.80000000000013 303.0894345270293
27.90000000000013 303.0894345270293
28.00000000000013 303.0894345270293
28.10000000000013 303.0894345270293
28.20000000000013 303.0894345270293
28.30000000000013 303.0894345270293
28.40000000000013 303.0894345270293
28.50000000000014 303.0894345270293
28.60000000000014 303.0894345270293
28.70000000000014 303.0894345270293
28.80000000000014 303.0894345270294
28.90000000000014 303.0894345270294
29.00000000000014 303.0894345270294
29.10000000000014 303.0894345270294
29.20000000000014 303.0894345270294
29.30000000000015 303.0894345270294
29.40000000000015 303.0894345270294
29.50000000000015 303.0894345270294
29.60000000000015 303.0894345270294
29.70000000000015 303.0894345270294
29.80000000000015 303.0894345270294
29.90000000000015 303.0894345270294
30.00000000000016 303.0894345270294
30.10000000000016 303.0894345270294
30.20000000000016 303.0894345270294
30.30000000000016 303.0894345270294
30.40000000000016 303.0894345270294
30.50000000000016 303.0894345270294
30.60000000000016 303.0894345270294
30.70000000000017 303.0894345270294
30.80000000000017 303.0894345270294
30.90000000000017 303.0894345270294
31.00000000000017 303.0894345270294
31.10000000000017 303.0894345270294
31.20000000000017 303.0894345270294
31.30000000000017 303.0894345270294
31.40000000000018 303.0894345270294
31.50000000000018 303.0894345270294
31.60000000000018 303.0894345270294
31.70000000000018 303.0894345270294
31.80000000000018 303.0894345270294
31.90000000000018 303.0894345270294
32.00000000000018 303.0894345270294
32.10000000000019 303.0894345270294
32.20000000000019 303.0894345270294
32.30000000000019 303.0894345270294
32.40000000000019 303.0894345270294
32.50000000000019 303.0894345270294
32.60000000000019 303.0894345270294
32.70000000000019 303.0894345270294
32.8000000000002 303.0894345270294
32.9000000000002 303.0894345270294
33.0000000000002 303.0894345270294
33.1000000000002 303.0894345270294
33.2000000000002 303.0894345270294
33.3000000000002 303.0894345270294
33.4000000000002 303.0894345270294
33.50000000000021 303.0894345270294
33.60000000000021 303.0894345270294
33.70000000000021 303.0894345270294
33.80000000000021 303.0894345270294
33.90000000000021 303.0894345270294
34.00000000000021 303.0894345270294
34.10000000000021 303.0894345270294
34.20000000000022 303.0894345270294
34.30000000000022 303.0894345270294
34.40000000000022 303.0894345270294
34.50000000000022 303.0894345270294
34.60000000000022 303.0894345270294
34.70000000000022 303.0894345270294
34.80000000000022 303.0894345270294
34.90000000000023 303.0894345270294
35.00000000000023 303.0894345270294
35.10000000000023 303.0894345270294
35.20000000000023 303.0894345270294
35.30000000000023 303.0894345270294
35.40000000000023 303.0894345270294
35.50000000000023 303.0894345270294
35.60000000000024 303.0894345270294
35.70000000000024 303.0894345270294
35.80000000000024 303.0894345270294
35.90000000000024 303.0894345270294
36.00000000000024 303.0894345270294
36.10000000000024 303.0894345270294
36.20000000000024 303.0894345270294
36.30000000000025 303.0894345270294
36.40000000000025 303.0894345270294
36.50000000000025 303.0894345270294
36.60000000000025 303.0894345270294
36.70000000000025 303.0894345270294
36.80000000000025 303.0894345270294
36.90000000000025 303.0894345270294
37.00000000000026 303.0894345270294
37.10000000000026 303.0894345270294
37.20000000000026 303.0894345270294
37.30000000000026 303.0894345270294
37.40000000000026 303.0894345270294
37.50000000000026 303.0894345270294
37.60000000000026 303.0894345270294
37.70000000000027 303.0894345270294
37.80000000000027 303.0894345270294
37.90000000000027 303.0894345270294
38.00000000000027 303.0894345270294
38.10000000000027 303.0894345270294
38.20000000000027 303.0894345270294
38.30000000000027 303.0894345270294
38.40000000000028 303.0894345270294
38.50000000000028 303.0894345270294
38.60000000000028 303.0894345270294
38.70000000000028 303.0894345270294
38.80000000000028 303.0894345270294
38.90000000000028 303.0894345270294
39.00000000000028 303.0894345270294
39.10000000000029 303.0894345270294
39.20000000000029 303.0894345270294
39.30000000000029 303.0894345270294
39.40000000000029 303.0894345270294
39.50000000000029 303.0894345270294
39.60000000000029 303.0894345270294
39.70000000000029 303.0894345270294
39.8000000000003 303.0894345270294
39.9000000000003 303.0894345270294
40.0000000000003 303.0894345270294
40.1000000000003 303.0894345270294
40.2000000000003 303.0894345270294
40.3000000000003 303.0894345270294
40.4000000000003 303.0894345270294
40.50000000000031 303.0894345270294
40.60000000000031 303.0894345270294
40.70000000000031 303.0894345270294
40.80000000000031 303.0894345270294
40.90000000000031 303.0894345270294
41.00000000000031 303.0894345270294
41.10000000000031 303.0894345270294
41.20000000000032 303.0894345270294
41.30000000000032 303.0894345270294
41.40000000000032 303.0894345270294
41.50000000000032 303.0894345270294
41.60000000000032 303.0894345270294
41.70000000000032 303.0894345270294
41.80000000000032 303.0894345270294
41.90000000000033 303.0894345270294
42.00000000000033 303.0894345270294
42.10000000000033 303.0894345270294
42.20000000000033 303.0894345270294
42.30000000000033 303.0894345270294
42.40000000000033 303.0894345270294
42.50000000000033 303.0894345270294
42.60000000000034 303.0894345270294
42.70000000000034 303.0894345270294
42.80000000000034 303.0894345270294
42.90000000000034 303.0894345270294
43.00000000000034 303.0894345270294
43.10000000000034 303.0894345270294
43.20000000000034 303.0894345270294
43.30000000000035 303.0894345270294
43.40000000000035 303.0894345270294
43.50000000000035 303.0894345270294
43.60000000000035 303.0894345270294
43.70000000000035 303.0894345270294
43.80000000000035 303.0894345270294
43.90000000000035 303.0894345270294
44.00000000000036 303.0894345270294
44.10000000000036 303.0894345270294
44.20000000000036 303.0894345270294
44.30000000000036 303.0894345270294
44.40000000000036 303.0894345270294
44.50000000000036 303.0894345270294
44.60000000000036 303.0894345270294
44.70000000000037 303.0894345270294
44.80000000000037 303.0894345270294
44.90000000000037 303.0894345270294
45.00000000000037 303.0894345270294
45.10000000000037 303.0894345270294
45.20000000000037 303.0894345270294
45.30000000000037 303.0894345270294
45.40000000000038 303.0894345270294
45.50000000000038 303.0894345270294
45.60000000000038 303.0894345270294
45.70000000000038 303.0894345270294
45.80000000000038 303.0894345270294
45.90000000000038 303.0894345270294
46.00000000000038 303.0894345270294
46.10000000000039 303.0894345270294
46.20000000000039 303.0894345270294
46.30000000000039 303.0894345270294
46.40000000000039 303.0894345270294
46.50000000000039 303.0894345270294
46.60000000000039 303.0894345270294
46.70000000000039 303.0894345270294
46.8000000000004 303.0894345270294
46.9000000000004 303.0894345270294
47.0000000000004 303.0894345270294
47.1000000000004 303.0894345270294
47.2000000000004 303.0894345270294
47.3000000000004 303.0894345270294
47.4000000000004 303.0894345270294
47.50000000000041 303.0894345270294
47.60000000000041 303.0894345270294
47.70000000000041 303.0894345270294
47.80000000000041 303.0894345270294
47.90000000000041 303.0894345270294
48.00000000000041 303.0894345270294
48.10000000000041 303.0894345270294
48.20000000000041 303.0894345270294
48.30000000000042 303.0894345270294
48.40000000000042 303.0894345270294
48.50000000000042 303.0894345270294
48.60000000000042 303.0894345270294
48.70000000000042 303.0894345270294
48.80000000000042 303.0894345270294
48.90000000000042 303.0894345270294
49.00000000000043 303.0894345270294
49.10000000000043 303.0894345270294
49.20000000000043 303.0894345270294
49.30000000000043 303.0894345270294
49.40000000000043 303.0894345270294
49.50000000000043 303.0894345270294
49.60000000000043 303.0894345270294
49.70000000000044 303.0894345270294
49.80000000000044 303.0894345270294
49.90000000000044 303.0894345270294