Time X1
0 250
0.1 55.75063965022687
0.2 55.75063965026177
0.3 55.7506396502619
0.4 55.7506396502619
0.5 55.7506396502619
0.6 55.7506396502619
0.7 55.7506396502619
0.7999999999999999 55.7506396502619
0.8999999999999999 55.7506396502619
0.9999999999999999 55.7506396502619
1.1 55.7506396502619
1.2 55.7506396502619
1.3 55.7506396502619
1.4 55.7506396502619
1.5 55.7506396502619
1.6 55.7506396502619
1.7 55.7506396502619
1.8 55.7506396502619
1.900000000000001 55.7506396502619
2 55.7506396502619
2.100000000000001 55.7506396502619
2.200000000000001 55.7506396502619
2.300000000000001 55.7506396502619
2.400000000000001 55.7506396502619
2.500000000000001 55.7506396502619
2.600000000000001 55.7506396502619
2.700000000000001 55.7506396502619
2.800000000000001 55.7506396502619
2.900000000000001 55.7506396502619
3.000000000000001 55.7506396502619
3.100000000000001 55.7506396502619
3.200000000000002 55.7506396502619
3.300000000000002 55.7506396502619
3.400000000000002 55.7506396502619
3.500000000000002 55.7506396502619
3.600000000000002 55.7506396502619
3.700000000000002 55.7506396502619
3.800000000000002 55.7506396502619
3.900000000000002 55.7506396502619
4.000000000000002 55.7506396502619
4.100000000000001 55.7506396502619
4.200000000000001 55.7506396502619
4.300000000000001 55.7506396502619
4.4 55.7506396502619
4.5 55.7506396502619
4.6 55.7506396502619
4.699999999999999 55.7506396502619
4.799999999999999 55.7506396502619
4.899999999999999 55.7506396502619
4.999999999999998 55.7506396502619
5.099999999999998 55.7506396502619
5.199999999999998 55.7506396502619
5.299999999999997 55.7506396502619
5.399999999999997 55.7506396502619
5.499999999999996 55.7506396502619
5.599999999999996 55.7506396502619
5.699999999999996 55.7506396502619
5.799999999999995 55.7506396502619
5.899999999999995 55.7506396502619
5.999999999999995 55.7506396502619
6.099999999999994 55.7506396502619
6.199999999999994 55.7506396502619
6.299999999999994 55.7506396502619
6.399999999999993 55.7506396502619
6.499999999999993 55.7506396502619
6.599999999999993 55.7506396502619
6.699999999999992 55.7506396502619
6.799999999999992 55.7506396502619
6.899999999999991 55.7506396502619
6.999999999999991 55.7506396502619
7.099999999999991 55.7506396502619
7.19999999999999 55.7506396502619
7.29999999999999 55.7506396502619
7.39999999999999 55.7506396502619
7.499999999999989 55.7506396502619
7.599999999999989 55.7506396502619
7.699999999999989 55.7506396502619
7.799999999999988 55.7506396502619
7.899999999999988 55.7506396502619
7.999999999999988 55.7506396502619
8.099999999999987 55.7506396502619
8.199999999999987 55.7506396502619
8.299999999999986 55.7506396502619
8.399999999999986 55.7506396502619
8.499999999999986 55.7506396502619
8.599999999999985 55.7506396502619
8.699999999999985 55.7506396502619
8.799999999999985 55.7506396502619
8.899999999999984 55.7506396502619
8.999999999999984 55.7506396502619
9.099999999999984 55.7506396502619
9.199999999999983 55.7506396502619
9.299999999999983 55.7506396502619
9.399999999999983 55.7506396502619
9.499999999999982 55.7506396502619
9.599999999999982 55.7506396502619
9.699999999999982 55.7506396502619
9.799999999999981 55.7506396502619
9.899999999999981 55.7506396502619
9.99999999999998 55.7506396502619
10.09999999999998 55.7506396502619
10.19999999999998 55.7506396502619
10.29999999999998 55.7506396502619
10.39999999999998 55.7506396502619
10.49999999999998 55.7506396502619
10.59999999999998 55.7506396502619
10.69999999999998 55.7506396502619
10.79999999999998 55.7506396502619
10.89999999999998 55.7506396502619
10.99999999999998 55.7506396502619
11.09999999999998 55.7506396502619
11.19999999999998 55.7506396502619
11.29999999999998 55.7506396502619
11.39999999999998 55.7506396502619
11.49999999999998 55.7506396502619
11.59999999999997 55.7506396502619
11.69999999999997 55.7506396502619
11.79999999999997 55.7506396502619
11.89999999999997 55.7506396502619
11.99999999999997 55.7506396502619
12.09999999999997 55.7506396502619
12.19999999999997 55.7506396502619
12.29999999999997 55.7506396502619
12.39999999999997 55.7506396502619
12.49999999999997 55.7506396502619
12.59999999999997 55.7506396502619
12.69999999999997 55.7506396502619
12.79999999999997 55.7506396502619
12.89999999999997 55.7506396502619
12.99999999999997 55.7506396502619
13.09999999999997 55.7506396502619
13.19999999999997 55.7506396502619
13.29999999999997 55.7506396502619
13.39999999999997 55.7506396502619
13.49999999999997 55.7506396502619
13.59999999999997 55.7506396502619
13.69999999999997 55.7506396502619
13.79999999999997 55.7506396502619
13.89999999999997 55.7506396502619
13.99999999999997 55.7506396502619
14.09999999999997 55.7506396502619
14.19999999999997 55.7506396502619
14.29999999999997 55.7506396502619
14.39999999999996 55.7506396502619
14.49999999999996 55.7506396502619
14.59999999999996 55.7506396502619
14.69999999999996 55.7506396502619
14.79999999999996 55.7506396502619
14.89999999999996 55.7506396502619
14.99999999999996 55.7506396502619
15.09999999999996 55.7506396502619
15.19999999999996 55.7506396502619
15.29999999999996 55.7506396502619
15.39999999999996 55.7506396502619
15.49999999999996 55.7506396502619
15.59999999999996 55.7506396502619
15.69999999999996 55.7506396502619
15.79999999999996 55.7506396502619
15.89999999999996 55.7506396502619
15.99999999999996 55.7506396502619
16.09999999999996 55.7506396502619
16.19999999999996 55.7506396502619
16.29999999999996 55.7506396502619
16.39999999999996 55.7506396502619
16.49999999999996 55.7506396502619
16.59999999999997 55.7506396502619
16.69999999999997 55.7506396502619
16.79999999999997 55.7506396502619
16.89999999999997 55.7506396502619
16.99999999999997 55.7506396502619
17.09999999999997 55.7506396502619
17.19999999999997 55.7506396502619
17.29999999999998 55.7506396502619
17.39999999999998 55.7506396502619
17.49999999999998 55.7506396502619
17.59999999999998 55.7506396502619
17.69999999999998 55.7506396502619
17.79999999999998 55.7506396502619
17.89999999999998 55.7506396502619
17.99999999999999 55.7506396502619
18.09999999999999 55.7506396502619
18.19999999999999 55.7506396502619
18.29999999999999 55.7506396502619
18.39999999999999 55.7506396502619
18.49999999999999 55.7506396502619
18.59999999999999 55.7506396502619
18.7 55.7506396502619
18.8 55.7506396502619
18.9 55.7506396502619
19 55.7506396502619
19.1 55.7506396502619
19.2 55.7506396502619
19.3 55.7506396502619
19.40000000000001 55.7506396502619
19.50000000000001 55.7506396502619
19.60000000000001 55.7506396502619
19.70000000000001 55.7506396502619
19.80000000000001 55.7506396502619
19.90000000000001 55.7506396502619
20.00000000000001 55.7506396502619
20.10000000000002 55.7506396502619
20.20000000000002 55.7506396502619
20.30000000000002 55.7506396502619
20.40000000000002 55.7506396502619
20.50000000000002 55.7506396502619
20.60000000000002 55.7506396502619
20.70000000000002 55.7506396502619
20.80000000000003 55.7506396502619
20.90000000000003 55.7506396502619
21.00000000000003 55.7506396502619
21.10000000000003 55.7506396502619
21.20000000000003 55.7506396502619
21.30000000000003 55.7506396502619
21.40000000000003 55.7506396502619
21.50000000000004 55.7506396502619
21.60000000000004 55.7506396502619
21.70000000000004 55.7506396502619
21.80000000000004 55.7506396502619
21.90000000000004 55.7506396502619
22.00000000000004 55.7506396502619
22.10000000000004 55.7506396502619
22.20000000000005 55.7506396502619
22.30000000000005 55.7506396502619
22.40000000000005 55.7506396502619
22.50000000000005 55.7506396502619
22.60000000000005 55.7506396502619
22.70000000000005 55.7506396502619
22.80000000000005 55.7506396502619
22.90000000000006 55.7506396502619
23.00000000000006 55.7506396502619
23.10000000000006 55.7506396502619
23.20000000000006 55.7506396502619
23.30000000000006 55.7506396502619
23.40000000000006 55.7506396502619
23.50000000000006 55.7506396502619
23.60000000000007 55.7506396502619
23.70000000000007 55.7506396502619
23.80000000000007 55.7506396502619
23.90000000000007 55.7506396502619
24.00000000000007 55.7506396502619
24.10000000000007 55.7506396502619
24.20000000000007 55.7506396502619
24.30000000000008 55.7506396502619
24.40000000000008 55.7506396502619
24.50000000000008 55.7506396502619
24.60000000000008 55.7506396502619
24.70000000000008 55.7506396502619
24.80000000000008 55.7506396502619
24.90000000000008 55.7506396502619
25.00000000000009 55.7506396502619
25.10000000000009 55.7506396502619
25.20000000000009 55.7506396502619
25.30000000000009 55.7506396502619
25.40000000000009 55.7506396502619
25.50000000000009 55.7506396502619
25.60000000000009 55.7506396502619
25.7000000000001 55.7506396502619
25.8000000000001 55.7506396502619
25.9000000000001 55.7506396502619
26.0000000000001 55.7506396502619
26.1000000000001 55.7506396502619
26.2000000000001 55.7506396502619
26.3000000000001 55.7506396502619
26.40000000000011 55.7506396502619
26.50000000000011 55.7506396502619
26.60000000000011 55.7506396502619
26.70000000000011 55.7506396502619
26.80000000000011 55.7506396502619
26.90000000000011 55.7506396502619
27.00000000000011 55.7506396502619
27.10000000000012 55.7506396502619
27.20000000000012 55.7506396502619
27.30000000000012 55.7506396502619
27.40000000000012 55.7506396502619
27.50000000000012 55.7506396502619
27.60000000000012 55.7506396502619
27.70000000000012 55.7506396502619
27.80000000000013 55.7506396502619
27.90000000000013 55.7506396502619
28.00000000000013 55.7506396502619
28.10000000000013 55.7506396502619
28.20000000000013 55.7506396502619
28.30000000000013 55.7506396502619
28.40000000000013 55.7506396502619
28.50000000000014 55.7506396502619
28.60000000000014 55.7506396502619
28.70000000000014 55.7506396502619
28.80000000000014 55.7506396502619
28.90000000000014 55.7506396502619
29.00000000000014 55.7506396502619
29.10000000000014 55.7506396502619
29.20000000000014 55.7506396502619
29.30000000000015 55.7506396502619
29.40000000000015 55.7506396502619
29.50000000000015 55.7506396502619
29.60000000000015 55.7506396502619
29.70000000000015 55.7506396502619
29.80000000000015 55.7506396502619
29.90000000000015 55.7506396502619
30.00000000000016 55.7506396502619
30.10000000000016 55.7506396502619
30.20000000000016 55.7506396502619
30.30000000000016 55.7506396502619
30.40000000000016 55.7506396502619
30.50000000000016 55.7506396502619
30.60000000000016 55.7506396502619
30.70000000000017 55.7506396502619
30.80000000000017 55.7506396502619
30.90000000000017 55.7506396502619
31.00000000000017 55.7506396502619
31.10000000000017 55.7506396502619
31.20000000000017 55.7506396502619
31.30000000000017 55.7506396502619
31.40000000000018 55.7506396502619
31.50000000000018 55.7506396502619
31.60000000000018 55.7506396502619
31.70000000000018 55.7506396502619
31.80000000000018 55.7506396502619
31.90000000000018 55.7506396502619
32.00000000000018 55.7506396502619
32.10000000000019 55.7506396502619
32.20000000000019 55.7506396502619
32.30000000000019 55.7506396502619
32.40000000000019 55.7506396502619
32.50000000000019 55.7506396502619
32.60000000000019 55.7506396502619
32.70000000000019 55.7506396502619
32.8000000000002 55.7506396502619
32.9000000000002 55.7506396502619
33.0000000000002 55.7506396502619
33.1000000000002 55.7506396502619
33.2000000000002 55.7506396502619
33.3000000000002 55.7506396502619
33.4000000000002 55.7506396502619
33.50000000000021 55.7506396502619
33.60000000000021 55.7506396502619
33.70000000000021 55.7506396502619
33.80000000000021 55.7506396502619
33.90000000000021 55.7506396502619
34.00000000000021 55.7506396502619
34.10000000000021 55.7506396502619
34.20000000000022 55.7506396502619
34.30000000000022 55.7506396502619
34.40000000000022 55.7506396502619
34.50000000000022 55.7506396502619
34.60000000000022 55.7506396502619
34.70000000000022 55.7506396502619
34.80000000000022 55.7506396502619
34.90000000000023 55.7506396502619
35.00000000000023 55.7506396502619
35.10000000000023 55.7506396502619
35.20000000000023 55.7506396502619
35.30000000000023 55.7506396502619
35.40000000000023 55.7506396502619
35.50000000000023 55.7506396502619
35.60000000000024 55.7506396502619
35.70000000000024 55.7506396502619
35.80000000000024 55.7506396502619
35.90000000000024 55.7506396502619
36.00000000000024 55.7506396502619
36.10000000000024 55.7506396502619
36.20000000000024 55.7506396502619
36.30000000000025 55.7506396502619
36.40000000000025 55.7506396502619
36.50000000000025 55.7506396502619
36.60000000000025 55.7506396502619
36.70000000000025 55.7506396502619
36.80000000000025 55.7506396502619
36.90000000000025 55.7506396502619
37.00000000000026 55.7506396502619
37.10000000000026 55.7506396502619
37.20000000000026 55.7506396502619
37.30000000000026 55.7506396502619
37.40000000000026 55.7506396502619
37.50000000000026 55.7506396502619
37.60000000000026 55.7506396502619
37.70000000000027 55.7506396502619
37.80000000000027 55.7506396502619
37.90000000000027 55.7506396502619
38.00000000000027 55.7506396502619
38.10000000000027 55.7506396502619
38.20000000000027 55.7506396502619
38.30000000000027 55.7506396502619
38.40000000000028 55.7506396502619
38.50000000000028 55.7506396502619
38.60000000000028 55.7506396502619
38.70000000000028 55.7506396502619
38.80000000000028 55.7506396502619
38.90000000000028 55.7506396502619
39.00000000000028 55.7506396502619
39.10000000000029 55.7506396502619
39.20000000000029 55.7506396502619
39.30000000000029 55.7506396502619
39.40000000000029 55.7506396502619
39.50000000000029 55.7506396502619
39.60000000000029 55.7506396502619
39.70000000000029 55.7506396502619
39.8000000000003 55.7506396502619
39.9000000000003 55.7506396502619
40.0000000000003 55.7506396502619
40.1000000000003 55.7506396502619
40.2000000000003 55.7506396502619
40.3000000000003 55.7506396502619
40.4000000000003 55.7506396502619
40.50000000000031 55.7506396502619
40.60000000000031 55.7506396502619
40.70000000000031 55.7506396502619
40.80000000000031 55.7506396502619
40.90000000000031 55.7506396502619
41.00000000000031 55.7506396502619
41.10000000000031 55.7506396502619
41.20000000000032 55.7506396502619
41.30000000000032 55.7506396502619
41.40000000000032 55.7506396502619
41.50000000000032 55.7506396502619
41.60000000000032 55.7506396502619
41.70000000000032 55.7506396502619
41.80000000000032 55.7506396502619
41.90000000000033 55.7506396502619
42.00000000000033 55.7506396502619
42.10000000000033 55.7506396502619
42.20000000000033 55.7506396502619
42.30000000000033 55.7506396502619
42.40000000000033 55.7506396502619
42.50000000000033 55.7506396502619
42.60000000000034 55.7506396502619
42.70000000000034 55.7506396502619
42.80000000000034 55.7506396502619
42.90000000000034 55.7506396502619
43.00000000000034 55.7506396502619
43.10000000000034 55.7506396502619
43.20000000000034 55.7506396502619
43.30000000000035 55.7506396502619
43.40000000000035 55.7506396502619
43.50000000000035 55.7506396502619
43.60000000000035 55.7506396502619
43.70000000000035 55.7506396502619
43.80000000000035 55.7506396502619
43.90000000000035 55.7506396502619
44.00000000000036 55.7506396502619
44.10000000000036 55.7506396502619
44.20000000000036 55.7506396502619
44.30000000000036 55.7506396502619
44.40000000000036 55.7506396502619
44.50000000000036 55.7506396502619
44.60000000000036 55.7506396502619
44.70000000000037 55.7506396502619
44.80000000000037 55.7506396502619
44.90000000000037 55.7506396502619
45.00000000000037 55.7506396502619
45.10000000000037 55.7506396502619
45.20000000000037 55.7506396502619
45.30000000000037 55.7506396502619
45.40000000000038 55.7506396502619
45.50000000000038 55.7506396502619
45.60000000000038 55.7506396502619
45.70000000000038 55.7506396502619
45.80000000000038 55.7506396502619
45.90000000000038 55.7506396502619
46.00000000000038 55.7506396502619
46.10000000000039 55.7506396502619
46.20000000000039 55.7506396502619
46.30000000000039 55.7506396502619
46.40000000000039 55.7506396502619
46.50000000000039 55.7506396502619
46.60000000000039 55.7506396502619
46.70000000000039 55.7506396502619
46.8000000000004 55.7506396502619
46.9000000000004 55.7506396502619
47.0000000000004 55.7506396502619
47.1000000000004 55.7506396502619
47.2000000000004 55.7506396502619
47.3000000000004 55.7506396502619
47.4000000000004 55.7506396502619
47.50000000000041 55.7506396502619
47.60000000000041 55.7506396502619
47.70000000000041 55.7506396502619
47.80000000000041 55.7506396502619
47.90000000000041 55.7506396502619
48.00000000000041 55.7506396502619
48.10000000000041 55.7506396502619
48.20000000000041 55.7506396502619
48.30000000000042 55.7506396502619
48.40000000000042 55.7506396502619
48.50000000000042 55.7506396502619
48.60000000000042 55.7506396502619
48.70000000000042 55.7506396502619
48.80000000000042 55.7506396502619
48.90000000000042 55.7506396502619
49.00000000000043 55.7506396502619
49.10000000000043 55.7506396502619
49.20000000000043 55.7506396502619
49.30000000000043 55.7506396502619
49.40000000000043 55.7506396502619
49.50000000000043 55.7506396502619
49.60000000000043 55.7506396502619
49.70000000000044 55.7506396502619
49.80000000000044 55.7506396502619
49.90000000000044 55.7506396502619