Time X1
0 250
0.1 556.0880075652552
0.2 556.0880075652553
0.3 556.0880075652553
0.4 556.0880075652553
0.5 556.0880075652555
0.6 556.0880075652555
0.7 556.0880075652553
0.7999999999999999 556.0880075652553
0.8999999999999999 556.0880075652553
0.9999999999999999 556.0880075652553
1.1 556.0880075652553
1.2 556.0880075652553
1.3 556.0880075652553
1.4 556.0880075652553
1.5 556.0880075652553
1.6 556.0880075652553
1.7 556.0880075652553
1.8 556.0880075652552
1.900000000000001 556.0880075652552
2 556.0880075652552
2.100000000000001 556.0880075652552
2.200000000000001 556.0880075652552
2.300000000000001 556.0880075652552
2.400000000000001 556.0880075652552
2.500000000000001 556.0880075652552
2.600000000000001 556.0880075652552
2.700000000000001 556.0880075652552
2.800000000000001 556.0880075652552
2.900000000000001 556.0880075652552
3.000000000000001 556.0880075652552
3.100000000000001 556.0880075652552
3.200000000000002 556.0880075652552
3.300000000000002 556.0880075652552
3.400000000000002 556.0880075652552
3.500000000000002 556.0880075652552
3.600000000000002 556.0880075652552
3.700000000000002 556.0880075652552
3.800000000000002 556.0880075652552
3.900000000000002 556.0880075652552
4.000000000000002 556.0880075652552
4.100000000000001 556.0880075652552
4.200000000000001 556.0880075652552
4.300000000000001 556.0880075652552
4.4 556.0880075652552
4.5 556.0880075652552
4.6 556.0880075652552
4.699999999999999 556.0880075652552
4.799999999999999 556.0880075652552
4.899999999999999 556.0880075652551
4.999999999999998 556.0880075652551
5.099999999999998 556.0880075652551
5.199999999999998 556.0880075652551
5.299999999999997 556.0880075652551
5.399999999999997 556.0880075652551
5.499999999999996 556.0880075652551
5.599999999999996 556.0880075652551
5.699999999999996 556.0880075652551
5.799999999999995 556.0880075652552
5.899999999999995 556.0880075652552
5.999999999999995 556.0880075652552
6.099999999999994 556.0880075652552
6.199999999999994 556.0880075652552
6.299999999999994 556.0880075652552
6.399999999999993 556.0880075652552
6.499999999999993 556.0880075652552
6.599999999999993 556.0880075652552
6.699999999999992 556.0880075652552
6.799999999999992 556.0880075652552
6.899999999999991 556.0880075652552
6.999999999999991 556.0880075652552
7.099999999999991 556.0880075652552
7.19999999999999 556.0880075652552
7.29999999999999 556.0880075652552
7.39999999999999 556.0880075652552
7.499999999999989 556.0880075652552
7.599999999999989 556.0880075652552
7.699999999999989 556.0880075652552
7.799999999999988 556.0880075652552
7.899999999999988 556.0880075652552
7.999999999999988 556.0880075652552
8.099999999999987 556.0880075652552
8.199999999999987 556.0880075652552
8.299999999999986 556.0880075652552
8.399999999999986 556.0880075652552
8.499999999999986 556.0880075652552
8.599999999999985 556.0880075652552
8.699999999999985 556.0880075652552
8.799999999999985 556.0880075652552
8.899999999999984 556.0880075652551
8.999999999999984 556.0880075652551
9.099999999999984 556.0880075652551
9.199999999999983 556.0880075652551
9.299999999999983 556.0880075652551
9.399999999999983 556.0880075652551
9.499999999999982 556.0880075652551
9.599999999999982 556.0880075652551
9.699999999999982 556.0880075652551
9.799999999999981 556.0880075652551
9.899999999999981 556.0880075652551
9.99999999999998 556.0880075652551
10.09999999999998 556.0880075652551
10.19999999999998 556.0880075652551
10.29999999999998 556.0880075652551
10.39999999999998 556.0880075652551
10.49999999999998 556.0880075652551
10.59999999999998 556.0880075652551
10.69999999999998 556.0880075652551
10.79999999999998 556.0880075652551
10.89999999999998 556.0880075652551
10.99999999999998 556.0880075652551
11.09999999999998 556.0880075652551
11.19999999999998 556.0880075652551
11.29999999999998 556.0880075652551
11.39999999999998 556.0880075652551
11.49999999999998 556.0880075652551
11.59999999999997 556.0880075652551
11.69999999999997 556.0880075652551
11.79999999999997 556.0880075652551
11.89999999999997 556.0880075652551
11.99999999999997 556.0880075652551
12.09999999999997 556.0880075652551
12.19999999999997 556.0880075652551
12.29999999999997 556.0880075652551
12.39999999999997 556.0880075652551
12.49999999999997 556.0880075652551
12.59999999999997 556.0880075652551
12.69999999999997 556.0880075652551
12.79999999999997 556.0880075652551
12.89999999999997 556.0880075652551
12.99999999999997 556.0880075652551
13.09999999999997 556.0880075652551
13.19999999999997 556.0880075652551
13.29999999999997 556.0880075652551
13.39999999999997 556.0880075652551
13.49999999999997 556.0880075652551
13.59999999999997 556.0880075652551
13.69999999999997 556.0880075652551
13.79999999999997 556.0880075652551
13.89999999999997 556.0880075652551
13.99999999999997 556.0880075652551
14.09999999999997 556.0880075652551
14.19999999999997 556.0880075652551
14.29999999999997 556.0880075652551
14.39999999999996 556.0880075652551
14.49999999999996 556.0880075652551
14.59999999999996 556.0880075652552
14.69999999999996 556.0880075652552
14.79999999999996 556.0880075652552
14.89999999999996 556.0880075652552
14.99999999999996 556.0880075652552
15.09999999999996 556.0880075652552
15.19999999999996 556.0880075652552
15.29999999999996 556.0880075652552
15.39999999999996 556.0880075652552
15.49999999999996 556.0880075652552
15.59999999999996 556.0880075652552
15.69999999999996 556.0880075652552
15.79999999999996 556.0880075652552
15.89999999999996 556.0880075652552
15.99999999999996 556.0880075652552
16.09999999999996 556.0880075652552
16.19999999999996 556.0880075652552
16.29999999999996 556.0880075652552
16.39999999999996 556.0880075652552
16.49999999999996 556.0880075652552
16.59999999999997 556.0880075652552
16.69999999999997 556.0880075652552
16.79999999999997 556.0880075652552
16.89999999999997 556.0880075652552
16.99999999999997 556.0880075652552
17.09999999999997 556.0880075652552
17.19999999999997 556.0880075652552
17.29999999999998 556.0880075652552
17.39999999999998 556.0880075652552
17.49999999999998 556.0880075652552
17.59999999999998 556.0880075652552
17.69999999999998 556.0880075652552
17.79999999999998 556.0880075652552
17.89999999999998 556.0880075652552
17.99999999999999 556.0880075652552
18.09999999999999 556.0880075652552
18.19999999999999 556.0880075652552
18.29999999999999 556.0880075652552
18.39999999999999 556.0880075652552
18.49999999999999 556.0880075652552
18.59999999999999 556.0880075652552
18.7 556.0880075652552
18.8 556.0880075652552
18.9 556.0880075652552
19 556.0880075652552
19.1 556.0880075652552
19.2 556.0880075652552
19.3 556.0880075652552
19.40000000000001 556.0880075652552
19.50000000000001 556.0880075652552
19.60000000000001 556.0880075652552
19.70000000000001 556.0880075652552
19.80000000000001 556.0880075652552
19.90000000000001 556.0880075652552
20.00000000000001 556.0880075652552
20.10000000000002 556.0880075652552
20.20000000000002 556.0880075652552
20.30000000000002 556.0880075652552
20.40000000000002 556.0880075652552
20.50000000000002 556.0880075652552
20.60000000000002 556.0880075652552
20.70000000000002 556.0880075652552
20.80000000000003 556.0880075652552
20.90000000000003 556.0880075652552
21.00000000000003 556.0880075652552
21.10000000000003 556.0880075652552
21.20000000000003 556.0880075652552
21.30000000000003 556.0880075652552
21.40000000000003 556.0880075652552
21.50000000000004 556.0880075652552
21.60000000000004 556.0880075652552
21.70000000000004 556.0880075652552
21.80000000000004 556.0880075652552
21.90000000000004 556.0880075652552
22.00000000000004 556.0880075652552
22.10000000000004 556.0880075652552
22.20000000000005 556.0880075652552
22.30000000000005 556.0880075652552
22.40000000000005 556.0880075652552
22.50000000000005 556.0880075652552
22.60000000000005 556.0880075652552
22.70000000000005 556.0880075652552
22.80000000000005 556.0880075652552
22.90000000000006 556.0880075652552
23.00000000000006 556.0880075652552
23.10000000000006 556.0880075652552
23.20000000000006 556.0880075652552
23.30000000000006 556.0880075652552
23.40000000000006 556.0880075652552
23.50000000000006 556.0880075652552
23.60000000000007 556.0880075652552
23.70000000000007 556.0880075652552
23.80000000000007 556.0880075652552
23.90000000000007 556.0880075652552
24.00000000000007 556.0880075652552
24.10000000000007 556.0880075652552
24.20000000000007 556.0880075652552
24.30000000000008 556.0880075652552
24.40000000000008 556.0880075652552
24.50000000000008 556.0880075652552
24.60000000000008 556.0880075652552
24.70000000000008 556.0880075652552
24.80000000000008 556.0880075652552
24.90000000000008 556.0880075652552
25.00000000000009 556.0880075652552
25.10000000000009 556.0880075652552
25.20000000000009 556.0880075652552
25.30000000000009 556.0880075652552
25.40000000000009 556.0880075652552
25.50000000000009 556.0880075652552
25.60000000000009 556.0880075652552
25.7000000000001 556.0880075652552
25.8000000000001 556.0880075652552
25.9000000000001 556.0880075652552
26.0000000000001 556.0880075652552
26.1000000000001 556.0880075652552
26.2000000000001 556.0880075652552
26.3000000000001 556.0880075652552
26.40000000000011 556.0880075652552
26.50000000000011 556.0880075652552
26.60000000000011 556.0880075652552
26.70000000000011 556.0880075652552
26.80000000000011 556.0880075652552
26.90000000000011 556.0880075652552
27.00000000000011 556.0880075652552
27.10000000000012 556.0880075652552
27.20000000000012 556.0880075652552
27.30000000000012 556.0880075652552
27.40000000000012 556.0880075652552
27.50000000000012 556.0880075652552
27.60000000000012 556.0880075652552
27.70000000000012 556.0880075652552
27.80000000000013 556.0880075652552
27.90000000000013 556.0880075652552
28.00000000000013 556.0880075652552
28.10000000000013 556.0880075652552
28.20000000000013 556.0880075652552
28.30000000000013 556.0880075652552
28.40000000000013 556.0880075652552
28.50000000000014 556.0880075652552
28.60000000000014 556.0880075652552
28.70000000000014 556.0880075652552
28.80000000000014 556.0880075652552
28.90000000000014 556.0880075652552
29.00000000000014 556.0880075652552
29.10000000000014 556.0880075652552
29.20000000000014 556.0880075652552
29.30000000000015 556.0880075652552
29.40000000000015 556.0880075652552
29.50000000000015 556.0880075652552
29.60000000000015 556.0880075652552
29.70000000000015 556.0880075652552
29.80000000000015 556.0880075652552
29.90000000000015 556.0880075652552
30.00000000000016 556.0880075652552
30.10000000000016 556.0880075652552
30.20000000000016 556.0880075652552
30.30000000000016 556.0880075652552
30.40000000000016 556.0880075652552
30.50000000000016 556.0880075652552
30.60000000000016 556.0880075652552
30.70000000000017 556.0880075652552
30.80000000000017 556.0880075652552
30.90000000000017 556.0880075652552
31.00000000000017 556.0880075652552
31.10000000000017 556.0880075652552
31.20000000000017 556.0880075652552
31.30000000000017 556.0880075652552
31.40000000000018 556.0880075652552
31.50000000000018 556.0880075652552
31.60000000000018 556.0880075652552
31.70000000000018 556.0880075652552
31.80000000000018 556.0880075652552
31.90000000000018 556.0880075652552
32.00000000000018 556.0880075652552
32.10000000000019 556.0880075652552
32.20000000000019 556.0880075652552
32.30000000000019 556.0880075652552
32.40000000000019 556.0880075652552
32.50000000000019 556.0880075652552
32.60000000000019 556.0880075652552
32.70000000000019 556.0880075652552
32.8000000000002 556.0880075652552
32.9000000000002 556.0880075652552
33.0000000000002 556.0880075652552
33.1000000000002 556.0880075652552
33.2000000000002 556.0880075652552
33.3000000000002 556.0880075652552
33.4000000000002 556.0880075652552
33.50000000000021 556.0880075652552
33.60000000000021 556.0880075652552
33.70000000000021 556.0880075652552
33.80000000000021 556.0880075652552
33.90000000000021 556.0880075652552
34.00000000000021 556.0880075652552
34.10000000000021 556.0880075652552
34.20000000000022 556.0880075652552
34.30000000000022 556.0880075652552
34.40000000000022 556.0880075652552
34.50000000000022 556.0880075652552
34.60000000000022 556.0880075652552
34.70000000000022 556.0880075652552
34.80000000000022 556.0880075652552
34.90000000000023 556.0880075652552
35.00000000000023 556.0880075652552
35.10000000000023 556.0880075652552
35.20000000000023 556.0880075652552
35.30000000000023 556.0880075652552
35.40000000000023 556.0880075652552
35.50000000000023 556.0880075652552
35.60000000000024 556.0880075652552
35.70000000000024 556.0880075652552
35.80000000000024 556.0880075652552
35.90000000000024 556.0880075652552
36.00000000000024 556.0880075652552
36.10000000000024 556.0880075652552
36.20000000000024 556.0880075652552
36.30000000000025 556.0880075652552
36.40000000000025 556.0880075652552
36.50000000000025 556.0880075652552
36.60000000000025 556.0880075652552
36.70000000000025 556.0880075652552
36.80000000000025 556.0880075652552
36.90000000000025 556.0880075652552
37.00000000000026 556.0880075652552
37.10000000000026 556.0880075652552
37.20000000000026 556.0880075652552
37.30000000000026 556.0880075652552
37.40000000000026 556.0880075652552
37.50000000000026 556.0880075652552
37.60000000000026 556.0880075652552
37.70000000000027 556.0880075652552
37.80000000000027 556.0880075652552
37.90000000000027 556.0880075652552
38.00000000000027 556.0880075652552
38.10000000000027 556.0880075652552
38.20000000000027 556.0880075652552
38.30000000000027 556.0880075652552
38.40000000000028 556.0880075652552
38.50000000000028 556.0880075652552
38.60000000000028 556.0880075652552
38.70000000000028 556.0880075652552
38.80000000000028 556.0880075652552
38.90000000000028 556.0880075652552
39.00000000000028 556.0880075652552
39.10000000000029 556.0880075652552
39.20000000000029 556.0880075652552
39.30000000000029 556.0880075652552
39.40000000000029 556.0880075652552
39.50000000000029 556.0880075652552
39.60000000000029 556.0880075652552
39.70000000000029 556.0880075652552
39.8000000000003 556.0880075652552
39.9000000000003 556.0880075652552
40.0000000000003 556.0880075652552
40.1000000000003 556.0880075652552
40.2000000000003 556.0880075652552
40.3000000000003 556.0880075652552
40.4000000000003 556.0880075652552
40.50000000000031 556.0880075652552
40.60000000000031 556.0880075652552
40.70000000000031 556.0880075652552
40.80000000000031 556.0880075652552
40.90000000000031 556.0880075652552
41.00000000000031 556.0880075652552
41.10000000000031 556.0880075652552
41.20000000000032 556.0880075652552
41.30000000000032 556.0880075652552
41.40000000000032 556.0880075652552
41.50000000000032 556.0880075652552
41.60000000000032 556.0880075652552
41.70000000000032 556.0880075652552
41.80000000000032 556.0880075652552
41.90000000000033 556.0880075652552
42.00000000000033 556.0880075652552
42.10000000000033 556.0880075652552
42.20000000000033 556.0880075652552
42.30000000000033 556.0880075652552
42.40000000000033 556.0880075652552
42.50000000000033 556.0880075652552
42.60000000000034 556.0880075652552
42.70000000000034 556.0880075652552
42.80000000000034 556.0880075652552
42.90000000000034 556.0880075652552
43.00000000000034 556.0880075652552
43.10000000000034 556.0880075652552
43.20000000000034 556.0880075652552
43.30000000000035 556.0880075652552
43.40000000000035 556.0880075652552
43.50000000000035 556.0880075652552
43.60000000000035 556.0880075652552
43.70000000000035 556.0880075652552
43.80000000000035 556.0880075652552
43.90000000000035 556.0880075652552
44.00000000000036 556.0880075652552
44.10000000000036 556.0880075652552
44.20000000000036 556.0880075652552
44.30000000000036 556.0880075652552
44.40000000000036 556.0880075652552
44.50000000000036 556.0880075652552
44.60000000000036 556.0880075652552
44.70000000000037 556.0880075652552
44.80000000000037 556.0880075652552
44.90000000000037 556.0880075652552
45.00000000000037 556.0880075652552
45.10000000000037 556.0880075652552
45.20000000000037 556.0880075652552
45.30000000000037 556.0880075652552
45.40000000000038 556.0880075652552
45.50000000000038 556.0880075652552
45.60000000000038 556.0880075652552
45.70000000000038 556.0880075652552
45.80000000000038 556.0880075652552
45.90000000000038 556.0880075652552
46.00000000000038 556.0880075652552
46.10000000000039 556.0880075652552
46.20000000000039 556.0880075652552
46.30000000000039 556.0880075652552
46.40000000000039 556.0880075652552
46.50000000000039 556.0880075652552
46.60000000000039 556.0880075652552
46.70000000000039 556.0880075652552
46.8000000000004 556.0880075652552
46.9000000000004 556.0880075652552
47.0000000000004 556.0880075652552
47.1000000000004 556.0880075652552
47.2000000000004 556.0880075652552
47.3000000000004 556.0880075652552
47.4000000000004 556.0880075652552
47.50000000000041 556.0880075652552
47.60000000000041 556.0880075652552
47.70000000000041 556.0880075652552
47.80000000000041 556.0880075652552
47.90000000000041 556.0880075652552
48.00000000000041 556.0880075652552
48.10000000000041 556.0880075652552
48.20000000000041 556.0880075652552
48.30000000000042 556.0880075652552
48.40000000000042 556.0880075652552
48.50000000000042 556.0880075652552
48.60000000000042 556.0880075652552
48.70000000000042 556.0880075652552
48.80000000000042 556.0880075652552
48.90000000000042 556.0880075652552
49.00000000000043 556.0880075652552
49.10000000000043 556.0880075652552
49.20000000000043 556.0880075652552
49.30000000000043 556.0880075652552
49.40000000000043 556.0880075652552
49.50000000000043 556.0880075652552
49.60000000000043 556.0880075652552
49.70000000000044 556.0880075652552
49.80000000000044 556.0880075652552
49.90000000000044 556.0880075652552