Time X1
0 250
0.1 358.7573342763541
0.2 358.7573342763512
0.3 358.7573342763512
0.4 358.7573342763512
0.5 358.7573342763512
0.6 358.7573342763512
0.7 358.7573342763512
0.7999999999999999 358.7573342763512
0.8999999999999999 358.7573342763512
0.9999999999999999 358.7573342763512
1.1 358.7573342763512
1.2 358.7573342763512
1.3 358.7573342763512
1.4 358.7573342763512
1.5 358.7573342763512
1.6 358.7573342763512
1.7 358.7573342763512
1.8 358.7573342763512
1.900000000000001 358.7573342763512
2 358.7573342763512
2.100000000000001 358.7573342763512
2.200000000000001 358.7573342763512
2.300000000000001 358.7573342763512
2.400000000000001 358.7573342763512
2.500000000000001 358.7573342763512
2.600000000000001 358.7573342763512
2.700000000000001 358.7573342763512
2.800000000000001 358.7573342763512
2.900000000000001 358.7573342763512
3.000000000000001 358.7573342763512
3.100000000000001 358.7573342763512
3.200000000000002 358.7573342763512
3.300000000000002 358.7573342763512
3.400000000000002 358.7573342763512
3.500000000000002 358.7573342763512
3.600000000000002 358.7573342763512
3.700000000000002 358.7573342763512
3.800000000000002 358.7573342763512
3.900000000000002 358.7573342763512
4.000000000000002 358.7573342763512
4.100000000000001 358.7573342763512
4.200000000000001 358.7573342763512
4.300000000000001 358.7573342763512
4.4 358.7573342763512
4.5 358.7573342763512
4.6 358.7573342763512
4.699999999999999 358.7573342763512
4.799999999999999 358.7573342763512
4.899999999999999 358.7573342763512
4.999999999999998 358.7573342763512
5.099999999999998 358.7573342763512
5.199999999999998 358.7573342763512
5.299999999999997 358.7573342763512
5.399999999999997 358.7573342763512
5.499999999999996 358.7573342763512
5.599999999999996 358.7573342763512
5.699999999999996 358.7573342763512
5.799999999999995 358.7573342763512
5.899999999999995 358.7573342763512
5.999999999999995 358.7573342763512
6.099999999999994 358.7573342763512
6.199999999999994 358.7573342763512
6.299999999999994 358.7573342763512
6.399999999999993 358.7573342763512
6.499999999999993 358.7573342763512
6.599999999999993 358.7573342763512
6.699999999999992 358.7573342763512
6.799999999999992 358.7573342763512
6.899999999999991 358.7573342763512
6.999999999999991 358.7573342763512
7.099999999999991 358.7573342763512
7.19999999999999 358.7573342763512
7.29999999999999 358.7573342763512
7.39999999999999 358.7573342763512
7.499999999999989 358.7573342763512
7.599999999999989 358.7573342763512
7.699999999999989 358.7573342763512
7.799999999999988 358.7573342763512
7.899999999999988 358.7573342763512
7.999999999999988 358.7573342763512
8.099999999999987 358.7573342763512
8.199999999999987 358.7573342763512
8.299999999999986 358.7573342763512
8.399999999999986 358.7573342763512
8.499999999999986 358.7573342763512
8.599999999999985 358.7573342763512
8.699999999999985 358.7573342763512
8.799999999999985 358.7573342763512
8.899999999999984 358.7573342763512
8.999999999999984 358.7573342763512
9.099999999999984 358.7573342763512
9.199999999999983 358.7573342763512
9.299999999999983 358.7573342763512
9.399999999999983 358.7573342763512
9.499999999999982 358.7573342763512
9.599999999999982 358.7573342763512
9.699999999999982 358.7573342763512
9.799999999999981 358.7573342763512
9.899999999999981 358.7573342763512
9.99999999999998 358.7573342763512
10.09999999999998 358.7573342763512
10.19999999999998 358.7573342763512
10.29999999999998 358.7573342763512
10.39999999999998 358.7573342763512
10.49999999999998 358.7573342763512
10.59999999999998 358.7573342763512
10.69999999999998 358.7573342763512
10.79999999999998 358.7573342763512
10.89999999999998 358.7573342763512
10.99999999999998 358.7573342763512
11.09999999999998 358.7573342763512
11.19999999999998 358.7573342763512
11.29999999999998 358.7573342763512
11.39999999999998 358.7573342763512
11.49999999999998 358.7573342763512
11.59999999999997 358.7573342763512
11.69999999999997 358.7573342763512
11.79999999999997 358.7573342763512
11.89999999999997 358.7573342763512
11.99999999999997 358.7573342763512
12.09999999999997 358.7573342763512
12.19999999999997 358.7573342763512
12.29999999999997 358.7573342763512
12.39999999999997 358.7573342763512
12.49999999999997 358.7573342763512
12.59999999999997 358.7573342763512
12.69999999999997 358.7573342763512
12.79999999999997 358.7573342763512
12.89999999999997 358.7573342763512
12.99999999999997 358.7573342763512
13.09999999999997 358.7573342763512
13.19999999999997 358.7573342763512
13.29999999999997 358.7573342763512
13.39999999999997 358.7573342763512
13.49999999999997 358.7573342763512
13.59999999999997 358.7573342763512
13.69999999999997 358.7573342763511
13.79999999999997 358.7573342763511
13.89999999999997 358.7573342763511
13.99999999999997 358.7573342763511
14.09999999999997 358.7573342763511
14.19999999999997 358.7573342763511
14.29999999999997 358.7573342763511
14.39999999999996 358.7573342763511
14.49999999999996 358.7573342763511
14.59999999999996 358.7573342763511
14.69999999999996 358.7573342763511
14.79999999999996 358.7573342763511
14.89999999999996 358.7573342763511
14.99999999999996 358.7573342763511
15.09999999999996 358.7573342763511
15.19999999999996 358.7573342763511
15.29999999999996 358.7573342763511
15.39999999999996 358.7573342763511
15.49999999999996 358.7573342763511
15.59999999999996 358.7573342763511
15.69999999999996 358.7573342763511
15.79999999999996 358.7573342763511
15.89999999999996 358.7573342763511
15.99999999999996 358.7573342763511
16.09999999999996 358.7573342763511
16.19999999999996 358.7573342763511
16.29999999999996 358.7573342763511
16.39999999999996 358.7573342763511
16.49999999999996 358.7573342763511
16.59999999999997 358.7573342763511
16.69999999999997 358.7573342763511
16.79999999999997 358.7573342763511
16.89999999999997 358.7573342763511
16.99999999999997 358.7573342763511
17.09999999999997 358.7573342763511
17.19999999999997 358.7573342763511
17.29999999999998 358.7573342763511
17.39999999999998 358.7573342763511
17.49999999999998 358.7573342763511
17.59999999999998 358.7573342763511
17.69999999999998 358.7573342763511
17.79999999999998 358.7573342763511
17.89999999999998 358.7573342763511
17.99999999999999 358.7573342763511
18.09999999999999 358.7573342763511
18.19999999999999 358.7573342763511
18.29999999999999 358.7573342763511
18.39999999999999 358.7573342763511
18.49999999999999 358.7573342763511
18.59999999999999 358.7573342763511
18.7 358.7573342763511
18.8 358.7573342763511
18.9 358.7573342763511
19 358.7573342763511
19.1 358.7573342763511
19.2 358.7573342763511
19.3 358.7573342763511
19.40000000000001 358.7573342763511
19.50000000000001 358.7573342763511
19.60000000000001 358.7573342763511
19.70000000000001 358.7573342763511
19.80000000000001 358.7573342763511
19.90000000000001 358.7573342763511
20.00000000000001 358.7573342763511
20.10000000000002 358.7573342763511
20.20000000000002 358.7573342763511
20.30000000000002 358.7573342763511
20.40000000000002 358.7573342763511
20.50000000000002 358.7573342763511
20.60000000000002 358.7573342763511
20.70000000000002 358.7573342763511
20.80000000000003 358.7573342763511
20.90000000000003 358.7573342763511
21.00000000000003 358.7573342763511
21.10000000000003 358.7573342763511
21.20000000000003 358.7573342763511
21.30000000000003 358.7573342763511
21.40000000000003 358.7573342763511
21.50000000000004 358.7573342763511
21.60000000000004 358.7573342763511
21.70000000000004 358.7573342763511
21.80000000000004 358.7573342763511
21.90000000000004 358.7573342763511
22.00000000000004 358.7573342763511
22.10000000000004 358.7573342763511
22.20000000000005 358.7573342763511
22.30000000000005 358.7573342763511
22.40000000000005 358.7573342763511
22.50000000000005 358.7573342763511
22.60000000000005 358.7573342763511
22.70000000000005 358.7573342763511
22.80000000000005 358.7573342763511
22.90000000000006 358.7573342763511
23.00000000000006 358.7573342763511
23.10000000000006 358.7573342763511
23.20000000000006 358.7573342763511
23.30000000000006 358.7573342763511
23.40000000000006 358.7573342763511
23.50000000000006 358.7573342763511
23.60000000000007 358.7573342763511
23.70000000000007 358.7573342763511
23.80000000000007 358.7573342763511
23.90000000000007 358.7573342763511
24.00000000000007 358.7573342763511
24.10000000000007 358.7573342763511
24.20000000000007 358.7573342763511
24.30000000000008 358.7573342763511
24.40000000000008 358.7573342763511
24.50000000000008 358.7573342763511
24.60000000000008 358.7573342763511
24.70000000000008 358.7573342763511
24.80000000000008 358.7573342763511
24.90000000000008 358.7573342763511
25.00000000000009 358.7573342763511
25.10000000000009 358.7573342763511
25.20000000000009 358.7573342763511
25.30000000000009 358.7573342763511
25.40000000000009 358.7573342763511
25.50000000000009 358.7573342763511
25.60000000000009 358.7573342763511
25.7000000000001 358.7573342763511
25.8000000000001 358.7573342763511
25.9000000000001 358.7573342763511
26.0000000000001 358.7573342763511
26.1000000000001 358.7573342763511
26.2000000000001 358.7573342763511
26.3000000000001 358.7573342763511
26.40000000000011 358.7573342763511
26.50000000000011 358.7573342763511
26.60000000000011 358.7573342763511
26.70000000000011 358.7573342763511
26.80000000000011 358.7573342763511
26.90000000000011 358.7573342763511
27.00000000000011 358.7573342763511
27.10000000000012 358.7573342763511
27.20000000000012 358.7573342763511
27.30000000000012 358.7573342763511
27.40000000000012 358.7573342763511
27.50000000000012 358.7573342763511
27.60000000000012 358.7573342763511
27.70000000000012 358.7573342763511
27.80000000000013 358.7573342763511
27.90000000000013 358.7573342763511
28.00000000000013 358.7573342763511
28.10000000000013 358.7573342763511
28.20000000000013 358.7573342763511
28.30000000000013 358.7573342763511
28.40000000000013 358.7573342763511
28.50000000000014 358.7573342763511
28.60000000000014 358.7573342763511
28.70000000000014 358.7573342763511
28.80000000000014 358.7573342763511
28.90000000000014 358.7573342763511
29.00000000000014 358.7573342763511
29.10000000000014 358.7573342763511
29.20000000000014 358.7573342763511
29.30000000000015 358.7573342763511
29.40000000000015 358.7573342763511
29.50000000000015 358.7573342763511
29.60000000000015 358.7573342763511
29.70000000000015 358.7573342763511
29.80000000000015 358.7573342763511
29.90000000000015 358.7573342763511
30.00000000000016 358.7573342763511
30.10000000000016 358.7573342763511
30.20000000000016 358.7573342763511
30.30000000000016 358.7573342763511
30.40000000000016 358.7573342763511
30.50000000000016 358.7573342763511
30.60000000000016 358.7573342763511
30.70000000000017 358.7573342763511
30.80000000000017 358.7573342763511
30.90000000000017 358.7573342763511
31.00000000000017 358.7573342763511
31.10000000000017 358.7573342763511
31.20000000000017 358.7573342763511
31.30000000000017 358.7573342763511
31.40000000000018 358.7573342763511
31.50000000000018 358.7573342763511
31.60000000000018 358.7573342763511
31.70000000000018 358.7573342763511
31.80000000000018 358.7573342763511
31.90000000000018 358.7573342763511
32.00000000000018 358.7573342763511
32.10000000000019 358.7573342763511
32.20000000000019 358.7573342763511
32.30000000000019 358.7573342763511
32.40000000000019 358.7573342763511
32.50000000000019 358.7573342763511
32.60000000000019 358.7573342763511
32.70000000000019 358.7573342763511
32.8000000000002 358.7573342763511
32.9000000000002 358.7573342763511
33.0000000000002 358.7573342763511
33.1000000000002 358.7573342763511
33.2000000000002 358.7573342763511
33.3000000000002 358.7573342763511
33.4000000000002 358.7573342763511
33.50000000000021 358.7573342763511
33.60000000000021 358.7573342763511
33.70000000000021 358.7573342763511
33.80000000000021 358.7573342763511
33.90000000000021 358.7573342763511
34.00000000000021 358.7573342763511
34.10000000000021 358.7573342763512
34.20000000000022 358.7573342763512
34.30000000000022 358.7573342763512
34.40000000000022 358.7573342763512
34.50000000000022 358.7573342763512
34.60000000000022 358.7573342763512
34.70000000000022 358.7573342763512
34.80000000000022 358.7573342763512
34.90000000000023 358.7573342763512
35.00000000000023 358.7573342763512
35.10000000000023 358.7573342763512
35.20000000000023 358.7573342763512
35.30000000000023 358.7573342763512
35.40000000000023 358.7573342763512
35.50000000000023 358.7573342763512
35.60000000000024 358.7573342763512
35.70000000000024 358.7573342763512
35.80000000000024 358.7573342763512
35.90000000000024 358.7573342763512
36.00000000000024 358.7573342763512
36.10000000000024 358.7573342763512
36.20000000000024 358.7573342763512
36.30000000000025 358.7573342763512
36.40000000000025 358.7573342763512
36.50000000000025 358.7573342763512
36.60000000000025 358.7573342763512
36.70000000000025 358.7573342763512
36.80000000000025 358.7573342763512
36.90000000000025 358.7573342763512
37.00000000000026 358.7573342763512
37.10000000000026 358.7573342763512
37.20000000000026 358.7573342763512
37.30000000000026 358.7573342763512
37.40000000000026 358.7573342763512
37.50000000000026 358.7573342763512
37.60000000000026 358.7573342763512
37.70000000000027 358.7573342763512
37.80000000000027 358.7573342763512
37.90000000000027 358.7573342763512
38.00000000000027 358.7573342763512
38.10000000000027 358.7573342763512
38.20000000000027 358.7573342763512
38.30000000000027 358.7573342763512
38.40000000000028 358.7573342763512
38.50000000000028 358.7573342763512
38.60000000000028 358.7573342763512
38.70000000000028 358.7573342763512
38.80000000000028 358.7573342763512
38.90000000000028 358.7573342763512
39.00000000000028 358.7573342763512
39.10000000000029 358.7573342763512
39.20000000000029 358.7573342763512
39.30000000000029 358.7573342763512
39.40000000000029 358.7573342763512
39.50000000000029 358.7573342763512
39.60000000000029 358.7573342763512
39.70000000000029 358.7573342763512
39.8000000000003 358.7573342763512
39.9000000000003 358.7573342763512
40.0000000000003 358.7573342763512
40.1000000000003 358.7573342763512
40.2000000000003 358.7573342763512
40.3000000000003 358.7573342763512
40.4000000000003 358.7573342763512
40.50000000000031 358.7573342763512
40.60000000000031 358.7573342763512
40.70000000000031 358.7573342763512
40.80000000000031 358.7573342763512
40.90000000000031 358.7573342763512
41.00000000000031 358.7573342763512
41.10000000000031 358.7573342763512
41.20000000000032 358.7573342763512
41.30000000000032 358.7573342763512
41.40000000000032 358.7573342763512
41.50000000000032 358.7573342763512
41.60000000000032 358.7573342763512
41.70000000000032 358.7573342763512
41.80000000000032 358.7573342763512
41.90000000000033 358.7573342763512
42.00000000000033 358.7573342763512
42.10000000000033 358.7573342763512
42.20000000000033 358.7573342763512
42.30000000000033 358.7573342763512
42.40000000000033 358.7573342763512
42.50000000000033 358.7573342763512
42.60000000000034 358.7573342763512
42.70000000000034 358.7573342763512
42.80000000000034 358.7573342763512
42.90000000000034 358.7573342763512
43.00000000000034 358.7573342763512
43.10000000000034 358.7573342763512
43.20000000000034 358.7573342763512
43.30000000000035 358.7573342763512
43.40000000000035 358.7573342763512
43.50000000000035 358.7573342763512
43.60000000000035 358.7573342763512
43.70000000000035 358.7573342763512
43.80000000000035 358.7573342763512
43.90000000000035 358.7573342763512
44.00000000000036 358.7573342763512
44.10000000000036 358.7573342763512
44.20000000000036 358.7573342763512
44.30000000000036 358.7573342763512
44.40000000000036 358.7573342763512
44.50000000000036 358.7573342763512
44.60000000000036 358.7573342763512
44.70000000000037 358.7573342763512
44.80000000000037 358.7573342763512
44.90000000000037 358.7573342763512
45.00000000000037 358.7573342763512
45.10000000000037 358.7573342763512
45.20000000000037 358.7573342763512
45.30000000000037 358.7573342763512
45.40000000000038 358.7573342763512
45.50000000000038 358.7573342763512
45.60000000000038 358.7573342763512
45.70000000000038 358.7573342763512
45.80000000000038 358.7573342763512
45.90000000000038 358.7573342763512
46.00000000000038 358.7573342763512
46.10000000000039 358.7573342763512
46.20000000000039 358.7573342763512
46.30000000000039 358.7573342763512
46.40000000000039 358.7573342763512
46.50000000000039 358.7573342763512
46.60000000000039 358.7573342763512
46.70000000000039 358.7573342763512
46.8000000000004 358.7573342763512
46.9000000000004 358.7573342763512
47.0000000000004 358.7573342763512
47.1000000000004 358.7573342763512
47.2000000000004 358.7573342763512
47.3000000000004 358.7573342763512
47.4000000000004 358.7573342763512
47.50000000000041 358.7573342763512
47.60000000000041 358.7573342763512
47.70000000000041 358.7573342763512
47.80000000000041 358.7573342763512
47.90000000000041 358.7573342763512
48.00000000000041 358.7573342763512
48.10000000000041 358.7573342763512
48.20000000000041 358.7573342763512
48.30000000000042 358.7573342763512
48.40000000000042 358.7573342763512
48.50000000000042 358.7573342763512
48.60000000000042 358.7573342763512
48.70000000000042 358.7573342763512
48.80000000000042 358.7573342763512
48.90000000000042 358.7573342763512
49.00000000000043 358.7573342763512
49.10000000000043 358.7573342763512
49.20000000000043 358.7573342763512
49.30000000000043 358.7573342763512
49.40000000000043 358.7573342763512
49.50000000000043 358.7573342763512
49.60000000000043 358.7573342763512
49.70000000000044 358.7573342763512
49.80000000000044 358.7573342763512
49.90000000000044 358.7573342763512