Time X1
0 250
0.1 369.541351038398
0.2 369.5413510376532
0.3 369.5413510369085
0.4 369.5413510367033
0.5 369.5413510367006
0.6 369.5413510366985
0.7 369.5413510366985
0.7999999999999999 369.5413510366985
0.8999999999999999 369.5413510366985
0.9999999999999999 369.5413510366985
1.1 369.5413510366985
1.2 369.5413510366985
1.3 369.5413510366985
1.4 369.5413510366985
1.5 369.5413510366985
1.6 369.5413510366985
1.7 369.5413510366985
1.8 369.5413510366985
1.900000000000001 369.5413510366985
2 369.5413510366985
2.100000000000001 369.5413510366985
2.200000000000001 369.5413510366985
2.300000000000001 369.5413510366985
2.400000000000001 369.5413510366985
2.500000000000001 369.5413510366985
2.600000000000001 369.5413510366985
2.700000000000001 369.5413510366985
2.800000000000001 369.5413510366985
2.900000000000001 369.5413510366985
3.000000000000001 369.5413510366985
3.100000000000001 369.5413510366985
3.200000000000002 369.5413510366985
3.300000000000002 369.5413510366985
3.400000000000002 369.5413510366985
3.500000000000002 369.5413510366985
3.600000000000002 369.5413510366985
3.700000000000002 369.5413510366985
3.800000000000002 369.5413510366985
3.900000000000002 369.5413510366985
4.000000000000002 369.5413510366985
4.100000000000001 369.5413510366986
4.200000000000001 369.5413510366986
4.300000000000001 369.5413510366986
4.4 369.5413510366986
4.5 369.5413510366986
4.6 369.5413510366986
4.699999999999999 369.5413510366986
4.799999999999999 369.5413510366986
4.899999999999999 369.5413510366986
4.999999999999998 369.5413510366986
5.099999999999998 369.5413510366986
5.199999999999998 369.5413510366986
5.299999999999997 369.5413510366986
5.399999999999997 369.5413510366986
5.499999999999996 369.5413510366986
5.599999999999996 369.5413510366986
5.699999999999996 369.5413510366987
5.799999999999995 369.5413510366987
5.899999999999995 369.5413510366987
5.999999999999995 369.5413510366987
6.099999999999994 369.5413510366987
6.199999999999994 369.5413510366987
6.299999999999994 369.5413510366987
6.399999999999993 369.5413510366987
6.499999999999993 369.5413510366987
6.599999999999993 369.5413510366987
6.699999999999992 369.5413510366987
6.799999999999992 369.5413510366987
6.899999999999991 369.5413510366987
6.999999999999991 369.5413510366987
7.099999999999991 369.5413510366987
7.19999999999999 369.5413510366987
7.29999999999999 369.5413510366987
7.39999999999999 369.5413510366987
7.499999999999989 369.5413510366987
7.599999999999989 369.5413510366987
7.699999999999989 369.5413510366987
7.799999999999988 369.5413510366987
7.899999999999988 369.5413510366987
7.999999999999988 369.5413510366987
8.099999999999987 369.5413510366987
8.199999999999987 369.5413510366987
8.299999999999986 369.5413510366987
8.399999999999986 369.5413510366987
8.499999999999986 369.5413510366987
8.599999999999985 369.5413510366987
8.699999999999985 369.5413510366987
8.799999999999985 369.5413510366986
8.899999999999984 369.5413510366986
8.999999999999984 369.5413510366986
9.099999999999984 369.5413510366986
9.199999999999983 369.5413510366986
9.299999999999983 369.5413510366986
9.399999999999983 369.5413510366986
9.499999999999982 369.5413510366986
9.599999999999982 369.5413510366986
9.699999999999982 369.5413510366986
9.799999999999981 369.5413510366986
9.899999999999981 369.5413510366986
9.99999999999998 369.5413510366986
10.09999999999998 369.5413510366986
10.19999999999998 369.5413510366986
10.29999999999998 369.5413510366986
10.39999999999998 369.5413510366986
10.49999999999998 369.5413510366986
10.59999999999998 369.5413510366986
10.69999999999998 369.5413510366986
10.79999999999998 369.5413510366986
10.89999999999998 369.5413510366986
10.99999999999998 369.5413510366986
11.09999999999998 369.5413510366986
11.19999999999998 369.5413510366986
11.29999999999998 369.5413510366986
11.39999999999998 369.5413510366986
11.49999999999998 369.5413510366986
11.59999999999997 369.5413510366986
11.69999999999997 369.5413510366986
11.79999999999997 369.5413510366986
11.89999999999997 369.5413510366986
11.99999999999997 369.5413510366986
12.09999999999997 369.5413510366986
12.19999999999997 369.5413510366986
12.29999999999997 369.5413510366986
12.39999999999997 369.5413510366986
12.49999999999997 369.5413510366986
12.59999999999997 369.5413510366986
12.69999999999997 369.5413510366986
12.79999999999997 369.5413510366986
12.89999999999997 369.5413510366986
12.99999999999997 369.5413510366986
13.09999999999997 369.5413510366986
13.19999999999997 369.5413510366986
13.29999999999997 369.5413510366986
13.39999999999997 369.5413510366986
13.49999999999997 369.5413510366986
13.59999999999997 369.5413510366986
13.69999999999997 369.5413510366986
13.79999999999997 369.5413510366986
13.89999999999997 369.5413510366986
13.99999999999997 369.5413510366986
14.09999999999997 369.5413510366986
14.19999999999997 369.5413510366986
14.29999999999997 369.5413510366986
14.39999999999996 369.5413510366986
14.49999999999996 369.5413510366986
14.59999999999996 369.5413510366986
14.69999999999996 369.5413510366986
14.79999999999996 369.5413510366986
14.89999999999996 369.5413510366986
14.99999999999996 369.5413510366986
15.09999999999996 369.5413510366986
15.19999999999996 369.5413510366986
15.29999999999996 369.5413510366986
15.39999999999996 369.5413510366986
15.49999999999996 369.5413510366986
15.59999999999996 369.5413510366986
15.69999999999996 369.5413510366986
15.79999999999996 369.5413510366986
15.89999999999996 369.5413510366986
15.99999999999996 369.5413510366986
16.09999999999996 369.5413510366986
16.19999999999996 369.5413510366986
16.29999999999996 369.5413510366986
16.39999999999996 369.5413510366986
16.49999999999996 369.5413510366986
16.59999999999997 369.5413510366986
16.69999999999997 369.5413510366986
16.79999999999997 369.5413510366986
16.89999999999997 369.5413510366986
16.99999999999997 369.5413510366986
17.09999999999997 369.5413510366986
17.19999999999997 369.5413510366986
17.29999999999998 369.5413510366986
17.39999999999998 369.5413510366986
17.49999999999998 369.5413510366986
17.59999999999998 369.5413510366986
17.69999999999998 369.5413510366986
17.79999999999998 369.5413510366986
17.89999999999998 369.5413510366986
17.99999999999999 369.5413510366986
18.09999999999999 369.5413510366986
18.19999999999999 369.5413510366986
18.29999999999999 369.5413510366986
18.39999999999999 369.5413510366986
18.49999999999999 369.5413510366986
18.59999999999999 369.5413510366986
18.7 369.5413510366986
18.8 369.5413510366986
18.9 369.5413510366986
19 369.5413510366986
19.1 369.5413510366986
19.2 369.5413510366986
19.3 369.5413510366986
19.40000000000001 369.5413510366986
19.50000000000001 369.5413510366986
19.60000000000001 369.5413510366986
19.70000000000001 369.5413510366986
19.80000000000001 369.5413510366986
19.90000000000001 369.5413510366986
20.00000000000001 369.5413510366986
20.10000000000002 369.5413510366986
20.20000000000002 369.5413510366986
20.30000000000002 369.5413510366986
20.40000000000002 369.5413510366986
20.50000000000002 369.5413510366986
20.60000000000002 369.5413510366986
20.70000000000002 369.5413510366986
20.80000000000003 369.5413510366986
20.90000000000003 369.5413510366986
21.00000000000003 369.5413510366986
21.10000000000003 369.5413510366986
21.20000000000003 369.5413510366986
21.30000000000003 369.5413510366986
21.40000000000003 369.5413510366986
21.50000000000004 369.5413510366986
21.60000000000004 369.5413510366986
21.70000000000004 369.5413510366986
21.80000000000004 369.5413510366986
21.90000000000004 369.5413510366986
22.00000000000004 369.5413510366986
22.10000000000004 369.5413510366986
22.20000000000005 369.5413510366986
22.30000000000005 369.5413510366986
22.40000000000005 369.5413510366986
22.50000000000005 369.5413510366986
22.60000000000005 369.5413510366986
22.70000000000005 369.5413510366986
22.80000000000005 369.5413510366986
22.90000000000006 369.5413510366986
23.00000000000006 369.5413510366986
23.10000000000006 369.5413510366986
23.20000000000006 369.5413510366986
23.30000000000006 369.5413510366986
23.40000000000006 369.5413510366986
23.50000000000006 369.5413510366986
23.60000000000007 369.5413510366986
23.70000000000007 369.5413510366986
23.80000000000007 369.5413510366986
23.90000000000007 369.5413510366986
24.00000000000007 369.5413510366986
24.10000000000007 369.5413510366986
24.20000000000007 369.5413510366986
24.30000000000008 369.5413510366986
24.40000000000008 369.5413510366986
24.50000000000008 369.5413510366986
24.60000000000008 369.5413510366986
24.70000000000008 369.5413510366986
24.80000000000008 369.5413510366986
24.90000000000008 369.5413510366986
25.00000000000009 369.5413510366986
25.10000000000009 369.5413510366986
25.20000000000009 369.5413510366986
25.30000000000009 369.5413510366986
25.40000000000009 369.5413510366986
25.50000000000009 369.5413510366986
25.60000000000009 369.5413510366986
25.7000000000001 369.5413510366986
25.8000000000001 369.5413510366986
25.9000000000001 369.5413510366986
26.0000000000001 369.5413510366986
26.1000000000001 369.5413510366986
26.2000000000001 369.5413510366986
26.3000000000001 369.5413510366986
26.40000000000011 369.5413510366986
26.50000000000011 369.5413510366986
26.60000000000011 369.5413510366986
26.70000000000011 369.5413510366986
26.80000000000011 369.5413510366986
26.90000000000011 369.5413510366986
27.00000000000011 369.5413510366986
27.10000000000012 369.5413510366986
27.20000000000012 369.5413510366986
27.30000000000012 369.5413510366986
27.40000000000012 369.5413510366986
27.50000000000012 369.5413510366986
27.60000000000012 369.5413510366986
27.70000000000012 369.5413510366986
27.80000000000013 369.5413510366986
27.90000000000013 369.5413510366986
28.00000000000013 369.5413510366986
28.10000000000013 369.5413510366986
28.20000000000013 369.5413510366986
28.30000000000013 369.5413510366986
28.40000000000013 369.5413510366986
28.50000000000014 369.5413510366986
28.60000000000014 369.5413510366986
28.70000000000014 369.5413510366986
28.80000000000014 369.5413510366986
28.90000000000014 369.5413510366986
29.00000000000014 369.5413510366986
29.10000000000014 369.5413510366986
29.20000000000014 369.5413510366986
29.30000000000015 369.5413510366986
29.40000000000015 369.5413510366986
29.50000000000015 369.5413510366986
29.60000000000015 369.5413510366986
29.70000000000015 369.5413510366986
29.80000000000015 369.5413510366986
29.90000000000015 369.5413510366986
30.00000000000016 369.5413510366986
30.10000000000016 369.5413510366986
30.20000000000016 369.5413510366986
30.30000000000016 369.5413510366986
30.40000000000016 369.5413510366986
30.50000000000016 369.5413510366986
30.60000000000016 369.5413510366986
30.70000000000017 369.5413510366986
30.80000000000017 369.5413510366986
30.90000000000017 369.5413510366986
31.00000000000017 369.5413510366986
31.10000000000017 369.5413510366986
31.20000000000017 369.5413510366986
31.30000000000017 369.5413510366986
31.40000000000018 369.5413510366986
31.50000000000018 369.5413510366986
31.60000000000018 369.5413510366986
31.70000000000018 369.5413510366986
31.80000000000018 369.5413510366986
31.90000000000018 369.5413510366986
32.00000000000018 369.5413510366986
32.10000000000019 369.5413510366986
32.20000000000019 369.5413510366986
32.30000000000019 369.5413510366986
32.40000000000019 369.5413510366986
32.50000000000019 369.5413510366986
32.60000000000019 369.5413510366986
32.70000000000019 369.5413510366986
32.8000000000002 369.5413510366986
32.9000000000002 369.5413510366986
33.0000000000002 369.5413510366986
33.1000000000002 369.5413510366986
33.2000000000002 369.5413510366986
33.3000000000002 369.5413510366986
33.4000000000002 369.5413510366986
33.50000000000021 369.5413510366986
33.60000000000021 369.5413510366986
33.70000000000021 369.5413510366986
33.80000000000021 369.5413510366986
33.90000000000021 369.5413510366986
34.00000000000021 369.5413510366986
34.10000000000021 369.5413510366986
34.20000000000022 369.5413510366986
34.30000000000022 369.5413510366986
34.40000000000022 369.5413510366986
34.50000000000022 369.5413510366986
34.60000000000022 369.5413510366986
34.70000000000022 369.5413510366986
34.80000000000022 369.5413510366986
34.90000000000023 369.5413510366986
35.00000000000023 369.5413510366986
35.10000000000023 369.5413510366986
35.20000000000023 369.5413510366986
35.30000000000023 369.5413510366986
35.40000000000023 369.5413510366986
35.50000000000023 369.5413510366986
35.60000000000024 369.5413510366986
35.70000000000024 369.5413510366986
35.80000000000024 369.5413510366986
35.90000000000024 369.5413510366986
36.00000000000024 369.5413510366986
36.10000000000024 369.5413510366986
36.20000000000024 369.5413510366986
36.30000000000025 369.5413510366986
36.40000000000025 369.5413510366986
36.50000000000025 369.5413510366986
36.60000000000025 369.5413510366986
36.70000000000025 369.5413510366986
36.80000000000025 369.5413510366986
36.90000000000025 369.5413510366986
37.00000000000026 369.5413510366986
37.10000000000026 369.5413510366986
37.20000000000026 369.5413510366986
37.30000000000026 369.5413510366986
37.40000000000026 369.5413510366986
37.50000000000026 369.5413510366986
37.60000000000026 369.5413510366986
37.70000000000027 369.5413510366986
37.80000000000027 369.5413510366986
37.90000000000027 369.5413510366986
38.00000000000027 369.5413510366986
38.10000000000027 369.5413510366986
38.20000000000027 369.5413510366986
38.30000000000027 369.5413510366986
38.40000000000028 369.5413510366986
38.50000000000028 369.5413510366986
38.60000000000028 369.5413510366986
38.70000000000028 369.5413510366986
38.80000000000028 369.5413510366986
38.90000000000028 369.5413510366986
39.00000000000028 369.5413510366986
39.10000000000029 369.5413510366986
39.20000000000029 369.5413510366986
39.30000000000029 369.5413510366986
39.40000000000029 369.5413510366986
39.50000000000029 369.5413510366986
39.60000000000029 369.5413510366986
39.70000000000029 369.5413510366986
39.8000000000003 369.5413510366986
39.9000000000003 369.5413510366986
40.0000000000003 369.5413510366986
40.1000000000003 369.5413510366986
40.2000000000003 369.5413510366986
40.3000000000003 369.5413510366986
40.4000000000003 369.5413510366986
40.50000000000031 369.5413510366986
40.60000000000031 369.5413510366986
40.70000000000031 369.5413510366986
40.80000000000031 369.5413510366986
40.90000000000031 369.5413510366986
41.00000000000031 369.5413510366986
41.10000000000031 369.5413510366986
41.20000000000032 369.5413510366986
41.30000000000032 369.5413510366986
41.40000000000032 369.5413510366986
41.50000000000032 369.5413510366986
41.60000000000032 369.5413510366986
41.70000000000032 369.5413510366986
41.80000000000032 369.5413510366986
41.90000000000033 369.5413510366986
42.00000000000033 369.5413510366986
42.10000000000033 369.5413510366986
42.20000000000033 369.5413510366986
42.30000000000033 369.5413510366986
42.40000000000033 369.5413510366986
42.50000000000033 369.5413510366986
42.60000000000034 369.5413510366986
42.70000000000034 369.5413510366986
42.80000000000034 369.5413510366986
42.90000000000034 369.5413510366986
43.00000000000034 369.5413510366986
43.10000000000034 369.5413510366986
43.20000000000034 369.5413510366986
43.30000000000035 369.5413510366986
43.40000000000035 369.5413510366986
43.50000000000035 369.5413510366986
43.60000000000035 369.5413510366986
43.70000000000035 369.5413510366986
43.80000000000035 369.5413510366986
43.90000000000035 369.5413510366986
44.00000000000036 369.5413510366986
44.10000000000036 369.5413510366986
44.20000000000036 369.5413510366986
44.30000000000036 369.5413510366986
44.40000000000036 369.5413510366986
44.50000000000036 369.5413510366986
44.60000000000036 369.5413510366986
44.70000000000037 369.5413510366986
44.80000000000037 369.5413510366986
44.90000000000037 369.5413510366986
45.00000000000037 369.5413510366986
45.10000000000037 369.5413510366986
45.20000000000037 369.5413510366986
45.30000000000037 369.5413510366986
45.40000000000038 369.5413510366986
45.50000000000038 369.5413510366986
45.60000000000038 369.5413510366986
45.70000000000038 369.5413510366986
45.80000000000038 369.5413510366986
45.90000000000038 369.5413510366986
46.00000000000038 369.5413510366986
46.10000000000039 369.5413510366986
46.20000000000039 369.5413510366986
46.30000000000039 369.5413510366986
46.40000000000039 369.5413510366986
46.50000000000039 369.5413510366986
46.60000000000039 369.5413510366986
46.70000000000039 369.5413510366986
46.8000000000004 369.5413510366986
46.9000000000004 369.5413510366986
47.0000000000004 369.5413510366986
47.1000000000004 369.5413510366986
47.2000000000004 369.5413510366986
47.3000000000004 369.5413510366986
47.4000000000004 369.5413510366986
47.50000000000041 369.5413510366986
47.60000000000041 369.5413510366986
47.70000000000041 369.5413510366986
47.80000000000041 369.5413510366986
47.90000000000041 369.5413510366986
48.00000000000041 369.5413510366986
48.10000000000041 369.5413510366986
48.20000000000041 369.5413510366986
48.30000000000042 369.5413510366986
48.40000000000042 369.5413510366986
48.50000000000042 369.5413510366986
48.60000000000042 369.5413510366986
48.70000000000042 369.5413510366986
48.80000000000042 369.5413510366986
48.90000000000042 369.5413510366986
49.00000000000043 369.5413510366986
49.10000000000043 369.5413510366986
49.20000000000043 369.5413510366986
49.30000000000043 369.5413510366986
49.40000000000043 369.5413510366986
49.50000000000043 369.5413510366986
49.60000000000043 369.5413510366986
49.70000000000044 369.5413510366986
49.80000000000044 369.5413510366986
49.90000000000044 369.5413510366986