Time X1
0 250
0.1 250.2178280722789
0.2 250.4555380482958
0.3 250.7151682129935
0.4 250.9983643801976
0.5 251.3077199034351
0.6 251.6456480939825
0.7 252.0147623232604
0.7999999999999999 252.4181255697161
0.8999999999999999 252.8587338640736
0.9999999999999999 253.3403536206437
1.1 253.8668143347069
1.2 254.4424783745326
1.3 255.0721301771624
1.4 255.7610308018094
1.5 256.5149996860567
1.6 257.3404571668708
1.7 258.2444331486424
1.8 259.2348620272839
1.900000000000001 260.3203485416965
2 261.5106747914191
2.100000000000001 262.8164338644622
2.200000000000001 264.2495696065777
2.300000000000001 265.8233482634742
2.400000000000001 267.5524816428138
2.500000000000001 269.453442442934
2.600000000000001 271.5445880495203
2.700000000000001 273.8463817530173
2.800000000000001 276.3815917520865
2.900000000000001 279.1756145153977
3.000000000000001 282.2568304681691
3.100000000000001 285.6567062082307
3.200000000000002 289.4102520865812
3.300000000000002 293.5562092580442
3.400000000000002 298.1371301960585
3.500000000000002 303.1995317651113
3.600000000000002 308.7940786781388
3.700000000000002 314.9743151937787
3.800000000000002 321.7965339328853
3.900000000000002 329.3175701686285
4.000000000000002 337.5936187888878
4.100000000000001 346.6745852137773
4.200000000000001 356.6002978394126
4.300000000000001 367.393794409638
4.4 379.0523344391051
4.5 391.5377725395497
4.6 404.7670535801334
4.699999999999999 418.6035287823864
4.799999999999999 432.8530976982975
4.899999999999999 447.2678594038243
4.999999999999998 461.5596151649638
5.099999999999998 475.4211399895756
5.199999999999998 488.5564574710448
5.299999999999997 500.7109499262071
5.399999999999997 511.6960956951907
5.499999999999996 521.4029130576866
5.599999999999996 529.8022776997864
5.699999999999996 536.9340731586077
5.799999999999995 542.8896045796952
5.899999999999995 547.7921547319836
5.999999999999995 551.7794507285719
6.099999999999994 554.9901381708598
6.199999999999994 557.554273861255
6.299999999999994 559.5885558952752
6.399999999999993 561.1939850275621
6.499999999999993 562.4556473872892
6.599999999999993 563.4438228257442
6.699999999999992 564.2157913999831
6.799999999999992 564.8176279838806
6.899999999999991 565.2860661175265
6.999999999999991 565.6502005917242
7.099999999999991 565.933011790686
7.19999999999999 566.1524874043271
7.29999999999999 566.3227011179252
7.39999999999999 566.454654021133
7.499999999999989 566.5569152784993
7.599999999999989 566.6361339167804
7.699999999999989 566.6974874715294
7.799999999999988 566.7450299062874
7.899999999999988 566.7818593222764
7.999999999999988 566.8103456702474
8.099999999999987 566.832373623261
8.199999999999987 566.8494285132018
8.299999999999986 566.8626372567431
8.399999999999986 566.8728607249539
8.499999999999986 566.880753852782
8.599999999999985 566.8868637866489
8.699999999999985 566.8915819989555
8.799999999999985 566.8952772821718
8.899999999999984 566.8981473963369
8.999999999999984 566.900465388492
9.099999999999984 566.9021025313655
9.199999999999983 566.9034317335302
9.299999999999983 566.9044839710489
9.399999999999983 566.9052681252022
9.499999999999982 566.905866284178
9.599999999999982 566.9063173183747
9.699999999999982 566.9066570250399
9.799999999999981 566.9069268382254
9.899999999999981 566.9071348477951
9.99999999999998 566.907302951685
10.09999999999998 566.9074340275284
10.19999999999998 566.9075390191608
10.29999999999998 566.9076202046173
10.39999999999998 566.9076841447896
10.49999999999998 566.907733719293
10.59999999999998 566.9077719745143
10.69999999999998 566.907802144357
10.79999999999998 566.9078252027285
10.89999999999998 566.9078436060965
10.99999999999998 566.9078577109806
11.09999999999998 566.9078689616334
11.19999999999998 566.9078776371442
11.29999999999998 566.9078844907872
11.39999999999998 566.9078898569862
11.49999999999998 566.9078977388489
11.59999999999997 566.9079046994045
11.69999999999997 566.9079107386534
11.79999999999997 566.9079158565953
11.89999999999997 566.9079200532304
11.99999999999997 566.9079233285587
12.09999999999997 566.90792568258
12.19999999999997 566.9079271152945
12.29999999999997 566.9079276267021
12.39999999999997 566.9079272168028
12.49999999999997 566.9079258855967
12.59999999999997 566.9079236330837
12.69999999999997 566.9079220770553
12.79999999999997 566.9079229226808
12.89999999999997 566.9079235346852
12.99999999999997 566.9079239130684
13.09999999999997 566.9079240578307
13.19999999999997 566.9079239689717
13.29999999999997 566.9079236464917
13.39999999999997 566.9079230903907
13.49999999999997 566.9079223006685
13.59999999999997 566.9079212773253
13.69999999999997 566.907920020361
13.79999999999997 566.9079185297755
13.89999999999997 566.907916805569
13.99999999999997 566.9079160574385
14.09999999999997 566.9079156008504
14.19999999999997 566.9079151442623
14.29999999999997 566.9079146876743
14.39999999999996 566.9079142310861
14.49999999999996 566.9079137744981
14.59999999999996 566.90791331791
14.69999999999996 566.907912861322
14.79999999999996 566.9079124047338
14.89999999999996 566.9079119481457
14.99999999999996 566.9079114915577
15.09999999999996 566.9079110349696
15.19999999999996 566.9079106094547
15.29999999999996 566.9079105957836
15.39999999999996 566.9079105821127
15.49999999999996 566.9079105684416
15.59999999999996 566.9079105547705
15.69999999999996 566.9079105410996
15.79999999999996 566.9079105274285
15.89999999999996 566.9079105137574
15.99999999999996 566.9079105000864
16.09999999999996 566.9079104864154
16.19999999999996 566.9079104727443
16.29999999999996 566.9079104590733
16.39999999999996 566.9079104454023
16.49999999999996 566.9079104317312
16.59999999999997 566.9079104180602
16.69999999999997 566.9079104043891
16.79999999999997 566.9079103907181
16.89999999999997 566.9079103770471
16.99999999999997 566.907910363376
17.09999999999997 566.907910349705
17.19999999999997 566.907910336034
17.29999999999998 566.9079103223629
17.39999999999998 566.907910308692
17.49999999999998 566.9079102950209
17.59999999999998 566.9079102813498
17.69999999999998 566.9079102676787
17.79999999999998 566.9079102540078
17.89999999999998 566.9079102403367
17.99999999999999 566.9079102266656
18.09999999999999 566.9079102129947
18.19999999999999 566.9079101993236
18.29999999999999 566.9079101856526
18.39999999999999 566.9079101719816
18.49999999999999 566.9079101583105
18.59999999999999 566.9079101446395
18.7 566.9079101309684
18.8 566.9079101172974
18.9 566.9079101036264
19 566.9079100899553
19.1 566.9079100762843
19.2 566.9079100626133
19.3 566.9079100489422
19.40000000000001 566.9079100352712
19.50000000000001 566.9079100216002
19.60000000000001 566.9079100079291
19.70000000000001 566.907909994258
19.80000000000001 566.9079099805871
19.90000000000001 566.907909966916
20.00000000000001 566.9079099532449
20.10000000000002 566.907909939574
20.20000000000002 566.9079099259029
20.30000000000002 566.9079099122318
20.40000000000002 566.9079098985608
20.50000000000002 566.9079098848898
20.60000000000002 566.9079098712187
20.70000000000002 566.9079098575477
20.80000000000003 566.9079098438767
20.90000000000003 566.9079098302057
21.00000000000003 566.9079098165346
21.10000000000003 566.9079098028636
21.20000000000003 566.9079097891926
21.30000000000003 566.9079097755215
21.40000000000003 566.9079097618504
21.50000000000004 566.9079097481795
21.60000000000004 566.9079097345084
21.70000000000004 566.9079097208373
21.80000000000004 566.9079097071664
21.90000000000004 566.9079096934953
22.00000000000004 566.9079096798242
22.10000000000004 566.9079096661533
22.20000000000005 566.9079096524822
22.30000000000005 566.9079096388111
22.40000000000005 566.9079096251401
22.50000000000005 566.9079096114691
22.60000000000005 566.907909597798
22.70000000000005 566.907909584127
22.80000000000005 566.907909570456
22.90000000000006 566.9079095567849
23.00000000000006 566.9079095431139
23.10000000000006 566.9079095294428
23.20000000000006 566.9079095157718
23.30000000000006 566.9079095021008
23.40000000000006 566.9079094884297
23.50000000000006 566.9079094747588
23.60000000000007 566.9079094610877
23.70000000000007 566.9079094474166
23.80000000000007 566.9079094337457
23.90000000000007 566.9079094200746
24.00000000000007 566.9079094064035
24.10000000000007 566.9079093927324
24.20000000000007 566.9079093790615
24.30000000000008 566.9079093653904
24.40000000000008 566.9079093517194
24.50000000000008 566.9079093380484
24.60000000000008 566.9079093243773
24.70000000000008 566.9079093107063
24.80000000000008 566.9079092970353
24.90000000000008 566.9079092833642
25.00000000000009 566.9079092696932
25.10000000000009 566.9079092560221
25.20000000000009 566.9079092423511
25.30000000000009 566.9079092286801
25.40000000000009 566.907909215009
25.50000000000009 566.907909201338
25.60000000000009 566.907909187667
25.7000000000001 566.9079091739959
25.8000000000001 566.9079091603248
25.9000000000001 566.9079091466539
26.0000000000001 566.9079091329828
26.1000000000001 566.9079091193117
26.2000000000001 566.9079091056408
26.3000000000001 566.9079090919697
26.40000000000011 566.9079090782986
26.50000000000011 566.9079090646277
26.60000000000011 566.9079090509566
26.70000000000011 566.9079090372855
26.80000000000011 566.9079090236145
26.90000000000011 566.9079090099435
27.00000000000011 566.9079089962725
27.10000000000012 566.9079089826014
27.20000000000012 566.9079089689304
27.30000000000012 566.9079089552594
27.40000000000012 566.9079089415883
27.50000000000012 566.9079089279173
27.60000000000012 566.9079089142463
27.70000000000012 566.9079089005752
27.80000000000013 566.9079088869041
27.90000000000013 566.9079088813539
28.00000000000013 566.9079088809445
28.10000000000013 566.907908880535
28.20000000000013 566.9079088801257
28.30000000000013 566.9079088797162
28.40000000000013 566.9079088793068
28.50000000000014 566.9079088788973
28.60000000000014 566.9079088784879
28.70000000000014 566.9079088780784
28.80000000000014 566.907908877669
28.90000000000014 566.9079088772595
29.00000000000014 566.9079088768501
29.10000000000014 566.9079088764407
29.20000000000014 566.9079088760312
29.30000000000015 566.9079088756218
29.40000000000015 566.9079088752123
29.50000000000015 566.907908874803
29.60000000000015 566.9079088743935
29.70000000000015 566.9079088739841
29.80000000000015 566.9079088735746
29.90000000000015 566.9079088731652
30.00000000000016 566.9079088727557
30.10000000000016 566.9079088723463
30.20000000000016 566.9079088719369
30.30000000000016 566.9079088715274
30.40000000000016 566.907908871118
30.50000000000016 566.9079088707085
30.60000000000016 566.9079088702991
30.70000000000017 566.9079088698896
30.80000000000017 566.9079088694803
30.90000000000017 566.9079088690708
31.00000000000017 566.9079088686614
31.10000000000017 566.9079088682519
31.20000000000017 566.9079088678425
31.30000000000017 566.907908867433
31.40000000000018 566.9079088670236
31.50000000000018 566.9079088666142
31.60000000000018 566.9079088662047
31.70000000000018 566.9079088657953
31.80000000000018 566.9079088653858
31.90000000000018 566.9079088649764
32.00000000000018 566.9079088645669
32.10000000000019 566.9079088641575
32.20000000000019 566.907908863748
32.30000000000019 566.9079088633387
32.40000000000019 566.9079088629292
32.50000000000019 566.9079088625198
32.60000000000019 566.9079088621104
32.70000000000019 566.9079088617009
32.8000000000002 566.9079088612915
32.9000000000002 566.907908860882
33.0000000000002 566.9079088604726
33.1000000000002 566.9079088600631
33.2000000000002 566.9079088596537
33.3000000000002 566.9079088592442
33.4000000000002 566.9079088588348
33.50000000000021 566.9079088584253
33.60000000000021 566.907908858016
33.70000000000021 566.9079088576066
33.80000000000021 566.9079088571971
33.90000000000021 566.9079088567877
34.00000000000021 566.9079088563782
34.10000000000021 566.9079088559688
34.20000000000022 566.9079088555593
34.30000000000022 566.9079088551499
34.40000000000022 566.9079088547404
34.50000000000022 566.907908854331
34.60000000000022 566.9079088539215
34.70000000000022 566.9079088535121
34.80000000000022 566.9079088531026
34.90000000000023 566.9079088526933
35.00000000000023 566.9079088522839
35.10000000000023 566.9079088518744
35.20000000000023 566.907908851465
35.30000000000023 566.9079088510555
35.40000000000023 566.9079088506461
35.50000000000023 566.9079088502366
35.60000000000024 566.9079088498272
35.70000000000024 566.9079088494177
35.80000000000024 566.9079088490083
35.90000000000024 566.9079088485988
36.00000000000024 566.9079088481894
36.10000000000024 566.90790884778
36.20000000000024 566.9079088473705
36.30000000000025 566.9079088469612
36.40000000000025 566.9079088465517
36.50000000000025 566.9079088461423
36.60000000000025 566.9079088457328
36.70000000000025 566.9079088453234
36.80000000000025 566.9079088449139
36.90000000000025 566.9079088445045
37.00000000000026 566.907908844095
37.10000000000026 566.9079088436856
37.20000000000026 566.9079088432761
37.30000000000026 566.9079088428667
37.40000000000026 566.9079088424573
37.50000000000026 566.9079088420478
37.60000000000026 566.9079088416385
37.70000000000027 566.907908841229
37.80000000000027 566.9079088408196
37.90000000000027 566.9079088404101
38.00000000000027 566.9079088400007
38.10000000000027 566.9079088395912
38.20000000000027 566.9079088391818
38.30000000000027 566.9079088387723
38.40000000000028 566.9079088383629
38.50000000000028 566.9079088379535
38.60000000000028 566.907908837544
38.70000000000028 566.9079088371346
38.80000000000028 566.9079088367251
38.90000000000028 566.9079088363158
39.00000000000028 566.9079088359063
39.10000000000029 566.9079088354969
39.20000000000029 566.9079088350874
39.30000000000029 566.907908834678
39.40000000000029 566.9079088342685
39.50000000000029 566.9079088338591
39.60000000000029 566.9079088334497
39.70000000000029 566.9079088330402
39.8000000000003 566.9079088326308
39.9000000000003 566.9079088322213
40.0000000000003 566.9079088318119
40.1000000000003 566.9079088314024
40.2000000000003 566.9079088309931
40.3000000000003 566.9079088305836
40.4000000000003 566.9079088301742
40.50000000000031 566.9079088298279
40.60000000000031 566.9079088298266
40.70000000000031 566.9079088298253
40.80000000000031 566.907908829824
40.90000000000031 566.9079088298228
41.00000000000031 566.9079088298215
41.10000000000031 566.9079088298203
41.20000000000032 566.907908829819
41.30000000000032 566.9079088298178
41.40000000000032 566.9079088298165
41.50000000000032 566.9079088298153
41.60000000000032 566.907908829814
41.70000000000032 566.9079088298128
41.80000000000032 566.9079088298114
41.90000000000033 566.9079088298101
42.00000000000033 566.9079088298089
42.10000000000033 566.9079088298076
42.20000000000033 566.9079088298064
42.30000000000033 566.9079088298051
42.40000000000033 566.9079088298039
42.50000000000033 566.9079088298026
42.60000000000034 566.9079088298014
42.70000000000034 566.9079088298001
42.80000000000034 566.9079088297989
42.90000000000034 566.9079088297975
43.00000000000034 566.9079088297963
43.10000000000034 566.907908829795
43.20000000000034 566.9079088297938
43.30000000000035 566.9079088297925
43.40000000000035 566.9079088297913
43.50000000000035 566.90790882979
43.60000000000035 566.9079088297888
43.70000000000035 566.9079088297875
43.80000000000035 566.9079088297863
43.90000000000035 566.907908829785
44.00000000000036 566.9079088297837
44.10000000000036 566.9079088297824
44.20000000000036 566.9079088297811
44.30000000000036 566.9079088297799
44.40000000000036 566.9079088297786
44.50000000000036 566.9079088297774
44.60000000000036 566.9079088297761
44.70000000000037 566.9079088297749
44.80000000000037 566.9079088297736
44.90000000000037 566.9079088297724
45.00000000000037 566.9079088297711
45.10000000000037 566.9079088297698
45.20000000000037 566.9079088297685
45.30000000000037 566.9079088297673
45.40000000000038 566.907908829766
45.50000000000038 566.9079088297648
45.60000000000038 566.9079088297635
45.70000000000038 566.9079088297623
45.80000000000038 566.907908829761
45.90000000000038 566.9079088297598
46.00000000000038 566.9079088297585
46.10000000000039 566.9079088297573
46.20000000000039 566.9079088297559
46.30000000000039 566.9079088297547
46.40000000000039 566.9079088297534
46.50000000000039 566.9079088297522
46.60000000000039 566.9079088297509
46.70000000000039 566.9079088297497
46.8000000000004 566.9079088297484
46.9000000000004 566.9079088297472
47.0000000000004 566.9079088297459
47.1000000000004 566.9079088297447
47.2000000000004 566.9079088297434
47.3000000000004 566.907908829742
47.4000000000004 566.9079088297408
47.50000000000041 566.9079088297395
47.60000000000041 566.9079088297383
47.70000000000041 566.907908829737
47.80000000000041 566.9079088297358
47.90000000000041 566.9079088297345
48.00000000000041 566.9079088297333
48.10000000000041 566.907908829732
48.20000000000041 566.9079088297308
48.30000000000042 566.9079088297295
48.40000000000042 566.9079088297282
48.50000000000042 566.9079088297269
48.60000000000042 566.9079088297257
48.70000000000042 566.9079088297244
48.80000000000042 566.9079088297232
48.90000000000042 566.9079088297219
49.00000000000043 566.9079088297207
49.10000000000043 566.9079088297194
49.20000000000043 566.9079088297182
49.30000000000043 566.9079088297169
49.40000000000043 566.9079088297157
49.50000000000043 566.9079088297143
49.60000000000043 566.9079088297131
49.70000000000044 566.9079088297118
49.80000000000044 566.9079088297105
49.90000000000044 566.9079088297093