Time X1
0 250
0.1 13.88830428230975
0.2 13.88830428232363
0.3 13.88830428232368
0.4 13.88830428232368
0.5 13.88830428232368
0.6 13.88830428232368
0.7 13.88830428232368
0.7999999999999999 13.88830428232369
0.8999999999999999 13.88830428232369
0.9999999999999999 13.88830428232369
1.1 13.88830428232369
1.2 13.88830428232369
1.3 13.88830428232369
1.4 13.88830428232369
1.5 13.88830428232369
1.6 13.88830428232369
1.7 13.88830428232369
1.8 13.88830428232369
1.900000000000001 13.88830428232369
2 13.88830428232369
2.100000000000001 13.88830428232369
2.200000000000001 13.88830428232369
2.300000000000001 13.88830428232369
2.400000000000001 13.88830428232369
2.500000000000001 13.88830428232369
2.600000000000001 13.88830428232369
2.700000000000001 13.88830428232369
2.800000000000001 13.88830428232369
2.900000000000001 13.88830428232369
3.000000000000001 13.88830428232369
3.100000000000001 13.88830428232369
3.200000000000002 13.88830428232369
3.300000000000002 13.88830428232369
3.400000000000002 13.88830428232369
3.500000000000002 13.88830428232369
3.600000000000002 13.88830428232369
3.700000000000002 13.88830428232369
3.800000000000002 13.88830428232369
3.900000000000002 13.88830428232369
4.000000000000002 13.88830428232369
4.100000000000001 13.88830428232369
4.200000000000001 13.88830428232369
4.300000000000001 13.88830428232369
4.4 13.88830428232369
4.5 13.88830428232369
4.6 13.88830428232369
4.699999999999999 13.88830428232369
4.799999999999999 13.88830428232369
4.899999999999999 13.88830428232369
4.999999999999998 13.88830428232369
5.099999999999998 13.88830428232369
5.199999999999998 13.88830428232369
5.299999999999997 13.88830428232369
5.399999999999997 13.88830428232369
5.499999999999996 13.88830428232369
5.599999999999996 13.88830428232369
5.699999999999996 13.88830428232369
5.799999999999995 13.88830428232369
5.899999999999995 13.88830428232369
5.999999999999995 13.88830428232369
6.099999999999994 13.88830428232369
6.199999999999994 13.88830428232369
6.299999999999994 13.88830428232369
6.399999999999993 13.88830428232369
6.499999999999993 13.88830428232369
6.599999999999993 13.88830428232369
6.699999999999992 13.88830428232369
6.799999999999992 13.88830428232369
6.899999999999991 13.88830428232369
6.999999999999991 13.88830428232369
7.099999999999991 13.88830428232369
7.19999999999999 13.88830428232369
7.29999999999999 13.88830428232369
7.39999999999999 13.88830428232369
7.499999999999989 13.88830428232369
7.599999999999989 13.88830428232369
7.699999999999989 13.88830428232369
7.799999999999988 13.88830428232369
7.899999999999988 13.88830428232369
7.999999999999988 13.88830428232369
8.099999999999987 13.88830428232369
8.199999999999987 13.88830428232369
8.299999999999986 13.88830428232369
8.399999999999986 13.88830428232369
8.499999999999986 13.88830428232369
8.599999999999985 13.88830428232369
8.699999999999985 13.88830428232369
8.799999999999985 13.88830428232369
8.899999999999984 13.88830428232369
8.999999999999984 13.88830428232369
9.099999999999984 13.88830428232369
9.199999999999983 13.88830428232369
9.299999999999983 13.88830428232369
9.399999999999983 13.88830428232369
9.499999999999982 13.88830428232369
9.599999999999982 13.88830428232369
9.699999999999982 13.88830428232369
9.799999999999981 13.88830428232369
9.899999999999981 13.88830428232369
9.99999999999998 13.88830428232369
10.09999999999998 13.88830428232369
10.19999999999998 13.88830428232369
10.29999999999998 13.88830428232369
10.39999999999998 13.88830428232369
10.49999999999998 13.88830428232369
10.59999999999998 13.88830428232369
10.69999999999998 13.88830428232369
10.79999999999998 13.88830428232369
10.89999999999998 13.88830428232369
10.99999999999998 13.88830428232369
11.09999999999998 13.88830428232369
11.19999999999998 13.88830428232369
11.29999999999998 13.88830428232369
11.39999999999998 13.88830428232369
11.49999999999998 13.88830428232369
11.59999999999997 13.88830428232369
11.69999999999997 13.88830428232369
11.79999999999997 13.88830428232369
11.89999999999997 13.88830428232369
11.99999999999997 13.88830428232369
12.09999999999997 13.88830428232369
12.19999999999997 13.88830428232369
12.29999999999997 13.88830428232369
12.39999999999997 13.88830428232369
12.49999999999997 13.88830428232369
12.59999999999997 13.88830428232369
12.69999999999997 13.88830428232369
12.79999999999997 13.88830428232369
12.89999999999997 13.88830428232369
12.99999999999997 13.88830428232369
13.09999999999997 13.88830428232369
13.19999999999997 13.88830428232369
13.29999999999997 13.88830428232369
13.39999999999997 13.88830428232369
13.49999999999997 13.88830428232369
13.59999999999997 13.88830428232369
13.69999999999997 13.88830428232369
13.79999999999997 13.88830428232369
13.89999999999997 13.88830428232369
13.99999999999997 13.88830428232369
14.09999999999997 13.88830428232369
14.19999999999997 13.88830428232369
14.29999999999997 13.88830428232369
14.39999999999996 13.88830428232369
14.49999999999996 13.88830428232368
14.59999999999996 13.88830428232368
14.69999999999996 13.88830428232368
14.79999999999996 13.88830428232368
14.89999999999996 13.88830428232368
14.99999999999996 13.88830428232368
15.09999999999996 13.88830428232368
15.19999999999996 13.88830428232368
15.29999999999996 13.88830428232368
15.39999999999996 13.88830428232368
15.49999999999996 13.88830428232368
15.59999999999996 13.88830428232368
15.69999999999996 13.88830428232368
15.79999999999996 13.88830428232368
15.89999999999996 13.88830428232368
15.99999999999996 13.88830428232368
16.09999999999996 13.88830428232368
16.19999999999996 13.88830428232368
16.29999999999996 13.88830428232368
16.39999999999996 13.88830428232368
16.49999999999996 13.88830428232368
16.59999999999997 13.88830428232368
16.69999999999997 13.88830428232368
16.79999999999997 13.88830428232368
16.89999999999997 13.88830428232368
16.99999999999997 13.88830428232368
17.09999999999997 13.88830428232368
17.19999999999997 13.88830428232368
17.29999999999998 13.88830428232368
17.39999999999998 13.88830428232368
17.49999999999998 13.88830428232368
17.59999999999998 13.88830428232368
17.69999999999998 13.88830428232368
17.79999999999998 13.88830428232368
17.89999999999998 13.88830428232368
17.99999999999999 13.88830428232368
18.09999999999999 13.88830428232368
18.19999999999999 13.88830428232368
18.29999999999999 13.88830428232368
18.39999999999999 13.88830428232368
18.49999999999999 13.88830428232368
18.59999999999999 13.88830428232368
18.7 13.88830428232368
18.8 13.88830428232368
18.9 13.88830428232368
19 13.88830428232368
19.1 13.88830428232368
19.2 13.88830428232368
19.3 13.88830428232368
19.40000000000001 13.88830428232368
19.50000000000001 13.88830428232368
19.60000000000001 13.88830428232369
19.70000000000001 13.88830428232369
19.80000000000001 13.88830428232369
19.90000000000001 13.88830428232369
20.00000000000001 13.88830428232369
20.10000000000002 13.88830428232369
20.20000000000002 13.88830428232369
20.30000000000002 13.88830428232369
20.40000000000002 13.88830428232369
20.50000000000002 13.88830428232369
20.60000000000002 13.88830428232369
20.70000000000002 13.88830428232369
20.80000000000003 13.88830428232369
20.90000000000003 13.88830428232369
21.00000000000003 13.88830428232369
21.10000000000003 13.88830428232369
21.20000000000003 13.88830428232369
21.30000000000003 13.88830428232369
21.40000000000003 13.88830428232369
21.50000000000004 13.88830428232369
21.60000000000004 13.88830428232369
21.70000000000004 13.88830428232369
21.80000000000004 13.88830428232369
21.90000000000004 13.88830428232369
22.00000000000004 13.88830428232369
22.10000000000004 13.88830428232369
22.20000000000005 13.88830428232369
22.30000000000005 13.88830428232369
22.40000000000005 13.88830428232369
22.50000000000005 13.88830428232369
22.60000000000005 13.88830428232369
22.70000000000005 13.88830428232369
22.80000000000005 13.88830428232369
22.90000000000006 13.88830428232369
23.00000000000006 13.88830428232369
23.10000000000006 13.88830428232369
23.20000000000006 13.88830428232369
23.30000000000006 13.88830428232369
23.40000000000006 13.88830428232369
23.50000000000006 13.88830428232369
23.60000000000007 13.88830428232369
23.70000000000007 13.88830428232369
23.80000000000007 13.88830428232369
23.90000000000007 13.88830428232369
24.00000000000007 13.88830428232369
24.10000000000007 13.88830428232369
24.20000000000007 13.88830428232369
24.30000000000008 13.88830428232369
24.40000000000008 13.88830428232369
24.50000000000008 13.88830428232369
24.60000000000008 13.88830428232369
24.70000000000008 13.88830428232369
24.80000000000008 13.88830428232369
24.90000000000008 13.88830428232369
25.00000000000009 13.88830428232369
25.10000000000009 13.88830428232369
25.20000000000009 13.88830428232369
25.30000000000009 13.88830428232369
25.40000000000009 13.88830428232369
25.50000000000009 13.88830428232369
25.60000000000009 13.88830428232369
25.7000000000001 13.88830428232369
25.8000000000001 13.88830428232369
25.9000000000001 13.88830428232369
26.0000000000001 13.88830428232369
26.1000000000001 13.88830428232369
26.2000000000001 13.88830428232369
26.3000000000001 13.88830428232369
26.40000000000011 13.88830428232369
26.50000000000011 13.88830428232369
26.60000000000011 13.88830428232369
26.70000000000011 13.88830428232369
26.80000000000011 13.88830428232369
26.90000000000011 13.88830428232369
27.00000000000011 13.88830428232369
27.10000000000012 13.88830428232369
27.20000000000012 13.88830428232369
27.30000000000012 13.88830428232369
27.40000000000012 13.88830428232369
27.50000000000012 13.88830428232369
27.60000000000012 13.88830428232369
27.70000000000012 13.88830428232369
27.80000000000013 13.88830428232369
27.90000000000013 13.88830428232369
28.00000000000013 13.88830428232369
28.10000000000013 13.88830428232369
28.20000000000013 13.88830428232369
28.30000000000013 13.88830428232369
28.40000000000013 13.88830428232369
28.50000000000014 13.88830428232369
28.60000000000014 13.88830428232369
28.70000000000014 13.88830428232369
28.80000000000014 13.88830428232369
28.90000000000014 13.88830428232369
29.00000000000014 13.88830428232369
29.10000000000014 13.88830428232369
29.20000000000014 13.88830428232369
29.30000000000015 13.88830428232369
29.40000000000015 13.88830428232369
29.50000000000015 13.88830428232369
29.60000000000015 13.88830428232369
29.70000000000015 13.88830428232369
29.80000000000015 13.88830428232369
29.90000000000015 13.88830428232369
30.00000000000016 13.88830428232369
30.10000000000016 13.88830428232369
30.20000000000016 13.88830428232369
30.30000000000016 13.88830428232369
30.40000000000016 13.88830428232369
30.50000000000016 13.88830428232369
30.60000000000016 13.88830428232369
30.70000000000017 13.88830428232369
30.80000000000017 13.88830428232369
30.90000000000017 13.88830428232369
31.00000000000017 13.88830428232369
31.10000000000017 13.88830428232369
31.20000000000017 13.88830428232369
31.30000000000017 13.88830428232369
31.40000000000018 13.88830428232369
31.50000000000018 13.88830428232369
31.60000000000018 13.88830428232369
31.70000000000018 13.88830428232369
31.80000000000018 13.88830428232369
31.90000000000018 13.88830428232369
32.00000000000018 13.88830428232369
32.10000000000019 13.88830428232369
32.20000000000019 13.88830428232369
32.30000000000019 13.88830428232369
32.40000000000019 13.88830428232369
32.50000000000019 13.88830428232369
32.60000000000019 13.88830428232369
32.70000000000019 13.88830428232369
32.8000000000002 13.88830428232369
32.9000000000002 13.88830428232369
33.0000000000002 13.88830428232369
33.1000000000002 13.88830428232369
33.2000000000002 13.88830428232369
33.3000000000002 13.88830428232369
33.4000000000002 13.88830428232369
33.50000000000021 13.88830428232369
33.60000000000021 13.88830428232369
33.70000000000021 13.88830428232369
33.80000000000021 13.88830428232369
33.90000000000021 13.88830428232369
34.00000000000021 13.88830428232369
34.10000000000021 13.88830428232369
34.20000000000022 13.88830428232369
34.30000000000022 13.88830428232369
34.40000000000022 13.88830428232369
34.50000000000022 13.88830428232369
34.60000000000022 13.88830428232369
34.70000000000022 13.88830428232369
34.80000000000022 13.88830428232369
34.90000000000023 13.88830428232369
35.00000000000023 13.88830428232369
35.10000000000023 13.88830428232369
35.20000000000023 13.88830428232369
35.30000000000023 13.88830428232369
35.40000000000023 13.88830428232369
35.50000000000023 13.88830428232369
35.60000000000024 13.88830428232369
35.70000000000024 13.88830428232369
35.80000000000024 13.88830428232369
35.90000000000024 13.88830428232369
36.00000000000024 13.88830428232369
36.10000000000024 13.88830428232369
36.20000000000024 13.88830428232369
36.30000000000025 13.88830428232369
36.40000000000025 13.88830428232369
36.50000000000025 13.88830428232369
36.60000000000025 13.88830428232369
36.70000000000025 13.88830428232369
36.80000000000025 13.88830428232369
36.90000000000025 13.88830428232369
37.00000000000026 13.88830428232369
37.10000000000026 13.88830428232369
37.20000000000026 13.88830428232369
37.30000000000026 13.88830428232369
37.40000000000026 13.88830428232369
37.50000000000026 13.88830428232369
37.60000000000026 13.88830428232369
37.70000000000027 13.88830428232369
37.80000000000027 13.88830428232369
37.90000000000027 13.88830428232369
38.00000000000027 13.88830428232369
38.10000000000027 13.88830428232369
38.20000000000027 13.88830428232369
38.30000000000027 13.88830428232369
38.40000000000028 13.88830428232369
38.50000000000028 13.88830428232369
38.60000000000028 13.88830428232369
38.70000000000028 13.88830428232369
38.80000000000028 13.88830428232369
38.90000000000028 13.88830428232369
39.00000000000028 13.88830428232369
39.10000000000029 13.88830428232369
39.20000000000029 13.88830428232369
39.30000000000029 13.88830428232369
39.40000000000029 13.88830428232369
39.50000000000029 13.88830428232369
39.60000000000029 13.88830428232369
39.70000000000029 13.88830428232369
39.8000000000003 13.88830428232369
39.9000000000003 13.88830428232369
40.0000000000003 13.88830428232369
40.1000000000003 13.88830428232369
40.2000000000003 13.88830428232369
40.3000000000003 13.88830428232369
40.4000000000003 13.88830428232369
40.50000000000031 13.88830428232369
40.60000000000031 13.88830428232369
40.70000000000031 13.88830428232369
40.80000000000031 13.88830428232369
40.90000000000031 13.88830428232369
41.00000000000031 13.88830428232369
41.10000000000031 13.88830428232369
41.20000000000032 13.88830428232369
41.30000000000032 13.88830428232369
41.40000000000032 13.88830428232369
41.50000000000032 13.88830428232369
41.60000000000032 13.88830428232369
41.70000000000032 13.88830428232369
41.80000000000032 13.88830428232369
41.90000000000033 13.88830428232369
42.00000000000033 13.88830428232369
42.10000000000033 13.88830428232369
42.20000000000033 13.88830428232369
42.30000000000033 13.88830428232369
42.40000000000033 13.88830428232369
42.50000000000033 13.88830428232369
42.60000000000034 13.88830428232369
42.70000000000034 13.88830428232369
42.80000000000034 13.88830428232369
42.90000000000034 13.88830428232369
43.00000000000034 13.88830428232369
43.10000000000034 13.88830428232369
43.20000000000034 13.88830428232369
43.30000000000035 13.88830428232369
43.40000000000035 13.88830428232369
43.50000000000035 13.88830428232369
43.60000000000035 13.88830428232369
43.70000000000035 13.88830428232369
43.80000000000035 13.88830428232369
43.90000000000035 13.88830428232369
44.00000000000036 13.88830428232369
44.10000000000036 13.88830428232369
44.20000000000036 13.88830428232369
44.30000000000036 13.88830428232369
44.40000000000036 13.88830428232369
44.50000000000036 13.88830428232369
44.60000000000036 13.88830428232369
44.70000000000037 13.88830428232369
44.80000000000037 13.88830428232369
44.90000000000037 13.88830428232369
45.00000000000037 13.88830428232369
45.10000000000037 13.88830428232369
45.20000000000037 13.88830428232369
45.30000000000037 13.88830428232369
45.40000000000038 13.88830428232369
45.50000000000038 13.88830428232369
45.60000000000038 13.88830428232369
45.70000000000038 13.88830428232369
45.80000000000038 13.88830428232369
45.90000000000038 13.88830428232369
46.00000000000038 13.88830428232369
46.10000000000039 13.88830428232369
46.20000000000039 13.88830428232369
46.30000000000039 13.88830428232369
46.40000000000039 13.88830428232369
46.50000000000039 13.88830428232369
46.60000000000039 13.88830428232369
46.70000000000039 13.88830428232369
46.8000000000004 13.88830428232369
46.9000000000004 13.88830428232369
47.0000000000004 13.88830428232369
47.1000000000004 13.88830428232369
47.2000000000004 13.88830428232369
47.3000000000004 13.88830428232369
47.4000000000004 13.88830428232369
47.50000000000041 13.88830428232369
47.60000000000041 13.88830428232369
47.70000000000041 13.88830428232369
47.80000000000041 13.88830428232369
47.90000000000041 13.88830428232369
48.00000000000041 13.88830428232369
48.10000000000041 13.88830428232369
48.20000000000041 13.88830428232369
48.30000000000042 13.88830428232369
48.40000000000042 13.88830428232369
48.50000000000042 13.88830428232369
48.60000000000042 13.88830428232369
48.70000000000042 13.88830428232369
48.80000000000042 13.88830428232369
48.90000000000042 13.88830428232369
49.00000000000043 13.88830428232369
49.10000000000043 13.88830428232369
49.20000000000043 13.88830428232369
49.30000000000043 13.88830428232369
49.40000000000043 13.88830428232369
49.50000000000043 13.88830428232369
49.60000000000043 13.88830428232369
49.70000000000044 13.88830428232369
49.80000000000044 13.88830428232369
49.90000000000044 13.88830428232369