Time X1
0 250
0.1 10.58105591589272
0.2 10.58105591590851
0.3 10.58105591590857
0.4 10.58105591590858
0.5 10.58105591590858
0.6 10.58105591590858
0.7 10.58105591590858
0.7999999999999999 10.58105591590858
0.8999999999999999 10.58105591590858
0.9999999999999999 10.58105591590858
1.1 10.58105591590858
1.2 10.58105591590858
1.3 10.58105591590858
1.4 10.58105591590858
1.5 10.58105591590858
1.6 10.58105591590858
1.7 10.58105591590858
1.8 10.58105591590858
1.900000000000001 10.58105591590858
2 10.58105591590858
2.100000000000001 10.58105591590858
2.200000000000001 10.58105591590858
2.300000000000001 10.58105591590858
2.400000000000001 10.58105591590858
2.500000000000001 10.58105591590858
2.600000000000001 10.58105591590858
2.700000000000001 10.58105591590858
2.800000000000001 10.58105591590858
2.900000000000001 10.58105591590858
3.000000000000001 10.58105591590858
3.100000000000001 10.58105591590858
3.200000000000002 10.58105591590858
3.300000000000002 10.58105591590858
3.400000000000002 10.58105591590858
3.500000000000002 10.58105591590858
3.600000000000002 10.58105591590858
3.700000000000002 10.58105591590858
3.800000000000002 10.58105591590858
3.900000000000002 10.58105591590858
4.000000000000002 10.58105591590858
4.100000000000001 10.58105591590858
4.200000000000001 10.58105591590858
4.300000000000001 10.58105591590858
4.4 10.58105591590858
4.5 10.58105591590858
4.6 10.58105591590858
4.699999999999999 10.58105591590858
4.799999999999999 10.58105591590858
4.899999999999999 10.58105591590858
4.999999999999998 10.58105591590858
5.099999999999998 10.58105591590858
5.199999999999998 10.58105591590858
5.299999999999997 10.58105591590858
5.399999999999997 10.58105591590858
5.499999999999996 10.58105591590858
5.599999999999996 10.58105591590858
5.699999999999996 10.58105591590858
5.799999999999995 10.58105591590858
5.899999999999995 10.58105591590858
5.999999999999995 10.58105591590858
6.099999999999994 10.58105591590858
6.199999999999994 10.58105591590858
6.299999999999994 10.58105591590858
6.399999999999993 10.58105591590858
6.499999999999993 10.58105591590858
6.599999999999993 10.58105591590858
6.699999999999992 10.58105591590858
6.799999999999992 10.58105591590858
6.899999999999991 10.58105591590858
6.999999999999991 10.58105591590858
7.099999999999991 10.58105591590858
7.19999999999999 10.58105591590858
7.29999999999999 10.58105591590858
7.39999999999999 10.58105591590858
7.499999999999989 10.58105591590858
7.599999999999989 10.58105591590858
7.699999999999989 10.58105591590858
7.799999999999988 10.58105591590858
7.899999999999988 10.58105591590858
7.999999999999988 10.58105591590858
8.099999999999987 10.58105591590858
8.199999999999987 10.58105591590858
8.299999999999986 10.58105591590858
8.399999999999986 10.58105591590858
8.499999999999986 10.58105591590858
8.599999999999985 10.58105591590858
8.699999999999985 10.58105591590858
8.799999999999985 10.58105591590858
8.899999999999984 10.58105591590858
8.999999999999984 10.58105591590858
9.099999999999984 10.58105591590858
9.199999999999983 10.58105591590858
9.299999999999983 10.58105591590858
9.399999999999983 10.58105591590858
9.499999999999982 10.58105591590858
9.599999999999982 10.58105591590858
9.699999999999982 10.58105591590858
9.799999999999981 10.58105591590858
9.899999999999981 10.58105591590858
9.99999999999998 10.58105591590858
10.09999999999998 10.58105591590858
10.19999999999998 10.58105591590858
10.29999999999998 10.58105591590858
10.39999999999998 10.58105591590858
10.49999999999998 10.58105591590858
10.59999999999998 10.58105591590858
10.69999999999998 10.58105591590858
10.79999999999998 10.58105591590858
10.89999999999998 10.58105591590858
10.99999999999998 10.58105591590858
11.09999999999998 10.58105591590858
11.19999999999998 10.58105591590858
11.29999999999998 10.58105591590858
11.39999999999998 10.58105591590858
11.49999999999998 10.58105591590858
11.59999999999997 10.58105591590858
11.69999999999997 10.58105591590858
11.79999999999997 10.58105591590858
11.89999999999997 10.58105591590858
11.99999999999997 10.58105591590858
12.09999999999997 10.58105591590858
12.19999999999997 10.58105591590858
12.29999999999997 10.58105591590858
12.39999999999997 10.58105591590858
12.49999999999997 10.58105591590858
12.59999999999997 10.58105591590858
12.69999999999997 10.58105591590858
12.79999999999997 10.58105591590858
12.89999999999997 10.58105591590858
12.99999999999997 10.58105591590858
13.09999999999997 10.58105591590858
13.19999999999997 10.58105591590858
13.29999999999997 10.58105591590858
13.39999999999997 10.58105591590858
13.49999999999997 10.58105591590858
13.59999999999997 10.58105591590858
13.69999999999997 10.58105591590858
13.79999999999997 10.58105591590858
13.89999999999997 10.58105591590858
13.99999999999997 10.58105591590858
14.09999999999997 10.58105591590858
14.19999999999997 10.58105591590858
14.29999999999997 10.58105591590858
14.39999999999996 10.58105591590858
14.49999999999996 10.58105591590858
14.59999999999996 10.58105591590858
14.69999999999996 10.58105591590858
14.79999999999996 10.58105591590858
14.89999999999996 10.58105591590858
14.99999999999996 10.58105591590858
15.09999999999996 10.58105591590858
15.19999999999996 10.58105591590858
15.29999999999996 10.58105591590858
15.39999999999996 10.58105591590858
15.49999999999996 10.58105591590858
15.59999999999996 10.58105591590858
15.69999999999996 10.58105591590858
15.79999999999996 10.58105591590858
15.89999999999996 10.58105591590858
15.99999999999996 10.58105591590858
16.09999999999996 10.58105591590858
16.19999999999996 10.58105591590858
16.29999999999996 10.58105591590858
16.39999999999996 10.58105591590858
16.49999999999996 10.58105591590858
16.59999999999997 10.58105591590858
16.69999999999997 10.58105591590858
16.79999999999997 10.58105591590858
16.89999999999997 10.58105591590858
16.99999999999997 10.58105591590858
17.09999999999997 10.58105591590858
17.19999999999997 10.58105591590858
17.29999999999998 10.58105591590858
17.39999999999998 10.58105591590858
17.49999999999998 10.58105591590858
17.59999999999998 10.58105591590858
17.69999999999998 10.58105591590858
17.79999999999998 10.58105591590858
17.89999999999998 10.58105591590858
17.99999999999999 10.58105591590858
18.09999999999999 10.58105591590858
18.19999999999999 10.58105591590858
18.29999999999999 10.58105591590858
18.39999999999999 10.58105591590858
18.49999999999999 10.58105591590858
18.59999999999999 10.58105591590858
18.7 10.58105591590858
18.8 10.58105591590858
18.9 10.58105591590858
19 10.58105591590858
19.1 10.58105591590858
19.2 10.58105591590858
19.3 10.58105591590858
19.40000000000001 10.58105591590858
19.50000000000001 10.58105591590858
19.60000000000001 10.58105591590858
19.70000000000001 10.58105591590858
19.80000000000001 10.58105591590858
19.90000000000001 10.58105591590858
20.00000000000001 10.58105591590858
20.10000000000002 10.58105591590858
20.20000000000002 10.58105591590858
20.30000000000002 10.58105591590858
20.40000000000002 10.58105591590858
20.50000000000002 10.58105591590858
20.60000000000002 10.58105591590858
20.70000000000002 10.58105591590858
20.80000000000003 10.58105591590858
20.90000000000003 10.58105591590858
21.00000000000003 10.58105591590858
21.10000000000003 10.58105591590858
21.20000000000003 10.58105591590858
21.30000000000003 10.58105591590858
21.40000000000003 10.58105591590858
21.50000000000004 10.58105591590858
21.60000000000004 10.58105591590858
21.70000000000004 10.58105591590858
21.80000000000004 10.58105591590858
21.90000000000004 10.58105591590858
22.00000000000004 10.58105591590858
22.10000000000004 10.58105591590858
22.20000000000005 10.58105591590858
22.30000000000005 10.58105591590858
22.40000000000005 10.58105591590858
22.50000000000005 10.58105591590858
22.60000000000005 10.58105591590858
22.70000000000005 10.58105591590858
22.80000000000005 10.58105591590858
22.90000000000006 10.58105591590858
23.00000000000006 10.58105591590858
23.10000000000006 10.58105591590858
23.20000000000006 10.58105591590858
23.30000000000006 10.58105591590858
23.40000000000006 10.58105591590858
23.50000000000006 10.58105591590858
23.60000000000007 10.58105591590858
23.70000000000007 10.58105591590858
23.80000000000007 10.58105591590858
23.90000000000007 10.58105591590858
24.00000000000007 10.58105591590858
24.10000000000007 10.58105591590858
24.20000000000007 10.58105591590858
24.30000000000008 10.58105591590858
24.40000000000008 10.58105591590858
24.50000000000008 10.58105591590858
24.60000000000008 10.58105591590858
24.70000000000008 10.58105591590858
24.80000000000008 10.58105591590858
24.90000000000008 10.58105591590858
25.00000000000009 10.58105591590858
25.10000000000009 10.58105591590858
25.20000000000009 10.58105591590858
25.30000000000009 10.58105591590858
25.40000000000009 10.58105591590858
25.50000000000009 10.58105591590858
25.60000000000009 10.58105591590858
25.7000000000001 10.58105591590858
25.8000000000001 10.58105591590858
25.9000000000001 10.58105591590858
26.0000000000001 10.58105591590858
26.1000000000001 10.58105591590858
26.2000000000001 10.58105591590858
26.3000000000001 10.58105591590858
26.40000000000011 10.58105591590858
26.50000000000011 10.58105591590858
26.60000000000011 10.58105591590858
26.70000000000011 10.58105591590858
26.80000000000011 10.58105591590858
26.90000000000011 10.58105591590858
27.00000000000011 10.58105591590858
27.10000000000012 10.58105591590858
27.20000000000012 10.58105591590858
27.30000000000012 10.58105591590858
27.40000000000012 10.58105591590858
27.50000000000012 10.58105591590858
27.60000000000012 10.58105591590858
27.70000000000012 10.58105591590858
27.80000000000013 10.58105591590858
27.90000000000013 10.58105591590858
28.00000000000013 10.58105591590858
28.10000000000013 10.58105591590858
28.20000000000013 10.58105591590858
28.30000000000013 10.58105591590858
28.40000000000013 10.58105591590858
28.50000000000014 10.58105591590858
28.60000000000014 10.58105591590858
28.70000000000014 10.58105591590858
28.80000000000014 10.58105591590858
28.90000000000014 10.58105591590858
29.00000000000014 10.58105591590858
29.10000000000014 10.58105591590858
29.20000000000014 10.58105591590858
29.30000000000015 10.58105591590858
29.40000000000015 10.58105591590858
29.50000000000015 10.58105591590858
29.60000000000015 10.58105591590858
29.70000000000015 10.58105591590858
29.80000000000015 10.58105591590858
29.90000000000015 10.58105591590858
30.00000000000016 10.58105591590858
30.10000000000016 10.58105591590858
30.20000000000016 10.58105591590858
30.30000000000016 10.58105591590858
30.40000000000016 10.58105591590858
30.50000000000016 10.58105591590858
30.60000000000016 10.58105591590858
30.70000000000017 10.58105591590858
30.80000000000017 10.58105591590858
30.90000000000017 10.58105591590858
31.00000000000017 10.58105591590858
31.10000000000017 10.58105591590858
31.20000000000017 10.58105591590858
31.30000000000017 10.58105591590858
31.40000000000018 10.58105591590858
31.50000000000018 10.58105591590858
31.60000000000018 10.58105591590858
31.70000000000018 10.58105591590858
31.80000000000018 10.58105591590858
31.90000000000018 10.58105591590858
32.00000000000018 10.58105591590858
32.10000000000019 10.58105591590858
32.20000000000019 10.58105591590858
32.30000000000019 10.58105591590858
32.40000000000019 10.58105591590858
32.50000000000019 10.58105591590858
32.60000000000019 10.58105591590858
32.70000000000019 10.58105591590858
32.8000000000002 10.58105591590858
32.9000000000002 10.58105591590858
33.0000000000002 10.58105591590858
33.1000000000002 10.58105591590858
33.2000000000002 10.58105591590858
33.3000000000002 10.58105591590858
33.4000000000002 10.58105591590858
33.50000000000021 10.58105591590858
33.60000000000021 10.58105591590858
33.70000000000021 10.58105591590858
33.80000000000021 10.58105591590858
33.90000000000021 10.58105591590858
34.00000000000021 10.58105591590858
34.10000000000021 10.58105591590858
34.20000000000022 10.58105591590858
34.30000000000022 10.58105591590858
34.40000000000022 10.58105591590858
34.50000000000022 10.58105591590858
34.60000000000022 10.58105591590858
34.70000000000022 10.58105591590858
34.80000000000022 10.58105591590858
34.90000000000023 10.58105591590858
35.00000000000023 10.58105591590858
35.10000000000023 10.58105591590858
35.20000000000023 10.58105591590858
35.30000000000023 10.58105591590858
35.40000000000023 10.58105591590858
35.50000000000023 10.58105591590858
35.60000000000024 10.58105591590858
35.70000000000024 10.58105591590858
35.80000000000024 10.58105591590858
35.90000000000024 10.58105591590858
36.00000000000024 10.58105591590858
36.10000000000024 10.58105591590858
36.20000000000024 10.58105591590858
36.30000000000025 10.58105591590858
36.40000000000025 10.58105591590858
36.50000000000025 10.58105591590858
36.60000000000025 10.58105591590858
36.70000000000025 10.58105591590858
36.80000000000025 10.58105591590858
36.90000000000025 10.58105591590858
37.00000000000026 10.58105591590858
37.10000000000026 10.58105591590858
37.20000000000026 10.58105591590858
37.30000000000026 10.58105591590858
37.40000000000026 10.58105591590858
37.50000000000026 10.58105591590858
37.60000000000026 10.58105591590858
37.70000000000027 10.58105591590858
37.80000000000027 10.58105591590858
37.90000000000027 10.58105591590858
38.00000000000027 10.58105591590858
38.10000000000027 10.58105591590858
38.20000000000027 10.58105591590858
38.30000000000027 10.58105591590858
38.40000000000028 10.58105591590858
38.50000000000028 10.58105591590858
38.60000000000028 10.58105591590858
38.70000000000028 10.58105591590858
38.80000000000028 10.58105591590858
38.90000000000028 10.58105591590858
39.00000000000028 10.58105591590858
39.10000000000029 10.58105591590858
39.20000000000029 10.58105591590858
39.30000000000029 10.58105591590858
39.40000000000029 10.58105591590858
39.50000000000029 10.58105591590858
39.60000000000029 10.58105591590858
39.70000000000029 10.58105591590858
39.8000000000003 10.58105591590858
39.9000000000003 10.58105591590858
40.0000000000003 10.58105591590858
40.1000000000003 10.58105591590858
40.2000000000003 10.58105591590858
40.3000000000003 10.58105591590858
40.4000000000003 10.58105591590858
40.50000000000031 10.58105591590858
40.60000000000031 10.58105591590858
40.70000000000031 10.58105591590858
40.80000000000031 10.58105591590858
40.90000000000031 10.58105591590858
41.00000000000031 10.58105591590858
41.10000000000031 10.58105591590858
41.20000000000032 10.58105591590858
41.30000000000032 10.58105591590858
41.40000000000032 10.58105591590858
41.50000000000032 10.58105591590858
41.60000000000032 10.58105591590858
41.70000000000032 10.58105591590858
41.80000000000032 10.58105591590858
41.90000000000033 10.58105591590858
42.00000000000033 10.58105591590858
42.10000000000033 10.58105591590858
42.20000000000033 10.58105591590858
42.30000000000033 10.58105591590858
42.40000000000033 10.58105591590858
42.50000000000033 10.58105591590858
42.60000000000034 10.58105591590858
42.70000000000034 10.58105591590858
42.80000000000034 10.58105591590858
42.90000000000034 10.58105591590858
43.00000000000034 10.58105591590858
43.10000000000034 10.58105591590858
43.20000000000034 10.58105591590858
43.30000000000035 10.58105591590858
43.40000000000035 10.58105591590858
43.50000000000035 10.58105591590858
43.60000000000035 10.58105591590858
43.70000000000035 10.58105591590858
43.80000000000035 10.58105591590858
43.90000000000035 10.58105591590858
44.00000000000036 10.58105591590858
44.10000000000036 10.58105591590858
44.20000000000036 10.58105591590858
44.30000000000036 10.58105591590858
44.40000000000036 10.58105591590858
44.50000000000036 10.58105591590858
44.60000000000036 10.58105591590858
44.70000000000037 10.58105591590858
44.80000000000037 10.58105591590858
44.90000000000037 10.58105591590858
45.00000000000037 10.58105591590858
45.10000000000037 10.58105591590858
45.20000000000037 10.58105591590858
45.30000000000037 10.58105591590858
45.40000000000038 10.58105591590858
45.50000000000038 10.58105591590858
45.60000000000038 10.58105591590858
45.70000000000038 10.58105591590858
45.80000000000038 10.58105591590858
45.90000000000038 10.58105591590858
46.00000000000038 10.58105591590858
46.10000000000039 10.58105591590858
46.20000000000039 10.58105591590858
46.30000000000039 10.58105591590858
46.40000000000039 10.58105591590858
46.50000000000039 10.58105591590858
46.60000000000039 10.58105591590858
46.70000000000039 10.58105591590858
46.8000000000004 10.58105591590858
46.9000000000004 10.58105591590858
47.0000000000004 10.58105591590858
47.1000000000004 10.58105591590858
47.2000000000004 10.58105591590858
47.3000000000004 10.58105591590858
47.4000000000004 10.58105591590858
47.50000000000041 10.58105591590858
47.60000000000041 10.58105591590858
47.70000000000041 10.58105591590858
47.80000000000041 10.58105591590858
47.90000000000041 10.58105591590858
48.00000000000041 10.58105591590858
48.10000000000041 10.58105591590858
48.20000000000041 10.58105591590858
48.30000000000042 10.58105591590858
48.40000000000042 10.58105591590858
48.50000000000042 10.58105591590858
48.60000000000042 10.58105591590858
48.70000000000042 10.58105591590858
48.80000000000042 10.58105591590858
48.90000000000042 10.58105591590858
49.00000000000043 10.58105591590858
49.10000000000043 10.58105591590858
49.20000000000043 10.58105591590858
49.30000000000043 10.58105591590858
49.40000000000043 10.58105591590858
49.50000000000043 10.58105591590858
49.60000000000043 10.58105591590858
49.70000000000044 10.58105591590858
49.80000000000044 10.58105591590858
49.90000000000044 10.58105591590858