Time X1
0 250
0.1 -175.5633708707639
0.2 -175.5633708610826
0.3 -175.5633708609972
0.4 -175.5633708609118
0.5 -175.5633708608264
0.6 -175.5633708607434
0.7 -175.5633708607431
0.7999999999999999 -175.5633708607429
0.8999999999999999 -175.5633708607426
0.9999999999999999 -175.5633708607423
1.1 -175.5633708607422
1.2 -175.5633708607422
1.3 -175.5633708607422
1.4 -175.5633708607422
1.5 -175.5633708607422
1.6 -175.5633708607422
1.7 -175.5633708607422
1.8 -175.5633708607422
1.900000000000001 -175.5633708607422
2 -175.5633708607422
2.100000000000001 -175.5633708607422
2.200000000000001 -175.5633708607422
2.300000000000001 -175.5633708607422
2.400000000000001 -175.5633708607422
2.500000000000001 -175.5633708607422
2.600000000000001 -175.5633708607422
2.700000000000001 -175.5633708607422
2.800000000000001 -175.5633708607422
2.900000000000001 -175.5633708607422
3.000000000000001 -175.5633708607422
3.100000000000001 -175.5633708607422
3.200000000000002 -175.5633708607422
3.300000000000002 -175.5633708607422
3.400000000000002 -175.5633708607422
3.500000000000002 -175.5633708607422
3.600000000000002 -175.5633708607422
3.700000000000002 -175.5633708607422
3.800000000000002 -175.5633708607422
3.900000000000002 -175.5633708607422
4.000000000000002 -175.5633708607422
4.100000000000001 -175.5633708607422
4.200000000000001 -175.5633708607422
4.300000000000001 -175.5633708607422
4.4 -175.5633708607422
4.5 -175.5633708607422
4.6 -175.5633708607422
4.699999999999999 -175.5633708607422
4.799999999999999 -175.5633708607422
4.899999999999999 -175.5633708607422
4.999999999999998 -175.5633708607422
5.099999999999998 -175.5633708607422
5.199999999999998 -175.5633708607422
5.299999999999997 -175.5633708607422
5.399999999999997 -175.5633708607422
5.499999999999996 -175.5633708607422
5.599999999999996 -175.5633708607422
5.699999999999996 -175.5633708607422
5.799999999999995 -175.5633708607422
5.899999999999995 -175.5633708607422
5.999999999999995 -175.5633708607422
6.099999999999994 -175.5633708607422
6.199999999999994 -175.5633708607422
6.299999999999994 -175.5633708607422
6.399999999999993 -175.5633708607422
6.499999999999993 -175.5633708607422
6.599999999999993 -175.5633708607422
6.699999999999992 -175.5633708607422
6.799999999999992 -175.5633708607422
6.899999999999991 -175.5633708607422
6.999999999999991 -175.5633708607422
7.099999999999991 -175.5633708607422
7.19999999999999 -175.5633708607422
7.29999999999999 -175.5633708607422
7.39999999999999 -175.5633708607422
7.499999999999989 -175.5633708607422
7.599999999999989 -175.5633708607422
7.699999999999989 -175.5633708607422
7.799999999999988 -175.5633708607422
7.899999999999988 -175.5633708607422
7.999999999999988 -175.5633708607422
8.099999999999987 -175.5633708607422
8.199999999999987 -175.5633708607422
8.299999999999986 -175.5633708607422
8.399999999999986 -175.5633708607422
8.499999999999986 -175.5633708607422
8.599999999999985 -175.5633708607422
8.699999999999985 -175.5633708607422
8.799999999999985 -175.5633708607422
8.899999999999984 -175.5633708607422
8.999999999999984 -175.5633708607422
9.099999999999984 -175.5633708607422
9.199999999999983 -175.5633708607422
9.299999999999983 -175.5633708607422
9.399999999999983 -175.5633708607422
9.499999999999982 -175.5633708607422
9.599999999999982 -175.5633708607422
9.699999999999982 -175.5633708607422
9.799999999999981 -175.5633708607422
9.899999999999981 -175.5633708607422
9.99999999999998 -175.5633708607422
10.09999999999998 -175.5633708607422
10.19999999999998 -175.5633708607422
10.29999999999998 -175.5633708607422
10.39999999999998 -175.5633708607422
10.49999999999998 -175.5633708607422
10.59999999999998 -175.5633708607422
10.69999999999998 -175.5633708607422
10.79999999999998 -175.5633708607422
10.89999999999998 -175.5633708607422
10.99999999999998 -175.5633708607422
11.09999999999998 -175.5633708607422
11.19999999999998 -175.5633708607422
11.29999999999998 -175.5633708607422
11.39999999999998 -175.5633708607422
11.49999999999998 -175.5633708607422
11.59999999999997 -175.5633708607422
11.69999999999997 -175.5633708607422
11.79999999999997 -175.5633708607422
11.89999999999997 -175.5633708607422
11.99999999999997 -175.5633708607422
12.09999999999997 -175.5633708607422
12.19999999999997 -175.5633708607422
12.29999999999997 -175.5633708607422
12.39999999999997 -175.5633708607422
12.49999999999997 -175.5633708607422
12.59999999999997 -175.5633708607422
12.69999999999997 -175.5633708607422
12.79999999999997 -175.5633708607422
12.89999999999997 -175.5633708607422
12.99999999999997 -175.5633708607422
13.09999999999997 -175.5633708607422
13.19999999999997 -175.5633708607422
13.29999999999997 -175.5633708607422
13.39999999999997 -175.5633708607422
13.49999999999997 -175.5633708607422
13.59999999999997 -175.5633708607422
13.69999999999997 -175.5633708607422
13.79999999999997 -175.5633708607422
13.89999999999997 -175.5633708607422
13.99999999999997 -175.5633708607422
14.09999999999997 -175.5633708607422
14.19999999999997 -175.5633708607422
14.29999999999997 -175.5633708607422
14.39999999999996 -175.5633708607422
14.49999999999996 -175.5633708607422
14.59999999999996 -175.5633708607422
14.69999999999996 -175.5633708607422
14.79999999999996 -175.5633708607422
14.89999999999996 -175.5633708607422
14.99999999999996 -175.5633708607422
15.09999999999996 -175.5633708607422
15.19999999999996 -175.5633708607422
15.29999999999996 -175.5633708607422
15.39999999999996 -175.5633708607422
15.49999999999996 -175.5633708607422
15.59999999999996 -175.5633708607422
15.69999999999996 -175.5633708607422
15.79999999999996 -175.5633708607422
15.89999999999996 -175.5633708607422
15.99999999999996 -175.5633708607422
16.09999999999996 -175.5633708607422
16.19999999999996 -175.5633708607422
16.29999999999996 -175.5633708607422
16.39999999999996 -175.5633708607422
16.49999999999996 -175.5633708607422
16.59999999999997 -175.5633708607422
16.69999999999997 -175.5633708607422
16.79999999999997 -175.5633708607422
16.89999999999997 -175.5633708607422
16.99999999999997 -175.5633708607422
17.09999999999997 -175.5633708607422
17.19999999999997 -175.5633708607422
17.29999999999998 -175.5633708607422
17.39999999999998 -175.5633708607422
17.49999999999998 -175.5633708607422
17.59999999999998 -175.5633708607422
17.69999999999998 -175.5633708607422
17.79999999999998 -175.5633708607422
17.89999999999998 -175.5633708607422
17.99999999999999 -175.5633708607422
18.09999999999999 -175.5633708607422
18.19999999999999 -175.5633708607422
18.29999999999999 -175.5633708607422
18.39999999999999 -175.5633708607422
18.49999999999999 -175.5633708607422
18.59999999999999 -175.5633708607422
18.7 -175.5633708607422
18.8 -175.5633708607422
18.9 -175.5633708607422
19 -175.5633708607422
19.1 -175.5633708607422
19.2 -175.5633708607422
19.3 -175.5633708607422
19.40000000000001 -175.5633708607422
19.50000000000001 -175.5633708607422
19.60000000000001 -175.5633708607422
19.70000000000001 -175.5633708607422
19.80000000000001 -175.5633708607422
19.90000000000001 -175.5633708607422
20.00000000000001 -175.5633708607422
20.10000000000002 -175.5633708607422
20.20000000000002 -175.5633708607422
20.30000000000002 -175.5633708607422
20.40000000000002 -175.5633708607422
20.50000000000002 -175.5633708607422
20.60000000000002 -175.5633708607422
20.70000000000002 -175.5633708607422
20.80000000000003 -175.5633708607422
20.90000000000003 -175.5633708607422
21.00000000000003 -175.5633708607422
21.10000000000003 -175.5633708607422
21.20000000000003 -175.5633708607422
21.30000000000003 -175.5633708607422
21.40000000000003 -175.5633708607422
21.50000000000004 -175.5633708607422
21.60000000000004 -175.5633708607422
21.70000000000004 -175.5633708607422
21.80000000000004 -175.5633708607422
21.90000000000004 -175.5633708607422
22.00000000000004 -175.5633708607422
22.10000000000004 -175.5633708607422
22.20000000000005 -175.5633708607422
22.30000000000005 -175.5633708607422
22.40000000000005 -175.5633708607422
22.50000000000005 -175.5633708607422
22.60000000000005 -175.5633708607422
22.70000000000005 -175.5633708607422
22.80000000000005 -175.5633708607422
22.90000000000006 -175.5633708607422
23.00000000000006 -175.5633708607422
23.10000000000006 -175.5633708607422
23.20000000000006 -175.5633708607422
23.30000000000006 -175.5633708607422
23.40000000000006 -175.5633708607422
23.50000000000006 -175.5633708607422
23.60000000000007 -175.5633708607422
23.70000000000007 -175.5633708607422
23.80000000000007 -175.5633708607422
23.90000000000007 -175.5633708607422
24.00000000000007 -175.5633708607422
24.10000000000007 -175.5633708607422
24.20000000000007 -175.5633708607422
24.30000000000008 -175.5633708607422
24.40000000000008 -175.5633708607422
24.50000000000008 -175.5633708607422
24.60000000000008 -175.5633708607422
24.70000000000008 -175.5633708607422
24.80000000000008 -175.5633708607422
24.90000000000008 -175.5633708607422
25.00000000000009 -175.5633708607422
25.10000000000009 -175.5633708607422
25.20000000000009 -175.5633708607422
25.30000000000009 -175.5633708607422
25.40000000000009 -175.5633708607422
25.50000000000009 -175.5633708607422
25.60000000000009 -175.5633708607422
25.7000000000001 -175.5633708607422
25.8000000000001 -175.5633708607422
25.9000000000001 -175.5633708607422
26.0000000000001 -175.5633708607422
26.1000000000001 -175.5633708607422
26.2000000000001 -175.5633708607422
26.3000000000001 -175.5633708607422
26.40000000000011 -175.5633708607422
26.50000000000011 -175.5633708607422
26.60000000000011 -175.5633708607422
26.70000000000011 -175.5633708607422
26.80000000000011 -175.5633708607422
26.90000000000011 -175.5633708607422
27.00000000000011 -175.5633708607422
27.10000000000012 -175.5633708607422
27.20000000000012 -175.5633708607422
27.30000000000012 -175.5633708607422
27.40000000000012 -175.5633708607422
27.50000000000012 -175.5633708607422
27.60000000000012 -175.5633708607422
27.70000000000012 -175.5633708607422
27.80000000000013 -175.5633708607422
27.90000000000013 -175.5633708607422
28.00000000000013 -175.5633708607422
28.10000000000013 -175.5633708607422
28.20000000000013 -175.5633708607422
28.30000000000013 -175.5633708607422
28.40000000000013 -175.5633708607422
28.50000000000014 -175.5633708607422
28.60000000000014 -175.5633708607422
28.70000000000014 -175.5633708607422
28.80000000000014 -175.5633708607422
28.90000000000014 -175.5633708607422
29.00000000000014 -175.5633708607422
29.10000000000014 -175.5633708607422
29.20000000000014 -175.5633708607422
29.30000000000015 -175.5633708607422
29.40000000000015 -175.5633708607422
29.50000000000015 -175.5633708607422
29.60000000000015 -175.5633708607422
29.70000000000015 -175.5633708607422
29.80000000000015 -175.5633708607422
29.90000000000015 -175.5633708607422
30.00000000000016 -175.5633708607422
30.10000000000016 -175.5633708607422
30.20000000000016 -175.5633708607422
30.30000000000016 -175.5633708607422
30.40000000000016 -175.5633708607422
30.50000000000016 -175.5633708607422
30.60000000000016 -175.5633708607422
30.70000000000017 -175.5633708607422
30.80000000000017 -175.5633708607422
30.90000000000017 -175.5633708607422
31.00000000000017 -175.5633708607422
31.10000000000017 -175.5633708607422
31.20000000000017 -175.5633708607422
31.30000000000017 -175.5633708607422
31.40000000000018 -175.5633708607422
31.50000000000018 -175.5633708607422
31.60000000000018 -175.5633708607422
31.70000000000018 -175.5633708607422
31.80000000000018 -175.5633708607422
31.90000000000018 -175.5633708607422
32.00000000000018 -175.5633708607422
32.10000000000019 -175.5633708607422
32.20000000000019 -175.5633708607422
32.30000000000019 -175.5633708607422
32.40000000000019 -175.5633708607422
32.50000000000019 -175.5633708607422
32.60000000000019 -175.5633708607422
32.70000000000019 -175.5633708607422
32.8000000000002 -175.5633708607422
32.9000000000002 -175.5633708607422
33.0000000000002 -175.5633708607422
33.1000000000002 -175.5633708607422
33.2000000000002 -175.5633708607422
33.3000000000002 -175.5633708607422
33.4000000000002 -175.5633708607422
33.50000000000021 -175.5633708607422
33.60000000000021 -175.5633708607422
33.70000000000021 -175.5633708607422
33.80000000000021 -175.5633708607422
33.90000000000021 -175.5633708607422
34.00000000000021 -175.5633708607422
34.10000000000021 -175.5633708607422
34.20000000000022 -175.5633708607422
34.30000000000022 -175.5633708607422
34.40000000000022 -175.5633708607422
34.50000000000022 -175.5633708607422
34.60000000000022 -175.5633708607422
34.70000000000022 -175.5633708607422
34.80000000000022 -175.5633708607422
34.90000000000023 -175.5633708607422
35.00000000000023 -175.5633708607422
35.10000000000023 -175.5633708607422
35.20000000000023 -175.5633708607422
35.30000000000023 -175.5633708607422
35.40000000000023 -175.5633708607422
35.50000000000023 -175.5633708607422
35.60000000000024 -175.5633708607422
35.70000000000024 -175.5633708607422
35.80000000000024 -175.5633708607422
35.90000000000024 -175.5633708607422
36.00000000000024 -175.5633708607422
36.10000000000024 -175.5633708607422
36.20000000000024 -175.5633708607422
36.30000000000025 -175.5633708607422
36.40000000000025 -175.5633708607422
36.50000000000025 -175.5633708607422
36.60000000000025 -175.5633708607422
36.70000000000025 -175.5633708607422
36.80000000000025 -175.5633708607422
36.90000000000025 -175.5633708607422
37.00000000000026 -175.5633708607422
37.10000000000026 -175.5633708607422
37.20000000000026 -175.5633708607422
37.30000000000026 -175.5633708607422
37.40000000000026 -175.5633708607422
37.50000000000026 -175.5633708607422
37.60000000000026 -175.5633708607422
37.70000000000027 -175.5633708607422
37.80000000000027 -175.5633708607422
37.90000000000027 -175.5633708607422
38.00000000000027 -175.5633708607422
38.10000000000027 -175.5633708607422
38.20000000000027 -175.5633708607422
38.30000000000027 -175.5633708607422
38.40000000000028 -175.5633708607422
38.50000000000028 -175.5633708607422
38.60000000000028 -175.5633708607422
38.70000000000028 -175.5633708607422
38.80000000000028 -175.5633708607422
38.90000000000028 -175.5633708607422
39.00000000000028 -175.5633708607422
39.10000000000029 -175.5633708607422
39.20000000000029 -175.5633708607422
39.30000000000029 -175.5633708607422
39.40000000000029 -175.5633708607422
39.50000000000029 -175.5633708607422
39.60000000000029 -175.5633708607422
39.70000000000029 -175.5633708607422
39.8000000000003 -175.5633708607422
39.9000000000003 -175.5633708607422
40.0000000000003 -175.5633708607422
40.1000000000003 -175.5633708607422
40.2000000000003 -175.5633708607422
40.3000000000003 -175.5633708607422
40.4000000000003 -175.5633708607422
40.50000000000031 -175.5633708607422
40.60000000000031 -175.5633708607422
40.70000000000031 -175.5633708607422
40.80000000000031 -175.5633708607422
40.90000000000031 -175.5633708607422
41.00000000000031 -175.5633708607422
41.10000000000031 -175.5633708607422
41.20000000000032 -175.5633708607422
41.30000000000032 -175.5633708607422
41.40000000000032 -175.5633708607422
41.50000000000032 -175.5633708607422
41.60000000000032 -175.5633708607422
41.70000000000032 -175.5633708607422
41.80000000000032 -175.5633708607422
41.90000000000033 -175.5633708607422
42.00000000000033 -175.5633708607422
42.10000000000033 -175.5633708607422
42.20000000000033 -175.5633708607422
42.30000000000033 -175.5633708607422
42.40000000000033 -175.5633708607422
42.50000000000033 -175.5633708607422
42.60000000000034 -175.5633708607422
42.70000000000034 -175.5633708607422
42.80000000000034 -175.5633708607422
42.90000000000034 -175.5633708607422
43.00000000000034 -175.5633708607422
43.10000000000034 -175.5633708607422
43.20000000000034 -175.5633708607422
43.30000000000035 -175.5633708607422
43.40000000000035 -175.5633708607422
43.50000000000035 -175.5633708607422
43.60000000000035 -175.5633708607422
43.70000000000035 -175.5633708607422
43.80000000000035 -175.5633708607422
43.90000000000035 -175.5633708607422
44.00000000000036 -175.5633708607422
44.10000000000036 -175.5633708607422
44.20000000000036 -175.5633708607422
44.30000000000036 -175.5633708607422
44.40000000000036 -175.5633708607422
44.50000000000036 -175.5633708607422
44.60000000000036 -175.5633708607422
44.70000000000037 -175.5633708607422
44.80000000000037 -175.5633708607422
44.90000000000037 -175.5633708607422
45.00000000000037 -175.5633708607422
45.10000000000037 -175.5633708607422
45.20000000000037 -175.5633708607422
45.30000000000037 -175.5633708607422
45.40000000000038 -175.5633708607422
45.50000000000038 -175.5633708607422
45.60000000000038 -175.5633708607422
45.70000000000038 -175.5633708607422
45.80000000000038 -175.5633708607422
45.90000000000038 -175.5633708607422
46.00000000000038 -175.5633708607422
46.10000000000039 -175.5633708607422
46.20000000000039 -175.5633708607422
46.30000000000039 -175.5633708607422
46.40000000000039 -175.5633708607422
46.50000000000039 -175.5633708607422
46.60000000000039 -175.5633708607422
46.70000000000039 -175.5633708607422
46.8000000000004 -175.5633708607422
46.9000000000004 -175.5633708607422
47.0000000000004 -175.5633708607422
47.1000000000004 -175.5633708607422
47.2000000000004 -175.5633708607422
47.3000000000004 -175.5633708607422
47.4000000000004 -175.5633708607422
47.50000000000041 -175.5633708607422
47.60000000000041 -175.5633708607422
47.70000000000041 -175.5633708607422
47.80000000000041 -175.5633708607422
47.90000000000041 -175.5633708607422
48.00000000000041 -175.5633708607422
48.10000000000041 -175.5633708607422
48.20000000000041 -175.5633708607422
48.30000000000042 -175.5633708607422
48.40000000000042 -175.5633708607422
48.50000000000042 -175.5633708607422
48.60000000000042 -175.5633708607422
48.70000000000042 -175.5633708607422
48.80000000000042 -175.5633708607422
48.90000000000042 -175.5633708607422
49.00000000000043 -175.5633708607422
49.10000000000043 -175.5633708607422
49.20000000000043 -175.5633708607422
49.30000000000043 -175.5633708607422
49.40000000000043 -175.5633708607422
49.50000000000043 -175.5633708607422
49.60000000000043 -175.5633708607422
49.70000000000044 -175.5633708607422
49.80000000000044 -175.5633708607422
49.90000000000044 -175.5633708607422