Time X1
0 250
0.1 -177.6481533889851
0.2 -177.6481533888651
0.3 -177.6481533887451
0.4 -177.6481533887165
0.5 -177.6481533887162
0.6 -177.6481533887159
0.7 -177.6481533887159
0.7999999999999999 -177.6481533887159
0.8999999999999999 -177.6481533887159
0.9999999999999999 -177.6481533887159
1.1 -177.6481533887159
1.2 -177.6481533887159
1.3 -177.6481533887159
1.4 -177.6481533887159
1.5 -177.6481533887159
1.6 -177.6481533887159
1.7 -177.6481533887159
1.8 -177.6481533887159
1.900000000000001 -177.6481533887159
2 -177.6481533887159
2.100000000000001 -177.6481533887159
2.200000000000001 -177.6481533887159
2.300000000000001 -177.6481533887159
2.400000000000001 -177.6481533887159
2.500000000000001 -177.6481533887159
2.600000000000001 -177.6481533887159
2.700000000000001 -177.6481533887159
2.800000000000001 -177.6481533887159
2.900000000000001 -177.6481533887159
3.000000000000001 -177.6481533887159
3.100000000000001 -177.6481533887159
3.200000000000002 -177.6481533887159
3.300000000000002 -177.6481533887159
3.400000000000002 -177.6481533887159
3.500000000000002 -177.6481533887159
3.600000000000002 -177.6481533887159
3.700000000000002 -177.6481533887159
3.800000000000002 -177.6481533887159
3.900000000000002 -177.6481533887159
4.000000000000002 -177.6481533887159
4.100000000000001 -177.6481533887159
4.200000000000001 -177.6481533887159
4.300000000000001 -177.6481533887159
4.4 -177.6481533887159
4.5 -177.6481533887159
4.6 -177.6481533887159
4.699999999999999 -177.6481533887159
4.799999999999999 -177.6481533887159
4.899999999999999 -177.6481533887159
4.999999999999998 -177.6481533887159
5.099999999999998 -177.6481533887159
5.199999999999998 -177.6481533887159
5.299999999999997 -177.6481533887159
5.399999999999997 -177.6481533887159
5.499999999999996 -177.6481533887159
5.599999999999996 -177.6481533887159
5.699999999999996 -177.6481533887159
5.799999999999995 -177.6481533887159
5.899999999999995 -177.6481533887159
5.999999999999995 -177.6481533887159
6.099999999999994 -177.6481533887159
6.199999999999994 -177.6481533887159
6.299999999999994 -177.6481533887159
6.399999999999993 -177.6481533887159
6.499999999999993 -177.6481533887159
6.599999999999993 -177.6481533887159
6.699999999999992 -177.6481533887159
6.799999999999992 -177.6481533887159
6.899999999999991 -177.6481533887159
6.999999999999991 -177.6481533887159
7.099999999999991 -177.6481533887159
7.19999999999999 -177.6481533887159
7.29999999999999 -177.6481533887159
7.39999999999999 -177.6481533887159
7.499999999999989 -177.6481533887159
7.599999999999989 -177.6481533887159
7.699999999999989 -177.6481533887159
7.799999999999988 -177.6481533887159
7.899999999999988 -177.6481533887159
7.999999999999988 -177.6481533887159
8.099999999999987 -177.6481533887159
8.199999999999987 -177.6481533887159
8.299999999999986 -177.6481533887159
8.399999999999986 -177.6481533887159
8.499999999999986 -177.6481533887159
8.599999999999985 -177.6481533887159
8.699999999999985 -177.6481533887159
8.799999999999985 -177.6481533887159
8.899999999999984 -177.6481533887159
8.999999999999984 -177.6481533887159
9.099999999999984 -177.6481533887159
9.199999999999983 -177.6481533887159
9.299999999999983 -177.6481533887159
9.399999999999983 -177.6481533887159
9.499999999999982 -177.6481533887159
9.599999999999982 -177.6481533887159
9.699999999999982 -177.6481533887159
9.799999999999981 -177.6481533887159
9.899999999999981 -177.6481533887159
9.99999999999998 -177.6481533887159
10.09999999999998 -177.6481533887159
10.19999999999998 -177.6481533887159
10.29999999999998 -177.6481533887159
10.39999999999998 -177.6481533887159
10.49999999999998 -177.6481533887159
10.59999999999998 -177.6481533887159
10.69999999999998 -177.6481533887159
10.79999999999998 -177.6481533887159
10.89999999999998 -177.6481533887159
10.99999999999998 -177.6481533887159
11.09999999999998 -177.6481533887159
11.19999999999998 -177.6481533887159
11.29999999999998 -177.6481533887159
11.39999999999998 -177.6481533887159
11.49999999999998 -177.6481533887159
11.59999999999997 -177.6481533887159
11.69999999999997 -177.6481533887159
11.79999999999997 -177.6481533887159
11.89999999999997 -177.6481533887159
11.99999999999997 -177.6481533887159
12.09999999999997 -177.6481533887159
12.19999999999997 -177.6481533887159
12.29999999999997 -177.6481533887159
12.39999999999997 -177.6481533887159
12.49999999999997 -177.6481533887159
12.59999999999997 -177.6481533887159
12.69999999999997 -177.6481533887159
12.79999999999997 -177.6481533887159
12.89999999999997 -177.6481533887159
12.99999999999997 -177.6481533887159
13.09999999999997 -177.6481533887159
13.19999999999997 -177.6481533887159
13.29999999999997 -177.6481533887159
13.39999999999997 -177.6481533887159
13.49999999999997 -177.6481533887159
13.59999999999997 -177.6481533887159
13.69999999999997 -177.6481533887159
13.79999999999997 -177.6481533887159
13.89999999999997 -177.6481533887159
13.99999999999997 -177.6481533887159
14.09999999999997 -177.6481533887159
14.19999999999997 -177.6481533887159
14.29999999999997 -177.6481533887159
14.39999999999996 -177.6481533887159
14.49999999999996 -177.6481533887159
14.59999999999996 -177.6481533887159
14.69999999999996 -177.6481533887159
14.79999999999996 -177.6481533887159
14.89999999999996 -177.6481533887159
14.99999999999996 -177.6481533887159
15.09999999999996 -177.6481533887159
15.19999999999996 -177.6481533887159
15.29999999999996 -177.6481533887159
15.39999999999996 -177.6481533887159
15.49999999999996 -177.6481533887159
15.59999999999996 -177.6481533887159
15.69999999999996 -177.6481533887159
15.79999999999996 -177.6481533887159
15.89999999999996 -177.6481533887159
15.99999999999996 -177.6481533887159
16.09999999999996 -177.6481533887159
16.19999999999996 -177.6481533887159
16.29999999999996 -177.6481533887159
16.39999999999996 -177.6481533887159
16.49999999999996 -177.6481533887159
16.59999999999997 -177.6481533887159
16.69999999999997 -177.6481533887159
16.79999999999997 -177.6481533887159
16.89999999999997 -177.6481533887159
16.99999999999997 -177.6481533887159
17.09999999999997 -177.6481533887159
17.19999999999997 -177.6481533887159
17.29999999999998 -177.6481533887159
17.39999999999998 -177.6481533887159
17.49999999999998 -177.6481533887159
17.59999999999998 -177.6481533887159
17.69999999999998 -177.6481533887159
17.79999999999998 -177.6481533887159
17.89999999999998 -177.6481533887159
17.99999999999999 -177.6481533887159
18.09999999999999 -177.6481533887159
18.19999999999999 -177.6481533887159
18.29999999999999 -177.6481533887159
18.39999999999999 -177.6481533887159
18.49999999999999 -177.6481533887159
18.59999999999999 -177.6481533887159
18.7 -177.6481533887159
18.8 -177.6481533887159
18.9 -177.6481533887159
19 -177.6481533887159
19.1 -177.6481533887159
19.2 -177.6481533887159
19.3 -177.6481533887159
19.40000000000001 -177.6481533887159
19.50000000000001 -177.6481533887159
19.60000000000001 -177.6481533887159
19.70000000000001 -177.6481533887159
19.80000000000001 -177.6481533887159
19.90000000000001 -177.6481533887159
20.00000000000001 -177.6481533887159
20.10000000000002 -177.6481533887159
20.20000000000002 -177.6481533887159
20.30000000000002 -177.6481533887159
20.40000000000002 -177.6481533887159
20.50000000000002 -177.6481533887159
20.60000000000002 -177.6481533887159
20.70000000000002 -177.6481533887159
20.80000000000003 -177.6481533887159
20.90000000000003 -177.6481533887159
21.00000000000003 -177.6481533887159
21.10000000000003 -177.6481533887159
21.20000000000003 -177.6481533887159
21.30000000000003 -177.6481533887159
21.40000000000003 -177.6481533887159
21.50000000000004 -177.6481533887159
21.60000000000004 -177.6481533887159
21.70000000000004 -177.6481533887159
21.80000000000004 -177.6481533887159
21.90000000000004 -177.6481533887159
22.00000000000004 -177.6481533887159
22.10000000000004 -177.6481533887159
22.20000000000005 -177.6481533887159
22.30000000000005 -177.6481533887159
22.40000000000005 -177.6481533887159
22.50000000000005 -177.6481533887159
22.60000000000005 -177.6481533887159
22.70000000000005 -177.6481533887159
22.80000000000005 -177.6481533887159
22.90000000000006 -177.6481533887159
23.00000000000006 -177.6481533887159
23.10000000000006 -177.6481533887159
23.20000000000006 -177.6481533887159
23.30000000000006 -177.6481533887159
23.40000000000006 -177.6481533887159
23.50000000000006 -177.6481533887159
23.60000000000007 -177.6481533887159
23.70000000000007 -177.6481533887159
23.80000000000007 -177.6481533887159
23.90000000000007 -177.6481533887159
24.00000000000007 -177.6481533887159
24.10000000000007 -177.6481533887159
24.20000000000007 -177.6481533887159
24.30000000000008 -177.6481533887159
24.40000000000008 -177.6481533887159
24.50000000000008 -177.6481533887159
24.60000000000008 -177.6481533887159
24.70000000000008 -177.6481533887159
24.80000000000008 -177.6481533887159
24.90000000000008 -177.6481533887159
25.00000000000009 -177.6481533887159
25.10000000000009 -177.6481533887159
25.20000000000009 -177.6481533887159
25.30000000000009 -177.6481533887159
25.40000000000009 -177.6481533887159
25.50000000000009 -177.6481533887159
25.60000000000009 -177.6481533887159
25.7000000000001 -177.6481533887159
25.8000000000001 -177.6481533887159
25.9000000000001 -177.6481533887159
26.0000000000001 -177.6481533887159
26.1000000000001 -177.6481533887159
26.2000000000001 -177.6481533887159
26.3000000000001 -177.6481533887159
26.40000000000011 -177.6481533887159
26.50000000000011 -177.6481533887159
26.60000000000011 -177.6481533887159
26.70000000000011 -177.6481533887159
26.80000000000011 -177.6481533887159
26.90000000000011 -177.6481533887159
27.00000000000011 -177.6481533887159
27.10000000000012 -177.6481533887159
27.20000000000012 -177.6481533887159
27.30000000000012 -177.6481533887159
27.40000000000012 -177.6481533887159
27.50000000000012 -177.6481533887159
27.60000000000012 -177.6481533887159
27.70000000000012 -177.6481533887159
27.80000000000013 -177.6481533887159
27.90000000000013 -177.6481533887159
28.00000000000013 -177.6481533887159
28.10000000000013 -177.6481533887159
28.20000000000013 -177.6481533887159
28.30000000000013 -177.6481533887159
28.40000000000013 -177.6481533887159
28.50000000000014 -177.6481533887159
28.60000000000014 -177.6481533887159
28.70000000000014 -177.6481533887159
28.80000000000014 -177.6481533887159
28.90000000000014 -177.6481533887159
29.00000000000014 -177.6481533887159
29.10000000000014 -177.6481533887159
29.20000000000014 -177.6481533887159
29.30000000000015 -177.6481533887159
29.40000000000015 -177.6481533887159
29.50000000000015 -177.6481533887159
29.60000000000015 -177.6481533887159
29.70000000000015 -177.6481533887159
29.80000000000015 -177.6481533887159
29.90000000000015 -177.6481533887159
30.00000000000016 -177.6481533887159
30.10000000000016 -177.6481533887159
30.20000000000016 -177.6481533887159
30.30000000000016 -177.6481533887159
30.40000000000016 -177.6481533887159
30.50000000000016 -177.6481533887159
30.60000000000016 -177.6481533887159
30.70000000000017 -177.6481533887159
30.80000000000017 -177.6481533887159
30.90000000000017 -177.6481533887159
31.00000000000017 -177.6481533887159
31.10000000000017 -177.6481533887159
31.20000000000017 -177.6481533887159
31.30000000000017 -177.6481533887159
31.40000000000018 -177.6481533887159
31.50000000000018 -177.6481533887159
31.60000000000018 -177.6481533887159
31.70000000000018 -177.6481533887159
31.80000000000018 -177.6481533887159
31.90000000000018 -177.6481533887159
32.00000000000018 -177.6481533887159
32.10000000000019 -177.6481533887159
32.20000000000019 -177.6481533887159
32.30000000000019 -177.6481533887159
32.40000000000019 -177.6481533887159
32.50000000000019 -177.6481533887159
32.60000000000019 -177.6481533887159
32.70000000000019 -177.6481533887159
32.8000000000002 -177.6481533887159
32.9000000000002 -177.6481533887159
33.0000000000002 -177.6481533887159
33.1000000000002 -177.6481533887159
33.2000000000002 -177.6481533887159
33.3000000000002 -177.6481533887159
33.4000000000002 -177.6481533887159
33.50000000000021 -177.6481533887159
33.60000000000021 -177.6481533887159
33.70000000000021 -177.6481533887159
33.80000000000021 -177.6481533887159
33.90000000000021 -177.6481533887159
34.00000000000021 -177.6481533887159
34.10000000000021 -177.6481533887159
34.20000000000022 -177.6481533887159
34.30000000000022 -177.6481533887159
34.40000000000022 -177.6481533887159
34.50000000000022 -177.6481533887159
34.60000000000022 -177.6481533887159
34.70000000000022 -177.6481533887159
34.80000000000022 -177.6481533887159
34.90000000000023 -177.6481533887159
35.00000000000023 -177.6481533887159
35.10000000000023 -177.6481533887159
35.20000000000023 -177.6481533887159
35.30000000000023 -177.6481533887159
35.40000000000023 -177.6481533887159
35.50000000000023 -177.6481533887159
35.60000000000024 -177.6481533887159
35.70000000000024 -177.6481533887159
35.80000000000024 -177.6481533887159
35.90000000000024 -177.6481533887159
36.00000000000024 -177.6481533887159
36.10000000000024 -177.6481533887159
36.20000000000024 -177.6481533887159
36.30000000000025 -177.6481533887159
36.40000000000025 -177.6481533887159
36.50000000000025 -177.6481533887159
36.60000000000025 -177.6481533887159
36.70000000000025 -177.6481533887159
36.80000000000025 -177.6481533887159
36.90000000000025 -177.6481533887159
37.00000000000026 -177.6481533887159
37.10000000000026 -177.6481533887159
37.20000000000026 -177.6481533887159
37.30000000000026 -177.6481533887159
37.40000000000026 -177.6481533887159
37.50000000000026 -177.6481533887159
37.60000000000026 -177.6481533887159
37.70000000000027 -177.6481533887159
37.80000000000027 -177.6481533887159
37.90000000000027 -177.6481533887159
38.00000000000027 -177.6481533887159
38.10000000000027 -177.6481533887159
38.20000000000027 -177.6481533887159
38.30000000000027 -177.6481533887159
38.40000000000028 -177.6481533887159
38.50000000000028 -177.6481533887159
38.60000000000028 -177.6481533887159
38.70000000000028 -177.6481533887159
38.80000000000028 -177.6481533887159
38.90000000000028 -177.6481533887159
39.00000000000028 -177.6481533887159
39.10000000000029 -177.6481533887159
39.20000000000029 -177.6481533887159
39.30000000000029 -177.6481533887159
39.40000000000029 -177.6481533887159
39.50000000000029 -177.6481533887159
39.60000000000029 -177.6481533887159
39.70000000000029 -177.6481533887159
39.8000000000003 -177.6481533887159
39.9000000000003 -177.6481533887159
40.0000000000003 -177.6481533887159
40.1000000000003 -177.6481533887159
40.2000000000003 -177.6481533887159
40.3000000000003 -177.6481533887159
40.4000000000003 -177.6481533887159
40.50000000000031 -177.6481533887159
40.60000000000031 -177.6481533887159
40.70000000000031 -177.6481533887159
40.80000000000031 -177.6481533887159
40.90000000000031 -177.6481533887159
41.00000000000031 -177.6481533887159
41.10000000000031 -177.6481533887159
41.20000000000032 -177.6481533887159
41.30000000000032 -177.6481533887159
41.40000000000032 -177.6481533887159
41.50000000000032 -177.6481533887159
41.60000000000032 -177.6481533887159
41.70000000000032 -177.6481533887159
41.80000000000032 -177.6481533887159
41.90000000000033 -177.6481533887159
42.00000000000033 -177.6481533887159
42.10000000000033 -177.6481533887159
42.20000000000033 -177.6481533887159
42.30000000000033 -177.6481533887159
42.40000000000033 -177.6481533887159
42.50000000000033 -177.6481533887159
42.60000000000034 -177.6481533887159
42.70000000000034 -177.6481533887159
42.80000000000034 -177.6481533887159
42.90000000000034 -177.6481533887159
43.00000000000034 -177.6481533887159
43.10000000000034 -177.6481533887159
43.20000000000034 -177.6481533887159
43.30000000000035 -177.6481533887159
43.40000000000035 -177.6481533887159
43.50000000000035 -177.6481533887159
43.60000000000035 -177.6481533887159
43.70000000000035 -177.6481533887159
43.80000000000035 -177.6481533887159
43.90000000000035 -177.6481533887159
44.00000000000036 -177.6481533887159
44.10000000000036 -177.6481533887159
44.20000000000036 -177.6481533887159
44.30000000000036 -177.6481533887159
44.40000000000036 -177.6481533887159
44.50000000000036 -177.6481533887159
44.60000000000036 -177.6481533887159
44.70000000000037 -177.6481533887159
44.80000000000037 -177.6481533887159
44.90000000000037 -177.6481533887159
45.00000000000037 -177.6481533887159
45.10000000000037 -177.6481533887159
45.20000000000037 -177.6481533887159
45.30000000000037 -177.6481533887159
45.40000000000038 -177.6481533887159
45.50000000000038 -177.6481533887159
45.60000000000038 -177.6481533887159
45.70000000000038 -177.6481533887159
45.80000000000038 -177.6481533887159
45.90000000000038 -177.6481533887159
46.00000000000038 -177.6481533887159
46.10000000000039 -177.6481533887159
46.20000000000039 -177.6481533887159
46.30000000000039 -177.6481533887159
46.40000000000039 -177.6481533887159
46.50000000000039 -177.6481533887159
46.60000000000039 -177.6481533887159
46.70000000000039 -177.6481533887159
46.8000000000004 -177.6481533887159
46.9000000000004 -177.6481533887159
47.0000000000004 -177.6481533887159
47.1000000000004 -177.6481533887159
47.2000000000004 -177.6481533887159
47.3000000000004 -177.6481533887159
47.4000000000004 -177.6481533887159
47.50000000000041 -177.6481533887159
47.60000000000041 -177.6481533887159
47.70000000000041 -177.6481533887159
47.80000000000041 -177.6481533887159
47.90000000000041 -177.6481533887159
48.00000000000041 -177.6481533887159
48.10000000000041 -177.6481533887159
48.20000000000041 -177.6481533887159
48.30000000000042 -177.6481533887159
48.40000000000042 -177.6481533887159
48.50000000000042 -177.6481533887159
48.60000000000042 -177.6481533887159
48.70000000000042 -177.6481533887159
48.80000000000042 -177.6481533887159
48.90000000000042 -177.6481533887159
49.00000000000043 -177.6481533887159
49.10000000000043 -177.6481533887159
49.20000000000043 -177.6481533887159
49.30000000000043 -177.6481533887159
49.40000000000043 -177.6481533887159
49.50000000000043 -177.6481533887159
49.60000000000043 -177.6481533887159
49.70000000000044 -177.6481533887159
49.80000000000044 -177.6481533887159
49.90000000000044 -177.6481533887159