Time X1
0 250
0.1 212.558110898181
0.2 212.5581108986756
0.3 212.5581108987394
0.4 212.5581108987407
0.5 212.5581108987407
0.6 212.5581108987407
0.7 212.5581108987407
0.7999999999999999 212.5581108987407
0.8999999999999999 212.5581108987407
0.9999999999999999 212.5581108987407
1.1 212.5581108987407
1.2 212.5581108987407
1.3 212.5581108987407
1.4 212.5581108987407
1.5 212.5581108987407
1.6 212.5581108987407
1.7 212.5581108987407
1.8 212.5581108987407
1.900000000000001 212.5581108987407
2 212.5581108987407
2.100000000000001 212.5581108987407
2.200000000000001 212.5581108987407
2.300000000000001 212.5581108987407
2.400000000000001 212.5581108987407
2.500000000000001 212.5581108987407
2.600000000000001 212.5581108987407
2.700000000000001 212.5581108987407
2.800000000000001 212.5581108987407
2.900000000000001 212.5581108987407
3.000000000000001 212.5581108987407
3.100000000000001 212.5581108987407
3.200000000000002 212.5581108987407
3.300000000000002 212.5581108987407
3.400000000000002 212.5581108987407
3.500000000000002 212.5581108987407
3.600000000000002 212.5581108987407
3.700000000000002 212.5581108987407
3.800000000000002 212.5581108987407
3.900000000000002 212.5581108987407
4.000000000000002 212.5581108987407
4.100000000000001 212.5581108987407
4.200000000000001 212.5581108987407
4.300000000000001 212.5581108987407
4.4 212.5581108987407
4.5 212.5581108987407
4.6 212.5581108987407
4.699999999999999 212.5581108987407
4.799999999999999 212.5581108987407
4.899999999999999 212.5581108987407
4.999999999999998 212.5581108987407
5.099999999999998 212.5581108987407
5.199999999999998 212.5581108987407
5.299999999999997 212.5581108987407
5.399999999999997 212.5581108987407
5.499999999999996 212.5581108987407
5.599999999999996 212.5581108987407
5.699999999999996 212.5581108987407
5.799999999999995 212.5581108987407
5.899999999999995 212.5581108987407
5.999999999999995 212.5581108987407
6.099999999999994 212.5581108987407
6.199999999999994 212.5581108987407
6.299999999999994 212.5581108987407
6.399999999999993 212.5581108987407
6.499999999999993 212.5581108987407
6.599999999999993 212.5581108987407
6.699999999999992 212.5581108987407
6.799999999999992 212.5581108987407
6.899999999999991 212.5581108987407
6.999999999999991 212.5581108987407
7.099999999999991 212.5581108987407
7.19999999999999 212.5581108987407
7.29999999999999 212.5581108987407
7.39999999999999 212.5581108987407
7.499999999999989 212.5581108987407
7.599999999999989 212.5581108987407
7.699999999999989 212.5581108987407
7.799999999999988 212.5581108987407
7.899999999999988 212.5581108987407
7.999999999999988 212.5581108987407
8.099999999999987 212.5581108987407
8.199999999999987 212.5581108987407
8.299999999999986 212.5581108987407
8.399999999999986 212.5581108987407
8.499999999999986 212.5581108987407
8.599999999999985 212.5581108987407
8.699999999999985 212.5581108987407
8.799999999999985 212.5581108987407
8.899999999999984 212.5581108987407
8.999999999999984 212.5581108987407
9.099999999999984 212.5581108987407
9.199999999999983 212.5581108987407
9.299999999999983 212.5581108987407
9.399999999999983 212.5581108987407
9.499999999999982 212.5581108987407
9.599999999999982 212.5581108987407
9.699999999999982 212.5581108987407
9.799999999999981 212.5581108987407
9.899999999999981 212.5581108987407
9.99999999999998 212.5581108987407
10.09999999999998 212.5581108987407
10.19999999999998 212.5581108987407
10.29999999999998 212.5581108987407
10.39999999999998 212.5581108987407
10.49999999999998 212.5581108987407
10.59999999999998 212.5581108987407
10.69999999999998 212.5581108987407
10.79999999999998 212.5581108987407
10.89999999999998 212.5581108987407
10.99999999999998 212.5581108987407
11.09999999999998 212.5581108987407
11.19999999999998 212.5581108987407
11.29999999999998 212.5581108987407
11.39999999999998 212.5581108987407
11.49999999999998 212.5581108987407
11.59999999999997 212.5581108987407
11.69999999999997 212.5581108987407
11.79999999999997 212.5581108987407
11.89999999999997 212.5581108987407
11.99999999999997 212.5581108987407
12.09999999999997 212.5581108987407
12.19999999999997 212.5581108987407
12.29999999999997 212.5581108987407
12.39999999999997 212.5581108987407
12.49999999999997 212.5581108987407
12.59999999999997 212.5581108987407
12.69999999999997 212.5581108987407
12.79999999999997 212.5581108987407
12.89999999999997 212.5581108987407
12.99999999999997 212.5581108987407
13.09999999999997 212.5581108987407
13.19999999999997 212.5581108987407
13.29999999999997 212.5581108987407
13.39999999999997 212.5581108987407
13.49999999999997 212.5581108987407
13.59999999999997 212.5581108987407
13.69999999999997 212.5581108987407
13.79999999999997 212.5581108987407
13.89999999999997 212.5581108987407
13.99999999999997 212.5581108987407
14.09999999999997 212.5581108987407
14.19999999999997 212.5581108987407
14.29999999999997 212.5581108987407
14.39999999999996 212.5581108987407
14.49999999999996 212.5581108987407
14.59999999999996 212.5581108987407
14.69999999999996 212.5581108987407
14.79999999999996 212.5581108987407
14.89999999999996 212.5581108987407
14.99999999999996 212.5581108987407
15.09999999999996 212.5581108987407
15.19999999999996 212.5581108987407
15.29999999999996 212.5581108987407
15.39999999999996 212.5581108987407
15.49999999999996 212.5581108987407
15.59999999999996 212.5581108987407
15.69999999999996 212.5581108987407
15.79999999999996 212.5581108987407
15.89999999999996 212.5581108987407
15.99999999999996 212.5581108987407
16.09999999999996 212.5581108987407
16.19999999999996 212.5581108987407
16.29999999999996 212.5581108987407
16.39999999999996 212.5581108987407
16.49999999999996 212.5581108987407
16.59999999999997 212.5581108987407
16.69999999999997 212.5581108987407
16.79999999999997 212.5581108987407
16.89999999999997 212.5581108987407
16.99999999999997 212.5581108987407
17.09999999999997 212.5581108987407
17.19999999999997 212.5581108987407
17.29999999999998 212.5581108987407
17.39999999999998 212.5581108987407
17.49999999999998 212.5581108987407
17.59999999999998 212.5581108987407
17.69999999999998 212.5581108987407
17.79999999999998 212.5581108987407
17.89999999999998 212.5581108987407
17.99999999999999 212.5581108987407
18.09999999999999 212.5581108987407
18.19999999999999 212.5581108987407
18.29999999999999 212.5581108987407
18.39999999999999 212.5581108987407
18.49999999999999 212.5581108987407
18.59999999999999 212.5581108987407
18.7 212.5581108987407
18.8 212.5581108987407
18.9 212.5581108987407
19 212.5581108987407
19.1 212.5581108987407
19.2 212.5581108987407
19.3 212.5581108987407
19.40000000000001 212.5581108987407
19.50000000000001 212.5581108987407
19.60000000000001 212.5581108987407
19.70000000000001 212.5581108987407
19.80000000000001 212.5581108987407
19.90000000000001 212.5581108987407
20.00000000000001 212.5581108987407
20.10000000000002 212.5581108987407
20.20000000000002 212.5581108987407
20.30000000000002 212.5581108987407
20.40000000000002 212.5581108987407
20.50000000000002 212.5581108987407
20.60000000000002 212.5581108987407
20.70000000000002 212.5581108987407
20.80000000000003 212.5581108987407
20.90000000000003 212.5581108987407
21.00000000000003 212.5581108987407
21.10000000000003 212.5581108987407
21.20000000000003 212.5581108987407
21.30000000000003 212.5581108987407
21.40000000000003 212.5581108987407
21.50000000000004 212.5581108987407
21.60000000000004 212.5581108987407
21.70000000000004 212.5581108987407
21.80000000000004 212.5581108987407
21.90000000000004 212.5581108987407
22.00000000000004 212.5581108987407
22.10000000000004 212.5581108987407
22.20000000000005 212.5581108987407
22.30000000000005 212.5581108987407
22.40000000000005 212.5581108987407
22.50000000000005 212.5581108987407
22.60000000000005 212.5581108987407
22.70000000000005 212.5581108987407
22.80000000000005 212.5581108987407
22.90000000000006 212.5581108987407
23.00000000000006 212.5581108987407
23.10000000000006 212.5581108987407
23.20000000000006 212.5581108987407
23.30000000000006 212.5581108987407
23.40000000000006 212.5581108987407
23.50000000000006 212.5581108987407
23.60000000000007 212.5581108987407
23.70000000000007 212.5581108987407
23.80000000000007 212.5581108987407
23.90000000000007 212.5581108987407
24.00000000000007 212.5581108987407
24.10000000000007 212.5581108987407
24.20000000000007 212.5581108987407
24.30000000000008 212.5581108987407
24.40000000000008 212.5581108987407
24.50000000000008 212.5581108987407
24.60000000000008 212.5581108987407
24.70000000000008 212.5581108987407
24.80000000000008 212.5581108987407
24.90000000000008 212.5581108987407
25.00000000000009 212.5581108987407
25.10000000000009 212.5581108987407
25.20000000000009 212.5581108987407
25.30000000000009 212.5581108987407
25.40000000000009 212.5581108987407
25.50000000000009 212.5581108987407
25.60000000000009 212.5581108987407
25.7000000000001 212.5581108987407
25.8000000000001 212.5581108987407
25.9000000000001 212.5581108987407
26.0000000000001 212.5581108987407
26.1000000000001 212.5581108987407
26.2000000000001 212.5581108987407
26.3000000000001 212.5581108987407
26.40000000000011 212.5581108987407
26.50000000000011 212.5581108987407
26.60000000000011 212.5581108987407
26.70000000000011 212.5581108987407
26.80000000000011 212.5581108987407
26.90000000000011 212.5581108987407
27.00000000000011 212.5581108987407
27.10000000000012 212.5581108987407
27.20000000000012 212.5581108987407
27.30000000000012 212.5581108987407
27.40000000000012 212.5581108987407
27.50000000000012 212.5581108987407
27.60000000000012 212.5581108987407
27.70000000000012 212.5581108987407
27.80000000000013 212.5581108987407
27.90000000000013 212.5581108987407
28.00000000000013 212.5581108987407
28.10000000000013 212.5581108987407
28.20000000000013 212.5581108987407
28.30000000000013 212.5581108987407
28.40000000000013 212.5581108987407
28.50000000000014 212.5581108987407
28.60000000000014 212.5581108987407
28.70000000000014 212.5581108987407
28.80000000000014 212.5581108987407
28.90000000000014 212.5581108987407
29.00000000000014 212.5581108987407
29.10000000000014 212.5581108987407
29.20000000000014 212.5581108987407
29.30000000000015 212.5581108987407
29.40000000000015 212.5581108987407
29.50000000000015 212.5581108987407
29.60000000000015 212.5581108987407
29.70000000000015 212.5581108987407
29.80000000000015 212.5581108987407
29.90000000000015 212.5581108987407
30.00000000000016 212.5581108987407
30.10000000000016 212.5581108987407
30.20000000000016 212.5581108987407
30.30000000000016 212.5581108987407
30.40000000000016 212.5581108987407
30.50000000000016 212.5581108987407
30.60000000000016 212.5581108987407
30.70000000000017 212.5581108987407
30.80000000000017 212.5581108987407
30.90000000000017 212.5581108987407
31.00000000000017 212.5581108987407
31.10000000000017 212.5581108987407
31.20000000000017 212.5581108987407
31.30000000000017 212.5581108987407
31.40000000000018 212.5581108987407
31.50000000000018 212.5581108987407
31.60000000000018 212.5581108987407
31.70000000000018 212.5581108987407
31.80000000000018 212.5581108987407
31.90000000000018 212.5581108987407
32.00000000000018 212.5581108987407
32.10000000000019 212.5581108987407
32.20000000000019 212.5581108987407
32.30000000000019 212.5581108987407
32.40000000000019 212.5581108987407
32.50000000000019 212.5581108987407
32.60000000000019 212.5581108987407
32.70000000000019 212.5581108987407
32.8000000000002 212.5581108987407
32.9000000000002 212.5581108987407
33.0000000000002 212.5581108987407
33.1000000000002 212.5581108987407
33.2000000000002 212.5581108987407
33.3000000000002 212.5581108987407
33.4000000000002 212.5581108987407
33.50000000000021 212.5581108987407
33.60000000000021 212.5581108987407
33.70000000000021 212.5581108987407
33.80000000000021 212.5581108987407
33.90000000000021 212.5581108987407
34.00000000000021 212.5581108987407
34.10000000000021 212.5581108987407
34.20000000000022 212.5581108987407
34.30000000000022 212.5581108987407
34.40000000000022 212.5581108987407
34.50000000000022 212.5581108987407
34.60000000000022 212.5581108987407
34.70000000000022 212.5581108987407
34.80000000000022 212.5581108987407
34.90000000000023 212.5581108987407
35.00000000000023 212.5581108987407
35.10000000000023 212.5581108987407
35.20000000000023 212.5581108987407
35.30000000000023 212.5581108987407
35.40000000000023 212.5581108987407
35.50000000000023 212.5581108987407
35.60000000000024 212.5581108987407
35.70000000000024 212.5581108987407
35.80000000000024 212.5581108987407
35.90000000000024 212.5581108987407
36.00000000000024 212.5581108987407
36.10000000000024 212.5581108987407
36.20000000000024 212.5581108987407
36.30000000000025 212.5581108987407
36.40000000000025 212.5581108987407
36.50000000000025 212.5581108987407
36.60000000000025 212.5581108987407
36.70000000000025 212.5581108987407
36.80000000000025 212.5581108987407
36.90000000000025 212.5581108987408
37.00000000000026 212.5581108987408
37.10000000000026 212.5581108987408
37.20000000000026 212.5581108987408
37.30000000000026 212.5581108987408
37.40000000000026 212.5581108987408
37.50000000000026 212.5581108987408
37.60000000000026 212.5581108987408
37.70000000000027 212.5581108987408
37.80000000000027 212.5581108987408
37.90000000000027 212.5581108987408
38.00000000000027 212.5581108987408
38.10000000000027 212.5581108987408
38.20000000000027 212.5581108987408
38.30000000000027 212.5581108987408
38.40000000000028 212.5581108987408
38.50000000000028 212.5581108987408
38.60000000000028 212.5581108987408
38.70000000000028 212.5581108987408
38.80000000000028 212.5581108987408
38.90000000000028 212.5581108987408
39.00000000000028 212.5581108987408
39.10000000000029 212.5581108987408
39.20000000000029 212.5581108987408
39.30000000000029 212.5581108987408
39.40000000000029 212.5581108987408
39.50000000000029 212.5581108987408
39.60000000000029 212.5581108987408
39.70000000000029 212.5581108987408
39.8000000000003 212.5581108987408
39.9000000000003 212.5581108987408
40.0000000000003 212.5581108987408
40.1000000000003 212.5581108987408
40.2000000000003 212.5581108987408
40.3000000000003 212.5581108987408
40.4000000000003 212.5581108987408
40.50000000000031 212.5581108987408
40.60000000000031 212.5581108987408
40.70000000000031 212.5581108987408
40.80000000000031 212.5581108987408
40.90000000000031 212.5581108987408
41.00000000000031 212.5581108987408
41.10000000000031 212.5581108987408
41.20000000000032 212.5581108987408
41.30000000000032 212.5581108987408
41.40000000000032 212.5581108987408
41.50000000000032 212.5581108987408
41.60000000000032 212.5581108987408
41.70000000000032 212.5581108987408
41.80000000000032 212.5581108987408
41.90000000000033 212.5581108987408
42.00000000000033 212.5581108987408
42.10000000000033 212.5581108987408
42.20000000000033 212.5581108987408
42.30000000000033 212.5581108987408
42.40000000000033 212.5581108987408
42.50000000000033 212.5581108987408
42.60000000000034 212.5581108987408
42.70000000000034 212.5581108987408
42.80000000000034 212.5581108987408
42.90000000000034 212.5581108987408
43.00000000000034 212.5581108987408
43.10000000000034 212.5581108987408
43.20000000000034 212.5581108987408
43.30000000000035 212.5581108987408
43.40000000000035 212.5581108987408
43.50000000000035 212.5581108987408
43.60000000000035 212.5581108987408
43.70000000000035 212.5581108987408
43.80000000000035 212.5581108987408
43.90000000000035 212.5581108987408
44.00000000000036 212.5581108987408
44.10000000000036 212.5581108987408
44.20000000000036 212.5581108987408
44.30000000000036 212.5581108987408
44.40000000000036 212.5581108987408
44.50000000000036 212.5581108987408
44.60000000000036 212.5581108987408
44.70000000000037 212.5581108987408
44.80000000000037 212.5581108987408
44.90000000000037 212.5581108987408
45.00000000000037 212.5581108987408
45.10000000000037 212.5581108987408
45.20000000000037 212.5581108987408
45.30000000000037 212.5581108987408
45.40000000000038 212.5581108987408
45.50000000000038 212.5581108987408
45.60000000000038 212.5581108987408
45.70000000000038 212.5581108987408
45.80000000000038 212.5581108987408
45.90000000000038 212.5581108987408
46.00000000000038 212.5581108987408
46.10000000000039 212.5581108987408
46.20000000000039 212.5581108987408
46.30000000000039 212.5581108987408
46.40000000000039 212.5581108987408
46.50000000000039 212.5581108987408
46.60000000000039 212.5581108987408
46.70000000000039 212.5581108987408
46.8000000000004 212.5581108987408
46.9000000000004 212.5581108987408
47.0000000000004 212.5581108987408
47.1000000000004 212.5581108987408
47.2000000000004 212.5581108987408
47.3000000000004 212.5581108987408
47.4000000000004 212.5581108987408
47.50000000000041 212.5581108987408
47.60000000000041 212.5581108987408
47.70000000000041 212.5581108987408
47.80000000000041 212.5581108987408
47.90000000000041 212.5581108987408
48.00000000000041 212.5581108987408
48.10000000000041 212.5581108987408
48.20000000000041 212.5581108987408
48.30000000000042 212.5581108987408
48.40000000000042 212.5581108987408
48.50000000000042 212.5581108987408
48.60000000000042 212.5581108987408
48.70000000000042 212.5581108987408
48.80000000000042 212.5581108987408
48.90000000000042 212.5581108987408
49.00000000000043 212.5581108987408
49.10000000000043 212.5581108987408
49.20000000000043 212.5581108987408
49.30000000000043 212.5581108987408
49.40000000000043 212.5581108987408
49.50000000000043 212.5581108987408
49.60000000000043 212.5581108987408
49.70000000000044 212.5581108987408
49.80000000000044 212.5581108987408
49.90000000000044 212.5581108987408