Time X1
0 250
0.1 341.8528143226571
0.2 341.8528143225357
0.3 341.8528143225355
0.4 341.8528143225355
0.5 341.8528143225355
0.6 341.8528143225355
0.7 341.8528143225355
0.7999999999999999 341.8528143225355
0.8999999999999999 341.8528143225355
0.9999999999999999 341.8528143225355
1.1 341.8528143225355
1.2 341.8528143225355
1.3 341.8528143225355
1.4 341.8528143225355
1.5 341.8528143225355
1.6 341.8528143225355
1.7 341.8528143225356
1.8 341.8528143225356
1.900000000000001 341.8528143225356
2 341.8528143225356
2.100000000000001 341.8528143225356
2.200000000000001 341.8528143225356
2.300000000000001 341.8528143225356
2.400000000000001 341.8528143225356
2.500000000000001 341.8528143225356
2.600000000000001 341.8528143225356
2.700000000000001 341.8528143225356
2.800000000000001 341.8528143225356
2.900000000000001 341.8528143225356
3.000000000000001 341.8528143225356
3.100000000000001 341.8528143225356
3.200000000000002 341.8528143225356
3.300000000000002 341.8528143225356
3.400000000000002 341.8528143225356
3.500000000000002 341.8528143225356
3.600000000000002 341.8528143225356
3.700000000000002 341.8528143225356
3.800000000000002 341.8528143225356
3.900000000000002 341.8528143225356
4.000000000000002 341.8528143225356
4.100000000000001 341.8528143225356
4.200000000000001 341.8528143225356
4.300000000000001 341.8528143225356
4.4 341.8528143225356
4.5 341.8528143225356
4.6 341.8528143225356
4.699999999999999 341.8528143225356
4.799999999999999 341.8528143225356
4.899999999999999 341.8528143225356
4.999999999999998 341.8528143225356
5.099999999999998 341.8528143225356
5.199999999999998 341.8528143225356
5.299999999999997 341.8528143225356
5.399999999999997 341.8528143225356
5.499999999999996 341.8528143225356
5.599999999999996 341.8528143225356
5.699999999999996 341.8528143225356
5.799999999999995 341.8528143225355
5.899999999999995 341.8528143225355
5.999999999999995 341.8528143225355
6.099999999999994 341.8528143225355
6.199999999999994 341.8528143225355
6.299999999999994 341.8528143225355
6.399999999999993 341.8528143225355
6.499999999999993 341.8528143225355
6.599999999999993 341.8528143225355
6.699999999999992 341.8528143225355
6.799999999999992 341.8528143225355
6.899999999999991 341.8528143225355
6.999999999999991 341.8528143225355
7.099999999999991 341.8528143225355
7.19999999999999 341.8528143225355
7.29999999999999 341.8528143225355
7.39999999999999 341.8528143225355
7.499999999999989 341.8528143225355
7.599999999999989 341.8528143225355
7.699999999999989 341.8528143225355
7.799999999999988 341.8528143225355
7.899999999999988 341.8528143225355
7.999999999999988 341.8528143225355
8.099999999999987 341.8528143225355
8.199999999999987 341.8528143225355
8.299999999999986 341.8528143225355
8.399999999999986 341.8528143225355
8.499999999999986 341.8528143225355
8.599999999999985 341.8528143225355
8.699999999999985 341.8528143225355
8.799999999999985 341.8528143225355
8.899999999999984 341.8528143225355
8.999999999999984 341.8528143225355
9.099999999999984 341.8528143225355
9.199999999999983 341.8528143225355
9.299999999999983 341.8528143225355
9.399999999999983 341.8528143225355
9.499999999999982 341.8528143225355
9.599999999999982 341.8528143225355
9.699999999999982 341.8528143225355
9.799999999999981 341.8528143225355
9.899999999999981 341.8528143225355
9.99999999999998 341.8528143225355
10.09999999999998 341.8528143225355
10.19999999999998 341.8528143225355
10.29999999999998 341.8528143225355
10.39999999999998 341.8528143225355
10.49999999999998 341.8528143225355
10.59999999999998 341.8528143225355
10.69999999999998 341.8528143225355
10.79999999999998 341.8528143225355
10.89999999999998 341.8528143225355
10.99999999999998 341.8528143225355
11.09999999999998 341.8528143225355
11.19999999999998 341.8528143225355
11.29999999999998 341.8528143225355
11.39999999999998 341.8528143225355
11.49999999999998 341.8528143225355
11.59999999999997 341.8528143225355
11.69999999999997 341.8528143225355
11.79999999999997 341.8528143225355
11.89999999999997 341.8528143225355
11.99999999999997 341.8528143225355
12.09999999999997 341.8528143225355
12.19999999999997 341.8528143225355
12.29999999999997 341.8528143225355
12.39999999999997 341.8528143225355
12.49999999999997 341.8528143225355
12.59999999999997 341.8528143225355
12.69999999999997 341.8528143225355
12.79999999999997 341.8528143225355
12.89999999999997 341.8528143225355
12.99999999999997 341.8528143225355
13.09999999999997 341.8528143225355
13.19999999999997 341.8528143225355
13.29999999999997 341.8528143225355
13.39999999999997 341.8528143225355
13.49999999999997 341.8528143225355
13.59999999999997 341.8528143225355
13.69999999999997 341.8528143225355
13.79999999999997 341.8528143225355
13.89999999999997 341.8528143225355
13.99999999999997 341.8528143225355
14.09999999999997 341.8528143225355
14.19999999999997 341.8528143225355
14.29999999999997 341.8528143225355
14.39999999999996 341.8528143225355
14.49999999999996 341.8528143225355
14.59999999999996 341.8528143225355
14.69999999999996 341.8528143225355
14.79999999999996 341.8528143225355
14.89999999999996 341.8528143225355
14.99999999999996 341.8528143225356
15.09999999999996 341.8528143225356
15.19999999999996 341.8528143225356
15.29999999999996 341.8528143225356
15.39999999999996 341.8528143225356
15.49999999999996 341.8528143225356
15.59999999999996 341.8528143225356
15.69999999999996 341.8528143225356
15.79999999999996 341.8528143225356
15.89999999999996 341.8528143225356
15.99999999999996 341.8528143225356
16.09999999999996 341.8528143225356
16.19999999999996 341.8528143225356
16.29999999999996 341.8528143225356
16.39999999999996 341.8528143225356
16.49999999999996 341.8528143225356
16.59999999999997 341.8528143225356
16.69999999999997 341.8528143225356
16.79999999999997 341.8528143225356
16.89999999999997 341.8528143225356
16.99999999999997 341.8528143225356
17.09999999999997 341.8528143225356
17.19999999999997 341.8528143225356
17.29999999999998 341.8528143225356
17.39999999999998 341.8528143225356
17.49999999999998 341.8528143225356
17.59999999999998 341.8528143225356
17.69999999999998 341.8528143225356
17.79999999999998 341.8528143225356
17.89999999999998 341.8528143225356
17.99999999999999 341.8528143225356
18.09999999999999 341.8528143225356
18.19999999999999 341.8528143225356
18.29999999999999 341.8528143225356
18.39999999999999 341.8528143225356
18.49999999999999 341.8528143225356
18.59999999999999 341.8528143225356
18.7 341.8528143225356
18.8 341.8528143225356
18.9 341.8528143225356
19 341.8528143225356
19.1 341.8528143225356
19.2 341.8528143225356
19.3 341.8528143225356
19.40000000000001 341.8528143225356
19.50000000000001 341.8528143225356
19.60000000000001 341.8528143225356
19.70000000000001 341.8528143225356
19.80000000000001 341.8528143225356
19.90000000000001 341.8528143225356
20.00000000000001 341.8528143225356
20.10000000000002 341.8528143225356
20.20000000000002 341.8528143225356
20.30000000000002 341.8528143225356
20.40000000000002 341.8528143225356
20.50000000000002 341.8528143225356
20.60000000000002 341.8528143225356
20.70000000000002 341.8528143225356
20.80000000000003 341.8528143225356
20.90000000000003 341.8528143225356
21.00000000000003 341.8528143225356
21.10000000000003 341.8528143225356
21.20000000000003 341.8528143225356
21.30000000000003 341.8528143225356
21.40000000000003 341.8528143225356
21.50000000000004 341.8528143225356
21.60000000000004 341.8528143225356
21.70000000000004 341.8528143225356
21.80000000000004 341.8528143225356
21.90000000000004 341.8528143225356
22.00000000000004 341.8528143225356
22.10000000000004 341.8528143225356
22.20000000000005 341.8528143225356
22.30000000000005 341.8528143225356
22.40000000000005 341.8528143225356
22.50000000000005 341.8528143225356
22.60000000000005 341.8528143225356
22.70000000000005 341.8528143225356
22.80000000000005 341.8528143225356
22.90000000000006 341.8528143225356
23.00000000000006 341.8528143225356
23.10000000000006 341.8528143225356
23.20000000000006 341.8528143225356
23.30000000000006 341.8528143225356
23.40000000000006 341.8528143225356
23.50000000000006 341.8528143225356
23.60000000000007 341.8528143225356
23.70000000000007 341.8528143225356
23.80000000000007 341.8528143225356
23.90000000000007 341.8528143225356
24.00000000000007 341.8528143225356
24.10000000000007 341.8528143225356
24.20000000000007 341.8528143225356
24.30000000000008 341.8528143225356
24.40000000000008 341.8528143225356
24.50000000000008 341.8528143225356
24.60000000000008 341.8528143225356
24.70000000000008 341.8528143225356
24.80000000000008 341.8528143225356
24.90000000000008 341.8528143225356
25.00000000000009 341.8528143225356
25.10000000000009 341.8528143225356
25.20000000000009 341.8528143225356
25.30000000000009 341.8528143225356
25.40000000000009 341.8528143225356
25.50000000000009 341.8528143225356
25.60000000000009 341.8528143225356
25.7000000000001 341.8528143225356
25.8000000000001 341.8528143225356
25.9000000000001 341.8528143225356
26.0000000000001 341.8528143225356
26.1000000000001 341.8528143225356
26.2000000000001 341.8528143225356
26.3000000000001 341.8528143225356
26.40000000000011 341.8528143225356
26.50000000000011 341.8528143225356
26.60000000000011 341.8528143225356
26.70000000000011 341.8528143225356
26.80000000000011 341.8528143225356
26.90000000000011 341.8528143225356
27.00000000000011 341.8528143225356
27.10000000000012 341.8528143225356
27.20000000000012 341.8528143225356
27.30000000000012 341.8528143225356
27.40000000000012 341.8528143225356
27.50000000000012 341.8528143225356
27.60000000000012 341.8528143225356
27.70000000000012 341.8528143225356
27.80000000000013 341.8528143225356
27.90000000000013 341.8528143225356
28.00000000000013 341.8528143225356
28.10000000000013 341.8528143225356
28.20000000000013 341.8528143225356
28.30000000000013 341.8528143225356
28.40000000000013 341.8528143225356
28.50000000000014 341.8528143225356
28.60000000000014 341.8528143225356
28.70000000000014 341.8528143225356
28.80000000000014 341.8528143225356
28.90000000000014 341.8528143225356
29.00000000000014 341.8528143225356
29.10000000000014 341.8528143225356
29.20000000000014 341.8528143225356
29.30000000000015 341.8528143225356
29.40000000000015 341.8528143225356
29.50000000000015 341.8528143225356
29.60000000000015 341.8528143225356
29.70000000000015 341.8528143225356
29.80000000000015 341.8528143225356
29.90000000000015 341.8528143225356
30.00000000000016 341.8528143225356
30.10000000000016 341.8528143225356
30.20000000000016 341.8528143225356
30.30000000000016 341.8528143225356
30.40000000000016 341.8528143225356
30.50000000000016 341.8528143225356
30.60000000000016 341.8528143225356
30.70000000000017 341.8528143225356
30.80000000000017 341.8528143225356
30.90000000000017 341.8528143225356
31.00000000000017 341.8528143225356
31.10000000000017 341.8528143225356
31.20000000000017 341.8528143225356
31.30000000000017 341.8528143225356
31.40000000000018 341.8528143225356
31.50000000000018 341.8528143225356
31.60000000000018 341.8528143225356
31.70000000000018 341.8528143225356
31.80000000000018 341.8528143225356
31.90000000000018 341.8528143225356
32.00000000000018 341.8528143225356
32.10000000000019 341.8528143225356
32.20000000000019 341.8528143225356
32.30000000000019 341.8528143225356
32.40000000000019 341.8528143225356
32.50000000000019 341.8528143225356
32.60000000000019 341.8528143225356
32.70000000000019 341.8528143225356
32.8000000000002 341.8528143225356
32.9000000000002 341.8528143225356
33.0000000000002 341.8528143225356
33.1000000000002 341.8528143225356
33.2000000000002 341.8528143225356
33.3000000000002 341.8528143225356
33.4000000000002 341.8528143225356
33.50000000000021 341.8528143225356
33.60000000000021 341.8528143225356
33.70000000000021 341.8528143225356
33.80000000000021 341.8528143225356
33.90000000000021 341.8528143225356
34.00000000000021 341.8528143225356
34.10000000000021 341.8528143225356
34.20000000000022 341.8528143225356
34.30000000000022 341.8528143225356
34.40000000000022 341.8528143225356
34.50000000000022 341.8528143225356
34.60000000000022 341.8528143225356
34.70000000000022 341.8528143225356
34.80000000000022 341.8528143225356
34.90000000000023 341.8528143225356
35.00000000000023 341.8528143225356
35.10000000000023 341.8528143225356
35.20000000000023 341.8528143225356
35.30000000000023 341.8528143225356
35.40000000000023 341.8528143225356
35.50000000000023 341.8528143225356
35.60000000000024 341.8528143225356
35.70000000000024 341.8528143225356
35.80000000000024 341.8528143225356
35.90000000000024 341.8528143225356
36.00000000000024 341.8528143225356
36.10000000000024 341.8528143225356
36.20000000000024 341.8528143225356
36.30000000000025 341.8528143225356
36.40000000000025 341.8528143225356
36.50000000000025 341.8528143225356
36.60000000000025 341.8528143225356
36.70000000000025 341.8528143225356
36.80000000000025 341.8528143225356
36.90000000000025 341.8528143225356
37.00000000000026 341.8528143225356
37.10000000000026 341.8528143225356
37.20000000000026 341.8528143225356
37.30000000000026 341.8528143225356
37.40000000000026 341.8528143225356
37.50000000000026 341.8528143225356
37.60000000000026 341.8528143225356
37.70000000000027 341.8528143225356
37.80000000000027 341.8528143225356
37.90000000000027 341.8528143225356
38.00000000000027 341.8528143225356
38.10000000000027 341.8528143225356
38.20000000000027 341.8528143225356
38.30000000000027 341.8528143225356
38.40000000000028 341.8528143225356
38.50000000000028 341.8528143225356
38.60000000000028 341.8528143225356
38.70000000000028 341.8528143225356
38.80000000000028 341.8528143225356
38.90000000000028 341.8528143225356
39.00000000000028 341.8528143225356
39.10000000000029 341.8528143225356
39.20000000000029 341.8528143225356
39.30000000000029 341.8528143225356
39.40000000000029 341.8528143225356
39.50000000000029 341.8528143225356
39.60000000000029 341.8528143225356
39.70000000000029 341.8528143225356
39.8000000000003 341.8528143225356
39.9000000000003 341.8528143225356
40.0000000000003 341.8528143225356
40.1000000000003 341.8528143225356
40.2000000000003 341.8528143225356
40.3000000000003 341.8528143225356
40.4000000000003 341.8528143225356
40.50000000000031 341.8528143225356
40.60000000000031 341.8528143225356
40.70000000000031 341.8528143225356
40.80000000000031 341.8528143225356
40.90000000000031 341.8528143225356
41.00000000000031 341.8528143225356
41.10000000000031 341.8528143225356
41.20000000000032 341.8528143225356
41.30000000000032 341.8528143225356
41.40000000000032 341.8528143225356
41.50000000000032 341.8528143225356
41.60000000000032 341.8528143225356
41.70000000000032 341.8528143225356
41.80000000000032 341.8528143225356
41.90000000000033 341.8528143225356
42.00000000000033 341.8528143225356
42.10000000000033 341.8528143225356
42.20000000000033 341.8528143225356
42.30000000000033 341.8528143225356
42.40000000000033 341.8528143225355
42.50000000000033 341.8528143225355
42.60000000000034 341.8528143225355
42.70000000000034 341.8528143225355
42.80000000000034 341.8528143225355
42.90000000000034 341.8528143225355
43.00000000000034 341.8528143225355
43.10000000000034 341.8528143225355
43.20000000000034 341.8528143225355
43.30000000000035 341.8528143225355
43.40000000000035 341.8528143225355
43.50000000000035 341.8528143225355
43.60000000000035 341.8528143225355
43.70000000000035 341.8528143225355
43.80000000000035 341.8528143225355
43.90000000000035 341.8528143225355
44.00000000000036 341.8528143225355
44.10000000000036 341.8528143225355
44.20000000000036 341.8528143225355
44.30000000000036 341.8528143225355
44.40000000000036 341.8528143225355
44.50000000000036 341.8528143225355
44.60000000000036 341.8528143225355
44.70000000000037 341.8528143225355
44.80000000000037 341.8528143225355
44.90000000000037 341.8528143225355
45.00000000000037 341.8528143225355
45.10000000000037 341.8528143225355
45.20000000000037 341.8528143225355
45.30000000000037 341.8528143225355
45.40000000000038 341.8528143225355
45.50000000000038 341.8528143225355
45.60000000000038 341.8528143225355
45.70000000000038 341.8528143225355
45.80000000000038 341.8528143225355
45.90000000000038 341.8528143225355
46.00000000000038 341.8528143225355
46.10000000000039 341.8528143225355
46.20000000000039 341.8528143225355
46.30000000000039 341.8528143225355
46.40000000000039 341.8528143225355
46.50000000000039 341.8528143225355
46.60000000000039 341.8528143225355
46.70000000000039 341.8528143225355
46.8000000000004 341.8528143225355
46.9000000000004 341.8528143225355
47.0000000000004 341.8528143225355
47.1000000000004 341.8528143225355
47.2000000000004 341.8528143225355
47.3000000000004 341.8528143225355
47.4000000000004 341.8528143225355
47.50000000000041 341.8528143225355
47.60000000000041 341.8528143225355
47.70000000000041 341.8528143225355
47.80000000000041 341.8528143225355
47.90000000000041 341.8528143225355
48.00000000000041 341.8528143225355
48.10000000000041 341.8528143225355
48.20000000000041 341.8528143225355
48.30000000000042 341.8528143225355
48.40000000000042 341.8528143225355
48.50000000000042 341.8528143225355
48.60000000000042 341.8528143225355
48.70000000000042 341.8528143225355
48.80000000000042 341.8528143225355
48.90000000000042 341.8528143225355
49.00000000000043 341.8528143225355
49.10000000000043 341.8528143225355
49.20000000000043 341.8528143225355
49.30000000000043 341.8528143225355
49.40000000000043 341.8528143225355
49.50000000000043 341.8528143225355
49.60000000000043 341.8528143225355
49.70000000000044 341.8528143225355
49.80000000000044 341.8528143225355
49.90000000000044 341.8528143225355