Time X1
0 250
0.1 29.08499439358949
0.2 29.08499439362035
0.3 29.0849943936512
0.4 29.08499439366976
0.5 29.08499439366985
0.6 29.08499439366994
0.7 29.08499439366998
0.7999999999999999 29.08499439366998
0.8999999999999999 29.08499439366998
0.9999999999999999 29.08499439366998
1.1 29.08499439366998
1.2 29.08499439366998
1.3 29.08499439366998
1.4 29.08499439366998
1.5 29.08499439366998
1.6 29.08499439366998
1.7 29.08499439366998
1.8 29.08499439366998
1.900000000000001 29.08499439366998
2 29.08499439366998
2.100000000000001 29.08499439366998
2.200000000000001 29.08499439366998
2.300000000000001 29.08499439366998
2.400000000000001 29.08499439366998
2.500000000000001 29.08499439366998
2.600000000000001 29.08499439366998
2.700000000000001 29.08499439366998
2.800000000000001 29.08499439366998
2.900000000000001 29.08499439366998
3.000000000000001 29.08499439366998
3.100000000000001 29.08499439366998
3.200000000000002 29.08499439366998
3.300000000000002 29.08499439366998
3.400000000000002 29.08499439366998
3.500000000000002 29.08499439366998
3.600000000000002 29.08499439366998
3.700000000000002 29.08499439366998
3.800000000000002 29.08499439366998
3.900000000000002 29.08499439366998
4.000000000000002 29.08499439366998
4.100000000000001 29.08499439366998
4.200000000000001 29.08499439366998
4.300000000000001 29.08499439366999
4.4 29.08499439366999
4.5 29.08499439366999
4.6 29.08499439366999
4.699999999999999 29.08499439366999
4.799999999999999 29.08499439366999
4.899999999999999 29.08499439366999
4.999999999999998 29.08499439366999
5.099999999999998 29.08499439366999
5.199999999999998 29.08499439366999
5.299999999999997 29.08499439366999
5.399999999999997 29.08499439366999
5.499999999999996 29.08499439366999
5.599999999999996 29.08499439366999
5.699999999999996 29.08499439366999
5.799999999999995 29.08499439366999
5.899999999999995 29.08499439366999
5.999999999999995 29.08499439366999
6.099999999999994 29.08499439366999
6.199999999999994 29.08499439366999
6.299999999999994 29.08499439366999
6.399999999999993 29.08499439366999
6.499999999999993 29.08499439366999
6.599999999999993 29.08499439366999
6.699999999999992 29.08499439366999
6.799999999999992 29.08499439366999
6.899999999999991 29.08499439366999
6.999999999999991 29.08499439366999
7.099999999999991 29.08499439366999
7.19999999999999 29.08499439366999
7.29999999999999 29.08499439366999
7.39999999999999 29.08499439366999
7.499999999999989 29.08499439366999
7.599999999999989 29.08499439366999
7.699999999999989 29.08499439366999
7.799999999999988 29.08499439366999
7.899999999999988 29.08499439366999
7.999999999999988 29.08499439366999
8.099999999999987 29.08499439366999
8.199999999999987 29.08499439366999
8.299999999999986 29.08499439366999
8.399999999999986 29.08499439366999
8.499999999999986 29.08499439366999
8.599999999999985 29.08499439366999
8.699999999999985 29.08499439366999
8.799999999999985 29.08499439366999
8.899999999999984 29.08499439366999
8.999999999999984 29.08499439366999
9.099999999999984 29.08499439366999
9.199999999999983 29.08499439366999
9.299999999999983 29.08499439366999
9.399999999999983 29.08499439366999
9.499999999999982 29.08499439366999
9.599999999999982 29.08499439366999
9.699999999999982 29.08499439366999
9.799999999999981 29.08499439366999
9.899999999999981 29.08499439366999
9.99999999999998 29.08499439366999
10.09999999999998 29.08499439366999
10.19999999999998 29.08499439366999
10.29999999999998 29.08499439366999
10.39999999999998 29.08499439366999
10.49999999999998 29.08499439366999
10.59999999999998 29.08499439366999
10.69999999999998 29.08499439366999
10.79999999999998 29.08499439366999
10.89999999999998 29.08499439366999
10.99999999999998 29.08499439366999
11.09999999999998 29.08499439366999
11.19999999999998 29.08499439366999
11.29999999999998 29.08499439366999
11.39999999999998 29.08499439366999
11.49999999999998 29.08499439366999
11.59999999999997 29.08499439366999
11.69999999999997 29.08499439366999
11.79999999999997 29.08499439366999
11.89999999999997 29.08499439366999
11.99999999999997 29.08499439366999
12.09999999999997 29.08499439366999
12.19999999999997 29.08499439366999
12.29999999999997 29.08499439366999
12.39999999999997 29.08499439366999
12.49999999999997 29.08499439366999
12.59999999999997 29.08499439366999
12.69999999999997 29.08499439366999
12.79999999999997 29.08499439366999
12.89999999999997 29.08499439366999
12.99999999999997 29.08499439366999
13.09999999999997 29.08499439366999
13.19999999999997 29.08499439366999
13.29999999999997 29.08499439366999
13.39999999999997 29.08499439366999
13.49999999999997 29.08499439366999
13.59999999999997 29.08499439366999
13.69999999999997 29.08499439366999
13.79999999999997 29.08499439366999
13.89999999999997 29.08499439366999
13.99999999999997 29.08499439366999
14.09999999999997 29.08499439366999
14.19999999999997 29.08499439366999
14.29999999999997 29.08499439366999
14.39999999999996 29.08499439366999
14.49999999999996 29.08499439366999
14.59999999999996 29.08499439366999
14.69999999999996 29.08499439366999
14.79999999999996 29.08499439366999
14.89999999999996 29.08499439366999
14.99999999999996 29.08499439366999
15.09999999999996 29.08499439366999
15.19999999999996 29.08499439366999
15.29999999999996 29.08499439366999
15.39999999999996 29.08499439366999
15.49999999999996 29.08499439366999
15.59999999999996 29.08499439366999
15.69999999999996 29.08499439366999
15.79999999999996 29.08499439366999
15.89999999999996 29.08499439366999
15.99999999999996 29.08499439366999
16.09999999999996 29.08499439366999
16.19999999999996 29.08499439366999
16.29999999999996 29.08499439366999
16.39999999999996 29.08499439366999
16.49999999999996 29.08499439366999
16.59999999999997 29.08499439366999
16.69999999999997 29.08499439366999
16.79999999999997 29.08499439366999
16.89999999999997 29.08499439366999
16.99999999999997 29.08499439366999
17.09999999999997 29.08499439366999
17.19999999999997 29.08499439366999
17.29999999999998 29.08499439366999
17.39999999999998 29.08499439366999
17.49999999999998 29.08499439366999
17.59999999999998 29.08499439366999
17.69999999999998 29.08499439366999
17.79999999999998 29.08499439366999
17.89999999999998 29.08499439366999
17.99999999999999 29.08499439366999
18.09999999999999 29.08499439366999
18.19999999999999 29.08499439366999
18.29999999999999 29.08499439366999
18.39999999999999 29.08499439366999
18.49999999999999 29.08499439366999
18.59999999999999 29.08499439366999
18.7 29.08499439366999
18.8 29.08499439366999
18.9 29.08499439366999
19 29.08499439366999
19.1 29.08499439366999
19.2 29.08499439366999
19.3 29.08499439366999
19.40000000000001 29.08499439366999
19.50000000000001 29.08499439366999
19.60000000000001 29.08499439366999
19.70000000000001 29.08499439366999
19.80000000000001 29.08499439366999
19.90000000000001 29.08499439366999
20.00000000000001 29.08499439366999
20.10000000000002 29.08499439366999
20.20000000000002 29.08499439366999
20.30000000000002 29.08499439366999
20.40000000000002 29.08499439366999
20.50000000000002 29.08499439366999
20.60000000000002 29.08499439366999
20.70000000000002 29.08499439366999
20.80000000000003 29.08499439366999
20.90000000000003 29.08499439366999
21.00000000000003 29.08499439366999
21.10000000000003 29.08499439366999
21.20000000000003 29.08499439366999
21.30000000000003 29.08499439366999
21.40000000000003 29.08499439366999
21.50000000000004 29.08499439366999
21.60000000000004 29.08499439366999
21.70000000000004 29.08499439366999
21.80000000000004 29.08499439366999
21.90000000000004 29.08499439366999
22.00000000000004 29.08499439366999
22.10000000000004 29.08499439366999
22.20000000000005 29.08499439366999
22.30000000000005 29.08499439366999
22.40000000000005 29.08499439366999
22.50000000000005 29.08499439366999
22.60000000000005 29.08499439366999
22.70000000000005 29.08499439366999
22.80000000000005 29.08499439366999
22.90000000000006 29.08499439366999
23.00000000000006 29.08499439366999
23.10000000000006 29.08499439366999
23.20000000000006 29.08499439366999
23.30000000000006 29.08499439366999
23.40000000000006 29.08499439366999
23.50000000000006 29.08499439366999
23.60000000000007 29.08499439366999
23.70000000000007 29.08499439366999
23.80000000000007 29.08499439366999
23.90000000000007 29.08499439366999
24.00000000000007 29.08499439366999
24.10000000000007 29.08499439366999
24.20000000000007 29.08499439366999
24.30000000000008 29.08499439366999
24.40000000000008 29.08499439366999
24.50000000000008 29.08499439366999
24.60000000000008 29.08499439366999
24.70000000000008 29.08499439366999
24.80000000000008 29.08499439366999
24.90000000000008 29.08499439366999
25.00000000000009 29.08499439366999
25.10000000000009 29.08499439366999
25.20000000000009 29.08499439366999
25.30000000000009 29.08499439366999
25.40000000000009 29.08499439366999
25.50000000000009 29.08499439366999
25.60000000000009 29.08499439366999
25.7000000000001 29.08499439366999
25.8000000000001 29.08499439366999
25.9000000000001 29.08499439366999
26.0000000000001 29.08499439366999
26.1000000000001 29.08499439366999
26.2000000000001 29.08499439366999
26.3000000000001 29.08499439366999
26.40000000000011 29.08499439366999
26.50000000000011 29.08499439366999
26.60000000000011 29.08499439366999
26.70000000000011 29.08499439366999
26.80000000000011 29.08499439366999
26.90000000000011 29.08499439366999
27.00000000000011 29.08499439366999
27.10000000000012 29.08499439366999
27.20000000000012 29.08499439366999
27.30000000000012 29.08499439366999
27.40000000000012 29.08499439366999
27.50000000000012 29.08499439366999
27.60000000000012 29.08499439366999
27.70000000000012 29.08499439366999
27.80000000000013 29.08499439366999
27.90000000000013 29.08499439366999
28.00000000000013 29.08499439366999
28.10000000000013 29.08499439366999
28.20000000000013 29.08499439366999
28.30000000000013 29.08499439366999
28.40000000000013 29.08499439366999
28.50000000000014 29.08499439366999
28.60000000000014 29.08499439366999
28.70000000000014 29.08499439366999
28.80000000000014 29.08499439366999
28.90000000000014 29.08499439366999
29.00000000000014 29.08499439366999
29.10000000000014 29.08499439366999
29.20000000000014 29.08499439366999
29.30000000000015 29.08499439366999
29.40000000000015 29.08499439366999
29.50000000000015 29.08499439366999
29.60000000000015 29.08499439366999
29.70000000000015 29.08499439366999
29.80000000000015 29.08499439366999
29.90000000000015 29.08499439366999
30.00000000000016 29.08499439366999
30.10000000000016 29.08499439366999
30.20000000000016 29.08499439366999
30.30000000000016 29.08499439366999
30.40000000000016 29.08499439366999
30.50000000000016 29.08499439366999
30.60000000000016 29.08499439366999
30.70000000000017 29.08499439366999
30.80000000000017 29.08499439366999
30.90000000000017 29.08499439366999
31.00000000000017 29.08499439366999
31.10000000000017 29.08499439366999
31.20000000000017 29.08499439366999
31.30000000000017 29.08499439366999
31.40000000000018 29.08499439366999
31.50000000000018 29.08499439366999
31.60000000000018 29.08499439366999
31.70000000000018 29.08499439366999
31.80000000000018 29.08499439366999
31.90000000000018 29.08499439366999
32.00000000000018 29.08499439366999
32.10000000000019 29.08499439366999
32.20000000000019 29.08499439366999
32.30000000000019 29.08499439366999
32.40000000000019 29.08499439366999
32.50000000000019 29.08499439366999
32.60000000000019 29.08499439366999
32.70000000000019 29.08499439366999
32.8000000000002 29.08499439366999
32.9000000000002 29.08499439366999
33.0000000000002 29.08499439366999
33.1000000000002 29.08499439366999
33.2000000000002 29.08499439366999
33.3000000000002 29.08499439366999
33.4000000000002 29.08499439366999
33.50000000000021 29.08499439366999
33.60000000000021 29.08499439366999
33.70000000000021 29.08499439366999
33.80000000000021 29.08499439366999
33.90000000000021 29.08499439366999
34.00000000000021 29.08499439366999
34.10000000000021 29.08499439366999
34.20000000000022 29.08499439366999
34.30000000000022 29.08499439366999
34.40000000000022 29.08499439366999
34.50000000000022 29.08499439366999
34.60000000000022 29.08499439366999
34.70000000000022 29.08499439366999
34.80000000000022 29.08499439366999
34.90000000000023 29.08499439366999
35.00000000000023 29.08499439366999
35.10000000000023 29.08499439366999
35.20000000000023 29.08499439366999
35.30000000000023 29.08499439366999
35.40000000000023 29.08499439366999
35.50000000000023 29.08499439366999
35.60000000000024 29.08499439366999
35.70000000000024 29.08499439366999
35.80000000000024 29.08499439366999
35.90000000000024 29.08499439366999
36.00000000000024 29.08499439366999
36.10000000000024 29.08499439366999
36.20000000000024 29.08499439366999
36.30000000000025 29.08499439366999
36.40000000000025 29.08499439366999
36.50000000000025 29.08499439366999
36.60000000000025 29.08499439366999
36.70000000000025 29.08499439366999
36.80000000000025 29.08499439366999
36.90000000000025 29.08499439366999
37.00000000000026 29.08499439366999
37.10000000000026 29.08499439366999
37.20000000000026 29.08499439366999
37.30000000000026 29.08499439366999
37.40000000000026 29.08499439366999
37.50000000000026 29.08499439366999
37.60000000000026 29.08499439366999
37.70000000000027 29.08499439366999
37.80000000000027 29.08499439366999
37.90000000000027 29.08499439366999
38.00000000000027 29.08499439366999
38.10000000000027 29.08499439366999
38.20000000000027 29.08499439366999
38.30000000000027 29.08499439366999
38.40000000000028 29.08499439366999
38.50000000000028 29.08499439366999
38.60000000000028 29.08499439366999
38.70000000000028 29.08499439366999
38.80000000000028 29.08499439366999
38.90000000000028 29.08499439366999
39.00000000000028 29.08499439366999
39.10000000000029 29.08499439366999
39.20000000000029 29.08499439366999
39.30000000000029 29.08499439366999
39.40000000000029 29.08499439366999
39.50000000000029 29.08499439366999
39.60000000000029 29.08499439366999
39.70000000000029 29.08499439366999
39.8000000000003 29.08499439366999
39.9000000000003 29.08499439366999
40.0000000000003 29.08499439366999
40.1000000000003 29.08499439366999
40.2000000000003 29.08499439366999
40.3000000000003 29.08499439366999
40.4000000000003 29.08499439366999
40.50000000000031 29.08499439366999
40.60000000000031 29.08499439366999
40.70000000000031 29.08499439366999
40.80000000000031 29.08499439366999
40.90000000000031 29.08499439366999
41.00000000000031 29.08499439366999
41.10000000000031 29.08499439366999
41.20000000000032 29.08499439366999
41.30000000000032 29.08499439366999
41.40000000000032 29.08499439366999
41.50000000000032 29.08499439366999
41.60000000000032 29.08499439366999
41.70000000000032 29.08499439366999
41.80000000000032 29.08499439366999
41.90000000000033 29.08499439366999
42.00000000000033 29.08499439366999
42.10000000000033 29.08499439366999
42.20000000000033 29.08499439366999
42.30000000000033 29.08499439366999
42.40000000000033 29.08499439366999
42.50000000000033 29.08499439366999
42.60000000000034 29.08499439366999
42.70000000000034 29.08499439366999
42.80000000000034 29.08499439366999
42.90000000000034 29.08499439366999
43.00000000000034 29.08499439366999
43.10000000000034 29.08499439366999
43.20000000000034 29.08499439366999
43.30000000000035 29.08499439366999
43.40000000000035 29.08499439366999
43.50000000000035 29.08499439366999
43.60000000000035 29.08499439366999
43.70000000000035 29.08499439366999
43.80000000000035 29.08499439366999
43.90000000000035 29.08499439366999
44.00000000000036 29.08499439366999
44.10000000000036 29.08499439366999
44.20000000000036 29.08499439366999
44.30000000000036 29.08499439366999
44.40000000000036 29.08499439366999
44.50000000000036 29.08499439366999
44.60000000000036 29.08499439366999
44.70000000000037 29.08499439366999
44.80000000000037 29.08499439366999
44.90000000000037 29.08499439366999
45.00000000000037 29.08499439366999
45.10000000000037 29.08499439366999
45.20000000000037 29.08499439366999
45.30000000000037 29.08499439366999
45.40000000000038 29.08499439366999
45.50000000000038 29.08499439366999
45.60000000000038 29.08499439366999
45.70000000000038 29.08499439366999
45.80000000000038 29.08499439366999
45.90000000000038 29.08499439366999
46.00000000000038 29.08499439366999
46.10000000000039 29.08499439366999
46.20000000000039 29.08499439366999
46.30000000000039 29.08499439366999
46.40000000000039 29.08499439366999
46.50000000000039 29.08499439366999
46.60000000000039 29.08499439366999
46.70000000000039 29.08499439366999
46.8000000000004 29.08499439366999
46.9000000000004 29.08499439366999
47.0000000000004 29.08499439366999
47.1000000000004 29.08499439366999
47.2000000000004 29.08499439366999
47.3000000000004 29.08499439366999
47.4000000000004 29.08499439366999
47.50000000000041 29.08499439366999
47.60000000000041 29.08499439366999
47.70000000000041 29.08499439366999
47.80000000000041 29.08499439366999
47.90000000000041 29.08499439366999
48.00000000000041 29.08499439366999
48.10000000000041 29.08499439366999
48.20000000000041 29.08499439366999
48.30000000000042 29.08499439366999
48.40000000000042 29.08499439366999
48.50000000000042 29.08499439366999
48.60000000000042 29.08499439366999
48.70000000000042 29.08499439366999
48.80000000000042 29.08499439366999
48.90000000000042 29.08499439366999
49.00000000000043 29.08499439366999
49.10000000000043 29.08499439366999
49.20000000000043 29.08499439366999
49.30000000000043 29.08499439366999
49.40000000000043 29.08499439366999
49.50000000000043 29.08499439366999
49.60000000000043 29.08499439366999
49.70000000000044 29.08499439366999
49.80000000000044 29.08499439366999
49.90000000000044 29.08499439366999