Time X1
0 250
0.1 80.02895802886685
0.2 80.02895803530156
0.3 80.02895803538642
0.4 80.02895803547128
0.5 80.02895803555613
0.6 80.02895803559714
0.7 80.02895803559744
0.7999999999999999 80.02895803559773
0.8999999999999999 80.02895803559801
0.9999999999999999 80.02895803559819
1.1 80.02895803559819
1.2 80.02895803559819
1.3 80.02895803559819
1.4 80.02895803559821
1.5 80.02895803559821
1.6 80.02895803559821
1.7 80.02895803559821
1.8 80.02895803559821
1.900000000000001 80.02895803559821
2 80.02895803559821
2.100000000000001 80.02895803559821
2.200000000000001 80.02895803559821
2.300000000000001 80.02895803559821
2.400000000000001 80.02895803559821
2.500000000000001 80.02895803559821
2.600000000000001 80.02895803559821
2.700000000000001 80.02895803559821
2.800000000000001 80.02895803559821
2.900000000000001 80.02895803559821
3.000000000000001 80.02895803559821
3.100000000000001 80.02895803559821
3.200000000000002 80.02895803559821
3.300000000000002 80.02895803559821
3.400000000000002 80.02895803559821
3.500000000000002 80.02895803559821
3.600000000000002 80.02895803559821
3.700000000000002 80.02895803559821
3.800000000000002 80.02895803559821
3.900000000000002 80.02895803559821
4.000000000000002 80.02895803559822
4.100000000000001 80.02895803559822
4.200000000000001 80.02895803559822
4.300000000000001 80.02895803559822
4.4 80.02895803559822
4.5 80.02895803559822
4.6 80.02895803559822
4.699999999999999 80.02895803559822
4.799999999999999 80.02895803559822
4.899999999999999 80.02895803559822
4.999999999999998 80.02895803559822
5.099999999999998 80.02895803559822
5.199999999999998 80.02895803559824
5.299999999999997 80.02895803559824
5.399999999999997 80.02895803559824
5.499999999999996 80.02895803559824
5.599999999999996 80.02895803559824
5.699999999999996 80.02895803559824
5.799999999999995 80.02895803559824
5.899999999999995 80.02895803559824
5.999999999999995 80.02895803559824
6.099999999999994 80.02895803559824
6.199999999999994 80.02895803559824
6.299999999999994 80.02895803559824
6.399999999999993 80.02895803559824
6.499999999999993 80.02895803559824
6.599999999999993 80.02895803559824
6.699999999999992 80.02895803559824
6.799999999999992 80.02895803559824
6.899999999999991 80.02895803559824
6.999999999999991 80.02895803559824
7.099999999999991 80.02895803559824
7.19999999999999 80.02895803559824
7.29999999999999 80.02895803559824
7.39999999999999 80.02895803559824
7.499999999999989 80.02895803559824
7.599999999999989 80.02895803559824
7.699999999999989 80.02895803559824
7.799999999999988 80.02895803559824
7.899999999999988 80.02895803559824
7.999999999999988 80.02895803559824
8.099999999999987 80.02895803559824
8.199999999999987 80.02895803559824
8.299999999999986 80.02895803559824
8.399999999999986 80.02895803559824
8.499999999999986 80.02895803559824
8.599999999999985 80.02895803559824
8.699999999999985 80.02895803559824
8.799999999999985 80.02895803559824
8.899999999999984 80.02895803559824
8.999999999999984 80.02895803559824
9.099999999999984 80.02895803559824
9.199999999999983 80.02895803559824
9.299999999999983 80.02895803559824
9.399999999999983 80.02895803559824
9.499999999999982 80.02895803559824
9.599999999999982 80.02895803559824
9.699999999999982 80.02895803559824
9.799999999999981 80.02895803559824
9.899999999999981 80.02895803559824
9.99999999999998 80.02895803559824
10.09999999999998 80.02895803559824
10.19999999999998 80.02895803559824
10.29999999999998 80.02895803559824
10.39999999999998 80.02895803559824
10.49999999999998 80.02895803559824
10.59999999999998 80.02895803559824
10.69999999999998 80.02895803559824
10.79999999999998 80.02895803559824
10.89999999999998 80.02895803559824
10.99999999999998 80.02895803559824
11.09999999999998 80.02895803559824
11.19999999999998 80.02895803559824
11.29999999999998 80.02895803559824
11.39999999999998 80.02895803559824
11.49999999999998 80.02895803559824
11.59999999999997 80.02895803559824
11.69999999999997 80.02895803559824
11.79999999999997 80.02895803559824
11.89999999999997 80.02895803559824
11.99999999999997 80.02895803559824
12.09999999999997 80.02895803559824
12.19999999999997 80.02895803559824
12.29999999999997 80.02895803559824
12.39999999999997 80.02895803559824
12.49999999999997 80.02895803559824
12.59999999999997 80.02895803559824
12.69999999999997 80.02895803559824
12.79999999999997 80.02895803559824
12.89999999999997 80.02895803559824
12.99999999999997 80.02895803559824
13.09999999999997 80.02895803559824
13.19999999999997 80.02895803559824
13.29999999999997 80.02895803559824
13.39999999999997 80.02895803559824
13.49999999999997 80.02895803559824
13.59999999999997 80.02895803559824
13.69999999999997 80.02895803559824
13.79999999999997 80.02895803559824
13.89999999999997 80.02895803559824
13.99999999999997 80.02895803559824
14.09999999999997 80.02895803559824
14.19999999999997 80.02895803559824
14.29999999999997 80.02895803559824
14.39999999999996 80.02895803559824
14.49999999999996 80.02895803559824
14.59999999999996 80.02895803559824
14.69999999999996 80.02895803559824
14.79999999999996 80.02895803559824
14.89999999999996 80.02895803559824
14.99999999999996 80.02895803559824
15.09999999999996 80.02895803559824
15.19999999999996 80.02895803559824
15.29999999999996 80.02895803559824
15.39999999999996 80.02895803559824
15.49999999999996 80.02895803559824
15.59999999999996 80.02895803559824
15.69999999999996 80.02895803559824
15.79999999999996 80.02895803559824
15.89999999999996 80.02895803559824
15.99999999999996 80.02895803559824
16.09999999999996 80.02895803559824
16.19999999999996 80.02895803559824
16.29999999999996 80.02895803559824
16.39999999999996 80.02895803559824
16.49999999999996 80.02895803559824
16.59999999999997 80.02895803559824
16.69999999999997 80.02895803559824
16.79999999999997 80.02895803559824
16.89999999999997 80.02895803559824
16.99999999999997 80.02895803559824
17.09999999999997 80.02895803559824
17.19999999999997 80.02895803559824
17.29999999999998 80.02895803559824
17.39999999999998 80.02895803559824
17.49999999999998 80.02895803559824
17.59999999999998 80.02895803559824
17.69999999999998 80.02895803559824
17.79999999999998 80.02895803559824
17.89999999999998 80.02895803559824
17.99999999999999 80.02895803559824
18.09999999999999 80.02895803559824
18.19999999999999 80.02895803559824
18.29999999999999 80.02895803559824
18.39999999999999 80.02895803559824
18.49999999999999 80.02895803559824
18.59999999999999 80.02895803559824
18.7 80.02895803559824
18.8 80.02895803559824
18.9 80.02895803559824
19 80.02895803559824
19.1 80.02895803559824
19.2 80.02895803559824
19.3 80.02895803559824
19.40000000000001 80.02895803559824
19.50000000000001 80.02895803559824
19.60000000000001 80.02895803559824
19.70000000000001 80.02895803559824
19.80000000000001 80.02895803559824
19.90000000000001 80.02895803559824
20.00000000000001 80.02895803559824
20.10000000000002 80.02895803559824
20.20000000000002 80.02895803559824
20.30000000000002 80.02895803559824
20.40000000000002 80.02895803559824
20.50000000000002 80.02895803559824
20.60000000000002 80.02895803559824
20.70000000000002 80.02895803559824
20.80000000000003 80.02895803559824
20.90000000000003 80.02895803559824
21.00000000000003 80.02895803559824
21.10000000000003 80.02895803559824
21.20000000000003 80.02895803559824
21.30000000000003 80.02895803559824
21.40000000000003 80.02895803559824
21.50000000000004 80.02895803559824
21.60000000000004 80.02895803559824
21.70000000000004 80.02895803559824
21.80000000000004 80.02895803559824
21.90000000000004 80.02895803559824
22.00000000000004 80.02895803559824
22.10000000000004 80.02895803559824
22.20000000000005 80.02895803559824
22.30000000000005 80.02895803559824
22.40000000000005 80.02895803559824
22.50000000000005 80.02895803559824
22.60000000000005 80.02895803559824
22.70000000000005 80.02895803559824
22.80000000000005 80.02895803559824
22.90000000000006 80.02895803559824
23.00000000000006 80.02895803559824
23.10000000000006 80.02895803559824
23.20000000000006 80.02895803559824
23.30000000000006 80.02895803559824
23.40000000000006 80.02895803559824
23.50000000000006 80.02895803559824
23.60000000000007 80.02895803559824
23.70000000000007 80.02895803559824
23.80000000000007 80.02895803559824
23.90000000000007 80.02895803559824
24.00000000000007 80.02895803559824
24.10000000000007 80.02895803559824
24.20000000000007 80.02895803559824
24.30000000000008 80.02895803559824
24.40000000000008 80.02895803559824
24.50000000000008 80.02895803559824
24.60000000000008 80.02895803559824
24.70000000000008 80.02895803559824
24.80000000000008 80.02895803559824
24.90000000000008 80.02895803559824
25.00000000000009 80.02895803559824
25.10000000000009 80.02895803559824
25.20000000000009 80.02895803559824
25.30000000000009 80.02895803559824
25.40000000000009 80.02895803559824
25.50000000000009 80.02895803559824
25.60000000000009 80.02895803559824
25.7000000000001 80.02895803559824
25.8000000000001 80.02895803559824
25.9000000000001 80.02895803559824
26.0000000000001 80.02895803559824
26.1000000000001 80.02895803559824
26.2000000000001 80.02895803559824
26.3000000000001 80.02895803559824
26.40000000000011 80.02895803559824
26.50000000000011 80.02895803559824
26.60000000000011 80.02895803559824
26.70000000000011 80.02895803559824
26.80000000000011 80.02895803559824
26.90000000000011 80.02895803559824
27.00000000000011 80.02895803559824
27.10000000000012 80.02895803559824
27.20000000000012 80.02895803559824
27.30000000000012 80.02895803559824
27.40000000000012 80.02895803559824
27.50000000000012 80.02895803559824
27.60000000000012 80.02895803559824
27.70000000000012 80.02895803559824
27.80000000000013 80.02895803559824
27.90000000000013 80.02895803559824
28.00000000000013 80.02895803559824
28.10000000000013 80.02895803559824
28.20000000000013 80.02895803559824
28.30000000000013 80.02895803559824
28.40000000000013 80.02895803559824
28.50000000000014 80.02895803559824
28.60000000000014 80.02895803559824
28.70000000000014 80.02895803559824
28.80000000000014 80.02895803559824
28.90000000000014 80.02895803559824
29.00000000000014 80.02895803559824
29.10000000000014 80.02895803559824
29.20000000000014 80.02895803559824
29.30000000000015 80.02895803559824
29.40000000000015 80.02895803559824
29.50000000000015 80.02895803559824
29.60000000000015 80.02895803559824
29.70000000000015 80.02895803559824
29.80000000000015 80.02895803559824
29.90000000000015 80.02895803559824
30.00000000000016 80.02895803559824
30.10000000000016 80.02895803559824
30.20000000000016 80.02895803559824
30.30000000000016 80.02895803559824
30.40000000000016 80.02895803559824
30.50000000000016 80.02895803559824
30.60000000000016 80.02895803559824
30.70000000000017 80.02895803559824
30.80000000000017 80.02895803559824
30.90000000000017 80.02895803559824
31.00000000000017 80.02895803559824
31.10000000000017 80.02895803559824
31.20000000000017 80.02895803559824
31.30000000000017 80.02895803559824
31.40000000000018 80.02895803559824
31.50000000000018 80.02895803559824
31.60000000000018 80.02895803559824
31.70000000000018 80.02895803559824
31.80000000000018 80.02895803559824
31.90000000000018 80.02895803559824
32.00000000000018 80.02895803559824
32.10000000000019 80.02895803559824
32.20000000000019 80.02895803559824
32.30000000000019 80.02895803559824
32.40000000000019 80.02895803559824
32.50000000000019 80.02895803559824
32.60000000000019 80.02895803559824
32.70000000000019 80.02895803559824
32.8000000000002 80.02895803559824
32.9000000000002 80.02895803559824
33.0000000000002 80.02895803559824
33.1000000000002 80.02895803559824
33.2000000000002 80.02895803559824
33.3000000000002 80.02895803559824
33.4000000000002 80.02895803559824
33.50000000000021 80.02895803559824
33.60000000000021 80.02895803559824
33.70000000000021 80.02895803559824
33.80000000000021 80.02895803559824
33.90000000000021 80.02895803559824
34.00000000000021 80.02895803559824
34.10000000000021 80.02895803559824
34.20000000000022 80.02895803559824
34.30000000000022 80.02895803559824
34.40000000000022 80.02895803559824
34.50000000000022 80.02895803559824
34.60000000000022 80.02895803559824
34.70000000000022 80.02895803559824
34.80000000000022 80.02895803559824
34.90000000000023 80.02895803559824
35.00000000000023 80.02895803559824
35.10000000000023 80.02895803559824
35.20000000000023 80.02895803559824
35.30000000000023 80.02895803559824
35.40000000000023 80.02895803559824
35.50000000000023 80.02895803559824
35.60000000000024 80.02895803559824
35.70000000000024 80.02895803559824
35.80000000000024 80.02895803559824
35.90000000000024 80.02895803559824
36.00000000000024 80.02895803559822
36.10000000000024 80.02895803559822
36.20000000000024 80.02895803559822
36.30000000000025 80.02895803559822
36.40000000000025 80.02895803559822
36.50000000000025 80.02895803559822
36.60000000000025 80.02895803559822
36.70000000000025 80.02895803559822
36.80000000000025 80.02895803559822
36.90000000000025 80.02895803559822
37.00000000000026 80.02895803559822
37.10000000000026 80.02895803559822
37.20000000000026 80.02895803559822
37.30000000000026 80.02895803559822
37.40000000000026 80.02895803559822
37.50000000000026 80.02895803559822
37.60000000000026 80.02895803559822
37.70000000000027 80.02895803559822
37.80000000000027 80.02895803559822
37.90000000000027 80.02895803559822
38.00000000000027 80.02895803559822
38.10000000000027 80.02895803559822
38.20000000000027 80.02895803559822
38.30000000000027 80.02895803559822
38.40000000000028 80.02895803559822
38.50000000000028 80.02895803559822
38.60000000000028 80.02895803559822
38.70000000000028 80.02895803559822
38.80000000000028 80.02895803559822
38.90000000000028 80.02895803559822
39.00000000000028 80.02895803559822
39.10000000000029 80.02895803559822
39.20000000000029 80.02895803559822
39.30000000000029 80.02895803559822
39.40000000000029 80.02895803559822
39.50000000000029 80.02895803559822
39.60000000000029 80.02895803559822
39.70000000000029 80.02895803559822
39.8000000000003 80.02895803559822
39.9000000000003 80.02895803559822
40.0000000000003 80.02895803559822
40.1000000000003 80.02895803559822
40.2000000000003 80.02895803559822
40.3000000000003 80.02895803559822
40.4000000000003 80.02895803559822
40.50000000000031 80.02895803559822
40.60000000000031 80.02895803559822
40.70000000000031 80.02895803559822
40.80000000000031 80.02895803559822
40.90000000000031 80.02895803559822
41.00000000000031 80.02895803559822
41.10000000000031 80.02895803559822
41.20000000000032 80.02895803559822
41.30000000000032 80.02895803559822
41.40000000000032 80.02895803559822
41.50000000000032 80.02895803559822
41.60000000000032 80.02895803559822
41.70000000000032 80.02895803559822
41.80000000000032 80.02895803559822
41.90000000000033 80.02895803559822
42.00000000000033 80.02895803559822
42.10000000000033 80.02895803559822
42.20000000000033 80.02895803559822
42.30000000000033 80.02895803559822
42.40000000000033 80.02895803559822
42.50000000000033 80.02895803559822
42.60000000000034 80.02895803559822
42.70000000000034 80.02895803559822
42.80000000000034 80.02895803559822
42.90000000000034 80.02895803559822
43.00000000000034 80.02895803559822
43.10000000000034 80.02895803559822
43.20000000000034 80.02895803559822
43.30000000000035 80.02895803559822
43.40000000000035 80.02895803559822
43.50000000000035 80.02895803559822
43.60000000000035 80.02895803559822
43.70000000000035 80.02895803559822
43.80000000000035 80.02895803559822
43.90000000000035 80.02895803559822
44.00000000000036 80.02895803559822
44.10000000000036 80.02895803559822
44.20000000000036 80.02895803559822
44.30000000000036 80.02895803559822
44.40000000000036 80.02895803559822
44.50000000000036 80.02895803559822
44.60000000000036 80.02895803559822
44.70000000000037 80.02895803559822
44.80000000000037 80.02895803559822
44.90000000000037 80.02895803559822
45.00000000000037 80.02895803559822
45.10000000000037 80.02895803559822
45.20000000000037 80.02895803559822
45.30000000000037 80.02895803559822
45.40000000000038 80.02895803559822
45.50000000000038 80.02895803559822
45.60000000000038 80.02895803559822
45.70000000000038 80.02895803559822
45.80000000000038 80.02895803559822
45.90000000000038 80.02895803559822
46.00000000000038 80.02895803559822
46.10000000000039 80.02895803559822
46.20000000000039 80.02895803559822
46.30000000000039 80.02895803559822
46.40000000000039 80.02895803559822
46.50000000000039 80.02895803559822
46.60000000000039 80.02895803559822
46.70000000000039 80.02895803559822
46.8000000000004 80.02895803559822
46.9000000000004 80.02895803559822
47.0000000000004 80.02895803559822
47.1000000000004 80.02895803559822
47.2000000000004 80.02895803559822
47.3000000000004 80.02895803559822
47.4000000000004 80.02895803559822
47.50000000000041 80.02895803559822
47.60000000000041 80.02895803559822
47.70000000000041 80.02895803559822
47.80000000000041 80.02895803559822
47.90000000000041 80.02895803559822
48.00000000000041 80.02895803559822
48.10000000000041 80.02895803559822
48.20000000000041 80.02895803559822
48.30000000000042 80.02895803559822
48.40000000000042 80.02895803559822
48.50000000000042 80.02895803559822
48.60000000000042 80.02895803559822
48.70000000000042 80.02895803559822
48.80000000000042 80.02895803559822
48.90000000000042 80.02895803559822
49.00000000000043 80.02895803559822
49.10000000000043 80.02895803559822
49.20000000000043 80.02895803559822
49.30000000000043 80.02895803559822
49.40000000000043 80.02895803559822
49.50000000000043 80.02895803559822
49.60000000000043 80.02895803559822
49.70000000000044 80.02895803559822
49.80000000000044 80.02895803559822
49.90000000000044 80.02895803559822