Time X1
0 250
0.1 36.88501112881312
0.2 36.88501112886129
0.3 36.88501112886149
0.4 36.88501112886149
0.5 36.88501112886149
0.6 36.88501112886149
0.7 36.88501112886149
0.7999999999999999 36.88501112886149
0.8999999999999999 36.88501112886148
0.9999999999999999 36.88501112886148
1.1 36.88501112886148
1.2 36.88501112886148
1.3 36.88501112886148
1.4 36.88501112886148
1.5 36.88501112886148
1.6 36.88501112886148
1.7 36.88501112886148
1.8 36.88501112886148
1.900000000000001 36.88501112886148
2 36.88501112886148
2.100000000000001 36.88501112886148
2.200000000000001 36.88501112886148
2.300000000000001 36.88501112886148
2.400000000000001 36.88501112886148
2.500000000000001 36.88501112886148
2.600000000000001 36.88501112886148
2.700000000000001 36.88501112886148
2.800000000000001 36.88501112886148
2.900000000000001 36.88501112886148
3.000000000000001 36.88501112886148
3.100000000000001 36.88501112886148
3.200000000000002 36.88501112886148
3.300000000000002 36.88501112886148
3.400000000000002 36.88501112886148
3.500000000000002 36.88501112886148
3.600000000000002 36.88501112886148
3.700000000000002 36.88501112886148
3.800000000000002 36.88501112886148
3.900000000000002 36.88501112886148
4.000000000000002 36.88501112886148
4.100000000000001 36.88501112886148
4.200000000000001 36.88501112886148
4.300000000000001 36.88501112886148
4.4 36.88501112886148
4.5 36.88501112886148
4.6 36.88501112886148
4.699999999999999 36.88501112886148
4.799999999999999 36.88501112886148
4.899999999999999 36.88501112886148
4.999999999999998 36.88501112886148
5.099999999999998 36.88501112886148
5.199999999999998 36.88501112886148
5.299999999999997 36.88501112886148
5.399999999999997 36.88501112886148
5.499999999999996 36.88501112886148
5.599999999999996 36.88501112886148
5.699999999999996 36.88501112886148
5.799999999999995 36.88501112886148
5.899999999999995 36.88501112886148
5.999999999999995 36.88501112886148
6.099999999999994 36.88501112886148
6.199999999999994 36.88501112886148
6.299999999999994 36.88501112886148
6.399999999999993 36.88501112886148
6.499999999999993 36.88501112886148
6.599999999999993 36.88501112886148
6.699999999999992 36.88501112886148
6.799999999999992 36.88501112886148
6.899999999999991 36.88501112886148
6.999999999999991 36.88501112886148
7.099999999999991 36.88501112886148
7.19999999999999 36.88501112886148
7.29999999999999 36.88501112886148
7.39999999999999 36.88501112886148
7.499999999999989 36.88501112886148
7.599999999999989 36.88501112886148
7.699999999999989 36.88501112886148
7.799999999999988 36.88501112886148
7.899999999999988 36.88501112886148
7.999999999999988 36.88501112886148
8.099999999999987 36.88501112886148
8.199999999999987 36.88501112886148
8.299999999999986 36.88501112886148
8.399999999999986 36.88501112886148
8.499999999999986 36.88501112886148
8.599999999999985 36.88501112886148
8.699999999999985 36.88501112886148
8.799999999999985 36.88501112886148
8.899999999999984 36.88501112886148
8.999999999999984 36.88501112886148
9.099999999999984 36.88501112886148
9.199999999999983 36.88501112886148
9.299999999999983 36.88501112886148
9.399999999999983 36.88501112886148
9.499999999999982 36.88501112886148
9.599999999999982 36.88501112886148
9.699999999999982 36.88501112886148
9.799999999999981 36.88501112886148
9.899999999999981 36.88501112886148
9.99999999999998 36.88501112886148
10.09999999999998 36.88501112886148
10.19999999999998 36.88501112886148
10.29999999999998 36.88501112886148
10.39999999999998 36.88501112886148
10.49999999999998 36.88501112886148
10.59999999999998 36.88501112886148
10.69999999999998 36.88501112886148
10.79999999999998 36.88501112886148
10.89999999999998 36.88501112886148
10.99999999999998 36.88501112886148
11.09999999999998 36.88501112886148
11.19999999999998 36.88501112886148
11.29999999999998 36.88501112886148
11.39999999999998 36.88501112886148
11.49999999999998 36.88501112886148
11.59999999999997 36.88501112886148
11.69999999999997 36.88501112886148
11.79999999999997 36.88501112886148
11.89999999999997 36.88501112886148
11.99999999999997 36.88501112886148
12.09999999999997 36.88501112886148
12.19999999999997 36.88501112886148
12.29999999999997 36.88501112886148
12.39999999999997 36.88501112886148
12.49999999999997 36.88501112886148
12.59999999999997 36.88501112886148
12.69999999999997 36.88501112886148
12.79999999999997 36.88501112886148
12.89999999999997 36.88501112886148
12.99999999999997 36.88501112886148
13.09999999999997 36.88501112886148
13.19999999999997 36.88501112886148
13.29999999999997 36.88501112886148
13.39999999999997 36.88501112886148
13.49999999999997 36.88501112886148
13.59999999999997 36.88501112886148
13.69999999999997 36.88501112886148
13.79999999999997 36.88501112886148
13.89999999999997 36.88501112886148
13.99999999999997 36.88501112886148
14.09999999999997 36.88501112886148
14.19999999999997 36.88501112886148
14.29999999999997 36.88501112886148
14.39999999999996 36.88501112886148
14.49999999999996 36.88501112886148
14.59999999999996 36.88501112886148
14.69999999999996 36.88501112886148
14.79999999999996 36.88501112886148
14.89999999999996 36.88501112886148
14.99999999999996 36.88501112886148
15.09999999999996 36.88501112886148
15.19999999999996 36.88501112886148
15.29999999999996 36.88501112886148
15.39999999999996 36.88501112886148
15.49999999999996 36.88501112886148
15.59999999999996 36.88501112886148
15.69999999999996 36.88501112886148
15.79999999999996 36.88501112886148
15.89999999999996 36.88501112886148
15.99999999999996 36.88501112886148
16.09999999999996 36.88501112886148
16.19999999999996 36.88501112886148
16.29999999999996 36.88501112886148
16.39999999999996 36.88501112886148
16.49999999999996 36.88501112886148
16.59999999999997 36.88501112886148
16.69999999999997 36.88501112886148
16.79999999999997 36.88501112886148
16.89999999999997 36.88501112886148
16.99999999999997 36.88501112886148
17.09999999999997 36.88501112886148
17.19999999999997 36.88501112886148
17.29999999999998 36.88501112886148
17.39999999999998 36.88501112886148
17.49999999999998 36.88501112886148
17.59999999999998 36.88501112886148
17.69999999999998 36.88501112886148
17.79999999999998 36.88501112886148
17.89999999999998 36.88501112886148
17.99999999999999 36.88501112886148
18.09999999999999 36.88501112886148
18.19999999999999 36.88501112886148
18.29999999999999 36.88501112886148
18.39999999999999 36.88501112886148
18.49999999999999 36.88501112886148
18.59999999999999 36.88501112886148
18.7 36.88501112886148
18.8 36.88501112886148
18.9 36.88501112886148
19 36.88501112886148
19.1 36.88501112886148
19.2 36.88501112886149
19.3 36.88501112886149
19.40000000000001 36.88501112886149
19.50000000000001 36.88501112886149
19.60000000000001 36.88501112886149
19.70000000000001 36.88501112886149
19.80000000000001 36.88501112886149
19.90000000000001 36.88501112886149
20.00000000000001 36.88501112886149
20.10000000000002 36.88501112886149
20.20000000000002 36.88501112886149
20.30000000000002 36.88501112886149
20.40000000000002 36.88501112886149
20.50000000000002 36.88501112886149
20.60000000000002 36.88501112886149
20.70000000000002 36.88501112886149
20.80000000000003 36.88501112886149
20.90000000000003 36.88501112886149
21.00000000000003 36.88501112886149
21.10000000000003 36.88501112886149
21.20000000000003 36.88501112886149
21.30000000000003 36.88501112886149
21.40000000000003 36.88501112886149
21.50000000000004 36.88501112886149
21.60000000000004 36.88501112886149
21.70000000000004 36.88501112886149
21.80000000000004 36.88501112886149
21.90000000000004 36.88501112886149
22.00000000000004 36.88501112886149
22.10000000000004 36.88501112886149
22.20000000000005 36.88501112886149
22.30000000000005 36.88501112886149
22.40000000000005 36.88501112886149
22.50000000000005 36.88501112886149
22.60000000000005 36.88501112886149
22.70000000000005 36.88501112886149
22.80000000000005 36.88501112886149
22.90000000000006 36.88501112886149
23.00000000000006 36.88501112886149
23.10000000000006 36.88501112886149
23.20000000000006 36.88501112886149
23.30000000000006 36.88501112886149
23.40000000000006 36.88501112886149
23.50000000000006 36.88501112886149
23.60000000000007 36.88501112886149
23.70000000000007 36.88501112886149
23.80000000000007 36.88501112886149
23.90000000000007 36.88501112886149
24.00000000000007 36.88501112886149
24.10000000000007 36.88501112886149
24.20000000000007 36.88501112886149
24.30000000000008 36.88501112886149
24.40000000000008 36.88501112886149
24.50000000000008 36.88501112886149
24.60000000000008 36.88501112886149
24.70000000000008 36.88501112886149
24.80000000000008 36.88501112886149
24.90000000000008 36.88501112886149
25.00000000000009 36.88501112886149
25.10000000000009 36.88501112886149
25.20000000000009 36.88501112886149
25.30000000000009 36.88501112886149
25.40000000000009 36.88501112886149
25.50000000000009 36.88501112886149
25.60000000000009 36.88501112886149
25.7000000000001 36.88501112886149
25.8000000000001 36.88501112886149
25.9000000000001 36.88501112886149
26.0000000000001 36.88501112886149
26.1000000000001 36.88501112886149
26.2000000000001 36.88501112886149
26.3000000000001 36.88501112886149
26.40000000000011 36.88501112886149
26.50000000000011 36.88501112886149
26.60000000000011 36.88501112886149
26.70000000000011 36.88501112886149
26.80000000000011 36.88501112886149
26.90000000000011 36.88501112886149
27.00000000000011 36.88501112886149
27.10000000000012 36.88501112886149
27.20000000000012 36.88501112886149
27.30000000000012 36.88501112886149
27.40000000000012 36.88501112886149
27.50000000000012 36.88501112886149
27.60000000000012 36.88501112886149
27.70000000000012 36.88501112886149
27.80000000000013 36.88501112886149
27.90000000000013 36.88501112886149
28.00000000000013 36.88501112886149
28.10000000000013 36.88501112886149
28.20000000000013 36.88501112886149
28.30000000000013 36.88501112886149
28.40000000000013 36.88501112886149
28.50000000000014 36.88501112886149
28.60000000000014 36.88501112886149
28.70000000000014 36.88501112886149
28.80000000000014 36.88501112886149
28.90000000000014 36.88501112886149
29.00000000000014 36.88501112886149
29.10000000000014 36.88501112886149
29.20000000000014 36.88501112886149
29.30000000000015 36.88501112886149
29.40000000000015 36.88501112886149
29.50000000000015 36.88501112886149
29.60000000000015 36.88501112886149
29.70000000000015 36.88501112886149
29.80000000000015 36.88501112886149
29.90000000000015 36.88501112886149
30.00000000000016 36.88501112886149
30.10000000000016 36.88501112886149
30.20000000000016 36.88501112886149
30.30000000000016 36.88501112886149
30.40000000000016 36.88501112886149
30.50000000000016 36.88501112886149
30.60000000000016 36.88501112886149
30.70000000000017 36.88501112886149
30.80000000000017 36.88501112886149
30.90000000000017 36.88501112886149
31.00000000000017 36.88501112886149
31.10000000000017 36.88501112886149
31.20000000000017 36.88501112886149
31.30000000000017 36.88501112886149
31.40000000000018 36.88501112886149
31.50000000000018 36.88501112886149
31.60000000000018 36.88501112886149
31.70000000000018 36.88501112886149
31.80000000000018 36.88501112886149
31.90000000000018 36.88501112886149
32.00000000000018 36.88501112886149
32.10000000000019 36.88501112886149
32.20000000000019 36.88501112886149
32.30000000000019 36.88501112886149
32.40000000000019 36.88501112886149
32.50000000000019 36.88501112886149
32.60000000000019 36.88501112886149
32.70000000000019 36.88501112886149
32.8000000000002 36.88501112886149
32.9000000000002 36.88501112886149
33.0000000000002 36.88501112886149
33.1000000000002 36.88501112886149
33.2000000000002 36.88501112886149
33.3000000000002 36.88501112886149
33.4000000000002 36.88501112886149
33.50000000000021 36.88501112886149
33.60000000000021 36.88501112886149
33.70000000000021 36.88501112886149
33.80000000000021 36.88501112886149
33.90000000000021 36.88501112886149
34.00000000000021 36.88501112886149
34.10000000000021 36.88501112886149
34.20000000000022 36.88501112886149
34.30000000000022 36.88501112886149
34.40000000000022 36.88501112886149
34.50000000000022 36.88501112886149
34.60000000000022 36.88501112886149
34.70000000000022 36.88501112886149
34.80000000000022 36.88501112886149
34.90000000000023 36.88501112886149
35.00000000000023 36.88501112886149
35.10000000000023 36.88501112886149
35.20000000000023 36.88501112886149
35.30000000000023 36.88501112886149
35.40000000000023 36.88501112886149
35.50000000000023 36.88501112886149
35.60000000000024 36.88501112886149
35.70000000000024 36.88501112886149
35.80000000000024 36.88501112886149
35.90000000000024 36.88501112886149
36.00000000000024 36.88501112886149
36.10000000000024 36.88501112886149
36.20000000000024 36.88501112886149
36.30000000000025 36.88501112886149
36.40000000000025 36.88501112886149
36.50000000000025 36.88501112886149
36.60000000000025 36.88501112886149
36.70000000000025 36.88501112886149
36.80000000000025 36.88501112886149
36.90000000000025 36.88501112886149
37.00000000000026 36.88501112886149
37.10000000000026 36.88501112886149
37.20000000000026 36.88501112886149
37.30000000000026 36.88501112886149
37.40000000000026 36.88501112886149
37.50000000000026 36.88501112886149
37.60000000000026 36.88501112886149
37.70000000000027 36.88501112886149
37.80000000000027 36.88501112886149
37.90000000000027 36.88501112886149
38.00000000000027 36.88501112886149
38.10000000000027 36.88501112886149
38.20000000000027 36.88501112886149
38.30000000000027 36.88501112886149
38.40000000000028 36.88501112886149
38.50000000000028 36.88501112886149
38.60000000000028 36.88501112886149
38.70000000000028 36.88501112886149
38.80000000000028 36.88501112886149
38.90000000000028 36.88501112886149
39.00000000000028 36.88501112886149
39.10000000000029 36.88501112886149
39.20000000000029 36.88501112886149
39.30000000000029 36.88501112886149
39.40000000000029 36.88501112886149
39.50000000000029 36.88501112886149
39.60000000000029 36.88501112886149
39.70000000000029 36.88501112886149
39.8000000000003 36.88501112886149
39.9000000000003 36.88501112886149
40.0000000000003 36.88501112886149
40.1000000000003 36.88501112886149
40.2000000000003 36.88501112886149
40.3000000000003 36.88501112886149
40.4000000000003 36.88501112886149
40.50000000000031 36.88501112886149
40.60000000000031 36.88501112886149
40.70000000000031 36.88501112886149
40.80000000000031 36.88501112886149
40.90000000000031 36.88501112886149
41.00000000000031 36.88501112886149
41.10000000000031 36.88501112886149
41.20000000000032 36.88501112886149
41.30000000000032 36.88501112886149
41.40000000000032 36.88501112886149
41.50000000000032 36.88501112886149
41.60000000000032 36.88501112886149
41.70000000000032 36.88501112886149
41.80000000000032 36.88501112886149
41.90000000000033 36.88501112886149
42.00000000000033 36.88501112886149
42.10000000000033 36.88501112886149
42.20000000000033 36.88501112886149
42.30000000000033 36.88501112886149
42.40000000000033 36.88501112886149
42.50000000000033 36.88501112886149
42.60000000000034 36.88501112886149
42.70000000000034 36.88501112886149
42.80000000000034 36.88501112886149
42.90000000000034 36.88501112886149
43.00000000000034 36.88501112886149
43.10000000000034 36.88501112886149
43.20000000000034 36.88501112886149
43.30000000000035 36.88501112886149
43.40000000000035 36.88501112886149
43.50000000000035 36.88501112886149
43.60000000000035 36.88501112886149
43.70000000000035 36.88501112886149
43.80000000000035 36.88501112886149
43.90000000000035 36.88501112886149
44.00000000000036 36.88501112886149
44.10000000000036 36.88501112886149
44.20000000000036 36.88501112886149
44.30000000000036 36.88501112886149
44.40000000000036 36.88501112886149
44.50000000000036 36.88501112886149
44.60000000000036 36.88501112886149
44.70000000000037 36.88501112886149
44.80000000000037 36.88501112886149
44.90000000000037 36.88501112886149
45.00000000000037 36.88501112886149
45.10000000000037 36.88501112886149
45.20000000000037 36.88501112886149
45.30000000000037 36.88501112886149
45.40000000000038 36.88501112886149
45.50000000000038 36.88501112886149
45.60000000000038 36.88501112886149
45.70000000000038 36.88501112886149
45.80000000000038 36.88501112886149
45.90000000000038 36.88501112886149
46.00000000000038 36.88501112886149
46.10000000000039 36.88501112886149
46.20000000000039 36.88501112886149
46.30000000000039 36.88501112886149
46.40000000000039 36.88501112886149
46.50000000000039 36.88501112886149
46.60000000000039 36.88501112886149
46.70000000000039 36.88501112886149
46.8000000000004 36.88501112886149
46.9000000000004 36.88501112886149
47.0000000000004 36.88501112886149
47.1000000000004 36.88501112886149
47.2000000000004 36.88501112886149
47.3000000000004 36.88501112886149
47.4000000000004 36.88501112886149
47.50000000000041 36.88501112886149
47.60000000000041 36.88501112886149
47.70000000000041 36.88501112886149
47.80000000000041 36.88501112886149
47.90000000000041 36.88501112886149
48.00000000000041 36.88501112886149
48.10000000000041 36.88501112886149
48.20000000000041 36.88501112886149
48.30000000000042 36.88501112886149
48.40000000000042 36.88501112886149
48.50000000000042 36.88501112886149
48.60000000000042 36.88501112886149
48.70000000000042 36.88501112886149
48.80000000000042 36.88501112886149
48.90000000000042 36.88501112886149
49.00000000000043 36.88501112886149
49.10000000000043 36.88501112886149
49.20000000000043 36.88501112886149
49.30000000000043 36.88501112886149
49.40000000000043 36.88501112886149
49.50000000000043 36.88501112886149
49.60000000000043 36.88501112886149
49.70000000000044 36.88501112886149
49.80000000000044 36.88501112886149
49.90000000000044 36.88501112886149