Time X1
0 250
0.1 -231.7813466115385
0.2 -231.7813465943488
0.3 -231.7813465942222
0.4 -231.7813465940955
0.5 -231.7813465939689
0.6 -231.7813465938423
0.7 -231.7813465938007
0.7999999999999999 -231.7813465938003
0.8999999999999999 -231.7813465937999
0.9999999999999999 -231.7813465937995
1.1 -231.7813465937991
1.2 -231.781346593799
1.3 -231.781346593799
1.4 -231.781346593799
1.5 -231.781346593799
1.6 -231.781346593799
1.7 -231.781346593799
1.8 -231.781346593799
1.900000000000001 -231.781346593799
2 -231.781346593799
2.100000000000001 -231.781346593799
2.200000000000001 -231.781346593799
2.300000000000001 -231.781346593799
2.400000000000001 -231.781346593799
2.500000000000001 -231.781346593799
2.600000000000001 -231.781346593799
2.700000000000001 -231.781346593799
2.800000000000001 -231.781346593799
2.900000000000001 -231.781346593799
3.000000000000001 -231.781346593799
3.100000000000001 -231.781346593799
3.200000000000002 -231.781346593799
3.300000000000002 -231.781346593799
3.400000000000002 -231.781346593799
3.500000000000002 -231.781346593799
3.600000000000002 -231.781346593799
3.700000000000002 -231.781346593799
3.800000000000002 -231.781346593799
3.900000000000002 -231.781346593799
4.000000000000002 -231.781346593799
4.100000000000001 -231.781346593799
4.200000000000001 -231.781346593799
4.300000000000001 -231.781346593799
4.4 -231.781346593799
4.5 -231.781346593799
4.6 -231.781346593799
4.699999999999999 -231.781346593799
4.799999999999999 -231.781346593799
4.899999999999999 -231.781346593799
4.999999999999998 -231.781346593799
5.099999999999998 -231.781346593799
5.199999999999998 -231.781346593799
5.299999999999997 -231.781346593799
5.399999999999997 -231.781346593799
5.499999999999996 -231.781346593799
5.599999999999996 -231.781346593799
5.699999999999996 -231.781346593799
5.799999999999995 -231.781346593799
5.899999999999995 -231.781346593799
5.999999999999995 -231.781346593799
6.099999999999994 -231.781346593799
6.199999999999994 -231.781346593799
6.299999999999994 -231.781346593799
6.399999999999993 -231.781346593799
6.499999999999993 -231.781346593799
6.599999999999993 -231.781346593799
6.699999999999992 -231.781346593799
6.799999999999992 -231.781346593799
6.899999999999991 -231.781346593799
6.999999999999991 -231.781346593799
7.099999999999991 -231.781346593799
7.19999999999999 -231.781346593799
7.29999999999999 -231.781346593799
7.39999999999999 -231.781346593799
7.499999999999989 -231.781346593799
7.599999999999989 -231.781346593799
7.699999999999989 -231.781346593799
7.799999999999988 -231.781346593799
7.899999999999988 -231.781346593799
7.999999999999988 -231.781346593799
8.099999999999987 -231.781346593799
8.199999999999987 -231.781346593799
8.299999999999986 -231.781346593799
8.399999999999986 -231.781346593799
8.499999999999986 -231.781346593799
8.599999999999985 -231.781346593799
8.699999999999985 -231.781346593799
8.799999999999985 -231.781346593799
8.899999999999984 -231.781346593799
8.999999999999984 -231.781346593799
9.099999999999984 -231.781346593799
9.199999999999983 -231.781346593799
9.299999999999983 -231.781346593799
9.399999999999983 -231.781346593799
9.499999999999982 -231.781346593799
9.599999999999982 -231.781346593799
9.699999999999982 -231.781346593799
9.799999999999981 -231.781346593799
9.899999999999981 -231.781346593799
9.99999999999998 -231.781346593799
10.09999999999998 -231.781346593799
10.19999999999998 -231.781346593799
10.29999999999998 -231.781346593799
10.39999999999998 -231.781346593799
10.49999999999998 -231.781346593799
10.59999999999998 -231.781346593799
10.69999999999998 -231.781346593799
10.79999999999998 -231.781346593799
10.89999999999998 -231.781346593799
10.99999999999998 -231.781346593799
11.09999999999998 -231.781346593799
11.19999999999998 -231.781346593799
11.29999999999998 -231.781346593799
11.39999999999998 -231.781346593799
11.49999999999998 -231.781346593799
11.59999999999997 -231.781346593799
11.69999999999997 -231.781346593799
11.79999999999997 -231.781346593799
11.89999999999997 -231.781346593799
11.99999999999997 -231.781346593799
12.09999999999997 -231.781346593799
12.19999999999997 -231.781346593799
12.29999999999997 -231.781346593799
12.39999999999997 -231.781346593799
12.49999999999997 -231.781346593799
12.59999999999997 -231.781346593799
12.69999999999997 -231.781346593799
12.79999999999997 -231.781346593799
12.89999999999997 -231.781346593799
12.99999999999997 -231.781346593799
13.09999999999997 -231.781346593799
13.19999999999997 -231.781346593799
13.29999999999997 -231.781346593799
13.39999999999997 -231.781346593799
13.49999999999997 -231.781346593799
13.59999999999997 -231.781346593799
13.69999999999997 -231.781346593799
13.79999999999997 -231.781346593799
13.89999999999997 -231.781346593799
13.99999999999997 -231.781346593799
14.09999999999997 -231.781346593799
14.19999999999997 -231.781346593799
14.29999999999997 -231.781346593799
14.39999999999996 -231.781346593799
14.49999999999996 -231.781346593799
14.59999999999996 -231.781346593799
14.69999999999996 -231.781346593799
14.79999999999996 -231.781346593799
14.89999999999996 -231.781346593799
14.99999999999996 -231.781346593799
15.09999999999996 -231.781346593799
15.19999999999996 -231.781346593799
15.29999999999996 -231.781346593799
15.39999999999996 -231.781346593799
15.49999999999996 -231.781346593799
15.59999999999996 -231.781346593799
15.69999999999996 -231.781346593799
15.79999999999996 -231.781346593799
15.89999999999996 -231.781346593799
15.99999999999996 -231.781346593799
16.09999999999996 -231.781346593799
16.19999999999996 -231.781346593799
16.29999999999996 -231.781346593799
16.39999999999996 -231.781346593799
16.49999999999996 -231.781346593799
16.59999999999997 -231.781346593799
16.69999999999997 -231.781346593799
16.79999999999997 -231.781346593799
16.89999999999997 -231.781346593799
16.99999999999997 -231.781346593799
17.09999999999997 -231.781346593799
17.19999999999997 -231.781346593799
17.29999999999998 -231.781346593799
17.39999999999998 -231.781346593799
17.49999999999998 -231.781346593799
17.59999999999998 -231.781346593799
17.69999999999998 -231.781346593799
17.79999999999998 -231.781346593799
17.89999999999998 -231.781346593799
17.99999999999999 -231.781346593799
18.09999999999999 -231.781346593799
18.19999999999999 -231.781346593799
18.29999999999999 -231.781346593799
18.39999999999999 -231.781346593799
18.49999999999999 -231.781346593799
18.59999999999999 -231.781346593799
18.7 -231.781346593799
18.8 -231.781346593799
18.9 -231.781346593799
19 -231.781346593799
19.1 -231.781346593799
19.2 -231.781346593799
19.3 -231.781346593799
19.40000000000001 -231.781346593799
19.50000000000001 -231.781346593799
19.60000000000001 -231.781346593799
19.70000000000001 -231.781346593799
19.80000000000001 -231.781346593799
19.90000000000001 -231.781346593799
20.00000000000001 -231.781346593799
20.10000000000002 -231.781346593799
20.20000000000002 -231.781346593799
20.30000000000002 -231.781346593799
20.40000000000002 -231.781346593799
20.50000000000002 -231.781346593799
20.60000000000002 -231.781346593799
20.70000000000002 -231.781346593799
20.80000000000003 -231.781346593799
20.90000000000003 -231.781346593799
21.00000000000003 -231.781346593799
21.10000000000003 -231.781346593799
21.20000000000003 -231.781346593799
21.30000000000003 -231.781346593799
21.40000000000003 -231.781346593799
21.50000000000004 -231.781346593799
21.60000000000004 -231.781346593799
21.70000000000004 -231.781346593799
21.80000000000004 -231.781346593799
21.90000000000004 -231.781346593799
22.00000000000004 -231.781346593799
22.10000000000004 -231.781346593799
22.20000000000005 -231.781346593799
22.30000000000005 -231.781346593799
22.40000000000005 -231.781346593799
22.50000000000005 -231.781346593799
22.60000000000005 -231.781346593799
22.70000000000005 -231.781346593799
22.80000000000005 -231.781346593799
22.90000000000006 -231.781346593799
23.00000000000006 -231.781346593799
23.10000000000006 -231.781346593799
23.20000000000006 -231.781346593799
23.30000000000006 -231.781346593799
23.40000000000006 -231.781346593799
23.50000000000006 -231.781346593799
23.60000000000007 -231.781346593799
23.70000000000007 -231.781346593799
23.80000000000007 -231.781346593799
23.90000000000007 -231.781346593799
24.00000000000007 -231.781346593799
24.10000000000007 -231.781346593799
24.20000000000007 -231.781346593799
24.30000000000008 -231.781346593799
24.40000000000008 -231.781346593799
24.50000000000008 -231.781346593799
24.60000000000008 -231.781346593799
24.70000000000008 -231.781346593799
24.80000000000008 -231.781346593799
24.90000000000008 -231.781346593799
25.00000000000009 -231.781346593799
25.10000000000009 -231.781346593799
25.20000000000009 -231.781346593799
25.30000000000009 -231.781346593799
25.40000000000009 -231.781346593799
25.50000000000009 -231.781346593799
25.60000000000009 -231.781346593799
25.7000000000001 -231.781346593799
25.8000000000001 -231.781346593799
25.9000000000001 -231.781346593799
26.0000000000001 -231.781346593799
26.1000000000001 -231.781346593799
26.2000000000001 -231.781346593799
26.3000000000001 -231.781346593799
26.40000000000011 -231.781346593799
26.50000000000011 -231.781346593799
26.60000000000011 -231.781346593799
26.70000000000011 -231.781346593799
26.80000000000011 -231.781346593799
26.90000000000011 -231.781346593799
27.00000000000011 -231.781346593799
27.10000000000012 -231.781346593799
27.20000000000012 -231.781346593799
27.30000000000012 -231.781346593799
27.40000000000012 -231.781346593799
27.50000000000012 -231.781346593799
27.60000000000012 -231.781346593799
27.70000000000012 -231.781346593799
27.80000000000013 -231.781346593799
27.90000000000013 -231.781346593799
28.00000000000013 -231.781346593799
28.10000000000013 -231.781346593799
28.20000000000013 -231.781346593799
28.30000000000013 -231.781346593799
28.40000000000013 -231.781346593799
28.50000000000014 -231.781346593799
28.60000000000014 -231.781346593799
28.70000000000014 -231.781346593799
28.80000000000014 -231.781346593799
28.90000000000014 -231.781346593799
29.00000000000014 -231.781346593799
29.10000000000014 -231.781346593799
29.20000000000014 -231.781346593799
29.30000000000015 -231.781346593799
29.40000000000015 -231.781346593799
29.50000000000015 -231.781346593799
29.60000000000015 -231.781346593799
29.70000000000015 -231.781346593799
29.80000000000015 -231.781346593799
29.90000000000015 -231.781346593799
30.00000000000016 -231.781346593799
30.10000000000016 -231.781346593799
30.20000000000016 -231.781346593799
30.30000000000016 -231.781346593799
30.40000000000016 -231.781346593799
30.50000000000016 -231.781346593799
30.60000000000016 -231.781346593799
30.70000000000017 -231.781346593799
30.80000000000017 -231.781346593799
30.90000000000017 -231.781346593799
31.00000000000017 -231.781346593799
31.10000000000017 -231.781346593799
31.20000000000017 -231.781346593799
31.30000000000017 -231.781346593799
31.40000000000018 -231.781346593799
31.50000000000018 -231.781346593799
31.60000000000018 -231.781346593799
31.70000000000018 -231.781346593799
31.80000000000018 -231.781346593799
31.90000000000018 -231.781346593799
32.00000000000018 -231.781346593799
32.10000000000019 -231.781346593799
32.20000000000019 -231.781346593799
32.30000000000019 -231.781346593799
32.40000000000019 -231.781346593799
32.50000000000019 -231.781346593799
32.60000000000019 -231.781346593799
32.70000000000019 -231.781346593799
32.8000000000002 -231.781346593799
32.9000000000002 -231.781346593799
33.0000000000002 -231.781346593799
33.1000000000002 -231.781346593799
33.2000000000002 -231.781346593799
33.3000000000002 -231.781346593799
33.4000000000002 -231.781346593799
33.50000000000021 -231.781346593799
33.60000000000021 -231.781346593799
33.70000000000021 -231.781346593799
33.80000000000021 -231.781346593799
33.90000000000021 -231.781346593799
34.00000000000021 -231.781346593799
34.10000000000021 -231.781346593799
34.20000000000022 -231.781346593799
34.30000000000022 -231.781346593799
34.40000000000022 -231.781346593799
34.50000000000022 -231.781346593799
34.60000000000022 -231.781346593799
34.70000000000022 -231.781346593799
34.80000000000022 -231.781346593799
34.90000000000023 -231.781346593799
35.00000000000023 -231.781346593799
35.10000000000023 -231.781346593799
35.20000000000023 -231.781346593799
35.30000000000023 -231.781346593799
35.40000000000023 -231.781346593799
35.50000000000023 -231.781346593799
35.60000000000024 -231.781346593799
35.70000000000024 -231.781346593799
35.80000000000024 -231.781346593799
35.90000000000024 -231.781346593799
36.00000000000024 -231.781346593799
36.10000000000024 -231.781346593799
36.20000000000024 -231.781346593799
36.30000000000025 -231.781346593799
36.40000000000025 -231.781346593799
36.50000000000025 -231.781346593799
36.60000000000025 -231.781346593799
36.70000000000025 -231.781346593799
36.80000000000025 -231.781346593799
36.90000000000025 -231.781346593799
37.00000000000026 -231.781346593799
37.10000000000026 -231.781346593799
37.20000000000026 -231.781346593799
37.30000000000026 -231.781346593799
37.40000000000026 -231.781346593799
37.50000000000026 -231.781346593799
37.60000000000026 -231.781346593799
37.70000000000027 -231.781346593799
37.80000000000027 -231.781346593799
37.90000000000027 -231.781346593799
38.00000000000027 -231.781346593799
38.10000000000027 -231.781346593799
38.20000000000027 -231.781346593799
38.30000000000027 -231.781346593799
38.40000000000028 -231.781346593799
38.50000000000028 -231.781346593799
38.60000000000028 -231.781346593799
38.70000000000028 -231.781346593799
38.80000000000028 -231.781346593799
38.90000000000028 -231.781346593799
39.00000000000028 -231.781346593799
39.10000000000029 -231.781346593799
39.20000000000029 -231.781346593799
39.30000000000029 -231.781346593799
39.40000000000029 -231.781346593799
39.50000000000029 -231.781346593799
39.60000000000029 -231.781346593799
39.70000000000029 -231.781346593799
39.8000000000003 -231.781346593799
39.9000000000003 -231.781346593799
40.0000000000003 -231.781346593799
40.1000000000003 -231.781346593799
40.2000000000003 -231.781346593799
40.3000000000003 -231.781346593799
40.4000000000003 -231.781346593799
40.50000000000031 -231.781346593799
40.60000000000031 -231.781346593799
40.70000000000031 -231.781346593799
40.80000000000031 -231.781346593799
40.90000000000031 -231.781346593799
41.00000000000031 -231.781346593799
41.10000000000031 -231.781346593799
41.20000000000032 -231.781346593799
41.30000000000032 -231.781346593799
41.40000000000032 -231.781346593799
41.50000000000032 -231.781346593799
41.60000000000032 -231.781346593799
41.70000000000032 -231.781346593799
41.80000000000032 -231.781346593799
41.90000000000033 -231.781346593799
42.00000000000033 -231.781346593799
42.10000000000033 -231.781346593799
42.20000000000033 -231.781346593799
42.30000000000033 -231.781346593799
42.40000000000033 -231.781346593799
42.50000000000033 -231.781346593799
42.60000000000034 -231.781346593799
42.70000000000034 -231.781346593799
42.80000000000034 -231.781346593799
42.90000000000034 -231.781346593799
43.00000000000034 -231.781346593799
43.10000000000034 -231.781346593799
43.20000000000034 -231.781346593799
43.30000000000035 -231.781346593799
43.40000000000035 -231.781346593799
43.50000000000035 -231.781346593799
43.60000000000035 -231.781346593799
43.70000000000035 -231.781346593799
43.80000000000035 -231.781346593799
43.90000000000035 -231.781346593799
44.00000000000036 -231.781346593799
44.10000000000036 -231.781346593799
44.20000000000036 -231.781346593799
44.30000000000036 -231.781346593799
44.40000000000036 -231.781346593799
44.50000000000036 -231.781346593799
44.60000000000036 -231.781346593799
44.70000000000037 -231.781346593799
44.80000000000037 -231.781346593799
44.90000000000037 -231.781346593799
45.00000000000037 -231.781346593799
45.10000000000037 -231.781346593799
45.20000000000037 -231.781346593799
45.30000000000037 -231.781346593799
45.40000000000038 -231.781346593799
45.50000000000038 -231.781346593799
45.60000000000038 -231.781346593799
45.70000000000038 -231.781346593799
45.80000000000038 -231.781346593799
45.90000000000038 -231.781346593799
46.00000000000038 -231.781346593799
46.10000000000039 -231.781346593799
46.20000000000039 -231.781346593799
46.30000000000039 -231.781346593799
46.40000000000039 -231.781346593799
46.50000000000039 -231.781346593799
46.60000000000039 -231.781346593799
46.70000000000039 -231.781346593799
46.8000000000004 -231.781346593799
46.9000000000004 -231.781346593799
47.0000000000004 -231.781346593799
47.1000000000004 -231.781346593799
47.2000000000004 -231.781346593799
47.3000000000004 -231.781346593799
47.4000000000004 -231.781346593799
47.50000000000041 -231.781346593799
47.60000000000041 -231.781346593799
47.70000000000041 -231.781346593799
47.80000000000041 -231.781346593799
47.90000000000041 -231.781346593799
48.00000000000041 -231.781346593799
48.10000000000041 -231.781346593799
48.20000000000041 -231.781346593799
48.30000000000042 -231.781346593799
48.40000000000042 -231.781346593799
48.50000000000042 -231.781346593799
48.60000000000042 -231.781346593799
48.70000000000042 -231.781346593799
48.80000000000042 -231.781346593799
48.90000000000042 -231.781346593799
49.00000000000043 -231.781346593799
49.10000000000043 -231.781346593799
49.20000000000043 -231.781346593799
49.30000000000043 -231.781346593799
49.40000000000043 -231.781346593799
49.50000000000043 -231.781346593799
49.60000000000043 -231.781346593799
49.70000000000044 -231.781346593799
49.80000000000044 -231.781346593799
49.90000000000044 -231.781346593799