Time X1
0 250
0.1 88.93020578136
0.2 88.93020578147839
0.3 88.93020578159678
0.4 88.9302057817001
0.5 88.93020578170048
0.6 88.93020578170086
0.7 88.9302057817012
0.7999999999999999 88.9302057817012
0.8999999999999999 88.9302057817012
0.9999999999999999 88.9302057817012
1.1 88.9302057817012
1.2 88.9302057817012
1.3 88.9302057817012
1.4 88.9302057817012
1.5 88.9302057817012
1.6 88.9302057817012
1.7 88.9302057817012
1.8 88.9302057817012
1.900000000000001 88.9302057817012
2 88.9302057817012
2.100000000000001 88.9302057817012
2.200000000000001 88.9302057817012
2.300000000000001 88.9302057817012
2.400000000000001 88.9302057817012
2.500000000000001 88.9302057817012
2.600000000000001 88.9302057817012
2.700000000000001 88.9302057817012
2.800000000000001 88.9302057817012
2.900000000000001 88.9302057817012
3.000000000000001 88.9302057817012
3.100000000000001 88.9302057817012
3.200000000000002 88.9302057817012
3.300000000000002 88.9302057817012
3.400000000000002 88.9302057817012
3.500000000000002 88.9302057817012
3.600000000000002 88.9302057817012
3.700000000000002 88.9302057817012
3.800000000000002 88.9302057817012
3.900000000000002 88.9302057817012
4.000000000000002 88.9302057817012
4.100000000000001 88.9302057817012
4.200000000000001 88.9302057817012
4.300000000000001 88.9302057817012
4.4 88.9302057817012
4.5 88.9302057817012
4.6 88.9302057817012
4.699999999999999 88.9302057817012
4.799999999999999 88.9302057817012
4.899999999999999 88.9302057817012
4.999999999999998 88.9302057817012
5.099999999999998 88.9302057817012
5.199999999999998 88.9302057817012
5.299999999999997 88.9302057817012
5.399999999999997 88.9302057817012
5.499999999999996 88.9302057817012
5.599999999999996 88.9302057817012
5.699999999999996 88.9302057817012
5.799999999999995 88.9302057817012
5.899999999999995 88.9302057817012
5.999999999999995 88.9302057817012
6.099999999999994 88.9302057817012
6.199999999999994 88.9302057817012
6.299999999999994 88.9302057817012
6.399999999999993 88.9302057817012
6.499999999999993 88.9302057817012
6.599999999999993 88.9302057817012
6.699999999999992 88.9302057817012
6.799999999999992 88.9302057817012
6.899999999999991 88.9302057817012
6.999999999999991 88.9302057817012
7.099999999999991 88.9302057817012
7.19999999999999 88.9302057817012
7.29999999999999 88.9302057817012
7.39999999999999 88.9302057817012
7.499999999999989 88.9302057817012
7.599999999999989 88.9302057817012
7.699999999999989 88.9302057817012
7.799999999999988 88.9302057817012
7.899999999999988 88.9302057817012
7.999999999999988 88.9302057817012
8.099999999999987 88.9302057817012
8.199999999999987 88.9302057817012
8.299999999999986 88.9302057817012
8.399999999999986 88.9302057817012
8.499999999999986 88.9302057817012
8.599999999999985 88.9302057817012
8.699999999999985 88.9302057817012
8.799999999999985 88.9302057817012
8.899999999999984 88.9302057817012
8.999999999999984 88.9302057817012
9.099999999999984 88.9302057817012
9.199999999999983 88.9302057817012
9.299999999999983 88.9302057817012
9.399999999999983 88.9302057817012
9.499999999999982 88.9302057817012
9.599999999999982 88.9302057817012
9.699999999999982 88.9302057817012
9.799999999999981 88.9302057817012
9.899999999999981 88.9302057817012
9.99999999999998 88.9302057817012
10.09999999999998 88.9302057817012
10.19999999999998 88.9302057817012
10.29999999999998 88.9302057817012
10.39999999999998 88.9302057817012
10.49999999999998 88.9302057817012
10.59999999999998 88.9302057817012
10.69999999999998 88.9302057817012
10.79999999999998 88.9302057817012
10.89999999999998 88.9302057817012
10.99999999999998 88.9302057817012
11.09999999999998 88.9302057817012
11.19999999999998 88.9302057817012
11.29999999999998 88.9302057817012
11.39999999999998 88.9302057817012
11.49999999999998 88.9302057817012
11.59999999999997 88.9302057817012
11.69999999999997 88.9302057817012
11.79999999999997 88.9302057817012
11.89999999999997 88.9302057817012
11.99999999999997 88.9302057817012
12.09999999999997 88.9302057817012
12.19999999999997 88.9302057817012
12.29999999999997 88.9302057817012
12.39999999999997 88.9302057817012
12.49999999999997 88.9302057817012
12.59999999999997 88.9302057817012
12.69999999999997 88.9302057817012
12.79999999999997 88.9302057817012
12.89999999999997 88.9302057817012
12.99999999999997 88.9302057817012
13.09999999999997 88.9302057817012
13.19999999999997 88.9302057817012
13.29999999999997 88.9302057817012
13.39999999999997 88.9302057817012
13.49999999999997 88.9302057817012
13.59999999999997 88.9302057817012
13.69999999999997 88.9302057817012
13.79999999999997 88.9302057817012
13.89999999999997 88.9302057817012
13.99999999999997 88.9302057817012
14.09999999999997 88.9302057817012
14.19999999999997 88.9302057817012
14.29999999999997 88.9302057817012
14.39999999999996 88.9302057817012
14.49999999999996 88.9302057817012
14.59999999999996 88.9302057817012
14.69999999999996 88.9302057817012
14.79999999999996 88.9302057817012
14.89999999999996 88.9302057817012
14.99999999999996 88.9302057817012
15.09999999999996 88.9302057817012
15.19999999999996 88.9302057817012
15.29999999999996 88.9302057817012
15.39999999999996 88.9302057817012
15.49999999999996 88.9302057817012
15.59999999999996 88.9302057817012
15.69999999999996 88.9302057817012
15.79999999999996 88.9302057817012
15.89999999999996 88.9302057817012
15.99999999999996 88.9302057817012
16.09999999999996 88.9302057817012
16.19999999999996 88.9302057817012
16.29999999999996 88.9302057817012
16.39999999999996 88.9302057817012
16.49999999999996 88.9302057817012
16.59999999999997 88.9302057817012
16.69999999999997 88.9302057817012
16.79999999999997 88.9302057817012
16.89999999999997 88.9302057817012
16.99999999999997 88.9302057817012
17.09999999999997 88.9302057817012
17.19999999999997 88.9302057817012
17.29999999999998 88.9302057817012
17.39999999999998 88.9302057817012
17.49999999999998 88.9302057817012
17.59999999999998 88.9302057817012
17.69999999999998 88.9302057817012
17.79999999999998 88.9302057817012
17.89999999999998 88.9302057817012
17.99999999999999 88.9302057817012
18.09999999999999 88.9302057817012
18.19999999999999 88.9302057817012
18.29999999999999 88.9302057817012
18.39999999999999 88.9302057817012
18.49999999999999 88.9302057817012
18.59999999999999 88.9302057817012
18.7 88.9302057817012
18.8 88.9302057817012
18.9 88.9302057817012
19 88.9302057817012
19.1 88.9302057817012
19.2 88.9302057817012
19.3 88.9302057817012
19.40000000000001 88.9302057817012
19.50000000000001 88.9302057817012
19.60000000000001 88.9302057817012
19.70000000000001 88.9302057817012
19.80000000000001 88.9302057817012
19.90000000000001 88.9302057817012
20.00000000000001 88.9302057817012
20.10000000000002 88.9302057817012
20.20000000000002 88.9302057817012
20.30000000000002 88.9302057817012
20.40000000000002 88.9302057817012
20.50000000000002 88.9302057817012
20.60000000000002 88.9302057817012
20.70000000000002 88.9302057817012
20.80000000000003 88.9302057817012
20.90000000000003 88.9302057817012
21.00000000000003 88.9302057817012
21.10000000000003 88.9302057817012
21.20000000000003 88.9302057817012
21.30000000000003 88.9302057817012
21.40000000000003 88.9302057817012
21.50000000000004 88.9302057817012
21.60000000000004 88.9302057817012
21.70000000000004 88.9302057817012
21.80000000000004 88.9302057817012
21.90000000000004 88.9302057817012
22.00000000000004 88.9302057817012
22.10000000000004 88.9302057817012
22.20000000000005 88.9302057817012
22.30000000000005 88.9302057817012
22.40000000000005 88.9302057817012
22.50000000000005 88.9302057817012
22.60000000000005 88.9302057817012
22.70000000000005 88.9302057817012
22.80000000000005 88.9302057817012
22.90000000000006 88.9302057817012
23.00000000000006 88.9302057817012
23.10000000000006 88.9302057817012
23.20000000000006 88.9302057817012
23.30000000000006 88.9302057817012
23.40000000000006 88.9302057817012
23.50000000000006 88.9302057817012
23.60000000000007 88.9302057817012
23.70000000000007 88.9302057817012
23.80000000000007 88.9302057817012
23.90000000000007 88.9302057817012
24.00000000000007 88.9302057817012
24.10000000000007 88.9302057817012
24.20000000000007 88.9302057817012
24.30000000000008 88.9302057817012
24.40000000000008 88.9302057817012
24.50000000000008 88.9302057817012
24.60000000000008 88.9302057817012
24.70000000000008 88.9302057817012
24.80000000000008 88.9302057817012
24.90000000000008 88.9302057817012
25.00000000000009 88.9302057817012
25.10000000000009 88.9302057817012
25.20000000000009 88.9302057817012
25.30000000000009 88.9302057817012
25.40000000000009 88.9302057817012
25.50000000000009 88.9302057817012
25.60000000000009 88.9302057817012
25.7000000000001 88.9302057817012
25.8000000000001 88.9302057817012
25.9000000000001 88.9302057817012
26.0000000000001 88.9302057817012
26.1000000000001 88.9302057817012
26.2000000000001 88.9302057817012
26.3000000000001 88.9302057817012
26.40000000000011 88.9302057817012
26.50000000000011 88.9302057817012
26.60000000000011 88.9302057817012
26.70000000000011 88.9302057817012
26.80000000000011 88.9302057817012
26.90000000000011 88.9302057817012
27.00000000000011 88.9302057817012
27.10000000000012 88.9302057817012
27.20000000000012 88.9302057817012
27.30000000000012 88.9302057817012
27.40000000000012 88.9302057817012
27.50000000000012 88.9302057817012
27.60000000000012 88.9302057817012
27.70000000000012 88.9302057817012
27.80000000000013 88.9302057817012
27.90000000000013 88.9302057817012
28.00000000000013 88.9302057817012
28.10000000000013 88.9302057817012
28.20000000000013 88.9302057817012
28.30000000000013 88.9302057817012
28.40000000000013 88.9302057817012
28.50000000000014 88.9302057817012
28.60000000000014 88.9302057817012
28.70000000000014 88.9302057817012
28.80000000000014 88.9302057817012
28.90000000000014 88.9302057817012
29.00000000000014 88.9302057817012
29.10000000000014 88.9302057817012
29.20000000000014 88.9302057817012
29.30000000000015 88.9302057817012
29.40000000000015 88.9302057817012
29.50000000000015 88.9302057817012
29.60000000000015 88.9302057817012
29.70000000000015 88.9302057817012
29.80000000000015 88.9302057817012
29.90000000000015 88.9302057817012
30.00000000000016 88.9302057817012
30.10000000000016 88.9302057817012
30.20000000000016 88.9302057817012
30.30000000000016 88.9302057817012
30.40000000000016 88.9302057817012
30.50000000000016 88.9302057817012
30.60000000000016 88.9302057817012
30.70000000000017 88.9302057817012
30.80000000000017 88.9302057817012
30.90000000000017 88.9302057817012
31.00000000000017 88.9302057817012
31.10000000000017 88.9302057817012
31.20000000000017 88.9302057817012
31.30000000000017 88.9302057817012
31.40000000000018 88.9302057817012
31.50000000000018 88.9302057817012
31.60000000000018 88.9302057817012
31.70000000000018 88.9302057817012
31.80000000000018 88.9302057817012
31.90000000000018 88.9302057817012
32.00000000000018 88.9302057817012
32.10000000000019 88.9302057817012
32.20000000000019 88.9302057817012
32.30000000000019 88.9302057817012
32.40000000000019 88.9302057817012
32.50000000000019 88.9302057817012
32.60000000000019 88.9302057817012
32.70000000000019 88.9302057817012
32.8000000000002 88.9302057817012
32.9000000000002 88.9302057817012
33.0000000000002 88.9302057817012
33.1000000000002 88.9302057817012
33.2000000000002 88.9302057817012
33.3000000000002 88.9302057817012
33.4000000000002 88.9302057817012
33.50000000000021 88.9302057817012
33.60000000000021 88.9302057817012
33.70000000000021 88.9302057817012
33.80000000000021 88.9302057817012
33.90000000000021 88.9302057817012
34.00000000000021 88.9302057817012
34.10000000000021 88.9302057817012
34.20000000000022 88.9302057817012
34.30000000000022 88.9302057817012
34.40000000000022 88.9302057817012
34.50000000000022 88.9302057817012
34.60000000000022 88.9302057817012
34.70000000000022 88.9302057817012
34.80000000000022 88.9302057817012
34.90000000000023 88.9302057817012
35.00000000000023 88.9302057817012
35.10000000000023 88.9302057817012
35.20000000000023 88.9302057817012
35.30000000000023 88.9302057817012
35.40000000000023 88.9302057817012
35.50000000000023 88.9302057817012
35.60000000000024 88.9302057817012
35.70000000000024 88.9302057817012
35.80000000000024 88.9302057817012
35.90000000000024 88.9302057817012
36.00000000000024 88.9302057817012
36.10000000000024 88.9302057817012
36.20000000000024 88.9302057817012
36.30000000000025 88.9302057817012
36.40000000000025 88.9302057817012
36.50000000000025 88.9302057817012
36.60000000000025 88.9302057817012
36.70000000000025 88.9302057817012
36.80000000000025 88.9302057817012
36.90000000000025 88.9302057817012
37.00000000000026 88.9302057817012
37.10000000000026 88.9302057817012
37.20000000000026 88.9302057817012
37.30000000000026 88.9302057817012
37.40000000000026 88.9302057817012
37.50000000000026 88.9302057817012
37.60000000000026 88.9302057817012
37.70000000000027 88.9302057817012
37.80000000000027 88.9302057817012
37.90000000000027 88.9302057817012
38.00000000000027 88.9302057817012
38.10000000000027 88.9302057817012
38.20000000000027 88.9302057817012
38.30000000000027 88.9302057817012
38.40000000000028 88.9302057817012
38.50000000000028 88.9302057817012
38.60000000000028 88.9302057817012
38.70000000000028 88.9302057817012
38.80000000000028 88.9302057817012
38.90000000000028 88.9302057817012
39.00000000000028 88.9302057817012
39.10000000000029 88.9302057817012
39.20000000000029 88.9302057817012
39.30000000000029 88.9302057817012
39.40000000000029 88.9302057817012
39.50000000000029 88.9302057817012
39.60000000000029 88.9302057817012
39.70000000000029 88.9302057817012
39.8000000000003 88.9302057817012
39.9000000000003 88.9302057817012
40.0000000000003 88.9302057817012
40.1000000000003 88.9302057817012
40.2000000000003 88.9302057817012
40.3000000000003 88.9302057817012
40.4000000000003 88.9302057817012
40.50000000000031 88.9302057817012
40.60000000000031 88.9302057817012
40.70000000000031 88.9302057817012
40.80000000000031 88.9302057817012
40.90000000000031 88.9302057817012
41.00000000000031 88.9302057817012
41.10000000000031 88.9302057817012
41.20000000000032 88.9302057817012
41.30000000000032 88.9302057817012
41.40000000000032 88.9302057817012
41.50000000000032 88.9302057817012
41.60000000000032 88.9302057817012
41.70000000000032 88.9302057817012
41.80000000000032 88.9302057817012
41.90000000000033 88.9302057817012
42.00000000000033 88.9302057817012
42.10000000000033 88.9302057817012
42.20000000000033 88.9302057817012
42.30000000000033 88.9302057817012
42.40000000000033 88.9302057817012
42.50000000000033 88.9302057817012
42.60000000000034 88.9302057817012
42.70000000000034 88.9302057817012
42.80000000000034 88.9302057817012
42.90000000000034 88.9302057817012
43.00000000000034 88.9302057817012
43.10000000000034 88.9302057817012
43.20000000000034 88.9302057817012
43.30000000000035 88.9302057817012
43.40000000000035 88.9302057817012
43.50000000000035 88.9302057817012
43.60000000000035 88.9302057817012
43.70000000000035 88.9302057817012
43.80000000000035 88.9302057817012
43.90000000000035 88.9302057817012
44.00000000000036 88.9302057817012
44.10000000000036 88.9302057817012
44.20000000000036 88.9302057817012
44.30000000000036 88.9302057817012
44.40000000000036 88.9302057817012
44.50000000000036 88.9302057817012
44.60000000000036 88.9302057817012
44.70000000000037 88.9302057817012
44.80000000000037 88.9302057817012
44.90000000000037 88.9302057817012
45.00000000000037 88.9302057817012
45.10000000000037 88.9302057817012
45.20000000000037 88.9302057817012
45.30000000000037 88.9302057817012
45.40000000000038 88.9302057817012
45.50000000000038 88.9302057817012
45.60000000000038 88.9302057817012
45.70000000000038 88.9302057817012
45.80000000000038 88.9302057817012
45.90000000000038 88.9302057817012
46.00000000000038 88.9302057817012
46.10000000000039 88.9302057817012
46.20000000000039 88.9302057817012
46.30000000000039 88.9302057817012
46.40000000000039 88.9302057817012
46.50000000000039 88.9302057817012
46.60000000000039 88.9302057817012
46.70000000000039 88.9302057817012
46.8000000000004 88.9302057817012
46.9000000000004 88.9302057817012
47.0000000000004 88.9302057817012
47.1000000000004 88.9302057817012
47.2000000000004 88.9302057817012
47.3000000000004 88.9302057817012
47.4000000000004 88.9302057817012
47.50000000000041 88.9302057817012
47.60000000000041 88.9302057817012
47.70000000000041 88.9302057817012
47.80000000000041 88.9302057817012
47.90000000000041 88.9302057817012
48.00000000000041 88.9302057817012
48.10000000000041 88.9302057817012
48.20000000000041 88.9302057817012
48.30000000000042 88.9302057817012
48.40000000000042 88.9302057817012
48.50000000000042 88.9302057817012
48.60000000000042 88.9302057817012
48.70000000000042 88.9302057817012
48.80000000000042 88.9302057817012
48.90000000000042 88.9302057817012
49.00000000000043 88.9302057817012
49.10000000000043 88.9302057817012
49.20000000000043 88.9302057817012
49.30000000000043 88.9302057817012
49.40000000000043 88.9302057817012
49.50000000000043 88.9302057817012
49.60000000000043 88.9302057817012
49.70000000000044 88.9302057817012
49.80000000000044 88.9302057817012
49.90000000000044 88.9302057817012