Time X1
0 250
0.1 474.8159600774075
0.2 474.8159600768611
0.3 474.8159600768593
0.4 474.8159600768586
0.5 474.8159600768586
0.6 474.8159600768586
0.7 474.8159600768586
0.7999999999999999 474.8159600768586
0.8999999999999999 474.8159600768586
0.9999999999999999 474.8159600768586
1.1 474.8159600768586
1.2 474.8159600768587
1.3 474.8159600768587
1.4 474.8159600768587
1.5 474.8159600768587
1.6 474.8159600768587
1.7 474.8159600768587
1.8 474.8159600768587
1.900000000000001 474.8159600768587
2 474.8159600768587
2.100000000000001 474.8159600768587
2.200000000000001 474.8159600768587
2.300000000000001 474.8159600768587
2.400000000000001 474.8159600768587
2.500000000000001 474.8159600768587
2.600000000000001 474.8159600768587
2.700000000000001 474.8159600768587
2.800000000000001 474.8159600768587
2.900000000000001 474.8159600768587
3.000000000000001 474.8159600768587
3.100000000000001 474.8159600768587
3.200000000000002 474.8159600768587
3.300000000000002 474.8159600768587
3.400000000000002 474.8159600768588
3.500000000000002 474.8159600768588
3.600000000000002 474.8159600768588
3.700000000000002 474.8159600768588
3.800000000000002 474.8159600768588
3.900000000000002 474.8159600768588
4.000000000000002 474.8159600768588
4.100000000000001 474.8159600768588
4.200000000000001 474.8159600768588
4.300000000000001 474.8159600768588
4.4 474.8159600768588
4.5 474.8159600768588
4.6 474.8159600768588
4.699999999999999 474.8159600768588
4.799999999999999 474.8159600768588
4.899999999999999 474.8159600768588
4.999999999999998 474.8159600768588
5.099999999999998 474.8159600768588
5.199999999999998 474.8159600768588
5.299999999999997 474.8159600768588
5.399999999999997 474.8159600768588
5.499999999999996 474.8159600768588
5.599999999999996 474.8159600768588
5.699999999999996 474.8159600768588
5.799999999999995 474.8159600768588
5.899999999999995 474.8159600768588
5.999999999999995 474.8159600768588
6.099999999999994 474.8159600768588
6.199999999999994 474.8159600768588
6.299999999999994 474.8159600768588
6.399999999999993 474.8159600768588
6.499999999999993 474.8159600768588
6.599999999999993 474.8159600768588
6.699999999999992 474.8159600768588
6.799999999999992 474.8159600768588
6.899999999999991 474.8159600768588
6.999999999999991 474.8159600768588
7.099999999999991 474.8159600768588
7.19999999999999 474.8159600768588
7.29999999999999 474.8159600768588
7.39999999999999 474.8159600768588
7.499999999999989 474.8159600768588
7.599999999999989 474.8159600768588
7.699999999999989 474.8159600768588
7.799999999999988 474.8159600768588
7.899999999999988 474.8159600768588
7.999999999999988 474.8159600768588
8.099999999999987 474.8159600768588
8.199999999999987 474.8159600768588
8.299999999999986 474.8159600768588
8.399999999999986 474.8159600768588
8.499999999999986 474.8159600768588
8.599999999999985 474.8159600768588
8.699999999999985 474.8159600768588
8.799999999999985 474.8159600768588
8.899999999999984 474.8159600768588
8.999999999999984 474.8159600768588
9.099999999999984 474.8159600768588
9.199999999999983 474.8159600768588
9.299999999999983 474.8159600768588
9.399999999999983 474.8159600768588
9.499999999999982 474.8159600768588
9.599999999999982 474.8159600768588
9.699999999999982 474.8159600768588
9.799999999999981 474.8159600768588
9.899999999999981 474.8159600768588
9.99999999999998 474.8159600768588
10.09999999999998 474.8159600768588
10.19999999999998 474.8159600768588
10.29999999999998 474.8159600768588
10.39999999999998 474.8159600768588
10.49999999999998 474.8159600768588
10.59999999999998 474.8159600768588
10.69999999999998 474.8159600768588
10.79999999999998 474.8159600768588
10.89999999999998 474.8159600768588
10.99999999999998 474.8159600768588
11.09999999999998 474.8159600768588
11.19999999999998 474.8159600768588
11.29999999999998 474.8159600768588
11.39999999999998 474.8159600768588
11.49999999999998 474.8159600768588
11.59999999999997 474.8159600768588
11.69999999999997 474.8159600768588
11.79999999999997 474.8159600768588
11.89999999999997 474.8159600768588
11.99999999999997 474.8159600768588
12.09999999999997 474.8159600768588
12.19999999999997 474.8159600768588
12.29999999999997 474.8159600768588
12.39999999999997 474.8159600768588
12.49999999999997 474.8159600768588
12.59999999999997 474.8159600768588
12.69999999999997 474.8159600768588
12.79999999999997 474.8159600768588
12.89999999999997 474.8159600768588
12.99999999999997 474.8159600768588
13.09999999999997 474.8159600768588
13.19999999999997 474.8159600768588
13.29999999999997 474.8159600768588
13.39999999999997 474.8159600768588
13.49999999999997 474.8159600768588
13.59999999999997 474.8159600768588
13.69999999999997 474.8159600768588
13.79999999999997 474.8159600768588
13.89999999999997 474.8159600768588
13.99999999999997 474.8159600768588
14.09999999999997 474.8159600768588
14.19999999999997 474.8159600768588
14.29999999999997 474.8159600768588
14.39999999999996 474.8159600768588
14.49999999999996 474.8159600768588
14.59999999999996 474.8159600768588
14.69999999999996 474.8159600768588
14.79999999999996 474.8159600768588
14.89999999999996 474.8159600768588
14.99999999999996 474.8159600768588
15.09999999999996 474.8159600768588
15.19999999999996 474.8159600768588
15.29999999999996 474.8159600768588
15.39999999999996 474.8159600768588
15.49999999999996 474.8159600768588
15.59999999999996 474.8159600768588
15.69999999999996 474.8159600768588
15.79999999999996 474.8159600768588
15.89999999999996 474.8159600768588
15.99999999999996 474.8159600768588
16.09999999999996 474.8159600768588
16.19999999999996 474.8159600768588
16.29999999999996 474.8159600768588
16.39999999999996 474.8159600768588
16.49999999999996 474.8159600768588
16.59999999999997 474.8159600768588
16.69999999999997 474.8159600768588
16.79999999999997 474.8159600768588
16.89999999999997 474.8159600768588
16.99999999999997 474.8159600768588
17.09999999999997 474.8159600768588
17.19999999999997 474.8159600768588
17.29999999999998 474.8159600768588
17.39999999999998 474.8159600768588
17.49999999999998 474.8159600768588
17.59999999999998 474.8159600768588
17.69999999999998 474.8159600768588
17.79999999999998 474.8159600768588
17.89999999999998 474.8159600768588
17.99999999999999 474.8159600768588
18.09999999999999 474.8159600768588
18.19999999999999 474.8159600768588
18.29999999999999 474.8159600768588
18.39999999999999 474.8159600768588
18.49999999999999 474.8159600768588
18.59999999999999 474.8159600768588
18.7 474.8159600768588
18.8 474.8159600768588
18.9 474.8159600768588
19 474.8159600768588
19.1 474.8159600768588
19.2 474.8159600768588
19.3 474.8159600768588
19.40000000000001 474.8159600768588
19.50000000000001 474.8159600768588
19.60000000000001 474.8159600768588
19.70000000000001 474.8159600768588
19.80000000000001 474.8159600768588
19.90000000000001 474.8159600768588
20.00000000000001 474.8159600768588
20.10000000000002 474.8159600768588
20.20000000000002 474.8159600768588
20.30000000000002 474.8159600768588
20.40000000000002 474.8159600768588
20.50000000000002 474.8159600768588
20.60000000000002 474.8159600768588
20.70000000000002 474.8159600768588
20.80000000000003 474.8159600768588
20.90000000000003 474.8159600768588
21.00000000000003 474.8159600768588
21.10000000000003 474.8159600768588
21.20000000000003 474.8159600768588
21.30000000000003 474.8159600768588
21.40000000000003 474.8159600768588
21.50000000000004 474.8159600768588
21.60000000000004 474.8159600768588
21.70000000000004 474.8159600768588
21.80000000000004 474.8159600768588
21.90000000000004 474.8159600768588
22.00000000000004 474.8159600768588
22.10000000000004 474.8159600768588
22.20000000000005 474.8159600768588
22.30000000000005 474.8159600768588
22.40000000000005 474.8159600768588
22.50000000000005 474.8159600768588
22.60000000000005 474.8159600768588
22.70000000000005 474.8159600768588
22.80000000000005 474.8159600768588
22.90000000000006 474.8159600768588
23.00000000000006 474.8159600768588
23.10000000000006 474.8159600768588
23.20000000000006 474.8159600768588
23.30000000000006 474.8159600768588
23.40000000000006 474.8159600768588
23.50000000000006 474.8159600768588
23.60000000000007 474.8159600768588
23.70000000000007 474.8159600768588
23.80000000000007 474.8159600768588
23.90000000000007 474.8159600768588
24.00000000000007 474.8159600768588
24.10000000000007 474.8159600768588
24.20000000000007 474.8159600768588
24.30000000000008 474.8159600768588
24.40000000000008 474.8159600768588
24.50000000000008 474.8159600768588
24.60000000000008 474.8159600768588
24.70000000000008 474.8159600768588
24.80000000000008 474.8159600768588
24.90000000000008 474.8159600768588
25.00000000000009 474.8159600768588
25.10000000000009 474.8159600768588
25.20000000000009 474.8159600768588
25.30000000000009 474.8159600768588
25.40000000000009 474.8159600768588
25.50000000000009 474.8159600768588
25.60000000000009 474.8159600768588
25.7000000000001 474.8159600768588
25.8000000000001 474.8159600768588
25.9000000000001 474.8159600768588
26.0000000000001 474.8159600768588
26.1000000000001 474.8159600768588
26.2000000000001 474.8159600768588
26.3000000000001 474.8159600768588
26.40000000000011 474.8159600768588
26.50000000000011 474.8159600768588
26.60000000000011 474.8159600768588
26.70000000000011 474.8159600768588
26.80000000000011 474.8159600768588
26.90000000000011 474.8159600768588
27.00000000000011 474.8159600768588
27.10000000000012 474.8159600768588
27.20000000000012 474.8159600768588
27.30000000000012 474.8159600768588
27.40000000000012 474.8159600768588
27.50000000000012 474.8159600768588
27.60000000000012 474.8159600768588
27.70000000000012 474.8159600768588
27.80000000000013 474.8159600768588
27.90000000000013 474.8159600768588
28.00000000000013 474.8159600768588
28.10000000000013 474.8159600768588
28.20000000000013 474.8159600768588
28.30000000000013 474.8159600768588
28.40000000000013 474.8159600768588
28.50000000000014 474.8159600768588
28.60000000000014 474.8159600768588
28.70000000000014 474.8159600768588
28.80000000000014 474.8159600768588
28.90000000000014 474.8159600768588
29.00000000000014 474.8159600768588
29.10000000000014 474.8159600768588
29.20000000000014 474.8159600768588
29.30000000000015 474.8159600768588
29.40000000000015 474.8159600768588
29.50000000000015 474.8159600768588
29.60000000000015 474.8159600768588
29.70000000000015 474.8159600768588
29.80000000000015 474.8159600768588
29.90000000000015 474.8159600768588
30.00000000000016 474.8159600768588
30.10000000000016 474.8159600768588
30.20000000000016 474.8159600768588
30.30000000000016 474.8159600768588
30.40000000000016 474.8159600768588
30.50000000000016 474.8159600768588
30.60000000000016 474.8159600768588
30.70000000000017 474.8159600768588
30.80000000000017 474.8159600768588
30.90000000000017 474.8159600768588
31.00000000000017 474.8159600768588
31.10000000000017 474.8159600768588
31.20000000000017 474.8159600768588
31.30000000000017 474.8159600768588
31.40000000000018 474.8159600768588
31.50000000000018 474.8159600768588
31.60000000000018 474.8159600768588
31.70000000000018 474.8159600768588
31.80000000000018 474.8159600768588
31.90000000000018 474.8159600768588
32.00000000000018 474.8159600768588
32.10000000000019 474.8159600768588
32.20000000000019 474.8159600768588
32.30000000000019 474.8159600768588
32.40000000000019 474.8159600768588
32.50000000000019 474.8159600768588
32.60000000000019 474.8159600768588
32.70000000000019 474.8159600768588
32.8000000000002 474.8159600768588
32.9000000000002 474.8159600768588
33.0000000000002 474.8159600768588
33.1000000000002 474.8159600768588
33.2000000000002 474.8159600768588
33.3000000000002 474.8159600768588
33.4000000000002 474.8159600768588
33.50000000000021 474.8159600768588
33.60000000000021 474.8159600768588
33.70000000000021 474.8159600768588
33.80000000000021 474.8159600768588
33.90000000000021 474.8159600768588
34.00000000000021 474.8159600768588
34.10000000000021 474.8159600768588
34.20000000000022 474.8159600768588
34.30000000000022 474.8159600768588
34.40000000000022 474.8159600768588
34.50000000000022 474.8159600768588
34.60000000000022 474.8159600768588
34.70000000000022 474.8159600768588
34.80000000000022 474.8159600768588
34.90000000000023 474.8159600768588
35.00000000000023 474.8159600768588
35.10000000000023 474.8159600768588
35.20000000000023 474.8159600768588
35.30000000000023 474.8159600768588
35.40000000000023 474.8159600768588
35.50000000000023 474.8159600768588
35.60000000000024 474.8159600768588
35.70000000000024 474.8159600768588
35.80000000000024 474.8159600768588
35.90000000000024 474.8159600768588
36.00000000000024 474.8159600768588
36.10000000000024 474.8159600768588
36.20000000000024 474.8159600768588
36.30000000000025 474.8159600768588
36.40000000000025 474.8159600768588
36.50000000000025 474.8159600768588
36.60000000000025 474.8159600768588
36.70000000000025 474.8159600768588
36.80000000000025 474.8159600768588
36.90000000000025 474.8159600768588
37.00000000000026 474.8159600768588
37.10000000000026 474.8159600768588
37.20000000000026 474.8159600768588
37.30000000000026 474.8159600768588
37.40000000000026 474.8159600768588
37.50000000000026 474.8159600768588
37.60000000000026 474.8159600768588
37.70000000000027 474.8159600768588
37.80000000000027 474.8159600768588
37.90000000000027 474.8159600768588
38.00000000000027 474.8159600768588
38.10000000000027 474.8159600768588
38.20000000000027 474.8159600768588
38.30000000000027 474.8159600768588
38.40000000000028 474.8159600768588
38.50000000000028 474.8159600768588
38.60000000000028 474.8159600768588
38.70000000000028 474.8159600768588
38.80000000000028 474.8159600768588
38.90000000000028 474.8159600768588
39.00000000000028 474.8159600768588
39.10000000000029 474.8159600768588
39.20000000000029 474.8159600768588
39.30000000000029 474.8159600768588
39.40000000000029 474.8159600768588
39.50000000000029 474.8159600768588
39.60000000000029 474.8159600768588
39.70000000000029 474.8159600768588
39.8000000000003 474.8159600768588
39.9000000000003 474.8159600768588
40.0000000000003 474.8159600768588
40.1000000000003 474.8159600768588
40.2000000000003 474.8159600768588
40.3000000000003 474.8159600768588
40.4000000000003 474.8159600768588
40.50000000000031 474.8159600768588
40.60000000000031 474.8159600768588
40.70000000000031 474.8159600768588
40.80000000000031 474.8159600768588
40.90000000000031 474.8159600768588
41.00000000000031 474.8159600768588
41.10000000000031 474.8159600768588
41.20000000000032 474.8159600768588
41.30000000000032 474.8159600768588
41.40000000000032 474.8159600768588
41.50000000000032 474.8159600768588
41.60000000000032 474.8159600768588
41.70000000000032 474.8159600768588
41.80000000000032 474.8159600768588
41.90000000000033 474.8159600768588
42.00000000000033 474.8159600768588
42.10000000000033 474.8159600768588
42.20000000000033 474.8159600768588
42.30000000000033 474.8159600768588
42.40000000000033 474.8159600768588
42.50000000000033 474.8159600768588
42.60000000000034 474.8159600768588
42.70000000000034 474.8159600768588
42.80000000000034 474.8159600768588
42.90000000000034 474.8159600768588
43.00000000000034 474.8159600768588
43.10000000000034 474.8159600768588
43.20000000000034 474.8159600768588
43.30000000000035 474.8159600768588
43.40000000000035 474.8159600768588
43.50000000000035 474.8159600768588
43.60000000000035 474.8159600768588
43.70000000000035 474.8159600768588
43.80000000000035 474.8159600768588
43.90000000000035 474.8159600768588
44.00000000000036 474.8159600768588
44.10000000000036 474.8159600768588
44.20000000000036 474.8159600768588
44.30000000000036 474.8159600768588
44.40000000000036 474.8159600768588
44.50000000000036 474.8159600768588
44.60000000000036 474.8159600768588
44.70000000000037 474.8159600768588
44.80000000000037 474.8159600768588
44.90000000000037 474.8159600768588
45.00000000000037 474.8159600768588
45.10000000000037 474.8159600768588
45.20000000000037 474.8159600768588
45.30000000000037 474.8159600768588
45.40000000000038 474.8159600768588
45.50000000000038 474.8159600768588
45.60000000000038 474.8159600768588
45.70000000000038 474.8159600768588
45.80000000000038 474.8159600768588
45.90000000000038 474.8159600768588
46.00000000000038 474.8159600768588
46.10000000000039 474.8159600768588
46.20000000000039 474.8159600768588
46.30000000000039 474.8159600768588
46.40000000000039 474.8159600768588
46.50000000000039 474.8159600768588
46.60000000000039 474.8159600768588
46.70000000000039 474.8159600768588
46.8000000000004 474.8159600768588
46.9000000000004 474.8159600768588
47.0000000000004 474.8159600768588
47.1000000000004 474.8159600768588
47.2000000000004 474.8159600768588
47.3000000000004 474.8159600768588
47.4000000000004 474.8159600768588
47.50000000000041 474.8159600768588
47.60000000000041 474.8159600768588
47.70000000000041 474.8159600768588
47.80000000000041 474.8159600768588
47.90000000000041 474.8159600768588
48.00000000000041 474.8159600768588
48.10000000000041 474.8159600768588
48.20000000000041 474.8159600768588
48.30000000000042 474.8159600768588
48.40000000000042 474.8159600768588
48.50000000000042 474.8159600768588
48.60000000000042 474.8159600768588
48.70000000000042 474.8159600768588
48.80000000000042 474.8159600768588
48.90000000000042 474.8159600768588
49.00000000000043 474.8159600768588
49.10000000000043 474.8159600768588
49.20000000000043 474.8159600768588
49.30000000000043 474.8159600768588
49.40000000000043 474.8159600768588
49.50000000000043 474.8159600768588
49.60000000000043 474.8159600768588
49.70000000000044 474.8159600768588
49.80000000000044 474.8159600768588
49.90000000000044 474.8159600768588