Time X1
0 250
0.1 64.55012559560286
0.2 64.55012577777988
0.3 64.55012578279147
0.4 64.55012578281834
0.5 64.55012578284521
0.6 64.55012578287209
0.7 64.55012578289895
0.7999999999999999 64.55012578292582
0.8999999999999999 64.55012578295269
0.9999999999999999 64.55012578297956
1.1 64.55012578300642
1.2 64.5501257830263
1.3 64.55012578302639
1.4 64.55012578302647
1.5 64.55012578302654
1.6 64.55012578302663
1.7 64.55012578302671
1.8 64.5501257830268
1.900000000000001 64.55012578302689
2 64.55012578302697
2.100000000000001 64.55012578302704
2.200000000000001 64.55012578302704
2.300000000000001 64.55012578302704
2.400000000000001 64.55012578302704
2.500000000000001 64.55012578302704
2.600000000000001 64.55012578302704
2.700000000000001 64.55012578302704
2.800000000000001 64.55012578302704
2.900000000000001 64.55012578302704
3.000000000000001 64.55012578302704
3.100000000000001 64.55012578302704
3.200000000000002 64.55012578302704
3.300000000000002 64.55012578302704
3.400000000000002 64.55012578302704
3.500000000000002 64.55012578302704
3.600000000000002 64.55012578302704
3.700000000000002 64.55012578302704
3.800000000000002 64.55012578302704
3.900000000000002 64.55012578302704
4.000000000000002 64.55012578302704
4.100000000000001 64.55012578302704
4.200000000000001 64.55012578302704
4.300000000000001 64.55012578302704
4.4 64.55012578302704
4.5 64.55012578302704
4.6 64.55012578302704
4.699999999999999 64.55012578302704
4.799999999999999 64.55012578302704
4.899999999999999 64.55012578302704
4.999999999999998 64.55012578302704
5.099999999999998 64.55012578302704
5.199999999999998 64.55012578302704
5.299999999999997 64.55012578302704
5.399999999999997 64.55012578302704
5.499999999999996 64.55012578302704
5.599999999999996 64.55012578302704
5.699999999999996 64.55012578302704
5.799999999999995 64.55012578302704
5.899999999999995 64.55012578302704
5.999999999999995 64.55012578302704
6.099999999999994 64.55012578302704
6.199999999999994 64.55012578302704
6.299999999999994 64.55012578302704
6.399999999999993 64.55012578302704
6.499999999999993 64.55012578302704
6.599999999999993 64.55012578302704
6.699999999999992 64.55012578302704
6.799999999999992 64.55012578302704
6.899999999999991 64.55012578302704
6.999999999999991 64.55012578302704
7.099999999999991 64.55012578302704
7.19999999999999 64.55012578302704
7.29999999999999 64.55012578302704
7.39999999999999 64.55012578302704
7.499999999999989 64.55012578302704
7.599999999999989 64.55012578302704
7.699999999999989 64.55012578302704
7.799999999999988 64.55012578302704
7.899999999999988 64.55012578302704
7.999999999999988 64.55012578302704
8.099999999999987 64.55012578302704
8.199999999999987 64.55012578302704
8.299999999999986 64.55012578302704
8.399999999999986 64.55012578302704
8.499999999999986 64.55012578302704
8.599999999999985 64.55012578302704
8.699999999999985 64.55012578302704
8.799999999999985 64.55012578302704
8.899999999999984 64.55012578302704
8.999999999999984 64.55012578302704
9.099999999999984 64.55012578302704
9.199999999999983 64.55012578302704
9.299999999999983 64.55012578302704
9.399999999999983 64.55012578302704
9.499999999999982 64.55012578302704
9.599999999999982 64.55012578302704
9.699999999999982 64.55012578302704
9.799999999999981 64.55012578302704
9.899999999999981 64.55012578302704
9.99999999999998 64.55012578302704
10.09999999999998 64.55012578302704
10.19999999999998 64.55012578302704
10.29999999999998 64.55012578302704
10.39999999999998 64.55012578302704
10.49999999999998 64.55012578302704
10.59999999999998 64.55012578302704
10.69999999999998 64.55012578302704
10.79999999999998 64.55012578302704
10.89999999999998 64.55012578302704
10.99999999999998 64.55012578302704
11.09999999999998 64.55012578302704
11.19999999999998 64.55012578302704
11.29999999999998 64.55012578302704
11.39999999999998 64.55012578302704
11.49999999999998 64.55012578302704
11.59999999999997 64.55012578302704
11.69999999999997 64.55012578302704
11.79999999999997 64.55012578302704
11.89999999999997 64.55012578302704
11.99999999999997 64.55012578302704
12.09999999999997 64.55012578302704
12.19999999999997 64.55012578302704
12.29999999999997 64.55012578302704
12.39999999999997 64.55012578302704
12.49999999999997 64.55012578302704
12.59999999999997 64.55012578302704
12.69999999999997 64.55012578302704
12.79999999999997 64.55012578302704
12.89999999999997 64.55012578302704
12.99999999999997 64.55012578302704
13.09999999999997 64.55012578302704
13.19999999999997 64.55012578302704
13.29999999999997 64.55012578302704
13.39999999999997 64.55012578302704
13.49999999999997 64.55012578302704
13.59999999999997 64.55012578302704
13.69999999999997 64.55012578302704
13.79999999999997 64.55012578302704
13.89999999999997 64.55012578302704
13.99999999999997 64.55012578302704
14.09999999999997 64.55012578302704
14.19999999999997 64.55012578302704
14.29999999999997 64.55012578302704
14.39999999999996 64.55012578302704
14.49999999999996 64.55012578302704
14.59999999999996 64.55012578302704
14.69999999999996 64.55012578302704
14.79999999999996 64.55012578302704
14.89999999999996 64.55012578302704
14.99999999999996 64.55012578302704
15.09999999999996 64.55012578302706
15.19999999999996 64.55012578302706
15.29999999999996 64.55012578302706
15.39999999999996 64.55012578302706
15.49999999999996 64.55012578302706
15.59999999999996 64.55012578302706
15.69999999999996 64.55012578302706
15.79999999999996 64.55012578302706
15.89999999999996 64.55012578302706
15.99999999999996 64.55012578302706
16.09999999999996 64.55012578302706
16.19999999999996 64.55012578302706
16.29999999999996 64.55012578302706
16.39999999999996 64.55012578302706
16.49999999999996 64.55012578302706
16.59999999999997 64.55012578302706
16.69999999999997 64.55012578302706
16.79999999999997 64.55012578302706
16.89999999999997 64.55012578302706
16.99999999999997 64.55012578302706
17.09999999999997 64.55012578302706
17.19999999999997 64.55012578302706
17.29999999999998 64.55012578302706
17.39999999999998 64.55012578302706
17.49999999999998 64.55012578302706
17.59999999999998 64.55012578302706
17.69999999999998 64.55012578302706
17.79999999999998 64.55012578302706
17.89999999999998 64.55012578302706
17.99999999999999 64.55012578302706
18.09999999999999 64.55012578302706
18.19999999999999 64.55012578302706
18.29999999999999 64.55012578302706
18.39999999999999 64.55012578302706
18.49999999999999 64.55012578302706
18.59999999999999 64.55012578302706
18.7 64.55012578302706
18.8 64.55012578302706
18.9 64.55012578302706
19 64.55012578302706
19.1 64.55012578302706
19.2 64.55012578302706
19.3 64.55012578302706
19.40000000000001 64.55012578302706
19.50000000000001 64.55012578302706
19.60000000000001 64.55012578302706
19.70000000000001 64.55012578302706
19.80000000000001 64.55012578302706
19.90000000000001 64.55012578302706
20.00000000000001 64.55012578302706
20.10000000000002 64.55012578302706
20.20000000000002 64.55012578302706
20.30000000000002 64.55012578302706
20.40000000000002 64.55012578302707
20.50000000000002 64.55012578302707
20.60000000000002 64.55012578302707
20.70000000000002 64.55012578302707
20.80000000000003 64.55012578302707
20.90000000000003 64.55012578302707
21.00000000000003 64.55012578302707
21.10000000000003 64.55012578302707
21.20000000000003 64.55012578302707
21.30000000000003 64.55012578302707
21.40000000000003 64.55012578302707
21.50000000000004 64.55012578302707
21.60000000000004 64.55012578302707
21.70000000000004 64.55012578302707
21.80000000000004 64.55012578302707
21.90000000000004 64.55012578302707
22.00000000000004 64.55012578302707
22.10000000000004 64.55012578302707
22.20000000000005 64.55012578302707
22.30000000000005 64.55012578302707
22.40000000000005 64.55012578302707
22.50000000000005 64.55012578302707
22.60000000000005 64.55012578302707
22.70000000000005 64.55012578302707
22.80000000000005 64.55012578302707
22.90000000000006 64.55012578302707
23.00000000000006 64.55012578302707
23.10000000000006 64.55012578302707
23.20000000000006 64.55012578302707
23.30000000000006 64.55012578302707
23.40000000000006 64.55012578302707
23.50000000000006 64.55012578302707
23.60000000000007 64.55012578302707
23.70000000000007 64.55012578302707
23.80000000000007 64.55012578302707
23.90000000000007 64.55012578302707
24.00000000000007 64.55012578302706
24.10000000000007 64.55012578302706
24.20000000000007 64.55012578302706
24.30000000000008 64.55012578302706
24.40000000000008 64.55012578302706
24.50000000000008 64.55012578302706
24.60000000000008 64.55012578302706
24.70000000000008 64.55012578302706
24.80000000000008 64.55012578302706
24.90000000000008 64.55012578302706
25.00000000000009 64.55012578302706
25.10000000000009 64.55012578302706
25.20000000000009 64.55012578302706
25.30000000000009 64.55012578302706
25.40000000000009 64.55012578302706
25.50000000000009 64.55012578302706
25.60000000000009 64.55012578302706
25.7000000000001 64.55012578302706
25.8000000000001 64.55012578302706
25.9000000000001 64.55012578302706
26.0000000000001 64.55012578302706
26.1000000000001 64.55012578302706
26.2000000000001 64.55012578302706
26.3000000000001 64.55012578302706
26.40000000000011 64.55012578302706
26.50000000000011 64.55012578302706
26.60000000000011 64.55012578302706
26.70000000000011 64.55012578302706
26.80000000000011 64.55012578302706
26.90000000000011 64.55012578302706
27.00000000000011 64.55012578302706
27.10000000000012 64.55012578302706
27.20000000000012 64.55012578302706
27.30000000000012 64.55012578302706
27.40000000000012 64.55012578302706
27.50000000000012 64.55012578302706
27.60000000000012 64.55012578302706
27.70000000000012 64.55012578302706
27.80000000000013 64.55012578302706
27.90000000000013 64.55012578302706
28.00000000000013 64.55012578302706
28.10000000000013 64.55012578302706
28.20000000000013 64.55012578302706
28.30000000000013 64.55012578302706
28.40000000000013 64.55012578302706
28.50000000000014 64.55012578302706
28.60000000000014 64.55012578302706
28.70000000000014 64.55012578302706
28.80000000000014 64.55012578302706
28.90000000000014 64.55012578302706
29.00000000000014 64.55012578302706
29.10000000000014 64.55012578302706
29.20000000000014 64.55012578302706
29.30000000000015 64.55012578302706
29.40000000000015 64.55012578302706
29.50000000000015 64.55012578302706
29.60000000000015 64.55012578302706
29.70000000000015 64.55012578302706
29.80000000000015 64.55012578302706
29.90000000000015 64.55012578302706
30.00000000000016 64.55012578302706
30.10000000000016 64.55012578302706
30.20000000000016 64.55012578302706
30.30000000000016 64.55012578302706
30.40000000000016 64.55012578302706
30.50000000000016 64.55012578302706
30.60000000000016 64.55012578302706
30.70000000000017 64.55012578302706
30.80000000000017 64.55012578302706
30.90000000000017 64.55012578302706
31.00000000000017 64.55012578302706
31.10000000000017 64.55012578302706
31.20000000000017 64.55012578302706
31.30000000000017 64.55012578302706
31.40000000000018 64.55012578302706
31.50000000000018 64.55012578302706
31.60000000000018 64.55012578302706
31.70000000000018 64.55012578302706
31.80000000000018 64.55012578302706
31.90000000000018 64.55012578302706
32.00000000000018 64.55012578302706
32.10000000000019 64.55012578302706
32.20000000000019 64.55012578302706
32.30000000000019 64.55012578302706
32.40000000000019 64.55012578302706
32.50000000000019 64.55012578302706
32.60000000000019 64.55012578302706
32.70000000000019 64.55012578302706
32.8000000000002 64.55012578302706
32.9000000000002 64.55012578302706
33.0000000000002 64.55012578302706
33.1000000000002 64.55012578302706
33.2000000000002 64.55012578302706
33.3000000000002 64.55012578302706
33.4000000000002 64.55012578302706
33.50000000000021 64.55012578302706
33.60000000000021 64.55012578302706
33.70000000000021 64.55012578302706
33.80000000000021 64.55012578302706
33.90000000000021 64.55012578302706
34.00000000000021 64.55012578302706
34.10000000000021 64.55012578302706
34.20000000000022 64.55012578302706
34.30000000000022 64.55012578302706
34.40000000000022 64.55012578302706
34.50000000000022 64.55012578302706
34.60000000000022 64.55012578302706
34.70000000000022 64.55012578302706
34.80000000000022 64.55012578302706
34.90000000000023 64.55012578302706
35.00000000000023 64.55012578302706
35.10000000000023 64.55012578302706
35.20000000000023 64.55012578302706
35.30000000000023 64.55012578302706
35.40000000000023 64.55012578302706
35.50000000000023 64.55012578302706
35.60000000000024 64.55012578302706
35.70000000000024 64.55012578302706
35.80000000000024 64.55012578302706
35.90000000000024 64.55012578302706
36.00000000000024 64.55012578302706
36.10000000000024 64.55012578302706
36.20000000000024 64.55012578302706
36.30000000000025 64.55012578302706
36.40000000000025 64.55012578302706
36.50000000000025 64.55012578302706
36.60000000000025 64.55012578302706
36.70000000000025 64.55012578302706
36.80000000000025 64.55012578302706
36.90000000000025 64.55012578302706
37.00000000000026 64.55012578302706
37.10000000000026 64.55012578302706
37.20000000000026 64.55012578302706
37.30000000000026 64.55012578302706
37.40000000000026 64.55012578302706
37.50000000000026 64.55012578302706
37.60000000000026 64.55012578302706
37.70000000000027 64.55012578302706
37.80000000000027 64.55012578302706
37.90000000000027 64.55012578302706
38.00000000000027 64.55012578302706
38.10000000000027 64.55012578302706
38.20000000000027 64.55012578302706
38.30000000000027 64.55012578302706
38.40000000000028 64.55012578302706
38.50000000000028 64.55012578302706
38.60000000000028 64.55012578302706
38.70000000000028 64.55012578302706
38.80000000000028 64.55012578302706
38.90000000000028 64.55012578302706
39.00000000000028 64.55012578302706
39.10000000000029 64.55012578302706
39.20000000000029 64.55012578302706
39.30000000000029 64.55012578302706
39.40000000000029 64.55012578302706
39.50000000000029 64.55012578302706
39.60000000000029 64.55012578302706
39.70000000000029 64.55012578302706
39.8000000000003 64.55012578302706
39.9000000000003 64.55012578302706
40.0000000000003 64.55012578302706
40.1000000000003 64.55012578302706
40.2000000000003 64.55012578302706
40.3000000000003 64.55012578302706
40.4000000000003 64.55012578302706
40.50000000000031 64.55012578302706
40.60000000000031 64.55012578302706
40.70000000000031 64.55012578302706
40.80000000000031 64.55012578302706
40.90000000000031 64.55012578302706
41.00000000000031 64.55012578302706
41.10000000000031 64.55012578302706
41.20000000000032 64.55012578302706
41.30000000000032 64.55012578302706
41.40000000000032 64.55012578302706
41.50000000000032 64.55012578302706
41.60000000000032 64.55012578302706
41.70000000000032 64.55012578302706
41.80000000000032 64.55012578302706
41.90000000000033 64.55012578302706
42.00000000000033 64.55012578302706
42.10000000000033 64.55012578302706
42.20000000000033 64.55012578302706
42.30000000000033 64.55012578302706
42.40000000000033 64.55012578302706
42.50000000000033 64.55012578302706
42.60000000000034 64.55012578302706
42.70000000000034 64.55012578302706
42.80000000000034 64.55012578302706
42.90000000000034 64.55012578302706
43.00000000000034 64.55012578302706
43.10000000000034 64.55012578302706
43.20000000000034 64.55012578302706
43.30000000000035 64.55012578302706
43.40000000000035 64.55012578302706
43.50000000000035 64.55012578302706
43.60000000000035 64.55012578302706
43.70000000000035 64.55012578302706
43.80000000000035 64.55012578302706
43.90000000000035 64.55012578302706
44.00000000000036 64.55012578302706
44.10000000000036 64.55012578302706
44.20000000000036 64.55012578302706
44.30000000000036 64.55012578302706
44.40000000000036 64.55012578302706
44.50000000000036 64.55012578302706
44.60000000000036 64.55012578302706
44.70000000000037 64.55012578302706
44.80000000000037 64.55012578302706
44.90000000000037 64.55012578302706
45.00000000000037 64.55012578302706
45.10000000000037 64.55012578302706
45.20000000000037 64.55012578302706
45.30000000000037 64.55012578302706
45.40000000000038 64.55012578302706
45.50000000000038 64.55012578302706
45.60000000000038 64.55012578302706
45.70000000000038 64.55012578302706
45.80000000000038 64.55012578302706
45.90000000000038 64.55012578302706
46.00000000000038 64.55012578302706
46.10000000000039 64.55012578302706
46.20000000000039 64.55012578302706
46.30000000000039 64.55012578302706
46.40000000000039 64.55012578302706
46.50000000000039 64.55012578302706
46.60000000000039 64.55012578302706
46.70000000000039 64.55012578302706
46.8000000000004 64.55012578302706
46.9000000000004 64.55012578302706
47.0000000000004 64.55012578302706
47.1000000000004 64.55012578302706
47.2000000000004 64.55012578302706
47.3000000000004 64.55012578302706
47.4000000000004 64.55012578302706
47.50000000000041 64.55012578302706
47.60000000000041 64.55012578302706
47.70000000000041 64.55012578302706
47.80000000000041 64.55012578302706
47.90000000000041 64.55012578302706
48.00000000000041 64.55012578302706
48.10000000000041 64.55012578302706
48.20000000000041 64.55012578302706
48.30000000000042 64.55012578302706
48.40000000000042 64.55012578302706
48.50000000000042 64.55012578302706
48.60000000000042 64.55012578302706
48.70000000000042 64.55012578302706
48.80000000000042 64.55012578302706
48.90000000000042 64.55012578302706
49.00000000000043 64.55012578302706
49.10000000000043 64.55012578302706
49.20000000000043 64.55012578302706
49.30000000000043 64.55012578302706
49.40000000000043 64.55012578302706
49.50000000000043 64.55012578302706
49.60000000000043 64.55012578302706
49.70000000000044 64.55012578302706
49.80000000000044 64.55012578302706
49.90000000000044 64.55012578302706