Time X1
0 250
0.1 -133.7237159547675
0.2 -133.7237159546769
0.3 -133.7237159545863
0.4 -133.723715954522
0.5 -133.7237159545217
0.6 -133.7237159545214
0.7 -133.7237159545213
0.7999999999999999 -133.7237159545213
0.8999999999999999 -133.7237159545213
0.9999999999999999 -133.7237159545213
1.1 -133.7237159545213
1.2 -133.7237159545213
1.3 -133.7237159545213
1.4 -133.7237159545213
1.5 -133.7237159545213
1.6 -133.7237159545213
1.7 -133.7237159545213
1.8 -133.7237159545213
1.900000000000001 -133.7237159545213
2 -133.7237159545213
2.100000000000001 -133.7237159545213
2.200000000000001 -133.7237159545213
2.300000000000001 -133.7237159545213
2.400000000000001 -133.7237159545213
2.500000000000001 -133.7237159545213
2.600000000000001 -133.7237159545213
2.700000000000001 -133.7237159545213
2.800000000000001 -133.7237159545213
2.900000000000001 -133.7237159545213
3.000000000000001 -133.7237159545213
3.100000000000001 -133.7237159545213
3.200000000000002 -133.7237159545213
3.300000000000002 -133.7237159545213
3.400000000000002 -133.7237159545213
3.500000000000002 -133.7237159545213
3.600000000000002 -133.7237159545213
3.700000000000002 -133.7237159545213
3.800000000000002 -133.7237159545213
3.900000000000002 -133.7237159545213
4.000000000000002 -133.7237159545213
4.100000000000001 -133.7237159545213
4.200000000000001 -133.7237159545213
4.300000000000001 -133.7237159545213
4.4 -133.7237159545213
4.5 -133.7237159545213
4.6 -133.7237159545213
4.699999999999999 -133.7237159545213
4.799999999999999 -133.7237159545213
4.899999999999999 -133.7237159545213
4.999999999999998 -133.7237159545213
5.099999999999998 -133.7237159545213
5.199999999999998 -133.7237159545213
5.299999999999997 -133.7237159545213
5.399999999999997 -133.7237159545213
5.499999999999996 -133.7237159545213
5.599999999999996 -133.7237159545213
5.699999999999996 -133.7237159545213
5.799999999999995 -133.7237159545213
5.899999999999995 -133.7237159545213
5.999999999999995 -133.7237159545213
6.099999999999994 -133.7237159545213
6.199999999999994 -133.7237159545213
6.299999999999994 -133.7237159545213
6.399999999999993 -133.7237159545213
6.499999999999993 -133.7237159545213
6.599999999999993 -133.7237159545213
6.699999999999992 -133.7237159545213
6.799999999999992 -133.7237159545213
6.899999999999991 -133.7237159545213
6.999999999999991 -133.7237159545213
7.099999999999991 -133.7237159545213
7.19999999999999 -133.7237159545213
7.29999999999999 -133.7237159545213
7.39999999999999 -133.7237159545213
7.499999999999989 -133.7237159545213
7.599999999999989 -133.7237159545213
7.699999999999989 -133.7237159545213
7.799999999999988 -133.7237159545213
7.899999999999988 -133.7237159545213
7.999999999999988 -133.7237159545213
8.099999999999987 -133.7237159545213
8.199999999999987 -133.7237159545213
8.299999999999986 -133.7237159545213
8.399999999999986 -133.7237159545213
8.499999999999986 -133.7237159545213
8.599999999999985 -133.7237159545213
8.699999999999985 -133.7237159545213
8.799999999999985 -133.7237159545213
8.899999999999984 -133.7237159545213
8.999999999999984 -133.7237159545213
9.099999999999984 -133.7237159545213
9.199999999999983 -133.7237159545213
9.299999999999983 -133.7237159545213
9.399999999999983 -133.7237159545213
9.499999999999982 -133.7237159545213
9.599999999999982 -133.7237159545213
9.699999999999982 -133.7237159545213
9.799999999999981 -133.7237159545213
9.899999999999981 -133.7237159545213
9.99999999999998 -133.7237159545213
10.09999999999998 -133.7237159545213
10.19999999999998 -133.7237159545213
10.29999999999998 -133.7237159545213
10.39999999999998 -133.7237159545213
10.49999999999998 -133.7237159545213
10.59999999999998 -133.7237159545213
10.69999999999998 -133.7237159545213
10.79999999999998 -133.7237159545213
10.89999999999998 -133.7237159545213
10.99999999999998 -133.7237159545213
11.09999999999998 -133.7237159545213
11.19999999999998 -133.7237159545213
11.29999999999998 -133.7237159545213
11.39999999999998 -133.7237159545213
11.49999999999998 -133.7237159545213
11.59999999999997 -133.7237159545213
11.69999999999997 -133.7237159545213
11.79999999999997 -133.7237159545213
11.89999999999997 -133.7237159545213
11.99999999999997 -133.7237159545213
12.09999999999997 -133.7237159545213
12.19999999999997 -133.7237159545213
12.29999999999997 -133.7237159545213
12.39999999999997 -133.7237159545213
12.49999999999997 -133.7237159545213
12.59999999999997 -133.7237159545213
12.69999999999997 -133.7237159545213
12.79999999999997 -133.7237159545213
12.89999999999997 -133.7237159545213
12.99999999999997 -133.7237159545213
13.09999999999997 -133.7237159545213
13.19999999999997 -133.7237159545213
13.29999999999997 -133.7237159545213
13.39999999999997 -133.7237159545213
13.49999999999997 -133.7237159545213
13.59999999999997 -133.7237159545213
13.69999999999997 -133.7237159545213
13.79999999999997 -133.7237159545213
13.89999999999997 -133.7237159545213
13.99999999999997 -133.7237159545213
14.09999999999997 -133.7237159545213
14.19999999999997 -133.7237159545213
14.29999999999997 -133.7237159545213
14.39999999999996 -133.7237159545213
14.49999999999996 -133.7237159545213
14.59999999999996 -133.7237159545213
14.69999999999996 -133.7237159545213
14.79999999999996 -133.7237159545213
14.89999999999996 -133.7237159545213
14.99999999999996 -133.7237159545213
15.09999999999996 -133.7237159545213
15.19999999999996 -133.7237159545213
15.29999999999996 -133.7237159545213
15.39999999999996 -133.7237159545213
15.49999999999996 -133.7237159545213
15.59999999999996 -133.7237159545213
15.69999999999996 -133.7237159545213
15.79999999999996 -133.7237159545213
15.89999999999996 -133.7237159545213
15.99999999999996 -133.7237159545213
16.09999999999996 -133.7237159545213
16.19999999999996 -133.7237159545213
16.29999999999996 -133.7237159545213
16.39999999999996 -133.7237159545213
16.49999999999996 -133.7237159545213
16.59999999999997 -133.7237159545213
16.69999999999997 -133.7237159545213
16.79999999999997 -133.7237159545213
16.89999999999997 -133.7237159545213
16.99999999999997 -133.7237159545213
17.09999999999997 -133.7237159545213
17.19999999999997 -133.7237159545213
17.29999999999998 -133.7237159545213
17.39999999999998 -133.7237159545213
17.49999999999998 -133.7237159545213
17.59999999999998 -133.7237159545213
17.69999999999998 -133.7237159545213
17.79999999999998 -133.7237159545213
17.89999999999998 -133.7237159545213
17.99999999999999 -133.7237159545213
18.09999999999999 -133.7237159545213
18.19999999999999 -133.7237159545213
18.29999999999999 -133.7237159545213
18.39999999999999 -133.7237159545213
18.49999999999999 -133.7237159545213
18.59999999999999 -133.7237159545213
18.7 -133.7237159545213
18.8 -133.7237159545213
18.9 -133.7237159545213
19 -133.7237159545213
19.1 -133.7237159545213
19.2 -133.7237159545213
19.3 -133.7237159545213
19.40000000000001 -133.7237159545213
19.50000000000001 -133.7237159545213
19.60000000000001 -133.7237159545213
19.70000000000001 -133.7237159545213
19.80000000000001 -133.7237159545213
19.90000000000001 -133.7237159545213
20.00000000000001 -133.7237159545213
20.10000000000002 -133.7237159545213
20.20000000000002 -133.7237159545213
20.30000000000002 -133.7237159545213
20.40000000000002 -133.7237159545213
20.50000000000002 -133.7237159545213
20.60000000000002 -133.7237159545213
20.70000000000002 -133.7237159545213
20.80000000000003 -133.7237159545213
20.90000000000003 -133.7237159545213
21.00000000000003 -133.7237159545213
21.10000000000003 -133.7237159545213
21.20000000000003 -133.7237159545213
21.30000000000003 -133.7237159545213
21.40000000000003 -133.7237159545213
21.50000000000004 -133.7237159545213
21.60000000000004 -133.7237159545213
21.70000000000004 -133.7237159545213
21.80000000000004 -133.7237159545213
21.90000000000004 -133.7237159545213
22.00000000000004 -133.7237159545213
22.10000000000004 -133.7237159545213
22.20000000000005 -133.7237159545213
22.30000000000005 -133.7237159545213
22.40000000000005 -133.7237159545213
22.50000000000005 -133.7237159545213
22.60000000000005 -133.7237159545213
22.70000000000005 -133.7237159545213
22.80000000000005 -133.7237159545213
22.90000000000006 -133.7237159545213
23.00000000000006 -133.7237159545213
23.10000000000006 -133.7237159545213
23.20000000000006 -133.7237159545213
23.30000000000006 -133.7237159545213
23.40000000000006 -133.7237159545213
23.50000000000006 -133.7237159545213
23.60000000000007 -133.7237159545213
23.70000000000007 -133.7237159545213
23.80000000000007 -133.7237159545213
23.90000000000007 -133.7237159545213
24.00000000000007 -133.7237159545213
24.10000000000007 -133.7237159545213
24.20000000000007 -133.7237159545213
24.30000000000008 -133.7237159545213
24.40000000000008 -133.7237159545213
24.50000000000008 -133.7237159545213
24.60000000000008 -133.7237159545213
24.70000000000008 -133.7237159545213
24.80000000000008 -133.7237159545213
24.90000000000008 -133.7237159545213
25.00000000000009 -133.7237159545213
25.10000000000009 -133.7237159545213
25.20000000000009 -133.7237159545213
25.30000000000009 -133.7237159545213
25.40000000000009 -133.7237159545213
25.50000000000009 -133.7237159545213
25.60000000000009 -133.7237159545213
25.7000000000001 -133.7237159545213
25.8000000000001 -133.7237159545213
25.9000000000001 -133.7237159545213
26.0000000000001 -133.7237159545213
26.1000000000001 -133.7237159545213
26.2000000000001 -133.7237159545213
26.3000000000001 -133.7237159545213
26.40000000000011 -133.7237159545213
26.50000000000011 -133.7237159545213
26.60000000000011 -133.7237159545213
26.70000000000011 -133.7237159545213
26.80000000000011 -133.7237159545213
26.90000000000011 -133.7237159545213
27.00000000000011 -133.7237159545213
27.10000000000012 -133.7237159545213
27.20000000000012 -133.7237159545213
27.30000000000012 -133.7237159545213
27.40000000000012 -133.7237159545213
27.50000000000012 -133.7237159545213
27.60000000000012 -133.7237159545213
27.70000000000012 -133.7237159545213
27.80000000000013 -133.7237159545213
27.90000000000013 -133.7237159545213
28.00000000000013 -133.7237159545213
28.10000000000013 -133.7237159545213
28.20000000000013 -133.7237159545213
28.30000000000013 -133.7237159545213
28.40000000000013 -133.7237159545213
28.50000000000014 -133.7237159545213
28.60000000000014 -133.7237159545213
28.70000000000014 -133.7237159545213
28.80000000000014 -133.7237159545213
28.90000000000014 -133.7237159545213
29.00000000000014 -133.7237159545213
29.10000000000014 -133.7237159545213
29.20000000000014 -133.7237159545213
29.30000000000015 -133.7237159545213
29.40000000000015 -133.7237159545213
29.50000000000015 -133.7237159545213
29.60000000000015 -133.7237159545213
29.70000000000015 -133.7237159545213
29.80000000000015 -133.7237159545213
29.90000000000015 -133.7237159545213
30.00000000000016 -133.7237159545213
30.10000000000016 -133.7237159545213
30.20000000000016 -133.7237159545213
30.30000000000016 -133.7237159545213
30.40000000000016 -133.7237159545213
30.50000000000016 -133.7237159545213
30.60000000000016 -133.7237159545213
30.70000000000017 -133.7237159545213
30.80000000000017 -133.7237159545213
30.90000000000017 -133.7237159545213
31.00000000000017 -133.7237159545213
31.10000000000017 -133.7237159545213
31.20000000000017 -133.7237159545213
31.30000000000017 -133.7237159545213
31.40000000000018 -133.7237159545213
31.50000000000018 -133.7237159545213
31.60000000000018 -133.7237159545213
31.70000000000018 -133.7237159545213
31.80000000000018 -133.7237159545213
31.90000000000018 -133.7237159545213
32.00000000000018 -133.7237159545213
32.10000000000019 -133.7237159545213
32.20000000000019 -133.7237159545213
32.30000000000019 -133.7237159545213
32.40000000000019 -133.7237159545213
32.50000000000019 -133.7237159545213
32.60000000000019 -133.7237159545213
32.70000000000019 -133.7237159545213
32.8000000000002 -133.7237159545213
32.9000000000002 -133.7237159545213
33.0000000000002 -133.7237159545213
33.1000000000002 -133.7237159545213
33.2000000000002 -133.7237159545213
33.3000000000002 -133.7237159545213
33.4000000000002 -133.7237159545213
33.50000000000021 -133.7237159545213
33.60000000000021 -133.7237159545213
33.70000000000021 -133.7237159545213
33.80000000000021 -133.7237159545213
33.90000000000021 -133.7237159545213
34.00000000000021 -133.7237159545213
34.10000000000021 -133.7237159545213
34.20000000000022 -133.7237159545213
34.30000000000022 -133.7237159545213
34.40000000000022 -133.7237159545213
34.50000000000022 -133.7237159545213
34.60000000000022 -133.7237159545213
34.70000000000022 -133.7237159545213
34.80000000000022 -133.7237159545213
34.90000000000023 -133.7237159545213
35.00000000000023 -133.7237159545213
35.10000000000023 -133.7237159545213
35.20000000000023 -133.7237159545213
35.30000000000023 -133.7237159545213
35.40000000000023 -133.7237159545213
35.50000000000023 -133.7237159545213
35.60000000000024 -133.7237159545213
35.70000000000024 -133.7237159545213
35.80000000000024 -133.7237159545213
35.90000000000024 -133.7237159545213
36.00000000000024 -133.7237159545213
36.10000000000024 -133.7237159545213
36.20000000000024 -133.7237159545213
36.30000000000025 -133.7237159545213
36.40000000000025 -133.7237159545213
36.50000000000025 -133.7237159545213
36.60000000000025 -133.7237159545213
36.70000000000025 -133.7237159545213
36.80000000000025 -133.7237159545213
36.90000000000025 -133.7237159545213
37.00000000000026 -133.7237159545213
37.10000000000026 -133.7237159545213
37.20000000000026 -133.7237159545213
37.30000000000026 -133.7237159545213
37.40000000000026 -133.7237159545213
37.50000000000026 -133.7237159545213
37.60000000000026 -133.7237159545213
37.70000000000027 -133.7237159545213
37.80000000000027 -133.7237159545213
37.90000000000027 -133.7237159545213
38.00000000000027 -133.7237159545213
38.10000000000027 -133.7237159545213
38.20000000000027 -133.7237159545213
38.30000000000027 -133.7237159545213
38.40000000000028 -133.7237159545213
38.50000000000028 -133.7237159545213
38.60000000000028 -133.7237159545213
38.70000000000028 -133.7237159545213
38.80000000000028 -133.7237159545213
38.90000000000028 -133.7237159545213
39.00000000000028 -133.7237159545213
39.10000000000029 -133.7237159545213
39.20000000000029 -133.7237159545213
39.30000000000029 -133.7237159545213
39.40000000000029 -133.7237159545213
39.50000000000029 -133.7237159545213
39.60000000000029 -133.7237159545213
39.70000000000029 -133.7237159545213
39.8000000000003 -133.7237159545213
39.9000000000003 -133.7237159545213
40.0000000000003 -133.7237159545213
40.1000000000003 -133.7237159545213
40.2000000000003 -133.7237159545213
40.3000000000003 -133.7237159545213
40.4000000000003 -133.7237159545213
40.50000000000031 -133.7237159545213
40.60000000000031 -133.7237159545213
40.70000000000031 -133.7237159545213
40.80000000000031 -133.7237159545213
40.90000000000031 -133.7237159545213
41.00000000000031 -133.7237159545213
41.10000000000031 -133.7237159545213
41.20000000000032 -133.7237159545213
41.30000000000032 -133.7237159545213
41.40000000000032 -133.7237159545213
41.50000000000032 -133.7237159545213
41.60000000000032 -133.7237159545213
41.70000000000032 -133.7237159545213
41.80000000000032 -133.7237159545213
41.90000000000033 -133.7237159545213
42.00000000000033 -133.7237159545213
42.10000000000033 -133.7237159545213
42.20000000000033 -133.7237159545213
42.30000000000033 -133.7237159545213
42.40000000000033 -133.7237159545213
42.50000000000033 -133.7237159545213
42.60000000000034 -133.7237159545213
42.70000000000034 -133.7237159545213
42.80000000000034 -133.7237159545213
42.90000000000034 -133.7237159545213
43.00000000000034 -133.7237159545213
43.10000000000034 -133.7237159545213
43.20000000000034 -133.7237159545213
43.30000000000035 -133.7237159545213
43.40000000000035 -133.7237159545213
43.50000000000035 -133.7237159545213
43.60000000000035 -133.7237159545213
43.70000000000035 -133.7237159545213
43.80000000000035 -133.7237159545213
43.90000000000035 -133.7237159545213
44.00000000000036 -133.7237159545213
44.10000000000036 -133.7237159545213
44.20000000000036 -133.7237159545213
44.30000000000036 -133.7237159545213
44.40000000000036 -133.7237159545213
44.50000000000036 -133.7237159545213
44.60000000000036 -133.7237159545213
44.70000000000037 -133.7237159545213
44.80000000000037 -133.7237159545213
44.90000000000037 -133.7237159545213
45.00000000000037 -133.7237159545213
45.10000000000037 -133.7237159545213
45.20000000000037 -133.7237159545213
45.30000000000037 -133.7237159545213
45.40000000000038 -133.7237159545213
45.50000000000038 -133.7237159545213
45.60000000000038 -133.7237159545213
45.70000000000038 -133.7237159545213
45.80000000000038 -133.7237159545213
45.90000000000038 -133.7237159545213
46.00000000000038 -133.7237159545213
46.10000000000039 -133.7237159545213
46.20000000000039 -133.7237159545213
46.30000000000039 -133.7237159545213
46.40000000000039 -133.7237159545213
46.50000000000039 -133.7237159545213
46.60000000000039 -133.7237159545213
46.70000000000039 -133.7237159545213
46.8000000000004 -133.7237159545213
46.9000000000004 -133.7237159545213
47.0000000000004 -133.7237159545213
47.1000000000004 -133.7237159545213
47.2000000000004 -133.7237159545213
47.3000000000004 -133.7237159545213
47.4000000000004 -133.7237159545213
47.50000000000041 -133.7237159545213
47.60000000000041 -133.7237159545213
47.70000000000041 -133.7237159545213
47.80000000000041 -133.7237159545213
47.90000000000041 -133.7237159545213
48.00000000000041 -133.7237159545213
48.10000000000041 -133.7237159545213
48.20000000000041 -133.7237159545213
48.30000000000042 -133.7237159545213
48.40000000000042 -133.7237159545213
48.50000000000042 -133.7237159545213
48.60000000000042 -133.7237159545213
48.70000000000042 -133.7237159545213
48.80000000000042 -133.7237159545213
48.90000000000042 -133.7237159545213
49.00000000000043 -133.7237159545213
49.10000000000043 -133.7237159545213
49.20000000000043 -133.7237159545213
49.30000000000043 -133.7237159545213
49.40000000000043 -133.7237159545213
49.50000000000043 -133.7237159545213
49.60000000000043 -133.7237159545213
49.70000000000044 -133.7237159545213
49.80000000000044 -133.7237159545213
49.90000000000044 -133.7237159545213