Time X1
0 250
0.1 215.9794362720284
0.2 215.9794362725056
0.3 215.9794362727154
0.4 215.979436272717
0.5 215.9794362727175
0.6 215.9794362727175
0.7 215.9794362727175
0.7999999999999999 215.9794362727175
0.8999999999999999 215.9794362727175
0.9999999999999999 215.9794362727175
1.1 215.9794362727175
1.2 215.9794362727175
1.3 215.9794362727175
1.4 215.9794362727175
1.5 215.9794362727175
1.6 215.9794362727175
1.7 215.9794362727175
1.8 215.9794362727175
1.900000000000001 215.9794362727175
2 215.9794362727175
2.100000000000001 215.9794362727175
2.200000000000001 215.9794362727175
2.300000000000001 215.9794362727175
2.400000000000001 215.9794362727175
2.500000000000001 215.9794362727175
2.600000000000001 215.9794362727175
2.700000000000001 215.9794362727175
2.800000000000001 215.9794362727175
2.900000000000001 215.9794362727175
3.000000000000001 215.9794362727175
3.100000000000001 215.9794362727175
3.200000000000002 215.9794362727175
3.300000000000002 215.9794362727175
3.400000000000002 215.9794362727175
3.500000000000002 215.9794362727175
3.600000000000002 215.9794362727175
3.700000000000002 215.9794362727175
3.800000000000002 215.9794362727175
3.900000000000002 215.9794362727175
4.000000000000002 215.9794362727175
4.100000000000001 215.9794362727175
4.200000000000001 215.9794362727175
4.300000000000001 215.9794362727175
4.4 215.9794362727175
4.5 215.9794362727175
4.6 215.9794362727175
4.699999999999999 215.9794362727175
4.799999999999999 215.9794362727175
4.899999999999999 215.9794362727175
4.999999999999998 215.9794362727175
5.099999999999998 215.9794362727175
5.199999999999998 215.9794362727175
5.299999999999997 215.9794362727175
5.399999999999997 215.9794362727175
5.499999999999996 215.9794362727175
5.599999999999996 215.9794362727175
5.699999999999996 215.9794362727175
5.799999999999995 215.9794362727175
5.899999999999995 215.9794362727175
5.999999999999995 215.9794362727175
6.099999999999994 215.9794362727175
6.199999999999994 215.9794362727175
6.299999999999994 215.9794362727175
6.399999999999993 215.9794362727175
6.499999999999993 215.9794362727175
6.599999999999993 215.9794362727175
6.699999999999992 215.9794362727175
6.799999999999992 215.9794362727175
6.899999999999991 215.9794362727175
6.999999999999991 215.9794362727175
7.099999999999991 215.9794362727175
7.19999999999999 215.9794362727175
7.29999999999999 215.9794362727175
7.39999999999999 215.9794362727175
7.499999999999989 215.9794362727175
7.599999999999989 215.9794362727175
7.699999999999989 215.9794362727175
7.799999999999988 215.9794362727175
7.899999999999988 215.9794362727175
7.999999999999988 215.9794362727175
8.099999999999987 215.9794362727175
8.199999999999987 215.9794362727175
8.299999999999986 215.9794362727175
8.399999999999986 215.9794362727175
8.499999999999986 215.9794362727175
8.599999999999985 215.9794362727175
8.699999999999985 215.9794362727175
8.799999999999985 215.9794362727175
8.899999999999984 215.9794362727175
8.999999999999984 215.9794362727175
9.099999999999984 215.9794362727175
9.199999999999983 215.9794362727175
9.299999999999983 215.9794362727175
9.399999999999983 215.9794362727175
9.499999999999982 215.9794362727175
9.599999999999982 215.9794362727175
9.699999999999982 215.9794362727175
9.799999999999981 215.9794362727175
9.899999999999981 215.9794362727175
9.99999999999998 215.9794362727175
10.09999999999998 215.9794362727175
10.19999999999998 215.9794362727175
10.29999999999998 215.9794362727175
10.39999999999998 215.9794362727175
10.49999999999998 215.9794362727175
10.59999999999998 215.9794362727175
10.69999999999998 215.9794362727175
10.79999999999998 215.9794362727175
10.89999999999998 215.9794362727175
10.99999999999998 215.9794362727175
11.09999999999998 215.9794362727175
11.19999999999998 215.9794362727175
11.29999999999998 215.9794362727175
11.39999999999998 215.9794362727175
11.49999999999998 215.9794362727175
11.59999999999997 215.9794362727175
11.69999999999997 215.9794362727175
11.79999999999997 215.9794362727175
11.89999999999997 215.9794362727175
11.99999999999997 215.9794362727175
12.09999999999997 215.9794362727175
12.19999999999997 215.9794362727175
12.29999999999997 215.9794362727175
12.39999999999997 215.9794362727175
12.49999999999997 215.9794362727175
12.59999999999997 215.9794362727175
12.69999999999997 215.9794362727175
12.79999999999997 215.9794362727175
12.89999999999997 215.9794362727175
12.99999999999997 215.9794362727175
13.09999999999997 215.9794362727175
13.19999999999997 215.9794362727175
13.29999999999997 215.9794362727175
13.39999999999997 215.9794362727175
13.49999999999997 215.9794362727175
13.59999999999997 215.9794362727175
13.69999999999997 215.9794362727175
13.79999999999997 215.9794362727175
13.89999999999997 215.9794362727175
13.99999999999997 215.9794362727175
14.09999999999997 215.9794362727175
14.19999999999997 215.9794362727175
14.29999999999997 215.9794362727175
14.39999999999996 215.9794362727175
14.49999999999996 215.9794362727175
14.59999999999996 215.9794362727175
14.69999999999996 215.9794362727175
14.79999999999996 215.9794362727175
14.89999999999996 215.9794362727175
14.99999999999996 215.9794362727175
15.09999999999996 215.9794362727175
15.19999999999996 215.9794362727175
15.29999999999996 215.9794362727175
15.39999999999996 215.9794362727175
15.49999999999996 215.9794362727175
15.59999999999996 215.9794362727175
15.69999999999996 215.9794362727175
15.79999999999996 215.9794362727175
15.89999999999996 215.9794362727175
15.99999999999996 215.9794362727175
16.09999999999996 215.9794362727175
16.19999999999996 215.9794362727175
16.29999999999996 215.9794362727175
16.39999999999996 215.9794362727175
16.49999999999996 215.9794362727175
16.59999999999997 215.9794362727175
16.69999999999997 215.9794362727175
16.79999999999997 215.9794362727175
16.89999999999997 215.9794362727175
16.99999999999997 215.9794362727175
17.09999999999997 215.9794362727175
17.19999999999997 215.9794362727175
17.29999999999998 215.9794362727175
17.39999999999998 215.9794362727175
17.49999999999998 215.9794362727175
17.59999999999998 215.9794362727175
17.69999999999998 215.9794362727175
17.79999999999998 215.9794362727175
17.89999999999998 215.9794362727175
17.99999999999999 215.9794362727175
18.09999999999999 215.9794362727175
18.19999999999999 215.9794362727175
18.29999999999999 215.9794362727175
18.39999999999999 215.9794362727175
18.49999999999999 215.9794362727175
18.59999999999999 215.9794362727175
18.7 215.9794362727175
18.8 215.9794362727175
18.9 215.9794362727175
19 215.9794362727175
19.1 215.9794362727175
19.2 215.9794362727175
19.3 215.9794362727175
19.40000000000001 215.9794362727175
19.50000000000001 215.9794362727175
19.60000000000001 215.9794362727175
19.70000000000001 215.9794362727175
19.80000000000001 215.9794362727175
19.90000000000001 215.9794362727175
20.00000000000001 215.9794362727175
20.10000000000002 215.9794362727175
20.20000000000002 215.9794362727175
20.30000000000002 215.9794362727175
20.40000000000002 215.9794362727175
20.50000000000002 215.9794362727175
20.60000000000002 215.9794362727175
20.70000000000002 215.9794362727175
20.80000000000003 215.9794362727175
20.90000000000003 215.9794362727175
21.00000000000003 215.9794362727175
21.10000000000003 215.9794362727175
21.20000000000003 215.9794362727175
21.30000000000003 215.9794362727175
21.40000000000003 215.9794362727175
21.50000000000004 215.9794362727175
21.60000000000004 215.9794362727175
21.70000000000004 215.9794362727175
21.80000000000004 215.9794362727175
21.90000000000004 215.9794362727175
22.00000000000004 215.9794362727175
22.10000000000004 215.9794362727175
22.20000000000005 215.9794362727175
22.30000000000005 215.9794362727175
22.40000000000005 215.9794362727175
22.50000000000005 215.9794362727175
22.60000000000005 215.9794362727175
22.70000000000005 215.9794362727175
22.80000000000005 215.9794362727175
22.90000000000006 215.9794362727175
23.00000000000006 215.9794362727175
23.10000000000006 215.9794362727175
23.20000000000006 215.9794362727175
23.30000000000006 215.9794362727175
23.40000000000006 215.9794362727175
23.50000000000006 215.9794362727175
23.60000000000007 215.9794362727175
23.70000000000007 215.9794362727175
23.80000000000007 215.9794362727175
23.90000000000007 215.9794362727175
24.00000000000007 215.9794362727175
24.10000000000007 215.9794362727175
24.20000000000007 215.9794362727175
24.30000000000008 215.9794362727175
24.40000000000008 215.9794362727175
24.50000000000008 215.9794362727175
24.60000000000008 215.9794362727175
24.70000000000008 215.9794362727175
24.80000000000008 215.9794362727175
24.90000000000008 215.9794362727175
25.00000000000009 215.9794362727175
25.10000000000009 215.9794362727175
25.20000000000009 215.9794362727175
25.30000000000009 215.9794362727175
25.40000000000009 215.9794362727175
25.50000000000009 215.9794362727175
25.60000000000009 215.9794362727175
25.7000000000001 215.9794362727175
25.8000000000001 215.9794362727175
25.9000000000001 215.9794362727175
26.0000000000001 215.9794362727175
26.1000000000001 215.9794362727175
26.2000000000001 215.9794362727175
26.3000000000001 215.9794362727175
26.40000000000011 215.9794362727175
26.50000000000011 215.9794362727175
26.60000000000011 215.9794362727175
26.70000000000011 215.9794362727175
26.80000000000011 215.9794362727175
26.90000000000011 215.9794362727175
27.00000000000011 215.9794362727175
27.10000000000012 215.9794362727175
27.20000000000012 215.9794362727175
27.30000000000012 215.9794362727175
27.40000000000012 215.9794362727175
27.50000000000012 215.9794362727175
27.60000000000012 215.9794362727175
27.70000000000012 215.9794362727175
27.80000000000013 215.9794362727175
27.90000000000013 215.9794362727175
28.00000000000013 215.9794362727175
28.10000000000013 215.9794362727175
28.20000000000013 215.9794362727175
28.30000000000013 215.9794362727175
28.40000000000013 215.9794362727175
28.50000000000014 215.9794362727175
28.60000000000014 215.9794362727175
28.70000000000014 215.9794362727175
28.80000000000014 215.9794362727175
28.90000000000014 215.9794362727175
29.00000000000014 215.9794362727175
29.10000000000014 215.9794362727175
29.20000000000014 215.9794362727175
29.30000000000015 215.9794362727175
29.40000000000015 215.9794362727175
29.50000000000015 215.9794362727175
29.60000000000015 215.9794362727175
29.70000000000015 215.9794362727175
29.80000000000015 215.9794362727175
29.90000000000015 215.9794362727175
30.00000000000016 215.9794362727175
30.10000000000016 215.9794362727175
30.20000000000016 215.9794362727175
30.30000000000016 215.9794362727175
30.40000000000016 215.9794362727175
30.50000000000016 215.9794362727175
30.60000000000016 215.9794362727175
30.70000000000017 215.9794362727175
30.80000000000017 215.9794362727175
30.90000000000017 215.9794362727175
31.00000000000017 215.9794362727175
31.10000000000017 215.9794362727175
31.20000000000017 215.9794362727175
31.30000000000017 215.9794362727175
31.40000000000018 215.9794362727175
31.50000000000018 215.9794362727175
31.60000000000018 215.9794362727175
31.70000000000018 215.9794362727175
31.80000000000018 215.9794362727175
31.90000000000018 215.9794362727175
32.00000000000018 215.9794362727175
32.10000000000019 215.9794362727175
32.20000000000019 215.9794362727175
32.30000000000019 215.9794362727175
32.40000000000019 215.9794362727175
32.50000000000019 215.9794362727175
32.60000000000019 215.9794362727175
32.70000000000019 215.9794362727175
32.8000000000002 215.9794362727175
32.9000000000002 215.9794362727175
33.0000000000002 215.9794362727175
33.1000000000002 215.9794362727175
33.2000000000002 215.9794362727175
33.3000000000002 215.9794362727175
33.4000000000002 215.9794362727175
33.50000000000021 215.9794362727175
33.60000000000021 215.9794362727175
33.70000000000021 215.9794362727175
33.80000000000021 215.9794362727175
33.90000000000021 215.9794362727175
34.00000000000021 215.9794362727175
34.10000000000021 215.9794362727175
34.20000000000022 215.9794362727175
34.30000000000022 215.9794362727175
34.40000000000022 215.9794362727175
34.50000000000022 215.9794362727175
34.60000000000022 215.9794362727175
34.70000000000022 215.9794362727175
34.80000000000022 215.9794362727175
34.90000000000023 215.9794362727175
35.00000000000023 215.9794362727175
35.10000000000023 215.9794362727175
35.20000000000023 215.9794362727175
35.30000000000023 215.9794362727175
35.40000000000023 215.9794362727175
35.50000000000023 215.9794362727175
35.60000000000024 215.9794362727175
35.70000000000024 215.9794362727175
35.80000000000024 215.9794362727175
35.90000000000024 215.9794362727175
36.00000000000024 215.9794362727175
36.10000000000024 215.9794362727175
36.20000000000024 215.9794362727175
36.30000000000025 215.9794362727175
36.40000000000025 215.9794362727175
36.50000000000025 215.9794362727175
36.60000000000025 215.9794362727175
36.70000000000025 215.9794362727175
36.80000000000025 215.9794362727175
36.90000000000025 215.9794362727175
37.00000000000026 215.9794362727175
37.10000000000026 215.9794362727175
37.20000000000026 215.9794362727175
37.30000000000026 215.9794362727175
37.40000000000026 215.9794362727175
37.50000000000026 215.9794362727175
37.60000000000026 215.9794362727175
37.70000000000027 215.9794362727175
37.80000000000027 215.9794362727175
37.90000000000027 215.9794362727175
38.00000000000027 215.9794362727175
38.10000000000027 215.9794362727175
38.20000000000027 215.9794362727175
38.30000000000027 215.9794362727175
38.40000000000028 215.9794362727175
38.50000000000028 215.9794362727175
38.60000000000028 215.9794362727175
38.70000000000028 215.9794362727175
38.80000000000028 215.9794362727175
38.90000000000028 215.9794362727175
39.00000000000028 215.9794362727175
39.10000000000029 215.9794362727175
39.20000000000029 215.9794362727175
39.30000000000029 215.9794362727175
39.40000000000029 215.9794362727175
39.50000000000029 215.9794362727175
39.60000000000029 215.9794362727175
39.70000000000029 215.9794362727175
39.8000000000003 215.9794362727175
39.9000000000003 215.9794362727175
40.0000000000003 215.9794362727175
40.1000000000003 215.9794362727175
40.2000000000003 215.9794362727175
40.3000000000003 215.9794362727175
40.4000000000003 215.9794362727175
40.50000000000031 215.9794362727175
40.60000000000031 215.9794362727175
40.70000000000031 215.9794362727175
40.80000000000031 215.9794362727175
40.90000000000031 215.9794362727175
41.00000000000031 215.9794362727175
41.10000000000031 215.9794362727175
41.20000000000032 215.9794362727175
41.30000000000032 215.9794362727175
41.40000000000032 215.9794362727175
41.50000000000032 215.9794362727175
41.60000000000032 215.9794362727175
41.70000000000032 215.9794362727175
41.80000000000032 215.9794362727175
41.90000000000033 215.9794362727175
42.00000000000033 215.9794362727175
42.10000000000033 215.9794362727175
42.20000000000033 215.9794362727175
42.30000000000033 215.9794362727175
42.40000000000033 215.9794362727175
42.50000000000033 215.9794362727175
42.60000000000034 215.9794362727175
42.70000000000034 215.9794362727175
42.80000000000034 215.9794362727175
42.90000000000034 215.9794362727175
43.00000000000034 215.9794362727175
43.10000000000034 215.9794362727175
43.20000000000034 215.9794362727175
43.30000000000035 215.9794362727175
43.40000000000035 215.9794362727175
43.50000000000035 215.9794362727175
43.60000000000035 215.9794362727175
43.70000000000035 215.9794362727175
43.80000000000035 215.9794362727175
43.90000000000035 215.9794362727175
44.00000000000036 215.9794362727175
44.10000000000036 215.9794362727175
44.20000000000036 215.9794362727175
44.30000000000036 215.9794362727175
44.40000000000036 215.9794362727175
44.50000000000036 215.9794362727175
44.60000000000036 215.9794362727175
44.70000000000037 215.9794362727175
44.80000000000037 215.9794362727175
44.90000000000037 215.9794362727175
45.00000000000037 215.9794362727175
45.10000000000037 215.9794362727175
45.20000000000037 215.9794362727175
45.30000000000037 215.9794362727175
45.40000000000038 215.9794362727175
45.50000000000038 215.9794362727175
45.60000000000038 215.9794362727175
45.70000000000038 215.9794362727175
45.80000000000038 215.9794362727175
45.90000000000038 215.9794362727175
46.00000000000038 215.9794362727175
46.10000000000039 215.9794362727175
46.20000000000039 215.9794362727175
46.30000000000039 215.9794362727175
46.40000000000039 215.9794362727175
46.50000000000039 215.9794362727175
46.60000000000039 215.9794362727175
46.70000000000039 215.9794362727175
46.8000000000004 215.9794362727175
46.9000000000004 215.9794362727175
47.0000000000004 215.9794362727175
47.1000000000004 215.9794362727175
47.2000000000004 215.9794362727175
47.3000000000004 215.9794362727175
47.4000000000004 215.9794362727175
47.50000000000041 215.9794362727175
47.60000000000041 215.9794362727175
47.70000000000041 215.9794362727175
47.80000000000041 215.9794362727175
47.90000000000041 215.9794362727175
48.00000000000041 215.9794362727175
48.10000000000041 215.9794362727175
48.20000000000041 215.9794362727175
48.30000000000042 215.9794362727175
48.40000000000042 215.9794362727175
48.50000000000042 215.9794362727175
48.60000000000042 215.9794362727175
48.70000000000042 215.9794362727175
48.80000000000042 215.9794362727175
48.90000000000042 215.9794362727175
49.00000000000043 215.9794362727175
49.10000000000043 215.9794362727175
49.20000000000043 215.9794362727175
49.30000000000043 215.9794362727175
49.40000000000043 215.9794362727175
49.50000000000043 215.9794362727175
49.60000000000043 215.9794362727175
49.70000000000044 215.9794362727175
49.80000000000044 215.9794362727175
49.90000000000044 215.9794362727175