Time X1
0 250
0.1 -96.45003453048501
0.2 -96.45003453038953
0.3 -96.45003453031684
0.4 -96.45003453031656
0.5 -96.45003453031632
0.6 -96.45003453031632
0.7 -96.45003453031632
0.7999999999999999 -96.45003453031632
0.8999999999999999 -96.45003453031632
0.9999999999999999 -96.45003453031632
1.1 -96.45003453031632
1.2 -96.45003453031632
1.3 -96.45003453031632
1.4 -96.45003453031632
1.5 -96.45003453031632
1.6 -96.45003453031632
1.7 -96.45003453031632
1.8 -96.45003453031632
1.900000000000001 -96.45003453031632
2 -96.45003453031632
2.100000000000001 -96.45003453031632
2.200000000000001 -96.45003453031632
2.300000000000001 -96.45003453031632
2.400000000000001 -96.45003453031632
2.500000000000001 -96.45003453031632
2.600000000000001 -96.45003453031632
2.700000000000001 -96.45003453031632
2.800000000000001 -96.45003453031632
2.900000000000001 -96.45003453031632
3.000000000000001 -96.45003453031632
3.100000000000001 -96.45003453031632
3.200000000000002 -96.45003453031632
3.300000000000002 -96.45003453031632
3.400000000000002 -96.45003453031632
3.500000000000002 -96.4500345303163
3.600000000000002 -96.4500345303163
3.700000000000002 -96.4500345303163
3.800000000000002 -96.4500345303163
3.900000000000002 -96.4500345303163
4.000000000000002 -96.4500345303163
4.100000000000001 -96.4500345303163
4.200000000000001 -96.4500345303163
4.300000000000001 -96.4500345303163
4.4 -96.4500345303163
4.5 -96.4500345303163
4.6 -96.4500345303163
4.699999999999999 -96.4500345303163
4.799999999999999 -96.4500345303163
4.899999999999999 -96.4500345303163
4.999999999999998 -96.4500345303163
5.099999999999998 -96.4500345303163
5.199999999999998 -96.4500345303163
5.299999999999997 -96.4500345303163
5.399999999999997 -96.4500345303163
5.499999999999996 -96.4500345303163
5.599999999999996 -96.4500345303163
5.699999999999996 -96.4500345303163
5.799999999999995 -96.4500345303163
5.899999999999995 -96.4500345303163
5.999999999999995 -96.4500345303163
6.099999999999994 -96.4500345303163
6.199999999999994 -96.4500345303163
6.299999999999994 -96.4500345303163
6.399999999999993 -96.4500345303163
6.499999999999993 -96.4500345303163
6.599999999999993 -96.4500345303163
6.699999999999992 -96.4500345303163
6.799999999999992 -96.4500345303163
6.899999999999991 -96.4500345303163
6.999999999999991 -96.4500345303163
7.099999999999991 -96.4500345303163
7.19999999999999 -96.4500345303163
7.29999999999999 -96.4500345303163
7.39999999999999 -96.4500345303163
7.499999999999989 -96.4500345303163
7.599999999999989 -96.4500345303163
7.699999999999989 -96.4500345303163
7.799999999999988 -96.4500345303163
7.899999999999988 -96.4500345303163
7.999999999999988 -96.4500345303163
8.099999999999987 -96.4500345303163
8.199999999999987 -96.4500345303163
8.299999999999986 -96.4500345303163
8.399999999999986 -96.4500345303163
8.499999999999986 -96.4500345303163
8.599999999999985 -96.4500345303163
8.699999999999985 -96.4500345303163
8.799999999999985 -96.4500345303163
8.899999999999984 -96.4500345303163
8.999999999999984 -96.4500345303163
9.099999999999984 -96.4500345303163
9.199999999999983 -96.4500345303163
9.299999999999983 -96.4500345303163
9.399999999999983 -96.4500345303163
9.499999999999982 -96.4500345303163
9.599999999999982 -96.4500345303163
9.699999999999982 -96.4500345303163
9.799999999999981 -96.4500345303163
9.899999999999981 -96.4500345303163
9.99999999999998 -96.4500345303163
10.09999999999998 -96.4500345303163
10.19999999999998 -96.4500345303163
10.29999999999998 -96.4500345303163
10.39999999999998 -96.4500345303163
10.49999999999998 -96.4500345303163
10.59999999999998 -96.4500345303163
10.69999999999998 -96.4500345303163
10.79999999999998 -96.4500345303163
10.89999999999998 -96.4500345303163
10.99999999999998 -96.4500345303163
11.09999999999998 -96.4500345303163
11.19999999999998 -96.4500345303163
11.29999999999998 -96.4500345303163
11.39999999999998 -96.4500345303163
11.49999999999998 -96.4500345303163
11.59999999999997 -96.4500345303163
11.69999999999997 -96.4500345303163
11.79999999999997 -96.4500345303163
11.89999999999997 -96.4500345303163
11.99999999999997 -96.4500345303163
12.09999999999997 -96.4500345303163
12.19999999999997 -96.4500345303163
12.29999999999997 -96.4500345303163
12.39999999999997 -96.4500345303163
12.49999999999997 -96.4500345303163
12.59999999999997 -96.4500345303163
12.69999999999997 -96.4500345303163
12.79999999999997 -96.4500345303163
12.89999999999997 -96.4500345303163
12.99999999999997 -96.4500345303163
13.09999999999997 -96.4500345303163
13.19999999999997 -96.4500345303163
13.29999999999997 -96.4500345303163
13.39999999999997 -96.4500345303163
13.49999999999997 -96.4500345303163
13.59999999999997 -96.4500345303163
13.69999999999997 -96.4500345303163
13.79999999999997 -96.4500345303163
13.89999999999997 -96.4500345303163
13.99999999999997 -96.4500345303163
14.09999999999997 -96.4500345303163
14.19999999999997 -96.4500345303163
14.29999999999997 -96.4500345303163
14.39999999999996 -96.4500345303163
14.49999999999996 -96.4500345303163
14.59999999999996 -96.4500345303163
14.69999999999996 -96.4500345303163
14.79999999999996 -96.4500345303163
14.89999999999996 -96.4500345303163
14.99999999999996 -96.4500345303163
15.09999999999996 -96.4500345303163
15.19999999999996 -96.4500345303163
15.29999999999996 -96.4500345303163
15.39999999999996 -96.4500345303163
15.49999999999996 -96.4500345303163
15.59999999999996 -96.4500345303163
15.69999999999996 -96.4500345303163
15.79999999999996 -96.4500345303163
15.89999999999996 -96.4500345303163
15.99999999999996 -96.4500345303163
16.09999999999996 -96.4500345303163
16.19999999999996 -96.4500345303163
16.29999999999996 -96.4500345303163
16.39999999999996 -96.4500345303163
16.49999999999996 -96.4500345303163
16.59999999999997 -96.4500345303163
16.69999999999997 -96.4500345303163
16.79999999999997 -96.4500345303163
16.89999999999997 -96.4500345303163
16.99999999999997 -96.4500345303163
17.09999999999997 -96.4500345303163
17.19999999999997 -96.4500345303163
17.29999999999998 -96.4500345303163
17.39999999999998 -96.4500345303163
17.49999999999998 -96.4500345303163
17.59999999999998 -96.4500345303163
17.69999999999998 -96.4500345303163
17.79999999999998 -96.4500345303163
17.89999999999998 -96.4500345303163
17.99999999999999 -96.4500345303163
18.09999999999999 -96.4500345303163
18.19999999999999 -96.4500345303163
18.29999999999999 -96.4500345303163
18.39999999999999 -96.4500345303163
18.49999999999999 -96.4500345303163
18.59999999999999 -96.4500345303163
18.7 -96.4500345303163
18.8 -96.4500345303163
18.9 -96.4500345303163
19 -96.4500345303163
19.1 -96.4500345303163
19.2 -96.4500345303163
19.3 -96.4500345303163
19.40000000000001 -96.4500345303163
19.50000000000001 -96.4500345303163
19.60000000000001 -96.4500345303163
19.70000000000001 -96.4500345303163
19.80000000000001 -96.4500345303163
19.90000000000001 -96.4500345303163
20.00000000000001 -96.4500345303163
20.10000000000002 -96.4500345303163
20.20000000000002 -96.4500345303163
20.30000000000002 -96.4500345303163
20.40000000000002 -96.4500345303163
20.50000000000002 -96.4500345303163
20.60000000000002 -96.4500345303163
20.70000000000002 -96.4500345303163
20.80000000000003 -96.4500345303163
20.90000000000003 -96.4500345303163
21.00000000000003 -96.4500345303163
21.10000000000003 -96.4500345303163
21.20000000000003 -96.4500345303163
21.30000000000003 -96.4500345303163
21.40000000000003 -96.4500345303163
21.50000000000004 -96.4500345303163
21.60000000000004 -96.4500345303163
21.70000000000004 -96.4500345303163
21.80000000000004 -96.4500345303163
21.90000000000004 -96.4500345303163
22.00000000000004 -96.4500345303163
22.10000000000004 -96.4500345303163
22.20000000000005 -96.4500345303163
22.30000000000005 -96.4500345303163
22.40000000000005 -96.4500345303163
22.50000000000005 -96.4500345303163
22.60000000000005 -96.4500345303163
22.70000000000005 -96.4500345303163
22.80000000000005 -96.4500345303163
22.90000000000006 -96.4500345303163
23.00000000000006 -96.4500345303163
23.10000000000006 -96.4500345303163
23.20000000000006 -96.4500345303163
23.30000000000006 -96.4500345303163
23.40000000000006 -96.4500345303163
23.50000000000006 -96.4500345303163
23.60000000000007 -96.4500345303163
23.70000000000007 -96.4500345303163
23.80000000000007 -96.4500345303163
23.90000000000007 -96.4500345303163
24.00000000000007 -96.4500345303163
24.10000000000007 -96.4500345303163
24.20000000000007 -96.4500345303163
24.30000000000008 -96.4500345303163
24.40000000000008 -96.4500345303163
24.50000000000008 -96.4500345303163
24.60000000000008 -96.4500345303163
24.70000000000008 -96.4500345303163
24.80000000000008 -96.4500345303163
24.90000000000008 -96.4500345303163
25.00000000000009 -96.4500345303163
25.10000000000009 -96.4500345303163
25.20000000000009 -96.4500345303163
25.30000000000009 -96.4500345303163
25.40000000000009 -96.4500345303163
25.50000000000009 -96.4500345303163
25.60000000000009 -96.4500345303163
25.7000000000001 -96.4500345303163
25.8000000000001 -96.4500345303163
25.9000000000001 -96.4500345303163
26.0000000000001 -96.4500345303163
26.1000000000001 -96.4500345303163
26.2000000000001 -96.4500345303163
26.3000000000001 -96.4500345303163
26.40000000000011 -96.4500345303163
26.50000000000011 -96.4500345303163
26.60000000000011 -96.4500345303163
26.70000000000011 -96.4500345303163
26.80000000000011 -96.4500345303163
26.90000000000011 -96.4500345303163
27.00000000000011 -96.4500345303163
27.10000000000012 -96.4500345303163
27.20000000000012 -96.4500345303163
27.30000000000012 -96.4500345303163
27.40000000000012 -96.4500345303163
27.50000000000012 -96.4500345303163
27.60000000000012 -96.4500345303163
27.70000000000012 -96.4500345303163
27.80000000000013 -96.4500345303163
27.90000000000013 -96.4500345303163
28.00000000000013 -96.4500345303163
28.10000000000013 -96.4500345303163
28.20000000000013 -96.4500345303163
28.30000000000013 -96.4500345303163
28.40000000000013 -96.4500345303163
28.50000000000014 -96.4500345303163
28.60000000000014 -96.4500345303163
28.70000000000014 -96.4500345303163
28.80000000000014 -96.4500345303163
28.90000000000014 -96.4500345303163
29.00000000000014 -96.4500345303163
29.10000000000014 -96.4500345303163
29.20000000000014 -96.4500345303163
29.30000000000015 -96.4500345303163
29.40000000000015 -96.4500345303163
29.50000000000015 -96.4500345303163
29.60000000000015 -96.4500345303163
29.70000000000015 -96.4500345303163
29.80000000000015 -96.4500345303163
29.90000000000015 -96.4500345303163
30.00000000000016 -96.4500345303163
30.10000000000016 -96.4500345303163
30.20000000000016 -96.4500345303163
30.30000000000016 -96.4500345303163
30.40000000000016 -96.4500345303163
30.50000000000016 -96.4500345303163
30.60000000000016 -96.4500345303163
30.70000000000017 -96.4500345303163
30.80000000000017 -96.4500345303163
30.90000000000017 -96.4500345303163
31.00000000000017 -96.4500345303163
31.10000000000017 -96.4500345303163
31.20000000000017 -96.4500345303163
31.30000000000017 -96.4500345303163
31.40000000000018 -96.4500345303163
31.50000000000018 -96.4500345303163
31.60000000000018 -96.4500345303163
31.70000000000018 -96.4500345303163
31.80000000000018 -96.4500345303163
31.90000000000018 -96.4500345303163
32.00000000000018 -96.4500345303163
32.10000000000019 -96.4500345303163
32.20000000000019 -96.4500345303163
32.30000000000019 -96.4500345303163
32.40000000000019 -96.4500345303163
32.50000000000019 -96.4500345303163
32.60000000000019 -96.4500345303163
32.70000000000019 -96.4500345303163
32.8000000000002 -96.4500345303163
32.9000000000002 -96.4500345303163
33.0000000000002 -96.4500345303163
33.1000000000002 -96.4500345303163
33.2000000000002 -96.4500345303163
33.3000000000002 -96.4500345303163
33.4000000000002 -96.4500345303163
33.50000000000021 -96.4500345303163
33.60000000000021 -96.4500345303163
33.70000000000021 -96.4500345303163
33.80000000000021 -96.4500345303163
33.90000000000021 -96.4500345303163
34.00000000000021 -96.4500345303163
34.10000000000021 -96.4500345303163
34.20000000000022 -96.4500345303163
34.30000000000022 -96.4500345303163
34.40000000000022 -96.4500345303163
34.50000000000022 -96.4500345303163
34.60000000000022 -96.4500345303163
34.70000000000022 -96.4500345303163
34.80000000000022 -96.4500345303163
34.90000000000023 -96.4500345303163
35.00000000000023 -96.4500345303163
35.10000000000023 -96.4500345303163
35.20000000000023 -96.4500345303163
35.30000000000023 -96.4500345303163
35.40000000000023 -96.4500345303163
35.50000000000023 -96.4500345303163
35.60000000000024 -96.4500345303163
35.70000000000024 -96.4500345303163
35.80000000000024 -96.4500345303163
35.90000000000024 -96.4500345303163
36.00000000000024 -96.4500345303163
36.10000000000024 -96.4500345303163
36.20000000000024 -96.4500345303163
36.30000000000025 -96.4500345303163
36.40000000000025 -96.4500345303163
36.50000000000025 -96.4500345303163
36.60000000000025 -96.4500345303163
36.70000000000025 -96.4500345303163
36.80000000000025 -96.45003453031632
36.90000000000025 -96.45003453031632
37.00000000000026 -96.45003453031632
37.10000000000026 -96.45003453031632
37.20000000000026 -96.45003453031632
37.30000000000026 -96.45003453031632
37.40000000000026 -96.45003453031632
37.50000000000026 -96.45003453031632
37.60000000000026 -96.45003453031632
37.70000000000027 -96.45003453031632
37.80000000000027 -96.45003453031632
37.90000000000027 -96.45003453031632
38.00000000000027 -96.45003453031632
38.10000000000027 -96.45003453031632
38.20000000000027 -96.45003453031632
38.30000000000027 -96.45003453031632
38.40000000000028 -96.45003453031632
38.50000000000028 -96.45003453031632
38.60000000000028 -96.45003453031632
38.70000000000028 -96.45003453031632
38.80000000000028 -96.45003453031632
38.90000000000028 -96.45003453031632
39.00000000000028 -96.45003453031632
39.10000000000029 -96.45003453031632
39.20000000000029 -96.45003453031632
39.30000000000029 -96.45003453031632
39.40000000000029 -96.45003453031632
39.50000000000029 -96.45003453031632
39.60000000000029 -96.45003453031632
39.70000000000029 -96.45003453031632
39.8000000000003 -96.45003453031632
39.9000000000003 -96.45003453031632
40.0000000000003 -96.45003453031632
40.1000000000003 -96.45003453031632
40.2000000000003 -96.45003453031632
40.3000000000003 -96.45003453031632
40.4000000000003 -96.45003453031632
40.50000000000031 -96.45003453031632
40.60000000000031 -96.45003453031632
40.70000000000031 -96.45003453031632
40.80000000000031 -96.45003453031632
40.90000000000031 -96.45003453031632
41.00000000000031 -96.45003453031632
41.10000000000031 -96.45003453031632
41.20000000000032 -96.45003453031632
41.30000000000032 -96.45003453031632
41.40000000000032 -96.45003453031632
41.50000000000032 -96.45003453031632
41.60000000000032 -96.45003453031632
41.70000000000032 -96.45003453031632
41.80000000000032 -96.45003453031632
41.90000000000033 -96.45003453031632
42.00000000000033 -96.45003453031632
42.10000000000033 -96.45003453031632
42.20000000000033 -96.45003453031632
42.30000000000033 -96.45003453031632
42.40000000000033 -96.45003453031632
42.50000000000033 -96.45003453031632
42.60000000000034 -96.45003453031632
42.70000000000034 -96.45003453031632
42.80000000000034 -96.45003453031632
42.90000000000034 -96.45003453031632
43.00000000000034 -96.45003453031632
43.10000000000034 -96.45003453031632
43.20000000000034 -96.45003453031632
43.30000000000035 -96.45003453031632
43.40000000000035 -96.45003453031632
43.50000000000035 -96.45003453031632
43.60000000000035 -96.45003453031632
43.70000000000035 -96.45003453031632
43.80000000000035 -96.45003453031632
43.90000000000035 -96.45003453031632
44.00000000000036 -96.45003453031632
44.10000000000036 -96.45003453031632
44.20000000000036 -96.45003453031632
44.30000000000036 -96.45003453031632
44.40000000000036 -96.45003453031632
44.50000000000036 -96.45003453031632
44.60000000000036 -96.45003453031632
44.70000000000037 -96.45003453031632
44.80000000000037 -96.45003453031632
44.90000000000037 -96.45003453031632
45.00000000000037 -96.45003453031632
45.10000000000037 -96.45003453031632
45.20000000000037 -96.45003453031632
45.30000000000037 -96.45003453031632
45.40000000000038 -96.45003453031632
45.50000000000038 -96.45003453031632
45.60000000000038 -96.45003453031632
45.70000000000038 -96.45003453031632
45.80000000000038 -96.45003453031632
45.90000000000038 -96.45003453031632
46.00000000000038 -96.45003453031632
46.10000000000039 -96.45003453031632
46.20000000000039 -96.45003453031632
46.30000000000039 -96.45003453031632
46.40000000000039 -96.45003453031632
46.50000000000039 -96.45003453031632
46.60000000000039 -96.45003453031632
46.70000000000039 -96.45003453031632
46.8000000000004 -96.45003453031632
46.9000000000004 -96.45003453031632
47.0000000000004 -96.45003453031632
47.1000000000004 -96.45003453031632
47.2000000000004 -96.45003453031632
47.3000000000004 -96.45003453031632
47.4000000000004 -96.45003453031632
47.50000000000041 -96.45003453031632
47.60000000000041 -96.45003453031632
47.70000000000041 -96.45003453031632
47.80000000000041 -96.45003453031632
47.90000000000041 -96.45003453031632
48.00000000000041 -96.45003453031632
48.10000000000041 -96.45003453031632
48.20000000000041 -96.45003453031632
48.30000000000042 -96.45003453031632
48.40000000000042 -96.45003453031632
48.50000000000042 -96.45003453031632
48.60000000000042 -96.45003453031632
48.70000000000042 -96.45003453031632
48.80000000000042 -96.45003453031632
48.90000000000042 -96.45003453031632
49.00000000000043 -96.45003453031632
49.10000000000043 -96.45003453031632
49.20000000000043 -96.45003453031632
49.30000000000043 -96.45003453031632
49.40000000000043 -96.45003453031632
49.50000000000043 -96.45003453031632
49.60000000000043 -96.45003453031632
49.70000000000044 -96.45003453031632
49.80000000000044 -96.45003453031632
49.90000000000044 -96.45003453031632