Time X1
0 250
0.1 7.043895545112496
0.2 7.04389554512997
0.3 7.043895545130048
0.4 7.043895545130053
0.5 7.043895545130053
0.6 7.043895545130053
0.7 7.043895545130053
0.7999999999999999 7.043895545130053
0.8999999999999999 7.043895545130054
0.9999999999999999 7.043895545130054
1.1 7.043895545130054
1.2 7.043895545130054
1.3 7.043895545130054
1.4 7.043895545130054
1.5 7.043895545130054
1.6 7.043895545130054
1.7 7.043895545130054
1.8 7.043895545130054
1.900000000000001 7.043895545130054
2 7.043895545130054
2.100000000000001 7.043895545130054
2.200000000000001 7.043895545130054
2.300000000000001 7.043895545130054
2.400000000000001 7.043895545130054
2.500000000000001 7.043895545130054
2.600000000000001 7.043895545130054
2.700000000000001 7.043895545130054
2.800000000000001 7.043895545130054
2.900000000000001 7.043895545130054
3.000000000000001 7.043895545130054
3.100000000000001 7.043895545130054
3.200000000000002 7.043895545130054
3.300000000000002 7.043895545130054
3.400000000000002 7.043895545130054
3.500000000000002 7.043895545130054
3.600000000000002 7.043895545130054
3.700000000000002 7.043895545130054
3.800000000000002 7.043895545130054
3.900000000000002 7.043895545130054
4.000000000000002 7.043895545130054
4.100000000000001 7.043895545130054
4.200000000000001 7.043895545130054
4.300000000000001 7.043895545130054
4.4 7.043895545130054
4.5 7.043895545130054
4.6 7.043895545130054
4.699999999999999 7.043895545130054
4.799999999999999 7.043895545130054
4.899999999999999 7.043895545130054
4.999999999999998 7.043895545130054
5.099999999999998 7.043895545130054
5.199999999999998 7.043895545130054
5.299999999999997 7.043895545130054
5.399999999999997 7.043895545130054
5.499999999999996 7.043895545130054
5.599999999999996 7.043895545130054
5.699999999999996 7.043895545130054
5.799999999999995 7.043895545130054
5.899999999999995 7.043895545130054
5.999999999999995 7.043895545130054
6.099999999999994 7.043895545130054
6.199999999999994 7.043895545130054
6.299999999999994 7.043895545130054
6.399999999999993 7.043895545130054
6.499999999999993 7.043895545130054
6.599999999999993 7.043895545130054
6.699999999999992 7.043895545130054
6.799999999999992 7.043895545130054
6.899999999999991 7.043895545130054
6.999999999999991 7.043895545130054
7.099999999999991 7.043895545130054
7.19999999999999 7.043895545130054
7.29999999999999 7.043895545130054
7.39999999999999 7.043895545130054
7.499999999999989 7.043895545130054
7.599999999999989 7.043895545130054
7.699999999999989 7.043895545130054
7.799999999999988 7.043895545130054
7.899999999999988 7.043895545130054
7.999999999999988 7.043895545130054
8.099999999999987 7.043895545130054
8.199999999999987 7.043895545130054
8.299999999999986 7.043895545130054
8.399999999999986 7.043895545130054
8.499999999999986 7.043895545130054
8.599999999999985 7.043895545130054
8.699999999999985 7.043895545130054
8.799999999999985 7.043895545130054
8.899999999999984 7.043895545130054
8.999999999999984 7.043895545130054
9.099999999999984 7.043895545130054
9.199999999999983 7.043895545130054
9.299999999999983 7.043895545130054
9.399999999999983 7.043895545130054
9.499999999999982 7.043895545130054
9.599999999999982 7.043895545130054
9.699999999999982 7.043895545130054
9.799999999999981 7.043895545130054
9.899999999999981 7.043895545130054
9.99999999999998 7.043895545130054
10.09999999999998 7.043895545130054
10.19999999999998 7.043895545130054
10.29999999999998 7.043895545130054
10.39999999999998 7.043895545130054
10.49999999999998 7.043895545130054
10.59999999999998 7.043895545130054
10.69999999999998 7.043895545130054
10.79999999999998 7.043895545130054
10.89999999999998 7.043895545130054
10.99999999999998 7.043895545130054
11.09999999999998 7.043895545130054
11.19999999999998 7.043895545130054
11.29999999999998 7.043895545130054
11.39999999999998 7.043895545130054
11.49999999999998 7.043895545130054
11.59999999999997 7.043895545130054
11.69999999999997 7.043895545130054
11.79999999999997 7.043895545130054
11.89999999999997 7.043895545130054
11.99999999999997 7.043895545130054
12.09999999999997 7.043895545130054
12.19999999999997 7.043895545130054
12.29999999999997 7.043895545130054
12.39999999999997 7.043895545130054
12.49999999999997 7.043895545130054
12.59999999999997 7.043895545130054
12.69999999999997 7.043895545130054
12.79999999999997 7.043895545130054
12.89999999999997 7.043895545130054
12.99999999999997 7.043895545130054
13.09999999999997 7.043895545130054
13.19999999999997 7.043895545130054
13.29999999999997 7.043895545130054
13.39999999999997 7.043895545130054
13.49999999999997 7.043895545130054
13.59999999999997 7.043895545130054
13.69999999999997 7.043895545130054
13.79999999999997 7.043895545130054
13.89999999999997 7.043895545130054
13.99999999999997 7.043895545130054
14.09999999999997 7.043895545130054
14.19999999999997 7.043895545130054
14.29999999999997 7.043895545130054
14.39999999999996 7.043895545130054
14.49999999999996 7.043895545130054
14.59999999999996 7.043895545130054
14.69999999999996 7.043895545130054
14.79999999999996 7.043895545130054
14.89999999999996 7.043895545130054
14.99999999999996 7.043895545130054
15.09999999999996 7.043895545130054
15.19999999999996 7.043895545130054
15.29999999999996 7.043895545130054
15.39999999999996 7.043895545130054
15.49999999999996 7.043895545130054
15.59999999999996 7.043895545130054
15.69999999999996 7.043895545130054
15.79999999999996 7.043895545130054
15.89999999999996 7.043895545130054
15.99999999999996 7.043895545130054
16.09999999999996 7.043895545130054
16.19999999999996 7.043895545130054
16.29999999999996 7.043895545130054
16.39999999999996 7.043895545130054
16.49999999999996 7.043895545130054
16.59999999999997 7.043895545130054
16.69999999999997 7.043895545130054
16.79999999999997 7.043895545130054
16.89999999999997 7.043895545130054
16.99999999999997 7.043895545130054
17.09999999999997 7.043895545130054
17.19999999999997 7.043895545130054
17.29999999999998 7.043895545130054
17.39999999999998 7.043895545130054
17.49999999999998 7.043895545130054
17.59999999999998 7.043895545130054
17.69999999999998 7.043895545130054
17.79999999999998 7.043895545130054
17.89999999999998 7.043895545130054
17.99999999999999 7.043895545130054
18.09999999999999 7.043895545130054
18.19999999999999 7.043895545130054
18.29999999999999 7.043895545130054
18.39999999999999 7.043895545130054
18.49999999999999 7.043895545130054
18.59999999999999 7.043895545130054
18.7 7.043895545130054
18.8 7.043895545130054
18.9 7.043895545130054
19 7.043895545130054
19.1 7.043895545130054
19.2 7.043895545130054
19.3 7.043895545130054
19.40000000000001 7.043895545130054
19.50000000000001 7.043895545130054
19.60000000000001 7.043895545130054
19.70000000000001 7.043895545130054
19.80000000000001 7.043895545130054
19.90000000000001 7.043895545130054
20.00000000000001 7.043895545130054
20.10000000000002 7.043895545130054
20.20000000000002 7.043895545130054
20.30000000000002 7.043895545130054
20.40000000000002 7.043895545130054
20.50000000000002 7.043895545130054
20.60000000000002 7.043895545130054
20.70000000000002 7.043895545130054
20.80000000000003 7.043895545130054
20.90000000000003 7.043895545130054
21.00000000000003 7.043895545130054
21.10000000000003 7.043895545130054
21.20000000000003 7.043895545130054
21.30000000000003 7.043895545130054
21.40000000000003 7.043895545130054
21.50000000000004 7.043895545130054
21.60000000000004 7.043895545130054
21.70000000000004 7.043895545130054
21.80000000000004 7.043895545130054
21.90000000000004 7.043895545130054
22.00000000000004 7.043895545130054
22.10000000000004 7.043895545130054
22.20000000000005 7.043895545130054
22.30000000000005 7.043895545130054
22.40000000000005 7.043895545130054
22.50000000000005 7.043895545130054
22.60000000000005 7.043895545130054
22.70000000000005 7.043895545130054
22.80000000000005 7.043895545130054
22.90000000000006 7.043895545130054
23.00000000000006 7.043895545130054
23.10000000000006 7.043895545130054
23.20000000000006 7.043895545130054
23.30000000000006 7.043895545130054
23.40000000000006 7.043895545130054
23.50000000000006 7.043895545130054
23.60000000000007 7.043895545130054
23.70000000000007 7.043895545130054
23.80000000000007 7.043895545130054
23.90000000000007 7.043895545130054
24.00000000000007 7.043895545130054
24.10000000000007 7.043895545130054
24.20000000000007 7.043895545130054
24.30000000000008 7.043895545130054
24.40000000000008 7.043895545130054
24.50000000000008 7.043895545130054
24.60000000000008 7.043895545130054
24.70000000000008 7.043895545130054
24.80000000000008 7.043895545130054
24.90000000000008 7.043895545130054
25.00000000000009 7.043895545130054
25.10000000000009 7.043895545130054
25.20000000000009 7.043895545130054
25.30000000000009 7.043895545130054
25.40000000000009 7.043895545130054
25.50000000000009 7.043895545130054
25.60000000000009 7.043895545130054
25.7000000000001 7.043895545130054
25.8000000000001 7.043895545130054
25.9000000000001 7.043895545130054
26.0000000000001 7.043895545130054
26.1000000000001 7.043895545130054
26.2000000000001 7.043895545130054
26.3000000000001 7.043895545130054
26.40000000000011 7.043895545130054
26.50000000000011 7.043895545130054
26.60000000000011 7.043895545130054
26.70000000000011 7.043895545130054
26.80000000000011 7.043895545130054
26.90000000000011 7.043895545130054
27.00000000000011 7.043895545130054
27.10000000000012 7.043895545130054
27.20000000000012 7.043895545130054
27.30000000000012 7.043895545130054
27.40000000000012 7.043895545130054
27.50000000000012 7.043895545130054
27.60000000000012 7.043895545130054
27.70000000000012 7.043895545130054
27.80000000000013 7.043895545130054
27.90000000000013 7.043895545130054
28.00000000000013 7.043895545130054
28.10000000000013 7.043895545130054
28.20000000000013 7.043895545130054
28.30000000000013 7.043895545130054
28.40000000000013 7.043895545130054
28.50000000000014 7.043895545130054
28.60000000000014 7.043895545130054
28.70000000000014 7.043895545130054
28.80000000000014 7.043895545130054
28.90000000000014 7.043895545130054
29.00000000000014 7.043895545130054
29.10000000000014 7.043895545130054
29.20000000000014 7.043895545130054
29.30000000000015 7.043895545130054
29.40000000000015 7.043895545130054
29.50000000000015 7.043895545130054
29.60000000000015 7.043895545130054
29.70000000000015 7.043895545130055
29.80000000000015 7.043895545130055
29.90000000000015 7.043895545130055
30.00000000000016 7.043895545130055
30.10000000000016 7.043895545130055
30.20000000000016 7.043895545130055
30.30000000000016 7.043895545130055
30.40000000000016 7.043895545130055
30.50000000000016 7.043895545130055
30.60000000000016 7.043895545130055
30.70000000000017 7.043895545130055
30.80000000000017 7.043895545130055
30.90000000000017 7.043895545130055
31.00000000000017 7.043895545130055
31.10000000000017 7.043895545130055
31.20000000000017 7.043895545130055
31.30000000000017 7.043895545130055
31.40000000000018 7.043895545130055
31.50000000000018 7.043895545130055
31.60000000000018 7.043895545130055
31.70000000000018 7.043895545130055
31.80000000000018 7.043895545130055
31.90000000000018 7.043895545130055
32.00000000000018 7.043895545130055
32.10000000000019 7.043895545130055
32.20000000000019 7.043895545130055
32.30000000000019 7.043895545130055
32.40000000000019 7.043895545130055
32.50000000000019 7.043895545130055
32.60000000000019 7.043895545130055
32.70000000000019 7.043895545130055
32.8000000000002 7.043895545130055
32.9000000000002 7.043895545130055
33.0000000000002 7.043895545130055
33.1000000000002 7.043895545130055
33.2000000000002 7.043895545130055
33.3000000000002 7.043895545130055
33.4000000000002 7.043895545130055
33.50000000000021 7.043895545130055
33.60000000000021 7.043895545130055
33.70000000000021 7.043895545130055
33.80000000000021 7.043895545130055
33.90000000000021 7.043895545130055
34.00000000000021 7.043895545130055
34.10000000000021 7.043895545130055
34.20000000000022 7.043895545130055
34.30000000000022 7.043895545130055
34.40000000000022 7.043895545130055
34.50000000000022 7.043895545130055
34.60000000000022 7.043895545130055
34.70000000000022 7.043895545130055
34.80000000000022 7.043895545130055
34.90000000000023 7.043895545130055
35.00000000000023 7.043895545130055
35.10000000000023 7.043895545130055
35.20000000000023 7.043895545130055
35.30000000000023 7.043895545130055
35.40000000000023 7.043895545130055
35.50000000000023 7.043895545130055
35.60000000000024 7.043895545130055
35.70000000000024 7.043895545130055
35.80000000000024 7.043895545130055
35.90000000000024 7.043895545130055
36.00000000000024 7.043895545130055
36.10000000000024 7.043895545130055
36.20000000000024 7.043895545130055
36.30000000000025 7.043895545130055
36.40000000000025 7.043895545130055
36.50000000000025 7.043895545130055
36.60000000000025 7.043895545130055
36.70000000000025 7.043895545130055
36.80000000000025 7.043895545130055
36.90000000000025 7.043895545130055
37.00000000000026 7.043895545130055
37.10000000000026 7.043895545130055
37.20000000000026 7.043895545130055
37.30000000000026 7.043895545130055
37.40000000000026 7.043895545130055
37.50000000000026 7.043895545130055
37.60000000000026 7.043895545130055
37.70000000000027 7.043895545130055
37.80000000000027 7.043895545130055
37.90000000000027 7.043895545130055
38.00000000000027 7.043895545130055
38.10000000000027 7.043895545130055
38.20000000000027 7.043895545130055
38.30000000000027 7.043895545130055
38.40000000000028 7.043895545130055
38.50000000000028 7.043895545130055
38.60000000000028 7.043895545130055
38.70000000000028 7.043895545130055
38.80000000000028 7.043895545130055
38.90000000000028 7.043895545130055
39.00000000000028 7.043895545130055
39.10000000000029 7.043895545130055
39.20000000000029 7.043895545130055
39.30000000000029 7.043895545130055
39.40000000000029 7.043895545130055
39.50000000000029 7.043895545130055
39.60000000000029 7.043895545130055
39.70000000000029 7.043895545130055
39.8000000000003 7.043895545130055
39.9000000000003 7.043895545130055
40.0000000000003 7.043895545130055
40.1000000000003 7.043895545130055
40.2000000000003 7.043895545130055
40.3000000000003 7.043895545130055
40.4000000000003 7.043895545130055
40.50000000000031 7.043895545130055
40.60000000000031 7.043895545130055
40.70000000000031 7.043895545130055
40.80000000000031 7.043895545130055
40.90000000000031 7.043895545130055
41.00000000000031 7.043895545130055
41.10000000000031 7.043895545130055
41.20000000000032 7.043895545130055
41.30000000000032 7.043895545130055
41.40000000000032 7.043895545130055
41.50000000000032 7.043895545130055
41.60000000000032 7.043895545130055
41.70000000000032 7.043895545130055
41.80000000000032 7.043895545130055
41.90000000000033 7.043895545130055
42.00000000000033 7.043895545130055
42.10000000000033 7.043895545130055
42.20000000000033 7.043895545130055
42.30000000000033 7.043895545130055
42.40000000000033 7.043895545130055
42.50000000000033 7.043895545130055
42.60000000000034 7.043895545130055
42.70000000000034 7.043895545130055
42.80000000000034 7.043895545130055
42.90000000000034 7.043895545130055
43.00000000000034 7.043895545130055
43.10000000000034 7.043895545130055
43.20000000000034 7.043895545130055
43.30000000000035 7.043895545130055
43.40000000000035 7.043895545130055
43.50000000000035 7.043895545130055
43.60000000000035 7.043895545130055
43.70000000000035 7.043895545130055
43.80000000000035 7.043895545130055
43.90000000000035 7.043895545130055
44.00000000000036 7.043895545130055
44.10000000000036 7.043895545130055
44.20000000000036 7.043895545130055
44.30000000000036 7.043895545130055
44.40000000000036 7.043895545130055
44.50000000000036 7.043895545130055
44.60000000000036 7.043895545130055
44.70000000000037 7.043895545130055
44.80000000000037 7.043895545130055
44.90000000000037 7.043895545130055
45.00000000000037 7.043895545130055
45.10000000000037 7.043895545130055
45.20000000000037 7.043895545130055
45.30000000000037 7.043895545130055
45.40000000000038 7.043895545130055
45.50000000000038 7.043895545130055
45.60000000000038 7.043895545130055
45.70000000000038 7.043895545130055
45.80000000000038 7.043895545130055
45.90000000000038 7.043895545130055
46.00000000000038 7.043895545130055
46.10000000000039 7.043895545130055
46.20000000000039 7.043895545130055
46.30000000000039 7.043895545130055
46.40000000000039 7.043895545130055
46.50000000000039 7.043895545130055
46.60000000000039 7.043895545130055
46.70000000000039 7.043895545130055
46.8000000000004 7.043895545130055
46.9000000000004 7.043895545130055
47.0000000000004 7.043895545130055
47.1000000000004 7.043895545130055
47.2000000000004 7.043895545130055
47.3000000000004 7.043895545130055
47.4000000000004 7.043895545130055
47.50000000000041 7.043895545130055
47.60000000000041 7.043895545130055
47.70000000000041 7.043895545130055
47.80000000000041 7.043895545130055
47.90000000000041 7.043895545130055
48.00000000000041 7.043895545130055
48.10000000000041 7.043895545130055
48.20000000000041 7.043895545130055
48.30000000000042 7.043895545130055
48.40000000000042 7.043895545130055
48.50000000000042 7.043895545130055
48.60000000000042 7.043895545130055
48.70000000000042 7.043895545130055
48.80000000000042 7.043895545130055
48.90000000000042 7.043895545130055
49.00000000000043 7.043895545130055
49.10000000000043 7.043895545130055
49.20000000000043 7.043895545130055
49.30000000000043 7.043895545130055
49.40000000000043 7.043895545130055
49.50000000000043 7.043895545130055
49.60000000000043 7.043895545130055
49.70000000000044 7.043895545130055
49.80000000000044 7.043895545130055
49.90000000000044 7.043895545130055