Time X1
0 250
0.1 330.7700158902448
0.2 330.770015889759
0.3 330.7700158897568
0.4 330.7700158897568
0.5 330.7700158897568
0.6 330.7700158897568
0.7 330.7700158897568
0.7999999999999999 330.7700158897568
0.8999999999999999 330.7700158897568
0.9999999999999999 330.7700158897568
1.1 330.7700158897568
1.2 330.7700158897568
1.3 330.7700158897568
1.4 330.7700158897568
1.5 330.7700158897568
1.6 330.7700158897568
1.7 330.7700158897568
1.8 330.7700158897568
1.900000000000001 330.7700158897568
2 330.7700158897568
2.100000000000001 330.7700158897568
2.200000000000001 330.7700158897568
2.300000000000001 330.7700158897568
2.400000000000001 330.7700158897568
2.500000000000001 330.7700158897568
2.600000000000001 330.7700158897568
2.700000000000001 330.7700158897568
2.800000000000001 330.7700158897568
2.900000000000001 330.7700158897568
3.000000000000001 330.7700158897568
3.100000000000001 330.7700158897568
3.200000000000002 330.7700158897568
3.300000000000002 330.7700158897568
3.400000000000002 330.7700158897568
3.500000000000002 330.7700158897568
3.600000000000002 330.7700158897568
3.700000000000002 330.7700158897568
3.800000000000002 330.7700158897568
3.900000000000002 330.7700158897568
4.000000000000002 330.7700158897568
4.100000000000001 330.7700158897568
4.200000000000001 330.7700158897568
4.300000000000001 330.7700158897568
4.4 330.7700158897568
4.5 330.7700158897568
4.6 330.7700158897568
4.699999999999999 330.7700158897568
4.799999999999999 330.7700158897568
4.899999999999999 330.7700158897568
4.999999999999998 330.7700158897568
5.099999999999998 330.7700158897568
5.199999999999998 330.7700158897568
5.299999999999997 330.7700158897568
5.399999999999997 330.7700158897568
5.499999999999996 330.7700158897568
5.599999999999996 330.7700158897568
5.699999999999996 330.7700158897568
5.799999999999995 330.7700158897568
5.899999999999995 330.7700158897568
5.999999999999995 330.7700158897568
6.099999999999994 330.7700158897568
6.199999999999994 330.7700158897568
6.299999999999994 330.7700158897568
6.399999999999993 330.7700158897568
6.499999999999993 330.7700158897568
6.599999999999993 330.7700158897568
6.699999999999992 330.7700158897568
6.799999999999992 330.7700158897568
6.899999999999991 330.7700158897568
6.999999999999991 330.7700158897568
7.099999999999991 330.7700158897568
7.19999999999999 330.7700158897568
7.29999999999999 330.7700158897568
7.39999999999999 330.7700158897568
7.499999999999989 330.7700158897568
7.599999999999989 330.7700158897568
7.699999999999989 330.7700158897568
7.799999999999988 330.7700158897568
7.899999999999988 330.7700158897568
7.999999999999988 330.7700158897568
8.099999999999987 330.7700158897568
8.199999999999987 330.7700158897568
8.299999999999986 330.7700158897568
8.399999999999986 330.7700158897568
8.499999999999986 330.7700158897568
8.599999999999985 330.7700158897568
8.699999999999985 330.7700158897568
8.799999999999985 330.7700158897568
8.899999999999984 330.7700158897568
8.999999999999984 330.7700158897568
9.099999999999984 330.7700158897568
9.199999999999983 330.7700158897568
9.299999999999983 330.7700158897568
9.399999999999983 330.7700158897568
9.499999999999982 330.7700158897568
9.599999999999982 330.7700158897568
9.699999999999982 330.7700158897568
9.799999999999981 330.7700158897568
9.899999999999981 330.7700158897568
9.99999999999998 330.7700158897568
10.09999999999998 330.7700158897568
10.19999999999998 330.7700158897568
10.29999999999998 330.7700158897568
10.39999999999998 330.7700158897568
10.49999999999998 330.7700158897568
10.59999999999998 330.7700158897568
10.69999999999998 330.7700158897568
10.79999999999998 330.7700158897568
10.89999999999998 330.7700158897568
10.99999999999998 330.7700158897568
11.09999999999998 330.7700158897568
11.19999999999998 330.7700158897568
11.29999999999998 330.7700158897568
11.39999999999998 330.7700158897568
11.49999999999998 330.7700158897568
11.59999999999997 330.7700158897568
11.69999999999997 330.7700158897568
11.79999999999997 330.7700158897568
11.89999999999997 330.7700158897568
11.99999999999997 330.7700158897568
12.09999999999997 330.7700158897568
12.19999999999997 330.7700158897568
12.29999999999997 330.7700158897568
12.39999999999997 330.7700158897568
12.49999999999997 330.7700158897568
12.59999999999997 330.7700158897568
12.69999999999997 330.7700158897568
12.79999999999997 330.7700158897568
12.89999999999997 330.7700158897568
12.99999999999997 330.7700158897568
13.09999999999997 330.7700158897568
13.19999999999997 330.7700158897568
13.29999999999997 330.7700158897568
13.39999999999997 330.7700158897568
13.49999999999997 330.7700158897568
13.59999999999997 330.7700158897568
13.69999999999997 330.7700158897568
13.79999999999997 330.7700158897568
13.89999999999997 330.7700158897568
13.99999999999997 330.7700158897568
14.09999999999997 330.7700158897568
14.19999999999997 330.7700158897568
14.29999999999997 330.7700158897568
14.39999999999996 330.7700158897568
14.49999999999996 330.7700158897568
14.59999999999996 330.7700158897568
14.69999999999996 330.7700158897568
14.79999999999996 330.7700158897568
14.89999999999996 330.7700158897568
14.99999999999996 330.7700158897568
15.09999999999996 330.7700158897568
15.19999999999996 330.7700158897568
15.29999999999996 330.7700158897568
15.39999999999996 330.7700158897568
15.49999999999996 330.7700158897568
15.59999999999996 330.7700158897568
15.69999999999996 330.7700158897568
15.79999999999996 330.7700158897568
15.89999999999996 330.7700158897568
15.99999999999996 330.7700158897568
16.09999999999996 330.7700158897568
16.19999999999996 330.7700158897568
16.29999999999996 330.7700158897568
16.39999999999996 330.7700158897568
16.49999999999996 330.7700158897568
16.59999999999997 330.7700158897568
16.69999999999997 330.7700158897568
16.79999999999997 330.7700158897568
16.89999999999997 330.7700158897568
16.99999999999997 330.7700158897568
17.09999999999997 330.7700158897568
17.19999999999997 330.7700158897568
17.29999999999998 330.7700158897568
17.39999999999998 330.7700158897568
17.49999999999998 330.7700158897568
17.59999999999998 330.7700158897568
17.69999999999998 330.7700158897568
17.79999999999998 330.7700158897568
17.89999999999998 330.7700158897568
17.99999999999999 330.7700158897568
18.09999999999999 330.7700158897568
18.19999999999999 330.7700158897568
18.29999999999999 330.7700158897568
18.39999999999999 330.7700158897568
18.49999999999999 330.7700158897568
18.59999999999999 330.7700158897568
18.7 330.7700158897568
18.8 330.7700158897568
18.9 330.7700158897568
19 330.7700158897568
19.1 330.7700158897568
19.2 330.7700158897568
19.3 330.7700158897568
19.40000000000001 330.7700158897568
19.50000000000001 330.7700158897568
19.60000000000001 330.7700158897568
19.70000000000001 330.7700158897568
19.80000000000001 330.7700158897568
19.90000000000001 330.7700158897568
20.00000000000001 330.7700158897568
20.10000000000002 330.7700158897568
20.20000000000002 330.7700158897568
20.30000000000002 330.7700158897568
20.40000000000002 330.7700158897568
20.50000000000002 330.7700158897568
20.60000000000002 330.7700158897568
20.70000000000002 330.7700158897568
20.80000000000003 330.7700158897568
20.90000000000003 330.7700158897568
21.00000000000003 330.7700158897568
21.10000000000003 330.7700158897568
21.20000000000003 330.7700158897568
21.30000000000003 330.7700158897568
21.40000000000003 330.7700158897568
21.50000000000004 330.7700158897568
21.60000000000004 330.7700158897568
21.70000000000004 330.7700158897568
21.80000000000004 330.7700158897568
21.90000000000004 330.7700158897568
22.00000000000004 330.7700158897568
22.10000000000004 330.7700158897568
22.20000000000005 330.7700158897568
22.30000000000005 330.7700158897568
22.40000000000005 330.7700158897568
22.50000000000005 330.7700158897568
22.60000000000005 330.7700158897568
22.70000000000005 330.7700158897568
22.80000000000005 330.7700158897568
22.90000000000006 330.7700158897568
23.00000000000006 330.7700158897568
23.10000000000006 330.7700158897568
23.20000000000006 330.7700158897568
23.30000000000006 330.7700158897568
23.40000000000006 330.7700158897568
23.50000000000006 330.7700158897568
23.60000000000007 330.7700158897568
23.70000000000007 330.7700158897568
23.80000000000007 330.7700158897568
23.90000000000007 330.7700158897568
24.00000000000007 330.7700158897568
24.10000000000007 330.7700158897568
24.20000000000007 330.7700158897568
24.30000000000008 330.7700158897568
24.40000000000008 330.7700158897568
24.50000000000008 330.7700158897568
24.60000000000008 330.7700158897568
24.70000000000008 330.7700158897568
24.80000000000008 330.7700158897568
24.90000000000008 330.7700158897568
25.00000000000009 330.7700158897568
25.10000000000009 330.7700158897568
25.20000000000009 330.7700158897568
25.30000000000009 330.7700158897568
25.40000000000009 330.7700158897568
25.50000000000009 330.7700158897568
25.60000000000009 330.7700158897568
25.7000000000001 330.7700158897568
25.8000000000001 330.7700158897568
25.9000000000001 330.7700158897568
26.0000000000001 330.7700158897568
26.1000000000001 330.7700158897568
26.2000000000001 330.7700158897568
26.3000000000001 330.7700158897568
26.40000000000011 330.7700158897568
26.50000000000011 330.7700158897568
26.60000000000011 330.7700158897568
26.70000000000011 330.7700158897568
26.80000000000011 330.7700158897568
26.90000000000011 330.7700158897568
27.00000000000011 330.7700158897568
27.10000000000012 330.7700158897568
27.20000000000012 330.7700158897568
27.30000000000012 330.7700158897568
27.40000000000012 330.7700158897568
27.50000000000012 330.7700158897568
27.60000000000012 330.7700158897568
27.70000000000012 330.7700158897568
27.80000000000013 330.7700158897568
27.90000000000013 330.7700158897568
28.00000000000013 330.7700158897568
28.10000000000013 330.7700158897568
28.20000000000013 330.7700158897568
28.30000000000013 330.7700158897568
28.40000000000013 330.7700158897568
28.50000000000014 330.7700158897568
28.60000000000014 330.7700158897568
28.70000000000014 330.7700158897568
28.80000000000014 330.7700158897568
28.90000000000014 330.7700158897568
29.00000000000014 330.7700158897568
29.10000000000014 330.7700158897568
29.20000000000014 330.7700158897568
29.30000000000015 330.7700158897568
29.40000000000015 330.7700158897568
29.50000000000015 330.7700158897568
29.60000000000015 330.7700158897568
29.70000000000015 330.7700158897568
29.80000000000015 330.7700158897568
29.90000000000015 330.7700158897568
30.00000000000016 330.7700158897568
30.10000000000016 330.7700158897568
30.20000000000016 330.7700158897568
30.30000000000016 330.7700158897568
30.40000000000016 330.7700158897568
30.50000000000016 330.7700158897568
30.60000000000016 330.7700158897568
30.70000000000017 330.7700158897568
30.80000000000017 330.7700158897568
30.90000000000017 330.7700158897568
31.00000000000017 330.7700158897568
31.10000000000017 330.7700158897568
31.20000000000017 330.7700158897568
31.30000000000017 330.7700158897568
31.40000000000018 330.7700158897568
31.50000000000018 330.7700158897568
31.60000000000018 330.7700158897568
31.70000000000018 330.7700158897568
31.80000000000018 330.7700158897568
31.90000000000018 330.7700158897568
32.00000000000018 330.7700158897568
32.10000000000019 330.7700158897568
32.20000000000019 330.7700158897568
32.30000000000019 330.7700158897568
32.40000000000019 330.7700158897568
32.50000000000019 330.7700158897568
32.60000000000019 330.7700158897568
32.70000000000019 330.7700158897568
32.8000000000002 330.7700158897568
32.9000000000002 330.7700158897568
33.0000000000002 330.7700158897568
33.1000000000002 330.7700158897568
33.2000000000002 330.7700158897568
33.3000000000002 330.7700158897568
33.4000000000002 330.7700158897568
33.50000000000021 330.7700158897568
33.60000000000021 330.7700158897568
33.70000000000021 330.7700158897568
33.80000000000021 330.7700158897568
33.90000000000021 330.7700158897568
34.00000000000021 330.7700158897568
34.10000000000021 330.7700158897568
34.20000000000022 330.7700158897568
34.30000000000022 330.7700158897568
34.40000000000022 330.7700158897568
34.50000000000022 330.7700158897568
34.60000000000022 330.7700158897568
34.70000000000022 330.7700158897568
34.80000000000022 330.7700158897568
34.90000000000023 330.7700158897568
35.00000000000023 330.7700158897568
35.10000000000023 330.7700158897568
35.20000000000023 330.7700158897568
35.30000000000023 330.7700158897568
35.40000000000023 330.7700158897568
35.50000000000023 330.7700158897568
35.60000000000024 330.7700158897568
35.70000000000024 330.7700158897568
35.80000000000024 330.7700158897568
35.90000000000024 330.7700158897568
36.00000000000024 330.7700158897568
36.10000000000024 330.7700158897568
36.20000000000024 330.7700158897568
36.30000000000025 330.7700158897568
36.40000000000025 330.7700158897568
36.50000000000025 330.7700158897568
36.60000000000025 330.7700158897568
36.70000000000025 330.7700158897568
36.80000000000025 330.7700158897568
36.90000000000025 330.7700158897568
37.00000000000026 330.7700158897568
37.10000000000026 330.7700158897568
37.20000000000026 330.7700158897568
37.30000000000026 330.7700158897568
37.40000000000026 330.7700158897568
37.50000000000026 330.7700158897568
37.60000000000026 330.7700158897568
37.70000000000027 330.7700158897568
37.80000000000027 330.7700158897568
37.90000000000027 330.7700158897568
38.00000000000027 330.7700158897568
38.10000000000027 330.7700158897568
38.20000000000027 330.7700158897568
38.30000000000027 330.7700158897568
38.40000000000028 330.7700158897568
38.50000000000028 330.7700158897568
38.60000000000028 330.7700158897568
38.70000000000028 330.7700158897568
38.80000000000028 330.7700158897568
38.90000000000028 330.7700158897568
39.00000000000028 330.7700158897568
39.10000000000029 330.7700158897568
39.20000000000029 330.7700158897568
39.30000000000029 330.7700158897568
39.40000000000029 330.7700158897568
39.50000000000029 330.7700158897568
39.60000000000029 330.7700158897568
39.70000000000029 330.7700158897568
39.8000000000003 330.7700158897568
39.9000000000003 330.7700158897568
40.0000000000003 330.7700158897568
40.1000000000003 330.7700158897568
40.2000000000003 330.7700158897568
40.3000000000003 330.7700158897568
40.4000000000003 330.7700158897568
40.50000000000031 330.7700158897568
40.60000000000031 330.7700158897568
40.70000000000031 330.7700158897568
40.80000000000031 330.7700158897568
40.90000000000031 330.7700158897568
41.00000000000031 330.7700158897568
41.10000000000031 330.7700158897568
41.20000000000032 330.7700158897568
41.30000000000032 330.7700158897568
41.40000000000032 330.7700158897568
41.50000000000032 330.7700158897568
41.60000000000032 330.7700158897568
41.70000000000032 330.7700158897568
41.80000000000032 330.7700158897568
41.90000000000033 330.7700158897568
42.00000000000033 330.7700158897568
42.10000000000033 330.7700158897568
42.20000000000033 330.7700158897568
42.30000000000033 330.7700158897568
42.40000000000033 330.7700158897568
42.50000000000033 330.7700158897568
42.60000000000034 330.7700158897568
42.70000000000034 330.7700158897568
42.80000000000034 330.7700158897568
42.90000000000034 330.7700158897568
43.00000000000034 330.7700158897568
43.10000000000034 330.7700158897568
43.20000000000034 330.7700158897568
43.30000000000035 330.7700158897568
43.40000000000035 330.7700158897568
43.50000000000035 330.7700158897568
43.60000000000035 330.7700158897568
43.70000000000035 330.7700158897568
43.80000000000035 330.7700158897568
43.90000000000035 330.7700158897568
44.00000000000036 330.7700158897568
44.10000000000036 330.7700158897568
44.20000000000036 330.7700158897568
44.30000000000036 330.7700158897568
44.40000000000036 330.7700158897568
44.50000000000036 330.7700158897568
44.60000000000036 330.7700158897568
44.70000000000037 330.7700158897568
44.80000000000037 330.7700158897568
44.90000000000037 330.7700158897568
45.00000000000037 330.7700158897568
45.10000000000037 330.7700158897568
45.20000000000037 330.7700158897568
45.30000000000037 330.7700158897568
45.40000000000038 330.7700158897568
45.50000000000038 330.7700158897568
45.60000000000038 330.7700158897568
45.70000000000038 330.7700158897568
45.80000000000038 330.7700158897568
45.90000000000038 330.7700158897568
46.00000000000038 330.7700158897568
46.10000000000039 330.7700158897568
46.20000000000039 330.7700158897568
46.30000000000039 330.7700158897568
46.40000000000039 330.7700158897568
46.50000000000039 330.7700158897568
46.60000000000039 330.7700158897568
46.70000000000039 330.7700158897568
46.8000000000004 330.7700158897568
46.9000000000004 330.7700158897568
47.0000000000004 330.7700158897568
47.1000000000004 330.7700158897568
47.2000000000004 330.7700158897568
47.3000000000004 330.7700158897568
47.4000000000004 330.7700158897568
47.50000000000041 330.7700158897568
47.60000000000041 330.7700158897568
47.70000000000041 330.7700158897568
47.80000000000041 330.7700158897568
47.90000000000041 330.7700158897568
48.00000000000041 330.7700158897568
48.10000000000041 330.7700158897568
48.20000000000041 330.7700158897568
48.30000000000042 330.7700158897568
48.40000000000042 330.7700158897568
48.50000000000042 330.7700158897568
48.60000000000042 330.7700158897568
48.70000000000042 330.7700158897568
48.80000000000042 330.7700158897568
48.90000000000042 330.7700158897568
49.00000000000043 330.7700158897568
49.10000000000043 330.7700158897568
49.20000000000043 330.7700158897568
49.30000000000043 330.7700158897568
49.40000000000043 330.7700158897568
49.50000000000043 330.7700158897568
49.60000000000043 330.7700158897568
49.70000000000044 330.7700158897568
49.80000000000044 330.7700158897568
49.90000000000044 330.7700158897568