Time X1
0 250
0.1 72.08063088321164
0.2 72.08063088327768
0.3 72.08063088333789
0.4 72.08063088333807
0.5 72.08063088333827
0.6 72.0806308833383
0.7 72.0806308833383
0.7999999999999999 72.0806308833383
0.8999999999999999 72.0806308833383
0.9999999999999999 72.0806308833383
1.1 72.0806308833383
1.2 72.0806308833383
1.3 72.0806308833383
1.4 72.0806308833383
1.5 72.0806308833383
1.6 72.0806308833383
1.7 72.0806308833383
1.8 72.08063088333832
1.900000000000001 72.08063088333832
2 72.08063088333832
2.100000000000001 72.08063088333832
2.200000000000001 72.08063088333832
2.300000000000001 72.08063088333832
2.400000000000001 72.08063088333832
2.500000000000001 72.08063088333832
2.600000000000001 72.08063088333832
2.700000000000001 72.08063088333832
2.800000000000001 72.08063088333832
2.900000000000001 72.08063088333832
3.000000000000001 72.08063088333832
3.100000000000001 72.08063088333832
3.200000000000002 72.08063088333832
3.300000000000002 72.08063088333832
3.400000000000002 72.08063088333832
3.500000000000002 72.08063088333832
3.600000000000002 72.08063088333832
3.700000000000002 72.08063088333832
3.800000000000002 72.08063088333832
3.900000000000002 72.08063088333832
4.000000000000002 72.08063088333832
4.100000000000001 72.08063088333832
4.200000000000001 72.08063088333832
4.300000000000001 72.08063088333832
4.4 72.08063088333832
4.5 72.08063088333832
4.6 72.08063088333832
4.699999999999999 72.08063088333832
4.799999999999999 72.08063088333832
4.899999999999999 72.08063088333832
4.999999999999998 72.08063088333832
5.099999999999998 72.08063088333832
5.199999999999998 72.08063088333832
5.299999999999997 72.08063088333832
5.399999999999997 72.08063088333832
5.499999999999996 72.08063088333832
5.599999999999996 72.08063088333832
5.699999999999996 72.08063088333832
5.799999999999995 72.08063088333832
5.899999999999995 72.08063088333832
5.999999999999995 72.08063088333832
6.099999999999994 72.08063088333832
6.199999999999994 72.08063088333832
6.299999999999994 72.08063088333832
6.399999999999993 72.08063088333832
6.499999999999993 72.08063088333832
6.599999999999993 72.08063088333832
6.699999999999992 72.08063088333832
6.799999999999992 72.08063088333832
6.899999999999991 72.08063088333832
6.999999999999991 72.08063088333832
7.099999999999991 72.08063088333832
7.19999999999999 72.08063088333832
7.29999999999999 72.08063088333832
7.39999999999999 72.08063088333832
7.499999999999989 72.08063088333832
7.599999999999989 72.08063088333832
7.699999999999989 72.08063088333832
7.799999999999988 72.08063088333832
7.899999999999988 72.08063088333832
7.999999999999988 72.08063088333832
8.099999999999987 72.08063088333832
8.199999999999987 72.08063088333832
8.299999999999986 72.08063088333832
8.399999999999986 72.08063088333832
8.499999999999986 72.08063088333832
8.599999999999985 72.08063088333832
8.699999999999985 72.08063088333832
8.799999999999985 72.08063088333832
8.899999999999984 72.08063088333832
8.999999999999984 72.08063088333832
9.099999999999984 72.08063088333832
9.199999999999983 72.08063088333832
9.299999999999983 72.08063088333832
9.399999999999983 72.08063088333832
9.499999999999982 72.08063088333832
9.599999999999982 72.08063088333832
9.699999999999982 72.08063088333832
9.799999999999981 72.08063088333832
9.899999999999981 72.08063088333832
9.99999999999998 72.08063088333832
10.09999999999998 72.08063088333832
10.19999999999998 72.08063088333832
10.29999999999998 72.08063088333832
10.39999999999998 72.08063088333832
10.49999999999998 72.08063088333832
10.59999999999998 72.08063088333832
10.69999999999998 72.08063088333832
10.79999999999998 72.08063088333832
10.89999999999998 72.08063088333832
10.99999999999998 72.08063088333832
11.09999999999998 72.08063088333832
11.19999999999998 72.08063088333832
11.29999999999998 72.08063088333832
11.39999999999998 72.08063088333832
11.49999999999998 72.08063088333832
11.59999999999997 72.08063088333832
11.69999999999997 72.08063088333832
11.79999999999997 72.08063088333832
11.89999999999997 72.08063088333832
11.99999999999997 72.08063088333832
12.09999999999997 72.08063088333832
12.19999999999997 72.08063088333832
12.29999999999997 72.08063088333832
12.39999999999997 72.08063088333832
12.49999999999997 72.08063088333832
12.59999999999997 72.08063088333832
12.69999999999997 72.08063088333832
12.79999999999997 72.08063088333832
12.89999999999997 72.08063088333832
12.99999999999997 72.08063088333832
13.09999999999997 72.08063088333832
13.19999999999997 72.08063088333832
13.29999999999997 72.08063088333832
13.39999999999997 72.08063088333832
13.49999999999997 72.08063088333832
13.59999999999997 72.08063088333832
13.69999999999997 72.08063088333832
13.79999999999997 72.08063088333832
13.89999999999997 72.08063088333832
13.99999999999997 72.08063088333832
14.09999999999997 72.08063088333832
14.19999999999997 72.08063088333832
14.29999999999997 72.08063088333832
14.39999999999996 72.08063088333832
14.49999999999996 72.08063088333832
14.59999999999996 72.08063088333832
14.69999999999996 72.08063088333832
14.79999999999996 72.08063088333832
14.89999999999996 72.08063088333832
14.99999999999996 72.08063088333832
15.09999999999996 72.08063088333832
15.19999999999996 72.08063088333832
15.29999999999996 72.08063088333832
15.39999999999996 72.08063088333832
15.49999999999996 72.08063088333832
15.59999999999996 72.08063088333832
15.69999999999996 72.08063088333832
15.79999999999996 72.08063088333832
15.89999999999996 72.08063088333832
15.99999999999996 72.08063088333832
16.09999999999996 72.08063088333832
16.19999999999996 72.08063088333832
16.29999999999996 72.08063088333832
16.39999999999996 72.08063088333832
16.49999999999996 72.08063088333832
16.59999999999997 72.08063088333832
16.69999999999997 72.08063088333832
16.79999999999997 72.08063088333832
16.89999999999997 72.08063088333832
16.99999999999997 72.08063088333832
17.09999999999997 72.08063088333832
17.19999999999997 72.08063088333832
17.29999999999998 72.08063088333832
17.39999999999998 72.08063088333832
17.49999999999998 72.08063088333832
17.59999999999998 72.08063088333832
17.69999999999998 72.08063088333832
17.79999999999998 72.08063088333832
17.89999999999998 72.08063088333832
17.99999999999999 72.08063088333832
18.09999999999999 72.08063088333832
18.19999999999999 72.08063088333832
18.29999999999999 72.08063088333832
18.39999999999999 72.08063088333832
18.49999999999999 72.08063088333832
18.59999999999999 72.08063088333832
18.7 72.08063088333832
18.8 72.08063088333832
18.9 72.08063088333832
19 72.08063088333832
19.1 72.08063088333832
19.2 72.08063088333832
19.3 72.08063088333832
19.40000000000001 72.08063088333832
19.50000000000001 72.08063088333832
19.60000000000001 72.08063088333832
19.70000000000001 72.08063088333832
19.80000000000001 72.08063088333832
19.90000000000001 72.08063088333832
20.00000000000001 72.08063088333832
20.10000000000002 72.08063088333832
20.20000000000002 72.08063088333832
20.30000000000002 72.08063088333832
20.40000000000002 72.08063088333832
20.50000000000002 72.08063088333832
20.60000000000002 72.08063088333832
20.70000000000002 72.08063088333832
20.80000000000003 72.08063088333832
20.90000000000003 72.08063088333832
21.00000000000003 72.08063088333832
21.10000000000003 72.08063088333832
21.20000000000003 72.08063088333832
21.30000000000003 72.08063088333832
21.40000000000003 72.08063088333832
21.50000000000004 72.08063088333832
21.60000000000004 72.08063088333832
21.70000000000004 72.08063088333832
21.80000000000004 72.08063088333832
21.90000000000004 72.08063088333832
22.00000000000004 72.08063088333832
22.10000000000004 72.08063088333832
22.20000000000005 72.08063088333832
22.30000000000005 72.08063088333832
22.40000000000005 72.08063088333832
22.50000000000005 72.08063088333832
22.60000000000005 72.08063088333832
22.70000000000005 72.08063088333832
22.80000000000005 72.08063088333832
22.90000000000006 72.08063088333832
23.00000000000006 72.08063088333832
23.10000000000006 72.08063088333832
23.20000000000006 72.08063088333832
23.30000000000006 72.08063088333832
23.40000000000006 72.08063088333832
23.50000000000006 72.08063088333832
23.60000000000007 72.08063088333832
23.70000000000007 72.08063088333832
23.80000000000007 72.08063088333832
23.90000000000007 72.08063088333832
24.00000000000007 72.08063088333832
24.10000000000007 72.08063088333832
24.20000000000007 72.08063088333832
24.30000000000008 72.08063088333832
24.40000000000008 72.08063088333832
24.50000000000008 72.08063088333832
24.60000000000008 72.08063088333832
24.70000000000008 72.08063088333832
24.80000000000008 72.08063088333832
24.90000000000008 72.08063088333832
25.00000000000009 72.08063088333832
25.10000000000009 72.08063088333832
25.20000000000009 72.08063088333832
25.30000000000009 72.08063088333832
25.40000000000009 72.08063088333832
25.50000000000009 72.08063088333832
25.60000000000009 72.08063088333832
25.7000000000001 72.08063088333832
25.8000000000001 72.08063088333832
25.9000000000001 72.08063088333832
26.0000000000001 72.08063088333832
26.1000000000001 72.08063088333832
26.2000000000001 72.08063088333832
26.3000000000001 72.08063088333832
26.40000000000011 72.08063088333832
26.50000000000011 72.08063088333832
26.60000000000011 72.08063088333832
26.70000000000011 72.08063088333832
26.80000000000011 72.08063088333832
26.90000000000011 72.08063088333832
27.00000000000011 72.08063088333832
27.10000000000012 72.08063088333832
27.20000000000012 72.08063088333832
27.30000000000012 72.08063088333832
27.40000000000012 72.08063088333832
27.50000000000012 72.08063088333832
27.60000000000012 72.08063088333832
27.70000000000012 72.08063088333832
27.80000000000013 72.08063088333832
27.90000000000013 72.08063088333832
28.00000000000013 72.08063088333832
28.10000000000013 72.08063088333832
28.20000000000013 72.08063088333832
28.30000000000013 72.08063088333832
28.40000000000013 72.08063088333832
28.50000000000014 72.08063088333832
28.60000000000014 72.08063088333832
28.70000000000014 72.08063088333832
28.80000000000014 72.08063088333832
28.90000000000014 72.08063088333832
29.00000000000014 72.08063088333832
29.10000000000014 72.08063088333832
29.20000000000014 72.08063088333832
29.30000000000015 72.08063088333832
29.40000000000015 72.08063088333832
29.50000000000015 72.08063088333832
29.60000000000015 72.08063088333832
29.70000000000015 72.08063088333832
29.80000000000015 72.08063088333832
29.90000000000015 72.08063088333832
30.00000000000016 72.08063088333832
30.10000000000016 72.08063088333832
30.20000000000016 72.08063088333832
30.30000000000016 72.08063088333832
30.40000000000016 72.08063088333832
30.50000000000016 72.08063088333832
30.60000000000016 72.08063088333832
30.70000000000017 72.08063088333832
30.80000000000017 72.08063088333832
30.90000000000017 72.08063088333832
31.00000000000017 72.08063088333832
31.10000000000017 72.08063088333832
31.20000000000017 72.08063088333832
31.30000000000017 72.08063088333832
31.40000000000018 72.08063088333832
31.50000000000018 72.08063088333832
31.60000000000018 72.08063088333832
31.70000000000018 72.08063088333832
31.80000000000018 72.08063088333832
31.90000000000018 72.08063088333832
32.00000000000018 72.08063088333832
32.10000000000019 72.08063088333832
32.20000000000019 72.08063088333832
32.30000000000019 72.08063088333832
32.40000000000019 72.08063088333832
32.50000000000019 72.08063088333832
32.60000000000019 72.08063088333832
32.70000000000019 72.08063088333832
32.8000000000002 72.08063088333832
32.9000000000002 72.08063088333832
33.0000000000002 72.08063088333832
33.1000000000002 72.08063088333832
33.2000000000002 72.08063088333832
33.3000000000002 72.08063088333832
33.4000000000002 72.08063088333832
33.50000000000021 72.08063088333832
33.60000000000021 72.08063088333832
33.70000000000021 72.08063088333832
33.80000000000021 72.08063088333832
33.90000000000021 72.08063088333832
34.00000000000021 72.08063088333832
34.10000000000021 72.08063088333832
34.20000000000022 72.08063088333832
34.30000000000022 72.08063088333832
34.40000000000022 72.08063088333832
34.50000000000022 72.08063088333832
34.60000000000022 72.08063088333832
34.70000000000022 72.08063088333832
34.80000000000022 72.08063088333832
34.90000000000023 72.08063088333832
35.00000000000023 72.08063088333832
35.10000000000023 72.08063088333832
35.20000000000023 72.08063088333832
35.30000000000023 72.08063088333832
35.40000000000023 72.08063088333832
35.50000000000023 72.08063088333832
35.60000000000024 72.08063088333832
35.70000000000024 72.08063088333832
35.80000000000024 72.08063088333832
35.90000000000024 72.08063088333832
36.00000000000024 72.08063088333832
36.10000000000024 72.08063088333832
36.20000000000024 72.08063088333832
36.30000000000025 72.08063088333832
36.40000000000025 72.08063088333832
36.50000000000025 72.08063088333832
36.60000000000025 72.08063088333832
36.70000000000025 72.08063088333832
36.80000000000025 72.08063088333832
36.90000000000025 72.08063088333832
37.00000000000026 72.08063088333832
37.10000000000026 72.08063088333832
37.20000000000026 72.08063088333832
37.30000000000026 72.08063088333832
37.40000000000026 72.08063088333832
37.50000000000026 72.08063088333832
37.60000000000026 72.08063088333832
37.70000000000027 72.08063088333832
37.80000000000027 72.08063088333832
37.90000000000027 72.08063088333832
38.00000000000027 72.08063088333832
38.10000000000027 72.08063088333832
38.20000000000027 72.08063088333832
38.30000000000027 72.08063088333832
38.40000000000028 72.08063088333832
38.50000000000028 72.08063088333832
38.60000000000028 72.08063088333832
38.70000000000028 72.08063088333832
38.80000000000028 72.08063088333832
38.90000000000028 72.08063088333832
39.00000000000028 72.08063088333832
39.10000000000029 72.08063088333832
39.20000000000029 72.08063088333832
39.30000000000029 72.08063088333832
39.40000000000029 72.08063088333832
39.50000000000029 72.08063088333832
39.60000000000029 72.08063088333832
39.70000000000029 72.08063088333832
39.8000000000003 72.08063088333832
39.9000000000003 72.08063088333832
40.0000000000003 72.08063088333832
40.1000000000003 72.08063088333832
40.2000000000003 72.08063088333832
40.3000000000003 72.08063088333832
40.4000000000003 72.08063088333832
40.50000000000031 72.08063088333832
40.60000000000031 72.08063088333832
40.70000000000031 72.08063088333832
40.80000000000031 72.08063088333832
40.90000000000031 72.08063088333832
41.00000000000031 72.08063088333832
41.10000000000031 72.08063088333832
41.20000000000032 72.08063088333832
41.30000000000032 72.08063088333832
41.40000000000032 72.08063088333832
41.50000000000032 72.08063088333832
41.60000000000032 72.08063088333832
41.70000000000032 72.08063088333832
41.80000000000032 72.08063088333832
41.90000000000033 72.08063088333832
42.00000000000033 72.08063088333832
42.10000000000033 72.08063088333832
42.20000000000033 72.08063088333832
42.30000000000033 72.08063088333832
42.40000000000033 72.08063088333832
42.50000000000033 72.08063088333832
42.60000000000034 72.08063088333832
42.70000000000034 72.08063088333832
42.80000000000034 72.08063088333832
42.90000000000034 72.08063088333832
43.00000000000034 72.08063088333832
43.10000000000034 72.08063088333832
43.20000000000034 72.08063088333832
43.30000000000035 72.08063088333832
43.40000000000035 72.08063088333832
43.50000000000035 72.08063088333832
43.60000000000035 72.08063088333832
43.70000000000035 72.08063088333832
43.80000000000035 72.08063088333832
43.90000000000035 72.08063088333832
44.00000000000036 72.08063088333832
44.10000000000036 72.08063088333832
44.20000000000036 72.08063088333832
44.30000000000036 72.08063088333832
44.40000000000036 72.08063088333832
44.50000000000036 72.08063088333832
44.60000000000036 72.08063088333832
44.70000000000037 72.08063088333832
44.80000000000037 72.08063088333832
44.90000000000037 72.08063088333832
45.00000000000037 72.08063088333832
45.10000000000037 72.08063088333832
45.20000000000037 72.08063088333832
45.30000000000037 72.08063088333832
45.40000000000038 72.08063088333832
45.50000000000038 72.08063088333832
45.60000000000038 72.08063088333832
45.70000000000038 72.08063088333832
45.80000000000038 72.08063088333832
45.90000000000038 72.08063088333832
46.00000000000038 72.08063088333832
46.10000000000039 72.08063088333832
46.20000000000039 72.08063088333832
46.30000000000039 72.08063088333832
46.40000000000039 72.08063088333832
46.50000000000039 72.08063088333832
46.60000000000039 72.08063088333832
46.70000000000039 72.08063088333832
46.8000000000004 72.08063088333832
46.9000000000004 72.08063088333832
47.0000000000004 72.08063088333832
47.1000000000004 72.08063088333832
47.2000000000004 72.08063088333832
47.3000000000004 72.08063088333832
47.4000000000004 72.08063088333832
47.50000000000041 72.08063088333832
47.60000000000041 72.08063088333832
47.70000000000041 72.08063088333832
47.80000000000041 72.08063088333832
47.90000000000041 72.08063088333832
48.00000000000041 72.08063088333832
48.10000000000041 72.08063088333832
48.20000000000041 72.08063088333832
48.30000000000042 72.08063088333832
48.40000000000042 72.08063088333832
48.50000000000042 72.08063088333832
48.60000000000042 72.08063088333832
48.70000000000042 72.08063088333832
48.80000000000042 72.08063088333832
48.90000000000042 72.08063088333832
49.00000000000043 72.08063088333832
49.10000000000043 72.08063088333832
49.20000000000043 72.08063088333832
49.30000000000043 72.08063088333832
49.40000000000043 72.08063088333832
49.50000000000043 72.08063088333832
49.60000000000043 72.08063088333832
49.70000000000044 72.08063088333832
49.80000000000044 72.08063088333832
49.90000000000044 72.08063088333832