Time X1
0 250
0.1 110.7722688127968
0.2 110.7722688129099
0.3 110.7722688129904
0.4 110.7722688129907
0.5 110.772268812991
0.6 110.772268812991
0.7 110.772268812991
0.7999999999999999 110.772268812991
0.8999999999999999 110.772268812991
0.9999999999999999 110.772268812991
1.1 110.772268812991
1.2 110.772268812991
1.3 110.772268812991
1.4 110.772268812991
1.5 110.772268812991
1.6 110.772268812991
1.7 110.772268812991
1.8 110.772268812991
1.900000000000001 110.772268812991
2 110.772268812991
2.100000000000001 110.772268812991
2.200000000000001 110.772268812991
2.300000000000001 110.772268812991
2.400000000000001 110.772268812991
2.500000000000001 110.772268812991
2.600000000000001 110.772268812991
2.700000000000001 110.772268812991
2.800000000000001 110.772268812991
2.900000000000001 110.772268812991
3.000000000000001 110.772268812991
3.100000000000001 110.772268812991
3.200000000000002 110.772268812991
3.300000000000002 110.772268812991
3.400000000000002 110.772268812991
3.500000000000002 110.772268812991
3.600000000000002 110.772268812991
3.700000000000002 110.772268812991
3.800000000000002 110.772268812991
3.900000000000002 110.772268812991
4.000000000000002 110.772268812991
4.100000000000001 110.772268812991
4.200000000000001 110.772268812991
4.300000000000001 110.772268812991
4.4 110.772268812991
4.5 110.772268812991
4.6 110.772268812991
4.699999999999999 110.772268812991
4.799999999999999 110.772268812991
4.899999999999999 110.772268812991
4.999999999999998 110.772268812991
5.099999999999998 110.772268812991
5.199999999999998 110.772268812991
5.299999999999997 110.772268812991
5.399999999999997 110.772268812991
5.499999999999996 110.772268812991
5.599999999999996 110.772268812991
5.699999999999996 110.772268812991
5.799999999999995 110.772268812991
5.899999999999995 110.772268812991
5.999999999999995 110.772268812991
6.099999999999994 110.772268812991
6.199999999999994 110.772268812991
6.299999999999994 110.772268812991
6.399999999999993 110.772268812991
6.499999999999993 110.772268812991
6.599999999999993 110.772268812991
6.699999999999992 110.772268812991
6.799999999999992 110.772268812991
6.899999999999991 110.772268812991
6.999999999999991 110.772268812991
7.099999999999991 110.772268812991
7.19999999999999 110.772268812991
7.29999999999999 110.772268812991
7.39999999999999 110.772268812991
7.499999999999989 110.772268812991
7.599999999999989 110.772268812991
7.699999999999989 110.772268812991
7.799999999999988 110.772268812991
7.899999999999988 110.772268812991
7.999999999999988 110.772268812991
8.099999999999987 110.772268812991
8.199999999999987 110.772268812991
8.299999999999986 110.772268812991
8.399999999999986 110.772268812991
8.499999999999986 110.772268812991
8.599999999999985 110.772268812991
8.699999999999985 110.772268812991
8.799999999999985 110.772268812991
8.899999999999984 110.772268812991
8.999999999999984 110.772268812991
9.099999999999984 110.772268812991
9.199999999999983 110.772268812991
9.299999999999983 110.772268812991
9.399999999999983 110.772268812991
9.499999999999982 110.772268812991
9.599999999999982 110.772268812991
9.699999999999982 110.772268812991
9.799999999999981 110.772268812991
9.899999999999981 110.772268812991
9.99999999999998 110.772268812991
10.09999999999998 110.772268812991
10.19999999999998 110.772268812991
10.29999999999998 110.772268812991
10.39999999999998 110.772268812991
10.49999999999998 110.772268812991
10.59999999999998 110.772268812991
10.69999999999998 110.772268812991
10.79999999999998 110.772268812991
10.89999999999998 110.772268812991
10.99999999999998 110.772268812991
11.09999999999998 110.772268812991
11.19999999999998 110.772268812991
11.29999999999998 110.772268812991
11.39999999999998 110.772268812991
11.49999999999998 110.772268812991
11.59999999999997 110.772268812991
11.69999999999997 110.772268812991
11.79999999999997 110.772268812991
11.89999999999997 110.772268812991
11.99999999999997 110.772268812991
12.09999999999997 110.772268812991
12.19999999999997 110.772268812991
12.29999999999997 110.772268812991
12.39999999999997 110.772268812991
12.49999999999997 110.772268812991
12.59999999999997 110.772268812991
12.69999999999997 110.772268812991
12.79999999999997 110.772268812991
12.89999999999997 110.772268812991
12.99999999999997 110.772268812991
13.09999999999997 110.772268812991
13.19999999999997 110.772268812991
13.29999999999997 110.772268812991
13.39999999999997 110.772268812991
13.49999999999997 110.772268812991
13.59999999999997 110.772268812991
13.69999999999997 110.772268812991
13.79999999999997 110.772268812991
13.89999999999997 110.772268812991
13.99999999999997 110.772268812991
14.09999999999997 110.772268812991
14.19999999999997 110.772268812991
14.29999999999997 110.772268812991
14.39999999999996 110.772268812991
14.49999999999996 110.772268812991
14.59999999999996 110.772268812991
14.69999999999996 110.772268812991
14.79999999999996 110.772268812991
14.89999999999996 110.772268812991
14.99999999999996 110.772268812991
15.09999999999996 110.772268812991
15.19999999999996 110.772268812991
15.29999999999996 110.772268812991
15.39999999999996 110.772268812991
15.49999999999996 110.772268812991
15.59999999999996 110.772268812991
15.69999999999996 110.772268812991
15.79999999999996 110.772268812991
15.89999999999996 110.772268812991
15.99999999999996 110.772268812991
16.09999999999996 110.772268812991
16.19999999999996 110.772268812991
16.29999999999996 110.772268812991
16.39999999999996 110.772268812991
16.49999999999996 110.772268812991
16.59999999999997 110.772268812991
16.69999999999997 110.772268812991
16.79999999999997 110.772268812991
16.89999999999997 110.772268812991
16.99999999999997 110.772268812991
17.09999999999997 110.772268812991
17.19999999999997 110.772268812991
17.29999999999998 110.772268812991
17.39999999999998 110.772268812991
17.49999999999998 110.772268812991
17.59999999999998 110.772268812991
17.69999999999998 110.772268812991
17.79999999999998 110.772268812991
17.89999999999998 110.772268812991
17.99999999999999 110.772268812991
18.09999999999999 110.772268812991
18.19999999999999 110.772268812991
18.29999999999999 110.772268812991
18.39999999999999 110.772268812991
18.49999999999999 110.772268812991
18.59999999999999 110.772268812991
18.7 110.772268812991
18.8 110.772268812991
18.9 110.772268812991
19 110.772268812991
19.1 110.772268812991
19.2 110.772268812991
19.3 110.772268812991
19.40000000000001 110.772268812991
19.50000000000001 110.772268812991
19.60000000000001 110.772268812991
19.70000000000001 110.772268812991
19.80000000000001 110.772268812991
19.90000000000001 110.772268812991
20.00000000000001 110.772268812991
20.10000000000002 110.772268812991
20.20000000000002 110.772268812991
20.30000000000002 110.772268812991
20.40000000000002 110.772268812991
20.50000000000002 110.772268812991
20.60000000000002 110.772268812991
20.70000000000002 110.772268812991
20.80000000000003 110.772268812991
20.90000000000003 110.772268812991
21.00000000000003 110.772268812991
21.10000000000003 110.772268812991
21.20000000000003 110.772268812991
21.30000000000003 110.772268812991
21.40000000000003 110.772268812991
21.50000000000004 110.772268812991
21.60000000000004 110.772268812991
21.70000000000004 110.772268812991
21.80000000000004 110.772268812991
21.90000000000004 110.772268812991
22.00000000000004 110.772268812991
22.10000000000004 110.772268812991
22.20000000000005 110.772268812991
22.30000000000005 110.772268812991
22.40000000000005 110.772268812991
22.50000000000005 110.772268812991
22.60000000000005 110.772268812991
22.70000000000005 110.772268812991
22.80000000000005 110.772268812991
22.90000000000006 110.772268812991
23.00000000000006 110.772268812991
23.10000000000006 110.772268812991
23.20000000000006 110.772268812991
23.30000000000006 110.772268812991
23.40000000000006 110.772268812991
23.50000000000006 110.772268812991
23.60000000000007 110.772268812991
23.70000000000007 110.772268812991
23.80000000000007 110.772268812991
23.90000000000007 110.772268812991
24.00000000000007 110.772268812991
24.10000000000007 110.772268812991
24.20000000000007 110.772268812991
24.30000000000008 110.772268812991
24.40000000000008 110.772268812991
24.50000000000008 110.772268812991
24.60000000000008 110.772268812991
24.70000000000008 110.772268812991
24.80000000000008 110.772268812991
24.90000000000008 110.772268812991
25.00000000000009 110.772268812991
25.10000000000009 110.772268812991
25.20000000000009 110.772268812991
25.30000000000009 110.772268812991
25.40000000000009 110.772268812991
25.50000000000009 110.772268812991
25.60000000000009 110.772268812991
25.7000000000001 110.772268812991
25.8000000000001 110.772268812991
25.9000000000001 110.772268812991
26.0000000000001 110.772268812991
26.1000000000001 110.772268812991
26.2000000000001 110.772268812991
26.3000000000001 110.772268812991
26.40000000000011 110.772268812991
26.50000000000011 110.772268812991
26.60000000000011 110.772268812991
26.70000000000011 110.772268812991
26.80000000000011 110.772268812991
26.90000000000011 110.772268812991
27.00000000000011 110.772268812991
27.10000000000012 110.772268812991
27.20000000000012 110.772268812991
27.30000000000012 110.772268812991
27.40000000000012 110.772268812991
27.50000000000012 110.772268812991
27.60000000000012 110.772268812991
27.70000000000012 110.772268812991
27.80000000000013 110.772268812991
27.90000000000013 110.772268812991
28.00000000000013 110.772268812991
28.10000000000013 110.772268812991
28.20000000000013 110.772268812991
28.30000000000013 110.772268812991
28.40000000000013 110.772268812991
28.50000000000014 110.772268812991
28.60000000000014 110.772268812991
28.70000000000014 110.772268812991
28.80000000000014 110.772268812991
28.90000000000014 110.772268812991
29.00000000000014 110.772268812991
29.10000000000014 110.772268812991
29.20000000000014 110.772268812991
29.30000000000015 110.772268812991
29.40000000000015 110.772268812991
29.50000000000015 110.772268812991
29.60000000000015 110.772268812991
29.70000000000015 110.772268812991
29.80000000000015 110.772268812991
29.90000000000015 110.772268812991
30.00000000000016 110.772268812991
30.10000000000016 110.772268812991
30.20000000000016 110.772268812991
30.30000000000016 110.772268812991
30.40000000000016 110.772268812991
30.50000000000016 110.772268812991
30.60000000000016 110.772268812991
30.70000000000017 110.772268812991
30.80000000000017 110.772268812991
30.90000000000017 110.772268812991
31.00000000000017 110.772268812991
31.10000000000017 110.772268812991
31.20000000000017 110.772268812991
31.30000000000017 110.772268812991
31.40000000000018 110.772268812991
31.50000000000018 110.772268812991
31.60000000000018 110.772268812991
31.70000000000018 110.772268812991
31.80000000000018 110.772268812991
31.90000000000018 110.772268812991
32.00000000000018 110.772268812991
32.10000000000019 110.772268812991
32.20000000000019 110.772268812991
32.30000000000019 110.772268812991
32.40000000000019 110.772268812991
32.50000000000019 110.772268812991
32.60000000000019 110.772268812991
32.70000000000019 110.772268812991
32.8000000000002 110.772268812991
32.9000000000002 110.772268812991
33.0000000000002 110.772268812991
33.1000000000002 110.772268812991
33.2000000000002 110.772268812991
33.3000000000002 110.772268812991
33.4000000000002 110.772268812991
33.50000000000021 110.772268812991
33.60000000000021 110.772268812991
33.70000000000021 110.772268812991
33.80000000000021 110.772268812991
33.90000000000021 110.772268812991
34.00000000000021 110.772268812991
34.10000000000021 110.772268812991
34.20000000000022 110.772268812991
34.30000000000022 110.772268812991
34.40000000000022 110.772268812991
34.50000000000022 110.772268812991
34.60000000000022 110.772268812991
34.70000000000022 110.772268812991
34.80000000000022 110.772268812991
34.90000000000023 110.772268812991
35.00000000000023 110.772268812991
35.10000000000023 110.772268812991
35.20000000000023 110.772268812991
35.30000000000023 110.772268812991
35.40000000000023 110.772268812991
35.50000000000023 110.772268812991
35.60000000000024 110.772268812991
35.70000000000024 110.772268812991
35.80000000000024 110.772268812991
35.90000000000024 110.772268812991
36.00000000000024 110.772268812991
36.10000000000024 110.772268812991
36.20000000000024 110.772268812991
36.30000000000025 110.772268812991
36.40000000000025 110.772268812991
36.50000000000025 110.772268812991
36.60000000000025 110.772268812991
36.70000000000025 110.772268812991
36.80000000000025 110.772268812991
36.90000000000025 110.772268812991
37.00000000000026 110.772268812991
37.10000000000026 110.772268812991
37.20000000000026 110.772268812991
37.30000000000026 110.772268812991
37.40000000000026 110.772268812991
37.50000000000026 110.772268812991
37.60000000000026 110.772268812991
37.70000000000027 110.772268812991
37.80000000000027 110.772268812991
37.90000000000027 110.772268812991
38.00000000000027 110.772268812991
38.10000000000027 110.772268812991
38.20000000000027 110.772268812991
38.30000000000027 110.772268812991
38.40000000000028 110.772268812991
38.50000000000028 110.772268812991
38.60000000000028 110.772268812991
38.70000000000028 110.772268812991
38.80000000000028 110.772268812991
38.90000000000028 110.772268812991
39.00000000000028 110.772268812991
39.10000000000029 110.772268812991
39.20000000000029 110.772268812991
39.30000000000029 110.772268812991
39.40000000000029 110.772268812991
39.50000000000029 110.772268812991
39.60000000000029 110.772268812991
39.70000000000029 110.772268812991
39.8000000000003 110.772268812991
39.9000000000003 110.772268812991
40.0000000000003 110.772268812991
40.1000000000003 110.772268812991
40.2000000000003 110.772268812991
40.3000000000003 110.772268812991
40.4000000000003 110.772268812991
40.50000000000031 110.772268812991
40.60000000000031 110.772268812991
40.70000000000031 110.772268812991
40.80000000000031 110.772268812991
40.90000000000031 110.772268812991
41.00000000000031 110.772268812991
41.10000000000031 110.772268812991
41.20000000000032 110.772268812991
41.30000000000032 110.772268812991
41.40000000000032 110.772268812991
41.50000000000032 110.772268812991
41.60000000000032 110.772268812991
41.70000000000032 110.772268812991
41.80000000000032 110.772268812991
41.90000000000033 110.772268812991
42.00000000000033 110.772268812991
42.10000000000033 110.772268812991
42.20000000000033 110.772268812991
42.30000000000033 110.772268812991
42.40000000000033 110.772268812991
42.50000000000033 110.772268812991
42.60000000000034 110.772268812991
42.70000000000034 110.772268812991
42.80000000000034 110.772268812991
42.90000000000034 110.772268812991
43.00000000000034 110.772268812991
43.10000000000034 110.772268812991
43.20000000000034 110.772268812991
43.30000000000035 110.772268812991
43.40000000000035 110.772268812991
43.50000000000035 110.772268812991
43.60000000000035 110.772268812991
43.70000000000035 110.772268812991
43.80000000000035 110.772268812991
43.90000000000035 110.772268812991
44.00000000000036 110.772268812991
44.10000000000036 110.772268812991
44.20000000000036 110.772268812991
44.30000000000036 110.772268812991
44.40000000000036 110.772268812991
44.50000000000036 110.772268812991
44.60000000000036 110.772268812991
44.70000000000037 110.772268812991
44.80000000000037 110.772268812991
44.90000000000037 110.772268812991
45.00000000000037 110.772268812991
45.10000000000037 110.772268812991
45.20000000000037 110.772268812991
45.30000000000037 110.772268812991
45.40000000000038 110.772268812991
45.50000000000038 110.772268812991
45.60000000000038 110.772268812991
45.70000000000038 110.772268812991
45.80000000000038 110.772268812991
45.90000000000038 110.772268812991
46.00000000000038 110.772268812991
46.10000000000039 110.772268812991
46.20000000000039 110.772268812991
46.30000000000039 110.772268812991
46.40000000000039 110.772268812991
46.50000000000039 110.772268812991
46.60000000000039 110.772268812991
46.70000000000039 110.772268812991
46.8000000000004 110.772268812991
46.9000000000004 110.772268812991
47.0000000000004 110.772268812991
47.1000000000004 110.772268812991
47.2000000000004 110.772268812991
47.3000000000004 110.772268812991
47.4000000000004 110.772268812991
47.50000000000041 110.772268812991
47.60000000000041 110.772268812991
47.70000000000041 110.772268812991
47.80000000000041 110.772268812991
47.90000000000041 110.772268812991
48.00000000000041 110.772268812991
48.10000000000041 110.772268812991
48.20000000000041 110.772268812991
48.30000000000042 110.772268812991
48.40000000000042 110.772268812991
48.50000000000042 110.772268812991
48.60000000000042 110.772268812991
48.70000000000042 110.772268812991
48.80000000000042 110.772268812991
48.90000000000042 110.772268812991
49.00000000000043 110.772268812991
49.10000000000043 110.772268812991
49.20000000000043 110.772268812991
49.30000000000043 110.772268812991
49.40000000000043 110.772268812991
49.50000000000043 110.772268812991
49.60000000000043 110.772268812991
49.70000000000044 110.772268812991
49.80000000000044 110.772268812991
49.90000000000044 110.772268812991