Time X1
0 250
0.1 775.5200314737389
0.2 775.5200314737389
0.3 775.5200314737389
0.4 775.5200314737389
0.5 775.5200314737389
0.6 775.5200314737389
0.7 775.5200314737389
0.7999999999999999 775.5200314737389
0.8999999999999999 775.5200314737389
0.9999999999999999 775.5200314737389
1.1 775.5200314737389
1.2 775.5200314737389
1.3 775.5200314737389
1.4 775.5200314737389
1.5 775.5200314737389
1.6 775.5200314737389
1.7 775.5200314737389
1.8 775.5200314737389
1.900000000000001 775.5200314737389
2 775.5200314737389
2.100000000000001 775.5200314737389
2.200000000000001 775.5200314737389
2.300000000000001 775.5200314737389
2.400000000000001 775.5200314737389
2.500000000000001 775.5200314737389
2.600000000000001 775.5200314737389
2.700000000000001 775.5200314737389
2.800000000000001 775.5200314737389
2.900000000000001 775.5200314737389
3.000000000000001 775.5200314737389
3.100000000000001 775.5200314737389
3.200000000000002 775.5200314737389
3.300000000000002 775.5200314737389
3.400000000000002 775.5200314737389
3.500000000000002 775.5200314737389
3.600000000000002 775.5200314737389
3.700000000000002 775.5200314737389
3.800000000000002 775.5200314737389
3.900000000000002 775.5200314737389
4.000000000000002 775.5200314737389
4.100000000000001 775.5200314737389
4.200000000000001 775.5200314737389
4.300000000000001 775.5200314737389
4.4 775.5200314737389
4.5 775.5200314737389
4.6 775.5200314737389
4.699999999999999 775.5200314737389
4.799999999999999 775.5200314737389
4.899999999999999 775.5200314737389
4.999999999999998 775.5200314737389
5.099999999999998 775.5200314737389
5.199999999999998 775.5200314737389
5.299999999999997 775.5200314737389
5.399999999999997 775.5200314737389
5.499999999999996 775.5200314737389
5.599999999999996 775.5200314737389
5.699999999999996 775.5200314737389
5.799999999999995 775.5200314737389
5.899999999999995 775.5200314737389
5.999999999999995 775.5200314737389
6.099999999999994 775.5200314737389
6.199999999999994 775.5200314737389
6.299999999999994 775.5200314737389
6.399999999999993 775.5200314737389
6.499999999999993 775.5200314737389
6.599999999999993 775.5200314737389
6.699999999999992 775.5200314737389
6.799999999999992 775.5200314737389
6.899999999999991 775.5200314737389
6.999999999999991 775.5200314737389
7.099999999999991 775.5200314737389
7.19999999999999 775.5200314737389
7.29999999999999 775.5200314737389
7.39999999999999 775.5200314737389
7.499999999999989 775.5200314737389
7.599999999999989 775.5200314737389
7.699999999999989 775.5200314737389
7.799999999999988 775.5200314737389
7.899999999999988 775.5200314737389
7.999999999999988 775.5200314737389
8.099999999999987 775.5200314737389
8.199999999999987 775.5200314737389
8.299999999999986 775.5200314737389
8.399999999999986 775.5200314737389
8.499999999999986 775.5200314737389
8.599999999999985 775.5200314737389
8.699999999999985 775.5200314737389
8.799999999999985 775.5200314737389
8.899999999999984 775.5200314737389
8.999999999999984 775.5200314737389
9.099999999999984 775.5200314737389
9.199999999999983 775.5200314737389
9.299999999999983 775.5200314737389
9.399999999999983 775.5200314737389
9.499999999999982 775.5200314737389
9.599999999999982 775.5200314737389
9.699999999999982 775.5200314737389
9.799999999999981 775.5200314737389
9.899999999999981 775.5200314737389
9.99999999999998 775.5200314737389
10.09999999999998 775.5200314737389
10.19999999999998 775.5200314737389
10.29999999999998 775.5200314737389
10.39999999999998 775.5200314737389
10.49999999999998 775.5200314737389
10.59999999999998 775.5200314737389
10.69999999999998 775.5200314737389
10.79999999999998 775.5200314737389
10.89999999999998 775.5200314737389
10.99999999999998 775.5200314737389
11.09999999999998 775.5200314737389
11.19999999999998 775.5200314737389
11.29999999999998 775.5200314737389
11.39999999999998 775.5200314737389
11.49999999999998 775.5200314737389
11.59999999999997 775.5200314737389
11.69999999999997 775.5200314737389
11.79999999999997 775.5200314737389
11.89999999999997 775.5200314737389
11.99999999999997 775.5200314737389
12.09999999999997 775.5200314737389
12.19999999999997 775.5200314737389
12.29999999999997 775.5200314737389
12.39999999999997 775.5200314737389
12.49999999999997 775.5200314737389
12.59999999999997 775.5200314737389
12.69999999999997 775.5200314737389
12.79999999999997 775.5200314737389
12.89999999999997 775.5200314737389
12.99999999999997 775.5200314737389
13.09999999999997 775.5200314737389
13.19999999999997 775.5200314737389
13.29999999999997 775.5200314737389
13.39999999999997 775.5200314737389
13.49999999999997 775.5200314737389
13.59999999999997 775.5200314737389
13.69999999999997 775.5200314737389
13.79999999999997 775.5200314737389
13.89999999999997 775.5200314737389
13.99999999999997 775.5200314737389
14.09999999999997 775.5200314737389
14.19999999999997 775.5200314737389
14.29999999999997 775.5200314737389
14.39999999999996 775.5200314737389
14.49999999999996 775.5200314737389
14.59999999999996 775.5200314737389
14.69999999999996 775.5200314737389
14.79999999999996 775.5200314737389
14.89999999999996 775.5200314737389
14.99999999999996 775.5200314737389
15.09999999999996 775.5200314737389
15.19999999999996 775.5200314737389
15.29999999999996 775.5200314737389
15.39999999999996 775.5200314737389
15.49999999999996 775.5200314737389
15.59999999999996 775.5200314737389
15.69999999999996 775.5200314737389
15.79999999999996 775.5200314737389
15.89999999999996 775.5200314737389
15.99999999999996 775.5200314737389
16.09999999999996 775.5200314737389
16.19999999999996 775.5200314737389
16.29999999999996 775.5200314737389
16.39999999999996 775.5200314737389
16.49999999999996 775.5200314737389
16.59999999999997 775.5200314737389
16.69999999999997 775.5200314737389
16.79999999999997 775.5200314737389
16.89999999999997 775.5200314737389
16.99999999999997 775.5200314737389
17.09999999999997 775.5200314737389
17.19999999999997 775.5200314737389
17.29999999999998 775.5200314737389
17.39999999999998 775.5200314737389
17.49999999999998 775.5200314737389
17.59999999999998 775.5200314737389
17.69999999999998 775.5200314737389
17.79999999999998 775.5200314737389
17.89999999999998 775.5200314737389
17.99999999999999 775.5200314737389
18.09999999999999 775.5200314737389
18.19999999999999 775.5200314737389
18.29999999999999 775.5200314737389
18.39999999999999 775.5200314737389
18.49999999999999 775.5200314737389
18.59999999999999 775.5200314737389
18.7 775.5200314737389
18.8 775.5200314737389
18.9 775.5200314737389
19 775.5200314737389
19.1 775.5200314737389
19.2 775.5200314737389
19.3 775.5200314737389
19.40000000000001 775.5200314737389
19.50000000000001 775.5200314737389
19.60000000000001 775.5200314737389
19.70000000000001 775.5200314737389
19.80000000000001 775.5200314737389
19.90000000000001 775.5200314737389
20.00000000000001 775.5200314737389
20.10000000000002 775.5200314737389
20.20000000000002 775.5200314737389
20.30000000000002 775.5200314737389
20.40000000000002 775.5200314737389
20.50000000000002 775.5200314737389
20.60000000000002 775.5200314737389
20.70000000000002 775.5200314737389
20.80000000000003 775.5200314737389
20.90000000000003 775.5200314737389
21.00000000000003 775.5200314737389
21.10000000000003 775.5200314737389
21.20000000000003 775.5200314737389
21.30000000000003 775.5200314737389
21.40000000000003 775.5200314737389
21.50000000000004 775.5200314737389
21.60000000000004 775.5200314737389
21.70000000000004 775.5200314737389
21.80000000000004 775.5200314737389
21.90000000000004 775.5200314737389
22.00000000000004 775.5200314737389
22.10000000000004 775.5200314737389
22.20000000000005 775.5200314737389
22.30000000000005 775.5200314737389
22.40000000000005 775.5200314737389
22.50000000000005 775.5200314737389
22.60000000000005 775.5200314737389
22.70000000000005 775.5200314737389
22.80000000000005 775.5200314737389
22.90000000000006 775.5200314737389
23.00000000000006 775.5200314737389
23.10000000000006 775.5200314737389
23.20000000000006 775.5200314737389
23.30000000000006 775.5200314737389
23.40000000000006 775.5200314737389
23.50000000000006 775.5200314737389
23.60000000000007 775.5200314737389
23.70000000000007 775.5200314737389
23.80000000000007 775.5200314737389
23.90000000000007 775.5200314737389
24.00000000000007 775.5200314737389
24.10000000000007 775.5200314737389
24.20000000000007 775.5200314737389
24.30000000000008 775.5200314737389
24.40000000000008 775.5200314737389
24.50000000000008 775.5200314737389
24.60000000000008 775.5200314737389
24.70000000000008 775.5200314737389
24.80000000000008 775.5200314737389
24.90000000000008 775.5200314737389
25.00000000000009 775.5200314737389
25.10000000000009 775.5200314737389
25.20000000000009 775.5200314737389
25.30000000000009 775.5200314737389
25.40000000000009 775.5200314737389
25.50000000000009 775.5200314737389
25.60000000000009 775.5200314737388
25.7000000000001 775.5200314737388
25.8000000000001 775.5200314737388
25.9000000000001 775.5200314737388
26.0000000000001 775.5200314737388
26.1000000000001 775.5200314737388
26.2000000000001 775.5200314737388
26.3000000000001 775.5200314737388
26.40000000000011 775.5200314737388
26.50000000000011 775.5200314737388
26.60000000000011 775.5200314737388
26.70000000000011 775.5200314737388
26.80000000000011 775.5200314737388
26.90000000000011 775.5200314737388
27.00000000000011 775.5200314737388
27.10000000000012 775.5200314737388
27.20000000000012 775.5200314737388
27.30000000000012 775.5200314737388
27.40000000000012 775.5200314737388
27.50000000000012 775.5200314737388
27.60000000000012 775.5200314737388
27.70000000000012 775.5200314737388
27.80000000000013 775.5200314737388
27.90000000000013 775.5200314737388
28.00000000000013 775.5200314737388
28.10000000000013 775.5200314737388
28.20000000000013 775.5200314737388
28.30000000000013 775.5200314737388
28.40000000000013 775.5200314737388
28.50000000000014 775.5200314737388
28.60000000000014 775.5200314737388
28.70000000000014 775.5200314737388
28.80000000000014 775.5200314737388
28.90000000000014 775.5200314737388
29.00000000000014 775.5200314737388
29.10000000000014 775.5200314737388
29.20000000000014 775.5200314737388
29.30000000000015 775.5200314737388
29.40000000000015 775.5200314737388
29.50000000000015 775.5200314737388
29.60000000000015 775.5200314737388
29.70000000000015 775.5200314737388
29.80000000000015 775.5200314737388
29.90000000000015 775.5200314737388
30.00000000000016 775.5200314737388
30.10000000000016 775.5200314737388
30.20000000000016 775.5200314737388
30.30000000000016 775.5200314737388
30.40000000000016 775.5200314737388
30.50000000000016 775.5200314737388
30.60000000000016 775.5200314737388
30.70000000000017 775.5200314737388
30.80000000000017 775.5200314737388
30.90000000000017 775.5200314737388
31.00000000000017 775.5200314737388
31.10000000000017 775.5200314737388
31.20000000000017 775.5200314737388
31.30000000000017 775.5200314737388
31.40000000000018 775.5200314737388
31.50000000000018 775.5200314737388
31.60000000000018 775.5200314737388
31.70000000000018 775.5200314737388
31.80000000000018 775.5200314737388
31.90000000000018 775.5200314737388
32.00000000000018 775.5200314737388
32.10000000000019 775.5200314737388
32.20000000000019 775.5200314737388
32.30000000000019 775.5200314737388
32.40000000000019 775.5200314737388
32.50000000000019 775.5200314737388
32.60000000000019 775.5200314737388
32.70000000000019 775.5200314737388
32.8000000000002 775.5200314737388
32.9000000000002 775.5200314737388
33.0000000000002 775.5200314737388
33.1000000000002 775.5200314737388
33.2000000000002 775.5200314737388
33.3000000000002 775.5200314737388
33.4000000000002 775.5200314737388
33.50000000000021 775.5200314737388
33.60000000000021 775.5200314737388
33.70000000000021 775.5200314737388
33.80000000000021 775.5200314737388
33.90000000000021 775.5200314737388
34.00000000000021 775.5200314737388
34.10000000000021 775.5200314737388
34.20000000000022 775.5200314737388
34.30000000000022 775.5200314737388
34.40000000000022 775.5200314737388
34.50000000000022 775.5200314737388
34.60000000000022 775.5200314737388
34.70000000000022 775.5200314737388
34.80000000000022 775.5200314737388
34.90000000000023 775.5200314737388
35.00000000000023 775.5200314737388
35.10000000000023 775.5200314737388
35.20000000000023 775.5200314737388
35.30000000000023 775.5200314737388
35.40000000000023 775.5200314737388
35.50000000000023 775.5200314737388
35.60000000000024 775.5200314737388
35.70000000000024 775.5200314737388
35.80000000000024 775.5200314737388
35.90000000000024 775.5200314737388
36.00000000000024 775.5200314737388
36.10000000000024 775.5200314737388
36.20000000000024 775.5200314737389
36.30000000000025 775.5200314737389
36.40000000000025 775.5200314737389
36.50000000000025 775.5200314737389
36.60000000000025 775.5200314737389
36.70000000000025 775.5200314737389
36.80000000000025 775.5200314737389
36.90000000000025 775.5200314737389
37.00000000000026 775.5200314737389
37.10000000000026 775.5200314737389
37.20000000000026 775.5200314737389
37.30000000000026 775.5200314737389
37.40000000000026 775.5200314737389
37.50000000000026 775.5200314737389
37.60000000000026 775.5200314737389
37.70000000000027 775.5200314737389
37.80000000000027 775.5200314737389
37.90000000000027 775.5200314737389
38.00000000000027 775.5200314737389
38.10000000000027 775.5200314737389
38.20000000000027 775.5200314737389
38.30000000000027 775.5200314737389
38.40000000000028 775.5200314737389
38.50000000000028 775.5200314737389
38.60000000000028 775.5200314737389
38.70000000000028 775.5200314737389
38.80000000000028 775.5200314737389
38.90000000000028 775.5200314737389
39.00000000000028 775.5200314737389
39.10000000000029 775.5200314737389
39.20000000000029 775.5200314737389
39.30000000000029 775.5200314737389
39.40000000000029 775.5200314737389
39.50000000000029 775.5200314737389
39.60000000000029 775.5200314737389
39.70000000000029 775.5200314737389
39.8000000000003 775.5200314737389
39.9000000000003 775.5200314737389
40.0000000000003 775.5200314737389
40.1000000000003 775.5200314737389
40.2000000000003 775.5200314737389
40.3000000000003 775.5200314737389
40.4000000000003 775.5200314737389
40.50000000000031 775.5200314737389
40.60000000000031 775.5200314737389
40.70000000000031 775.5200314737389
40.80000000000031 775.5200314737389
40.90000000000031 775.5200314737389
41.00000000000031 775.5200314737389
41.10000000000031 775.5200314737389
41.20000000000032 775.5200314737389
41.30000000000032 775.5200314737389
41.40000000000032 775.5200314737389
41.50000000000032 775.5200314737389
41.60000000000032 775.5200314737389
41.70000000000032 775.5200314737389
41.80000000000032 775.5200314737389
41.90000000000033 775.5200314737389
42.00000000000033 775.5200314737389
42.10000000000033 775.5200314737389
42.20000000000033 775.5200314737389
42.30000000000033 775.5200314737389
42.40000000000033 775.5200314737389
42.50000000000033 775.5200314737389
42.60000000000034 775.5200314737389
42.70000000000034 775.5200314737389
42.80000000000034 775.5200314737389
42.90000000000034 775.5200314737389
43.00000000000034 775.5200314737389
43.10000000000034 775.5200314737389
43.20000000000034 775.5200314737389
43.30000000000035 775.5200314737389
43.40000000000035 775.5200314737389
43.50000000000035 775.5200314737389
43.60000000000035 775.5200314737389
43.70000000000035 775.5200314737389
43.80000000000035 775.5200314737389
43.90000000000035 775.5200314737389
44.00000000000036 775.5200314737389
44.10000000000036 775.5200314737389
44.20000000000036 775.5200314737389
44.30000000000036 775.5200314737389
44.40000000000036 775.5200314737389
44.50000000000036 775.5200314737389
44.60000000000036 775.5200314737389
44.70000000000037 775.5200314737389
44.80000000000037 775.5200314737389
44.90000000000037 775.5200314737389
45.00000000000037 775.5200314737389
45.10000000000037 775.5200314737389
45.20000000000037 775.5200314737389
45.30000000000037 775.5200314737389
45.40000000000038 775.5200314737389
45.50000000000038 775.5200314737389
45.60000000000038 775.5200314737389
45.70000000000038 775.5200314737389
45.80000000000038 775.5200314737389
45.90000000000038 775.5200314737389
46.00000000000038 775.5200314737389
46.10000000000039 775.5200314737389
46.20000000000039 775.5200314737389
46.30000000000039 775.5200314737389
46.40000000000039 775.5200314737389
46.50000000000039 775.5200314737389
46.60000000000039 775.5200314737389
46.70000000000039 775.5200314737389
46.8000000000004 775.5200314737389
46.9000000000004 775.5200314737389
47.0000000000004 775.5200314737389
47.1000000000004 775.5200314737389
47.2000000000004 775.5200314737389
47.3000000000004 775.5200314737389
47.4000000000004 775.5200314737389
47.50000000000041 775.5200314737389
47.60000000000041 775.5200314737389
47.70000000000041 775.5200314737389
47.80000000000041 775.5200314737389
47.90000000000041 775.5200314737389
48.00000000000041 775.5200314737389
48.10000000000041 775.5200314737389
48.20000000000041 775.5200314737389
48.30000000000042 775.5200314737389
48.40000000000042 775.5200314737389
48.50000000000042 775.5200314737389
48.60000000000042 775.5200314737389
48.70000000000042 775.5200314737389
48.80000000000042 775.5200314737389
48.90000000000042 775.5200314737389
49.00000000000043 775.5200314737389
49.10000000000043 775.5200314737389
49.20000000000043 775.5200314737389
49.30000000000043 775.5200314737389
49.40000000000043 775.5200314737389
49.50000000000043 775.5200314737389
49.60000000000043 775.5200314737389
49.70000000000044 775.5200314737389
49.80000000000044 775.5200314737389
49.90000000000044 775.5200314737389