Time X1
0 250
0.1 139.5804300574495
0.2 139.5804313251122
0.3 139.580431450737
0.4 139.5804314568144
0.5 139.5804314568322
0.6 139.58043145685
0.7 139.5804314568678
0.7999999999999999 139.5804314568857
0.8999999999999999 139.5804314569035
0.9999999999999999 139.5804314569213
1.1 139.5804314569391
1.2 139.5804314569569
1.3 139.5804314569748
1.4 139.5804314569926
1.5 139.5804314570104
1.6 139.5804314570282
1.7 139.580431457046
1.8 139.5804314570639
1.900000000000001 139.5804314570679
2 139.580431457068
2.100000000000001 139.580431457068
2.200000000000001 139.5804314570681
2.300000000000001 139.5804314570682
2.400000000000001 139.5804314570682
2.500000000000001 139.5804314570683
2.600000000000001 139.5804314570683
2.700000000000001 139.5804314570684
2.800000000000001 139.5804314570684
2.900000000000001 139.5804314570685
3.000000000000001 139.5804314570686
3.100000000000001 139.5804314570686
3.200000000000002 139.5804314570687
3.300000000000002 139.5804314570687
3.400000000000002 139.5804314570687
3.500000000000002 139.5804314570687
3.600000000000002 139.5804314570687
3.700000000000002 139.5804314570687
3.800000000000002 139.5804314570687
3.900000000000002 139.5804314570687
4.000000000000002 139.5804314570687
4.100000000000001 139.5804314570687
4.200000000000001 139.5804314570687
4.300000000000001 139.5804314570687
4.4 139.5804314570687
4.5 139.5804314570687
4.6 139.5804314570687
4.699999999999999 139.5804314570687
4.799999999999999 139.5804314570687
4.899999999999999 139.5804314570687
4.999999999999998 139.5804314570687
5.099999999999998 139.5804314570687
5.199999999999998 139.5804314570687
5.299999999999997 139.5804314570687
5.399999999999997 139.5804314570687
5.499999999999996 139.5804314570687
5.599999999999996 139.5804314570687
5.699999999999996 139.5804314570687
5.799999999999995 139.5804314570687
5.899999999999995 139.5804314570687
5.999999999999995 139.5804314570687
6.099999999999994 139.5804314570687
6.199999999999994 139.5804314570687
6.299999999999994 139.5804314570687
6.399999999999993 139.5804314570687
6.499999999999993 139.5804314570687
6.599999999999993 139.5804314570687
6.699999999999992 139.5804314570687
6.799999999999992 139.5804314570687
6.899999999999991 139.5804314570687
6.999999999999991 139.5804314570687
7.099999999999991 139.5804314570687
7.19999999999999 139.5804314570687
7.29999999999999 139.5804314570687
7.39999999999999 139.5804314570687
7.499999999999989 139.5804314570687
7.599999999999989 139.5804314570687
7.699999999999989 139.5804314570687
7.799999999999988 139.5804314570687
7.899999999999988 139.5804314570687
7.999999999999988 139.5804314570687
8.099999999999987 139.5804314570687
8.199999999999987 139.5804314570687
8.299999999999986 139.5804314570687
8.399999999999986 139.5804314570687
8.499999999999986 139.5804314570687
8.599999999999985 139.5804314570687
8.699999999999985 139.5804314570687
8.799999999999985 139.5804314570687
8.899999999999984 139.5804314570687
8.999999999999984 139.5804314570687
9.099999999999984 139.5804314570687
9.199999999999983 139.5804314570687
9.299999999999983 139.5804314570687
9.399999999999983 139.5804314570687
9.499999999999982 139.5804314570687
9.599999999999982 139.5804314570687
9.699999999999982 139.5804314570687
9.799999999999981 139.5804314570687
9.899999999999981 139.5804314570687
9.99999999999998 139.5804314570687
10.09999999999998 139.5804314570687
10.19999999999998 139.5804314570687
10.29999999999998 139.5804314570687
10.39999999999998 139.5804314570687
10.49999999999998 139.5804314570687
10.59999999999998 139.5804314570687
10.69999999999998 139.5804314570687
10.79999999999998 139.5804314570687
10.89999999999998 139.5804314570687
10.99999999999998 139.5804314570687
11.09999999999998 139.5804314570687
11.19999999999998 139.5804314570687
11.29999999999998 139.5804314570687
11.39999999999998 139.5804314570687
11.49999999999998 139.5804314570687
11.59999999999997 139.5804314570687
11.69999999999997 139.5804314570687
11.79999999999997 139.5804314570687
11.89999999999997 139.5804314570687
11.99999999999997 139.5804314570687
12.09999999999997 139.5804314570687
12.19999999999997 139.5804314570687
12.29999999999997 139.5804314570687
12.39999999999997 139.5804314570687
12.49999999999997 139.5804314570687
12.59999999999997 139.5804314570687
12.69999999999997 139.5804314570687
12.79999999999997 139.5804314570687
12.89999999999997 139.5804314570687
12.99999999999997 139.5804314570687
13.09999999999997 139.5804314570687
13.19999999999997 139.5804314570687
13.29999999999997 139.5804314570687
13.39999999999997 139.5804314570687
13.49999999999997 139.5804314570687
13.59999999999997 139.5804314570687
13.69999999999997 139.5804314570687
13.79999999999997 139.5804314570687
13.89999999999997 139.5804314570687
13.99999999999997 139.5804314570687
14.09999999999997 139.5804314570687
14.19999999999997 139.5804314570687
14.29999999999997 139.5804314570687
14.39999999999996 139.5804314570687
14.49999999999996 139.5804314570687
14.59999999999996 139.5804314570687
14.69999999999996 139.5804314570687
14.79999999999996 139.5804314570687
14.89999999999996 139.5804314570687
14.99999999999996 139.5804314570687
15.09999999999996 139.5804314570687
15.19999999999996 139.5804314570687
15.29999999999996 139.5804314570687
15.39999999999996 139.5804314570687
15.49999999999996 139.5804314570687
15.59999999999996 139.5804314570687
15.69999999999996 139.5804314570687
15.79999999999996 139.5804314570687
15.89999999999996 139.5804314570687
15.99999999999996 139.5804314570687
16.09999999999996 139.5804314570687
16.19999999999996 139.5804314570687
16.29999999999996 139.5804314570687
16.39999999999996 139.5804314570687
16.49999999999996 139.5804314570687
16.59999999999997 139.5804314570687
16.69999999999997 139.5804314570687
16.79999999999997 139.5804314570687
16.89999999999997 139.5804314570687
16.99999999999997 139.5804314570687
17.09999999999997 139.5804314570687
17.19999999999997 139.5804314570687
17.29999999999998 139.5804314570687
17.39999999999998 139.5804314570687
17.49999999999998 139.5804314570687
17.59999999999998 139.5804314570687
17.69999999999998 139.5804314570687
17.79999999999998 139.5804314570687
17.89999999999998 139.5804314570687
17.99999999999999 139.5804314570687
18.09999999999999 139.5804314570687
18.19999999999999 139.5804314570687
18.29999999999999 139.5804314570687
18.39999999999999 139.5804314570687
18.49999999999999 139.5804314570687
18.59999999999999 139.5804314570687
18.7 139.5804314570687
18.8 139.5804314570687
18.9 139.5804314570687
19 139.5804314570687
19.1 139.5804314570687
19.2 139.5804314570687
19.3 139.5804314570687
19.40000000000001 139.5804314570687
19.50000000000001 139.5804314570687
19.60000000000001 139.5804314570687
19.70000000000001 139.5804314570687
19.80000000000001 139.5804314570687
19.90000000000001 139.5804314570687
20.00000000000001 139.5804314570687
20.10000000000002 139.5804314570687
20.20000000000002 139.5804314570687
20.30000000000002 139.5804314570687
20.40000000000002 139.5804314570687
20.50000000000002 139.5804314570687
20.60000000000002 139.5804314570687
20.70000000000002 139.5804314570687
20.80000000000003 139.5804314570687
20.90000000000003 139.5804314570687
21.00000000000003 139.5804314570687
21.10000000000003 139.5804314570687
21.20000000000003 139.5804314570687
21.30000000000003 139.5804314570687
21.40000000000003 139.5804314570687
21.50000000000004 139.5804314570687
21.60000000000004 139.5804314570687
21.70000000000004 139.5804314570687
21.80000000000004 139.5804314570687
21.90000000000004 139.5804314570687
22.00000000000004 139.5804314570687
22.10000000000004 139.5804314570687
22.20000000000005 139.5804314570687
22.30000000000005 139.5804314570687
22.40000000000005 139.5804314570687
22.50000000000005 139.5804314570687
22.60000000000005 139.5804314570687
22.70000000000005 139.5804314570687
22.80000000000005 139.5804314570687
22.90000000000006 139.5804314570687
23.00000000000006 139.5804314570687
23.10000000000006 139.5804314570687
23.20000000000006 139.5804314570687
23.30000000000006 139.5804314570687
23.40000000000006 139.5804314570687
23.50000000000006 139.5804314570687
23.60000000000007 139.5804314570687
23.70000000000007 139.5804314570687
23.80000000000007 139.5804314570687
23.90000000000007 139.5804314570687
24.00000000000007 139.5804314570687
24.10000000000007 139.5804314570687
24.20000000000007 139.5804314570687
24.30000000000008 139.5804314570687
24.40000000000008 139.5804314570687
24.50000000000008 139.5804314570687
24.60000000000008 139.5804314570687
24.70000000000008 139.5804314570687
24.80000000000008 139.5804314570687
24.90000000000008 139.5804314570687
25.00000000000009 139.5804314570687
25.10000000000009 139.5804314570687
25.20000000000009 139.5804314570687
25.30000000000009 139.5804314570687
25.40000000000009 139.5804314570687
25.50000000000009 139.5804314570687
25.60000000000009 139.5804314570687
25.7000000000001 139.5804314570687
25.8000000000001 139.5804314570687
25.9000000000001 139.5804314570687
26.0000000000001 139.5804314570687
26.1000000000001 139.5804314570687
26.2000000000001 139.5804314570687
26.3000000000001 139.5804314570687
26.40000000000011 139.5804314570687
26.50000000000011 139.5804314570687
26.60000000000011 139.5804314570687
26.70000000000011 139.5804314570687
26.80000000000011 139.5804314570687
26.90000000000011 139.5804314570687
27.00000000000011 139.5804314570687
27.10000000000012 139.5804314570687
27.20000000000012 139.5804314570687
27.30000000000012 139.5804314570687
27.40000000000012 139.5804314570687
27.50000000000012 139.5804314570687
27.60000000000012 139.5804314570687
27.70000000000012 139.5804314570687
27.80000000000013 139.5804314570687
27.90000000000013 139.5804314570687
28.00000000000013 139.5804314570687
28.10000000000013 139.5804314570687
28.20000000000013 139.5804314570687
28.30000000000013 139.5804314570687
28.40000000000013 139.5804314570687
28.50000000000014 139.5804314570687
28.60000000000014 139.5804314570687
28.70000000000014 139.5804314570687
28.80000000000014 139.5804314570687
28.90000000000014 139.5804314570687
29.00000000000014 139.5804314570687
29.10000000000014 139.5804314570687
29.20000000000014 139.5804314570687
29.30000000000015 139.5804314570687
29.40000000000015 139.5804314570687
29.50000000000015 139.5804314570687
29.60000000000015 139.5804314570687
29.70000000000015 139.5804314570687
29.80000000000015 139.5804314570687
29.90000000000015 139.5804314570687
30.00000000000016 139.5804314570687
30.10000000000016 139.5804314570687
30.20000000000016 139.5804314570687
30.30000000000016 139.5804314570687
30.40000000000016 139.5804314570687
30.50000000000016 139.5804314570687
30.60000000000016 139.5804314570687
30.70000000000017 139.5804314570687
30.80000000000017 139.5804314570687
30.90000000000017 139.5804314570687
31.00000000000017 139.5804314570687
31.10000000000017 139.5804314570687
31.20000000000017 139.5804314570687
31.30000000000017 139.5804314570687
31.40000000000018 139.5804314570687
31.50000000000018 139.5804314570687
31.60000000000018 139.5804314570687
31.70000000000018 139.5804314570687
31.80000000000018 139.5804314570687
31.90000000000018 139.5804314570687
32.00000000000018 139.5804314570687
32.10000000000019 139.5804314570687
32.20000000000019 139.5804314570687
32.30000000000019 139.5804314570687
32.40000000000019 139.5804314570687
32.50000000000019 139.5804314570687
32.60000000000019 139.5804314570687
32.70000000000019 139.5804314570687
32.8000000000002 139.5804314570687
32.9000000000002 139.5804314570687
33.0000000000002 139.5804314570687
33.1000000000002 139.5804314570687
33.2000000000002 139.5804314570687
33.3000000000002 139.5804314570687
33.4000000000002 139.5804314570687
33.50000000000021 139.5804314570687
33.60000000000021 139.5804314570687
33.70000000000021 139.5804314570687
33.80000000000021 139.5804314570687
33.90000000000021 139.5804314570687
34.00000000000021 139.5804314570687
34.10000000000021 139.5804314570687
34.20000000000022 139.5804314570687
34.30000000000022 139.5804314570687
34.40000000000022 139.5804314570687
34.50000000000022 139.5804314570687
34.60000000000022 139.5804314570687
34.70000000000022 139.5804314570687
34.80000000000022 139.5804314570687
34.90000000000023 139.5804314570687
35.00000000000023 139.5804314570687
35.10000000000023 139.5804314570687
35.20000000000023 139.5804314570687
35.30000000000023 139.5804314570687
35.40000000000023 139.5804314570687
35.50000000000023 139.5804314570687
35.60000000000024 139.5804314570687
35.70000000000024 139.5804314570687
35.80000000000024 139.5804314570687
35.90000000000024 139.5804314570687
36.00000000000024 139.5804314570687
36.10000000000024 139.5804314570687
36.20000000000024 139.5804314570687
36.30000000000025 139.5804314570687
36.40000000000025 139.5804314570687
36.50000000000025 139.5804314570687
36.60000000000025 139.5804314570687
36.70000000000025 139.5804314570687
36.80000000000025 139.5804314570687
36.90000000000025 139.5804314570687
37.00000000000026 139.5804314570687
37.10000000000026 139.5804314570687
37.20000000000026 139.5804314570687
37.30000000000026 139.5804314570687
37.40000000000026 139.5804314570687
37.50000000000026 139.5804314570687
37.60000000000026 139.5804314570687
37.70000000000027 139.5804314570687
37.80000000000027 139.5804314570687
37.90000000000027 139.5804314570687
38.00000000000027 139.5804314570687
38.10000000000027 139.5804314570687
38.20000000000027 139.5804314570687
38.30000000000027 139.5804314570687
38.40000000000028 139.5804314570687
38.50000000000028 139.5804314570687
38.60000000000028 139.5804314570687
38.70000000000028 139.5804314570687
38.80000000000028 139.5804314570687
38.90000000000028 139.5804314570687
39.00000000000028 139.5804314570687
39.10000000000029 139.5804314570687
39.20000000000029 139.5804314570687
39.30000000000029 139.5804314570687
39.40000000000029 139.5804314570687
39.50000000000029 139.5804314570687
39.60000000000029 139.5804314570687
39.70000000000029 139.5804314570687
39.8000000000003 139.5804314570687
39.9000000000003 139.5804314570687
40.0000000000003 139.5804314570687
40.1000000000003 139.5804314570687
40.2000000000003 139.5804314570687
40.3000000000003 139.5804314570687
40.4000000000003 139.5804314570687
40.50000000000031 139.5804314570687
40.60000000000031 139.5804314570687
40.70000000000031 139.5804314570687
40.80000000000031 139.5804314570687
40.90000000000031 139.5804314570687
41.00000000000031 139.5804314570687
41.10000000000031 139.5804314570687
41.20000000000032 139.5804314570687
41.30000000000032 139.5804314570687
41.40000000000032 139.5804314570687
41.50000000000032 139.5804314570687
41.60000000000032 139.5804314570687
41.70000000000032 139.5804314570687
41.80000000000032 139.5804314570687
41.90000000000033 139.5804314570687
42.00000000000033 139.5804314570687
42.10000000000033 139.5804314570687
42.20000000000033 139.5804314570687
42.30000000000033 139.5804314570687
42.40000000000033 139.5804314570687
42.50000000000033 139.5804314570687
42.60000000000034 139.5804314570687
42.70000000000034 139.5804314570687
42.80000000000034 139.5804314570687
42.90000000000034 139.5804314570687
43.00000000000034 139.5804314570687
43.10000000000034 139.5804314570687
43.20000000000034 139.5804314570687
43.30000000000035 139.5804314570687
43.40000000000035 139.5804314570687
43.50000000000035 139.5804314570687
43.60000000000035 139.5804314570687
43.70000000000035 139.5804314570687
43.80000000000035 139.5804314570687
43.90000000000035 139.5804314570687
44.00000000000036 139.5804314570687
44.10000000000036 139.5804314570687
44.20000000000036 139.5804314570687
44.30000000000036 139.5804314570687
44.40000000000036 139.5804314570687
44.50000000000036 139.5804314570687
44.60000000000036 139.5804314570687
44.70000000000037 139.5804314570687
44.80000000000037 139.5804314570687
44.90000000000037 139.5804314570687
45.00000000000037 139.5804314570687
45.10000000000037 139.5804314570687
45.20000000000037 139.5804314570687
45.30000000000037 139.5804314570687
45.40000000000038 139.5804314570687
45.50000000000038 139.5804314570687
45.60000000000038 139.5804314570687
45.70000000000038 139.5804314570687
45.80000000000038 139.5804314570687
45.90000000000038 139.5804314570687
46.00000000000038 139.5804314570687
46.10000000000039 139.5804314570687
46.20000000000039 139.5804314570687
46.30000000000039 139.5804314570687
46.40000000000039 139.5804314570687
46.50000000000039 139.5804314570687
46.60000000000039 139.5804314570687
46.70000000000039 139.5804314570687
46.8000000000004 139.5804314570687
46.9000000000004 139.5804314570687
47.0000000000004 139.5804314570687
47.1000000000004 139.5804314570687
47.2000000000004 139.5804314570687
47.3000000000004 139.5804314570687
47.4000000000004 139.5804314570687
47.50000000000041 139.5804314570687
47.60000000000041 139.5804314570687
47.70000000000041 139.5804314570687
47.80000000000041 139.5804314570687
47.90000000000041 139.5804314570687
48.00000000000041 139.5804314570687
48.10000000000041 139.5804314570687
48.20000000000041 139.5804314570687
48.30000000000042 139.5804314570687
48.40000000000042 139.5804314570687
48.50000000000042 139.5804314570687
48.60000000000042 139.5804314570687
48.70000000000042 139.5804314570687
48.80000000000042 139.5804314570687
48.90000000000042 139.5804314570687
49.00000000000043 139.5804314570687
49.10000000000043 139.5804314570687
49.20000000000043 139.5804314570687
49.30000000000043 139.5804314570687
49.40000000000043 139.5804314570687
49.50000000000043 139.5804314570687
49.60000000000043 139.5804314570687
49.70000000000044 139.5804314570687
49.80000000000044 139.5804314570687
49.90000000000044 139.5804314570687