Time X1
0 250
0.1 725.3197365218747
0.2 725.3197365218748
0.3 725.3197365218748
0.4 725.3197365218748
0.5 725.3197365218749
0.6 725.3197365218749
0.7 725.3197365218748
0.7999999999999999 725.3197365218748
0.8999999999999999 725.3197365218748
0.9999999999999999 725.3197365218748
1.1 725.3197365218748
1.2 725.3197365218748
1.3 725.3197365218748
1.4 725.3197365218748
1.5 725.3197365218748
1.6 725.3197365218748
1.7 725.3197365218748
1.8 725.3197365218748
1.900000000000001 725.3197365218748
2 725.3197365218748
2.100000000000001 725.3197365218748
2.200000000000001 725.3197365218748
2.300000000000001 725.3197365218748
2.400000000000001 725.3197365218748
2.500000000000001 725.3197365218748
2.600000000000001 725.3197365218748
2.700000000000001 725.3197365218748
2.800000000000001 725.3197365218748
2.900000000000001 725.3197365218748
3.000000000000001 725.3197365218748
3.100000000000001 725.3197365218747
3.200000000000002 725.3197365218747
3.300000000000002 725.3197365218747
3.400000000000002 725.3197365218747
3.500000000000002 725.3197365218747
3.600000000000002 725.3197365218747
3.700000000000002 725.3197365218747
3.800000000000002 725.3197365218747
3.900000000000002 725.3197365218747
4.000000000000002 725.3197365218747
4.100000000000001 725.3197365218747
4.200000000000001 725.3197365218747
4.300000000000001 725.3197365218747
4.4 725.3197365218747
4.5 725.3197365218747
4.6 725.3197365218747
4.699999999999999 725.3197365218747
4.799999999999999 725.3197365218747
4.899999999999999 725.3197365218747
4.999999999999998 725.3197365218747
5.099999999999998 725.3197365218747
5.199999999999998 725.3197365218747
5.299999999999997 725.3197365218747
5.399999999999997 725.3197365218747
5.499999999999996 725.3197365218747
5.599999999999996 725.3197365218747
5.699999999999996 725.3197365218747
5.799999999999995 725.3197365218747
5.899999999999995 725.3197365218747
5.999999999999995 725.3197365218747
6.099999999999994 725.3197365218747
6.199999999999994 725.3197365218747
6.299999999999994 725.3197365218747
6.399999999999993 725.3197365218747
6.499999999999993 725.3197365218747
6.599999999999993 725.3197365218747
6.699999999999992 725.3197365218747
6.799999999999992 725.3197365218747
6.899999999999991 725.3197365218747
6.999999999999991 725.3197365218747
7.099999999999991 725.3197365218747
7.19999999999999 725.3197365218747
7.29999999999999 725.3197365218747
7.39999999999999 725.3197365218747
7.499999999999989 725.3197365218748
7.599999999999989 725.3197365218748
7.699999999999989 725.3197365218748
7.799999999999988 725.3197365218748
7.899999999999988 725.3197365218748
7.999999999999988 725.3197365218748
8.099999999999987 725.3197365218748
8.199999999999987 725.3197365218748
8.299999999999986 725.3197365218748
8.399999999999986 725.3197365218748
8.499999999999986 725.3197365218748
8.599999999999985 725.3197365218748
8.699999999999985 725.3197365218748
8.799999999999985 725.3197365218748
8.899999999999984 725.3197365218748
8.999999999999984 725.3197365218748
9.099999999999984 725.3197365218748
9.199999999999983 725.3197365218748
9.299999999999983 725.3197365218748
9.399999999999983 725.3197365218748
9.499999999999982 725.3197365218748
9.599999999999982 725.3197365218748
9.699999999999982 725.3197365218748
9.799999999999981 725.3197365218748
9.899999999999981 725.3197365218748
9.99999999999998 725.3197365218748
10.09999999999998 725.3197365218748
10.19999999999998 725.3197365218748
10.29999999999998 725.3197365218748
10.39999999999998 725.3197365218748
10.49999999999998 725.3197365218748
10.59999999999998 725.3197365218748
10.69999999999998 725.3197365218748
10.79999999999998 725.3197365218748
10.89999999999998 725.3197365218748
10.99999999999998 725.3197365218748
11.09999999999998 725.3197365218748
11.19999999999998 725.3197365218748
11.29999999999998 725.3197365218748
11.39999999999998 725.3197365218748
11.49999999999998 725.3197365218748
11.59999999999997 725.3197365218748
11.69999999999997 725.3197365218748
11.79999999999997 725.3197365218748
11.89999999999997 725.3197365218748
11.99999999999997 725.3197365218748
12.09999999999997 725.3197365218748
12.19999999999997 725.3197365218748
12.29999999999997 725.3197365218748
12.39999999999997 725.3197365218748
12.49999999999997 725.3197365218748
12.59999999999997 725.3197365218748
12.69999999999997 725.3197365218748
12.79999999999997 725.3197365218748
12.89999999999997 725.3197365218748
12.99999999999997 725.3197365218748
13.09999999999997 725.3197365218748
13.19999999999997 725.3197365218748
13.29999999999997 725.3197365218748
13.39999999999997 725.3197365218748
13.49999999999997 725.3197365218748
13.59999999999997 725.3197365218748
13.69999999999997 725.3197365218748
13.79999999999997 725.3197365218748
13.89999999999997 725.3197365218748
13.99999999999997 725.3197365218748
14.09999999999997 725.3197365218748
14.19999999999997 725.3197365218748
14.29999999999997 725.3197365218748
14.39999999999996 725.3197365218748
14.49999999999996 725.3197365218748
14.59999999999996 725.3197365218748
14.69999999999996 725.3197365218748
14.79999999999996 725.3197365218748
14.89999999999996 725.3197365218748
14.99999999999996 725.3197365218748
15.09999999999996 725.3197365218748
15.19999999999996 725.3197365218748
15.29999999999996 725.3197365218748
15.39999999999996 725.3197365218748
15.49999999999996 725.3197365218748
15.59999999999996 725.3197365218748
15.69999999999996 725.3197365218748
15.79999999999996 725.3197365218748
15.89999999999996 725.3197365218748
15.99999999999996 725.3197365218748
16.09999999999996 725.3197365218748
16.19999999999996 725.3197365218748
16.29999999999996 725.3197365218748
16.39999999999996 725.3197365218748
16.49999999999996 725.3197365218748
16.59999999999997 725.3197365218748
16.69999999999997 725.3197365218748
16.79999999999997 725.3197365218748
16.89999999999997 725.3197365218748
16.99999999999997 725.3197365218748
17.09999999999997 725.3197365218748
17.19999999999997 725.3197365218748
17.29999999999998 725.3197365218748
17.39999999999998 725.3197365218748
17.49999999999998 725.3197365218748
17.59999999999998 725.3197365218748
17.69999999999998 725.3197365218748
17.79999999999998 725.3197365218748
17.89999999999998 725.3197365218748
17.99999999999999 725.3197365218748
18.09999999999999 725.3197365218748
18.19999999999999 725.3197365218748
18.29999999999999 725.3197365218748
18.39999999999999 725.3197365218748
18.49999999999999 725.3197365218748
18.59999999999999 725.3197365218748
18.7 725.3197365218748
18.8 725.3197365218748
18.9 725.3197365218748
19 725.3197365218748
19.1 725.3197365218748
19.2 725.3197365218748
19.3 725.3197365218748
19.40000000000001 725.3197365218748
19.50000000000001 725.3197365218748
19.60000000000001 725.3197365218748
19.70000000000001 725.3197365218748
19.80000000000001 725.3197365218748
19.90000000000001 725.3197365218748
20.00000000000001 725.3197365218748
20.10000000000002 725.3197365218748
20.20000000000002 725.3197365218748
20.30000000000002 725.3197365218748
20.40000000000002 725.3197365218748
20.50000000000002 725.3197365218748
20.60000000000002 725.3197365218748
20.70000000000002 725.3197365218748
20.80000000000003 725.3197365218748
20.90000000000003 725.3197365218748
21.00000000000003 725.3197365218748
21.10000000000003 725.3197365218748
21.20000000000003 725.3197365218748
21.30000000000003 725.3197365218748
21.40000000000003 725.3197365218748
21.50000000000004 725.3197365218748
21.60000000000004 725.3197365218748
21.70000000000004 725.3197365218748
21.80000000000004 725.3197365218748
21.90000000000004 725.3197365218748
22.00000000000004 725.3197365218748
22.10000000000004 725.3197365218748
22.20000000000005 725.3197365218748
22.30000000000005 725.3197365218748
22.40000000000005 725.3197365218748
22.50000000000005 725.3197365218748
22.60000000000005 725.3197365218748
22.70000000000005 725.3197365218748
22.80000000000005 725.3197365218748
22.90000000000006 725.3197365218748
23.00000000000006 725.3197365218748
23.10000000000006 725.3197365218748
23.20000000000006 725.3197365218748
23.30000000000006 725.3197365218748
23.40000000000006 725.3197365218748
23.50000000000006 725.3197365218748
23.60000000000007 725.3197365218748
23.70000000000007 725.3197365218748
23.80000000000007 725.3197365218748
23.90000000000007 725.3197365218748
24.00000000000007 725.3197365218748
24.10000000000007 725.3197365218748
24.20000000000007 725.3197365218748
24.30000000000008 725.3197365218748
24.40000000000008 725.3197365218748
24.50000000000008 725.3197365218748
24.60000000000008 725.3197365218748
24.70000000000008 725.3197365218748
24.80000000000008 725.3197365218748
24.90000000000008 725.3197365218748
25.00000000000009 725.3197365218748
25.10000000000009 725.3197365218748
25.20000000000009 725.3197365218748
25.30000000000009 725.3197365218748
25.40000000000009 725.3197365218748
25.50000000000009 725.3197365218748
25.60000000000009 725.3197365218748
25.7000000000001 725.3197365218748
25.8000000000001 725.3197365218748
25.9000000000001 725.3197365218748
26.0000000000001 725.3197365218748
26.1000000000001 725.3197365218748
26.2000000000001 725.3197365218748
26.3000000000001 725.3197365218748
26.40000000000011 725.3197365218748
26.50000000000011 725.3197365218748
26.60000000000011 725.3197365218748
26.70000000000011 725.3197365218748
26.80000000000011 725.3197365218748
26.90000000000011 725.3197365218748
27.00000000000011 725.3197365218748
27.10000000000012 725.3197365218748
27.20000000000012 725.3197365218748
27.30000000000012 725.3197365218748
27.40000000000012 725.3197365218748
27.50000000000012 725.3197365218748
27.60000000000012 725.3197365218748
27.70000000000012 725.3197365218748
27.80000000000013 725.3197365218748
27.90000000000013 725.3197365218748
28.00000000000013 725.3197365218748
28.10000000000013 725.3197365218748
28.20000000000013 725.3197365218748
28.30000000000013 725.3197365218748
28.40000000000013 725.3197365218748
28.50000000000014 725.3197365218748
28.60000000000014 725.3197365218748
28.70000000000014 725.3197365218748
28.80000000000014 725.3197365218748
28.90000000000014 725.3197365218748
29.00000000000014 725.3197365218748
29.10000000000014 725.3197365218748
29.20000000000014 725.3197365218748
29.30000000000015 725.3197365218748
29.40000000000015 725.3197365218748
29.50000000000015 725.3197365218748
29.60000000000015 725.3197365218748
29.70000000000015 725.3197365218748
29.80000000000015 725.3197365218748
29.90000000000015 725.3197365218748
30.00000000000016 725.3197365218748
30.10000000000016 725.3197365218748
30.20000000000016 725.3197365218748
30.30000000000016 725.3197365218748
30.40000000000016 725.3197365218748
30.50000000000016 725.3197365218748
30.60000000000016 725.3197365218748
30.70000000000017 725.3197365218748
30.80000000000017 725.3197365218748
30.90000000000017 725.3197365218748
31.00000000000017 725.3197365218748
31.10000000000017 725.3197365218748
31.20000000000017 725.3197365218748
31.30000000000017 725.3197365218748
31.40000000000018 725.3197365218748
31.50000000000018 725.3197365218748
31.60000000000018 725.3197365218748
31.70000000000018 725.3197365218748
31.80000000000018 725.3197365218748
31.90000000000018 725.3197365218748
32.00000000000018 725.3197365218748
32.10000000000019 725.3197365218748
32.20000000000019 725.3197365218748
32.30000000000019 725.3197365218748
32.40000000000019 725.3197365218748
32.50000000000019 725.3197365218748
32.60000000000019 725.3197365218748
32.70000000000019 725.3197365218748
32.8000000000002 725.3197365218748
32.9000000000002 725.3197365218748
33.0000000000002 725.3197365218748
33.1000000000002 725.3197365218748
33.2000000000002 725.3197365218748
33.3000000000002 725.3197365218748
33.4000000000002 725.3197365218748
33.50000000000021 725.3197365218748
33.60000000000021 725.3197365218748
33.70000000000021 725.3197365218748
33.80000000000021 725.3197365218748
33.90000000000021 725.3197365218748
34.00000000000021 725.3197365218748
34.10000000000021 725.3197365218748
34.20000000000022 725.3197365218748
34.30000000000022 725.3197365218748
34.40000000000022 725.3197365218748
34.50000000000022 725.3197365218748
34.60000000000022 725.3197365218748
34.70000000000022 725.3197365218748
34.80000000000022 725.3197365218748
34.90000000000023 725.3197365218748
35.00000000000023 725.3197365218748
35.10000000000023 725.3197365218748
35.20000000000023 725.3197365218748
35.30000000000023 725.3197365218748
35.40000000000023 725.3197365218748
35.50000000000023 725.3197365218748
35.60000000000024 725.3197365218748
35.70000000000024 725.3197365218748
35.80000000000024 725.3197365218748
35.90000000000024 725.3197365218748
36.00000000000024 725.3197365218748
36.10000000000024 725.3197365218748
36.20000000000024 725.3197365218748
36.30000000000025 725.3197365218748
36.40000000000025 725.3197365218748
36.50000000000025 725.3197365218748
36.60000000000025 725.3197365218748
36.70000000000025 725.3197365218748
36.80000000000025 725.3197365218748
36.90000000000025 725.3197365218748
37.00000000000026 725.3197365218748
37.10000000000026 725.3197365218748
37.20000000000026 725.3197365218748
37.30000000000026 725.3197365218748
37.40000000000026 725.3197365218748
37.50000000000026 725.3197365218748
37.60000000000026 725.3197365218748
37.70000000000027 725.3197365218748
37.80000000000027 725.3197365218748
37.90000000000027 725.3197365218748
38.00000000000027 725.3197365218748
38.10000000000027 725.3197365218748
38.20000000000027 725.3197365218748
38.30000000000027 725.3197365218748
38.40000000000028 725.3197365218748
38.50000000000028 725.3197365218748
38.60000000000028 725.3197365218748
38.70000000000028 725.3197365218748
38.80000000000028 725.3197365218748
38.90000000000028 725.3197365218748
39.00000000000028 725.3197365218748
39.10000000000029 725.3197365218748
39.20000000000029 725.3197365218748
39.30000000000029 725.3197365218748
39.40000000000029 725.3197365218748
39.50000000000029 725.3197365218748
39.60000000000029 725.3197365218748
39.70000000000029 725.3197365218748
39.8000000000003 725.3197365218748
39.9000000000003 725.3197365218748
40.0000000000003 725.3197365218748
40.1000000000003 725.3197365218748
40.2000000000003 725.3197365218748
40.3000000000003 725.3197365218748
40.4000000000003 725.3197365218748
40.50000000000031 725.3197365218748
40.60000000000031 725.3197365218748
40.70000000000031 725.3197365218748
40.80000000000031 725.3197365218748
40.90000000000031 725.3197365218748
41.00000000000031 725.3197365218748
41.10000000000031 725.3197365218748
41.20000000000032 725.3197365218748
41.30000000000032 725.3197365218748
41.40000000000032 725.3197365218748
41.50000000000032 725.3197365218748
41.60000000000032 725.3197365218748
41.70000000000032 725.3197365218748
41.80000000000032 725.3197365218748
41.90000000000033 725.3197365218748
42.00000000000033 725.3197365218748
42.10000000000033 725.3197365218748
42.20000000000033 725.3197365218748
42.30000000000033 725.3197365218748
42.40000000000033 725.3197365218748
42.50000000000033 725.3197365218748
42.60000000000034 725.3197365218748
42.70000000000034 725.3197365218748
42.80000000000034 725.3197365218748
42.90000000000034 725.3197365218748
43.00000000000034 725.3197365218748
43.10000000000034 725.3197365218748
43.20000000000034 725.3197365218748
43.30000000000035 725.3197365218748
43.40000000000035 725.3197365218748
43.50000000000035 725.3197365218748
43.60000000000035 725.3197365218748
43.70000000000035 725.3197365218748
43.80000000000035 725.3197365218748
43.90000000000035 725.3197365218748
44.00000000000036 725.3197365218748
44.10000000000036 725.3197365218748
44.20000000000036 725.3197365218748
44.30000000000036 725.3197365218748
44.40000000000036 725.3197365218748
44.50000000000036 725.3197365218748
44.60000000000036 725.3197365218748
44.70000000000037 725.3197365218748
44.80000000000037 725.3197365218748
44.90000000000037 725.3197365218748
45.00000000000037 725.3197365218748
45.10000000000037 725.3197365218748
45.20000000000037 725.3197365218748
45.30000000000037 725.3197365218748
45.40000000000038 725.3197365218748
45.50000000000038 725.3197365218748
45.60000000000038 725.3197365218748
45.70000000000038 725.3197365218748
45.80000000000038 725.3197365218748
45.90000000000038 725.3197365218748
46.00000000000038 725.3197365218748
46.10000000000039 725.3197365218748
46.20000000000039 725.3197365218748
46.30000000000039 725.3197365218748
46.40000000000039 725.3197365218748
46.50000000000039 725.3197365218748
46.60000000000039 725.3197365218748
46.70000000000039 725.3197365218748
46.8000000000004 725.3197365218748
46.9000000000004 725.3197365218748
47.0000000000004 725.3197365218748
47.1000000000004 725.3197365218748
47.2000000000004 725.3197365218748
47.3000000000004 725.3197365218748
47.4000000000004 725.3197365218748
47.50000000000041 725.3197365218748
47.60000000000041 725.3197365218748
47.70000000000041 725.3197365218748
47.80000000000041 725.3197365218748
47.90000000000041 725.3197365218748
48.00000000000041 725.3197365218748
48.10000000000041 725.3197365218748
48.20000000000041 725.3197365218748
48.30000000000042 725.3197365218748
48.40000000000042 725.3197365218748
48.50000000000042 725.3197365218748
48.60000000000042 725.3197365218748
48.70000000000042 725.3197365218748
48.80000000000042 725.3197365218748
48.90000000000042 725.3197365218748
49.00000000000043 725.3197365218748
49.10000000000043 725.3197365218748
49.20000000000043 725.3197365218748
49.30000000000043 725.3197365218748
49.40000000000043 725.3197365218748
49.50000000000043 725.3197365218748
49.60000000000043 725.3197365218748
49.70000000000044 725.3197365218748
49.80000000000044 725.3197365218748
49.90000000000044 725.3197365218748