Time X1
0 250
0.1 306.5207540608675
0.2 306.5207540605371
0.3 306.5207540602066
0.4 306.5207540601665
0.5 306.5207540601655
0.6 306.5207540601649
0.7 306.5207540601649
0.7999999999999999 306.5207540601649
0.8999999999999999 306.5207540601649
0.9999999999999999 306.5207540601649
1.1 306.5207540601649
1.2 306.5207540601649
1.3 306.5207540601649
1.4 306.5207540601649
1.5 306.5207540601649
1.6 306.5207540601649
1.7 306.5207540601649
1.8 306.5207540601649
1.900000000000001 306.5207540601648
2 306.5207540601648
2.100000000000001 306.5207540601648
2.200000000000001 306.5207540601648
2.300000000000001 306.5207540601648
2.400000000000001 306.5207540601648
2.500000000000001 306.5207540601648
2.600000000000001 306.5207540601648
2.700000000000001 306.5207540601648
2.800000000000001 306.5207540601648
2.900000000000001 306.5207540601648
3.000000000000001 306.5207540601649
3.100000000000001 306.5207540601649
3.200000000000002 306.5207540601649
3.300000000000002 306.5207540601649
3.400000000000002 306.5207540601649
3.500000000000002 306.5207540601649
3.600000000000002 306.5207540601649
3.700000000000002 306.5207540601649
3.800000000000002 306.5207540601649
3.900000000000002 306.5207540601649
4.000000000000002 306.5207540601649
4.100000000000001 306.5207540601649
4.200000000000001 306.5207540601649
4.300000000000001 306.5207540601649
4.4 306.5207540601649
4.5 306.5207540601649
4.6 306.5207540601649
4.699999999999999 306.5207540601649
4.799999999999999 306.5207540601649
4.899999999999999 306.5207540601649
4.999999999999998 306.5207540601649
5.099999999999998 306.5207540601649
5.199999999999998 306.5207540601649
5.299999999999997 306.5207540601649
5.399999999999997 306.5207540601649
5.499999999999996 306.5207540601649
5.599999999999996 306.5207540601649
5.699999999999996 306.5207540601649
5.799999999999995 306.5207540601649
5.899999999999995 306.5207540601649
5.999999999999995 306.5207540601649
6.099999999999994 306.5207540601649
6.199999999999994 306.5207540601649
6.299999999999994 306.5207540601649
6.399999999999993 306.5207540601649
6.499999999999993 306.5207540601649
6.599999999999993 306.5207540601649
6.699999999999992 306.5207540601649
6.799999999999992 306.5207540601649
6.899999999999991 306.5207540601649
6.999999999999991 306.5207540601649
7.099999999999991 306.5207540601649
7.19999999999999 306.5207540601649
7.29999999999999 306.5207540601649
7.39999999999999 306.5207540601649
7.499999999999989 306.5207540601649
7.599999999999989 306.5207540601649
7.699999999999989 306.5207540601649
7.799999999999988 306.5207540601649
7.899999999999988 306.5207540601649
7.999999999999988 306.5207540601649
8.099999999999987 306.5207540601649
8.199999999999987 306.5207540601649
8.299999999999986 306.5207540601649
8.399999999999986 306.5207540601649
8.499999999999986 306.5207540601649
8.599999999999985 306.5207540601649
8.699999999999985 306.5207540601649
8.799999999999985 306.5207540601649
8.899999999999984 306.5207540601649
8.999999999999984 306.5207540601649
9.099999999999984 306.5207540601649
9.199999999999983 306.5207540601649
9.299999999999983 306.5207540601649
9.399999999999983 306.5207540601649
9.499999999999982 306.5207540601649
9.599999999999982 306.5207540601649
9.699999999999982 306.5207540601649
9.799999999999981 306.5207540601649
9.899999999999981 306.5207540601649
9.99999999999998 306.5207540601649
10.09999999999998 306.5207540601649
10.19999999999998 306.5207540601649
10.29999999999998 306.5207540601649
10.39999999999998 306.5207540601649
10.49999999999998 306.5207540601649
10.59999999999998 306.5207540601649
10.69999999999998 306.5207540601649
10.79999999999998 306.5207540601649
10.89999999999998 306.5207540601649
10.99999999999998 306.5207540601649
11.09999999999998 306.5207540601649
11.19999999999998 306.5207540601649
11.29999999999998 306.5207540601649
11.39999999999998 306.5207540601649
11.49999999999998 306.5207540601649
11.59999999999997 306.5207540601649
11.69999999999997 306.5207540601649
11.79999999999997 306.5207540601649
11.89999999999997 306.5207540601649
11.99999999999997 306.5207540601649
12.09999999999997 306.5207540601649
12.19999999999997 306.5207540601649
12.29999999999997 306.5207540601649
12.39999999999997 306.5207540601649
12.49999999999997 306.5207540601649
12.59999999999997 306.5207540601649
12.69999999999997 306.5207540601649
12.79999999999997 306.5207540601649
12.89999999999997 306.5207540601649
12.99999999999997 306.5207540601649
13.09999999999997 306.5207540601649
13.19999999999997 306.5207540601649
13.29999999999997 306.5207540601649
13.39999999999997 306.5207540601649
13.49999999999997 306.5207540601649
13.59999999999997 306.5207540601649
13.69999999999997 306.5207540601649
13.79999999999997 306.5207540601649
13.89999999999997 306.5207540601649
13.99999999999997 306.5207540601649
14.09999999999997 306.5207540601649
14.19999999999997 306.5207540601649
14.29999999999997 306.5207540601649
14.39999999999996 306.5207540601649
14.49999999999996 306.5207540601649
14.59999999999996 306.5207540601649
14.69999999999996 306.5207540601649
14.79999999999996 306.5207540601649
14.89999999999996 306.5207540601649
14.99999999999996 306.5207540601649
15.09999999999996 306.5207540601649
15.19999999999996 306.5207540601649
15.29999999999996 306.5207540601649
15.39999999999996 306.5207540601649
15.49999999999996 306.5207540601649
15.59999999999996 306.5207540601649
15.69999999999996 306.5207540601649
15.79999999999996 306.5207540601649
15.89999999999996 306.5207540601649
15.99999999999996 306.5207540601649
16.09999999999996 306.5207540601649
16.19999999999996 306.5207540601649
16.29999999999996 306.5207540601649
16.39999999999996 306.5207540601649
16.49999999999996 306.5207540601649
16.59999999999997 306.5207540601649
16.69999999999997 306.5207540601649
16.79999999999997 306.5207540601649
16.89999999999997 306.5207540601649
16.99999999999997 306.5207540601649
17.09999999999997 306.5207540601649
17.19999999999997 306.5207540601649
17.29999999999998 306.5207540601649
17.39999999999998 306.5207540601649
17.49999999999998 306.5207540601649
17.59999999999998 306.5207540601649
17.69999999999998 306.5207540601649
17.79999999999998 306.5207540601649
17.89999999999998 306.5207540601649
17.99999999999999 306.5207540601649
18.09999999999999 306.5207540601649
18.19999999999999 306.5207540601649
18.29999999999999 306.5207540601649
18.39999999999999 306.5207540601649
18.49999999999999 306.5207540601649
18.59999999999999 306.5207540601649
18.7 306.5207540601649
18.8 306.5207540601649
18.9 306.5207540601649
19 306.5207540601649
19.1 306.5207540601649
19.2 306.5207540601649
19.3 306.5207540601649
19.40000000000001 306.5207540601649
19.50000000000001 306.5207540601649
19.60000000000001 306.5207540601649
19.70000000000001 306.5207540601649
19.80000000000001 306.5207540601649
19.90000000000001 306.5207540601649
20.00000000000001 306.5207540601649
20.10000000000002 306.5207540601649
20.20000000000002 306.5207540601649
20.30000000000002 306.5207540601649
20.40000000000002 306.5207540601649
20.50000000000002 306.5207540601649
20.60000000000002 306.5207540601649
20.70000000000002 306.5207540601649
20.80000000000003 306.5207540601649
20.90000000000003 306.5207540601649
21.00000000000003 306.5207540601649
21.10000000000003 306.5207540601649
21.20000000000003 306.5207540601649
21.30000000000003 306.5207540601649
21.40000000000003 306.5207540601649
21.50000000000004 306.5207540601649
21.60000000000004 306.5207540601649
21.70000000000004 306.5207540601649
21.80000000000004 306.5207540601649
21.90000000000004 306.5207540601649
22.00000000000004 306.5207540601649
22.10000000000004 306.5207540601649
22.20000000000005 306.5207540601649
22.30000000000005 306.5207540601649
22.40000000000005 306.5207540601649
22.50000000000005 306.5207540601649
22.60000000000005 306.5207540601649
22.70000000000005 306.5207540601649
22.80000000000005 306.5207540601649
22.90000000000006 306.5207540601649
23.00000000000006 306.5207540601649
23.10000000000006 306.5207540601649
23.20000000000006 306.5207540601649
23.30000000000006 306.5207540601649
23.40000000000006 306.5207540601649
23.50000000000006 306.5207540601649
23.60000000000007 306.5207540601649
23.70000000000007 306.5207540601649
23.80000000000007 306.5207540601649
23.90000000000007 306.5207540601649
24.00000000000007 306.5207540601649
24.10000000000007 306.5207540601649
24.20000000000007 306.5207540601649
24.30000000000008 306.5207540601649
24.40000000000008 306.5207540601649
24.50000000000008 306.5207540601649
24.60000000000008 306.5207540601649
24.70000000000008 306.5207540601649
24.80000000000008 306.5207540601649
24.90000000000008 306.5207540601649
25.00000000000009 306.5207540601649
25.10000000000009 306.5207540601649
25.20000000000009 306.5207540601649
25.30000000000009 306.5207540601649
25.40000000000009 306.5207540601649
25.50000000000009 306.5207540601649
25.60000000000009 306.5207540601649
25.7000000000001 306.5207540601649
25.8000000000001 306.5207540601649
25.9000000000001 306.5207540601649
26.0000000000001 306.5207540601649
26.1000000000001 306.5207540601649
26.2000000000001 306.5207540601649
26.3000000000001 306.5207540601649
26.40000000000011 306.5207540601649
26.50000000000011 306.5207540601649
26.60000000000011 306.5207540601649
26.70000000000011 306.5207540601649
26.80000000000011 306.5207540601649
26.90000000000011 306.5207540601649
27.00000000000011 306.5207540601649
27.10000000000012 306.5207540601649
27.20000000000012 306.5207540601649
27.30000000000012 306.5207540601649
27.40000000000012 306.5207540601649
27.50000000000012 306.5207540601649
27.60000000000012 306.5207540601649
27.70000000000012 306.5207540601649
27.80000000000013 306.5207540601649
27.90000000000013 306.5207540601649
28.00000000000013 306.5207540601649
28.10000000000013 306.5207540601649
28.20000000000013 306.5207540601649
28.30000000000013 306.5207540601649
28.40000000000013 306.5207540601649
28.50000000000014 306.5207540601649
28.60000000000014 306.5207540601649
28.70000000000014 306.5207540601649
28.80000000000014 306.5207540601649
28.90000000000014 306.5207540601649
29.00000000000014 306.5207540601649
29.10000000000014 306.5207540601649
29.20000000000014 306.5207540601649
29.30000000000015 306.5207540601649
29.40000000000015 306.5207540601649
29.50000000000015 306.5207540601649
29.60000000000015 306.5207540601649
29.70000000000015 306.5207540601649
29.80000000000015 306.5207540601649
29.90000000000015 306.5207540601649
30.00000000000016 306.5207540601649
30.10000000000016 306.5207540601649
30.20000000000016 306.5207540601649
30.30000000000016 306.5207540601649
30.40000000000016 306.5207540601649
30.50000000000016 306.5207540601649
30.60000000000016 306.5207540601649
30.70000000000017 306.5207540601649
30.80000000000017 306.5207540601649
30.90000000000017 306.5207540601649
31.00000000000017 306.5207540601649
31.10000000000017 306.5207540601649
31.20000000000017 306.5207540601649
31.30000000000017 306.5207540601649
31.40000000000018 306.5207540601649
31.50000000000018 306.5207540601649
31.60000000000018 306.5207540601649
31.70000000000018 306.5207540601649
31.80000000000018 306.5207540601649
31.90000000000018 306.5207540601649
32.00000000000018 306.5207540601649
32.10000000000019 306.5207540601649
32.20000000000019 306.5207540601649
32.30000000000019 306.5207540601649
32.40000000000019 306.5207540601649
32.50000000000019 306.5207540601649
32.60000000000019 306.5207540601649
32.70000000000019 306.5207540601649
32.8000000000002 306.5207540601649
32.9000000000002 306.5207540601649
33.0000000000002 306.5207540601649
33.1000000000002 306.5207540601649
33.2000000000002 306.5207540601649
33.3000000000002 306.5207540601649
33.4000000000002 306.5207540601649
33.50000000000021 306.5207540601649
33.60000000000021 306.5207540601649
33.70000000000021 306.5207540601649
33.80000000000021 306.5207540601649
33.90000000000021 306.5207540601649
34.00000000000021 306.5207540601649
34.10000000000021 306.5207540601649
34.20000000000022 306.5207540601649
34.30000000000022 306.5207540601649
34.40000000000022 306.5207540601649
34.50000000000022 306.5207540601649
34.60000000000022 306.5207540601649
34.70000000000022 306.5207540601649
34.80000000000022 306.5207540601649
34.90000000000023 306.5207540601649
35.00000000000023 306.5207540601649
35.10000000000023 306.5207540601649
35.20000000000023 306.5207540601649
35.30000000000023 306.5207540601649
35.40000000000023 306.5207540601649
35.50000000000023 306.5207540601649
35.60000000000024 306.5207540601649
35.70000000000024 306.5207540601649
35.80000000000024 306.5207540601649
35.90000000000024 306.5207540601649
36.00000000000024 306.5207540601649
36.10000000000024 306.5207540601649
36.20000000000024 306.5207540601649
36.30000000000025 306.5207540601649
36.40000000000025 306.5207540601649
36.50000000000025 306.5207540601649
36.60000000000025 306.5207540601649
36.70000000000025 306.5207540601649
36.80000000000025 306.5207540601649
36.90000000000025 306.5207540601649
37.00000000000026 306.5207540601649
37.10000000000026 306.5207540601649
37.20000000000026 306.5207540601649
37.30000000000026 306.5207540601649
37.40000000000026 306.5207540601649
37.50000000000026 306.5207540601649
37.60000000000026 306.5207540601649
37.70000000000027 306.5207540601649
37.80000000000027 306.5207540601649
37.90000000000027 306.5207540601649
38.00000000000027 306.5207540601649
38.10000000000027 306.5207540601649
38.20000000000027 306.5207540601649
38.30000000000027 306.5207540601649
38.40000000000028 306.5207540601649
38.50000000000028 306.5207540601649
38.60000000000028 306.5207540601649
38.70000000000028 306.5207540601649
38.80000000000028 306.5207540601649
38.90000000000028 306.5207540601649
39.00000000000028 306.5207540601649
39.10000000000029 306.5207540601649
39.20000000000029 306.5207540601649
39.30000000000029 306.5207540601649
39.40000000000029 306.5207540601649
39.50000000000029 306.5207540601649
39.60000000000029 306.5207540601649
39.70000000000029 306.5207540601649
39.8000000000003 306.5207540601649
39.9000000000003 306.5207540601649
40.0000000000003 306.5207540601649
40.1000000000003 306.5207540601649
40.2000000000003 306.5207540601649
40.3000000000003 306.5207540601649
40.4000000000003 306.5207540601649
40.50000000000031 306.5207540601649
40.60000000000031 306.5207540601649
40.70000000000031 306.5207540601649
40.80000000000031 306.5207540601649
40.90000000000031 306.5207540601649
41.00000000000031 306.5207540601649
41.10000000000031 306.5207540601649
41.20000000000032 306.5207540601649
41.30000000000032 306.5207540601649
41.40000000000032 306.5207540601649
41.50000000000032 306.5207540601649
41.60000000000032 306.5207540601649
41.70000000000032 306.5207540601649
41.80000000000032 306.5207540601649
41.90000000000033 306.5207540601649
42.00000000000033 306.5207540601649
42.10000000000033 306.5207540601649
42.20000000000033 306.5207540601649
42.30000000000033 306.5207540601649
42.40000000000033 306.5207540601649
42.50000000000033 306.5207540601649
42.60000000000034 306.5207540601649
42.70000000000034 306.5207540601649
42.80000000000034 306.5207540601649
42.90000000000034 306.520754060165
43.00000000000034 306.520754060165
43.10000000000034 306.520754060165
43.20000000000034 306.520754060165
43.30000000000035 306.520754060165
43.40000000000035 306.520754060165
43.50000000000035 306.520754060165
43.60000000000035 306.520754060165
43.70000000000035 306.520754060165
43.80000000000035 306.520754060165
43.90000000000035 306.520754060165
44.00000000000036 306.520754060165
44.10000000000036 306.520754060165
44.20000000000036 306.520754060165
44.30000000000036 306.520754060165
44.40000000000036 306.520754060165
44.50000000000036 306.520754060165
44.60000000000036 306.520754060165
44.70000000000037 306.520754060165
44.80000000000037 306.520754060165
44.90000000000037 306.520754060165
45.00000000000037 306.520754060165
45.10000000000037 306.520754060165
45.20000000000037 306.520754060165
45.30000000000037 306.520754060165
45.40000000000038 306.520754060165
45.50000000000038 306.520754060165
45.60000000000038 306.520754060165
45.70000000000038 306.520754060165
45.80000000000038 306.520754060165
45.90000000000038 306.520754060165
46.00000000000038 306.520754060165
46.10000000000039 306.520754060165
46.20000000000039 306.520754060165
46.30000000000039 306.520754060165
46.40000000000039 306.520754060165
46.50000000000039 306.520754060165
46.60000000000039 306.520754060165
46.70000000000039 306.520754060165
46.8000000000004 306.520754060165
46.9000000000004 306.520754060165
47.0000000000004 306.520754060165
47.1000000000004 306.520754060165
47.2000000000004 306.520754060165
47.3000000000004 306.520754060165
47.4000000000004 306.520754060165
47.50000000000041 306.520754060165
47.60000000000041 306.520754060165
47.70000000000041 306.520754060165
47.80000000000041 306.520754060165
47.90000000000041 306.520754060165
48.00000000000041 306.520754060165
48.10000000000041 306.520754060165
48.20000000000041 306.520754060165
48.30000000000042 306.520754060165
48.40000000000042 306.520754060165
48.50000000000042 306.520754060165
48.60000000000042 306.520754060165
48.70000000000042 306.520754060165
48.80000000000042 306.520754060165
48.90000000000042 306.520754060165
49.00000000000043 306.520754060165
49.10000000000043 306.520754060165
49.20000000000043 306.520754060165
49.30000000000043 306.520754060165
49.40000000000043 306.520754060165
49.50000000000043 306.520754060165
49.60000000000043 306.520754060165
49.70000000000044 306.520754060165
49.80000000000044 306.520754060165
49.90000000000044 306.520754060165