Time X1
0 250
0.1 -nan
0.2 -nan
0.3 -nan
0.4 -nan
0.5 -nan
0.6 -nan
0.7 -nan
0.7999999999999999 -nan
0.8999999999999999 -nan
0.9999999999999999 -nan
1.1 -nan
1.2 -nan
1.3 -nan
1.4 -nan
1.5 -nan
1.6 -nan
1.7 -nan
1.8 -nan
1.900000000000001 -nan
2 -nan
2.100000000000001 -nan
2.200000000000001 -nan
2.300000000000001 -nan
2.400000000000001 -nan
2.500000000000001 -nan
2.600000000000001 -nan
2.700000000000001 -nan
2.800000000000001 -nan
2.900000000000001 -nan
3.000000000000001 -nan
3.100000000000001 -nan
3.200000000000002 -nan
3.300000000000002 -nan
3.400000000000002 -nan
3.500000000000002 -nan
3.600000000000002 -nan
3.700000000000002 -nan
3.800000000000002 -nan
3.900000000000002 -nan
4.000000000000002 -nan
4.100000000000001 -nan
4.200000000000001 -nan
4.300000000000001 -nan
4.4 -nan
4.5 -nan
4.6 -nan
4.699999999999999 -nan
4.799999999999999 -nan
4.899999999999999 -nan
4.999999999999998 -nan
5.099999999999998 -nan
5.199999999999998 -nan
5.299999999999997 -nan
5.399999999999997 -nan
5.499999999999996 -nan
5.599999999999996 -nan
5.699999999999996 -nan
5.799999999999995 -nan
5.899999999999995 -nan
5.999999999999995 -nan
6.099999999999994 -nan
6.199999999999994 -nan
6.299999999999994 -nan
6.399999999999993 -nan
6.499999999999993 -nan
6.599999999999993 -nan
6.699999999999992 -nan
6.799999999999992 -nan
6.899999999999991 -nan
6.999999999999991 -nan
7.099999999999991 -nan
7.19999999999999 -nan
7.29999999999999 -nan
7.39999999999999 -nan
7.499999999999989 -nan
7.599999999999989 -nan
7.699999999999989 -nan
7.799999999999988 -nan
7.899999999999988 -nan
7.999999999999988 -nan
8.099999999999987 -nan
8.199999999999987 -nan
8.299999999999986 -nan
8.399999999999986 -nan
8.499999999999986 -nan
8.599999999999985 -nan
8.699999999999985 -nan
8.799999999999985 -nan
8.899999999999984 -nan
8.999999999999984 -nan
9.099999999999984 -nan
9.199999999999983 -nan
9.299999999999983 -nan
9.399999999999983 -nan
9.499999999999982 -nan
9.599999999999982 -nan
9.699999999999982 -nan
9.799999999999981 -nan
9.899999999999981 -nan
9.99999999999998 -nan
10.09999999999998 -nan
10.19999999999998 -nan
10.29999999999998 -nan
10.39999999999998 -nan
10.49999999999998 -nan
10.59999999999998 -nan
10.69999999999998 -nan
10.79999999999998 -nan
10.89999999999998 -nan
10.99999999999998 -nan
11.09999999999998 -nan
11.19999999999998 -nan
11.29999999999998 -nan
11.39999999999998 -nan
11.49999999999998 -nan
11.59999999999997 -nan
11.69999999999997 -nan
11.79999999999997 -nan
11.89999999999997 -nan
11.99999999999997 -nan
12.09999999999997 -nan
12.19999999999997 -nan
12.29999999999997 -nan
12.39999999999997 -nan
12.49999999999997 -nan
12.59999999999997 -nan
12.69999999999997 -nan
12.79999999999997 -nan
12.89999999999997 -nan
12.99999999999997 -nan
13.09999999999997 -nan
13.19999999999997 -nan
13.29999999999997 -nan
13.39999999999997 -nan
13.49999999999997 -nan
13.59999999999997 -nan
13.69999999999997 -nan
13.79999999999997 -nan
13.89999999999997 -nan
13.99999999999997 -nan
14.09999999999997 -nan
14.19999999999997 -nan
14.29999999999997 -nan
14.39999999999996 -nan
14.49999999999996 -nan
14.59999999999996 -nan
14.69999999999996 -nan
14.79999999999996 -nan
14.89999999999996 -nan
14.99999999999996 -nan
15.09999999999996 -nan
15.19999999999996 -nan
15.29999999999996 -nan
15.39999999999996 -nan
15.49999999999996 -nan
15.59999999999996 -nan
15.69999999999996 -nan
15.79999999999996 -nan
15.89999999999996 -nan
15.99999999999996 -nan
16.09999999999996 -nan
16.19999999999996 -nan
16.29999999999996 -nan
16.39999999999996 -nan
16.49999999999996 -nan
16.59999999999997 -nan
16.69999999999997 -nan
16.79999999999997 -nan
16.89999999999997 -nan
16.99999999999997 -nan
17.09999999999997 -nan
17.19999999999997 -nan
17.29999999999998 -nan
17.39999999999998 -nan
17.49999999999998 -nan
17.59999999999998 -nan
17.69999999999998 -nan
17.79999999999998 -nan
17.89999999999998 -nan
17.99999999999999 -nan
18.09999999999999 -nan
18.19999999999999 -nan
18.29999999999999 -nan
18.39999999999999 -nan
18.49999999999999 -nan
18.59999999999999 -nan
18.7 -nan
18.8 -nan
18.9 -nan
19 -nan
19.1 -nan
19.2 -nan
19.3 -nan
19.40000000000001 -nan
19.50000000000001 -nan
19.60000000000001 -nan
19.70000000000001 -nan
19.80000000000001 -nan
19.90000000000001 -nan
20.00000000000001 -nan
20.10000000000002 -nan
20.20000000000002 -nan
20.30000000000002 -nan
20.40000000000002 -nan
20.50000000000002 -nan
20.60000000000002 -nan
20.70000000000002 -nan
20.80000000000003 -nan
20.90000000000003 -nan
21.00000000000003 -nan
21.10000000000003 -nan
21.20000000000003 -nan
21.30000000000003 -nan
21.40000000000003 -nan
21.50000000000004 -nan
21.60000000000004 -nan
21.70000000000004 -nan
21.80000000000004 -nan
21.90000000000004 -nan
22.00000000000004 -nan
22.10000000000004 -nan
22.20000000000005 -nan
22.30000000000005 -nan
22.40000000000005 -nan
22.50000000000005 -nan
22.60000000000005 -nan
22.70000000000005 -nan
22.80000000000005 -nan
22.90000000000006 -nan
23.00000000000006 -nan
23.10000000000006 -nan
23.20000000000006 -nan
23.30000000000006 -nan
23.40000000000006 -nan
23.50000000000006 -nan
23.60000000000007 -nan
23.70000000000007 -nan
23.80000000000007 -nan
23.90000000000007 -nan
24.00000000000007 -nan
24.10000000000007 -nan
24.20000000000007 -nan
24.30000000000008 -nan
24.40000000000008 -nan
24.50000000000008 -nan
24.60000000000008 -nan
24.70000000000008 -nan
24.80000000000008 -nan
24.90000000000008 -nan
25.00000000000009 -nan
25.10000000000009 -nan
25.20000000000009 -nan
25.30000000000009 -nan
25.40000000000009 -nan
25.50000000000009 -nan
25.60000000000009 -nan
25.7000000000001 -nan
25.8000000000001 -nan
25.9000000000001 -nan
26.0000000000001 -nan
26.1000000000001 -nan
26.2000000000001 -nan
26.3000000000001 -nan
26.40000000000011 -nan
26.50000000000011 -nan
26.60000000000011 -nan
26.70000000000011 -nan
26.80000000000011 -nan
26.90000000000011 -nan
27.00000000000011 -nan
27.10000000000012 -nan
27.20000000000012 -nan
27.30000000000012 -nan
27.40000000000012 -nan
27.50000000000012 -nan
27.60000000000012 -nan
27.70000000000012 -nan
27.80000000000013 -nan
27.90000000000013 -nan
28.00000000000013 -nan
28.10000000000013 -nan
28.20000000000013 -nan
28.30000000000013 -nan
28.40000000000013 -nan
28.50000000000014 -nan
28.60000000000014 -nan
28.70000000000014 -nan
28.80000000000014 -nan
28.90000000000014 -nan
29.00000000000014 -nan
29.10000000000014 -nan
29.20000000000014 -nan
29.30000000000015 -nan
29.40000000000015 -nan
29.50000000000015 -nan
29.60000000000015 -nan
29.70000000000015 -nan
29.80000000000015 -nan
29.90000000000015 -nan
30.00000000000016 -nan
30.10000000000016 -nan
30.20000000000016 -nan
30.30000000000016 -nan
30.40000000000016 -nan
30.50000000000016 -nan
30.60000000000016 -nan
30.70000000000017 -nan
30.80000000000017 -nan
30.90000000000017 -nan
31.00000000000017 -nan
31.10000000000017 -nan
31.20000000000017 -nan
31.30000000000017 -nan
31.40000000000018 -nan
31.50000000000018 -nan
31.60000000000018 -nan
31.70000000000018 -nan
31.80000000000018 -nan
31.90000000000018 -nan
32.00000000000018 -nan
32.10000000000019 -nan
32.20000000000019 -nan
32.30000000000019 -nan
32.40000000000019 -nan
32.50000000000019 -nan
32.60000000000019 -nan
32.70000000000019 -nan
32.8000000000002 -nan
32.9000000000002 -nan
33.0000000000002 -nan
33.1000000000002 -nan
33.2000000000002 -nan
33.3000000000002 -nan
33.4000000000002 -nan
33.50000000000021 -nan
33.60000000000021 -nan
33.70000000000021 -nan
33.80000000000021 -nan
33.90000000000021 -nan
34.00000000000021 -nan
34.10000000000021 -nan
34.20000000000022 -nan
34.30000000000022 -nan
34.40000000000022 -nan
34.50000000000022 -nan
34.60000000000022 -nan
34.70000000000022 -nan
34.80000000000022 -nan
34.90000000000023 -nan
35.00000000000023 -nan
35.10000000000023 -nan
35.20000000000023 -nan
35.30000000000023 -nan
35.40000000000023 -nan
35.50000000000023 -nan
35.60000000000024 -nan
35.70000000000024 -nan
35.80000000000024 -nan
35.90000000000024 -nan
36.00000000000024 -nan
36.10000000000024 -nan
36.20000000000024 -nan
36.30000000000025 -nan
36.40000000000025 -nan
36.50000000000025 -nan
36.60000000000025 -nan
36.70000000000025 -nan
36.80000000000025 -nan
36.90000000000025 -nan
37.00000000000026 -nan
37.10000000000026 -nan
37.20000000000026 -nan
37.30000000000026 -nan
37.40000000000026 -nan
37.50000000000026 -nan
37.60000000000026 -nan
37.70000000000027 -nan
37.80000000000027 -nan
37.90000000000027 -nan
38.00000000000027 -nan
38.10000000000027 -nan
38.20000000000027 -nan
38.30000000000027 -nan
38.40000000000028 -nan
38.50000000000028 -nan
38.60000000000028 -nan
38.70000000000028 -nan
38.80000000000028 -nan
38.90000000000028 -nan
39.00000000000028 -nan
39.10000000000029 -nan
39.20000000000029 -nan
39.30000000000029 -nan
39.40000000000029 -nan
39.50000000000029 -nan
39.60000000000029 -nan
39.70000000000029 -nan
39.8000000000003 -nan
39.9000000000003 -nan
40.0000000000003 -nan
40.1000000000003 -nan
40.2000000000003 -nan
40.3000000000003 -nan
40.4000000000003 -nan
40.50000000000031 -nan
40.60000000000031 -nan
40.70000000000031 -nan
40.80000000000031 -nan
40.90000000000031 -nan
41.00000000000031 -nan
41.10000000000031 -nan
41.20000000000032 -nan
41.30000000000032 -nan
41.40000000000032 -nan
41.50000000000032 -nan
41.60000000000032 -nan
41.70000000000032 -nan
41.80000000000032 -nan
41.90000000000033 -nan
42.00000000000033 -nan
42.10000000000033 -nan
42.20000000000033 -nan
42.30000000000033 -nan
42.40000000000033 -nan
42.50000000000033 -nan
42.60000000000034 -nan
42.70000000000034 -nan
42.80000000000034 -nan
42.90000000000034 -nan
43.00000000000034 -nan
43.10000000000034 -nan
43.20000000000034 -nan
43.30000000000035 -nan
43.40000000000035 -nan
43.50000000000035 -nan
43.60000000000035 -nan
43.70000000000035 -nan
43.80000000000035 -nan
43.90000000000035 -nan
44.00000000000036 -nan
44.10000000000036 -nan
44.20000000000036 -nan
44.30000000000036 -nan
44.40000000000036 -nan
44.50000000000036 -nan
44.60000000000036 -nan
44.70000000000037 -nan
44.80000000000037 -nan
44.90000000000037 -nan
45.00000000000037 -nan
45.10000000000037 -nan
45.20000000000037 -nan
45.30000000000037 -nan
45.40000000000038 -nan
45.50000000000038 -nan
45.60000000000038 -nan
45.70000000000038 -nan
45.80000000000038 -nan
45.90000000000038 -nan
46.00000000000038 -nan
46.10000000000039 -nan
46.20000000000039 -nan
46.30000000000039 -nan
46.40000000000039 -nan
46.50000000000039 -nan
46.60000000000039 -nan
46.70000000000039 -nan
46.8000000000004 -nan
46.9000000000004 -nan
47.0000000000004 -nan
47.1000000000004 -nan
47.2000000000004 -nan
47.3000000000004 -nan
47.4000000000004 -nan
47.50000000000041 -nan
47.60000000000041 -nan
47.70000000000041 -nan
47.80000000000041 -nan
47.90000000000041 -nan
48.00000000000041 -nan
48.10000000000041 -nan
48.20000000000041 -nan
48.30000000000042 -nan
48.40000000000042 -nan
48.50000000000042 -nan
48.60000000000042 -nan
48.70000000000042 -nan
48.80000000000042 -nan
48.90000000000042 -nan
49.00000000000043 -nan
49.10000000000043 -nan
49.20000000000043 -nan
49.30000000000043 -nan
49.40000000000043 -nan
49.50000000000043 -nan
49.60000000000043 -nan
49.70000000000044 -nan
49.80000000000044 -nan
49.90000000000044 -nan