Time X1
0 250
0.1 1248.489300871652
0.2 1248.489300871652
0.3 1248.489300871652
0.4 1248.489300871652
0.5 1248.489300871652
0.6 1248.489300871652
0.7 1248.489300871652
0.7999999999999999 1248.489300871652
0.8999999999999999 1248.489300871652
0.9999999999999999 1248.489300871652
1.1 1248.489300871652
1.2 1248.489300871652
1.3 1248.489300871652
1.4 1248.489300871652
1.5 1248.489300871652
1.6 1248.489300871652
1.7 1248.489300871652
1.8 1248.489300871652
1.900000000000001 1248.489300871652
2 1248.489300871652
2.100000000000001 1248.489300871652
2.200000000000001 1248.489300871652
2.300000000000001 1248.489300871652
2.400000000000001 1248.489300871651
2.500000000000001 1248.489300871651
2.600000000000001 1248.489300871651
2.700000000000001 1248.489300871651
2.800000000000001 1248.489300871651
2.900000000000001 1248.489300871651
3.000000000000001 1248.489300871651
3.100000000000001 1248.489300871651
3.200000000000002 1248.489300871651
3.300000000000002 1248.489300871651
3.400000000000002 1248.489300871651
3.500000000000002 1248.489300871651
3.600000000000002 1248.489300871651
3.700000000000002 1248.489300871651
3.800000000000002 1248.489300871651
3.900000000000002 1248.489300871651
4.000000000000002 1248.489300871651
4.100000000000001 1248.489300871651
4.200000000000001 1248.489300871651
4.300000000000001 1248.489300871651
4.4 1248.489300871651
4.5 1248.489300871651
4.6 1248.489300871651
4.699999999999999 1248.489300871651
4.799999999999999 1248.489300871651
4.899999999999999 1248.489300871651
4.999999999999998 1248.489300871651
5.099999999999998 1248.489300871651
5.199999999999998 1248.489300871651
5.299999999999997 1248.489300871651
5.399999999999997 1248.489300871651
5.499999999999996 1248.489300871651
5.599999999999996 1248.489300871651
5.699999999999996 1248.489300871651
5.799999999999995 1248.489300871651
5.899999999999995 1248.489300871651
5.999999999999995 1248.489300871651
6.099999999999994 1248.489300871651
6.199999999999994 1248.489300871651
6.299999999999994 1248.489300871651
6.399999999999993 1248.489300871651
6.499999999999993 1248.489300871651
6.599999999999993 1248.489300871651
6.699999999999992 1248.489300871651
6.799999999999992 1248.489300871651
6.899999999999991 1248.489300871651
6.999999999999991 1248.489300871651
7.099999999999991 1248.489300871651
7.19999999999999 1248.489300871651
7.29999999999999 1248.489300871651
7.39999999999999 1248.489300871651
7.499999999999989 1248.489300871651
7.599999999999989 1248.489300871651
7.699999999999989 1248.489300871651
7.799999999999988 1248.489300871651
7.899999999999988 1248.489300871651
7.999999999999988 1248.489300871651
8.099999999999987 1248.489300871651
8.199999999999987 1248.489300871651
8.299999999999986 1248.489300871651
8.399999999999986 1248.489300871651
8.499999999999986 1248.489300871651
8.599999999999985 1248.489300871651
8.699999999999985 1248.489300871651
8.799999999999985 1248.489300871651
8.899999999999984 1248.489300871651
8.999999999999984 1248.489300871651
9.099999999999984 1248.489300871651
9.199999999999983 1248.489300871651
9.299999999999983 1248.489300871651
9.399999999999983 1248.489300871651
9.499999999999982 1248.489300871651
9.599999999999982 1248.489300871651
9.699999999999982 1248.489300871651
9.799999999999981 1248.489300871651
9.899999999999981 1248.489300871651
9.99999999999998 1248.489300871651
10.09999999999998 1248.489300871651
10.19999999999998 1248.489300871651
10.29999999999998 1248.489300871651
10.39999999999998 1248.489300871651
10.49999999999998 1248.489300871651
10.59999999999998 1248.489300871651
10.69999999999998 1248.489300871651
10.79999999999998 1248.489300871651
10.89999999999998 1248.489300871651
10.99999999999998 1248.489300871651
11.09999999999998 1248.489300871651
11.19999999999998 1248.489300871651
11.29999999999998 1248.489300871651
11.39999999999998 1248.489300871651
11.49999999999998 1248.489300871651
11.59999999999997 1248.489300871651
11.69999999999997 1248.489300871651
11.79999999999997 1248.489300871651
11.89999999999997 1248.489300871651
11.99999999999997 1248.489300871651
12.09999999999997 1248.489300871651
12.19999999999997 1248.489300871651
12.29999999999997 1248.489300871651
12.39999999999997 1248.489300871651
12.49999999999997 1248.489300871651
12.59999999999997 1248.489300871651
12.69999999999997 1248.489300871651
12.79999999999997 1248.489300871651
12.89999999999997 1248.489300871651
12.99999999999997 1248.489300871651
13.09999999999997 1248.489300871651
13.19999999999997 1248.489300871651
13.29999999999997 1248.489300871651
13.39999999999997 1248.489300871651
13.49999999999997 1248.489300871651
13.59999999999997 1248.489300871651
13.69999999999997 1248.489300871651
13.79999999999997 1248.489300871651
13.89999999999997 1248.489300871651
13.99999999999997 1248.489300871651
14.09999999999997 1248.489300871651
14.19999999999997 1248.489300871651
14.29999999999997 1248.489300871651
14.39999999999996 1248.489300871651
14.49999999999996 1248.489300871651
14.59999999999996 1248.489300871651
14.69999999999996 1248.489300871651
14.79999999999996 1248.489300871651
14.89999999999996 1248.489300871651
14.99999999999996 1248.489300871651
15.09999999999996 1248.489300871651
15.19999999999996 1248.489300871651
15.29999999999996 1248.489300871651
15.39999999999996 1248.489300871651
15.49999999999996 1248.489300871651
15.59999999999996 1248.489300871651
15.69999999999996 1248.489300871651
15.79999999999996 1248.489300871651
15.89999999999996 1248.489300871651
15.99999999999996 1248.489300871651
16.09999999999996 1248.489300871651
16.19999999999996 1248.489300871651
16.29999999999996 1248.489300871651
16.39999999999996 1248.489300871651
16.49999999999996 1248.489300871651
16.59999999999997 1248.489300871651
16.69999999999997 1248.489300871651
16.79999999999997 1248.489300871651
16.89999999999997 1248.489300871651
16.99999999999997 1248.489300871651
17.09999999999997 1248.489300871651
17.19999999999997 1248.489300871651
17.29999999999998 1248.489300871651
17.39999999999998 1248.489300871651
17.49999999999998 1248.489300871651
17.59999999999998 1248.489300871651
17.69999999999998 1248.489300871651
17.79999999999998 1248.489300871651
17.89999999999998 1248.489300871651
17.99999999999999 1248.489300871651
18.09999999999999 1248.489300871651
18.19999999999999 1248.489300871651
18.29999999999999 1248.489300871651
18.39999999999999 1248.489300871651
18.49999999999999 1248.489300871651
18.59999999999999 1248.489300871651
18.7 1248.489300871651
18.8 1248.489300871651
18.9 1248.489300871651
19 1248.489300871651
19.1 1248.489300871651
19.2 1248.489300871651
19.3 1248.489300871651
19.40000000000001 1248.489300871651
19.50000000000001 1248.489300871651
19.60000000000001 1248.489300871651
19.70000000000001 1248.489300871652
19.80000000000001 1248.489300871652
19.90000000000001 1248.489300871652
20.00000000000001 1248.489300871652
20.10000000000002 1248.489300871652
20.20000000000002 1248.489300871652
20.30000000000002 1248.489300871652
20.40000000000002 1248.489300871652
20.50000000000002 1248.489300871652
20.60000000000002 1248.489300871652
20.70000000000002 1248.489300871652
20.80000000000003 1248.489300871652
20.90000000000003 1248.489300871652
21.00000000000003 1248.489300871652
21.10000000000003 1248.489300871652
21.20000000000003 1248.489300871652
21.30000000000003 1248.489300871652
21.40000000000003 1248.489300871652
21.50000000000004 1248.489300871652
21.60000000000004 1248.489300871652
21.70000000000004 1248.489300871652
21.80000000000004 1248.489300871652
21.90000000000004 1248.489300871652
22.00000000000004 1248.489300871652
22.10000000000004 1248.489300871652
22.20000000000005 1248.489300871652
22.30000000000005 1248.489300871652
22.40000000000005 1248.489300871652
22.50000000000005 1248.489300871652
22.60000000000005 1248.489300871652
22.70000000000005 1248.489300871652
22.80000000000005 1248.489300871652
22.90000000000006 1248.489300871652
23.00000000000006 1248.489300871652
23.10000000000006 1248.489300871652
23.20000000000006 1248.489300871652
23.30000000000006 1248.489300871652
23.40000000000006 1248.489300871652
23.50000000000006 1248.489300871652
23.60000000000007 1248.489300871652
23.70000000000007 1248.489300871652
23.80000000000007 1248.489300871652
23.90000000000007 1248.489300871652
24.00000000000007 1248.489300871652
24.10000000000007 1248.489300871652
24.20000000000007 1248.489300871652
24.30000000000008 1248.489300871652
24.40000000000008 1248.489300871652
24.50000000000008 1248.489300871652
24.60000000000008 1248.489300871652
24.70000000000008 1248.489300871652
24.80000000000008 1248.489300871652
24.90000000000008 1248.489300871652
25.00000000000009 1248.489300871652
25.10000000000009 1248.489300871652
25.20000000000009 1248.489300871652
25.30000000000009 1248.489300871652
25.40000000000009 1248.489300871652
25.50000000000009 1248.489300871652
25.60000000000009 1248.489300871652
25.7000000000001 1248.489300871652
25.8000000000001 1248.489300871652
25.9000000000001 1248.489300871652
26.0000000000001 1248.489300871652
26.1000000000001 1248.489300871652
26.2000000000001 1248.489300871652
26.3000000000001 1248.489300871652
26.40000000000011 1248.489300871652
26.50000000000011 1248.489300871652
26.60000000000011 1248.489300871652
26.70000000000011 1248.489300871652
26.80000000000011 1248.489300871652
26.90000000000011 1248.489300871652
27.00000000000011 1248.489300871652
27.10000000000012 1248.489300871652
27.20000000000012 1248.489300871652
27.30000000000012 1248.489300871652
27.40000000000012 1248.489300871652
27.50000000000012 1248.489300871652
27.60000000000012 1248.489300871652
27.70000000000012 1248.489300871652
27.80000000000013 1248.489300871652
27.90000000000013 1248.489300871652
28.00000000000013 1248.489300871652
28.10000000000013 1248.489300871652
28.20000000000013 1248.489300871652
28.30000000000013 1248.489300871652
28.40000000000013 1248.489300871652
28.50000000000014 1248.489300871652
28.60000000000014 1248.489300871652
28.70000000000014 1248.489300871652
28.80000000000014 1248.489300871652
28.90000000000014 1248.489300871652
29.00000000000014 1248.489300871652
29.10000000000014 1248.489300871652
29.20000000000014 1248.489300871652
29.30000000000015 1248.489300871652
29.40000000000015 1248.489300871652
29.50000000000015 1248.489300871652
29.60000000000015 1248.489300871652
29.70000000000015 1248.489300871652
29.80000000000015 1248.489300871652
29.90000000000015 1248.489300871652
30.00000000000016 1248.489300871652
30.10000000000016 1248.489300871652
30.20000000000016 1248.489300871652
30.30000000000016 1248.489300871652
30.40000000000016 1248.489300871652
30.50000000000016 1248.489300871652
30.60000000000016 1248.489300871652
30.70000000000017 1248.489300871652
30.80000000000017 1248.489300871652
30.90000000000017 1248.489300871652
31.00000000000017 1248.489300871652
31.10000000000017 1248.489300871652
31.20000000000017 1248.489300871652
31.30000000000017 1248.489300871652
31.40000000000018 1248.489300871652
31.50000000000018 1248.489300871652
31.60000000000018 1248.489300871652
31.70000000000018 1248.489300871652
31.80000000000018 1248.489300871652
31.90000000000018 1248.489300871652
32.00000000000018 1248.489300871652
32.10000000000019 1248.489300871652
32.20000000000019 1248.489300871652
32.30000000000019 1248.489300871652
32.40000000000019 1248.489300871652
32.50000000000019 1248.489300871652
32.60000000000019 1248.489300871652
32.70000000000019 1248.489300871652
32.8000000000002 1248.489300871652
32.9000000000002 1248.489300871652
33.0000000000002 1248.489300871652
33.1000000000002 1248.489300871652
33.2000000000002 1248.489300871652
33.3000000000002 1248.489300871652
33.4000000000002 1248.489300871652
33.50000000000021 1248.489300871652
33.60000000000021 1248.489300871652
33.70000000000021 1248.489300871652
33.80000000000021 1248.489300871652
33.90000000000021 1248.489300871652
34.00000000000021 1248.489300871652
34.10000000000021 1248.489300871652
34.20000000000022 1248.489300871652
34.30000000000022 1248.489300871652
34.40000000000022 1248.489300871652
34.50000000000022 1248.489300871652
34.60000000000022 1248.489300871652
34.70000000000022 1248.489300871652
34.80000000000022 1248.489300871652
34.90000000000023 1248.489300871652
35.00000000000023 1248.489300871652
35.10000000000023 1248.489300871652
35.20000000000023 1248.489300871652
35.30000000000023 1248.489300871652
35.40000000000023 1248.489300871652
35.50000000000023 1248.489300871652
35.60000000000024 1248.489300871652
35.70000000000024 1248.489300871652
35.80000000000024 1248.489300871652
35.90000000000024 1248.489300871652
36.00000000000024 1248.489300871652
36.10000000000024 1248.489300871652
36.20000000000024 1248.489300871652
36.30000000000025 1248.489300871652
36.40000000000025 1248.489300871652
36.50000000000025 1248.489300871652
36.60000000000025 1248.489300871652
36.70000000000025 1248.489300871652
36.80000000000025 1248.489300871652
36.90000000000025 1248.489300871652
37.00000000000026 1248.489300871652
37.10000000000026 1248.489300871652
37.20000000000026 1248.489300871652
37.30000000000026 1248.489300871652
37.40000000000026 1248.489300871652
37.50000000000026 1248.489300871652
37.60000000000026 1248.489300871652
37.70000000000027 1248.489300871652
37.80000000000027 1248.489300871652
37.90000000000027 1248.489300871652
38.00000000000027 1248.489300871652
38.10000000000027 1248.489300871652
38.20000000000027 1248.489300871652
38.30000000000027 1248.489300871652
38.40000000000028 1248.489300871652
38.50000000000028 1248.489300871652
38.60000000000028 1248.489300871652
38.70000000000028 1248.489300871652
38.80000000000028 1248.489300871652
38.90000000000028 1248.489300871652
39.00000000000028 1248.489300871652
39.10000000000029 1248.489300871652
39.20000000000029 1248.489300871652
39.30000000000029 1248.489300871652
39.40000000000029 1248.489300871652
39.50000000000029 1248.489300871652
39.60000000000029 1248.489300871652
39.70000000000029 1248.489300871652
39.8000000000003 1248.489300871652
39.9000000000003 1248.489300871652
40.0000000000003 1248.489300871652
40.1000000000003 1248.489300871652
40.2000000000003 1248.489300871652
40.3000000000003 1248.489300871652
40.4000000000003 1248.489300871652
40.50000000000031 1248.489300871652
40.60000000000031 1248.489300871652
40.70000000000031 1248.489300871652
40.80000000000031 1248.489300871652
40.90000000000031 1248.489300871652
41.00000000000031 1248.489300871652
41.10000000000031 1248.489300871652
41.20000000000032 1248.489300871652
41.30000000000032 1248.489300871652
41.40000000000032 1248.489300871652
41.50000000000032 1248.489300871652
41.60000000000032 1248.489300871652
41.70000000000032 1248.489300871652
41.80000000000032 1248.489300871652
41.90000000000033 1248.489300871652
42.00000000000033 1248.489300871652
42.10000000000033 1248.489300871652
42.20000000000033 1248.489300871652
42.30000000000033 1248.489300871652
42.40000000000033 1248.489300871652
42.50000000000033 1248.489300871652
42.60000000000034 1248.489300871652
42.70000000000034 1248.489300871652
42.80000000000034 1248.489300871652
42.90000000000034 1248.489300871652
43.00000000000034 1248.489300871652
43.10000000000034 1248.489300871652
43.20000000000034 1248.489300871652
43.30000000000035 1248.489300871652
43.40000000000035 1248.489300871652
43.50000000000035 1248.489300871652
43.60000000000035 1248.489300871652
43.70000000000035 1248.489300871652
43.80000000000035 1248.489300871652
43.90000000000035 1248.489300871652
44.00000000000036 1248.489300871652
44.10000000000036 1248.489300871652
44.20000000000036 1248.489300871652
44.30000000000036 1248.489300871652
44.40000000000036 1248.489300871652
44.50000000000036 1248.489300871652
44.60000000000036 1248.489300871652
44.70000000000037 1248.489300871652
44.80000000000037 1248.489300871652
44.90000000000037 1248.489300871652
45.00000000000037 1248.489300871652
45.10000000000037 1248.489300871652
45.20000000000037 1248.489300871652
45.30000000000037 1248.489300871652
45.40000000000038 1248.489300871652
45.50000000000038 1248.489300871652
45.60000000000038 1248.489300871652
45.70000000000038 1248.489300871652
45.80000000000038 1248.489300871652
45.90000000000038 1248.489300871652
46.00000000000038 1248.489300871652
46.10000000000039 1248.489300871652
46.20000000000039 1248.489300871652
46.30000000000039 1248.489300871652
46.40000000000039 1248.489300871652
46.50000000000039 1248.489300871652
46.60000000000039 1248.489300871652
46.70000000000039 1248.489300871652
46.8000000000004 1248.489300871652
46.9000000000004 1248.489300871652
47.0000000000004 1248.489300871652
47.1000000000004 1248.489300871652
47.2000000000004 1248.489300871652
47.3000000000004 1248.489300871652
47.4000000000004 1248.489300871652
47.50000000000041 1248.489300871652
47.60000000000041 1248.489300871652
47.70000000000041 1248.489300871652
47.80000000000041 1248.489300871652
47.90000000000041 1248.489300871652
48.00000000000041 1248.489300871652
48.10000000000041 1248.489300871652
48.20000000000041 1248.489300871652
48.30000000000042 1248.489300871652
48.40000000000042 1248.489300871652
48.50000000000042 1248.489300871652
48.60000000000042 1248.489300871652
48.70000000000042 1248.489300871652
48.80000000000042 1248.489300871652
48.90000000000042 1248.489300871652
49.00000000000043 1248.489300871652
49.10000000000043 1248.489300871652
49.20000000000043 1248.489300871652
49.30000000000043 1248.489300871652
49.40000000000043 1248.489300871652
49.50000000000043 1248.489300871652
49.60000000000043 1248.489300871652
49.70000000000044 1248.489300871652
49.80000000000044 1248.489300871652
49.90000000000044 1248.489300871652