Time X1
0 250
0.1 727.3323072849379
0.2 727.3323072849379
0.3 727.3323072849379
0.4 727.3323072849379
0.5 727.3323072849379
0.6 727.3323072849379
0.7 727.3323072849379
0.7999999999999999 727.332307284938
0.8999999999999999 727.332307284938
0.9999999999999999 727.332307284938
1.1 727.332307284938
1.2 727.332307284938
1.3 727.332307284938
1.4 727.332307284938
1.5 727.332307284938
1.6 727.332307284938
1.7 727.332307284938
1.8 727.332307284938
1.900000000000001 727.332307284938
2 727.332307284938
2.100000000000001 727.332307284938
2.200000000000001 727.332307284938
2.300000000000001 727.332307284938
2.400000000000001 727.332307284938
2.500000000000001 727.332307284938
2.600000000000001 727.332307284938
2.700000000000001 727.332307284938
2.800000000000001 727.332307284938
2.900000000000001 727.332307284938
3.000000000000001 727.332307284938
3.100000000000001 727.332307284938
3.200000000000002 727.332307284938
3.300000000000002 727.332307284938
3.400000000000002 727.332307284938
3.500000000000002 727.332307284938
3.600000000000002 727.332307284938
3.700000000000002 727.332307284938
3.800000000000002 727.332307284938
3.900000000000002 727.332307284938
4.000000000000002 727.332307284938
4.100000000000001 727.332307284938
4.200000000000001 727.332307284938
4.300000000000001 727.332307284938
4.4 727.332307284938
4.5 727.332307284938
4.6 727.332307284938
4.699999999999999 727.332307284938
4.799999999999999 727.332307284938
4.899999999999999 727.332307284938
4.999999999999998 727.332307284938
5.099999999999998 727.332307284938
5.199999999999998 727.332307284938
5.299999999999997 727.332307284938
5.399999999999997 727.332307284938
5.499999999999996 727.332307284938
5.599999999999996 727.332307284938
5.699999999999996 727.332307284938
5.799999999999995 727.332307284938
5.899999999999995 727.332307284938
5.999999999999995 727.332307284938
6.099999999999994 727.332307284938
6.199999999999994 727.332307284938
6.299999999999994 727.332307284938
6.399999999999993 727.332307284938
6.499999999999993 727.332307284938
6.599999999999993 727.332307284938
6.699999999999992 727.332307284938
6.799999999999992 727.332307284938
6.899999999999991 727.332307284938
6.999999999999991 727.332307284938
7.099999999999991 727.332307284938
7.19999999999999 727.332307284938
7.29999999999999 727.332307284938
7.39999999999999 727.332307284938
7.499999999999989 727.332307284938
7.599999999999989 727.332307284938
7.699999999999989 727.332307284938
7.799999999999988 727.332307284938
7.899999999999988 727.332307284938
7.999999999999988 727.332307284938
8.099999999999987 727.332307284938
8.199999999999987 727.332307284938
8.299999999999986 727.3323072849379
8.399999999999986 727.3323072849379
8.499999999999986 727.3323072849379
8.599999999999985 727.3323072849379
8.699999999999985 727.3323072849379
8.799999999999985 727.3323072849379
8.899999999999984 727.3323072849379
8.999999999999984 727.3323072849379
9.099999999999984 727.3323072849379
9.199999999999983 727.3323072849379
9.299999999999983 727.3323072849379
9.399999999999983 727.3323072849379
9.499999999999982 727.3323072849379
9.599999999999982 727.3323072849379
9.699999999999982 727.3323072849379
9.799999999999981 727.3323072849379
9.899999999999981 727.3323072849379
9.99999999999998 727.3323072849379
10.09999999999998 727.3323072849379
10.19999999999998 727.3323072849379
10.29999999999998 727.3323072849379
10.39999999999998 727.3323072849379
10.49999999999998 727.3323072849379
10.59999999999998 727.3323072849379
10.69999999999998 727.3323072849379
10.79999999999998 727.3323072849379
10.89999999999998 727.3323072849379
10.99999999999998 727.3323072849379
11.09999999999998 727.3323072849379
11.19999999999998 727.3323072849379
11.29999999999998 727.3323072849379
11.39999999999998 727.3323072849379
11.49999999999998 727.3323072849379
11.59999999999997 727.3323072849379
11.69999999999997 727.3323072849379
11.79999999999997 727.3323072849379
11.89999999999997 727.3323072849379
11.99999999999997 727.3323072849379
12.09999999999997 727.3323072849379
12.19999999999997 727.3323072849379
12.29999999999997 727.3323072849379
12.39999999999997 727.3323072849379
12.49999999999997 727.3323072849379
12.59999999999997 727.3323072849379
12.69999999999997 727.3323072849379
12.79999999999997 727.3323072849379
12.89999999999997 727.3323072849379
12.99999999999997 727.3323072849379
13.09999999999997 727.3323072849379
13.19999999999997 727.3323072849379
13.29999999999997 727.3323072849379
13.39999999999997 727.3323072849379
13.49999999999997 727.3323072849379
13.59999999999997 727.3323072849379
13.69999999999997 727.3323072849379
13.79999999999997 727.3323072849379
13.89999999999997 727.3323072849379
13.99999999999997 727.3323072849379
14.09999999999997 727.3323072849379
14.19999999999997 727.3323072849379
14.29999999999997 727.3323072849379
14.39999999999996 727.3323072849379
14.49999999999996 727.3323072849379
14.59999999999996 727.3323072849379
14.69999999999996 727.3323072849379
14.79999999999996 727.3323072849379
14.89999999999996 727.3323072849379
14.99999999999996 727.3323072849379
15.09999999999996 727.3323072849379
15.19999999999996 727.3323072849379
15.29999999999996 727.3323072849379
15.39999999999996 727.3323072849379
15.49999999999996 727.3323072849379
15.59999999999996 727.3323072849379
15.69999999999996 727.3323072849379
15.79999999999996 727.3323072849379
15.89999999999996 727.3323072849379
15.99999999999996 727.3323072849379
16.09999999999996 727.3323072849379
16.19999999999996 727.3323072849379
16.29999999999996 727.3323072849379
16.39999999999996 727.3323072849379
16.49999999999996 727.3323072849379
16.59999999999997 727.3323072849379
16.69999999999997 727.3323072849379
16.79999999999997 727.3323072849379
16.89999999999997 727.3323072849379
16.99999999999997 727.3323072849379
17.09999999999997 727.3323072849379
17.19999999999997 727.3323072849379
17.29999999999998 727.3323072849379
17.39999999999998 727.3323072849379
17.49999999999998 727.3323072849379
17.59999999999998 727.3323072849379
17.69999999999998 727.3323072849379
17.79999999999998 727.3323072849379
17.89999999999998 727.3323072849379
17.99999999999999 727.3323072849379
18.09999999999999 727.3323072849379
18.19999999999999 727.3323072849379
18.29999999999999 727.3323072849379
18.39999999999999 727.3323072849379
18.49999999999999 727.3323072849379
18.59999999999999 727.3323072849379
18.7 727.3323072849379
18.8 727.3323072849379
18.9 727.3323072849379
19 727.3323072849379
19.1 727.3323072849379
19.2 727.3323072849379
19.3 727.3323072849379
19.40000000000001 727.3323072849379
19.50000000000001 727.3323072849379
19.60000000000001 727.3323072849379
19.70000000000001 727.3323072849379
19.80000000000001 727.3323072849379
19.90000000000001 727.3323072849379
20.00000000000001 727.3323072849379
20.10000000000002 727.3323072849379
20.20000000000002 727.3323072849379
20.30000000000002 727.3323072849379
20.40000000000002 727.3323072849379
20.50000000000002 727.3323072849379
20.60000000000002 727.3323072849379
20.70000000000002 727.3323072849379
20.80000000000003 727.3323072849379
20.90000000000003 727.3323072849379
21.00000000000003 727.3323072849379
21.10000000000003 727.3323072849379
21.20000000000003 727.3323072849379
21.30000000000003 727.3323072849379
21.40000000000003 727.3323072849379
21.50000000000004 727.3323072849379
21.60000000000004 727.3323072849379
21.70000000000004 727.3323072849379
21.80000000000004 727.3323072849379
21.90000000000004 727.3323072849379
22.00000000000004 727.3323072849379
22.10000000000004 727.3323072849379
22.20000000000005 727.3323072849379
22.30000000000005 727.3323072849379
22.40000000000005 727.3323072849379
22.50000000000005 727.3323072849379
22.60000000000005 727.3323072849379
22.70000000000005 727.3323072849379
22.80000000000005 727.3323072849379
22.90000000000006 727.3323072849379
23.00000000000006 727.3323072849379
23.10000000000006 727.3323072849379
23.20000000000006 727.3323072849379
23.30000000000006 727.3323072849379
23.40000000000006 727.3323072849379
23.50000000000006 727.3323072849379
23.60000000000007 727.3323072849379
23.70000000000007 727.3323072849379
23.80000000000007 727.3323072849379
23.90000000000007 727.3323072849379
24.00000000000007 727.3323072849379
24.10000000000007 727.3323072849379
24.20000000000007 727.3323072849379
24.30000000000008 727.3323072849379
24.40000000000008 727.3323072849379
24.50000000000008 727.3323072849379
24.60000000000008 727.3323072849379
24.70000000000008 727.3323072849379
24.80000000000008 727.3323072849379
24.90000000000008 727.3323072849379
25.00000000000009 727.3323072849379
25.10000000000009 727.3323072849379
25.20000000000009 727.3323072849379
25.30000000000009 727.3323072849379
25.40000000000009 727.3323072849379
25.50000000000009 727.3323072849379
25.60000000000009 727.3323072849379
25.7000000000001 727.3323072849379
25.8000000000001 727.3323072849379
25.9000000000001 727.3323072849379
26.0000000000001 727.3323072849379
26.1000000000001 727.3323072849379
26.2000000000001 727.3323072849379
26.3000000000001 727.3323072849379
26.40000000000011 727.3323072849379
26.50000000000011 727.3323072849379
26.60000000000011 727.3323072849379
26.70000000000011 727.3323072849379
26.80000000000011 727.3323072849379
26.90000000000011 727.3323072849379
27.00000000000011 727.3323072849379
27.10000000000012 727.3323072849379
27.20000000000012 727.3323072849379
27.30000000000012 727.3323072849379
27.40000000000012 727.3323072849379
27.50000000000012 727.3323072849379
27.60000000000012 727.3323072849379
27.70000000000012 727.3323072849379
27.80000000000013 727.3323072849379
27.90000000000013 727.3323072849379
28.00000000000013 727.3323072849379
28.10000000000013 727.3323072849379
28.20000000000013 727.3323072849379
28.30000000000013 727.3323072849379
28.40000000000013 727.3323072849379
28.50000000000014 727.3323072849379
28.60000000000014 727.3323072849379
28.70000000000014 727.3323072849379
28.80000000000014 727.3323072849379
28.90000000000014 727.3323072849379
29.00000000000014 727.3323072849379
29.10000000000014 727.3323072849379
29.20000000000014 727.3323072849379
29.30000000000015 727.3323072849379
29.40000000000015 727.3323072849379
29.50000000000015 727.3323072849379
29.60000000000015 727.3323072849379
29.70000000000015 727.3323072849379
29.80000000000015 727.3323072849379
29.90000000000015 727.3323072849379
30.00000000000016 727.3323072849379
30.10000000000016 727.3323072849379
30.20000000000016 727.3323072849379
30.30000000000016 727.3323072849379
30.40000000000016 727.3323072849379
30.50000000000016 727.3323072849379
30.60000000000016 727.3323072849379
30.70000000000017 727.3323072849379
30.80000000000017 727.3323072849379
30.90000000000017 727.3323072849379
31.00000000000017 727.3323072849379
31.10000000000017 727.3323072849379
31.20000000000017 727.3323072849379
31.30000000000017 727.3323072849379
31.40000000000018 727.3323072849379
31.50000000000018 727.3323072849379
31.60000000000018 727.3323072849379
31.70000000000018 727.3323072849379
31.80000000000018 727.3323072849379
31.90000000000018 727.3323072849379
32.00000000000018 727.3323072849379
32.10000000000019 727.3323072849379
32.20000000000019 727.3323072849379
32.30000000000019 727.3323072849379
32.40000000000019 727.3323072849379
32.50000000000019 727.3323072849379
32.60000000000019 727.3323072849379
32.70000000000019 727.3323072849379
32.8000000000002 727.3323072849379
32.9000000000002 727.3323072849379
33.0000000000002 727.3323072849379
33.1000000000002 727.3323072849379
33.2000000000002 727.3323072849379
33.3000000000002 727.3323072849379
33.4000000000002 727.3323072849379
33.50000000000021 727.3323072849379
33.60000000000021 727.3323072849379
33.70000000000021 727.3323072849379
33.80000000000021 727.3323072849379
33.90000000000021 727.3323072849379
34.00000000000021 727.3323072849379
34.10000000000021 727.3323072849379
34.20000000000022 727.3323072849379
34.30000000000022 727.3323072849379
34.40000000000022 727.3323072849379
34.50000000000022 727.3323072849379
34.60000000000022 727.3323072849379
34.70000000000022 727.3323072849379
34.80000000000022 727.3323072849379
34.90000000000023 727.3323072849379
35.00000000000023 727.3323072849379
35.10000000000023 727.3323072849379
35.20000000000023 727.3323072849379
35.30000000000023 727.3323072849379
35.40000000000023 727.3323072849379
35.50000000000023 727.3323072849379
35.60000000000024 727.3323072849379
35.70000000000024 727.3323072849379
35.80000000000024 727.3323072849379
35.90000000000024 727.3323072849379
36.00000000000024 727.3323072849379
36.10000000000024 727.3323072849379
36.20000000000024 727.3323072849379
36.30000000000025 727.3323072849379
36.40000000000025 727.3323072849379
36.50000000000025 727.3323072849379
36.60000000000025 727.3323072849379
36.70000000000025 727.3323072849379
36.80000000000025 727.3323072849379
36.90000000000025 727.3323072849379
37.00000000000026 727.3323072849379
37.10000000000026 727.3323072849379
37.20000000000026 727.3323072849379
37.30000000000026 727.3323072849379
37.40000000000026 727.3323072849379
37.50000000000026 727.3323072849379
37.60000000000026 727.3323072849379
37.70000000000027 727.3323072849379
37.80000000000027 727.3323072849379
37.90000000000027 727.3323072849379
38.00000000000027 727.3323072849379
38.10000000000027 727.3323072849379
38.20000000000027 727.3323072849379
38.30000000000027 727.3323072849379
38.40000000000028 727.3323072849379
38.50000000000028 727.3323072849379
38.60000000000028 727.3323072849379
38.70000000000028 727.3323072849379
38.80000000000028 727.3323072849379
38.90000000000028 727.3323072849379
39.00000000000028 727.3323072849379
39.10000000000029 727.3323072849379
39.20000000000029 727.3323072849379
39.30000000000029 727.3323072849379
39.40000000000029 727.3323072849379
39.50000000000029 727.3323072849379
39.60000000000029 727.3323072849379
39.70000000000029 727.3323072849379
39.8000000000003 727.3323072849379
39.9000000000003 727.3323072849379
40.0000000000003 727.3323072849379
40.1000000000003 727.3323072849379
40.2000000000003 727.3323072849379
40.3000000000003 727.3323072849379
40.4000000000003 727.3323072849379
40.50000000000031 727.3323072849379
40.60000000000031 727.3323072849379
40.70000000000031 727.3323072849379
40.80000000000031 727.3323072849379
40.90000000000031 727.3323072849379
41.00000000000031 727.3323072849379
41.10000000000031 727.3323072849379
41.20000000000032 727.3323072849379
41.30000000000032 727.3323072849379
41.40000000000032 727.3323072849379
41.50000000000032 727.3323072849379
41.60000000000032 727.3323072849379
41.70000000000032 727.3323072849379
41.80000000000032 727.3323072849379
41.90000000000033 727.3323072849379
42.00000000000033 727.3323072849379
42.10000000000033 727.3323072849379
42.20000000000033 727.3323072849379
42.30000000000033 727.3323072849379
42.40000000000033 727.3323072849379
42.50000000000033 727.3323072849379
42.60000000000034 727.3323072849379
42.70000000000034 727.3323072849379
42.80000000000034 727.3323072849379
42.90000000000034 727.3323072849379
43.00000000000034 727.3323072849379
43.10000000000034 727.3323072849379
43.20000000000034 727.3323072849379
43.30000000000035 727.3323072849379
43.40000000000035 727.3323072849379
43.50000000000035 727.3323072849379
43.60000000000035 727.3323072849379
43.70000000000035 727.3323072849379
43.80000000000035 727.3323072849379
43.90000000000035 727.3323072849379
44.00000000000036 727.3323072849379
44.10000000000036 727.3323072849379
44.20000000000036 727.3323072849379
44.30000000000036 727.3323072849379
44.40000000000036 727.3323072849379
44.50000000000036 727.3323072849379
44.60000000000036 727.3323072849379
44.70000000000037 727.3323072849379
44.80000000000037 727.3323072849379
44.90000000000037 727.3323072849379
45.00000000000037 727.3323072849379
45.10000000000037 727.3323072849379
45.20000000000037 727.3323072849379
45.30000000000037 727.3323072849379
45.40000000000038 727.3323072849379
45.50000000000038 727.3323072849379
45.60000000000038 727.3323072849379
45.70000000000038 727.3323072849379
45.80000000000038 727.3323072849379
45.90000000000038 727.3323072849379
46.00000000000038 727.3323072849379
46.10000000000039 727.3323072849379
46.20000000000039 727.3323072849379
46.30000000000039 727.3323072849379
46.40000000000039 727.3323072849379
46.50000000000039 727.3323072849379
46.60000000000039 727.3323072849379
46.70000000000039 727.3323072849379
46.8000000000004 727.3323072849379
46.9000000000004 727.3323072849379
47.0000000000004 727.3323072849379
47.1000000000004 727.3323072849379
47.2000000000004 727.3323072849379
47.3000000000004 727.3323072849379
47.4000000000004 727.3323072849379
47.50000000000041 727.3323072849379
47.60000000000041 727.3323072849379
47.70000000000041 727.3323072849379
47.80000000000041 727.3323072849379
47.90000000000041 727.3323072849379
48.00000000000041 727.3323072849379
48.10000000000041 727.3323072849379
48.20000000000041 727.3323072849379
48.30000000000042 727.3323072849379
48.40000000000042 727.3323072849379
48.50000000000042 727.3323072849379
48.60000000000042 727.3323072849379
48.70000000000042 727.3323072849379
48.80000000000042 727.3323072849379
48.90000000000042 727.3323072849379
49.00000000000043 727.3323072849379
49.10000000000043 727.3323072849379
49.20000000000043 727.3323072849379
49.30000000000043 727.3323072849379
49.40000000000043 727.3323072849379
49.50000000000043 727.3323072849379
49.60000000000043 727.3323072849379
49.70000000000044 727.3323072849379
49.80000000000044 727.3323072849379
49.90000000000044 727.3323072849379