Time X1
0 250
0.1 349.1274773774177
0.2 349.127477377351
0.3 349.127477377351
0.4 349.127477377351
0.5 349.1274773773511
0.6 349.1274773773511
0.7 349.1274773773511
0.7999999999999999 349.1274773773511
0.8999999999999999 349.1274773773511
0.9999999999999999 349.1274773773511
1.1 349.1274773773511
1.2 349.1274773773511
1.3 349.1274773773511
1.4 349.1274773773511
1.5 349.1274773773511
1.6 349.1274773773511
1.7 349.1274773773511
1.8 349.1274773773511
1.900000000000001 349.1274773773511
2 349.1274773773511
2.100000000000001 349.1274773773511
2.200000000000001 349.1274773773511
2.300000000000001 349.1274773773511
2.400000000000001 349.1274773773511
2.500000000000001 349.1274773773511
2.600000000000001 349.1274773773511
2.700000000000001 349.1274773773511
2.800000000000001 349.1274773773511
2.900000000000001 349.1274773773511
3.000000000000001 349.1274773773511
3.100000000000001 349.1274773773511
3.200000000000002 349.1274773773511
3.300000000000002 349.1274773773511
3.400000000000002 349.1274773773511
3.500000000000002 349.1274773773511
3.600000000000002 349.1274773773511
3.700000000000002 349.1274773773511
3.800000000000002 349.1274773773511
3.900000000000002 349.1274773773511
4.000000000000002 349.1274773773511
4.100000000000001 349.1274773773511
4.200000000000001 349.1274773773511
4.300000000000001 349.1274773773511
4.4 349.1274773773511
4.5 349.1274773773511
4.6 349.1274773773511
4.699999999999999 349.1274773773511
4.799999999999999 349.1274773773511
4.899999999999999 349.1274773773511
4.999999999999998 349.1274773773511
5.099999999999998 349.1274773773511
5.199999999999998 349.1274773773511
5.299999999999997 349.1274773773511
5.399999999999997 349.1274773773511
5.499999999999996 349.1274773773511
5.599999999999996 349.1274773773511
5.699999999999996 349.1274773773511
5.799999999999995 349.1274773773511
5.899999999999995 349.1274773773511
5.999999999999995 349.1274773773511
6.099999999999994 349.1274773773511
6.199999999999994 349.1274773773511
6.299999999999994 349.1274773773511
6.399999999999993 349.1274773773511
6.499999999999993 349.1274773773511
6.599999999999993 349.1274773773511
6.699999999999992 349.1274773773511
6.799999999999992 349.1274773773511
6.899999999999991 349.1274773773511
6.999999999999991 349.1274773773511
7.099999999999991 349.1274773773511
7.19999999999999 349.1274773773511
7.29999999999999 349.1274773773511
7.39999999999999 349.1274773773511
7.499999999999989 349.1274773773511
7.599999999999989 349.1274773773511
7.699999999999989 349.1274773773511
7.799999999999988 349.1274773773511
7.899999999999988 349.1274773773511
7.999999999999988 349.1274773773511
8.099999999999987 349.1274773773511
8.199999999999987 349.1274773773511
8.299999999999986 349.1274773773511
8.399999999999986 349.1274773773511
8.499999999999986 349.1274773773511
8.599999999999985 349.1274773773511
8.699999999999985 349.1274773773511
8.799999999999985 349.1274773773511
8.899999999999984 349.1274773773511
8.999999999999984 349.1274773773511
9.099999999999984 349.1274773773511
9.199999999999983 349.1274773773511
9.299999999999983 349.1274773773511
9.399999999999983 349.1274773773511
9.499999999999982 349.1274773773511
9.599999999999982 349.1274773773511
9.699999999999982 349.1274773773511
9.799999999999981 349.1274773773511
9.899999999999981 349.1274773773511
9.99999999999998 349.1274773773511
10.09999999999998 349.1274773773511
10.19999999999998 349.1274773773511
10.29999999999998 349.1274773773511
10.39999999999998 349.1274773773511
10.49999999999998 349.1274773773511
10.59999999999998 349.1274773773511
10.69999999999998 349.1274773773511
10.79999999999998 349.1274773773511
10.89999999999998 349.1274773773511
10.99999999999998 349.1274773773511
11.09999999999998 349.1274773773511
11.19999999999998 349.1274773773511
11.29999999999998 349.1274773773511
11.39999999999998 349.1274773773511
11.49999999999998 349.1274773773511
11.59999999999997 349.1274773773511
11.69999999999997 349.1274773773511
11.79999999999997 349.1274773773511
11.89999999999997 349.1274773773511
11.99999999999997 349.1274773773511
12.09999999999997 349.1274773773511
12.19999999999997 349.1274773773511
12.29999999999997 349.1274773773511
12.39999999999997 349.1274773773511
12.49999999999997 349.1274773773511
12.59999999999997 349.1274773773511
12.69999999999997 349.1274773773511
12.79999999999997 349.1274773773511
12.89999999999997 349.1274773773511
12.99999999999997 349.1274773773511
13.09999999999997 349.1274773773511
13.19999999999997 349.1274773773511
13.29999999999997 349.1274773773511
13.39999999999997 349.1274773773511
13.49999999999997 349.1274773773511
13.59999999999997 349.1274773773511
13.69999999999997 349.1274773773511
13.79999999999997 349.1274773773511
13.89999999999997 349.1274773773511
13.99999999999997 349.1274773773511
14.09999999999997 349.1274773773511
14.19999999999997 349.1274773773511
14.29999999999997 349.1274773773511
14.39999999999996 349.1274773773511
14.49999999999996 349.1274773773511
14.59999999999996 349.1274773773511
14.69999999999996 349.1274773773511
14.79999999999996 349.1274773773511
14.89999999999996 349.1274773773511
14.99999999999996 349.1274773773511
15.09999999999996 349.1274773773511
15.19999999999996 349.1274773773511
15.29999999999996 349.1274773773511
15.39999999999996 349.1274773773511
15.49999999999996 349.1274773773511
15.59999999999996 349.1274773773511
15.69999999999996 349.1274773773511
15.79999999999996 349.1274773773511
15.89999999999996 349.1274773773511
15.99999999999996 349.1274773773511
16.09999999999996 349.127477377351
16.19999999999996 349.127477377351
16.29999999999996 349.127477377351
16.39999999999996 349.127477377351
16.49999999999996 349.127477377351
16.59999999999997 349.127477377351
16.69999999999997 349.127477377351
16.79999999999997 349.127477377351
16.89999999999997 349.127477377351
16.99999999999997 349.127477377351
17.09999999999997 349.127477377351
17.19999999999997 349.127477377351
17.29999999999998 349.127477377351
17.39999999999998 349.127477377351
17.49999999999998 349.127477377351
17.59999999999998 349.127477377351
17.69999999999998 349.127477377351
17.79999999999998 349.127477377351
17.89999999999998 349.127477377351
17.99999999999999 349.127477377351
18.09999999999999 349.127477377351
18.19999999999999 349.127477377351
18.29999999999999 349.127477377351
18.39999999999999 349.127477377351
18.49999999999999 349.127477377351
18.59999999999999 349.127477377351
18.7 349.127477377351
18.8 349.127477377351
18.9 349.127477377351
19 349.127477377351
19.1 349.127477377351
19.2 349.127477377351
19.3 349.127477377351
19.40000000000001 349.127477377351
19.50000000000001 349.127477377351
19.60000000000001 349.127477377351
19.70000000000001 349.127477377351
19.80000000000001 349.127477377351
19.90000000000001 349.127477377351
20.00000000000001 349.127477377351
20.10000000000002 349.127477377351
20.20000000000002 349.127477377351
20.30000000000002 349.127477377351
20.40000000000002 349.127477377351
20.50000000000002 349.127477377351
20.60000000000002 349.127477377351
20.70000000000002 349.127477377351
20.80000000000003 349.127477377351
20.90000000000003 349.127477377351
21.00000000000003 349.127477377351
21.10000000000003 349.127477377351
21.20000000000003 349.127477377351
21.30000000000003 349.127477377351
21.40000000000003 349.127477377351
21.50000000000004 349.127477377351
21.60000000000004 349.127477377351
21.70000000000004 349.127477377351
21.80000000000004 349.127477377351
21.90000000000004 349.127477377351
22.00000000000004 349.127477377351
22.10000000000004 349.127477377351
22.20000000000005 349.127477377351
22.30000000000005 349.127477377351
22.40000000000005 349.127477377351
22.50000000000005 349.127477377351
22.60000000000005 349.127477377351
22.70000000000005 349.127477377351
22.80000000000005 349.127477377351
22.90000000000006 349.127477377351
23.00000000000006 349.127477377351
23.10000000000006 349.127477377351
23.20000000000006 349.127477377351
23.30000000000006 349.127477377351
23.40000000000006 349.127477377351
23.50000000000006 349.127477377351
23.60000000000007 349.127477377351
23.70000000000007 349.127477377351
23.80000000000007 349.127477377351
23.90000000000007 349.127477377351
24.00000000000007 349.127477377351
24.10000000000007 349.127477377351
24.20000000000007 349.127477377351
24.30000000000008 349.127477377351
24.40000000000008 349.127477377351
24.50000000000008 349.127477377351
24.60000000000008 349.127477377351
24.70000000000008 349.127477377351
24.80000000000008 349.127477377351
24.90000000000008 349.127477377351
25.00000000000009 349.127477377351
25.10000000000009 349.127477377351
25.20000000000009 349.127477377351
25.30000000000009 349.127477377351
25.40000000000009 349.127477377351
25.50000000000009 349.127477377351
25.60000000000009 349.127477377351
25.7000000000001 349.127477377351
25.8000000000001 349.127477377351
25.9000000000001 349.127477377351
26.0000000000001 349.127477377351
26.1000000000001 349.127477377351
26.2000000000001 349.127477377351
26.3000000000001 349.127477377351
26.40000000000011 349.127477377351
26.50000000000011 349.127477377351
26.60000000000011 349.127477377351
26.70000000000011 349.127477377351
26.80000000000011 349.127477377351
26.90000000000011 349.127477377351
27.00000000000011 349.127477377351
27.10000000000012 349.127477377351
27.20000000000012 349.127477377351
27.30000000000012 349.127477377351
27.40000000000012 349.127477377351
27.50000000000012 349.127477377351
27.60000000000012 349.127477377351
27.70000000000012 349.127477377351
27.80000000000013 349.127477377351
27.90000000000013 349.127477377351
28.00000000000013 349.127477377351
28.10000000000013 349.127477377351
28.20000000000013 349.127477377351
28.30000000000013 349.127477377351
28.40000000000013 349.127477377351
28.50000000000014 349.127477377351
28.60000000000014 349.127477377351
28.70000000000014 349.127477377351
28.80000000000014 349.127477377351
28.90000000000014 349.127477377351
29.00000000000014 349.127477377351
29.10000000000014 349.127477377351
29.20000000000014 349.127477377351
29.30000000000015 349.127477377351
29.40000000000015 349.127477377351
29.50000000000015 349.127477377351
29.60000000000015 349.127477377351
29.70000000000015 349.127477377351
29.80000000000015 349.127477377351
29.90000000000015 349.127477377351
30.00000000000016 349.127477377351
30.10000000000016 349.127477377351
30.20000000000016 349.127477377351
30.30000000000016 349.127477377351
30.40000000000016 349.127477377351
30.50000000000016 349.127477377351
30.60000000000016 349.127477377351
30.70000000000017 349.127477377351
30.80000000000017 349.127477377351
30.90000000000017 349.127477377351
31.00000000000017 349.127477377351
31.10000000000017 349.127477377351
31.20000000000017 349.127477377351
31.30000000000017 349.127477377351
31.40000000000018 349.127477377351
31.50000000000018 349.127477377351
31.60000000000018 349.127477377351
31.70000000000018 349.127477377351
31.80000000000018 349.127477377351
31.90000000000018 349.127477377351
32.00000000000018 349.127477377351
32.10000000000019 349.127477377351
32.20000000000019 349.127477377351
32.30000000000019 349.127477377351
32.40000000000019 349.127477377351
32.50000000000019 349.127477377351
32.60000000000019 349.127477377351
32.70000000000019 349.127477377351
32.8000000000002 349.127477377351
32.9000000000002 349.127477377351
33.0000000000002 349.127477377351
33.1000000000002 349.127477377351
33.2000000000002 349.127477377351
33.3000000000002 349.127477377351
33.4000000000002 349.127477377351
33.50000000000021 349.127477377351
33.60000000000021 349.127477377351
33.70000000000021 349.127477377351
33.80000000000021 349.127477377351
33.90000000000021 349.127477377351
34.00000000000021 349.127477377351
34.10000000000021 349.127477377351
34.20000000000022 349.127477377351
34.30000000000022 349.127477377351
34.40000000000022 349.127477377351
34.50000000000022 349.127477377351
34.60000000000022 349.127477377351
34.70000000000022 349.127477377351
34.80000000000022 349.127477377351
34.90000000000023 349.127477377351
35.00000000000023 349.127477377351
35.10000000000023 349.127477377351
35.20000000000023 349.127477377351
35.30000000000023 349.127477377351
35.40000000000023 349.127477377351
35.50000000000023 349.127477377351
35.60000000000024 349.127477377351
35.70000000000024 349.127477377351
35.80000000000024 349.127477377351
35.90000000000024 349.127477377351
36.00000000000024 349.127477377351
36.10000000000024 349.127477377351
36.20000000000024 349.127477377351
36.30000000000025 349.127477377351
36.40000000000025 349.127477377351
36.50000000000025 349.127477377351
36.60000000000025 349.127477377351
36.70000000000025 349.127477377351
36.80000000000025 349.127477377351
36.90000000000025 349.127477377351
37.00000000000026 349.127477377351
37.10000000000026 349.127477377351
37.20000000000026 349.127477377351
37.30000000000026 349.127477377351
37.40000000000026 349.127477377351
37.50000000000026 349.127477377351
37.60000000000026 349.127477377351
37.70000000000027 349.127477377351
37.80000000000027 349.127477377351
37.90000000000027 349.127477377351
38.00000000000027 349.127477377351
38.10000000000027 349.127477377351
38.20000000000027 349.127477377351
38.30000000000027 349.127477377351
38.40000000000028 349.127477377351
38.50000000000028 349.127477377351
38.60000000000028 349.127477377351
38.70000000000028 349.127477377351
38.80000000000028 349.127477377351
38.90000000000028 349.127477377351
39.00000000000028 349.127477377351
39.10000000000029 349.127477377351
39.20000000000029 349.127477377351
39.30000000000029 349.127477377351
39.40000000000029 349.127477377351
39.50000000000029 349.127477377351
39.60000000000029 349.127477377351
39.70000000000029 349.127477377351
39.8000000000003 349.127477377351
39.9000000000003 349.127477377351
40.0000000000003 349.127477377351
40.1000000000003 349.127477377351
40.2000000000003 349.127477377351
40.3000000000003 349.127477377351
40.4000000000003 349.127477377351
40.50000000000031 349.127477377351
40.60000000000031 349.127477377351
40.70000000000031 349.127477377351
40.80000000000031 349.127477377351
40.90000000000031 349.127477377351
41.00000000000031 349.127477377351
41.10000000000031 349.127477377351
41.20000000000032 349.127477377351
41.30000000000032 349.127477377351
41.40000000000032 349.127477377351
41.50000000000032 349.127477377351
41.60000000000032 349.127477377351
41.70000000000032 349.127477377351
41.80000000000032 349.127477377351
41.90000000000033 349.127477377351
42.00000000000033 349.127477377351
42.10000000000033 349.127477377351
42.20000000000033 349.127477377351
42.30000000000033 349.127477377351
42.40000000000033 349.127477377351
42.50000000000033 349.127477377351
42.60000000000034 349.127477377351
42.70000000000034 349.127477377351
42.80000000000034 349.127477377351
42.90000000000034 349.127477377351
43.00000000000034 349.127477377351
43.10000000000034 349.127477377351
43.20000000000034 349.127477377351
43.30000000000035 349.127477377351
43.40000000000035 349.127477377351
43.50000000000035 349.127477377351
43.60000000000035 349.127477377351
43.70000000000035 349.127477377351
43.80000000000035 349.127477377351
43.90000000000035 349.127477377351
44.00000000000036 349.127477377351
44.10000000000036 349.127477377351
44.20000000000036 349.127477377351
44.30000000000036 349.127477377351
44.40000000000036 349.127477377351
44.50000000000036 349.127477377351
44.60000000000036 349.127477377351
44.70000000000037 349.127477377351
44.80000000000037 349.127477377351
44.90000000000037 349.127477377351
45.00000000000037 349.127477377351
45.10000000000037 349.127477377351
45.20000000000037 349.127477377351
45.30000000000037 349.127477377351
45.40000000000038 349.127477377351
45.50000000000038 349.127477377351
45.60000000000038 349.127477377351
45.70000000000038 349.127477377351
45.80000000000038 349.127477377351
45.90000000000038 349.127477377351
46.00000000000038 349.127477377351
46.10000000000039 349.127477377351
46.20000000000039 349.127477377351
46.30000000000039 349.127477377351
46.40000000000039 349.127477377351
46.50000000000039 349.127477377351
46.60000000000039 349.127477377351
46.70000000000039 349.127477377351
46.8000000000004 349.127477377351
46.9000000000004 349.127477377351
47.0000000000004 349.127477377351
47.1000000000004 349.127477377351
47.2000000000004 349.127477377351
47.3000000000004 349.127477377351
47.4000000000004 349.127477377351
47.50000000000041 349.127477377351
47.60000000000041 349.127477377351
47.70000000000041 349.127477377351
47.80000000000041 349.127477377351
47.90000000000041 349.127477377351
48.00000000000041 349.127477377351
48.10000000000041 349.127477377351
48.20000000000041 349.127477377351
48.30000000000042 349.127477377351
48.40000000000042 349.127477377351
48.50000000000042 349.127477377351
48.60000000000042 349.127477377351
48.70000000000042 349.127477377351
48.80000000000042 349.127477377351
48.90000000000042 349.127477377351
49.00000000000043 349.127477377351
49.10000000000043 349.127477377351
49.20000000000043 349.127477377351
49.30000000000043 349.127477377351
49.40000000000043 349.127477377351
49.50000000000043 349.127477377351
49.60000000000043 349.127477377351
49.70000000000044 349.127477377351
49.80000000000044 349.127477377351
49.90000000000044 349.127477377351