Time X1
0 250
0.1 631.457211491058
0.2 631.4572114910549
0.3 631.4572114910549
0.4 631.4572114910549
0.5 631.4572114910549
0.6 631.4572114910549
0.7 631.4572114910549
0.7999999999999999 631.4572114910549
0.8999999999999999 631.4572114910549
0.9999999999999999 631.4572114910549
1.1 631.4572114910549
1.2 631.4572114910549
1.3 631.4572114910549
1.4 631.4572114910549
1.5 631.4572114910549
1.6 631.4572114910549
1.7 631.4572114910549
1.8 631.4572114910549
1.900000000000001 631.4572114910549
2 631.4572114910549
2.100000000000001 631.4572114910549
2.200000000000001 631.4572114910549
2.300000000000001 631.4572114910549
2.400000000000001 631.4572114910549
2.500000000000001 631.4572114910549
2.600000000000001 631.4572114910549
2.700000000000001 631.4572114910549
2.800000000000001 631.4572114910549
2.900000000000001 631.4572114910549
3.000000000000001 631.4572114910549
3.100000000000001 631.4572114910549
3.200000000000002 631.4572114910549
3.300000000000002 631.4572114910549
3.400000000000002 631.4572114910549
3.500000000000002 631.4572114910549
3.600000000000002 631.4572114910549
3.700000000000002 631.4572114910549
3.800000000000002 631.4572114910549
3.900000000000002 631.4572114910549
4.000000000000002 631.4572114910549
4.100000000000001 631.4572114910549
4.200000000000001 631.4572114910549
4.300000000000001 631.4572114910549
4.4 631.4572114910547
4.5 631.4572114910547
4.6 631.4572114910547
4.699999999999999 631.4572114910547
4.799999999999999 631.4572114910547
4.899999999999999 631.4572114910547
4.999999999999998 631.4572114910547
5.099999999999998 631.4572114910547
5.199999999999998 631.4572114910547
5.299999999999997 631.4572114910547
5.399999999999997 631.4572114910547
5.499999999999996 631.4572114910547
5.599999999999996 631.4572114910547
5.699999999999996 631.4572114910547
5.799999999999995 631.4572114910547
5.899999999999995 631.4572114910547
5.999999999999995 631.4572114910547
6.099999999999994 631.4572114910547
6.199999999999994 631.4572114910547
6.299999999999994 631.4572114910547
6.399999999999993 631.4572114910547
6.499999999999993 631.4572114910547
6.599999999999993 631.4572114910547
6.699999999999992 631.4572114910547
6.799999999999992 631.4572114910547
6.899999999999991 631.4572114910547
6.999999999999991 631.4572114910547
7.099999999999991 631.4572114910547
7.19999999999999 631.4572114910547
7.29999999999999 631.4572114910547
7.39999999999999 631.4572114910547
7.499999999999989 631.4572114910547
7.599999999999989 631.4572114910547
7.699999999999989 631.4572114910547
7.799999999999988 631.4572114910547
7.899999999999988 631.4572114910547
7.999999999999988 631.4572114910547
8.099999999999987 631.4572114910547
8.199999999999987 631.4572114910547
8.299999999999986 631.4572114910547
8.399999999999986 631.4572114910547
8.499999999999986 631.4572114910547
8.599999999999985 631.4572114910547
8.699999999999985 631.4572114910547
8.799999999999985 631.4572114910547
8.899999999999984 631.4572114910547
8.999999999999984 631.4572114910547
9.099999999999984 631.4572114910547
9.199999999999983 631.4572114910547
9.299999999999983 631.4572114910547
9.399999999999983 631.4572114910547
9.499999999999982 631.4572114910547
9.599999999999982 631.4572114910547
9.699999999999982 631.4572114910547
9.799999999999981 631.4572114910547
9.899999999999981 631.4572114910547
9.99999999999998 631.4572114910547
10.09999999999998 631.4572114910547
10.19999999999998 631.4572114910547
10.29999999999998 631.4572114910547
10.39999999999998 631.4572114910547
10.49999999999998 631.4572114910547
10.59999999999998 631.4572114910547
10.69999999999998 631.4572114910547
10.79999999999998 631.4572114910547
10.89999999999998 631.4572114910547
10.99999999999998 631.4572114910547
11.09999999999998 631.4572114910547
11.19999999999998 631.4572114910547
11.29999999999998 631.4572114910547
11.39999999999998 631.4572114910547
11.49999999999998 631.4572114910547
11.59999999999997 631.4572114910547
11.69999999999997 631.4572114910547
11.79999999999997 631.4572114910547
11.89999999999997 631.4572114910547
11.99999999999997 631.4572114910547
12.09999999999997 631.4572114910547
12.19999999999997 631.4572114910547
12.29999999999997 631.4572114910547
12.39999999999997 631.4572114910547
12.49999999999997 631.4572114910547
12.59999999999997 631.4572114910547
12.69999999999997 631.4572114910547
12.79999999999997 631.4572114910547
12.89999999999997 631.4572114910547
12.99999999999997 631.4572114910547
13.09999999999997 631.4572114910547
13.19999999999997 631.4572114910547
13.29999999999997 631.4572114910547
13.39999999999997 631.4572114910547
13.49999999999997 631.4572114910547
13.59999999999997 631.4572114910547
13.69999999999997 631.4572114910547
13.79999999999997 631.4572114910547
13.89999999999997 631.4572114910547
13.99999999999997 631.4572114910547
14.09999999999997 631.4572114910547
14.19999999999997 631.4572114910547
14.29999999999997 631.4572114910547
14.39999999999996 631.4572114910547
14.49999999999996 631.4572114910547
14.59999999999996 631.4572114910547
14.69999999999996 631.4572114910547
14.79999999999996 631.4572114910547
14.89999999999996 631.4572114910547
14.99999999999996 631.4572114910547
15.09999999999996 631.4572114910547
15.19999999999996 631.4572114910547
15.29999999999996 631.4572114910547
15.39999999999996 631.4572114910547
15.49999999999996 631.4572114910547
15.59999999999996 631.4572114910547
15.69999999999996 631.4572114910547
15.79999999999996 631.4572114910547
15.89999999999996 631.4572114910547
15.99999999999996 631.4572114910547
16.09999999999996 631.4572114910547
16.19999999999996 631.4572114910547
16.29999999999996 631.4572114910547
16.39999999999996 631.4572114910547
16.49999999999996 631.4572114910547
16.59999999999997 631.4572114910547
16.69999999999997 631.4572114910547
16.79999999999997 631.4572114910547
16.89999999999997 631.4572114910547
16.99999999999997 631.4572114910547
17.09999999999997 631.4572114910547
17.19999999999997 631.4572114910547
17.29999999999998 631.4572114910547
17.39999999999998 631.4572114910547
17.49999999999998 631.4572114910547
17.59999999999998 631.4572114910547
17.69999999999998 631.4572114910547
17.79999999999998 631.4572114910547
17.89999999999998 631.4572114910547
17.99999999999999 631.4572114910547
18.09999999999999 631.4572114910547
18.19999999999999 631.4572114910547
18.29999999999999 631.4572114910547
18.39999999999999 631.4572114910547
18.49999999999999 631.4572114910547
18.59999999999999 631.4572114910547
18.7 631.4572114910547
18.8 631.4572114910547
18.9 631.4572114910547
19 631.4572114910547
19.1 631.4572114910547
19.2 631.4572114910547
19.3 631.4572114910547
19.40000000000001 631.4572114910547
19.50000000000001 631.4572114910547
19.60000000000001 631.4572114910547
19.70000000000001 631.4572114910547
19.80000000000001 631.4572114910547
19.90000000000001 631.4572114910547
20.00000000000001 631.4572114910547
20.10000000000002 631.4572114910547
20.20000000000002 631.4572114910547
20.30000000000002 631.4572114910547
20.40000000000002 631.4572114910547
20.50000000000002 631.4572114910547
20.60000000000002 631.4572114910547
20.70000000000002 631.4572114910547
20.80000000000003 631.4572114910547
20.90000000000003 631.4572114910547
21.00000000000003 631.4572114910547
21.10000000000003 631.4572114910547
21.20000000000003 631.4572114910547
21.30000000000003 631.4572114910547
21.40000000000003 631.4572114910547
21.50000000000004 631.4572114910547
21.60000000000004 631.4572114910547
21.70000000000004 631.4572114910547
21.80000000000004 631.4572114910547
21.90000000000004 631.4572114910547
22.00000000000004 631.4572114910547
22.10000000000004 631.4572114910547
22.20000000000005 631.4572114910547
22.30000000000005 631.4572114910547
22.40000000000005 631.4572114910547
22.50000000000005 631.4572114910547
22.60000000000005 631.4572114910547
22.70000000000005 631.4572114910547
22.80000000000005 631.4572114910547
22.90000000000006 631.4572114910547
23.00000000000006 631.4572114910547
23.10000000000006 631.4572114910547
23.20000000000006 631.4572114910547
23.30000000000006 631.4572114910547
23.40000000000006 631.4572114910547
23.50000000000006 631.4572114910547
23.60000000000007 631.4572114910547
23.70000000000007 631.4572114910547
23.80000000000007 631.4572114910547
23.90000000000007 631.4572114910547
24.00000000000007 631.4572114910547
24.10000000000007 631.4572114910547
24.20000000000007 631.4572114910547
24.30000000000008 631.4572114910547
24.40000000000008 631.4572114910547
24.50000000000008 631.4572114910547
24.60000000000008 631.4572114910547
24.70000000000008 631.4572114910547
24.80000000000008 631.4572114910547
24.90000000000008 631.4572114910547
25.00000000000009 631.4572114910547
25.10000000000009 631.4572114910547
25.20000000000009 631.4572114910547
25.30000000000009 631.4572114910547
25.40000000000009 631.4572114910547
25.50000000000009 631.4572114910547
25.60000000000009 631.4572114910547
25.7000000000001 631.4572114910547
25.8000000000001 631.4572114910547
25.9000000000001 631.4572114910547
26.0000000000001 631.4572114910547
26.1000000000001 631.4572114910547
26.2000000000001 631.4572114910547
26.3000000000001 631.4572114910547
26.40000000000011 631.4572114910547
26.50000000000011 631.4572114910547
26.60000000000011 631.4572114910547
26.70000000000011 631.4572114910547
26.80000000000011 631.4572114910547
26.90000000000011 631.4572114910547
27.00000000000011 631.4572114910547
27.10000000000012 631.4572114910547
27.20000000000012 631.4572114910547
27.30000000000012 631.4572114910547
27.40000000000012 631.4572114910547
27.50000000000012 631.4572114910547
27.60000000000012 631.4572114910547
27.70000000000012 631.4572114910547
27.80000000000013 631.4572114910547
27.90000000000013 631.4572114910547
28.00000000000013 631.4572114910547
28.10000000000013 631.4572114910547
28.20000000000013 631.4572114910547
28.30000000000013 631.4572114910547
28.40000000000013 631.4572114910547
28.50000000000014 631.4572114910547
28.60000000000014 631.4572114910547
28.70000000000014 631.4572114910547
28.80000000000014 631.4572114910547
28.90000000000014 631.4572114910547
29.00000000000014 631.4572114910547
29.10000000000014 631.4572114910547
29.20000000000014 631.4572114910547
29.30000000000015 631.4572114910547
29.40000000000015 631.4572114910547
29.50000000000015 631.4572114910547
29.60000000000015 631.4572114910547
29.70000000000015 631.4572114910547
29.80000000000015 631.4572114910547
29.90000000000015 631.4572114910547
30.00000000000016 631.4572114910547
30.10000000000016 631.4572114910547
30.20000000000016 631.4572114910547
30.30000000000016 631.4572114910547
30.40000000000016 631.4572114910547
30.50000000000016 631.4572114910547
30.60000000000016 631.4572114910547
30.70000000000017 631.4572114910547
30.80000000000017 631.4572114910547
30.90000000000017 631.4572114910547
31.00000000000017 631.4572114910547
31.10000000000017 631.4572114910547
31.20000000000017 631.4572114910547
31.30000000000017 631.4572114910547
31.40000000000018 631.4572114910547
31.50000000000018 631.4572114910547
31.60000000000018 631.4572114910547
31.70000000000018 631.4572114910547
31.80000000000018 631.4572114910547
31.90000000000018 631.4572114910547
32.00000000000018 631.4572114910547
32.10000000000019 631.4572114910547
32.20000000000019 631.4572114910547
32.30000000000019 631.4572114910547
32.40000000000019 631.4572114910547
32.50000000000019 631.4572114910547
32.60000000000019 631.4572114910547
32.70000000000019 631.4572114910547
32.8000000000002 631.4572114910547
32.9000000000002 631.4572114910547
33.0000000000002 631.4572114910547
33.1000000000002 631.4572114910547
33.2000000000002 631.4572114910547
33.3000000000002 631.4572114910547
33.4000000000002 631.4572114910547
33.50000000000021 631.4572114910547
33.60000000000021 631.4572114910547
33.70000000000021 631.4572114910547
33.80000000000021 631.4572114910547
33.90000000000021 631.4572114910547
34.00000000000021 631.4572114910547
34.10000000000021 631.4572114910547
34.20000000000022 631.4572114910547
34.30000000000022 631.4572114910547
34.40000000000022 631.4572114910547
34.50000000000022 631.4572114910547
34.60000000000022 631.4572114910547
34.70000000000022 631.4572114910547
34.80000000000022 631.4572114910547
34.90000000000023 631.4572114910547
35.00000000000023 631.4572114910547
35.10000000000023 631.4572114910547
35.20000000000023 631.4572114910547
35.30000000000023 631.4572114910547
35.40000000000023 631.4572114910547
35.50000000000023 631.4572114910547
35.60000000000024 631.4572114910547
35.70000000000024 631.4572114910547
35.80000000000024 631.4572114910547
35.90000000000024 631.4572114910547
36.00000000000024 631.4572114910547
36.10000000000024 631.4572114910547
36.20000000000024 631.4572114910547
36.30000000000025 631.4572114910547
36.40000000000025 631.4572114910547
36.50000000000025 631.4572114910547
36.60000000000025 631.4572114910547
36.70000000000025 631.4572114910547
36.80000000000025 631.4572114910547
36.90000000000025 631.4572114910547
37.00000000000026 631.4572114910547
37.10000000000026 631.4572114910547
37.20000000000026 631.4572114910547
37.30000000000026 631.4572114910547
37.40000000000026 631.4572114910547
37.50000000000026 631.4572114910547
37.60000000000026 631.4572114910547
37.70000000000027 631.4572114910547
37.80000000000027 631.4572114910547
37.90000000000027 631.4572114910547
38.00000000000027 631.4572114910547
38.10000000000027 631.4572114910547
38.20000000000027 631.4572114910547
38.30000000000027 631.4572114910547
38.40000000000028 631.4572114910547
38.50000000000028 631.4572114910547
38.60000000000028 631.4572114910547
38.70000000000028 631.4572114910547
38.80000000000028 631.4572114910547
38.90000000000028 631.4572114910547
39.00000000000028 631.4572114910547
39.10000000000029 631.4572114910547
39.20000000000029 631.4572114910547
39.30000000000029 631.4572114910547
39.40000000000029 631.4572114910547
39.50000000000029 631.4572114910547
39.60000000000029 631.4572114910547
39.70000000000029 631.4572114910547
39.8000000000003 631.4572114910547
39.9000000000003 631.4572114910547
40.0000000000003 631.4572114910547
40.1000000000003 631.4572114910547
40.2000000000003 631.4572114910547
40.3000000000003 631.4572114910547
40.4000000000003 631.4572114910547
40.50000000000031 631.4572114910547
40.60000000000031 631.4572114910547
40.70000000000031 631.4572114910547
40.80000000000031 631.4572114910547
40.90000000000031 631.4572114910547
41.00000000000031 631.4572114910547
41.10000000000031 631.4572114910547
41.20000000000032 631.4572114910547
41.30000000000032 631.4572114910547
41.40000000000032 631.4572114910547
41.50000000000032 631.4572114910547
41.60000000000032 631.4572114910547
41.70000000000032 631.4572114910547
41.80000000000032 631.4572114910547
41.90000000000033 631.4572114910547
42.00000000000033 631.4572114910547
42.10000000000033 631.4572114910547
42.20000000000033 631.4572114910547
42.30000000000033 631.4572114910547
42.40000000000033 631.4572114910547
42.50000000000033 631.4572114910547
42.60000000000034 631.4572114910547
42.70000000000034 631.4572114910547
42.80000000000034 631.4572114910547
42.90000000000034 631.4572114910547
43.00000000000034 631.4572114910547
43.10000000000034 631.4572114910547
43.20000000000034 631.4572114910547
43.30000000000035 631.4572114910547
43.40000000000035 631.4572114910547
43.50000000000035 631.4572114910547
43.60000000000035 631.4572114910547
43.70000000000035 631.4572114910547
43.80000000000035 631.4572114910547
43.90000000000035 631.4572114910547
44.00000000000036 631.4572114910547
44.10000000000036 631.4572114910547
44.20000000000036 631.4572114910547
44.30000000000036 631.4572114910547
44.40000000000036 631.4572114910547
44.50000000000036 631.4572114910547
44.60000000000036 631.4572114910547
44.70000000000037 631.4572114910547
44.80000000000037 631.4572114910547
44.90000000000037 631.4572114910547
45.00000000000037 631.4572114910547
45.10000000000037 631.4572114910547
45.20000000000037 631.4572114910547
45.30000000000037 631.4572114910547
45.40000000000038 631.4572114910547
45.50000000000038 631.4572114910547
45.60000000000038 631.4572114910547
45.70000000000038 631.4572114910547
45.80000000000038 631.4572114910547
45.90000000000038 631.4572114910547
46.00000000000038 631.4572114910547
46.10000000000039 631.4572114910547
46.20000000000039 631.4572114910547
46.30000000000039 631.4572114910547
46.40000000000039 631.4572114910547
46.50000000000039 631.4572114910547
46.60000000000039 631.4572114910547
46.70000000000039 631.4572114910547
46.8000000000004 631.4572114910547
46.9000000000004 631.4572114910547
47.0000000000004 631.4572114910547
47.1000000000004 631.4572114910547
47.2000000000004 631.4572114910547
47.3000000000004 631.4572114910547
47.4000000000004 631.4572114910547
47.50000000000041 631.4572114910547
47.60000000000041 631.4572114910547
47.70000000000041 631.4572114910547
47.80000000000041 631.4572114910547
47.90000000000041 631.4572114910547
48.00000000000041 631.4572114910547
48.10000000000041 631.4572114910547
48.20000000000041 631.4572114910547
48.30000000000042 631.4572114910547
48.40000000000042 631.4572114910547
48.50000000000042 631.4572114910547
48.60000000000042 631.4572114910547
48.70000000000042 631.4572114910547
48.80000000000042 631.4572114910547
48.90000000000042 631.4572114910547
49.00000000000043 631.4572114910547
49.10000000000043 631.4572114910547
49.20000000000043 631.4572114910547
49.30000000000043 631.4572114910547
49.40000000000043 631.4572114910547
49.50000000000043 631.4572114910547
49.60000000000043 631.4572114910547
49.70000000000044 631.4572114910547
49.80000000000044 631.4572114910547
49.90000000000044 631.4572114910547