Time X1
0 250
0.1 3295.57184918733
0.2 3295.57184918733
0.3 3295.57184918733
0.4 3295.571849187331
0.5 3295.571849187331
0.6 3295.571849187331
0.7 3295.571849187331
0.7999999999999999 3295.571849187331
0.8999999999999999 3295.571849187331
0.9999999999999999 3295.571849187331
1.1 3295.571849187331
1.2 3295.571849187331
1.3 3295.571849187331
1.4 3295.571849187331
1.5 3295.571849187331
1.6 3295.571849187331
1.7 3295.571849187331
1.8 3295.571849187331
1.900000000000001 3295.571849187331
2 3295.571849187331
2.100000000000001 3295.571849187331
2.200000000000001 3295.571849187331
2.300000000000001 3295.571849187331
2.400000000000001 3295.571849187331
2.500000000000001 3295.571849187331
2.600000000000001 3295.571849187331
2.700000000000001 3295.571849187331
2.800000000000001 3295.571849187331
2.900000000000001 3295.571849187331
3.000000000000001 3295.571849187331
3.100000000000001 3295.571849187331
3.200000000000002 3295.571849187331
3.300000000000002 3295.571849187331
3.400000000000002 3295.571849187331
3.500000000000002 3295.571849187331
3.600000000000002 3295.571849187331
3.700000000000002 3295.571849187331
3.800000000000002 3295.571849187331
3.900000000000002 3295.571849187331
4.000000000000002 3295.571849187331
4.100000000000001 3295.571849187331
4.200000000000001 3295.571849187331
4.300000000000001 3295.571849187331
4.4 3295.571849187331
4.5 3295.571849187331
4.6 3295.571849187331
4.699999999999999 3295.571849187331
4.799999999999999 3295.571849187331
4.899999999999999 3295.571849187331
4.999999999999998 3295.571849187331
5.099999999999998 3295.571849187331
5.199999999999998 3295.571849187331
5.299999999999997 3295.571849187331
5.399999999999997 3295.571849187331
5.499999999999996 3295.571849187331
5.599999999999996 3295.571849187331
5.699999999999996 3295.571849187331
5.799999999999995 3295.571849187331
5.899999999999995 3295.571849187331
5.999999999999995 3295.571849187331
6.099999999999994 3295.571849187331
6.199999999999994 3295.571849187331
6.299999999999994 3295.571849187331
6.399999999999993 3295.571849187331
6.499999999999993 3295.571849187331
6.599999999999993 3295.571849187331
6.699999999999992 3295.571849187331
6.799999999999992 3295.571849187331
6.899999999999991 3295.571849187331
6.999999999999991 3295.571849187331
7.099999999999991 3295.571849187331
7.19999999999999 3295.571849187331
7.29999999999999 3295.571849187331
7.39999999999999 3295.571849187331
7.499999999999989 3295.571849187331
7.599999999999989 3295.571849187331
7.699999999999989 3295.571849187331
7.799999999999988 3295.571849187331
7.899999999999988 3295.571849187331
7.999999999999988 3295.571849187331
8.099999999999987 3295.571849187331
8.199999999999987 3295.571849187331
8.299999999999986 3295.571849187331
8.399999999999986 3295.571849187331
8.499999999999986 3295.571849187331
8.599999999999985 3295.571849187331
8.699999999999985 3295.571849187331
8.799999999999985 3295.571849187331
8.899999999999984 3295.571849187331
8.999999999999984 3295.571849187331
9.099999999999984 3295.571849187331
9.199999999999983 3295.571849187331
9.299999999999983 3295.571849187331
9.399999999999983 3295.571849187331
9.499999999999982 3295.571849187331
9.599999999999982 3295.571849187331
9.699999999999982 3295.571849187331
9.799999999999981 3295.571849187331
9.899999999999981 3295.571849187331
9.99999999999998 3295.571849187331
10.09999999999998 3295.571849187331
10.19999999999998 3295.571849187331
10.29999999999998 3295.571849187331
10.39999999999998 3295.571849187331
10.49999999999998 3295.571849187331
10.59999999999998 3295.571849187331
10.69999999999998 3295.571849187331
10.79999999999998 3295.571849187331
10.89999999999998 3295.571849187331
10.99999999999998 3295.571849187331
11.09999999999998 3295.571849187331
11.19999999999998 3295.571849187331
11.29999999999998 3295.571849187331
11.39999999999998 3295.571849187331
11.49999999999998 3295.571849187331
11.59999999999997 3295.571849187331
11.69999999999997 3295.571849187331
11.79999999999997 3295.571849187331
11.89999999999997 3295.571849187331
11.99999999999997 3295.571849187331
12.09999999999997 3295.571849187331
12.19999999999997 3295.571849187331
12.29999999999997 3295.571849187331
12.39999999999997 3295.571849187331
12.49999999999997 3295.571849187331
12.59999999999997 3295.571849187331
12.69999999999997 3295.571849187331
12.79999999999997 3295.571849187331
12.89999999999997 3295.571849187331
12.99999999999997 3295.571849187331
13.09999999999997 3295.571849187331
13.19999999999997 3295.571849187331
13.29999999999997 3295.571849187331
13.39999999999997 3295.571849187331
13.49999999999997 3295.571849187331
13.59999999999997 3295.571849187331
13.69999999999997 3295.571849187331
13.79999999999997 3295.571849187331
13.89999999999997 3295.571849187331
13.99999999999997 3295.571849187331
14.09999999999997 3295.571849187331
14.19999999999997 3295.571849187331
14.29999999999997 3295.571849187331
14.39999999999996 3295.571849187331
14.49999999999996 3295.571849187331
14.59999999999996 3295.571849187331
14.69999999999996 3295.571849187331
14.79999999999996 3295.571849187331
14.89999999999996 3295.571849187331
14.99999999999996 3295.571849187331
15.09999999999996 3295.571849187331
15.19999999999996 3295.571849187331
15.29999999999996 3295.571849187331
15.39999999999996 3295.571849187331
15.49999999999996 3295.571849187331
15.59999999999996 3295.571849187331
15.69999999999996 3295.571849187331
15.79999999999996 3295.571849187331
15.89999999999996 3295.571849187331
15.99999999999996 3295.571849187331
16.09999999999996 3295.571849187331
16.19999999999996 3295.571849187331
16.29999999999996 3295.571849187331
16.39999999999996 3295.571849187331
16.49999999999996 3295.571849187331
16.59999999999997 3295.571849187331
16.69999999999997 3295.571849187331
16.79999999999997 3295.571849187331
16.89999999999997 3295.571849187331
16.99999999999997 3295.571849187331
17.09999999999997 3295.571849187331
17.19999999999997 3295.571849187331
17.29999999999998 3295.571849187331
17.39999999999998 3295.571849187331
17.49999999999998 3295.571849187331
17.59999999999998 3295.571849187331
17.69999999999998 3295.571849187331
17.79999999999998 3295.571849187331
17.89999999999998 3295.571849187331
17.99999999999999 3295.571849187331
18.09999999999999 3295.571849187331
18.19999999999999 3295.571849187331
18.29999999999999 3295.571849187331
18.39999999999999 3295.571849187331
18.49999999999999 3295.571849187331
18.59999999999999 3295.571849187331
18.7 3295.571849187331
18.8 3295.571849187331
18.9 3295.571849187331
19 3295.571849187331
19.1 3295.571849187331
19.2 3295.571849187331
19.3 3295.571849187331
19.40000000000001 3295.571849187331
19.50000000000001 3295.571849187331
19.60000000000001 3295.571849187331
19.70000000000001 3295.571849187331
19.80000000000001 3295.571849187331
19.90000000000001 3295.571849187331
20.00000000000001 3295.571849187331
20.10000000000002 3295.571849187331
20.20000000000002 3295.571849187331
20.30000000000002 3295.571849187331
20.40000000000002 3295.571849187331
20.50000000000002 3295.571849187331
20.60000000000002 3295.571849187331
20.70000000000002 3295.571849187331
20.80000000000003 3295.571849187331
20.90000000000003 3295.571849187331
21.00000000000003 3295.571849187331
21.10000000000003 3295.571849187331
21.20000000000003 3295.571849187331
21.30000000000003 3295.571849187331
21.40000000000003 3295.571849187331
21.50000000000004 3295.571849187331
21.60000000000004 3295.571849187331
21.70000000000004 3295.571849187331
21.80000000000004 3295.571849187331
21.90000000000004 3295.571849187331
22.00000000000004 3295.571849187331
22.10000000000004 3295.571849187331
22.20000000000005 3295.571849187331
22.30000000000005 3295.571849187331
22.40000000000005 3295.571849187331
22.50000000000005 3295.571849187331
22.60000000000005 3295.571849187331
22.70000000000005 3295.571849187331
22.80000000000005 3295.571849187331
22.90000000000006 3295.571849187331
23.00000000000006 3295.571849187331
23.10000000000006 3295.571849187331
23.20000000000006 3295.571849187331
23.30000000000006 3295.571849187331
23.40000000000006 3295.571849187331
23.50000000000006 3295.571849187331
23.60000000000007 3295.571849187331
23.70000000000007 3295.571849187331
23.80000000000007 3295.571849187331
23.90000000000007 3295.571849187331
24.00000000000007 3295.571849187331
24.10000000000007 3295.571849187331
24.20000000000007 3295.571849187331
24.30000000000008 3295.571849187331
24.40000000000008 3295.571849187331
24.50000000000008 3295.571849187331
24.60000000000008 3295.571849187331
24.70000000000008 3295.571849187331
24.80000000000008 3295.571849187331
24.90000000000008 3295.571849187331
25.00000000000009 3295.571849187331
25.10000000000009 3295.571849187331
25.20000000000009 3295.571849187331
25.30000000000009 3295.571849187331
25.40000000000009 3295.571849187331
25.50000000000009 3295.571849187331
25.60000000000009 3295.571849187331
25.7000000000001 3295.571849187331
25.8000000000001 3295.571849187331
25.9000000000001 3295.571849187331
26.0000000000001 3295.571849187331
26.1000000000001 3295.571849187331
26.2000000000001 3295.571849187331
26.3000000000001 3295.571849187331
26.40000000000011 3295.571849187331
26.50000000000011 3295.571849187331
26.60000000000011 3295.571849187331
26.70000000000011 3295.571849187331
26.80000000000011 3295.571849187331
26.90000000000011 3295.571849187331
27.00000000000011 3295.571849187331
27.10000000000012 3295.571849187331
27.20000000000012 3295.571849187331
27.30000000000012 3295.571849187331
27.40000000000012 3295.571849187331
27.50000000000012 3295.571849187331
27.60000000000012 3295.571849187331
27.70000000000012 3295.571849187331
27.80000000000013 3295.571849187331
27.90000000000013 3295.571849187331
28.00000000000013 3295.571849187331
28.10000000000013 3295.571849187331
28.20000000000013 3295.571849187331
28.30000000000013 3295.571849187331
28.40000000000013 3295.571849187331
28.50000000000014 3295.571849187331
28.60000000000014 3295.571849187331
28.70000000000014 3295.571849187331
28.80000000000014 3295.571849187331
28.90000000000014 3295.571849187331
29.00000000000014 3295.571849187331
29.10000000000014 3295.571849187331
29.20000000000014 3295.571849187331
29.30000000000015 3295.571849187331
29.40000000000015 3295.571849187331
29.50000000000015 3295.571849187331
29.60000000000015 3295.571849187331
29.70000000000015 3295.571849187331
29.80000000000015 3295.571849187331
29.90000000000015 3295.571849187331
30.00000000000016 3295.571849187331
30.10000000000016 3295.571849187331
30.20000000000016 3295.571849187331
30.30000000000016 3295.571849187331
30.40000000000016 3295.571849187331
30.50000000000016 3295.571849187331
30.60000000000016 3295.571849187331
30.70000000000017 3295.571849187331
30.80000000000017 3295.571849187331
30.90000000000017 3295.571849187331
31.00000000000017 3295.571849187331
31.10000000000017 3295.571849187331
31.20000000000017 3295.571849187331
31.30000000000017 3295.571849187331
31.40000000000018 3295.571849187331
31.50000000000018 3295.571849187331
31.60000000000018 3295.571849187331
31.70000000000018 3295.571849187331
31.80000000000018 3295.571849187331
31.90000000000018 3295.571849187331
32.00000000000018 3295.571849187331
32.10000000000019 3295.571849187331
32.20000000000019 3295.571849187331
32.30000000000019 3295.571849187331
32.40000000000019 3295.571849187331
32.50000000000019 3295.571849187331
32.60000000000019 3295.571849187331
32.70000000000019 3295.571849187331
32.8000000000002 3295.571849187331
32.9000000000002 3295.571849187331
33.0000000000002 3295.571849187331
33.1000000000002 3295.571849187331
33.2000000000002 3295.571849187331
33.3000000000002 3295.571849187331
33.4000000000002 3295.571849187331
33.50000000000021 3295.571849187331
33.60000000000021 3295.571849187331
33.70000000000021 3295.571849187331
33.80000000000021 3295.571849187331
33.90000000000021 3295.571849187331
34.00000000000021 3295.571849187331
34.10000000000021 3295.571849187331
34.20000000000022 3295.571849187331
34.30000000000022 3295.571849187331
34.40000000000022 3295.571849187331
34.50000000000022 3295.571849187331
34.60000000000022 3295.571849187331
34.70000000000022 3295.571849187331
34.80000000000022 3295.571849187331
34.90000000000023 3295.571849187331
35.00000000000023 3295.571849187331
35.10000000000023 3295.571849187331
35.20000000000023 3295.571849187331
35.30000000000023 3295.571849187331
35.40000000000023 3295.571849187331
35.50000000000023 3295.571849187331
35.60000000000024 3295.571849187331
35.70000000000024 3295.571849187331
35.80000000000024 3295.571849187331
35.90000000000024 3295.571849187331
36.00000000000024 3295.571849187331
36.10000000000024 3295.571849187331
36.20000000000024 3295.571849187331
36.30000000000025 3295.571849187331
36.40000000000025 3295.571849187331
36.50000000000025 3295.571849187331
36.60000000000025 3295.571849187331
36.70000000000025 3295.571849187331
36.80000000000025 3295.571849187331
36.90000000000025 3295.571849187331
37.00000000000026 3295.571849187331
37.10000000000026 3295.571849187331
37.20000000000026 3295.571849187331
37.30000000000026 3295.571849187331
37.40000000000026 3295.571849187331
37.50000000000026 3295.571849187331
37.60000000000026 3295.571849187331
37.70000000000027 3295.571849187331
37.80000000000027 3295.571849187331
37.90000000000027 3295.571849187331
38.00000000000027 3295.571849187331
38.10000000000027 3295.571849187331
38.20000000000027 3295.571849187331
38.30000000000027 3295.571849187331
38.40000000000028 3295.571849187331
38.50000000000028 3295.571849187331
38.60000000000028 3295.571849187331
38.70000000000028 3295.571849187331
38.80000000000028 3295.571849187331
38.90000000000028 3295.571849187331
39.00000000000028 3295.571849187331
39.10000000000029 3295.571849187331
39.20000000000029 3295.571849187331
39.30000000000029 3295.571849187331
39.40000000000029 3295.571849187331
39.50000000000029 3295.571849187331
39.60000000000029 3295.571849187331
39.70000000000029 3295.571849187331
39.8000000000003 3295.571849187331
39.9000000000003 3295.571849187331
40.0000000000003 3295.571849187331
40.1000000000003 3295.571849187331
40.2000000000003 3295.571849187331
40.3000000000003 3295.571849187331
40.4000000000003 3295.571849187331
40.50000000000031 3295.571849187331
40.60000000000031 3295.571849187331
40.70000000000031 3295.571849187331
40.80000000000031 3295.571849187331
40.90000000000031 3295.571849187331
41.00000000000031 3295.571849187331
41.10000000000031 3295.571849187331
41.20000000000032 3295.571849187331
41.30000000000032 3295.571849187331
41.40000000000032 3295.571849187331
41.50000000000032 3295.571849187331
41.60000000000032 3295.571849187331
41.70000000000032 3295.571849187331
41.80000000000032 3295.571849187331
41.90000000000033 3295.571849187331
42.00000000000033 3295.571849187331
42.10000000000033 3295.571849187331
42.20000000000033 3295.571849187331
42.30000000000033 3295.571849187331
42.40000000000033 3295.571849187331
42.50000000000033 3295.571849187331
42.60000000000034 3295.571849187331
42.70000000000034 3295.571849187331
42.80000000000034 3295.571849187331
42.90000000000034 3295.571849187331
43.00000000000034 3295.571849187331
43.10000000000034 3295.571849187331
43.20000000000034 3295.571849187331
43.30000000000035 3295.571849187331
43.40000000000035 3295.571849187331
43.50000000000035 3295.571849187331
43.60000000000035 3295.571849187331
43.70000000000035 3295.571849187331
43.80000000000035 3295.571849187331
43.90000000000035 3295.571849187331
44.00000000000036 3295.571849187331
44.10000000000036 3295.571849187331
44.20000000000036 3295.571849187331
44.30000000000036 3295.571849187331
44.40000000000036 3295.571849187331
44.50000000000036 3295.571849187331
44.60000000000036 3295.571849187331
44.70000000000037 3295.571849187331
44.80000000000037 3295.571849187331
44.90000000000037 3295.571849187331
45.00000000000037 3295.571849187331
45.10000000000037 3295.571849187331
45.20000000000037 3295.571849187331
45.30000000000037 3295.571849187331
45.40000000000038 3295.571849187331
45.50000000000038 3295.571849187331
45.60000000000038 3295.571849187331
45.70000000000038 3295.571849187331
45.80000000000038 3295.571849187331
45.90000000000038 3295.571849187331
46.00000000000038 3295.571849187331
46.10000000000039 3295.571849187331
46.20000000000039 3295.571849187331
46.30000000000039 3295.571849187331
46.40000000000039 3295.571849187331
46.50000000000039 3295.571849187331
46.60000000000039 3295.571849187331
46.70000000000039 3295.571849187331
46.8000000000004 3295.571849187331
46.9000000000004 3295.571849187331
47.0000000000004 3295.571849187331
47.1000000000004 3295.571849187331
47.2000000000004 3295.571849187331
47.3000000000004 3295.571849187331
47.4000000000004 3295.571849187331
47.50000000000041 3295.571849187331
47.60000000000041 3295.571849187331
47.70000000000041 3295.571849187331
47.80000000000041 3295.571849187331
47.90000000000041 3295.571849187331
48.00000000000041 3295.571849187331
48.10000000000041 3295.571849187331
48.20000000000041 3295.571849187331
48.30000000000042 3295.571849187331
48.40000000000042 3295.571849187331
48.50000000000042 3295.571849187331
48.60000000000042 3295.571849187331
48.70000000000042 3295.571849187331
48.80000000000042 3295.571849187331
48.90000000000042 3295.571849187331
49.00000000000043 3295.571849187331
49.10000000000043 3295.571849187331
49.20000000000043 3295.571849187331
49.30000000000043 3295.571849187331
49.40000000000043 3295.571849187331
49.50000000000043 3295.571849187331
49.60000000000043 3295.571849187331
49.70000000000044 3295.571849187331
49.80000000000044 3295.571849187331
49.90000000000044 3295.571849187331