Time X1
0 250
0.1 90.91702876453306
0.2 90.91702876458972
0.3 90.91702876464637
0.4 90.91702876470303
0.5 90.91702876472299
0.6 90.91702876472316
0.7 90.91702876472331
0.7999999999999999 90.91702876472344
0.8999999999999999 90.91702876472344
0.9999999999999999 90.91702876472344
1.1 90.91702876472343
1.2 90.91702876472343
1.3 90.91702876472343
1.4 90.91702876472343
1.5 90.91702876472343
1.6 90.91702876472343
1.7 90.91702876472343
1.8 90.91702876472343
1.900000000000001 90.91702876472343
2 90.91702876472343
2.100000000000001 90.91702876472343
2.200000000000001 90.91702876472343
2.300000000000001 90.91702876472343
2.400000000000001 90.91702876472343
2.500000000000001 90.91702876472343
2.600000000000001 90.91702876472343
2.700000000000001 90.91702876472343
2.800000000000001 90.91702876472343
2.900000000000001 90.91702876472343
3.000000000000001 90.91702876472343
3.100000000000001 90.91702876472343
3.200000000000002 90.91702876472343
3.300000000000002 90.91702876472343
3.400000000000002 90.91702876472343
3.500000000000002 90.91702876472343
3.600000000000002 90.91702876472343
3.700000000000002 90.91702876472343
3.800000000000002 90.91702876472343
3.900000000000002 90.91702876472343
4.000000000000002 90.91702876472343
4.100000000000001 90.91702876472343
4.200000000000001 90.91702876472343
4.300000000000001 90.91702876472343
4.4 90.91702876472343
4.5 90.91702876472343
4.6 90.91702876472343
4.699999999999999 90.91702876472343
4.799999999999999 90.91702876472343
4.899999999999999 90.91702876472343
4.999999999999998 90.91702876472343
5.099999999999998 90.91702876472343
5.199999999999998 90.91702876472343
5.299999999999997 90.91702876472343
5.399999999999997 90.91702876472343
5.499999999999996 90.91702876472343
5.599999999999996 90.91702876472343
5.699999999999996 90.91702876472343
5.799999999999995 90.91702876472343
5.899999999999995 90.91702876472344
5.999999999999995 90.91702876472344
6.099999999999994 90.91702876472344
6.199999999999994 90.91702876472344
6.299999999999994 90.91702876472344
6.399999999999993 90.91702876472344
6.499999999999993 90.91702876472344
6.599999999999993 90.91702876472344
6.699999999999992 90.91702876472344
6.799999999999992 90.91702876472344
6.899999999999991 90.91702876472344
6.999999999999991 90.91702876472344
7.099999999999991 90.91702876472344
7.19999999999999 90.91702876472344
7.29999999999999 90.91702876472344
7.39999999999999 90.91702876472344
7.499999999999989 90.91702876472344
7.599999999999989 90.91702876472345
7.699999999999989 90.91702876472345
7.799999999999988 90.91702876472345
7.899999999999988 90.91702876472345
7.999999999999988 90.91702876472345
8.099999999999987 90.91702876472345
8.199999999999987 90.91702876472345
8.299999999999986 90.91702876472345
8.399999999999986 90.91702876472345
8.499999999999986 90.91702876472345
8.599999999999985 90.91702876472345
8.699999999999985 90.91702876472345
8.799999999999985 90.91702876472345
8.899999999999984 90.91702876472345
8.999999999999984 90.91702876472345
9.099999999999984 90.91702876472345
9.199999999999983 90.91702876472345
9.299999999999983 90.91702876472345
9.399999999999983 90.91702876472345
9.499999999999982 90.91702876472345
9.599999999999982 90.91702876472345
9.699999999999982 90.91702876472345
9.799999999999981 90.91702876472345
9.899999999999981 90.91702876472345
9.99999999999998 90.91702876472345
10.09999999999998 90.91702876472345
10.19999999999998 90.91702876472345
10.29999999999998 90.91702876472345
10.39999999999998 90.91702876472345
10.49999999999998 90.91702876472345
10.59999999999998 90.91702876472345
10.69999999999998 90.91702876472345
10.79999999999998 90.91702876472344
10.89999999999998 90.91702876472344
10.99999999999998 90.91702876472344
11.09999999999998 90.91702876472344
11.19999999999998 90.91702876472344
11.29999999999998 90.91702876472344
11.39999999999998 90.91702876472344
11.49999999999998 90.91702876472344
11.59999999999997 90.91702876472344
11.69999999999997 90.91702876472344
11.79999999999997 90.91702876472344
11.89999999999997 90.91702876472344
11.99999999999997 90.91702876472344
12.09999999999997 90.91702876472344
12.19999999999997 90.91702876472344
12.29999999999997 90.91702876472344
12.39999999999997 90.91702876472344
12.49999999999997 90.91702876472344
12.59999999999997 90.91702876472344
12.69999999999997 90.91702876472344
12.79999999999997 90.91702876472344
12.89999999999997 90.91702876472344
12.99999999999997 90.91702876472344
13.09999999999997 90.91702876472344
13.19999999999997 90.91702876472344
13.29999999999997 90.91702876472344
13.39999999999997 90.91702876472344
13.49999999999997 90.91702876472344
13.59999999999997 90.91702876472344
13.69999999999997 90.91702876472344
13.79999999999997 90.91702876472344
13.89999999999997 90.91702876472344
13.99999999999997 90.91702876472344
14.09999999999997 90.91702876472344
14.19999999999997 90.91702876472344
14.29999999999997 90.91702876472344
14.39999999999996 90.91702876472344
14.49999999999996 90.91702876472344
14.59999999999996 90.91702876472344
14.69999999999996 90.91702876472344
14.79999999999996 90.91702876472344
14.89999999999996 90.91702876472344
14.99999999999996 90.91702876472344
15.09999999999996 90.91702876472344
15.19999999999996 90.91702876472344
15.29999999999996 90.91702876472344
15.39999999999996 90.91702876472344
15.49999999999996 90.91702876472344
15.59999999999996 90.91702876472344
15.69999999999996 90.91702876472344
15.79999999999996 90.91702876472344
15.89999999999996 90.91702876472344
15.99999999999996 90.91702876472344
16.09999999999996 90.91702876472344
16.19999999999996 90.91702876472344
16.29999999999996 90.91702876472344
16.39999999999996 90.91702876472344
16.49999999999996 90.91702876472344
16.59999999999997 90.91702876472344
16.69999999999997 90.91702876472344
16.79999999999997 90.91702876472344
16.89999999999997 90.91702876472344
16.99999999999997 90.91702876472344
17.09999999999997 90.91702876472344
17.19999999999997 90.91702876472344
17.29999999999998 90.91702876472344
17.39999999999998 90.91702876472344
17.49999999999998 90.91702876472344
17.59999999999998 90.91702876472344
17.69999999999998 90.91702876472344
17.79999999999998 90.91702876472344
17.89999999999998 90.91702876472344
17.99999999999999 90.91702876472344
18.09999999999999 90.91702876472344
18.19999999999999 90.91702876472344
18.29999999999999 90.91702876472344
18.39999999999999 90.91702876472344
18.49999999999999 90.91702876472344
18.59999999999999 90.91702876472344
18.7 90.91702876472344
18.8 90.91702876472344
18.9 90.91702876472344
19 90.91702876472344
19.1 90.91702876472344
19.2 90.91702876472344
19.3 90.91702876472344
19.40000000000001 90.91702876472344
19.50000000000001 90.91702876472344
19.60000000000001 90.91702876472344
19.70000000000001 90.91702876472344
19.80000000000001 90.91702876472344
19.90000000000001 90.91702876472344
20.00000000000001 90.91702876472344
20.10000000000002 90.91702876472344
20.20000000000002 90.91702876472344
20.30000000000002 90.91702876472344
20.40000000000002 90.91702876472344
20.50000000000002 90.91702876472344
20.60000000000002 90.91702876472344
20.70000000000002 90.91702876472344
20.80000000000003 90.91702876472344
20.90000000000003 90.91702876472344
21.00000000000003 90.91702876472344
21.10000000000003 90.91702876472344
21.20000000000003 90.91702876472344
21.30000000000003 90.91702876472344
21.40000000000003 90.91702876472344
21.50000000000004 90.91702876472344
21.60000000000004 90.91702876472344
21.70000000000004 90.91702876472344
21.80000000000004 90.91702876472344
21.90000000000004 90.91702876472344
22.00000000000004 90.91702876472344
22.10000000000004 90.91702876472344
22.20000000000005 90.91702876472344
22.30000000000005 90.91702876472344
22.40000000000005 90.91702876472344
22.50000000000005 90.91702876472344
22.60000000000005 90.91702876472344
22.70000000000005 90.91702876472344
22.80000000000005 90.91702876472344
22.90000000000006 90.91702876472344
23.00000000000006 90.91702876472344
23.10000000000006 90.91702876472344
23.20000000000006 90.91702876472344
23.30000000000006 90.91702876472344
23.40000000000006 90.91702876472344
23.50000000000006 90.91702876472344
23.60000000000007 90.91702876472344
23.70000000000007 90.91702876472344
23.80000000000007 90.91702876472344
23.90000000000007 90.91702876472344
24.00000000000007 90.91702876472344
24.10000000000007 90.91702876472344
24.20000000000007 90.91702876472344
24.30000000000008 90.91702876472344
24.40000000000008 90.91702876472344
24.50000000000008 90.91702876472344
24.60000000000008 90.91702876472344
24.70000000000008 90.91702876472344
24.80000000000008 90.91702876472344
24.90000000000008 90.91702876472344
25.00000000000009 90.91702876472344
25.10000000000009 90.91702876472344
25.20000000000009 90.91702876472344
25.30000000000009 90.91702876472344
25.40000000000009 90.91702876472344
25.50000000000009 90.91702876472344
25.60000000000009 90.91702876472344
25.7000000000001 90.91702876472344
25.8000000000001 90.91702876472344
25.9000000000001 90.91702876472344
26.0000000000001 90.91702876472344
26.1000000000001 90.91702876472344
26.2000000000001 90.91702876472344
26.3000000000001 90.91702876472344
26.40000000000011 90.91702876472344
26.50000000000011 90.91702876472344
26.60000000000011 90.91702876472344
26.70000000000011 90.91702876472344
26.80000000000011 90.91702876472344
26.90000000000011 90.91702876472344
27.00000000000011 90.91702876472344
27.10000000000012 90.91702876472344
27.20000000000012 90.91702876472344
27.30000000000012 90.91702876472344
27.40000000000012 90.91702876472344
27.50000000000012 90.91702876472344
27.60000000000012 90.91702876472344
27.70000000000012 90.91702876472344
27.80000000000013 90.91702876472344
27.90000000000013 90.91702876472344
28.00000000000013 90.91702876472344
28.10000000000013 90.91702876472344
28.20000000000013 90.91702876472344
28.30000000000013 90.91702876472344
28.40000000000013 90.91702876472344
28.50000000000014 90.91702876472344
28.60000000000014 90.91702876472344
28.70000000000014 90.91702876472344
28.80000000000014 90.91702876472344
28.90000000000014 90.91702876472344
29.00000000000014 90.91702876472344
29.10000000000014 90.91702876472344
29.20000000000014 90.91702876472344
29.30000000000015 90.91702876472344
29.40000000000015 90.91702876472344
29.50000000000015 90.91702876472344
29.60000000000015 90.91702876472344
29.70000000000015 90.91702876472344
29.80000000000015 90.91702876472344
29.90000000000015 90.91702876472344
30.00000000000016 90.91702876472344
30.10000000000016 90.91702876472344
30.20000000000016 90.91702876472344
30.30000000000016 90.91702876472344
30.40000000000016 90.91702876472344
30.50000000000016 90.91702876472344
30.60000000000016 90.91702876472344
30.70000000000017 90.91702876472344
30.80000000000017 90.91702876472344
30.90000000000017 90.91702876472344
31.00000000000017 90.91702876472344
31.10000000000017 90.91702876472344
31.20000000000017 90.91702876472344
31.30000000000017 90.91702876472344
31.40000000000018 90.91702876472344
31.50000000000018 90.91702876472344
31.60000000000018 90.91702876472344
31.70000000000018 90.91702876472344
31.80000000000018 90.91702876472344
31.90000000000018 90.91702876472344
32.00000000000018 90.91702876472344
32.10000000000019 90.91702876472344
32.20000000000019 90.91702876472344
32.30000000000019 90.91702876472344
32.40000000000019 90.91702876472344
32.50000000000019 90.91702876472344
32.60000000000019 90.91702876472344
32.70000000000019 90.91702876472344
32.8000000000002 90.91702876472344
32.9000000000002 90.91702876472344
33.0000000000002 90.91702876472344
33.1000000000002 90.91702876472344
33.2000000000002 90.91702876472344
33.3000000000002 90.91702876472344
33.4000000000002 90.91702876472344
33.50000000000021 90.91702876472344
33.60000000000021 90.91702876472344
33.70000000000021 90.91702876472344
33.80000000000021 90.91702876472344
33.90000000000021 90.91702876472344
34.00000000000021 90.91702876472344
34.10000000000021 90.91702876472344
34.20000000000022 90.91702876472344
34.30000000000022 90.91702876472344
34.40000000000022 90.91702876472344
34.50000000000022 90.91702876472344
34.60000000000022 90.91702876472344
34.70000000000022 90.91702876472344
34.80000000000022 90.91702876472344
34.90000000000023 90.91702876472344
35.00000000000023 90.91702876472344
35.10000000000023 90.91702876472344
35.20000000000023 90.91702876472344
35.30000000000023 90.91702876472344
35.40000000000023 90.91702876472344
35.50000000000023 90.91702876472344
35.60000000000024 90.91702876472344
35.70000000000024 90.91702876472344
35.80000000000024 90.91702876472344
35.90000000000024 90.91702876472344
36.00000000000024 90.91702876472344
36.10000000000024 90.91702876472344
36.20000000000024 90.91702876472344
36.30000000000025 90.91702876472344
36.40000000000025 90.91702876472344
36.50000000000025 90.91702876472344
36.60000000000025 90.91702876472344
36.70000000000025 90.91702876472344
36.80000000000025 90.91702876472344
36.90000000000025 90.91702876472344
37.00000000000026 90.91702876472344
37.10000000000026 90.91702876472344
37.20000000000026 90.91702876472344
37.30000000000026 90.91702876472344
37.40000000000026 90.91702876472344
37.50000000000026 90.91702876472344
37.60000000000026 90.91702876472344
37.70000000000027 90.91702876472344
37.80000000000027 90.91702876472344
37.90000000000027 90.91702876472344
38.00000000000027 90.91702876472344
38.10000000000027 90.91702876472344
38.20000000000027 90.91702876472344
38.30000000000027 90.91702876472344
38.40000000000028 90.91702876472344
38.50000000000028 90.91702876472344
38.60000000000028 90.91702876472344
38.70000000000028 90.91702876472344
38.80000000000028 90.91702876472344
38.90000000000028 90.91702876472344
39.00000000000028 90.91702876472344
39.10000000000029 90.91702876472344
39.20000000000029 90.91702876472344
39.30000000000029 90.91702876472344
39.40000000000029 90.91702876472344
39.50000000000029 90.91702876472344
39.60000000000029 90.91702876472344
39.70000000000029 90.91702876472344
39.8000000000003 90.91702876472344
39.9000000000003 90.91702876472344
40.0000000000003 90.91702876472344
40.1000000000003 90.91702876472344
40.2000000000003 90.91702876472344
40.3000000000003 90.91702876472344
40.4000000000003 90.91702876472344
40.50000000000031 90.91702876472344
40.60000000000031 90.91702876472344
40.70000000000031 90.91702876472344
40.80000000000031 90.91702876472344
40.90000000000031 90.91702876472344
41.00000000000031 90.91702876472344
41.10000000000031 90.91702876472344
41.20000000000032 90.91702876472344
41.30000000000032 90.91702876472344
41.40000000000032 90.91702876472344
41.50000000000032 90.91702876472344
41.60000000000032 90.91702876472344
41.70000000000032 90.91702876472344
41.80000000000032 90.91702876472344
41.90000000000033 90.91702876472344
42.00000000000033 90.91702876472344
42.10000000000033 90.91702876472344
42.20000000000033 90.91702876472344
42.30000000000033 90.91702876472344
42.40000000000033 90.91702876472344
42.50000000000033 90.91702876472344
42.60000000000034 90.91702876472344
42.70000000000034 90.91702876472344
42.80000000000034 90.91702876472344
42.90000000000034 90.91702876472344
43.00000000000034 90.91702876472344
43.10000000000034 90.91702876472344
43.20000000000034 90.91702876472344
43.30000000000035 90.91702876472344
43.40000000000035 90.91702876472344
43.50000000000035 90.91702876472344
43.60000000000035 90.91702876472344
43.70000000000035 90.91702876472344
43.80000000000035 90.91702876472344
43.90000000000035 90.91702876472344
44.00000000000036 90.91702876472344
44.10000000000036 90.91702876472344
44.20000000000036 90.91702876472344
44.30000000000036 90.91702876472344
44.40000000000036 90.91702876472344
44.50000000000036 90.91702876472344
44.60000000000036 90.91702876472344
44.70000000000037 90.91702876472344
44.80000000000037 90.91702876472344
44.90000000000037 90.91702876472344
45.00000000000037 90.91702876472344
45.10000000000037 90.91702876472344
45.20000000000037 90.91702876472344
45.30000000000037 90.91702876472344
45.40000000000038 90.91702876472344
45.50000000000038 90.91702876472344
45.60000000000038 90.91702876472344
45.70000000000038 90.91702876472344
45.80000000000038 90.91702876472344
45.90000000000038 90.91702876472344
46.00000000000038 90.91702876472344
46.10000000000039 90.91702876472344
46.20000000000039 90.91702876472344
46.30000000000039 90.91702876472344
46.40000000000039 90.91702876472344
46.50000000000039 90.91702876472344
46.60000000000039 90.91702876472344
46.70000000000039 90.91702876472344
46.8000000000004 90.91702876472344
46.9000000000004 90.91702876472344
47.0000000000004 90.91702876472344
47.1000000000004 90.91702876472344
47.2000000000004 90.91702876472344
47.3000000000004 90.91702876472344
47.4000000000004 90.91702876472344
47.50000000000041 90.91702876472344
47.60000000000041 90.91702876472344
47.70000000000041 90.91702876472344
47.80000000000041 90.91702876472344
47.90000000000041 90.91702876472344
48.00000000000041 90.91702876472344
48.10000000000041 90.91702876472344
48.20000000000041 90.91702876472344
48.30000000000042 90.91702876472344
48.40000000000042 90.91702876472344
48.50000000000042 90.91702876472344
48.60000000000042 90.91702876472344
48.70000000000042 90.91702876472344
48.80000000000042 90.91702876472344
48.90000000000042 90.91702876472344
49.00000000000043 90.91702876472344
49.10000000000043 90.91702876472344
49.20000000000043 90.91702876472344
49.30000000000043 90.91702876472344
49.40000000000043 90.91702876472344
49.50000000000043 90.91702876472344
49.60000000000043 90.91702876472344
49.70000000000044 90.91702876472344
49.80000000000044 90.91702876472344
49.90000000000044 90.91702876472344