Time X1
0 250
0.1 756.2038026061392
0.2 756.2038026061393
0.3 756.2038026061393
0.4 756.2038026061394
0.5 756.2038026061393
0.6 756.2038026061393
0.7 756.2038026061392
0.7999999999999999 756.2038026061392
0.8999999999999999 756.2038026061392
0.9999999999999999 756.2038026061392
1.1 756.2038026061392
1.2 756.2038026061392
1.3 756.2038026061392
1.4 756.2038026061392
1.5 756.2038026061392
1.6 756.2038026061392
1.7 756.2038026061393
1.8 756.2038026061393
1.900000000000001 756.2038026061393
2 756.2038026061393
2.100000000000001 756.2038026061393
2.200000000000001 756.2038026061393
2.300000000000001 756.2038026061393
2.400000000000001 756.2038026061393
2.500000000000001 756.2038026061393
2.600000000000001 756.2038026061393
2.700000000000001 756.2038026061393
2.800000000000001 756.2038026061393
2.900000000000001 756.2038026061393
3.000000000000001 756.2038026061393
3.100000000000001 756.2038026061393
3.200000000000002 756.2038026061393
3.300000000000002 756.2038026061393
3.400000000000002 756.2038026061393
3.500000000000002 756.2038026061393
3.600000000000002 756.2038026061393
3.700000000000002 756.2038026061393
3.800000000000002 756.2038026061393
3.900000000000002 756.2038026061394
4.000000000000002 756.2038026061394
4.100000000000001 756.2038026061394
4.200000000000001 756.2038026061394
4.300000000000001 756.2038026061394
4.4 756.2038026061394
4.5 756.2038026061394
4.6 756.2038026061394
4.699999999999999 756.2038026061394
4.799999999999999 756.2038026061393
4.899999999999999 756.2038026061393
4.999999999999998 756.2038026061393
5.099999999999998 756.2038026061393
5.199999999999998 756.2038026061393
5.299999999999997 756.2038026061393
5.399999999999997 756.2038026061393
5.499999999999996 756.2038026061393
5.599999999999996 756.2038026061393
5.699999999999996 756.2038026061393
5.799999999999995 756.2038026061393
5.899999999999995 756.2038026061393
5.999999999999995 756.2038026061393
6.099999999999994 756.2038026061393
6.199999999999994 756.2038026061393
6.299999999999994 756.2038026061393
6.399999999999993 756.2038026061393
6.499999999999993 756.2038026061393
6.599999999999993 756.2038026061393
6.699999999999992 756.2038026061393
6.799999999999992 756.2038026061393
6.899999999999991 756.2038026061393
6.999999999999991 756.2038026061393
7.099999999999991 756.2038026061393
7.19999999999999 756.2038026061393
7.29999999999999 756.2038026061393
7.39999999999999 756.2038026061393
7.499999999999989 756.2038026061393
7.599999999999989 756.2038026061393
7.699999999999989 756.2038026061393
7.799999999999988 756.2038026061393
7.899999999999988 756.2038026061393
7.999999999999988 756.2038026061393
8.099999999999987 756.2038026061393
8.199999999999987 756.2038026061393
8.299999999999986 756.2038026061393
8.399999999999986 756.2038026061393
8.499999999999986 756.2038026061393
8.599999999999985 756.2038026061393
8.699999999999985 756.2038026061393
8.799999999999985 756.2038026061393
8.899999999999984 756.2038026061393
8.999999999999984 756.2038026061393
9.099999999999984 756.2038026061393
9.199999999999983 756.2038026061393
9.299999999999983 756.2038026061393
9.399999999999983 756.2038026061393
9.499999999999982 756.2038026061393
9.599999999999982 756.2038026061393
9.699999999999982 756.2038026061393
9.799999999999981 756.2038026061393
9.899999999999981 756.2038026061393
9.99999999999998 756.2038026061393
10.09999999999998 756.2038026061393
10.19999999999998 756.2038026061393
10.29999999999998 756.2038026061393
10.39999999999998 756.2038026061393
10.49999999999998 756.2038026061393
10.59999999999998 756.2038026061393
10.69999999999998 756.2038026061393
10.79999999999998 756.2038026061393
10.89999999999998 756.2038026061393
10.99999999999998 756.2038026061393
11.09999999999998 756.2038026061393
11.19999999999998 756.2038026061393
11.29999999999998 756.2038026061393
11.39999999999998 756.2038026061393
11.49999999999998 756.2038026061393
11.59999999999997 756.2038026061393
11.69999999999997 756.2038026061393
11.79999999999997 756.2038026061393
11.89999999999997 756.2038026061393
11.99999999999997 756.2038026061393
12.09999999999997 756.2038026061393
12.19999999999997 756.2038026061393
12.29999999999997 756.2038026061393
12.39999999999997 756.2038026061393
12.49999999999997 756.2038026061393
12.59999999999997 756.2038026061393
12.69999999999997 756.2038026061393
12.79999999999997 756.2038026061393
12.89999999999997 756.2038026061393
12.99999999999997 756.2038026061393
13.09999999999997 756.2038026061393
13.19999999999997 756.2038026061393
13.29999999999997 756.2038026061393
13.39999999999997 756.2038026061393
13.49999999999997 756.2038026061393
13.59999999999997 756.2038026061393
13.69999999999997 756.2038026061393
13.79999999999997 756.2038026061393
13.89999999999997 756.2038026061393
13.99999999999997 756.2038026061393
14.09999999999997 756.2038026061393
14.19999999999997 756.2038026061393
14.29999999999997 756.2038026061393
14.39999999999996 756.2038026061393
14.49999999999996 756.2038026061393
14.59999999999996 756.2038026061393
14.69999999999996 756.2038026061393
14.79999999999996 756.2038026061393
14.89999999999996 756.2038026061393
14.99999999999996 756.2038026061393
15.09999999999996 756.2038026061393
15.19999999999996 756.2038026061393
15.29999999999996 756.2038026061393
15.39999999999996 756.2038026061393
15.49999999999996 756.2038026061393
15.59999999999996 756.2038026061393
15.69999999999996 756.2038026061393
15.79999999999996 756.2038026061393
15.89999999999996 756.2038026061393
15.99999999999996 756.2038026061393
16.09999999999996 756.2038026061393
16.19999999999996 756.2038026061393
16.29999999999996 756.2038026061393
16.39999999999996 756.2038026061393
16.49999999999996 756.2038026061393
16.59999999999997 756.2038026061393
16.69999999999997 756.2038026061393
16.79999999999997 756.2038026061393
16.89999999999997 756.2038026061393
16.99999999999997 756.2038026061393
17.09999999999997 756.2038026061393
17.19999999999997 756.2038026061393
17.29999999999998 756.2038026061393
17.39999999999998 756.2038026061393
17.49999999999998 756.2038026061393
17.59999999999998 756.2038026061393
17.69999999999998 756.2038026061393
17.79999999999998 756.2038026061393
17.89999999999998 756.2038026061393
17.99999999999999 756.2038026061393
18.09999999999999 756.2038026061393
18.19999999999999 756.2038026061393
18.29999999999999 756.2038026061393
18.39999999999999 756.2038026061393
18.49999999999999 756.2038026061393
18.59999999999999 756.2038026061393
18.7 756.2038026061393
18.8 756.2038026061393
18.9 756.2038026061393
19 756.2038026061393
19.1 756.2038026061393
19.2 756.2038026061393
19.3 756.2038026061393
19.40000000000001 756.2038026061393
19.50000000000001 756.2038026061393
19.60000000000001 756.2038026061393
19.70000000000001 756.2038026061393
19.80000000000001 756.2038026061393
19.90000000000001 756.2038026061393
20.00000000000001 756.2038026061393
20.10000000000002 756.2038026061393
20.20000000000002 756.2038026061393
20.30000000000002 756.2038026061393
20.40000000000002 756.2038026061393
20.50000000000002 756.2038026061393
20.60000000000002 756.2038026061393
20.70000000000002 756.2038026061393
20.80000000000003 756.2038026061393
20.90000000000003 756.2038026061393
21.00000000000003 756.2038026061393
21.10000000000003 756.2038026061393
21.20000000000003 756.2038026061393
21.30000000000003 756.2038026061393
21.40000000000003 756.2038026061393
21.50000000000004 756.2038026061393
21.60000000000004 756.2038026061393
21.70000000000004 756.2038026061393
21.80000000000004 756.2038026061393
21.90000000000004 756.2038026061393
22.00000000000004 756.2038026061393
22.10000000000004 756.2038026061393
22.20000000000005 756.2038026061393
22.30000000000005 756.2038026061393
22.40000000000005 756.2038026061393
22.50000000000005 756.2038026061393
22.60000000000005 756.2038026061393
22.70000000000005 756.2038026061393
22.80000000000005 756.2038026061393
22.90000000000006 756.2038026061393
23.00000000000006 756.2038026061393
23.10000000000006 756.2038026061393
23.20000000000006 756.2038026061393
23.30000000000006 756.2038026061393
23.40000000000006 756.2038026061393
23.50000000000006 756.2038026061393
23.60000000000007 756.2038026061393
23.70000000000007 756.2038026061393
23.80000000000007 756.2038026061393
23.90000000000007 756.2038026061393
24.00000000000007 756.2038026061393
24.10000000000007 756.2038026061393
24.20000000000007 756.2038026061393
24.30000000000008 756.2038026061393
24.40000000000008 756.2038026061393
24.50000000000008 756.2038026061393
24.60000000000008 756.2038026061393
24.70000000000008 756.2038026061393
24.80000000000008 756.2038026061393
24.90000000000008 756.2038026061393
25.00000000000009 756.2038026061393
25.10000000000009 756.2038026061393
25.20000000000009 756.2038026061393
25.30000000000009 756.2038026061393
25.40000000000009 756.2038026061393
25.50000000000009 756.2038026061393
25.60000000000009 756.2038026061393
25.7000000000001 756.2038026061393
25.8000000000001 756.2038026061393
25.9000000000001 756.2038026061393
26.0000000000001 756.2038026061393
26.1000000000001 756.2038026061393
26.2000000000001 756.2038026061393
26.3000000000001 756.2038026061393
26.40000000000011 756.2038026061393
26.50000000000011 756.2038026061393
26.60000000000011 756.2038026061393
26.70000000000011 756.2038026061393
26.80000000000011 756.2038026061393
26.90000000000011 756.2038026061393
27.00000000000011 756.2038026061393
27.10000000000012 756.2038026061393
27.20000000000012 756.2038026061393
27.30000000000012 756.2038026061393
27.40000000000012 756.2038026061393
27.50000000000012 756.2038026061393
27.60000000000012 756.2038026061393
27.70000000000012 756.2038026061393
27.80000000000013 756.2038026061393
27.90000000000013 756.2038026061393
28.00000000000013 756.2038026061393
28.10000000000013 756.2038026061393
28.20000000000013 756.2038026061393
28.30000000000013 756.2038026061393
28.40000000000013 756.2038026061393
28.50000000000014 756.2038026061393
28.60000000000014 756.2038026061393
28.70000000000014 756.2038026061393
28.80000000000014 756.2038026061393
28.90000000000014 756.2038026061393
29.00000000000014 756.2038026061393
29.10000000000014 756.2038026061393
29.20000000000014 756.2038026061393
29.30000000000015 756.2038026061393
29.40000000000015 756.2038026061393
29.50000000000015 756.2038026061393
29.60000000000015 756.2038026061393
29.70000000000015 756.2038026061393
29.80000000000015 756.2038026061393
29.90000000000015 756.2038026061393
30.00000000000016 756.2038026061393
30.10000000000016 756.2038026061393
30.20000000000016 756.2038026061393
30.30000000000016 756.2038026061393
30.40000000000016 756.2038026061393
30.50000000000016 756.2038026061393
30.60000000000016 756.2038026061393
30.70000000000017 756.2038026061393
30.80000000000017 756.2038026061393
30.90000000000017 756.2038026061393
31.00000000000017 756.2038026061393
31.10000000000017 756.2038026061393
31.20000000000017 756.2038026061393
31.30000000000017 756.2038026061393
31.40000000000018 756.2038026061393
31.50000000000018 756.2038026061393
31.60000000000018 756.2038026061393
31.70000000000018 756.2038026061393
31.80000000000018 756.2038026061393
31.90000000000018 756.2038026061393
32.00000000000018 756.2038026061393
32.10000000000019 756.2038026061393
32.20000000000019 756.2038026061393
32.30000000000019 756.2038026061393
32.40000000000019 756.2038026061393
32.50000000000019 756.2038026061393
32.60000000000019 756.2038026061393
32.70000000000019 756.2038026061393
32.8000000000002 756.2038026061393
32.9000000000002 756.2038026061393
33.0000000000002 756.2038026061393
33.1000000000002 756.2038026061393
33.2000000000002 756.2038026061393
33.3000000000002 756.2038026061393
33.4000000000002 756.2038026061393
33.50000000000021 756.2038026061393
33.60000000000021 756.2038026061393
33.70000000000021 756.2038026061393
33.80000000000021 756.2038026061393
33.90000000000021 756.2038026061393
34.00000000000021 756.2038026061393
34.10000000000021 756.2038026061393
34.20000000000022 756.2038026061393
34.30000000000022 756.2038026061393
34.40000000000022 756.2038026061393
34.50000000000022 756.2038026061393
34.60000000000022 756.2038026061393
34.70000000000022 756.2038026061393
34.80000000000022 756.2038026061393
34.90000000000023 756.2038026061393
35.00000000000023 756.2038026061393
35.10000000000023 756.2038026061393
35.20000000000023 756.2038026061393
35.30000000000023 756.2038026061393
35.40000000000023 756.2038026061393
35.50000000000023 756.2038026061393
35.60000000000024 756.2038026061393
35.70000000000024 756.2038026061393
35.80000000000024 756.2038026061393
35.90000000000024 756.2038026061393
36.00000000000024 756.2038026061393
36.10000000000024 756.2038026061393
36.20000000000024 756.2038026061393
36.30000000000025 756.2038026061393
36.40000000000025 756.2038026061393
36.50000000000025 756.2038026061393
36.60000000000025 756.2038026061393
36.70000000000025 756.2038026061393
36.80000000000025 756.2038026061393
36.90000000000025 756.2038026061393
37.00000000000026 756.2038026061393
37.10000000000026 756.2038026061393
37.20000000000026 756.2038026061393
37.30000000000026 756.2038026061393
37.40000000000026 756.2038026061393
37.50000000000026 756.2038026061393
37.60000000000026 756.2038026061393
37.70000000000027 756.2038026061393
37.80000000000027 756.2038026061393
37.90000000000027 756.2038026061393
38.00000000000027 756.2038026061393
38.10000000000027 756.2038026061393
38.20000000000027 756.2038026061393
38.30000000000027 756.2038026061393
38.40000000000028 756.2038026061393
38.50000000000028 756.2038026061393
38.60000000000028 756.2038026061393
38.70000000000028 756.2038026061393
38.80000000000028 756.2038026061393
38.90000000000028 756.2038026061393
39.00000000000028 756.2038026061393
39.10000000000029 756.2038026061393
39.20000000000029 756.2038026061393
39.30000000000029 756.2038026061393
39.40000000000029 756.2038026061393
39.50000000000029 756.2038026061393
39.60000000000029 756.2038026061393
39.70000000000029 756.2038026061393
39.8000000000003 756.2038026061393
39.9000000000003 756.2038026061393
40.0000000000003 756.2038026061393
40.1000000000003 756.2038026061393
40.2000000000003 756.2038026061393
40.3000000000003 756.2038026061393
40.4000000000003 756.2038026061393
40.50000000000031 756.2038026061393
40.60000000000031 756.2038026061393
40.70000000000031 756.2038026061393
40.80000000000031 756.2038026061393
40.90000000000031 756.2038026061393
41.00000000000031 756.2038026061393
41.10000000000031 756.2038026061393
41.20000000000032 756.2038026061393
41.30000000000032 756.2038026061393
41.40000000000032 756.2038026061393
41.50000000000032 756.2038026061393
41.60000000000032 756.2038026061393
41.70000000000032 756.2038026061393
41.80000000000032 756.2038026061393
41.90000000000033 756.2038026061393
42.00000000000033 756.2038026061393
42.10000000000033 756.2038026061393
42.20000000000033 756.2038026061393
42.30000000000033 756.2038026061393
42.40000000000033 756.2038026061393
42.50000000000033 756.2038026061393
42.60000000000034 756.2038026061393
42.70000000000034 756.2038026061393
42.80000000000034 756.2038026061393
42.90000000000034 756.2038026061393
43.00000000000034 756.2038026061393
43.10000000000034 756.2038026061393
43.20000000000034 756.2038026061393
43.30000000000035 756.2038026061393
43.40000000000035 756.2038026061393
43.50000000000035 756.2038026061393
43.60000000000035 756.2038026061393
43.70000000000035 756.2038026061393
43.80000000000035 756.2038026061393
43.90000000000035 756.2038026061393
44.00000000000036 756.2038026061393
44.10000000000036 756.2038026061393
44.20000000000036 756.2038026061393
44.30000000000036 756.2038026061393
44.40000000000036 756.2038026061393
44.50000000000036 756.2038026061393
44.60000000000036 756.2038026061393
44.70000000000037 756.2038026061393
44.80000000000037 756.2038026061393
44.90000000000037 756.2038026061393
45.00000000000037 756.2038026061393
45.10000000000037 756.2038026061393
45.20000000000037 756.2038026061393
45.30000000000037 756.2038026061393
45.40000000000038 756.2038026061393
45.50000000000038 756.2038026061393
45.60000000000038 756.2038026061393
45.70000000000038 756.2038026061393
45.80000000000038 756.2038026061393
45.90000000000038 756.2038026061393
46.00000000000038 756.2038026061393
46.10000000000039 756.2038026061393
46.20000000000039 756.2038026061393
46.30000000000039 756.2038026061393
46.40000000000039 756.2038026061393
46.50000000000039 756.2038026061393
46.60000000000039 756.2038026061393
46.70000000000039 756.2038026061393
46.8000000000004 756.2038026061393
46.9000000000004 756.2038026061393
47.0000000000004 756.2038026061393
47.1000000000004 756.2038026061393
47.2000000000004 756.2038026061393
47.3000000000004 756.2038026061393
47.4000000000004 756.2038026061393
47.50000000000041 756.2038026061393
47.60000000000041 756.2038026061393
47.70000000000041 756.2038026061393
47.80000000000041 756.2038026061393
47.90000000000041 756.2038026061393
48.00000000000041 756.2038026061393
48.10000000000041 756.2038026061393
48.20000000000041 756.2038026061393
48.30000000000042 756.2038026061393
48.40000000000042 756.2038026061393
48.50000000000042 756.2038026061393
48.60000000000042 756.2038026061393
48.70000000000042 756.2038026061393
48.80000000000042 756.2038026061393
48.90000000000042 756.2038026061393
49.00000000000043 756.2038026061393
49.10000000000043 756.2038026061393
49.20000000000043 756.2038026061393
49.30000000000043 756.2038026061393
49.40000000000043 756.2038026061393
49.50000000000043 756.2038026061393
49.60000000000043 756.2038026061393
49.70000000000044 756.2038026061393
49.80000000000044 756.2038026061393
49.90000000000044 756.2038026061393