Time X1
0 250
0.1 177.4187401327854
0.2 177.4187401329805
0.3 177.4187401329812
0.4 177.4187401329813
0.5 177.4187401329813
0.6 177.4187401329813
0.7 177.4187401329813
0.7999999999999999 177.4187401329813
0.8999999999999999 177.4187401329813
0.9999999999999999 177.4187401329813
1.1 177.4187401329813
1.2 177.4187401329813
1.3 177.4187401329813
1.4 177.4187401329813
1.5 177.4187401329813
1.6 177.4187401329813
1.7 177.4187401329813
1.8 177.4187401329813
1.900000000000001 177.4187401329813
2 177.4187401329813
2.100000000000001 177.4187401329813
2.200000000000001 177.4187401329813
2.300000000000001 177.4187401329813
2.400000000000001 177.4187401329813
2.500000000000001 177.4187401329813
2.600000000000001 177.4187401329813
2.700000000000001 177.4187401329813
2.800000000000001 177.4187401329813
2.900000000000001 177.4187401329813
3.000000000000001 177.4187401329813
3.100000000000001 177.4187401329813
3.200000000000002 177.4187401329813
3.300000000000002 177.4187401329813
3.400000000000002 177.4187401329813
3.500000000000002 177.4187401329813
3.600000000000002 177.4187401329813
3.700000000000002 177.4187401329813
3.800000000000002 177.4187401329813
3.900000000000002 177.4187401329813
4.000000000000002 177.4187401329813
4.100000000000001 177.4187401329813
4.200000000000001 177.4187401329813
4.300000000000001 177.4187401329813
4.4 177.4187401329813
4.5 177.4187401329813
4.6 177.4187401329813
4.699999999999999 177.4187401329813
4.799999999999999 177.4187401329813
4.899999999999999 177.4187401329813
4.999999999999998 177.4187401329813
5.099999999999998 177.4187401329813
5.199999999999998 177.4187401329813
5.299999999999997 177.4187401329813
5.399999999999997 177.4187401329813
5.499999999999996 177.4187401329813
5.599999999999996 177.4187401329813
5.699999999999996 177.4187401329813
5.799999999999995 177.4187401329813
5.899999999999995 177.4187401329813
5.999999999999995 177.4187401329813
6.099999999999994 177.4187401329813
6.199999999999994 177.4187401329813
6.299999999999994 177.4187401329813
6.399999999999993 177.4187401329813
6.499999999999993 177.4187401329813
6.599999999999993 177.4187401329813
6.699999999999992 177.4187401329813
6.799999999999992 177.4187401329813
6.899999999999991 177.4187401329813
6.999999999999991 177.4187401329813
7.099999999999991 177.4187401329813
7.19999999999999 177.4187401329813
7.29999999999999 177.4187401329813
7.39999999999999 177.4187401329813
7.499999999999989 177.4187401329813
7.599999999999989 177.4187401329813
7.699999999999989 177.4187401329813
7.799999999999988 177.4187401329813
7.899999999999988 177.4187401329813
7.999999999999988 177.4187401329813
8.099999999999987 177.4187401329813
8.199999999999987 177.4187401329813
8.299999999999986 177.4187401329813
8.399999999999986 177.4187401329813
8.499999999999986 177.4187401329813
8.599999999999985 177.4187401329813
8.699999999999985 177.4187401329813
8.799999999999985 177.4187401329813
8.899999999999984 177.4187401329813
8.999999999999984 177.4187401329813
9.099999999999984 177.4187401329813
9.199999999999983 177.4187401329813
9.299999999999983 177.4187401329813
9.399999999999983 177.4187401329813
9.499999999999982 177.4187401329813
9.599999999999982 177.4187401329813
9.699999999999982 177.4187401329813
9.799999999999981 177.4187401329813
9.899999999999981 177.4187401329813
9.99999999999998 177.4187401329813
10.09999999999998 177.4187401329813
10.19999999999998 177.4187401329813
10.29999999999998 177.4187401329813
10.39999999999998 177.4187401329813
10.49999999999998 177.4187401329813
10.59999999999998 177.4187401329813
10.69999999999998 177.4187401329813
10.79999999999998 177.4187401329813
10.89999999999998 177.4187401329813
10.99999999999998 177.4187401329813
11.09999999999998 177.4187401329813
11.19999999999998 177.4187401329813
11.29999999999998 177.4187401329813
11.39999999999998 177.4187401329813
11.49999999999998 177.4187401329813
11.59999999999997 177.4187401329813
11.69999999999997 177.4187401329813
11.79999999999997 177.4187401329813
11.89999999999997 177.4187401329813
11.99999999999997 177.4187401329813
12.09999999999997 177.4187401329813
12.19999999999997 177.4187401329813
12.29999999999997 177.4187401329813
12.39999999999997 177.4187401329813
12.49999999999997 177.4187401329813
12.59999999999997 177.4187401329813
12.69999999999997 177.4187401329813
12.79999999999997 177.4187401329813
12.89999999999997 177.4187401329813
12.99999999999997 177.4187401329813
13.09999999999997 177.4187401329813
13.19999999999997 177.4187401329813
13.29999999999997 177.4187401329813
13.39999999999997 177.4187401329813
13.49999999999997 177.4187401329813
13.59999999999997 177.4187401329813
13.69999999999997 177.4187401329813
13.79999999999997 177.4187401329813
13.89999999999997 177.4187401329813
13.99999999999997 177.4187401329813
14.09999999999997 177.4187401329813
14.19999999999997 177.4187401329813
14.29999999999997 177.4187401329813
14.39999999999996 177.4187401329813
14.49999999999996 177.4187401329813
14.59999999999996 177.4187401329813
14.69999999999996 177.4187401329813
14.79999999999996 177.4187401329813
14.89999999999996 177.4187401329813
14.99999999999996 177.4187401329813
15.09999999999996 177.4187401329813
15.19999999999996 177.4187401329813
15.29999999999996 177.4187401329813
15.39999999999996 177.4187401329813
15.49999999999996 177.4187401329813
15.59999999999996 177.4187401329813
15.69999999999996 177.4187401329813
15.79999999999996 177.4187401329813
15.89999999999996 177.4187401329813
15.99999999999996 177.4187401329813
16.09999999999996 177.4187401329813
16.19999999999996 177.4187401329813
16.29999999999996 177.4187401329813
16.39999999999996 177.4187401329813
16.49999999999996 177.4187401329813
16.59999999999997 177.4187401329813
16.69999999999997 177.4187401329813
16.79999999999997 177.4187401329813
16.89999999999997 177.4187401329813
16.99999999999997 177.4187401329813
17.09999999999997 177.4187401329813
17.19999999999997 177.4187401329813
17.29999999999998 177.4187401329813
17.39999999999998 177.4187401329814
17.49999999999998 177.4187401329814
17.59999999999998 177.4187401329814
17.69999999999998 177.4187401329814
17.79999999999998 177.4187401329814
17.89999999999998 177.4187401329814
17.99999999999999 177.4187401329814
18.09999999999999 177.4187401329814
18.19999999999999 177.4187401329814
18.29999999999999 177.4187401329814
18.39999999999999 177.4187401329814
18.49999999999999 177.4187401329814
18.59999999999999 177.4187401329814
18.7 177.4187401329814
18.8 177.4187401329814
18.9 177.4187401329814
19 177.4187401329814
19.1 177.4187401329814
19.2 177.4187401329814
19.3 177.4187401329814
19.40000000000001 177.4187401329814
19.50000000000001 177.4187401329814
19.60000000000001 177.4187401329814
19.70000000000001 177.4187401329814
19.80000000000001 177.4187401329814
19.90000000000001 177.4187401329814
20.00000000000001 177.4187401329814
20.10000000000002 177.4187401329814
20.20000000000002 177.4187401329814
20.30000000000002 177.4187401329814
20.40000000000002 177.4187401329814
20.50000000000002 177.4187401329814
20.60000000000002 177.4187401329814
20.70000000000002 177.4187401329814
20.80000000000003 177.4187401329814
20.90000000000003 177.4187401329814
21.00000000000003 177.4187401329814
21.10000000000003 177.4187401329814
21.20000000000003 177.4187401329814
21.30000000000003 177.4187401329814
21.40000000000003 177.4187401329814
21.50000000000004 177.4187401329814
21.60000000000004 177.4187401329814
21.70000000000004 177.4187401329814
21.80000000000004 177.4187401329814
21.90000000000004 177.4187401329814
22.00000000000004 177.4187401329814
22.10000000000004 177.4187401329814
22.20000000000005 177.4187401329814
22.30000000000005 177.4187401329814
22.40000000000005 177.4187401329814
22.50000000000005 177.4187401329814
22.60000000000005 177.4187401329814
22.70000000000005 177.4187401329814
22.80000000000005 177.4187401329814
22.90000000000006 177.4187401329814
23.00000000000006 177.4187401329814
23.10000000000006 177.4187401329814
23.20000000000006 177.4187401329814
23.30000000000006 177.4187401329814
23.40000000000006 177.4187401329814
23.50000000000006 177.4187401329814
23.60000000000007 177.4187401329814
23.70000000000007 177.4187401329814
23.80000000000007 177.4187401329814
23.90000000000007 177.4187401329814
24.00000000000007 177.4187401329814
24.10000000000007 177.4187401329814
24.20000000000007 177.4187401329814
24.30000000000008 177.4187401329814
24.40000000000008 177.4187401329814
24.50000000000008 177.4187401329814
24.60000000000008 177.4187401329814
24.70000000000008 177.4187401329814
24.80000000000008 177.4187401329814
24.90000000000008 177.4187401329814
25.00000000000009 177.4187401329814
25.10000000000009 177.4187401329814
25.20000000000009 177.4187401329814
25.30000000000009 177.4187401329814
25.40000000000009 177.4187401329814
25.50000000000009 177.4187401329814
25.60000000000009 177.4187401329814
25.7000000000001 177.4187401329814
25.8000000000001 177.4187401329814
25.9000000000001 177.4187401329814
26.0000000000001 177.4187401329814
26.1000000000001 177.4187401329814
26.2000000000001 177.4187401329814
26.3000000000001 177.4187401329814
26.40000000000011 177.4187401329814
26.50000000000011 177.4187401329814
26.60000000000011 177.4187401329814
26.70000000000011 177.4187401329814
26.80000000000011 177.4187401329814
26.90000000000011 177.4187401329814
27.00000000000011 177.4187401329814
27.10000000000012 177.4187401329814
27.20000000000012 177.4187401329814
27.30000000000012 177.4187401329814
27.40000000000012 177.4187401329814
27.50000000000012 177.4187401329814
27.60000000000012 177.4187401329814
27.70000000000012 177.4187401329814
27.80000000000013 177.4187401329814
27.90000000000013 177.4187401329814
28.00000000000013 177.4187401329814
28.10000000000013 177.4187401329814
28.20000000000013 177.4187401329814
28.30000000000013 177.4187401329814
28.40000000000013 177.4187401329814
28.50000000000014 177.4187401329814
28.60000000000014 177.4187401329814
28.70000000000014 177.4187401329814
28.80000000000014 177.4187401329814
28.90000000000014 177.4187401329814
29.00000000000014 177.4187401329814
29.10000000000014 177.4187401329814
29.20000000000014 177.4187401329814
29.30000000000015 177.4187401329814
29.40000000000015 177.4187401329814
29.50000000000015 177.4187401329814
29.60000000000015 177.4187401329814
29.70000000000015 177.4187401329814
29.80000000000015 177.4187401329814
29.90000000000015 177.4187401329814
30.00000000000016 177.4187401329814
30.10000000000016 177.4187401329814
30.20000000000016 177.4187401329814
30.30000000000016 177.4187401329814
30.40000000000016 177.4187401329814
30.50000000000016 177.4187401329814
30.60000000000016 177.4187401329814
30.70000000000017 177.4187401329814
30.80000000000017 177.4187401329814
30.90000000000017 177.4187401329814
31.00000000000017 177.4187401329814
31.10000000000017 177.4187401329814
31.20000000000017 177.4187401329814
31.30000000000017 177.4187401329814
31.40000000000018 177.4187401329814
31.50000000000018 177.4187401329814
31.60000000000018 177.4187401329814
31.70000000000018 177.4187401329814
31.80000000000018 177.4187401329814
31.90000000000018 177.4187401329814
32.00000000000018 177.4187401329814
32.10000000000019 177.4187401329814
32.20000000000019 177.4187401329814
32.30000000000019 177.4187401329814
32.40000000000019 177.4187401329814
32.50000000000019 177.4187401329814
32.60000000000019 177.4187401329814
32.70000000000019 177.4187401329814
32.8000000000002 177.4187401329814
32.9000000000002 177.4187401329813
33.0000000000002 177.4187401329813
33.1000000000002 177.4187401329813
33.2000000000002 177.4187401329813
33.3000000000002 177.4187401329813
33.4000000000002 177.4187401329813
33.50000000000021 177.4187401329813
33.60000000000021 177.4187401329813
33.70000000000021 177.4187401329813
33.80000000000021 177.4187401329813
33.90000000000021 177.4187401329813
34.00000000000021 177.4187401329813
34.10000000000021 177.4187401329813
34.20000000000022 177.4187401329813
34.30000000000022 177.4187401329813
34.40000000000022 177.4187401329813
34.50000000000022 177.4187401329813
34.60000000000022 177.4187401329813
34.70000000000022 177.4187401329813
34.80000000000022 177.4187401329813
34.90000000000023 177.4187401329813
35.00000000000023 177.4187401329813
35.10000000000023 177.4187401329813
35.20000000000023 177.4187401329813
35.30000000000023 177.4187401329813
35.40000000000023 177.4187401329813
35.50000000000023 177.4187401329813
35.60000000000024 177.4187401329813
35.70000000000024 177.4187401329813
35.80000000000024 177.4187401329813
35.90000000000024 177.4187401329813
36.00000000000024 177.4187401329813
36.10000000000024 177.4187401329813
36.20000000000024 177.4187401329813
36.30000000000025 177.4187401329813
36.40000000000025 177.4187401329813
36.50000000000025 177.4187401329813
36.60000000000025 177.4187401329813
36.70000000000025 177.4187401329813
36.80000000000025 177.4187401329813
36.90000000000025 177.4187401329813
37.00000000000026 177.4187401329813
37.10000000000026 177.4187401329813
37.20000000000026 177.4187401329813
37.30000000000026 177.4187401329813
37.40000000000026 177.4187401329813
37.50000000000026 177.4187401329813
37.60000000000026 177.4187401329813
37.70000000000027 177.4187401329813
37.80000000000027 177.4187401329813
37.90000000000027 177.4187401329813
38.00000000000027 177.4187401329813
38.10000000000027 177.4187401329813
38.20000000000027 177.4187401329813
38.30000000000027 177.4187401329813
38.40000000000028 177.4187401329813
38.50000000000028 177.4187401329813
38.60000000000028 177.4187401329813
38.70000000000028 177.4187401329813
38.80000000000028 177.4187401329813
38.90000000000028 177.4187401329813
39.00000000000028 177.4187401329813
39.10000000000029 177.4187401329813
39.20000000000029 177.4187401329813
39.30000000000029 177.4187401329813
39.40000000000029 177.4187401329813
39.50000000000029 177.4187401329813
39.60000000000029 177.4187401329813
39.70000000000029 177.4187401329813
39.8000000000003 177.4187401329813
39.9000000000003 177.4187401329813
40.0000000000003 177.4187401329813
40.1000000000003 177.4187401329813
40.2000000000003 177.4187401329813
40.3000000000003 177.4187401329813
40.4000000000003 177.4187401329813
40.50000000000031 177.4187401329813
40.60000000000031 177.4187401329813
40.70000000000031 177.4187401329813
40.80000000000031 177.4187401329813
40.90000000000031 177.4187401329813
41.00000000000031 177.4187401329813
41.10000000000031 177.4187401329813
41.20000000000032 177.4187401329813
41.30000000000032 177.4187401329813
41.40000000000032 177.4187401329813
41.50000000000032 177.4187401329813
41.60000000000032 177.4187401329813
41.70000000000032 177.4187401329813
41.80000000000032 177.4187401329813
41.90000000000033 177.4187401329813
42.00000000000033 177.4187401329813
42.10000000000033 177.4187401329813
42.20000000000033 177.4187401329813
42.30000000000033 177.4187401329813
42.40000000000033 177.4187401329813
42.50000000000033 177.4187401329813
42.60000000000034 177.4187401329813
42.70000000000034 177.4187401329813
42.80000000000034 177.4187401329813
42.90000000000034 177.4187401329813
43.00000000000034 177.4187401329813
43.10000000000034 177.4187401329813
43.20000000000034 177.4187401329813
43.30000000000035 177.4187401329813
43.40000000000035 177.4187401329813
43.50000000000035 177.4187401329813
43.60000000000035 177.4187401329813
43.70000000000035 177.4187401329813
43.80000000000035 177.4187401329813
43.90000000000035 177.4187401329813
44.00000000000036 177.4187401329813
44.10000000000036 177.4187401329813
44.20000000000036 177.4187401329813
44.30000000000036 177.4187401329813
44.40000000000036 177.4187401329813
44.50000000000036 177.4187401329813
44.60000000000036 177.4187401329813
44.70000000000037 177.4187401329813
44.80000000000037 177.4187401329813
44.90000000000037 177.4187401329813
45.00000000000037 177.4187401329813
45.10000000000037 177.4187401329813
45.20000000000037 177.4187401329813
45.30000000000037 177.4187401329813
45.40000000000038 177.4187401329813
45.50000000000038 177.4187401329813
45.60000000000038 177.4187401329813
45.70000000000038 177.4187401329813
45.80000000000038 177.4187401329813
45.90000000000038 177.4187401329813
46.00000000000038 177.4187401329813
46.10000000000039 177.4187401329813
46.20000000000039 177.4187401329813
46.30000000000039 177.4187401329813
46.40000000000039 177.4187401329813
46.50000000000039 177.4187401329813
46.60000000000039 177.4187401329813
46.70000000000039 177.4187401329813
46.8000000000004 177.4187401329813
46.9000000000004 177.4187401329813
47.0000000000004 177.4187401329813
47.1000000000004 177.4187401329813
47.2000000000004 177.4187401329813
47.3000000000004 177.4187401329813
47.4000000000004 177.4187401329813
47.50000000000041 177.4187401329813
47.60000000000041 177.4187401329813
47.70000000000041 177.4187401329813
47.80000000000041 177.4187401329813
47.90000000000041 177.4187401329813
48.00000000000041 177.4187401329813
48.10000000000041 177.4187401329813
48.20000000000041 177.4187401329813
48.30000000000042 177.4187401329813
48.40000000000042 177.4187401329813
48.50000000000042 177.4187401329813
48.60000000000042 177.4187401329813
48.70000000000042 177.4187401329813
48.80000000000042 177.4187401329813
48.90000000000042 177.4187401329813
49.00000000000043 177.4187401329813
49.10000000000043 177.4187401329813
49.20000000000043 177.4187401329813
49.30000000000043 177.4187401329813
49.40000000000043 177.4187401329813
49.50000000000043 177.4187401329813
49.60000000000043 177.4187401329813
49.70000000000044 177.4187401329813
49.80000000000044 177.4187401329813
49.90000000000044 177.4187401329813