Time X1
0 250
0.1 991.3723800623291
0.2 991.3723800623289
0.3 991.3723800623289
0.4 991.3723800623289
0.5 991.3723800623291
0.6 991.3723800623291
0.7 991.3723800623292
0.7999999999999999 991.3723800623292
0.8999999999999999 991.3723800623292
0.9999999999999999 991.3723800623292
1.1 991.3723800623292
1.2 991.3723800623292
1.3 991.3723800623292
1.4 991.3723800623292
1.5 991.3723800623292
1.6 991.3723800623292
1.7 991.3723800623292
1.8 991.3723800623292
1.900000000000001 991.3723800623292
2 991.3723800623292
2.100000000000001 991.3723800623292
2.200000000000001 991.3723800623292
2.300000000000001 991.3723800623292
2.400000000000001 991.3723800623292
2.500000000000001 991.3723800623292
2.600000000000001 991.3723800623292
2.700000000000001 991.3723800623291
2.800000000000001 991.3723800623291
2.900000000000001 991.3723800623291
3.000000000000001 991.3723800623291
3.100000000000001 991.3723800623291
3.200000000000002 991.3723800623291
3.300000000000002 991.3723800623291
3.400000000000002 991.3723800623291
3.500000000000002 991.3723800623291
3.600000000000002 991.3723800623291
3.700000000000002 991.3723800623291
3.800000000000002 991.3723800623291
3.900000000000002 991.3723800623291
4.000000000000002 991.3723800623291
4.100000000000001 991.3723800623291
4.200000000000001 991.3723800623291
4.300000000000001 991.3723800623291
4.4 991.3723800623291
4.5 991.3723800623291
4.6 991.3723800623291
4.699999999999999 991.3723800623291
4.799999999999999 991.3723800623291
4.899999999999999 991.3723800623291
4.999999999999998 991.3723800623291
5.099999999999998 991.3723800623291
5.199999999999998 991.3723800623291
5.299999999999997 991.3723800623291
5.399999999999997 991.3723800623291
5.499999999999996 991.3723800623291
5.599999999999996 991.3723800623291
5.699999999999996 991.3723800623291
5.799999999999995 991.3723800623291
5.899999999999995 991.3723800623291
5.999999999999995 991.3723800623291
6.099999999999994 991.3723800623291
6.199999999999994 991.3723800623291
6.299999999999994 991.3723800623291
6.399999999999993 991.3723800623291
6.499999999999993 991.3723800623291
6.599999999999993 991.3723800623291
6.699999999999992 991.3723800623291
6.799999999999992 991.3723800623291
6.899999999999991 991.3723800623291
6.999999999999991 991.3723800623291
7.099999999999991 991.3723800623291
7.19999999999999 991.3723800623291
7.29999999999999 991.3723800623291
7.39999999999999 991.3723800623291
7.499999999999989 991.3723800623291
7.599999999999989 991.3723800623291
7.699999999999989 991.3723800623291
7.799999999999988 991.3723800623291
7.899999999999988 991.3723800623291
7.999999999999988 991.3723800623291
8.099999999999987 991.3723800623291
8.199999999999987 991.3723800623291
8.299999999999986 991.3723800623291
8.399999999999986 991.3723800623291
8.499999999999986 991.3723800623291
8.599999999999985 991.3723800623291
8.699999999999985 991.3723800623291
8.799999999999985 991.3723800623291
8.899999999999984 991.3723800623291
8.999999999999984 991.3723800623291
9.099999999999984 991.3723800623291
9.199999999999983 991.3723800623291
9.299999999999983 991.3723800623291
9.399999999999983 991.3723800623291
9.499999999999982 991.3723800623291
9.599999999999982 991.3723800623291
9.699999999999982 991.3723800623291
9.799999999999981 991.3723800623291
9.899999999999981 991.3723800623291
9.99999999999998 991.3723800623291
10.09999999999998 991.3723800623291
10.19999999999998 991.3723800623291
10.29999999999998 991.3723800623291
10.39999999999998 991.3723800623291
10.49999999999998 991.3723800623291
10.59999999999998 991.3723800623291
10.69999999999998 991.3723800623291
10.79999999999998 991.3723800623291
10.89999999999998 991.3723800623291
10.99999999999998 991.3723800623291
11.09999999999998 991.3723800623291
11.19999999999998 991.3723800623291
11.29999999999998 991.3723800623291
11.39999999999998 991.3723800623291
11.49999999999998 991.3723800623291
11.59999999999997 991.3723800623291
11.69999999999997 991.3723800623291
11.79999999999997 991.3723800623291
11.89999999999997 991.3723800623291
11.99999999999997 991.3723800623291
12.09999999999997 991.3723800623291
12.19999999999997 991.3723800623291
12.29999999999997 991.3723800623291
12.39999999999997 991.3723800623291
12.49999999999997 991.3723800623291
12.59999999999997 991.3723800623291
12.69999999999997 991.3723800623291
12.79999999999997 991.3723800623291
12.89999999999997 991.3723800623291
12.99999999999997 991.3723800623291
13.09999999999997 991.3723800623291
13.19999999999997 991.3723800623291
13.29999999999997 991.3723800623291
13.39999999999997 991.3723800623291
13.49999999999997 991.3723800623291
13.59999999999997 991.3723800623291
13.69999999999997 991.3723800623291
13.79999999999997 991.3723800623291
13.89999999999997 991.3723800623291
13.99999999999997 991.3723800623291
14.09999999999997 991.3723800623291
14.19999999999997 991.3723800623291
14.29999999999997 991.3723800623291
14.39999999999996 991.3723800623291
14.49999999999996 991.3723800623291
14.59999999999996 991.3723800623291
14.69999999999996 991.3723800623291
14.79999999999996 991.3723800623291
14.89999999999996 991.3723800623291
14.99999999999996 991.3723800623291
15.09999999999996 991.3723800623291
15.19999999999996 991.3723800623291
15.29999999999996 991.3723800623291
15.39999999999996 991.3723800623291
15.49999999999996 991.3723800623291
15.59999999999996 991.3723800623291
15.69999999999996 991.3723800623291
15.79999999999996 991.3723800623291
15.89999999999996 991.3723800623291
15.99999999999996 991.3723800623291
16.09999999999996 991.3723800623291
16.19999999999996 991.3723800623292
16.29999999999996 991.3723800623292
16.39999999999996 991.3723800623292
16.49999999999996 991.3723800623292
16.59999999999997 991.3723800623292
16.69999999999997 991.3723800623292
16.79999999999997 991.3723800623292
16.89999999999997 991.3723800623292
16.99999999999997 991.3723800623292
17.09999999999997 991.3723800623292
17.19999999999997 991.3723800623292
17.29999999999998 991.3723800623292
17.39999999999998 991.3723800623292
17.49999999999998 991.3723800623292
17.59999999999998 991.3723800623292
17.69999999999998 991.3723800623292
17.79999999999998 991.3723800623292
17.89999999999998 991.3723800623292
17.99999999999999 991.3723800623292
18.09999999999999 991.3723800623292
18.19999999999999 991.3723800623292
18.29999999999999 991.3723800623292
18.39999999999999 991.3723800623292
18.49999999999999 991.3723800623292
18.59999999999999 991.3723800623292
18.7 991.3723800623292
18.8 991.3723800623292
18.9 991.3723800623292
19 991.3723800623292
19.1 991.3723800623292
19.2 991.3723800623292
19.3 991.3723800623292
19.40000000000001 991.3723800623292
19.50000000000001 991.3723800623292
19.60000000000001 991.3723800623292
19.70000000000001 991.3723800623292
19.80000000000001 991.3723800623292
19.90000000000001 991.3723800623292
20.00000000000001 991.3723800623292
20.10000000000002 991.3723800623292
20.20000000000002 991.3723800623292
20.30000000000002 991.3723800623292
20.40000000000002 991.3723800623292
20.50000000000002 991.3723800623292
20.60000000000002 991.3723800623292
20.70000000000002 991.3723800623292
20.80000000000003 991.3723800623292
20.90000000000003 991.3723800623292
21.00000000000003 991.3723800623292
21.10000000000003 991.3723800623292
21.20000000000003 991.3723800623292
21.30000000000003 991.3723800623292
21.40000000000003 991.3723800623292
21.50000000000004 991.3723800623292
21.60000000000004 991.3723800623292
21.70000000000004 991.3723800623292
21.80000000000004 991.3723800623292
21.90000000000004 991.3723800623292
22.00000000000004 991.3723800623292
22.10000000000004 991.3723800623292
22.20000000000005 991.3723800623292
22.30000000000005 991.3723800623292
22.40000000000005 991.3723800623292
22.50000000000005 991.3723800623292
22.60000000000005 991.3723800623292
22.70000000000005 991.3723800623292
22.80000000000005 991.3723800623292
22.90000000000006 991.3723800623292
23.00000000000006 991.3723800623292
23.10000000000006 991.3723800623292
23.20000000000006 991.3723800623292
23.30000000000006 991.3723800623292
23.40000000000006 991.3723800623292
23.50000000000006 991.3723800623292
23.60000000000007 991.3723800623292
23.70000000000007 991.3723800623292
23.80000000000007 991.3723800623292
23.90000000000007 991.3723800623292
24.00000000000007 991.3723800623292
24.10000000000007 991.3723800623292
24.20000000000007 991.3723800623292
24.30000000000008 991.3723800623292
24.40000000000008 991.3723800623292
24.50000000000008 991.3723800623292
24.60000000000008 991.3723800623292
24.70000000000008 991.3723800623292
24.80000000000008 991.3723800623292
24.90000000000008 991.3723800623292
25.00000000000009 991.3723800623292
25.10000000000009 991.3723800623292
25.20000000000009 991.3723800623292
25.30000000000009 991.3723800623292
25.40000000000009 991.3723800623292
25.50000000000009 991.3723800623292
25.60000000000009 991.3723800623292
25.7000000000001 991.3723800623292
25.8000000000001 991.3723800623292
25.9000000000001 991.3723800623292
26.0000000000001 991.3723800623292
26.1000000000001 991.3723800623292
26.2000000000001 991.3723800623292
26.3000000000001 991.3723800623292
26.40000000000011 991.3723800623292
26.50000000000011 991.3723800623292
26.60000000000011 991.3723800623292
26.70000000000011 991.3723800623292
26.80000000000011 991.3723800623292
26.90000000000011 991.3723800623292
27.00000000000011 991.3723800623292
27.10000000000012 991.3723800623292
27.20000000000012 991.3723800623292
27.30000000000012 991.3723800623292
27.40000000000012 991.3723800623292
27.50000000000012 991.3723800623292
27.60000000000012 991.3723800623292
27.70000000000012 991.3723800623292
27.80000000000013 991.3723800623292
27.90000000000013 991.3723800623292
28.00000000000013 991.3723800623292
28.10000000000013 991.3723800623292
28.20000000000013 991.3723800623292
28.30000000000013 991.3723800623292
28.40000000000013 991.3723800623292
28.50000000000014 991.3723800623292
28.60000000000014 991.3723800623292
28.70000000000014 991.3723800623292
28.80000000000014 991.3723800623292
28.90000000000014 991.3723800623292
29.00000000000014 991.3723800623292
29.10000000000014 991.3723800623292
29.20000000000014 991.3723800623292
29.30000000000015 991.3723800623292
29.40000000000015 991.3723800623292
29.50000000000015 991.3723800623292
29.60000000000015 991.3723800623292
29.70000000000015 991.3723800623292
29.80000000000015 991.3723800623292
29.90000000000015 991.3723800623292
30.00000000000016 991.3723800623292
30.10000000000016 991.3723800623292
30.20000000000016 991.3723800623292
30.30000000000016 991.3723800623292
30.40000000000016 991.3723800623292
30.50000000000016 991.3723800623292
30.60000000000016 991.3723800623292
30.70000000000017 991.3723800623292
30.80000000000017 991.3723800623292
30.90000000000017 991.3723800623292
31.00000000000017 991.3723800623292
31.10000000000017 991.3723800623292
31.20000000000017 991.3723800623292
31.30000000000017 991.3723800623292
31.40000000000018 991.3723800623292
31.50000000000018 991.3723800623292
31.60000000000018 991.3723800623292
31.70000000000018 991.3723800623292
31.80000000000018 991.3723800623292
31.90000000000018 991.3723800623292
32.00000000000018 991.3723800623292
32.10000000000019 991.3723800623292
32.20000000000019 991.3723800623292
32.30000000000019 991.3723800623292
32.40000000000019 991.3723800623292
32.50000000000019 991.3723800623292
32.60000000000019 991.3723800623292
32.70000000000019 991.3723800623292
32.8000000000002 991.3723800623292
32.9000000000002 991.3723800623292
33.0000000000002 991.3723800623292
33.1000000000002 991.3723800623292
33.2000000000002 991.3723800623292
33.3000000000002 991.3723800623292
33.4000000000002 991.3723800623292
33.50000000000021 991.3723800623292
33.60000000000021 991.3723800623292
33.70000000000021 991.3723800623292
33.80000000000021 991.3723800623292
33.90000000000021 991.3723800623292
34.00000000000021 991.3723800623292
34.10000000000021 991.3723800623292
34.20000000000022 991.3723800623292
34.30000000000022 991.3723800623292
34.40000000000022 991.3723800623292
34.50000000000022 991.3723800623292
34.60000000000022 991.3723800623292
34.70000000000022 991.3723800623292
34.80000000000022 991.3723800623292
34.90000000000023 991.3723800623292
35.00000000000023 991.3723800623292
35.10000000000023 991.3723800623292
35.20000000000023 991.3723800623292
35.30000000000023 991.3723800623292
35.40000000000023 991.3723800623292
35.50000000000023 991.3723800623292
35.60000000000024 991.3723800623292
35.70000000000024 991.3723800623292
35.80000000000024 991.3723800623292
35.90000000000024 991.3723800623292
36.00000000000024 991.3723800623292
36.10000000000024 991.3723800623292
36.20000000000024 991.3723800623292
36.30000000000025 991.3723800623292
36.40000000000025 991.3723800623292
36.50000000000025 991.3723800623292
36.60000000000025 991.3723800623292
36.70000000000025 991.3723800623292
36.80000000000025 991.3723800623292
36.90000000000025 991.3723800623292
37.00000000000026 991.3723800623292
37.10000000000026 991.3723800623292
37.20000000000026 991.3723800623292
37.30000000000026 991.3723800623292
37.40000000000026 991.3723800623292
37.50000000000026 991.3723800623292
37.60000000000026 991.3723800623292
37.70000000000027 991.3723800623292
37.80000000000027 991.3723800623292
37.90000000000027 991.3723800623292
38.00000000000027 991.3723800623292
38.10000000000027 991.3723800623292
38.20000000000027 991.3723800623292
38.30000000000027 991.3723800623292
38.40000000000028 991.3723800623292
38.50000000000028 991.3723800623292
38.60000000000028 991.3723800623292
38.70000000000028 991.3723800623292
38.80000000000028 991.3723800623292
38.90000000000028 991.3723800623292
39.00000000000028 991.3723800623292
39.10000000000029 991.3723800623292
39.20000000000029 991.3723800623292
39.30000000000029 991.3723800623292
39.40000000000029 991.3723800623292
39.50000000000029 991.3723800623292
39.60000000000029 991.3723800623292
39.70000000000029 991.3723800623292
39.8000000000003 991.3723800623292
39.9000000000003 991.3723800623292
40.0000000000003 991.3723800623292
40.1000000000003 991.3723800623292
40.2000000000003 991.3723800623292
40.3000000000003 991.3723800623292
40.4000000000003 991.3723800623292
40.50000000000031 991.3723800623292
40.60000000000031 991.3723800623292
40.70000000000031 991.3723800623292
40.80000000000031 991.3723800623292
40.90000000000031 991.3723800623292
41.00000000000031 991.3723800623292
41.10000000000031 991.3723800623292
41.20000000000032 991.3723800623292
41.30000000000032 991.3723800623292
41.40000000000032 991.3723800623292
41.50000000000032 991.3723800623292
41.60000000000032 991.3723800623292
41.70000000000032 991.3723800623292
41.80000000000032 991.3723800623292
41.90000000000033 991.3723800623292
42.00000000000033 991.3723800623292
42.10000000000033 991.3723800623292
42.20000000000033 991.3723800623292
42.30000000000033 991.3723800623292
42.40000000000033 991.3723800623292
42.50000000000033 991.3723800623292
42.60000000000034 991.3723800623292
42.70000000000034 991.3723800623292
42.80000000000034 991.3723800623292
42.90000000000034 991.3723800623292
43.00000000000034 991.3723800623292
43.10000000000034 991.3723800623292
43.20000000000034 991.3723800623292
43.30000000000035 991.3723800623292
43.40000000000035 991.3723800623292
43.50000000000035 991.3723800623292
43.60000000000035 991.3723800623292
43.70000000000035 991.3723800623292
43.80000000000035 991.3723800623292
43.90000000000035 991.3723800623292
44.00000000000036 991.3723800623292
44.10000000000036 991.3723800623292
44.20000000000036 991.3723800623292
44.30000000000036 991.3723800623292
44.40000000000036 991.3723800623292
44.50000000000036 991.3723800623292
44.60000000000036 991.3723800623292
44.70000000000037 991.3723800623292
44.80000000000037 991.3723800623292
44.90000000000037 991.3723800623292
45.00000000000037 991.3723800623292
45.10000000000037 991.3723800623292
45.20000000000037 991.3723800623292
45.30000000000037 991.3723800623292
45.40000000000038 991.3723800623292
45.50000000000038 991.3723800623292
45.60000000000038 991.3723800623292
45.70000000000038 991.3723800623292
45.80000000000038 991.3723800623292
45.90000000000038 991.3723800623292
46.00000000000038 991.3723800623292
46.10000000000039 991.3723800623292
46.20000000000039 991.3723800623292
46.30000000000039 991.3723800623292
46.40000000000039 991.3723800623292
46.50000000000039 991.3723800623292
46.60000000000039 991.3723800623292
46.70000000000039 991.3723800623292
46.8000000000004 991.3723800623292
46.9000000000004 991.3723800623292
47.0000000000004 991.3723800623292
47.1000000000004 991.3723800623292
47.2000000000004 991.3723800623292
47.3000000000004 991.3723800623292
47.4000000000004 991.3723800623292
47.50000000000041 991.3723800623292
47.60000000000041 991.3723800623292
47.70000000000041 991.3723800623292
47.80000000000041 991.3723800623292
47.90000000000041 991.3723800623292
48.00000000000041 991.3723800623292
48.10000000000041 991.3723800623292
48.20000000000041 991.3723800623292
48.30000000000042 991.3723800623292
48.40000000000042 991.3723800623292
48.50000000000042 991.3723800623292
48.60000000000042 991.3723800623292
48.70000000000042 991.3723800623292
48.80000000000042 991.3723800623292
48.90000000000042 991.3723800623292
49.00000000000043 991.3723800623292
49.10000000000043 991.3723800623292
49.20000000000043 991.3723800623292
49.30000000000043 991.3723800623292
49.40000000000043 991.3723800623292
49.50000000000043 991.3723800623292
49.60000000000043 991.3723800623292
49.70000000000044 991.3723800623292
49.80000000000044 991.3723800623292
49.90000000000044 991.3723800623292