Time X1
0 250
0.1 114.3794232278421
0.2 114.3794232281082
0.3 114.3794232282114
0.4 114.3794232282123
0.5 114.3794232282125
0.6 114.3794232282125
0.7 114.3794232282125
0.7999999999999999 114.3794232282125
0.8999999999999999 114.3794232282125
0.9999999999999999 114.3794232282125
1.1 114.3794232282125
1.2 114.3794232282125
1.3 114.3794232282125
1.4 114.3794232282125
1.5 114.3794232282125
1.6 114.3794232282125
1.7 114.3794232282125
1.8 114.3794232282124
1.900000000000001 114.3794232282124
2 114.3794232282124
2.100000000000001 114.3794232282124
2.200000000000001 114.3794232282124
2.300000000000001 114.3794232282124
2.400000000000001 114.3794232282124
2.500000000000001 114.3794232282124
2.600000000000001 114.3794232282124
2.700000000000001 114.3794232282124
2.800000000000001 114.3794232282124
2.900000000000001 114.3794232282124
3.000000000000001 114.3794232282124
3.100000000000001 114.3794232282124
3.200000000000002 114.3794232282125
3.300000000000002 114.3794232282125
3.400000000000002 114.3794232282125
3.500000000000002 114.3794232282125
3.600000000000002 114.3794232282125
3.700000000000002 114.3794232282125
3.800000000000002 114.3794232282125
3.900000000000002 114.3794232282125
4.000000000000002 114.3794232282125
4.100000000000001 114.3794232282125
4.200000000000001 114.3794232282124
4.300000000000001 114.3794232282124
4.4 114.3794232282124
4.5 114.3794232282124
4.6 114.3794232282124
4.699999999999999 114.3794232282124
4.799999999999999 114.3794232282124
4.899999999999999 114.3794232282124
4.999999999999998 114.3794232282124
5.099999999999998 114.3794232282124
5.199999999999998 114.3794232282124
5.299999999999997 114.3794232282124
5.399999999999997 114.3794232282124
5.499999999999996 114.3794232282124
5.599999999999996 114.3794232282124
5.699999999999996 114.3794232282124
5.799999999999995 114.3794232282124
5.899999999999995 114.3794232282124
5.999999999999995 114.3794232282124
6.099999999999994 114.3794232282124
6.199999999999994 114.3794232282124
6.299999999999994 114.3794232282124
6.399999999999993 114.3794232282124
6.499999999999993 114.3794232282124
6.599999999999993 114.3794232282124
6.699999999999992 114.3794232282124
6.799999999999992 114.3794232282124
6.899999999999991 114.3794232282124
6.999999999999991 114.3794232282124
7.099999999999991 114.3794232282124
7.19999999999999 114.3794232282124
7.29999999999999 114.3794232282124
7.39999999999999 114.3794232282125
7.499999999999989 114.3794232282125
7.599999999999989 114.3794232282125
7.699999999999989 114.3794232282125
7.799999999999988 114.3794232282125
7.899999999999988 114.3794232282125
7.999999999999988 114.3794232282125
8.099999999999987 114.3794232282125
8.199999999999987 114.3794232282125
8.299999999999986 114.3794232282125
8.399999999999986 114.3794232282125
8.499999999999986 114.3794232282125
8.599999999999985 114.3794232282125
8.699999999999985 114.3794232282125
8.799999999999985 114.3794232282125
8.899999999999984 114.3794232282125
8.999999999999984 114.3794232282125
9.099999999999984 114.3794232282125
9.199999999999983 114.3794232282125
9.299999999999983 114.3794232282125
9.399999999999983 114.3794232282125
9.499999999999982 114.3794232282125
9.599999999999982 114.3794232282125
9.699999999999982 114.3794232282125
9.799999999999981 114.3794232282125
9.899999999999981 114.3794232282125
9.99999999999998 114.3794232282125
10.09999999999998 114.3794232282125
10.19999999999998 114.3794232282125
10.29999999999998 114.3794232282125
10.39999999999998 114.3794232282125
10.49999999999998 114.3794232282125
10.59999999999998 114.3794232282125
10.69999999999998 114.3794232282125
10.79999999999998 114.3794232282125
10.89999999999998 114.3794232282125
10.99999999999998 114.3794232282125
11.09999999999998 114.3794232282125
11.19999999999998 114.3794232282125
11.29999999999998 114.3794232282125
11.39999999999998 114.3794232282125
11.49999999999998 114.3794232282125
11.59999999999997 114.3794232282125
11.69999999999997 114.3794232282125
11.79999999999997 114.3794232282125
11.89999999999997 114.3794232282125
11.99999999999997 114.3794232282125
12.09999999999997 114.3794232282125
12.19999999999997 114.3794232282125
12.29999999999997 114.3794232282125
12.39999999999997 114.3794232282125
12.49999999999997 114.3794232282125
12.59999999999997 114.3794232282125
12.69999999999997 114.3794232282125
12.79999999999997 114.3794232282125
12.89999999999997 114.3794232282125
12.99999999999997 114.3794232282125
13.09999999999997 114.3794232282125
13.19999999999997 114.3794232282125
13.29999999999997 114.3794232282125
13.39999999999997 114.3794232282125
13.49999999999997 114.3794232282125
13.59999999999997 114.3794232282125
13.69999999999997 114.3794232282125
13.79999999999997 114.3794232282125
13.89999999999997 114.3794232282125
13.99999999999997 114.3794232282125
14.09999999999997 114.3794232282125
14.19999999999997 114.3794232282125
14.29999999999997 114.3794232282125
14.39999999999996 114.3794232282125
14.49999999999996 114.3794232282125
14.59999999999996 114.3794232282125
14.69999999999996 114.3794232282125
14.79999999999996 114.3794232282125
14.89999999999996 114.3794232282125
14.99999999999996 114.3794232282125
15.09999999999996 114.3794232282125
15.19999999999996 114.3794232282125
15.29999999999996 114.3794232282125
15.39999999999996 114.3794232282125
15.49999999999996 114.3794232282125
15.59999999999996 114.3794232282125
15.69999999999996 114.3794232282125
15.79999999999996 114.3794232282125
15.89999999999996 114.3794232282125
15.99999999999996 114.3794232282125
16.09999999999996 114.3794232282125
16.19999999999996 114.3794232282125
16.29999999999996 114.3794232282125
16.39999999999996 114.3794232282125
16.49999999999996 114.3794232282125
16.59999999999997 114.3794232282125
16.69999999999997 114.3794232282125
16.79999999999997 114.3794232282125
16.89999999999997 114.3794232282125
16.99999999999997 114.3794232282125
17.09999999999997 114.3794232282125
17.19999999999997 114.3794232282125
17.29999999999998 114.3794232282125
17.39999999999998 114.3794232282125
17.49999999999998 114.3794232282125
17.59999999999998 114.3794232282125
17.69999999999998 114.3794232282125
17.79999999999998 114.3794232282125
17.89999999999998 114.3794232282125
17.99999999999999 114.3794232282125
18.09999999999999 114.3794232282125
18.19999999999999 114.3794232282125
18.29999999999999 114.3794232282125
18.39999999999999 114.3794232282125
18.49999999999999 114.3794232282125
18.59999999999999 114.3794232282125
18.7 114.3794232282125
18.8 114.3794232282125
18.9 114.3794232282125
19 114.3794232282125
19.1 114.3794232282125
19.2 114.3794232282125
19.3 114.3794232282125
19.40000000000001 114.3794232282125
19.50000000000001 114.3794232282125
19.60000000000001 114.3794232282125
19.70000000000001 114.3794232282125
19.80000000000001 114.3794232282125
19.90000000000001 114.3794232282125
20.00000000000001 114.3794232282125
20.10000000000002 114.3794232282125
20.20000000000002 114.3794232282125
20.30000000000002 114.3794232282125
20.40000000000002 114.3794232282125
20.50000000000002 114.3794232282125
20.60000000000002 114.3794232282125
20.70000000000002 114.3794232282125
20.80000000000003 114.3794232282125
20.90000000000003 114.3794232282125
21.00000000000003 114.3794232282125
21.10000000000003 114.3794232282125
21.20000000000003 114.3794232282125
21.30000000000003 114.3794232282125
21.40000000000003 114.3794232282125
21.50000000000004 114.3794232282125
21.60000000000004 114.3794232282125
21.70000000000004 114.3794232282125
21.80000000000004 114.3794232282125
21.90000000000004 114.3794232282125
22.00000000000004 114.3794232282125
22.10000000000004 114.3794232282125
22.20000000000005 114.3794232282125
22.30000000000005 114.3794232282125
22.40000000000005 114.3794232282125
22.50000000000005 114.3794232282125
22.60000000000005 114.3794232282125
22.70000000000005 114.3794232282125
22.80000000000005 114.3794232282125
22.90000000000006 114.3794232282125
23.00000000000006 114.3794232282125
23.10000000000006 114.3794232282125
23.20000000000006 114.3794232282125
23.30000000000006 114.3794232282125
23.40000000000006 114.3794232282125
23.50000000000006 114.3794232282125
23.60000000000007 114.3794232282125
23.70000000000007 114.3794232282125
23.80000000000007 114.3794232282125
23.90000000000007 114.3794232282125
24.00000000000007 114.3794232282125
24.10000000000007 114.3794232282125
24.20000000000007 114.3794232282125
24.30000000000008 114.3794232282125
24.40000000000008 114.3794232282125
24.50000000000008 114.3794232282125
24.60000000000008 114.3794232282125
24.70000000000008 114.3794232282125
24.80000000000008 114.3794232282125
24.90000000000008 114.3794232282125
25.00000000000009 114.3794232282125
25.10000000000009 114.3794232282125
25.20000000000009 114.3794232282125
25.30000000000009 114.3794232282125
25.40000000000009 114.3794232282125
25.50000000000009 114.3794232282125
25.60000000000009 114.3794232282125
25.7000000000001 114.3794232282125
25.8000000000001 114.3794232282125
25.9000000000001 114.3794232282125
26.0000000000001 114.3794232282125
26.1000000000001 114.3794232282125
26.2000000000001 114.3794232282125
26.3000000000001 114.3794232282125
26.40000000000011 114.3794232282125
26.50000000000011 114.3794232282125
26.60000000000011 114.3794232282125
26.70000000000011 114.3794232282125
26.80000000000011 114.3794232282125
26.90000000000011 114.3794232282125
27.00000000000011 114.3794232282125
27.10000000000012 114.3794232282125
27.20000000000012 114.3794232282125
27.30000000000012 114.3794232282125
27.40000000000012 114.3794232282125
27.50000000000012 114.3794232282125
27.60000000000012 114.3794232282125
27.70000000000012 114.3794232282125
27.80000000000013 114.3794232282125
27.90000000000013 114.3794232282125
28.00000000000013 114.3794232282125
28.10000000000013 114.3794232282125
28.20000000000013 114.3794232282125
28.30000000000013 114.3794232282125
28.40000000000013 114.3794232282125
28.50000000000014 114.3794232282125
28.60000000000014 114.3794232282125
28.70000000000014 114.3794232282125
28.80000000000014 114.3794232282125
28.90000000000014 114.3794232282125
29.00000000000014 114.3794232282125
29.10000000000014 114.3794232282125
29.20000000000014 114.3794232282125
29.30000000000015 114.3794232282125
29.40000000000015 114.3794232282125
29.50000000000015 114.3794232282125
29.60000000000015 114.3794232282125
29.70000000000015 114.3794232282125
29.80000000000015 114.3794232282125
29.90000000000015 114.3794232282125
30.00000000000016 114.3794232282125
30.10000000000016 114.3794232282125
30.20000000000016 114.3794232282125
30.30000000000016 114.3794232282125
30.40000000000016 114.3794232282125
30.50000000000016 114.3794232282125
30.60000000000016 114.3794232282125
30.70000000000017 114.3794232282125
30.80000000000017 114.3794232282125
30.90000000000017 114.3794232282125
31.00000000000017 114.3794232282125
31.10000000000017 114.3794232282125
31.20000000000017 114.3794232282125
31.30000000000017 114.3794232282125
31.40000000000018 114.3794232282125
31.50000000000018 114.3794232282125
31.60000000000018 114.3794232282125
31.70000000000018 114.3794232282125
31.80000000000018 114.3794232282125
31.90000000000018 114.3794232282125
32.00000000000018 114.3794232282125
32.10000000000019 114.3794232282125
32.20000000000019 114.3794232282125
32.30000000000019 114.3794232282125
32.40000000000019 114.3794232282125
32.50000000000019 114.3794232282125
32.60000000000019 114.3794232282125
32.70000000000019 114.3794232282125
32.8000000000002 114.3794232282125
32.9000000000002 114.3794232282125
33.0000000000002 114.3794232282125
33.1000000000002 114.3794232282125
33.2000000000002 114.3794232282125
33.3000000000002 114.3794232282125
33.4000000000002 114.3794232282125
33.50000000000021 114.3794232282125
33.60000000000021 114.3794232282125
33.70000000000021 114.3794232282125
33.80000000000021 114.3794232282125
33.90000000000021 114.3794232282125
34.00000000000021 114.3794232282125
34.10000000000021 114.3794232282125
34.20000000000022 114.3794232282125
34.30000000000022 114.3794232282125
34.40000000000022 114.3794232282125
34.50000000000022 114.3794232282125
34.60000000000022 114.3794232282125
34.70000000000022 114.3794232282125
34.80000000000022 114.3794232282125
34.90000000000023 114.3794232282125
35.00000000000023 114.3794232282125
35.10000000000023 114.3794232282125
35.20000000000023 114.3794232282125
35.30000000000023 114.3794232282125
35.40000000000023 114.3794232282125
35.50000000000023 114.3794232282125
35.60000000000024 114.3794232282125
35.70000000000024 114.3794232282125
35.80000000000024 114.3794232282125
35.90000000000024 114.3794232282125
36.00000000000024 114.3794232282125
36.10000000000024 114.3794232282125
36.20000000000024 114.3794232282125
36.30000000000025 114.3794232282125
36.40000000000025 114.3794232282125
36.50000000000025 114.3794232282125
36.60000000000025 114.3794232282125
36.70000000000025 114.3794232282125
36.80000000000025 114.3794232282125
36.90000000000025 114.3794232282125
37.00000000000026 114.3794232282125
37.10000000000026 114.3794232282125
37.20000000000026 114.3794232282125
37.30000000000026 114.3794232282125
37.40000000000026 114.3794232282125
37.50000000000026 114.3794232282125
37.60000000000026 114.3794232282125
37.70000000000027 114.3794232282125
37.80000000000027 114.3794232282125
37.90000000000027 114.3794232282125
38.00000000000027 114.3794232282125
38.10000000000027 114.3794232282125
38.20000000000027 114.3794232282125
38.30000000000027 114.3794232282125
38.40000000000028 114.3794232282125
38.50000000000028 114.3794232282125
38.60000000000028 114.3794232282125
38.70000000000028 114.3794232282125
38.80000000000028 114.3794232282125
38.90000000000028 114.3794232282125
39.00000000000028 114.3794232282125
39.10000000000029 114.3794232282125
39.20000000000029 114.3794232282125
39.30000000000029 114.3794232282125
39.40000000000029 114.3794232282125
39.50000000000029 114.3794232282125
39.60000000000029 114.3794232282125
39.70000000000029 114.3794232282125
39.8000000000003 114.3794232282125
39.9000000000003 114.3794232282125
40.0000000000003 114.3794232282125
40.1000000000003 114.3794232282125
40.2000000000003 114.3794232282125
40.3000000000003 114.3794232282125
40.4000000000003 114.3794232282125
40.50000000000031 114.3794232282125
40.60000000000031 114.3794232282125
40.70000000000031 114.3794232282125
40.80000000000031 114.3794232282125
40.90000000000031 114.3794232282125
41.00000000000031 114.3794232282125
41.10000000000031 114.3794232282125
41.20000000000032 114.3794232282125
41.30000000000032 114.3794232282125
41.40000000000032 114.3794232282125
41.50000000000032 114.3794232282125
41.60000000000032 114.3794232282125
41.70000000000032 114.3794232282125
41.80000000000032 114.3794232282125
41.90000000000033 114.3794232282125
42.00000000000033 114.3794232282125
42.10000000000033 114.3794232282125
42.20000000000033 114.3794232282125
42.30000000000033 114.3794232282125
42.40000000000033 114.3794232282125
42.50000000000033 114.3794232282125
42.60000000000034 114.3794232282125
42.70000000000034 114.3794232282125
42.80000000000034 114.3794232282125
42.90000000000034 114.3794232282125
43.00000000000034 114.3794232282125
43.10000000000034 114.3794232282125
43.20000000000034 114.3794232282125
43.30000000000035 114.3794232282125
43.40000000000035 114.3794232282125
43.50000000000035 114.3794232282125
43.60000000000035 114.3794232282125
43.70000000000035 114.3794232282125
43.80000000000035 114.3794232282125
43.90000000000035 114.3794232282125
44.00000000000036 114.3794232282125
44.10000000000036 114.3794232282125
44.20000000000036 114.3794232282125
44.30000000000036 114.3794232282125
44.40000000000036 114.3794232282125
44.50000000000036 114.3794232282125
44.60000000000036 114.3794232282125
44.70000000000037 114.3794232282125
44.80000000000037 114.3794232282125
44.90000000000037 114.3794232282125
45.00000000000037 114.3794232282125
45.10000000000037 114.3794232282125
45.20000000000037 114.3794232282125
45.30000000000037 114.3794232282125
45.40000000000038 114.3794232282125
45.50000000000038 114.3794232282125
45.60000000000038 114.3794232282125
45.70000000000038 114.3794232282125
45.80000000000038 114.3794232282125
45.90000000000038 114.3794232282125
46.00000000000038 114.3794232282125
46.10000000000039 114.3794232282125
46.20000000000039 114.3794232282125
46.30000000000039 114.3794232282125
46.40000000000039 114.3794232282125
46.50000000000039 114.3794232282125
46.60000000000039 114.3794232282125
46.70000000000039 114.3794232282125
46.8000000000004 114.3794232282125
46.9000000000004 114.3794232282125
47.0000000000004 114.3794232282125
47.1000000000004 114.3794232282125
47.2000000000004 114.3794232282125
47.3000000000004 114.3794232282125
47.4000000000004 114.3794232282125
47.50000000000041 114.3794232282125
47.60000000000041 114.3794232282125
47.70000000000041 114.3794232282125
47.80000000000041 114.3794232282125
47.90000000000041 114.3794232282125
48.00000000000041 114.3794232282125
48.10000000000041 114.3794232282125
48.20000000000041 114.3794232282125
48.30000000000042 114.3794232282125
48.40000000000042 114.3794232282125
48.50000000000042 114.3794232282125
48.60000000000042 114.3794232282125
48.70000000000042 114.3794232282125
48.80000000000042 114.3794232282125
48.90000000000042 114.3794232282125
49.00000000000043 114.3794232282125
49.10000000000043 114.3794232282125
49.20000000000043 114.3794232282125
49.30000000000043 114.3794232282125
49.40000000000043 114.3794232282125
49.50000000000043 114.3794232282125
49.60000000000043 114.3794232282125
49.70000000000044 114.3794232282125
49.80000000000044 114.3794232282125
49.90000000000044 114.3794232282125