Time X1
0 250
0.1 1103.593393048081
0.2 1103.593393048081
0.3 1103.593393048081
0.4 1103.59339304808
0.5 1103.59339304808
0.6 1103.59339304808
0.7 1103.59339304808
0.7999999999999999 1103.59339304808
0.8999999999999999 1103.59339304808
0.9999999999999999 1103.59339304808
1.1 1103.59339304808
1.2 1103.59339304808
1.3 1103.59339304808
1.4 1103.59339304808
1.5 1103.59339304808
1.6 1103.59339304808
1.7 1103.59339304808
1.8 1103.59339304808
1.900000000000001 1103.59339304808
2 1103.59339304808
2.100000000000001 1103.59339304808
2.200000000000001 1103.59339304808
2.300000000000001 1103.59339304808
2.400000000000001 1103.59339304808
2.500000000000001 1103.59339304808
2.600000000000001 1103.59339304808
2.700000000000001 1103.59339304808
2.800000000000001 1103.59339304808
2.900000000000001 1103.59339304808
3.000000000000001 1103.59339304808
3.100000000000001 1103.59339304808
3.200000000000002 1103.59339304808
3.300000000000002 1103.59339304808
3.400000000000002 1103.59339304808
3.500000000000002 1103.59339304808
3.600000000000002 1103.59339304808
3.700000000000002 1103.59339304808
3.800000000000002 1103.59339304808
3.900000000000002 1103.59339304808
4.000000000000002 1103.59339304808
4.100000000000001 1103.59339304808
4.200000000000001 1103.59339304808
4.300000000000001 1103.59339304808
4.4 1103.59339304808
4.5 1103.59339304808
4.6 1103.59339304808
4.699999999999999 1103.59339304808
4.799999999999999 1103.59339304808
4.899999999999999 1103.59339304808
4.999999999999998 1103.59339304808
5.099999999999998 1103.59339304808
5.199999999999998 1103.593393048081
5.299999999999997 1103.593393048081
5.399999999999997 1103.593393048081
5.499999999999996 1103.593393048081
5.599999999999996 1103.593393048081
5.699999999999996 1103.593393048081
5.799999999999995 1103.593393048081
5.899999999999995 1103.593393048081
5.999999999999995 1103.593393048081
6.099999999999994 1103.593393048081
6.199999999999994 1103.593393048081
6.299999999999994 1103.593393048081
6.399999999999993 1103.593393048081
6.499999999999993 1103.593393048081
6.599999999999993 1103.593393048081
6.699999999999992 1103.593393048081
6.799999999999992 1103.593393048081
6.899999999999991 1103.593393048081
6.999999999999991 1103.593393048081
7.099999999999991 1103.593393048081
7.19999999999999 1103.593393048081
7.29999999999999 1103.593393048081
7.39999999999999 1103.593393048081
7.499999999999989 1103.593393048081
7.599999999999989 1103.593393048081
7.699999999999989 1103.593393048081
7.799999999999988 1103.593393048081
7.899999999999988 1103.593393048081
7.999999999999988 1103.593393048081
8.099999999999987 1103.593393048081
8.199999999999987 1103.593393048081
8.299999999999986 1103.593393048081
8.399999999999986 1103.593393048081
8.499999999999986 1103.593393048081
8.599999999999985 1103.593393048081
8.699999999999985 1103.593393048081
8.799999999999985 1103.593393048081
8.899999999999984 1103.593393048081
8.999999999999984 1103.593393048081
9.099999999999984 1103.593393048081
9.199999999999983 1103.593393048081
9.299999999999983 1103.593393048081
9.399999999999983 1103.593393048081
9.499999999999982 1103.593393048081
9.599999999999982 1103.593393048081
9.699999999999982 1103.593393048081
9.799999999999981 1103.593393048081
9.899999999999981 1103.593393048081
9.99999999999998 1103.593393048081
10.09999999999998 1103.593393048081
10.19999999999998 1103.593393048081
10.29999999999998 1103.593393048081
10.39999999999998 1103.593393048081
10.49999999999998 1103.593393048081
10.59999999999998 1103.593393048081
10.69999999999998 1103.593393048081
10.79999999999998 1103.593393048081
10.89999999999998 1103.593393048081
10.99999999999998 1103.593393048081
11.09999999999998 1103.593393048081
11.19999999999998 1103.593393048081
11.29999999999998 1103.593393048081
11.39999999999998 1103.593393048081
11.49999999999998 1103.593393048081
11.59999999999997 1103.593393048081
11.69999999999997 1103.593393048081
11.79999999999997 1103.593393048081
11.89999999999997 1103.593393048081
11.99999999999997 1103.593393048081
12.09999999999997 1103.593393048081
12.19999999999997 1103.593393048081
12.29999999999997 1103.593393048081
12.39999999999997 1103.593393048081
12.49999999999997 1103.593393048081
12.59999999999997 1103.593393048081
12.69999999999997 1103.593393048081
12.79999999999997 1103.593393048081
12.89999999999997 1103.593393048081
12.99999999999997 1103.593393048081
13.09999999999997 1103.593393048081
13.19999999999997 1103.593393048081
13.29999999999997 1103.593393048081
13.39999999999997 1103.593393048081
13.49999999999997 1103.593393048081
13.59999999999997 1103.593393048081
13.69999999999997 1103.593393048081
13.79999999999997 1103.593393048081
13.89999999999997 1103.593393048081
13.99999999999997 1103.593393048081
14.09999999999997 1103.593393048081
14.19999999999997 1103.593393048081
14.29999999999997 1103.593393048081
14.39999999999996 1103.593393048081
14.49999999999996 1103.593393048081
14.59999999999996 1103.593393048081
14.69999999999996 1103.593393048081
14.79999999999996 1103.593393048081
14.89999999999996 1103.593393048081
14.99999999999996 1103.593393048081
15.09999999999996 1103.593393048081
15.19999999999996 1103.593393048081
15.29999999999996 1103.593393048081
15.39999999999996 1103.593393048081
15.49999999999996 1103.593393048081
15.59999999999996 1103.593393048081
15.69999999999996 1103.593393048081
15.79999999999996 1103.593393048081
15.89999999999996 1103.593393048081
15.99999999999996 1103.593393048081
16.09999999999996 1103.593393048081
16.19999999999996 1103.593393048081
16.29999999999996 1103.593393048081
16.39999999999996 1103.593393048081
16.49999999999996 1103.593393048081
16.59999999999997 1103.593393048081
16.69999999999997 1103.593393048081
16.79999999999997 1103.593393048081
16.89999999999997 1103.593393048081
16.99999999999997 1103.593393048081
17.09999999999997 1103.593393048081
17.19999999999997 1103.593393048081
17.29999999999998 1103.593393048081
17.39999999999998 1103.593393048081
17.49999999999998 1103.593393048081
17.59999999999998 1103.593393048081
17.69999999999998 1103.593393048081
17.79999999999998 1103.593393048081
17.89999999999998 1103.593393048081
17.99999999999999 1103.593393048081
18.09999999999999 1103.593393048081
18.19999999999999 1103.593393048081
18.29999999999999 1103.593393048081
18.39999999999999 1103.593393048081
18.49999999999999 1103.593393048081
18.59999999999999 1103.593393048081
18.7 1103.593393048081
18.8 1103.593393048081
18.9 1103.593393048081
19 1103.593393048081
19.1 1103.593393048081
19.2 1103.593393048081
19.3 1103.593393048081
19.40000000000001 1103.593393048081
19.50000000000001 1103.593393048081
19.60000000000001 1103.593393048081
19.70000000000001 1103.593393048081
19.80000000000001 1103.593393048081
19.90000000000001 1103.593393048081
20.00000000000001 1103.593393048081
20.10000000000002 1103.593393048081
20.20000000000002 1103.593393048081
20.30000000000002 1103.593393048081
20.40000000000002 1103.593393048081
20.50000000000002 1103.593393048081
20.60000000000002 1103.593393048081
20.70000000000002 1103.593393048081
20.80000000000003 1103.593393048081
20.90000000000003 1103.593393048081
21.00000000000003 1103.593393048081
21.10000000000003 1103.593393048081
21.20000000000003 1103.593393048081
21.30000000000003 1103.593393048081
21.40000000000003 1103.593393048081
21.50000000000004 1103.593393048081
21.60000000000004 1103.593393048081
21.70000000000004 1103.593393048081
21.80000000000004 1103.593393048081
21.90000000000004 1103.593393048081
22.00000000000004 1103.593393048081
22.10000000000004 1103.593393048081
22.20000000000005 1103.593393048081
22.30000000000005 1103.593393048081
22.40000000000005 1103.593393048081
22.50000000000005 1103.593393048081
22.60000000000005 1103.593393048081
22.70000000000005 1103.593393048081
22.80000000000005 1103.593393048081
22.90000000000006 1103.593393048081
23.00000000000006 1103.593393048081
23.10000000000006 1103.593393048081
23.20000000000006 1103.593393048081
23.30000000000006 1103.593393048081
23.40000000000006 1103.593393048081
23.50000000000006 1103.593393048081
23.60000000000007 1103.593393048081
23.70000000000007 1103.593393048081
23.80000000000007 1103.593393048081
23.90000000000007 1103.593393048081
24.00000000000007 1103.593393048081
24.10000000000007 1103.593393048081
24.20000000000007 1103.593393048081
24.30000000000008 1103.593393048081
24.40000000000008 1103.593393048081
24.50000000000008 1103.593393048081
24.60000000000008 1103.593393048081
24.70000000000008 1103.593393048081
24.80000000000008 1103.593393048081
24.90000000000008 1103.593393048081
25.00000000000009 1103.593393048081
25.10000000000009 1103.593393048081
25.20000000000009 1103.593393048081
25.30000000000009 1103.593393048081
25.40000000000009 1103.593393048081
25.50000000000009 1103.593393048081
25.60000000000009 1103.593393048081
25.7000000000001 1103.593393048081
25.8000000000001 1103.593393048081
25.9000000000001 1103.593393048081
26.0000000000001 1103.593393048081
26.1000000000001 1103.593393048081
26.2000000000001 1103.593393048081
26.3000000000001 1103.593393048081
26.40000000000011 1103.593393048081
26.50000000000011 1103.593393048081
26.60000000000011 1103.593393048081
26.70000000000011 1103.593393048081
26.80000000000011 1103.593393048081
26.90000000000011 1103.593393048081
27.00000000000011 1103.593393048081
27.10000000000012 1103.593393048081
27.20000000000012 1103.593393048081
27.30000000000012 1103.593393048081
27.40000000000012 1103.593393048081
27.50000000000012 1103.593393048081
27.60000000000012 1103.593393048081
27.70000000000012 1103.593393048081
27.80000000000013 1103.593393048081
27.90000000000013 1103.593393048081
28.00000000000013 1103.593393048081
28.10000000000013 1103.593393048081
28.20000000000013 1103.593393048081
28.30000000000013 1103.593393048081
28.40000000000013 1103.593393048081
28.50000000000014 1103.593393048081
28.60000000000014 1103.593393048081
28.70000000000014 1103.593393048081
28.80000000000014 1103.593393048081
28.90000000000014 1103.593393048081
29.00000000000014 1103.593393048081
29.10000000000014 1103.593393048081
29.20000000000014 1103.593393048081
29.30000000000015 1103.593393048081
29.40000000000015 1103.593393048081
29.50000000000015 1103.593393048081
29.60000000000015 1103.593393048081
29.70000000000015 1103.593393048081
29.80000000000015 1103.593393048081
29.90000000000015 1103.593393048081
30.00000000000016 1103.593393048081
30.10000000000016 1103.593393048081
30.20000000000016 1103.593393048081
30.30000000000016 1103.593393048081
30.40000000000016 1103.593393048081
30.50000000000016 1103.593393048081
30.60000000000016 1103.593393048081
30.70000000000017 1103.593393048081
30.80000000000017 1103.593393048081
30.90000000000017 1103.593393048081
31.00000000000017 1103.593393048081
31.10000000000017 1103.593393048081
31.20000000000017 1103.593393048081
31.30000000000017 1103.593393048081
31.40000000000018 1103.593393048081
31.50000000000018 1103.593393048081
31.60000000000018 1103.593393048081
31.70000000000018 1103.593393048081
31.80000000000018 1103.593393048081
31.90000000000018 1103.593393048081
32.00000000000018 1103.593393048081
32.10000000000019 1103.593393048081
32.20000000000019 1103.593393048081
32.30000000000019 1103.593393048081
32.40000000000019 1103.593393048081
32.50000000000019 1103.593393048081
32.60000000000019 1103.593393048081
32.70000000000019 1103.593393048081
32.8000000000002 1103.593393048081
32.9000000000002 1103.593393048081
33.0000000000002 1103.59339304808
33.1000000000002 1103.59339304808
33.2000000000002 1103.59339304808
33.3000000000002 1103.59339304808
33.4000000000002 1103.59339304808
33.50000000000021 1103.59339304808
33.60000000000021 1103.59339304808
33.70000000000021 1103.59339304808
33.80000000000021 1103.59339304808
33.90000000000021 1103.59339304808
34.00000000000021 1103.59339304808
34.10000000000021 1103.59339304808
34.20000000000022 1103.59339304808
34.30000000000022 1103.59339304808
34.40000000000022 1103.59339304808
34.50000000000022 1103.59339304808
34.60000000000022 1103.59339304808
34.70000000000022 1103.59339304808
34.80000000000022 1103.59339304808
34.90000000000023 1103.59339304808
35.00000000000023 1103.59339304808
35.10000000000023 1103.59339304808
35.20000000000023 1103.59339304808
35.30000000000023 1103.59339304808
35.40000000000023 1103.59339304808
35.50000000000023 1103.59339304808
35.60000000000024 1103.59339304808
35.70000000000024 1103.59339304808
35.80000000000024 1103.59339304808
35.90000000000024 1103.59339304808
36.00000000000024 1103.59339304808
36.10000000000024 1103.59339304808
36.20000000000024 1103.59339304808
36.30000000000025 1103.59339304808
36.40000000000025 1103.59339304808
36.50000000000025 1103.59339304808
36.60000000000025 1103.59339304808
36.70000000000025 1103.59339304808
36.80000000000025 1103.59339304808
36.90000000000025 1103.59339304808
37.00000000000026 1103.59339304808
37.10000000000026 1103.59339304808
37.20000000000026 1103.59339304808
37.30000000000026 1103.59339304808
37.40000000000026 1103.59339304808
37.50000000000026 1103.59339304808
37.60000000000026 1103.59339304808
37.70000000000027 1103.59339304808
37.80000000000027 1103.59339304808
37.90000000000027 1103.59339304808
38.00000000000027 1103.59339304808
38.10000000000027 1103.59339304808
38.20000000000027 1103.59339304808
38.30000000000027 1103.59339304808
38.40000000000028 1103.59339304808
38.50000000000028 1103.59339304808
38.60000000000028 1103.59339304808
38.70000000000028 1103.59339304808
38.80000000000028 1103.59339304808
38.90000000000028 1103.59339304808
39.00000000000028 1103.59339304808
39.10000000000029 1103.59339304808
39.20000000000029 1103.59339304808
39.30000000000029 1103.59339304808
39.40000000000029 1103.59339304808
39.50000000000029 1103.59339304808
39.60000000000029 1103.59339304808
39.70000000000029 1103.59339304808
39.8000000000003 1103.59339304808
39.9000000000003 1103.59339304808
40.0000000000003 1103.59339304808
40.1000000000003 1103.59339304808
40.2000000000003 1103.59339304808
40.3000000000003 1103.59339304808
40.4000000000003 1103.59339304808
40.50000000000031 1103.59339304808
40.60000000000031 1103.59339304808
40.70000000000031 1103.59339304808
40.80000000000031 1103.59339304808
40.90000000000031 1103.59339304808
41.00000000000031 1103.59339304808
41.10000000000031 1103.59339304808
41.20000000000032 1103.59339304808
41.30000000000032 1103.59339304808
41.40000000000032 1103.59339304808
41.50000000000032 1103.59339304808
41.60000000000032 1103.59339304808
41.70000000000032 1103.59339304808
41.80000000000032 1103.59339304808
41.90000000000033 1103.59339304808
42.00000000000033 1103.59339304808
42.10000000000033 1103.59339304808
42.20000000000033 1103.59339304808
42.30000000000033 1103.59339304808
42.40000000000033 1103.59339304808
42.50000000000033 1103.59339304808
42.60000000000034 1103.59339304808
42.70000000000034 1103.59339304808
42.80000000000034 1103.59339304808
42.90000000000034 1103.59339304808
43.00000000000034 1103.59339304808
43.10000000000034 1103.59339304808
43.20000000000034 1103.59339304808
43.30000000000035 1103.59339304808
43.40000000000035 1103.59339304808
43.50000000000035 1103.59339304808
43.60000000000035 1103.59339304808
43.70000000000035 1103.59339304808
43.80000000000035 1103.59339304808
43.90000000000035 1103.59339304808
44.00000000000036 1103.59339304808
44.10000000000036 1103.59339304808
44.20000000000036 1103.59339304808
44.30000000000036 1103.59339304808
44.40000000000036 1103.59339304808
44.50000000000036 1103.59339304808
44.60000000000036 1103.59339304808
44.70000000000037 1103.59339304808
44.80000000000037 1103.59339304808
44.90000000000037 1103.59339304808
45.00000000000037 1103.59339304808
45.10000000000037 1103.59339304808
45.20000000000037 1103.59339304808
45.30000000000037 1103.59339304808
45.40000000000038 1103.59339304808
45.50000000000038 1103.59339304808
45.60000000000038 1103.59339304808
45.70000000000038 1103.59339304808
45.80000000000038 1103.59339304808
45.90000000000038 1103.59339304808
46.00000000000038 1103.59339304808
46.10000000000039 1103.59339304808
46.20000000000039 1103.59339304808
46.30000000000039 1103.59339304808
46.40000000000039 1103.59339304808
46.50000000000039 1103.59339304808
46.60000000000039 1103.59339304808
46.70000000000039 1103.59339304808
46.8000000000004 1103.59339304808
46.9000000000004 1103.59339304808
47.0000000000004 1103.59339304808
47.1000000000004 1103.59339304808
47.2000000000004 1103.59339304808
47.3000000000004 1103.59339304808
47.4000000000004 1103.59339304808
47.50000000000041 1103.59339304808
47.60000000000041 1103.59339304808
47.70000000000041 1103.59339304808
47.80000000000041 1103.59339304808
47.90000000000041 1103.59339304808
48.00000000000041 1103.59339304808
48.10000000000041 1103.59339304808
48.20000000000041 1103.59339304808
48.30000000000042 1103.59339304808
48.40000000000042 1103.59339304808
48.50000000000042 1103.59339304808
48.60000000000042 1103.59339304808
48.70000000000042 1103.59339304808
48.80000000000042 1103.59339304808
48.90000000000042 1103.59339304808
49.00000000000043 1103.59339304808
49.10000000000043 1103.59339304808
49.20000000000043 1103.59339304808
49.30000000000043 1103.59339304808
49.40000000000043 1103.59339304808
49.50000000000043 1103.59339304808
49.60000000000043 1103.59339304808
49.70000000000044 1103.59339304808
49.80000000000044 1103.59339304808
49.90000000000044 1103.59339304808