Time X1
0 250
0.1 -468.1878313301791
0.2 -468.1878313158886
0.3 -468.1878313156548
0.4 -468.187831315421
0.5 -468.1878313151872
0.6 -468.1878313151151
0.7 -468.1878313151144
0.7999999999999999 -468.1878313151137
0.8999999999999999 -468.187831315113
0.9999999999999999 -468.1878313151127
1.1 -468.1878313151127
1.2 -468.1878313151127
1.3 -468.1878313151127
1.4 -468.1878313151127
1.5 -468.1878313151127
1.6 -468.1878313151127
1.7 -468.1878313151127
1.8 -468.1878313151127
1.900000000000001 -468.1878313151127
2 -468.1878313151127
2.100000000000001 -468.1878313151127
2.200000000000001 -468.1878313151127
2.300000000000001 -468.1878313151127
2.400000000000001 -468.1878313151127
2.500000000000001 -468.1878313151127
2.600000000000001 -468.1878313151127
2.700000000000001 -468.1878313151127
2.800000000000001 -468.1878313151127
2.900000000000001 -468.1878313151127
3.000000000000001 -468.1878313151127
3.100000000000001 -468.1878313151127
3.200000000000002 -468.1878313151127
3.300000000000002 -468.1878313151127
3.400000000000002 -468.1878313151127
3.500000000000002 -468.1878313151127
3.600000000000002 -468.1878313151127
3.700000000000002 -468.1878313151127
3.800000000000002 -468.1878313151127
3.900000000000002 -468.1878313151127
4.000000000000002 -468.1878313151127
4.100000000000001 -468.1878313151127
4.200000000000001 -468.1878313151127
4.300000000000001 -468.1878313151127
4.4 -468.1878313151127
4.5 -468.1878313151127
4.6 -468.1878313151127
4.699999999999999 -468.1878313151127
4.799999999999999 -468.1878313151127
4.899999999999999 -468.1878313151127
4.999999999999998 -468.1878313151127
5.099999999999998 -468.1878313151128
5.199999999999998 -468.1878313151128
5.299999999999997 -468.1878313151128
5.399999999999997 -468.1878313151128
5.499999999999996 -468.1878313151128
5.599999999999996 -468.1878313151128
5.699999999999996 -468.1878313151128
5.799999999999995 -468.1878313151128
5.899999999999995 -468.1878313151128
5.999999999999995 -468.1878313151128
6.099999999999994 -468.1878313151128
6.199999999999994 -468.1878313151128
6.299999999999994 -468.1878313151128
6.399999999999993 -468.1878313151128
6.499999999999993 -468.1878313151128
6.599999999999993 -468.1878313151128
6.699999999999992 -468.1878313151128
6.799999999999992 -468.1878313151128
6.899999999999991 -468.1878313151128
6.999999999999991 -468.1878313151128
7.099999999999991 -468.1878313151128
7.19999999999999 -468.1878313151128
7.29999999999999 -468.1878313151128
7.39999999999999 -468.1878313151128
7.499999999999989 -468.1878313151128
7.599999999999989 -468.1878313151128
7.699999999999989 -468.1878313151128
7.799999999999988 -468.1878313151128
7.899999999999988 -468.1878313151128
7.999999999999988 -468.1878313151128
8.099999999999987 -468.1878313151128
8.199999999999987 -468.1878313151128
8.299999999999986 -468.1878313151128
8.399999999999986 -468.1878313151128
8.499999999999986 -468.1878313151128
8.599999999999985 -468.1878313151128
8.699999999999985 -468.1878313151128
8.799999999999985 -468.1878313151128
8.899999999999984 -468.1878313151128
8.999999999999984 -468.1878313151128
9.099999999999984 -468.1878313151128
9.199999999999983 -468.1878313151128
9.299999999999983 -468.1878313151128
9.399999999999983 -468.1878313151128
9.499999999999982 -468.1878313151128
9.599999999999982 -468.1878313151128
9.699999999999982 -468.1878313151128
9.799999999999981 -468.1878313151128
9.899999999999981 -468.1878313151128
9.99999999999998 -468.1878313151128
10.09999999999998 -468.1878313151128
10.19999999999998 -468.1878313151128
10.29999999999998 -468.1878313151128
10.39999999999998 -468.1878313151128
10.49999999999998 -468.1878313151128
10.59999999999998 -468.1878313151128
10.69999999999998 -468.1878313151128
10.79999999999998 -468.1878313151128
10.89999999999998 -468.1878313151128
10.99999999999998 -468.1878313151128
11.09999999999998 -468.1878313151128
11.19999999999998 -468.1878313151128
11.29999999999998 -468.1878313151128
11.39999999999998 -468.1878313151128
11.49999999999998 -468.1878313151128
11.59999999999997 -468.1878313151128
11.69999999999997 -468.1878313151128
11.79999999999997 -468.1878313151128
11.89999999999997 -468.1878313151128
11.99999999999997 -468.1878313151128
12.09999999999997 -468.1878313151128
12.19999999999997 -468.1878313151128
12.29999999999997 -468.1878313151128
12.39999999999997 -468.1878313151128
12.49999999999997 -468.1878313151128
12.59999999999997 -468.1878313151128
12.69999999999997 -468.1878313151128
12.79999999999997 -468.1878313151128
12.89999999999997 -468.1878313151128
12.99999999999997 -468.1878313151128
13.09999999999997 -468.1878313151128
13.19999999999997 -468.1878313151128
13.29999999999997 -468.1878313151128
13.39999999999997 -468.1878313151128
13.49999999999997 -468.1878313151128
13.59999999999997 -468.1878313151128
13.69999999999997 -468.1878313151128
13.79999999999997 -468.1878313151128
13.89999999999997 -468.1878313151128
13.99999999999997 -468.1878313151128
14.09999999999997 -468.1878313151128
14.19999999999997 -468.1878313151128
14.29999999999997 -468.1878313151128
14.39999999999996 -468.1878313151128
14.49999999999996 -468.1878313151128
14.59999999999996 -468.1878313151128
14.69999999999996 -468.1878313151128
14.79999999999996 -468.1878313151128
14.89999999999996 -468.1878313151128
14.99999999999996 -468.1878313151128
15.09999999999996 -468.1878313151128
15.19999999999996 -468.1878313151128
15.29999999999996 -468.1878313151128
15.39999999999996 -468.1878313151128
15.49999999999996 -468.1878313151128
15.59999999999996 -468.1878313151128
15.69999999999996 -468.1878313151128
15.79999999999996 -468.1878313151128
15.89999999999996 -468.1878313151128
15.99999999999996 -468.1878313151128
16.09999999999996 -468.1878313151128
16.19999999999996 -468.1878313151128
16.29999999999996 -468.1878313151128
16.39999999999996 -468.1878313151128
16.49999999999996 -468.1878313151128
16.59999999999997 -468.1878313151128
16.69999999999997 -468.1878313151128
16.79999999999997 -468.1878313151128
16.89999999999997 -468.1878313151128
16.99999999999997 -468.1878313151128
17.09999999999997 -468.1878313151128
17.19999999999997 -468.1878313151128
17.29999999999998 -468.1878313151128
17.39999999999998 -468.1878313151128
17.49999999999998 -468.1878313151128
17.59999999999998 -468.1878313151128
17.69999999999998 -468.1878313151128
17.79999999999998 -468.1878313151128
17.89999999999998 -468.1878313151128
17.99999999999999 -468.1878313151128
18.09999999999999 -468.1878313151128
18.19999999999999 -468.1878313151128
18.29999999999999 -468.1878313151128
18.39999999999999 -468.1878313151128
18.49999999999999 -468.1878313151128
18.59999999999999 -468.1878313151128
18.7 -468.1878313151128
18.8 -468.1878313151128
18.9 -468.1878313151128
19 -468.1878313151128
19.1 -468.1878313151128
19.2 -468.1878313151128
19.3 -468.1878313151128
19.40000000000001 -468.1878313151128
19.50000000000001 -468.1878313151128
19.60000000000001 -468.1878313151128
19.70000000000001 -468.1878313151128
19.80000000000001 -468.1878313151128
19.90000000000001 -468.1878313151128
20.00000000000001 -468.1878313151128
20.10000000000002 -468.1878313151128
20.20000000000002 -468.1878313151128
20.30000000000002 -468.1878313151128
20.40000000000002 -468.1878313151128
20.50000000000002 -468.1878313151128
20.60000000000002 -468.1878313151128
20.70000000000002 -468.1878313151128
20.80000000000003 -468.1878313151128
20.90000000000003 -468.1878313151128
21.00000000000003 -468.1878313151128
21.10000000000003 -468.1878313151128
21.20000000000003 -468.1878313151128
21.30000000000003 -468.1878313151128
21.40000000000003 -468.1878313151128
21.50000000000004 -468.1878313151128
21.60000000000004 -468.1878313151128
21.70000000000004 -468.1878313151128
21.80000000000004 -468.1878313151128
21.90000000000004 -468.1878313151128
22.00000000000004 -468.1878313151128
22.10000000000004 -468.1878313151128
22.20000000000005 -468.1878313151128
22.30000000000005 -468.1878313151128
22.40000000000005 -468.1878313151128
22.50000000000005 -468.1878313151128
22.60000000000005 -468.1878313151128
22.70000000000005 -468.1878313151128
22.80000000000005 -468.1878313151128
22.90000000000006 -468.1878313151128
23.00000000000006 -468.1878313151128
23.10000000000006 -468.1878313151128
23.20000000000006 -468.1878313151128
23.30000000000006 -468.1878313151128
23.40000000000006 -468.1878313151128
23.50000000000006 -468.1878313151128
23.60000000000007 -468.1878313151128
23.70000000000007 -468.1878313151128
23.80000000000007 -468.1878313151128
23.90000000000007 -468.1878313151128
24.00000000000007 -468.1878313151128
24.10000000000007 -468.1878313151128
24.20000000000007 -468.1878313151128
24.30000000000008 -468.1878313151128
24.40000000000008 -468.1878313151128
24.50000000000008 -468.1878313151128
24.60000000000008 -468.1878313151128
24.70000000000008 -468.1878313151128
24.80000000000008 -468.1878313151128
24.90000000000008 -468.1878313151128
25.00000000000009 -468.1878313151128
25.10000000000009 -468.1878313151128
25.20000000000009 -468.1878313151128
25.30000000000009 -468.1878313151128
25.40000000000009 -468.1878313151128
25.50000000000009 -468.1878313151128
25.60000000000009 -468.1878313151128
25.7000000000001 -468.1878313151128
25.8000000000001 -468.1878313151128
25.9000000000001 -468.1878313151128
26.0000000000001 -468.1878313151128
26.1000000000001 -468.1878313151128
26.2000000000001 -468.1878313151128
26.3000000000001 -468.1878313151128
26.40000000000011 -468.1878313151128
26.50000000000011 -468.1878313151128
26.60000000000011 -468.1878313151128
26.70000000000011 -468.1878313151128
26.80000000000011 -468.1878313151128
26.90000000000011 -468.1878313151128
27.00000000000011 -468.1878313151128
27.10000000000012 -468.1878313151128
27.20000000000012 -468.1878313151128
27.30000000000012 -468.1878313151128
27.40000000000012 -468.1878313151128
27.50000000000012 -468.1878313151128
27.60000000000012 -468.1878313151128
27.70000000000012 -468.1878313151128
27.80000000000013 -468.1878313151128
27.90000000000013 -468.1878313151128
28.00000000000013 -468.1878313151128
28.10000000000013 -468.1878313151128
28.20000000000013 -468.1878313151128
28.30000000000013 -468.1878313151128
28.40000000000013 -468.1878313151128
28.50000000000014 -468.1878313151128
28.60000000000014 -468.1878313151128
28.70000000000014 -468.1878313151128
28.80000000000014 -468.1878313151128
28.90000000000014 -468.1878313151128
29.00000000000014 -468.1878313151128
29.10000000000014 -468.1878313151128
29.20000000000014 -468.1878313151128
29.30000000000015 -468.1878313151128
29.40000000000015 -468.1878313151128
29.50000000000015 -468.1878313151128
29.60000000000015 -468.1878313151128
29.70000000000015 -468.1878313151128
29.80000000000015 -468.1878313151128
29.90000000000015 -468.1878313151128
30.00000000000016 -468.1878313151128
30.10000000000016 -468.1878313151128
30.20000000000016 -468.1878313151128
30.30000000000016 -468.1878313151128
30.40000000000016 -468.1878313151128
30.50000000000016 -468.1878313151128
30.60000000000016 -468.1878313151128
30.70000000000017 -468.1878313151128
30.80000000000017 -468.1878313151128
30.90000000000017 -468.1878313151128
31.00000000000017 -468.1878313151128
31.10000000000017 -468.1878313151128
31.20000000000017 -468.1878313151128
31.30000000000017 -468.1878313151128
31.40000000000018 -468.1878313151128
31.50000000000018 -468.1878313151128
31.60000000000018 -468.1878313151128
31.70000000000018 -468.1878313151128
31.80000000000018 -468.1878313151128
31.90000000000018 -468.1878313151128
32.00000000000018 -468.1878313151128
32.10000000000019 -468.1878313151128
32.20000000000019 -468.1878313151128
32.30000000000019 -468.1878313151128
32.40000000000019 -468.1878313151128
32.50000000000019 -468.1878313151128
32.60000000000019 -468.1878313151128
32.70000000000019 -468.1878313151128
32.8000000000002 -468.1878313151128
32.9000000000002 -468.1878313151128
33.0000000000002 -468.1878313151128
33.1000000000002 -468.1878313151128
33.2000000000002 -468.1878313151128
33.3000000000002 -468.1878313151128
33.4000000000002 -468.1878313151128
33.50000000000021 -468.1878313151128
33.60000000000021 -468.1878313151128
33.70000000000021 -468.1878313151128
33.80000000000021 -468.1878313151128
33.90000000000021 -468.1878313151128
34.00000000000021 -468.1878313151128
34.10000000000021 -468.1878313151128
34.20000000000022 -468.1878313151128
34.30000000000022 -468.1878313151128
34.40000000000022 -468.1878313151128
34.50000000000022 -468.1878313151128
34.60000000000022 -468.1878313151128
34.70000000000022 -468.1878313151128
34.80000000000022 -468.1878313151128
34.90000000000023 -468.1878313151128
35.00000000000023 -468.1878313151128
35.10000000000023 -468.1878313151128
35.20000000000023 -468.1878313151128
35.30000000000023 -468.1878313151128
35.40000000000023 -468.1878313151128
35.50000000000023 -468.1878313151128
35.60000000000024 -468.1878313151128
35.70000000000024 -468.1878313151128
35.80000000000024 -468.1878313151128
35.90000000000024 -468.1878313151128
36.00000000000024 -468.1878313151128
36.10000000000024 -468.1878313151128
36.20000000000024 -468.1878313151128
36.30000000000025 -468.1878313151128
36.40000000000025 -468.1878313151128
36.50000000000025 -468.1878313151128
36.60000000000025 -468.1878313151128
36.70000000000025 -468.1878313151128
36.80000000000025 -468.1878313151128
36.90000000000025 -468.1878313151128
37.00000000000026 -468.1878313151128
37.10000000000026 -468.1878313151128
37.20000000000026 -468.1878313151128
37.30000000000026 -468.1878313151128
37.40000000000026 -468.1878313151128
37.50000000000026 -468.1878313151128
37.60000000000026 -468.1878313151128
37.70000000000027 -468.1878313151128
37.80000000000027 -468.1878313151128
37.90000000000027 -468.1878313151128
38.00000000000027 -468.1878313151128
38.10000000000027 -468.1878313151128
38.20000000000027 -468.1878313151128
38.30000000000027 -468.1878313151128
38.40000000000028 -468.1878313151128
38.50000000000028 -468.1878313151128
38.60000000000028 -468.1878313151128
38.70000000000028 -468.1878313151128
38.80000000000028 -468.1878313151128
38.90000000000028 -468.1878313151128
39.00000000000028 -468.1878313151128
39.10000000000029 -468.1878313151128
39.20000000000029 -468.1878313151128
39.30000000000029 -468.1878313151128
39.40000000000029 -468.1878313151128
39.50000000000029 -468.1878313151128
39.60000000000029 -468.1878313151128
39.70000000000029 -468.1878313151128
39.8000000000003 -468.1878313151128
39.9000000000003 -468.1878313151128
40.0000000000003 -468.1878313151128
40.1000000000003 -468.1878313151128
40.2000000000003 -468.1878313151128
40.3000000000003 -468.1878313151128
40.4000000000003 -468.1878313151128
40.50000000000031 -468.1878313151128
40.60000000000031 -468.1878313151128
40.70000000000031 -468.1878313151128
40.80000000000031 -468.1878313151128
40.90000000000031 -468.1878313151128
41.00000000000031 -468.1878313151128
41.10000000000031 -468.1878313151128
41.20000000000032 -468.1878313151128
41.30000000000032 -468.1878313151128
41.40000000000032 -468.1878313151128
41.50000000000032 -468.1878313151128
41.60000000000032 -468.1878313151128
41.70000000000032 -468.1878313151128
41.80000000000032 -468.1878313151128
41.90000000000033 -468.1878313151128
42.00000000000033 -468.1878313151128
42.10000000000033 -468.1878313151128
42.20000000000033 -468.1878313151128
42.30000000000033 -468.1878313151128
42.40000000000033 -468.1878313151128
42.50000000000033 -468.1878313151128
42.60000000000034 -468.1878313151128
42.70000000000034 -468.1878313151128
42.80000000000034 -468.1878313151128
42.90000000000034 -468.1878313151128
43.00000000000034 -468.1878313151128
43.10000000000034 -468.1878313151128
43.20000000000034 -468.1878313151128
43.30000000000035 -468.1878313151128
43.40000000000035 -468.1878313151128
43.50000000000035 -468.1878313151128
43.60000000000035 -468.1878313151128
43.70000000000035 -468.1878313151128
43.80000000000035 -468.1878313151128
43.90000000000035 -468.1878313151128
44.00000000000036 -468.1878313151128
44.10000000000036 -468.1878313151128
44.20000000000036 -468.1878313151128
44.30000000000036 -468.1878313151128
44.40000000000036 -468.1878313151128
44.50000000000036 -468.1878313151128
44.60000000000036 -468.1878313151128
44.70000000000037 -468.1878313151128
44.80000000000037 -468.1878313151128
44.90000000000037 -468.1878313151128
45.00000000000037 -468.1878313151128
45.10000000000037 -468.1878313151128
45.20000000000037 -468.1878313151128
45.30000000000037 -468.1878313151128
45.40000000000038 -468.1878313151128
45.50000000000038 -468.1878313151128
45.60000000000038 -468.1878313151128
45.70000000000038 -468.1878313151128
45.80000000000038 -468.1878313151128
45.90000000000038 -468.1878313151128
46.00000000000038 -468.1878313151128
46.10000000000039 -468.1878313151128
46.20000000000039 -468.1878313151128
46.30000000000039 -468.1878313151128
46.40000000000039 -468.1878313151128
46.50000000000039 -468.1878313151128
46.60000000000039 -468.1878313151128
46.70000000000039 -468.1878313151128
46.8000000000004 -468.1878313151128
46.9000000000004 -468.1878313151128
47.0000000000004 -468.1878313151128
47.1000000000004 -468.1878313151128
47.2000000000004 -468.1878313151128
47.3000000000004 -468.1878313151128
47.4000000000004 -468.1878313151128
47.50000000000041 -468.1878313151128
47.60000000000041 -468.1878313151128
47.70000000000041 -468.1878313151128
47.80000000000041 -468.1878313151128
47.90000000000041 -468.1878313151128
48.00000000000041 -468.1878313151128
48.10000000000041 -468.1878313151128
48.20000000000041 -468.1878313151128
48.30000000000042 -468.1878313151128
48.40000000000042 -468.1878313151128
48.50000000000042 -468.1878313151128
48.60000000000042 -468.1878313151128
48.70000000000042 -468.1878313151128
48.80000000000042 -468.1878313151128
48.90000000000042 -468.1878313151128
49.00000000000043 -468.1878313151128
49.10000000000043 -468.1878313151128
49.20000000000043 -468.1878313151128
49.30000000000043 -468.1878313151128
49.40000000000043 -468.1878313151128
49.50000000000043 -468.1878313151128
49.60000000000043 -468.1878313151128
49.70000000000044 -468.1878313151128
49.80000000000044 -468.1878313151128
49.90000000000044 -468.1878313151128