Time X1
0 250
0.1 626.1175076489609
0.2 626.1175076489526
0.3 626.1175076489526
0.4 626.1175076489525
0.5 626.1175076489525
0.6 626.1175076489525
0.7 626.1175076489525
0.7999999999999999 626.1175076489525
0.8999999999999999 626.1175076489524
0.9999999999999999 626.1175076489524
1.1 626.1175076489524
1.2 626.1175076489524
1.3 626.1175076489524
1.4 626.1175076489524
1.5 626.1175076489524
1.6 626.1175076489523
1.7 626.1175076489523
1.8 626.1175076489523
1.900000000000001 626.1175076489523
2 626.1175076489523
2.100000000000001 626.1175076489523
2.200000000000001 626.1175076489523
2.300000000000001 626.1175076489523
2.400000000000001 626.1175076489523
2.500000000000001 626.1175076489523
2.600000000000001 626.1175076489523
2.700000000000001 626.1175076489523
2.800000000000001 626.1175076489523
2.900000000000001 626.1175076489523
3.000000000000001 626.1175076489523
3.100000000000001 626.1175076489523
3.200000000000002 626.1175076489523
3.300000000000002 626.1175076489523
3.400000000000002 626.1175076489523
3.500000000000002 626.1175076489523
3.600000000000002 626.1175076489523
3.700000000000002 626.1175076489523
3.800000000000002 626.1175076489523
3.900000000000002 626.1175076489523
4.000000000000002 626.1175076489523
4.100000000000001 626.1175076489523
4.200000000000001 626.1175076489523
4.300000000000001 626.1175076489524
4.4 626.1175076489524
4.5 626.1175076489524
4.6 626.1175076489524
4.699999999999999 626.1175076489524
4.799999999999999 626.1175076489524
4.899999999999999 626.1175076489524
4.999999999999998 626.1175076489524
5.099999999999998 626.1175076489524
5.199999999999998 626.1175076489524
5.299999999999997 626.1175076489524
5.399999999999997 626.1175076489524
5.499999999999996 626.1175076489524
5.599999999999996 626.1175076489524
5.699999999999996 626.1175076489524
5.799999999999995 626.1175076489524
5.899999999999995 626.1175076489524
5.999999999999995 626.1175076489524
6.099999999999994 626.1175076489524
6.199999999999994 626.1175076489524
6.299999999999994 626.1175076489524
6.399999999999993 626.1175076489524
6.499999999999993 626.1175076489524
6.599999999999993 626.1175076489524
6.699999999999992 626.1175076489524
6.799999999999992 626.1175076489524
6.899999999999991 626.1175076489524
6.999999999999991 626.1175076489524
7.099999999999991 626.1175076489524
7.19999999999999 626.1175076489524
7.29999999999999 626.1175076489524
7.39999999999999 626.1175076489524
7.499999999999989 626.1175076489524
7.599999999999989 626.1175076489524
7.699999999999989 626.1175076489524
7.799999999999988 626.1175076489524
7.899999999999988 626.1175076489524
7.999999999999988 626.1175076489524
8.099999999999987 626.1175076489524
8.199999999999987 626.1175076489524
8.299999999999986 626.1175076489524
8.399999999999986 626.1175076489524
8.499999999999986 626.1175076489524
8.599999999999985 626.1175076489524
8.699999999999985 626.1175076489524
8.799999999999985 626.1175076489524
8.899999999999984 626.1175076489524
8.999999999999984 626.1175076489524
9.099999999999984 626.1175076489524
9.199999999999983 626.1175076489524
9.299999999999983 626.1175076489524
9.399999999999983 626.1175076489524
9.499999999999982 626.1175076489524
9.599999999999982 626.1175076489524
9.699999999999982 626.1175076489524
9.799999999999981 626.1175076489524
9.899999999999981 626.1175076489524
9.99999999999998 626.1175076489524
10.09999999999998 626.1175076489524
10.19999999999998 626.1175076489524
10.29999999999998 626.1175076489524
10.39999999999998 626.1175076489524
10.49999999999998 626.1175076489524
10.59999999999998 626.1175076489524
10.69999999999998 626.1175076489524
10.79999999999998 626.1175076489524
10.89999999999998 626.1175076489524
10.99999999999998 626.1175076489524
11.09999999999998 626.1175076489524
11.19999999999998 626.1175076489524
11.29999999999998 626.1175076489524
11.39999999999998 626.1175076489524
11.49999999999998 626.1175076489524
11.59999999999997 626.1175076489524
11.69999999999997 626.1175076489524
11.79999999999997 626.1175076489524
11.89999999999997 626.1175076489524
11.99999999999997 626.1175076489524
12.09999999999997 626.1175076489524
12.19999999999997 626.1175076489524
12.29999999999997 626.1175076489524
12.39999999999997 626.1175076489524
12.49999999999997 626.1175076489524
12.59999999999997 626.1175076489524
12.69999999999997 626.1175076489524
12.79999999999997 626.1175076489524
12.89999999999997 626.1175076489524
12.99999999999997 626.1175076489524
13.09999999999997 626.1175076489524
13.19999999999997 626.1175076489524
13.29999999999997 626.1175076489524
13.39999999999997 626.1175076489524
13.49999999999997 626.1175076489524
13.59999999999997 626.1175076489524
13.69999999999997 626.1175076489524
13.79999999999997 626.1175076489524
13.89999999999997 626.1175076489524
13.99999999999997 626.1175076489524
14.09999999999997 626.1175076489524
14.19999999999997 626.1175076489524
14.29999999999997 626.1175076489524
14.39999999999996 626.1175076489524
14.49999999999996 626.1175076489524
14.59999999999996 626.1175076489524
14.69999999999996 626.1175076489524
14.79999999999996 626.1175076489524
14.89999999999996 626.1175076489524
14.99999999999996 626.1175076489524
15.09999999999996 626.1175076489524
15.19999999999996 626.1175076489524
15.29999999999996 626.1175076489524
15.39999999999996 626.1175076489524
15.49999999999996 626.1175076489524
15.59999999999996 626.1175076489524
15.69999999999996 626.1175076489524
15.79999999999996 626.1175076489524
15.89999999999996 626.1175076489524
15.99999999999996 626.1175076489524
16.09999999999996 626.1175076489524
16.19999999999996 626.1175076489524
16.29999999999996 626.1175076489524
16.39999999999996 626.1175076489524
16.49999999999996 626.1175076489524
16.59999999999997 626.1175076489524
16.69999999999997 626.1175076489524
16.79999999999997 626.1175076489524
16.89999999999997 626.1175076489524
16.99999999999997 626.1175076489524
17.09999999999997 626.1175076489524
17.19999999999997 626.1175076489524
17.29999999999998 626.1175076489524
17.39999999999998 626.1175076489524
17.49999999999998 626.1175076489524
17.59999999999998 626.1175076489524
17.69999999999998 626.1175076489524
17.79999999999998 626.1175076489524
17.89999999999998 626.1175076489524
17.99999999999999 626.1175076489524
18.09999999999999 626.1175076489524
18.19999999999999 626.1175076489524
18.29999999999999 626.1175076489524
18.39999999999999 626.1175076489524
18.49999999999999 626.1175076489524
18.59999999999999 626.1175076489524
18.7 626.1175076489524
18.8 626.1175076489524
18.9 626.1175076489524
19 626.1175076489524
19.1 626.1175076489524
19.2 626.1175076489524
19.3 626.1175076489524
19.40000000000001 626.1175076489524
19.50000000000001 626.1175076489524
19.60000000000001 626.1175076489524
19.70000000000001 626.1175076489524
19.80000000000001 626.1175076489524
19.90000000000001 626.1175076489524
20.00000000000001 626.1175076489524
20.10000000000002 626.1175076489524
20.20000000000002 626.1175076489524
20.30000000000002 626.1175076489524
20.40000000000002 626.1175076489524
20.50000000000002 626.1175076489524
20.60000000000002 626.1175076489524
20.70000000000002 626.1175076489524
20.80000000000003 626.1175076489524
20.90000000000003 626.1175076489524
21.00000000000003 626.1175076489524
21.10000000000003 626.1175076489524
21.20000000000003 626.1175076489524
21.30000000000003 626.1175076489524
21.40000000000003 626.1175076489524
21.50000000000004 626.1175076489524
21.60000000000004 626.1175076489524
21.70000000000004 626.1175076489524
21.80000000000004 626.1175076489524
21.90000000000004 626.1175076489524
22.00000000000004 626.1175076489524
22.10000000000004 626.1175076489524
22.20000000000005 626.1175076489524
22.30000000000005 626.1175076489524
22.40000000000005 626.1175076489524
22.50000000000005 626.1175076489524
22.60000000000005 626.1175076489524
22.70000000000005 626.1175076489524
22.80000000000005 626.1175076489524
22.90000000000006 626.1175076489524
23.00000000000006 626.1175076489524
23.10000000000006 626.1175076489524
23.20000000000006 626.1175076489524
23.30000000000006 626.1175076489524
23.40000000000006 626.1175076489524
23.50000000000006 626.1175076489524
23.60000000000007 626.1175076489524
23.70000000000007 626.1175076489524
23.80000000000007 626.1175076489524
23.90000000000007 626.1175076489524
24.00000000000007 626.1175076489524
24.10000000000007 626.1175076489524
24.20000000000007 626.1175076489524
24.30000000000008 626.1175076489524
24.40000000000008 626.1175076489524
24.50000000000008 626.1175076489524
24.60000000000008 626.1175076489524
24.70000000000008 626.1175076489524
24.80000000000008 626.1175076489524
24.90000000000008 626.1175076489524
25.00000000000009 626.1175076489524
25.10000000000009 626.1175076489524
25.20000000000009 626.1175076489524
25.30000000000009 626.1175076489524
25.40000000000009 626.1175076489524
25.50000000000009 626.1175076489524
25.60000000000009 626.1175076489524
25.7000000000001 626.1175076489524
25.8000000000001 626.1175076489524
25.9000000000001 626.1175076489524
26.0000000000001 626.1175076489524
26.1000000000001 626.1175076489524
26.2000000000001 626.1175076489524
26.3000000000001 626.1175076489524
26.40000000000011 626.1175076489524
26.50000000000011 626.1175076489524
26.60000000000011 626.1175076489524
26.70000000000011 626.1175076489524
26.80000000000011 626.1175076489524
26.90000000000011 626.1175076489524
27.00000000000011 626.1175076489524
27.10000000000012 626.1175076489524
27.20000000000012 626.1175076489524
27.30000000000012 626.1175076489524
27.40000000000012 626.1175076489524
27.50000000000012 626.1175076489524
27.60000000000012 626.1175076489524
27.70000000000012 626.1175076489524
27.80000000000013 626.1175076489524
27.90000000000013 626.1175076489524
28.00000000000013 626.1175076489524
28.10000000000013 626.1175076489524
28.20000000000013 626.1175076489524
28.30000000000013 626.1175076489524
28.40000000000013 626.1175076489524
28.50000000000014 626.1175076489524
28.60000000000014 626.1175076489524
28.70000000000014 626.1175076489524
28.80000000000014 626.1175076489524
28.90000000000014 626.1175076489524
29.00000000000014 626.1175076489524
29.10000000000014 626.1175076489524
29.20000000000014 626.1175076489524
29.30000000000015 626.1175076489524
29.40000000000015 626.1175076489524
29.50000000000015 626.1175076489524
29.60000000000015 626.1175076489524
29.70000000000015 626.1175076489524
29.80000000000015 626.1175076489524
29.90000000000015 626.1175076489524
30.00000000000016 626.1175076489524
30.10000000000016 626.1175076489524
30.20000000000016 626.1175076489524
30.30000000000016 626.1175076489524
30.40000000000016 626.1175076489524
30.50000000000016 626.1175076489524
30.60000000000016 626.1175076489524
30.70000000000017 626.1175076489524
30.80000000000017 626.1175076489524
30.90000000000017 626.1175076489524
31.00000000000017 626.1175076489524
31.10000000000017 626.1175076489524
31.20000000000017 626.1175076489524
31.30000000000017 626.1175076489524
31.40000000000018 626.1175076489524
31.50000000000018 626.1175076489524
31.60000000000018 626.1175076489524
31.70000000000018 626.1175076489524
31.80000000000018 626.1175076489524
31.90000000000018 626.1175076489524
32.00000000000018 626.1175076489524
32.10000000000019 626.1175076489524
32.20000000000019 626.1175076489524
32.30000000000019 626.1175076489524
32.40000000000019 626.1175076489524
32.50000000000019 626.1175076489524
32.60000000000019 626.1175076489524
32.70000000000019 626.1175076489524
32.8000000000002 626.1175076489524
32.9000000000002 626.1175076489524
33.0000000000002 626.1175076489524
33.1000000000002 626.1175076489524
33.2000000000002 626.1175076489524
33.3000000000002 626.1175076489524
33.4000000000002 626.1175076489524
33.50000000000021 626.1175076489524
33.60000000000021 626.1175076489524
33.70000000000021 626.1175076489524
33.80000000000021 626.1175076489524
33.90000000000021 626.1175076489524
34.00000000000021 626.1175076489524
34.10000000000021 626.1175076489524
34.20000000000022 626.1175076489524
34.30000000000022 626.1175076489524
34.40000000000022 626.1175076489524
34.50000000000022 626.1175076489524
34.60000000000022 626.1175076489524
34.70000000000022 626.1175076489524
34.80000000000022 626.1175076489524
34.90000000000023 626.1175076489524
35.00000000000023 626.1175076489524
35.10000000000023 626.1175076489524
35.20000000000023 626.1175076489524
35.30000000000023 626.1175076489524
35.40000000000023 626.1175076489524
35.50000000000023 626.1175076489524
35.60000000000024 626.1175076489524
35.70000000000024 626.1175076489524
35.80000000000024 626.1175076489524
35.90000000000024 626.1175076489524
36.00000000000024 626.1175076489524
36.10000000000024 626.1175076489524
36.20000000000024 626.1175076489524
36.30000000000025 626.1175076489524
36.40000000000025 626.1175076489524
36.50000000000025 626.1175076489524
36.60000000000025 626.1175076489524
36.70000000000025 626.1175076489524
36.80000000000025 626.1175076489524
36.90000000000025 626.1175076489524
37.00000000000026 626.1175076489524
37.10000000000026 626.1175076489524
37.20000000000026 626.1175076489524
37.30000000000026 626.1175076489524
37.40000000000026 626.1175076489524
37.50000000000026 626.1175076489524
37.60000000000026 626.1175076489524
37.70000000000027 626.1175076489524
37.80000000000027 626.1175076489524
37.90000000000027 626.1175076489524
38.00000000000027 626.1175076489524
38.10000000000027 626.1175076489524
38.20000000000027 626.1175076489524
38.30000000000027 626.1175076489524
38.40000000000028 626.1175076489524
38.50000000000028 626.1175076489524
38.60000000000028 626.1175076489524
38.70000000000028 626.1175076489524
38.80000000000028 626.1175076489524
38.90000000000028 626.1175076489524
39.00000000000028 626.1175076489524
39.10000000000029 626.1175076489524
39.20000000000029 626.1175076489524
39.30000000000029 626.1175076489524
39.40000000000029 626.1175076489524
39.50000000000029 626.1175076489524
39.60000000000029 626.1175076489524
39.70000000000029 626.1175076489524
39.8000000000003 626.1175076489524
39.9000000000003 626.1175076489524
40.0000000000003 626.1175076489524
40.1000000000003 626.1175076489524
40.2000000000003 626.1175076489524
40.3000000000003 626.1175076489524
40.4000000000003 626.1175076489524
40.50000000000031 626.1175076489524
40.60000000000031 626.1175076489524
40.70000000000031 626.1175076489524
40.80000000000031 626.1175076489524
40.90000000000031 626.1175076489524
41.00000000000031 626.1175076489524
41.10000000000031 626.1175076489524
41.20000000000032 626.1175076489524
41.30000000000032 626.1175076489524
41.40000000000032 626.1175076489524
41.50000000000032 626.1175076489524
41.60000000000032 626.1175076489524
41.70000000000032 626.1175076489524
41.80000000000032 626.1175076489524
41.90000000000033 626.1175076489524
42.00000000000033 626.1175076489524
42.10000000000033 626.1175076489524
42.20000000000033 626.1175076489524
42.30000000000033 626.1175076489524
42.40000000000033 626.1175076489524
42.50000000000033 626.1175076489524
42.60000000000034 626.1175076489524
42.70000000000034 626.1175076489524
42.80000000000034 626.1175076489524
42.90000000000034 626.1175076489524
43.00000000000034 626.1175076489524
43.10000000000034 626.1175076489524
43.20000000000034 626.1175076489524
43.30000000000035 626.1175076489524
43.40000000000035 626.1175076489524
43.50000000000035 626.1175076489524
43.60000000000035 626.1175076489524
43.70000000000035 626.1175076489524
43.80000000000035 626.1175076489524
43.90000000000035 626.1175076489524
44.00000000000036 626.1175076489524
44.10000000000036 626.1175076489524
44.20000000000036 626.1175076489524
44.30000000000036 626.1175076489524
44.40000000000036 626.1175076489524
44.50000000000036 626.1175076489524
44.60000000000036 626.1175076489524
44.70000000000037 626.1175076489524
44.80000000000037 626.1175076489524
44.90000000000037 626.1175076489524
45.00000000000037 626.1175076489524
45.10000000000037 626.1175076489524
45.20000000000037 626.1175076489524
45.30000000000037 626.1175076489524
45.40000000000038 626.1175076489524
45.50000000000038 626.1175076489524
45.60000000000038 626.1175076489524
45.70000000000038 626.1175076489524
45.80000000000038 626.1175076489524
45.90000000000038 626.1175076489524
46.00000000000038 626.1175076489524
46.10000000000039 626.1175076489524
46.20000000000039 626.1175076489524
46.30000000000039 626.1175076489524
46.40000000000039 626.1175076489524
46.50000000000039 626.1175076489524
46.60000000000039 626.1175076489524
46.70000000000039 626.1175076489524
46.8000000000004 626.1175076489524
46.9000000000004 626.1175076489524
47.0000000000004 626.1175076489524
47.1000000000004 626.1175076489524
47.2000000000004 626.1175076489524
47.3000000000004 626.1175076489524
47.4000000000004 626.1175076489524
47.50000000000041 626.1175076489524
47.60000000000041 626.1175076489524
47.70000000000041 626.1175076489524
47.80000000000041 626.1175076489524
47.90000000000041 626.1175076489524
48.00000000000041 626.1175076489524
48.10000000000041 626.1175076489524
48.20000000000041 626.1175076489524
48.30000000000042 626.1175076489524
48.40000000000042 626.1175076489524
48.50000000000042 626.1175076489524
48.60000000000042 626.1175076489524
48.70000000000042 626.1175076489524
48.80000000000042 626.1175076489524
48.90000000000042 626.1175076489524
49.00000000000043 626.1175076489524
49.10000000000043 626.1175076489524
49.20000000000043 626.1175076489524
49.30000000000043 626.1175076489524
49.40000000000043 626.1175076489524
49.50000000000043 626.1175076489524
49.60000000000043 626.1175076489524
49.70000000000044 626.1175076489524
49.80000000000044 626.1175076489524
49.90000000000044 626.1175076489524