Time X1
0 250
0.1 11.12638933316221
0.2 11.12638933318139
0.3 11.12638933318146
0.4 11.12638933318147
0.5 11.12638933318147
0.6 11.12638933318147
0.7 11.12638933318147
0.7999999999999999 11.12638933318147
0.8999999999999999 11.12638933318147
0.9999999999999999 11.12638933318148
1.1 11.12638933318148
1.2 11.12638933318148
1.3 11.12638933318148
1.4 11.12638933318148
1.5 11.12638933318148
1.6 11.12638933318148
1.7 11.12638933318148
1.8 11.12638933318148
1.900000000000001 11.12638933318148
2 11.12638933318148
2.100000000000001 11.12638933318148
2.200000000000001 11.12638933318148
2.300000000000001 11.12638933318148
2.400000000000001 11.12638933318148
2.500000000000001 11.12638933318148
2.600000000000001 11.12638933318148
2.700000000000001 11.12638933318148
2.800000000000001 11.12638933318148
2.900000000000001 11.12638933318148
3.000000000000001 11.12638933318148
3.100000000000001 11.12638933318148
3.200000000000002 11.12638933318148
3.300000000000002 11.12638933318148
3.400000000000002 11.12638933318148
3.500000000000002 11.12638933318148
3.600000000000002 11.12638933318148
3.700000000000002 11.12638933318148
3.800000000000002 11.12638933318148
3.900000000000002 11.12638933318148
4.000000000000002 11.12638933318148
4.100000000000001 11.12638933318148
4.200000000000001 11.12638933318148
4.300000000000001 11.12638933318148
4.4 11.12638933318148
4.5 11.12638933318148
4.6 11.12638933318148
4.699999999999999 11.12638933318148
4.799999999999999 11.12638933318148
4.899999999999999 11.12638933318148
4.999999999999998 11.12638933318148
5.099999999999998 11.12638933318148
5.199999999999998 11.12638933318148
5.299999999999997 11.12638933318148
5.399999999999997 11.12638933318148
5.499999999999996 11.12638933318148
5.599999999999996 11.12638933318148
5.699999999999996 11.12638933318148
5.799999999999995 11.12638933318148
5.899999999999995 11.12638933318148
5.999999999999995 11.12638933318148
6.099999999999994 11.12638933318148
6.199999999999994 11.12638933318148
6.299999999999994 11.12638933318148
6.399999999999993 11.12638933318148
6.499999999999993 11.12638933318148
6.599999999999993 11.12638933318148
6.699999999999992 11.12638933318148
6.799999999999992 11.12638933318148
6.899999999999991 11.12638933318148
6.999999999999991 11.12638933318148
7.099999999999991 11.12638933318148
7.19999999999999 11.12638933318148
7.29999999999999 11.12638933318148
7.39999999999999 11.12638933318148
7.499999999999989 11.12638933318148
7.599999999999989 11.12638933318148
7.699999999999989 11.12638933318148
7.799999999999988 11.12638933318148
7.899999999999988 11.12638933318148
7.999999999999988 11.12638933318148
8.099999999999987 11.12638933318148
8.199999999999987 11.12638933318148
8.299999999999986 11.12638933318148
8.399999999999986 11.12638933318148
8.499999999999986 11.12638933318148
8.599999999999985 11.12638933318148
8.699999999999985 11.12638933318148
8.799999999999985 11.12638933318148
8.899999999999984 11.12638933318148
8.999999999999984 11.12638933318148
9.099999999999984 11.12638933318148
9.199999999999983 11.12638933318148
9.299999999999983 11.12638933318148
9.399999999999983 11.12638933318148
9.499999999999982 11.12638933318148
9.599999999999982 11.12638933318148
9.699999999999982 11.12638933318148
9.799999999999981 11.12638933318148
9.899999999999981 11.12638933318148
9.99999999999998 11.12638933318148
10.09999999999998 11.12638933318148
10.19999999999998 11.12638933318148
10.29999999999998 11.12638933318148
10.39999999999998 11.12638933318148
10.49999999999998 11.12638933318148
10.59999999999998 11.12638933318148
10.69999999999998 11.12638933318148
10.79999999999998 11.12638933318148
10.89999999999998 11.12638933318148
10.99999999999998 11.12638933318148
11.09999999999998 11.12638933318148
11.19999999999998 11.12638933318148
11.29999999999998 11.12638933318148
11.39999999999998 11.12638933318148
11.49999999999998 11.12638933318148
11.59999999999997 11.12638933318148
11.69999999999997 11.12638933318148
11.79999999999997 11.12638933318148
11.89999999999997 11.12638933318148
11.99999999999997 11.12638933318148
12.09999999999997 11.12638933318148
12.19999999999997 11.12638933318148
12.29999999999997 11.12638933318148
12.39999999999997 11.12638933318148
12.49999999999997 11.12638933318148
12.59999999999997 11.12638933318148
12.69999999999997 11.12638933318148
12.79999999999997 11.12638933318148
12.89999999999997 11.12638933318148
12.99999999999997 11.12638933318148
13.09999999999997 11.12638933318148
13.19999999999997 11.12638933318148
13.29999999999997 11.12638933318148
13.39999999999997 11.12638933318148
13.49999999999997 11.12638933318148
13.59999999999997 11.12638933318148
13.69999999999997 11.12638933318148
13.79999999999997 11.12638933318148
13.89999999999997 11.12638933318148
13.99999999999997 11.12638933318148
14.09999999999997 11.12638933318148
14.19999999999997 11.12638933318148
14.29999999999997 11.12638933318148
14.39999999999996 11.12638933318148
14.49999999999996 11.12638933318148
14.59999999999996 11.12638933318148
14.69999999999996 11.12638933318148
14.79999999999996 11.12638933318148
14.89999999999996 11.12638933318148
14.99999999999996 11.12638933318148
15.09999999999996 11.12638933318148
15.19999999999996 11.12638933318148
15.29999999999996 11.12638933318148
15.39999999999996 11.12638933318148
15.49999999999996 11.12638933318148
15.59999999999996 11.12638933318148
15.69999999999996 11.12638933318148
15.79999999999996 11.12638933318148
15.89999999999996 11.12638933318148
15.99999999999996 11.12638933318148
16.09999999999996 11.12638933318148
16.19999999999996 11.12638933318148
16.29999999999996 11.12638933318148
16.39999999999996 11.12638933318148
16.49999999999996 11.12638933318148
16.59999999999997 11.12638933318148
16.69999999999997 11.12638933318148
16.79999999999997 11.12638933318148
16.89999999999997 11.12638933318148
16.99999999999997 11.12638933318148
17.09999999999997 11.12638933318148
17.19999999999997 11.12638933318148
17.29999999999998 11.12638933318148
17.39999999999998 11.12638933318148
17.49999999999998 11.12638933318148
17.59999999999998 11.12638933318148
17.69999999999998 11.12638933318148
17.79999999999998 11.12638933318148
17.89999999999998 11.12638933318148
17.99999999999999 11.12638933318148
18.09999999999999 11.12638933318148
18.19999999999999 11.12638933318148
18.29999999999999 11.12638933318148
18.39999999999999 11.12638933318148
18.49999999999999 11.12638933318148
18.59999999999999 11.12638933318148
18.7 11.12638933318148
18.8 11.12638933318148
18.9 11.12638933318148
19 11.12638933318148
19.1 11.12638933318148
19.2 11.12638933318148
19.3 11.12638933318148
19.40000000000001 11.12638933318148
19.50000000000001 11.12638933318148
19.60000000000001 11.12638933318148
19.70000000000001 11.12638933318148
19.80000000000001 11.12638933318148
19.90000000000001 11.12638933318148
20.00000000000001 11.12638933318148
20.10000000000002 11.12638933318148
20.20000000000002 11.12638933318148
20.30000000000002 11.12638933318148
20.40000000000002 11.12638933318148
20.50000000000002 11.12638933318148
20.60000000000002 11.12638933318148
20.70000000000002 11.12638933318148
20.80000000000003 11.12638933318148
20.90000000000003 11.12638933318148
21.00000000000003 11.12638933318148
21.10000000000003 11.12638933318148
21.20000000000003 11.12638933318148
21.30000000000003 11.12638933318148
21.40000000000003 11.12638933318148
21.50000000000004 11.12638933318148
21.60000000000004 11.12638933318148
21.70000000000004 11.12638933318148
21.80000000000004 11.12638933318148
21.90000000000004 11.12638933318148
22.00000000000004 11.12638933318148
22.10000000000004 11.12638933318148
22.20000000000005 11.12638933318148
22.30000000000005 11.12638933318148
22.40000000000005 11.12638933318148
22.50000000000005 11.12638933318148
22.60000000000005 11.12638933318148
22.70000000000005 11.12638933318148
22.80000000000005 11.12638933318148
22.90000000000006 11.12638933318148
23.00000000000006 11.12638933318148
23.10000000000006 11.12638933318148
23.20000000000006 11.12638933318148
23.30000000000006 11.12638933318148
23.40000000000006 11.12638933318148
23.50000000000006 11.12638933318148
23.60000000000007 11.12638933318148
23.70000000000007 11.12638933318148
23.80000000000007 11.12638933318148
23.90000000000007 11.12638933318148
24.00000000000007 11.12638933318148
24.10000000000007 11.12638933318148
24.20000000000007 11.12638933318148
24.30000000000008 11.12638933318148
24.40000000000008 11.12638933318148
24.50000000000008 11.12638933318148
24.60000000000008 11.12638933318148
24.70000000000008 11.12638933318148
24.80000000000008 11.12638933318148
24.90000000000008 11.12638933318148
25.00000000000009 11.12638933318148
25.10000000000009 11.12638933318148
25.20000000000009 11.12638933318148
25.30000000000009 11.12638933318148
25.40000000000009 11.12638933318148
25.50000000000009 11.12638933318148
25.60000000000009 11.12638933318148
25.7000000000001 11.12638933318148
25.8000000000001 11.12638933318148
25.9000000000001 11.12638933318148
26.0000000000001 11.12638933318148
26.1000000000001 11.12638933318148
26.2000000000001 11.12638933318148
26.3000000000001 11.12638933318148
26.40000000000011 11.12638933318148
26.50000000000011 11.12638933318148
26.60000000000011 11.12638933318148
26.70000000000011 11.12638933318148
26.80000000000011 11.12638933318148
26.90000000000011 11.12638933318148
27.00000000000011 11.12638933318148
27.10000000000012 11.12638933318148
27.20000000000012 11.12638933318148
27.30000000000012 11.12638933318148
27.40000000000012 11.12638933318148
27.50000000000012 11.12638933318148
27.60000000000012 11.12638933318148
27.70000000000012 11.12638933318148
27.80000000000013 11.12638933318148
27.90000000000013 11.12638933318148
28.00000000000013 11.12638933318148
28.10000000000013 11.12638933318148
28.20000000000013 11.12638933318148
28.30000000000013 11.12638933318148
28.40000000000013 11.12638933318148
28.50000000000014 11.12638933318148
28.60000000000014 11.12638933318148
28.70000000000014 11.12638933318148
28.80000000000014 11.12638933318148
28.90000000000014 11.12638933318148
29.00000000000014 11.12638933318148
29.10000000000014 11.12638933318148
29.20000000000014 11.12638933318148
29.30000000000015 11.12638933318148
29.40000000000015 11.12638933318148
29.50000000000015 11.12638933318148
29.60000000000015 11.12638933318148
29.70000000000015 11.12638933318148
29.80000000000015 11.12638933318148
29.90000000000015 11.12638933318148
30.00000000000016 11.12638933318148
30.10000000000016 11.12638933318148
30.20000000000016 11.12638933318148
30.30000000000016 11.12638933318148
30.40000000000016 11.12638933318148
30.50000000000016 11.12638933318148
30.60000000000016 11.12638933318148
30.70000000000017 11.12638933318148
30.80000000000017 11.12638933318148
30.90000000000017 11.12638933318148
31.00000000000017 11.12638933318148
31.10000000000017 11.12638933318148
31.20000000000017 11.12638933318148
31.30000000000017 11.12638933318148
31.40000000000018 11.12638933318148
31.50000000000018 11.12638933318148
31.60000000000018 11.12638933318148
31.70000000000018 11.12638933318148
31.80000000000018 11.12638933318148
31.90000000000018 11.12638933318148
32.00000000000018 11.12638933318148
32.10000000000019 11.12638933318148
32.20000000000019 11.12638933318148
32.30000000000019 11.12638933318148
32.40000000000019 11.12638933318148
32.50000000000019 11.12638933318148
32.60000000000019 11.12638933318148
32.70000000000019 11.12638933318148
32.8000000000002 11.12638933318148
32.9000000000002 11.12638933318148
33.0000000000002 11.12638933318148
33.1000000000002 11.12638933318148
33.2000000000002 11.12638933318148
33.3000000000002 11.12638933318148
33.4000000000002 11.12638933318148
33.50000000000021 11.12638933318148
33.60000000000021 11.12638933318148
33.70000000000021 11.12638933318148
33.80000000000021 11.12638933318148
33.90000000000021 11.12638933318148
34.00000000000021 11.12638933318148
34.10000000000021 11.12638933318148
34.20000000000022 11.12638933318148
34.30000000000022 11.12638933318148
34.40000000000022 11.12638933318148
34.50000000000022 11.12638933318148
34.60000000000022 11.12638933318148
34.70000000000022 11.12638933318148
34.80000000000022 11.12638933318148
34.90000000000023 11.12638933318148
35.00000000000023 11.12638933318148
35.10000000000023 11.12638933318148
35.20000000000023 11.12638933318148
35.30000000000023 11.12638933318148
35.40000000000023 11.12638933318148
35.50000000000023 11.12638933318148
35.60000000000024 11.12638933318148
35.70000000000024 11.12638933318148
35.80000000000024 11.12638933318148
35.90000000000024 11.12638933318148
36.00000000000024 11.12638933318148
36.10000000000024 11.12638933318148
36.20000000000024 11.12638933318148
36.30000000000025 11.12638933318148
36.40000000000025 11.12638933318148
36.50000000000025 11.12638933318148
36.60000000000025 11.12638933318148
36.70000000000025 11.12638933318148
36.80000000000025 11.12638933318148
36.90000000000025 11.12638933318148
37.00000000000026 11.12638933318148
37.10000000000026 11.12638933318148
37.20000000000026 11.12638933318148
37.30000000000026 11.12638933318148
37.40000000000026 11.12638933318148
37.50000000000026 11.12638933318148
37.60000000000026 11.12638933318148
37.70000000000027 11.12638933318148
37.80000000000027 11.12638933318148
37.90000000000027 11.12638933318148
38.00000000000027 11.12638933318148
38.10000000000027 11.12638933318148
38.20000000000027 11.12638933318148
38.30000000000027 11.12638933318148
38.40000000000028 11.12638933318148
38.50000000000028 11.12638933318148
38.60000000000028 11.12638933318148
38.70000000000028 11.12638933318148
38.80000000000028 11.12638933318148
38.90000000000028 11.12638933318148
39.00000000000028 11.12638933318148
39.10000000000029 11.12638933318148
39.20000000000029 11.12638933318148
39.30000000000029 11.12638933318148
39.40000000000029 11.12638933318148
39.50000000000029 11.12638933318148
39.60000000000029 11.12638933318148
39.70000000000029 11.12638933318148
39.8000000000003 11.12638933318148
39.9000000000003 11.12638933318148
40.0000000000003 11.12638933318148
40.1000000000003 11.12638933318148
40.2000000000003 11.12638933318148
40.3000000000003 11.12638933318148
40.4000000000003 11.12638933318148
40.50000000000031 11.12638933318148
40.60000000000031 11.12638933318148
40.70000000000031 11.12638933318148
40.80000000000031 11.12638933318148
40.90000000000031 11.12638933318148
41.00000000000031 11.12638933318148
41.10000000000031 11.12638933318148
41.20000000000032 11.12638933318148
41.30000000000032 11.12638933318148
41.40000000000032 11.12638933318148
41.50000000000032 11.12638933318148
41.60000000000032 11.12638933318148
41.70000000000032 11.12638933318148
41.80000000000032 11.12638933318148
41.90000000000033 11.12638933318148
42.00000000000033 11.12638933318148
42.10000000000033 11.12638933318148
42.20000000000033 11.12638933318148
42.30000000000033 11.12638933318148
42.40000000000033 11.12638933318148
42.50000000000033 11.12638933318148
42.60000000000034 11.12638933318148
42.70000000000034 11.12638933318148
42.80000000000034 11.12638933318148
42.90000000000034 11.12638933318148
43.00000000000034 11.12638933318148
43.10000000000034 11.12638933318148
43.20000000000034 11.12638933318148
43.30000000000035 11.12638933318148
43.40000000000035 11.12638933318148
43.50000000000035 11.12638933318148
43.60000000000035 11.12638933318148
43.70000000000035 11.12638933318148
43.80000000000035 11.12638933318148
43.90000000000035 11.12638933318148
44.00000000000036 11.12638933318148
44.10000000000036 11.12638933318148
44.20000000000036 11.12638933318148
44.30000000000036 11.12638933318148
44.40000000000036 11.12638933318148
44.50000000000036 11.12638933318148
44.60000000000036 11.12638933318148
44.70000000000037 11.12638933318148
44.80000000000037 11.12638933318148
44.90000000000037 11.12638933318148
45.00000000000037 11.12638933318148
45.10000000000037 11.12638933318148
45.20000000000037 11.12638933318148
45.30000000000037 11.12638933318148
45.40000000000038 11.12638933318148
45.50000000000038 11.12638933318148
45.60000000000038 11.12638933318148
45.70000000000038 11.12638933318148
45.80000000000038 11.12638933318148
45.90000000000038 11.12638933318148
46.00000000000038 11.12638933318148
46.10000000000039 11.12638933318148
46.20000000000039 11.12638933318148
46.30000000000039 11.12638933318148
46.40000000000039 11.12638933318148
46.50000000000039 11.12638933318148
46.60000000000039 11.12638933318148
46.70000000000039 11.12638933318148
46.8000000000004 11.12638933318148
46.9000000000004 11.12638933318148
47.0000000000004 11.12638933318148
47.1000000000004 11.12638933318148
47.2000000000004 11.12638933318148
47.3000000000004 11.12638933318148
47.4000000000004 11.12638933318148
47.50000000000041 11.12638933318148
47.60000000000041 11.12638933318148
47.70000000000041 11.12638933318148
47.80000000000041 11.12638933318148
47.90000000000041 11.12638933318148
48.00000000000041 11.12638933318148
48.10000000000041 11.12638933318148
48.20000000000041 11.12638933318148
48.30000000000042 11.12638933318148
48.40000000000042 11.12638933318148
48.50000000000042 11.12638933318148
48.60000000000042 11.12638933318148
48.70000000000042 11.12638933318148
48.80000000000042 11.12638933318148
48.90000000000042 11.12638933318148
49.00000000000043 11.12638933318148
49.10000000000043 11.12638933318148
49.20000000000043 11.12638933318148
49.30000000000043 11.12638933318148
49.40000000000043 11.12638933318148
49.50000000000043 11.12638933318148
49.60000000000043 11.12638933318148
49.70000000000044 11.12638933318148
49.80000000000044 11.12638933318148
49.90000000000044 11.12638933318148