Time X1
0 250
0.1 2799.659676368129
0.2 2799.659676368129
0.3 2799.659676368129
0.4 2799.659676368129
0.5 2799.659676368129
0.6 2799.659676368129
0.7 2799.659676368129
0.7999999999999999 2799.659676368129
0.8999999999999999 2799.659676368129
0.9999999999999999 2799.659676368129
1.1 2799.659676368129
1.2 2799.659676368129
1.3 2799.659676368129
1.4 2799.659676368129
1.5 2799.659676368129
1.6 2799.659676368129
1.7 2799.659676368129
1.8 2799.659676368129
1.900000000000001 2799.659676368129
2 2799.659676368129
2.100000000000001 2799.659676368129
2.200000000000001 2799.659676368129
2.300000000000001 2799.659676368129
2.400000000000001 2799.659676368129
2.500000000000001 2799.659676368129
2.600000000000001 2799.659676368129
2.700000000000001 2799.659676368129
2.800000000000001 2799.659676368129
2.900000000000001 2799.659676368129
3.000000000000001 2799.659676368129
3.100000000000001 2799.659676368129
3.200000000000002 2799.659676368129
3.300000000000002 2799.659676368129
3.400000000000002 2799.659676368129
3.500000000000002 2799.659676368129
3.600000000000002 2799.659676368129
3.700000000000002 2799.659676368129
3.800000000000002 2799.659676368129
3.900000000000002 2799.659676368129
4.000000000000002 2799.659676368129
4.100000000000001 2799.659676368129
4.200000000000001 2799.659676368129
4.300000000000001 2799.659676368129
4.4 2799.659676368129
4.5 2799.659676368129
4.6 2799.659676368129
4.699999999999999 2799.659676368129
4.799999999999999 2799.659676368129
4.899999999999999 2799.659676368129
4.999999999999998 2799.659676368129
5.099999999999998 2799.659676368129
5.199999999999998 2799.659676368129
5.299999999999997 2799.659676368129
5.399999999999997 2799.659676368129
5.499999999999996 2799.659676368129
5.599999999999996 2799.659676368129
5.699999999999996 2799.659676368129
5.799999999999995 2799.659676368129
5.899999999999995 2799.659676368129
5.999999999999995 2799.659676368129
6.099999999999994 2799.659676368129
6.199999999999994 2799.659676368129
6.299999999999994 2799.659676368129
6.399999999999993 2799.659676368129
6.499999999999993 2799.659676368129
6.599999999999993 2799.659676368129
6.699999999999992 2799.659676368129
6.799999999999992 2799.659676368129
6.899999999999991 2799.659676368129
6.999999999999991 2799.659676368129
7.099999999999991 2799.659676368129
7.19999999999999 2799.659676368129
7.29999999999999 2799.659676368129
7.39999999999999 2799.659676368129
7.499999999999989 2799.659676368129
7.599999999999989 2799.659676368129
7.699999999999989 2799.659676368129
7.799999999999988 2799.659676368129
7.899999999999988 2799.659676368129
7.999999999999988 2799.659676368129
8.099999999999987 2799.659676368129
8.199999999999987 2799.659676368129
8.299999999999986 2799.659676368129
8.399999999999986 2799.659676368129
8.499999999999986 2799.659676368129
8.599999999999985 2799.659676368129
8.699999999999985 2799.659676368129
8.799999999999985 2799.659676368129
8.899999999999984 2799.659676368129
8.999999999999984 2799.659676368129
9.099999999999984 2799.659676368129
9.199999999999983 2799.659676368129
9.299999999999983 2799.659676368129
9.399999999999983 2799.659676368129
9.499999999999982 2799.659676368129
9.599999999999982 2799.659676368129
9.699999999999982 2799.659676368129
9.799999999999981 2799.659676368129
9.899999999999981 2799.659676368129
9.99999999999998 2799.659676368129
10.09999999999998 2799.659676368129
10.19999999999998 2799.659676368129
10.29999999999998 2799.659676368129
10.39999999999998 2799.659676368129
10.49999999999998 2799.659676368129
10.59999999999998 2799.659676368129
10.69999999999998 2799.659676368129
10.79999999999998 2799.659676368129
10.89999999999998 2799.659676368129
10.99999999999998 2799.659676368129
11.09999999999998 2799.659676368129
11.19999999999998 2799.659676368129
11.29999999999998 2799.659676368129
11.39999999999998 2799.659676368129
11.49999999999998 2799.659676368129
11.59999999999997 2799.659676368129
11.69999999999997 2799.659676368129
11.79999999999997 2799.659676368129
11.89999999999997 2799.659676368129
11.99999999999997 2799.659676368129
12.09999999999997 2799.659676368129
12.19999999999997 2799.659676368129
12.29999999999997 2799.659676368129
12.39999999999997 2799.659676368129
12.49999999999997 2799.659676368129
12.59999999999997 2799.659676368129
12.69999999999997 2799.659676368129
12.79999999999997 2799.659676368129
12.89999999999997 2799.659676368129
12.99999999999997 2799.659676368129
13.09999999999997 2799.659676368129
13.19999999999997 2799.659676368129
13.29999999999997 2799.659676368129
13.39999999999997 2799.659676368129
13.49999999999997 2799.659676368129
13.59999999999997 2799.659676368129
13.69999999999997 2799.659676368129
13.79999999999997 2799.659676368129
13.89999999999997 2799.659676368129
13.99999999999997 2799.659676368129
14.09999999999997 2799.659676368129
14.19999999999997 2799.659676368129
14.29999999999997 2799.659676368129
14.39999999999996 2799.659676368129
14.49999999999996 2799.659676368129
14.59999999999996 2799.659676368129
14.69999999999996 2799.659676368129
14.79999999999996 2799.659676368129
14.89999999999996 2799.659676368129
14.99999999999996 2799.659676368129
15.09999999999996 2799.659676368129
15.19999999999996 2799.659676368129
15.29999999999996 2799.659676368129
15.39999999999996 2799.659676368129
15.49999999999996 2799.659676368129
15.59999999999996 2799.659676368129
15.69999999999996 2799.659676368129
15.79999999999996 2799.659676368129
15.89999999999996 2799.659676368129
15.99999999999996 2799.659676368129
16.09999999999996 2799.659676368129
16.19999999999996 2799.659676368129
16.29999999999996 2799.659676368129
16.39999999999996 2799.659676368129
16.49999999999996 2799.659676368129
16.59999999999997 2799.659676368129
16.69999999999997 2799.659676368129
16.79999999999997 2799.659676368129
16.89999999999997 2799.659676368129
16.99999999999997 2799.659676368129
17.09999999999997 2799.659676368129
17.19999999999997 2799.659676368129
17.29999999999998 2799.659676368129
17.39999999999998 2799.659676368129
17.49999999999998 2799.659676368129
17.59999999999998 2799.659676368129
17.69999999999998 2799.659676368129
17.79999999999998 2799.659676368129
17.89999999999998 2799.659676368129
17.99999999999999 2799.659676368129
18.09999999999999 2799.659676368129
18.19999999999999 2799.659676368129
18.29999999999999 2799.659676368129
18.39999999999999 2799.659676368129
18.49999999999999 2799.659676368129
18.59999999999999 2799.659676368129
18.7 2799.659676368129
18.8 2799.659676368129
18.9 2799.659676368129
19 2799.659676368129
19.1 2799.659676368129
19.2 2799.659676368129
19.3 2799.659676368129
19.40000000000001 2799.659676368129
19.50000000000001 2799.659676368129
19.60000000000001 2799.659676368129
19.70000000000001 2799.659676368129
19.80000000000001 2799.659676368129
19.90000000000001 2799.659676368129
20.00000000000001 2799.659676368129
20.10000000000002 2799.659676368129
20.20000000000002 2799.659676368129
20.30000000000002 2799.659676368129
20.40000000000002 2799.659676368129
20.50000000000002 2799.659676368129
20.60000000000002 2799.659676368129
20.70000000000002 2799.659676368129
20.80000000000003 2799.659676368129
20.90000000000003 2799.659676368129
21.00000000000003 2799.659676368129
21.10000000000003 2799.659676368129
21.20000000000003 2799.659676368129
21.30000000000003 2799.659676368129
21.40000000000003 2799.659676368129
21.50000000000004 2799.659676368129
21.60000000000004 2799.659676368129
21.70000000000004 2799.659676368129
21.80000000000004 2799.659676368129
21.90000000000004 2799.659676368129
22.00000000000004 2799.659676368129
22.10000000000004 2799.659676368129
22.20000000000005 2799.659676368129
22.30000000000005 2799.659676368129
22.40000000000005 2799.659676368129
22.50000000000005 2799.659676368129
22.60000000000005 2799.659676368129
22.70000000000005 2799.659676368129
22.80000000000005 2799.659676368129
22.90000000000006 2799.659676368129
23.00000000000006 2799.659676368129
23.10000000000006 2799.659676368129
23.20000000000006 2799.659676368129
23.30000000000006 2799.659676368129
23.40000000000006 2799.659676368129
23.50000000000006 2799.659676368129
23.60000000000007 2799.659676368129
23.70000000000007 2799.659676368129
23.80000000000007 2799.659676368129
23.90000000000007 2799.659676368129
24.00000000000007 2799.659676368129
24.10000000000007 2799.659676368129
24.20000000000007 2799.659676368129
24.30000000000008 2799.659676368129
24.40000000000008 2799.659676368129
24.50000000000008 2799.659676368129
24.60000000000008 2799.659676368129
24.70000000000008 2799.659676368129
24.80000000000008 2799.659676368129
24.90000000000008 2799.659676368129
25.00000000000009 2799.659676368129
25.10000000000009 2799.659676368129
25.20000000000009 2799.659676368129
25.30000000000009 2799.659676368129
25.40000000000009 2799.659676368129
25.50000000000009 2799.659676368129
25.60000000000009 2799.659676368129
25.7000000000001 2799.659676368129
25.8000000000001 2799.659676368129
25.9000000000001 2799.659676368129
26.0000000000001 2799.659676368129
26.1000000000001 2799.659676368129
26.2000000000001 2799.659676368129
26.3000000000001 2799.659676368129
26.40000000000011 2799.659676368129
26.50000000000011 2799.659676368129
26.60000000000011 2799.659676368129
26.70000000000011 2799.659676368129
26.80000000000011 2799.659676368129
26.90000000000011 2799.659676368129
27.00000000000011 2799.659676368129
27.10000000000012 2799.659676368129
27.20000000000012 2799.659676368129
27.30000000000012 2799.659676368129
27.40000000000012 2799.659676368129
27.50000000000012 2799.659676368129
27.60000000000012 2799.659676368129
27.70000000000012 2799.659676368129
27.80000000000013 2799.659676368129
27.90000000000013 2799.659676368129
28.00000000000013 2799.659676368129
28.10000000000013 2799.659676368129
28.20000000000013 2799.659676368129
28.30000000000013 2799.659676368129
28.40000000000013 2799.659676368129
28.50000000000014 2799.659676368129
28.60000000000014 2799.659676368129
28.70000000000014 2799.659676368129
28.80000000000014 2799.659676368129
28.90000000000014 2799.659676368129
29.00000000000014 2799.659676368129
29.10000000000014 2799.659676368129
29.20000000000014 2799.659676368129
29.30000000000015 2799.659676368129
29.40000000000015 2799.659676368129
29.50000000000015 2799.659676368129
29.60000000000015 2799.659676368129
29.70000000000015 2799.659676368129
29.80000000000015 2799.659676368129
29.90000000000015 2799.659676368129
30.00000000000016 2799.659676368129
30.10000000000016 2799.659676368129
30.20000000000016 2799.659676368129
30.30000000000016 2799.659676368129
30.40000000000016 2799.659676368129
30.50000000000016 2799.659676368129
30.60000000000016 2799.659676368129
30.70000000000017 2799.659676368129
30.80000000000017 2799.659676368129
30.90000000000017 2799.659676368129
31.00000000000017 2799.659676368129
31.10000000000017 2799.659676368129
31.20000000000017 2799.659676368129
31.30000000000017 2799.659676368129
31.40000000000018 2799.659676368129
31.50000000000018 2799.659676368129
31.60000000000018 2799.659676368129
31.70000000000018 2799.659676368129
31.80000000000018 2799.659676368129
31.90000000000018 2799.659676368129
32.00000000000018 2799.659676368129
32.10000000000019 2799.659676368129
32.20000000000019 2799.659676368129
32.30000000000019 2799.659676368129
32.40000000000019 2799.659676368129
32.50000000000019 2799.659676368129
32.60000000000019 2799.659676368129
32.70000000000019 2799.659676368129
32.8000000000002 2799.659676368129
32.9000000000002 2799.659676368129
33.0000000000002 2799.659676368129
33.1000000000002 2799.659676368129
33.2000000000002 2799.659676368129
33.3000000000002 2799.659676368129
33.4000000000002 2799.659676368129
33.50000000000021 2799.659676368129
33.60000000000021 2799.659676368129
33.70000000000021 2799.659676368129
33.80000000000021 2799.659676368129
33.90000000000021 2799.659676368129
34.00000000000021 2799.659676368129
34.10000000000021 2799.659676368129
34.20000000000022 2799.659676368129
34.30000000000022 2799.659676368129
34.40000000000022 2799.659676368129
34.50000000000022 2799.659676368129
34.60000000000022 2799.659676368129
34.70000000000022 2799.659676368129
34.80000000000022 2799.659676368129
34.90000000000023 2799.659676368129
35.00000000000023 2799.659676368129
35.10000000000023 2799.659676368129
35.20000000000023 2799.659676368129
35.30000000000023 2799.659676368129
35.40000000000023 2799.659676368129
35.50000000000023 2799.659676368129
35.60000000000024 2799.659676368129
35.70000000000024 2799.659676368129
35.80000000000024 2799.659676368129
35.90000000000024 2799.659676368129
36.00000000000024 2799.659676368129
36.10000000000024 2799.659676368129
36.20000000000024 2799.659676368129
36.30000000000025 2799.659676368129
36.40000000000025 2799.659676368129
36.50000000000025 2799.659676368129
36.60000000000025 2799.659676368129
36.70000000000025 2799.659676368129
36.80000000000025 2799.659676368129
36.90000000000025 2799.659676368129
37.00000000000026 2799.659676368129
37.10000000000026 2799.659676368129
37.20000000000026 2799.659676368129
37.30000000000026 2799.659676368129
37.40000000000026 2799.659676368129
37.50000000000026 2799.659676368129
37.60000000000026 2799.659676368129
37.70000000000027 2799.659676368129
37.80000000000027 2799.659676368129
37.90000000000027 2799.659676368129
38.00000000000027 2799.659676368129
38.10000000000027 2799.659676368129
38.20000000000027 2799.659676368129
38.30000000000027 2799.659676368129
38.40000000000028 2799.659676368129
38.50000000000028 2799.659676368129
38.60000000000028 2799.659676368129
38.70000000000028 2799.659676368129
38.80000000000028 2799.659676368129
38.90000000000028 2799.659676368129
39.00000000000028 2799.659676368129
39.10000000000029 2799.659676368129
39.20000000000029 2799.659676368129
39.30000000000029 2799.659676368129
39.40000000000029 2799.659676368129
39.50000000000029 2799.659676368129
39.60000000000029 2799.659676368129
39.70000000000029 2799.659676368129
39.8000000000003 2799.659676368129
39.9000000000003 2799.659676368129
40.0000000000003 2799.659676368129
40.1000000000003 2799.659676368129
40.2000000000003 2799.659676368129
40.3000000000003 2799.659676368129
40.4000000000003 2799.659676368129
40.50000000000031 2799.659676368129
40.60000000000031 2799.659676368129
40.70000000000031 2799.659676368129
40.80000000000031 2799.659676368129
40.90000000000031 2799.659676368129
41.00000000000031 2799.659676368129
41.10000000000031 2799.659676368129
41.20000000000032 2799.659676368129
41.30000000000032 2799.659676368129
41.40000000000032 2799.659676368129
41.50000000000032 2799.659676368129
41.60000000000032 2799.659676368129
41.70000000000032 2799.659676368129
41.80000000000032 2799.659676368129
41.90000000000033 2799.659676368129
42.00000000000033 2799.659676368129
42.10000000000033 2799.659676368129
42.20000000000033 2799.659676368129
42.30000000000033 2799.659676368129
42.40000000000033 2799.659676368129
42.50000000000033 2799.659676368129
42.60000000000034 2799.659676368129
42.70000000000034 2799.659676368129
42.80000000000034 2799.659676368129
42.90000000000034 2799.659676368129
43.00000000000034 2799.659676368129
43.10000000000034 2799.659676368129
43.20000000000034 2799.659676368129
43.30000000000035 2799.659676368129
43.40000000000035 2799.659676368129
43.50000000000035 2799.659676368129
43.60000000000035 2799.659676368129
43.70000000000035 2799.659676368129
43.80000000000035 2799.659676368129
43.90000000000035 2799.659676368129
44.00000000000036 2799.659676368129
44.10000000000036 2799.659676368129
44.20000000000036 2799.659676368129
44.30000000000036 2799.659676368129
44.40000000000036 2799.659676368129
44.50000000000036 2799.659676368129
44.60000000000036 2799.659676368129
44.70000000000037 2799.659676368129
44.80000000000037 2799.659676368129
44.90000000000037 2799.659676368129
45.00000000000037 2799.659676368129
45.10000000000037 2799.659676368129
45.20000000000037 2799.659676368129
45.30000000000037 2799.659676368129
45.40000000000038 2799.659676368129
45.50000000000038 2799.659676368129
45.60000000000038 2799.659676368129
45.70000000000038 2799.659676368129
45.80000000000038 2799.659676368129
45.90000000000038 2799.659676368129
46.00000000000038 2799.659676368129
46.10000000000039 2799.659676368129
46.20000000000039 2799.659676368129
46.30000000000039 2799.659676368129
46.40000000000039 2799.659676368129
46.50000000000039 2799.659676368129
46.60000000000039 2799.659676368129
46.70000000000039 2799.659676368129
46.8000000000004 2799.659676368129
46.9000000000004 2799.659676368129
47.0000000000004 2799.659676368129
47.1000000000004 2799.659676368129
47.2000000000004 2799.659676368129
47.3000000000004 2799.659676368129
47.4000000000004 2799.659676368129
47.50000000000041 2799.659676368129
47.60000000000041 2799.659676368129
47.70000000000041 2799.659676368129
47.80000000000041 2799.659676368129
47.90000000000041 2799.659676368129
48.00000000000041 2799.659676368129
48.10000000000041 2799.659676368129
48.20000000000041 2799.659676368129
48.30000000000042 2799.659676368129
48.40000000000042 2799.659676368129
48.50000000000042 2799.659676368129
48.60000000000042 2799.659676368129
48.70000000000042 2799.659676368129
48.80000000000042 2799.659676368129
48.90000000000042 2799.659676368129
49.00000000000043 2799.659676368129
49.10000000000043 2799.659676368129
49.20000000000043 2799.659676368129
49.30000000000043 2799.659676368129
49.40000000000043 2799.659676368129
49.50000000000043 2799.659676368129
49.60000000000043 2799.659676368129
49.70000000000044 2799.659676368129
49.80000000000044 2799.659676368129
49.90000000000044 2799.659676368129