Time X1
0 250
0.1 -122.0526821057091
0.2 -122.052682101663
0.3 -122.0526821015477
0.4 -122.0526821014324
0.5 -122.0526821013264
0.6 -122.052682101326
0.7 -122.0526821013256
0.7999999999999999 -122.0526821013252
0.8999999999999999 -122.052682101325
0.9999999999999999 -122.052682101325
1.1 -122.052682101325
1.2 -122.052682101325
1.3 -122.052682101325
1.4 -122.052682101325
1.5 -122.052682101325
1.6 -122.052682101325
1.7 -122.052682101325
1.8 -122.052682101325
1.900000000000001 -122.052682101325
2 -122.0526821013249
2.100000000000001 -122.0526821013249
2.200000000000001 -122.0526821013249
2.300000000000001 -122.0526821013249
2.400000000000001 -122.0526821013249
2.500000000000001 -122.0526821013249
2.600000000000001 -122.0526821013249
2.700000000000001 -122.0526821013249
2.800000000000001 -122.0526821013249
2.900000000000001 -122.0526821013249
3.000000000000001 -122.0526821013249
3.100000000000001 -122.0526821013249
3.200000000000002 -122.0526821013249
3.300000000000002 -122.0526821013249
3.400000000000002 -122.0526821013249
3.500000000000002 -122.0526821013249
3.600000000000002 -122.0526821013249
3.700000000000002 -122.0526821013249
3.800000000000002 -122.0526821013249
3.900000000000002 -122.0526821013249
4.000000000000002 -122.0526821013249
4.100000000000001 -122.0526821013249
4.200000000000001 -122.0526821013249
4.300000000000001 -122.0526821013249
4.4 -122.0526821013249
4.5 -122.0526821013249
4.6 -122.0526821013249
4.699999999999999 -122.0526821013249
4.799999999999999 -122.0526821013249
4.899999999999999 -122.0526821013249
4.999999999999998 -122.0526821013249
5.099999999999998 -122.0526821013249
5.199999999999998 -122.0526821013249
5.299999999999997 -122.0526821013249
5.399999999999997 -122.0526821013249
5.499999999999996 -122.0526821013249
5.599999999999996 -122.0526821013249
5.699999999999996 -122.0526821013249
5.799999999999995 -122.0526821013249
5.899999999999995 -122.0526821013249
5.999999999999995 -122.0526821013249
6.099999999999994 -122.0526821013249
6.199999999999994 -122.0526821013249
6.299999999999994 -122.0526821013249
6.399999999999993 -122.0526821013249
6.499999999999993 -122.0526821013249
6.599999999999993 -122.0526821013249
6.699999999999992 -122.0526821013249
6.799999999999992 -122.0526821013249
6.899999999999991 -122.0526821013249
6.999999999999991 -122.0526821013249
7.099999999999991 -122.0526821013249
7.19999999999999 -122.0526821013249
7.29999999999999 -122.0526821013249
7.39999999999999 -122.0526821013249
7.499999999999989 -122.0526821013249
7.599999999999989 -122.0526821013249
7.699999999999989 -122.0526821013249
7.799999999999988 -122.0526821013249
7.899999999999988 -122.0526821013249
7.999999999999988 -122.0526821013249
8.099999999999987 -122.0526821013249
8.199999999999987 -122.0526821013249
8.299999999999986 -122.0526821013249
8.399999999999986 -122.0526821013249
8.499999999999986 -122.052682101325
8.599999999999985 -122.052682101325
8.699999999999985 -122.052682101325
8.799999999999985 -122.052682101325
8.899999999999984 -122.052682101325
8.999999999999984 -122.052682101325
9.099999999999984 -122.052682101325
9.199999999999983 -122.052682101325
9.299999999999983 -122.052682101325
9.399999999999983 -122.052682101325
9.499999999999982 -122.052682101325
9.599999999999982 -122.052682101325
9.699999999999982 -122.052682101325
9.799999999999981 -122.052682101325
9.899999999999981 -122.052682101325
9.99999999999998 -122.052682101325
10.09999999999998 -122.052682101325
10.19999999999998 -122.052682101325
10.29999999999998 -122.052682101325
10.39999999999998 -122.052682101325
10.49999999999998 -122.052682101325
10.59999999999998 -122.052682101325
10.69999999999998 -122.052682101325
10.79999999999998 -122.052682101325
10.89999999999998 -122.052682101325
10.99999999999998 -122.052682101325
11.09999999999998 -122.052682101325
11.19999999999998 -122.052682101325
11.29999999999998 -122.052682101325
11.39999999999998 -122.052682101325
11.49999999999998 -122.052682101325
11.59999999999997 -122.052682101325
11.69999999999997 -122.052682101325
11.79999999999997 -122.052682101325
11.89999999999997 -122.052682101325
11.99999999999997 -122.052682101325
12.09999999999997 -122.052682101325
12.19999999999997 -122.052682101325
12.29999999999997 -122.052682101325
12.39999999999997 -122.052682101325
12.49999999999997 -122.052682101325
12.59999999999997 -122.052682101325
12.69999999999997 -122.052682101325
12.79999999999997 -122.052682101325
12.89999999999997 -122.052682101325
12.99999999999997 -122.052682101325
13.09999999999997 -122.052682101325
13.19999999999997 -122.052682101325
13.29999999999997 -122.052682101325
13.39999999999997 -122.052682101325
13.49999999999997 -122.052682101325
13.59999999999997 -122.052682101325
13.69999999999997 -122.052682101325
13.79999999999997 -122.052682101325
13.89999999999997 -122.052682101325
13.99999999999997 -122.052682101325
14.09999999999997 -122.052682101325
14.19999999999997 -122.052682101325
14.29999999999997 -122.052682101325
14.39999999999996 -122.052682101325
14.49999999999996 -122.052682101325
14.59999999999996 -122.052682101325
14.69999999999996 -122.052682101325
14.79999999999996 -122.052682101325
14.89999999999996 -122.052682101325
14.99999999999996 -122.052682101325
15.09999999999996 -122.052682101325
15.19999999999996 -122.052682101325
15.29999999999996 -122.052682101325
15.39999999999996 -122.052682101325
15.49999999999996 -122.052682101325
15.59999999999996 -122.052682101325
15.69999999999996 -122.052682101325
15.79999999999996 -122.052682101325
15.89999999999996 -122.052682101325
15.99999999999996 -122.052682101325
16.09999999999996 -122.052682101325
16.19999999999996 -122.052682101325
16.29999999999996 -122.052682101325
16.39999999999996 -122.052682101325
16.49999999999996 -122.052682101325
16.59999999999997 -122.052682101325
16.69999999999997 -122.052682101325
16.79999999999997 -122.052682101325
16.89999999999997 -122.052682101325
16.99999999999997 -122.052682101325
17.09999999999997 -122.052682101325
17.19999999999997 -122.052682101325
17.29999999999998 -122.052682101325
17.39999999999998 -122.052682101325
17.49999999999998 -122.052682101325
17.59999999999998 -122.052682101325
17.69999999999998 -122.052682101325
17.79999999999998 -122.052682101325
17.89999999999998 -122.052682101325
17.99999999999999 -122.052682101325
18.09999999999999 -122.052682101325
18.19999999999999 -122.052682101325
18.29999999999999 -122.052682101325
18.39999999999999 -122.052682101325
18.49999999999999 -122.052682101325
18.59999999999999 -122.052682101325
18.7 -122.052682101325
18.8 -122.052682101325
18.9 -122.052682101325
19 -122.052682101325
19.1 -122.052682101325
19.2 -122.052682101325
19.3 -122.052682101325
19.40000000000001 -122.052682101325
19.50000000000001 -122.052682101325
19.60000000000001 -122.052682101325
19.70000000000001 -122.052682101325
19.80000000000001 -122.052682101325
19.90000000000001 -122.052682101325
20.00000000000001 -122.052682101325
20.10000000000002 -122.052682101325
20.20000000000002 -122.0526821013249
20.30000000000002 -122.0526821013249
20.40000000000002 -122.0526821013249
20.50000000000002 -122.0526821013249
20.60000000000002 -122.0526821013249
20.70000000000002 -122.0526821013249
20.80000000000003 -122.0526821013249
20.90000000000003 -122.0526821013249
21.00000000000003 -122.0526821013249
21.10000000000003 -122.0526821013249
21.20000000000003 -122.0526821013249
21.30000000000003 -122.0526821013249
21.40000000000003 -122.0526821013249
21.50000000000004 -122.0526821013249
21.60000000000004 -122.0526821013249
21.70000000000004 -122.0526821013249
21.80000000000004 -122.0526821013249
21.90000000000004 -122.0526821013249
22.00000000000004 -122.0526821013249
22.10000000000004 -122.0526821013249
22.20000000000005 -122.0526821013249
22.30000000000005 -122.0526821013249
22.40000000000005 -122.0526821013249
22.50000000000005 -122.0526821013249
22.60000000000005 -122.0526821013249
22.70000000000005 -122.0526821013249
22.80000000000005 -122.0526821013249
22.90000000000006 -122.0526821013249
23.00000000000006 -122.0526821013249
23.10000000000006 -122.0526821013249
23.20000000000006 -122.0526821013249
23.30000000000006 -122.0526821013249
23.40000000000006 -122.0526821013249
23.50000000000006 -122.0526821013249
23.60000000000007 -122.0526821013249
23.70000000000007 -122.0526821013249
23.80000000000007 -122.0526821013249
23.90000000000007 -122.0526821013249
24.00000000000007 -122.0526821013249
24.10000000000007 -122.0526821013249
24.20000000000007 -122.0526821013249
24.30000000000008 -122.0526821013249
24.40000000000008 -122.0526821013249
24.50000000000008 -122.0526821013249
24.60000000000008 -122.0526821013249
24.70000000000008 -122.0526821013249
24.80000000000008 -122.0526821013249
24.90000000000008 -122.0526821013249
25.00000000000009 -122.0526821013249
25.10000000000009 -122.0526821013249
25.20000000000009 -122.0526821013249
25.30000000000009 -122.0526821013249
25.40000000000009 -122.0526821013249
25.50000000000009 -122.0526821013249
25.60000000000009 -122.0526821013249
25.7000000000001 -122.0526821013249
25.8000000000001 -122.0526821013249
25.9000000000001 -122.0526821013249
26.0000000000001 -122.0526821013249
26.1000000000001 -122.0526821013249
26.2000000000001 -122.0526821013249
26.3000000000001 -122.0526821013249
26.40000000000011 -122.0526821013249
26.50000000000011 -122.0526821013249
26.60000000000011 -122.0526821013249
26.70000000000011 -122.0526821013249
26.80000000000011 -122.0526821013249
26.90000000000011 -122.0526821013249
27.00000000000011 -122.0526821013249
27.10000000000012 -122.0526821013249
27.20000000000012 -122.0526821013249
27.30000000000012 -122.0526821013249
27.40000000000012 -122.0526821013249
27.50000000000012 -122.0526821013249
27.60000000000012 -122.0526821013249
27.70000000000012 -122.0526821013249
27.80000000000013 -122.0526821013249
27.90000000000013 -122.0526821013249
28.00000000000013 -122.0526821013249
28.10000000000013 -122.0526821013249
28.20000000000013 -122.0526821013249
28.30000000000013 -122.0526821013249
28.40000000000013 -122.0526821013249
28.50000000000014 -122.0526821013249
28.60000000000014 -122.0526821013249
28.70000000000014 -122.0526821013249
28.80000000000014 -122.0526821013249
28.90000000000014 -122.0526821013249
29.00000000000014 -122.0526821013249
29.10000000000014 -122.0526821013249
29.20000000000014 -122.0526821013249
29.30000000000015 -122.0526821013249
29.40000000000015 -122.0526821013249
29.50000000000015 -122.0526821013249
29.60000000000015 -122.0526821013249
29.70000000000015 -122.0526821013249
29.80000000000015 -122.0526821013249
29.90000000000015 -122.0526821013249
30.00000000000016 -122.0526821013249
30.10000000000016 -122.0526821013249
30.20000000000016 -122.0526821013249
30.30000000000016 -122.0526821013249
30.40000000000016 -122.0526821013249
30.50000000000016 -122.0526821013249
30.60000000000016 -122.0526821013249
30.70000000000017 -122.0526821013249
30.80000000000017 -122.0526821013249
30.90000000000017 -122.0526821013249
31.00000000000017 -122.0526821013249
31.10000000000017 -122.0526821013249
31.20000000000017 -122.0526821013249
31.30000000000017 -122.0526821013249
31.40000000000018 -122.0526821013249
31.50000000000018 -122.0526821013249
31.60000000000018 -122.0526821013249
31.70000000000018 -122.0526821013249
31.80000000000018 -122.0526821013249
31.90000000000018 -122.0526821013249
32.00000000000018 -122.0526821013249
32.10000000000019 -122.0526821013249
32.20000000000019 -122.0526821013249
32.30000000000019 -122.0526821013249
32.40000000000019 -122.0526821013249
32.50000000000019 -122.0526821013249
32.60000000000019 -122.0526821013249
32.70000000000019 -122.0526821013249
32.8000000000002 -122.0526821013249
32.9000000000002 -122.0526821013249
33.0000000000002 -122.0526821013249
33.1000000000002 -122.0526821013249
33.2000000000002 -122.0526821013249
33.3000000000002 -122.0526821013249
33.4000000000002 -122.0526821013249
33.50000000000021 -122.0526821013249
33.60000000000021 -122.0526821013249
33.70000000000021 -122.0526821013249
33.80000000000021 -122.0526821013249
33.90000000000021 -122.0526821013249
34.00000000000021 -122.0526821013249
34.10000000000021 -122.0526821013249
34.20000000000022 -122.0526821013249
34.30000000000022 -122.0526821013249
34.40000000000022 -122.0526821013249
34.50000000000022 -122.0526821013249
34.60000000000022 -122.0526821013249
34.70000000000022 -122.0526821013249
34.80000000000022 -122.0526821013249
34.90000000000023 -122.0526821013249
35.00000000000023 -122.0526821013249
35.10000000000023 -122.0526821013249
35.20000000000023 -122.0526821013249
35.30000000000023 -122.0526821013249
35.40000000000023 -122.0526821013249
35.50000000000023 -122.0526821013249
35.60000000000024 -122.0526821013249
35.70000000000024 -122.0526821013249
35.80000000000024 -122.0526821013249
35.90000000000024 -122.0526821013249
36.00000000000024 -122.0526821013249
36.10000000000024 -122.0526821013249
36.20000000000024 -122.0526821013249
36.30000000000025 -122.0526821013249
36.40000000000025 -122.0526821013249
36.50000000000025 -122.0526821013249
36.60000000000025 -122.0526821013249
36.70000000000025 -122.0526821013249
36.80000000000025 -122.0526821013249
36.90000000000025 -122.0526821013249
37.00000000000026 -122.0526821013249
37.10000000000026 -122.0526821013249
37.20000000000026 -122.0526821013249
37.30000000000026 -122.0526821013249
37.40000000000026 -122.0526821013249
37.50000000000026 -122.0526821013249
37.60000000000026 -122.0526821013249
37.70000000000027 -122.0526821013249
37.80000000000027 -122.0526821013249
37.90000000000027 -122.0526821013249
38.00000000000027 -122.0526821013249
38.10000000000027 -122.0526821013249
38.20000000000027 -122.0526821013249
38.30000000000027 -122.0526821013249
38.40000000000028 -122.0526821013249
38.50000000000028 -122.0526821013249
38.60000000000028 -122.0526821013249
38.70000000000028 -122.0526821013249
38.80000000000028 -122.0526821013249
38.90000000000028 -122.0526821013249
39.00000000000028 -122.0526821013249
39.10000000000029 -122.0526821013249
39.20000000000029 -122.0526821013249
39.30000000000029 -122.0526821013249
39.40000000000029 -122.0526821013249
39.50000000000029 -122.0526821013249
39.60000000000029 -122.0526821013249
39.70000000000029 -122.0526821013249
39.8000000000003 -122.0526821013249
39.9000000000003 -122.0526821013249
40.0000000000003 -122.0526821013249
40.1000000000003 -122.0526821013249
40.2000000000003 -122.0526821013249
40.3000000000003 -122.0526821013249
40.4000000000003 -122.0526821013249
40.50000000000031 -122.0526821013249
40.60000000000031 -122.0526821013249
40.70000000000031 -122.0526821013249
40.80000000000031 -122.0526821013249
40.90000000000031 -122.0526821013249
41.00000000000031 -122.0526821013249
41.10000000000031 -122.0526821013249
41.20000000000032 -122.0526821013249
41.30000000000032 -122.0526821013249
41.40000000000032 -122.0526821013249
41.50000000000032 -122.0526821013249
41.60000000000032 -122.0526821013249
41.70000000000032 -122.0526821013249
41.80000000000032 -122.0526821013249
41.90000000000033 -122.0526821013249
42.00000000000033 -122.0526821013249
42.10000000000033 -122.0526821013249
42.20000000000033 -122.0526821013249
42.30000000000033 -122.0526821013249
42.40000000000033 -122.0526821013249
42.50000000000033 -122.0526821013249
42.60000000000034 -122.0526821013249
42.70000000000034 -122.0526821013249
42.80000000000034 -122.0526821013249
42.90000000000034 -122.0526821013249
43.00000000000034 -122.0526821013249
43.10000000000034 -122.0526821013249
43.20000000000034 -122.0526821013249
43.30000000000035 -122.0526821013249
43.40000000000035 -122.0526821013249
43.50000000000035 -122.0526821013249
43.60000000000035 -122.0526821013249
43.70000000000035 -122.0526821013249
43.80000000000035 -122.0526821013249
43.90000000000035 -122.0526821013249
44.00000000000036 -122.0526821013249
44.10000000000036 -122.0526821013249
44.20000000000036 -122.0526821013249
44.30000000000036 -122.0526821013249
44.40000000000036 -122.0526821013249
44.50000000000036 -122.0526821013249
44.60000000000036 -122.0526821013249
44.70000000000037 -122.0526821013249
44.80000000000037 -122.0526821013249
44.90000000000037 -122.0526821013249
45.00000000000037 -122.0526821013249
45.10000000000037 -122.0526821013249
45.20000000000037 -122.0526821013249
45.30000000000037 -122.0526821013249
45.40000000000038 -122.0526821013249
45.50000000000038 -122.0526821013249
45.60000000000038 -122.0526821013249
45.70000000000038 -122.0526821013249
45.80000000000038 -122.0526821013249
45.90000000000038 -122.0526821013249
46.00000000000038 -122.0526821013249
46.10000000000039 -122.0526821013249
46.20000000000039 -122.0526821013249
46.30000000000039 -122.0526821013249
46.40000000000039 -122.0526821013249
46.50000000000039 -122.0526821013249
46.60000000000039 -122.0526821013249
46.70000000000039 -122.0526821013249
46.8000000000004 -122.0526821013249
46.9000000000004 -122.0526821013249
47.0000000000004 -122.0526821013249
47.1000000000004 -122.0526821013249
47.2000000000004 -122.0526821013249
47.3000000000004 -122.0526821013249
47.4000000000004 -122.0526821013249
47.50000000000041 -122.0526821013249
47.60000000000041 -122.0526821013249
47.70000000000041 -122.0526821013249
47.80000000000041 -122.0526821013249
47.90000000000041 -122.0526821013249
48.00000000000041 -122.0526821013249
48.10000000000041 -122.0526821013249
48.20000000000041 -122.0526821013249
48.30000000000042 -122.0526821013249
48.40000000000042 -122.0526821013249
48.50000000000042 -122.0526821013249
48.60000000000042 -122.0526821013249
48.70000000000042 -122.0526821013249
48.80000000000042 -122.0526821013249
48.90000000000042 -122.0526821013249
49.00000000000043 -122.0526821013249
49.10000000000043 -122.0526821013249
49.20000000000043 -122.0526821013249
49.30000000000043 -122.0526821013249
49.40000000000043 -122.0526821013249
49.50000000000043 -122.0526821013249
49.60000000000043 -122.0526821013249
49.70000000000044 -122.0526821013249
49.80000000000044 -122.0526821013249
49.90000000000044 -122.0526821013249