Time X1
0 250
0.1 250.2178279671789
0.2 250.4555378310621
0.3 250.7151678666938
0.4 250.9983638980763
0.5 251.3077192732599
0.6 251.6456473009541
0.7 252.0147613527046
0.7999999999999999 252.4181244031718
0.8999999999999999 252.8587324862104
0.9999999999999999 253.3403520094539
1.1 253.8668124684775
1.2 254.4424762290288
1.3 255.0721277255796
1.4 255.7610280145742
1.5 256.514996530701
1.6 257.3404536071484
1.7 258.2444291447788
1.8 259.2348575351771
1.900000000000001 260.3203435124254
2 261.510669170827
2.100000000000001 262.81642759218
2.200000000000001 264.2495626157713
2.300000000000001 265.8233404796368
2.400000000000001 267.5524729830978
2.500000000000001 269.4534328150066
2.600000000000001 271.544577350375
2.700000000000001 273.8463698677768
2.800000000000001 276.3815785525983
2.900000000000001 279.1755998587756
3.000000000000001 282.2568141953322
3.100000000000001 285.656688142206
3.200000000000002 289.4102320312657
3.300000000000002 293.5561869967198
3.400000000000002 298.1371054910081
3.500000000000002 303.1995043573665
3.600000000000002 308.7940482883657
3.700000000000002 314.9742815266324
3.800000000000002 321.7964966834363
3.900000000000002 329.3175290306905
4.000000000000002 337.5935734732461
4.100000000000001 346.6745354709041
4.200000000000001 356.6002434882063
4.300000000000001 367.3937353823423
4.4 379.0522708254609
4.5 391.5377046435156
4.6 404.7669819702679
4.699999999999999 418.6034543242366
4.799999999999999 432.8530215691508
4.899999999999999 447.2677830339864
4.999999999999998 461.5595401598882
5.099999999999998 475.4210679802415
5.199999999999998 488.5563899516858
5.299999999999997 500.7108881012578
5.399999999999997 511.6960403738028
5.499999999999996 521.4028646159858
5.599999999999996 529.8022361103549
5.699999999999996 536.934038069136
5.799999999999995 542.8895754138171
5.899999999999995 547.7921307903418
5.999999999999995 551.7794312733315
6.099999999999994 554.9901224851592
6.199999999999994 557.5542612912395
6.299999999999994 559.5885458633123
6.399999999999993 561.1939770403608
6.499999999999993 562.4556410334551
6.599999999999993 563.4438177675347
6.699999999999992 564.2157873644762
6.799999999999992 564.8176247521709
6.899999999999991 565.2860635154947
6.999999999999991 565.6501984817452
7.099999999999991 565.9330100644227
7.19999999999999 566.1524859767345
7.29999999999999 566.3226999226436
7.39999999999999 566.4546530065978
7.499999999999989 566.5569144041754
7.599999999999989 566.6361331511863
7.699999999999989 566.697486790372
7.799999999999988 566.745029290283
7.899999999999988 566.7818587573937
7.999999999999988 566.8103451446038
8.099999999999987 566.8323731282792
8.199999999999987 566.8494280417857
8.299999999999986 566.8626368035831
8.399999999999986 566.8728602859868
8.499999999999986 566.8807534249014
8.599999999999985 566.8868633672079
8.699999999999985 566.8915815860802
8.799999999999985 566.895276874082
8.899999999999984 566.8981469922785
8.999999999999984 566.9004649884801
9.099999999999984 566.902102132975
9.199999999999983 566.9034313367033
9.299999999999983 566.904483575697
9.399999999999983 566.9052677312175
9.499999999999982 566.9058658909896
9.599999999999982 566.9063169260111
9.699999999999982 566.906656633062
9.799999999999981 566.9069264466292
9.899999999999981 566.9071344564537
9.99999999999998 566.907302560552
10.09999999999998 566.9074336365679
10.19999999999998 566.9075386283301
10.29999999999998 566.9076198139072
10.39999999999998 566.9076837541569
10.49999999999998 566.9077333287403
10.59999999999998 566.9077715840051
10.69999999999998 566.9078017538925
10.79999999999998 566.9078248122937
10.89999999999998 566.9078432156864
10.99999999999998 566.9078573205901
11.09999999999998 566.9078685712572
11.19999999999998 566.9078772467811
11.29999999999998 566.9078841004324
11.39999999999998 566.9078894666158
11.49999999999998 566.9078973484834
11.59999999999997 566.9079043090443
11.69999999999997 566.9079103482985
11.79999999999997 566.907915466246
11.89999999999997 566.9079196628868
11.99999999999997 566.9079229382208
12.09999999999997 566.9079252922483
12.19999999999997 566.907926724969
12.29999999999997 566.907927236383
12.39999999999997 566.9079268264902
12.49999999999997 566.9079254952909
12.59999999999997 566.9079232427847
12.69999999999997 566.9079216867262
12.79999999999997 566.9079225323533
12.89999999999997 566.9079231443592
12.99999999999997 566.9079235227442
13.09999999999997 566.9079236675082
13.19999999999997 566.9079235786511
13.29999999999997 566.9079232561731
13.39999999999997 566.907922700074
13.49999999999997 566.9079219103539
13.59999999999997 566.9079208870129
13.69999999999997 566.9079196300509
13.79999999999997 566.9079181394677
13.89999999999997 566.9079164152636
13.99999999999997 566.9079156671185
14.09999999999997 566.9079152105306
14.19999999999997 566.9079147539427
14.29999999999997 566.9079142973549
14.39999999999996 566.907913840767
14.49999999999996 566.9079133841791
14.59999999999996 566.9079129275913
14.69999999999996 566.9079124710033
14.79999999999996 566.9079120144155
14.89999999999996 566.9079115578276
14.99999999999996 566.9079111012397
15.09999999999996 566.9079106446519
15.19999999999996 566.9079102191323
15.29999999999996 566.9079102054612
15.39999999999996 566.9079101917902
15.49999999999996 566.9079101781192
15.59999999999996 566.9079101644481
15.69999999999996 566.9079101507771
15.79999999999996 566.9079101371061
15.89999999999996 566.907910123435
15.99999999999996 566.907910109764
16.09999999999996 566.9079100960929
16.19999999999996 566.9079100824219
16.29999999999996 566.9079100687509
16.39999999999996 566.9079100550798
16.49999999999996 566.9079100414089
16.59999999999997 566.9079100277378
16.69999999999997 566.9079100140667
16.79999999999997 566.9079100003958
16.89999999999997 566.9079099867247
16.99999999999997 566.9079099730536
17.09999999999997 566.9079099593827
17.19999999999997 566.9079099457116
17.29999999999998 566.9079099320405
17.39999999999998 566.9079099183696
17.49999999999998 566.9079099046985
17.59999999999998 566.9079098910274
17.69999999999998 566.9079098773565
17.79999999999998 566.9079098636854
17.89999999999998 566.9079098500143
17.99999999999999 566.9079098363434
18.09999999999999 566.9079098226723
18.19999999999999 566.9079098090012
18.29999999999999 566.9079097953302
18.39999999999999 566.9079097816592
18.49999999999999 566.9079097679881
18.59999999999999 566.9079097543171
18.7 566.9079097406461
18.8 566.907909726975
18.9 566.907909713304
19 566.907909699633
19.1 566.907909685962
19.2 566.9079096722909
19.3 566.9079096586199
19.40000000000001 566.9079096449489
19.50000000000001 566.9079096312778
19.60000000000001 566.9079096176068
19.70000000000001 566.9079096039358
19.80000000000001 566.9079095902647
19.90000000000001 566.9079095765937
20.00000000000001 566.9079095629227
20.10000000000002 566.9079095492516
20.20000000000002 566.9079095355806
20.30000000000002 566.9079095219096
20.40000000000002 566.9079095082385
20.50000000000002 566.9079094945674
20.60000000000002 566.9079094808965
20.70000000000002 566.9079094672254
20.80000000000003 566.9079094535543
20.90000000000003 566.9079094398834
21.00000000000003 566.9079094262123
21.10000000000003 566.9079094125412
21.20000000000003 566.9079093988703
21.30000000000003 566.9079093851992
21.40000000000003 566.9079093715281
21.50000000000004 566.9079093578572
21.60000000000004 566.9079093441861
21.70000000000004 566.9079093305151
21.80000000000004 566.9079093168441
21.90000000000004 566.907909303173
22.00000000000004 566.907909289502
22.10000000000004 566.907909275831
22.20000000000005 566.9079092621599
22.30000000000005 566.9079092484889
22.40000000000005 566.9079092348179
22.50000000000005 566.9079092211468
22.60000000000005 566.9079092074758
22.70000000000005 566.9079091938048
22.80000000000005 566.9079091801337
22.90000000000006 566.9079091664627
23.00000000000006 566.9079091527916
23.10000000000006 566.9079091391206
23.20000000000006 566.9079091254496
23.30000000000006 566.9079091117785
23.40000000000006 566.9079090981076
23.50000000000006 566.9079090844365
23.60000000000007 566.9079090707654
23.70000000000007 566.9079090570945
23.80000000000007 566.9079090434234
23.90000000000007 566.9079090297523
24.00000000000007 566.9079090160814
24.10000000000007 566.9079090024103
24.20000000000007 566.9079089887392
24.30000000000008 566.9079089750683
24.40000000000008 566.9079089613972
24.50000000000008 566.9079089477261
24.60000000000008 566.9079089340552
24.70000000000008 566.9079089203841
24.80000000000008 566.907908906713
24.90000000000008 566.9079088930421
25.00000000000009 566.907908879371
25.10000000000009 566.9079088656999
25.20000000000009 566.9079088520289
25.30000000000009 566.9079088383579
25.40000000000009 566.9079088246868
25.50000000000009 566.9079088110158
25.60000000000009 566.9079087973448
25.7000000000001 566.9079087836737
25.8000000000001 566.9079087700027
25.9000000000001 566.9079087563317
26.0000000000001 566.9079087426607
26.1000000000001 566.9079087289896
26.2000000000001 566.9079087153186
26.3000000000001 566.9079087016476
26.40000000000011 566.9079086879765
26.50000000000011 566.9079086743055
26.60000000000011 566.9079086606345
26.70000000000011 566.9079086469634
26.80000000000011 566.9079086332924
26.90000000000011 566.9079086196214
27.00000000000011 566.9079086059503
27.10000000000012 566.9079085922793
27.20000000000012 566.9079085786083
27.30000000000012 566.9079085649372
27.40000000000012 566.9079085512661
27.50000000000012 566.9079085375952
27.60000000000012 566.9079085239241
27.70000000000012 566.907908510253
27.80000000000013 566.9079084965821
27.90000000000013 566.9079084910313
28.00000000000013 566.9079084906219
28.10000000000013 566.9079084902124
28.20000000000013 566.907908489803
28.30000000000013 566.9079084893937
28.40000000000013 566.9079084889842
28.50000000000014 566.9079084885748
28.60000000000014 566.9079084881653
28.70000000000014 566.9079084877559
28.80000000000014 566.9079084873465
28.90000000000014 566.907908486937
29.00000000000014 566.9079084865276
29.10000000000014 566.9079084861181
29.20000000000014 566.9079084857087
29.30000000000015 566.9079084852993
29.40000000000015 566.9079084848898
29.50000000000015 566.9079084844805
29.60000000000015 566.907908484071
29.70000000000015 566.9079084836616
29.80000000000015 566.9079084832522
29.90000000000015 566.9079084828427
30.00000000000016 566.9079084824333
30.10000000000016 566.9079084820238
30.20000000000016 566.9079084816144
30.30000000000016 566.907908481205
30.40000000000016 566.9079084807955
30.50000000000016 566.9079084803861
30.60000000000016 566.9079084799768
30.70000000000017 566.9079084795673
30.80000000000017 566.9079084791579
30.90000000000017 566.9079084787484
31.00000000000017 566.907908478339
31.10000000000017 566.9079084779296
31.20000000000017 566.9079084775201
31.30000000000017 566.9079084771107
31.40000000000018 566.9079084767012
31.50000000000018 566.9079084762918
31.60000000000018 566.9079084758824
31.70000000000018 566.9079084754729
31.80000000000018 566.9079084750636
31.90000000000018 566.9079084746541
32.00000000000018 566.9079084742447
32.10000000000019 566.9079084738353
32.20000000000019 566.9079084734258
32.30000000000019 566.9079084730164
32.40000000000019 566.9079084726069
32.50000000000019 566.9079084721975
32.60000000000019 566.9079084717881
32.70000000000019 566.9079084713786
32.8000000000002 566.9079084709692
32.9000000000002 566.9079084705597
33.0000000000002 566.9079084701503
33.1000000000002 566.907908469741
33.2000000000002 566.9079084693315
33.3000000000002 566.9079084689221
33.4000000000002 566.9079084685126
33.50000000000021 566.9079084681032
33.60000000000021 566.9079084676938
33.70000000000021 566.9079084672843
33.80000000000021 566.9079084668749
33.90000000000021 566.9079084664655
34.00000000000021 566.907908466056
34.10000000000021 566.9079084656466
34.20000000000022 566.9079084652371
34.30000000000022 566.9079084648278
34.40000000000022 566.9079084644184
34.50000000000022 566.9079084640089
34.60000000000022 566.9079084635995
34.70000000000022 566.90790846319
34.80000000000022 566.9079084627806
34.90000000000023 566.9079084623712
35.00000000000023 566.9079084619617
35.10000000000023 566.9079084615523
35.20000000000023 566.9079084611428
35.30000000000023 566.9079084607334
35.40000000000023 566.9079084603241
35.50000000000023 566.9079084599146
35.60000000000024 566.9079084595052
35.70000000000024 566.9079084590957
35.80000000000024 566.9079084586863
35.90000000000024 566.9079084582769
36.00000000000024 566.9079084578674
36.10000000000024 566.907908457458
36.20000000000024 566.9079084570485
36.30000000000025 566.9079084566391
36.40000000000025 566.9079084562297
36.50000000000025 566.9079084558202
36.60000000000025 566.9079084554108
36.70000000000025 566.9079084550015
36.80000000000025 566.907908454592
36.90000000000025 566.9079084541826
37.00000000000026 566.9079084537731
37.10000000000026 566.9079084533637
37.20000000000026 566.9079084529543
37.30000000000026 566.9079084525448
37.40000000000026 566.9079084521354
37.50000000000026 566.9079084517259
37.60000000000026 566.9079084513165
37.70000000000027 566.9079084509071
37.80000000000027 566.9079084504976
37.90000000000027 566.9079084500883
38.00000000000027 566.9079084496788
38.10000000000027 566.9079084492694
38.20000000000027 566.90790844886
38.30000000000027 566.9079084484505
38.40000000000028 566.9079084480411
38.50000000000028 566.9079084476316
38.60000000000028 566.9079084472222
38.70000000000028 566.9079084468128
38.80000000000028 566.9079084464033
38.90000000000028 566.9079084459939
39.00000000000028 566.9079084455844
39.10000000000029 566.9079084451751
39.20000000000029 566.9079084447657
39.30000000000029 566.9079084443562
39.40000000000029 566.9079084439468
39.50000000000029 566.9079084435374
39.60000000000029 566.9079084431279
39.70000000000029 566.9079084427185
39.8000000000003 566.907908442309
39.9000000000003 566.9079084418996
40.0000000000003 566.9079084414902
40.1000000000003 566.9079084410807
40.2000000000003 566.9079084406713
40.3000000000003 566.9079084402618
40.4000000000003 566.9079084398525
40.50000000000031 566.9079084395062
40.60000000000031 566.9079084395048
40.70000000000031 566.9079084395036
40.80000000000031 566.9079084395023
40.90000000000031 566.9079084395011
41.00000000000031 566.9079084394998
41.10000000000031 566.9079084394986
41.20000000000032 566.9079084394973
41.30000000000032 566.9079084394961
41.40000000000032 566.9079084394948
41.50000000000032 566.9079084394936
41.60000000000032 566.9079084394923
41.70000000000032 566.9079084394909
41.80000000000032 566.9079084394897
41.90000000000033 566.9079084394884
42.00000000000033 566.9079084394872
42.10000000000033 566.9079084394859
42.20000000000033 566.9079084394847
42.30000000000033 566.9079084394834
42.40000000000033 566.9079084394822
42.50000000000033 566.9079084394809
42.60000000000034 566.9079084394797
42.70000000000034 566.9079084394784
42.80000000000034 566.9079084394772
42.90000000000034 566.9079084394758
43.00000000000034 566.9079084394746
43.10000000000034 566.9079084394733
43.20000000000034 566.9079084394721
43.30000000000035 566.9079084394708
43.40000000000035 566.9079084394696
43.50000000000035 566.9079084394683
43.60000000000035 566.9079084394671
43.70000000000035 566.9079084394658
43.80000000000035 566.9079084394646
43.90000000000035 566.9079084394633
44.00000000000036 566.9079084394619
44.10000000000036 566.9079084394607
44.20000000000036 566.9079084394594
44.30000000000036 566.9079084394582
44.40000000000036 566.9079084394569
44.50000000000036 566.9079084394557
44.60000000000036 566.9079084394544
44.70000000000037 566.9079084394532
44.80000000000037 566.9079084394519
44.90000000000037 566.9079084394507
45.00000000000037 566.9079084394494
45.10000000000037 566.9079084394481
45.20000000000037 566.9079084394468
45.30000000000037 566.9079084394456
45.40000000000038 566.9079084394443
45.50000000000038 566.9079084394431
45.60000000000038 566.9079084394418
45.70000000000038 566.9079084394406
45.80000000000038 566.9079084394393
45.90000000000038 566.9079084394381
46.00000000000038 566.9079084394368
46.10000000000039 566.9079084394356
46.20000000000039 566.9079084394343
46.30000000000039 566.907908439433
46.40000000000039 566.9079084394317
46.50000000000039 566.9079084394305
46.60000000000039 566.9079084394292
46.70000000000039 566.907908439428
46.8000000000004 566.9079084394267
46.9000000000004 566.9079084394255
47.0000000000004 566.9079084394242
47.1000000000004 566.907908439423
47.2000000000004 566.9079084394217
47.3000000000004 566.9079084394205
47.4000000000004 566.9079084394191
47.50000000000041 566.9079084394178
47.60000000000041 566.9079084394166
47.70000000000041 566.9079084394153
47.80000000000041 566.9079084394141
47.90000000000041 566.9079084394128
48.00000000000041 566.9079084394116
48.10000000000041 566.9079084394103
48.20000000000041 566.9079084394091
48.30000000000042 566.9079084394078
48.40000000000042 566.9079084394066
48.50000000000042 566.9079084394053
48.60000000000042 566.907908439404
48.70000000000042 566.9079084394027
48.80000000000042 566.9079084394015
48.90000000000042 566.9079084394002
49.00000000000043 566.907908439399
49.10000000000043 566.9079084393977
49.20000000000043 566.9079084393965
49.30000000000043 566.9079084393952
49.40000000000043 566.907908439394
49.50000000000043 566.9079084393927
49.60000000000043 566.9079084393915
49.70000000000044 566.9079084393901
49.80000000000044 566.9079084393888
49.90000000000044 566.9079084393876