Time X1
0 250
0.1 -51.17391977348271
0.2 -51.17391977338614
0.3 -51.17391977328956
0.4 -51.17391977328732
0.5 -51.173919773287
0.6 -51.17391977328689
0.7 -51.17391977328689
0.7999999999999999 -51.17391977328689
0.8999999999999999 -51.17391977328689
0.9999999999999999 -51.17391977328689
1.1 -51.17391977328689
1.2 -51.17391977328689
1.3 -51.17391977328689
1.4 -51.17391977328689
1.5 -51.17391977328689
1.6 -51.17391977328689
1.7 -51.17391977328689
1.8 -51.17391977328689
1.900000000000001 -51.17391977328689
2 -51.17391977328689
2.100000000000001 -51.17391977328689
2.200000000000001 -51.17391977328689
2.300000000000001 -51.17391977328689
2.400000000000001 -51.17391977328689
2.500000000000001 -51.17391977328689
2.600000000000001 -51.17391977328689
2.700000000000001 -51.17391977328689
2.800000000000001 -51.17391977328689
2.900000000000001 -51.17391977328689
3.000000000000001 -51.17391977328689
3.100000000000001 -51.17391977328689
3.200000000000002 -51.17391977328689
3.300000000000002 -51.17391977328689
3.400000000000002 -51.17391977328689
3.500000000000002 -51.17391977328689
3.600000000000002 -51.17391977328689
3.700000000000002 -51.17391977328689
3.800000000000002 -51.17391977328689
3.900000000000002 -51.17391977328689
4.000000000000002 -51.17391977328689
4.100000000000001 -51.17391977328689
4.200000000000001 -51.17391977328689
4.300000000000001 -51.17391977328689
4.4 -51.17391977328689
4.5 -51.17391977328689
4.6 -51.17391977328689
4.699999999999999 -51.17391977328689
4.799999999999999 -51.17391977328689
4.899999999999999 -51.17391977328689
4.999999999999998 -51.17391977328689
5.099999999999998 -51.17391977328689
5.199999999999998 -51.17391977328688
5.299999999999997 -51.17391977328688
5.399999999999997 -51.17391977328688
5.499999999999996 -51.17391977328688
5.599999999999996 -51.17391977328688
5.699999999999996 -51.17391977328688
5.799999999999995 -51.17391977328688
5.899999999999995 -51.17391977328688
5.999999999999995 -51.17391977328688
6.099999999999994 -51.17391977328688
6.199999999999994 -51.17391977328688
6.299999999999994 -51.17391977328688
6.399999999999993 -51.17391977328688
6.499999999999993 -51.17391977328688
6.599999999999993 -51.17391977328688
6.699999999999992 -51.17391977328688
6.799999999999992 -51.17391977328688
6.899999999999991 -51.17391977328688
6.999999999999991 -51.17391977328688
7.099999999999991 -51.17391977328688
7.19999999999999 -51.17391977328688
7.29999999999999 -51.17391977328688
7.39999999999999 -51.17391977328688
7.499999999999989 -51.17391977328688
7.599999999999989 -51.17391977328688
7.699999999999989 -51.17391977328688
7.799999999999988 -51.17391977328688
7.899999999999988 -51.17391977328688
7.999999999999988 -51.17391977328688
8.099999999999987 -51.17391977328688
8.199999999999987 -51.17391977328688
8.299999999999986 -51.17391977328688
8.399999999999986 -51.17391977328688
8.499999999999986 -51.17391977328688
8.599999999999985 -51.17391977328688
8.699999999999985 -51.17391977328688
8.799999999999985 -51.17391977328688
8.899999999999984 -51.17391977328688
8.999999999999984 -51.17391977328688
9.099999999999984 -51.17391977328688
9.199999999999983 -51.17391977328688
9.299999999999983 -51.17391977328688
9.399999999999983 -51.17391977328688
9.499999999999982 -51.17391977328688
9.599999999999982 -51.17391977328688
9.699999999999982 -51.17391977328688
9.799999999999981 -51.17391977328688
9.899999999999981 -51.17391977328688
9.99999999999998 -51.17391977328688
10.09999999999998 -51.17391977328688
10.19999999999998 -51.17391977328688
10.29999999999998 -51.17391977328688
10.39999999999998 -51.17391977328688
10.49999999999998 -51.17391977328688
10.59999999999998 -51.17391977328688
10.69999999999998 -51.17391977328688
10.79999999999998 -51.17391977328688
10.89999999999998 -51.17391977328688
10.99999999999998 -51.17391977328688
11.09999999999998 -51.17391977328688
11.19999999999998 -51.17391977328688
11.29999999999998 -51.17391977328688
11.39999999999998 -51.17391977328688
11.49999999999998 -51.17391977328688
11.59999999999997 -51.17391977328688
11.69999999999997 -51.17391977328688
11.79999999999997 -51.17391977328688
11.89999999999997 -51.17391977328688
11.99999999999997 -51.17391977328688
12.09999999999997 -51.17391977328688
12.19999999999997 -51.17391977328688
12.29999999999997 -51.17391977328688
12.39999999999997 -51.17391977328688
12.49999999999997 -51.17391977328688
12.59999999999997 -51.17391977328688
12.69999999999997 -51.17391977328688
12.79999999999997 -51.17391977328688
12.89999999999997 -51.17391977328688
12.99999999999997 -51.17391977328688
13.09999999999997 -51.17391977328688
13.19999999999997 -51.17391977328688
13.29999999999997 -51.17391977328688
13.39999999999997 -51.17391977328688
13.49999999999997 -51.17391977328688
13.59999999999997 -51.17391977328688
13.69999999999997 -51.17391977328688
13.79999999999997 -51.17391977328688
13.89999999999997 -51.17391977328688
13.99999999999997 -51.17391977328688
14.09999999999997 -51.17391977328688
14.19999999999997 -51.17391977328688
14.29999999999997 -51.17391977328688
14.39999999999996 -51.17391977328688
14.49999999999996 -51.17391977328688
14.59999999999996 -51.17391977328688
14.69999999999996 -51.17391977328688
14.79999999999996 -51.17391977328688
14.89999999999996 -51.17391977328688
14.99999999999996 -51.17391977328688
15.09999999999996 -51.17391977328688
15.19999999999996 -51.17391977328688
15.29999999999996 -51.17391977328688
15.39999999999996 -51.17391977328688
15.49999999999996 -51.17391977328688
15.59999999999996 -51.17391977328688
15.69999999999996 -51.17391977328688
15.79999999999996 -51.17391977328688
15.89999999999996 -51.17391977328688
15.99999999999996 -51.17391977328688
16.09999999999996 -51.17391977328688
16.19999999999996 -51.17391977328688
16.29999999999996 -51.17391977328688
16.39999999999996 -51.17391977328688
16.49999999999996 -51.17391977328688
16.59999999999997 -51.17391977328688
16.69999999999997 -51.17391977328688
16.79999999999997 -51.17391977328688
16.89999999999997 -51.17391977328688
16.99999999999997 -51.17391977328688
17.09999999999997 -51.17391977328688
17.19999999999997 -51.17391977328688
17.29999999999998 -51.17391977328688
17.39999999999998 -51.17391977328688
17.49999999999998 -51.17391977328688
17.59999999999998 -51.17391977328688
17.69999999999998 -51.17391977328688
17.79999999999998 -51.17391977328688
17.89999999999998 -51.17391977328688
17.99999999999999 -51.17391977328688
18.09999999999999 -51.17391977328688
18.19999999999999 -51.17391977328688
18.29999999999999 -51.17391977328688
18.39999999999999 -51.17391977328688
18.49999999999999 -51.17391977328688
18.59999999999999 -51.17391977328688
18.7 -51.17391977328688
18.8 -51.17391977328688
18.9 -51.17391977328688
19 -51.17391977328688
19.1 -51.17391977328688
19.2 -51.17391977328688
19.3 -51.17391977328688
19.40000000000001 -51.17391977328688
19.50000000000001 -51.17391977328688
19.60000000000001 -51.17391977328688
19.70000000000001 -51.17391977328688
19.80000000000001 -51.17391977328688
19.90000000000001 -51.17391977328688
20.00000000000001 -51.17391977328688
20.10000000000002 -51.17391977328688
20.20000000000002 -51.17391977328688
20.30000000000002 -51.17391977328688
20.40000000000002 -51.17391977328688
20.50000000000002 -51.17391977328688
20.60000000000002 -51.17391977328688
20.70000000000002 -51.17391977328688
20.80000000000003 -51.17391977328688
20.90000000000003 -51.17391977328688
21.00000000000003 -51.17391977328688
21.10000000000003 -51.17391977328688
21.20000000000003 -51.17391977328688
21.30000000000003 -51.17391977328688
21.40000000000003 -51.17391977328688
21.50000000000004 -51.17391977328688
21.60000000000004 -51.17391977328688
21.70000000000004 -51.17391977328688
21.80000000000004 -51.17391977328688
21.90000000000004 -51.17391977328688
22.00000000000004 -51.17391977328688
22.10000000000004 -51.17391977328688
22.20000000000005 -51.17391977328688
22.30000000000005 -51.17391977328688
22.40000000000005 -51.17391977328688
22.50000000000005 -51.17391977328688
22.60000000000005 -51.17391977328688
22.70000000000005 -51.17391977328688
22.80000000000005 -51.17391977328688
22.90000000000006 -51.17391977328688
23.00000000000006 -51.17391977328688
23.10000000000006 -51.17391977328688
23.20000000000006 -51.17391977328688
23.30000000000006 -51.17391977328688
23.40000000000006 -51.17391977328688
23.50000000000006 -51.17391977328688
23.60000000000007 -51.17391977328688
23.70000000000007 -51.17391977328688
23.80000000000007 -51.17391977328688
23.90000000000007 -51.17391977328688
24.00000000000007 -51.17391977328688
24.10000000000007 -51.17391977328688
24.20000000000007 -51.17391977328688
24.30000000000008 -51.17391977328688
24.40000000000008 -51.17391977328688
24.50000000000008 -51.17391977328688
24.60000000000008 -51.17391977328688
24.70000000000008 -51.17391977328688
24.80000000000008 -51.17391977328688
24.90000000000008 -51.17391977328688
25.00000000000009 -51.17391977328688
25.10000000000009 -51.17391977328688
25.20000000000009 -51.17391977328688
25.30000000000009 -51.17391977328688
25.40000000000009 -51.17391977328688
25.50000000000009 -51.17391977328688
25.60000000000009 -51.17391977328688
25.7000000000001 -51.17391977328688
25.8000000000001 -51.17391977328688
25.9000000000001 -51.17391977328688
26.0000000000001 -51.17391977328688
26.1000000000001 -51.17391977328688
26.2000000000001 -51.17391977328688
26.3000000000001 -51.17391977328688
26.40000000000011 -51.17391977328688
26.50000000000011 -51.17391977328688
26.60000000000011 -51.17391977328688
26.70000000000011 -51.17391977328688
26.80000000000011 -51.17391977328688
26.90000000000011 -51.17391977328688
27.00000000000011 -51.17391977328688
27.10000000000012 -51.17391977328688
27.20000000000012 -51.17391977328688
27.30000000000012 -51.17391977328688
27.40000000000012 -51.17391977328688
27.50000000000012 -51.17391977328688
27.60000000000012 -51.17391977328688
27.70000000000012 -51.17391977328688
27.80000000000013 -51.17391977328688
27.90000000000013 -51.17391977328688
28.00000000000013 -51.17391977328688
28.10000000000013 -51.17391977328688
28.20000000000013 -51.17391977328688
28.30000000000013 -51.17391977328688
28.40000000000013 -51.17391977328688
28.50000000000014 -51.17391977328688
28.60000000000014 -51.17391977328688
28.70000000000014 -51.17391977328688
28.80000000000014 -51.17391977328688
28.90000000000014 -51.17391977328688
29.00000000000014 -51.17391977328688
29.10000000000014 -51.17391977328688
29.20000000000014 -51.17391977328688
29.30000000000015 -51.17391977328688
29.40000000000015 -51.17391977328688
29.50000000000015 -51.17391977328688
29.60000000000015 -51.17391977328688
29.70000000000015 -51.17391977328688
29.80000000000015 -51.17391977328688
29.90000000000015 -51.17391977328688
30.00000000000016 -51.17391977328688
30.10000000000016 -51.17391977328688
30.20000000000016 -51.17391977328688
30.30000000000016 -51.17391977328688
30.40000000000016 -51.17391977328688
30.50000000000016 -51.17391977328688
30.60000000000016 -51.17391977328688
30.70000000000017 -51.17391977328688
30.80000000000017 -51.17391977328688
30.90000000000017 -51.17391977328688
31.00000000000017 -51.17391977328688
31.10000000000017 -51.17391977328688
31.20000000000017 -51.17391977328688
31.30000000000017 -51.17391977328688
31.40000000000018 -51.17391977328688
31.50000000000018 -51.17391977328688
31.60000000000018 -51.17391977328688
31.70000000000018 -51.17391977328688
31.80000000000018 -51.17391977328688
31.90000000000018 -51.17391977328688
32.00000000000018 -51.17391977328689
32.10000000000019 -51.17391977328689
32.20000000000019 -51.17391977328689
32.30000000000019 -51.17391977328689
32.40000000000019 -51.17391977328689
32.50000000000019 -51.17391977328689
32.60000000000019 -51.17391977328689
32.70000000000019 -51.17391977328689
32.8000000000002 -51.17391977328689
32.9000000000002 -51.17391977328689
33.0000000000002 -51.17391977328689
33.1000000000002 -51.17391977328689
33.2000000000002 -51.17391977328689
33.3000000000002 -51.17391977328689
33.4000000000002 -51.17391977328689
33.50000000000021 -51.17391977328689
33.60000000000021 -51.17391977328689
33.70000000000021 -51.17391977328689
33.80000000000021 -51.17391977328689
33.90000000000021 -51.17391977328689
34.00000000000021 -51.17391977328689
34.10000000000021 -51.17391977328689
34.20000000000022 -51.17391977328689
34.30000000000022 -51.17391977328689
34.40000000000022 -51.17391977328689
34.50000000000022 -51.17391977328689
34.60000000000022 -51.17391977328689
34.70000000000022 -51.17391977328689
34.80000000000022 -51.17391977328689
34.90000000000023 -51.17391977328689
35.00000000000023 -51.17391977328689
35.10000000000023 -51.17391977328689
35.20000000000023 -51.17391977328689
35.30000000000023 -51.17391977328689
35.40000000000023 -51.17391977328689
35.50000000000023 -51.17391977328689
35.60000000000024 -51.17391977328689
35.70000000000024 -51.17391977328689
35.80000000000024 -51.17391977328689
35.90000000000024 -51.17391977328689
36.00000000000024 -51.17391977328689
36.10000000000024 -51.17391977328689
36.20000000000024 -51.17391977328689
36.30000000000025 -51.17391977328689
36.40000000000025 -51.17391977328689
36.50000000000025 -51.17391977328689
36.60000000000025 -51.17391977328689
36.70000000000025 -51.17391977328689
36.80000000000025 -51.17391977328689
36.90000000000025 -51.17391977328689
37.00000000000026 -51.17391977328689
37.10000000000026 -51.17391977328689
37.20000000000026 -51.17391977328689
37.30000000000026 -51.17391977328689
37.40000000000026 -51.17391977328689
37.50000000000026 -51.17391977328689
37.60000000000026 -51.17391977328689
37.70000000000027 -51.17391977328689
37.80000000000027 -51.17391977328689
37.90000000000027 -51.17391977328689
38.00000000000027 -51.17391977328689
38.10000000000027 -51.17391977328689
38.20000000000027 -51.17391977328689
38.30000000000027 -51.17391977328689
38.40000000000028 -51.17391977328689
38.50000000000028 -51.17391977328689
38.60000000000028 -51.17391977328689
38.70000000000028 -51.17391977328689
38.80000000000028 -51.17391977328689
38.90000000000028 -51.17391977328689
39.00000000000028 -51.17391977328689
39.10000000000029 -51.17391977328689
39.20000000000029 -51.17391977328689
39.30000000000029 -51.17391977328689
39.40000000000029 -51.17391977328689
39.50000000000029 -51.17391977328689
39.60000000000029 -51.17391977328689
39.70000000000029 -51.17391977328689
39.8000000000003 -51.17391977328689
39.9000000000003 -51.17391977328689
40.0000000000003 -51.17391977328689
40.1000000000003 -51.17391977328689
40.2000000000003 -51.17391977328689
40.3000000000003 -51.17391977328689
40.4000000000003 -51.17391977328689
40.50000000000031 -51.17391977328689
40.60000000000031 -51.17391977328689
40.70000000000031 -51.17391977328689
40.80000000000031 -51.17391977328689
40.90000000000031 -51.17391977328689
41.00000000000031 -51.17391977328689
41.10000000000031 -51.17391977328689
41.20000000000032 -51.17391977328689
41.30000000000032 -51.17391977328689
41.40000000000032 -51.17391977328689
41.50000000000032 -51.17391977328689
41.60000000000032 -51.17391977328689
41.70000000000032 -51.17391977328689
41.80000000000032 -51.17391977328689
41.90000000000033 -51.17391977328689
42.00000000000033 -51.17391977328689
42.10000000000033 -51.17391977328689
42.20000000000033 -51.17391977328689
42.30000000000033 -51.17391977328689
42.40000000000033 -51.17391977328689
42.50000000000033 -51.17391977328689
42.60000000000034 -51.17391977328689
42.70000000000034 -51.17391977328689
42.80000000000034 -51.17391977328689
42.90000000000034 -51.17391977328689
43.00000000000034 -51.17391977328689
43.10000000000034 -51.17391977328689
43.20000000000034 -51.17391977328689
43.30000000000035 -51.17391977328689
43.40000000000035 -51.17391977328689
43.50000000000035 -51.17391977328689
43.60000000000035 -51.17391977328689
43.70000000000035 -51.17391977328689
43.80000000000035 -51.17391977328689
43.90000000000035 -51.17391977328689
44.00000000000036 -51.17391977328689
44.10000000000036 -51.17391977328689
44.20000000000036 -51.17391977328689
44.30000000000036 -51.17391977328689
44.40000000000036 -51.17391977328689
44.50000000000036 -51.17391977328689
44.60000000000036 -51.17391977328689
44.70000000000037 -51.17391977328689
44.80000000000037 -51.17391977328689
44.90000000000037 -51.17391977328689
45.00000000000037 -51.17391977328689
45.10000000000037 -51.17391977328689
45.20000000000037 -51.17391977328689
45.30000000000037 -51.17391977328689
45.40000000000038 -51.17391977328689
45.50000000000038 -51.17391977328689
45.60000000000038 -51.17391977328689
45.70000000000038 -51.17391977328689
45.80000000000038 -51.17391977328689
45.90000000000038 -51.17391977328689
46.00000000000038 -51.17391977328689
46.10000000000039 -51.17391977328689
46.20000000000039 -51.17391977328689
46.30000000000039 -51.17391977328689
46.40000000000039 -51.17391977328689
46.50000000000039 -51.17391977328689
46.60000000000039 -51.17391977328689
46.70000000000039 -51.17391977328689
46.8000000000004 -51.17391977328689
46.9000000000004 -51.17391977328689
47.0000000000004 -51.17391977328689
47.1000000000004 -51.17391977328689
47.2000000000004 -51.17391977328689
47.3000000000004 -51.17391977328689
47.4000000000004 -51.17391977328689
47.50000000000041 -51.17391977328689
47.60000000000041 -51.17391977328689
47.70000000000041 -51.17391977328689
47.80000000000041 -51.17391977328689
47.90000000000041 -51.17391977328689
48.00000000000041 -51.17391977328689
48.10000000000041 -51.17391977328689
48.20000000000041 -51.17391977328689
48.30000000000042 -51.17391977328689
48.40000000000042 -51.17391977328689
48.50000000000042 -51.17391977328689
48.60000000000042 -51.17391977328689
48.70000000000042 -51.17391977328689
48.80000000000042 -51.17391977328689
48.90000000000042 -51.17391977328689
49.00000000000043 -51.17391977328689
49.10000000000043 -51.17391977328689
49.20000000000043 -51.17391977328689
49.30000000000043 -51.17391977328689
49.40000000000043 -51.17391977328689
49.50000000000043 -51.17391977328689
49.60000000000043 -51.17391977328689
49.70000000000044 -51.17391977328689
49.80000000000044 -51.17391977328689
49.90000000000044 -51.17391977328689