Time X1
0 250
0.1 91.93459933555349
0.2 91.93459933570162
0.3 91.93459933570227
0.4 91.93459933570229
0.5 91.93459933570229
0.6 91.93459933570229
0.7 91.93459933570229
0.7999999999999999 91.93459933570229
0.8999999999999999 91.93459933570229
0.9999999999999999 91.93459933570229
1.1 91.93459933570229
1.2 91.93459933570229
1.3 91.93459933570229
1.4 91.93459933570229
1.5 91.93459933570229
1.6 91.9345993357023
1.7 91.9345993357023
1.8 91.9345993357023
1.900000000000001 91.9345993357023
2 91.9345993357023
2.100000000000001 91.9345993357023
2.200000000000001 91.9345993357023
2.300000000000001 91.9345993357023
2.400000000000001 91.9345993357023
2.500000000000001 91.9345993357023
2.600000000000001 91.9345993357023
2.700000000000001 91.9345993357023
2.800000000000001 91.9345993357023
2.900000000000001 91.9345993357023
3.000000000000001 91.9345993357023
3.100000000000001 91.9345993357023
3.200000000000002 91.9345993357023
3.300000000000002 91.9345993357023
3.400000000000002 91.9345993357023
3.500000000000002 91.9345993357023
3.600000000000002 91.9345993357023
3.700000000000002 91.9345993357023
3.800000000000002 91.9345993357023
3.900000000000002 91.9345993357023
4.000000000000002 91.9345993357023
4.100000000000001 91.9345993357023
4.200000000000001 91.9345993357023
4.300000000000001 91.9345993357023
4.4 91.9345993357023
4.5 91.9345993357023
4.6 91.9345993357023
4.699999999999999 91.9345993357023
4.799999999999999 91.9345993357023
4.899999999999999 91.9345993357023
4.999999999999998 91.9345993357023
5.099999999999998 91.9345993357023
5.199999999999998 91.93459933570229
5.299999999999997 91.93459933570229
5.399999999999997 91.93459933570229
5.499999999999996 91.93459933570229
5.599999999999996 91.93459933570229
5.699999999999996 91.93459933570229
5.799999999999995 91.93459933570229
5.899999999999995 91.93459933570229
5.999999999999995 91.93459933570229
6.099999999999994 91.93459933570229
6.199999999999994 91.93459933570229
6.299999999999994 91.93459933570229
6.399999999999993 91.93459933570229
6.499999999999993 91.93459933570229
6.599999999999993 91.93459933570229
6.699999999999992 91.93459933570229
6.799999999999992 91.93459933570229
6.899999999999991 91.93459933570229
6.999999999999991 91.93459933570229
7.099999999999991 91.93459933570229
7.19999999999999 91.93459933570229
7.29999999999999 91.93459933570229
7.39999999999999 91.93459933570229
7.499999999999989 91.93459933570229
7.599999999999989 91.93459933570229
7.699999999999989 91.93459933570229
7.799999999999988 91.93459933570229
7.899999999999988 91.93459933570229
7.999999999999988 91.93459933570229
8.099999999999987 91.93459933570229
8.199999999999987 91.93459933570229
8.299999999999986 91.93459933570229
8.399999999999986 91.93459933570229
8.499999999999986 91.93459933570229
8.599999999999985 91.93459933570229
8.699999999999985 91.93459933570229
8.799999999999985 91.93459933570229
8.899999999999984 91.93459933570229
8.999999999999984 91.93459933570229
9.099999999999984 91.93459933570229
9.199999999999983 91.93459933570229
9.299999999999983 91.93459933570229
9.399999999999983 91.93459933570229
9.499999999999982 91.93459933570229
9.599999999999982 91.93459933570229
9.699999999999982 91.93459933570229
9.799999999999981 91.93459933570229
9.899999999999981 91.93459933570229
9.99999999999998 91.93459933570229
10.09999999999998 91.93459933570229
10.19999999999998 91.93459933570229
10.29999999999998 91.93459933570229
10.39999999999998 91.93459933570229
10.49999999999998 91.93459933570229
10.59999999999998 91.93459933570229
10.69999999999998 91.93459933570229
10.79999999999998 91.93459933570229
10.89999999999998 91.93459933570229
10.99999999999998 91.93459933570229
11.09999999999998 91.93459933570229
11.19999999999998 91.93459933570229
11.29999999999998 91.93459933570229
11.39999999999998 91.93459933570229
11.49999999999998 91.93459933570229
11.59999999999997 91.93459933570229
11.69999999999997 91.93459933570229
11.79999999999997 91.93459933570229
11.89999999999997 91.93459933570229
11.99999999999997 91.93459933570229
12.09999999999997 91.93459933570229
12.19999999999997 91.93459933570229
12.29999999999997 91.93459933570229
12.39999999999997 91.93459933570229
12.49999999999997 91.93459933570229
12.59999999999997 91.93459933570229
12.69999999999997 91.93459933570229
12.79999999999997 91.93459933570229
12.89999999999997 91.93459933570229
12.99999999999997 91.93459933570229
13.09999999999997 91.93459933570229
13.19999999999997 91.93459933570229
13.29999999999997 91.93459933570229
13.39999999999997 91.93459933570229
13.49999999999997 91.93459933570229
13.59999999999997 91.93459933570229
13.69999999999997 91.93459933570229
13.79999999999997 91.93459933570229
13.89999999999997 91.93459933570229
13.99999999999997 91.93459933570229
14.09999999999997 91.93459933570229
14.19999999999997 91.93459933570229
14.29999999999997 91.93459933570229
14.39999999999996 91.93459933570229
14.49999999999996 91.93459933570229
14.59999999999996 91.93459933570229
14.69999999999996 91.93459933570229
14.79999999999996 91.93459933570229
14.89999999999996 91.93459933570229
14.99999999999996 91.93459933570229
15.09999999999996 91.93459933570229
15.19999999999996 91.93459933570229
15.29999999999996 91.93459933570229
15.39999999999996 91.93459933570229
15.49999999999996 91.93459933570229
15.59999999999996 91.93459933570229
15.69999999999996 91.93459933570229
15.79999999999996 91.93459933570229
15.89999999999996 91.93459933570229
15.99999999999996 91.93459933570229
16.09999999999996 91.93459933570229
16.19999999999996 91.93459933570229
16.29999999999996 91.93459933570229
16.39999999999996 91.93459933570229
16.49999999999996 91.93459933570229
16.59999999999997 91.93459933570229
16.69999999999997 91.93459933570229
16.79999999999997 91.93459933570229
16.89999999999997 91.93459933570229
16.99999999999997 91.93459933570229
17.09999999999997 91.93459933570229
17.19999999999997 91.93459933570229
17.29999999999998 91.93459933570229
17.39999999999998 91.93459933570229
17.49999999999998 91.93459933570229
17.59999999999998 91.93459933570229
17.69999999999998 91.93459933570229
17.79999999999998 91.93459933570229
17.89999999999998 91.93459933570229
17.99999999999999 91.93459933570229
18.09999999999999 91.93459933570229
18.19999999999999 91.93459933570229
18.29999999999999 91.93459933570229
18.39999999999999 91.93459933570229
18.49999999999999 91.93459933570229
18.59999999999999 91.93459933570229
18.7 91.93459933570229
18.8 91.93459933570229
18.9 91.93459933570229
19 91.93459933570229
19.1 91.93459933570229
19.2 91.93459933570229
19.3 91.93459933570229
19.40000000000001 91.93459933570229
19.50000000000001 91.93459933570229
19.60000000000001 91.93459933570229
19.70000000000001 91.93459933570229
19.80000000000001 91.93459933570229
19.90000000000001 91.93459933570229
20.00000000000001 91.93459933570229
20.10000000000002 91.93459933570229
20.20000000000002 91.93459933570229
20.30000000000002 91.93459933570229
20.40000000000002 91.93459933570229
20.50000000000002 91.93459933570229
20.60000000000002 91.93459933570229
20.70000000000002 91.93459933570229
20.80000000000003 91.93459933570229
20.90000000000003 91.93459933570229
21.00000000000003 91.93459933570229
21.10000000000003 91.93459933570229
21.20000000000003 91.93459933570229
21.30000000000003 91.93459933570229
21.40000000000003 91.93459933570229
21.50000000000004 91.9345993357023
21.60000000000004 91.9345993357023
21.70000000000004 91.9345993357023
21.80000000000004 91.9345993357023
21.90000000000004 91.9345993357023
22.00000000000004 91.9345993357023
22.10000000000004 91.9345993357023
22.20000000000005 91.9345993357023
22.30000000000005 91.9345993357023
22.40000000000005 91.9345993357023
22.50000000000005 91.9345993357023
22.60000000000005 91.9345993357023
22.70000000000005 91.9345993357023
22.80000000000005 91.9345993357023
22.90000000000006 91.9345993357023
23.00000000000006 91.9345993357023
23.10000000000006 91.9345993357023
23.20000000000006 91.9345993357023
23.30000000000006 91.9345993357023
23.40000000000006 91.9345993357023
23.50000000000006 91.9345993357023
23.60000000000007 91.9345993357023
23.70000000000007 91.9345993357023
23.80000000000007 91.9345993357023
23.90000000000007 91.9345993357023
24.00000000000007 91.9345993357023
24.10000000000007 91.9345993357023
24.20000000000007 91.9345993357023
24.30000000000008 91.9345993357023
24.40000000000008 91.9345993357023
24.50000000000008 91.9345993357023
24.60000000000008 91.9345993357023
24.70000000000008 91.9345993357023
24.80000000000008 91.9345993357023
24.90000000000008 91.9345993357023
25.00000000000009 91.9345993357023
25.10000000000009 91.9345993357023
25.20000000000009 91.9345993357023
25.30000000000009 91.9345993357023
25.40000000000009 91.9345993357023
25.50000000000009 91.9345993357023
25.60000000000009 91.9345993357023
25.7000000000001 91.9345993357023
25.8000000000001 91.9345993357023
25.9000000000001 91.9345993357023
26.0000000000001 91.9345993357023
26.1000000000001 91.9345993357023
26.2000000000001 91.9345993357023
26.3000000000001 91.9345993357023
26.40000000000011 91.9345993357023
26.50000000000011 91.9345993357023
26.60000000000011 91.9345993357023
26.70000000000011 91.9345993357023
26.80000000000011 91.9345993357023
26.90000000000011 91.9345993357023
27.00000000000011 91.9345993357023
27.10000000000012 91.9345993357023
27.20000000000012 91.9345993357023
27.30000000000012 91.9345993357023
27.40000000000012 91.9345993357023
27.50000000000012 91.9345993357023
27.60000000000012 91.93459933570229
27.70000000000012 91.93459933570229
27.80000000000013 91.93459933570229
27.90000000000013 91.93459933570229
28.00000000000013 91.93459933570229
28.10000000000013 91.93459933570229
28.20000000000013 91.93459933570229
28.30000000000013 91.93459933570229
28.40000000000013 91.93459933570229
28.50000000000014 91.93459933570229
28.60000000000014 91.93459933570229
28.70000000000014 91.93459933570229
28.80000000000014 91.93459933570229
28.90000000000014 91.93459933570229
29.00000000000014 91.93459933570229
29.10000000000014 91.93459933570229
29.20000000000014 91.93459933570229
29.30000000000015 91.93459933570229
29.40000000000015 91.93459933570229
29.50000000000015 91.93459933570229
29.60000000000015 91.93459933570229
29.70000000000015 91.93459933570229
29.80000000000015 91.93459933570229
29.90000000000015 91.93459933570229
30.00000000000016 91.93459933570229
30.10000000000016 91.93459933570229
30.20000000000016 91.93459933570229
30.30000000000016 91.93459933570229
30.40000000000016 91.93459933570229
30.50000000000016 91.93459933570229
30.60000000000016 91.93459933570229
30.70000000000017 91.93459933570229
30.80000000000017 91.93459933570229
30.90000000000017 91.93459933570229
31.00000000000017 91.93459933570229
31.10000000000017 91.93459933570229
31.20000000000017 91.93459933570229
31.30000000000017 91.93459933570229
31.40000000000018 91.93459933570229
31.50000000000018 91.93459933570229
31.60000000000018 91.93459933570229
31.70000000000018 91.93459933570229
31.80000000000018 91.93459933570229
31.90000000000018 91.93459933570229
32.00000000000018 91.93459933570229
32.10000000000019 91.93459933570229
32.20000000000019 91.93459933570229
32.30000000000019 91.93459933570229
32.40000000000019 91.93459933570229
32.50000000000019 91.93459933570229
32.60000000000019 91.93459933570229
32.70000000000019 91.93459933570229
32.8000000000002 91.93459933570229
32.9000000000002 91.93459933570229
33.0000000000002 91.93459933570229
33.1000000000002 91.93459933570229
33.2000000000002 91.93459933570229
33.3000000000002 91.93459933570229
33.4000000000002 91.93459933570229
33.50000000000021 91.93459933570229
33.60000000000021 91.93459933570229
33.70000000000021 91.93459933570229
33.80000000000021 91.93459933570229
33.90000000000021 91.93459933570229
34.00000000000021 91.93459933570229
34.10000000000021 91.93459933570229
34.20000000000022 91.93459933570229
34.30000000000022 91.93459933570229
34.40000000000022 91.93459933570229
34.50000000000022 91.93459933570229
34.60000000000022 91.93459933570229
34.70000000000022 91.93459933570229
34.80000000000022 91.93459933570229
34.90000000000023 91.93459933570229
35.00000000000023 91.93459933570229
35.10000000000023 91.93459933570229
35.20000000000023 91.93459933570229
35.30000000000023 91.93459933570229
35.40000000000023 91.93459933570229
35.50000000000023 91.93459933570229
35.60000000000024 91.93459933570229
35.70000000000024 91.93459933570229
35.80000000000024 91.93459933570229
35.90000000000024 91.93459933570229
36.00000000000024 91.93459933570229
36.10000000000024 91.93459933570229
36.20000000000024 91.93459933570229
36.30000000000025 91.93459933570229
36.40000000000025 91.93459933570229
36.50000000000025 91.93459933570229
36.60000000000025 91.93459933570229
36.70000000000025 91.93459933570229
36.80000000000025 91.93459933570229
36.90000000000025 91.93459933570229
37.00000000000026 91.93459933570229
37.10000000000026 91.93459933570229
37.20000000000026 91.93459933570229
37.30000000000026 91.93459933570229
37.40000000000026 91.93459933570229
37.50000000000026 91.93459933570229
37.60000000000026 91.93459933570229
37.70000000000027 91.93459933570229
37.80000000000027 91.93459933570229
37.90000000000027 91.93459933570229
38.00000000000027 91.93459933570229
38.10000000000027 91.93459933570229
38.20000000000027 91.93459933570229
38.30000000000027 91.93459933570229
38.40000000000028 91.93459933570229
38.50000000000028 91.93459933570229
38.60000000000028 91.93459933570229
38.70000000000028 91.93459933570229
38.80000000000028 91.93459933570229
38.90000000000028 91.93459933570229
39.00000000000028 91.93459933570229
39.10000000000029 91.93459933570229
39.20000000000029 91.93459933570229
39.30000000000029 91.93459933570229
39.40000000000029 91.93459933570229
39.50000000000029 91.93459933570229
39.60000000000029 91.93459933570229
39.70000000000029 91.93459933570229
39.8000000000003 91.93459933570229
39.9000000000003 91.93459933570229
40.0000000000003 91.93459933570229
40.1000000000003 91.93459933570229
40.2000000000003 91.93459933570229
40.3000000000003 91.93459933570229
40.4000000000003 91.93459933570229
40.50000000000031 91.93459933570229
40.60000000000031 91.93459933570229
40.70000000000031 91.93459933570229
40.80000000000031 91.93459933570229
40.90000000000031 91.93459933570229
41.00000000000031 91.93459933570229
41.10000000000031 91.93459933570229
41.20000000000032 91.93459933570229
41.30000000000032 91.93459933570229
41.40000000000032 91.93459933570229
41.50000000000032 91.93459933570229
41.60000000000032 91.93459933570229
41.70000000000032 91.93459933570229
41.80000000000032 91.93459933570229
41.90000000000033 91.93459933570229
42.00000000000033 91.93459933570229
42.10000000000033 91.93459933570229
42.20000000000033 91.93459933570229
42.30000000000033 91.93459933570229
42.40000000000033 91.93459933570229
42.50000000000033 91.93459933570229
42.60000000000034 91.93459933570229
42.70000000000034 91.93459933570229
42.80000000000034 91.93459933570229
42.90000000000034 91.93459933570229
43.00000000000034 91.93459933570229
43.10000000000034 91.93459933570229
43.20000000000034 91.93459933570229
43.30000000000035 91.93459933570229
43.40000000000035 91.93459933570229
43.50000000000035 91.93459933570229
43.60000000000035 91.93459933570229
43.70000000000035 91.93459933570229
43.80000000000035 91.93459933570229
43.90000000000035 91.93459933570229
44.00000000000036 91.93459933570229
44.10000000000036 91.93459933570229
44.20000000000036 91.93459933570229
44.30000000000036 91.93459933570229
44.40000000000036 91.93459933570229
44.50000000000036 91.93459933570229
44.60000000000036 91.93459933570229
44.70000000000037 91.93459933570229
44.80000000000037 91.93459933570229
44.90000000000037 91.93459933570229
45.00000000000037 91.93459933570229
45.10000000000037 91.93459933570229
45.20000000000037 91.93459933570229
45.30000000000037 91.93459933570229
45.40000000000038 91.93459933570229
45.50000000000038 91.93459933570229
45.60000000000038 91.93459933570229
45.70000000000038 91.93459933570229
45.80000000000038 91.93459933570229
45.90000000000038 91.93459933570229
46.00000000000038 91.93459933570229
46.10000000000039 91.93459933570229
46.20000000000039 91.93459933570229
46.30000000000039 91.93459933570229
46.40000000000039 91.93459933570229
46.50000000000039 91.93459933570229
46.60000000000039 91.93459933570229
46.70000000000039 91.93459933570229
46.8000000000004 91.93459933570229
46.9000000000004 91.93459933570229
47.0000000000004 91.93459933570229
47.1000000000004 91.93459933570229
47.2000000000004 91.93459933570229
47.3000000000004 91.93459933570229
47.4000000000004 91.93459933570229
47.50000000000041 91.93459933570229
47.60000000000041 91.93459933570229
47.70000000000041 91.93459933570229
47.80000000000041 91.93459933570229
47.90000000000041 91.93459933570229
48.00000000000041 91.93459933570229
48.10000000000041 91.93459933570229
48.20000000000041 91.93459933570229
48.30000000000042 91.93459933570229
48.40000000000042 91.93459933570229
48.50000000000042 91.93459933570229
48.60000000000042 91.93459933570229
48.70000000000042 91.93459933570229
48.80000000000042 91.93459933570229
48.90000000000042 91.93459933570229
49.00000000000043 91.93459933570229
49.10000000000043 91.93459933570229
49.20000000000043 91.93459933570229
49.30000000000043 91.93459933570229
49.40000000000043 91.93459933570229
49.50000000000043 91.93459933570229
49.60000000000043 91.93459933570229
49.70000000000044 91.93459933570229
49.80000000000044 91.93459933570229
49.90000000000044 91.93459933570229