Time X1
0 250
0.1 646.395800044906
0.2 646.3958000440773
0.3 646.3958000432932
0.4 646.3958000432906
0.5 646.3958000432881
0.6 646.3958000432876
0.7 646.3958000432876
0.7999999999999999 646.3958000432876
0.8999999999999999 646.3958000432876
0.9999999999999999 646.3958000432876
1.1 646.3958000432876
1.2 646.3958000432876
1.3 646.3958000432876
1.4 646.3958000432876
1.5 646.3958000432876
1.6 646.3958000432876
1.7 646.3958000432876
1.8 646.3958000432876
1.900000000000001 646.3958000432876
2 646.3958000432876
2.100000000000001 646.3958000432876
2.200000000000001 646.3958000432876
2.300000000000001 646.3958000432876
2.400000000000001 646.3958000432876
2.500000000000001 646.3958000432876
2.600000000000001 646.3958000432876
2.700000000000001 646.3958000432876
2.800000000000001 646.3958000432876
2.900000000000001 646.3958000432876
3.000000000000001 646.3958000432876
3.100000000000001 646.3958000432876
3.200000000000002 646.3958000432876
3.300000000000002 646.3958000432876
3.400000000000002 646.3958000432876
3.500000000000002 646.3958000432876
3.600000000000002 646.3958000432876
3.700000000000002 646.3958000432876
3.800000000000002 646.3958000432876
3.900000000000002 646.3958000432876
4.000000000000002 646.3958000432876
4.100000000000001 646.3958000432876
4.200000000000001 646.3958000432875
4.300000000000001 646.3958000432875
4.4 646.3958000432875
4.5 646.3958000432875
4.6 646.3958000432875
4.699999999999999 646.3958000432875
4.799999999999999 646.3958000432875
4.899999999999999 646.3958000432875
4.999999999999998 646.3958000432875
5.099999999999998 646.3958000432875
5.199999999999998 646.3958000432875
5.299999999999997 646.3958000432875
5.399999999999997 646.3958000432875
5.499999999999996 646.3958000432875
5.599999999999996 646.3958000432875
5.699999999999996 646.3958000432875
5.799999999999995 646.3958000432875
5.899999999999995 646.3958000432875
5.999999999999995 646.3958000432875
6.099999999999994 646.3958000432875
6.199999999999994 646.3958000432875
6.299999999999994 646.3958000432875
6.399999999999993 646.3958000432875
6.499999999999993 646.3958000432875
6.599999999999993 646.3958000432875
6.699999999999992 646.3958000432875
6.799999999999992 646.3958000432875
6.899999999999991 646.3958000432875
6.999999999999991 646.3958000432875
7.099999999999991 646.3958000432875
7.19999999999999 646.3958000432875
7.29999999999999 646.3958000432875
7.39999999999999 646.3958000432875
7.499999999999989 646.3958000432875
7.599999999999989 646.3958000432875
7.699999999999989 646.3958000432875
7.799999999999988 646.3958000432875
7.899999999999988 646.3958000432875
7.999999999999988 646.3958000432875
8.099999999999987 646.3958000432875
8.199999999999987 646.3958000432875
8.299999999999986 646.3958000432875
8.399999999999986 646.3958000432875
8.499999999999986 646.3958000432875
8.599999999999985 646.3958000432875
8.699999999999985 646.3958000432875
8.799999999999985 646.3958000432875
8.899999999999984 646.3958000432875
8.999999999999984 646.3958000432875
9.099999999999984 646.3958000432875
9.199999999999983 646.3958000432875
9.299999999999983 646.3958000432875
9.399999999999983 646.3958000432875
9.499999999999982 646.3958000432875
9.599999999999982 646.3958000432875
9.699999999999982 646.3958000432875
9.799999999999981 646.3958000432875
9.899999999999981 646.3958000432875
9.99999999999998 646.3958000432875
10.09999999999998 646.3958000432875
10.19999999999998 646.3958000432875
10.29999999999998 646.3958000432875
10.39999999999998 646.3958000432875
10.49999999999998 646.3958000432875
10.59999999999998 646.3958000432875
10.69999999999998 646.3958000432875
10.79999999999998 646.3958000432875
10.89999999999998 646.3958000432875
10.99999999999998 646.3958000432875
11.09999999999998 646.3958000432875
11.19999999999998 646.3958000432875
11.29999999999998 646.3958000432875
11.39999999999998 646.3958000432875
11.49999999999998 646.3958000432875
11.59999999999997 646.3958000432875
11.69999999999997 646.3958000432875
11.79999999999997 646.3958000432875
11.89999999999997 646.3958000432875
11.99999999999997 646.3958000432875
12.09999999999997 646.3958000432875
12.19999999999997 646.3958000432875
12.29999999999997 646.3958000432875
12.39999999999997 646.3958000432875
12.49999999999997 646.3958000432875
12.59999999999997 646.3958000432875
12.69999999999997 646.3958000432875
12.79999999999997 646.3958000432875
12.89999999999997 646.3958000432875
12.99999999999997 646.3958000432875
13.09999999999997 646.3958000432875
13.19999999999997 646.3958000432875
13.29999999999997 646.3958000432875
13.39999999999997 646.3958000432875
13.49999999999997 646.3958000432875
13.59999999999997 646.3958000432875
13.69999999999997 646.3958000432875
13.79999999999997 646.3958000432875
13.89999999999997 646.3958000432875
13.99999999999997 646.3958000432875
14.09999999999997 646.3958000432875
14.19999999999997 646.3958000432875
14.29999999999997 646.3958000432875
14.39999999999996 646.3958000432875
14.49999999999996 646.3958000432875
14.59999999999996 646.3958000432875
14.69999999999996 646.3958000432875
14.79999999999996 646.3958000432875
14.89999999999996 646.3958000432875
14.99999999999996 646.3958000432875
15.09999999999996 646.3958000432875
15.19999999999996 646.3958000432875
15.29999999999996 646.3958000432875
15.39999999999996 646.3958000432875
15.49999999999996 646.3958000432875
15.59999999999996 646.3958000432875
15.69999999999996 646.3958000432875
15.79999999999996 646.3958000432875
15.89999999999996 646.3958000432875
15.99999999999996 646.3958000432875
16.09999999999996 646.3958000432875
16.19999999999996 646.3958000432875
16.29999999999996 646.3958000432875
16.39999999999996 646.3958000432875
16.49999999999996 646.3958000432875
16.59999999999997 646.3958000432875
16.69999999999997 646.3958000432875
16.79999999999997 646.3958000432875
16.89999999999997 646.3958000432875
16.99999999999997 646.3958000432875
17.09999999999997 646.3958000432875
17.19999999999997 646.3958000432875
17.29999999999998 646.3958000432875
17.39999999999998 646.3958000432875
17.49999999999998 646.3958000432875
17.59999999999998 646.3958000432875
17.69999999999998 646.3958000432875
17.79999999999998 646.3958000432875
17.89999999999998 646.3958000432875
17.99999999999999 646.3958000432875
18.09999999999999 646.3958000432875
18.19999999999999 646.3958000432875
18.29999999999999 646.3958000432875
18.39999999999999 646.3958000432875
18.49999999999999 646.3958000432875
18.59999999999999 646.3958000432875
18.7 646.3958000432875
18.8 646.3958000432875
18.9 646.3958000432875
19 646.3958000432875
19.1 646.3958000432875
19.2 646.3958000432875
19.3 646.3958000432875
19.40000000000001 646.3958000432875
19.50000000000001 646.3958000432875
19.60000000000001 646.3958000432875
19.70000000000001 646.3958000432875
19.80000000000001 646.3958000432875
19.90000000000001 646.3958000432875
20.00000000000001 646.3958000432875
20.10000000000002 646.3958000432875
20.20000000000002 646.3958000432875
20.30000000000002 646.3958000432875
20.40000000000002 646.3958000432875
20.50000000000002 646.3958000432875
20.60000000000002 646.3958000432875
20.70000000000002 646.3958000432875
20.80000000000003 646.3958000432875
20.90000000000003 646.3958000432875
21.00000000000003 646.3958000432875
21.10000000000003 646.3958000432875
21.20000000000003 646.3958000432875
21.30000000000003 646.3958000432875
21.40000000000003 646.3958000432875
21.50000000000004 646.3958000432875
21.60000000000004 646.3958000432875
21.70000000000004 646.3958000432875
21.80000000000004 646.3958000432875
21.90000000000004 646.3958000432875
22.00000000000004 646.3958000432875
22.10000000000004 646.3958000432875
22.20000000000005 646.3958000432875
22.30000000000005 646.3958000432875
22.40000000000005 646.3958000432875
22.50000000000005 646.3958000432875
22.60000000000005 646.3958000432875
22.70000000000005 646.3958000432875
22.80000000000005 646.3958000432875
22.90000000000006 646.3958000432875
23.00000000000006 646.3958000432875
23.10000000000006 646.3958000432875
23.20000000000006 646.3958000432875
23.30000000000006 646.3958000432875
23.40000000000006 646.3958000432875
23.50000000000006 646.3958000432875
23.60000000000007 646.3958000432875
23.70000000000007 646.3958000432875
23.80000000000007 646.3958000432875
23.90000000000007 646.3958000432875
24.00000000000007 646.3958000432875
24.10000000000007 646.3958000432875
24.20000000000007 646.3958000432875
24.30000000000008 646.3958000432875
24.40000000000008 646.3958000432875
24.50000000000008 646.3958000432875
24.60000000000008 646.3958000432875
24.70000000000008 646.3958000432875
24.80000000000008 646.3958000432875
24.90000000000008 646.3958000432875
25.00000000000009 646.3958000432875
25.10000000000009 646.3958000432875
25.20000000000009 646.3958000432875
25.30000000000009 646.3958000432875
25.40000000000009 646.3958000432875
25.50000000000009 646.3958000432875
25.60000000000009 646.3958000432875
25.7000000000001 646.3958000432875
25.8000000000001 646.3958000432875
25.9000000000001 646.3958000432875
26.0000000000001 646.3958000432875
26.1000000000001 646.3958000432875
26.2000000000001 646.3958000432875
26.3000000000001 646.3958000432875
26.40000000000011 646.3958000432875
26.50000000000011 646.3958000432875
26.60000000000011 646.3958000432875
26.70000000000011 646.3958000432875
26.80000000000011 646.3958000432875
26.90000000000011 646.3958000432875
27.00000000000011 646.3958000432875
27.10000000000012 646.3958000432875
27.20000000000012 646.3958000432875
27.30000000000012 646.3958000432875
27.40000000000012 646.3958000432875
27.50000000000012 646.3958000432875
27.60000000000012 646.3958000432875
27.70000000000012 646.3958000432875
27.80000000000013 646.3958000432875
27.90000000000013 646.3958000432875
28.00000000000013 646.3958000432875
28.10000000000013 646.3958000432875
28.20000000000013 646.3958000432875
28.30000000000013 646.3958000432875
28.40000000000013 646.3958000432875
28.50000000000014 646.3958000432875
28.60000000000014 646.3958000432875
28.70000000000014 646.3958000432875
28.80000000000014 646.3958000432875
28.90000000000014 646.3958000432875
29.00000000000014 646.3958000432875
29.10000000000014 646.3958000432875
29.20000000000014 646.3958000432875
29.30000000000015 646.3958000432875
29.40000000000015 646.3958000432875
29.50000000000015 646.3958000432875
29.60000000000015 646.3958000432875
29.70000000000015 646.3958000432875
29.80000000000015 646.3958000432875
29.90000000000015 646.3958000432875
30.00000000000016 646.3958000432875
30.10000000000016 646.3958000432875
30.20000000000016 646.3958000432875
30.30000000000016 646.3958000432875
30.40000000000016 646.3958000432875
30.50000000000016 646.3958000432875
30.60000000000016 646.3958000432875
30.70000000000017 646.3958000432875
30.80000000000017 646.3958000432875
30.90000000000017 646.3958000432875
31.00000000000017 646.3958000432875
31.10000000000017 646.3958000432875
31.20000000000017 646.3958000432875
31.30000000000017 646.3958000432875
31.40000000000018 646.3958000432875
31.50000000000018 646.3958000432875
31.60000000000018 646.3958000432875
31.70000000000018 646.3958000432875
31.80000000000018 646.3958000432875
31.90000000000018 646.3958000432875
32.00000000000018 646.3958000432875
32.10000000000019 646.3958000432875
32.20000000000019 646.3958000432875
32.30000000000019 646.3958000432875
32.40000000000019 646.3958000432875
32.50000000000019 646.3958000432875
32.60000000000019 646.3958000432875
32.70000000000019 646.3958000432875
32.8000000000002 646.3958000432875
32.9000000000002 646.3958000432875
33.0000000000002 646.3958000432875
33.1000000000002 646.3958000432875
33.2000000000002 646.3958000432875
33.3000000000002 646.3958000432875
33.4000000000002 646.3958000432875
33.50000000000021 646.3958000432875
33.60000000000021 646.3958000432875
33.70000000000021 646.3958000432875
33.80000000000021 646.3958000432875
33.90000000000021 646.3958000432875
34.00000000000021 646.3958000432875
34.10000000000021 646.3958000432875
34.20000000000022 646.3958000432875
34.30000000000022 646.3958000432875
34.40000000000022 646.3958000432875
34.50000000000022 646.3958000432875
34.60000000000022 646.3958000432875
34.70000000000022 646.3958000432875
34.80000000000022 646.3958000432875
34.90000000000023 646.3958000432875
35.00000000000023 646.3958000432875
35.10000000000023 646.3958000432875
35.20000000000023 646.3958000432875
35.30000000000023 646.3958000432875
35.40000000000023 646.3958000432875
35.50000000000023 646.3958000432875
35.60000000000024 646.3958000432875
35.70000000000024 646.3958000432875
35.80000000000024 646.3958000432875
35.90000000000024 646.3958000432875
36.00000000000024 646.3958000432875
36.10000000000024 646.3958000432875
36.20000000000024 646.3958000432875
36.30000000000025 646.3958000432875
36.40000000000025 646.3958000432875
36.50000000000025 646.3958000432875
36.60000000000025 646.3958000432875
36.70000000000025 646.3958000432875
36.80000000000025 646.3958000432875
36.90000000000025 646.3958000432875
37.00000000000026 646.3958000432875
37.10000000000026 646.3958000432875
37.20000000000026 646.3958000432875
37.30000000000026 646.3958000432875
37.40000000000026 646.3958000432875
37.50000000000026 646.3958000432875
37.60000000000026 646.3958000432875
37.70000000000027 646.3958000432875
37.80000000000027 646.3958000432875
37.90000000000027 646.3958000432875
38.00000000000027 646.3958000432875
38.10000000000027 646.3958000432875
38.20000000000027 646.3958000432875
38.30000000000027 646.3958000432875
38.40000000000028 646.3958000432875
38.50000000000028 646.3958000432875
38.60000000000028 646.3958000432875
38.70000000000028 646.3958000432875
38.80000000000028 646.3958000432875
38.90000000000028 646.3958000432875
39.00000000000028 646.3958000432875
39.10000000000029 646.3958000432875
39.20000000000029 646.3958000432875
39.30000000000029 646.3958000432875
39.40000000000029 646.3958000432875
39.50000000000029 646.3958000432875
39.60000000000029 646.3958000432875
39.70000000000029 646.3958000432875
39.8000000000003 646.3958000432875
39.9000000000003 646.3958000432875
40.0000000000003 646.3958000432875
40.1000000000003 646.3958000432875
40.2000000000003 646.3958000432875
40.3000000000003 646.3958000432875
40.4000000000003 646.3958000432875
40.50000000000031 646.3958000432875
40.60000000000031 646.3958000432875
40.70000000000031 646.3958000432875
40.80000000000031 646.3958000432875
40.90000000000031 646.3958000432875
41.00000000000031 646.3958000432875
41.10000000000031 646.3958000432875
41.20000000000032 646.3958000432875
41.30000000000032 646.3958000432875
41.40000000000032 646.3958000432875
41.50000000000032 646.3958000432875
41.60000000000032 646.3958000432875
41.70000000000032 646.3958000432875
41.80000000000032 646.3958000432875
41.90000000000033 646.3958000432875
42.00000000000033 646.3958000432875
42.10000000000033 646.3958000432875
42.20000000000033 646.3958000432875
42.30000000000033 646.3958000432875
42.40000000000033 646.3958000432875
42.50000000000033 646.3958000432875
42.60000000000034 646.3958000432875
42.70000000000034 646.3958000432875
42.80000000000034 646.3958000432875
42.90000000000034 646.3958000432875
43.00000000000034 646.3958000432875
43.10000000000034 646.3958000432875
43.20000000000034 646.3958000432875
43.30000000000035 646.3958000432875
43.40000000000035 646.3958000432875
43.50000000000035 646.3958000432875
43.60000000000035 646.3958000432875
43.70000000000035 646.3958000432875
43.80000000000035 646.3958000432875
43.90000000000035 646.3958000432875
44.00000000000036 646.3958000432875
44.10000000000036 646.3958000432875
44.20000000000036 646.3958000432875
44.30000000000036 646.3958000432875
44.40000000000036 646.3958000432875
44.50000000000036 646.3958000432875
44.60000000000036 646.3958000432875
44.70000000000037 646.3958000432875
44.80000000000037 646.3958000432875
44.90000000000037 646.3958000432875
45.00000000000037 646.3958000432875
45.10000000000037 646.3958000432875
45.20000000000037 646.3958000432875
45.30000000000037 646.3958000432875
45.40000000000038 646.3958000432875
45.50000000000038 646.3958000432875
45.60000000000038 646.3958000432875
45.70000000000038 646.3958000432875
45.80000000000038 646.3958000432875
45.90000000000038 646.3958000432875
46.00000000000038 646.3958000432875
46.10000000000039 646.3958000432875
46.20000000000039 646.3958000432875
46.30000000000039 646.3958000432875
46.40000000000039 646.3958000432875
46.50000000000039 646.3958000432875
46.60000000000039 646.3958000432875
46.70000000000039 646.3958000432875
46.8000000000004 646.3958000432875
46.9000000000004 646.3958000432875
47.0000000000004 646.3958000432875
47.1000000000004 646.3958000432875
47.2000000000004 646.3958000432875
47.3000000000004 646.3958000432875
47.4000000000004 646.3958000432875
47.50000000000041 646.3958000432875
47.60000000000041 646.3958000432875
47.70000000000041 646.3958000432875
47.80000000000041 646.3958000432875
47.90000000000041 646.3958000432875
48.00000000000041 646.3958000432875
48.10000000000041 646.3958000432875
48.20000000000041 646.3958000432875
48.30000000000042 646.3958000432875
48.40000000000042 646.3958000432875
48.50000000000042 646.3958000432875
48.60000000000042 646.3958000432875
48.70000000000042 646.3958000432875
48.80000000000042 646.3958000432875
48.90000000000042 646.3958000432875
49.00000000000043 646.3958000432875
49.10000000000043 646.3958000432875
49.20000000000043 646.3958000432875
49.30000000000043 646.3958000432875
49.40000000000043 646.3958000432875
49.50000000000043 646.3958000432875
49.60000000000043 646.3958000432875
49.70000000000044 646.3958000432875
49.80000000000044 646.3958000432875
49.90000000000044 646.3958000432875