Time X1
0 250
0.1 378.8349025286199
0.2 378.8349025282687
0.3 378.8349025282678
0.4 378.8349025282678
0.5 378.8349025282678
0.6 378.8349025282678
0.7 378.8349025282678
0.7999999999999999 378.8349025282678
0.8999999999999999 378.8349025282678
0.9999999999999999 378.8349025282678
1.1 378.8349025282678
1.2 378.8349025282678
1.3 378.8349025282678
1.4 378.8349025282678
1.5 378.8349025282678
1.6 378.8349025282678
1.7 378.8349025282678
1.8 378.8349025282678
1.900000000000001 378.8349025282678
2 378.8349025282678
2.100000000000001 378.8349025282678
2.200000000000001 378.8349025282678
2.300000000000001 378.8349025282678
2.400000000000001 378.8349025282678
2.500000000000001 378.8349025282678
2.600000000000001 378.8349025282678
2.700000000000001 378.8349025282678
2.800000000000001 378.8349025282678
2.900000000000001 378.8349025282678
3.000000000000001 378.8349025282678
3.100000000000001 378.8349025282678
3.200000000000002 378.8349025282678
3.300000000000002 378.8349025282678
3.400000000000002 378.8349025282678
3.500000000000002 378.8349025282678
3.600000000000002 378.8349025282678
3.700000000000002 378.8349025282678
3.800000000000002 378.8349025282678
3.900000000000002 378.8349025282678
4.000000000000002 378.8349025282678
4.100000000000001 378.8349025282678
4.200000000000001 378.8349025282678
4.300000000000001 378.8349025282678
4.4 378.8349025282678
4.5 378.8349025282678
4.6 378.8349025282678
4.699999999999999 378.8349025282678
4.799999999999999 378.8349025282678
4.899999999999999 378.8349025282678
4.999999999999998 378.8349025282679
5.099999999999998 378.8349025282679
5.199999999999998 378.8349025282679
5.299999999999997 378.8349025282679
5.399999999999997 378.8349025282679
5.499999999999996 378.8349025282679
5.599999999999996 378.8349025282679
5.699999999999996 378.8349025282679
5.799999999999995 378.8349025282679
5.899999999999995 378.8349025282679
5.999999999999995 378.8349025282679
6.099999999999994 378.8349025282679
6.199999999999994 378.8349025282679
6.299999999999994 378.8349025282679
6.399999999999993 378.8349025282679
6.499999999999993 378.8349025282679
6.599999999999993 378.8349025282679
6.699999999999992 378.8349025282679
6.799999999999992 378.8349025282679
6.899999999999991 378.8349025282679
6.999999999999991 378.8349025282679
7.099999999999991 378.8349025282679
7.19999999999999 378.8349025282679
7.29999999999999 378.8349025282679
7.39999999999999 378.8349025282679
7.499999999999989 378.8349025282679
7.599999999999989 378.8349025282679
7.699999999999989 378.8349025282679
7.799999999999988 378.8349025282679
7.899999999999988 378.8349025282679
7.999999999999988 378.8349025282679
8.099999999999987 378.8349025282679
8.199999999999987 378.8349025282679
8.299999999999986 378.8349025282679
8.399999999999986 378.8349025282679
8.499999999999986 378.8349025282679
8.599999999999985 378.8349025282679
8.699999999999985 378.8349025282679
8.799999999999985 378.8349025282679
8.899999999999984 378.8349025282679
8.999999999999984 378.8349025282679
9.099999999999984 378.8349025282679
9.199999999999983 378.8349025282679
9.299999999999983 378.8349025282679
9.399999999999983 378.8349025282679
9.499999999999982 378.8349025282679
9.599999999999982 378.8349025282679
9.699999999999982 378.8349025282679
9.799999999999981 378.8349025282679
9.899999999999981 378.8349025282679
9.99999999999998 378.8349025282679
10.09999999999998 378.8349025282679
10.19999999999998 378.8349025282679
10.29999999999998 378.8349025282679
10.39999999999998 378.8349025282679
10.49999999999998 378.8349025282679
10.59999999999998 378.8349025282679
10.69999999999998 378.8349025282679
10.79999999999998 378.8349025282679
10.89999999999998 378.8349025282679
10.99999999999998 378.8349025282679
11.09999999999998 378.8349025282679
11.19999999999998 378.8349025282679
11.29999999999998 378.8349025282679
11.39999999999998 378.8349025282679
11.49999999999998 378.8349025282679
11.59999999999997 378.8349025282679
11.69999999999997 378.8349025282679
11.79999999999997 378.8349025282679
11.89999999999997 378.8349025282679
11.99999999999997 378.8349025282679
12.09999999999997 378.8349025282679
12.19999999999997 378.8349025282679
12.29999999999997 378.8349025282679
12.39999999999997 378.8349025282679
12.49999999999997 378.8349025282679
12.59999999999997 378.8349025282679
12.69999999999997 378.8349025282679
12.79999999999997 378.8349025282679
12.89999999999997 378.8349025282679
12.99999999999997 378.8349025282679
13.09999999999997 378.8349025282679
13.19999999999997 378.8349025282679
13.29999999999997 378.8349025282679
13.39999999999997 378.8349025282679
13.49999999999997 378.8349025282679
13.59999999999997 378.8349025282679
13.69999999999997 378.8349025282679
13.79999999999997 378.8349025282679
13.89999999999997 378.8349025282679
13.99999999999997 378.8349025282679
14.09999999999997 378.8349025282679
14.19999999999997 378.8349025282679
14.29999999999997 378.8349025282679
14.39999999999996 378.8349025282679
14.49999999999996 378.8349025282679
14.59999999999996 378.8349025282679
14.69999999999996 378.8349025282679
14.79999999999996 378.8349025282679
14.89999999999996 378.8349025282679
14.99999999999996 378.8349025282679
15.09999999999996 378.8349025282679
15.19999999999996 378.8349025282679
15.29999999999996 378.8349025282679
15.39999999999996 378.8349025282679
15.49999999999996 378.8349025282679
15.59999999999996 378.8349025282679
15.69999999999996 378.8349025282679
15.79999999999996 378.8349025282679
15.89999999999996 378.8349025282679
15.99999999999996 378.8349025282679
16.09999999999996 378.8349025282679
16.19999999999996 378.8349025282679
16.29999999999996 378.8349025282679
16.39999999999996 378.8349025282679
16.49999999999996 378.8349025282679
16.59999999999997 378.8349025282679
16.69999999999997 378.8349025282679
16.79999999999997 378.8349025282679
16.89999999999997 378.8349025282679
16.99999999999997 378.8349025282679
17.09999999999997 378.8349025282679
17.19999999999997 378.8349025282679
17.29999999999998 378.8349025282679
17.39999999999998 378.8349025282679
17.49999999999998 378.8349025282679
17.59999999999998 378.8349025282679
17.69999999999998 378.8349025282679
17.79999999999998 378.8349025282679
17.89999999999998 378.8349025282679
17.99999999999999 378.8349025282679
18.09999999999999 378.8349025282679
18.19999999999999 378.8349025282679
18.29999999999999 378.8349025282679
18.39999999999999 378.8349025282679
18.49999999999999 378.8349025282679
18.59999999999999 378.8349025282679
18.7 378.8349025282679
18.8 378.8349025282679
18.9 378.8349025282679
19 378.8349025282679
19.1 378.8349025282679
19.2 378.8349025282679
19.3 378.8349025282679
19.40000000000001 378.8349025282679
19.50000000000001 378.8349025282679
19.60000000000001 378.8349025282679
19.70000000000001 378.8349025282679
19.80000000000001 378.8349025282679
19.90000000000001 378.8349025282679
20.00000000000001 378.8349025282679
20.10000000000002 378.8349025282679
20.20000000000002 378.8349025282679
20.30000000000002 378.8349025282679
20.40000000000002 378.8349025282679
20.50000000000002 378.8349025282679
20.60000000000002 378.8349025282679
20.70000000000002 378.8349025282679
20.80000000000003 378.8349025282679
20.90000000000003 378.8349025282679
21.00000000000003 378.8349025282679
21.10000000000003 378.8349025282679
21.20000000000003 378.8349025282679
21.30000000000003 378.8349025282679
21.40000000000003 378.8349025282679
21.50000000000004 378.8349025282679
21.60000000000004 378.8349025282679
21.70000000000004 378.8349025282679
21.80000000000004 378.8349025282679
21.90000000000004 378.8349025282679
22.00000000000004 378.8349025282679
22.10000000000004 378.8349025282679
22.20000000000005 378.8349025282679
22.30000000000005 378.8349025282679
22.40000000000005 378.8349025282679
22.50000000000005 378.8349025282679
22.60000000000005 378.8349025282679
22.70000000000005 378.8349025282679
22.80000000000005 378.8349025282679
22.90000000000006 378.8349025282679
23.00000000000006 378.8349025282679
23.10000000000006 378.8349025282679
23.20000000000006 378.8349025282679
23.30000000000006 378.8349025282679
23.40000000000006 378.8349025282679
23.50000000000006 378.8349025282679
23.60000000000007 378.8349025282679
23.70000000000007 378.8349025282679
23.80000000000007 378.8349025282679
23.90000000000007 378.8349025282679
24.00000000000007 378.8349025282679
24.10000000000007 378.8349025282679
24.20000000000007 378.8349025282679
24.30000000000008 378.8349025282679
24.40000000000008 378.8349025282679
24.50000000000008 378.8349025282679
24.60000000000008 378.8349025282679
24.70000000000008 378.8349025282679
24.80000000000008 378.8349025282679
24.90000000000008 378.8349025282679
25.00000000000009 378.8349025282679
25.10000000000009 378.8349025282679
25.20000000000009 378.8349025282679
25.30000000000009 378.8349025282679
25.40000000000009 378.8349025282679
25.50000000000009 378.8349025282678
25.60000000000009 378.8349025282678
25.7000000000001 378.8349025282678
25.8000000000001 378.8349025282678
25.9000000000001 378.8349025282678
26.0000000000001 378.8349025282678
26.1000000000001 378.8349025282678
26.2000000000001 378.8349025282678
26.3000000000001 378.8349025282678
26.40000000000011 378.8349025282678
26.50000000000011 378.8349025282678
26.60000000000011 378.8349025282678
26.70000000000011 378.8349025282678
26.80000000000011 378.8349025282678
26.90000000000011 378.8349025282678
27.00000000000011 378.8349025282678
27.10000000000012 378.8349025282678
27.20000000000012 378.8349025282678
27.30000000000012 378.8349025282678
27.40000000000012 378.8349025282678
27.50000000000012 378.8349025282678
27.60000000000012 378.8349025282678
27.70000000000012 378.8349025282678
27.80000000000013 378.8349025282678
27.90000000000013 378.8349025282678
28.00000000000013 378.8349025282678
28.10000000000013 378.8349025282678
28.20000000000013 378.8349025282678
28.30000000000013 378.8349025282678
28.40000000000013 378.8349025282678
28.50000000000014 378.8349025282678
28.60000000000014 378.8349025282678
28.70000000000014 378.8349025282678
28.80000000000014 378.8349025282678
28.90000000000014 378.8349025282678
29.00000000000014 378.8349025282678
29.10000000000014 378.8349025282678
29.20000000000014 378.8349025282678
29.30000000000015 378.8349025282678
29.40000000000015 378.8349025282678
29.50000000000015 378.8349025282678
29.60000000000015 378.8349025282678
29.70000000000015 378.8349025282678
29.80000000000015 378.8349025282678
29.90000000000015 378.8349025282678
30.00000000000016 378.8349025282678
30.10000000000016 378.8349025282678
30.20000000000016 378.8349025282678
30.30000000000016 378.8349025282678
30.40000000000016 378.8349025282678
30.50000000000016 378.8349025282678
30.60000000000016 378.8349025282678
30.70000000000017 378.8349025282678
30.80000000000017 378.8349025282678
30.90000000000017 378.8349025282678
31.00000000000017 378.8349025282678
31.10000000000017 378.8349025282678
31.20000000000017 378.8349025282678
31.30000000000017 378.8349025282678
31.40000000000018 378.8349025282678
31.50000000000018 378.8349025282678
31.60000000000018 378.8349025282678
31.70000000000018 378.8349025282678
31.80000000000018 378.8349025282678
31.90000000000018 378.8349025282678
32.00000000000018 378.8349025282678
32.10000000000019 378.8349025282678
32.20000000000019 378.8349025282678
32.30000000000019 378.8349025282678
32.40000000000019 378.8349025282678
32.50000000000019 378.8349025282678
32.60000000000019 378.8349025282678
32.70000000000019 378.8349025282678
32.8000000000002 378.8349025282678
32.9000000000002 378.8349025282678
33.0000000000002 378.8349025282678
33.1000000000002 378.8349025282678
33.2000000000002 378.8349025282678
33.3000000000002 378.8349025282678
33.4000000000002 378.8349025282678
33.50000000000021 378.8349025282678
33.60000000000021 378.8349025282678
33.70000000000021 378.8349025282678
33.80000000000021 378.8349025282678
33.90000000000021 378.8349025282678
34.00000000000021 378.8349025282678
34.10000000000021 378.8349025282678
34.20000000000022 378.8349025282678
34.30000000000022 378.8349025282678
34.40000000000022 378.8349025282678
34.50000000000022 378.8349025282678
34.60000000000022 378.8349025282678
34.70000000000022 378.8349025282678
34.80000000000022 378.8349025282678
34.90000000000023 378.8349025282678
35.00000000000023 378.8349025282678
35.10000000000023 378.8349025282678
35.20000000000023 378.8349025282678
35.30000000000023 378.8349025282678
35.40000000000023 378.8349025282678
35.50000000000023 378.8349025282678
35.60000000000024 378.8349025282678
35.70000000000024 378.8349025282678
35.80000000000024 378.8349025282678
35.90000000000024 378.8349025282678
36.00000000000024 378.8349025282678
36.10000000000024 378.8349025282678
36.20000000000024 378.8349025282678
36.30000000000025 378.8349025282678
36.40000000000025 378.8349025282678
36.50000000000025 378.8349025282678
36.60000000000025 378.8349025282678
36.70000000000025 378.8349025282678
36.80000000000025 378.8349025282678
36.90000000000025 378.8349025282678
37.00000000000026 378.8349025282678
37.10000000000026 378.8349025282678
37.20000000000026 378.8349025282678
37.30000000000026 378.8349025282678
37.40000000000026 378.8349025282678
37.50000000000026 378.8349025282678
37.60000000000026 378.8349025282678
37.70000000000027 378.8349025282678
37.80000000000027 378.8349025282678
37.90000000000027 378.8349025282678
38.00000000000027 378.8349025282678
38.10000000000027 378.8349025282678
38.20000000000027 378.8349025282678
38.30000000000027 378.8349025282678
38.40000000000028 378.8349025282678
38.50000000000028 378.8349025282678
38.60000000000028 378.8349025282678
38.70000000000028 378.8349025282678
38.80000000000028 378.8349025282678
38.90000000000028 378.8349025282678
39.00000000000028 378.8349025282678
39.10000000000029 378.8349025282678
39.20000000000029 378.8349025282678
39.30000000000029 378.8349025282678
39.40000000000029 378.8349025282678
39.50000000000029 378.8349025282678
39.60000000000029 378.8349025282678
39.70000000000029 378.8349025282678
39.8000000000003 378.8349025282678
39.9000000000003 378.8349025282678
40.0000000000003 378.8349025282678
40.1000000000003 378.8349025282678
40.2000000000003 378.8349025282678
40.3000000000003 378.8349025282678
40.4000000000003 378.8349025282678
40.50000000000031 378.8349025282678
40.60000000000031 378.8349025282678
40.70000000000031 378.8349025282678
40.80000000000031 378.8349025282678
40.90000000000031 378.8349025282678
41.00000000000031 378.8349025282678
41.10000000000031 378.8349025282678
41.20000000000032 378.8349025282678
41.30000000000032 378.8349025282678
41.40000000000032 378.8349025282678
41.50000000000032 378.8349025282678
41.60000000000032 378.8349025282678
41.70000000000032 378.8349025282678
41.80000000000032 378.8349025282678
41.90000000000033 378.8349025282678
42.00000000000033 378.8349025282678
42.10000000000033 378.8349025282678
42.20000000000033 378.8349025282678
42.30000000000033 378.8349025282678
42.40000000000033 378.8349025282678
42.50000000000033 378.8349025282678
42.60000000000034 378.8349025282678
42.70000000000034 378.8349025282678
42.80000000000034 378.8349025282678
42.90000000000034 378.8349025282678
43.00000000000034 378.8349025282678
43.10000000000034 378.8349025282678
43.20000000000034 378.8349025282678
43.30000000000035 378.8349025282678
43.40000000000035 378.8349025282678
43.50000000000035 378.8349025282678
43.60000000000035 378.8349025282678
43.70000000000035 378.8349025282678
43.80000000000035 378.8349025282678
43.90000000000035 378.8349025282678
44.00000000000036 378.8349025282678
44.10000000000036 378.8349025282678
44.20000000000036 378.8349025282678
44.30000000000036 378.8349025282678
44.40000000000036 378.8349025282678
44.50000000000036 378.8349025282678
44.60000000000036 378.8349025282678
44.70000000000037 378.8349025282678
44.80000000000037 378.8349025282678
44.90000000000037 378.8349025282678
45.00000000000037 378.8349025282678
45.10000000000037 378.8349025282678
45.20000000000037 378.8349025282678
45.30000000000037 378.8349025282678
45.40000000000038 378.8349025282678
45.50000000000038 378.8349025282678
45.60000000000038 378.8349025282678
45.70000000000038 378.8349025282678
45.80000000000038 378.8349025282678
45.90000000000038 378.8349025282678
46.00000000000038 378.8349025282678
46.10000000000039 378.8349025282678
46.20000000000039 378.8349025282678
46.30000000000039 378.8349025282678
46.40000000000039 378.8349025282678
46.50000000000039 378.8349025282678
46.60000000000039 378.8349025282678
46.70000000000039 378.8349025282678
46.8000000000004 378.8349025282678
46.9000000000004 378.8349025282678
47.0000000000004 378.8349025282678
47.1000000000004 378.8349025282678
47.2000000000004 378.8349025282678
47.3000000000004 378.8349025282678
47.4000000000004 378.8349025282678
47.50000000000041 378.8349025282678
47.60000000000041 378.8349025282678
47.70000000000041 378.8349025282678
47.80000000000041 378.8349025282678
47.90000000000041 378.8349025282678
48.00000000000041 378.8349025282678
48.10000000000041 378.8349025282678
48.20000000000041 378.8349025282678
48.30000000000042 378.8349025282678
48.40000000000042 378.8349025282678
48.50000000000042 378.8349025282678
48.60000000000042 378.8349025282678
48.70000000000042 378.8349025282678
48.80000000000042 378.8349025282678
48.90000000000042 378.8349025282678
49.00000000000043 378.8349025282678
49.10000000000043 378.8349025282678
49.20000000000043 378.8349025282678
49.30000000000043 378.8349025282678
49.40000000000043 378.8349025282678
49.50000000000043 378.8349025282678
49.60000000000043 378.8349025282678
49.70000000000044 378.8349025282678
49.80000000000044 378.8349025282678
49.90000000000044 378.8349025282678