Time X1
0 250
0.1 3406.438093055954
0.2 3406.438093055952
0.3 3406.438093055953
0.4 3406.438093055953
0.5 3406.438093055953
0.6 3406.438093055953
0.7 3406.438093055953
0.7999999999999999 3406.438093055953
0.8999999999999999 3406.438093055953
0.9999999999999999 3406.438093055953
1.1 3406.438093055953
1.2 3406.438093055953
1.3 3406.438093055953
1.4 3406.438093055953
1.5 3406.438093055953
1.6 3406.438093055953
1.7 3406.438093055953
1.8 3406.438093055953
1.900000000000001 3406.438093055953
2 3406.438093055953
2.100000000000001 3406.438093055953
2.200000000000001 3406.438093055953
2.300000000000001 3406.438093055953
2.400000000000001 3406.438093055953
2.500000000000001 3406.438093055953
2.600000000000001 3406.438093055953
2.700000000000001 3406.438093055953
2.800000000000001 3406.438093055953
2.900000000000001 3406.438093055953
3.000000000000001 3406.438093055953
3.100000000000001 3406.438093055953
3.200000000000002 3406.438093055953
3.300000000000002 3406.438093055953
3.400000000000002 3406.438093055953
3.500000000000002 3406.438093055953
3.600000000000002 3406.438093055953
3.700000000000002 3406.438093055953
3.800000000000002 3406.438093055953
3.900000000000002 3406.438093055953
4.000000000000002 3406.438093055953
4.100000000000001 3406.438093055953
4.200000000000001 3406.438093055953
4.300000000000001 3406.438093055953
4.4 3406.438093055953
4.5 3406.438093055953
4.6 3406.438093055953
4.699999999999999 3406.438093055953
4.799999999999999 3406.438093055953
4.899999999999999 3406.438093055953
4.999999999999998 3406.438093055953
5.099999999999998 3406.438093055953
5.199999999999998 3406.438093055953
5.299999999999997 3406.438093055953
5.399999999999997 3406.438093055953
5.499999999999996 3406.438093055953
5.599999999999996 3406.438093055953
5.699999999999996 3406.438093055953
5.799999999999995 3406.438093055953
5.899999999999995 3406.438093055953
5.999999999999995 3406.438093055953
6.099999999999994 3406.438093055953
6.199999999999994 3406.438093055953
6.299999999999994 3406.438093055953
6.399999999999993 3406.438093055953
6.499999999999993 3406.438093055953
6.599999999999993 3406.438093055953
6.699999999999992 3406.438093055953
6.799999999999992 3406.438093055953
6.899999999999991 3406.438093055953
6.999999999999991 3406.438093055953
7.099999999999991 3406.438093055953
7.19999999999999 3406.438093055953
7.29999999999999 3406.438093055953
7.39999999999999 3406.438093055953
7.499999999999989 3406.438093055953
7.599999999999989 3406.438093055953
7.699999999999989 3406.438093055953
7.799999999999988 3406.438093055953
7.899999999999988 3406.438093055953
7.999999999999988 3406.438093055953
8.099999999999987 3406.438093055953
8.199999999999987 3406.438093055953
8.299999999999986 3406.438093055953
8.399999999999986 3406.438093055953
8.499999999999986 3406.438093055953
8.599999999999985 3406.438093055953
8.699999999999985 3406.438093055953
8.799999999999985 3406.438093055953
8.899999999999984 3406.438093055953
8.999999999999984 3406.438093055953
9.099999999999984 3406.438093055953
9.199999999999983 3406.438093055953
9.299999999999983 3406.438093055953
9.399999999999983 3406.438093055953
9.499999999999982 3406.438093055953
9.599999999999982 3406.438093055953
9.699999999999982 3406.438093055953
9.799999999999981 3406.438093055953
9.899999999999981 3406.438093055953
9.99999999999998 3406.438093055953
10.09999999999998 3406.438093055953
10.19999999999998 3406.438093055953
10.29999999999998 3406.438093055953
10.39999999999998 3406.438093055953
10.49999999999998 3406.438093055953
10.59999999999998 3406.438093055953
10.69999999999998 3406.438093055953
10.79999999999998 3406.438093055953
10.89999999999998 3406.438093055953
10.99999999999998 3406.438093055953
11.09999999999998 3406.438093055953
11.19999999999998 3406.438093055953
11.29999999999998 3406.438093055953
11.39999999999998 3406.438093055953
11.49999999999998 3406.438093055953
11.59999999999997 3406.438093055953
11.69999999999997 3406.438093055953
11.79999999999997 3406.438093055953
11.89999999999997 3406.438093055953
11.99999999999997 3406.438093055953
12.09999999999997 3406.438093055953
12.19999999999997 3406.438093055953
12.29999999999997 3406.438093055953
12.39999999999997 3406.438093055953
12.49999999999997 3406.438093055953
12.59999999999997 3406.438093055953
12.69999999999997 3406.438093055953
12.79999999999997 3406.438093055953
12.89999999999997 3406.438093055953
12.99999999999997 3406.438093055953
13.09999999999997 3406.438093055953
13.19999999999997 3406.438093055953
13.29999999999997 3406.438093055953
13.39999999999997 3406.438093055953
13.49999999999997 3406.438093055953
13.59999999999997 3406.438093055953
13.69999999999997 3406.438093055953
13.79999999999997 3406.438093055953
13.89999999999997 3406.438093055953
13.99999999999997 3406.438093055953
14.09999999999997 3406.438093055953
14.19999999999997 3406.438093055953
14.29999999999997 3406.438093055953
14.39999999999996 3406.438093055953
14.49999999999996 3406.438093055954
14.59999999999996 3406.438093055954
14.69999999999996 3406.438093055954
14.79999999999996 3406.438093055954
14.89999999999996 3406.438093055954
14.99999999999996 3406.438093055954
15.09999999999996 3406.438093055954
15.19999999999996 3406.438093055954
15.29999999999996 3406.438093055954
15.39999999999996 3406.438093055954
15.49999999999996 3406.438093055954
15.59999999999996 3406.438093055954
15.69999999999996 3406.438093055954
15.79999999999996 3406.438093055954
15.89999999999996 3406.438093055954
15.99999999999996 3406.438093055954
16.09999999999996 3406.438093055954
16.19999999999996 3406.438093055954
16.29999999999996 3406.438093055954
16.39999999999996 3406.438093055954
16.49999999999996 3406.438093055954
16.59999999999997 3406.438093055954
16.69999999999997 3406.438093055954
16.79999999999997 3406.438093055954
16.89999999999997 3406.438093055954
16.99999999999997 3406.438093055954
17.09999999999997 3406.438093055954
17.19999999999997 3406.438093055954
17.29999999999998 3406.438093055954
17.39999999999998 3406.438093055954
17.49999999999998 3406.438093055954
17.59999999999998 3406.438093055954
17.69999999999998 3406.438093055954
17.79999999999998 3406.438093055954
17.89999999999998 3406.438093055954
17.99999999999999 3406.438093055954
18.09999999999999 3406.438093055954
18.19999999999999 3406.438093055954
18.29999999999999 3406.438093055954
18.39999999999999 3406.438093055954
18.49999999999999 3406.438093055954
18.59999999999999 3406.438093055954
18.7 3406.438093055954
18.8 3406.438093055954
18.9 3406.438093055954
19 3406.438093055954
19.1 3406.438093055954
19.2 3406.438093055954
19.3 3406.438093055954
19.40000000000001 3406.438093055954
19.50000000000001 3406.438093055954
19.60000000000001 3406.438093055954
19.70000000000001 3406.438093055954
19.80000000000001 3406.438093055954
19.90000000000001 3406.438093055954
20.00000000000001 3406.438093055954
20.10000000000002 3406.438093055954
20.20000000000002 3406.438093055954
20.30000000000002 3406.438093055954
20.40000000000002 3406.438093055954
20.50000000000002 3406.438093055954
20.60000000000002 3406.438093055954
20.70000000000002 3406.438093055954
20.80000000000003 3406.438093055954
20.90000000000003 3406.438093055954
21.00000000000003 3406.438093055954
21.10000000000003 3406.438093055954
21.20000000000003 3406.438093055954
21.30000000000003 3406.438093055954
21.40000000000003 3406.438093055954
21.50000000000004 3406.438093055954
21.60000000000004 3406.438093055954
21.70000000000004 3406.438093055954
21.80000000000004 3406.438093055954
21.90000000000004 3406.438093055954
22.00000000000004 3406.438093055954
22.10000000000004 3406.438093055954
22.20000000000005 3406.438093055954
22.30000000000005 3406.438093055954
22.40000000000005 3406.438093055954
22.50000000000005 3406.438093055954
22.60000000000005 3406.438093055954
22.70000000000005 3406.438093055954
22.80000000000005 3406.438093055954
22.90000000000006 3406.438093055954
23.00000000000006 3406.438093055954
23.10000000000006 3406.438093055954
23.20000000000006 3406.438093055954
23.30000000000006 3406.438093055954
23.40000000000006 3406.438093055954
23.50000000000006 3406.438093055954
23.60000000000007 3406.438093055954
23.70000000000007 3406.438093055954
23.80000000000007 3406.438093055954
23.90000000000007 3406.438093055954
24.00000000000007 3406.438093055954
24.10000000000007 3406.438093055954
24.20000000000007 3406.438093055954
24.30000000000008 3406.438093055954
24.40000000000008 3406.438093055954
24.50000000000008 3406.438093055954
24.60000000000008 3406.438093055954
24.70000000000008 3406.438093055954
24.80000000000008 3406.438093055954
24.90000000000008 3406.438093055954
25.00000000000009 3406.438093055954
25.10000000000009 3406.438093055954
25.20000000000009 3406.438093055954
25.30000000000009 3406.438093055954
25.40000000000009 3406.438093055954
25.50000000000009 3406.438093055954
25.60000000000009 3406.438093055954
25.7000000000001 3406.438093055954
25.8000000000001 3406.438093055954
25.9000000000001 3406.438093055954
26.0000000000001 3406.438093055954
26.1000000000001 3406.438093055954
26.2000000000001 3406.438093055954
26.3000000000001 3406.438093055954
26.40000000000011 3406.438093055954
26.50000000000011 3406.438093055954
26.60000000000011 3406.438093055954
26.70000000000011 3406.438093055954
26.80000000000011 3406.438093055954
26.90000000000011 3406.438093055954
27.00000000000011 3406.438093055954
27.10000000000012 3406.438093055954
27.20000000000012 3406.438093055954
27.30000000000012 3406.438093055954
27.40000000000012 3406.438093055954
27.50000000000012 3406.438093055954
27.60000000000012 3406.438093055954
27.70000000000012 3406.438093055954
27.80000000000013 3406.438093055954
27.90000000000013 3406.438093055954
28.00000000000013 3406.438093055954
28.10000000000013 3406.438093055954
28.20000000000013 3406.438093055954
28.30000000000013 3406.438093055954
28.40000000000013 3406.438093055954
28.50000000000014 3406.438093055954
28.60000000000014 3406.438093055954
28.70000000000014 3406.438093055954
28.80000000000014 3406.438093055954
28.90000000000014 3406.438093055954
29.00000000000014 3406.438093055954
29.10000000000014 3406.438093055954
29.20000000000014 3406.438093055954
29.30000000000015 3406.438093055954
29.40000000000015 3406.438093055954
29.50000000000015 3406.438093055954
29.60000000000015 3406.438093055954
29.70000000000015 3406.438093055954
29.80000000000015 3406.438093055954
29.90000000000015 3406.438093055954
30.00000000000016 3406.438093055954
30.10000000000016 3406.438093055954
30.20000000000016 3406.438093055954
30.30000000000016 3406.438093055954
30.40000000000016 3406.438093055954
30.50000000000016 3406.438093055954
30.60000000000016 3406.438093055954
30.70000000000017 3406.438093055954
30.80000000000017 3406.438093055954
30.90000000000017 3406.438093055954
31.00000000000017 3406.438093055954
31.10000000000017 3406.438093055954
31.20000000000017 3406.438093055954
31.30000000000017 3406.438093055954
31.40000000000018 3406.438093055954
31.50000000000018 3406.438093055954
31.60000000000018 3406.438093055954
31.70000000000018 3406.438093055954
31.80000000000018 3406.438093055954
31.90000000000018 3406.438093055954
32.00000000000018 3406.438093055954
32.10000000000019 3406.438093055954
32.20000000000019 3406.438093055954
32.30000000000019 3406.438093055954
32.40000000000019 3406.438093055954
32.50000000000019 3406.438093055954
32.60000000000019 3406.438093055954
32.70000000000019 3406.438093055954
32.8000000000002 3406.438093055954
32.9000000000002 3406.438093055954
33.0000000000002 3406.438093055954
33.1000000000002 3406.438093055954
33.2000000000002 3406.438093055954
33.3000000000002 3406.438093055954
33.4000000000002 3406.438093055954
33.50000000000021 3406.438093055954
33.60000000000021 3406.438093055954
33.70000000000021 3406.438093055954
33.80000000000021 3406.438093055954
33.90000000000021 3406.438093055954
34.00000000000021 3406.438093055954
34.10000000000021 3406.438093055954
34.20000000000022 3406.438093055954
34.30000000000022 3406.438093055954
34.40000000000022 3406.438093055954
34.50000000000022 3406.438093055954
34.60000000000022 3406.438093055954
34.70000000000022 3406.438093055954
34.80000000000022 3406.438093055954
34.90000000000023 3406.438093055954
35.00000000000023 3406.438093055954
35.10000000000023 3406.438093055954
35.20000000000023 3406.438093055954
35.30000000000023 3406.438093055954
35.40000000000023 3406.438093055954
35.50000000000023 3406.438093055954
35.60000000000024 3406.438093055954
35.70000000000024 3406.438093055954
35.80000000000024 3406.438093055954
35.90000000000024 3406.438093055954
36.00000000000024 3406.438093055954
36.10000000000024 3406.438093055954
36.20000000000024 3406.438093055954
36.30000000000025 3406.438093055954
36.40000000000025 3406.438093055954
36.50000000000025 3406.438093055954
36.60000000000025 3406.438093055954
36.70000000000025 3406.438093055954
36.80000000000025 3406.438093055954
36.90000000000025 3406.438093055954
37.00000000000026 3406.438093055954
37.10000000000026 3406.438093055954
37.20000000000026 3406.438093055954
37.30000000000026 3406.438093055954
37.40000000000026 3406.438093055954
37.50000000000026 3406.438093055954
37.60000000000026 3406.438093055954
37.70000000000027 3406.438093055954
37.80000000000027 3406.438093055954
37.90000000000027 3406.438093055954
38.00000000000027 3406.438093055954
38.10000000000027 3406.438093055954
38.20000000000027 3406.438093055954
38.30000000000027 3406.438093055954
38.40000000000028 3406.438093055954
38.50000000000028 3406.438093055954
38.60000000000028 3406.438093055954
38.70000000000028 3406.438093055954
38.80000000000028 3406.438093055954
38.90000000000028 3406.438093055954
39.00000000000028 3406.438093055954
39.10000000000029 3406.438093055954
39.20000000000029 3406.438093055954
39.30000000000029 3406.438093055954
39.40000000000029 3406.438093055954
39.50000000000029 3406.438093055954
39.60000000000029 3406.438093055954
39.70000000000029 3406.438093055954
39.8000000000003 3406.438093055954
39.9000000000003 3406.438093055954
40.0000000000003 3406.438093055954
40.1000000000003 3406.438093055954
40.2000000000003 3406.438093055954
40.3000000000003 3406.438093055954
40.4000000000003 3406.438093055954
40.50000000000031 3406.438093055954
40.60000000000031 3406.438093055954
40.70000000000031 3406.438093055954
40.80000000000031 3406.438093055954
40.90000000000031 3406.438093055954
41.00000000000031 3406.438093055954
41.10000000000031 3406.438093055954
41.20000000000032 3406.438093055954
41.30000000000032 3406.438093055954
41.40000000000032 3406.438093055954
41.50000000000032 3406.438093055954
41.60000000000032 3406.438093055954
41.70000000000032 3406.438093055954
41.80000000000032 3406.438093055954
41.90000000000033 3406.438093055954
42.00000000000033 3406.438093055954
42.10000000000033 3406.438093055954
42.20000000000033 3406.438093055954
42.30000000000033 3406.438093055954
42.40000000000033 3406.438093055954
42.50000000000033 3406.438093055954
42.60000000000034 3406.438093055954
42.70000000000034 3406.438093055954
42.80000000000034 3406.438093055954
42.90000000000034 3406.438093055954
43.00000000000034 3406.438093055954
43.10000000000034 3406.438093055954
43.20000000000034 3406.438093055954
43.30000000000035 3406.438093055954
43.40000000000035 3406.438093055954
43.50000000000035 3406.438093055954
43.60000000000035 3406.438093055954
43.70000000000035 3406.438093055954
43.80000000000035 3406.438093055954
43.90000000000035 3406.438093055954
44.00000000000036 3406.438093055954
44.10000000000036 3406.438093055954
44.20000000000036 3406.438093055954
44.30000000000036 3406.438093055954
44.40000000000036 3406.438093055954
44.50000000000036 3406.438093055954
44.60000000000036 3406.438093055954
44.70000000000037 3406.438093055954
44.80000000000037 3406.438093055954
44.90000000000037 3406.438093055954
45.00000000000037 3406.438093055954
45.10000000000037 3406.438093055954
45.20000000000037 3406.438093055954
45.30000000000037 3406.438093055954
45.40000000000038 3406.438093055954
45.50000000000038 3406.438093055954
45.60000000000038 3406.438093055954
45.70000000000038 3406.438093055954
45.80000000000038 3406.438093055954
45.90000000000038 3406.438093055954
46.00000000000038 3406.438093055954
46.10000000000039 3406.438093055954
46.20000000000039 3406.438093055954
46.30000000000039 3406.438093055954
46.40000000000039 3406.438093055954
46.50000000000039 3406.438093055954
46.60000000000039 3406.438093055954
46.70000000000039 3406.438093055954
46.8000000000004 3406.438093055954
46.9000000000004 3406.438093055954
47.0000000000004 3406.438093055954
47.1000000000004 3406.438093055954
47.2000000000004 3406.438093055954
47.3000000000004 3406.438093055954
47.4000000000004 3406.438093055954
47.50000000000041 3406.438093055954
47.60000000000041 3406.438093055954
47.70000000000041 3406.438093055954
47.80000000000041 3406.438093055954
47.90000000000041 3406.438093055954
48.00000000000041 3406.438093055954
48.10000000000041 3406.438093055954
48.20000000000041 3406.438093055954
48.30000000000042 3406.438093055954
48.40000000000042 3406.438093055954
48.50000000000042 3406.438093055954
48.60000000000042 3406.438093055954
48.70000000000042 3406.438093055954
48.80000000000042 3406.438093055954
48.90000000000042 3406.438093055954
49.00000000000043 3406.438093055954
49.10000000000043 3406.438093055954
49.20000000000043 3406.438093055954
49.30000000000043 3406.438093055954
49.40000000000043 3406.438093055954
49.50000000000043 3406.438093055954
49.60000000000043 3406.438093055954
49.70000000000044 3406.438093055954
49.80000000000044 3406.438093055954
49.90000000000044 3406.438093055954