Time X1
0 250
0.1 250.4908231496661
0.2 251.0283472803119
0.3 251.6168751912424
0.4 252.2619234832679
0.5 252.9690376566114
0.6 253.7444390768472
0.7 254.5949969295787
0.7999999999999999 255.5283490617616
0.8999999999999999 256.5530064768406
0.9999999999999999 257.6784976102078
1.1 258.9153894649699
1.2 260.2754778277811
1.3 261.7718821978984
1.4 263.4192758096223
1.5 265.2340630723781
1.6 267.2347378204087
1.7 269.4418118387146
1.8 271.8784961010141
1.900000000000001 274.5707329562112
2 277.5476750612951
2.100000000000001 280.8421306910859
2.200000000000001 284.4908027147432
2.300000000000001 288.5346949237515
2.400000000000001 293.0195254902569
2.500000000000001 297.9960745273581
2.600000000000001 303.5201916847005
2.700000000000001 309.6528402121697
2.800000000000001 316.4595457703349
2.900000000000001 324.0091747247439
3.000000000000001 332.3720223861289
3.100000000000001 341.6158120742705
3.200000000000002 351.8017742298708
3.300000000000002 362.9758822687376
3.400000000000002 375.1600807410991
3.500000000000002 388.3397903540744
3.600000000000002 402.4502432387694
3.700000000000002 417.3635745705199
3.800000000000002 432.8786741688144
3.900000000000002 448.7196117732389
4.000000000000002 464.5491851289678
4.100000000000001 479.9926084088749
4.200000000000001 494.6764232440517
4.300000000000001 508.2708373046764
4.4 520.5265939369548
4.5 531.2969833017036
4.6 540.5405503724633
4.699999999999999 548.3066926059307
4.799999999999999 554.7115124870907
4.899999999999999 559.9108419277591
4.999999999999998 564.0764924987619
5.099999999999998 567.3783333367011
5.199999999999998 569.9727818213948
5.299999999999997 571.9974226837866
5.399999999999997 573.5689026963095
5.499999999999996 574.7834987018796
5.599999999999996 575.7191891325689
5.699999999999996 576.4381974355443
5.799999999999995 576.989613512454
5.899999999999995 577.4118479766272
5.999999999999995 577.7348097813802
6.099999999999994 577.9816167821832
6.199999999999994 578.1700918131619
6.299999999999994 578.3139488667039
6.399999999999993 578.4237104947202
6.499999999999993 578.5074244488428
6.599999999999993 578.5712543689823
6.699999999999992 578.6199611644734
6.799999999999992 578.6570806367966
6.899999999999991 578.6853574455271
6.999999999999991 578.7068768654465
7.099999999999991 578.7233110106573
7.19999999999999 578.735802480489
7.29999999999999 578.7453222365634
7.39999999999999 578.7525639210979
7.499999999999989 578.7580779077309
7.599999999999989 578.7623087414892
7.699999999999989 578.7655582457473
7.799999999999988 578.7681440372994
7.899999999999988 578.7699338478203
7.999999999999988 578.7713698416702
8.099999999999987 578.7724877216643
8.199999999999987 578.7733031324666
8.299999999999986 578.7739197241378
8.399999999999986 578.774369620157
8.499999999999986 578.7747134748973
8.599999999999985 578.7749772637826
8.699999999999985 578.7751828205239
8.799999999999985 578.7753438967974
8.899999999999984 578.7754690429947
8.999999999999984 578.7755665101197
9.099999999999984 578.7756407518291
9.199999999999983 578.775698404606
9.299999999999983 578.7757417202341
9.399999999999983 578.7757755579569
9.499999999999982 578.7758009927732
9.599999999999982 578.7758209782318
9.699999999999982 578.7758360784435
9.799999999999981 578.7758479498285
9.899999999999981 578.7758569366299
9.99999999999998 578.7758639771766
10.09999999999998 578.7758706004718
10.19999999999998 578.7758787854381
10.29999999999998 578.7758859105148
10.39999999999998 578.7758919757021
10.49999999999998 578.7758969809998
10.59999999999998 578.7759009264081
10.69999999999998 578.7759038119268
10.79999999999998 578.7759056375562
10.89999999999998 578.7759064032959
10.99999999999998 578.7759061091463
11.09999999999998 578.7759047551071
11.19999999999998 578.7759023411785
11.29999999999998 578.7759008279374
11.39999999999998 578.7759017207563
11.49999999999998 578.7759023447458
11.59999999999997 578.7759026999057
11.69999999999997 578.7759027862363
11.79999999999997 578.7759026037373
11.89999999999997 578.7759021524089
11.99999999999997 578.775901432251
12.09999999999997 578.7759004432637
12.19999999999997 578.7758991854469
12.29999999999997 578.7758976588005
12.39999999999997 578.7758958633249
12.49999999999997 578.7758947133497
12.59999999999997 578.7758942181543
12.69999999999997 578.7758937229592
12.79999999999997 578.7758932277638
12.89999999999997 578.7758927325685
12.99999999999997 578.7758922373732
13.09999999999997 578.775891742178
13.19999999999997 578.7758912469827
13.29999999999997 578.7758907517874
13.39999999999997 578.7758902565922
13.49999999999997 578.7758897613969
13.59999999999997 578.7758892662016
13.69999999999997 578.7758890462039
13.79999999999997 578.7758890313723
13.89999999999997 578.7758890165408
13.99999999999997 578.7758890017092
14.09999999999997 578.7758889868775
14.19999999999997 578.7758889720459
14.29999999999997 578.7758889572143
14.39999999999996 578.7758889423827
14.49999999999996 578.7758889275511
14.59999999999996 578.7758889127194
14.69999999999996 578.7758888978879
14.79999999999996 578.7758888830563
14.89999999999996 578.7758888682247
14.99999999999996 578.775888853393
15.09999999999996 578.7758888385614
15.19999999999996 578.7758888237298
15.29999999999996 578.7758888088982
15.39999999999996 578.7758887940665
15.49999999999996 578.7758887792349
15.59999999999996 578.7758887644034
15.69999999999996 578.7758887495718
15.79999999999996 578.7758887347401
15.89999999999996 578.7758887199085
15.99999999999996 578.7758887050769
16.09999999999996 578.7758886902453
16.19999999999996 578.7758886754137
16.29999999999996 578.775888660582
16.39999999999996 578.7758886457505
16.49999999999996 578.7758886309189
16.59999999999997 578.7758886160873
16.69999999999997 578.7758886012556
16.79999999999997 578.775888586424
16.89999999999997 578.7758885715924
16.99999999999997 578.7758885567608
17.09999999999997 578.7758885419291
17.19999999999997 578.7758885270975
17.29999999999998 578.775888512266
17.39999999999998 578.7758884974344
17.49999999999998 578.7758884826027
17.59999999999998 578.7758884677711
17.69999999999998 578.7758884529395
17.79999999999998 578.7758884381079
17.89999999999998 578.7758884232763
17.99999999999999 578.7758884084446
18.09999999999999 578.7758883936131
18.19999999999999 578.7758883787815
18.29999999999999 578.7758883639499
18.39999999999999 578.7758883491182
18.49999999999999 578.7758883342866
18.59999999999999 578.775888319455
18.7 578.7758883046234
18.8 578.7758882897917
18.9 578.7758882749602
19 578.7758882601286
19.1 578.775888245297
19.2 578.7758882304653
19.3 578.7758882156337
19.40000000000001 578.7758882008021
19.50000000000001 578.7758881859705
19.60000000000001 578.7758881711389
19.70000000000001 578.7758881563072
19.80000000000001 578.7758881414757
19.90000000000001 578.7758881266441
20.00000000000001 578.7758881118125
20.10000000000002 578.7758880969808
20.20000000000002 578.7758880821492
20.30000000000002 578.7758880673176
20.40000000000002 578.775888052486
20.50000000000002 578.7758880376543
20.60000000000002 578.7758880228228
20.70000000000002 578.7758880079912
20.80000000000003 578.7758879931596
20.90000000000003 578.7758879783279
21.00000000000003 578.7758879634963
21.10000000000003 578.7758879486647
21.20000000000003 578.7758879338331
21.30000000000003 578.7758879190015
21.40000000000003 578.7758879041698
21.50000000000004 578.7758878893383
21.60000000000004 578.7758878745067
21.70000000000004 578.7758878596751
21.80000000000004 578.7758878448434
21.90000000000004 578.7758878300118
22.00000000000004 578.7758878151802
22.10000000000004 578.7758878003486
22.20000000000005 578.7758877855169
22.30000000000005 578.7758877706854
22.40000000000005 578.7758877558538
22.50000000000005 578.7758877410222
22.60000000000005 578.7758877261905
22.70000000000005 578.7758877113589
22.80000000000005 578.7758876965273
22.90000000000006 578.7758876816957
23.00000000000006 578.7758876668642
23.10000000000006 578.7758876520325
23.20000000000006 578.7758876372009
23.30000000000006 578.7758876223693
23.40000000000006 578.7758876075377
23.50000000000006 578.775887592706
23.60000000000007 578.7758875778744
23.70000000000007 578.7758875630428
23.80000000000007 578.7758875482112
23.90000000000007 578.7758875333795
24.00000000000007 578.775887518548
24.10000000000007 578.7758875037164
24.20000000000007 578.7758874888848
24.30000000000008 578.7758874740531
24.40000000000008 578.7758874592215
24.50000000000008 578.7758874443899
24.60000000000008 578.7758874295583
24.70000000000008 578.7758874147268
24.80000000000008 578.7758873998951
24.90000000000008 578.7758873850635
25.00000000000009 578.7758873702319
25.10000000000009 578.7758873554003
25.20000000000009 578.7758873405686
25.30000000000009 578.775887325737
25.40000000000009 578.7758873109054
25.50000000000009 578.7758872960738
25.60000000000009 578.7758872873599
25.7000000000001 578.7758872869155
25.8000000000001 578.7758872864712
25.9000000000001 578.7758872860269
26.0000000000001 578.7758872855825
26.1000000000001 578.7758872851382
26.2000000000001 578.7758872846939
26.3000000000001 578.7758872842496
26.40000000000011 578.7758872838052
26.50000000000011 578.7758872833609
26.60000000000011 578.7758872829166
26.70000000000011 578.7758872824722
26.80000000000011 578.775887282028
26.90000000000011 578.7758872815837
27.00000000000011 578.7758872811393
27.10000000000012 578.775887280695
27.20000000000012 578.7758872802507
27.30000000000012 578.7758872798063
27.40000000000012 578.775887279362
27.50000000000012 578.7758872789177
27.60000000000012 578.7758872784734
27.70000000000012 578.775887278029
27.80000000000013 578.7758872775847
27.90000000000013 578.7758872771404
28.00000000000013 578.775887276696
28.10000000000013 578.7758872762518
28.20000000000013 578.7758872758075
28.30000000000013 578.7758872753631
28.40000000000013 578.7758872749188
28.50000000000014 578.7758872744745
28.60000000000014 578.7758872740302
28.70000000000014 578.7758872735858
28.80000000000014 578.7758872731415
28.90000000000014 578.7758872726972
29.00000000000014 578.7758872722528
29.10000000000014 578.7758872718085
29.20000000000014 578.7758872713642
29.30000000000015 578.7758872709198
29.40000000000015 578.7758872704756
29.50000000000015 578.7758872700313
29.60000000000015 578.7758872695869
29.70000000000015 578.7758872691426
29.80000000000015 578.7758872686983
29.90000000000015 578.775887268254
30.00000000000016 578.7758872678096
30.10000000000016 578.7758872673653
30.20000000000016 578.775887266921
30.30000000000016 578.7758872664766
30.40000000000016 578.7758872660323
30.50000000000016 578.775887265588
30.60000000000016 578.7758872651436
30.70000000000017 578.7758872646993
30.80000000000017 578.7758872642551
30.90000000000017 578.7758872638108
31.00000000000017 578.7758872633664
31.10000000000017 578.7758872629221
31.20000000000017 578.7758872624778
31.30000000000017 578.7758872620334
31.40000000000018 578.7758872615891
31.50000000000018 578.7758872611448
31.60000000000018 578.7758872607004
31.70000000000018 578.7758872602561
31.80000000000018 578.7758872598118
31.90000000000018 578.7758872593674
32.00000000000018 578.7758872589231
32.10000000000019 578.7758872584789
32.20000000000019 578.7758872580346
32.30000000000019 578.7758872575902
32.40000000000019 578.7758872571459
32.50000000000019 578.7758872567016
32.60000000000019 578.7758872562572
32.70000000000019 578.7758872558129
32.8000000000002 578.7758872553686
32.9000000000002 578.7758872549242
33.0000000000002 578.7758872544799
33.1000000000002 578.7758872540356
33.2000000000002 578.7758872535912
33.3000000000002 578.7758872531469
33.4000000000002 578.7758872527027
33.50000000000021 578.7758872522584
33.60000000000021 578.775887251814
33.70000000000021 578.7758872513697
33.80000000000021 578.7758872509254
33.90000000000021 578.775887250481
34.00000000000021 578.7758872500367
34.10000000000021 578.7758872495924
34.20000000000022 578.775887249148
34.30000000000022 578.7758872487037
34.40000000000022 578.7758872482594
34.50000000000022 578.7758872478151
34.60000000000022 578.7758872473707
34.70000000000022 578.7758872469265
34.80000000000022 578.7758872464822
34.90000000000023 578.7758872460378
35.00000000000023 578.7758872455935
35.10000000000023 578.7758872451492
35.20000000000023 578.7758872447048
35.30000000000023 578.7758872442605
35.40000000000023 578.7758872438162
35.50000000000023 578.7758872433718
35.60000000000024 578.7758872429275
35.70000000000024 578.7758872424832
35.80000000000024 578.7758872420389
35.90000000000024 578.7758872415945
36.00000000000024 578.7758872411503
36.10000000000024 578.775887240706
36.20000000000024 578.7758872402616
36.30000000000025 578.7758872398173
36.40000000000025 578.775887239373
36.50000000000025 578.7758872389286
36.60000000000025 578.7758872384843
36.70000000000025 578.77588723804
36.80000000000025 578.7758872375957
36.90000000000025 578.7758872371513
37.00000000000026 578.775887236707
37.10000000000026 578.7758872362627
37.20000000000026 578.7758872358183
37.30000000000026 578.7758872353741
37.40000000000026 578.7758872349298
37.50000000000026 578.7758872346084
37.60000000000026 578.7758872346069
37.70000000000027 578.7758872346055
37.80000000000027 578.7758872346042
37.90000000000027 578.7758872346028
38.00000000000027 578.7758872346014
38.10000000000027 578.7758872346001
38.20000000000027 578.7758872345987
38.30000000000027 578.7758872345973
38.40000000000028 578.775887234596
38.50000000000028 578.7758872345946
38.60000000000028 578.7758872345933
38.70000000000028 578.7758872345919
38.80000000000028 578.7758872345905
38.90000000000028 578.7758872345892
39.00000000000028 578.7758872345878
39.10000000000029 578.7758872345864
39.20000000000029 578.7758872345851
39.30000000000029 578.7758872345837
39.40000000000029 578.7758872345823
39.50000000000029 578.775887234581
39.60000000000029 578.7758872345796
39.70000000000029 578.7758872345782
39.8000000000003 578.7758872345769
39.9000000000003 578.7758872345755
40.0000000000003 578.7758872345742
40.1000000000003 578.7758872345728
40.2000000000003 578.7758872345714
40.3000000000003 578.77588723457
40.4000000000003 578.7758872345686
40.50000000000031 578.7758872345672
40.60000000000031 578.7758872345659
40.70000000000031 578.7758872345645
40.80000000000031 578.7758872345631
40.90000000000031 578.7758872345618
41.00000000000031 578.7758872345604
41.10000000000031 578.775887234559
41.20000000000032 578.7758872345577
41.30000000000032 578.7758872345563
41.40000000000032 578.7758872345549
41.50000000000032 578.7758872345536
41.60000000000032 578.7758872345522
41.70000000000032 578.7758872345509
41.80000000000032 578.7758872345495
41.90000000000033 578.7758872345481
42.00000000000033 578.7758872345468
42.10000000000033 578.7758872345454
42.20000000000033 578.775887234544
42.30000000000033 578.7758872345427
42.40000000000033 578.7758872345413
42.50000000000033 578.7758872345399
42.60000000000034 578.7758872345386
42.70000000000034 578.7758872345372
42.80000000000034 578.7758872345358
42.90000000000034 578.7758872345345
43.00000000000034 578.775887234533
43.10000000000034 578.7758872345316
43.20000000000034 578.7758872345303
43.30000000000035 578.7758872345289
43.40000000000035 578.7758872345275
43.50000000000035 578.7758872345262
43.60000000000035 578.7758872345248
43.70000000000035 578.7758872345235
43.80000000000035 578.7758872345221
43.90000000000035 578.7758872345207
44.00000000000036 578.7758872345194
44.10000000000036 578.775887234518
44.20000000000036 578.7758872345166
44.30000000000036 578.7758872345153
44.40000000000036 578.7758872345139
44.50000000000036 578.7758872345125
44.60000000000036 578.7758872345112
44.70000000000037 578.7758872345098
44.80000000000037 578.7758872345084
44.90000000000037 578.7758872345071
45.00000000000037 578.7758872345057
45.10000000000037 578.7758872345044
45.20000000000037 578.775887234503
45.30000000000037 578.7758872345016
45.40000000000038 578.7758872345003
45.50000000000038 578.7758872344989
45.60000000000038 578.7758872344975
45.70000000000038 578.7758872344961
45.80000000000038 578.7758872344947
45.90000000000038 578.7758872344933
46.00000000000038 578.775887234492
46.10000000000039 578.7758872344906
46.20000000000039 578.7758872344892
46.30000000000039 578.7758872344879
46.40000000000039 578.7758872344865
46.50000000000039 578.7758872344851
46.60000000000039 578.7758872344838
46.70000000000039 578.7758872344824
46.8000000000004 578.775887234481
46.9000000000004 578.7758872344797
47.0000000000004 578.7758872344783
47.1000000000004 578.775887234477
47.2000000000004 578.7758872344756
47.3000000000004 578.7758872344742
47.4000000000004 578.7758872344729
47.50000000000041 578.7758872344715
47.60000000000041 578.7758872344701
47.70000000000041 578.7758872344688
47.80000000000041 578.7758872344674
47.90000000000041 578.775887234466
48.00000000000041 578.7758872344647
48.10000000000041 578.7758872344633
48.20000000000041 578.7758872344619
48.30000000000042 578.7758872344606
48.40000000000042 578.7758872344591
48.50000000000042 578.7758872344577
48.60000000000042 578.7758872344564
48.70000000000042 578.775887234455
48.80000000000042 578.7758872344536
48.90000000000042 578.7758872344523
49.00000000000043 578.7758872344509
49.10000000000043 578.7758872344496
49.20000000000043 578.7758872344482
49.30000000000043 578.7758872344468
49.40000000000043 578.7758872344455
49.50000000000043 578.7758872344441
49.60000000000043 578.7758872344427
49.70000000000044 578.7758872344414
49.80000000000044 578.77588723444
49.90000000000044 578.7758872344386