Time X1
0 250
0.1 293.7810922994177
0.2 293.7810922993198
0.3 293.7810922993198
0.4 293.7810922993198
0.5 293.7810922993198
0.6 293.7810922993198
0.7 293.7810922993198
0.7999999999999999 293.7810922993198
0.8999999999999999 293.7810922993198
0.9999999999999999 293.7810922993198
1.1 293.7810922993198
1.2 293.7810922993198
1.3 293.7810922993198
1.4 293.7810922993198
1.5 293.7810922993198
1.6 293.7810922993198
1.7 293.7810922993198
1.8 293.7810922993198
1.900000000000001 293.7810922993198
2 293.7810922993198
2.100000000000001 293.7810922993198
2.200000000000001 293.7810922993198
2.300000000000001 293.7810922993198
2.400000000000001 293.7810922993198
2.500000000000001 293.7810922993198
2.600000000000001 293.7810922993198
2.700000000000001 293.7810922993198
2.800000000000001 293.7810922993198
2.900000000000001 293.7810922993198
3.000000000000001 293.7810922993198
3.100000000000001 293.7810922993198
3.200000000000002 293.7810922993198
3.300000000000002 293.7810922993198
3.400000000000002 293.7810922993198
3.500000000000002 293.7810922993198
3.600000000000002 293.7810922993198
3.700000000000002 293.7810922993198
3.800000000000002 293.7810922993198
3.900000000000002 293.7810922993198
4.000000000000002 293.7810922993198
4.100000000000001 293.7810922993198
4.200000000000001 293.7810922993198
4.300000000000001 293.7810922993198
4.4 293.7810922993198
4.5 293.7810922993198
4.6 293.7810922993198
4.699999999999999 293.7810922993198
4.799999999999999 293.7810922993198
4.899999999999999 293.7810922993198
4.999999999999998 293.7810922993198
5.099999999999998 293.7810922993198
5.199999999999998 293.7810922993198
5.299999999999997 293.7810922993198
5.399999999999997 293.7810922993198
5.499999999999996 293.7810922993198
5.599999999999996 293.7810922993198
5.699999999999996 293.7810922993198
5.799999999999995 293.7810922993198
5.899999999999995 293.7810922993198
5.999999999999995 293.7810922993198
6.099999999999994 293.7810922993198
6.199999999999994 293.7810922993198
6.299999999999994 293.7810922993198
6.399999999999993 293.7810922993198
6.499999999999993 293.7810922993198
6.599999999999993 293.7810922993198
6.699999999999992 293.7810922993198
6.799999999999992 293.7810922993198
6.899999999999991 293.7810922993198
6.999999999999991 293.7810922993198
7.099999999999991 293.7810922993198
7.19999999999999 293.7810922993198
7.29999999999999 293.7810922993198
7.39999999999999 293.7810922993198
7.499999999999989 293.7810922993198
7.599999999999989 293.7810922993198
7.699999999999989 293.7810922993198
7.799999999999988 293.7810922993198
7.899999999999988 293.7810922993198
7.999999999999988 293.7810922993198
8.099999999999987 293.7810922993198
8.199999999999987 293.7810922993198
8.299999999999986 293.7810922993198
8.399999999999986 293.7810922993198
8.499999999999986 293.7810922993198
8.599999999999985 293.7810922993198
8.699999999999985 293.7810922993198
8.799999999999985 293.7810922993198
8.899999999999984 293.7810922993198
8.999999999999984 293.7810922993198
9.099999999999984 293.7810922993198
9.199999999999983 293.7810922993198
9.299999999999983 293.7810922993198
9.399999999999983 293.7810922993198
9.499999999999982 293.7810922993198
9.599999999999982 293.7810922993198
9.699999999999982 293.7810922993198
9.799999999999981 293.7810922993198
9.899999999999981 293.7810922993198
9.99999999999998 293.7810922993198
10.09999999999998 293.7810922993198
10.19999999999998 293.7810922993198
10.29999999999998 293.7810922993198
10.39999999999998 293.7810922993198
10.49999999999998 293.7810922993198
10.59999999999998 293.7810922993198
10.69999999999998 293.7810922993198
10.79999999999998 293.7810922993198
10.89999999999998 293.7810922993198
10.99999999999998 293.7810922993198
11.09999999999998 293.7810922993198
11.19999999999998 293.7810922993198
11.29999999999998 293.7810922993198
11.39999999999998 293.7810922993198
11.49999999999998 293.7810922993198
11.59999999999997 293.7810922993198
11.69999999999997 293.7810922993198
11.79999999999997 293.7810922993198
11.89999999999997 293.7810922993198
11.99999999999997 293.7810922993198
12.09999999999997 293.7810922993198
12.19999999999997 293.7810922993198
12.29999999999997 293.7810922993198
12.39999999999997 293.7810922993198
12.49999999999997 293.7810922993198
12.59999999999997 293.7810922993198
12.69999999999997 293.7810922993198
12.79999999999997 293.7810922993198
12.89999999999997 293.7810922993198
12.99999999999997 293.7810922993198
13.09999999999997 293.7810922993198
13.19999999999997 293.7810922993198
13.29999999999997 293.7810922993198
13.39999999999997 293.7810922993198
13.49999999999997 293.7810922993198
13.59999999999997 293.7810922993198
13.69999999999997 293.7810922993198
13.79999999999997 293.7810922993198
13.89999999999997 293.7810922993198
13.99999999999997 293.7810922993198
14.09999999999997 293.7810922993198
14.19999999999997 293.7810922993198
14.29999999999997 293.7810922993198
14.39999999999996 293.7810922993198
14.49999999999996 293.7810922993198
14.59999999999996 293.7810922993198
14.69999999999996 293.7810922993198
14.79999999999996 293.7810922993198
14.89999999999996 293.7810922993198
14.99999999999996 293.7810922993198
15.09999999999996 293.7810922993198
15.19999999999996 293.7810922993198
15.29999999999996 293.7810922993198
15.39999999999996 293.7810922993198
15.49999999999996 293.7810922993198
15.59999999999996 293.7810922993198
15.69999999999996 293.7810922993198
15.79999999999996 293.7810922993198
15.89999999999996 293.7810922993198
15.99999999999996 293.7810922993198
16.09999999999996 293.7810922993198
16.19999999999996 293.7810922993198
16.29999999999996 293.7810922993198
16.39999999999996 293.7810922993198
16.49999999999996 293.7810922993198
16.59999999999997 293.7810922993198
16.69999999999997 293.7810922993198
16.79999999999997 293.7810922993198
16.89999999999997 293.7810922993198
16.99999999999997 293.7810922993198
17.09999999999997 293.7810922993198
17.19999999999997 293.7810922993198
17.29999999999998 293.7810922993198
17.39999999999998 293.7810922993198
17.49999999999998 293.7810922993198
17.59999999999998 293.7810922993198
17.69999999999998 293.7810922993198
17.79999999999998 293.7810922993198
17.89999999999998 293.7810922993198
17.99999999999999 293.7810922993198
18.09999999999999 293.7810922993198
18.19999999999999 293.7810922993198
18.29999999999999 293.7810922993198
18.39999999999999 293.7810922993198
18.49999999999999 293.7810922993198
18.59999999999999 293.7810922993198
18.7 293.7810922993198
18.8 293.7810922993198
18.9 293.7810922993198
19 293.7810922993198
19.1 293.7810922993198
19.2 293.7810922993198
19.3 293.7810922993198
19.40000000000001 293.7810922993198
19.50000000000001 293.7810922993198
19.60000000000001 293.7810922993198
19.70000000000001 293.7810922993198
19.80000000000001 293.7810922993198
19.90000000000001 293.7810922993198
20.00000000000001 293.7810922993198
20.10000000000002 293.7810922993198
20.20000000000002 293.7810922993198
20.30000000000002 293.7810922993198
20.40000000000002 293.7810922993198
20.50000000000002 293.7810922993198
20.60000000000002 293.7810922993198
20.70000000000002 293.7810922993198
20.80000000000003 293.7810922993198
20.90000000000003 293.7810922993198
21.00000000000003 293.7810922993198
21.10000000000003 293.7810922993198
21.20000000000003 293.7810922993198
21.30000000000003 293.7810922993198
21.40000000000003 293.7810922993198
21.50000000000004 293.7810922993198
21.60000000000004 293.7810922993198
21.70000000000004 293.7810922993198
21.80000000000004 293.7810922993198
21.90000000000004 293.7810922993198
22.00000000000004 293.7810922993198
22.10000000000004 293.7810922993198
22.20000000000005 293.7810922993198
22.30000000000005 293.7810922993198
22.40000000000005 293.7810922993198
22.50000000000005 293.7810922993198
22.60000000000005 293.7810922993198
22.70000000000005 293.7810922993198
22.80000000000005 293.7810922993198
22.90000000000006 293.7810922993198
23.00000000000006 293.7810922993198
23.10000000000006 293.7810922993198
23.20000000000006 293.7810922993198
23.30000000000006 293.7810922993198
23.40000000000006 293.7810922993198
23.50000000000006 293.7810922993198
23.60000000000007 293.7810922993198
23.70000000000007 293.7810922993198
23.80000000000007 293.7810922993198
23.90000000000007 293.7810922993198
24.00000000000007 293.7810922993198
24.10000000000007 293.7810922993198
24.20000000000007 293.7810922993198
24.30000000000008 293.7810922993198
24.40000000000008 293.7810922993198
24.50000000000008 293.7810922993198
24.60000000000008 293.7810922993198
24.70000000000008 293.7810922993198
24.80000000000008 293.7810922993198
24.90000000000008 293.7810922993198
25.00000000000009 293.7810922993198
25.10000000000009 293.7810922993198
25.20000000000009 293.7810922993198
25.30000000000009 293.7810922993198
25.40000000000009 293.7810922993198
25.50000000000009 293.7810922993198
25.60000000000009 293.7810922993198
25.7000000000001 293.7810922993198
25.8000000000001 293.7810922993198
25.9000000000001 293.7810922993198
26.0000000000001 293.7810922993198
26.1000000000001 293.7810922993198
26.2000000000001 293.7810922993198
26.3000000000001 293.7810922993198
26.40000000000011 293.7810922993198
26.50000000000011 293.7810922993198
26.60000000000011 293.7810922993198
26.70000000000011 293.7810922993198
26.80000000000011 293.7810922993198
26.90000000000011 293.7810922993198
27.00000000000011 293.7810922993198
27.10000000000012 293.7810922993198
27.20000000000012 293.7810922993198
27.30000000000012 293.7810922993198
27.40000000000012 293.7810922993198
27.50000000000012 293.7810922993198
27.60000000000012 293.7810922993198
27.70000000000012 293.7810922993198
27.80000000000013 293.7810922993198
27.90000000000013 293.7810922993198
28.00000000000013 293.7810922993198
28.10000000000013 293.7810922993198
28.20000000000013 293.7810922993198
28.30000000000013 293.7810922993198
28.40000000000013 293.7810922993198
28.50000000000014 293.7810922993198
28.60000000000014 293.7810922993198
28.70000000000014 293.7810922993198
28.80000000000014 293.7810922993198
28.90000000000014 293.7810922993198
29.00000000000014 293.7810922993198
29.10000000000014 293.7810922993198
29.20000000000014 293.7810922993198
29.30000000000015 293.7810922993198
29.40000000000015 293.7810922993198
29.50000000000015 293.7810922993198
29.60000000000015 293.7810922993198
29.70000000000015 293.7810922993198
29.80000000000015 293.7810922993198
29.90000000000015 293.7810922993198
30.00000000000016 293.7810922993198
30.10000000000016 293.7810922993198
30.20000000000016 293.7810922993198
30.30000000000016 293.7810922993198
30.40000000000016 293.7810922993198
30.50000000000016 293.7810922993198
30.60000000000016 293.7810922993198
30.70000000000017 293.7810922993198
30.80000000000017 293.7810922993198
30.90000000000017 293.7810922993198
31.00000000000017 293.7810922993198
31.10000000000017 293.7810922993198
31.20000000000017 293.7810922993198
31.30000000000017 293.7810922993198
31.40000000000018 293.7810922993198
31.50000000000018 293.7810922993198
31.60000000000018 293.7810922993198
31.70000000000018 293.7810922993198
31.80000000000018 293.7810922993198
31.90000000000018 293.7810922993198
32.00000000000018 293.7810922993198
32.10000000000019 293.7810922993198
32.20000000000019 293.7810922993198
32.30000000000019 293.7810922993198
32.40000000000019 293.7810922993198
32.50000000000019 293.7810922993198
32.60000000000019 293.7810922993198
32.70000000000019 293.7810922993198
32.8000000000002 293.7810922993198
32.9000000000002 293.7810922993198
33.0000000000002 293.7810922993198
33.1000000000002 293.7810922993198
33.2000000000002 293.7810922993198
33.3000000000002 293.7810922993198
33.4000000000002 293.7810922993198
33.50000000000021 293.7810922993198
33.60000000000021 293.7810922993198
33.70000000000021 293.7810922993198
33.80000000000021 293.7810922993198
33.90000000000021 293.7810922993198
34.00000000000021 293.7810922993198
34.10000000000021 293.7810922993198
34.20000000000022 293.7810922993198
34.30000000000022 293.7810922993198
34.40000000000022 293.7810922993198
34.50000000000022 293.7810922993198
34.60000000000022 293.7810922993198
34.70000000000022 293.7810922993198
34.80000000000022 293.7810922993198
34.90000000000023 293.7810922993198
35.00000000000023 293.7810922993198
35.10000000000023 293.7810922993198
35.20000000000023 293.7810922993198
35.30000000000023 293.7810922993198
35.40000000000023 293.7810922993198
35.50000000000023 293.7810922993198
35.60000000000024 293.7810922993198
35.70000000000024 293.7810922993198
35.80000000000024 293.7810922993198
35.90000000000024 293.7810922993198
36.00000000000024 293.7810922993198
36.10000000000024 293.7810922993198
36.20000000000024 293.7810922993198
36.30000000000025 293.7810922993198
36.40000000000025 293.7810922993198
36.50000000000025 293.7810922993198
36.60000000000025 293.7810922993198
36.70000000000025 293.7810922993198
36.80000000000025 293.7810922993198
36.90000000000025 293.7810922993198
37.00000000000026 293.7810922993198
37.10000000000026 293.7810922993198
37.20000000000026 293.7810922993198
37.30000000000026 293.7810922993198
37.40000000000026 293.7810922993198
37.50000000000026 293.7810922993198
37.60000000000026 293.7810922993198
37.70000000000027 293.7810922993198
37.80000000000027 293.7810922993198
37.90000000000027 293.7810922993198
38.00000000000027 293.7810922993198
38.10000000000027 293.7810922993198
38.20000000000027 293.7810922993198
38.30000000000027 293.7810922993198
38.40000000000028 293.7810922993198
38.50000000000028 293.7810922993198
38.60000000000028 293.7810922993198
38.70000000000028 293.7810922993198
38.80000000000028 293.7810922993198
38.90000000000028 293.7810922993198
39.00000000000028 293.7810922993198
39.10000000000029 293.7810922993198
39.20000000000029 293.7810922993198
39.30000000000029 293.7810922993198
39.40000000000029 293.7810922993198
39.50000000000029 293.7810922993198
39.60000000000029 293.7810922993198
39.70000000000029 293.7810922993198
39.8000000000003 293.7810922993198
39.9000000000003 293.7810922993198
40.0000000000003 293.7810922993198
40.1000000000003 293.7810922993198
40.2000000000003 293.7810922993198
40.3000000000003 293.7810922993198
40.4000000000003 293.7810922993198
40.50000000000031 293.7810922993198
40.60000000000031 293.7810922993198
40.70000000000031 293.7810922993198
40.80000000000031 293.7810922993198
40.90000000000031 293.7810922993198
41.00000000000031 293.7810922993198
41.10000000000031 293.7810922993198
41.20000000000032 293.7810922993198
41.30000000000032 293.7810922993198
41.40000000000032 293.7810922993198
41.50000000000032 293.7810922993198
41.60000000000032 293.7810922993198
41.70000000000032 293.7810922993198
41.80000000000032 293.7810922993198
41.90000000000033 293.7810922993198
42.00000000000033 293.7810922993198
42.10000000000033 293.7810922993198
42.20000000000033 293.7810922993198
42.30000000000033 293.7810922993198
42.40000000000033 293.7810922993198
42.50000000000033 293.7810922993198
42.60000000000034 293.7810922993198
42.70000000000034 293.7810922993198
42.80000000000034 293.7810922993198
42.90000000000034 293.7810922993198
43.00000000000034 293.7810922993198
43.10000000000034 293.7810922993198
43.20000000000034 293.7810922993198
43.30000000000035 293.7810922993198
43.40000000000035 293.7810922993198
43.50000000000035 293.7810922993198
43.60000000000035 293.7810922993198
43.70000000000035 293.7810922993198
43.80000000000035 293.7810922993198
43.90000000000035 293.7810922993198
44.00000000000036 293.7810922993198
44.10000000000036 293.7810922993198
44.20000000000036 293.7810922993198
44.30000000000036 293.7810922993198
44.40000000000036 293.7810922993198
44.50000000000036 293.7810922993198
44.60000000000036 293.7810922993198
44.70000000000037 293.7810922993198
44.80000000000037 293.7810922993198
44.90000000000037 293.7810922993198
45.00000000000037 293.7810922993198
45.10000000000037 293.7810922993198
45.20000000000037 293.7810922993198
45.30000000000037 293.7810922993198
45.40000000000038 293.7810922993198
45.50000000000038 293.7810922993198
45.60000000000038 293.7810922993198
45.70000000000038 293.7810922993198
45.80000000000038 293.7810922993198
45.90000000000038 293.7810922993198
46.00000000000038 293.7810922993198
46.10000000000039 293.7810922993198
46.20000000000039 293.7810922993198
46.30000000000039 293.7810922993198
46.40000000000039 293.7810922993198
46.50000000000039 293.7810922993198
46.60000000000039 293.7810922993198
46.70000000000039 293.7810922993198
46.8000000000004 293.7810922993198
46.9000000000004 293.7810922993198
47.0000000000004 293.7810922993198
47.1000000000004 293.7810922993198
47.2000000000004 293.7810922993198
47.3000000000004 293.7810922993198
47.4000000000004 293.7810922993198
47.50000000000041 293.7810922993198
47.60000000000041 293.7810922993198
47.70000000000041 293.7810922993198
47.80000000000041 293.7810922993198
47.90000000000041 293.7810922993198
48.00000000000041 293.7810922993198
48.10000000000041 293.7810922993198
48.20000000000041 293.7810922993198
48.30000000000042 293.7810922993198
48.40000000000042 293.7810922993198
48.50000000000042 293.7810922993198
48.60000000000042 293.7810922993198
48.70000000000042 293.7810922993198
48.80000000000042 293.7810922993198
48.90000000000042 293.7810922993198
49.00000000000043 293.7810922993198
49.10000000000043 293.7810922993198
49.20000000000043 293.7810922993198
49.30000000000043 293.7810922993198
49.40000000000043 293.7810922993198
49.50000000000043 293.7810922993198
49.60000000000043 293.7810922993198
49.70000000000044 293.7810922993198
49.80000000000044 293.7810922993198
49.90000000000044 293.7810922993198