Time X1
0 250
0.1 47.5745307667076
0.2 47.57453076675894
0.3 47.57453076675913
0.4 47.57453076675913
0.5 47.57453076675913
0.6 47.57453076675914
0.7 47.57453076675914
0.7999999999999999 47.57453076675914
0.8999999999999999 47.57453076675914
0.9999999999999999 47.57453076675914
1.1 47.57453076675914
1.2 47.57453076675915
1.3 47.57453076675915
1.4 47.57453076675915
1.5 47.57453076675915
1.6 47.57453076675915
1.7 47.57453076675915
1.8 47.57453076675915
1.900000000000001 47.57453076675915
2 47.57453076675915
2.100000000000001 47.57453076675915
2.200000000000001 47.57453076675915
2.300000000000001 47.57453076675915
2.400000000000001 47.57453076675915
2.500000000000001 47.57453076675915
2.600000000000001 47.57453076675915
2.700000000000001 47.57453076675915
2.800000000000001 47.57453076675915
2.900000000000001 47.57453076675915
3.000000000000001 47.57453076675915
3.100000000000001 47.57453076675915
3.200000000000002 47.57453076675915
3.300000000000002 47.57453076675915
3.400000000000002 47.57453076675915
3.500000000000002 47.57453076675915
3.600000000000002 47.57453076675915
3.700000000000002 47.57453076675915
3.800000000000002 47.57453076675915
3.900000000000002 47.57453076675915
4.000000000000002 47.57453076675915
4.100000000000001 47.57453076675915
4.200000000000001 47.57453076675915
4.300000000000001 47.57453076675915
4.4 47.57453076675915
4.5 47.57453076675915
4.6 47.57453076675915
4.699999999999999 47.57453076675915
4.799999999999999 47.57453076675915
4.899999999999999 47.57453076675915
4.999999999999998 47.57453076675915
5.099999999999998 47.57453076675915
5.199999999999998 47.57453076675915
5.299999999999997 47.57453076675915
5.399999999999997 47.57453076675915
5.499999999999996 47.57453076675915
5.599999999999996 47.57453076675915
5.699999999999996 47.57453076675915
5.799999999999995 47.57453076675915
5.899999999999995 47.57453076675915
5.999999999999995 47.57453076675915
6.099999999999994 47.57453076675915
6.199999999999994 47.57453076675915
6.299999999999994 47.57453076675915
6.399999999999993 47.57453076675915
6.499999999999993 47.57453076675915
6.599999999999993 47.57453076675915
6.699999999999992 47.57453076675915
6.799999999999992 47.57453076675915
6.899999999999991 47.57453076675915
6.999999999999991 47.57453076675915
7.099999999999991 47.57453076675915
7.19999999999999 47.57453076675915
7.29999999999999 47.57453076675915
7.39999999999999 47.57453076675915
7.499999999999989 47.57453076675915
7.599999999999989 47.57453076675915
7.699999999999989 47.57453076675915
7.799999999999988 47.57453076675915
7.899999999999988 47.57453076675915
7.999999999999988 47.57453076675915
8.099999999999987 47.57453076675915
8.199999999999987 47.57453076675915
8.299999999999986 47.57453076675915
8.399999999999986 47.57453076675915
8.499999999999986 47.57453076675915
8.599999999999985 47.57453076675915
8.699999999999985 47.57453076675915
8.799999999999985 47.57453076675915
8.899999999999984 47.57453076675915
8.999999999999984 47.57453076675915
9.099999999999984 47.57453076675915
9.199999999999983 47.57453076675915
9.299999999999983 47.57453076675915
9.399999999999983 47.57453076675915
9.499999999999982 47.57453076675915
9.599999999999982 47.57453076675915
9.699999999999982 47.57453076675915
9.799999999999981 47.57453076675915
9.899999999999981 47.57453076675915
9.99999999999998 47.57453076675915
10.09999999999998 47.57453076675915
10.19999999999998 47.57453076675915
10.29999999999998 47.57453076675915
10.39999999999998 47.57453076675915
10.49999999999998 47.57453076675915
10.59999999999998 47.57453076675915
10.69999999999998 47.57453076675915
10.79999999999998 47.57453076675915
10.89999999999998 47.57453076675915
10.99999999999998 47.57453076675915
11.09999999999998 47.57453076675915
11.19999999999998 47.57453076675915
11.29999999999998 47.57453076675915
11.39999999999998 47.57453076675915
11.49999999999998 47.57453076675915
11.59999999999997 47.57453076675915
11.69999999999997 47.57453076675915
11.79999999999997 47.57453076675915
11.89999999999997 47.57453076675915
11.99999999999997 47.57453076675915
12.09999999999997 47.57453076675915
12.19999999999997 47.57453076675915
12.29999999999997 47.57453076675915
12.39999999999997 47.57453076675915
12.49999999999997 47.57453076675915
12.59999999999997 47.57453076675915
12.69999999999997 47.57453076675915
12.79999999999997 47.57453076675915
12.89999999999997 47.57453076675915
12.99999999999997 47.57453076675915
13.09999999999997 47.57453076675915
13.19999999999997 47.57453076675915
13.29999999999997 47.57453076675915
13.39999999999997 47.57453076675915
13.49999999999997 47.57453076675915
13.59999999999997 47.57453076675915
13.69999999999997 47.57453076675915
13.79999999999997 47.57453076675915
13.89999999999997 47.57453076675915
13.99999999999997 47.57453076675915
14.09999999999997 47.57453076675915
14.19999999999997 47.57453076675915
14.29999999999997 47.57453076675915
14.39999999999996 47.57453076675915
14.49999999999996 47.57453076675915
14.59999999999996 47.57453076675915
14.69999999999996 47.57453076675915
14.79999999999996 47.57453076675915
14.89999999999996 47.57453076675915
14.99999999999996 47.57453076675915
15.09999999999996 47.57453076675915
15.19999999999996 47.57453076675915
15.29999999999996 47.57453076675915
15.39999999999996 47.57453076675915
15.49999999999996 47.57453076675915
15.59999999999996 47.57453076675915
15.69999999999996 47.57453076675915
15.79999999999996 47.57453076675915
15.89999999999996 47.57453076675915
15.99999999999996 47.57453076675915
16.09999999999996 47.57453076675915
16.19999999999996 47.57453076675915
16.29999999999996 47.57453076675915
16.39999999999996 47.57453076675915
16.49999999999996 47.57453076675915
16.59999999999997 47.57453076675915
16.69999999999997 47.57453076675915
16.79999999999997 47.57453076675915
16.89999999999997 47.57453076675915
16.99999999999997 47.57453076675915
17.09999999999997 47.57453076675915
17.19999999999997 47.57453076675915
17.29999999999998 47.57453076675915
17.39999999999998 47.57453076675915
17.49999999999998 47.57453076675915
17.59999999999998 47.57453076675915
17.69999999999998 47.57453076675915
17.79999999999998 47.57453076675915
17.89999999999998 47.57453076675915
17.99999999999999 47.57453076675915
18.09999999999999 47.57453076675915
18.19999999999999 47.57453076675915
18.29999999999999 47.57453076675915
18.39999999999999 47.57453076675915
18.49999999999999 47.57453076675915
18.59999999999999 47.57453076675915
18.7 47.57453076675915
18.8 47.57453076675915
18.9 47.57453076675915
19 47.57453076675915
19.1 47.57453076675915
19.2 47.57453076675915
19.3 47.57453076675915
19.40000000000001 47.57453076675915
19.50000000000001 47.57453076675915
19.60000000000001 47.57453076675915
19.70000000000001 47.57453076675915
19.80000000000001 47.57453076675915
19.90000000000001 47.57453076675915
20.00000000000001 47.57453076675915
20.10000000000002 47.57453076675915
20.20000000000002 47.57453076675915
20.30000000000002 47.57453076675915
20.40000000000002 47.57453076675915
20.50000000000002 47.57453076675915
20.60000000000002 47.57453076675915
20.70000000000002 47.57453076675915
20.80000000000003 47.57453076675915
20.90000000000003 47.57453076675915
21.00000000000003 47.57453076675915
21.10000000000003 47.57453076675915
21.20000000000003 47.57453076675915
21.30000000000003 47.57453076675915
21.40000000000003 47.57453076675915
21.50000000000004 47.57453076675915
21.60000000000004 47.57453076675915
21.70000000000004 47.57453076675915
21.80000000000004 47.57453076675915
21.90000000000004 47.57453076675915
22.00000000000004 47.57453076675915
22.10000000000004 47.57453076675915
22.20000000000005 47.57453076675915
22.30000000000005 47.57453076675915
22.40000000000005 47.57453076675915
22.50000000000005 47.57453076675915
22.60000000000005 47.57453076675915
22.70000000000005 47.57453076675915
22.80000000000005 47.57453076675915
22.90000000000006 47.57453076675915
23.00000000000006 47.57453076675915
23.10000000000006 47.57453076675915
23.20000000000006 47.57453076675915
23.30000000000006 47.57453076675915
23.40000000000006 47.57453076675915
23.50000000000006 47.57453076675915
23.60000000000007 47.57453076675915
23.70000000000007 47.57453076675915
23.80000000000007 47.57453076675915
23.90000000000007 47.57453076675915
24.00000000000007 47.57453076675915
24.10000000000007 47.57453076675915
24.20000000000007 47.57453076675915
24.30000000000008 47.57453076675915
24.40000000000008 47.57453076675915
24.50000000000008 47.57453076675915
24.60000000000008 47.57453076675915
24.70000000000008 47.57453076675915
24.80000000000008 47.57453076675915
24.90000000000008 47.57453076675915
25.00000000000009 47.57453076675915
25.10000000000009 47.57453076675915
25.20000000000009 47.57453076675915
25.30000000000009 47.57453076675915
25.40000000000009 47.57453076675915
25.50000000000009 47.57453076675915
25.60000000000009 47.57453076675915
25.7000000000001 47.57453076675915
25.8000000000001 47.57453076675915
25.9000000000001 47.57453076675915
26.0000000000001 47.57453076675915
26.1000000000001 47.57453076675915
26.2000000000001 47.57453076675915
26.3000000000001 47.57453076675915
26.40000000000011 47.57453076675915
26.50000000000011 47.57453076675915
26.60000000000011 47.57453076675915
26.70000000000011 47.57453076675915
26.80000000000011 47.57453076675915
26.90000000000011 47.57453076675915
27.00000000000011 47.57453076675915
27.10000000000012 47.57453076675915
27.20000000000012 47.57453076675915
27.30000000000012 47.57453076675915
27.40000000000012 47.57453076675915
27.50000000000012 47.57453076675915
27.60000000000012 47.57453076675915
27.70000000000012 47.57453076675915
27.80000000000013 47.57453076675915
27.90000000000013 47.57453076675915
28.00000000000013 47.57453076675915
28.10000000000013 47.57453076675915
28.20000000000013 47.57453076675915
28.30000000000013 47.57453076675915
28.40000000000013 47.57453076675915
28.50000000000014 47.57453076675915
28.60000000000014 47.57453076675915
28.70000000000014 47.57453076675915
28.80000000000014 47.57453076675915
28.90000000000014 47.57453076675915
29.00000000000014 47.57453076675915
29.10000000000014 47.57453076675915
29.20000000000014 47.57453076675915
29.30000000000015 47.57453076675915
29.40000000000015 47.57453076675915
29.50000000000015 47.57453076675915
29.60000000000015 47.57453076675915
29.70000000000015 47.57453076675915
29.80000000000015 47.57453076675915
29.90000000000015 47.57453076675915
30.00000000000016 47.57453076675915
30.10000000000016 47.57453076675915
30.20000000000016 47.57453076675915
30.30000000000016 47.57453076675915
30.40000000000016 47.57453076675915
30.50000000000016 47.57453076675915
30.60000000000016 47.57453076675915
30.70000000000017 47.57453076675915
30.80000000000017 47.57453076675915
30.90000000000017 47.57453076675915
31.00000000000017 47.57453076675915
31.10000000000017 47.57453076675915
31.20000000000017 47.57453076675915
31.30000000000017 47.57453076675915
31.40000000000018 47.57453076675915
31.50000000000018 47.57453076675915
31.60000000000018 47.57453076675915
31.70000000000018 47.57453076675915
31.80000000000018 47.57453076675915
31.90000000000018 47.57453076675915
32.00000000000018 47.57453076675915
32.10000000000019 47.57453076675915
32.20000000000019 47.57453076675915
32.30000000000019 47.57453076675915
32.40000000000019 47.57453076675915
32.50000000000019 47.57453076675915
32.60000000000019 47.57453076675915
32.70000000000019 47.57453076675915
32.8000000000002 47.57453076675915
32.9000000000002 47.57453076675915
33.0000000000002 47.57453076675915
33.1000000000002 47.57453076675915
33.2000000000002 47.57453076675915
33.3000000000002 47.57453076675915
33.4000000000002 47.57453076675915
33.50000000000021 47.57453076675915
33.60000000000021 47.57453076675915
33.70000000000021 47.57453076675915
33.80000000000021 47.57453076675915
33.90000000000021 47.57453076675915
34.00000000000021 47.57453076675915
34.10000000000021 47.57453076675915
34.20000000000022 47.57453076675915
34.30000000000022 47.57453076675915
34.40000000000022 47.57453076675915
34.50000000000022 47.57453076675915
34.60000000000022 47.57453076675915
34.70000000000022 47.57453076675915
34.80000000000022 47.57453076675915
34.90000000000023 47.57453076675915
35.00000000000023 47.57453076675915
35.10000000000023 47.57453076675915
35.20000000000023 47.57453076675915
35.30000000000023 47.57453076675915
35.40000000000023 47.57453076675915
35.50000000000023 47.57453076675915
35.60000000000024 47.57453076675915
35.70000000000024 47.57453076675915
35.80000000000024 47.57453076675915
35.90000000000024 47.57453076675915
36.00000000000024 47.57453076675915
36.10000000000024 47.57453076675915
36.20000000000024 47.57453076675915
36.30000000000025 47.57453076675915
36.40000000000025 47.57453076675915
36.50000000000025 47.57453076675915
36.60000000000025 47.57453076675915
36.70000000000025 47.57453076675915
36.80000000000025 47.57453076675915
36.90000000000025 47.57453076675915
37.00000000000026 47.57453076675915
37.10000000000026 47.57453076675915
37.20000000000026 47.57453076675915
37.30000000000026 47.57453076675915
37.40000000000026 47.57453076675915
37.50000000000026 47.57453076675915
37.60000000000026 47.57453076675915
37.70000000000027 47.57453076675915
37.80000000000027 47.57453076675915
37.90000000000027 47.57453076675915
38.00000000000027 47.57453076675915
38.10000000000027 47.57453076675915
38.20000000000027 47.57453076675915
38.30000000000027 47.57453076675915
38.40000000000028 47.57453076675915
38.50000000000028 47.57453076675915
38.60000000000028 47.57453076675915
38.70000000000028 47.57453076675915
38.80000000000028 47.57453076675915
38.90000000000028 47.57453076675915
39.00000000000028 47.57453076675915
39.10000000000029 47.57453076675915
39.20000000000029 47.57453076675915
39.30000000000029 47.57453076675915
39.40000000000029 47.57453076675915
39.50000000000029 47.57453076675915
39.60000000000029 47.57453076675915
39.70000000000029 47.57453076675915
39.8000000000003 47.57453076675915
39.9000000000003 47.57453076675915
40.0000000000003 47.57453076675915
40.1000000000003 47.57453076675915
40.2000000000003 47.57453076675915
40.3000000000003 47.57453076675915
40.4000000000003 47.57453076675915
40.50000000000031 47.57453076675915
40.60000000000031 47.57453076675915
40.70000000000031 47.57453076675915
40.80000000000031 47.57453076675915
40.90000000000031 47.57453076675915
41.00000000000031 47.57453076675915
41.10000000000031 47.57453076675915
41.20000000000032 47.57453076675915
41.30000000000032 47.57453076675915
41.40000000000032 47.57453076675915
41.50000000000032 47.57453076675915
41.60000000000032 47.57453076675915
41.70000000000032 47.57453076675915
41.80000000000032 47.57453076675915
41.90000000000033 47.57453076675915
42.00000000000033 47.57453076675915
42.10000000000033 47.57453076675915
42.20000000000033 47.57453076675915
42.30000000000033 47.57453076675915
42.40000000000033 47.57453076675915
42.50000000000033 47.57453076675915
42.60000000000034 47.57453076675915
42.70000000000034 47.57453076675915
42.80000000000034 47.57453076675915
42.90000000000034 47.57453076675915
43.00000000000034 47.57453076675915
43.10000000000034 47.57453076675915
43.20000000000034 47.57453076675915
43.30000000000035 47.57453076675915
43.40000000000035 47.57453076675915
43.50000000000035 47.57453076675915
43.60000000000035 47.57453076675915
43.70000000000035 47.57453076675915
43.80000000000035 47.57453076675915
43.90000000000035 47.57453076675915
44.00000000000036 47.57453076675915
44.10000000000036 47.57453076675915
44.20000000000036 47.57453076675915
44.30000000000036 47.57453076675915
44.40000000000036 47.57453076675915
44.50000000000036 47.57453076675915
44.60000000000036 47.57453076675915
44.70000000000037 47.57453076675915
44.80000000000037 47.57453076675915
44.90000000000037 47.57453076675915
45.00000000000037 47.57453076675915
45.10000000000037 47.57453076675915
45.20000000000037 47.57453076675915
45.30000000000037 47.57453076675915
45.40000000000038 47.57453076675915
45.50000000000038 47.57453076675915
45.60000000000038 47.57453076675915
45.70000000000038 47.57453076675915
45.80000000000038 47.57453076675915
45.90000000000038 47.57453076675915
46.00000000000038 47.57453076675915
46.10000000000039 47.57453076675915
46.20000000000039 47.57453076675915
46.30000000000039 47.57453076675915
46.40000000000039 47.57453076675915
46.50000000000039 47.57453076675915
46.60000000000039 47.57453076675915
46.70000000000039 47.57453076675915
46.8000000000004 47.57453076675915
46.9000000000004 47.57453076675915
47.0000000000004 47.57453076675915
47.1000000000004 47.57453076675915
47.2000000000004 47.57453076675915
47.3000000000004 47.57453076675915
47.4000000000004 47.57453076675915
47.50000000000041 47.57453076675915
47.60000000000041 47.57453076675915
47.70000000000041 47.57453076675915
47.80000000000041 47.57453076675915
47.90000000000041 47.57453076675915
48.00000000000041 47.57453076675915
48.10000000000041 47.57453076675915
48.20000000000041 47.57453076675915
48.30000000000042 47.57453076675915
48.40000000000042 47.57453076675915
48.50000000000042 47.57453076675915
48.60000000000042 47.57453076675915
48.70000000000042 47.57453076675915
48.80000000000042 47.57453076675915
48.90000000000042 47.57453076675915
49.00000000000043 47.57453076675915
49.10000000000043 47.57453076675915
49.20000000000043 47.57453076675915
49.30000000000043 47.57453076675915
49.40000000000043 47.57453076675915
49.50000000000043 47.57453076675915
49.60000000000043 47.57453076675915
49.70000000000044 47.57453076675915
49.80000000000044 47.57453076675915
49.90000000000044 47.57453076675915