Time X1
0 250
0.1 531.3025663128312
0.2 531.3025663128312
0.3 531.3025663128312
0.4 531.3025663128312
0.5 531.3025663128312
0.6 531.3025663128311
0.7 531.3025663128311
0.7999999999999999 531.3025663128311
0.8999999999999999 531.3025663128311
0.9999999999999999 531.3025663128311
1.1 531.3025663128311
1.2 531.3025663128311
1.3 531.3025663128311
1.4 531.3025663128311
1.5 531.3025663128311
1.6 531.3025663128311
1.7 531.3025663128311
1.8 531.3025663128311
1.900000000000001 531.3025663128311
2 531.3025663128311
2.100000000000001 531.3025663128311
2.200000000000001 531.3025663128311
2.300000000000001 531.3025663128311
2.400000000000001 531.3025663128311
2.500000000000001 531.3025663128311
2.600000000000001 531.3025663128311
2.700000000000001 531.3025663128311
2.800000000000001 531.3025663128311
2.900000000000001 531.3025663128311
3.000000000000001 531.3025663128311
3.100000000000001 531.3025663128311
3.200000000000002 531.3025663128311
3.300000000000002 531.3025663128311
3.400000000000002 531.3025663128311
3.500000000000002 531.3025663128312
3.600000000000002 531.3025663128312
3.700000000000002 531.3025663128312
3.800000000000002 531.3025663128312
3.900000000000002 531.3025663128312
4.000000000000002 531.3025663128312
4.100000000000001 531.3025663128312
4.200000000000001 531.3025663128312
4.300000000000001 531.3025663128312
4.4 531.3025663128312
4.5 531.3025663128312
4.6 531.3025663128312
4.699999999999999 531.3025663128312
4.799999999999999 531.3025663128312
4.899999999999999 531.3025663128312
4.999999999999998 531.3025663128312
5.099999999999998 531.3025663128312
5.199999999999998 531.3025663128312
5.299999999999997 531.3025663128312
5.399999999999997 531.3025663128312
5.499999999999996 531.3025663128312
5.599999999999996 531.3025663128312
5.699999999999996 531.3025663128312
5.799999999999995 531.3025663128312
5.899999999999995 531.3025663128312
5.999999999999995 531.3025663128312
6.099999999999994 531.3025663128312
6.199999999999994 531.3025663128312
6.299999999999994 531.3025663128312
6.399999999999993 531.3025663128312
6.499999999999993 531.3025663128312
6.599999999999993 531.3025663128312
6.699999999999992 531.3025663128312
6.799999999999992 531.3025663128312
6.899999999999991 531.3025663128312
6.999999999999991 531.3025663128312
7.099999999999991 531.3025663128312
7.19999999999999 531.3025663128312
7.29999999999999 531.3025663128312
7.39999999999999 531.3025663128312
7.499999999999989 531.3025663128312
7.599999999999989 531.3025663128312
7.699999999999989 531.3025663128312
7.799999999999988 531.3025663128312
7.899999999999988 531.3025663128312
7.999999999999988 531.3025663128312
8.099999999999987 531.3025663128312
8.199999999999987 531.3025663128312
8.299999999999986 531.3025663128312
8.399999999999986 531.3025663128312
8.499999999999986 531.3025663128312
8.599999999999985 531.3025663128312
8.699999999999985 531.3025663128312
8.799999999999985 531.3025663128312
8.899999999999984 531.3025663128312
8.999999999999984 531.3025663128312
9.099999999999984 531.3025663128312
9.199999999999983 531.3025663128312
9.299999999999983 531.3025663128311
9.399999999999983 531.3025663128311
9.499999999999982 531.3025663128311
9.599999999999982 531.3025663128311
9.699999999999982 531.3025663128311
9.799999999999981 531.3025663128311
9.899999999999981 531.3025663128311
9.99999999999998 531.3025663128311
10.09999999999998 531.3025663128311
10.19999999999998 531.3025663128311
10.29999999999998 531.3025663128311
10.39999999999998 531.3025663128311
10.49999999999998 531.3025663128311
10.59999999999998 531.3025663128311
10.69999999999998 531.3025663128311
10.79999999999998 531.3025663128311
10.89999999999998 531.3025663128311
10.99999999999998 531.3025663128311
11.09999999999998 531.3025663128311
11.19999999999998 531.3025663128311
11.29999999999998 531.3025663128311
11.39999999999998 531.3025663128311
11.49999999999998 531.3025663128311
11.59999999999997 531.3025663128311
11.69999999999997 531.3025663128311
11.79999999999997 531.3025663128311
11.89999999999997 531.3025663128311
11.99999999999997 531.3025663128311
12.09999999999997 531.3025663128311
12.19999999999997 531.3025663128311
12.29999999999997 531.3025663128311
12.39999999999997 531.3025663128311
12.49999999999997 531.3025663128311
12.59999999999997 531.3025663128311
12.69999999999997 531.3025663128311
12.79999999999997 531.3025663128311
12.89999999999997 531.3025663128311
12.99999999999997 531.3025663128311
13.09999999999997 531.3025663128311
13.19999999999997 531.3025663128311
13.29999999999997 531.3025663128311
13.39999999999997 531.3025663128311
13.49999999999997 531.3025663128311
13.59999999999997 531.3025663128311
13.69999999999997 531.3025663128311
13.79999999999997 531.3025663128311
13.89999999999997 531.3025663128311
13.99999999999997 531.3025663128311
14.09999999999997 531.3025663128311
14.19999999999997 531.3025663128311
14.29999999999997 531.3025663128311
14.39999999999996 531.3025663128311
14.49999999999996 531.3025663128311
14.59999999999996 531.3025663128311
14.69999999999996 531.3025663128311
14.79999999999996 531.3025663128311
14.89999999999996 531.3025663128311
14.99999999999996 531.3025663128311
15.09999999999996 531.3025663128311
15.19999999999996 531.3025663128311
15.29999999999996 531.3025663128311
15.39999999999996 531.3025663128311
15.49999999999996 531.3025663128311
15.59999999999996 531.3025663128311
15.69999999999996 531.3025663128311
15.79999999999996 531.3025663128311
15.89999999999996 531.3025663128311
15.99999999999996 531.3025663128311
16.09999999999996 531.3025663128311
16.19999999999996 531.3025663128311
16.29999999999996 531.3025663128311
16.39999999999996 531.3025663128311
16.49999999999996 531.3025663128311
16.59999999999997 531.3025663128311
16.69999999999997 531.3025663128311
16.79999999999997 531.3025663128311
16.89999999999997 531.3025663128311
16.99999999999997 531.3025663128311
17.09999999999997 531.3025663128311
17.19999999999997 531.3025663128311
17.29999999999998 531.3025663128311
17.39999999999998 531.3025663128311
17.49999999999998 531.3025663128311
17.59999999999998 531.3025663128311
17.69999999999998 531.3025663128311
17.79999999999998 531.3025663128311
17.89999999999998 531.3025663128311
17.99999999999999 531.3025663128311
18.09999999999999 531.3025663128311
18.19999999999999 531.3025663128311
18.29999999999999 531.3025663128311
18.39999999999999 531.3025663128311
18.49999999999999 531.3025663128311
18.59999999999999 531.3025663128311
18.7 531.3025663128311
18.8 531.3025663128311
18.9 531.3025663128311
19 531.3025663128311
19.1 531.3025663128311
19.2 531.3025663128311
19.3 531.3025663128311
19.40000000000001 531.3025663128311
19.50000000000001 531.3025663128311
19.60000000000001 531.3025663128311
19.70000000000001 531.3025663128311
19.80000000000001 531.3025663128311
19.90000000000001 531.3025663128311
20.00000000000001 531.3025663128311
20.10000000000002 531.3025663128311
20.20000000000002 531.3025663128311
20.30000000000002 531.3025663128311
20.40000000000002 531.3025663128311
20.50000000000002 531.3025663128311
20.60000000000002 531.3025663128311
20.70000000000002 531.3025663128311
20.80000000000003 531.3025663128311
20.90000000000003 531.3025663128311
21.00000000000003 531.3025663128311
21.10000000000003 531.3025663128311
21.20000000000003 531.3025663128311
21.30000000000003 531.3025663128311
21.40000000000003 531.3025663128311
21.50000000000004 531.3025663128311
21.60000000000004 531.3025663128311
21.70000000000004 531.3025663128311
21.80000000000004 531.3025663128311
21.90000000000004 531.3025663128311
22.00000000000004 531.3025663128311
22.10000000000004 531.3025663128311
22.20000000000005 531.3025663128311
22.30000000000005 531.3025663128311
22.40000000000005 531.3025663128311
22.50000000000005 531.3025663128311
22.60000000000005 531.3025663128311
22.70000000000005 531.3025663128311
22.80000000000005 531.3025663128311
22.90000000000006 531.3025663128311
23.00000000000006 531.3025663128311
23.10000000000006 531.3025663128311
23.20000000000006 531.3025663128311
23.30000000000006 531.3025663128311
23.40000000000006 531.3025663128311
23.50000000000006 531.3025663128311
23.60000000000007 531.3025663128311
23.70000000000007 531.3025663128311
23.80000000000007 531.3025663128311
23.90000000000007 531.3025663128311
24.00000000000007 531.3025663128311
24.10000000000007 531.3025663128311
24.20000000000007 531.3025663128311
24.30000000000008 531.3025663128311
24.40000000000008 531.3025663128311
24.50000000000008 531.3025663128311
24.60000000000008 531.3025663128311
24.70000000000008 531.3025663128311
24.80000000000008 531.3025663128311
24.90000000000008 531.3025663128311
25.00000000000009 531.3025663128311
25.10000000000009 531.3025663128311
25.20000000000009 531.3025663128311
25.30000000000009 531.3025663128311
25.40000000000009 531.3025663128311
25.50000000000009 531.3025663128311
25.60000000000009 531.3025663128311
25.7000000000001 531.3025663128311
25.8000000000001 531.3025663128311
25.9000000000001 531.3025663128311
26.0000000000001 531.3025663128311
26.1000000000001 531.3025663128311
26.2000000000001 531.3025663128311
26.3000000000001 531.3025663128311
26.40000000000011 531.3025663128311
26.50000000000011 531.3025663128311
26.60000000000011 531.3025663128311
26.70000000000011 531.3025663128311
26.80000000000011 531.3025663128311
26.90000000000011 531.3025663128311
27.00000000000011 531.3025663128311
27.10000000000012 531.3025663128311
27.20000000000012 531.3025663128311
27.30000000000012 531.3025663128311
27.40000000000012 531.3025663128311
27.50000000000012 531.3025663128311
27.60000000000012 531.3025663128311
27.70000000000012 531.3025663128311
27.80000000000013 531.3025663128311
27.90000000000013 531.3025663128311
28.00000000000013 531.3025663128311
28.10000000000013 531.3025663128311
28.20000000000013 531.3025663128311
28.30000000000013 531.3025663128311
28.40000000000013 531.3025663128311
28.50000000000014 531.3025663128311
28.60000000000014 531.3025663128311
28.70000000000014 531.3025663128311
28.80000000000014 531.3025663128311
28.90000000000014 531.3025663128311
29.00000000000014 531.3025663128311
29.10000000000014 531.3025663128311
29.20000000000014 531.3025663128311
29.30000000000015 531.3025663128311
29.40000000000015 531.3025663128311
29.50000000000015 531.3025663128311
29.60000000000015 531.3025663128311
29.70000000000015 531.3025663128311
29.80000000000015 531.3025663128311
29.90000000000015 531.3025663128311
30.00000000000016 531.3025663128311
30.10000000000016 531.3025663128311
30.20000000000016 531.3025663128311
30.30000000000016 531.3025663128311
30.40000000000016 531.3025663128311
30.50000000000016 531.3025663128311
30.60000000000016 531.3025663128311
30.70000000000017 531.3025663128311
30.80000000000017 531.3025663128311
30.90000000000017 531.3025663128311
31.00000000000017 531.3025663128311
31.10000000000017 531.3025663128311
31.20000000000017 531.3025663128311
31.30000000000017 531.3025663128311
31.40000000000018 531.3025663128311
31.50000000000018 531.3025663128311
31.60000000000018 531.3025663128311
31.70000000000018 531.3025663128311
31.80000000000018 531.3025663128311
31.90000000000018 531.3025663128311
32.00000000000018 531.3025663128311
32.10000000000019 531.3025663128311
32.20000000000019 531.3025663128311
32.30000000000019 531.3025663128311
32.40000000000019 531.3025663128311
32.50000000000019 531.3025663128311
32.60000000000019 531.3025663128311
32.70000000000019 531.3025663128311
32.8000000000002 531.3025663128311
32.9000000000002 531.3025663128311
33.0000000000002 531.3025663128311
33.1000000000002 531.3025663128311
33.2000000000002 531.3025663128311
33.3000000000002 531.3025663128311
33.4000000000002 531.3025663128311
33.50000000000021 531.3025663128311
33.60000000000021 531.3025663128311
33.70000000000021 531.3025663128311
33.80000000000021 531.3025663128311
33.90000000000021 531.3025663128311
34.00000000000021 531.3025663128311
34.10000000000021 531.3025663128311
34.20000000000022 531.3025663128311
34.30000000000022 531.3025663128311
34.40000000000022 531.3025663128311
34.50000000000022 531.3025663128311
34.60000000000022 531.3025663128311
34.70000000000022 531.3025663128311
34.80000000000022 531.3025663128311
34.90000000000023 531.3025663128311
35.00000000000023 531.3025663128311
35.10000000000023 531.3025663128311
35.20000000000023 531.3025663128311
35.30000000000023 531.3025663128311
35.40000000000023 531.3025663128311
35.50000000000023 531.3025663128311
35.60000000000024 531.3025663128311
35.70000000000024 531.3025663128311
35.80000000000024 531.3025663128311
35.90000000000024 531.3025663128311
36.00000000000024 531.3025663128311
36.10000000000024 531.3025663128311
36.20000000000024 531.3025663128311
36.30000000000025 531.3025663128311
36.40000000000025 531.3025663128311
36.50000000000025 531.3025663128311
36.60000000000025 531.3025663128311
36.70000000000025 531.3025663128311
36.80000000000025 531.3025663128311
36.90000000000025 531.3025663128311
37.00000000000026 531.3025663128311
37.10000000000026 531.3025663128311
37.20000000000026 531.3025663128311
37.30000000000026 531.3025663128311
37.40000000000026 531.3025663128311
37.50000000000026 531.3025663128311
37.60000000000026 531.3025663128311
37.70000000000027 531.3025663128311
37.80000000000027 531.3025663128311
37.90000000000027 531.3025663128311
38.00000000000027 531.3025663128311
38.10000000000027 531.3025663128311
38.20000000000027 531.3025663128311
38.30000000000027 531.3025663128311
38.40000000000028 531.3025663128311
38.50000000000028 531.3025663128311
38.60000000000028 531.3025663128311
38.70000000000028 531.3025663128311
38.80000000000028 531.3025663128311
38.90000000000028 531.3025663128311
39.00000000000028 531.3025663128311
39.10000000000029 531.3025663128311
39.20000000000029 531.3025663128311
39.30000000000029 531.3025663128311
39.40000000000029 531.3025663128311
39.50000000000029 531.3025663128311
39.60000000000029 531.3025663128311
39.70000000000029 531.3025663128311
39.8000000000003 531.3025663128311
39.9000000000003 531.3025663128311
40.0000000000003 531.3025663128311
40.1000000000003 531.3025663128311
40.2000000000003 531.3025663128311
40.3000000000003 531.3025663128311
40.4000000000003 531.3025663128311
40.50000000000031 531.3025663128311
40.60000000000031 531.3025663128311
40.70000000000031 531.3025663128311
40.80000000000031 531.3025663128311
40.90000000000031 531.3025663128311
41.00000000000031 531.3025663128311
41.10000000000031 531.3025663128311
41.20000000000032 531.3025663128311
41.30000000000032 531.3025663128311
41.40000000000032 531.3025663128311
41.50000000000032 531.3025663128311
41.60000000000032 531.3025663128311
41.70000000000032 531.3025663128311
41.80000000000032 531.3025663128311
41.90000000000033 531.3025663128311
42.00000000000033 531.3025663128311
42.10000000000033 531.3025663128311
42.20000000000033 531.3025663128311
42.30000000000033 531.3025663128311
42.40000000000033 531.3025663128311
42.50000000000033 531.3025663128311
42.60000000000034 531.3025663128311
42.70000000000034 531.3025663128311
42.80000000000034 531.3025663128311
42.90000000000034 531.3025663128311
43.00000000000034 531.3025663128311
43.10000000000034 531.3025663128311
43.20000000000034 531.3025663128311
43.30000000000035 531.3025663128311
43.40000000000035 531.3025663128311
43.50000000000035 531.3025663128311
43.60000000000035 531.3025663128311
43.70000000000035 531.3025663128311
43.80000000000035 531.3025663128311
43.90000000000035 531.3025663128311
44.00000000000036 531.3025663128311
44.10000000000036 531.3025663128311
44.20000000000036 531.3025663128311
44.30000000000036 531.3025663128311
44.40000000000036 531.3025663128311
44.50000000000036 531.3025663128311
44.60000000000036 531.3025663128311
44.70000000000037 531.3025663128311
44.80000000000037 531.3025663128311
44.90000000000037 531.3025663128311
45.00000000000037 531.3025663128311
45.10000000000037 531.3025663128311
45.20000000000037 531.3025663128311
45.30000000000037 531.3025663128311
45.40000000000038 531.3025663128311
45.50000000000038 531.3025663128311
45.60000000000038 531.3025663128311
45.70000000000038 531.3025663128311
45.80000000000038 531.3025663128311
45.90000000000038 531.3025663128311
46.00000000000038 531.3025663128311
46.10000000000039 531.3025663128311
46.20000000000039 531.3025663128311
46.30000000000039 531.3025663128311
46.40000000000039 531.3025663128311
46.50000000000039 531.3025663128311
46.60000000000039 531.3025663128311
46.70000000000039 531.3025663128311
46.8000000000004 531.3025663128311
46.9000000000004 531.3025663128311
47.0000000000004 531.3025663128311
47.1000000000004 531.3025663128311
47.2000000000004 531.3025663128311
47.3000000000004 531.3025663128311
47.4000000000004 531.3025663128311
47.50000000000041 531.3025663128311
47.60000000000041 531.3025663128311
47.70000000000041 531.3025663128311
47.80000000000041 531.3025663128311
47.90000000000041 531.3025663128311
48.00000000000041 531.3025663128311
48.10000000000041 531.3025663128311
48.20000000000041 531.3025663128311
48.30000000000042 531.3025663128311
48.40000000000042 531.3025663128311
48.50000000000042 531.3025663128311
48.60000000000042 531.3025663128311
48.70000000000042 531.3025663128311
48.80000000000042 531.3025663128311
48.90000000000042 531.3025663128311
49.00000000000043 531.3025663128311
49.10000000000043 531.3025663128311
49.20000000000043 531.3025663128311
49.30000000000043 531.3025663128311
49.40000000000043 531.3025663128311
49.50000000000043 531.3025663128311
49.60000000000043 531.3025663128311
49.70000000000044 531.3025663128311
49.80000000000044 531.3025663128311
49.90000000000044 531.3025663128311