Time X1
0 250
0.1 250.0311761896877
0.2 250.0311761896468
0.3 250.0311761896467
0.4 250.0311761896467
0.5 250.0311761896467
0.6 250.0311761896467
0.7 250.0311761896467
0.7999999999999999 250.0311761896467
0.8999999999999999 250.0311761896467
0.9999999999999999 250.0311761896467
1.1 250.0311761896467
1.2 250.0311761896467
1.3 250.0311761896467
1.4 250.0311761896467
1.5 250.0311761896467
1.6 250.0311761896467
1.7 250.0311761896467
1.8 250.0311761896467
1.900000000000001 250.0311761896467
2 250.0311761896467
2.100000000000001 250.0311761896467
2.200000000000001 250.0311761896467
2.300000000000001 250.0311761896467
2.400000000000001 250.0311761896467
2.500000000000001 250.0311761896467
2.600000000000001 250.0311761896467
2.700000000000001 250.0311761896467
2.800000000000001 250.0311761896467
2.900000000000001 250.0311761896467
3.000000000000001 250.0311761896467
3.100000000000001 250.0311761896467
3.200000000000002 250.0311761896467
3.300000000000002 250.0311761896467
3.400000000000002 250.0311761896467
3.500000000000002 250.0311761896467
3.600000000000002 250.0311761896467
3.700000000000002 250.0311761896467
3.800000000000002 250.0311761896467
3.900000000000002 250.0311761896467
4.000000000000002 250.0311761896467
4.100000000000001 250.0311761896467
4.200000000000001 250.0311761896467
4.300000000000001 250.0311761896467
4.4 250.0311761896467
4.5 250.0311761896467
4.6 250.0311761896467
4.699999999999999 250.0311761896467
4.799999999999999 250.0311761896467
4.899999999999999 250.0311761896467
4.999999999999998 250.0311761896467
5.099999999999998 250.0311761896467
5.199999999999998 250.0311761896467
5.299999999999997 250.0311761896467
5.399999999999997 250.0311761896467
5.499999999999996 250.0311761896467
5.599999999999996 250.0311761896467
5.699999999999996 250.0311761896467
5.799999999999995 250.0311761896467
5.899999999999995 250.0311761896467
5.999999999999995 250.0311761896467
6.099999999999994 250.0311761896467
6.199999999999994 250.0311761896467
6.299999999999994 250.0311761896467
6.399999999999993 250.0311761896467
6.499999999999993 250.0311761896467
6.599999999999993 250.0311761896467
6.699999999999992 250.0311761896467
6.799999999999992 250.0311761896467
6.899999999999991 250.0311761896467
6.999999999999991 250.0311761896467
7.099999999999991 250.0311761896467
7.19999999999999 250.0311761896467
7.29999999999999 250.0311761896467
7.39999999999999 250.0311761896467
7.499999999999989 250.0311761896467
7.599999999999989 250.0311761896467
7.699999999999989 250.0311761896467
7.799999999999988 250.0311761896467
7.899999999999988 250.0311761896467
7.999999999999988 250.0311761896467
8.099999999999987 250.0311761896467
8.199999999999987 250.0311761896467
8.299999999999986 250.0311761896467
8.399999999999986 250.0311761896467
8.499999999999986 250.0311761896467
8.599999999999985 250.0311761896467
8.699999999999985 250.0311761896467
8.799999999999985 250.0311761896467
8.899999999999984 250.0311761896467
8.999999999999984 250.0311761896467
9.099999999999984 250.0311761896467
9.199999999999983 250.0311761896467
9.299999999999983 250.0311761896467
9.399999999999983 250.0311761896467
9.499999999999982 250.0311761896467
9.599999999999982 250.0311761896467
9.699999999999982 250.0311761896467
9.799999999999981 250.0311761896467
9.899999999999981 250.0311761896467
9.99999999999998 250.0311761896467
10.09999999999998 250.0311761896467
10.19999999999998 250.0311761896467
10.29999999999998 250.0311761896467
10.39999999999998 250.0311761896467
10.49999999999998 250.0311761896467
10.59999999999998 250.0311761896467
10.69999999999998 250.0311761896467
10.79999999999998 250.0311761896467
10.89999999999998 250.0311761896467
10.99999999999998 250.0311761896467
11.09999999999998 250.0311761896467
11.19999999999998 250.0311761896467
11.29999999999998 250.0311761896467
11.39999999999998 250.0311761896467
11.49999999999998 250.0311761896467
11.59999999999997 250.0311761896467
11.69999999999997 250.0311761896467
11.79999999999997 250.0311761896467
11.89999999999997 250.0311761896467
11.99999999999997 250.0311761896467
12.09999999999997 250.0311761896467
12.19999999999997 250.0311761896467
12.29999999999997 250.0311761896467
12.39999999999997 250.0311761896467
12.49999999999997 250.0311761896467
12.59999999999997 250.0311761896467
12.69999999999997 250.0311761896467
12.79999999999997 250.0311761896467
12.89999999999997 250.0311761896467
12.99999999999997 250.0311761896467
13.09999999999997 250.0311761896467
13.19999999999997 250.0311761896467
13.29999999999997 250.0311761896467
13.39999999999997 250.0311761896467
13.49999999999997 250.0311761896467
13.59999999999997 250.0311761896467
13.69999999999997 250.0311761896467
13.79999999999997 250.0311761896467
13.89999999999997 250.0311761896467
13.99999999999997 250.0311761896467
14.09999999999997 250.0311761896467
14.19999999999997 250.0311761896467
14.29999999999997 250.0311761896467
14.39999999999996 250.0311761896467
14.49999999999996 250.0311761896467
14.59999999999996 250.0311761896467
14.69999999999996 250.0311761896467
14.79999999999996 250.0311761896467
14.89999999999996 250.0311761896467
14.99999999999996 250.0311761896467
15.09999999999996 250.0311761896467
15.19999999999996 250.0311761896467
15.29999999999996 250.0311761896467
15.39999999999996 250.0311761896467
15.49999999999996 250.0311761896467
15.59999999999996 250.0311761896467
15.69999999999996 250.0311761896467
15.79999999999996 250.0311761896467
15.89999999999996 250.0311761896467
15.99999999999996 250.0311761896467
16.09999999999996 250.0311761896467
16.19999999999996 250.0311761896467
16.29999999999996 250.0311761896467
16.39999999999996 250.0311761896467
16.49999999999996 250.0311761896467
16.59999999999997 250.0311761896467
16.69999999999997 250.0311761896467
16.79999999999997 250.0311761896467
16.89999999999997 250.0311761896467
16.99999999999997 250.0311761896467
17.09999999999997 250.0311761896467
17.19999999999997 250.0311761896467
17.29999999999998 250.0311761896467
17.39999999999998 250.0311761896467
17.49999999999998 250.0311761896467
17.59999999999998 250.0311761896467
17.69999999999998 250.0311761896467
17.79999999999998 250.0311761896467
17.89999999999998 250.0311761896467
17.99999999999999 250.0311761896467
18.09999999999999 250.0311761896467
18.19999999999999 250.0311761896467
18.29999999999999 250.0311761896467
18.39999999999999 250.0311761896467
18.49999999999999 250.0311761896467
18.59999999999999 250.0311761896467
18.7 250.0311761896467
18.8 250.0311761896467
18.9 250.0311761896467
19 250.0311761896467
19.1 250.0311761896467
19.2 250.0311761896467
19.3 250.0311761896467
19.40000000000001 250.0311761896467
19.50000000000001 250.0311761896467
19.60000000000001 250.0311761896467
19.70000000000001 250.0311761896467
19.80000000000001 250.0311761896467
19.90000000000001 250.0311761896467
20.00000000000001 250.0311761896467
20.10000000000002 250.0311761896467
20.20000000000002 250.0311761896467
20.30000000000002 250.0311761896467
20.40000000000002 250.0311761896467
20.50000000000002 250.0311761896467
20.60000000000002 250.0311761896467
20.70000000000002 250.0311761896467
20.80000000000003 250.0311761896467
20.90000000000003 250.0311761896467
21.00000000000003 250.0311761896467
21.10000000000003 250.0311761896467
21.20000000000003 250.0311761896467
21.30000000000003 250.0311761896467
21.40000000000003 250.0311761896467
21.50000000000004 250.0311761896467
21.60000000000004 250.0311761896467
21.70000000000004 250.0311761896467
21.80000000000004 250.0311761896467
21.90000000000004 250.0311761896467
22.00000000000004 250.0311761896467
22.10000000000004 250.0311761896467
22.20000000000005 250.0311761896467
22.30000000000005 250.0311761896467
22.40000000000005 250.0311761896467
22.50000000000005 250.0311761896467
22.60000000000005 250.0311761896467
22.70000000000005 250.0311761896467
22.80000000000005 250.0311761896467
22.90000000000006 250.0311761896467
23.00000000000006 250.0311761896467
23.10000000000006 250.0311761896467
23.20000000000006 250.0311761896467
23.30000000000006 250.0311761896467
23.40000000000006 250.0311761896467
23.50000000000006 250.0311761896467
23.60000000000007 250.0311761896467
23.70000000000007 250.0311761896467
23.80000000000007 250.0311761896467
23.90000000000007 250.0311761896467
24.00000000000007 250.0311761896467
24.10000000000007 250.0311761896467
24.20000000000007 250.0311761896467
24.30000000000008 250.0311761896467
24.40000000000008 250.0311761896467
24.50000000000008 250.0311761896467
24.60000000000008 250.0311761896467
24.70000000000008 250.0311761896467
24.80000000000008 250.0311761896467
24.90000000000008 250.0311761896467
25.00000000000009 250.0311761896467
25.10000000000009 250.0311761896467
25.20000000000009 250.0311761896467
25.30000000000009 250.0311761896467
25.40000000000009 250.0311761896467
25.50000000000009 250.0311761896467
25.60000000000009 250.0311761896467
25.7000000000001 250.0311761896467
25.8000000000001 250.0311761896467
25.9000000000001 250.0311761896467
26.0000000000001 250.0311761896467
26.1000000000001 250.0311761896467
26.2000000000001 250.0311761896467
26.3000000000001 250.0311761896467
26.40000000000011 250.0311761896467
26.50000000000011 250.0311761896467
26.60000000000011 250.0311761896467
26.70000000000011 250.0311761896467
26.80000000000011 250.0311761896467
26.90000000000011 250.0311761896467
27.00000000000011 250.0311761896467
27.10000000000012 250.0311761896467
27.20000000000012 250.0311761896467
27.30000000000012 250.0311761896467
27.40000000000012 250.0311761896467
27.50000000000012 250.0311761896467
27.60000000000012 250.0311761896467
27.70000000000012 250.0311761896467
27.80000000000013 250.0311761896467
27.90000000000013 250.0311761896467
28.00000000000013 250.0311761896467
28.10000000000013 250.0311761896467
28.20000000000013 250.0311761896467
28.30000000000013 250.0311761896467
28.40000000000013 250.0311761896467
28.50000000000014 250.0311761896467
28.60000000000014 250.0311761896467
28.70000000000014 250.0311761896467
28.80000000000014 250.0311761896467
28.90000000000014 250.0311761896467
29.00000000000014 250.0311761896467
29.10000000000014 250.0311761896467
29.20000000000014 250.0311761896467
29.30000000000015 250.0311761896467
29.40000000000015 250.0311761896467
29.50000000000015 250.0311761896467
29.60000000000015 250.0311761896467
29.70000000000015 250.0311761896467
29.80000000000015 250.0311761896467
29.90000000000015 250.0311761896467
30.00000000000016 250.0311761896467
30.10000000000016 250.0311761896467
30.20000000000016 250.0311761896467
30.30000000000016 250.0311761896467
30.40000000000016 250.0311761896467
30.50000000000016 250.0311761896467
30.60000000000016 250.0311761896467
30.70000000000017 250.0311761896467
30.80000000000017 250.0311761896467
30.90000000000017 250.0311761896467
31.00000000000017 250.0311761896467
31.10000000000017 250.0311761896467
31.20000000000017 250.0311761896467
31.30000000000017 250.0311761896467
31.40000000000018 250.0311761896467
31.50000000000018 250.0311761896467
31.60000000000018 250.0311761896467
31.70000000000018 250.0311761896467
31.80000000000018 250.0311761896467
31.90000000000018 250.0311761896467
32.00000000000018 250.0311761896467
32.10000000000019 250.0311761896467
32.20000000000019 250.0311761896467
32.30000000000019 250.0311761896467
32.40000000000019 250.0311761896467
32.50000000000019 250.0311761896467
32.60000000000019 250.0311761896467
32.70000000000019 250.0311761896467
32.8000000000002 250.0311761896467
32.9000000000002 250.0311761896467
33.0000000000002 250.0311761896467
33.1000000000002 250.0311761896467
33.2000000000002 250.0311761896467
33.3000000000002 250.0311761896467
33.4000000000002 250.0311761896467
33.50000000000021 250.0311761896467
33.60000000000021 250.0311761896467
33.70000000000021 250.0311761896467
33.80000000000021 250.0311761896467
33.90000000000021 250.0311761896467
34.00000000000021 250.0311761896467
34.10000000000021 250.0311761896467
34.20000000000022 250.0311761896467
34.30000000000022 250.0311761896467
34.40000000000022 250.0311761896467
34.50000000000022 250.0311761896467
34.60000000000022 250.0311761896467
34.70000000000022 250.0311761896467
34.80000000000022 250.0311761896467
34.90000000000023 250.0311761896467
35.00000000000023 250.0311761896467
35.10000000000023 250.0311761896467
35.20000000000023 250.0311761896467
35.30000000000023 250.0311761896467
35.40000000000023 250.0311761896467
35.50000000000023 250.0311761896467
35.60000000000024 250.0311761896467
35.70000000000024 250.0311761896467
35.80000000000024 250.0311761896467
35.90000000000024 250.0311761896467
36.00000000000024 250.0311761896467
36.10000000000024 250.0311761896467
36.20000000000024 250.0311761896467
36.30000000000025 250.0311761896467
36.40000000000025 250.0311761896467
36.50000000000025 250.0311761896467
36.60000000000025 250.0311761896467
36.70000000000025 250.0311761896467
36.80000000000025 250.0311761896467
36.90000000000025 250.0311761896467
37.00000000000026 250.0311761896467
37.10000000000026 250.0311761896467
37.20000000000026 250.0311761896467
37.30000000000026 250.0311761896467
37.40000000000026 250.0311761896467
37.50000000000026 250.0311761896467
37.60000000000026 250.0311761896467
37.70000000000027 250.0311761896467
37.80000000000027 250.0311761896467
37.90000000000027 250.0311761896467
38.00000000000027 250.0311761896467
38.10000000000027 250.0311761896467
38.20000000000027 250.0311761896467
38.30000000000027 250.0311761896467
38.40000000000028 250.0311761896467
38.50000000000028 250.0311761896467
38.60000000000028 250.0311761896467
38.70000000000028 250.0311761896467
38.80000000000028 250.0311761896467
38.90000000000028 250.0311761896467
39.00000000000028 250.0311761896467
39.10000000000029 250.0311761896467
39.20000000000029 250.0311761896467
39.30000000000029 250.0311761896467
39.40000000000029 250.0311761896467
39.50000000000029 250.0311761896467
39.60000000000029 250.0311761896467
39.70000000000029 250.0311761896467
39.8000000000003 250.0311761896467
39.9000000000003 250.0311761896467
40.0000000000003 250.0311761896467
40.1000000000003 250.0311761896467
40.2000000000003 250.0311761896467
40.3000000000003 250.0311761896467
40.4000000000003 250.0311761896467
40.50000000000031 250.0311761896467
40.60000000000031 250.0311761896467
40.70000000000031 250.0311761896467
40.80000000000031 250.0311761896467
40.90000000000031 250.0311761896467
41.00000000000031 250.0311761896467
41.10000000000031 250.0311761896467
41.20000000000032 250.0311761896467
41.30000000000032 250.0311761896467
41.40000000000032 250.0311761896467
41.50000000000032 250.0311761896467
41.60000000000032 250.0311761896467
41.70000000000032 250.0311761896467
41.80000000000032 250.0311761896467
41.90000000000033 250.0311761896467
42.00000000000033 250.0311761896467
42.10000000000033 250.0311761896467
42.20000000000033 250.0311761896467
42.30000000000033 250.0311761896467
42.40000000000033 250.0311761896467
42.50000000000033 250.0311761896467
42.60000000000034 250.0311761896467
42.70000000000034 250.0311761896467
42.80000000000034 250.0311761896467
42.90000000000034 250.0311761896467
43.00000000000034 250.0311761896467
43.10000000000034 250.0311761896467
43.20000000000034 250.0311761896467
43.30000000000035 250.0311761896467
43.40000000000035 250.0311761896467
43.50000000000035 250.0311761896467
43.60000000000035 250.0311761896467
43.70000000000035 250.0311761896467
43.80000000000035 250.0311761896467
43.90000000000035 250.0311761896467
44.00000000000036 250.0311761896467
44.10000000000036 250.0311761896467
44.20000000000036 250.0311761896467
44.30000000000036 250.0311761896467
44.40000000000036 250.0311761896467
44.50000000000036 250.0311761896467
44.60000000000036 250.0311761896467
44.70000000000037 250.0311761896467
44.80000000000037 250.0311761896467
44.90000000000037 250.0311761896467
45.00000000000037 250.0311761896467
45.10000000000037 250.0311761896467
45.20000000000037 250.0311761896467
45.30000000000037 250.0311761896467
45.40000000000038 250.0311761896467
45.50000000000038 250.0311761896467
45.60000000000038 250.0311761896467
45.70000000000038 250.0311761896467
45.80000000000038 250.0311761896467
45.90000000000038 250.0311761896467
46.00000000000038 250.0311761896467
46.10000000000039 250.0311761896467
46.20000000000039 250.0311761896467
46.30000000000039 250.0311761896467
46.40000000000039 250.0311761896467
46.50000000000039 250.0311761896467
46.60000000000039 250.0311761896467
46.70000000000039 250.0311761896467
46.8000000000004 250.0311761896467
46.9000000000004 250.0311761896467
47.0000000000004 250.0311761896467
47.1000000000004 250.0311761896467
47.2000000000004 250.0311761896467
47.3000000000004 250.0311761896467
47.4000000000004 250.0311761896467
47.50000000000041 250.0311761896467
47.60000000000041 250.0311761896467
47.70000000000041 250.0311761896467
47.80000000000041 250.0311761896467
47.90000000000041 250.0311761896467
48.00000000000041 250.0311761896467
48.10000000000041 250.0311761896467
48.20000000000041 250.0311761896467
48.30000000000042 250.0311761896467
48.40000000000042 250.0311761896467
48.50000000000042 250.0311761896467
48.60000000000042 250.0311761896467
48.70000000000042 250.0311761896467
48.80000000000042 250.0311761896467
48.90000000000042 250.0311761896467
49.00000000000043 250.0311761896467
49.10000000000043 250.0311761896467
49.20000000000043 250.0311761896467
49.30000000000043 250.0311761896467
49.40000000000043 250.0311761896467
49.50000000000043 250.0311761896467
49.60000000000043 250.0311761896467
49.70000000000044 250.0311761896467
49.80000000000044 250.0311761896467
49.90000000000044 250.0311761896467