Time X1
0 250
0.1 251.7024449117881
0.2 251.7024449117865
0.3 251.7024449117865
0.4 251.7024449117865
0.5 251.7024449117865
0.6 251.7024449117865
0.7 251.7024449117865
0.7999999999999999 251.7024449117865
0.8999999999999999 251.7024449117865
0.9999999999999999 251.7024449117865
1.1 251.7024449117865
1.2 251.7024449117865
1.3 251.7024449117865
1.4 251.7024449117865
1.5 251.7024449117865
1.6 251.7024449117865
1.7 251.7024449117865
1.8 251.7024449117865
1.900000000000001 251.7024449117865
2 251.7024449117865
2.100000000000001 251.7024449117865
2.200000000000001 251.7024449117865
2.300000000000001 251.7024449117865
2.400000000000001 251.7024449117865
2.500000000000001 251.7024449117865
2.600000000000001 251.7024449117865
2.700000000000001 251.7024449117865
2.800000000000001 251.7024449117865
2.900000000000001 251.7024449117865
3.000000000000001 251.7024449117865
3.100000000000001 251.7024449117865
3.200000000000002 251.7024449117865
3.300000000000002 251.7024449117865
3.400000000000002 251.7024449117865
3.500000000000002 251.7024449117865
3.600000000000002 251.7024449117865
3.700000000000002 251.7024449117865
3.800000000000002 251.7024449117865
3.900000000000002 251.7024449117865
4.000000000000002 251.7024449117865
4.100000000000001 251.7024449117865
4.200000000000001 251.7024449117865
4.300000000000001 251.7024449117865
4.4 251.7024449117865
4.5 251.7024449117865
4.6 251.7024449117865
4.699999999999999 251.7024449117865
4.799999999999999 251.7024449117865
4.899999999999999 251.7024449117865
4.999999999999998 251.7024449117865
5.099999999999998 251.7024449117865
5.199999999999998 251.7024449117865
5.299999999999997 251.7024449117865
5.399999999999997 251.7024449117865
5.499999999999996 251.7024449117865
5.599999999999996 251.7024449117865
5.699999999999996 251.7024449117865
5.799999999999995 251.7024449117865
5.899999999999995 251.7024449117865
5.999999999999995 251.7024449117865
6.099999999999994 251.7024449117865
6.199999999999994 251.7024449117865
6.299999999999994 251.7024449117865
6.399999999999993 251.7024449117865
6.499999999999993 251.7024449117865
6.599999999999993 251.7024449117865
6.699999999999992 251.7024449117865
6.799999999999992 251.7024449117865
6.899999999999991 251.7024449117865
6.999999999999991 251.7024449117865
7.099999999999991 251.7024449117865
7.19999999999999 251.7024449117865
7.29999999999999 251.7024449117865
7.39999999999999 251.7024449117865
7.499999999999989 251.7024449117865
7.599999999999989 251.7024449117865
7.699999999999989 251.7024449117865
7.799999999999988 251.7024449117865
7.899999999999988 251.7024449117865
7.999999999999988 251.7024449117865
8.099999999999987 251.7024449117865
8.199999999999987 251.7024449117865
8.299999999999986 251.7024449117865
8.399999999999986 251.7024449117865
8.499999999999986 251.7024449117865
8.599999999999985 251.7024449117865
8.699999999999985 251.7024449117865
8.799999999999985 251.7024449117865
8.899999999999984 251.7024449117865
8.999999999999984 251.7024449117865
9.099999999999984 251.7024449117865
9.199999999999983 251.7024449117865
9.299999999999983 251.7024449117865
9.399999999999983 251.7024449117865
9.499999999999982 251.7024449117865
9.599999999999982 251.7024449117865
9.699999999999982 251.7024449117865
9.799999999999981 251.7024449117865
9.899999999999981 251.7024449117865
9.99999999999998 251.7024449117865
10.09999999999998 251.7024449117865
10.19999999999998 251.7024449117865
10.29999999999998 251.7024449117865
10.39999999999998 251.7024449117865
10.49999999999998 251.7024449117865
10.59999999999998 251.7024449117865
10.69999999999998 251.7024449117865
10.79999999999998 251.7024449117865
10.89999999999998 251.7024449117865
10.99999999999998 251.7024449117865
11.09999999999998 251.7024449117865
11.19999999999998 251.7024449117865
11.29999999999998 251.7024449117865
11.39999999999998 251.7024449117865
11.49999999999998 251.7024449117865
11.59999999999997 251.7024449117865
11.69999999999997 251.7024449117865
11.79999999999997 251.7024449117865
11.89999999999997 251.7024449117865
11.99999999999997 251.7024449117865
12.09999999999997 251.7024449117865
12.19999999999997 251.7024449117865
12.29999999999997 251.7024449117865
12.39999999999997 251.7024449117865
12.49999999999997 251.7024449117865
12.59999999999997 251.7024449117865
12.69999999999997 251.7024449117865
12.79999999999997 251.7024449117865
12.89999999999997 251.7024449117865
12.99999999999997 251.7024449117865
13.09999999999997 251.7024449117865
13.19999999999997 251.7024449117865
13.29999999999997 251.7024449117865
13.39999999999997 251.7024449117865
13.49999999999997 251.7024449117865
13.59999999999997 251.7024449117865
13.69999999999997 251.7024449117865
13.79999999999997 251.7024449117865
13.89999999999997 251.7024449117865
13.99999999999997 251.7024449117865
14.09999999999997 251.7024449117865
14.19999999999997 251.7024449117865
14.29999999999997 251.7024449117865
14.39999999999996 251.7024449117865
14.49999999999996 251.7024449117865
14.59999999999996 251.7024449117865
14.69999999999996 251.7024449117865
14.79999999999996 251.7024449117865
14.89999999999996 251.7024449117865
14.99999999999996 251.7024449117865
15.09999999999996 251.7024449117865
15.19999999999996 251.7024449117865
15.29999999999996 251.7024449117865
15.39999999999996 251.7024449117865
15.49999999999996 251.7024449117865
15.59999999999996 251.7024449117865
15.69999999999996 251.7024449117865
15.79999999999996 251.7024449117865
15.89999999999996 251.7024449117865
15.99999999999996 251.7024449117865
16.09999999999996 251.7024449117865
16.19999999999996 251.7024449117865
16.29999999999996 251.7024449117865
16.39999999999996 251.7024449117865
16.49999999999996 251.7024449117865
16.59999999999997 251.7024449117865
16.69999999999997 251.7024449117865
16.79999999999997 251.7024449117865
16.89999999999997 251.7024449117865
16.99999999999997 251.7024449117865
17.09999999999997 251.7024449117865
17.19999999999997 251.7024449117865
17.29999999999998 251.7024449117865
17.39999999999998 251.7024449117865
17.49999999999998 251.7024449117865
17.59999999999998 251.7024449117865
17.69999999999998 251.7024449117865
17.79999999999998 251.7024449117865
17.89999999999998 251.7024449117865
17.99999999999999 251.7024449117865
18.09999999999999 251.7024449117865
18.19999999999999 251.7024449117865
18.29999999999999 251.7024449117865
18.39999999999999 251.7024449117865
18.49999999999999 251.7024449117865
18.59999999999999 251.7024449117865
18.7 251.7024449117865
18.8 251.7024449117865
18.9 251.7024449117865
19 251.7024449117865
19.1 251.7024449117865
19.2 251.7024449117865
19.3 251.7024449117865
19.40000000000001 251.7024449117865
19.50000000000001 251.7024449117865
19.60000000000001 251.7024449117865
19.70000000000001 251.7024449117865
19.80000000000001 251.7024449117865
19.90000000000001 251.7024449117865
20.00000000000001 251.7024449117865
20.10000000000002 251.7024449117865
20.20000000000002 251.7024449117865
20.30000000000002 251.7024449117865
20.40000000000002 251.7024449117865
20.50000000000002 251.7024449117865
20.60000000000002 251.7024449117865
20.70000000000002 251.7024449117865
20.80000000000003 251.7024449117865
20.90000000000003 251.7024449117865
21.00000000000003 251.7024449117865
21.10000000000003 251.7024449117865
21.20000000000003 251.7024449117865
21.30000000000003 251.7024449117865
21.40000000000003 251.7024449117865
21.50000000000004 251.7024449117865
21.60000000000004 251.7024449117865
21.70000000000004 251.7024449117865
21.80000000000004 251.7024449117865
21.90000000000004 251.7024449117865
22.00000000000004 251.7024449117865
22.10000000000004 251.7024449117865
22.20000000000005 251.7024449117865
22.30000000000005 251.7024449117865
22.40000000000005 251.7024449117865
22.50000000000005 251.7024449117865
22.60000000000005 251.7024449117865
22.70000000000005 251.7024449117865
22.80000000000005 251.7024449117865
22.90000000000006 251.7024449117865
23.00000000000006 251.7024449117865
23.10000000000006 251.7024449117865
23.20000000000006 251.7024449117865
23.30000000000006 251.7024449117865
23.40000000000006 251.7024449117865
23.50000000000006 251.7024449117865
23.60000000000007 251.7024449117865
23.70000000000007 251.7024449117865
23.80000000000007 251.7024449117865
23.90000000000007 251.7024449117865
24.00000000000007 251.7024449117865
24.10000000000007 251.7024449117865
24.20000000000007 251.7024449117865
24.30000000000008 251.7024449117865
24.40000000000008 251.7024449117865
24.50000000000008 251.7024449117865
24.60000000000008 251.7024449117865
24.70000000000008 251.7024449117865
24.80000000000008 251.7024449117865
24.90000000000008 251.7024449117865
25.00000000000009 251.7024449117865
25.10000000000009 251.7024449117865
25.20000000000009 251.7024449117865
25.30000000000009 251.7024449117865
25.40000000000009 251.7024449117865
25.50000000000009 251.7024449117865
25.60000000000009 251.7024449117865
25.7000000000001 251.7024449117865
25.8000000000001 251.7024449117865
25.9000000000001 251.7024449117865
26.0000000000001 251.7024449117865
26.1000000000001 251.7024449117865
26.2000000000001 251.7024449117865
26.3000000000001 251.7024449117865
26.40000000000011 251.7024449117865
26.50000000000011 251.7024449117865
26.60000000000011 251.7024449117865
26.70000000000011 251.7024449117865
26.80000000000011 251.7024449117865
26.90000000000011 251.7024449117865
27.00000000000011 251.7024449117865
27.10000000000012 251.7024449117865
27.20000000000012 251.7024449117865
27.30000000000012 251.7024449117865
27.40000000000012 251.7024449117865
27.50000000000012 251.7024449117865
27.60000000000012 251.7024449117865
27.70000000000012 251.7024449117865
27.80000000000013 251.7024449117865
27.90000000000013 251.7024449117865
28.00000000000013 251.7024449117865
28.10000000000013 251.7024449117865
28.20000000000013 251.7024449117865
28.30000000000013 251.7024449117865
28.40000000000013 251.7024449117865
28.50000000000014 251.7024449117865
28.60000000000014 251.7024449117865
28.70000000000014 251.7024449117865
28.80000000000014 251.7024449117865
28.90000000000014 251.7024449117865
29.00000000000014 251.7024449117865
29.10000000000014 251.7024449117865
29.20000000000014 251.7024449117865
29.30000000000015 251.7024449117865
29.40000000000015 251.7024449117865
29.50000000000015 251.7024449117865
29.60000000000015 251.7024449117865
29.70000000000015 251.7024449117865
29.80000000000015 251.7024449117865
29.90000000000015 251.7024449117865
30.00000000000016 251.7024449117865
30.10000000000016 251.7024449117865
30.20000000000016 251.7024449117865
30.30000000000016 251.7024449117865
30.40000000000016 251.7024449117865
30.50000000000016 251.7024449117865
30.60000000000016 251.7024449117865
30.70000000000017 251.7024449117865
30.80000000000017 251.7024449117865
30.90000000000017 251.7024449117865
31.00000000000017 251.7024449117865
31.10000000000017 251.7024449117865
31.20000000000017 251.7024449117865
31.30000000000017 251.7024449117865
31.40000000000018 251.7024449117865
31.50000000000018 251.7024449117865
31.60000000000018 251.7024449117865
31.70000000000018 251.7024449117865
31.80000000000018 251.7024449117865
31.90000000000018 251.7024449117865
32.00000000000018 251.7024449117865
32.10000000000019 251.7024449117865
32.20000000000019 251.7024449117865
32.30000000000019 251.7024449117865
32.40000000000019 251.7024449117865
32.50000000000019 251.7024449117865
32.60000000000019 251.7024449117865
32.70000000000019 251.7024449117865
32.8000000000002 251.7024449117865
32.9000000000002 251.7024449117865
33.0000000000002 251.7024449117865
33.1000000000002 251.7024449117865
33.2000000000002 251.7024449117865
33.3000000000002 251.7024449117865
33.4000000000002 251.7024449117865
33.50000000000021 251.7024449117865
33.60000000000021 251.7024449117865
33.70000000000021 251.7024449117865
33.80000000000021 251.7024449117865
33.90000000000021 251.7024449117865
34.00000000000021 251.7024449117865
34.10000000000021 251.7024449117865
34.20000000000022 251.7024449117865
34.30000000000022 251.7024449117865
34.40000000000022 251.7024449117865
34.50000000000022 251.7024449117865
34.60000000000022 251.7024449117865
34.70000000000022 251.7024449117865
34.80000000000022 251.7024449117865
34.90000000000023 251.7024449117865
35.00000000000023 251.7024449117865
35.10000000000023 251.7024449117865
35.20000000000023 251.7024449117865
35.30000000000023 251.7024449117865
35.40000000000023 251.7024449117865
35.50000000000023 251.7024449117865
35.60000000000024 251.7024449117865
35.70000000000024 251.7024449117865
35.80000000000024 251.7024449117865
35.90000000000024 251.7024449117865
36.00000000000024 251.7024449117865
36.10000000000024 251.7024449117865
36.20000000000024 251.7024449117865
36.30000000000025 251.7024449117865
36.40000000000025 251.7024449117865
36.50000000000025 251.7024449117865
36.60000000000025 251.7024449117865
36.70000000000025 251.7024449117865
36.80000000000025 251.7024449117865
36.90000000000025 251.7024449117865
37.00000000000026 251.7024449117865
37.10000000000026 251.7024449117865
37.20000000000026 251.7024449117865
37.30000000000026 251.7024449117865
37.40000000000026 251.7024449117865
37.50000000000026 251.7024449117865
37.60000000000026 251.7024449117865
37.70000000000027 251.7024449117865
37.80000000000027 251.7024449117865
37.90000000000027 251.7024449117865
38.00000000000027 251.7024449117865
38.10000000000027 251.7024449117865
38.20000000000027 251.7024449117865
38.30000000000027 251.7024449117865
38.40000000000028 251.7024449117865
38.50000000000028 251.7024449117865
38.60000000000028 251.7024449117865
38.70000000000028 251.7024449117865
38.80000000000028 251.7024449117865
38.90000000000028 251.7024449117865
39.00000000000028 251.7024449117865
39.10000000000029 251.7024449117865
39.20000000000029 251.7024449117865
39.30000000000029 251.7024449117865
39.40000000000029 251.7024449117865
39.50000000000029 251.7024449117865
39.60000000000029 251.7024449117865
39.70000000000029 251.7024449117865
39.8000000000003 251.7024449117865
39.9000000000003 251.7024449117865
40.0000000000003 251.7024449117865
40.1000000000003 251.7024449117865
40.2000000000003 251.7024449117865
40.3000000000003 251.7024449117865
40.4000000000003 251.7024449117865
40.50000000000031 251.7024449117865
40.60000000000031 251.7024449117865
40.70000000000031 251.7024449117865
40.80000000000031 251.7024449117865
40.90000000000031 251.7024449117865
41.00000000000031 251.7024449117865
41.10000000000031 251.7024449117865
41.20000000000032 251.7024449117865
41.30000000000032 251.7024449117865
41.40000000000032 251.7024449117865
41.50000000000032 251.7024449117865
41.60000000000032 251.7024449117865
41.70000000000032 251.7024449117865
41.80000000000032 251.7024449117865
41.90000000000033 251.7024449117865
42.00000000000033 251.7024449117865
42.10000000000033 251.7024449117865
42.20000000000033 251.7024449117865
42.30000000000033 251.7024449117865
42.40000000000033 251.7024449117865
42.50000000000033 251.7024449117865
42.60000000000034 251.7024449117865
42.70000000000034 251.7024449117865
42.80000000000034 251.7024449117865
42.90000000000034 251.7024449117865
43.00000000000034 251.7024449117865
43.10000000000034 251.7024449117865
43.20000000000034 251.7024449117865
43.30000000000035 251.7024449117865
43.40000000000035 251.7024449117865
43.50000000000035 251.7024449117865
43.60000000000035 251.7024449117865
43.70000000000035 251.7024449117865
43.80000000000035 251.7024449117865
43.90000000000035 251.7024449117865
44.00000000000036 251.7024449117865
44.10000000000036 251.7024449117865
44.20000000000036 251.7024449117865
44.30000000000036 251.7024449117865
44.40000000000036 251.7024449117865
44.50000000000036 251.7024449117865
44.60000000000036 251.7024449117865
44.70000000000037 251.7024449117865
44.80000000000037 251.7024449117865
44.90000000000037 251.7024449117865
45.00000000000037 251.7024449117865
45.10000000000037 251.7024449117865
45.20000000000037 251.7024449117865
45.30000000000037 251.7024449117865
45.40000000000038 251.7024449117865
45.50000000000038 251.7024449117865
45.60000000000038 251.7024449117865
45.70000000000038 251.7024449117865
45.80000000000038 251.7024449117865
45.90000000000038 251.7024449117865
46.00000000000038 251.7024449117865
46.10000000000039 251.7024449117865
46.20000000000039 251.7024449117865
46.30000000000039 251.7024449117865
46.40000000000039 251.7024449117865
46.50000000000039 251.7024449117865
46.60000000000039 251.7024449117865
46.70000000000039 251.7024449117865
46.8000000000004 251.7024449117865
46.9000000000004 251.7024449117865
47.0000000000004 251.7024449117865
47.1000000000004 251.7024449117865
47.2000000000004 251.7024449117865
47.3000000000004 251.7024449117865
47.4000000000004 251.7024449117865
47.50000000000041 251.7024449117865
47.60000000000041 251.7024449117865
47.70000000000041 251.7024449117865
47.80000000000041 251.7024449117865
47.90000000000041 251.7024449117865
48.00000000000041 251.7024449117865
48.10000000000041 251.7024449117865
48.20000000000041 251.7024449117865
48.30000000000042 251.7024449117865
48.40000000000042 251.7024449117865
48.50000000000042 251.7024449117865
48.60000000000042 251.7024449117865
48.70000000000042 251.7024449117865
48.80000000000042 251.7024449117865
48.90000000000042 251.7024449117865
49.00000000000043 251.7024449117865
49.10000000000043 251.7024449117865
49.20000000000043 251.7024449117865
49.30000000000043 251.7024449117865
49.40000000000043 251.7024449117865
49.50000000000043 251.7024449117865
49.60000000000043 251.7024449117865
49.70000000000044 251.7024449117865
49.80000000000044 251.7024449117865
49.90000000000044 251.7024449117865