Time X1
0 250
0.1 63.68754894436613
0.2 63.68754894443413
0.3 63.68754894443439
0.4 63.68754894443439
0.5 63.68754894443439
0.6 63.68754894443439
0.7 63.68754894443439
0.7999999999999999 63.68754894443439
0.8999999999999999 63.68754894443439
0.9999999999999999 63.68754894443439
1.1 63.68754894443439
1.2 63.68754894443439
1.3 63.68754894443439
1.4 63.68754894443439
1.5 63.68754894443439
1.6 63.68754894443439
1.7 63.68754894443439
1.8 63.68754894443439
1.900000000000001 63.68754894443439
2 63.68754894443439
2.100000000000001 63.68754894443439
2.200000000000001 63.68754894443439
2.300000000000001 63.68754894443439
2.400000000000001 63.68754894443439
2.500000000000001 63.68754894443439
2.600000000000001 63.68754894443439
2.700000000000001 63.68754894443439
2.800000000000001 63.68754894443439
2.900000000000001 63.68754894443439
3.000000000000001 63.68754894443439
3.100000000000001 63.68754894443439
3.200000000000002 63.68754894443439
3.300000000000002 63.68754894443439
3.400000000000002 63.68754894443439
3.500000000000002 63.68754894443439
3.600000000000002 63.68754894443439
3.700000000000002 63.68754894443439
3.800000000000002 63.68754894443439
3.900000000000002 63.68754894443439
4.000000000000002 63.68754894443439
4.100000000000001 63.68754894443439
4.200000000000001 63.68754894443439
4.300000000000001 63.68754894443439
4.4 63.68754894443439
4.5 63.68754894443439
4.6 63.68754894443439
4.699999999999999 63.68754894443439
4.799999999999999 63.68754894443439
4.899999999999999 63.68754894443439
4.999999999999998 63.68754894443439
5.099999999999998 63.68754894443439
5.199999999999998 63.68754894443439
5.299999999999997 63.68754894443439
5.399999999999997 63.68754894443439
5.499999999999996 63.68754894443439
5.599999999999996 63.68754894443439
5.699999999999996 63.68754894443439
5.799999999999995 63.68754894443439
5.899999999999995 63.68754894443439
5.999999999999995 63.68754894443439
6.099999999999994 63.68754894443439
6.199999999999994 63.68754894443439
6.299999999999994 63.68754894443439
6.399999999999993 63.68754894443439
6.499999999999993 63.68754894443439
6.599999999999993 63.68754894443439
6.699999999999992 63.68754894443439
6.799999999999992 63.68754894443439
6.899999999999991 63.68754894443439
6.999999999999991 63.68754894443439
7.099999999999991 63.68754894443439
7.19999999999999 63.68754894443439
7.29999999999999 63.68754894443439
7.39999999999999 63.68754894443439
7.499999999999989 63.68754894443439
7.599999999999989 63.68754894443439
7.699999999999989 63.68754894443439
7.799999999999988 63.68754894443439
7.899999999999988 63.68754894443439
7.999999999999988 63.68754894443439
8.099999999999987 63.68754894443439
8.199999999999987 63.68754894443439
8.299999999999986 63.68754894443439
8.399999999999986 63.68754894443439
8.499999999999986 63.68754894443439
8.599999999999985 63.68754894443439
8.699999999999985 63.68754894443439
8.799999999999985 63.68754894443439
8.899999999999984 63.68754894443439
8.999999999999984 63.68754894443439
9.099999999999984 63.68754894443439
9.199999999999983 63.68754894443439
9.299999999999983 63.68754894443439
9.399999999999983 63.68754894443439
9.499999999999982 63.68754894443439
9.599999999999982 63.68754894443439
9.699999999999982 63.68754894443439
9.799999999999981 63.68754894443439
9.899999999999981 63.68754894443439
9.99999999999998 63.68754894443439
10.09999999999998 63.68754894443439
10.19999999999998 63.68754894443439
10.29999999999998 63.68754894443439
10.39999999999998 63.68754894443439
10.49999999999998 63.68754894443439
10.59999999999998 63.68754894443439
10.69999999999998 63.68754894443439
10.79999999999998 63.68754894443439
10.89999999999998 63.68754894443439
10.99999999999998 63.68754894443439
11.09999999999998 63.68754894443439
11.19999999999998 63.68754894443439
11.29999999999998 63.68754894443439
11.39999999999998 63.68754894443439
11.49999999999998 63.68754894443439
11.59999999999997 63.68754894443439
11.69999999999997 63.68754894443439
11.79999999999997 63.68754894443439
11.89999999999997 63.68754894443439
11.99999999999997 63.68754894443439
12.09999999999997 63.68754894443439
12.19999999999997 63.68754894443439
12.29999999999997 63.68754894443439
12.39999999999997 63.68754894443439
12.49999999999997 63.68754894443439
12.59999999999997 63.68754894443439
12.69999999999997 63.68754894443439
12.79999999999997 63.68754894443439
12.89999999999997 63.68754894443439
12.99999999999997 63.68754894443439
13.09999999999997 63.68754894443439
13.19999999999997 63.68754894443439
13.29999999999997 63.68754894443439
13.39999999999997 63.68754894443439
13.49999999999997 63.68754894443439
13.59999999999997 63.68754894443439
13.69999999999997 63.68754894443439
13.79999999999997 63.68754894443439
13.89999999999997 63.68754894443439
13.99999999999997 63.68754894443439
14.09999999999997 63.68754894443439
14.19999999999997 63.68754894443439
14.29999999999997 63.68754894443439
14.39999999999996 63.68754894443439
14.49999999999996 63.68754894443439
14.59999999999996 63.68754894443439
14.69999999999996 63.68754894443439
14.79999999999996 63.68754894443439
14.89999999999996 63.68754894443439
14.99999999999996 63.68754894443439
15.09999999999996 63.68754894443439
15.19999999999996 63.68754894443439
15.29999999999996 63.68754894443439
15.39999999999996 63.68754894443439
15.49999999999996 63.68754894443439
15.59999999999996 63.68754894443439
15.69999999999996 63.68754894443439
15.79999999999996 63.68754894443439
15.89999999999996 63.68754894443439
15.99999999999996 63.68754894443439
16.09999999999996 63.68754894443439
16.19999999999996 63.68754894443439
16.29999999999996 63.68754894443439
16.39999999999996 63.68754894443439
16.49999999999996 63.68754894443439
16.59999999999997 63.68754894443439
16.69999999999997 63.68754894443439
16.79999999999997 63.68754894443439
16.89999999999997 63.68754894443439
16.99999999999997 63.68754894443439
17.09999999999997 63.68754894443439
17.19999999999997 63.68754894443439
17.29999999999998 63.68754894443439
17.39999999999998 63.68754894443439
17.49999999999998 63.68754894443439
17.59999999999998 63.68754894443439
17.69999999999998 63.68754894443439
17.79999999999998 63.68754894443439
17.89999999999998 63.68754894443439
17.99999999999999 63.68754894443439
18.09999999999999 63.68754894443439
18.19999999999999 63.68754894443439
18.29999999999999 63.68754894443439
18.39999999999999 63.68754894443439
18.49999999999999 63.68754894443439
18.59999999999999 63.68754894443439
18.7 63.68754894443439
18.8 63.68754894443439
18.9 63.68754894443439
19 63.68754894443439
19.1 63.68754894443439
19.2 63.68754894443439
19.3 63.68754894443439
19.40000000000001 63.68754894443439
19.50000000000001 63.68754894443439
19.60000000000001 63.68754894443439
19.70000000000001 63.68754894443439
19.80000000000001 63.68754894443439
19.90000000000001 63.68754894443439
20.00000000000001 63.68754894443439
20.10000000000002 63.68754894443439
20.20000000000002 63.68754894443439
20.30000000000002 63.68754894443439
20.40000000000002 63.68754894443439
20.50000000000002 63.68754894443439
20.60000000000002 63.68754894443439
20.70000000000002 63.68754894443439
20.80000000000003 63.68754894443439
20.90000000000003 63.68754894443439
21.00000000000003 63.68754894443439
21.10000000000003 63.68754894443439
21.20000000000003 63.68754894443439
21.30000000000003 63.68754894443439
21.40000000000003 63.68754894443439
21.50000000000004 63.68754894443439
21.60000000000004 63.68754894443439
21.70000000000004 63.68754894443439
21.80000000000004 63.68754894443439
21.90000000000004 63.68754894443439
22.00000000000004 63.68754894443439
22.10000000000004 63.68754894443439
22.20000000000005 63.68754894443439
22.30000000000005 63.68754894443439
22.40000000000005 63.68754894443439
22.50000000000005 63.68754894443439
22.60000000000005 63.68754894443439
22.70000000000005 63.68754894443439
22.80000000000005 63.68754894443439
22.90000000000006 63.68754894443439
23.00000000000006 63.68754894443439
23.10000000000006 63.68754894443439
23.20000000000006 63.68754894443439
23.30000000000006 63.68754894443439
23.40000000000006 63.68754894443439
23.50000000000006 63.68754894443439
23.60000000000007 63.68754894443439
23.70000000000007 63.68754894443439
23.80000000000007 63.68754894443439
23.90000000000007 63.68754894443439
24.00000000000007 63.68754894443439
24.10000000000007 63.68754894443439
24.20000000000007 63.68754894443439
24.30000000000008 63.68754894443439
24.40000000000008 63.68754894443439
24.50000000000008 63.68754894443439
24.60000000000008 63.68754894443439
24.70000000000008 63.68754894443439
24.80000000000008 63.68754894443439
24.90000000000008 63.68754894443439
25.00000000000009 63.68754894443439
25.10000000000009 63.68754894443439
25.20000000000009 63.68754894443439
25.30000000000009 63.68754894443439
25.40000000000009 63.68754894443439
25.50000000000009 63.68754894443439
25.60000000000009 63.68754894443439
25.7000000000001 63.68754894443439
25.8000000000001 63.68754894443439
25.9000000000001 63.68754894443439
26.0000000000001 63.68754894443439
26.1000000000001 63.68754894443439
26.2000000000001 63.68754894443439
26.3000000000001 63.68754894443439
26.40000000000011 63.68754894443439
26.50000000000011 63.68754894443439
26.60000000000011 63.68754894443439
26.70000000000011 63.68754894443439
26.80000000000011 63.68754894443439
26.90000000000011 63.68754894443439
27.00000000000011 63.68754894443439
27.10000000000012 63.68754894443439
27.20000000000012 63.68754894443439
27.30000000000012 63.68754894443439
27.40000000000012 63.68754894443439
27.50000000000012 63.68754894443439
27.60000000000012 63.68754894443439
27.70000000000012 63.68754894443439
27.80000000000013 63.68754894443439
27.90000000000013 63.68754894443439
28.00000000000013 63.68754894443439
28.10000000000013 63.68754894443439
28.20000000000013 63.68754894443439
28.30000000000013 63.68754894443439
28.40000000000013 63.68754894443439
28.50000000000014 63.68754894443439
28.60000000000014 63.68754894443439
28.70000000000014 63.68754894443439
28.80000000000014 63.68754894443439
28.90000000000014 63.68754894443439
29.00000000000014 63.68754894443439
29.10000000000014 63.68754894443439
29.20000000000014 63.68754894443439
29.30000000000015 63.68754894443439
29.40000000000015 63.68754894443439
29.50000000000015 63.68754894443439
29.60000000000015 63.68754894443439
29.70000000000015 63.68754894443439
29.80000000000015 63.68754894443439
29.90000000000015 63.68754894443439
30.00000000000016 63.68754894443439
30.10000000000016 63.68754894443439
30.20000000000016 63.68754894443439
30.30000000000016 63.68754894443439
30.40000000000016 63.68754894443439
30.50000000000016 63.68754894443439
30.60000000000016 63.68754894443439
30.70000000000017 63.68754894443439
30.80000000000017 63.68754894443439
30.90000000000017 63.68754894443439
31.00000000000017 63.68754894443439
31.10000000000017 63.68754894443439
31.20000000000017 63.68754894443439
31.30000000000017 63.68754894443439
31.40000000000018 63.68754894443439
31.50000000000018 63.68754894443439
31.60000000000018 63.68754894443439
31.70000000000018 63.68754894443439
31.80000000000018 63.68754894443439
31.90000000000018 63.68754894443439
32.00000000000018 63.68754894443439
32.10000000000019 63.68754894443439
32.20000000000019 63.68754894443439
32.30000000000019 63.68754894443439
32.40000000000019 63.68754894443439
32.50000000000019 63.68754894443439
32.60000000000019 63.68754894443439
32.70000000000019 63.68754894443439
32.8000000000002 63.68754894443439
32.9000000000002 63.68754894443439
33.0000000000002 63.68754894443439
33.1000000000002 63.68754894443439
33.2000000000002 63.68754894443439
33.3000000000002 63.68754894443439
33.4000000000002 63.68754894443439
33.50000000000021 63.68754894443439
33.60000000000021 63.68754894443439
33.70000000000021 63.68754894443439
33.80000000000021 63.68754894443439
33.90000000000021 63.68754894443439
34.00000000000021 63.68754894443439
34.10000000000021 63.68754894443439
34.20000000000022 63.68754894443439
34.30000000000022 63.68754894443439
34.40000000000022 63.68754894443439
34.50000000000022 63.68754894443439
34.60000000000022 63.68754894443439
34.70000000000022 63.68754894443439
34.80000000000022 63.68754894443439
34.90000000000023 63.68754894443439
35.00000000000023 63.68754894443439
35.10000000000023 63.68754894443439
35.20000000000023 63.68754894443439
35.30000000000023 63.68754894443439
35.40000000000023 63.68754894443439
35.50000000000023 63.68754894443439
35.60000000000024 63.68754894443439
35.70000000000024 63.68754894443439
35.80000000000024 63.68754894443439
35.90000000000024 63.68754894443439
36.00000000000024 63.68754894443439
36.10000000000024 63.68754894443439
36.20000000000024 63.68754894443439
36.30000000000025 63.68754894443439
36.40000000000025 63.68754894443439
36.50000000000025 63.68754894443439
36.60000000000025 63.68754894443439
36.70000000000025 63.68754894443439
36.80000000000025 63.68754894443439
36.90000000000025 63.68754894443439
37.00000000000026 63.68754894443439
37.10000000000026 63.68754894443439
37.20000000000026 63.68754894443439
37.30000000000026 63.68754894443439
37.40000000000026 63.68754894443439
37.50000000000026 63.68754894443439
37.60000000000026 63.68754894443439
37.70000000000027 63.68754894443439
37.80000000000027 63.68754894443439
37.90000000000027 63.68754894443439
38.00000000000027 63.68754894443439
38.10000000000027 63.68754894443439
38.20000000000027 63.68754894443439
38.30000000000027 63.68754894443439
38.40000000000028 63.68754894443439
38.50000000000028 63.68754894443439
38.60000000000028 63.68754894443439
38.70000000000028 63.68754894443439
38.80000000000028 63.68754894443439
38.90000000000028 63.68754894443439
39.00000000000028 63.68754894443439
39.10000000000029 63.68754894443439
39.20000000000029 63.68754894443439
39.30000000000029 63.68754894443439
39.40000000000029 63.68754894443439
39.50000000000029 63.68754894443439
39.60000000000029 63.68754894443439
39.70000000000029 63.68754894443439
39.8000000000003 63.68754894443439
39.9000000000003 63.68754894443439
40.0000000000003 63.68754894443439
40.1000000000003 63.68754894443439
40.2000000000003 63.68754894443439
40.3000000000003 63.68754894443439
40.4000000000003 63.68754894443439
40.50000000000031 63.68754894443439
40.60000000000031 63.68754894443439
40.70000000000031 63.68754894443439
40.80000000000031 63.68754894443439
40.90000000000031 63.68754894443439
41.00000000000031 63.68754894443439
41.10000000000031 63.68754894443439
41.20000000000032 63.68754894443439
41.30000000000032 63.68754894443439
41.40000000000032 63.68754894443439
41.50000000000032 63.68754894443439
41.60000000000032 63.68754894443439
41.70000000000032 63.68754894443439
41.80000000000032 63.68754894443439
41.90000000000033 63.68754894443439
42.00000000000033 63.68754894443439
42.10000000000033 63.68754894443439
42.20000000000033 63.68754894443439
42.30000000000033 63.68754894443439
42.40000000000033 63.68754894443439
42.50000000000033 63.68754894443439
42.60000000000034 63.68754894443439
42.70000000000034 63.68754894443439
42.80000000000034 63.68754894443439
42.90000000000034 63.68754894443439
43.00000000000034 63.68754894443439
43.10000000000034 63.68754894443439
43.20000000000034 63.68754894443439
43.30000000000035 63.68754894443439
43.40000000000035 63.68754894443439
43.50000000000035 63.68754894443439
43.60000000000035 63.68754894443439
43.70000000000035 63.68754894443439
43.80000000000035 63.68754894443439
43.90000000000035 63.68754894443439
44.00000000000036 63.68754894443439
44.10000000000036 63.68754894443439
44.20000000000036 63.68754894443439
44.30000000000036 63.68754894443439
44.40000000000036 63.68754894443439
44.50000000000036 63.68754894443439
44.60000000000036 63.68754894443439
44.70000000000037 63.68754894443439
44.80000000000037 63.68754894443439
44.90000000000037 63.68754894443439
45.00000000000037 63.68754894443439
45.10000000000037 63.68754894443439
45.20000000000037 63.68754894443439
45.30000000000037 63.68754894443439
45.40000000000038 63.68754894443439
45.50000000000038 63.68754894443439
45.60000000000038 63.68754894443439
45.70000000000038 63.68754894443439
45.80000000000038 63.68754894443439
45.90000000000038 63.68754894443439
46.00000000000038 63.68754894443439
46.10000000000039 63.68754894443439
46.20000000000039 63.68754894443439
46.30000000000039 63.68754894443439
46.40000000000039 63.68754894443439
46.50000000000039 63.68754894443439
46.60000000000039 63.68754894443439
46.70000000000039 63.68754894443439
46.8000000000004 63.68754894443439
46.9000000000004 63.68754894443439
47.0000000000004 63.68754894443439
47.1000000000004 63.68754894443439
47.2000000000004 63.68754894443439
47.3000000000004 63.68754894443439
47.4000000000004 63.68754894443439
47.50000000000041 63.68754894443439
47.60000000000041 63.68754894443439
47.70000000000041 63.68754894443439
47.80000000000041 63.68754894443439
47.90000000000041 63.68754894443439
48.00000000000041 63.68754894443439
48.10000000000041 63.68754894443439
48.20000000000041 63.68754894443439
48.30000000000042 63.68754894443439
48.40000000000042 63.68754894443439
48.50000000000042 63.68754894443439
48.60000000000042 63.68754894443439
48.70000000000042 63.68754894443439
48.80000000000042 63.68754894443439
48.90000000000042 63.68754894443439
49.00000000000043 63.68754894443439
49.10000000000043 63.68754894443439
49.20000000000043 63.68754894443439
49.30000000000043 63.68754894443439
49.40000000000043 63.68754894443439
49.50000000000043 63.68754894443439
49.60000000000043 63.68754894443439
49.70000000000044 63.68754894443439
49.80000000000044 63.68754894443439
49.90000000000044 63.68754894443439