Time X1
0 250
0.1 82.41417456258469
0.2 82.41417456268159
0.3 82.4141745627785
0.4 82.41417456277951
0.5 82.41417456277982
0.6 82.41417456277992
0.7 82.41417456277992
0.7999999999999999 82.41417456277992
0.8999999999999999 82.41417456277992
0.9999999999999999 82.41417456277992
1.1 82.41417456277992
1.2 82.41417456277992
1.3 82.41417456277992
1.4 82.41417456277992
1.5 82.41417456277992
1.6 82.41417456277992
1.7 82.41417456277992
1.8 82.41417456277992
1.900000000000001 82.41417456277992
2 82.41417456277992
2.100000000000001 82.41417456277992
2.200000000000001 82.41417456277992
2.300000000000001 82.41417456277992
2.400000000000001 82.41417456277992
2.500000000000001 82.41417456277992
2.600000000000001 82.41417456277992
2.700000000000001 82.41417456277992
2.800000000000001 82.41417456277992
2.900000000000001 82.41417456277991
3.000000000000001 82.41417456277991
3.100000000000001 82.41417456277991
3.200000000000002 82.41417456277991
3.300000000000002 82.41417456277991
3.400000000000002 82.41417456277991
3.500000000000002 82.41417456277991
3.600000000000002 82.41417456277991
3.700000000000002 82.41417456277991
3.800000000000002 82.41417456277991
3.900000000000002 82.41417456277991
4.000000000000002 82.41417456277991
4.100000000000001 82.41417456277991
4.200000000000001 82.41417456277991
4.300000000000001 82.41417456277991
4.4 82.41417456277991
4.5 82.41417456277991
4.6 82.41417456277991
4.699999999999999 82.41417456277991
4.799999999999999 82.41417456277991
4.899999999999999 82.41417456277991
4.999999999999998 82.41417456277991
5.099999999999998 82.41417456277991
5.199999999999998 82.41417456277991
5.299999999999997 82.41417456277989
5.399999999999997 82.41417456277989
5.499999999999996 82.41417456277989
5.599999999999996 82.41417456277989
5.699999999999996 82.41417456277989
5.799999999999995 82.41417456277989
5.899999999999995 82.41417456277989
5.999999999999995 82.41417456277989
6.099999999999994 82.41417456277989
6.199999999999994 82.41417456277989
6.299999999999994 82.41417456277989
6.399999999999993 82.41417456277989
6.499999999999993 82.41417456277989
6.599999999999993 82.41417456277989
6.699999999999992 82.41417456277989
6.799999999999992 82.41417456277989
6.899999999999991 82.41417456277989
6.999999999999991 82.41417456277989
7.099999999999991 82.41417456277989
7.19999999999999 82.41417456277989
7.29999999999999 82.41417456277989
7.39999999999999 82.41417456277989
7.499999999999989 82.41417456277989
7.599999999999989 82.41417456277989
7.699999999999989 82.41417456277989
7.799999999999988 82.41417456277989
7.899999999999988 82.41417456277989
7.999999999999988 82.41417456277989
8.099999999999987 82.41417456277989
8.199999999999987 82.41417456277989
8.299999999999986 82.41417456277989
8.399999999999986 82.41417456277989
8.499999999999986 82.41417456277989
8.599999999999985 82.41417456277989
8.699999999999985 82.41417456277989
8.799999999999985 82.41417456277989
8.899999999999984 82.41417456277989
8.999999999999984 82.41417456277989
9.099999999999984 82.41417456277989
9.199999999999983 82.41417456277989
9.299999999999983 82.41417456277989
9.399999999999983 82.41417456277989
9.499999999999982 82.41417456277989
9.599999999999982 82.41417456277989
9.699999999999982 82.41417456277989
9.799999999999981 82.41417456277989
9.899999999999981 82.41417456277989
9.99999999999998 82.41417456277989
10.09999999999998 82.41417456277989
10.19999999999998 82.41417456277989
10.29999999999998 82.41417456277989
10.39999999999998 82.41417456277989
10.49999999999998 82.41417456277989
10.59999999999998 82.41417456277989
10.69999999999998 82.41417456277989
10.79999999999998 82.41417456277989
10.89999999999998 82.41417456277989
10.99999999999998 82.41417456277989
11.09999999999998 82.41417456277989
11.19999999999998 82.41417456277989
11.29999999999998 82.41417456277989
11.39999999999998 82.41417456277989
11.49999999999998 82.41417456277989
11.59999999999997 82.41417456277989
11.69999999999997 82.41417456277989
11.79999999999997 82.41417456277989
11.89999999999997 82.41417456277989
11.99999999999997 82.41417456277989
12.09999999999997 82.41417456277989
12.19999999999997 82.41417456277989
12.29999999999997 82.41417456277989
12.39999999999997 82.41417456277989
12.49999999999997 82.41417456277989
12.59999999999997 82.41417456277989
12.69999999999997 82.41417456277989
12.79999999999997 82.41417456277989
12.89999999999997 82.41417456277989
12.99999999999997 82.41417456277991
13.09999999999997 82.41417456277991
13.19999999999997 82.41417456277991
13.29999999999997 82.41417456277991
13.39999999999997 82.41417456277991
13.49999999999997 82.41417456277991
13.59999999999997 82.41417456277991
13.69999999999997 82.41417456277991
13.79999999999997 82.41417456277991
13.89999999999997 82.41417456277991
13.99999999999997 82.41417456277991
14.09999999999997 82.41417456277991
14.19999999999997 82.41417456277991
14.29999999999997 82.41417456277991
14.39999999999996 82.41417456277991
14.49999999999996 82.41417456277991
14.59999999999996 82.41417456277991
14.69999999999996 82.41417456277991
14.79999999999996 82.41417456277991
14.89999999999996 82.41417456277991
14.99999999999996 82.41417456277991
15.09999999999996 82.41417456277991
15.19999999999996 82.41417456277991
15.29999999999996 82.41417456277991
15.39999999999996 82.41417456277991
15.49999999999996 82.41417456277991
15.59999999999996 82.41417456277991
15.69999999999996 82.41417456277991
15.79999999999996 82.41417456277991
15.89999999999996 82.41417456277991
15.99999999999996 82.41417456277991
16.09999999999996 82.41417456277991
16.19999999999996 82.41417456277991
16.29999999999996 82.41417456277991
16.39999999999996 82.41417456277991
16.49999999999996 82.41417456277991
16.59999999999997 82.41417456277991
16.69999999999997 82.41417456277991
16.79999999999997 82.41417456277991
16.89999999999997 82.41417456277991
16.99999999999997 82.41417456277991
17.09999999999997 82.41417456277991
17.19999999999997 82.41417456277991
17.29999999999998 82.41417456277991
17.39999999999998 82.41417456277991
17.49999999999998 82.41417456277991
17.59999999999998 82.41417456277991
17.69999999999998 82.41417456277991
17.79999999999998 82.41417456277991
17.89999999999998 82.41417456277991
17.99999999999999 82.41417456277991
18.09999999999999 82.41417456277991
18.19999999999999 82.41417456277991
18.29999999999999 82.41417456277991
18.39999999999999 82.41417456277991
18.49999999999999 82.41417456277991
18.59999999999999 82.41417456277991
18.7 82.41417456277991
18.8 82.41417456277991
18.9 82.41417456277991
19 82.41417456277991
19.1 82.41417456277991
19.2 82.41417456277991
19.3 82.41417456277991
19.40000000000001 82.41417456277991
19.50000000000001 82.41417456277991
19.60000000000001 82.41417456277991
19.70000000000001 82.41417456277991
19.80000000000001 82.41417456277991
19.90000000000001 82.41417456277991
20.00000000000001 82.41417456277991
20.10000000000002 82.41417456277991
20.20000000000002 82.41417456277991
20.30000000000002 82.41417456277991
20.40000000000002 82.41417456277991
20.50000000000002 82.41417456277991
20.60000000000002 82.41417456277991
20.70000000000002 82.41417456277991
20.80000000000003 82.41417456277991
20.90000000000003 82.41417456277991
21.00000000000003 82.41417456277991
21.10000000000003 82.41417456277991
21.20000000000003 82.41417456277991
21.30000000000003 82.41417456277991
21.40000000000003 82.41417456277991
21.50000000000004 82.41417456277991
21.60000000000004 82.41417456277991
21.70000000000004 82.41417456277991
21.80000000000004 82.41417456277991
21.90000000000004 82.41417456277991
22.00000000000004 82.41417456277991
22.10000000000004 82.41417456277991
22.20000000000005 82.41417456277991
22.30000000000005 82.41417456277991
22.40000000000005 82.41417456277991
22.50000000000005 82.41417456277991
22.60000000000005 82.41417456277991
22.70000000000005 82.41417456277991
22.80000000000005 82.41417456277991
22.90000000000006 82.41417456277991
23.00000000000006 82.41417456277991
23.10000000000006 82.41417456277991
23.20000000000006 82.41417456277991
23.30000000000006 82.41417456277991
23.40000000000006 82.41417456277991
23.50000000000006 82.41417456277991
23.60000000000007 82.41417456277991
23.70000000000007 82.41417456277991
23.80000000000007 82.41417456277991
23.90000000000007 82.41417456277991
24.00000000000007 82.41417456277991
24.10000000000007 82.41417456277991
24.20000000000007 82.41417456277991
24.30000000000008 82.41417456277991
24.40000000000008 82.41417456277991
24.50000000000008 82.41417456277991
24.60000000000008 82.41417456277991
24.70000000000008 82.41417456277991
24.80000000000008 82.41417456277991
24.90000000000008 82.41417456277991
25.00000000000009 82.41417456277991
25.10000000000009 82.41417456277991
25.20000000000009 82.41417456277991
25.30000000000009 82.41417456277991
25.40000000000009 82.41417456277991
25.50000000000009 82.41417456277991
25.60000000000009 82.41417456277991
25.7000000000001 82.41417456277991
25.8000000000001 82.41417456277991
25.9000000000001 82.41417456277991
26.0000000000001 82.41417456277991
26.1000000000001 82.41417456277991
26.2000000000001 82.41417456277991
26.3000000000001 82.41417456277991
26.40000000000011 82.41417456277991
26.50000000000011 82.41417456277991
26.60000000000011 82.41417456277991
26.70000000000011 82.41417456277991
26.80000000000011 82.41417456277991
26.90000000000011 82.41417456277991
27.00000000000011 82.41417456277991
27.10000000000012 82.41417456277991
27.20000000000012 82.41417456277991
27.30000000000012 82.41417456277991
27.40000000000012 82.41417456277991
27.50000000000012 82.41417456277991
27.60000000000012 82.41417456277991
27.70000000000012 82.41417456277991
27.80000000000013 82.41417456277991
27.90000000000013 82.41417456277991
28.00000000000013 82.41417456277991
28.10000000000013 82.41417456277991
28.20000000000013 82.41417456277991
28.30000000000013 82.41417456277991
28.40000000000013 82.41417456277991
28.50000000000014 82.41417456277991
28.60000000000014 82.41417456277991
28.70000000000014 82.41417456277991
28.80000000000014 82.41417456277991
28.90000000000014 82.41417456277991
29.00000000000014 82.41417456277991
29.10000000000014 82.41417456277991
29.20000000000014 82.41417456277991
29.30000000000015 82.41417456277991
29.40000000000015 82.41417456277991
29.50000000000015 82.41417456277991
29.60000000000015 82.41417456277991
29.70000000000015 82.41417456277991
29.80000000000015 82.41417456277991
29.90000000000015 82.41417456277991
30.00000000000016 82.41417456277991
30.10000000000016 82.41417456277991
30.20000000000016 82.41417456277991
30.30000000000016 82.41417456277991
30.40000000000016 82.41417456277991
30.50000000000016 82.41417456277991
30.60000000000016 82.41417456277991
30.70000000000017 82.41417456277991
30.80000000000017 82.41417456277991
30.90000000000017 82.41417456277991
31.00000000000017 82.41417456277991
31.10000000000017 82.41417456277991
31.20000000000017 82.41417456277991
31.30000000000017 82.41417456277991
31.40000000000018 82.41417456277991
31.50000000000018 82.41417456277991
31.60000000000018 82.41417456277991
31.70000000000018 82.41417456277991
31.80000000000018 82.41417456277991
31.90000000000018 82.41417456277991
32.00000000000018 82.41417456277991
32.10000000000019 82.41417456277991
32.20000000000019 82.41417456277991
32.30000000000019 82.41417456277991
32.40000000000019 82.41417456277991
32.50000000000019 82.41417456277991
32.60000000000019 82.41417456277991
32.70000000000019 82.41417456277991
32.8000000000002 82.41417456277991
32.9000000000002 82.41417456277991
33.0000000000002 82.41417456277991
33.1000000000002 82.41417456277991
33.2000000000002 82.41417456277991
33.3000000000002 82.41417456277991
33.4000000000002 82.41417456277991
33.50000000000021 82.41417456277991
33.60000000000021 82.41417456277991
33.70000000000021 82.41417456277991
33.80000000000021 82.41417456277991
33.90000000000021 82.41417456277991
34.00000000000021 82.41417456277991
34.10000000000021 82.41417456277991
34.20000000000022 82.41417456277991
34.30000000000022 82.41417456277991
34.40000000000022 82.41417456277991
34.50000000000022 82.41417456277991
34.60000000000022 82.41417456277991
34.70000000000022 82.41417456277991
34.80000000000022 82.41417456277991
34.90000000000023 82.41417456277991
35.00000000000023 82.41417456277991
35.10000000000023 82.41417456277991
35.20000000000023 82.41417456277991
35.30000000000023 82.41417456277991
35.40000000000023 82.41417456277991
35.50000000000023 82.41417456277991
35.60000000000024 82.41417456277991
35.70000000000024 82.41417456277991
35.80000000000024 82.41417456277991
35.90000000000024 82.41417456277991
36.00000000000024 82.41417456277991
36.10000000000024 82.41417456277991
36.20000000000024 82.41417456277991
36.30000000000025 82.41417456277991
36.40000000000025 82.41417456277991
36.50000000000025 82.41417456277991
36.60000000000025 82.41417456277991
36.70000000000025 82.41417456277991
36.80000000000025 82.41417456277991
36.90000000000025 82.41417456277991
37.00000000000026 82.41417456277991
37.10000000000026 82.41417456277991
37.20000000000026 82.41417456277991
37.30000000000026 82.41417456277991
37.40000000000026 82.41417456277991
37.50000000000026 82.41417456277991
37.60000000000026 82.41417456277991
37.70000000000027 82.41417456277991
37.80000000000027 82.41417456277991
37.90000000000027 82.41417456277991
38.00000000000027 82.41417456277991
38.10000000000027 82.41417456277991
38.20000000000027 82.41417456277991
38.30000000000027 82.41417456277991
38.40000000000028 82.41417456277991
38.50000000000028 82.41417456277991
38.60000000000028 82.41417456277991
38.70000000000028 82.41417456277991
38.80000000000028 82.41417456277991
38.90000000000028 82.41417456277991
39.00000000000028 82.41417456277991
39.10000000000029 82.41417456277991
39.20000000000029 82.41417456277991
39.30000000000029 82.41417456277991
39.40000000000029 82.41417456277991
39.50000000000029 82.41417456277991
39.60000000000029 82.41417456277991
39.70000000000029 82.41417456277991
39.8000000000003 82.41417456277991
39.9000000000003 82.41417456277991
40.0000000000003 82.41417456277991
40.1000000000003 82.41417456277991
40.2000000000003 82.41417456277991
40.3000000000003 82.41417456277991
40.4000000000003 82.41417456277991
40.50000000000031 82.41417456277991
40.60000000000031 82.41417456277991
40.70000000000031 82.41417456277991
40.80000000000031 82.41417456277991
40.90000000000031 82.41417456277991
41.00000000000031 82.41417456277991
41.10000000000031 82.41417456277991
41.20000000000032 82.41417456277991
41.30000000000032 82.41417456277991
41.40000000000032 82.41417456277991
41.50000000000032 82.41417456277991
41.60000000000032 82.41417456277991
41.70000000000032 82.41417456277991
41.80000000000032 82.41417456277991
41.90000000000033 82.41417456277991
42.00000000000033 82.41417456277991
42.10000000000033 82.41417456277991
42.20000000000033 82.41417456277991
42.30000000000033 82.41417456277991
42.40000000000033 82.41417456277991
42.50000000000033 82.41417456277991
42.60000000000034 82.41417456277991
42.70000000000034 82.41417456277991
42.80000000000034 82.41417456277991
42.90000000000034 82.41417456277991
43.00000000000034 82.41417456277991
43.10000000000034 82.41417456277991
43.20000000000034 82.41417456277991
43.30000000000035 82.41417456277991
43.40000000000035 82.41417456277991
43.50000000000035 82.41417456277991
43.60000000000035 82.41417456277991
43.70000000000035 82.41417456277991
43.80000000000035 82.41417456277991
43.90000000000035 82.41417456277991
44.00000000000036 82.41417456277991
44.10000000000036 82.41417456277991
44.20000000000036 82.41417456277991
44.30000000000036 82.41417456277991
44.40000000000036 82.41417456277991
44.50000000000036 82.41417456277991
44.60000000000036 82.41417456277991
44.70000000000037 82.41417456277991
44.80000000000037 82.41417456277991
44.90000000000037 82.41417456277991
45.00000000000037 82.41417456277991
45.10000000000037 82.41417456277991
45.20000000000037 82.41417456277991
45.30000000000037 82.41417456277991
45.40000000000038 82.41417456277991
45.50000000000038 82.41417456277991
45.60000000000038 82.41417456277991
45.70000000000038 82.41417456277991
45.80000000000038 82.41417456277991
45.90000000000038 82.41417456277991
46.00000000000038 82.41417456277991
46.10000000000039 82.41417456277991
46.20000000000039 82.41417456277991
46.30000000000039 82.41417456277991
46.40000000000039 82.41417456277991
46.50000000000039 82.41417456277991
46.60000000000039 82.41417456277991
46.70000000000039 82.41417456277991
46.8000000000004 82.41417456277991
46.9000000000004 82.41417456277991
47.0000000000004 82.41417456277991
47.1000000000004 82.41417456277991
47.2000000000004 82.41417456277991
47.3000000000004 82.41417456277991
47.4000000000004 82.41417456277991
47.50000000000041 82.41417456277991
47.60000000000041 82.41417456277991
47.70000000000041 82.41417456277991
47.80000000000041 82.41417456277991
47.90000000000041 82.41417456277991
48.00000000000041 82.41417456277991
48.10000000000041 82.41417456277991
48.20000000000041 82.41417456277991
48.30000000000042 82.41417456277991
48.40000000000042 82.41417456277991
48.50000000000042 82.41417456277991
48.60000000000042 82.41417456277991
48.70000000000042 82.41417456277991
48.80000000000042 82.41417456277991
48.90000000000042 82.41417456277991
49.00000000000043 82.41417456277991
49.10000000000043 82.41417456277991
49.20000000000043 82.41417456277991
49.30000000000043 82.41417456277991
49.40000000000043 82.41417456277991
49.50000000000043 82.41417456277991
49.60000000000043 82.41417456277991
49.70000000000044 82.41417456277991
49.80000000000044 82.41417456277991
49.90000000000044 82.41417456277991