Time X1
0 250
0.1 47.28295406017931
0.2 47.28295406019301
0.3 47.28295406019301
0.4 47.28295406019301
0.5 47.28295406019301
0.6 47.28295406019301
0.7 47.28295406019301
0.7999999999999999 47.28295406019302
0.8999999999999999 47.28295406019302
0.9999999999999999 47.28295406019302
1.1 47.28295406019303
1.2 47.28295406019302
1.3 47.28295406019302
1.4 47.28295406019302
1.5 47.28295406019302
1.6 47.28295406019302
1.7 47.28295406019302
1.8 47.28295406019302
1.900000000000001 47.28295406019301
2 47.28295406019301
2.100000000000001 47.28295406019301
2.200000000000001 47.28295406019301
2.300000000000001 47.28295406019301
2.400000000000001 47.28295406019301
2.500000000000001 47.28295406019301
2.600000000000001 47.28295406019301
2.700000000000001 47.28295406019301
2.800000000000001 47.28295406019301
2.900000000000001 47.28295406019301
3.000000000000001 47.28295406019301
3.100000000000001 47.28295406019301
3.200000000000002 47.28295406019301
3.300000000000002 47.28295406019301
3.400000000000002 47.28295406019301
3.500000000000002 47.28295406019301
3.600000000000002 47.28295406019301
3.700000000000002 47.28295406019301
3.800000000000002 47.28295406019301
3.900000000000002 47.28295406019301
4.000000000000002 47.28295406019301
4.100000000000001 47.28295406019301
4.200000000000001 47.28295406019301
4.300000000000001 47.28295406019301
4.4 47.28295406019301
4.5 47.28295406019301
4.6 47.28295406019301
4.699999999999999 47.28295406019302
4.799999999999999 47.28295406019302
4.899999999999999 47.28295406019302
4.999999999999998 47.28295406019302
5.099999999999998 47.28295406019302
5.199999999999998 47.28295406019302
5.299999999999997 47.28295406019302
5.399999999999997 47.28295406019302
5.499999999999996 47.28295406019302
5.599999999999996 47.28295406019302
5.699999999999996 47.28295406019302
5.799999999999995 47.28295406019302
5.899999999999995 47.28295406019302
5.999999999999995 47.28295406019302
6.099999999999994 47.28295406019302
6.199999999999994 47.28295406019302
6.299999999999994 47.28295406019302
6.399999999999993 47.28295406019302
6.499999999999993 47.28295406019302
6.599999999999993 47.28295406019302
6.699999999999992 47.28295406019302
6.799999999999992 47.28295406019302
6.899999999999991 47.28295406019302
6.999999999999991 47.28295406019302
7.099999999999991 47.28295406019302
7.19999999999999 47.28295406019302
7.29999999999999 47.28295406019302
7.39999999999999 47.28295406019302
7.499999999999989 47.28295406019302
7.599999999999989 47.28295406019302
7.699999999999989 47.28295406019302
7.799999999999988 47.28295406019302
7.899999999999988 47.28295406019302
7.999999999999988 47.28295406019302
8.099999999999987 47.28295406019302
8.199999999999987 47.28295406019302
8.299999999999986 47.28295406019302
8.399999999999986 47.28295406019302
8.499999999999986 47.28295406019302
8.599999999999985 47.28295406019302
8.699999999999985 47.28295406019302
8.799999999999985 47.28295406019302
8.899999999999984 47.28295406019302
8.999999999999984 47.28295406019302
9.099999999999984 47.28295406019302
9.199999999999983 47.28295406019302
9.299999999999983 47.28295406019302
9.399999999999983 47.28295406019302
9.499999999999982 47.28295406019302
9.599999999999982 47.28295406019302
9.699999999999982 47.28295406019302
9.799999999999981 47.28295406019302
9.899999999999981 47.28295406019302
9.99999999999998 47.28295406019302
10.09999999999998 47.28295406019302
10.19999999999998 47.28295406019302
10.29999999999998 47.28295406019302
10.39999999999998 47.28295406019302
10.49999999999998 47.28295406019302
10.59999999999998 47.28295406019302
10.69999999999998 47.28295406019302
10.79999999999998 47.28295406019302
10.89999999999998 47.28295406019302
10.99999999999998 47.28295406019302
11.09999999999998 47.28295406019302
11.19999999999998 47.28295406019302
11.29999999999998 47.28295406019302
11.39999999999998 47.28295406019302
11.49999999999998 47.28295406019302
11.59999999999997 47.28295406019302
11.69999999999997 47.28295406019302
11.79999999999997 47.28295406019302
11.89999999999997 47.28295406019302
11.99999999999997 47.28295406019302
12.09999999999997 47.28295406019302
12.19999999999997 47.28295406019302
12.29999999999997 47.28295406019302
12.39999999999997 47.28295406019302
12.49999999999997 47.28295406019302
12.59999999999997 47.28295406019302
12.69999999999997 47.28295406019302
12.79999999999997 47.28295406019302
12.89999999999997 47.28295406019302
12.99999999999997 47.28295406019302
13.09999999999997 47.28295406019302
13.19999999999997 47.28295406019302
13.29999999999997 47.28295406019302
13.39999999999997 47.28295406019302
13.49999999999997 47.28295406019302
13.59999999999997 47.28295406019302
13.69999999999997 47.28295406019302
13.79999999999997 47.28295406019302
13.89999999999997 47.28295406019302
13.99999999999997 47.28295406019302
14.09999999999997 47.28295406019302
14.19999999999997 47.28295406019302
14.29999999999997 47.28295406019302
14.39999999999996 47.28295406019302
14.49999999999996 47.28295406019302
14.59999999999996 47.28295406019302
14.69999999999996 47.28295406019302
14.79999999999996 47.28295406019302
14.89999999999996 47.28295406019302
14.99999999999996 47.28295406019302
15.09999999999996 47.28295406019302
15.19999999999996 47.28295406019302
15.29999999999996 47.28295406019302
15.39999999999996 47.28295406019302
15.49999999999996 47.28295406019302
15.59999999999996 47.28295406019302
15.69999999999996 47.28295406019302
15.79999999999996 47.28295406019302
15.89999999999996 47.28295406019302
15.99999999999996 47.28295406019302
16.09999999999996 47.28295406019302
16.19999999999996 47.28295406019302
16.29999999999996 47.28295406019302
16.39999999999996 47.28295406019302
16.49999999999996 47.28295406019302
16.59999999999997 47.28295406019302
16.69999999999997 47.28295406019302
16.79999999999997 47.28295406019302
16.89999999999997 47.28295406019302
16.99999999999997 47.28295406019302
17.09999999999997 47.28295406019302
17.19999999999997 47.28295406019302
17.29999999999998 47.28295406019302
17.39999999999998 47.28295406019302
17.49999999999998 47.28295406019302
17.59999999999998 47.28295406019302
17.69999999999998 47.28295406019302
17.79999999999998 47.28295406019302
17.89999999999998 47.28295406019302
17.99999999999999 47.28295406019302
18.09999999999999 47.28295406019302
18.19999999999999 47.28295406019302
18.29999999999999 47.28295406019302
18.39999999999999 47.28295406019302
18.49999999999999 47.28295406019302
18.59999999999999 47.28295406019302
18.7 47.28295406019302
18.8 47.28295406019302
18.9 47.28295406019302
19 47.28295406019302
19.1 47.28295406019302
19.2 47.28295406019302
19.3 47.28295406019302
19.40000000000001 47.28295406019302
19.50000000000001 47.28295406019302
19.60000000000001 47.28295406019302
19.70000000000001 47.28295406019302
19.80000000000001 47.28295406019302
19.90000000000001 47.28295406019302
20.00000000000001 47.28295406019302
20.10000000000002 47.28295406019302
20.20000000000002 47.28295406019302
20.30000000000002 47.28295406019302
20.40000000000002 47.28295406019302
20.50000000000002 47.28295406019302
20.60000000000002 47.28295406019302
20.70000000000002 47.28295406019302
20.80000000000003 47.28295406019302
20.90000000000003 47.28295406019302
21.00000000000003 47.28295406019302
21.10000000000003 47.28295406019302
21.20000000000003 47.28295406019302
21.30000000000003 47.28295406019302
21.40000000000003 47.28295406019302
21.50000000000004 47.28295406019302
21.60000000000004 47.28295406019302
21.70000000000004 47.28295406019302
21.80000000000004 47.28295406019302
21.90000000000004 47.28295406019302
22.00000000000004 47.28295406019302
22.10000000000004 47.28295406019302
22.20000000000005 47.28295406019302
22.30000000000005 47.28295406019302
22.40000000000005 47.28295406019302
22.50000000000005 47.28295406019302
22.60000000000005 47.28295406019302
22.70000000000005 47.28295406019302
22.80000000000005 47.28295406019302
22.90000000000006 47.28295406019302
23.00000000000006 47.28295406019302
23.10000000000006 47.28295406019302
23.20000000000006 47.28295406019302
23.30000000000006 47.28295406019302
23.40000000000006 47.28295406019302
23.50000000000006 47.28295406019302
23.60000000000007 47.28295406019302
23.70000000000007 47.28295406019302
23.80000000000007 47.28295406019302
23.90000000000007 47.28295406019302
24.00000000000007 47.28295406019302
24.10000000000007 47.28295406019302
24.20000000000007 47.28295406019302
24.30000000000008 47.28295406019302
24.40000000000008 47.28295406019302
24.50000000000008 47.28295406019302
24.60000000000008 47.28295406019302
24.70000000000008 47.28295406019302
24.80000000000008 47.28295406019302
24.90000000000008 47.28295406019302
25.00000000000009 47.28295406019302
25.10000000000009 47.28295406019302
25.20000000000009 47.28295406019302
25.30000000000009 47.28295406019302
25.40000000000009 47.28295406019302
25.50000000000009 47.28295406019302
25.60000000000009 47.28295406019302
25.7000000000001 47.28295406019302
25.8000000000001 47.28295406019302
25.9000000000001 47.28295406019302
26.0000000000001 47.28295406019302
26.1000000000001 47.28295406019302
26.2000000000001 47.28295406019302
26.3000000000001 47.28295406019302
26.40000000000011 47.28295406019302
26.50000000000011 47.28295406019302
26.60000000000011 47.28295406019302
26.70000000000011 47.28295406019302
26.80000000000011 47.28295406019302
26.90000000000011 47.28295406019302
27.00000000000011 47.28295406019302
27.10000000000012 47.28295406019302
27.20000000000012 47.28295406019302
27.30000000000012 47.28295406019302
27.40000000000012 47.28295406019302
27.50000000000012 47.28295406019302
27.60000000000012 47.28295406019302
27.70000000000012 47.28295406019302
27.80000000000013 47.28295406019302
27.90000000000013 47.28295406019302
28.00000000000013 47.28295406019302
28.10000000000013 47.28295406019302
28.20000000000013 47.28295406019302
28.30000000000013 47.28295406019302
28.40000000000013 47.28295406019302
28.50000000000014 47.28295406019302
28.60000000000014 47.28295406019302
28.70000000000014 47.28295406019302
28.80000000000014 47.28295406019302
28.90000000000014 47.28295406019302
29.00000000000014 47.28295406019302
29.10000000000014 47.28295406019302
29.20000000000014 47.28295406019302
29.30000000000015 47.28295406019302
29.40000000000015 47.28295406019302
29.50000000000015 47.28295406019302
29.60000000000015 47.28295406019302
29.70000000000015 47.28295406019302
29.80000000000015 47.28295406019302
29.90000000000015 47.28295406019302
30.00000000000016 47.28295406019302
30.10000000000016 47.28295406019302
30.20000000000016 47.28295406019302
30.30000000000016 47.28295406019302
30.40000000000016 47.28295406019302
30.50000000000016 47.28295406019302
30.60000000000016 47.28295406019302
30.70000000000017 47.28295406019302
30.80000000000017 47.28295406019302
30.90000000000017 47.28295406019302
31.00000000000017 47.28295406019302
31.10000000000017 47.28295406019302
31.20000000000017 47.28295406019302
31.30000000000017 47.28295406019302
31.40000000000018 47.28295406019302
31.50000000000018 47.28295406019302
31.60000000000018 47.28295406019302
31.70000000000018 47.28295406019302
31.80000000000018 47.28295406019302
31.90000000000018 47.28295406019302
32.00000000000018 47.28295406019302
32.10000000000019 47.28295406019302
32.20000000000019 47.28295406019302
32.30000000000019 47.28295406019302
32.40000000000019 47.28295406019302
32.50000000000019 47.28295406019302
32.60000000000019 47.28295406019302
32.70000000000019 47.28295406019302
32.8000000000002 47.28295406019302
32.9000000000002 47.28295406019302
33.0000000000002 47.28295406019302
33.1000000000002 47.28295406019302
33.2000000000002 47.28295406019302
33.3000000000002 47.28295406019302
33.4000000000002 47.28295406019302
33.50000000000021 47.28295406019302
33.60000000000021 47.28295406019302
33.70000000000021 47.28295406019302
33.80000000000021 47.28295406019302
33.90000000000021 47.28295406019302
34.00000000000021 47.28295406019302
34.10000000000021 47.28295406019302
34.20000000000022 47.28295406019302
34.30000000000022 47.28295406019302
34.40000000000022 47.28295406019302
34.50000000000022 47.28295406019302
34.60000000000022 47.28295406019302
34.70000000000022 47.28295406019302
34.80000000000022 47.28295406019302
34.90000000000023 47.28295406019302
35.00000000000023 47.28295406019302
35.10000000000023 47.28295406019302
35.20000000000023 47.28295406019302
35.30000000000023 47.28295406019302
35.40000000000023 47.28295406019302
35.50000000000023 47.28295406019302
35.60000000000024 47.28295406019302
35.70000000000024 47.28295406019302
35.80000000000024 47.28295406019302
35.90000000000024 47.28295406019302
36.00000000000024 47.28295406019302
36.10000000000024 47.28295406019302
36.20000000000024 47.28295406019302
36.30000000000025 47.28295406019302
36.40000000000025 47.28295406019302
36.50000000000025 47.28295406019302
36.60000000000025 47.28295406019302
36.70000000000025 47.28295406019302
36.80000000000025 47.28295406019302
36.90000000000025 47.28295406019302
37.00000000000026 47.28295406019302
37.10000000000026 47.28295406019302
37.20000000000026 47.28295406019302
37.30000000000026 47.28295406019302
37.40000000000026 47.28295406019302
37.50000000000026 47.28295406019302
37.60000000000026 47.28295406019302
37.70000000000027 47.28295406019302
37.80000000000027 47.28295406019302
37.90000000000027 47.28295406019302
38.00000000000027 47.28295406019302
38.10000000000027 47.28295406019302
38.20000000000027 47.28295406019302
38.30000000000027 47.28295406019302
38.40000000000028 47.28295406019302
38.50000000000028 47.28295406019302
38.60000000000028 47.28295406019302
38.70000000000028 47.28295406019302
38.80000000000028 47.28295406019302
38.90000000000028 47.28295406019302
39.00000000000028 47.28295406019302
39.10000000000029 47.28295406019302
39.20000000000029 47.28295406019302
39.30000000000029 47.28295406019302
39.40000000000029 47.28295406019302
39.50000000000029 47.28295406019302
39.60000000000029 47.28295406019302
39.70000000000029 47.28295406019302
39.8000000000003 47.28295406019302
39.9000000000003 47.28295406019302
40.0000000000003 47.28295406019302
40.1000000000003 47.28295406019302
40.2000000000003 47.28295406019302
40.3000000000003 47.28295406019302
40.4000000000003 47.28295406019302
40.50000000000031 47.28295406019302
40.60000000000031 47.28295406019302
40.70000000000031 47.28295406019302
40.80000000000031 47.28295406019302
40.90000000000031 47.28295406019302
41.00000000000031 47.28295406019302
41.10000000000031 47.28295406019302
41.20000000000032 47.28295406019302
41.30000000000032 47.28295406019302
41.40000000000032 47.28295406019302
41.50000000000032 47.28295406019302
41.60000000000032 47.28295406019302
41.70000000000032 47.28295406019302
41.80000000000032 47.28295406019302
41.90000000000033 47.28295406019302
42.00000000000033 47.28295406019302
42.10000000000033 47.28295406019302
42.20000000000033 47.28295406019302
42.30000000000033 47.28295406019302
42.40000000000033 47.28295406019302
42.50000000000033 47.28295406019302
42.60000000000034 47.28295406019302
42.70000000000034 47.28295406019302
42.80000000000034 47.28295406019302
42.90000000000034 47.28295406019302
43.00000000000034 47.28295406019302
43.10000000000034 47.28295406019302
43.20000000000034 47.28295406019302
43.30000000000035 47.28295406019302
43.40000000000035 47.28295406019302
43.50000000000035 47.28295406019302
43.60000000000035 47.28295406019302
43.70000000000035 47.28295406019302
43.80000000000035 47.28295406019302
43.90000000000035 47.28295406019302
44.00000000000036 47.28295406019302
44.10000000000036 47.28295406019302
44.20000000000036 47.28295406019302
44.30000000000036 47.28295406019302
44.40000000000036 47.28295406019302
44.50000000000036 47.28295406019302
44.60000000000036 47.28295406019302
44.70000000000037 47.28295406019302
44.80000000000037 47.28295406019302
44.90000000000037 47.28295406019302
45.00000000000037 47.28295406019302
45.10000000000037 47.28295406019302
45.20000000000037 47.28295406019302
45.30000000000037 47.28295406019302
45.40000000000038 47.28295406019302
45.50000000000038 47.28295406019302
45.60000000000038 47.28295406019302
45.70000000000038 47.28295406019302
45.80000000000038 47.28295406019302
45.90000000000038 47.28295406019302
46.00000000000038 47.28295406019302
46.10000000000039 47.28295406019302
46.20000000000039 47.28295406019302
46.30000000000039 47.28295406019302
46.40000000000039 47.28295406019302
46.50000000000039 47.28295406019302
46.60000000000039 47.28295406019302
46.70000000000039 47.28295406019302
46.8000000000004 47.28295406019302
46.9000000000004 47.28295406019302
47.0000000000004 47.28295406019302
47.1000000000004 47.28295406019302
47.2000000000004 47.28295406019302
47.3000000000004 47.28295406019302
47.4000000000004 47.28295406019302
47.50000000000041 47.28295406019302
47.60000000000041 47.28295406019302
47.70000000000041 47.28295406019302
47.80000000000041 47.28295406019302
47.90000000000041 47.28295406019302
48.00000000000041 47.28295406019302
48.10000000000041 47.28295406019302
48.20000000000041 47.28295406019302
48.30000000000042 47.28295406019302
48.40000000000042 47.28295406019302
48.50000000000042 47.28295406019302
48.60000000000042 47.28295406019302
48.70000000000042 47.28295406019302
48.80000000000042 47.28295406019302
48.90000000000042 47.28295406019302
49.00000000000043 47.28295406019302
49.10000000000043 47.28295406019302
49.20000000000043 47.28295406019302
49.30000000000043 47.28295406019302
49.40000000000043 47.28295406019302
49.50000000000043 47.28295406019302
49.60000000000043 47.28295406019302
49.70000000000044 47.28295406019302
49.80000000000044 47.28295406019302
49.90000000000044 47.28295406019302