Time X1
0 250
0.1 473.9451237375022
0.2 473.9451237370313
0.3 473.9451237370299
0.4 473.9451237370299
0.5 473.9451237370299
0.6 473.9451237370299
0.7 473.94512373703
0.7999999999999999 473.94512373703
0.8999999999999999 473.94512373703
0.9999999999999999 473.94512373703
1.1 473.94512373703
1.2 473.94512373703
1.3 473.94512373703
1.4 473.9451237370299
1.5 473.9451237370299
1.6 473.9451237370299
1.7 473.9451237370299
1.8 473.9451237370299
1.900000000000001 473.9451237370299
2 473.9451237370299
2.100000000000001 473.9451237370299
2.200000000000001 473.9451237370299
2.300000000000001 473.9451237370299
2.400000000000001 473.9451237370299
2.500000000000001 473.9451237370299
2.600000000000001 473.9451237370299
2.700000000000001 473.9451237370299
2.800000000000001 473.9451237370299
2.900000000000001 473.9451237370299
3.000000000000001 473.9451237370299
3.100000000000001 473.9451237370299
3.200000000000002 473.9451237370299
3.300000000000002 473.9451237370299
3.400000000000002 473.9451237370299
3.500000000000002 473.9451237370299
3.600000000000002 473.9451237370299
3.700000000000002 473.9451237370299
3.800000000000002 473.9451237370299
3.900000000000002 473.9451237370299
4.000000000000002 473.9451237370299
4.100000000000001 473.9451237370299
4.200000000000001 473.9451237370299
4.300000000000001 473.9451237370299
4.4 473.9451237370299
4.5 473.9451237370299
4.6 473.9451237370299
4.699999999999999 473.9451237370299
4.799999999999999 473.9451237370299
4.899999999999999 473.9451237370299
4.999999999999998 473.9451237370299
5.099999999999998 473.9451237370299
5.199999999999998 473.9451237370299
5.299999999999997 473.9451237370299
5.399999999999997 473.9451237370299
5.499999999999996 473.9451237370299
5.599999999999996 473.9451237370299
5.699999999999996 473.9451237370299
5.799999999999995 473.9451237370299
5.899999999999995 473.9451237370299
5.999999999999995 473.9451237370299
6.099999999999994 473.9451237370299
6.199999999999994 473.9451237370299
6.299999999999994 473.9451237370299
6.399999999999993 473.9451237370299
6.499999999999993 473.9451237370299
6.599999999999993 473.9451237370299
6.699999999999992 473.9451237370299
6.799999999999992 473.9451237370299
6.899999999999991 473.9451237370299
6.999999999999991 473.9451237370299
7.099999999999991 473.9451237370299
7.19999999999999 473.9451237370299
7.29999999999999 473.9451237370299
7.39999999999999 473.9451237370299
7.499999999999989 473.9451237370299
7.599999999999989 473.9451237370299
7.699999999999989 473.9451237370299
7.799999999999988 473.9451237370299
7.899999999999988 473.9451237370299
7.999999999999988 473.9451237370299
8.099999999999987 473.9451237370299
8.199999999999987 473.9451237370299
8.299999999999986 473.9451237370299
8.399999999999986 473.9451237370299
8.499999999999986 473.9451237370299
8.599999999999985 473.9451237370299
8.699999999999985 473.9451237370299
8.799999999999985 473.9451237370299
8.899999999999984 473.9451237370299
8.999999999999984 473.9451237370299
9.099999999999984 473.9451237370299
9.199999999999983 473.9451237370299
9.299999999999983 473.9451237370299
9.399999999999983 473.9451237370299
9.499999999999982 473.9451237370299
9.599999999999982 473.9451237370299
9.699999999999982 473.9451237370299
9.799999999999981 473.9451237370299
9.899999999999981 473.9451237370299
9.99999999999998 473.9451237370299
10.09999999999998 473.9451237370299
10.19999999999998 473.9451237370299
10.29999999999998 473.9451237370299
10.39999999999998 473.9451237370299
10.49999999999998 473.9451237370299
10.59999999999998 473.9451237370299
10.69999999999998 473.9451237370299
10.79999999999998 473.9451237370299
10.89999999999998 473.9451237370299
10.99999999999998 473.9451237370299
11.09999999999998 473.9451237370299
11.19999999999998 473.9451237370299
11.29999999999998 473.9451237370299
11.39999999999998 473.9451237370299
11.49999999999998 473.9451237370299
11.59999999999997 473.9451237370299
11.69999999999997 473.9451237370299
11.79999999999997 473.9451237370299
11.89999999999997 473.9451237370299
11.99999999999997 473.9451237370299
12.09999999999997 473.9451237370299
12.19999999999997 473.9451237370299
12.29999999999997 473.9451237370299
12.39999999999997 473.9451237370299
12.49999999999997 473.9451237370299
12.59999999999997 473.9451237370299
12.69999999999997 473.9451237370299
12.79999999999997 473.9451237370299
12.89999999999997 473.9451237370299
12.99999999999997 473.9451237370299
13.09999999999997 473.9451237370299
13.19999999999997 473.9451237370299
13.29999999999997 473.9451237370299
13.39999999999997 473.9451237370299
13.49999999999997 473.9451237370299
13.59999999999997 473.9451237370299
13.69999999999997 473.9451237370299
13.79999999999997 473.9451237370299
13.89999999999997 473.9451237370299
13.99999999999997 473.9451237370299
14.09999999999997 473.9451237370299
14.19999999999997 473.9451237370299
14.29999999999997 473.9451237370299
14.39999999999996 473.9451237370299
14.49999999999996 473.9451237370299
14.59999999999996 473.9451237370299
14.69999999999996 473.9451237370299
14.79999999999996 473.9451237370299
14.89999999999996 473.9451237370299
14.99999999999996 473.9451237370299
15.09999999999996 473.9451237370299
15.19999999999996 473.9451237370299
15.29999999999996 473.9451237370299
15.39999999999996 473.9451237370299
15.49999999999996 473.9451237370299
15.59999999999996 473.9451237370299
15.69999999999996 473.9451237370299
15.79999999999996 473.9451237370299
15.89999999999996 473.9451237370299
15.99999999999996 473.9451237370299
16.09999999999996 473.9451237370299
16.19999999999996 473.9451237370299
16.29999999999996 473.9451237370299
16.39999999999996 473.9451237370299
16.49999999999996 473.9451237370299
16.59999999999997 473.9451237370299
16.69999999999997 473.9451237370299
16.79999999999997 473.9451237370299
16.89999999999997 473.9451237370299
16.99999999999997 473.9451237370299
17.09999999999997 473.9451237370299
17.19999999999997 473.9451237370299
17.29999999999998 473.9451237370299
17.39999999999998 473.9451237370299
17.49999999999998 473.9451237370299
17.59999999999998 473.9451237370299
17.69999999999998 473.9451237370299
17.79999999999998 473.9451237370299
17.89999999999998 473.9451237370299
17.99999999999999 473.9451237370299
18.09999999999999 473.9451237370299
18.19999999999999 473.9451237370299
18.29999999999999 473.9451237370299
18.39999999999999 473.9451237370299
18.49999999999999 473.9451237370299
18.59999999999999 473.9451237370299
18.7 473.9451237370299
18.8 473.9451237370299
18.9 473.9451237370299
19 473.9451237370299
19.1 473.9451237370299
19.2 473.9451237370299
19.3 473.9451237370299
19.40000000000001 473.9451237370299
19.50000000000001 473.9451237370299
19.60000000000001 473.9451237370299
19.70000000000001 473.9451237370299
19.80000000000001 473.9451237370299
19.90000000000001 473.9451237370299
20.00000000000001 473.9451237370299
20.10000000000002 473.9451237370299
20.20000000000002 473.9451237370299
20.30000000000002 473.9451237370299
20.40000000000002 473.9451237370299
20.50000000000002 473.9451237370299
20.60000000000002 473.9451237370299
20.70000000000002 473.9451237370299
20.80000000000003 473.9451237370299
20.90000000000003 473.9451237370299
21.00000000000003 473.9451237370299
21.10000000000003 473.9451237370299
21.20000000000003 473.9451237370299
21.30000000000003 473.9451237370299
21.40000000000003 473.9451237370299
21.50000000000004 473.9451237370299
21.60000000000004 473.9451237370299
21.70000000000004 473.9451237370299
21.80000000000004 473.9451237370299
21.90000000000004 473.9451237370299
22.00000000000004 473.9451237370299
22.10000000000004 473.9451237370299
22.20000000000005 473.9451237370299
22.30000000000005 473.9451237370299
22.40000000000005 473.9451237370299
22.50000000000005 473.9451237370299
22.60000000000005 473.9451237370299
22.70000000000005 473.9451237370299
22.80000000000005 473.9451237370299
22.90000000000006 473.9451237370299
23.00000000000006 473.9451237370299
23.10000000000006 473.9451237370299
23.20000000000006 473.9451237370299
23.30000000000006 473.9451237370299
23.40000000000006 473.9451237370299
23.50000000000006 473.9451237370299
23.60000000000007 473.9451237370299
23.70000000000007 473.9451237370299
23.80000000000007 473.9451237370299
23.90000000000007 473.9451237370299
24.00000000000007 473.9451237370299
24.10000000000007 473.9451237370299
24.20000000000007 473.9451237370299
24.30000000000008 473.9451237370299
24.40000000000008 473.9451237370299
24.50000000000008 473.9451237370299
24.60000000000008 473.9451237370299
24.70000000000008 473.9451237370299
24.80000000000008 473.9451237370299
24.90000000000008 473.9451237370299
25.00000000000009 473.9451237370299
25.10000000000009 473.9451237370299
25.20000000000009 473.9451237370299
25.30000000000009 473.9451237370299
25.40000000000009 473.9451237370299
25.50000000000009 473.9451237370299
25.60000000000009 473.9451237370299
25.7000000000001 473.9451237370299
25.8000000000001 473.9451237370299
25.9000000000001 473.9451237370299
26.0000000000001 473.9451237370299
26.1000000000001 473.9451237370299
26.2000000000001 473.9451237370299
26.3000000000001 473.9451237370299
26.40000000000011 473.9451237370299
26.50000000000011 473.9451237370299
26.60000000000011 473.9451237370299
26.70000000000011 473.9451237370299
26.80000000000011 473.9451237370299
26.90000000000011 473.9451237370299
27.00000000000011 473.9451237370299
27.10000000000012 473.9451237370299
27.20000000000012 473.9451237370299
27.30000000000012 473.9451237370299
27.40000000000012 473.9451237370299
27.50000000000012 473.9451237370299
27.60000000000012 473.9451237370299
27.70000000000012 473.9451237370299
27.80000000000013 473.9451237370299
27.90000000000013 473.9451237370299
28.00000000000013 473.9451237370299
28.10000000000013 473.9451237370299
28.20000000000013 473.9451237370299
28.30000000000013 473.9451237370299
28.40000000000013 473.9451237370299
28.50000000000014 473.9451237370299
28.60000000000014 473.9451237370299
28.70000000000014 473.9451237370299
28.80000000000014 473.9451237370299
28.90000000000014 473.9451237370299
29.00000000000014 473.9451237370299
29.10000000000014 473.9451237370299
29.20000000000014 473.9451237370299
29.30000000000015 473.9451237370299
29.40000000000015 473.9451237370299
29.50000000000015 473.9451237370299
29.60000000000015 473.9451237370299
29.70000000000015 473.9451237370299
29.80000000000015 473.9451237370299
29.90000000000015 473.9451237370299
30.00000000000016 473.9451237370299
30.10000000000016 473.9451237370299
30.20000000000016 473.9451237370299
30.30000000000016 473.9451237370299
30.40000000000016 473.9451237370299
30.50000000000016 473.9451237370299
30.60000000000016 473.9451237370299
30.70000000000017 473.9451237370299
30.80000000000017 473.9451237370299
30.90000000000017 473.9451237370299
31.00000000000017 473.9451237370299
31.10000000000017 473.9451237370299
31.20000000000017 473.9451237370299
31.30000000000017 473.9451237370299
31.40000000000018 473.9451237370299
31.50000000000018 473.9451237370299
31.60000000000018 473.9451237370299
31.70000000000018 473.9451237370299
31.80000000000018 473.9451237370299
31.90000000000018 473.9451237370299
32.00000000000018 473.9451237370299
32.10000000000019 473.9451237370299
32.20000000000019 473.9451237370299
32.30000000000019 473.9451237370299
32.40000000000019 473.9451237370299
32.50000000000019 473.9451237370299
32.60000000000019 473.9451237370299
32.70000000000019 473.9451237370299
32.8000000000002 473.9451237370299
32.9000000000002 473.9451237370299
33.0000000000002 473.9451237370299
33.1000000000002 473.9451237370299
33.2000000000002 473.9451237370299
33.3000000000002 473.9451237370299
33.4000000000002 473.9451237370299
33.50000000000021 473.9451237370299
33.60000000000021 473.9451237370299
33.70000000000021 473.9451237370299
33.80000000000021 473.9451237370299
33.90000000000021 473.9451237370299
34.00000000000021 473.9451237370299
34.10000000000021 473.9451237370299
34.20000000000022 473.9451237370299
34.30000000000022 473.9451237370299
34.40000000000022 473.9451237370299
34.50000000000022 473.9451237370299
34.60000000000022 473.9451237370299
34.70000000000022 473.9451237370299
34.80000000000022 473.9451237370299
34.90000000000023 473.9451237370299
35.00000000000023 473.9451237370299
35.10000000000023 473.9451237370299
35.20000000000023 473.9451237370299
35.30000000000023 473.9451237370299
35.40000000000023 473.9451237370299
35.50000000000023 473.9451237370299
35.60000000000024 473.9451237370299
35.70000000000024 473.9451237370299
35.80000000000024 473.9451237370299
35.90000000000024 473.9451237370299
36.00000000000024 473.9451237370299
36.10000000000024 473.9451237370299
36.20000000000024 473.9451237370299
36.30000000000025 473.9451237370299
36.40000000000025 473.9451237370299
36.50000000000025 473.9451237370299
36.60000000000025 473.9451237370299
36.70000000000025 473.9451237370299
36.80000000000025 473.9451237370299
36.90000000000025 473.9451237370299
37.00000000000026 473.9451237370299
37.10000000000026 473.9451237370299
37.20000000000026 473.9451237370299
37.30000000000026 473.9451237370299
37.40000000000026 473.9451237370299
37.50000000000026 473.9451237370299
37.60000000000026 473.9451237370299
37.70000000000027 473.9451237370299
37.80000000000027 473.9451237370299
37.90000000000027 473.9451237370299
38.00000000000027 473.9451237370299
38.10000000000027 473.9451237370299
38.20000000000027 473.9451237370299
38.30000000000027 473.9451237370299
38.40000000000028 473.9451237370299
38.50000000000028 473.9451237370299
38.60000000000028 473.9451237370299
38.70000000000028 473.9451237370299
38.80000000000028 473.9451237370299
38.90000000000028 473.9451237370299
39.00000000000028 473.9451237370299
39.10000000000029 473.9451237370299
39.20000000000029 473.9451237370299
39.30000000000029 473.9451237370299
39.40000000000029 473.9451237370299
39.50000000000029 473.9451237370299
39.60000000000029 473.9451237370299
39.70000000000029 473.9451237370299
39.8000000000003 473.9451237370299
39.9000000000003 473.9451237370299
40.0000000000003 473.9451237370299
40.1000000000003 473.9451237370299
40.2000000000003 473.9451237370299
40.3000000000003 473.9451237370299
40.4000000000003 473.9451237370299
40.50000000000031 473.9451237370299
40.60000000000031 473.9451237370299
40.70000000000031 473.9451237370299
40.80000000000031 473.9451237370299
40.90000000000031 473.9451237370299
41.00000000000031 473.9451237370299
41.10000000000031 473.9451237370299
41.20000000000032 473.9451237370299
41.30000000000032 473.9451237370299
41.40000000000032 473.9451237370299
41.50000000000032 473.9451237370299
41.60000000000032 473.9451237370299
41.70000000000032 473.9451237370299
41.80000000000032 473.9451237370299
41.90000000000033 473.9451237370299
42.00000000000033 473.9451237370299
42.10000000000033 473.9451237370299
42.20000000000033 473.9451237370299
42.30000000000033 473.9451237370299
42.40000000000033 473.9451237370299
42.50000000000033 473.9451237370299
42.60000000000034 473.9451237370299
42.70000000000034 473.9451237370299
42.80000000000034 473.9451237370299
42.90000000000034 473.9451237370299
43.00000000000034 473.9451237370299
43.10000000000034 473.9451237370299
43.20000000000034 473.9451237370299
43.30000000000035 473.9451237370299
43.40000000000035 473.9451237370299
43.50000000000035 473.9451237370299
43.60000000000035 473.9451237370299
43.70000000000035 473.9451237370299
43.80000000000035 473.9451237370299
43.90000000000035 473.9451237370299
44.00000000000036 473.9451237370299
44.10000000000036 473.9451237370299
44.20000000000036 473.9451237370299
44.30000000000036 473.9451237370299
44.40000000000036 473.9451237370299
44.50000000000036 473.9451237370299
44.60000000000036 473.9451237370299
44.70000000000037 473.9451237370299
44.80000000000037 473.9451237370299
44.90000000000037 473.9451237370299
45.00000000000037 473.9451237370299
45.10000000000037 473.9451237370299
45.20000000000037 473.9451237370299
45.30000000000037 473.9451237370299
45.40000000000038 473.9451237370299
45.50000000000038 473.9451237370299
45.60000000000038 473.9451237370299
45.70000000000038 473.9451237370299
45.80000000000038 473.9451237370299
45.90000000000038 473.9451237370299
46.00000000000038 473.9451237370299
46.10000000000039 473.9451237370299
46.20000000000039 473.9451237370299
46.30000000000039 473.9451237370299
46.40000000000039 473.9451237370299
46.50000000000039 473.9451237370299
46.60000000000039 473.9451237370299
46.70000000000039 473.9451237370299
46.8000000000004 473.9451237370299
46.9000000000004 473.9451237370299
47.0000000000004 473.9451237370299
47.1000000000004 473.9451237370299
47.2000000000004 473.9451237370299
47.3000000000004 473.9451237370299
47.4000000000004 473.9451237370299
47.50000000000041 473.9451237370299
47.60000000000041 473.9451237370299
47.70000000000041 473.9451237370299
47.80000000000041 473.9451237370299
47.90000000000041 473.9451237370299
48.00000000000041 473.9451237370299
48.10000000000041 473.9451237370299
48.20000000000041 473.9451237370299
48.30000000000042 473.9451237370299
48.40000000000042 473.9451237370299
48.50000000000042 473.9451237370299
48.60000000000042 473.9451237370299
48.70000000000042 473.9451237370299
48.80000000000042 473.9451237370299
48.90000000000042 473.9451237370299
49.00000000000043 473.9451237370299
49.10000000000043 473.9451237370299
49.20000000000043 473.9451237370299
49.30000000000043 473.9451237370299
49.40000000000043 473.9451237370299
49.50000000000043 473.9451237370299
49.60000000000043 473.9451237370299
49.70000000000044 473.9451237370299
49.80000000000044 473.9451237370299
49.90000000000044 473.9451237370299