Time X1
0 250
0.1 29.91568002533383
0.2 29.91568002533411
0.3 29.91568002533411
0.4 29.91568002533411
0.5 29.91568002533411
0.6 29.91568002533411
0.7 29.91568002533411
0.7999999999999999 29.91568002533411
0.8999999999999999 29.91568002533411
0.9999999999999999 29.91568002533411
1.1 29.91568002533411
1.2 29.91568002533411
1.3 29.91568002533411
1.4 29.91568002533411
1.5 29.91568002533411
1.6 29.91568002533411
1.7 29.91568002533411
1.8 29.91568002533411
1.900000000000001 29.91568002533411
2 29.91568002533411
2.100000000000001 29.91568002533411
2.200000000000001 29.91568002533411
2.300000000000001 29.91568002533411
2.400000000000001 29.91568002533411
2.500000000000001 29.91568002533411
2.600000000000001 29.91568002533411
2.700000000000001 29.91568002533411
2.800000000000001 29.91568002533411
2.900000000000001 29.91568002533411
3.000000000000001 29.91568002533411
3.100000000000001 29.91568002533411
3.200000000000002 29.91568002533411
3.300000000000002 29.91568002533411
3.400000000000002 29.91568002533411
3.500000000000002 29.91568002533411
3.600000000000002 29.91568002533411
3.700000000000002 29.91568002533411
3.800000000000002 29.91568002533411
3.900000000000002 29.91568002533411
4.000000000000002 29.91568002533411
4.100000000000001 29.91568002533411
4.200000000000001 29.91568002533411
4.300000000000001 29.91568002533411
4.4 29.91568002533411
4.5 29.91568002533411
4.6 29.91568002533412
4.699999999999999 29.91568002533412
4.799999999999999 29.91568002533412
4.899999999999999 29.91568002533412
4.999999999999998 29.91568002533412
5.099999999999998 29.91568002533412
5.199999999999998 29.91568002533412
5.299999999999997 29.91568002533412
5.399999999999997 29.91568002533412
5.499999999999996 29.91568002533412
5.599999999999996 29.91568002533412
5.699999999999996 29.91568002533412
5.799999999999995 29.91568002533412
5.899999999999995 29.91568002533412
5.999999999999995 29.91568002533412
6.099999999999994 29.91568002533412
6.199999999999994 29.91568002533412
6.299999999999994 29.91568002533412
6.399999999999993 29.91568002533412
6.499999999999993 29.91568002533412
6.599999999999993 29.91568002533412
6.699999999999992 29.91568002533412
6.799999999999992 29.91568002533412
6.899999999999991 29.91568002533412
6.999999999999991 29.91568002533412
7.099999999999991 29.91568002533412
7.19999999999999 29.91568002533412
7.29999999999999 29.91568002533412
7.39999999999999 29.91568002533412
7.499999999999989 29.91568002533412
7.599999999999989 29.91568002533412
7.699999999999989 29.91568002533412
7.799999999999988 29.91568002533412
7.899999999999988 29.91568002533412
7.999999999999988 29.91568002533412
8.099999999999987 29.91568002533412
8.199999999999987 29.91568002533412
8.299999999999986 29.91568002533412
8.399999999999986 29.91568002533412
8.499999999999986 29.91568002533412
8.599999999999985 29.91568002533412
8.699999999999985 29.91568002533412
8.799999999999985 29.91568002533412
8.899999999999984 29.91568002533412
8.999999999999984 29.91568002533412
9.099999999999984 29.91568002533412
9.199999999999983 29.91568002533412
9.299999999999983 29.91568002533412
9.399999999999983 29.91568002533412
9.499999999999982 29.91568002533412
9.599999999999982 29.91568002533412
9.699999999999982 29.91568002533412
9.799999999999981 29.91568002533412
9.899999999999981 29.91568002533412
9.99999999999998 29.91568002533412
10.09999999999998 29.91568002533412
10.19999999999998 29.91568002533412
10.29999999999998 29.91568002533412
10.39999999999998 29.91568002533412
10.49999999999998 29.91568002533412
10.59999999999998 29.91568002533412
10.69999999999998 29.91568002533412
10.79999999999998 29.91568002533412
10.89999999999998 29.91568002533412
10.99999999999998 29.91568002533412
11.09999999999998 29.91568002533412
11.19999999999998 29.91568002533412
11.29999999999998 29.91568002533412
11.39999999999998 29.91568002533412
11.49999999999998 29.91568002533412
11.59999999999997 29.91568002533412
11.69999999999997 29.91568002533412
11.79999999999997 29.91568002533412
11.89999999999997 29.91568002533412
11.99999999999997 29.91568002533412
12.09999999999997 29.91568002533412
12.19999999999997 29.91568002533412
12.29999999999997 29.91568002533412
12.39999999999997 29.91568002533412
12.49999999999997 29.91568002533412
12.59999999999997 29.91568002533412
12.69999999999997 29.91568002533412
12.79999999999997 29.91568002533412
12.89999999999997 29.91568002533412
12.99999999999997 29.91568002533412
13.09999999999997 29.91568002533412
13.19999999999997 29.91568002533412
13.29999999999997 29.91568002533412
13.39999999999997 29.91568002533412
13.49999999999997 29.91568002533412
13.59999999999997 29.91568002533412
13.69999999999997 29.91568002533412
13.79999999999997 29.91568002533412
13.89999999999997 29.91568002533412
13.99999999999997 29.91568002533412
14.09999999999997 29.91568002533412
14.19999999999997 29.91568002533412
14.29999999999997 29.91568002533412
14.39999999999996 29.91568002533412
14.49999999999996 29.91568002533412
14.59999999999996 29.91568002533412
14.69999999999996 29.91568002533412
14.79999999999996 29.91568002533412
14.89999999999996 29.91568002533412
14.99999999999996 29.91568002533412
15.09999999999996 29.91568002533412
15.19999999999996 29.91568002533412
15.29999999999996 29.91568002533412
15.39999999999996 29.91568002533412
15.49999999999996 29.91568002533412
15.59999999999996 29.91568002533412
15.69999999999996 29.91568002533412
15.79999999999996 29.91568002533412
15.89999999999996 29.91568002533412
15.99999999999996 29.91568002533412
16.09999999999996 29.91568002533412
16.19999999999996 29.91568002533412
16.29999999999996 29.91568002533412
16.39999999999996 29.91568002533412
16.49999999999996 29.91568002533412
16.59999999999997 29.91568002533412
16.69999999999997 29.91568002533412
16.79999999999997 29.91568002533412
16.89999999999997 29.91568002533412
16.99999999999997 29.91568002533412
17.09999999999997 29.91568002533412
17.19999999999997 29.91568002533412
17.29999999999998 29.91568002533412
17.39999999999998 29.91568002533412
17.49999999999998 29.91568002533412
17.59999999999998 29.91568002533412
17.69999999999998 29.91568002533412
17.79999999999998 29.91568002533412
17.89999999999998 29.91568002533412
17.99999999999999 29.91568002533412
18.09999999999999 29.91568002533412
18.19999999999999 29.91568002533412
18.29999999999999 29.91568002533412
18.39999999999999 29.91568002533412
18.49999999999999 29.91568002533412
18.59999999999999 29.91568002533412
18.7 29.91568002533412
18.8 29.91568002533412
18.9 29.91568002533412
19 29.91568002533412
19.1 29.91568002533412
19.2 29.91568002533412
19.3 29.91568002533412
19.40000000000001 29.91568002533412
19.50000000000001 29.91568002533412
19.60000000000001 29.91568002533412
19.70000000000001 29.91568002533412
19.80000000000001 29.91568002533412
19.90000000000001 29.91568002533412
20.00000000000001 29.91568002533412
20.10000000000002 29.91568002533412
20.20000000000002 29.91568002533412
20.30000000000002 29.91568002533412
20.40000000000002 29.91568002533412
20.50000000000002 29.91568002533412
20.60000000000002 29.91568002533412
20.70000000000002 29.91568002533412
20.80000000000003 29.91568002533412
20.90000000000003 29.91568002533412
21.00000000000003 29.91568002533412
21.10000000000003 29.91568002533412
21.20000000000003 29.91568002533412
21.30000000000003 29.91568002533412
21.40000000000003 29.91568002533412
21.50000000000004 29.91568002533412
21.60000000000004 29.91568002533412
21.70000000000004 29.91568002533412
21.80000000000004 29.91568002533412
21.90000000000004 29.91568002533412
22.00000000000004 29.91568002533412
22.10000000000004 29.91568002533412
22.20000000000005 29.91568002533412
22.30000000000005 29.91568002533412
22.40000000000005 29.91568002533412
22.50000000000005 29.91568002533412
22.60000000000005 29.91568002533412
22.70000000000005 29.91568002533412
22.80000000000005 29.91568002533412
22.90000000000006 29.91568002533412
23.00000000000006 29.91568002533412
23.10000000000006 29.91568002533412
23.20000000000006 29.91568002533412
23.30000000000006 29.91568002533412
23.40000000000006 29.91568002533412
23.50000000000006 29.91568002533412
23.60000000000007 29.91568002533412
23.70000000000007 29.91568002533412
23.80000000000007 29.91568002533412
23.90000000000007 29.91568002533412
24.00000000000007 29.91568002533412
24.10000000000007 29.91568002533412
24.20000000000007 29.91568002533412
24.30000000000008 29.91568002533412
24.40000000000008 29.91568002533412
24.50000000000008 29.91568002533412
24.60000000000008 29.91568002533412
24.70000000000008 29.91568002533412
24.80000000000008 29.91568002533412
24.90000000000008 29.91568002533412
25.00000000000009 29.91568002533412
25.10000000000009 29.91568002533412
25.20000000000009 29.91568002533412
25.30000000000009 29.91568002533412
25.40000000000009 29.91568002533412
25.50000000000009 29.91568002533412
25.60000000000009 29.91568002533412
25.7000000000001 29.91568002533412
25.8000000000001 29.91568002533412
25.9000000000001 29.91568002533412
26.0000000000001 29.91568002533412
26.1000000000001 29.91568002533412
26.2000000000001 29.91568002533412
26.3000000000001 29.91568002533412
26.40000000000011 29.91568002533412
26.50000000000011 29.91568002533412
26.60000000000011 29.91568002533412
26.70000000000011 29.91568002533412
26.80000000000011 29.91568002533412
26.90000000000011 29.91568002533412
27.00000000000011 29.91568002533412
27.10000000000012 29.91568002533412
27.20000000000012 29.91568002533412
27.30000000000012 29.91568002533412
27.40000000000012 29.91568002533412
27.50000000000012 29.91568002533412
27.60000000000012 29.91568002533412
27.70000000000012 29.91568002533412
27.80000000000013 29.91568002533412
27.90000000000013 29.91568002533412
28.00000000000013 29.91568002533412
28.10000000000013 29.91568002533412
28.20000000000013 29.91568002533412
28.30000000000013 29.91568002533412
28.40000000000013 29.91568002533412
28.50000000000014 29.91568002533412
28.60000000000014 29.91568002533412
28.70000000000014 29.91568002533412
28.80000000000014 29.91568002533412
28.90000000000014 29.91568002533412
29.00000000000014 29.91568002533412
29.10000000000014 29.91568002533412
29.20000000000014 29.91568002533412
29.30000000000015 29.91568002533412
29.40000000000015 29.91568002533412
29.50000000000015 29.91568002533412
29.60000000000015 29.91568002533412
29.70000000000015 29.91568002533412
29.80000000000015 29.91568002533412
29.90000000000015 29.91568002533412
30.00000000000016 29.91568002533412
30.10000000000016 29.91568002533412
30.20000000000016 29.91568002533412
30.30000000000016 29.91568002533412
30.40000000000016 29.91568002533412
30.50000000000016 29.91568002533412
30.60000000000016 29.91568002533412
30.70000000000017 29.91568002533412
30.80000000000017 29.91568002533412
30.90000000000017 29.91568002533412
31.00000000000017 29.91568002533412
31.10000000000017 29.91568002533412
31.20000000000017 29.91568002533412
31.30000000000017 29.91568002533412
31.40000000000018 29.91568002533412
31.50000000000018 29.91568002533412
31.60000000000018 29.91568002533412
31.70000000000018 29.91568002533412
31.80000000000018 29.91568002533412
31.90000000000018 29.91568002533412
32.00000000000018 29.91568002533412
32.10000000000019 29.91568002533412
32.20000000000019 29.91568002533412
32.30000000000019 29.91568002533412
32.40000000000019 29.91568002533412
32.50000000000019 29.91568002533412
32.60000000000019 29.91568002533412
32.70000000000019 29.91568002533412
32.8000000000002 29.91568002533412
32.9000000000002 29.91568002533412
33.0000000000002 29.91568002533412
33.1000000000002 29.91568002533412
33.2000000000002 29.91568002533412
33.3000000000002 29.91568002533412
33.4000000000002 29.91568002533412
33.50000000000021 29.91568002533412
33.60000000000021 29.91568002533412
33.70000000000021 29.91568002533412
33.80000000000021 29.91568002533412
33.90000000000021 29.91568002533412
34.00000000000021 29.91568002533412
34.10000000000021 29.91568002533412
34.20000000000022 29.91568002533412
34.30000000000022 29.91568002533412
34.40000000000022 29.91568002533412
34.50000000000022 29.91568002533412
34.60000000000022 29.91568002533412
34.70000000000022 29.91568002533412
34.80000000000022 29.91568002533412
34.90000000000023 29.91568002533412
35.00000000000023 29.91568002533412
35.10000000000023 29.91568002533412
35.20000000000023 29.91568002533412
35.30000000000023 29.91568002533412
35.40000000000023 29.91568002533412
35.50000000000023 29.91568002533412
35.60000000000024 29.91568002533412
35.70000000000024 29.91568002533412
35.80000000000024 29.91568002533412
35.90000000000024 29.91568002533412
36.00000000000024 29.91568002533412
36.10000000000024 29.91568002533412
36.20000000000024 29.91568002533412
36.30000000000025 29.91568002533412
36.40000000000025 29.91568002533412
36.50000000000025 29.91568002533412
36.60000000000025 29.91568002533412
36.70000000000025 29.91568002533412
36.80000000000025 29.91568002533412
36.90000000000025 29.91568002533412
37.00000000000026 29.91568002533412
37.10000000000026 29.91568002533412
37.20000000000026 29.91568002533412
37.30000000000026 29.91568002533412
37.40000000000026 29.91568002533412
37.50000000000026 29.91568002533412
37.60000000000026 29.91568002533412
37.70000000000027 29.91568002533412
37.80000000000027 29.91568002533412
37.90000000000027 29.91568002533412
38.00000000000027 29.91568002533412
38.10000000000027 29.91568002533412
38.20000000000027 29.91568002533412
38.30000000000027 29.91568002533412
38.40000000000028 29.91568002533412
38.50000000000028 29.91568002533412
38.60000000000028 29.91568002533412
38.70000000000028 29.91568002533412
38.80000000000028 29.91568002533412
38.90000000000028 29.91568002533412
39.00000000000028 29.91568002533412
39.10000000000029 29.91568002533412
39.20000000000029 29.91568002533412
39.30000000000029 29.91568002533412
39.40000000000029 29.91568002533412
39.50000000000029 29.91568002533411
39.60000000000029 29.91568002533411
39.70000000000029 29.91568002533411
39.8000000000003 29.91568002533411
39.9000000000003 29.91568002533411
40.0000000000003 29.91568002533411
40.1000000000003 29.91568002533411
40.2000000000003 29.91568002533411
40.3000000000003 29.91568002533411
40.4000000000003 29.91568002533411
40.50000000000031 29.91568002533411
40.60000000000031 29.91568002533411
40.70000000000031 29.91568002533411
40.80000000000031 29.91568002533411
40.90000000000031 29.91568002533411
41.00000000000031 29.91568002533411
41.10000000000031 29.91568002533411
41.20000000000032 29.91568002533411
41.30000000000032 29.91568002533411
41.40000000000032 29.91568002533411
41.50000000000032 29.91568002533411
41.60000000000032 29.91568002533411
41.70000000000032 29.91568002533411
41.80000000000032 29.91568002533411
41.90000000000033 29.91568002533411
42.00000000000033 29.91568002533411
42.10000000000033 29.91568002533411
42.20000000000033 29.91568002533411
42.30000000000033 29.91568002533411
42.40000000000033 29.91568002533411
42.50000000000033 29.91568002533411
42.60000000000034 29.91568002533411
42.70000000000034 29.91568002533411
42.80000000000034 29.91568002533411
42.90000000000034 29.91568002533411
43.00000000000034 29.91568002533411
43.10000000000034 29.91568002533411
43.20000000000034 29.91568002533411
43.30000000000035 29.91568002533411
43.40000000000035 29.91568002533411
43.50000000000035 29.91568002533411
43.60000000000035 29.91568002533411
43.70000000000035 29.91568002533411
43.80000000000035 29.91568002533411
43.90000000000035 29.91568002533411
44.00000000000036 29.91568002533411
44.10000000000036 29.91568002533411
44.20000000000036 29.91568002533411
44.30000000000036 29.91568002533411
44.40000000000036 29.91568002533411
44.50000000000036 29.91568002533411
44.60000000000036 29.91568002533411
44.70000000000037 29.91568002533411
44.80000000000037 29.91568002533411
44.90000000000037 29.91568002533411
45.00000000000037 29.91568002533411
45.10000000000037 29.91568002533411
45.20000000000037 29.91568002533411
45.30000000000037 29.91568002533411
45.40000000000038 29.91568002533411
45.50000000000038 29.91568002533411
45.60000000000038 29.91568002533411
45.70000000000038 29.91568002533411
45.80000000000038 29.91568002533411
45.90000000000038 29.91568002533411
46.00000000000038 29.91568002533411
46.10000000000039 29.91568002533411
46.20000000000039 29.91568002533411
46.30000000000039 29.91568002533411
46.40000000000039 29.91568002533411
46.50000000000039 29.91568002533411
46.60000000000039 29.91568002533411
46.70000000000039 29.91568002533411
46.8000000000004 29.91568002533411
46.9000000000004 29.91568002533411
47.0000000000004 29.91568002533411
47.1000000000004 29.91568002533411
47.2000000000004 29.91568002533411
47.3000000000004 29.91568002533411
47.4000000000004 29.91568002533411
47.50000000000041 29.91568002533411
47.60000000000041 29.91568002533411
47.70000000000041 29.91568002533411
47.80000000000041 29.91568002533411
47.90000000000041 29.91568002533411
48.00000000000041 29.91568002533411
48.10000000000041 29.91568002533411
48.20000000000041 29.91568002533411
48.30000000000042 29.91568002533411
48.40000000000042 29.91568002533411
48.50000000000042 29.91568002533411
48.60000000000042 29.91568002533411
48.70000000000042 29.91568002533411
48.80000000000042 29.91568002533411
48.90000000000042 29.91568002533411
49.00000000000043 29.91568002533411
49.10000000000043 29.91568002533411
49.20000000000043 29.91568002533411
49.30000000000043 29.91568002533411
49.40000000000043 29.91568002533411
49.50000000000043 29.91568002533411
49.60000000000043 29.91568002533411
49.70000000000044 29.91568002533411
49.80000000000044 29.91568002533411
49.90000000000044 29.91568002533411