Time X1
0 250
0.1 6718.619781785348
0.2 6718.619781785348
0.3 6718.619781785349
0.4 6718.619781785348
0.5 6718.619781785348
0.6 6718.619781785348
0.7 6718.619781785348
0.7999999999999999 6718.619781785348
0.8999999999999999 6718.619781785348
0.9999999999999999 6718.619781785348
1.1 6718.619781785348
1.2 6718.619781785348
1.3 6718.619781785348
1.4 6718.619781785348
1.5 6718.619781785349
1.6 6718.619781785349
1.7 6718.619781785349
1.8 6718.619781785349
1.900000000000001 6718.619781785349
2 6718.619781785349
2.100000000000001 6718.619781785349
2.200000000000001 6718.619781785349
2.300000000000001 6718.619781785349
2.400000000000001 6718.619781785349
2.500000000000001 6718.619781785349
2.600000000000001 6718.619781785349
2.700000000000001 6718.619781785349
2.800000000000001 6718.619781785349
2.900000000000001 6718.619781785349
3.000000000000001 6718.619781785349
3.100000000000001 6718.61978178535
3.200000000000002 6718.61978178535
3.300000000000002 6718.61978178535
3.400000000000002 6718.61978178535
3.500000000000002 6718.61978178535
3.600000000000002 6718.61978178535
3.700000000000002 6718.61978178535
3.800000000000002 6718.61978178535
3.900000000000002 6718.61978178535
4.000000000000002 6718.61978178535
4.100000000000001 6718.61978178535
4.200000000000001 6718.61978178535
4.300000000000001 6718.61978178535
4.4 6718.61978178535
4.5 6718.61978178535
4.6 6718.61978178535
4.699999999999999 6718.61978178535
4.799999999999999 6718.61978178535
4.899999999999999 6718.61978178535
4.999999999999998 6718.61978178535
5.099999999999998 6718.61978178535
5.199999999999998 6718.61978178535
5.299999999999997 6718.61978178535
5.399999999999997 6718.61978178535
5.499999999999996 6718.61978178535
5.599999999999996 6718.61978178535
5.699999999999996 6718.61978178535
5.799999999999995 6718.61978178535
5.899999999999995 6718.61978178535
5.999999999999995 6718.61978178535
6.099999999999994 6718.61978178535
6.199999999999994 6718.61978178535
6.299999999999994 6718.61978178535
6.399999999999993 6718.61978178535
6.499999999999993 6718.61978178535
6.599999999999993 6718.61978178535
6.699999999999992 6718.61978178535
6.799999999999992 6718.61978178535
6.899999999999991 6718.61978178535
6.999999999999991 6718.61978178535
7.099999999999991 6718.61978178535
7.19999999999999 6718.619781785349
7.29999999999999 6718.619781785349
7.39999999999999 6718.619781785349
7.499999999999989 6718.619781785349
7.599999999999989 6718.619781785349
7.699999999999989 6718.619781785349
7.799999999999988 6718.619781785349
7.899999999999988 6718.619781785349
7.999999999999988 6718.619781785349
8.099999999999987 6718.619781785349
8.199999999999987 6718.619781785349
8.299999999999986 6718.619781785349
8.399999999999986 6718.619781785349
8.499999999999986 6718.619781785349
8.599999999999985 6718.619781785349
8.699999999999985 6718.619781785349
8.799999999999985 6718.619781785349
8.899999999999984 6718.619781785349
8.999999999999984 6718.619781785349
9.099999999999984 6718.619781785349
9.199999999999983 6718.619781785349
9.299999999999983 6718.619781785349
9.399999999999983 6718.619781785349
9.499999999999982 6718.619781785349
9.599999999999982 6718.619781785349
9.699999999999982 6718.619781785349
9.799999999999981 6718.619781785349
9.899999999999981 6718.619781785349
9.99999999999998 6718.619781785349
10.09999999999998 6718.619781785349
10.19999999999998 6718.619781785349
10.29999999999998 6718.619781785349
10.39999999999998 6718.619781785349
10.49999999999998 6718.619781785349
10.59999999999998 6718.619781785349
10.69999999999998 6718.619781785349
10.79999999999998 6718.619781785349
10.89999999999998 6718.619781785349
10.99999999999998 6718.619781785349
11.09999999999998 6718.619781785349
11.19999999999998 6718.619781785349
11.29999999999998 6718.619781785349
11.39999999999998 6718.619781785349
11.49999999999998 6718.619781785349
11.59999999999997 6718.619781785349
11.69999999999997 6718.619781785349
11.79999999999997 6718.619781785349
11.89999999999997 6718.619781785349
11.99999999999997 6718.619781785349
12.09999999999997 6718.619781785349
12.19999999999997 6718.619781785349
12.29999999999997 6718.619781785349
12.39999999999997 6718.619781785349
12.49999999999997 6718.619781785349
12.59999999999997 6718.619781785349
12.69999999999997 6718.619781785349
12.79999999999997 6718.619781785349
12.89999999999997 6718.619781785349
12.99999999999997 6718.619781785349
13.09999999999997 6718.619781785349
13.19999999999997 6718.619781785349
13.29999999999997 6718.619781785349
13.39999999999997 6718.619781785349
13.49999999999997 6718.619781785349
13.59999999999997 6718.619781785349
13.69999999999997 6718.619781785349
13.79999999999997 6718.619781785349
13.89999999999997 6718.619781785349
13.99999999999997 6718.619781785349
14.09999999999997 6718.619781785349
14.19999999999997 6718.619781785349
14.29999999999997 6718.619781785349
14.39999999999996 6718.619781785349
14.49999999999996 6718.619781785349
14.59999999999996 6718.619781785349
14.69999999999996 6718.619781785349
14.79999999999996 6718.619781785349
14.89999999999996 6718.619781785349
14.99999999999996 6718.619781785349
15.09999999999996 6718.619781785349
15.19999999999996 6718.619781785349
15.29999999999996 6718.619781785349
15.39999999999996 6718.619781785349
15.49999999999996 6718.619781785349
15.59999999999996 6718.619781785349
15.69999999999996 6718.619781785349
15.79999999999996 6718.619781785349
15.89999999999996 6718.619781785349
15.99999999999996 6718.619781785349
16.09999999999996 6718.619781785349
16.19999999999996 6718.619781785349
16.29999999999996 6718.619781785349
16.39999999999996 6718.619781785349
16.49999999999996 6718.619781785349
16.59999999999997 6718.619781785349
16.69999999999997 6718.619781785349
16.79999999999997 6718.619781785349
16.89999999999997 6718.619781785349
16.99999999999997 6718.619781785349
17.09999999999997 6718.619781785349
17.19999999999997 6718.619781785349
17.29999999999998 6718.619781785349
17.39999999999998 6718.619781785349
17.49999999999998 6718.619781785349
17.59999999999998 6718.619781785349
17.69999999999998 6718.619781785349
17.79999999999998 6718.619781785349
17.89999999999998 6718.619781785349
17.99999999999999 6718.619781785349
18.09999999999999 6718.619781785349
18.19999999999999 6718.619781785349
18.29999999999999 6718.619781785349
18.39999999999999 6718.619781785349
18.49999999999999 6718.619781785349
18.59999999999999 6718.619781785349
18.7 6718.619781785349
18.8 6718.619781785349
18.9 6718.619781785349
19 6718.619781785349
19.1 6718.619781785349
19.2 6718.619781785349
19.3 6718.619781785349
19.40000000000001 6718.619781785349
19.50000000000001 6718.619781785349
19.60000000000001 6718.619781785349
19.70000000000001 6718.619781785349
19.80000000000001 6718.61978178535
19.90000000000001 6718.61978178535
20.00000000000001 6718.61978178535
20.10000000000002 6718.61978178535
20.20000000000002 6718.61978178535
20.30000000000002 6718.61978178535
20.40000000000002 6718.61978178535
20.50000000000002 6718.61978178535
20.60000000000002 6718.61978178535
20.70000000000002 6718.61978178535
20.80000000000003 6718.61978178535
20.90000000000003 6718.61978178535
21.00000000000003 6718.61978178535
21.10000000000003 6718.61978178535
21.20000000000003 6718.61978178535
21.30000000000003 6718.61978178535
21.40000000000003 6718.61978178535
21.50000000000004 6718.61978178535
21.60000000000004 6718.61978178535
21.70000000000004 6718.61978178535
21.80000000000004 6718.61978178535
21.90000000000004 6718.61978178535
22.00000000000004 6718.61978178535
22.10000000000004 6718.61978178535
22.20000000000005 6718.61978178535
22.30000000000005 6718.61978178535
22.40000000000005 6718.61978178535
22.50000000000005 6718.61978178535
22.60000000000005 6718.61978178535
22.70000000000005 6718.61978178535
22.80000000000005 6718.61978178535
22.90000000000006 6718.61978178535
23.00000000000006 6718.61978178535
23.10000000000006 6718.61978178535
23.20000000000006 6718.61978178535
23.30000000000006 6718.61978178535
23.40000000000006 6718.61978178535
23.50000000000006 6718.61978178535
23.60000000000007 6718.61978178535
23.70000000000007 6718.61978178535
23.80000000000007 6718.61978178535
23.90000000000007 6718.61978178535
24.00000000000007 6718.61978178535
24.10000000000007 6718.61978178535
24.20000000000007 6718.61978178535
24.30000000000008 6718.61978178535
24.40000000000008 6718.61978178535
24.50000000000008 6718.61978178535
24.60000000000008 6718.61978178535
24.70000000000008 6718.61978178535
24.80000000000008 6718.61978178535
24.90000000000008 6718.61978178535
25.00000000000009 6718.61978178535
25.10000000000009 6718.61978178535
25.20000000000009 6718.61978178535
25.30000000000009 6718.61978178535
25.40000000000009 6718.61978178535
25.50000000000009 6718.61978178535
25.60000000000009 6718.61978178535
25.7000000000001 6718.61978178535
25.8000000000001 6718.61978178535
25.9000000000001 6718.61978178535
26.0000000000001 6718.61978178535
26.1000000000001 6718.61978178535
26.2000000000001 6718.61978178535
26.3000000000001 6718.61978178535
26.40000000000011 6718.61978178535
26.50000000000011 6718.61978178535
26.60000000000011 6718.61978178535
26.70000000000011 6718.61978178535
26.80000000000011 6718.61978178535
26.90000000000011 6718.61978178535
27.00000000000011 6718.61978178535
27.10000000000012 6718.61978178535
27.20000000000012 6718.61978178535
27.30000000000012 6718.61978178535
27.40000000000012 6718.61978178535
27.50000000000012 6718.61978178535
27.60000000000012 6718.61978178535
27.70000000000012 6718.61978178535
27.80000000000013 6718.61978178535
27.90000000000013 6718.61978178535
28.00000000000013 6718.61978178535
28.10000000000013 6718.61978178535
28.20000000000013 6718.61978178535
28.30000000000013 6718.61978178535
28.40000000000013 6718.61978178535
28.50000000000014 6718.61978178535
28.60000000000014 6718.61978178535
28.70000000000014 6718.61978178535
28.80000000000014 6718.61978178535
28.90000000000014 6718.61978178535
29.00000000000014 6718.61978178535
29.10000000000014 6718.61978178535
29.20000000000014 6718.61978178535
29.30000000000015 6718.61978178535
29.40000000000015 6718.61978178535
29.50000000000015 6718.61978178535
29.60000000000015 6718.61978178535
29.70000000000015 6718.61978178535
29.80000000000015 6718.61978178535
29.90000000000015 6718.61978178535
30.00000000000016 6718.61978178535
30.10000000000016 6718.61978178535
30.20000000000016 6718.61978178535
30.30000000000016 6718.61978178535
30.40000000000016 6718.61978178535
30.50000000000016 6718.61978178535
30.60000000000016 6718.61978178535
30.70000000000017 6718.61978178535
30.80000000000017 6718.61978178535
30.90000000000017 6718.61978178535
31.00000000000017 6718.61978178535
31.10000000000017 6718.61978178535
31.20000000000017 6718.61978178535
31.30000000000017 6718.61978178535
31.40000000000018 6718.61978178535
31.50000000000018 6718.61978178535
31.60000000000018 6718.61978178535
31.70000000000018 6718.61978178535
31.80000000000018 6718.61978178535
31.90000000000018 6718.61978178535
32.00000000000018 6718.61978178535
32.10000000000019 6718.61978178535
32.20000000000019 6718.61978178535
32.30000000000019 6718.61978178535
32.40000000000019 6718.61978178535
32.50000000000019 6718.61978178535
32.60000000000019 6718.61978178535
32.70000000000019 6718.61978178535
32.8000000000002 6718.61978178535
32.9000000000002 6718.61978178535
33.0000000000002 6718.61978178535
33.1000000000002 6718.61978178535
33.2000000000002 6718.61978178535
33.3000000000002 6718.61978178535
33.4000000000002 6718.61978178535
33.50000000000021 6718.61978178535
33.60000000000021 6718.61978178535
33.70000000000021 6718.61978178535
33.80000000000021 6718.61978178535
33.90000000000021 6718.61978178535
34.00000000000021 6718.61978178535
34.10000000000021 6718.61978178535
34.20000000000022 6718.61978178535
34.30000000000022 6718.61978178535
34.40000000000022 6718.61978178535
34.50000000000022 6718.61978178535
34.60000000000022 6718.61978178535
34.70000000000022 6718.61978178535
34.80000000000022 6718.61978178535
34.90000000000023 6718.61978178535
35.00000000000023 6718.61978178535
35.10000000000023 6718.61978178535
35.20000000000023 6718.61978178535
35.30000000000023 6718.61978178535
35.40000000000023 6718.61978178535
35.50000000000023 6718.61978178535
35.60000000000024 6718.61978178535
35.70000000000024 6718.61978178535
35.80000000000024 6718.61978178535
35.90000000000024 6718.61978178535
36.00000000000024 6718.61978178535
36.10000000000024 6718.61978178535
36.20000000000024 6718.61978178535
36.30000000000025 6718.61978178535
36.40000000000025 6718.61978178535
36.50000000000025 6718.61978178535
36.60000000000025 6718.61978178535
36.70000000000025 6718.61978178535
36.80000000000025 6718.61978178535
36.90000000000025 6718.61978178535
37.00000000000026 6718.61978178535
37.10000000000026 6718.61978178535
37.20000000000026 6718.61978178535
37.30000000000026 6718.61978178535
37.40000000000026 6718.61978178535
37.50000000000026 6718.61978178535
37.60000000000026 6718.61978178535
37.70000000000027 6718.61978178535
37.80000000000027 6718.61978178535
37.90000000000027 6718.61978178535
38.00000000000027 6718.61978178535
38.10000000000027 6718.61978178535
38.20000000000027 6718.61978178535
38.30000000000027 6718.61978178535
38.40000000000028 6718.61978178535
38.50000000000028 6718.61978178535
38.60000000000028 6718.61978178535
38.70000000000028 6718.61978178535
38.80000000000028 6718.61978178535
38.90000000000028 6718.61978178535
39.00000000000028 6718.61978178535
39.10000000000029 6718.61978178535
39.20000000000029 6718.61978178535
39.30000000000029 6718.61978178535
39.40000000000029 6718.61978178535
39.50000000000029 6718.61978178535
39.60000000000029 6718.61978178535
39.70000000000029 6718.61978178535
39.8000000000003 6718.61978178535
39.9000000000003 6718.61978178535
40.0000000000003 6718.61978178535
40.1000000000003 6718.61978178535
40.2000000000003 6718.61978178535
40.3000000000003 6718.61978178535
40.4000000000003 6718.61978178535
40.50000000000031 6718.61978178535
40.60000000000031 6718.61978178535
40.70000000000031 6718.61978178535
40.80000000000031 6718.61978178535
40.90000000000031 6718.61978178535
41.00000000000031 6718.61978178535
41.10000000000031 6718.61978178535
41.20000000000032 6718.61978178535
41.30000000000032 6718.61978178535
41.40000000000032 6718.61978178535
41.50000000000032 6718.61978178535
41.60000000000032 6718.61978178535
41.70000000000032 6718.61978178535
41.80000000000032 6718.61978178535
41.90000000000033 6718.61978178535
42.00000000000033 6718.61978178535
42.10000000000033 6718.61978178535
42.20000000000033 6718.61978178535
42.30000000000033 6718.61978178535
42.40000000000033 6718.61978178535
42.50000000000033 6718.61978178535
42.60000000000034 6718.61978178535
42.70000000000034 6718.61978178535
42.80000000000034 6718.61978178535
42.90000000000034 6718.61978178535
43.00000000000034 6718.61978178535
43.10000000000034 6718.61978178535
43.20000000000034 6718.61978178535
43.30000000000035 6718.61978178535
43.40000000000035 6718.61978178535
43.50000000000035 6718.61978178535
43.60000000000035 6718.61978178535
43.70000000000035 6718.61978178535
43.80000000000035 6718.61978178535
43.90000000000035 6718.61978178535
44.00000000000036 6718.61978178535
44.10000000000036 6718.61978178535
44.20000000000036 6718.61978178535
44.30000000000036 6718.61978178535
44.40000000000036 6718.61978178535
44.50000000000036 6718.61978178535
44.60000000000036 6718.61978178535
44.70000000000037 6718.61978178535
44.80000000000037 6718.61978178535
44.90000000000037 6718.61978178535
45.00000000000037 6718.61978178535
45.10000000000037 6718.61978178535
45.20000000000037 6718.61978178535
45.30000000000037 6718.61978178535
45.40000000000038 6718.61978178535
45.50000000000038 6718.61978178535
45.60000000000038 6718.61978178535
45.70000000000038 6718.61978178535
45.80000000000038 6718.61978178535
45.90000000000038 6718.61978178535
46.00000000000038 6718.61978178535
46.10000000000039 6718.61978178535
46.20000000000039 6718.61978178535
46.30000000000039 6718.61978178535
46.40000000000039 6718.61978178535
46.50000000000039 6718.61978178535
46.60000000000039 6718.61978178535
46.70000000000039 6718.61978178535
46.8000000000004 6718.61978178535
46.9000000000004 6718.61978178535
47.0000000000004 6718.61978178535
47.1000000000004 6718.61978178535
47.2000000000004 6718.61978178535
47.3000000000004 6718.61978178535
47.4000000000004 6718.61978178535
47.50000000000041 6718.61978178535
47.60000000000041 6718.61978178535
47.70000000000041 6718.61978178535
47.80000000000041 6718.61978178535
47.90000000000041 6718.61978178535
48.00000000000041 6718.61978178535
48.10000000000041 6718.61978178535
48.20000000000041 6718.61978178535
48.30000000000042 6718.61978178535
48.40000000000042 6718.61978178535
48.50000000000042 6718.61978178535
48.60000000000042 6718.61978178535
48.70000000000042 6718.61978178535
48.80000000000042 6718.61978178535
48.90000000000042 6718.61978178535
49.00000000000043 6718.61978178535
49.10000000000043 6718.61978178535
49.20000000000043 6718.61978178535
49.30000000000043 6718.61978178535
49.40000000000043 6718.61978178535
49.50000000000043 6718.61978178535
49.60000000000043 6718.61978178535
49.70000000000044 6718.61978178535
49.80000000000044 6718.61978178535
49.90000000000044 6718.61978178535