Time X1
0 250
0.1 3670.65563629843
0.2 3670.65563629843
0.3 3670.65563629843
0.4 3670.65563629843
0.5 3670.655636298429
0.6 3670.655636298429
0.7 3670.655636298429
0.7999999999999999 3670.655636298429
0.8999999999999999 3670.655636298429
0.9999999999999999 3670.655636298429
1.1 3670.655636298429
1.2 3670.655636298429
1.3 3670.655636298429
1.4 3670.655636298429
1.5 3670.655636298429
1.6 3670.655636298429
1.7 3670.655636298429
1.8 3670.655636298429
1.900000000000001 3670.655636298429
2 3670.655636298429
2.100000000000001 3670.655636298429
2.200000000000001 3670.655636298429
2.300000000000001 3670.655636298429
2.400000000000001 3670.655636298429
2.500000000000001 3670.655636298429
2.600000000000001 3670.655636298429
2.700000000000001 3670.655636298429
2.800000000000001 3670.655636298429
2.900000000000001 3670.655636298429
3.000000000000001 3670.655636298429
3.100000000000001 3670.655636298429
3.200000000000002 3670.655636298429
3.300000000000002 3670.655636298429
3.400000000000002 3670.655636298429
3.500000000000002 3670.655636298429
3.600000000000002 3670.655636298429
3.700000000000002 3670.655636298429
3.800000000000002 3670.655636298429
3.900000000000002 3670.655636298429
4.000000000000002 3670.655636298429
4.100000000000001 3670.655636298429
4.200000000000001 3670.655636298429
4.300000000000001 3670.655636298429
4.4 3670.655636298429
4.5 3670.655636298429
4.6 3670.655636298429
4.699999999999999 3670.655636298429
4.799999999999999 3670.655636298429
4.899999999999999 3670.655636298429
4.999999999999998 3670.655636298429
5.099999999999998 3670.655636298429
5.199999999999998 3670.655636298429
5.299999999999997 3670.655636298429
5.399999999999997 3670.655636298429
5.499999999999996 3670.655636298429
5.599999999999996 3670.655636298429
5.699999999999996 3670.655636298429
5.799999999999995 3670.655636298429
5.899999999999995 3670.655636298429
5.999999999999995 3670.655636298429
6.099999999999994 3670.655636298429
6.199999999999994 3670.655636298429
6.299999999999994 3670.655636298429
6.399999999999993 3670.655636298429
6.499999999999993 3670.655636298429
6.599999999999993 3670.655636298429
6.699999999999992 3670.655636298429
6.799999999999992 3670.655636298429
6.899999999999991 3670.655636298429
6.999999999999991 3670.655636298429
7.099999999999991 3670.655636298429
7.19999999999999 3670.655636298429
7.29999999999999 3670.655636298429
7.39999999999999 3670.655636298429
7.499999999999989 3670.655636298429
7.599999999999989 3670.655636298429
7.699999999999989 3670.655636298429
7.799999999999988 3670.655636298429
7.899999999999988 3670.655636298429
7.999999999999988 3670.655636298429
8.099999999999987 3670.655636298429
8.199999999999987 3670.655636298429
8.299999999999986 3670.655636298429
8.399999999999986 3670.655636298429
8.499999999999986 3670.655636298429
8.599999999999985 3670.655636298429
8.699999999999985 3670.655636298429
8.799999999999985 3670.655636298429
8.899999999999984 3670.655636298429
8.999999999999984 3670.655636298429
9.099999999999984 3670.655636298429
9.199999999999983 3670.655636298429
9.299999999999983 3670.655636298429
9.399999999999983 3670.655636298429
9.499999999999982 3670.655636298429
9.599999999999982 3670.655636298429
9.699999999999982 3670.655636298429
9.799999999999981 3670.655636298429
9.899999999999981 3670.655636298429
9.99999999999998 3670.655636298429
10.09999999999998 3670.655636298429
10.19999999999998 3670.655636298429
10.29999999999998 3670.655636298429
10.39999999999998 3670.655636298429
10.49999999999998 3670.655636298429
10.59999999999998 3670.655636298429
10.69999999999998 3670.655636298429
10.79999999999998 3670.655636298429
10.89999999999998 3670.655636298429
10.99999999999998 3670.655636298429
11.09999999999998 3670.655636298429
11.19999999999998 3670.655636298429
11.29999999999998 3670.655636298429
11.39999999999998 3670.655636298429
11.49999999999998 3670.655636298429
11.59999999999997 3670.655636298429
11.69999999999997 3670.655636298429
11.79999999999997 3670.655636298429
11.89999999999997 3670.655636298429
11.99999999999997 3670.655636298429
12.09999999999997 3670.655636298429
12.19999999999997 3670.655636298429
12.29999999999997 3670.655636298429
12.39999999999997 3670.655636298429
12.49999999999997 3670.655636298429
12.59999999999997 3670.655636298429
12.69999999999997 3670.655636298429
12.79999999999997 3670.655636298429
12.89999999999997 3670.655636298429
12.99999999999997 3670.655636298429
13.09999999999997 3670.655636298429
13.19999999999997 3670.655636298429
13.29999999999997 3670.655636298429
13.39999999999997 3670.655636298429
13.49999999999997 3670.655636298429
13.59999999999997 3670.655636298429
13.69999999999997 3670.655636298429
13.79999999999997 3670.655636298429
13.89999999999997 3670.655636298429
13.99999999999997 3670.655636298429
14.09999999999997 3670.655636298429
14.19999999999997 3670.655636298429
14.29999999999997 3670.655636298429
14.39999999999996 3670.655636298429
14.49999999999996 3670.655636298429
14.59999999999996 3670.655636298429
14.69999999999996 3670.655636298429
14.79999999999996 3670.655636298429
14.89999999999996 3670.655636298429
14.99999999999996 3670.655636298429
15.09999999999996 3670.655636298429
15.19999999999996 3670.655636298429
15.29999999999996 3670.655636298429
15.39999999999996 3670.655636298429
15.49999999999996 3670.655636298429
15.59999999999996 3670.655636298429
15.69999999999996 3670.655636298429
15.79999999999996 3670.655636298429
15.89999999999996 3670.655636298429
15.99999999999996 3670.655636298429
16.09999999999996 3670.655636298429
16.19999999999996 3670.655636298429
16.29999999999996 3670.655636298429
16.39999999999996 3670.655636298429
16.49999999999996 3670.655636298429
16.59999999999997 3670.655636298429
16.69999999999997 3670.655636298429
16.79999999999997 3670.655636298429
16.89999999999997 3670.655636298429
16.99999999999997 3670.655636298429
17.09999999999997 3670.655636298429
17.19999999999997 3670.655636298429
17.29999999999998 3670.655636298429
17.39999999999998 3670.655636298429
17.49999999999998 3670.655636298429
17.59999999999998 3670.655636298429
17.69999999999998 3670.655636298429
17.79999999999998 3670.655636298429
17.89999999999998 3670.655636298429
17.99999999999999 3670.655636298429
18.09999999999999 3670.655636298429
18.19999999999999 3670.655636298429
18.29999999999999 3670.655636298429
18.39999999999999 3670.655636298429
18.49999999999999 3670.655636298429
18.59999999999999 3670.655636298429
18.7 3670.655636298429
18.8 3670.655636298429
18.9 3670.655636298429
19 3670.655636298429
19.1 3670.655636298429
19.2 3670.655636298429
19.3 3670.655636298429
19.40000000000001 3670.655636298429
19.50000000000001 3670.655636298429
19.60000000000001 3670.655636298429
19.70000000000001 3670.655636298429
19.80000000000001 3670.655636298429
19.90000000000001 3670.655636298429
20.00000000000001 3670.655636298429
20.10000000000002 3670.655636298429
20.20000000000002 3670.655636298429
20.30000000000002 3670.655636298429
20.40000000000002 3670.655636298429
20.50000000000002 3670.655636298429
20.60000000000002 3670.655636298429
20.70000000000002 3670.655636298429
20.80000000000003 3670.655636298429
20.90000000000003 3670.655636298429
21.00000000000003 3670.655636298429
21.10000000000003 3670.655636298429
21.20000000000003 3670.655636298429
21.30000000000003 3670.655636298429
21.40000000000003 3670.655636298429
21.50000000000004 3670.655636298429
21.60000000000004 3670.655636298429
21.70000000000004 3670.655636298429
21.80000000000004 3670.655636298429
21.90000000000004 3670.655636298429
22.00000000000004 3670.655636298429
22.10000000000004 3670.655636298429
22.20000000000005 3670.655636298429
22.30000000000005 3670.655636298429
22.40000000000005 3670.655636298429
22.50000000000005 3670.655636298429
22.60000000000005 3670.655636298429
22.70000000000005 3670.655636298429
22.80000000000005 3670.655636298429
22.90000000000006 3670.655636298429
23.00000000000006 3670.655636298429
23.10000000000006 3670.655636298429
23.20000000000006 3670.655636298429
23.30000000000006 3670.655636298429
23.40000000000006 3670.655636298429
23.50000000000006 3670.655636298429
23.60000000000007 3670.655636298429
23.70000000000007 3670.655636298429
23.80000000000007 3670.655636298429
23.90000000000007 3670.655636298429
24.00000000000007 3670.655636298429
24.10000000000007 3670.655636298429
24.20000000000007 3670.655636298429
24.30000000000008 3670.655636298429
24.40000000000008 3670.655636298429
24.50000000000008 3670.655636298429
24.60000000000008 3670.655636298429
24.70000000000008 3670.655636298429
24.80000000000008 3670.655636298429
24.90000000000008 3670.655636298429
25.00000000000009 3670.655636298429
25.10000000000009 3670.655636298429
25.20000000000009 3670.655636298429
25.30000000000009 3670.655636298429
25.40000000000009 3670.655636298429
25.50000000000009 3670.655636298429
25.60000000000009 3670.655636298429
25.7000000000001 3670.655636298429
25.8000000000001 3670.655636298429
25.9000000000001 3670.655636298429
26.0000000000001 3670.655636298429
26.1000000000001 3670.655636298429
26.2000000000001 3670.655636298429
26.3000000000001 3670.655636298429
26.40000000000011 3670.655636298429
26.50000000000011 3670.655636298429
26.60000000000011 3670.655636298429
26.70000000000011 3670.655636298429
26.80000000000011 3670.655636298429
26.90000000000011 3670.655636298429
27.00000000000011 3670.655636298429
27.10000000000012 3670.655636298429
27.20000000000012 3670.655636298429
27.30000000000012 3670.655636298429
27.40000000000012 3670.655636298429
27.50000000000012 3670.655636298429
27.60000000000012 3670.655636298429
27.70000000000012 3670.655636298429
27.80000000000013 3670.655636298429
27.90000000000013 3670.655636298429
28.00000000000013 3670.655636298429
28.10000000000013 3670.655636298429
28.20000000000013 3670.655636298429
28.30000000000013 3670.655636298429
28.40000000000013 3670.655636298429
28.50000000000014 3670.655636298429
28.60000000000014 3670.655636298429
28.70000000000014 3670.655636298429
28.80000000000014 3670.655636298429
28.90000000000014 3670.655636298429
29.00000000000014 3670.655636298429
29.10000000000014 3670.655636298429
29.20000000000014 3670.655636298429
29.30000000000015 3670.655636298429
29.40000000000015 3670.655636298429
29.50000000000015 3670.655636298429
29.60000000000015 3670.655636298429
29.70000000000015 3670.655636298429
29.80000000000015 3670.655636298429
29.90000000000015 3670.655636298429
30.00000000000016 3670.655636298429
30.10000000000016 3670.655636298429
30.20000000000016 3670.655636298429
30.30000000000016 3670.655636298429
30.40000000000016 3670.655636298429
30.50000000000016 3670.655636298429
30.60000000000016 3670.655636298429
30.70000000000017 3670.655636298429
30.80000000000017 3670.655636298429
30.90000000000017 3670.655636298429
31.00000000000017 3670.655636298429
31.10000000000017 3670.655636298429
31.20000000000017 3670.655636298429
31.30000000000017 3670.655636298429
31.40000000000018 3670.655636298429
31.50000000000018 3670.655636298429
31.60000000000018 3670.655636298429
31.70000000000018 3670.655636298429
31.80000000000018 3670.655636298429
31.90000000000018 3670.655636298429
32.00000000000018 3670.655636298429
32.10000000000019 3670.655636298429
32.20000000000019 3670.655636298429
32.30000000000019 3670.655636298429
32.40000000000019 3670.655636298429
32.50000000000019 3670.655636298429
32.60000000000019 3670.655636298429
32.70000000000019 3670.655636298429
32.8000000000002 3670.655636298429
32.9000000000002 3670.655636298429
33.0000000000002 3670.655636298429
33.1000000000002 3670.655636298429
33.2000000000002 3670.655636298429
33.3000000000002 3670.655636298429
33.4000000000002 3670.655636298429
33.50000000000021 3670.655636298429
33.60000000000021 3670.655636298429
33.70000000000021 3670.655636298429
33.80000000000021 3670.655636298429
33.90000000000021 3670.655636298429
34.00000000000021 3670.655636298429
34.10000000000021 3670.655636298429
34.20000000000022 3670.655636298429
34.30000000000022 3670.655636298429
34.40000000000022 3670.655636298429
34.50000000000022 3670.655636298429
34.60000000000022 3670.655636298429
34.70000000000022 3670.655636298429
34.80000000000022 3670.655636298429
34.90000000000023 3670.655636298429
35.00000000000023 3670.655636298429
35.10000000000023 3670.655636298429
35.20000000000023 3670.655636298429
35.30000000000023 3670.655636298429
35.40000000000023 3670.655636298429
35.50000000000023 3670.655636298429
35.60000000000024 3670.655636298429
35.70000000000024 3670.655636298429
35.80000000000024 3670.655636298429
35.90000000000024 3670.655636298429
36.00000000000024 3670.655636298429
36.10000000000024 3670.655636298429
36.20000000000024 3670.655636298429
36.30000000000025 3670.655636298429
36.40000000000025 3670.655636298429
36.50000000000025 3670.655636298429
36.60000000000025 3670.655636298429
36.70000000000025 3670.655636298429
36.80000000000025 3670.655636298429
36.90000000000025 3670.655636298429
37.00000000000026 3670.655636298429
37.10000000000026 3670.655636298429
37.20000000000026 3670.655636298429
37.30000000000026 3670.655636298429
37.40000000000026 3670.655636298429
37.50000000000026 3670.655636298429
37.60000000000026 3670.655636298429
37.70000000000027 3670.655636298429
37.80000000000027 3670.655636298429
37.90000000000027 3670.655636298429
38.00000000000027 3670.655636298429
38.10000000000027 3670.655636298429
38.20000000000027 3670.655636298429
38.30000000000027 3670.655636298429
38.40000000000028 3670.655636298429
38.50000000000028 3670.655636298429
38.60000000000028 3670.655636298429
38.70000000000028 3670.655636298429
38.80000000000028 3670.655636298429
38.90000000000028 3670.655636298429
39.00000000000028 3670.655636298429
39.10000000000029 3670.655636298429
39.20000000000029 3670.655636298429
39.30000000000029 3670.655636298429
39.40000000000029 3670.655636298429
39.50000000000029 3670.655636298429
39.60000000000029 3670.655636298429
39.70000000000029 3670.655636298429
39.8000000000003 3670.655636298429
39.9000000000003 3670.655636298429
40.0000000000003 3670.655636298429
40.1000000000003 3670.655636298429
40.2000000000003 3670.655636298429
40.3000000000003 3670.655636298429
40.4000000000003 3670.655636298429
40.50000000000031 3670.655636298429
40.60000000000031 3670.655636298429
40.70000000000031 3670.655636298429
40.80000000000031 3670.655636298429
40.90000000000031 3670.655636298429
41.00000000000031 3670.655636298429
41.10000000000031 3670.655636298429
41.20000000000032 3670.655636298429
41.30000000000032 3670.655636298429
41.40000000000032 3670.655636298429
41.50000000000032 3670.655636298429
41.60000000000032 3670.655636298429
41.70000000000032 3670.655636298429
41.80000000000032 3670.655636298429
41.90000000000033 3670.655636298429
42.00000000000033 3670.655636298429
42.10000000000033 3670.655636298429
42.20000000000033 3670.655636298429
42.30000000000033 3670.655636298429
42.40000000000033 3670.655636298429
42.50000000000033 3670.655636298429
42.60000000000034 3670.655636298429
42.70000000000034 3670.655636298429
42.80000000000034 3670.655636298429
42.90000000000034 3670.655636298429
43.00000000000034 3670.655636298429
43.10000000000034 3670.655636298429
43.20000000000034 3670.655636298429
43.30000000000035 3670.655636298429
43.40000000000035 3670.655636298429
43.50000000000035 3670.655636298429
43.60000000000035 3670.655636298429
43.70000000000035 3670.655636298429
43.80000000000035 3670.655636298429
43.90000000000035 3670.655636298429
44.00000000000036 3670.655636298429
44.10000000000036 3670.655636298429
44.20000000000036 3670.655636298429
44.30000000000036 3670.655636298429
44.40000000000036 3670.655636298429
44.50000000000036 3670.655636298429
44.60000000000036 3670.655636298429
44.70000000000037 3670.655636298429
44.80000000000037 3670.655636298429
44.90000000000037 3670.655636298429
45.00000000000037 3670.655636298429
45.10000000000037 3670.655636298429
45.20000000000037 3670.655636298429
45.30000000000037 3670.655636298429
45.40000000000038 3670.655636298429
45.50000000000038 3670.655636298429
45.60000000000038 3670.655636298429
45.70000000000038 3670.655636298429
45.80000000000038 3670.655636298429
45.90000000000038 3670.655636298429
46.00000000000038 3670.655636298429
46.10000000000039 3670.655636298429
46.20000000000039 3670.655636298429
46.30000000000039 3670.655636298429
46.40000000000039 3670.655636298429
46.50000000000039 3670.655636298429
46.60000000000039 3670.655636298429
46.70000000000039 3670.655636298429
46.8000000000004 3670.655636298429
46.9000000000004 3670.655636298429
47.0000000000004 3670.655636298429
47.1000000000004 3670.655636298429
47.2000000000004 3670.655636298429
47.3000000000004 3670.655636298429
47.4000000000004 3670.655636298429
47.50000000000041 3670.655636298429
47.60000000000041 3670.655636298429
47.70000000000041 3670.655636298429
47.80000000000041 3670.655636298429
47.90000000000041 3670.655636298429
48.00000000000041 3670.655636298429
48.10000000000041 3670.655636298429
48.20000000000041 3670.655636298429
48.30000000000042 3670.655636298429
48.40000000000042 3670.655636298429
48.50000000000042 3670.655636298429
48.60000000000042 3670.655636298429
48.70000000000042 3670.655636298429
48.80000000000042 3670.655636298429
48.90000000000042 3670.655636298429
49.00000000000043 3670.655636298429
49.10000000000043 3670.655636298429
49.20000000000043 3670.655636298429
49.30000000000043 3670.655636298429
49.40000000000043 3670.655636298429
49.50000000000043 3670.655636298429
49.60000000000043 3670.655636298429
49.70000000000044 3670.655636298429
49.80000000000044 3670.655636298429
49.90000000000044 3670.655636298429