Time X1
0 250
0.1 129.5974763235269
0.2 129.5974763237443
0.3 129.5974763237451
0.4 129.5974763237454
0.5 129.5974763237454
0.6 129.5974763237454
0.7 129.5974763237454
0.7999999999999999 129.5974763237454
0.8999999999999999 129.5974763237454
0.9999999999999999 129.5974763237454
1.1 129.5974763237454
1.2 129.5974763237454
1.3 129.5974763237454
1.4 129.5974763237454
1.5 129.5974763237454
1.6 129.5974763237454
1.7 129.5974763237454
1.8 129.5974763237454
1.900000000000001 129.5974763237454
2 129.5974763237454
2.100000000000001 129.5974763237454
2.200000000000001 129.5974763237454
2.300000000000001 129.5974763237454
2.400000000000001 129.5974763237454
2.500000000000001 129.5974763237454
2.600000000000001 129.5974763237454
2.700000000000001 129.5974763237454
2.800000000000001 129.5974763237454
2.900000000000001 129.5974763237454
3.000000000000001 129.5974763237454
3.100000000000001 129.5974763237454
3.200000000000002 129.5974763237454
3.300000000000002 129.5974763237454
3.400000000000002 129.5974763237454
3.500000000000002 129.5974763237454
3.600000000000002 129.5974763237454
3.700000000000002 129.5974763237454
3.800000000000002 129.5974763237454
3.900000000000002 129.5974763237454
4.000000000000002 129.5974763237454
4.100000000000001 129.5974763237454
4.200000000000001 129.5974763237454
4.300000000000001 129.5974763237454
4.4 129.5974763237454
4.5 129.5974763237454
4.6 129.5974763237454
4.699999999999999 129.5974763237454
4.799999999999999 129.5974763237454
4.899999999999999 129.5974763237454
4.999999999999998 129.5974763237454
5.099999999999998 129.5974763237454
5.199999999999998 129.5974763237454
5.299999999999997 129.5974763237454
5.399999999999997 129.5974763237454
5.499999999999996 129.5974763237454
5.599999999999996 129.5974763237454
5.699999999999996 129.5974763237454
5.799999999999995 129.5974763237454
5.899999999999995 129.5974763237454
5.999999999999995 129.5974763237454
6.099999999999994 129.5974763237454
6.199999999999994 129.5974763237454
6.299999999999994 129.5974763237454
6.399999999999993 129.5974763237454
6.499999999999993 129.5974763237454
6.599999999999993 129.5974763237454
6.699999999999992 129.5974763237454
6.799999999999992 129.5974763237454
6.899999999999991 129.5974763237454
6.999999999999991 129.5974763237454
7.099999999999991 129.5974763237454
7.19999999999999 129.5974763237454
7.29999999999999 129.5974763237454
7.39999999999999 129.5974763237454
7.499999999999989 129.5974763237454
7.599999999999989 129.5974763237454
7.699999999999989 129.5974763237454
7.799999999999988 129.5974763237454
7.899999999999988 129.5974763237454
7.999999999999988 129.5974763237454
8.099999999999987 129.5974763237454
8.199999999999987 129.5974763237454
8.299999999999986 129.5974763237454
8.399999999999986 129.5974763237454
8.499999999999986 129.5974763237454
8.599999999999985 129.5974763237454
8.699999999999985 129.5974763237454
8.799999999999985 129.5974763237454
8.899999999999984 129.5974763237454
8.999999999999984 129.5974763237454
9.099999999999984 129.5974763237454
9.199999999999983 129.5974763237454
9.299999999999983 129.5974763237454
9.399999999999983 129.5974763237454
9.499999999999982 129.5974763237454
9.599999999999982 129.5974763237454
9.699999999999982 129.5974763237454
9.799999999999981 129.5974763237454
9.899999999999981 129.5974763237454
9.99999999999998 129.5974763237454
10.09999999999998 129.5974763237454
10.19999999999998 129.5974763237454
10.29999999999998 129.5974763237454
10.39999999999998 129.5974763237454
10.49999999999998 129.5974763237454
10.59999999999998 129.5974763237454
10.69999999999998 129.5974763237454
10.79999999999998 129.5974763237454
10.89999999999998 129.5974763237454
10.99999999999998 129.5974763237454
11.09999999999998 129.5974763237454
11.19999999999998 129.5974763237454
11.29999999999998 129.5974763237454
11.39999999999998 129.5974763237454
11.49999999999998 129.5974763237454
11.59999999999997 129.5974763237454
11.69999999999997 129.5974763237454
11.79999999999997 129.5974763237454
11.89999999999997 129.5974763237454
11.99999999999997 129.5974763237454
12.09999999999997 129.5974763237454
12.19999999999997 129.5974763237454
12.29999999999997 129.5974763237454
12.39999999999997 129.5974763237454
12.49999999999997 129.5974763237454
12.59999999999997 129.5974763237454
12.69999999999997 129.5974763237454
12.79999999999997 129.5974763237454
12.89999999999997 129.5974763237454
12.99999999999997 129.5974763237454
13.09999999999997 129.5974763237454
13.19999999999997 129.5974763237454
13.29999999999997 129.5974763237454
13.39999999999997 129.5974763237454
13.49999999999997 129.5974763237454
13.59999999999997 129.5974763237454
13.69999999999997 129.5974763237454
13.79999999999997 129.5974763237454
13.89999999999997 129.5974763237454
13.99999999999997 129.5974763237454
14.09999999999997 129.5974763237454
14.19999999999997 129.5974763237454
14.29999999999997 129.5974763237454
14.39999999999996 129.5974763237454
14.49999999999996 129.5974763237454
14.59999999999996 129.5974763237454
14.69999999999996 129.5974763237454
14.79999999999996 129.5974763237454
14.89999999999996 129.5974763237454
14.99999999999996 129.5974763237454
15.09999999999996 129.5974763237454
15.19999999999996 129.5974763237454
15.29999999999996 129.5974763237454
15.39999999999996 129.5974763237454
15.49999999999996 129.5974763237454
15.59999999999996 129.5974763237454
15.69999999999996 129.5974763237454
15.79999999999996 129.5974763237454
15.89999999999996 129.5974763237454
15.99999999999996 129.5974763237454
16.09999999999996 129.5974763237454
16.19999999999996 129.5974763237454
16.29999999999996 129.5974763237454
16.39999999999996 129.5974763237454
16.49999999999996 129.5974763237454
16.59999999999997 129.5974763237454
16.69999999999997 129.5974763237454
16.79999999999997 129.5974763237454
16.89999999999997 129.5974763237454
16.99999999999997 129.5974763237454
17.09999999999997 129.5974763237454
17.19999999999997 129.5974763237454
17.29999999999998 129.5974763237454
17.39999999999998 129.5974763237454
17.49999999999998 129.5974763237454
17.59999999999998 129.5974763237454
17.69999999999998 129.5974763237454
17.79999999999998 129.5974763237454
17.89999999999998 129.5974763237454
17.99999999999999 129.5974763237454
18.09999999999999 129.5974763237454
18.19999999999999 129.5974763237454
18.29999999999999 129.5974763237454
18.39999999999999 129.5974763237454
18.49999999999999 129.5974763237454
18.59999999999999 129.5974763237454
18.7 129.5974763237454
18.8 129.5974763237454
18.9 129.5974763237454
19 129.5974763237454
19.1 129.5974763237454
19.2 129.5974763237454
19.3 129.5974763237454
19.40000000000001 129.5974763237454
19.50000000000001 129.5974763237454
19.60000000000001 129.5974763237454
19.70000000000001 129.5974763237454
19.80000000000001 129.5974763237454
19.90000000000001 129.5974763237454
20.00000000000001 129.5974763237454
20.10000000000002 129.5974763237454
20.20000000000002 129.5974763237454
20.30000000000002 129.5974763237454
20.40000000000002 129.5974763237454
20.50000000000002 129.5974763237454
20.60000000000002 129.5974763237454
20.70000000000002 129.5974763237454
20.80000000000003 129.5974763237454
20.90000000000003 129.5974763237454
21.00000000000003 129.5974763237454
21.10000000000003 129.5974763237454
21.20000000000003 129.5974763237454
21.30000000000003 129.5974763237454
21.40000000000003 129.5974763237454
21.50000000000004 129.5974763237454
21.60000000000004 129.5974763237454
21.70000000000004 129.5974763237454
21.80000000000004 129.5974763237454
21.90000000000004 129.5974763237454
22.00000000000004 129.5974763237454
22.10000000000004 129.5974763237454
22.20000000000005 129.5974763237454
22.30000000000005 129.5974763237454
22.40000000000005 129.5974763237454
22.50000000000005 129.5974763237454
22.60000000000005 129.5974763237454
22.70000000000005 129.5974763237454
22.80000000000005 129.5974763237454
22.90000000000006 129.5974763237454
23.00000000000006 129.5974763237454
23.10000000000006 129.5974763237454
23.20000000000006 129.5974763237454
23.30000000000006 129.5974763237454
23.40000000000006 129.5974763237454
23.50000000000006 129.5974763237454
23.60000000000007 129.5974763237454
23.70000000000007 129.5974763237454
23.80000000000007 129.5974763237454
23.90000000000007 129.5974763237454
24.00000000000007 129.5974763237454
24.10000000000007 129.5974763237454
24.20000000000007 129.5974763237454
24.30000000000008 129.5974763237454
24.40000000000008 129.5974763237454
24.50000000000008 129.5974763237454
24.60000000000008 129.5974763237454
24.70000000000008 129.5974763237454
24.80000000000008 129.5974763237454
24.90000000000008 129.5974763237454
25.00000000000009 129.5974763237454
25.10000000000009 129.5974763237454
25.20000000000009 129.5974763237454
25.30000000000009 129.5974763237454
25.40000000000009 129.5974763237454
25.50000000000009 129.5974763237454
25.60000000000009 129.5974763237454
25.7000000000001 129.5974763237454
25.8000000000001 129.5974763237454
25.9000000000001 129.5974763237454
26.0000000000001 129.5974763237454
26.1000000000001 129.5974763237454
26.2000000000001 129.5974763237454
26.3000000000001 129.5974763237454
26.40000000000011 129.5974763237454
26.50000000000011 129.5974763237454
26.60000000000011 129.5974763237454
26.70000000000011 129.5974763237454
26.80000000000011 129.5974763237454
26.90000000000011 129.5974763237454
27.00000000000011 129.5974763237454
27.10000000000012 129.5974763237454
27.20000000000012 129.5974763237454
27.30000000000012 129.5974763237454
27.40000000000012 129.5974763237454
27.50000000000012 129.5974763237454
27.60000000000012 129.5974763237454
27.70000000000012 129.5974763237454
27.80000000000013 129.5974763237454
27.90000000000013 129.5974763237454
28.00000000000013 129.5974763237454
28.10000000000013 129.5974763237454
28.20000000000013 129.5974763237454
28.30000000000013 129.5974763237454
28.40000000000013 129.5974763237454
28.50000000000014 129.5974763237454
28.60000000000014 129.5974763237454
28.70000000000014 129.5974763237454
28.80000000000014 129.5974763237454
28.90000000000014 129.5974763237454
29.00000000000014 129.5974763237454
29.10000000000014 129.5974763237454
29.20000000000014 129.5974763237454
29.30000000000015 129.5974763237454
29.40000000000015 129.5974763237454
29.50000000000015 129.5974763237454
29.60000000000015 129.5974763237454
29.70000000000015 129.5974763237454
29.80000000000015 129.5974763237454
29.90000000000015 129.5974763237454
30.00000000000016 129.5974763237454
30.10000000000016 129.5974763237454
30.20000000000016 129.5974763237454
30.30000000000016 129.5974763237454
30.40000000000016 129.5974763237454
30.50000000000016 129.5974763237454
30.60000000000016 129.5974763237454
30.70000000000017 129.5974763237454
30.80000000000017 129.5974763237454
30.90000000000017 129.5974763237454
31.00000000000017 129.5974763237454
31.10000000000017 129.5974763237454
31.20000000000017 129.5974763237454
31.30000000000017 129.5974763237454
31.40000000000018 129.5974763237454
31.50000000000018 129.5974763237454
31.60000000000018 129.5974763237454
31.70000000000018 129.5974763237454
31.80000000000018 129.5974763237454
31.90000000000018 129.5974763237454
32.00000000000018 129.5974763237454
32.10000000000019 129.5974763237454
32.20000000000019 129.5974763237454
32.30000000000019 129.5974763237454
32.40000000000019 129.5974763237454
32.50000000000019 129.5974763237454
32.60000000000019 129.5974763237454
32.70000000000019 129.5974763237454
32.8000000000002 129.5974763237454
32.9000000000002 129.5974763237454
33.0000000000002 129.5974763237454
33.1000000000002 129.5974763237454
33.2000000000002 129.5974763237454
33.3000000000002 129.5974763237454
33.4000000000002 129.5974763237454
33.50000000000021 129.5974763237454
33.60000000000021 129.5974763237454
33.70000000000021 129.5974763237454
33.80000000000021 129.5974763237454
33.90000000000021 129.5974763237454
34.00000000000021 129.5974763237454
34.10000000000021 129.5974763237454
34.20000000000022 129.5974763237454
34.30000000000022 129.5974763237454
34.40000000000022 129.5974763237454
34.50000000000022 129.5974763237454
34.60000000000022 129.5974763237454
34.70000000000022 129.5974763237454
34.80000000000022 129.5974763237454
34.90000000000023 129.5974763237454
35.00000000000023 129.5974763237454
35.10000000000023 129.5974763237454
35.20000000000023 129.5974763237454
35.30000000000023 129.5974763237454
35.40000000000023 129.5974763237454
35.50000000000023 129.5974763237454
35.60000000000024 129.5974763237454
35.70000000000024 129.5974763237454
35.80000000000024 129.5974763237454
35.90000000000024 129.5974763237454
36.00000000000024 129.5974763237454
36.10000000000024 129.5974763237454
36.20000000000024 129.5974763237454
36.30000000000025 129.5974763237454
36.40000000000025 129.5974763237454
36.50000000000025 129.5974763237454
36.60000000000025 129.5974763237454
36.70000000000025 129.5974763237454
36.80000000000025 129.5974763237454
36.90000000000025 129.5974763237454
37.00000000000026 129.5974763237454
37.10000000000026 129.5974763237454
37.20000000000026 129.5974763237454
37.30000000000026 129.5974763237454
37.40000000000026 129.5974763237454
37.50000000000026 129.5974763237454
37.60000000000026 129.5974763237454
37.70000000000027 129.5974763237454
37.80000000000027 129.5974763237454
37.90000000000027 129.5974763237454
38.00000000000027 129.5974763237454
38.10000000000027 129.5974763237454
38.20000000000027 129.5974763237454
38.30000000000027 129.5974763237454
38.40000000000028 129.5974763237454
38.50000000000028 129.5974763237454
38.60000000000028 129.5974763237454
38.70000000000028 129.5974763237454
38.80000000000028 129.5974763237454
38.90000000000028 129.5974763237454
39.00000000000028 129.5974763237454
39.10000000000029 129.5974763237454
39.20000000000029 129.5974763237454
39.30000000000029 129.5974763237454
39.40000000000029 129.5974763237454
39.50000000000029 129.5974763237454
39.60000000000029 129.5974763237454
39.70000000000029 129.5974763237454
39.8000000000003 129.5974763237454
39.9000000000003 129.5974763237454
40.0000000000003 129.5974763237454
40.1000000000003 129.5974763237454
40.2000000000003 129.5974763237454
40.3000000000003 129.5974763237454
40.4000000000003 129.5974763237454
40.50000000000031 129.5974763237454
40.60000000000031 129.5974763237454
40.70000000000031 129.5974763237454
40.80000000000031 129.5974763237454
40.90000000000031 129.5974763237454
41.00000000000031 129.5974763237454
41.10000000000031 129.5974763237454
41.20000000000032 129.5974763237454
41.30000000000032 129.5974763237454
41.40000000000032 129.5974763237454
41.50000000000032 129.5974763237454
41.60000000000032 129.5974763237454
41.70000000000032 129.5974763237454
41.80000000000032 129.5974763237454
41.90000000000033 129.5974763237454
42.00000000000033 129.5974763237454
42.10000000000033 129.5974763237454
42.20000000000033 129.5974763237454
42.30000000000033 129.5974763237454
42.40000000000033 129.5974763237454
42.50000000000033 129.5974763237454
42.60000000000034 129.5974763237454
42.70000000000034 129.5974763237454
42.80000000000034 129.5974763237454
42.90000000000034 129.5974763237454
43.00000000000034 129.5974763237454
43.10000000000034 129.5974763237454
43.20000000000034 129.5974763237454
43.30000000000035 129.5974763237454
43.40000000000035 129.5974763237454
43.50000000000035 129.5974763237454
43.60000000000035 129.5974763237454
43.70000000000035 129.5974763237454
43.80000000000035 129.5974763237454
43.90000000000035 129.5974763237454
44.00000000000036 129.5974763237454
44.10000000000036 129.5974763237454
44.20000000000036 129.5974763237454
44.30000000000036 129.5974763237454
44.40000000000036 129.5974763237454
44.50000000000036 129.5974763237454
44.60000000000036 129.5974763237454
44.70000000000037 129.5974763237454
44.80000000000037 129.5974763237454
44.90000000000037 129.5974763237454
45.00000000000037 129.5974763237454
45.10000000000037 129.5974763237454
45.20000000000037 129.5974763237454
45.30000000000037 129.5974763237454
45.40000000000038 129.5974763237454
45.50000000000038 129.5974763237454
45.60000000000038 129.5974763237454
45.70000000000038 129.5974763237454
45.80000000000038 129.5974763237454
45.90000000000038 129.5974763237454
46.00000000000038 129.5974763237454
46.10000000000039 129.5974763237454
46.20000000000039 129.5974763237454
46.30000000000039 129.5974763237454
46.40000000000039 129.5974763237454
46.50000000000039 129.5974763237454
46.60000000000039 129.5974763237454
46.70000000000039 129.5974763237454
46.8000000000004 129.5974763237454
46.9000000000004 129.5974763237454
47.0000000000004 129.5974763237454
47.1000000000004 129.5974763237454
47.2000000000004 129.5974763237454
47.3000000000004 129.5974763237454
47.4000000000004 129.5974763237454
47.50000000000041 129.5974763237454
47.60000000000041 129.5974763237454
47.70000000000041 129.5974763237454
47.80000000000041 129.5974763237454
47.90000000000041 129.5974763237454
48.00000000000041 129.5974763237454
48.10000000000041 129.5974763237454
48.20000000000041 129.5974763237454
48.30000000000042 129.5974763237454
48.40000000000042 129.5974763237454
48.50000000000042 129.5974763237454
48.60000000000042 129.5974763237454
48.70000000000042 129.5974763237454
48.80000000000042 129.5974763237454
48.90000000000042 129.5974763237454
49.00000000000043 129.5974763237454
49.10000000000043 129.5974763237454
49.20000000000043 129.5974763237454
49.30000000000043 129.5974763237454
49.40000000000043 129.5974763237454
49.50000000000043 129.5974763237454
49.60000000000043 129.5974763237454
49.70000000000044 129.5974763237454
49.80000000000044 129.5974763237454
49.90000000000044 129.5974763237454