Time X1
0 250
0.1 110.6793681646007
0.2 110.6793681648892
0.3 110.6793681649749
0.4 110.6793681649759
0.5 110.679368164976
0.6 110.679368164976
0.7 110.679368164976
0.7999999999999999 110.679368164976
0.8999999999999999 110.679368164976
0.9999999999999999 110.679368164976
1.1 110.679368164976
1.2 110.679368164976
1.3 110.679368164976
1.4 110.679368164976
1.5 110.679368164976
1.6 110.679368164976
1.7 110.679368164976
1.8 110.679368164976
1.900000000000001 110.679368164976
2 110.679368164976
2.100000000000001 110.679368164976
2.200000000000001 110.679368164976
2.300000000000001 110.679368164976
2.400000000000001 110.679368164976
2.500000000000001 110.679368164976
2.600000000000001 110.679368164976
2.700000000000001 110.679368164976
2.800000000000001 110.679368164976
2.900000000000001 110.679368164976
3.000000000000001 110.679368164976
3.100000000000001 110.679368164976
3.200000000000002 110.679368164976
3.300000000000002 110.679368164976
3.400000000000002 110.679368164976
3.500000000000002 110.679368164976
3.600000000000002 110.679368164976
3.700000000000002 110.679368164976
3.800000000000002 110.679368164976
3.900000000000002 110.679368164976
4.000000000000002 110.679368164976
4.100000000000001 110.679368164976
4.200000000000001 110.679368164976
4.300000000000001 110.679368164976
4.4 110.679368164976
4.5 110.679368164976
4.6 110.679368164976
4.699999999999999 110.679368164976
4.799999999999999 110.679368164976
4.899999999999999 110.679368164976
4.999999999999998 110.679368164976
5.099999999999998 110.679368164976
5.199999999999998 110.679368164976
5.299999999999997 110.679368164976
5.399999999999997 110.679368164976
5.499999999999996 110.679368164976
5.599999999999996 110.679368164976
5.699999999999996 110.679368164976
5.799999999999995 110.679368164976
5.899999999999995 110.679368164976
5.999999999999995 110.679368164976
6.099999999999994 110.679368164976
6.199999999999994 110.679368164976
6.299999999999994 110.679368164976
6.399999999999993 110.679368164976
6.499999999999993 110.679368164976
6.599999999999993 110.679368164976
6.699999999999992 110.679368164976
6.799999999999992 110.679368164976
6.899999999999991 110.679368164976
6.999999999999991 110.679368164976
7.099999999999991 110.679368164976
7.19999999999999 110.679368164976
7.29999999999999 110.679368164976
7.39999999999999 110.679368164976
7.499999999999989 110.679368164976
7.599999999999989 110.679368164976
7.699999999999989 110.679368164976
7.799999999999988 110.679368164976
7.899999999999988 110.679368164976
7.999999999999988 110.679368164976
8.099999999999987 110.679368164976
8.199999999999987 110.679368164976
8.299999999999986 110.679368164976
8.399999999999986 110.679368164976
8.499999999999986 110.679368164976
8.599999999999985 110.679368164976
8.699999999999985 110.679368164976
8.799999999999985 110.679368164976
8.899999999999984 110.679368164976
8.999999999999984 110.679368164976
9.099999999999984 110.679368164976
9.199999999999983 110.679368164976
9.299999999999983 110.679368164976
9.399999999999983 110.679368164976
9.499999999999982 110.679368164976
9.599999999999982 110.679368164976
9.699999999999982 110.679368164976
9.799999999999981 110.679368164976
9.899999999999981 110.679368164976
9.99999999999998 110.679368164976
10.09999999999998 110.679368164976
10.19999999999998 110.679368164976
10.29999999999998 110.679368164976
10.39999999999998 110.679368164976
10.49999999999998 110.679368164976
10.59999999999998 110.679368164976
10.69999999999998 110.679368164976
10.79999999999998 110.679368164976
10.89999999999998 110.679368164976
10.99999999999998 110.679368164976
11.09999999999998 110.679368164976
11.19999999999998 110.679368164976
11.29999999999998 110.679368164976
11.39999999999998 110.679368164976
11.49999999999998 110.679368164976
11.59999999999997 110.679368164976
11.69999999999997 110.679368164976
11.79999999999997 110.679368164976
11.89999999999997 110.679368164976
11.99999999999997 110.679368164976
12.09999999999997 110.679368164976
12.19999999999997 110.679368164976
12.29999999999997 110.679368164976
12.39999999999997 110.679368164976
12.49999999999997 110.679368164976
12.59999999999997 110.679368164976
12.69999999999997 110.679368164976
12.79999999999997 110.679368164976
12.89999999999997 110.679368164976
12.99999999999997 110.679368164976
13.09999999999997 110.679368164976
13.19999999999997 110.679368164976
13.29999999999997 110.679368164976
13.39999999999997 110.679368164976
13.49999999999997 110.679368164976
13.59999999999997 110.679368164976
13.69999999999997 110.679368164976
13.79999999999997 110.679368164976
13.89999999999997 110.679368164976
13.99999999999997 110.679368164976
14.09999999999997 110.679368164976
14.19999999999997 110.679368164976
14.29999999999997 110.679368164976
14.39999999999996 110.679368164976
14.49999999999996 110.679368164976
14.59999999999996 110.679368164976
14.69999999999996 110.679368164976
14.79999999999996 110.679368164976
14.89999999999996 110.679368164976
14.99999999999996 110.679368164976
15.09999999999996 110.679368164976
15.19999999999996 110.679368164976
15.29999999999996 110.679368164976
15.39999999999996 110.679368164976
15.49999999999996 110.679368164976
15.59999999999996 110.679368164976
15.69999999999996 110.679368164976
15.79999999999996 110.679368164976
15.89999999999996 110.679368164976
15.99999999999996 110.679368164976
16.09999999999996 110.679368164976
16.19999999999996 110.679368164976
16.29999999999996 110.679368164976
16.39999999999996 110.679368164976
16.49999999999996 110.679368164976
16.59999999999997 110.679368164976
16.69999999999997 110.679368164976
16.79999999999997 110.679368164976
16.89999999999997 110.679368164976
16.99999999999997 110.679368164976
17.09999999999997 110.679368164976
17.19999999999997 110.679368164976
17.29999999999998 110.679368164976
17.39999999999998 110.679368164976
17.49999999999998 110.679368164976
17.59999999999998 110.679368164976
17.69999999999998 110.679368164976
17.79999999999998 110.679368164976
17.89999999999998 110.679368164976
17.99999999999999 110.679368164976
18.09999999999999 110.679368164976
18.19999999999999 110.679368164976
18.29999999999999 110.679368164976
18.39999999999999 110.679368164976
18.49999999999999 110.679368164976
18.59999999999999 110.679368164976
18.7 110.679368164976
18.8 110.679368164976
18.9 110.679368164976
19 110.679368164976
19.1 110.679368164976
19.2 110.679368164976
19.3 110.679368164976
19.40000000000001 110.679368164976
19.50000000000001 110.679368164976
19.60000000000001 110.679368164976
19.70000000000001 110.679368164976
19.80000000000001 110.679368164976
19.90000000000001 110.679368164976
20.00000000000001 110.679368164976
20.10000000000002 110.679368164976
20.20000000000002 110.679368164976
20.30000000000002 110.679368164976
20.40000000000002 110.679368164976
20.50000000000002 110.679368164976
20.60000000000002 110.679368164976
20.70000000000002 110.679368164976
20.80000000000003 110.679368164976
20.90000000000003 110.679368164976
21.00000000000003 110.679368164976
21.10000000000003 110.679368164976
21.20000000000003 110.679368164976
21.30000000000003 110.679368164976
21.40000000000003 110.679368164976
21.50000000000004 110.679368164976
21.60000000000004 110.679368164976
21.70000000000004 110.679368164976
21.80000000000004 110.679368164976
21.90000000000004 110.679368164976
22.00000000000004 110.679368164976
22.10000000000004 110.679368164976
22.20000000000005 110.679368164976
22.30000000000005 110.679368164976
22.40000000000005 110.679368164976
22.50000000000005 110.679368164976
22.60000000000005 110.679368164976
22.70000000000005 110.679368164976
22.80000000000005 110.679368164976
22.90000000000006 110.679368164976
23.00000000000006 110.679368164976
23.10000000000006 110.679368164976
23.20000000000006 110.679368164976
23.30000000000006 110.679368164976
23.40000000000006 110.679368164976
23.50000000000006 110.679368164976
23.60000000000007 110.679368164976
23.70000000000007 110.679368164976
23.80000000000007 110.679368164976
23.90000000000007 110.679368164976
24.00000000000007 110.679368164976
24.10000000000007 110.679368164976
24.20000000000007 110.679368164976
24.30000000000008 110.679368164976
24.40000000000008 110.679368164976
24.50000000000008 110.679368164976
24.60000000000008 110.679368164976
24.70000000000008 110.679368164976
24.80000000000008 110.679368164976
24.90000000000008 110.679368164976
25.00000000000009 110.679368164976
25.10000000000009 110.679368164976
25.20000000000009 110.679368164976
25.30000000000009 110.679368164976
25.40000000000009 110.679368164976
25.50000000000009 110.679368164976
25.60000000000009 110.679368164976
25.7000000000001 110.679368164976
25.8000000000001 110.679368164976
25.9000000000001 110.679368164976
26.0000000000001 110.679368164976
26.1000000000001 110.679368164976
26.2000000000001 110.679368164976
26.3000000000001 110.679368164976
26.40000000000011 110.679368164976
26.50000000000011 110.679368164976
26.60000000000011 110.679368164976
26.70000000000011 110.679368164976
26.80000000000011 110.679368164976
26.90000000000011 110.679368164976
27.00000000000011 110.679368164976
27.10000000000012 110.679368164976
27.20000000000012 110.679368164976
27.30000000000012 110.679368164976
27.40000000000012 110.679368164976
27.50000000000012 110.679368164976
27.60000000000012 110.679368164976
27.70000000000012 110.679368164976
27.80000000000013 110.679368164976
27.90000000000013 110.679368164976
28.00000000000013 110.679368164976
28.10000000000013 110.679368164976
28.20000000000013 110.679368164976
28.30000000000013 110.679368164976
28.40000000000013 110.679368164976
28.50000000000014 110.679368164976
28.60000000000014 110.679368164976
28.70000000000014 110.679368164976
28.80000000000014 110.679368164976
28.90000000000014 110.679368164976
29.00000000000014 110.679368164976
29.10000000000014 110.679368164976
29.20000000000014 110.679368164976
29.30000000000015 110.679368164976
29.40000000000015 110.679368164976
29.50000000000015 110.679368164976
29.60000000000015 110.679368164976
29.70000000000015 110.679368164976
29.80000000000015 110.679368164976
29.90000000000015 110.679368164976
30.00000000000016 110.679368164976
30.10000000000016 110.679368164976
30.20000000000016 110.679368164976
30.30000000000016 110.679368164976
30.40000000000016 110.679368164976
30.50000000000016 110.679368164976
30.60000000000016 110.679368164976
30.70000000000017 110.679368164976
30.80000000000017 110.679368164976
30.90000000000017 110.679368164976
31.00000000000017 110.679368164976
31.10000000000017 110.679368164976
31.20000000000017 110.679368164976
31.30000000000017 110.679368164976
31.40000000000018 110.679368164976
31.50000000000018 110.679368164976
31.60000000000018 110.679368164976
31.70000000000018 110.679368164976
31.80000000000018 110.679368164976
31.90000000000018 110.679368164976
32.00000000000018 110.679368164976
32.10000000000019 110.679368164976
32.20000000000019 110.679368164976
32.30000000000019 110.679368164976
32.40000000000019 110.679368164976
32.50000000000019 110.679368164976
32.60000000000019 110.679368164976
32.70000000000019 110.679368164976
32.8000000000002 110.679368164976
32.9000000000002 110.679368164976
33.0000000000002 110.679368164976
33.1000000000002 110.679368164976
33.2000000000002 110.679368164976
33.3000000000002 110.679368164976
33.4000000000002 110.679368164976
33.50000000000021 110.679368164976
33.60000000000021 110.679368164976
33.70000000000021 110.679368164976
33.80000000000021 110.679368164976
33.90000000000021 110.679368164976
34.00000000000021 110.679368164976
34.10000000000021 110.679368164976
34.20000000000022 110.679368164976
34.30000000000022 110.679368164976
34.40000000000022 110.679368164976
34.50000000000022 110.679368164976
34.60000000000022 110.679368164976
34.70000000000022 110.679368164976
34.80000000000022 110.679368164976
34.90000000000023 110.679368164976
35.00000000000023 110.679368164976
35.10000000000023 110.679368164976
35.20000000000023 110.679368164976
35.30000000000023 110.679368164976
35.40000000000023 110.679368164976
35.50000000000023 110.679368164976
35.60000000000024 110.679368164976
35.70000000000024 110.679368164976
35.80000000000024 110.679368164976
35.90000000000024 110.679368164976
36.00000000000024 110.679368164976
36.10000000000024 110.679368164976
36.20000000000024 110.679368164976
36.30000000000025 110.679368164976
36.40000000000025 110.679368164976
36.50000000000025 110.679368164976
36.60000000000025 110.679368164976
36.70000000000025 110.679368164976
36.80000000000025 110.679368164976
36.90000000000025 110.679368164976
37.00000000000026 110.679368164976
37.10000000000026 110.679368164976
37.20000000000026 110.679368164976
37.30000000000026 110.679368164976
37.40000000000026 110.679368164976
37.50000000000026 110.679368164976
37.60000000000026 110.679368164976
37.70000000000027 110.679368164976
37.80000000000027 110.679368164976
37.90000000000027 110.679368164976
38.00000000000027 110.679368164976
38.10000000000027 110.679368164976
38.20000000000027 110.679368164976
38.30000000000027 110.679368164976
38.40000000000028 110.679368164976
38.50000000000028 110.679368164976
38.60000000000028 110.679368164976
38.70000000000028 110.679368164976
38.80000000000028 110.679368164976
38.90000000000028 110.679368164976
39.00000000000028 110.679368164976
39.10000000000029 110.679368164976
39.20000000000029 110.679368164976
39.30000000000029 110.679368164976
39.40000000000029 110.679368164976
39.50000000000029 110.679368164976
39.60000000000029 110.679368164976
39.70000000000029 110.679368164976
39.8000000000003 110.679368164976
39.9000000000003 110.679368164976
40.0000000000003 110.679368164976
40.1000000000003 110.679368164976
40.2000000000003 110.679368164976
40.3000000000003 110.679368164976
40.4000000000003 110.679368164976
40.50000000000031 110.679368164976
40.60000000000031 110.679368164976
40.70000000000031 110.679368164976
40.80000000000031 110.679368164976
40.90000000000031 110.679368164976
41.00000000000031 110.679368164976
41.10000000000031 110.679368164976
41.20000000000032 110.679368164976
41.30000000000032 110.679368164976
41.40000000000032 110.679368164976
41.50000000000032 110.679368164976
41.60000000000032 110.679368164976
41.70000000000032 110.679368164976
41.80000000000032 110.679368164976
41.90000000000033 110.679368164976
42.00000000000033 110.679368164976
42.10000000000033 110.679368164976
42.20000000000033 110.679368164976
42.30000000000033 110.679368164976
42.40000000000033 110.679368164976
42.50000000000033 110.679368164976
42.60000000000034 110.679368164976
42.70000000000034 110.679368164976
42.80000000000034 110.679368164976
42.90000000000034 110.679368164976
43.00000000000034 110.679368164976
43.10000000000034 110.679368164976
43.20000000000034 110.679368164976
43.30000000000035 110.679368164976
43.40000000000035 110.679368164976
43.50000000000035 110.679368164976
43.60000000000035 110.679368164976
43.70000000000035 110.679368164976
43.80000000000035 110.679368164976
43.90000000000035 110.679368164976
44.00000000000036 110.679368164976
44.10000000000036 110.679368164976
44.20000000000036 110.679368164976
44.30000000000036 110.679368164976
44.40000000000036 110.679368164976
44.50000000000036 110.679368164976
44.60000000000036 110.679368164976
44.70000000000037 110.679368164976
44.80000000000037 110.679368164976
44.90000000000037 110.679368164976
45.00000000000037 110.679368164976
45.10000000000037 110.679368164976
45.20000000000037 110.679368164976
45.30000000000037 110.679368164976
45.40000000000038 110.679368164976
45.50000000000038 110.679368164976
45.60000000000038 110.679368164976
45.70000000000038 110.679368164976
45.80000000000038 110.679368164976
45.90000000000038 110.679368164976
46.00000000000038 110.679368164976
46.10000000000039 110.679368164976
46.20000000000039 110.679368164976
46.30000000000039 110.679368164976
46.40000000000039 110.679368164976
46.50000000000039 110.679368164976
46.60000000000039 110.679368164976
46.70000000000039 110.679368164976
46.8000000000004 110.679368164976
46.9000000000004 110.679368164976
47.0000000000004 110.679368164976
47.1000000000004 110.679368164976
47.2000000000004 110.679368164976
47.3000000000004 110.679368164976
47.4000000000004 110.679368164976
47.50000000000041 110.679368164976
47.60000000000041 110.679368164976
47.70000000000041 110.679368164976
47.80000000000041 110.679368164976
47.90000000000041 110.679368164976
48.00000000000041 110.679368164976
48.10000000000041 110.679368164976
48.20000000000041 110.679368164976
48.30000000000042 110.679368164976
48.40000000000042 110.679368164976
48.50000000000042 110.679368164976
48.60000000000042 110.679368164976
48.70000000000042 110.679368164976
48.80000000000042 110.679368164976
48.90000000000042 110.679368164976
49.00000000000043 110.679368164976
49.10000000000043 110.679368164976
49.20000000000043 110.679368164976
49.30000000000043 110.679368164976
49.40000000000043 110.679368164976
49.50000000000043 110.679368164976
49.60000000000043 110.679368164976
49.70000000000044 110.679368164976
49.80000000000044 110.679368164976
49.90000000000044 110.679368164976