Time X1
0 250
0.1 96.87058339361324
0.2 96.87058339377006
0.3 96.87058339377073
0.4 96.87058339377077
0.5 96.87058339377077
0.6 96.87058339377077
0.7 96.87058339377077
0.7999999999999999 96.87058339377077
0.8999999999999999 96.87058339377077
0.9999999999999999 96.87058339377077
1.1 96.87058339377077
1.2 96.87058339377079
1.3 96.87058339377079
1.4 96.87058339377079
1.5 96.87058339377079
1.6 96.87058339377079
1.7 96.87058339377079
1.8 96.87058339377079
1.900000000000001 96.87058339377079
2 96.87058339377079
2.100000000000001 96.87058339377079
2.200000000000001 96.87058339377079
2.300000000000001 96.87058339377079
2.400000000000001 96.87058339377079
2.500000000000001 96.87058339377079
2.600000000000001 96.87058339377077
2.700000000000001 96.87058339377077
2.800000000000001 96.87058339377077
2.900000000000001 96.87058339377077
3.000000000000001 96.87058339377077
3.100000000000001 96.87058339377077
3.200000000000002 96.87058339377077
3.300000000000002 96.87058339377077
3.400000000000002 96.87058339377077
3.500000000000002 96.87058339377077
3.600000000000002 96.87058339377077
3.700000000000002 96.87058339377077
3.800000000000002 96.87058339377077
3.900000000000002 96.87058339377077
4.000000000000002 96.87058339377077
4.100000000000001 96.87058339377077
4.200000000000001 96.87058339377077
4.300000000000001 96.87058339377077
4.4 96.87058339377077
4.5 96.87058339377077
4.6 96.87058339377077
4.699999999999999 96.87058339377077
4.799999999999999 96.87058339377077
4.899999999999999 96.87058339377077
4.999999999999998 96.87058339377077
5.099999999999998 96.87058339377077
5.199999999999998 96.87058339377077
5.299999999999997 96.87058339377077
5.399999999999997 96.87058339377077
5.499999999999996 96.87058339377077
5.599999999999996 96.87058339377077
5.699999999999996 96.87058339377077
5.799999999999995 96.87058339377077
5.899999999999995 96.87058339377077
5.999999999999995 96.87058339377077
6.099999999999994 96.87058339377077
6.199999999999994 96.87058339377077
6.299999999999994 96.87058339377077
6.399999999999993 96.87058339377077
6.499999999999993 96.87058339377077
6.599999999999993 96.87058339377077
6.699999999999992 96.87058339377077
6.799999999999992 96.87058339377077
6.899999999999991 96.87058339377079
6.999999999999991 96.87058339377079
7.099999999999991 96.87058339377079
7.19999999999999 96.87058339377079
7.29999999999999 96.87058339377079
7.39999999999999 96.87058339377079
7.499999999999989 96.87058339377079
7.599999999999989 96.87058339377079
7.699999999999989 96.87058339377079
7.799999999999988 96.87058339377079
7.899999999999988 96.87058339377079
7.999999999999988 96.87058339377079
8.099999999999987 96.87058339377079
8.199999999999987 96.87058339377079
8.299999999999986 96.87058339377079
8.399999999999986 96.87058339377079
8.499999999999986 96.87058339377079
8.599999999999985 96.87058339377079
8.699999999999985 96.87058339377079
8.799999999999985 96.87058339377079
8.899999999999984 96.87058339377079
8.999999999999984 96.87058339377079
9.099999999999984 96.87058339377079
9.199999999999983 96.87058339377079
9.299999999999983 96.87058339377079
9.399999999999983 96.87058339377079
9.499999999999982 96.87058339377079
9.599999999999982 96.87058339377079
9.699999999999982 96.87058339377079
9.799999999999981 96.87058339377079
9.899999999999981 96.87058339377079
9.99999999999998 96.87058339377079
10.09999999999998 96.87058339377079
10.19999999999998 96.87058339377079
10.29999999999998 96.87058339377079
10.39999999999998 96.87058339377079
10.49999999999998 96.87058339377079
10.59999999999998 96.87058339377079
10.69999999999998 96.87058339377079
10.79999999999998 96.87058339377079
10.89999999999998 96.87058339377079
10.99999999999998 96.87058339377079
11.09999999999998 96.87058339377079
11.19999999999998 96.87058339377079
11.29999999999998 96.87058339377079
11.39999999999998 96.87058339377079
11.49999999999998 96.87058339377079
11.59999999999997 96.87058339377079
11.69999999999997 96.87058339377079
11.79999999999997 96.87058339377079
11.89999999999997 96.87058339377079
11.99999999999997 96.87058339377079
12.09999999999997 96.87058339377079
12.19999999999997 96.87058339377079
12.29999999999997 96.87058339377079
12.39999999999997 96.87058339377079
12.49999999999997 96.87058339377079
12.59999999999997 96.87058339377079
12.69999999999997 96.87058339377079
12.79999999999997 96.87058339377079
12.89999999999997 96.87058339377079
12.99999999999997 96.87058339377079
13.09999999999997 96.87058339377079
13.19999999999997 96.87058339377079
13.29999999999997 96.87058339377079
13.39999999999997 96.87058339377079
13.49999999999997 96.87058339377079
13.59999999999997 96.87058339377079
13.69999999999997 96.87058339377079
13.79999999999997 96.87058339377079
13.89999999999997 96.87058339377079
13.99999999999997 96.87058339377079
14.09999999999997 96.87058339377079
14.19999999999997 96.87058339377079
14.29999999999997 96.87058339377079
14.39999999999996 96.87058339377079
14.49999999999996 96.87058339377079
14.59999999999996 96.87058339377079
14.69999999999996 96.87058339377079
14.79999999999996 96.87058339377079
14.89999999999996 96.87058339377079
14.99999999999996 96.87058339377079
15.09999999999996 96.87058339377079
15.19999999999996 96.87058339377079
15.29999999999996 96.87058339377079
15.39999999999996 96.87058339377079
15.49999999999996 96.87058339377079
15.59999999999996 96.87058339377079
15.69999999999996 96.87058339377079
15.79999999999996 96.87058339377079
15.89999999999996 96.87058339377079
15.99999999999996 96.87058339377079
16.09999999999996 96.87058339377079
16.19999999999996 96.87058339377079
16.29999999999996 96.87058339377079
16.39999999999996 96.8705833937708
16.49999999999996 96.8705833937708
16.59999999999997 96.8705833937708
16.69999999999997 96.8705833937708
16.79999999999997 96.8705833937708
16.89999999999997 96.8705833937708
16.99999999999997 96.8705833937708
17.09999999999997 96.8705833937708
17.19999999999997 96.8705833937708
17.29999999999998 96.8705833937708
17.39999999999998 96.8705833937708
17.49999999999998 96.8705833937708
17.59999999999998 96.8705833937708
17.69999999999998 96.8705833937708
17.79999999999998 96.8705833937708
17.89999999999998 96.8705833937708
17.99999999999999 96.8705833937708
18.09999999999999 96.8705833937708
18.19999999999999 96.8705833937708
18.29999999999999 96.8705833937708
18.39999999999999 96.8705833937708
18.49999999999999 96.8705833937708
18.59999999999999 96.8705833937708
18.7 96.8705833937708
18.8 96.8705833937708
18.9 96.8705833937708
19 96.8705833937708
19.1 96.8705833937708
19.2 96.8705833937708
19.3 96.8705833937708
19.40000000000001 96.8705833937708
19.50000000000001 96.8705833937708
19.60000000000001 96.8705833937708
19.70000000000001 96.8705833937708
19.80000000000001 96.8705833937708
19.90000000000001 96.8705833937708
20.00000000000001 96.8705833937708
20.10000000000002 96.8705833937708
20.20000000000002 96.8705833937708
20.30000000000002 96.8705833937708
20.40000000000002 96.8705833937708
20.50000000000002 96.8705833937708
20.60000000000002 96.8705833937708
20.70000000000002 96.8705833937708
20.80000000000003 96.8705833937708
20.90000000000003 96.8705833937708
21.00000000000003 96.8705833937708
21.10000000000003 96.8705833937708
21.20000000000003 96.8705833937708
21.30000000000003 96.8705833937708
21.40000000000003 96.87058339377079
21.50000000000004 96.87058339377079
21.60000000000004 96.87058339377079
21.70000000000004 96.87058339377079
21.80000000000004 96.87058339377079
21.90000000000004 96.87058339377079
22.00000000000004 96.87058339377079
22.10000000000004 96.87058339377079
22.20000000000005 96.87058339377079
22.30000000000005 96.87058339377079
22.40000000000005 96.87058339377079
22.50000000000005 96.87058339377079
22.60000000000005 96.87058339377079
22.70000000000005 96.87058339377079
22.80000000000005 96.87058339377079
22.90000000000006 96.87058339377079
23.00000000000006 96.87058339377079
23.10000000000006 96.87058339377079
23.20000000000006 96.87058339377079
23.30000000000006 96.87058339377079
23.40000000000006 96.87058339377079
23.50000000000006 96.87058339377079
23.60000000000007 96.87058339377079
23.70000000000007 96.87058339377079
23.80000000000007 96.87058339377079
23.90000000000007 96.87058339377079
24.00000000000007 96.87058339377079
24.10000000000007 96.87058339377079
24.20000000000007 96.87058339377079
24.30000000000008 96.87058339377079
24.40000000000008 96.87058339377079
24.50000000000008 96.87058339377079
24.60000000000008 96.87058339377079
24.70000000000008 96.87058339377079
24.80000000000008 96.87058339377079
24.90000000000008 96.87058339377079
25.00000000000009 96.87058339377079
25.10000000000009 96.87058339377079
25.20000000000009 96.87058339377079
25.30000000000009 96.87058339377079
25.40000000000009 96.87058339377079
25.50000000000009 96.87058339377079
25.60000000000009 96.87058339377079
25.7000000000001 96.87058339377079
25.8000000000001 96.87058339377079
25.9000000000001 96.87058339377079
26.0000000000001 96.87058339377079
26.1000000000001 96.87058339377079
26.2000000000001 96.87058339377079
26.3000000000001 96.87058339377079
26.40000000000011 96.87058339377079
26.50000000000011 96.87058339377079
26.60000000000011 96.87058339377079
26.70000000000011 96.87058339377079
26.80000000000011 96.87058339377079
26.90000000000011 96.87058339377079
27.00000000000011 96.87058339377079
27.10000000000012 96.87058339377079
27.20000000000012 96.87058339377079
27.30000000000012 96.87058339377079
27.40000000000012 96.87058339377079
27.50000000000012 96.87058339377079
27.60000000000012 96.87058339377079
27.70000000000012 96.87058339377079
27.80000000000013 96.87058339377079
27.90000000000013 96.87058339377079
28.00000000000013 96.87058339377079
28.10000000000013 96.87058339377079
28.20000000000013 96.87058339377079
28.30000000000013 96.87058339377079
28.40000000000013 96.87058339377079
28.50000000000014 96.87058339377079
28.60000000000014 96.87058339377079
28.70000000000014 96.87058339377079
28.80000000000014 96.87058339377079
28.90000000000014 96.87058339377079
29.00000000000014 96.87058339377079
29.10000000000014 96.87058339377079
29.20000000000014 96.87058339377079
29.30000000000015 96.87058339377079
29.40000000000015 96.87058339377079
29.50000000000015 96.87058339377079
29.60000000000015 96.87058339377079
29.70000000000015 96.87058339377079
29.80000000000015 96.87058339377079
29.90000000000015 96.87058339377079
30.00000000000016 96.87058339377079
30.10000000000016 96.87058339377079
30.20000000000016 96.87058339377079
30.30000000000016 96.87058339377079
30.40000000000016 96.87058339377079
30.50000000000016 96.87058339377079
30.60000000000016 96.87058339377079
30.70000000000017 96.87058339377079
30.80000000000017 96.87058339377079
30.90000000000017 96.87058339377079
31.00000000000017 96.87058339377079
31.10000000000017 96.87058339377079
31.20000000000017 96.87058339377079
31.30000000000017 96.87058339377079
31.40000000000018 96.87058339377079
31.50000000000018 96.87058339377079
31.60000000000018 96.87058339377079
31.70000000000018 96.87058339377079
31.80000000000018 96.87058339377079
31.90000000000018 96.87058339377079
32.00000000000018 96.87058339377079
32.10000000000019 96.87058339377079
32.20000000000019 96.87058339377079
32.30000000000019 96.87058339377079
32.40000000000019 96.87058339377079
32.50000000000019 96.87058339377079
32.60000000000019 96.87058339377079
32.70000000000019 96.87058339377079
32.8000000000002 96.87058339377079
32.9000000000002 96.87058339377079
33.0000000000002 96.87058339377079
33.1000000000002 96.87058339377079
33.2000000000002 96.87058339377079
33.3000000000002 96.87058339377079
33.4000000000002 96.87058339377079
33.50000000000021 96.87058339377079
33.60000000000021 96.87058339377079
33.70000000000021 96.87058339377079
33.80000000000021 96.87058339377079
33.90000000000021 96.87058339377079
34.00000000000021 96.87058339377079
34.10000000000021 96.87058339377079
34.20000000000022 96.87058339377079
34.30000000000022 96.87058339377079
34.40000000000022 96.87058339377079
34.50000000000022 96.87058339377079
34.60000000000022 96.87058339377079
34.70000000000022 96.87058339377079
34.80000000000022 96.87058339377079
34.90000000000023 96.87058339377079
35.00000000000023 96.87058339377079
35.10000000000023 96.87058339377079
35.20000000000023 96.87058339377079
35.30000000000023 96.87058339377079
35.40000000000023 96.87058339377079
35.50000000000023 96.87058339377079
35.60000000000024 96.87058339377079
35.70000000000024 96.87058339377079
35.80000000000024 96.87058339377079
35.90000000000024 96.87058339377079
36.00000000000024 96.87058339377079
36.10000000000024 96.87058339377079
36.20000000000024 96.87058339377079
36.30000000000025 96.87058339377079
36.40000000000025 96.87058339377079
36.50000000000025 96.87058339377079
36.60000000000025 96.87058339377079
36.70000000000025 96.87058339377079
36.80000000000025 96.87058339377079
36.90000000000025 96.87058339377079
37.00000000000026 96.87058339377079
37.10000000000026 96.87058339377079
37.20000000000026 96.87058339377079
37.30000000000026 96.87058339377079
37.40000000000026 96.87058339377079
37.50000000000026 96.87058339377079
37.60000000000026 96.87058339377079
37.70000000000027 96.87058339377079
37.80000000000027 96.87058339377079
37.90000000000027 96.87058339377079
38.00000000000027 96.87058339377079
38.10000000000027 96.87058339377079
38.20000000000027 96.87058339377079
38.30000000000027 96.87058339377079
38.40000000000028 96.87058339377079
38.50000000000028 96.87058339377079
38.60000000000028 96.87058339377079
38.70000000000028 96.87058339377079
38.80000000000028 96.87058339377079
38.90000000000028 96.87058339377079
39.00000000000028 96.87058339377079
39.10000000000029 96.87058339377079
39.20000000000029 96.87058339377079
39.30000000000029 96.87058339377079
39.40000000000029 96.87058339377079
39.50000000000029 96.87058339377079
39.60000000000029 96.87058339377079
39.70000000000029 96.87058339377079
39.8000000000003 96.87058339377079
39.9000000000003 96.87058339377079
40.0000000000003 96.87058339377079
40.1000000000003 96.87058339377079
40.2000000000003 96.87058339377079
40.3000000000003 96.87058339377079
40.4000000000003 96.87058339377079
40.50000000000031 96.87058339377079
40.60000000000031 96.87058339377079
40.70000000000031 96.87058339377079
40.80000000000031 96.87058339377079
40.90000000000031 96.87058339377079
41.00000000000031 96.87058339377079
41.10000000000031 96.87058339377079
41.20000000000032 96.87058339377079
41.30000000000032 96.87058339377079
41.40000000000032 96.87058339377079
41.50000000000032 96.87058339377079
41.60000000000032 96.87058339377079
41.70000000000032 96.87058339377079
41.80000000000032 96.87058339377079
41.90000000000033 96.87058339377079
42.00000000000033 96.87058339377079
42.10000000000033 96.87058339377079
42.20000000000033 96.87058339377079
42.30000000000033 96.87058339377079
42.40000000000033 96.87058339377079
42.50000000000033 96.87058339377079
42.60000000000034 96.87058339377079
42.70000000000034 96.87058339377079
42.80000000000034 96.87058339377079
42.90000000000034 96.87058339377079
43.00000000000034 96.87058339377079
43.10000000000034 96.87058339377079
43.20000000000034 96.87058339377079
43.30000000000035 96.87058339377079
43.40000000000035 96.87058339377079
43.50000000000035 96.87058339377079
43.60000000000035 96.87058339377079
43.70000000000035 96.87058339377079
43.80000000000035 96.87058339377079
43.90000000000035 96.87058339377079
44.00000000000036 96.87058339377079
44.10000000000036 96.87058339377079
44.20000000000036 96.87058339377079
44.30000000000036 96.87058339377079
44.40000000000036 96.87058339377079
44.50000000000036 96.87058339377079
44.60000000000036 96.87058339377079
44.70000000000037 96.87058339377079
44.80000000000037 96.87058339377079
44.90000000000037 96.87058339377079
45.00000000000037 96.87058339377079
45.10000000000037 96.87058339377079
45.20000000000037 96.87058339377079
45.30000000000037 96.87058339377079
45.40000000000038 96.87058339377079
45.50000000000038 96.87058339377079
45.60000000000038 96.87058339377079
45.70000000000038 96.87058339377079
45.80000000000038 96.87058339377079
45.90000000000038 96.87058339377079
46.00000000000038 96.87058339377079
46.10000000000039 96.87058339377079
46.20000000000039 96.87058339377079
46.30000000000039 96.87058339377079
46.40000000000039 96.87058339377079
46.50000000000039 96.87058339377079
46.60000000000039 96.87058339377079
46.70000000000039 96.87058339377079
46.8000000000004 96.87058339377079
46.9000000000004 96.87058339377079
47.0000000000004 96.87058339377079
47.1000000000004 96.87058339377079
47.2000000000004 96.87058339377079
47.3000000000004 96.87058339377079
47.4000000000004 96.87058339377079
47.50000000000041 96.87058339377079
47.60000000000041 96.87058339377079
47.70000000000041 96.87058339377079
47.80000000000041 96.87058339377079
47.90000000000041 96.87058339377079
48.00000000000041 96.87058339377079
48.10000000000041 96.87058339377079
48.20000000000041 96.87058339377079
48.30000000000042 96.87058339377079
48.40000000000042 96.87058339377079
48.50000000000042 96.87058339377079
48.60000000000042 96.87058339377079
48.70000000000042 96.87058339377079
48.80000000000042 96.87058339377079
48.90000000000042 96.87058339377079
49.00000000000043 96.87058339377079
49.10000000000043 96.87058339377079
49.20000000000043 96.87058339377079
49.30000000000043 96.87058339377079
49.40000000000043 96.87058339377079
49.50000000000043 96.87058339377079
49.60000000000043 96.87058339377079
49.70000000000044 96.87058339377079
49.80000000000044 96.87058339377079
49.90000000000044 96.87058339377079