Time X1
0 250
0.1 1236.846951043425
0.2 1236.846951043425
0.3 1236.846951043425
0.4 1236.846951043425
0.5 1236.846951043425
0.6 1236.846951043425
0.7 1236.846951043425
0.7999999999999999 1236.846951043425
0.8999999999999999 1236.846951043425
0.9999999999999999 1236.846951043425
1.1 1236.846951043425
1.2 1236.846951043425
1.3 1236.846951043425
1.4 1236.846951043425
1.5 1236.846951043425
1.6 1236.846951043425
1.7 1236.846951043425
1.8 1236.846951043425
1.900000000000001 1236.846951043425
2 1236.846951043425
2.100000000000001 1236.846951043425
2.200000000000001 1236.846951043425
2.300000000000001 1236.846951043425
2.400000000000001 1236.846951043425
2.500000000000001 1236.846951043425
2.600000000000001 1236.846951043425
2.700000000000001 1236.846951043425
2.800000000000001 1236.846951043425
2.900000000000001 1236.846951043425
3.000000000000001 1236.846951043425
3.100000000000001 1236.846951043425
3.200000000000002 1236.846951043425
3.300000000000002 1236.846951043425
3.400000000000002 1236.846951043425
3.500000000000002 1236.846951043425
3.600000000000002 1236.846951043425
3.700000000000002 1236.846951043425
3.800000000000002 1236.846951043425
3.900000000000002 1236.846951043425
4.000000000000002 1236.846951043425
4.100000000000001 1236.846951043425
4.200000000000001 1236.846951043425
4.300000000000001 1236.846951043425
4.4 1236.846951043425
4.5 1236.846951043425
4.6 1236.846951043425
4.699999999999999 1236.846951043425
4.799999999999999 1236.846951043425
4.899999999999999 1236.846951043425
4.999999999999998 1236.846951043425
5.099999999999998 1236.846951043425
5.199999999999998 1236.846951043425
5.299999999999997 1236.846951043425
5.399999999999997 1236.846951043425
5.499999999999996 1236.846951043425
5.599999999999996 1236.846951043425
5.699999999999996 1236.846951043425
5.799999999999995 1236.846951043425
5.899999999999995 1236.846951043425
5.999999999999995 1236.846951043425
6.099999999999994 1236.846951043425
6.199999999999994 1236.846951043425
6.299999999999994 1236.846951043425
6.399999999999993 1236.846951043425
6.499999999999993 1236.846951043425
6.599999999999993 1236.846951043425
6.699999999999992 1236.846951043425
6.799999999999992 1236.846951043425
6.899999999999991 1236.846951043425
6.999999999999991 1236.846951043425
7.099999999999991 1236.846951043425
7.19999999999999 1236.846951043425
7.29999999999999 1236.846951043425
7.39999999999999 1236.846951043425
7.499999999999989 1236.846951043425
7.599999999999989 1236.846951043425
7.699999999999989 1236.846951043425
7.799999999999988 1236.846951043425
7.899999999999988 1236.846951043425
7.999999999999988 1236.846951043425
8.099999999999987 1236.846951043425
8.199999999999987 1236.846951043425
8.299999999999986 1236.846951043425
8.399999999999986 1236.846951043425
8.499999999999986 1236.846951043425
8.599999999999985 1236.846951043425
8.699999999999985 1236.846951043425
8.799999999999985 1236.846951043425
8.899999999999984 1236.846951043425
8.999999999999984 1236.846951043425
9.099999999999984 1236.846951043425
9.199999999999983 1236.846951043425
9.299999999999983 1236.846951043425
9.399999999999983 1236.846951043425
9.499999999999982 1236.846951043425
9.599999999999982 1236.846951043425
9.699999999999982 1236.846951043425
9.799999999999981 1236.846951043425
9.899999999999981 1236.846951043425
9.99999999999998 1236.846951043425
10.09999999999998 1236.846951043425
10.19999999999998 1236.846951043425
10.29999999999998 1236.846951043425
10.39999999999998 1236.846951043425
10.49999999999998 1236.846951043425
10.59999999999998 1236.846951043425
10.69999999999998 1236.846951043425
10.79999999999998 1236.846951043425
10.89999999999998 1236.846951043425
10.99999999999998 1236.846951043425
11.09999999999998 1236.846951043425
11.19999999999998 1236.846951043425
11.29999999999998 1236.846951043425
11.39999999999998 1236.846951043425
11.49999999999998 1236.846951043425
11.59999999999997 1236.846951043425
11.69999999999997 1236.846951043425
11.79999999999997 1236.846951043425
11.89999999999997 1236.846951043425
11.99999999999997 1236.846951043425
12.09999999999997 1236.846951043425
12.19999999999997 1236.846951043425
12.29999999999997 1236.846951043425
12.39999999999997 1236.846951043425
12.49999999999997 1236.846951043425
12.59999999999997 1236.846951043425
12.69999999999997 1236.846951043425
12.79999999999997 1236.846951043425
12.89999999999997 1236.846951043425
12.99999999999997 1236.846951043425
13.09999999999997 1236.846951043425
13.19999999999997 1236.846951043425
13.29999999999997 1236.846951043425
13.39999999999997 1236.846951043425
13.49999999999997 1236.846951043425
13.59999999999997 1236.846951043425
13.69999999999997 1236.846951043425
13.79999999999997 1236.846951043425
13.89999999999997 1236.846951043425
13.99999999999997 1236.846951043425
14.09999999999997 1236.846951043425
14.19999999999997 1236.846951043425
14.29999999999997 1236.846951043425
14.39999999999996 1236.846951043425
14.49999999999996 1236.846951043425
14.59999999999996 1236.846951043425
14.69999999999996 1236.846951043425
14.79999999999996 1236.846951043425
14.89999999999996 1236.846951043425
14.99999999999996 1236.846951043425
15.09999999999996 1236.846951043425
15.19999999999996 1236.846951043425
15.29999999999996 1236.846951043425
15.39999999999996 1236.846951043425
15.49999999999996 1236.846951043425
15.59999999999996 1236.846951043425
15.69999999999996 1236.846951043425
15.79999999999996 1236.846951043425
15.89999999999996 1236.846951043425
15.99999999999996 1236.846951043425
16.09999999999996 1236.846951043425
16.19999999999996 1236.846951043425
16.29999999999996 1236.846951043425
16.39999999999996 1236.846951043425
16.49999999999996 1236.846951043425
16.59999999999997 1236.846951043425
16.69999999999997 1236.846951043425
16.79999999999997 1236.846951043425
16.89999999999997 1236.846951043425
16.99999999999997 1236.846951043425
17.09999999999997 1236.846951043425
17.19999999999997 1236.846951043425
17.29999999999998 1236.846951043425
17.39999999999998 1236.846951043425
17.49999999999998 1236.846951043425
17.59999999999998 1236.846951043425
17.69999999999998 1236.846951043425
17.79999999999998 1236.846951043425
17.89999999999998 1236.846951043425
17.99999999999999 1236.846951043425
18.09999999999999 1236.846951043425
18.19999999999999 1236.846951043425
18.29999999999999 1236.846951043425
18.39999999999999 1236.846951043425
18.49999999999999 1236.846951043425
18.59999999999999 1236.846951043425
18.7 1236.846951043425
18.8 1236.846951043425
18.9 1236.846951043425
19 1236.846951043425
19.1 1236.846951043425
19.2 1236.846951043425
19.3 1236.846951043425
19.40000000000001 1236.846951043425
19.50000000000001 1236.846951043425
19.60000000000001 1236.846951043425
19.70000000000001 1236.846951043425
19.80000000000001 1236.846951043425
19.90000000000001 1236.846951043425
20.00000000000001 1236.846951043425
20.10000000000002 1236.846951043425
20.20000000000002 1236.846951043425
20.30000000000002 1236.846951043425
20.40000000000002 1236.846951043425
20.50000000000002 1236.846951043425
20.60000000000002 1236.846951043425
20.70000000000002 1236.846951043425
20.80000000000003 1236.846951043425
20.90000000000003 1236.846951043425
21.00000000000003 1236.846951043425
21.10000000000003 1236.846951043425
21.20000000000003 1236.846951043425
21.30000000000003 1236.846951043425
21.40000000000003 1236.846951043425
21.50000000000004 1236.846951043425
21.60000000000004 1236.846951043425
21.70000000000004 1236.846951043425
21.80000000000004 1236.846951043425
21.90000000000004 1236.846951043425
22.00000000000004 1236.846951043425
22.10000000000004 1236.846951043425
22.20000000000005 1236.846951043425
22.30000000000005 1236.846951043425
22.40000000000005 1236.846951043425
22.50000000000005 1236.846951043425
22.60000000000005 1236.846951043425
22.70000000000005 1236.846951043425
22.80000000000005 1236.846951043425
22.90000000000006 1236.846951043425
23.00000000000006 1236.846951043425
23.10000000000006 1236.846951043425
23.20000000000006 1236.846951043425
23.30000000000006 1236.846951043425
23.40000000000006 1236.846951043425
23.50000000000006 1236.846951043425
23.60000000000007 1236.846951043425
23.70000000000007 1236.846951043425
23.80000000000007 1236.846951043425
23.90000000000007 1236.846951043425
24.00000000000007 1236.846951043425
24.10000000000007 1236.846951043425
24.20000000000007 1236.846951043425
24.30000000000008 1236.846951043425
24.40000000000008 1236.846951043425
24.50000000000008 1236.846951043425
24.60000000000008 1236.846951043425
24.70000000000008 1236.846951043425
24.80000000000008 1236.846951043425
24.90000000000008 1236.846951043425
25.00000000000009 1236.846951043425
25.10000000000009 1236.846951043425
25.20000000000009 1236.846951043425
25.30000000000009 1236.846951043425
25.40000000000009 1236.846951043425
25.50000000000009 1236.846951043425
25.60000000000009 1236.846951043425
25.7000000000001 1236.846951043425
25.8000000000001 1236.846951043425
25.9000000000001 1236.846951043425
26.0000000000001 1236.846951043425
26.1000000000001 1236.846951043425
26.2000000000001 1236.846951043425
26.3000000000001 1236.846951043425
26.40000000000011 1236.846951043425
26.50000000000011 1236.846951043425
26.60000000000011 1236.846951043425
26.70000000000011 1236.846951043425
26.80000000000011 1236.846951043425
26.90000000000011 1236.846951043425
27.00000000000011 1236.846951043425
27.10000000000012 1236.846951043425
27.20000000000012 1236.846951043425
27.30000000000012 1236.846951043425
27.40000000000012 1236.846951043425
27.50000000000012 1236.846951043425
27.60000000000012 1236.846951043425
27.70000000000012 1236.846951043425
27.80000000000013 1236.846951043425
27.90000000000013 1236.846951043425
28.00000000000013 1236.846951043425
28.10000000000013 1236.846951043425
28.20000000000013 1236.846951043425
28.30000000000013 1236.846951043425
28.40000000000013 1236.846951043425
28.50000000000014 1236.846951043425
28.60000000000014 1236.846951043425
28.70000000000014 1236.846951043425
28.80000000000014 1236.846951043425
28.90000000000014 1236.846951043425
29.00000000000014 1236.846951043425
29.10000000000014 1236.846951043425
29.20000000000014 1236.846951043425
29.30000000000015 1236.846951043425
29.40000000000015 1236.846951043425
29.50000000000015 1236.846951043425
29.60000000000015 1236.846951043425
29.70000000000015 1236.846951043425
29.80000000000015 1236.846951043425
29.90000000000015 1236.846951043425
30.00000000000016 1236.846951043425
30.10000000000016 1236.846951043425
30.20000000000016 1236.846951043425
30.30000000000016 1236.846951043425
30.40000000000016 1236.846951043425
30.50000000000016 1236.846951043425
30.60000000000016 1236.846951043425
30.70000000000017 1236.846951043425
30.80000000000017 1236.846951043425
30.90000000000017 1236.846951043425
31.00000000000017 1236.846951043425
31.10000000000017 1236.846951043425
31.20000000000017 1236.846951043425
31.30000000000017 1236.846951043425
31.40000000000018 1236.846951043425
31.50000000000018 1236.846951043425
31.60000000000018 1236.846951043425
31.70000000000018 1236.846951043425
31.80000000000018 1236.846951043425
31.90000000000018 1236.846951043425
32.00000000000018 1236.846951043425
32.10000000000019 1236.846951043425
32.20000000000019 1236.846951043425
32.30000000000019 1236.846951043425
32.40000000000019 1236.846951043425
32.50000000000019 1236.846951043425
32.60000000000019 1236.846951043425
32.70000000000019 1236.846951043425
32.8000000000002 1236.846951043425
32.9000000000002 1236.846951043425
33.0000000000002 1236.846951043425
33.1000000000002 1236.846951043425
33.2000000000002 1236.846951043425
33.3000000000002 1236.846951043425
33.4000000000002 1236.846951043425
33.50000000000021 1236.846951043425
33.60000000000021 1236.846951043425
33.70000000000021 1236.846951043425
33.80000000000021 1236.846951043425
33.90000000000021 1236.846951043425
34.00000000000021 1236.846951043425
34.10000000000021 1236.846951043425
34.20000000000022 1236.846951043425
34.30000000000022 1236.846951043425
34.40000000000022 1236.846951043425
34.50000000000022 1236.846951043425
34.60000000000022 1236.846951043425
34.70000000000022 1236.846951043425
34.80000000000022 1236.846951043425
34.90000000000023 1236.846951043425
35.00000000000023 1236.846951043425
35.10000000000023 1236.846951043425
35.20000000000023 1236.846951043425
35.30000000000023 1236.846951043425
35.40000000000023 1236.846951043425
35.50000000000023 1236.846951043425
35.60000000000024 1236.846951043425
35.70000000000024 1236.846951043425
35.80000000000024 1236.846951043425
35.90000000000024 1236.846951043425
36.00000000000024 1236.846951043425
36.10000000000024 1236.846951043425
36.20000000000024 1236.846951043425
36.30000000000025 1236.846951043425
36.40000000000025 1236.846951043425
36.50000000000025 1236.846951043425
36.60000000000025 1236.846951043425
36.70000000000025 1236.846951043425
36.80000000000025 1236.846951043425
36.90000000000025 1236.846951043425
37.00000000000026 1236.846951043425
37.10000000000026 1236.846951043425
37.20000000000026 1236.846951043425
37.30000000000026 1236.846951043425
37.40000000000026 1236.846951043425
37.50000000000026 1236.846951043425
37.60000000000026 1236.846951043425
37.70000000000027 1236.846951043425
37.80000000000027 1236.846951043425
37.90000000000027 1236.846951043425
38.00000000000027 1236.846951043425
38.10000000000027 1236.846951043425
38.20000000000027 1236.846951043425
38.30000000000027 1236.846951043425
38.40000000000028 1236.846951043425
38.50000000000028 1236.846951043425
38.60000000000028 1236.846951043425
38.70000000000028 1236.846951043425
38.80000000000028 1236.846951043425
38.90000000000028 1236.846951043425
39.00000000000028 1236.846951043425
39.10000000000029 1236.846951043425
39.20000000000029 1236.846951043425
39.30000000000029 1236.846951043425
39.40000000000029 1236.846951043425
39.50000000000029 1236.846951043425
39.60000000000029 1236.846951043425
39.70000000000029 1236.846951043425
39.8000000000003 1236.846951043425
39.9000000000003 1236.846951043425
40.0000000000003 1236.846951043425
40.1000000000003 1236.846951043425
40.2000000000003 1236.846951043425
40.3000000000003 1236.846951043425
40.4000000000003 1236.846951043425
40.50000000000031 1236.846951043425
40.60000000000031 1236.846951043425
40.70000000000031 1236.846951043425
40.80000000000031 1236.846951043425
40.90000000000031 1236.846951043425
41.00000000000031 1236.846951043425
41.10000000000031 1236.846951043425
41.20000000000032 1236.846951043425
41.30000000000032 1236.846951043425
41.40000000000032 1236.846951043425
41.50000000000032 1236.846951043425
41.60000000000032 1236.846951043425
41.70000000000032 1236.846951043425
41.80000000000032 1236.846951043425
41.90000000000033 1236.846951043425
42.00000000000033 1236.846951043425
42.10000000000033 1236.846951043425
42.20000000000033 1236.846951043425
42.30000000000033 1236.846951043425
42.40000000000033 1236.846951043425
42.50000000000033 1236.846951043425
42.60000000000034 1236.846951043425
42.70000000000034 1236.846951043425
42.80000000000034 1236.846951043425
42.90000000000034 1236.846951043425
43.00000000000034 1236.846951043425
43.10000000000034 1236.846951043425
43.20000000000034 1236.846951043425
43.30000000000035 1236.846951043425
43.40000000000035 1236.846951043425
43.50000000000035 1236.846951043425
43.60000000000035 1236.846951043425
43.70000000000035 1236.846951043425
43.80000000000035 1236.846951043425
43.90000000000035 1236.846951043425
44.00000000000036 1236.846951043425
44.10000000000036 1236.846951043425
44.20000000000036 1236.846951043425
44.30000000000036 1236.846951043425
44.40000000000036 1236.846951043425
44.50000000000036 1236.846951043425
44.60000000000036 1236.846951043425
44.70000000000037 1236.846951043425
44.80000000000037 1236.846951043425
44.90000000000037 1236.846951043425
45.00000000000037 1236.846951043425
45.10000000000037 1236.846951043425
45.20000000000037 1236.846951043425
45.30000000000037 1236.846951043425
45.40000000000038 1236.846951043425
45.50000000000038 1236.846951043425
45.60000000000038 1236.846951043425
45.70000000000038 1236.846951043425
45.80000000000038 1236.846951043425
45.90000000000038 1236.846951043425
46.00000000000038 1236.846951043425
46.10000000000039 1236.846951043425
46.20000000000039 1236.846951043425
46.30000000000039 1236.846951043425
46.40000000000039 1236.846951043425
46.50000000000039 1236.846951043425
46.60000000000039 1236.846951043425
46.70000000000039 1236.846951043425
46.8000000000004 1236.846951043425
46.9000000000004 1236.846951043425
47.0000000000004 1236.846951043425
47.1000000000004 1236.846951043425
47.2000000000004 1236.846951043425
47.3000000000004 1236.846951043425
47.4000000000004 1236.846951043425
47.50000000000041 1236.846951043425
47.60000000000041 1236.846951043425
47.70000000000041 1236.846951043425
47.80000000000041 1236.846951043425
47.90000000000041 1236.846951043425
48.00000000000041 1236.846951043425
48.10000000000041 1236.846951043425
48.20000000000041 1236.846951043425
48.30000000000042 1236.846951043425
48.40000000000042 1236.846951043425
48.50000000000042 1236.846951043425
48.60000000000042 1236.846951043425
48.70000000000042 1236.846951043425
48.80000000000042 1236.846951043425
48.90000000000042 1236.846951043425
49.00000000000043 1236.846951043425
49.10000000000043 1236.846951043425
49.20000000000043 1236.846951043425
49.30000000000043 1236.846951043425
49.40000000000043 1236.846951043425
49.50000000000043 1236.846951043425
49.60000000000043 1236.846951043425
49.70000000000044 1236.846951043425
49.80000000000044 1236.846951043425
49.90000000000044 1236.846951043425