Time X1
0 250
0.1 17454.09767707045
0.2 17454.09767707045
0.3 17454.09767707045
0.4 17454.09767707045
0.5 17454.09767707045
0.6 17454.09767707045
0.7 17454.09767707045
0.7999999999999999 17454.09767707045
0.8999999999999999 17454.09767707045
0.9999999999999999 17454.09767707045
1.1 17454.09767707045
1.2 17454.09767707045
1.3 17454.09767707045
1.4 17454.09767707046
1.5 17454.09767707046
1.6 17454.09767707046
1.7 17454.09767707046
1.8 17454.09767707046
1.900000000000001 17454.09767707046
2 17454.09767707046
2.100000000000001 17454.09767707046
2.200000000000001 17454.09767707046
2.300000000000001 17454.09767707046
2.400000000000001 17454.09767707046
2.500000000000001 17454.09767707045
2.600000000000001 17454.09767707045
2.700000000000001 17454.09767707045
2.800000000000001 17454.09767707045
2.900000000000001 17454.09767707045
3.000000000000001 17454.09767707045
3.100000000000001 17454.09767707045
3.200000000000002 17454.09767707045
3.300000000000002 17454.09767707045
3.400000000000002 17454.09767707045
3.500000000000002 17454.09767707045
3.600000000000002 17454.09767707045
3.700000000000002 17454.09767707045
3.800000000000002 17454.09767707045
3.900000000000002 17454.09767707045
4.000000000000002 17454.09767707045
4.100000000000001 17454.09767707045
4.200000000000001 17454.09767707045
4.300000000000001 17454.09767707045
4.4 17454.09767707045
4.5 17454.09767707045
4.6 17454.09767707045
4.699999999999999 17454.09767707045
4.799999999999999 17454.09767707045
4.899999999999999 17454.09767707045
4.999999999999998 17454.09767707045
5.099999999999998 17454.09767707045
5.199999999999998 17454.09767707045
5.299999999999997 17454.09767707045
5.399999999999997 17454.09767707045
5.499999999999996 17454.09767707045
5.599999999999996 17454.09767707045
5.699999999999996 17454.09767707045
5.799999999999995 17454.09767707045
5.899999999999995 17454.09767707045
5.999999999999995 17454.09767707045
6.099999999999994 17454.09767707045
6.199999999999994 17454.09767707045
6.299999999999994 17454.09767707045
6.399999999999993 17454.09767707045
6.499999999999993 17454.09767707045
6.599999999999993 17454.09767707045
6.699999999999992 17454.09767707045
6.799999999999992 17454.09767707045
6.899999999999991 17454.09767707045
6.999999999999991 17454.09767707045
7.099999999999991 17454.09767707045
7.19999999999999 17454.09767707045
7.29999999999999 17454.09767707045
7.39999999999999 17454.09767707045
7.499999999999989 17454.09767707045
7.599999999999989 17454.09767707045
7.699999999999989 17454.09767707045
7.799999999999988 17454.09767707045
7.899999999999988 17454.09767707045
7.999999999999988 17454.09767707045
8.099999999999987 17454.09767707045
8.199999999999987 17454.09767707045
8.299999999999986 17454.09767707045
8.399999999999986 17454.09767707045
8.499999999999986 17454.09767707045
8.599999999999985 17454.09767707045
8.699999999999985 17454.09767707045
8.799999999999985 17454.09767707045
8.899999999999984 17454.09767707045
8.999999999999984 17454.09767707045
9.099999999999984 17454.09767707045
9.199999999999983 17454.09767707045
9.299999999999983 17454.09767707045
9.399999999999983 17454.09767707045
9.499999999999982 17454.09767707045
9.599999999999982 17454.09767707045
9.699999999999982 17454.09767707045
9.799999999999981 17454.09767707045
9.899999999999981 17454.09767707045
9.99999999999998 17454.09767707045
10.09999999999998 17454.09767707045
10.19999999999998 17454.09767707045
10.29999999999998 17454.09767707045
10.39999999999998 17454.09767707045
10.49999999999998 17454.09767707045
10.59999999999998 17454.09767707045
10.69999999999998 17454.09767707045
10.79999999999998 17454.09767707045
10.89999999999998 17454.09767707045
10.99999999999998 17454.09767707045
11.09999999999998 17454.09767707045
11.19999999999998 17454.09767707045
11.29999999999998 17454.09767707045
11.39999999999998 17454.09767707045
11.49999999999998 17454.09767707045
11.59999999999997 17454.09767707045
11.69999999999997 17454.09767707045
11.79999999999997 17454.09767707045
11.89999999999997 17454.09767707045
11.99999999999997 17454.09767707045
12.09999999999997 17454.09767707045
12.19999999999997 17454.09767707045
12.29999999999997 17454.09767707045
12.39999999999997 17454.09767707045
12.49999999999997 17454.09767707045
12.59999999999997 17454.09767707045
12.69999999999997 17454.09767707045
12.79999999999997 17454.09767707045
12.89999999999997 17454.09767707045
12.99999999999997 17454.09767707045
13.09999999999997 17454.09767707045
13.19999999999997 17454.09767707045
13.29999999999997 17454.09767707045
13.39999999999997 17454.09767707045
13.49999999999997 17454.09767707045
13.59999999999997 17454.09767707045
13.69999999999997 17454.09767707045
13.79999999999997 17454.09767707045
13.89999999999997 17454.09767707045
13.99999999999997 17454.09767707045
14.09999999999997 17454.09767707045
14.19999999999997 17454.09767707045
14.29999999999997 17454.09767707045
14.39999999999996 17454.09767707045
14.49999999999996 17454.09767707045
14.59999999999996 17454.09767707045
14.69999999999996 17454.09767707045
14.79999999999996 17454.09767707045
14.89999999999996 17454.09767707045
14.99999999999996 17454.09767707045
15.09999999999996 17454.09767707045
15.19999999999996 17454.09767707045
15.29999999999996 17454.09767707045
15.39999999999996 17454.09767707045
15.49999999999996 17454.09767707045
15.59999999999996 17454.09767707045
15.69999999999996 17454.09767707045
15.79999999999996 17454.09767707045
15.89999999999996 17454.09767707045
15.99999999999996 17454.09767707045
16.09999999999996 17454.09767707045
16.19999999999996 17454.09767707045
16.29999999999996 17454.09767707045
16.39999999999996 17454.09767707045
16.49999999999996 17454.09767707045
16.59999999999997 17454.09767707045
16.69999999999997 17454.09767707045
16.79999999999997 17454.09767707045
16.89999999999997 17454.09767707045
16.99999999999997 17454.09767707045
17.09999999999997 17454.09767707045
17.19999999999997 17454.09767707045
17.29999999999998 17454.09767707045
17.39999999999998 17454.09767707045
17.49999999999998 17454.09767707045
17.59999999999998 17454.09767707045
17.69999999999998 17454.09767707045
17.79999999999998 17454.09767707045
17.89999999999998 17454.09767707045
17.99999999999999 17454.09767707045
18.09999999999999 17454.09767707045
18.19999999999999 17454.09767707045
18.29999999999999 17454.09767707045
18.39999999999999 17454.09767707045
18.49999999999999 17454.09767707045
18.59999999999999 17454.09767707045
18.7 17454.09767707045
18.8 17454.09767707045
18.9 17454.09767707045
19 17454.09767707045
19.1 17454.09767707045
19.2 17454.09767707045
19.3 17454.09767707045
19.40000000000001 17454.09767707045
19.50000000000001 17454.09767707045
19.60000000000001 17454.09767707045
19.70000000000001 17454.09767707045
19.80000000000001 17454.09767707045
19.90000000000001 17454.09767707045
20.00000000000001 17454.09767707045
20.10000000000002 17454.09767707045
20.20000000000002 17454.09767707045
20.30000000000002 17454.09767707045
20.40000000000002 17454.09767707045
20.50000000000002 17454.09767707045
20.60000000000002 17454.09767707045
20.70000000000002 17454.09767707045
20.80000000000003 17454.09767707045
20.90000000000003 17454.09767707045
21.00000000000003 17454.09767707045
21.10000000000003 17454.09767707045
21.20000000000003 17454.09767707045
21.30000000000003 17454.09767707045
21.40000000000003 17454.09767707045
21.50000000000004 17454.09767707045
21.60000000000004 17454.09767707045
21.70000000000004 17454.09767707045
21.80000000000004 17454.09767707045
21.90000000000004 17454.09767707045
22.00000000000004 17454.09767707045
22.10000000000004 17454.09767707045
22.20000000000005 17454.09767707045
22.30000000000005 17454.09767707045
22.40000000000005 17454.09767707045
22.50000000000005 17454.09767707045
22.60000000000005 17454.09767707045
22.70000000000005 17454.09767707045
22.80000000000005 17454.09767707045
22.90000000000006 17454.09767707045
23.00000000000006 17454.09767707045
23.10000000000006 17454.09767707045
23.20000000000006 17454.09767707045
23.30000000000006 17454.09767707045
23.40000000000006 17454.09767707045
23.50000000000006 17454.09767707045
23.60000000000007 17454.09767707045
23.70000000000007 17454.09767707045
23.80000000000007 17454.09767707045
23.90000000000007 17454.09767707045
24.00000000000007 17454.09767707045
24.10000000000007 17454.09767707045
24.20000000000007 17454.09767707045
24.30000000000008 17454.09767707045
24.40000000000008 17454.09767707045
24.50000000000008 17454.09767707045
24.60000000000008 17454.09767707045
24.70000000000008 17454.09767707045
24.80000000000008 17454.09767707045
24.90000000000008 17454.09767707045
25.00000000000009 17454.09767707045
25.10000000000009 17454.09767707045
25.20000000000009 17454.09767707045
25.30000000000009 17454.09767707045
25.40000000000009 17454.09767707045
25.50000000000009 17454.09767707045
25.60000000000009 17454.09767707045
25.7000000000001 17454.09767707045
25.8000000000001 17454.09767707045
25.9000000000001 17454.09767707045
26.0000000000001 17454.09767707045
26.1000000000001 17454.09767707045
26.2000000000001 17454.09767707045
26.3000000000001 17454.09767707045
26.40000000000011 17454.09767707045
26.50000000000011 17454.09767707045
26.60000000000011 17454.09767707045
26.70000000000011 17454.09767707045
26.80000000000011 17454.09767707045
26.90000000000011 17454.09767707045
27.00000000000011 17454.09767707045
27.10000000000012 17454.09767707045
27.20000000000012 17454.09767707045
27.30000000000012 17454.09767707045
27.40000000000012 17454.09767707045
27.50000000000012 17454.09767707045
27.60000000000012 17454.09767707045
27.70000000000012 17454.09767707045
27.80000000000013 17454.09767707045
27.90000000000013 17454.09767707045
28.00000000000013 17454.09767707045
28.10000000000013 17454.09767707045
28.20000000000013 17454.09767707045
28.30000000000013 17454.09767707045
28.40000000000013 17454.09767707045
28.50000000000014 17454.09767707045
28.60000000000014 17454.09767707045
28.70000000000014 17454.09767707045
28.80000000000014 17454.09767707045
28.90000000000014 17454.09767707045
29.00000000000014 17454.09767707045
29.10000000000014 17454.09767707045
29.20000000000014 17454.09767707045
29.30000000000015 17454.09767707045
29.40000000000015 17454.09767707045
29.50000000000015 17454.09767707045
29.60000000000015 17454.09767707045
29.70000000000015 17454.09767707045
29.80000000000015 17454.09767707045
29.90000000000015 17454.09767707045
30.00000000000016 17454.09767707045
30.10000000000016 17454.09767707045
30.20000000000016 17454.09767707045
30.30000000000016 17454.09767707045
30.40000000000016 17454.09767707045
30.50000000000016 17454.09767707045
30.60000000000016 17454.09767707045
30.70000000000017 17454.09767707045
30.80000000000017 17454.09767707045
30.90000000000017 17454.09767707045
31.00000000000017 17454.09767707045
31.10000000000017 17454.09767707045
31.20000000000017 17454.09767707045
31.30000000000017 17454.09767707045
31.40000000000018 17454.09767707045
31.50000000000018 17454.09767707045
31.60000000000018 17454.09767707045
31.70000000000018 17454.09767707045
31.80000000000018 17454.09767707045
31.90000000000018 17454.09767707045
32.00000000000018 17454.09767707045
32.10000000000019 17454.09767707045
32.20000000000019 17454.09767707045
32.30000000000019 17454.09767707045
32.40000000000019 17454.09767707045
32.50000000000019 17454.09767707045
32.60000000000019 17454.09767707045
32.70000000000019 17454.09767707045
32.8000000000002 17454.09767707045
32.9000000000002 17454.09767707045
33.0000000000002 17454.09767707045
33.1000000000002 17454.09767707045
33.2000000000002 17454.09767707045
33.3000000000002 17454.09767707045
33.4000000000002 17454.09767707045
33.50000000000021 17454.09767707045
33.60000000000021 17454.09767707045
33.70000000000021 17454.09767707045
33.80000000000021 17454.09767707045
33.90000000000021 17454.09767707045
34.00000000000021 17454.09767707045
34.10000000000021 17454.09767707045
34.20000000000022 17454.09767707045
34.30000000000022 17454.09767707045
34.40000000000022 17454.09767707045
34.50000000000022 17454.09767707045
34.60000000000022 17454.09767707045
34.70000000000022 17454.09767707045
34.80000000000022 17454.09767707045
34.90000000000023 17454.09767707045
35.00000000000023 17454.09767707045
35.10000000000023 17454.09767707045
35.20000000000023 17454.09767707045
35.30000000000023 17454.09767707045
35.40000000000023 17454.09767707045
35.50000000000023 17454.09767707045
35.60000000000024 17454.09767707045
35.70000000000024 17454.09767707045
35.80000000000024 17454.09767707045
35.90000000000024 17454.09767707045
36.00000000000024 17454.09767707045
36.10000000000024 17454.09767707045
36.20000000000024 17454.09767707045
36.30000000000025 17454.09767707045
36.40000000000025 17454.09767707045
36.50000000000025 17454.09767707045
36.60000000000025 17454.09767707045
36.70000000000025 17454.09767707045
36.80000000000025 17454.09767707045
36.90000000000025 17454.09767707045
37.00000000000026 17454.09767707045
37.10000000000026 17454.09767707045
37.20000000000026 17454.09767707045
37.30000000000026 17454.09767707045
37.40000000000026 17454.09767707045
37.50000000000026 17454.09767707045
37.60000000000026 17454.09767707045
37.70000000000027 17454.09767707045
37.80000000000027 17454.09767707045
37.90000000000027 17454.09767707045
38.00000000000027 17454.09767707045
38.10000000000027 17454.09767707045
38.20000000000027 17454.09767707045
38.30000000000027 17454.09767707045
38.40000000000028 17454.09767707045
38.50000000000028 17454.09767707045
38.60000000000028 17454.09767707045
38.70000000000028 17454.09767707045
38.80000000000028 17454.09767707045
38.90000000000028 17454.09767707045
39.00000000000028 17454.09767707045
39.10000000000029 17454.09767707045
39.20000000000029 17454.09767707045
39.30000000000029 17454.09767707045
39.40000000000029 17454.09767707045
39.50000000000029 17454.09767707045
39.60000000000029 17454.09767707045
39.70000000000029 17454.09767707045
39.8000000000003 17454.09767707045
39.9000000000003 17454.09767707045
40.0000000000003 17454.09767707045
40.1000000000003 17454.09767707045
40.2000000000003 17454.09767707045
40.3000000000003 17454.09767707045
40.4000000000003 17454.09767707045
40.50000000000031 17454.09767707045
40.60000000000031 17454.09767707045
40.70000000000031 17454.09767707045
40.80000000000031 17454.09767707045
40.90000000000031 17454.09767707045
41.00000000000031 17454.09767707045
41.10000000000031 17454.09767707045
41.20000000000032 17454.09767707045
41.30000000000032 17454.09767707045
41.40000000000032 17454.09767707045
41.50000000000032 17454.09767707045
41.60000000000032 17454.09767707045
41.70000000000032 17454.09767707045
41.80000000000032 17454.09767707045
41.90000000000033 17454.09767707045
42.00000000000033 17454.09767707045
42.10000000000033 17454.09767707045
42.20000000000033 17454.09767707045
42.30000000000033 17454.09767707045
42.40000000000033 17454.09767707045
42.50000000000033 17454.09767707045
42.60000000000034 17454.09767707045
42.70000000000034 17454.09767707045
42.80000000000034 17454.09767707045
42.90000000000034 17454.09767707045
43.00000000000034 17454.09767707045
43.10000000000034 17454.09767707045
43.20000000000034 17454.09767707045
43.30000000000035 17454.09767707045
43.40000000000035 17454.09767707045
43.50000000000035 17454.09767707045
43.60000000000035 17454.09767707045
43.70000000000035 17454.09767707045
43.80000000000035 17454.09767707045
43.90000000000035 17454.09767707045
44.00000000000036 17454.09767707045
44.10000000000036 17454.09767707045
44.20000000000036 17454.09767707045
44.30000000000036 17454.09767707045
44.40000000000036 17454.09767707045
44.50000000000036 17454.09767707045
44.60000000000036 17454.09767707045
44.70000000000037 17454.09767707045
44.80000000000037 17454.09767707045
44.90000000000037 17454.09767707045
45.00000000000037 17454.09767707045
45.10000000000037 17454.09767707045
45.20000000000037 17454.09767707045
45.30000000000037 17454.09767707045
45.40000000000038 17454.09767707045
45.50000000000038 17454.09767707045
45.60000000000038 17454.09767707045
45.70000000000038 17454.09767707045
45.80000000000038 17454.09767707045
45.90000000000038 17454.09767707045
46.00000000000038 17454.09767707045
46.10000000000039 17454.09767707045
46.20000000000039 17454.09767707045
46.30000000000039 17454.09767707045
46.40000000000039 17454.09767707045
46.50000000000039 17454.09767707045
46.60000000000039 17454.09767707045
46.70000000000039 17454.09767707045
46.8000000000004 17454.09767707045
46.9000000000004 17454.09767707045
47.0000000000004 17454.09767707045
47.1000000000004 17454.09767707045
47.2000000000004 17454.09767707045
47.3000000000004 17454.09767707045
47.4000000000004 17454.09767707045
47.50000000000041 17454.09767707045
47.60000000000041 17454.09767707045
47.70000000000041 17454.09767707045
47.80000000000041 17454.09767707045
47.90000000000041 17454.09767707045
48.00000000000041 17454.09767707045
48.10000000000041 17454.09767707045
48.20000000000041 17454.09767707045
48.30000000000042 17454.09767707045
48.40000000000042 17454.09767707045
48.50000000000042 17454.09767707045
48.60000000000042 17454.09767707045
48.70000000000042 17454.09767707045
48.80000000000042 17454.09767707045
48.90000000000042 17454.09767707045
49.00000000000043 17454.09767707045
49.10000000000043 17454.09767707045
49.20000000000043 17454.09767707045
49.30000000000043 17454.09767707045
49.40000000000043 17454.09767707045
49.50000000000043 17454.09767707045
49.60000000000043 17454.09767707045
49.70000000000044 17454.09767707045
49.80000000000044 17454.09767707045
49.90000000000044 17454.09767707045