Time X1
0 250
0.1 -456.6710648920708
0.2 -456.6710569779644
0.3 -456.6710565620371
0.4 -456.6710565429261
0.5 -456.6710565428718
0.6 -456.6710565428176
0.7 -456.6710565427634
0.7999999999999999 -456.6710565427092
0.8999999999999999 -456.6710565426549
0.9999999999999999 -456.6710565426008
1.1 -456.6710565425465
1.2 -456.6710565424923
1.3 -456.6710565424381
1.4 -456.6710565423838
1.5 -456.6710565423296
1.6 -456.6710565422754
1.7 -456.6710565422212
1.8 -456.6710565421669
1.900000000000001 -456.6710565421616
2 -456.6710565421615
2.100000000000001 -456.6710565421613
2.200000000000001 -456.6710565421612
2.300000000000001 -456.671056542161
2.400000000000001 -456.6710565421608
2.500000000000001 -456.6710565421607
2.600000000000001 -456.6710565421606
2.700000000000001 -456.6710565421604
2.800000000000001 -456.6710565421602
2.900000000000001 -456.6710565421601
3.000000000000001 -456.6710565421599
3.100000000000001 -456.6710565421598
3.200000000000002 -456.6710565421596
3.300000000000002 -456.6710565421596
3.400000000000002 -456.6710565421596
3.500000000000002 -456.6710565421596
3.600000000000002 -456.6710565421596
3.700000000000002 -456.6710565421596
3.800000000000002 -456.6710565421596
3.900000000000002 -456.6710565421596
4.000000000000002 -456.6710565421596
4.100000000000001 -456.6710565421596
4.200000000000001 -456.6710565421596
4.300000000000001 -456.6710565421596
4.4 -456.6710565421596
4.5 -456.6710565421596
4.6 -456.6710565421596
4.699999999999999 -456.6710565421596
4.799999999999999 -456.6710565421596
4.899999999999999 -456.6710565421596
4.999999999999998 -456.6710565421596
5.099999999999998 -456.6710565421596
5.199999999999998 -456.6710565421596
5.299999999999997 -456.6710565421596
5.399999999999997 -456.6710565421596
5.499999999999996 -456.6710565421596
5.599999999999996 -456.6710565421596
5.699999999999996 -456.6710565421596
5.799999999999995 -456.6710565421596
5.899999999999995 -456.6710565421596
5.999999999999995 -456.6710565421596
6.099999999999994 -456.6710565421596
6.199999999999994 -456.6710565421596
6.299999999999994 -456.6710565421596
6.399999999999993 -456.6710565421596
6.499999999999993 -456.6710565421596
6.599999999999993 -456.6710565421596
6.699999999999992 -456.6710565421596
6.799999999999992 -456.6710565421596
6.899999999999991 -456.6710565421596
6.999999999999991 -456.6710565421596
7.099999999999991 -456.6710565421596
7.19999999999999 -456.6710565421596
7.29999999999999 -456.6710565421596
7.39999999999999 -456.6710565421596
7.499999999999989 -456.6710565421596
7.599999999999989 -456.6710565421596
7.699999999999989 -456.6710565421596
7.799999999999988 -456.6710565421596
7.899999999999988 -456.6710565421596
7.999999999999988 -456.6710565421596
8.099999999999987 -456.6710565421596
8.199999999999987 -456.6710565421596
8.299999999999986 -456.6710565421596
8.399999999999986 -456.6710565421596
8.499999999999986 -456.6710565421596
8.599999999999985 -456.6710565421596
8.699999999999985 -456.6710565421596
8.799999999999985 -456.6710565421596
8.899999999999984 -456.6710565421596
8.999999999999984 -456.6710565421596
9.099999999999984 -456.6710565421596
9.199999999999983 -456.6710565421596
9.299999999999983 -456.6710565421596
9.399999999999983 -456.6710565421596
9.499999999999982 -456.6710565421596
9.599999999999982 -456.6710565421596
9.699999999999982 -456.6710565421596
9.799999999999981 -456.6710565421595
9.899999999999981 -456.6710565421595
9.99999999999998 -456.6710565421595
10.09999999999998 -456.6710565421595
10.19999999999998 -456.6710565421595
10.29999999999998 -456.6710565421595
10.39999999999998 -456.6710565421595
10.49999999999998 -456.6710565421595
10.59999999999998 -456.6710565421595
10.69999999999998 -456.6710565421595
10.79999999999998 -456.6710565421595
10.89999999999998 -456.6710565421595
10.99999999999998 -456.6710565421595
11.09999999999998 -456.6710565421595
11.19999999999998 -456.6710565421595
11.29999999999998 -456.6710565421595
11.39999999999998 -456.6710565421595
11.49999999999998 -456.6710565421595
11.59999999999997 -456.6710565421595
11.69999999999997 -456.6710565421595
11.79999999999997 -456.6710565421595
11.89999999999997 -456.6710565421595
11.99999999999997 -456.6710565421595
12.09999999999997 -456.6710565421595
12.19999999999997 -456.6710565421595
12.29999999999997 -456.6710565421595
12.39999999999997 -456.6710565421595
12.49999999999997 -456.6710565421595
12.59999999999997 -456.6710565421595
12.69999999999997 -456.6710565421595
12.79999999999997 -456.6710565421595
12.89999999999997 -456.6710565421595
12.99999999999997 -456.6710565421595
13.09999999999997 -456.6710565421595
13.19999999999997 -456.6710565421595
13.29999999999997 -456.6710565421595
13.39999999999997 -456.6710565421595
13.49999999999997 -456.6710565421595
13.59999999999997 -456.6710565421595
13.69999999999997 -456.6710565421595
13.79999999999997 -456.6710565421595
13.89999999999997 -456.6710565421595
13.99999999999997 -456.6710565421595
14.09999999999997 -456.6710565421595
14.19999999999997 -456.6710565421595
14.29999999999997 -456.6710565421595
14.39999999999996 -456.6710565421595
14.49999999999996 -456.6710565421595
14.59999999999996 -456.6710565421595
14.69999999999996 -456.6710565421595
14.79999999999996 -456.6710565421595
14.89999999999996 -456.6710565421595
14.99999999999996 -456.6710565421595
15.09999999999996 -456.6710565421595
15.19999999999996 -456.6710565421595
15.29999999999996 -456.6710565421595
15.39999999999996 -456.6710565421595
15.49999999999996 -456.6710565421595
15.59999999999996 -456.6710565421595
15.69999999999996 -456.6710565421595
15.79999999999996 -456.6710565421595
15.89999999999996 -456.6710565421595
15.99999999999996 -456.6710565421595
16.09999999999996 -456.6710565421595
16.19999999999996 -456.6710565421595
16.29999999999996 -456.6710565421595
16.39999999999996 -456.6710565421595
16.49999999999996 -456.6710565421595
16.59999999999997 -456.6710565421595
16.69999999999997 -456.6710565421595
16.79999999999997 -456.6710565421595
16.89999999999997 -456.6710565421595
16.99999999999997 -456.6710565421595
17.09999999999997 -456.6710565421595
17.19999999999997 -456.6710565421595
17.29999999999998 -456.6710565421595
17.39999999999998 -456.6710565421595
17.49999999999998 -456.6710565421595
17.59999999999998 -456.6710565421595
17.69999999999998 -456.6710565421595
17.79999999999998 -456.6710565421595
17.89999999999998 -456.6710565421595
17.99999999999999 -456.6710565421595
18.09999999999999 -456.6710565421595
18.19999999999999 -456.6710565421595
18.29999999999999 -456.6710565421595
18.39999999999999 -456.6710565421595
18.49999999999999 -456.6710565421595
18.59999999999999 -456.6710565421595
18.7 -456.6710565421595
18.8 -456.6710565421595
18.9 -456.6710565421595
19 -456.6710565421595
19.1 -456.6710565421595
19.2 -456.6710565421595
19.3 -456.6710565421595
19.40000000000001 -456.6710565421595
19.50000000000001 -456.6710565421595
19.60000000000001 -456.6710565421595
19.70000000000001 -456.6710565421596
19.80000000000001 -456.6710565421596
19.90000000000001 -456.6710565421596
20.00000000000001 -456.6710565421596
20.10000000000002 -456.6710565421596
20.20000000000002 -456.6710565421596
20.30000000000002 -456.6710565421596
20.40000000000002 -456.6710565421596
20.50000000000002 -456.6710565421596
20.60000000000002 -456.6710565421596
20.70000000000002 -456.6710565421596
20.80000000000003 -456.6710565421596
20.90000000000003 -456.6710565421596
21.00000000000003 -456.6710565421596
21.10000000000003 -456.6710565421596
21.20000000000003 -456.6710565421596
21.30000000000003 -456.6710565421596
21.40000000000003 -456.6710565421596
21.50000000000004 -456.6710565421596
21.60000000000004 -456.6710565421596
21.70000000000004 -456.6710565421596
21.80000000000004 -456.6710565421596
21.90000000000004 -456.6710565421596
22.00000000000004 -456.6710565421596
22.10000000000004 -456.6710565421596
22.20000000000005 -456.6710565421596
22.30000000000005 -456.6710565421596
22.40000000000005 -456.6710565421596
22.50000000000005 -456.6710565421596
22.60000000000005 -456.6710565421596
22.70000000000005 -456.6710565421596
22.80000000000005 -456.6710565421596
22.90000000000006 -456.6710565421596
23.00000000000006 -456.6710565421596
23.10000000000006 -456.6710565421596
23.20000000000006 -456.6710565421596
23.30000000000006 -456.6710565421596
23.40000000000006 -456.6710565421596
23.50000000000006 -456.6710565421596
23.60000000000007 -456.6710565421596
23.70000000000007 -456.6710565421596
23.80000000000007 -456.6710565421596
23.90000000000007 -456.6710565421596
24.00000000000007 -456.6710565421596
24.10000000000007 -456.6710565421596
24.20000000000007 -456.6710565421596
24.30000000000008 -456.6710565421596
24.40000000000008 -456.6710565421596
24.50000000000008 -456.6710565421596
24.60000000000008 -456.6710565421596
24.70000000000008 -456.6710565421596
24.80000000000008 -456.6710565421596
24.90000000000008 -456.6710565421596
25.00000000000009 -456.6710565421596
25.10000000000009 -456.6710565421596
25.20000000000009 -456.6710565421596
25.30000000000009 -456.6710565421596
25.40000000000009 -456.6710565421596
25.50000000000009 -456.6710565421596
25.60000000000009 -456.6710565421596
25.7000000000001 -456.6710565421596
25.8000000000001 -456.6710565421596
25.9000000000001 -456.6710565421596
26.0000000000001 -456.6710565421596
26.1000000000001 -456.6710565421596
26.2000000000001 -456.6710565421596
26.3000000000001 -456.6710565421596
26.40000000000011 -456.6710565421596
26.50000000000011 -456.6710565421596
26.60000000000011 -456.6710565421596
26.70000000000011 -456.6710565421596
26.80000000000011 -456.6710565421596
26.90000000000011 -456.6710565421596
27.00000000000011 -456.6710565421596
27.10000000000012 -456.6710565421596
27.20000000000012 -456.6710565421596
27.30000000000012 -456.6710565421596
27.40000000000012 -456.6710565421596
27.50000000000012 -456.6710565421596
27.60000000000012 -456.6710565421596
27.70000000000012 -456.6710565421596
27.80000000000013 -456.6710565421596
27.90000000000013 -456.6710565421596
28.00000000000013 -456.6710565421596
28.10000000000013 -456.6710565421596
28.20000000000013 -456.6710565421596
28.30000000000013 -456.6710565421596
28.40000000000013 -456.6710565421596
28.50000000000014 -456.6710565421596
28.60000000000014 -456.6710565421596
28.70000000000014 -456.6710565421596
28.80000000000014 -456.6710565421596
28.90000000000014 -456.6710565421596
29.00000000000014 -456.6710565421596
29.10000000000014 -456.6710565421596
29.20000000000014 -456.6710565421596
29.30000000000015 -456.6710565421596
29.40000000000015 -456.6710565421596
29.50000000000015 -456.6710565421596
29.60000000000015 -456.6710565421596
29.70000000000015 -456.6710565421596
29.80000000000015 -456.6710565421596
29.90000000000015 -456.6710565421596
30.00000000000016 -456.6710565421596
30.10000000000016 -456.6710565421596
30.20000000000016 -456.6710565421596
30.30000000000016 -456.6710565421596
30.40000000000016 -456.6710565421596
30.50000000000016 -456.6710565421596
30.60000000000016 -456.6710565421596
30.70000000000017 -456.6710565421596
30.80000000000017 -456.6710565421596
30.90000000000017 -456.6710565421596
31.00000000000017 -456.6710565421596
31.10000000000017 -456.6710565421596
31.20000000000017 -456.6710565421596
31.30000000000017 -456.6710565421596
31.40000000000018 -456.6710565421596
31.50000000000018 -456.6710565421596
31.60000000000018 -456.6710565421596
31.70000000000018 -456.6710565421596
31.80000000000018 -456.6710565421596
31.90000000000018 -456.6710565421596
32.00000000000018 -456.6710565421596
32.10000000000019 -456.6710565421596
32.20000000000019 -456.6710565421596
32.30000000000019 -456.6710565421596
32.40000000000019 -456.6710565421596
32.50000000000019 -456.6710565421596
32.60000000000019 -456.6710565421596
32.70000000000019 -456.6710565421596
32.8000000000002 -456.6710565421596
32.9000000000002 -456.6710565421596
33.0000000000002 -456.6710565421596
33.1000000000002 -456.6710565421596
33.2000000000002 -456.6710565421596
33.3000000000002 -456.6710565421596
33.4000000000002 -456.6710565421596
33.50000000000021 -456.6710565421596
33.60000000000021 -456.6710565421596
33.70000000000021 -456.6710565421596
33.80000000000021 -456.6710565421596
33.90000000000021 -456.6710565421596
34.00000000000021 -456.6710565421596
34.10000000000021 -456.6710565421596
34.20000000000022 -456.6710565421596
34.30000000000022 -456.6710565421596
34.40000000000022 -456.6710565421596
34.50000000000022 -456.6710565421596
34.60000000000022 -456.6710565421596
34.70000000000022 -456.6710565421596
34.80000000000022 -456.6710565421596
34.90000000000023 -456.6710565421596
35.00000000000023 -456.6710565421596
35.10000000000023 -456.6710565421596
35.20000000000023 -456.6710565421596
35.30000000000023 -456.6710565421596
35.40000000000023 -456.6710565421596
35.50000000000023 -456.6710565421596
35.60000000000024 -456.6710565421596
35.70000000000024 -456.6710565421596
35.80000000000024 -456.6710565421596
35.90000000000024 -456.6710565421596
36.00000000000024 -456.6710565421596
36.10000000000024 -456.6710565421596
36.20000000000024 -456.6710565421596
36.30000000000025 -456.6710565421596
36.40000000000025 -456.6710565421596
36.50000000000025 -456.6710565421596
36.60000000000025 -456.6710565421596
36.70000000000025 -456.6710565421596
36.80000000000025 -456.6710565421596
36.90000000000025 -456.6710565421596
37.00000000000026 -456.6710565421596
37.10000000000026 -456.6710565421596
37.20000000000026 -456.6710565421596
37.30000000000026 -456.6710565421596
37.40000000000026 -456.6710565421596
37.50000000000026 -456.6710565421596
37.60000000000026 -456.6710565421596
37.70000000000027 -456.6710565421596
37.80000000000027 -456.6710565421596
37.90000000000027 -456.6710565421596
38.00000000000027 -456.6710565421596
38.10000000000027 -456.6710565421596
38.20000000000027 -456.6710565421596
38.30000000000027 -456.6710565421596
38.40000000000028 -456.6710565421596
38.50000000000028 -456.6710565421596
38.60000000000028 -456.6710565421596
38.70000000000028 -456.6710565421596
38.80000000000028 -456.6710565421596
38.90000000000028 -456.6710565421596
39.00000000000028 -456.6710565421596
39.10000000000029 -456.6710565421596
39.20000000000029 -456.6710565421596
39.30000000000029 -456.6710565421596
39.40000000000029 -456.6710565421596
39.50000000000029 -456.6710565421596
39.60000000000029 -456.6710565421596
39.70000000000029 -456.6710565421596
39.8000000000003 -456.6710565421596
39.9000000000003 -456.6710565421596
40.0000000000003 -456.6710565421596
40.1000000000003 -456.6710565421596
40.2000000000003 -456.6710565421596
40.3000000000003 -456.6710565421596
40.4000000000003 -456.6710565421596
40.50000000000031 -456.6710565421596
40.60000000000031 -456.6710565421596
40.70000000000031 -456.6710565421596
40.80000000000031 -456.6710565421596
40.90000000000031 -456.6710565421596
41.00000000000031 -456.6710565421596
41.10000000000031 -456.6710565421596
41.20000000000032 -456.6710565421596
41.30000000000032 -456.6710565421596
41.40000000000032 -456.6710565421596
41.50000000000032 -456.6710565421596
41.60000000000032 -456.6710565421596
41.70000000000032 -456.6710565421596
41.80000000000032 -456.6710565421596
41.90000000000033 -456.6710565421596
42.00000000000033 -456.6710565421596
42.10000000000033 -456.6710565421596
42.20000000000033 -456.6710565421596
42.30000000000033 -456.6710565421596
42.40000000000033 -456.6710565421596
42.50000000000033 -456.6710565421596
42.60000000000034 -456.6710565421596
42.70000000000034 -456.6710565421596
42.80000000000034 -456.6710565421596
42.90000000000034 -456.6710565421596
43.00000000000034 -456.6710565421596
43.10000000000034 -456.6710565421596
43.20000000000034 -456.6710565421596
43.30000000000035 -456.6710565421596
43.40000000000035 -456.6710565421596
43.50000000000035 -456.6710565421596
43.60000000000035 -456.6710565421596
43.70000000000035 -456.6710565421596
43.80000000000035 -456.6710565421596
43.90000000000035 -456.6710565421596
44.00000000000036 -456.6710565421596
44.10000000000036 -456.6710565421596
44.20000000000036 -456.6710565421596
44.30000000000036 -456.6710565421596
44.40000000000036 -456.6710565421596
44.50000000000036 -456.6710565421596
44.60000000000036 -456.6710565421596
44.70000000000037 -456.6710565421596
44.80000000000037 -456.6710565421596
44.90000000000037 -456.6710565421596
45.00000000000037 -456.6710565421596
45.10000000000037 -456.6710565421596
45.20000000000037 -456.6710565421596
45.30000000000037 -456.6710565421596
45.40000000000038 -456.6710565421596
45.50000000000038 -456.6710565421596
45.60000000000038 -456.6710565421596
45.70000000000038 -456.6710565421596
45.80000000000038 -456.6710565421596
45.90000000000038 -456.6710565421596
46.00000000000038 -456.6710565421596
46.10000000000039 -456.6710565421596
46.20000000000039 -456.6710565421596
46.30000000000039 -456.6710565421596
46.40000000000039 -456.6710565421596
46.50000000000039 -456.6710565421596
46.60000000000039 -456.6710565421596
46.70000000000039 -456.6710565421596
46.8000000000004 -456.6710565421596
46.9000000000004 -456.6710565421596
47.0000000000004 -456.6710565421596
47.1000000000004 -456.6710565421596
47.2000000000004 -456.6710565421596
47.3000000000004 -456.6710565421596
47.4000000000004 -456.6710565421596
47.50000000000041 -456.6710565421596
47.60000000000041 -456.6710565421596
47.70000000000041 -456.6710565421596
47.80000000000041 -456.6710565421596
47.90000000000041 -456.6710565421596
48.00000000000041 -456.6710565421596
48.10000000000041 -456.6710565421596
48.20000000000041 -456.6710565421596
48.30000000000042 -456.6710565421596
48.40000000000042 -456.6710565421596
48.50000000000042 -456.6710565421596
48.60000000000042 -456.6710565421596
48.70000000000042 -456.6710565421596
48.80000000000042 -456.6710565421596
48.90000000000042 -456.6710565421596
49.00000000000043 -456.6710565421596
49.10000000000043 -456.6710565421596
49.20000000000043 -456.6710565421596
49.30000000000043 -456.6710565421596
49.40000000000043 -456.6710565421596
49.50000000000043 -456.6710565421596
49.60000000000043 -456.6710565421596
49.70000000000044 -456.6710565421596
49.80000000000044 -456.6710565421596
49.90000000000044 -456.6710565421596