Time X1
0 250
0.1 702.6592604304782
0.2 702.6592604304776
0.3 702.6592604304776
0.4 702.6592604304776
0.5 702.6592604304776
0.6 702.6592604304776
0.7 702.6592604304776
0.7999999999999999 702.6592604304775
0.8999999999999999 702.6592604304775
0.9999999999999999 702.6592604304775
1.1 702.6592604304775
1.2 702.6592604304775
1.3 702.6592604304775
1.4 702.6592604304775
1.5 702.6592604304775
1.6 702.6592604304775
1.7 702.6592604304775
1.8 702.6592604304775
1.900000000000001 702.6592604304775
2 702.6592604304775
2.100000000000001 702.6592604304775
2.200000000000001 702.6592604304775
2.300000000000001 702.6592604304775
2.400000000000001 702.6592604304775
2.500000000000001 702.6592604304775
2.600000000000001 702.6592604304775
2.700000000000001 702.6592604304775
2.800000000000001 702.6592604304775
2.900000000000001 702.6592604304775
3.000000000000001 702.6592604304775
3.100000000000001 702.6592604304775
3.200000000000002 702.6592604304775
3.300000000000002 702.6592604304775
3.400000000000002 702.6592604304776
3.500000000000002 702.6592604304776
3.600000000000002 702.6592604304776
3.700000000000002 702.6592604304776
3.800000000000002 702.6592604304776
3.900000000000002 702.6592604304776
4.000000000000002 702.6592604304776
4.100000000000001 702.6592604304776
4.200000000000001 702.6592604304776
4.300000000000001 702.6592604304776
4.4 702.6592604304776
4.5 702.6592604304776
4.6 702.6592604304776
4.699999999999999 702.6592604304776
4.799999999999999 702.6592604304776
4.899999999999999 702.6592604304776
4.999999999999998 702.6592604304776
5.099999999999998 702.6592604304776
5.199999999999998 702.6592604304776
5.299999999999997 702.6592604304776
5.399999999999997 702.6592604304776
5.499999999999996 702.6592604304776
5.599999999999996 702.6592604304776
5.699999999999996 702.6592604304776
5.799999999999995 702.6592604304776
5.899999999999995 702.6592604304776
5.999999999999995 702.6592604304776
6.099999999999994 702.6592604304776
6.199999999999994 702.6592604304776
6.299999999999994 702.6592604304776
6.399999999999993 702.6592604304776
6.499999999999993 702.6592604304776
6.599999999999993 702.6592604304776
6.699999999999992 702.6592604304776
6.799999999999992 702.6592604304776
6.899999999999991 702.6592604304776
6.999999999999991 702.6592604304776
7.099999999999991 702.6592604304776
7.19999999999999 702.6592604304776
7.29999999999999 702.6592604304776
7.39999999999999 702.6592604304776
7.499999999999989 702.6592604304776
7.599999999999989 702.6592604304776
7.699999999999989 702.6592604304776
7.799999999999988 702.6592604304776
7.899999999999988 702.6592604304776
7.999999999999988 702.6592604304776
8.099999999999987 702.6592604304776
8.199999999999987 702.6592604304776
8.299999999999986 702.6592604304776
8.399999999999986 702.6592604304776
8.499999999999986 702.6592604304776
8.599999999999985 702.6592604304776
8.699999999999985 702.6592604304776
8.799999999999985 702.6592604304776
8.899999999999984 702.6592604304776
8.999999999999984 702.6592604304776
9.099999999999984 702.6592604304776
9.199999999999983 702.6592604304776
9.299999999999983 702.6592604304776
9.399999999999983 702.6592604304776
9.499999999999982 702.6592604304776
9.599999999999982 702.6592604304776
9.699999999999982 702.6592604304776
9.799999999999981 702.6592604304776
9.899999999999981 702.6592604304776
9.99999999999998 702.6592604304776
10.09999999999998 702.6592604304776
10.19999999999998 702.6592604304776
10.29999999999998 702.6592604304776
10.39999999999998 702.6592604304776
10.49999999999998 702.6592604304776
10.59999999999998 702.6592604304776
10.69999999999998 702.6592604304776
10.79999999999998 702.6592604304776
10.89999999999998 702.6592604304776
10.99999999999998 702.6592604304776
11.09999999999998 702.6592604304776
11.19999999999998 702.6592604304776
11.29999999999998 702.6592604304776
11.39999999999998 702.6592604304776
11.49999999999998 702.6592604304776
11.59999999999997 702.6592604304776
11.69999999999997 702.6592604304776
11.79999999999997 702.6592604304776
11.89999999999997 702.6592604304776
11.99999999999997 702.6592604304776
12.09999999999997 702.6592604304776
12.19999999999997 702.6592604304776
12.29999999999997 702.6592604304776
12.39999999999997 702.6592604304776
12.49999999999997 702.6592604304776
12.59999999999997 702.6592604304776
12.69999999999997 702.6592604304776
12.79999999999997 702.6592604304776
12.89999999999997 702.6592604304776
12.99999999999997 702.6592604304776
13.09999999999997 702.6592604304776
13.19999999999997 702.6592604304776
13.29999999999997 702.6592604304776
13.39999999999997 702.6592604304776
13.49999999999997 702.6592604304776
13.59999999999997 702.6592604304776
13.69999999999997 702.6592604304776
13.79999999999997 702.6592604304776
13.89999999999997 702.6592604304776
13.99999999999997 702.6592604304776
14.09999999999997 702.6592604304776
14.19999999999997 702.6592604304776
14.29999999999997 702.6592604304776
14.39999999999996 702.6592604304776
14.49999999999996 702.6592604304776
14.59999999999996 702.6592604304776
14.69999999999996 702.6592604304776
14.79999999999996 702.6592604304776
14.89999999999996 702.6592604304776
14.99999999999996 702.6592604304776
15.09999999999996 702.6592604304776
15.19999999999996 702.6592604304776
15.29999999999996 702.6592604304776
15.39999999999996 702.6592604304776
15.49999999999996 702.6592604304776
15.59999999999996 702.6592604304776
15.69999999999996 702.6592604304776
15.79999999999996 702.6592604304776
15.89999999999996 702.6592604304776
15.99999999999996 702.6592604304776
16.09999999999996 702.6592604304776
16.19999999999996 702.6592604304776
16.29999999999996 702.6592604304776
16.39999999999996 702.6592604304776
16.49999999999996 702.6592604304776
16.59999999999997 702.6592604304776
16.69999999999997 702.6592604304776
16.79999999999997 702.6592604304776
16.89999999999997 702.6592604304776
16.99999999999997 702.6592604304776
17.09999999999997 702.6592604304776
17.19999999999997 702.6592604304776
17.29999999999998 702.6592604304776
17.39999999999998 702.6592604304776
17.49999999999998 702.6592604304776
17.59999999999998 702.6592604304776
17.69999999999998 702.6592604304776
17.79999999999998 702.6592604304776
17.89999999999998 702.6592604304776
17.99999999999999 702.6592604304776
18.09999999999999 702.6592604304776
18.19999999999999 702.6592604304776
18.29999999999999 702.6592604304776
18.39999999999999 702.6592604304776
18.49999999999999 702.6592604304776
18.59999999999999 702.6592604304776
18.7 702.6592604304776
18.8 702.6592604304776
18.9 702.6592604304776
19 702.6592604304776
19.1 702.6592604304776
19.2 702.6592604304776
19.3 702.6592604304776
19.40000000000001 702.6592604304776
19.50000000000001 702.6592604304776
19.60000000000001 702.6592604304776
19.70000000000001 702.6592604304776
19.80000000000001 702.6592604304776
19.90000000000001 702.6592604304776
20.00000000000001 702.6592604304776
20.10000000000002 702.6592604304776
20.20000000000002 702.6592604304776
20.30000000000002 702.6592604304776
20.40000000000002 702.6592604304776
20.50000000000002 702.6592604304776
20.60000000000002 702.6592604304776
20.70000000000002 702.6592604304776
20.80000000000003 702.6592604304776
20.90000000000003 702.6592604304776
21.00000000000003 702.6592604304776
21.10000000000003 702.6592604304776
21.20000000000003 702.6592604304776
21.30000000000003 702.6592604304776
21.40000000000003 702.6592604304776
21.50000000000004 702.6592604304776
21.60000000000004 702.6592604304776
21.70000000000004 702.6592604304776
21.80000000000004 702.6592604304776
21.90000000000004 702.6592604304776
22.00000000000004 702.6592604304776
22.10000000000004 702.6592604304776
22.20000000000005 702.6592604304776
22.30000000000005 702.6592604304776
22.40000000000005 702.6592604304776
22.50000000000005 702.6592604304776
22.60000000000005 702.6592604304776
22.70000000000005 702.6592604304776
22.80000000000005 702.6592604304776
22.90000000000006 702.6592604304776
23.00000000000006 702.6592604304776
23.10000000000006 702.6592604304776
23.20000000000006 702.6592604304776
23.30000000000006 702.6592604304776
23.40000000000006 702.6592604304776
23.50000000000006 702.6592604304776
23.60000000000007 702.6592604304776
23.70000000000007 702.6592604304776
23.80000000000007 702.6592604304776
23.90000000000007 702.6592604304776
24.00000000000007 702.6592604304776
24.10000000000007 702.6592604304776
24.20000000000007 702.6592604304776
24.30000000000008 702.6592604304776
24.40000000000008 702.6592604304776
24.50000000000008 702.6592604304776
24.60000000000008 702.6592604304776
24.70000000000008 702.6592604304776
24.80000000000008 702.6592604304776
24.90000000000008 702.6592604304776
25.00000000000009 702.6592604304776
25.10000000000009 702.6592604304776
25.20000000000009 702.6592604304776
25.30000000000009 702.6592604304776
25.40000000000009 702.6592604304776
25.50000000000009 702.6592604304776
25.60000000000009 702.6592604304776
25.7000000000001 702.6592604304776
25.8000000000001 702.6592604304776
25.9000000000001 702.6592604304776
26.0000000000001 702.6592604304776
26.1000000000001 702.6592604304776
26.2000000000001 702.6592604304776
26.3000000000001 702.6592604304776
26.40000000000011 702.6592604304776
26.50000000000011 702.6592604304776
26.60000000000011 702.6592604304776
26.70000000000011 702.6592604304776
26.80000000000011 702.6592604304776
26.90000000000011 702.6592604304776
27.00000000000011 702.6592604304776
27.10000000000012 702.6592604304776
27.20000000000012 702.6592604304776
27.30000000000012 702.6592604304776
27.40000000000012 702.6592604304776
27.50000000000012 702.6592604304776
27.60000000000012 702.6592604304776
27.70000000000012 702.6592604304776
27.80000000000013 702.6592604304776
27.90000000000013 702.6592604304776
28.00000000000013 702.6592604304776
28.10000000000013 702.6592604304776
28.20000000000013 702.6592604304776
28.30000000000013 702.6592604304776
28.40000000000013 702.6592604304776
28.50000000000014 702.6592604304776
28.60000000000014 702.6592604304776
28.70000000000014 702.6592604304776
28.80000000000014 702.6592604304776
28.90000000000014 702.6592604304776
29.00000000000014 702.6592604304776
29.10000000000014 702.6592604304776
29.20000000000014 702.6592604304776
29.30000000000015 702.6592604304776
29.40000000000015 702.6592604304776
29.50000000000015 702.6592604304776
29.60000000000015 702.6592604304776
29.70000000000015 702.6592604304776
29.80000000000015 702.6592604304776
29.90000000000015 702.6592604304776
30.00000000000016 702.6592604304776
30.10000000000016 702.6592604304776
30.20000000000016 702.6592604304776
30.30000000000016 702.6592604304776
30.40000000000016 702.6592604304776
30.50000000000016 702.6592604304776
30.60000000000016 702.6592604304776
30.70000000000017 702.6592604304776
30.80000000000017 702.6592604304776
30.90000000000017 702.6592604304776
31.00000000000017 702.6592604304776
31.10000000000017 702.6592604304776
31.20000000000017 702.6592604304776
31.30000000000017 702.6592604304776
31.40000000000018 702.6592604304776
31.50000000000018 702.6592604304776
31.60000000000018 702.6592604304776
31.70000000000018 702.6592604304776
31.80000000000018 702.6592604304776
31.90000000000018 702.6592604304776
32.00000000000018 702.6592604304776
32.10000000000019 702.6592604304776
32.20000000000019 702.6592604304776
32.30000000000019 702.6592604304776
32.40000000000019 702.6592604304776
32.50000000000019 702.6592604304776
32.60000000000019 702.6592604304776
32.70000000000019 702.6592604304776
32.8000000000002 702.6592604304776
32.9000000000002 702.6592604304776
33.0000000000002 702.6592604304776
33.1000000000002 702.6592604304776
33.2000000000002 702.6592604304776
33.3000000000002 702.6592604304776
33.4000000000002 702.6592604304776
33.50000000000021 702.6592604304776
33.60000000000021 702.6592604304776
33.70000000000021 702.6592604304776
33.80000000000021 702.6592604304776
33.90000000000021 702.6592604304776
34.00000000000021 702.6592604304776
34.10000000000021 702.6592604304776
34.20000000000022 702.6592604304776
34.30000000000022 702.6592604304776
34.40000000000022 702.6592604304776
34.50000000000022 702.6592604304776
34.60000000000022 702.6592604304776
34.70000000000022 702.6592604304776
34.80000000000022 702.6592604304776
34.90000000000023 702.6592604304776
35.00000000000023 702.6592604304776
35.10000000000023 702.6592604304776
35.20000000000023 702.6592604304776
35.30000000000023 702.6592604304776
35.40000000000023 702.6592604304776
35.50000000000023 702.6592604304776
35.60000000000024 702.6592604304776
35.70000000000024 702.6592604304776
35.80000000000024 702.6592604304776
35.90000000000024 702.6592604304776
36.00000000000024 702.6592604304776
36.10000000000024 702.6592604304776
36.20000000000024 702.6592604304776
36.30000000000025 702.6592604304776
36.40000000000025 702.6592604304776
36.50000000000025 702.6592604304776
36.60000000000025 702.6592604304776
36.70000000000025 702.6592604304776
36.80000000000025 702.6592604304776
36.90000000000025 702.6592604304776
37.00000000000026 702.6592604304776
37.10000000000026 702.6592604304776
37.20000000000026 702.6592604304776
37.30000000000026 702.6592604304776
37.40000000000026 702.6592604304776
37.50000000000026 702.6592604304776
37.60000000000026 702.6592604304776
37.70000000000027 702.6592604304776
37.80000000000027 702.6592604304776
37.90000000000027 702.6592604304776
38.00000000000027 702.6592604304776
38.10000000000027 702.6592604304776
38.20000000000027 702.6592604304776
38.30000000000027 702.6592604304776
38.40000000000028 702.6592604304776
38.50000000000028 702.6592604304776
38.60000000000028 702.6592604304776
38.70000000000028 702.6592604304776
38.80000000000028 702.6592604304776
38.90000000000028 702.6592604304776
39.00000000000028 702.6592604304776
39.10000000000029 702.6592604304776
39.20000000000029 702.6592604304776
39.30000000000029 702.6592604304776
39.40000000000029 702.6592604304776
39.50000000000029 702.6592604304776
39.60000000000029 702.6592604304776
39.70000000000029 702.6592604304776
39.8000000000003 702.6592604304776
39.9000000000003 702.6592604304776
40.0000000000003 702.6592604304776
40.1000000000003 702.6592604304776
40.2000000000003 702.6592604304776
40.3000000000003 702.6592604304776
40.4000000000003 702.6592604304776
40.50000000000031 702.6592604304776
40.60000000000031 702.6592604304776
40.70000000000031 702.6592604304776
40.80000000000031 702.6592604304776
40.90000000000031 702.6592604304776
41.00000000000031 702.6592604304776
41.10000000000031 702.6592604304776
41.20000000000032 702.6592604304776
41.30000000000032 702.6592604304776
41.40000000000032 702.6592604304776
41.50000000000032 702.6592604304776
41.60000000000032 702.6592604304776
41.70000000000032 702.6592604304776
41.80000000000032 702.6592604304776
41.90000000000033 702.6592604304776
42.00000000000033 702.6592604304776
42.10000000000033 702.6592604304776
42.20000000000033 702.6592604304776
42.30000000000033 702.6592604304776
42.40000000000033 702.6592604304776
42.50000000000033 702.6592604304776
42.60000000000034 702.6592604304776
42.70000000000034 702.6592604304776
42.80000000000034 702.6592604304776
42.90000000000034 702.6592604304776
43.00000000000034 702.6592604304776
43.10000000000034 702.6592604304776
43.20000000000034 702.6592604304776
43.30000000000035 702.6592604304776
43.40000000000035 702.6592604304776
43.50000000000035 702.6592604304776
43.60000000000035 702.6592604304776
43.70000000000035 702.6592604304776
43.80000000000035 702.6592604304776
43.90000000000035 702.6592604304776
44.00000000000036 702.6592604304776
44.10000000000036 702.6592604304776
44.20000000000036 702.6592604304776
44.30000000000036 702.6592604304776
44.40000000000036 702.6592604304776
44.50000000000036 702.6592604304776
44.60000000000036 702.6592604304776
44.70000000000037 702.6592604304776
44.80000000000037 702.6592604304776
44.90000000000037 702.6592604304776
45.00000000000037 702.6592604304776
45.10000000000037 702.6592604304776
45.20000000000037 702.6592604304776
45.30000000000037 702.6592604304776
45.40000000000038 702.6592604304776
45.50000000000038 702.6592604304776
45.60000000000038 702.6592604304776
45.70000000000038 702.6592604304776
45.80000000000038 702.6592604304776
45.90000000000038 702.6592604304776
46.00000000000038 702.6592604304776
46.10000000000039 702.6592604304776
46.20000000000039 702.6592604304776
46.30000000000039 702.6592604304776
46.40000000000039 702.6592604304776
46.50000000000039 702.6592604304776
46.60000000000039 702.6592604304776
46.70000000000039 702.6592604304776
46.8000000000004 702.6592604304776
46.9000000000004 702.6592604304776
47.0000000000004 702.6592604304776
47.1000000000004 702.6592604304776
47.2000000000004 702.6592604304776
47.3000000000004 702.6592604304776
47.4000000000004 702.6592604304776
47.50000000000041 702.6592604304776
47.60000000000041 702.6592604304776
47.70000000000041 702.6592604304776
47.80000000000041 702.6592604304776
47.90000000000041 702.6592604304776
48.00000000000041 702.6592604304776
48.10000000000041 702.6592604304776
48.20000000000041 702.6592604304776
48.30000000000042 702.6592604304776
48.40000000000042 702.6592604304776
48.50000000000042 702.6592604304776
48.60000000000042 702.6592604304776
48.70000000000042 702.6592604304776
48.80000000000042 702.6592604304776
48.90000000000042 702.6592604304776
49.00000000000043 702.6592604304776
49.10000000000043 702.6592604304776
49.20000000000043 702.6592604304776
49.30000000000043 702.6592604304776
49.40000000000043 702.6592604304776
49.50000000000043 702.6592604304776
49.60000000000043 702.6592604304776
49.70000000000044 702.6592604304776
49.80000000000044 702.6592604304776
49.90000000000044 702.6592604304776