Time X1
0 250
0.1 117.535132662549
0.2 117.5351326628757
0.3 117.5351326629631
0.4 117.5351326629642
0.5 117.5351326629642
0.6 117.5351326629642
0.7 117.5351326629642
0.7999999999999999 117.5351326629642
0.8999999999999999 117.5351326629642
0.9999999999999999 117.5351326629642
1.1 117.5351326629642
1.2 117.5351326629642
1.3 117.5351326629642
1.4 117.5351326629642
1.5 117.5351326629642
1.6 117.5351326629642
1.7 117.5351326629642
1.8 117.5351326629642
1.900000000000001 117.5351326629642
2 117.5351326629642
2.100000000000001 117.5351326629642
2.200000000000001 117.5351326629642
2.300000000000001 117.5351326629642
2.400000000000001 117.5351326629642
2.500000000000001 117.5351326629642
2.600000000000001 117.5351326629642
2.700000000000001 117.5351326629643
2.800000000000001 117.5351326629643
2.900000000000001 117.5351326629643
3.000000000000001 117.5351326629643
3.100000000000001 117.5351326629643
3.200000000000002 117.5351326629643
3.300000000000002 117.5351326629643
3.400000000000002 117.5351326629643
3.500000000000002 117.5351326629643
3.600000000000002 117.5351326629643
3.700000000000002 117.5351326629643
3.800000000000002 117.5351326629643
3.900000000000002 117.5351326629643
4.000000000000002 117.5351326629643
4.100000000000001 117.5351326629643
4.200000000000001 117.5351326629643
4.300000000000001 117.5351326629643
4.4 117.5351326629643
4.5 117.5351326629643
4.6 117.5351326629643
4.699999999999999 117.5351326629643
4.799999999999999 117.5351326629643
4.899999999999999 117.5351326629643
4.999999999999998 117.5351326629643
5.099999999999998 117.5351326629643
5.199999999999998 117.5351326629643
5.299999999999997 117.5351326629643
5.399999999999997 117.5351326629643
5.499999999999996 117.5351326629643
5.599999999999996 117.5351326629643
5.699999999999996 117.5351326629643
5.799999999999995 117.5351326629643
5.899999999999995 117.5351326629643
5.999999999999995 117.5351326629643
6.099999999999994 117.5351326629643
6.199999999999994 117.5351326629643
6.299999999999994 117.5351326629643
6.399999999999993 117.5351326629643
6.499999999999993 117.5351326629643
6.599999999999993 117.5351326629643
6.699999999999992 117.5351326629643
6.799999999999992 117.5351326629643
6.899999999999991 117.5351326629643
6.999999999999991 117.5351326629643
7.099999999999991 117.5351326629643
7.19999999999999 117.5351326629643
7.29999999999999 117.5351326629643
7.39999999999999 117.5351326629643
7.499999999999989 117.5351326629643
7.599999999999989 117.5351326629643
7.699999999999989 117.5351326629643
7.799999999999988 117.5351326629643
7.899999999999988 117.5351326629643
7.999999999999988 117.5351326629643
8.099999999999987 117.5351326629643
8.199999999999987 117.5351326629643
8.299999999999986 117.5351326629643
8.399999999999986 117.5351326629643
8.499999999999986 117.5351326629643
8.599999999999985 117.5351326629643
8.699999999999985 117.5351326629643
8.799999999999985 117.5351326629643
8.899999999999984 117.5351326629643
8.999999999999984 117.5351326629643
9.099999999999984 117.5351326629643
9.199999999999983 117.5351326629643
9.299999999999983 117.5351326629643
9.399999999999983 117.5351326629643
9.499999999999982 117.5351326629643
9.599999999999982 117.5351326629643
9.699999999999982 117.5351326629643
9.799999999999981 117.5351326629643
9.899999999999981 117.5351326629643
9.99999999999998 117.5351326629643
10.09999999999998 117.5351326629643
10.19999999999998 117.5351326629643
10.29999999999998 117.5351326629643
10.39999999999998 117.5351326629643
10.49999999999998 117.5351326629643
10.59999999999998 117.5351326629643
10.69999999999998 117.5351326629643
10.79999999999998 117.5351326629643
10.89999999999998 117.5351326629643
10.99999999999998 117.5351326629643
11.09999999999998 117.5351326629643
11.19999999999998 117.5351326629643
11.29999999999998 117.5351326629643
11.39999999999998 117.5351326629643
11.49999999999998 117.5351326629643
11.59999999999997 117.5351326629643
11.69999999999997 117.5351326629643
11.79999999999997 117.5351326629643
11.89999999999997 117.5351326629643
11.99999999999997 117.5351326629643
12.09999999999997 117.5351326629643
12.19999999999997 117.5351326629643
12.29999999999997 117.5351326629643
12.39999999999997 117.5351326629643
12.49999999999997 117.5351326629643
12.59999999999997 117.5351326629643
12.69999999999997 117.5351326629643
12.79999999999997 117.5351326629643
12.89999999999997 117.5351326629643
12.99999999999997 117.5351326629643
13.09999999999997 117.5351326629643
13.19999999999997 117.5351326629643
13.29999999999997 117.5351326629643
13.39999999999997 117.5351326629643
13.49999999999997 117.5351326629643
13.59999999999997 117.5351326629643
13.69999999999997 117.5351326629643
13.79999999999997 117.5351326629643
13.89999999999997 117.5351326629643
13.99999999999997 117.5351326629643
14.09999999999997 117.5351326629643
14.19999999999997 117.5351326629643
14.29999999999997 117.5351326629643
14.39999999999996 117.5351326629643
14.49999999999996 117.5351326629643
14.59999999999996 117.5351326629643
14.69999999999996 117.5351326629643
14.79999999999996 117.5351326629643
14.89999999999996 117.5351326629643
14.99999999999996 117.5351326629643
15.09999999999996 117.5351326629643
15.19999999999996 117.5351326629643
15.29999999999996 117.5351326629643
15.39999999999996 117.5351326629643
15.49999999999996 117.5351326629643
15.59999999999996 117.5351326629643
15.69999999999996 117.5351326629643
15.79999999999996 117.5351326629643
15.89999999999996 117.5351326629643
15.99999999999996 117.5351326629643
16.09999999999996 117.5351326629643
16.19999999999996 117.5351326629643
16.29999999999996 117.5351326629643
16.39999999999996 117.5351326629643
16.49999999999996 117.5351326629643
16.59999999999997 117.5351326629643
16.69999999999997 117.5351326629643
16.79999999999997 117.5351326629643
16.89999999999997 117.5351326629643
16.99999999999997 117.5351326629643
17.09999999999997 117.5351326629643
17.19999999999997 117.5351326629643
17.29999999999998 117.5351326629643
17.39999999999998 117.5351326629643
17.49999999999998 117.5351326629643
17.59999999999998 117.5351326629643
17.69999999999998 117.5351326629643
17.79999999999998 117.5351326629643
17.89999999999998 117.5351326629643
17.99999999999999 117.5351326629643
18.09999999999999 117.5351326629643
18.19999999999999 117.5351326629643
18.29999999999999 117.5351326629643
18.39999999999999 117.5351326629643
18.49999999999999 117.5351326629643
18.59999999999999 117.5351326629643
18.7 117.5351326629643
18.8 117.5351326629643
18.9 117.5351326629643
19 117.5351326629643
19.1 117.5351326629643
19.2 117.5351326629643
19.3 117.5351326629643
19.40000000000001 117.5351326629643
19.50000000000001 117.5351326629643
19.60000000000001 117.5351326629643
19.70000000000001 117.5351326629643
19.80000000000001 117.5351326629643
19.90000000000001 117.5351326629643
20.00000000000001 117.5351326629643
20.10000000000002 117.5351326629643
20.20000000000002 117.5351326629643
20.30000000000002 117.5351326629643
20.40000000000002 117.5351326629643
20.50000000000002 117.5351326629643
20.60000000000002 117.5351326629643
20.70000000000002 117.5351326629643
20.80000000000003 117.5351326629643
20.90000000000003 117.5351326629643
21.00000000000003 117.5351326629643
21.10000000000003 117.5351326629643
21.20000000000003 117.5351326629643
21.30000000000003 117.5351326629643
21.40000000000003 117.5351326629643
21.50000000000004 117.5351326629643
21.60000000000004 117.5351326629643
21.70000000000004 117.5351326629643
21.80000000000004 117.5351326629643
21.90000000000004 117.5351326629643
22.00000000000004 117.5351326629643
22.10000000000004 117.5351326629643
22.20000000000005 117.5351326629643
22.30000000000005 117.5351326629643
22.40000000000005 117.5351326629643
22.50000000000005 117.5351326629643
22.60000000000005 117.5351326629643
22.70000000000005 117.5351326629643
22.80000000000005 117.5351326629643
22.90000000000006 117.5351326629643
23.00000000000006 117.5351326629643
23.10000000000006 117.5351326629643
23.20000000000006 117.5351326629643
23.30000000000006 117.5351326629643
23.40000000000006 117.5351326629643
23.50000000000006 117.5351326629643
23.60000000000007 117.5351326629643
23.70000000000007 117.5351326629643
23.80000000000007 117.5351326629643
23.90000000000007 117.5351326629643
24.00000000000007 117.5351326629643
24.10000000000007 117.5351326629643
24.20000000000007 117.5351326629643
24.30000000000008 117.5351326629643
24.40000000000008 117.5351326629643
24.50000000000008 117.5351326629643
24.60000000000008 117.5351326629643
24.70000000000008 117.5351326629643
24.80000000000008 117.5351326629643
24.90000000000008 117.5351326629643
25.00000000000009 117.5351326629643
25.10000000000009 117.5351326629643
25.20000000000009 117.5351326629643
25.30000000000009 117.5351326629643
25.40000000000009 117.5351326629643
25.50000000000009 117.5351326629643
25.60000000000009 117.5351326629643
25.7000000000001 117.5351326629643
25.8000000000001 117.5351326629643
25.9000000000001 117.5351326629643
26.0000000000001 117.5351326629643
26.1000000000001 117.5351326629643
26.2000000000001 117.5351326629643
26.3000000000001 117.5351326629643
26.40000000000011 117.5351326629643
26.50000000000011 117.5351326629643
26.60000000000011 117.5351326629643
26.70000000000011 117.5351326629643
26.80000000000011 117.5351326629643
26.90000000000011 117.5351326629643
27.00000000000011 117.5351326629643
27.10000000000012 117.5351326629643
27.20000000000012 117.5351326629643
27.30000000000012 117.5351326629643
27.40000000000012 117.5351326629643
27.50000000000012 117.5351326629643
27.60000000000012 117.5351326629643
27.70000000000012 117.5351326629643
27.80000000000013 117.5351326629643
27.90000000000013 117.5351326629643
28.00000000000013 117.5351326629643
28.10000000000013 117.5351326629643
28.20000000000013 117.5351326629643
28.30000000000013 117.5351326629643
28.40000000000013 117.5351326629643
28.50000000000014 117.5351326629643
28.60000000000014 117.5351326629643
28.70000000000014 117.5351326629643
28.80000000000014 117.5351326629643
28.90000000000014 117.5351326629643
29.00000000000014 117.5351326629643
29.10000000000014 117.5351326629643
29.20000000000014 117.5351326629643
29.30000000000015 117.5351326629643
29.40000000000015 117.5351326629643
29.50000000000015 117.5351326629643
29.60000000000015 117.5351326629643
29.70000000000015 117.5351326629643
29.80000000000015 117.5351326629643
29.90000000000015 117.5351326629643
30.00000000000016 117.5351326629643
30.10000000000016 117.5351326629643
30.20000000000016 117.5351326629643
30.30000000000016 117.5351326629643
30.40000000000016 117.5351326629643
30.50000000000016 117.5351326629643
30.60000000000016 117.5351326629643
30.70000000000017 117.5351326629643
30.80000000000017 117.5351326629643
30.90000000000017 117.5351326629643
31.00000000000017 117.5351326629643
31.10000000000017 117.5351326629643
31.20000000000017 117.5351326629643
31.30000000000017 117.5351326629643
31.40000000000018 117.5351326629643
31.50000000000018 117.5351326629643
31.60000000000018 117.5351326629643
31.70000000000018 117.5351326629643
31.80000000000018 117.5351326629643
31.90000000000018 117.5351326629643
32.00000000000018 117.5351326629643
32.10000000000019 117.5351326629643
32.20000000000019 117.5351326629643
32.30000000000019 117.5351326629643
32.40000000000019 117.5351326629643
32.50000000000019 117.5351326629643
32.60000000000019 117.5351326629643
32.70000000000019 117.5351326629643
32.8000000000002 117.5351326629643
32.9000000000002 117.5351326629643
33.0000000000002 117.5351326629643
33.1000000000002 117.5351326629643
33.2000000000002 117.5351326629643
33.3000000000002 117.5351326629643
33.4000000000002 117.5351326629643
33.50000000000021 117.5351326629643
33.60000000000021 117.5351326629643
33.70000000000021 117.5351326629643
33.80000000000021 117.5351326629643
33.90000000000021 117.5351326629643
34.00000000000021 117.5351326629643
34.10000000000021 117.5351326629643
34.20000000000022 117.5351326629643
34.30000000000022 117.5351326629643
34.40000000000022 117.5351326629643
34.50000000000022 117.5351326629643
34.60000000000022 117.5351326629643
34.70000000000022 117.5351326629643
34.80000000000022 117.5351326629643
34.90000000000023 117.5351326629643
35.00000000000023 117.5351326629643
35.10000000000023 117.5351326629643
35.20000000000023 117.5351326629643
35.30000000000023 117.5351326629643
35.40000000000023 117.5351326629643
35.50000000000023 117.5351326629643
35.60000000000024 117.5351326629643
35.70000000000024 117.5351326629643
35.80000000000024 117.5351326629643
35.90000000000024 117.5351326629643
36.00000000000024 117.5351326629643
36.10000000000024 117.5351326629643
36.20000000000024 117.5351326629643
36.30000000000025 117.5351326629643
36.40000000000025 117.5351326629643
36.50000000000025 117.5351326629643
36.60000000000025 117.5351326629643
36.70000000000025 117.5351326629643
36.80000000000025 117.5351326629643
36.90000000000025 117.5351326629643
37.00000000000026 117.5351326629643
37.10000000000026 117.5351326629643
37.20000000000026 117.5351326629643
37.30000000000026 117.5351326629643
37.40000000000026 117.5351326629643
37.50000000000026 117.5351326629643
37.60000000000026 117.5351326629643
37.70000000000027 117.5351326629643
37.80000000000027 117.5351326629643
37.90000000000027 117.5351326629643
38.00000000000027 117.5351326629643
38.10000000000027 117.5351326629643
38.20000000000027 117.5351326629643
38.30000000000027 117.5351326629643
38.40000000000028 117.5351326629643
38.50000000000028 117.5351326629643
38.60000000000028 117.5351326629643
38.70000000000028 117.5351326629643
38.80000000000028 117.5351326629643
38.90000000000028 117.5351326629643
39.00000000000028 117.5351326629643
39.10000000000029 117.5351326629643
39.20000000000029 117.5351326629642
39.30000000000029 117.5351326629642
39.40000000000029 117.5351326629642
39.50000000000029 117.5351326629642
39.60000000000029 117.5351326629642
39.70000000000029 117.5351326629642
39.8000000000003 117.5351326629642
39.9000000000003 117.5351326629642
40.0000000000003 117.5351326629642
40.1000000000003 117.5351326629642
40.2000000000003 117.5351326629642
40.3000000000003 117.5351326629642
40.4000000000003 117.5351326629642
40.50000000000031 117.5351326629642
40.60000000000031 117.5351326629642
40.70000000000031 117.5351326629642
40.80000000000031 117.5351326629642
40.90000000000031 117.5351326629642
41.00000000000031 117.5351326629642
41.10000000000031 117.5351326629642
41.20000000000032 117.5351326629642
41.30000000000032 117.5351326629642
41.40000000000032 117.5351326629642
41.50000000000032 117.5351326629642
41.60000000000032 117.5351326629642
41.70000000000032 117.5351326629642
41.80000000000032 117.5351326629642
41.90000000000033 117.5351326629642
42.00000000000033 117.5351326629642
42.10000000000033 117.5351326629642
42.20000000000033 117.5351326629642
42.30000000000033 117.5351326629642
42.40000000000033 117.5351326629642
42.50000000000033 117.5351326629642
42.60000000000034 117.5351326629642
42.70000000000034 117.5351326629642
42.80000000000034 117.5351326629642
42.90000000000034 117.5351326629642
43.00000000000034 117.5351326629642
43.10000000000034 117.5351326629642
43.20000000000034 117.5351326629642
43.30000000000035 117.5351326629642
43.40000000000035 117.5351326629642
43.50000000000035 117.5351326629642
43.60000000000035 117.5351326629642
43.70000000000035 117.5351326629642
43.80000000000035 117.5351326629642
43.90000000000035 117.5351326629642
44.00000000000036 117.5351326629642
44.10000000000036 117.5351326629642
44.20000000000036 117.5351326629642
44.30000000000036 117.5351326629642
44.40000000000036 117.5351326629642
44.50000000000036 117.5351326629642
44.60000000000036 117.5351326629642
44.70000000000037 117.5351326629642
44.80000000000037 117.5351326629642
44.90000000000037 117.5351326629642
45.00000000000037 117.5351326629642
45.10000000000037 117.5351326629642
45.20000000000037 117.5351326629642
45.30000000000037 117.5351326629642
45.40000000000038 117.5351326629642
45.50000000000038 117.5351326629642
45.60000000000038 117.5351326629642
45.70000000000038 117.5351326629642
45.80000000000038 117.5351326629642
45.90000000000038 117.5351326629642
46.00000000000038 117.5351326629642
46.10000000000039 117.5351326629642
46.20000000000039 117.5351326629642
46.30000000000039 117.5351326629642
46.40000000000039 117.5351326629642
46.50000000000039 117.5351326629642
46.60000000000039 117.5351326629642
46.70000000000039 117.5351326629642
46.8000000000004 117.5351326629642
46.9000000000004 117.5351326629642
47.0000000000004 117.5351326629642
47.1000000000004 117.5351326629642
47.2000000000004 117.5351326629642
47.3000000000004 117.5351326629642
47.4000000000004 117.5351326629642
47.50000000000041 117.5351326629642
47.60000000000041 117.5351326629642
47.70000000000041 117.5351326629642
47.80000000000041 117.5351326629642
47.90000000000041 117.5351326629642
48.00000000000041 117.5351326629642
48.10000000000041 117.5351326629642
48.20000000000041 117.5351326629642
48.30000000000042 117.5351326629642
48.40000000000042 117.5351326629642
48.50000000000042 117.5351326629642
48.60000000000042 117.5351326629642
48.70000000000042 117.5351326629642
48.80000000000042 117.5351326629642
48.90000000000042 117.5351326629642
49.00000000000043 117.5351326629642
49.10000000000043 117.5351326629642
49.20000000000043 117.5351326629642
49.30000000000043 117.5351326629642
49.40000000000043 117.5351326629642
49.50000000000043 117.5351326629642
49.60000000000043 117.5351326629642
49.70000000000044 117.5351326629642
49.80000000000044 117.5351326629642
49.90000000000044 117.5351326629642