Time X1
0 250
0.1 279.7879862188944
0.2 279.7879862182993
0.3 279.7879862182967
0.4 279.7879862182967
0.5 279.7879862182967
0.6 279.7879862182967
0.7 279.7879862182967
0.7999999999999999 279.7879862182967
0.8999999999999999 279.7879862182967
0.9999999999999999 279.7879862182967
1.1 279.7879862182966
1.2 279.7879862182966
1.3 279.7879862182966
1.4 279.7879862182966
1.5 279.7879862182966
1.6 279.7879862182966
1.7 279.7879862182966
1.8 279.7879862182966
1.900000000000001 279.7879862182966
2 279.7879862182966
2.100000000000001 279.7879862182966
2.200000000000001 279.7879862182966
2.300000000000001 279.7879862182966
2.400000000000001 279.7879862182966
2.500000000000001 279.7879862182966
2.600000000000001 279.7879862182966
2.700000000000001 279.7879862182966
2.800000000000001 279.7879862182966
2.900000000000001 279.7879862182966
3.000000000000001 279.7879862182966
3.100000000000001 279.7879862182966
3.200000000000002 279.7879862182966
3.300000000000002 279.7879862182966
3.400000000000002 279.7879862182966
3.500000000000002 279.7879862182966
3.600000000000002 279.7879862182966
3.700000000000002 279.7879862182966
3.800000000000002 279.7879862182966
3.900000000000002 279.7879862182966
4.000000000000002 279.7879862182966
4.100000000000001 279.7879862182966
4.200000000000001 279.7879862182966
4.300000000000001 279.7879862182966
4.4 279.7879862182966
4.5 279.7879862182966
4.6 279.7879862182966
4.699999999999999 279.7879862182966
4.799999999999999 279.7879862182966
4.899999999999999 279.7879862182966
4.999999999999998 279.7879862182966
5.099999999999998 279.7879862182966
5.199999999999998 279.7879862182966
5.299999999999997 279.7879862182966
5.399999999999997 279.7879862182966
5.499999999999996 279.7879862182966
5.599999999999996 279.7879862182966
5.699999999999996 279.7879862182966
5.799999999999995 279.7879862182966
5.899999999999995 279.7879862182966
5.999999999999995 279.7879862182966
6.099999999999994 279.7879862182966
6.199999999999994 279.7879862182966
6.299999999999994 279.7879862182966
6.399999999999993 279.7879862182966
6.499999999999993 279.7879862182966
6.599999999999993 279.7879862182966
6.699999999999992 279.7879862182966
6.799999999999992 279.7879862182966
6.899999999999991 279.7879862182966
6.999999999999991 279.7879862182966
7.099999999999991 279.7879862182966
7.19999999999999 279.7879862182966
7.29999999999999 279.7879862182966
7.39999999999999 279.7879862182966
7.499999999999989 279.7879862182966
7.599999999999989 279.7879862182966
7.699999999999989 279.7879862182966
7.799999999999988 279.7879862182966
7.899999999999988 279.7879862182966
7.999999999999988 279.7879862182966
8.099999999999987 279.7879862182967
8.199999999999987 279.7879862182967
8.299999999999986 279.7879862182967
8.399999999999986 279.7879862182967
8.499999999999986 279.7879862182967
8.599999999999985 279.7879862182967
8.699999999999985 279.7879862182967
8.799999999999985 279.7879862182967
8.899999999999984 279.7879862182967
8.999999999999984 279.7879862182967
9.099999999999984 279.7879862182967
9.199999999999983 279.7879862182967
9.299999999999983 279.7879862182967
9.399999999999983 279.7879862182967
9.499999999999982 279.7879862182967
9.599999999999982 279.7879862182967
9.699999999999982 279.7879862182967
9.799999999999981 279.7879862182967
9.899999999999981 279.7879862182967
9.99999999999998 279.7879862182967
10.09999999999998 279.7879862182967
10.19999999999998 279.7879862182967
10.29999999999998 279.7879862182967
10.39999999999998 279.7879862182967
10.49999999999998 279.7879862182967
10.59999999999998 279.7879862182967
10.69999999999998 279.7879862182967
10.79999999999998 279.7879862182967
10.89999999999998 279.7879862182967
10.99999999999998 279.7879862182967
11.09999999999998 279.7879862182967
11.19999999999998 279.7879862182967
11.29999999999998 279.7879862182967
11.39999999999998 279.7879862182967
11.49999999999998 279.7879862182967
11.59999999999997 279.7879862182967
11.69999999999997 279.7879862182967
11.79999999999997 279.7879862182967
11.89999999999997 279.7879862182967
11.99999999999997 279.7879862182967
12.09999999999997 279.7879862182967
12.19999999999997 279.7879862182967
12.29999999999997 279.7879862182967
12.39999999999997 279.7879862182967
12.49999999999997 279.7879862182967
12.59999999999997 279.7879862182967
12.69999999999997 279.7879862182967
12.79999999999997 279.7879862182967
12.89999999999997 279.7879862182967
12.99999999999997 279.7879862182967
13.09999999999997 279.7879862182967
13.19999999999997 279.7879862182967
13.29999999999997 279.7879862182967
13.39999999999997 279.7879862182967
13.49999999999997 279.7879862182967
13.59999999999997 279.7879862182967
13.69999999999997 279.7879862182967
13.79999999999997 279.7879862182967
13.89999999999997 279.7879862182967
13.99999999999997 279.7879862182967
14.09999999999997 279.7879862182967
14.19999999999997 279.7879862182967
14.29999999999997 279.7879862182967
14.39999999999996 279.7879862182967
14.49999999999996 279.7879862182967
14.59999999999996 279.7879862182967
14.69999999999996 279.7879862182967
14.79999999999996 279.7879862182967
14.89999999999996 279.7879862182967
14.99999999999996 279.7879862182967
15.09999999999996 279.7879862182967
15.19999999999996 279.7879862182967
15.29999999999996 279.7879862182967
15.39999999999996 279.7879862182966
15.49999999999996 279.7879862182966
15.59999999999996 279.7879862182966
15.69999999999996 279.7879862182966
15.79999999999996 279.7879862182966
15.89999999999996 279.7879862182966
15.99999999999996 279.7879862182966
16.09999999999996 279.7879862182966
16.19999999999996 279.7879862182966
16.29999999999996 279.7879862182966
16.39999999999996 279.7879862182966
16.49999999999996 279.7879862182966
16.59999999999997 279.7879862182966
16.69999999999997 279.7879862182966
16.79999999999997 279.7879862182966
16.89999999999997 279.7879862182966
16.99999999999997 279.7879862182966
17.09999999999997 279.7879862182966
17.19999999999997 279.7879862182966
17.29999999999998 279.7879862182966
17.39999999999998 279.7879862182966
17.49999999999998 279.7879862182966
17.59999999999998 279.7879862182966
17.69999999999998 279.7879862182966
17.79999999999998 279.7879862182966
17.89999999999998 279.7879862182966
17.99999999999999 279.7879862182966
18.09999999999999 279.7879862182966
18.19999999999999 279.7879862182966
18.29999999999999 279.7879862182966
18.39999999999999 279.7879862182966
18.49999999999999 279.7879862182966
18.59999999999999 279.7879862182966
18.7 279.7879862182966
18.8 279.7879862182966
18.9 279.7879862182966
19 279.7879862182966
19.1 279.7879862182966
19.2 279.7879862182966
19.3 279.7879862182966
19.40000000000001 279.7879862182966
19.50000000000001 279.7879862182966
19.60000000000001 279.7879862182966
19.70000000000001 279.7879862182966
19.80000000000001 279.7879862182966
19.90000000000001 279.7879862182966
20.00000000000001 279.7879862182966
20.10000000000002 279.7879862182966
20.20000000000002 279.7879862182966
20.30000000000002 279.7879862182966
20.40000000000002 279.7879862182966
20.50000000000002 279.7879862182966
20.60000000000002 279.7879862182966
20.70000000000002 279.7879862182966
20.80000000000003 279.7879862182966
20.90000000000003 279.7879862182966
21.00000000000003 279.7879862182966
21.10000000000003 279.7879862182966
21.20000000000003 279.7879862182966
21.30000000000003 279.7879862182966
21.40000000000003 279.7879862182966
21.50000000000004 279.7879862182966
21.60000000000004 279.7879862182966
21.70000000000004 279.7879862182966
21.80000000000004 279.7879862182966
21.90000000000004 279.7879862182966
22.00000000000004 279.7879862182966
22.10000000000004 279.7879862182966
22.20000000000005 279.7879862182966
22.30000000000005 279.7879862182966
22.40000000000005 279.7879862182966
22.50000000000005 279.7879862182966
22.60000000000005 279.7879862182966
22.70000000000005 279.7879862182966
22.80000000000005 279.7879862182966
22.90000000000006 279.7879862182966
23.00000000000006 279.7879862182966
23.10000000000006 279.7879862182966
23.20000000000006 279.7879862182966
23.30000000000006 279.7879862182966
23.40000000000006 279.7879862182966
23.50000000000006 279.7879862182966
23.60000000000007 279.7879862182966
23.70000000000007 279.7879862182966
23.80000000000007 279.7879862182966
23.90000000000007 279.7879862182966
24.00000000000007 279.7879862182966
24.10000000000007 279.7879862182966
24.20000000000007 279.7879862182966
24.30000000000008 279.7879862182966
24.40000000000008 279.7879862182966
24.50000000000008 279.7879862182966
24.60000000000008 279.7879862182966
24.70000000000008 279.7879862182966
24.80000000000008 279.7879862182966
24.90000000000008 279.7879862182966
25.00000000000009 279.7879862182966
25.10000000000009 279.7879862182966
25.20000000000009 279.7879862182966
25.30000000000009 279.7879862182966
25.40000000000009 279.7879862182966
25.50000000000009 279.7879862182966
25.60000000000009 279.7879862182966
25.7000000000001 279.7879862182966
25.8000000000001 279.7879862182966
25.9000000000001 279.7879862182966
26.0000000000001 279.7879862182966
26.1000000000001 279.7879862182966
26.2000000000001 279.7879862182966
26.3000000000001 279.7879862182966
26.40000000000011 279.7879862182966
26.50000000000011 279.7879862182966
26.60000000000011 279.7879862182966
26.70000000000011 279.7879862182966
26.80000000000011 279.7879862182966
26.90000000000011 279.7879862182966
27.00000000000011 279.7879862182966
27.10000000000012 279.7879862182966
27.20000000000012 279.7879862182966
27.30000000000012 279.7879862182966
27.40000000000012 279.7879862182966
27.50000000000012 279.7879862182966
27.60000000000012 279.7879862182966
27.70000000000012 279.7879862182966
27.80000000000013 279.7879862182966
27.90000000000013 279.7879862182966
28.00000000000013 279.7879862182966
28.10000000000013 279.7879862182966
28.20000000000013 279.7879862182966
28.30000000000013 279.7879862182966
28.40000000000013 279.7879862182966
28.50000000000014 279.7879862182966
28.60000000000014 279.7879862182966
28.70000000000014 279.7879862182966
28.80000000000014 279.7879862182966
28.90000000000014 279.7879862182966
29.00000000000014 279.7879862182966
29.10000000000014 279.7879862182966
29.20000000000014 279.7879862182966
29.30000000000015 279.7879862182966
29.40000000000015 279.7879862182966
29.50000000000015 279.7879862182966
29.60000000000015 279.7879862182966
29.70000000000015 279.7879862182966
29.80000000000015 279.7879862182966
29.90000000000015 279.7879862182966
30.00000000000016 279.7879862182966
30.10000000000016 279.7879862182966
30.20000000000016 279.7879862182966
30.30000000000016 279.7879862182966
30.40000000000016 279.7879862182966
30.50000000000016 279.7879862182966
30.60000000000016 279.7879862182966
30.70000000000017 279.7879862182966
30.80000000000017 279.7879862182966
30.90000000000017 279.7879862182966
31.00000000000017 279.7879862182966
31.10000000000017 279.7879862182966
31.20000000000017 279.7879862182966
31.30000000000017 279.7879862182966
31.40000000000018 279.7879862182966
31.50000000000018 279.7879862182966
31.60000000000018 279.7879862182966
31.70000000000018 279.7879862182966
31.80000000000018 279.7879862182966
31.90000000000018 279.7879862182966
32.00000000000018 279.7879862182966
32.10000000000019 279.7879862182966
32.20000000000019 279.7879862182966
32.30000000000019 279.7879862182966
32.40000000000019 279.7879862182966
32.50000000000019 279.7879862182966
32.60000000000019 279.7879862182966
32.70000000000019 279.7879862182966
32.8000000000002 279.7879862182966
32.9000000000002 279.7879862182966
33.0000000000002 279.7879862182966
33.1000000000002 279.7879862182966
33.2000000000002 279.7879862182966
33.3000000000002 279.7879862182966
33.4000000000002 279.7879862182966
33.50000000000021 279.7879862182966
33.60000000000021 279.7879862182966
33.70000000000021 279.7879862182966
33.80000000000021 279.7879862182966
33.90000000000021 279.7879862182966
34.00000000000021 279.7879862182966
34.10000000000021 279.7879862182966
34.20000000000022 279.7879862182966
34.30000000000022 279.7879862182966
34.40000000000022 279.7879862182966
34.50000000000022 279.7879862182966
34.60000000000022 279.7879862182966
34.70000000000022 279.7879862182966
34.80000000000022 279.7879862182966
34.90000000000023 279.7879862182966
35.00000000000023 279.7879862182966
35.10000000000023 279.7879862182966
35.20000000000023 279.7879862182966
35.30000000000023 279.7879862182966
35.40000000000023 279.7879862182966
35.50000000000023 279.7879862182966
35.60000000000024 279.7879862182966
35.70000000000024 279.7879862182966
35.80000000000024 279.7879862182966
35.90000000000024 279.7879862182966
36.00000000000024 279.7879862182966
36.10000000000024 279.7879862182966
36.20000000000024 279.7879862182966
36.30000000000025 279.7879862182966
36.40000000000025 279.7879862182966
36.50000000000025 279.7879862182966
36.60000000000025 279.7879862182966
36.70000000000025 279.7879862182966
36.80000000000025 279.7879862182966
36.90000000000025 279.7879862182966
37.00000000000026 279.7879862182966
37.10000000000026 279.7879862182966
37.20000000000026 279.7879862182966
37.30000000000026 279.7879862182966
37.40000000000026 279.7879862182966
37.50000000000026 279.7879862182966
37.60000000000026 279.7879862182966
37.70000000000027 279.7879862182966
37.80000000000027 279.7879862182966
37.90000000000027 279.7879862182966
38.00000000000027 279.7879862182966
38.10000000000027 279.7879862182966
38.20000000000027 279.7879862182966
38.30000000000027 279.7879862182966
38.40000000000028 279.7879862182966
38.50000000000028 279.7879862182966
38.60000000000028 279.7879862182966
38.70000000000028 279.7879862182966
38.80000000000028 279.7879862182966
38.90000000000028 279.7879862182966
39.00000000000028 279.7879862182966
39.10000000000029 279.7879862182966
39.20000000000029 279.7879862182966
39.30000000000029 279.7879862182966
39.40000000000029 279.7879862182966
39.50000000000029 279.7879862182966
39.60000000000029 279.7879862182966
39.70000000000029 279.7879862182966
39.8000000000003 279.7879862182966
39.9000000000003 279.7879862182966
40.0000000000003 279.7879862182966
40.1000000000003 279.7879862182966
40.2000000000003 279.7879862182966
40.3000000000003 279.7879862182966
40.4000000000003 279.7879862182966
40.50000000000031 279.7879862182966
40.60000000000031 279.7879862182966
40.70000000000031 279.7879862182966
40.80000000000031 279.7879862182966
40.90000000000031 279.7879862182966
41.00000000000031 279.7879862182966
41.10000000000031 279.7879862182966
41.20000000000032 279.7879862182966
41.30000000000032 279.7879862182966
41.40000000000032 279.7879862182966
41.50000000000032 279.7879862182966
41.60000000000032 279.7879862182966
41.70000000000032 279.7879862182966
41.80000000000032 279.7879862182966
41.90000000000033 279.7879862182966
42.00000000000033 279.7879862182966
42.10000000000033 279.7879862182966
42.20000000000033 279.7879862182966
42.30000000000033 279.7879862182966
42.40000000000033 279.7879862182966
42.50000000000033 279.7879862182966
42.60000000000034 279.7879862182966
42.70000000000034 279.7879862182966
42.80000000000034 279.7879862182966
42.90000000000034 279.7879862182966
43.00000000000034 279.7879862182966
43.10000000000034 279.7879862182966
43.20000000000034 279.7879862182966
43.30000000000035 279.7879862182966
43.40000000000035 279.7879862182966
43.50000000000035 279.7879862182966
43.60000000000035 279.7879862182966
43.70000000000035 279.7879862182966
43.80000000000035 279.7879862182966
43.90000000000035 279.7879862182966
44.00000000000036 279.7879862182966
44.10000000000036 279.7879862182966
44.20000000000036 279.7879862182966
44.30000000000036 279.7879862182966
44.40000000000036 279.7879862182966
44.50000000000036 279.7879862182966
44.60000000000036 279.7879862182966
44.70000000000037 279.7879862182966
44.80000000000037 279.7879862182966
44.90000000000037 279.7879862182966
45.00000000000037 279.7879862182966
45.10000000000037 279.7879862182966
45.20000000000037 279.7879862182966
45.30000000000037 279.7879862182966
45.40000000000038 279.7879862182966
45.50000000000038 279.7879862182966
45.60000000000038 279.7879862182966
45.70000000000038 279.7879862182966
45.80000000000038 279.7879862182966
45.90000000000038 279.7879862182966
46.00000000000038 279.7879862182966
46.10000000000039 279.7879862182966
46.20000000000039 279.7879862182966
46.30000000000039 279.7879862182966
46.40000000000039 279.7879862182966
46.50000000000039 279.7879862182966
46.60000000000039 279.7879862182966
46.70000000000039 279.7879862182966
46.8000000000004 279.7879862182966
46.9000000000004 279.7879862182966
47.0000000000004 279.7879862182966
47.1000000000004 279.7879862182966
47.2000000000004 279.7879862182966
47.3000000000004 279.7879862182966
47.4000000000004 279.7879862182966
47.50000000000041 279.7879862182966
47.60000000000041 279.7879862182966
47.70000000000041 279.7879862182966
47.80000000000041 279.7879862182966
47.90000000000041 279.7879862182966
48.00000000000041 279.7879862182966
48.10000000000041 279.7879862182966
48.20000000000041 279.7879862182966
48.30000000000042 279.7879862182966
48.40000000000042 279.7879862182966
48.50000000000042 279.7879862182966
48.60000000000042 279.7879862182966
48.70000000000042 279.7879862182966
48.80000000000042 279.7879862182966
48.90000000000042 279.7879862182966
49.00000000000043 279.7879862182966
49.10000000000043 279.7879862182966
49.20000000000043 279.7879862182966
49.30000000000043 279.7879862182966
49.40000000000043 279.7879862182966
49.50000000000043 279.7879862182966
49.60000000000043 279.7879862182966
49.70000000000044 279.7879862182966
49.80000000000044 279.7879862182966
49.90000000000044 279.7879862182966