Time X1
0 250
0.1 175.1377919077416
0.2 175.1377919079734
0.3 175.1377919079742
0.4 175.1377919079742
0.5 175.1377919079742
0.6 175.1377919079742
0.7 175.1377919079742
0.7999999999999999 175.1377919079742
0.8999999999999999 175.1377919079742
0.9999999999999999 175.1377919079742
1.1 175.1377919079742
1.2 175.1377919079742
1.3 175.1377919079742
1.4 175.1377919079742
1.5 175.1377919079742
1.6 175.1377919079742
1.7 175.1377919079742
1.8 175.1377919079742
1.900000000000001 175.1377919079742
2 175.1377919079742
2.100000000000001 175.1377919079742
2.200000000000001 175.1377919079742
2.300000000000001 175.1377919079742
2.400000000000001 175.1377919079742
2.500000000000001 175.1377919079742
2.600000000000001 175.1377919079742
2.700000000000001 175.1377919079742
2.800000000000001 175.1377919079742
2.900000000000001 175.1377919079742
3.000000000000001 175.1377919079742
3.100000000000001 175.1377919079742
3.200000000000002 175.1377919079742
3.300000000000002 175.1377919079742
3.400000000000002 175.1377919079742
3.500000000000002 175.1377919079742
3.600000000000002 175.1377919079742
3.700000000000002 175.1377919079742
3.800000000000002 175.1377919079742
3.900000000000002 175.1377919079742
4.000000000000002 175.1377919079742
4.100000000000001 175.1377919079742
4.200000000000001 175.1377919079742
4.300000000000001 175.1377919079742
4.4 175.1377919079742
4.5 175.1377919079742
4.6 175.1377919079742
4.699999999999999 175.1377919079742
4.799999999999999 175.1377919079742
4.899999999999999 175.1377919079742
4.999999999999998 175.1377919079742
5.099999999999998 175.1377919079742
5.199999999999998 175.1377919079742
5.299999999999997 175.1377919079742
5.399999999999997 175.1377919079742
5.499999999999996 175.1377919079742
5.599999999999996 175.1377919079742
5.699999999999996 175.1377919079742
5.799999999999995 175.1377919079742
5.899999999999995 175.1377919079742
5.999999999999995 175.1377919079742
6.099999999999994 175.1377919079742
6.199999999999994 175.1377919079742
6.299999999999994 175.1377919079742
6.399999999999993 175.1377919079742
6.499999999999993 175.1377919079742
6.599999999999993 175.1377919079742
6.699999999999992 175.1377919079742
6.799999999999992 175.1377919079742
6.899999999999991 175.1377919079742
6.999999999999991 175.1377919079742
7.099999999999991 175.1377919079742
7.19999999999999 175.1377919079742
7.29999999999999 175.1377919079742
7.39999999999999 175.1377919079742
7.499999999999989 175.1377919079742
7.599999999999989 175.1377919079742
7.699999999999989 175.1377919079742
7.799999999999988 175.1377919079742
7.899999999999988 175.1377919079742
7.999999999999988 175.1377919079742
8.099999999999987 175.1377919079742
8.199999999999987 175.1377919079742
8.299999999999986 175.1377919079742
8.399999999999986 175.1377919079742
8.499999999999986 175.1377919079742
8.599999999999985 175.1377919079742
8.699999999999985 175.1377919079742
8.799999999999985 175.1377919079742
8.899999999999984 175.1377919079742
8.999999999999984 175.1377919079742
9.099999999999984 175.1377919079742
9.199999999999983 175.1377919079742
9.299999999999983 175.1377919079742
9.399999999999983 175.1377919079742
9.499999999999982 175.1377919079742
9.599999999999982 175.1377919079742
9.699999999999982 175.1377919079742
9.799999999999981 175.1377919079742
9.899999999999981 175.1377919079742
9.99999999999998 175.1377919079742
10.09999999999998 175.1377919079742
10.19999999999998 175.1377919079742
10.29999999999998 175.1377919079742
10.39999999999998 175.1377919079742
10.49999999999998 175.1377919079742
10.59999999999998 175.1377919079742
10.69999999999998 175.1377919079742
10.79999999999998 175.1377919079742
10.89999999999998 175.1377919079742
10.99999999999998 175.1377919079742
11.09999999999998 175.1377919079742
11.19999999999998 175.1377919079742
11.29999999999998 175.1377919079742
11.39999999999998 175.1377919079742
11.49999999999998 175.1377919079742
11.59999999999997 175.1377919079742
11.69999999999997 175.1377919079742
11.79999999999997 175.1377919079742
11.89999999999997 175.1377919079742
11.99999999999997 175.1377919079742
12.09999999999997 175.1377919079742
12.19999999999997 175.1377919079742
12.29999999999997 175.1377919079742
12.39999999999997 175.1377919079742
12.49999999999997 175.1377919079742
12.59999999999997 175.1377919079742
12.69999999999997 175.1377919079742
12.79999999999997 175.1377919079742
12.89999999999997 175.1377919079742
12.99999999999997 175.1377919079742
13.09999999999997 175.1377919079742
13.19999999999997 175.1377919079742
13.29999999999997 175.1377919079742
13.39999999999997 175.1377919079742
13.49999999999997 175.1377919079742
13.59999999999997 175.1377919079742
13.69999999999997 175.1377919079742
13.79999999999997 175.1377919079742
13.89999999999997 175.1377919079742
13.99999999999997 175.1377919079742
14.09999999999997 175.1377919079742
14.19999999999997 175.1377919079742
14.29999999999997 175.1377919079742
14.39999999999996 175.1377919079742
14.49999999999996 175.1377919079742
14.59999999999996 175.1377919079742
14.69999999999996 175.1377919079742
14.79999999999996 175.1377919079742
14.89999999999996 175.1377919079742
14.99999999999996 175.1377919079742
15.09999999999996 175.1377919079742
15.19999999999996 175.1377919079742
15.29999999999996 175.1377919079742
15.39999999999996 175.1377919079742
15.49999999999996 175.1377919079742
15.59999999999996 175.1377919079742
15.69999999999996 175.1377919079742
15.79999999999996 175.1377919079742
15.89999999999996 175.1377919079742
15.99999999999996 175.1377919079742
16.09999999999996 175.1377919079742
16.19999999999996 175.1377919079742
16.29999999999996 175.1377919079742
16.39999999999996 175.1377919079742
16.49999999999996 175.1377919079742
16.59999999999997 175.1377919079742
16.69999999999997 175.1377919079742
16.79999999999997 175.1377919079742
16.89999999999997 175.1377919079742
16.99999999999997 175.1377919079742
17.09999999999997 175.1377919079742
17.19999999999997 175.1377919079742
17.29999999999998 175.1377919079742
17.39999999999998 175.1377919079742
17.49999999999998 175.1377919079742
17.59999999999998 175.1377919079742
17.69999999999998 175.1377919079742
17.79999999999998 175.1377919079742
17.89999999999998 175.1377919079742
17.99999999999999 175.1377919079742
18.09999999999999 175.1377919079742
18.19999999999999 175.1377919079742
18.29999999999999 175.1377919079742
18.39999999999999 175.1377919079742
18.49999999999999 175.1377919079742
18.59999999999999 175.1377919079742
18.7 175.1377919079742
18.8 175.1377919079742
18.9 175.1377919079742
19 175.1377919079742
19.1 175.1377919079742
19.2 175.1377919079742
19.3 175.1377919079742
19.40000000000001 175.1377919079742
19.50000000000001 175.1377919079742
19.60000000000001 175.1377919079742
19.70000000000001 175.1377919079742
19.80000000000001 175.1377919079742
19.90000000000001 175.1377919079742
20.00000000000001 175.1377919079742
20.10000000000002 175.1377919079742
20.20000000000002 175.1377919079742
20.30000000000002 175.1377919079742
20.40000000000002 175.1377919079742
20.50000000000002 175.1377919079742
20.60000000000002 175.1377919079742
20.70000000000002 175.1377919079742
20.80000000000003 175.1377919079742
20.90000000000003 175.1377919079742
21.00000000000003 175.1377919079742
21.10000000000003 175.1377919079742
21.20000000000003 175.1377919079742
21.30000000000003 175.1377919079742
21.40000000000003 175.1377919079742
21.50000000000004 175.1377919079742
21.60000000000004 175.1377919079742
21.70000000000004 175.1377919079742
21.80000000000004 175.1377919079742
21.90000000000004 175.1377919079742
22.00000000000004 175.1377919079742
22.10000000000004 175.1377919079742
22.20000000000005 175.1377919079742
22.30000000000005 175.1377919079742
22.40000000000005 175.1377919079742
22.50000000000005 175.1377919079742
22.60000000000005 175.1377919079742
22.70000000000005 175.1377919079742
22.80000000000005 175.1377919079742
22.90000000000006 175.1377919079742
23.00000000000006 175.1377919079742
23.10000000000006 175.1377919079742
23.20000000000006 175.1377919079742
23.30000000000006 175.1377919079742
23.40000000000006 175.1377919079742
23.50000000000006 175.1377919079742
23.60000000000007 175.1377919079742
23.70000000000007 175.1377919079742
23.80000000000007 175.1377919079742
23.90000000000007 175.1377919079742
24.00000000000007 175.1377919079742
24.10000000000007 175.1377919079742
24.20000000000007 175.1377919079742
24.30000000000008 175.1377919079742
24.40000000000008 175.1377919079742
24.50000000000008 175.1377919079742
24.60000000000008 175.1377919079742
24.70000000000008 175.1377919079742
24.80000000000008 175.1377919079742
24.90000000000008 175.1377919079742
25.00000000000009 175.1377919079742
25.10000000000009 175.1377919079742
25.20000000000009 175.1377919079742
25.30000000000009 175.1377919079742
25.40000000000009 175.1377919079742
25.50000000000009 175.1377919079742
25.60000000000009 175.1377919079742
25.7000000000001 175.1377919079742
25.8000000000001 175.1377919079742
25.9000000000001 175.1377919079742
26.0000000000001 175.1377919079742
26.1000000000001 175.1377919079742
26.2000000000001 175.1377919079742
26.3000000000001 175.1377919079742
26.40000000000011 175.1377919079742
26.50000000000011 175.1377919079742
26.60000000000011 175.1377919079742
26.70000000000011 175.1377919079742
26.80000000000011 175.1377919079742
26.90000000000011 175.1377919079742
27.00000000000011 175.1377919079742
27.10000000000012 175.1377919079742
27.20000000000012 175.1377919079742
27.30000000000012 175.1377919079742
27.40000000000012 175.1377919079742
27.50000000000012 175.1377919079742
27.60000000000012 175.1377919079742
27.70000000000012 175.1377919079742
27.80000000000013 175.1377919079742
27.90000000000013 175.1377919079742
28.00000000000013 175.1377919079742
28.10000000000013 175.1377919079742
28.20000000000013 175.1377919079742
28.30000000000013 175.1377919079742
28.40000000000013 175.1377919079742
28.50000000000014 175.1377919079742
28.60000000000014 175.1377919079742
28.70000000000014 175.1377919079742
28.80000000000014 175.1377919079742
28.90000000000014 175.1377919079742
29.00000000000014 175.1377919079742
29.10000000000014 175.1377919079742
29.20000000000014 175.1377919079742
29.30000000000015 175.1377919079742
29.40000000000015 175.1377919079742
29.50000000000015 175.1377919079742
29.60000000000015 175.1377919079742
29.70000000000015 175.1377919079742
29.80000000000015 175.1377919079742
29.90000000000015 175.1377919079742
30.00000000000016 175.1377919079742
30.10000000000016 175.1377919079742
30.20000000000016 175.1377919079742
30.30000000000016 175.1377919079742
30.40000000000016 175.1377919079742
30.50000000000016 175.1377919079742
30.60000000000016 175.1377919079742
30.70000000000017 175.1377919079742
30.80000000000017 175.1377919079742
30.90000000000017 175.1377919079742
31.00000000000017 175.1377919079742
31.10000000000017 175.1377919079742
31.20000000000017 175.1377919079742
31.30000000000017 175.1377919079742
31.40000000000018 175.1377919079742
31.50000000000018 175.1377919079742
31.60000000000018 175.1377919079742
31.70000000000018 175.1377919079742
31.80000000000018 175.1377919079742
31.90000000000018 175.1377919079742
32.00000000000018 175.1377919079742
32.10000000000019 175.1377919079742
32.20000000000019 175.1377919079742
32.30000000000019 175.1377919079742
32.40000000000019 175.1377919079742
32.50000000000019 175.1377919079742
32.60000000000019 175.1377919079742
32.70000000000019 175.1377919079742
32.8000000000002 175.1377919079742
32.9000000000002 175.1377919079742
33.0000000000002 175.1377919079742
33.1000000000002 175.1377919079742
33.2000000000002 175.1377919079742
33.3000000000002 175.1377919079742
33.4000000000002 175.1377919079742
33.50000000000021 175.1377919079742
33.60000000000021 175.1377919079742
33.70000000000021 175.1377919079742
33.80000000000021 175.1377919079742
33.90000000000021 175.1377919079742
34.00000000000021 175.1377919079742
34.10000000000021 175.1377919079742
34.20000000000022 175.1377919079742
34.30000000000022 175.1377919079742
34.40000000000022 175.1377919079742
34.50000000000022 175.1377919079742
34.60000000000022 175.1377919079742
34.70000000000022 175.1377919079742
34.80000000000022 175.1377919079742
34.90000000000023 175.1377919079742
35.00000000000023 175.1377919079742
35.10000000000023 175.1377919079742
35.20000000000023 175.1377919079742
35.30000000000023 175.1377919079742
35.40000000000023 175.1377919079742
35.50000000000023 175.1377919079742
35.60000000000024 175.1377919079742
35.70000000000024 175.1377919079742
35.80000000000024 175.1377919079742
35.90000000000024 175.1377919079742
36.00000000000024 175.1377919079742
36.10000000000024 175.1377919079742
36.20000000000024 175.1377919079742
36.30000000000025 175.1377919079742
36.40000000000025 175.1377919079742
36.50000000000025 175.1377919079742
36.60000000000025 175.1377919079742
36.70000000000025 175.1377919079742
36.80000000000025 175.1377919079742
36.90000000000025 175.1377919079742
37.00000000000026 175.1377919079742
37.10000000000026 175.1377919079742
37.20000000000026 175.1377919079742
37.30000000000026 175.1377919079742
37.40000000000026 175.1377919079742
37.50000000000026 175.1377919079742
37.60000000000026 175.1377919079742
37.70000000000027 175.1377919079742
37.80000000000027 175.1377919079742
37.90000000000027 175.1377919079742
38.00000000000027 175.1377919079742
38.10000000000027 175.1377919079742
38.20000000000027 175.1377919079742
38.30000000000027 175.1377919079742
38.40000000000028 175.1377919079742
38.50000000000028 175.1377919079742
38.60000000000028 175.1377919079742
38.70000000000028 175.1377919079742
38.80000000000028 175.1377919079742
38.90000000000028 175.1377919079742
39.00000000000028 175.1377919079742
39.10000000000029 175.1377919079742
39.20000000000029 175.1377919079742
39.30000000000029 175.1377919079742
39.40000000000029 175.1377919079742
39.50000000000029 175.1377919079742
39.60000000000029 175.1377919079742
39.70000000000029 175.1377919079742
39.8000000000003 175.1377919079742
39.9000000000003 175.1377919079742
40.0000000000003 175.1377919079742
40.1000000000003 175.1377919079742
40.2000000000003 175.1377919079742
40.3000000000003 175.1377919079742
40.4000000000003 175.1377919079742
40.50000000000031 175.1377919079742
40.60000000000031 175.1377919079742
40.70000000000031 175.1377919079742
40.80000000000031 175.1377919079742
40.90000000000031 175.1377919079742
41.00000000000031 175.1377919079742
41.10000000000031 175.1377919079742
41.20000000000032 175.1377919079742
41.30000000000032 175.1377919079742
41.40000000000032 175.1377919079742
41.50000000000032 175.1377919079742
41.60000000000032 175.1377919079742
41.70000000000032 175.1377919079742
41.80000000000032 175.1377919079742
41.90000000000033 175.1377919079742
42.00000000000033 175.1377919079742
42.10000000000033 175.1377919079742
42.20000000000033 175.1377919079742
42.30000000000033 175.1377919079742
42.40000000000033 175.1377919079742
42.50000000000033 175.1377919079742
42.60000000000034 175.1377919079742
42.70000000000034 175.1377919079742
42.80000000000034 175.1377919079742
42.90000000000034 175.1377919079742
43.00000000000034 175.1377919079742
43.10000000000034 175.1377919079742
43.20000000000034 175.1377919079742
43.30000000000035 175.1377919079742
43.40000000000035 175.1377919079742
43.50000000000035 175.1377919079742
43.60000000000035 175.1377919079742
43.70000000000035 175.1377919079742
43.80000000000035 175.1377919079742
43.90000000000035 175.1377919079742
44.00000000000036 175.1377919079742
44.10000000000036 175.1377919079742
44.20000000000036 175.1377919079742
44.30000000000036 175.1377919079742
44.40000000000036 175.1377919079742
44.50000000000036 175.1377919079742
44.60000000000036 175.1377919079742
44.70000000000037 175.1377919079742
44.80000000000037 175.1377919079742
44.90000000000037 175.1377919079742
45.00000000000037 175.1377919079742
45.10000000000037 175.1377919079742
45.20000000000037 175.1377919079742
45.30000000000037 175.1377919079742
45.40000000000038 175.1377919079742
45.50000000000038 175.1377919079742
45.60000000000038 175.1377919079742
45.70000000000038 175.1377919079742
45.80000000000038 175.1377919079742
45.90000000000038 175.1377919079742
46.00000000000038 175.1377919079742
46.10000000000039 175.1377919079742
46.20000000000039 175.1377919079742
46.30000000000039 175.1377919079742
46.40000000000039 175.1377919079742
46.50000000000039 175.1377919079742
46.60000000000039 175.1377919079742
46.70000000000039 175.1377919079742
46.8000000000004 175.1377919079742
46.9000000000004 175.1377919079742
47.0000000000004 175.1377919079742
47.1000000000004 175.1377919079742
47.2000000000004 175.1377919079742
47.3000000000004 175.1377919079742
47.4000000000004 175.1377919079742
47.50000000000041 175.1377919079742
47.60000000000041 175.1377919079742
47.70000000000041 175.1377919079742
47.80000000000041 175.1377919079742
47.90000000000041 175.1377919079742
48.00000000000041 175.1377919079742
48.10000000000041 175.1377919079742
48.20000000000041 175.1377919079742
48.30000000000042 175.1377919079742
48.40000000000042 175.1377919079742
48.50000000000042 175.1377919079742
48.60000000000042 175.1377919079742
48.70000000000042 175.1377919079742
48.80000000000042 175.1377919079742
48.90000000000042 175.1377919079742
49.00000000000043 175.1377919079742
49.10000000000043 175.1377919079742
49.20000000000043 175.1377919079742
49.30000000000043 175.1377919079742
49.40000000000043 175.1377919079742
49.50000000000043 175.1377919079742
49.60000000000043 175.1377919079742
49.70000000000044 175.1377919079742
49.80000000000044 175.1377919079742
49.90000000000044 175.1377919079742