Time X1
0 250
0.1 280.1898988898024
0.2 280.1898988897446
0.3 280.1898988897446
0.4 280.1898988897446
0.5 280.1898988897446
0.6 280.1898988897446
0.7 280.1898988897446
0.7999999999999999 280.1898988897446
0.8999999999999999 280.1898988897446
0.9999999999999999 280.1898988897446
1.1 280.1898988897446
1.2 280.1898988897446
1.3 280.1898988897446
1.4 280.1898988897446
1.5 280.1898988897446
1.6 280.1898988897446
1.7 280.1898988897446
1.8 280.1898988897446
1.900000000000001 280.1898988897447
2 280.1898988897447
2.100000000000001 280.1898988897447
2.200000000000001 280.1898988897447
2.300000000000001 280.1898988897447
2.400000000000001 280.1898988897447
2.500000000000001 280.1898988897446
2.600000000000001 280.1898988897446
2.700000000000001 280.1898988897446
2.800000000000001 280.1898988897446
2.900000000000001 280.1898988897446
3.000000000000001 280.1898988897446
3.100000000000001 280.1898988897446
3.200000000000002 280.1898988897446
3.300000000000002 280.1898988897446
3.400000000000002 280.1898988897446
3.500000000000002 280.1898988897446
3.600000000000002 280.1898988897446
3.700000000000002 280.1898988897446
3.800000000000002 280.1898988897446
3.900000000000002 280.1898988897446
4.000000000000002 280.1898988897446
4.100000000000001 280.1898988897446
4.200000000000001 280.1898988897446
4.300000000000001 280.1898988897446
4.4 280.1898988897446
4.5 280.1898988897446
4.6 280.1898988897446
4.699999999999999 280.1898988897446
4.799999999999999 280.1898988897446
4.899999999999999 280.1898988897446
4.999999999999998 280.1898988897446
5.099999999999998 280.1898988897446
5.199999999999998 280.1898988897446
5.299999999999997 280.1898988897446
5.399999999999997 280.1898988897446
5.499999999999996 280.1898988897446
5.599999999999996 280.1898988897446
5.699999999999996 280.1898988897446
5.799999999999995 280.1898988897446
5.899999999999995 280.1898988897446
5.999999999999995 280.1898988897446
6.099999999999994 280.1898988897446
6.199999999999994 280.1898988897446
6.299999999999994 280.1898988897446
6.399999999999993 280.1898988897446
6.499999999999993 280.1898988897446
6.599999999999993 280.1898988897446
6.699999999999992 280.1898988897446
6.799999999999992 280.1898988897446
6.899999999999991 280.1898988897446
6.999999999999991 280.1898988897446
7.099999999999991 280.1898988897446
7.19999999999999 280.1898988897446
7.29999999999999 280.1898988897446
7.39999999999999 280.1898988897446
7.499999999999989 280.1898988897446
7.599999999999989 280.1898988897446
7.699999999999989 280.1898988897446
7.799999999999988 280.1898988897446
7.899999999999988 280.1898988897446
7.999999999999988 280.1898988897446
8.099999999999987 280.1898988897446
8.199999999999987 280.1898988897446
8.299999999999986 280.1898988897446
8.399999999999986 280.1898988897446
8.499999999999986 280.1898988897446
8.599999999999985 280.1898988897446
8.699999999999985 280.1898988897446
8.799999999999985 280.1898988897446
8.899999999999984 280.1898988897446
8.999999999999984 280.1898988897446
9.099999999999984 280.1898988897446
9.199999999999983 280.1898988897446
9.299999999999983 280.1898988897446
9.399999999999983 280.1898988897446
9.499999999999982 280.1898988897446
9.599999999999982 280.1898988897446
9.699999999999982 280.1898988897446
9.799999999999981 280.1898988897446
9.899999999999981 280.1898988897446
9.99999999999998 280.1898988897446
10.09999999999998 280.1898988897446
10.19999999999998 280.1898988897446
10.29999999999998 280.1898988897446
10.39999999999998 280.1898988897446
10.49999999999998 280.1898988897446
10.59999999999998 280.1898988897446
10.69999999999998 280.1898988897446
10.79999999999998 280.1898988897446
10.89999999999998 280.1898988897446
10.99999999999998 280.1898988897446
11.09999999999998 280.1898988897446
11.19999999999998 280.1898988897446
11.29999999999998 280.1898988897446
11.39999999999998 280.1898988897446
11.49999999999998 280.1898988897446
11.59999999999997 280.1898988897446
11.69999999999997 280.1898988897446
11.79999999999997 280.1898988897446
11.89999999999997 280.1898988897446
11.99999999999997 280.1898988897446
12.09999999999997 280.1898988897446
12.19999999999997 280.1898988897446
12.29999999999997 280.1898988897446
12.39999999999997 280.1898988897446
12.49999999999997 280.1898988897446
12.59999999999997 280.1898988897446
12.69999999999997 280.1898988897446
12.79999999999997 280.1898988897446
12.89999999999997 280.1898988897446
12.99999999999997 280.1898988897446
13.09999999999997 280.1898988897446
13.19999999999997 280.1898988897446
13.29999999999997 280.1898988897446
13.39999999999997 280.1898988897446
13.49999999999997 280.1898988897446
13.59999999999997 280.1898988897446
13.69999999999997 280.1898988897446
13.79999999999997 280.1898988897446
13.89999999999997 280.1898988897446
13.99999999999997 280.1898988897446
14.09999999999997 280.1898988897446
14.19999999999997 280.1898988897446
14.29999999999997 280.1898988897446
14.39999999999996 280.1898988897446
14.49999999999996 280.1898988897446
14.59999999999996 280.1898988897446
14.69999999999996 280.1898988897446
14.79999999999996 280.1898988897446
14.89999999999996 280.1898988897446
14.99999999999996 280.1898988897446
15.09999999999996 280.1898988897446
15.19999999999996 280.1898988897446
15.29999999999996 280.1898988897446
15.39999999999996 280.1898988897446
15.49999999999996 280.1898988897446
15.59999999999996 280.1898988897446
15.69999999999996 280.1898988897446
15.79999999999996 280.1898988897446
15.89999999999996 280.1898988897446
15.99999999999996 280.1898988897446
16.09999999999996 280.1898988897446
16.19999999999996 280.1898988897446
16.29999999999996 280.1898988897446
16.39999999999996 280.1898988897446
16.49999999999996 280.1898988897446
16.59999999999997 280.1898988897446
16.69999999999997 280.1898988897446
16.79999999999997 280.1898988897446
16.89999999999997 280.1898988897446
16.99999999999997 280.1898988897446
17.09999999999997 280.1898988897446
17.19999999999997 280.1898988897446
17.29999999999998 280.1898988897446
17.39999999999998 280.1898988897446
17.49999999999998 280.1898988897446
17.59999999999998 280.1898988897446
17.69999999999998 280.1898988897446
17.79999999999998 280.1898988897446
17.89999999999998 280.1898988897446
17.99999999999999 280.1898988897446
18.09999999999999 280.1898988897446
18.19999999999999 280.1898988897446
18.29999999999999 280.1898988897446
18.39999999999999 280.1898988897446
18.49999999999999 280.1898988897446
18.59999999999999 280.1898988897446
18.7 280.1898988897446
18.8 280.1898988897446
18.9 280.1898988897446
19 280.1898988897446
19.1 280.1898988897446
19.2 280.1898988897446
19.3 280.1898988897446
19.40000000000001 280.1898988897446
19.50000000000001 280.1898988897446
19.60000000000001 280.1898988897446
19.70000000000001 280.1898988897446
19.80000000000001 280.1898988897446
19.90000000000001 280.1898988897446
20.00000000000001 280.1898988897446
20.10000000000002 280.1898988897446
20.20000000000002 280.1898988897446
20.30000000000002 280.1898988897446
20.40000000000002 280.1898988897446
20.50000000000002 280.1898988897446
20.60000000000002 280.1898988897446
20.70000000000002 280.1898988897446
20.80000000000003 280.1898988897446
20.90000000000003 280.1898988897446
21.00000000000003 280.1898988897446
21.10000000000003 280.1898988897446
21.20000000000003 280.1898988897446
21.30000000000003 280.1898988897446
21.40000000000003 280.1898988897446
21.50000000000004 280.1898988897446
21.60000000000004 280.1898988897446
21.70000000000004 280.1898988897446
21.80000000000004 280.1898988897446
21.90000000000004 280.1898988897446
22.00000000000004 280.1898988897446
22.10000000000004 280.1898988897446
22.20000000000005 280.1898988897446
22.30000000000005 280.1898988897446
22.40000000000005 280.1898988897446
22.50000000000005 280.1898988897446
22.60000000000005 280.1898988897446
22.70000000000005 280.1898988897446
22.80000000000005 280.1898988897446
22.90000000000006 280.1898988897446
23.00000000000006 280.1898988897446
23.10000000000006 280.1898988897446
23.20000000000006 280.1898988897446
23.30000000000006 280.1898988897446
23.40000000000006 280.1898988897446
23.50000000000006 280.1898988897446
23.60000000000007 280.1898988897446
23.70000000000007 280.1898988897446
23.80000000000007 280.1898988897446
23.90000000000007 280.1898988897446
24.00000000000007 280.1898988897446
24.10000000000007 280.1898988897446
24.20000000000007 280.1898988897446
24.30000000000008 280.1898988897446
24.40000000000008 280.1898988897446
24.50000000000008 280.1898988897446
24.60000000000008 280.1898988897446
24.70000000000008 280.1898988897446
24.80000000000008 280.1898988897446
24.90000000000008 280.1898988897446
25.00000000000009 280.1898988897446
25.10000000000009 280.1898988897446
25.20000000000009 280.1898988897446
25.30000000000009 280.1898988897446
25.40000000000009 280.1898988897446
25.50000000000009 280.1898988897446
25.60000000000009 280.1898988897446
25.7000000000001 280.1898988897446
25.8000000000001 280.1898988897446
25.9000000000001 280.1898988897446
26.0000000000001 280.1898988897446
26.1000000000001 280.1898988897446
26.2000000000001 280.1898988897446
26.3000000000001 280.1898988897446
26.40000000000011 280.1898988897446
26.50000000000011 280.1898988897446
26.60000000000011 280.1898988897446
26.70000000000011 280.1898988897446
26.80000000000011 280.1898988897446
26.90000000000011 280.1898988897446
27.00000000000011 280.1898988897446
27.10000000000012 280.1898988897446
27.20000000000012 280.1898988897446
27.30000000000012 280.1898988897446
27.40000000000012 280.1898988897446
27.50000000000012 280.1898988897446
27.60000000000012 280.1898988897446
27.70000000000012 280.1898988897446
27.80000000000013 280.1898988897446
27.90000000000013 280.1898988897446
28.00000000000013 280.1898988897446
28.10000000000013 280.1898988897446
28.20000000000013 280.1898988897446
28.30000000000013 280.1898988897446
28.40000000000013 280.1898988897446
28.50000000000014 280.1898988897446
28.60000000000014 280.1898988897446
28.70000000000014 280.1898988897446
28.80000000000014 280.1898988897446
28.90000000000014 280.1898988897446
29.00000000000014 280.1898988897446
29.10000000000014 280.1898988897446
29.20000000000014 280.1898988897446
29.30000000000015 280.1898988897446
29.40000000000015 280.1898988897446
29.50000000000015 280.1898988897446
29.60000000000015 280.1898988897446
29.70000000000015 280.1898988897446
29.80000000000015 280.1898988897446
29.90000000000015 280.1898988897446
30.00000000000016 280.1898988897446
30.10000000000016 280.1898988897446
30.20000000000016 280.1898988897446
30.30000000000016 280.1898988897446
30.40000000000016 280.1898988897446
30.50000000000016 280.1898988897446
30.60000000000016 280.1898988897446
30.70000000000017 280.1898988897446
30.80000000000017 280.1898988897446
30.90000000000017 280.1898988897446
31.00000000000017 280.1898988897446
31.10000000000017 280.1898988897446
31.20000000000017 280.1898988897446
31.30000000000017 280.1898988897446
31.40000000000018 280.1898988897446
31.50000000000018 280.1898988897446
31.60000000000018 280.1898988897446
31.70000000000018 280.1898988897446
31.80000000000018 280.1898988897446
31.90000000000018 280.1898988897446
32.00000000000018 280.1898988897446
32.10000000000019 280.1898988897446
32.20000000000019 280.1898988897446
32.30000000000019 280.1898988897446
32.40000000000019 280.1898988897446
32.50000000000019 280.1898988897446
32.60000000000019 280.1898988897446
32.70000000000019 280.1898988897446
32.8000000000002 280.1898988897446
32.9000000000002 280.1898988897446
33.0000000000002 280.1898988897446
33.1000000000002 280.1898988897446
33.2000000000002 280.1898988897446
33.3000000000002 280.1898988897446
33.4000000000002 280.1898988897446
33.50000000000021 280.1898988897446
33.60000000000021 280.1898988897446
33.70000000000021 280.1898988897446
33.80000000000021 280.1898988897446
33.90000000000021 280.1898988897446
34.00000000000021 280.1898988897446
34.10000000000021 280.1898988897446
34.20000000000022 280.1898988897446
34.30000000000022 280.1898988897446
34.40000000000022 280.1898988897446
34.50000000000022 280.1898988897446
34.60000000000022 280.1898988897446
34.70000000000022 280.1898988897446
34.80000000000022 280.1898988897446
34.90000000000023 280.1898988897446
35.00000000000023 280.1898988897446
35.10000000000023 280.1898988897446
35.20000000000023 280.1898988897446
35.30000000000023 280.1898988897446
35.40000000000023 280.1898988897446
35.50000000000023 280.1898988897446
35.60000000000024 280.1898988897446
35.70000000000024 280.1898988897446
35.80000000000024 280.1898988897446
35.90000000000024 280.1898988897446
36.00000000000024 280.1898988897446
36.10000000000024 280.1898988897446
36.20000000000024 280.1898988897446
36.30000000000025 280.1898988897446
36.40000000000025 280.1898988897446
36.50000000000025 280.1898988897446
36.60000000000025 280.1898988897446
36.70000000000025 280.1898988897446
36.80000000000025 280.1898988897446
36.90000000000025 280.1898988897446
37.00000000000026 280.1898988897446
37.10000000000026 280.1898988897446
37.20000000000026 280.1898988897446
37.30000000000026 280.1898988897446
37.40000000000026 280.1898988897446
37.50000000000026 280.1898988897446
37.60000000000026 280.1898988897446
37.70000000000027 280.1898988897446
37.80000000000027 280.1898988897446
37.90000000000027 280.1898988897446
38.00000000000027 280.1898988897446
38.10000000000027 280.1898988897446
38.20000000000027 280.1898988897446
38.30000000000027 280.1898988897446
38.40000000000028 280.1898988897446
38.50000000000028 280.1898988897446
38.60000000000028 280.1898988897446
38.70000000000028 280.1898988897446
38.80000000000028 280.1898988897446
38.90000000000028 280.1898988897446
39.00000000000028 280.1898988897446
39.10000000000029 280.1898988897446
39.20000000000029 280.1898988897446
39.30000000000029 280.1898988897446
39.40000000000029 280.1898988897446
39.50000000000029 280.1898988897446
39.60000000000029 280.1898988897446
39.70000000000029 280.1898988897446
39.8000000000003 280.1898988897446
39.9000000000003 280.1898988897446
40.0000000000003 280.1898988897446
40.1000000000003 280.1898988897446
40.2000000000003 280.1898988897446
40.3000000000003 280.1898988897446
40.4000000000003 280.1898988897446
40.50000000000031 280.1898988897446
40.60000000000031 280.1898988897446
40.70000000000031 280.1898988897446
40.80000000000031 280.1898988897446
40.90000000000031 280.1898988897446
41.00000000000031 280.1898988897446
41.10000000000031 280.1898988897446
41.20000000000032 280.1898988897446
41.30000000000032 280.1898988897446
41.40000000000032 280.1898988897446
41.50000000000032 280.1898988897446
41.60000000000032 280.1898988897446
41.70000000000032 280.1898988897446
41.80000000000032 280.1898988897446
41.90000000000033 280.1898988897446
42.00000000000033 280.1898988897446
42.10000000000033 280.1898988897446
42.20000000000033 280.1898988897446
42.30000000000033 280.1898988897446
42.40000000000033 280.1898988897446
42.50000000000033 280.1898988897446
42.60000000000034 280.1898988897446
42.70000000000034 280.1898988897446
42.80000000000034 280.1898988897446
42.90000000000034 280.1898988897446
43.00000000000034 280.1898988897446
43.10000000000034 280.1898988897446
43.20000000000034 280.1898988897446
43.30000000000035 280.1898988897446
43.40000000000035 280.1898988897446
43.50000000000035 280.1898988897446
43.60000000000035 280.1898988897446
43.70000000000035 280.1898988897446
43.80000000000035 280.1898988897446
43.90000000000035 280.1898988897446
44.00000000000036 280.1898988897446
44.10000000000036 280.1898988897446
44.20000000000036 280.1898988897446
44.30000000000036 280.1898988897446
44.40000000000036 280.1898988897446
44.50000000000036 280.1898988897446
44.60000000000036 280.1898988897446
44.70000000000037 280.1898988897446
44.80000000000037 280.1898988897446
44.90000000000037 280.1898988897446
45.00000000000037 280.1898988897446
45.10000000000037 280.1898988897446
45.20000000000037 280.1898988897446
45.30000000000037 280.1898988897446
45.40000000000038 280.1898988897446
45.50000000000038 280.1898988897446
45.60000000000038 280.1898988897446
45.70000000000038 280.1898988897446
45.80000000000038 280.1898988897446
45.90000000000038 280.1898988897446
46.00000000000038 280.1898988897446
46.10000000000039 280.1898988897446
46.20000000000039 280.1898988897446
46.30000000000039 280.1898988897446
46.40000000000039 280.1898988897446
46.50000000000039 280.1898988897446
46.60000000000039 280.1898988897446
46.70000000000039 280.1898988897446
46.8000000000004 280.1898988897446
46.9000000000004 280.1898988897446
47.0000000000004 280.1898988897446
47.1000000000004 280.1898988897446
47.2000000000004 280.1898988897446
47.3000000000004 280.1898988897446
47.4000000000004 280.1898988897446
47.50000000000041 280.1898988897446
47.60000000000041 280.1898988897446
47.70000000000041 280.1898988897446
47.80000000000041 280.1898988897446
47.90000000000041 280.1898988897446
48.00000000000041 280.1898988897446
48.10000000000041 280.1898988897446
48.20000000000041 280.1898988897446
48.30000000000042 280.1898988897446
48.40000000000042 280.1898988897446
48.50000000000042 280.1898988897446
48.60000000000042 280.1898988897446
48.70000000000042 280.1898988897446
48.80000000000042 280.1898988897446
48.90000000000042 280.1898988897446
49.00000000000043 280.1898988897446
49.10000000000043 280.1898988897446
49.20000000000043 280.1898988897446
49.30000000000043 280.1898988897446
49.40000000000043 280.1898988897446
49.50000000000043 280.1898988897446
49.60000000000043 280.1898988897446
49.70000000000044 280.1898988897446
49.80000000000044 280.1898988897446
49.90000000000044 280.1898988897446