Time X1
0 250
0.1 319.3654272306763
0.2 319.3654272071257
0.3 319.3654272067993
0.4 319.3654272064729
0.5 319.3654272061465
0.6 319.3654272059443
0.7 319.3654272059432
0.7999999999999999 319.3654272059421
0.8999999999999999 319.3654272059409
0.9999999999999999 319.3654272059399
1.1 319.3654272059399
1.2 319.3654272059399
1.3 319.3654272059399
1.4 319.3654272059399
1.5 319.3654272059399
1.6 319.3654272059399
1.7 319.3654272059399
1.8 319.3654272059399
1.900000000000001 319.3654272059399
2 319.3654272059399
2.100000000000001 319.3654272059399
2.200000000000001 319.3654272059399
2.300000000000001 319.3654272059399
2.400000000000001 319.3654272059399
2.500000000000001 319.3654272059399
2.600000000000001 319.3654272059399
2.700000000000001 319.3654272059399
2.800000000000001 319.3654272059399
2.900000000000001 319.3654272059399
3.000000000000001 319.3654272059399
3.100000000000001 319.3654272059399
3.200000000000002 319.3654272059399
3.300000000000002 319.3654272059398
3.400000000000002 319.3654272059398
3.500000000000002 319.3654272059398
3.600000000000002 319.3654272059398
3.700000000000002 319.3654272059398
3.800000000000002 319.3654272059398
3.900000000000002 319.3654272059398
4.000000000000002 319.3654272059398
4.100000000000001 319.3654272059398
4.200000000000001 319.3654272059398
4.300000000000001 319.3654272059398
4.4 319.3654272059398
4.5 319.3654272059398
4.6 319.3654272059398
4.699999999999999 319.3654272059398
4.799999999999999 319.3654272059398
4.899999999999999 319.3654272059398
4.999999999999998 319.3654272059398
5.099999999999998 319.3654272059398
5.199999999999998 319.3654272059398
5.299999999999997 319.3654272059398
5.399999999999997 319.3654272059399
5.499999999999996 319.3654272059399
5.599999999999996 319.3654272059399
5.699999999999996 319.3654272059399
5.799999999999995 319.3654272059399
5.899999999999995 319.3654272059399
5.999999999999995 319.3654272059399
6.099999999999994 319.3654272059399
6.199999999999994 319.3654272059399
6.299999999999994 319.3654272059399
6.399999999999993 319.3654272059399
6.499999999999993 319.3654272059399
6.599999999999993 319.3654272059399
6.699999999999992 319.3654272059399
6.799999999999992 319.3654272059399
6.899999999999991 319.3654272059399
6.999999999999991 319.3654272059399
7.099999999999991 319.3654272059399
7.19999999999999 319.3654272059399
7.29999999999999 319.3654272059399
7.39999999999999 319.3654272059399
7.499999999999989 319.3654272059399
7.599999999999989 319.3654272059399
7.699999999999989 319.3654272059399
7.799999999999988 319.3654272059399
7.899999999999988 319.3654272059399
7.999999999999988 319.3654272059399
8.099999999999987 319.3654272059399
8.199999999999987 319.3654272059399
8.299999999999986 319.3654272059399
8.399999999999986 319.3654272059399
8.499999999999986 319.3654272059399
8.599999999999985 319.3654272059399
8.699999999999985 319.3654272059399
8.799999999999985 319.3654272059399
8.899999999999984 319.3654272059399
8.999999999999984 319.3654272059399
9.099999999999984 319.3654272059399
9.199999999999983 319.3654272059399
9.299999999999983 319.3654272059399
9.399999999999983 319.3654272059399
9.499999999999982 319.3654272059399
9.599999999999982 319.3654272059399
9.699999999999982 319.3654272059399
9.799999999999981 319.3654272059399
9.899999999999981 319.3654272059399
9.99999999999998 319.3654272059399
10.09999999999998 319.3654272059399
10.19999999999998 319.3654272059399
10.29999999999998 319.3654272059399
10.39999999999998 319.3654272059399
10.49999999999998 319.3654272059399
10.59999999999998 319.3654272059399
10.69999999999998 319.3654272059399
10.79999999999998 319.3654272059399
10.89999999999998 319.3654272059399
10.99999999999998 319.3654272059399
11.09999999999998 319.3654272059399
11.19999999999998 319.3654272059399
11.29999999999998 319.3654272059399
11.39999999999998 319.3654272059399
11.49999999999998 319.3654272059399
11.59999999999997 319.3654272059399
11.69999999999997 319.3654272059399
11.79999999999997 319.3654272059399
11.89999999999997 319.3654272059399
11.99999999999997 319.3654272059399
12.09999999999997 319.3654272059399
12.19999999999997 319.3654272059399
12.29999999999997 319.3654272059399
12.39999999999997 319.3654272059399
12.49999999999997 319.3654272059399
12.59999999999997 319.3654272059399
12.69999999999997 319.3654272059399
12.79999999999997 319.3654272059399
12.89999999999997 319.3654272059399
12.99999999999997 319.3654272059399
13.09999999999997 319.3654272059399
13.19999999999997 319.3654272059399
13.29999999999997 319.3654272059399
13.39999999999997 319.3654272059399
13.49999999999997 319.3654272059399
13.59999999999997 319.3654272059399
13.69999999999997 319.3654272059399
13.79999999999997 319.3654272059399
13.89999999999997 319.3654272059399
13.99999999999997 319.3654272059399
14.09999999999997 319.3654272059399
14.19999999999997 319.3654272059399
14.29999999999997 319.3654272059399
14.39999999999996 319.3654272059399
14.49999999999996 319.3654272059399
14.59999999999996 319.3654272059399
14.69999999999996 319.3654272059399
14.79999999999996 319.3654272059399
14.89999999999996 319.3654272059399
14.99999999999996 319.3654272059399
15.09999999999996 319.3654272059399
15.19999999999996 319.3654272059399
15.29999999999996 319.3654272059399
15.39999999999996 319.3654272059399
15.49999999999996 319.3654272059399
15.59999999999996 319.3654272059399
15.69999999999996 319.3654272059399
15.79999999999996 319.3654272059399
15.89999999999996 319.3654272059399
15.99999999999996 319.3654272059399
16.09999999999996 319.3654272059399
16.19999999999996 319.3654272059399
16.29999999999996 319.3654272059399
16.39999999999996 319.3654272059399
16.49999999999996 319.3654272059399
16.59999999999997 319.3654272059399
16.69999999999997 319.3654272059399
16.79999999999997 319.3654272059399
16.89999999999997 319.3654272059399
16.99999999999997 319.3654272059399
17.09999999999997 319.3654272059399
17.19999999999997 319.3654272059399
17.29999999999998 319.3654272059399
17.39999999999998 319.3654272059399
17.49999999999998 319.3654272059399
17.59999999999998 319.3654272059399
17.69999999999998 319.3654272059399
17.79999999999998 319.3654272059399
17.89999999999998 319.3654272059399
17.99999999999999 319.3654272059399
18.09999999999999 319.3654272059399
18.19999999999999 319.3654272059399
18.29999999999999 319.3654272059399
18.39999999999999 319.3654272059399
18.49999999999999 319.3654272059399
18.59999999999999 319.3654272059399
18.7 319.3654272059399
18.8 319.3654272059399
18.9 319.3654272059399
19 319.3654272059399
19.1 319.3654272059399
19.2 319.3654272059399
19.3 319.3654272059399
19.40000000000001 319.3654272059399
19.50000000000001 319.3654272059399
19.60000000000001 319.3654272059399
19.70000000000001 319.3654272059399
19.80000000000001 319.3654272059399
19.90000000000001 319.3654272059399
20.00000000000001 319.3654272059399
20.10000000000002 319.3654272059399
20.20000000000002 319.3654272059399
20.30000000000002 319.3654272059399
20.40000000000002 319.3654272059399
20.50000000000002 319.3654272059399
20.60000000000002 319.3654272059399
20.70000000000002 319.3654272059399
20.80000000000003 319.3654272059399
20.90000000000003 319.3654272059399
21.00000000000003 319.3654272059399
21.10000000000003 319.3654272059399
21.20000000000003 319.3654272059399
21.30000000000003 319.3654272059399
21.40000000000003 319.3654272059399
21.50000000000004 319.3654272059399
21.60000000000004 319.3654272059399
21.70000000000004 319.3654272059399
21.80000000000004 319.3654272059399
21.90000000000004 319.3654272059399
22.00000000000004 319.3654272059399
22.10000000000004 319.3654272059399
22.20000000000005 319.3654272059399
22.30000000000005 319.3654272059399
22.40000000000005 319.3654272059399
22.50000000000005 319.3654272059399
22.60000000000005 319.3654272059399
22.70000000000005 319.3654272059399
22.80000000000005 319.3654272059399
22.90000000000006 319.3654272059399
23.00000000000006 319.3654272059399
23.10000000000006 319.3654272059399
23.20000000000006 319.3654272059399
23.30000000000006 319.3654272059399
23.40000000000006 319.3654272059399
23.50000000000006 319.3654272059399
23.60000000000007 319.3654272059399
23.70000000000007 319.3654272059399
23.80000000000007 319.3654272059399
23.90000000000007 319.3654272059399
24.00000000000007 319.3654272059399
24.10000000000007 319.3654272059399
24.20000000000007 319.3654272059399
24.30000000000008 319.3654272059399
24.40000000000008 319.3654272059399
24.50000000000008 319.3654272059399
24.60000000000008 319.3654272059399
24.70000000000008 319.3654272059399
24.80000000000008 319.3654272059399
24.90000000000008 319.3654272059399
25.00000000000009 319.3654272059399
25.10000000000009 319.3654272059399
25.20000000000009 319.3654272059399
25.30000000000009 319.3654272059399
25.40000000000009 319.3654272059399
25.50000000000009 319.3654272059399
25.60000000000009 319.3654272059399
25.7000000000001 319.3654272059399
25.8000000000001 319.3654272059399
25.9000000000001 319.3654272059399
26.0000000000001 319.3654272059399
26.1000000000001 319.3654272059399
26.2000000000001 319.3654272059399
26.3000000000001 319.3654272059399
26.40000000000011 319.3654272059399
26.50000000000011 319.3654272059399
26.60000000000011 319.3654272059399
26.70000000000011 319.3654272059399
26.80000000000011 319.3654272059399
26.90000000000011 319.3654272059399
27.00000000000011 319.3654272059399
27.10000000000012 319.3654272059399
27.20000000000012 319.3654272059399
27.30000000000012 319.3654272059399
27.40000000000012 319.3654272059399
27.50000000000012 319.3654272059399
27.60000000000012 319.3654272059399
27.70000000000012 319.3654272059399
27.80000000000013 319.3654272059399
27.90000000000013 319.3654272059399
28.00000000000013 319.3654272059399
28.10000000000013 319.3654272059399
28.20000000000013 319.3654272059399
28.30000000000013 319.3654272059399
28.40000000000013 319.3654272059399
28.50000000000014 319.3654272059399
28.60000000000014 319.3654272059399
28.70000000000014 319.3654272059399
28.80000000000014 319.3654272059399
28.90000000000014 319.3654272059399
29.00000000000014 319.3654272059399
29.10000000000014 319.3654272059399
29.20000000000014 319.3654272059399
29.30000000000015 319.3654272059399
29.40000000000015 319.3654272059399
29.50000000000015 319.3654272059399
29.60000000000015 319.3654272059399
29.70000000000015 319.3654272059399
29.80000000000015 319.3654272059399
29.90000000000015 319.3654272059399
30.00000000000016 319.3654272059399
30.10000000000016 319.3654272059399
30.20000000000016 319.3654272059399
30.30000000000016 319.3654272059399
30.40000000000016 319.3654272059399
30.50000000000016 319.3654272059399
30.60000000000016 319.3654272059399
30.70000000000017 319.3654272059399
30.80000000000017 319.3654272059399
30.90000000000017 319.3654272059399
31.00000000000017 319.3654272059399
31.10000000000017 319.3654272059399
31.20000000000017 319.3654272059399
31.30000000000017 319.3654272059399
31.40000000000018 319.3654272059399
31.50000000000018 319.3654272059399
31.60000000000018 319.3654272059399
31.70000000000018 319.3654272059399
31.80000000000018 319.3654272059399
31.90000000000018 319.3654272059399
32.00000000000018 319.3654272059399
32.10000000000019 319.3654272059399
32.20000000000019 319.3654272059399
32.30000000000019 319.3654272059399
32.40000000000019 319.3654272059399
32.50000000000019 319.3654272059399
32.60000000000019 319.3654272059399
32.70000000000019 319.3654272059399
32.8000000000002 319.3654272059399
32.9000000000002 319.3654272059399
33.0000000000002 319.3654272059399
33.1000000000002 319.3654272059399
33.2000000000002 319.3654272059399
33.3000000000002 319.3654272059399
33.4000000000002 319.3654272059399
33.50000000000021 319.3654272059399
33.60000000000021 319.3654272059399
33.70000000000021 319.3654272059399
33.80000000000021 319.3654272059399
33.90000000000021 319.3654272059399
34.00000000000021 319.3654272059399
34.10000000000021 319.3654272059399
34.20000000000022 319.3654272059399
34.30000000000022 319.3654272059399
34.40000000000022 319.3654272059399
34.50000000000022 319.3654272059399
34.60000000000022 319.3654272059399
34.70000000000022 319.3654272059399
34.80000000000022 319.3654272059399
34.90000000000023 319.3654272059399
35.00000000000023 319.3654272059399
35.10000000000023 319.3654272059399
35.20000000000023 319.3654272059399
35.30000000000023 319.3654272059399
35.40000000000023 319.3654272059399
35.50000000000023 319.3654272059399
35.60000000000024 319.3654272059399
35.70000000000024 319.3654272059399
35.80000000000024 319.3654272059399
35.90000000000024 319.3654272059399
36.00000000000024 319.3654272059399
36.10000000000024 319.3654272059399
36.20000000000024 319.3654272059399
36.30000000000025 319.3654272059399
36.40000000000025 319.3654272059399
36.50000000000025 319.3654272059399
36.60000000000025 319.3654272059399
36.70000000000025 319.3654272059399
36.80000000000025 319.3654272059399
36.90000000000025 319.3654272059399
37.00000000000026 319.3654272059399
37.10000000000026 319.3654272059399
37.20000000000026 319.3654272059399
37.30000000000026 319.3654272059399
37.40000000000026 319.3654272059399
37.50000000000026 319.3654272059399
37.60000000000026 319.3654272059399
37.70000000000027 319.3654272059399
37.80000000000027 319.3654272059399
37.90000000000027 319.3654272059399
38.00000000000027 319.3654272059399
38.10000000000027 319.3654272059399
38.20000000000027 319.3654272059399
38.30000000000027 319.3654272059399
38.40000000000028 319.3654272059399
38.50000000000028 319.3654272059399
38.60000000000028 319.3654272059399
38.70000000000028 319.3654272059399
38.80000000000028 319.3654272059399
38.90000000000028 319.3654272059399
39.00000000000028 319.3654272059399
39.10000000000029 319.3654272059399
39.20000000000029 319.3654272059399
39.30000000000029 319.3654272059399
39.40000000000029 319.3654272059399
39.50000000000029 319.3654272059399
39.60000000000029 319.3654272059399
39.70000000000029 319.3654272059399
39.8000000000003 319.3654272059399
39.9000000000003 319.3654272059399
40.0000000000003 319.3654272059399
40.1000000000003 319.3654272059399
40.2000000000003 319.3654272059399
40.3000000000003 319.3654272059399
40.4000000000003 319.3654272059399
40.50000000000031 319.3654272059399
40.60000000000031 319.3654272059399
40.70000000000031 319.3654272059399
40.80000000000031 319.3654272059399
40.90000000000031 319.3654272059399
41.00000000000031 319.3654272059399
41.10000000000031 319.3654272059399
41.20000000000032 319.3654272059399
41.30000000000032 319.3654272059399
41.40000000000032 319.3654272059399
41.50000000000032 319.3654272059399
41.60000000000032 319.3654272059399
41.70000000000032 319.3654272059399
41.80000000000032 319.3654272059399
41.90000000000033 319.3654272059399
42.00000000000033 319.3654272059399
42.10000000000033 319.3654272059399
42.20000000000033 319.3654272059399
42.30000000000033 319.3654272059399
42.40000000000033 319.3654272059399
42.50000000000033 319.3654272059399
42.60000000000034 319.3654272059399
42.70000000000034 319.3654272059399
42.80000000000034 319.3654272059399
42.90000000000034 319.3654272059399
43.00000000000034 319.3654272059399
43.10000000000034 319.3654272059399
43.20000000000034 319.3654272059399
43.30000000000035 319.3654272059399
43.40000000000035 319.3654272059399
43.50000000000035 319.3654272059399
43.60000000000035 319.3654272059399
43.70000000000035 319.3654272059399
43.80000000000035 319.3654272059399
43.90000000000035 319.3654272059399
44.00000000000036 319.3654272059399
44.10000000000036 319.3654272059399
44.20000000000036 319.3654272059399
44.30000000000036 319.3654272059399
44.40000000000036 319.3654272059399
44.50000000000036 319.3654272059399
44.60000000000036 319.3654272059399
44.70000000000037 319.3654272059399
44.80000000000037 319.3654272059399
44.90000000000037 319.3654272059399
45.00000000000037 319.3654272059399
45.10000000000037 319.3654272059399
45.20000000000037 319.3654272059399
45.30000000000037 319.3654272059399
45.40000000000038 319.3654272059399
45.50000000000038 319.3654272059399
45.60000000000038 319.3654272059399
45.70000000000038 319.3654272059399
45.80000000000038 319.3654272059399
45.90000000000038 319.3654272059399
46.00000000000038 319.3654272059399
46.10000000000039 319.3654272059399
46.20000000000039 319.3654272059399
46.30000000000039 319.3654272059399
46.40000000000039 319.3654272059399
46.50000000000039 319.3654272059399
46.60000000000039 319.3654272059399
46.70000000000039 319.3654272059399
46.8000000000004 319.3654272059399
46.9000000000004 319.3654272059399
47.0000000000004 319.3654272059399
47.1000000000004 319.3654272059399
47.2000000000004 319.3654272059399
47.3000000000004 319.3654272059399
47.4000000000004 319.3654272059399
47.50000000000041 319.3654272059399
47.60000000000041 319.3654272059399
47.70000000000041 319.3654272059399
47.80000000000041 319.3654272059399
47.90000000000041 319.3654272059399
48.00000000000041 319.3654272059399
48.10000000000041 319.3654272059399
48.20000000000041 319.3654272059399
48.30000000000042 319.3654272059399
48.40000000000042 319.3654272059399
48.50000000000042 319.3654272059399
48.60000000000042 319.3654272059399
48.70000000000042 319.3654272059399
48.80000000000042 319.3654272059399
48.90000000000042 319.3654272059399
49.00000000000043 319.3654272059399
49.10000000000043 319.3654272059399
49.20000000000043 319.3654272059399
49.30000000000043 319.3654272059399
49.40000000000043 319.3654272059399
49.50000000000043 319.3654272059399
49.60000000000043 319.3654272059399
49.70000000000044 319.3654272059399
49.80000000000044 319.3654272059399
49.90000000000044 319.3654272059399