Time X1
0 250
0.1 42.11479303076746
0.2 42.11479303083741
0.3 42.11479303083767
0.4 42.11479303083773
0.5 42.11479303083773
0.6 42.11479303083773
0.7 42.11479303083773
0.7999999999999999 42.11479303083773
0.8999999999999999 42.11479303083773
0.9999999999999999 42.11479303083773
1.1 42.11479303083773
1.2 42.11479303083773
1.3 42.11479303083773
1.4 42.11479303083773
1.5 42.11479303083773
1.6 42.11479303083773
1.7 42.11479303083773
1.8 42.11479303083773
1.900000000000001 42.11479303083773
2 42.11479303083773
2.100000000000001 42.11479303083773
2.200000000000001 42.11479303083773
2.300000000000001 42.11479303083773
2.400000000000001 42.11479303083773
2.500000000000001 42.11479303083773
2.600000000000001 42.11479303083773
2.700000000000001 42.11479303083773
2.800000000000001 42.11479303083773
2.900000000000001 42.11479303083773
3.000000000000001 42.11479303083773
3.100000000000001 42.11479303083773
3.200000000000002 42.11479303083773
3.300000000000002 42.11479303083773
3.400000000000002 42.11479303083773
3.500000000000002 42.11479303083773
3.600000000000002 42.11479303083773
3.700000000000002 42.11479303083773
3.800000000000002 42.11479303083773
3.900000000000002 42.11479303083773
4.000000000000002 42.11479303083773
4.100000000000001 42.11479303083773
4.200000000000001 42.11479303083773
4.300000000000001 42.11479303083773
4.4 42.11479303083773
4.5 42.11479303083773
4.6 42.11479303083773
4.699999999999999 42.11479303083773
4.799999999999999 42.11479303083773
4.899999999999999 42.11479303083773
4.999999999999998 42.11479303083773
5.099999999999998 42.11479303083773
5.199999999999998 42.11479303083773
5.299999999999997 42.11479303083773
5.399999999999997 42.11479303083773
5.499999999999996 42.11479303083773
5.599999999999996 42.11479303083773
5.699999999999996 42.11479303083773
5.799999999999995 42.11479303083773
5.899999999999995 42.11479303083773
5.999999999999995 42.11479303083773
6.099999999999994 42.11479303083773
6.199999999999994 42.11479303083773
6.299999999999994 42.11479303083773
6.399999999999993 42.11479303083773
6.499999999999993 42.11479303083773
6.599999999999993 42.11479303083773
6.699999999999992 42.11479303083773
6.799999999999992 42.11479303083773
6.899999999999991 42.11479303083773
6.999999999999991 42.11479303083773
7.099999999999991 42.11479303083773
7.19999999999999 42.11479303083773
7.29999999999999 42.11479303083773
7.39999999999999 42.11479303083773
7.499999999999989 42.11479303083773
7.599999999999989 42.11479303083773
7.699999999999989 42.11479303083773
7.799999999999988 42.11479303083773
7.899999999999988 42.11479303083773
7.999999999999988 42.11479303083773
8.099999999999987 42.11479303083773
8.199999999999987 42.11479303083773
8.299999999999986 42.11479303083773
8.399999999999986 42.11479303083773
8.499999999999986 42.11479303083773
8.599999999999985 42.11479303083773
8.699999999999985 42.11479303083773
8.799999999999985 42.11479303083773
8.899999999999984 42.11479303083773
8.999999999999984 42.11479303083773
9.099999999999984 42.11479303083773
9.199999999999983 42.11479303083773
9.299999999999983 42.11479303083773
9.399999999999983 42.11479303083773
9.499999999999982 42.11479303083773
9.599999999999982 42.11479303083773
9.699999999999982 42.11479303083773
9.799999999999981 42.11479303083773
9.899999999999981 42.11479303083773
9.99999999999998 42.11479303083773
10.09999999999998 42.11479303083773
10.19999999999998 42.11479303083773
10.29999999999998 42.11479303083773
10.39999999999998 42.11479303083773
10.49999999999998 42.11479303083773
10.59999999999998 42.11479303083773
10.69999999999998 42.11479303083773
10.79999999999998 42.11479303083773
10.89999999999998 42.11479303083773
10.99999999999998 42.11479303083773
11.09999999999998 42.11479303083773
11.19999999999998 42.11479303083773
11.29999999999998 42.11479303083773
11.39999999999998 42.11479303083773
11.49999999999998 42.11479303083773
11.59999999999997 42.11479303083773
11.69999999999997 42.11479303083773
11.79999999999997 42.11479303083773
11.89999999999997 42.11479303083773
11.99999999999997 42.11479303083773
12.09999999999997 42.11479303083773
12.19999999999997 42.11479303083773
12.29999999999997 42.11479303083773
12.39999999999997 42.11479303083773
12.49999999999997 42.11479303083773
12.59999999999997 42.11479303083773
12.69999999999997 42.11479303083773
12.79999999999997 42.11479303083773
12.89999999999997 42.11479303083773
12.99999999999997 42.11479303083773
13.09999999999997 42.11479303083773
13.19999999999997 42.11479303083773
13.29999999999997 42.11479303083773
13.39999999999997 42.11479303083773
13.49999999999997 42.11479303083773
13.59999999999997 42.11479303083773
13.69999999999997 42.11479303083773
13.79999999999997 42.11479303083773
13.89999999999997 42.11479303083773
13.99999999999997 42.11479303083773
14.09999999999997 42.11479303083773
14.19999999999997 42.11479303083773
14.29999999999997 42.11479303083773
14.39999999999996 42.11479303083773
14.49999999999996 42.11479303083773
14.59999999999996 42.11479303083773
14.69999999999996 42.11479303083773
14.79999999999996 42.11479303083773
14.89999999999996 42.11479303083773
14.99999999999996 42.11479303083773
15.09999999999996 42.11479303083773
15.19999999999996 42.11479303083773
15.29999999999996 42.11479303083773
15.39999999999996 42.11479303083773
15.49999999999996 42.11479303083773
15.59999999999996 42.11479303083773
15.69999999999996 42.11479303083773
15.79999999999996 42.11479303083773
15.89999999999996 42.11479303083773
15.99999999999996 42.11479303083773
16.09999999999996 42.11479303083773
16.19999999999996 42.11479303083773
16.29999999999996 42.11479303083773
16.39999999999996 42.11479303083773
16.49999999999996 42.11479303083773
16.59999999999997 42.11479303083773
16.69999999999997 42.11479303083773
16.79999999999997 42.11479303083773
16.89999999999997 42.11479303083773
16.99999999999997 42.11479303083773
17.09999999999997 42.11479303083773
17.19999999999997 42.11479303083772
17.29999999999998 42.11479303083772
17.39999999999998 42.11479303083772
17.49999999999998 42.11479303083772
17.59999999999998 42.11479303083772
17.69999999999998 42.11479303083772
17.79999999999998 42.11479303083773
17.89999999999998 42.11479303083773
17.99999999999999 42.11479303083773
18.09999999999999 42.11479303083773
18.19999999999999 42.11479303083773
18.29999999999999 42.11479303083773
18.39999999999999 42.11479303083773
18.49999999999999 42.11479303083773
18.59999999999999 42.11479303083773
18.7 42.11479303083773
18.8 42.11479303083773
18.9 42.11479303083773
19 42.11479303083773
19.1 42.11479303083773
19.2 42.11479303083773
19.3 42.11479303083773
19.40000000000001 42.11479303083773
19.50000000000001 42.11479303083773
19.60000000000001 42.11479303083773
19.70000000000001 42.11479303083773
19.80000000000001 42.11479303083773
19.90000000000001 42.11479303083773
20.00000000000001 42.11479303083773
20.10000000000002 42.11479303083773
20.20000000000002 42.11479303083773
20.30000000000002 42.11479303083773
20.40000000000002 42.11479303083773
20.50000000000002 42.11479303083773
20.60000000000002 42.11479303083773
20.70000000000002 42.11479303083773
20.80000000000003 42.11479303083773
20.90000000000003 42.11479303083773
21.00000000000003 42.11479303083773
21.10000000000003 42.11479303083773
21.20000000000003 42.11479303083773
21.30000000000003 42.11479303083773
21.40000000000003 42.11479303083773
21.50000000000004 42.11479303083773
21.60000000000004 42.11479303083773
21.70000000000004 42.11479303083773
21.80000000000004 42.11479303083773
21.90000000000004 42.11479303083773
22.00000000000004 42.11479303083773
22.10000000000004 42.11479303083773
22.20000000000005 42.11479303083773
22.30000000000005 42.11479303083773
22.40000000000005 42.11479303083773
22.50000000000005 42.11479303083773
22.60000000000005 42.11479303083773
22.70000000000005 42.11479303083773
22.80000000000005 42.11479303083773
22.90000000000006 42.11479303083773
23.00000000000006 42.11479303083773
23.10000000000006 42.11479303083773
23.20000000000006 42.11479303083773
23.30000000000006 42.11479303083773
23.40000000000006 42.11479303083773
23.50000000000006 42.11479303083773
23.60000000000007 42.11479303083773
23.70000000000007 42.11479303083773
23.80000000000007 42.11479303083773
23.90000000000007 42.11479303083773
24.00000000000007 42.11479303083773
24.10000000000007 42.11479303083773
24.20000000000007 42.11479303083773
24.30000000000008 42.11479303083773
24.40000000000008 42.11479303083773
24.50000000000008 42.11479303083773
24.60000000000008 42.11479303083773
24.70000000000008 42.11479303083773
24.80000000000008 42.11479303083773
24.90000000000008 42.11479303083773
25.00000000000009 42.11479303083773
25.10000000000009 42.11479303083773
25.20000000000009 42.11479303083773
25.30000000000009 42.11479303083773
25.40000000000009 42.11479303083773
25.50000000000009 42.11479303083773
25.60000000000009 42.11479303083773
25.7000000000001 42.11479303083773
25.8000000000001 42.11479303083773
25.9000000000001 42.11479303083773
26.0000000000001 42.11479303083773
26.1000000000001 42.11479303083773
26.2000000000001 42.11479303083773
26.3000000000001 42.11479303083773
26.40000000000011 42.11479303083773
26.50000000000011 42.11479303083773
26.60000000000011 42.11479303083773
26.70000000000011 42.11479303083773
26.80000000000011 42.11479303083773
26.90000000000011 42.11479303083773
27.00000000000011 42.11479303083773
27.10000000000012 42.11479303083773
27.20000000000012 42.11479303083773
27.30000000000012 42.11479303083773
27.40000000000012 42.11479303083773
27.50000000000012 42.11479303083773
27.60000000000012 42.11479303083773
27.70000000000012 42.11479303083773
27.80000000000013 42.11479303083773
27.90000000000013 42.11479303083773
28.00000000000013 42.11479303083773
28.10000000000013 42.11479303083773
28.20000000000013 42.11479303083773
28.30000000000013 42.11479303083773
28.40000000000013 42.11479303083773
28.50000000000014 42.11479303083773
28.60000000000014 42.11479303083773
28.70000000000014 42.11479303083773
28.80000000000014 42.11479303083773
28.90000000000014 42.11479303083773
29.00000000000014 42.11479303083773
29.10000000000014 42.11479303083773
29.20000000000014 42.11479303083773
29.30000000000015 42.11479303083773
29.40000000000015 42.11479303083773
29.50000000000015 42.11479303083773
29.60000000000015 42.11479303083773
29.70000000000015 42.11479303083773
29.80000000000015 42.11479303083773
29.90000000000015 42.11479303083773
30.00000000000016 42.11479303083773
30.10000000000016 42.11479303083773
30.20000000000016 42.11479303083773
30.30000000000016 42.11479303083773
30.40000000000016 42.11479303083773
30.50000000000016 42.11479303083773
30.60000000000016 42.11479303083773
30.70000000000017 42.11479303083773
30.80000000000017 42.11479303083773
30.90000000000017 42.11479303083773
31.00000000000017 42.11479303083773
31.10000000000017 42.11479303083773
31.20000000000017 42.11479303083773
31.30000000000017 42.11479303083773
31.40000000000018 42.11479303083773
31.50000000000018 42.11479303083773
31.60000000000018 42.11479303083773
31.70000000000018 42.11479303083773
31.80000000000018 42.11479303083773
31.90000000000018 42.11479303083773
32.00000000000018 42.11479303083773
32.10000000000019 42.11479303083773
32.20000000000019 42.11479303083773
32.30000000000019 42.11479303083773
32.40000000000019 42.11479303083773
32.50000000000019 42.11479303083773
32.60000000000019 42.11479303083773
32.70000000000019 42.11479303083773
32.8000000000002 42.11479303083773
32.9000000000002 42.11479303083773
33.0000000000002 42.11479303083773
33.1000000000002 42.11479303083773
33.2000000000002 42.11479303083773
33.3000000000002 42.11479303083773
33.4000000000002 42.11479303083773
33.50000000000021 42.11479303083773
33.60000000000021 42.11479303083773
33.70000000000021 42.11479303083773
33.80000000000021 42.11479303083773
33.90000000000021 42.11479303083773
34.00000000000021 42.11479303083773
34.10000000000021 42.11479303083773
34.20000000000022 42.11479303083773
34.30000000000022 42.11479303083773
34.40000000000022 42.11479303083773
34.50000000000022 42.11479303083773
34.60000000000022 42.11479303083773
34.70000000000022 42.11479303083773
34.80000000000022 42.11479303083773
34.90000000000023 42.11479303083773
35.00000000000023 42.11479303083773
35.10000000000023 42.11479303083773
35.20000000000023 42.11479303083773
35.30000000000023 42.11479303083773
35.40000000000023 42.11479303083773
35.50000000000023 42.11479303083773
35.60000000000024 42.11479303083773
35.70000000000024 42.11479303083773
35.80000000000024 42.11479303083773
35.90000000000024 42.11479303083773
36.00000000000024 42.11479303083773
36.10000000000024 42.11479303083773
36.20000000000024 42.11479303083773
36.30000000000025 42.11479303083773
36.40000000000025 42.11479303083773
36.50000000000025 42.11479303083773
36.60000000000025 42.11479303083773
36.70000000000025 42.11479303083773
36.80000000000025 42.11479303083773
36.90000000000025 42.11479303083773
37.00000000000026 42.11479303083773
37.10000000000026 42.11479303083773
37.20000000000026 42.11479303083773
37.30000000000026 42.11479303083773
37.40000000000026 42.11479303083773
37.50000000000026 42.11479303083773
37.60000000000026 42.11479303083773
37.70000000000027 42.11479303083773
37.80000000000027 42.11479303083773
37.90000000000027 42.11479303083773
38.00000000000027 42.11479303083773
38.10000000000027 42.11479303083773
38.20000000000027 42.11479303083773
38.30000000000027 42.11479303083773
38.40000000000028 42.11479303083773
38.50000000000028 42.11479303083773
38.60000000000028 42.11479303083773
38.70000000000028 42.11479303083773
38.80000000000028 42.11479303083773
38.90000000000028 42.11479303083773
39.00000000000028 42.11479303083773
39.10000000000029 42.11479303083773
39.20000000000029 42.11479303083773
39.30000000000029 42.11479303083773
39.40000000000029 42.11479303083773
39.50000000000029 42.11479303083773
39.60000000000029 42.11479303083773
39.70000000000029 42.11479303083773
39.8000000000003 42.11479303083773
39.9000000000003 42.11479303083773
40.0000000000003 42.11479303083773
40.1000000000003 42.11479303083773
40.2000000000003 42.11479303083773
40.3000000000003 42.11479303083773
40.4000000000003 42.11479303083773
40.50000000000031 42.11479303083773
40.60000000000031 42.11479303083773
40.70000000000031 42.11479303083773
40.80000000000031 42.11479303083773
40.90000000000031 42.11479303083773
41.00000000000031 42.11479303083773
41.10000000000031 42.11479303083773
41.20000000000032 42.11479303083773
41.30000000000032 42.11479303083773
41.40000000000032 42.11479303083773
41.50000000000032 42.11479303083773
41.60000000000032 42.11479303083773
41.70000000000032 42.11479303083773
41.80000000000032 42.11479303083773
41.90000000000033 42.11479303083773
42.00000000000033 42.11479303083773
42.10000000000033 42.11479303083773
42.20000000000033 42.11479303083773
42.30000000000033 42.11479303083773
42.40000000000033 42.11479303083773
42.50000000000033 42.11479303083773
42.60000000000034 42.11479303083773
42.70000000000034 42.11479303083773
42.80000000000034 42.11479303083773
42.90000000000034 42.11479303083773
43.00000000000034 42.11479303083773
43.10000000000034 42.11479303083773
43.20000000000034 42.11479303083773
43.30000000000035 42.11479303083773
43.40000000000035 42.11479303083773
43.50000000000035 42.11479303083773
43.60000000000035 42.11479303083773
43.70000000000035 42.11479303083773
43.80000000000035 42.11479303083773
43.90000000000035 42.11479303083773
44.00000000000036 42.11479303083773
44.10000000000036 42.11479303083773
44.20000000000036 42.11479303083773
44.30000000000036 42.11479303083773
44.40000000000036 42.11479303083773
44.50000000000036 42.11479303083773
44.60000000000036 42.11479303083773
44.70000000000037 42.11479303083773
44.80000000000037 42.11479303083773
44.90000000000037 42.11479303083773
45.00000000000037 42.11479303083773
45.10000000000037 42.11479303083773
45.20000000000037 42.11479303083773
45.30000000000037 42.11479303083773
45.40000000000038 42.11479303083773
45.50000000000038 42.11479303083773
45.60000000000038 42.11479303083773
45.70000000000038 42.11479303083773
45.80000000000038 42.11479303083773
45.90000000000038 42.11479303083773
46.00000000000038 42.11479303083773
46.10000000000039 42.11479303083773
46.20000000000039 42.11479303083773
46.30000000000039 42.11479303083773
46.40000000000039 42.11479303083773
46.50000000000039 42.11479303083773
46.60000000000039 42.11479303083773
46.70000000000039 42.11479303083773
46.8000000000004 42.11479303083773
46.9000000000004 42.11479303083773
47.0000000000004 42.11479303083773
47.1000000000004 42.11479303083773
47.2000000000004 42.11479303083773
47.3000000000004 42.11479303083773
47.4000000000004 42.11479303083773
47.50000000000041 42.11479303083773
47.60000000000041 42.11479303083773
47.70000000000041 42.11479303083773
47.80000000000041 42.11479303083773
47.90000000000041 42.11479303083773
48.00000000000041 42.11479303083773
48.10000000000041 42.11479303083773
48.20000000000041 42.11479303083773
48.30000000000042 42.11479303083773
48.40000000000042 42.11479303083773
48.50000000000042 42.11479303083773
48.60000000000042 42.11479303083773
48.70000000000042 42.11479303083773
48.80000000000042 42.11479303083773
48.90000000000042 42.11479303083773
49.00000000000043 42.11479303083773
49.10000000000043 42.11479303083773
49.20000000000043 42.11479303083773
49.30000000000043 42.11479303083773
49.40000000000043 42.11479303083773
49.50000000000043 42.11479303083773
49.60000000000043 42.11479303083773
49.70000000000044 42.11479303083773
49.80000000000044 42.11479303083773
49.90000000000044 42.11479303083773