Time X1
0 250
0.1 327.6364316356059
0.2 327.6364316352419
0.3 327.6364316352403
0.4 327.6364316352403
0.5 327.6364316352403
0.6 327.6364316352403
0.7 327.6364316352403
0.7999999999999999 327.6364316352403
0.8999999999999999 327.6364316352403
0.9999999999999999 327.6364316352403
1.1 327.6364316352403
1.2 327.6364316352403
1.3 327.6364316352403
1.4 327.6364316352403
1.5 327.6364316352403
1.6 327.6364316352403
1.7 327.6364316352403
1.8 327.6364316352403
1.900000000000001 327.6364316352403
2 327.6364316352403
2.100000000000001 327.6364316352403
2.200000000000001 327.6364316352403
2.300000000000001 327.6364316352403
2.400000000000001 327.6364316352403
2.500000000000001 327.6364316352403
2.600000000000001 327.6364316352403
2.700000000000001 327.6364316352403
2.800000000000001 327.6364316352403
2.900000000000001 327.6364316352403
3.000000000000001 327.6364316352403
3.100000000000001 327.6364316352403
3.200000000000002 327.6364316352403
3.300000000000002 327.6364316352403
3.400000000000002 327.6364316352403
3.500000000000002 327.6364316352403
3.600000000000002 327.6364316352403
3.700000000000002 327.6364316352403
3.800000000000002 327.6364316352403
3.900000000000002 327.6364316352403
4.000000000000002 327.6364316352403
4.100000000000001 327.6364316352403
4.200000000000001 327.6364316352403
4.300000000000001 327.6364316352403
4.4 327.6364316352403
4.5 327.6364316352403
4.6 327.6364316352403
4.699999999999999 327.6364316352403
4.799999999999999 327.6364316352403
4.899999999999999 327.6364316352403
4.999999999999998 327.6364316352403
5.099999999999998 327.6364316352403
5.199999999999998 327.6364316352403
5.299999999999997 327.6364316352403
5.399999999999997 327.6364316352403
5.499999999999996 327.6364316352403
5.599999999999996 327.6364316352403
5.699999999999996 327.6364316352403
5.799999999999995 327.6364316352403
5.899999999999995 327.6364316352403
5.999999999999995 327.6364316352403
6.099999999999994 327.6364316352403
6.199999999999994 327.6364316352403
6.299999999999994 327.6364316352403
6.399999999999993 327.6364316352403
6.499999999999993 327.6364316352403
6.599999999999993 327.6364316352403
6.699999999999992 327.6364316352403
6.799999999999992 327.6364316352403
6.899999999999991 327.6364316352403
6.999999999999991 327.6364316352403
7.099999999999991 327.6364316352403
7.19999999999999 327.6364316352403
7.29999999999999 327.6364316352403
7.39999999999999 327.6364316352403
7.499999999999989 327.6364316352403
7.599999999999989 327.6364316352403
7.699999999999989 327.6364316352403
7.799999999999988 327.6364316352403
7.899999999999988 327.6364316352403
7.999999999999988 327.6364316352403
8.099999999999987 327.6364316352403
8.199999999999987 327.6364316352403
8.299999999999986 327.6364316352403
8.399999999999986 327.6364316352403
8.499999999999986 327.6364316352403
8.599999999999985 327.6364316352403
8.699999999999985 327.6364316352403
8.799999999999985 327.6364316352403
8.899999999999984 327.6364316352403
8.999999999999984 327.6364316352403
9.099999999999984 327.6364316352403
9.199999999999983 327.6364316352403
9.299999999999983 327.6364316352403
9.399999999999983 327.6364316352403
9.499999999999982 327.6364316352403
9.599999999999982 327.6364316352403
9.699999999999982 327.6364316352403
9.799999999999981 327.6364316352403
9.899999999999981 327.6364316352403
9.99999999999998 327.6364316352403
10.09999999999998 327.6364316352403
10.19999999999998 327.6364316352403
10.29999999999998 327.6364316352403
10.39999999999998 327.6364316352403
10.49999999999998 327.6364316352403
10.59999999999998 327.6364316352403
10.69999999999998 327.6364316352403
10.79999999999998 327.6364316352403
10.89999999999998 327.6364316352403
10.99999999999998 327.6364316352403
11.09999999999998 327.6364316352403
11.19999999999998 327.6364316352403
11.29999999999998 327.6364316352403
11.39999999999998 327.6364316352403
11.49999999999998 327.6364316352403
11.59999999999997 327.6364316352403
11.69999999999997 327.6364316352403
11.79999999999997 327.6364316352403
11.89999999999997 327.6364316352403
11.99999999999997 327.6364316352403
12.09999999999997 327.6364316352403
12.19999999999997 327.6364316352403
12.29999999999997 327.6364316352403
12.39999999999997 327.6364316352403
12.49999999999997 327.6364316352403
12.59999999999997 327.6364316352403
12.69999999999997 327.6364316352403
12.79999999999997 327.6364316352403
12.89999999999997 327.6364316352403
12.99999999999997 327.6364316352403
13.09999999999997 327.6364316352403
13.19999999999997 327.6364316352403
13.29999999999997 327.6364316352403
13.39999999999997 327.6364316352403
13.49999999999997 327.6364316352403
13.59999999999997 327.6364316352403
13.69999999999997 327.6364316352403
13.79999999999997 327.6364316352403
13.89999999999997 327.6364316352403
13.99999999999997 327.6364316352403
14.09999999999997 327.6364316352403
14.19999999999997 327.6364316352403
14.29999999999997 327.6364316352403
14.39999999999996 327.6364316352403
14.49999999999996 327.6364316352403
14.59999999999996 327.6364316352403
14.69999999999996 327.6364316352403
14.79999999999996 327.6364316352403
14.89999999999996 327.6364316352403
14.99999999999996 327.6364316352403
15.09999999999996 327.6364316352403
15.19999999999996 327.6364316352403
15.29999999999996 327.6364316352403
15.39999999999996 327.6364316352403
15.49999999999996 327.6364316352403
15.59999999999996 327.6364316352403
15.69999999999996 327.6364316352403
15.79999999999996 327.6364316352403
15.89999999999996 327.6364316352403
15.99999999999996 327.6364316352403
16.09999999999996 327.6364316352403
16.19999999999996 327.6364316352403
16.29999999999996 327.6364316352403
16.39999999999996 327.6364316352403
16.49999999999996 327.6364316352403
16.59999999999997 327.6364316352403
16.69999999999997 327.6364316352403
16.79999999999997 327.6364316352403
16.89999999999997 327.6364316352403
16.99999999999997 327.6364316352403
17.09999999999997 327.6364316352403
17.19999999999997 327.6364316352403
17.29999999999998 327.6364316352403
17.39999999999998 327.6364316352403
17.49999999999998 327.6364316352403
17.59999999999998 327.6364316352403
17.69999999999998 327.6364316352403
17.79999999999998 327.6364316352403
17.89999999999998 327.6364316352403
17.99999999999999 327.6364316352403
18.09999999999999 327.6364316352403
18.19999999999999 327.6364316352403
18.29999999999999 327.6364316352403
18.39999999999999 327.6364316352403
18.49999999999999 327.6364316352403
18.59999999999999 327.6364316352403
18.7 327.6364316352403
18.8 327.6364316352403
18.9 327.6364316352403
19 327.6364316352403
19.1 327.6364316352403
19.2 327.6364316352403
19.3 327.6364316352403
19.40000000000001 327.6364316352403
19.50000000000001 327.6364316352403
19.60000000000001 327.6364316352403
19.70000000000001 327.6364316352403
19.80000000000001 327.6364316352403
19.90000000000001 327.6364316352403
20.00000000000001 327.6364316352403
20.10000000000002 327.6364316352403
20.20000000000002 327.6364316352403
20.30000000000002 327.6364316352403
20.40000000000002 327.6364316352403
20.50000000000002 327.6364316352403
20.60000000000002 327.6364316352403
20.70000000000002 327.6364316352403
20.80000000000003 327.6364316352403
20.90000000000003 327.6364316352403
21.00000000000003 327.6364316352403
21.10000000000003 327.6364316352403
21.20000000000003 327.6364316352403
21.30000000000003 327.6364316352403
21.40000000000003 327.6364316352403
21.50000000000004 327.6364316352403
21.60000000000004 327.6364316352403
21.70000000000004 327.6364316352403
21.80000000000004 327.6364316352403
21.90000000000004 327.6364316352403
22.00000000000004 327.6364316352403
22.10000000000004 327.6364316352403
22.20000000000005 327.6364316352403
22.30000000000005 327.6364316352403
22.40000000000005 327.6364316352403
22.50000000000005 327.6364316352403
22.60000000000005 327.6364316352403
22.70000000000005 327.6364316352403
22.80000000000005 327.6364316352403
22.90000000000006 327.6364316352403
23.00000000000006 327.6364316352403
23.10000000000006 327.6364316352403
23.20000000000006 327.6364316352403
23.30000000000006 327.6364316352403
23.40000000000006 327.6364316352403
23.50000000000006 327.6364316352403
23.60000000000007 327.6364316352403
23.70000000000007 327.6364316352403
23.80000000000007 327.6364316352403
23.90000000000007 327.6364316352403
24.00000000000007 327.6364316352403
24.10000000000007 327.6364316352403
24.20000000000007 327.6364316352403
24.30000000000008 327.6364316352403
24.40000000000008 327.6364316352403
24.50000000000008 327.6364316352403
24.60000000000008 327.6364316352403
24.70000000000008 327.6364316352403
24.80000000000008 327.6364316352403
24.90000000000008 327.6364316352403
25.00000000000009 327.6364316352403
25.10000000000009 327.6364316352403
25.20000000000009 327.6364316352403
25.30000000000009 327.6364316352403
25.40000000000009 327.6364316352403
25.50000000000009 327.6364316352403
25.60000000000009 327.6364316352403
25.7000000000001 327.6364316352403
25.8000000000001 327.6364316352403
25.9000000000001 327.6364316352403
26.0000000000001 327.6364316352403
26.1000000000001 327.6364316352403
26.2000000000001 327.6364316352403
26.3000000000001 327.6364316352403
26.40000000000011 327.6364316352403
26.50000000000011 327.6364316352403
26.60000000000011 327.6364316352403
26.70000000000011 327.6364316352403
26.80000000000011 327.6364316352403
26.90000000000011 327.6364316352403
27.00000000000011 327.6364316352403
27.10000000000012 327.6364316352403
27.20000000000012 327.6364316352403
27.30000000000012 327.6364316352403
27.40000000000012 327.6364316352403
27.50000000000012 327.6364316352403
27.60000000000012 327.6364316352403
27.70000000000012 327.6364316352403
27.80000000000013 327.6364316352403
27.90000000000013 327.6364316352403
28.00000000000013 327.6364316352403
28.10000000000013 327.6364316352403
28.20000000000013 327.6364316352403
28.30000000000013 327.6364316352403
28.40000000000013 327.6364316352403
28.50000000000014 327.6364316352403
28.60000000000014 327.6364316352403
28.70000000000014 327.6364316352403
28.80000000000014 327.6364316352403
28.90000000000014 327.6364316352403
29.00000000000014 327.6364316352403
29.10000000000014 327.6364316352403
29.20000000000014 327.6364316352403
29.30000000000015 327.6364316352403
29.40000000000015 327.6364316352403
29.50000000000015 327.6364316352403
29.60000000000015 327.6364316352403
29.70000000000015 327.6364316352403
29.80000000000015 327.6364316352403
29.90000000000015 327.6364316352403
30.00000000000016 327.6364316352403
30.10000000000016 327.6364316352403
30.20000000000016 327.6364316352403
30.30000000000016 327.6364316352403
30.40000000000016 327.6364316352403
30.50000000000016 327.6364316352403
30.60000000000016 327.6364316352403
30.70000000000017 327.6364316352403
30.80000000000017 327.6364316352403
30.90000000000017 327.6364316352403
31.00000000000017 327.6364316352403
31.10000000000017 327.6364316352403
31.20000000000017 327.6364316352403
31.30000000000017 327.6364316352403
31.40000000000018 327.6364316352403
31.50000000000018 327.6364316352403
31.60000000000018 327.6364316352403
31.70000000000018 327.6364316352403
31.80000000000018 327.6364316352403
31.90000000000018 327.6364316352403
32.00000000000018 327.6364316352403
32.10000000000019 327.6364316352403
32.20000000000019 327.6364316352403
32.30000000000019 327.6364316352403
32.40000000000019 327.6364316352403
32.50000000000019 327.6364316352403
32.60000000000019 327.6364316352403
32.70000000000019 327.6364316352403
32.8000000000002 327.6364316352403
32.9000000000002 327.6364316352403
33.0000000000002 327.6364316352403
33.1000000000002 327.6364316352403
33.2000000000002 327.6364316352403
33.3000000000002 327.6364316352403
33.4000000000002 327.6364316352403
33.50000000000021 327.6364316352403
33.60000000000021 327.6364316352403
33.70000000000021 327.6364316352403
33.80000000000021 327.6364316352403
33.90000000000021 327.6364316352403
34.00000000000021 327.6364316352403
34.10000000000021 327.6364316352403
34.20000000000022 327.6364316352403
34.30000000000022 327.6364316352403
34.40000000000022 327.6364316352403
34.50000000000022 327.6364316352403
34.60000000000022 327.6364316352403
34.70000000000022 327.6364316352403
34.80000000000022 327.6364316352403
34.90000000000023 327.6364316352403
35.00000000000023 327.6364316352403
35.10000000000023 327.6364316352403
35.20000000000023 327.6364316352403
35.30000000000023 327.6364316352403
35.40000000000023 327.6364316352403
35.50000000000023 327.6364316352403
35.60000000000024 327.6364316352403
35.70000000000024 327.6364316352403
35.80000000000024 327.6364316352403
35.90000000000024 327.6364316352403
36.00000000000024 327.6364316352403
36.10000000000024 327.6364316352403
36.20000000000024 327.6364316352403
36.30000000000025 327.6364316352403
36.40000000000025 327.6364316352403
36.50000000000025 327.6364316352403
36.60000000000025 327.6364316352403
36.70000000000025 327.6364316352403
36.80000000000025 327.6364316352403
36.90000000000025 327.6364316352403
37.00000000000026 327.6364316352403
37.10000000000026 327.6364316352403
37.20000000000026 327.6364316352403
37.30000000000026 327.6364316352403
37.40000000000026 327.6364316352403
37.50000000000026 327.6364316352403
37.60000000000026 327.6364316352403
37.70000000000027 327.6364316352403
37.80000000000027 327.6364316352403
37.90000000000027 327.6364316352403
38.00000000000027 327.6364316352403
38.10000000000027 327.6364316352403
38.20000000000027 327.6364316352403
38.30000000000027 327.6364316352403
38.40000000000028 327.6364316352403
38.50000000000028 327.6364316352403
38.60000000000028 327.6364316352403
38.70000000000028 327.6364316352403
38.80000000000028 327.6364316352403
38.90000000000028 327.6364316352403
39.00000000000028 327.6364316352403
39.10000000000029 327.6364316352403
39.20000000000029 327.6364316352403
39.30000000000029 327.6364316352403
39.40000000000029 327.6364316352403
39.50000000000029 327.6364316352403
39.60000000000029 327.6364316352403
39.70000000000029 327.6364316352403
39.8000000000003 327.6364316352403
39.9000000000003 327.6364316352403
40.0000000000003 327.6364316352403
40.1000000000003 327.6364316352403
40.2000000000003 327.6364316352403
40.3000000000003 327.6364316352403
40.4000000000003 327.6364316352403
40.50000000000031 327.6364316352403
40.60000000000031 327.6364316352403
40.70000000000031 327.6364316352403
40.80000000000031 327.6364316352403
40.90000000000031 327.6364316352403
41.00000000000031 327.6364316352403
41.10000000000031 327.6364316352403
41.20000000000032 327.6364316352403
41.30000000000032 327.6364316352403
41.40000000000032 327.6364316352403
41.50000000000032 327.6364316352403
41.60000000000032 327.6364316352403
41.70000000000032 327.6364316352403
41.80000000000032 327.6364316352403
41.90000000000033 327.6364316352403
42.00000000000033 327.6364316352403
42.10000000000033 327.6364316352403
42.20000000000033 327.6364316352403
42.30000000000033 327.6364316352403
42.40000000000033 327.6364316352403
42.50000000000033 327.6364316352403
42.60000000000034 327.6364316352403
42.70000000000034 327.6364316352403
42.80000000000034 327.6364316352403
42.90000000000034 327.6364316352403
43.00000000000034 327.6364316352403
43.10000000000034 327.6364316352403
43.20000000000034 327.6364316352403
43.30000000000035 327.6364316352403
43.40000000000035 327.6364316352403
43.50000000000035 327.6364316352403
43.60000000000035 327.6364316352403
43.70000000000035 327.6364316352403
43.80000000000035 327.6364316352403
43.90000000000035 327.6364316352403
44.00000000000036 327.6364316352403
44.10000000000036 327.6364316352403
44.20000000000036 327.6364316352403
44.30000000000036 327.6364316352403
44.40000000000036 327.6364316352403
44.50000000000036 327.6364316352403
44.60000000000036 327.6364316352403
44.70000000000037 327.6364316352403
44.80000000000037 327.6364316352403
44.90000000000037 327.6364316352403
45.00000000000037 327.6364316352403
45.10000000000037 327.6364316352403
45.20000000000037 327.6364316352403
45.30000000000037 327.6364316352403
45.40000000000038 327.6364316352403
45.50000000000038 327.6364316352403
45.60000000000038 327.6364316352403
45.70000000000038 327.6364316352403
45.80000000000038 327.6364316352403
45.90000000000038 327.6364316352403
46.00000000000038 327.6364316352403
46.10000000000039 327.6364316352403
46.20000000000039 327.6364316352403
46.30000000000039 327.6364316352403
46.40000000000039 327.6364316352403
46.50000000000039 327.6364316352403
46.60000000000039 327.6364316352403
46.70000000000039 327.6364316352403
46.8000000000004 327.6364316352403
46.9000000000004 327.6364316352403
47.0000000000004 327.6364316352403
47.1000000000004 327.6364316352403
47.2000000000004 327.6364316352403
47.3000000000004 327.6364316352403
47.4000000000004 327.6364316352403
47.50000000000041 327.6364316352403
47.60000000000041 327.6364316352403
47.70000000000041 327.6364316352403
47.80000000000041 327.6364316352403
47.90000000000041 327.6364316352403
48.00000000000041 327.6364316352403
48.10000000000041 327.6364316352403
48.20000000000041 327.6364316352403
48.30000000000042 327.6364316352403
48.40000000000042 327.6364316352403
48.50000000000042 327.6364316352403
48.60000000000042 327.6364316352403
48.70000000000042 327.6364316352403
48.80000000000042 327.6364316352403
48.90000000000042 327.6364316352403
49.00000000000043 327.6364316352403
49.10000000000043 327.6364316352403
49.20000000000043 327.6364316352403
49.30000000000043 327.6364316352403
49.40000000000043 327.6364316352403
49.50000000000043 327.6364316352403
49.60000000000043 327.6364316352403
49.70000000000044 327.6364316352403
49.80000000000044 327.6364316352403
49.90000000000044 327.6364316352403