Time X1
0 250
0.1 888.385132667147
0.2 888.385132667147
0.3 888.385132667147
0.4 888.3851326671471
0.5 888.3851326671471
0.6 888.3851326671471
0.7 888.3851326671471
0.7999999999999999 888.3851326671471
0.8999999999999999 888.3851326671471
0.9999999999999999 888.3851326671471
1.1 888.3851326671471
1.2 888.3851326671471
1.3 888.3851326671471
1.4 888.3851326671471
1.5 888.3851326671471
1.6 888.3851326671471
1.7 888.3851326671471
1.8 888.3851326671471
1.900000000000001 888.3851326671471
2 888.3851326671471
2.100000000000001 888.3851326671471
2.200000000000001 888.3851326671471
2.300000000000001 888.3851326671471
2.400000000000001 888.3851326671471
2.500000000000001 888.3851326671471
2.600000000000001 888.3851326671471
2.700000000000001 888.3851326671471
2.800000000000001 888.3851326671471
2.900000000000001 888.3851326671471
3.000000000000001 888.3851326671471
3.100000000000001 888.3851326671471
3.200000000000002 888.3851326671471
3.300000000000002 888.3851326671471
3.400000000000002 888.3851326671471
3.500000000000002 888.3851326671471
3.600000000000002 888.3851326671471
3.700000000000002 888.3851326671471
3.800000000000002 888.3851326671471
3.900000000000002 888.3851326671471
4.000000000000002 888.3851326671471
4.100000000000001 888.3851326671471
4.200000000000001 888.3851326671471
4.300000000000001 888.3851326671471
4.4 888.3851326671471
4.5 888.3851326671471
4.6 888.3851326671471
4.699999999999999 888.3851326671471
4.799999999999999 888.385132667147
4.899999999999999 888.385132667147
4.999999999999998 888.385132667147
5.099999999999998 888.385132667147
5.199999999999998 888.385132667147
5.299999999999997 888.385132667147
5.399999999999997 888.385132667147
5.499999999999996 888.385132667147
5.599999999999996 888.385132667147
5.699999999999996 888.385132667147
5.799999999999995 888.385132667147
5.899999999999995 888.385132667147
5.999999999999995 888.385132667147
6.099999999999994 888.385132667147
6.199999999999994 888.385132667147
6.299999999999994 888.385132667147
6.399999999999993 888.385132667147
6.499999999999993 888.385132667147
6.599999999999993 888.385132667147
6.699999999999992 888.385132667147
6.799999999999992 888.385132667147
6.899999999999991 888.385132667147
6.999999999999991 888.385132667147
7.099999999999991 888.385132667147
7.19999999999999 888.385132667147
7.29999999999999 888.385132667147
7.39999999999999 888.385132667147
7.499999999999989 888.385132667147
7.599999999999989 888.385132667147
7.699999999999989 888.385132667147
7.799999999999988 888.385132667147
7.899999999999988 888.385132667147
7.999999999999988 888.385132667147
8.099999999999987 888.385132667147
8.199999999999987 888.385132667147
8.299999999999986 888.385132667147
8.399999999999986 888.385132667147
8.499999999999986 888.385132667147
8.599999999999985 888.385132667147
8.699999999999985 888.385132667147
8.799999999999985 888.385132667147
8.899999999999984 888.385132667147
8.999999999999984 888.385132667147
9.099999999999984 888.385132667147
9.199999999999983 888.385132667147
9.299999999999983 888.385132667147
9.399999999999983 888.385132667147
9.499999999999982 888.385132667147
9.599999999999982 888.385132667147
9.699999999999982 888.385132667147
9.799999999999981 888.385132667147
9.899999999999981 888.385132667147
9.99999999999998 888.385132667147
10.09999999999998 888.385132667147
10.19999999999998 888.385132667147
10.29999999999998 888.385132667147
10.39999999999998 888.385132667147
10.49999999999998 888.385132667147
10.59999999999998 888.385132667147
10.69999999999998 888.385132667147
10.79999999999998 888.385132667147
10.89999999999998 888.385132667147
10.99999999999998 888.385132667147
11.09999999999998 888.385132667147
11.19999999999998 888.385132667147
11.29999999999998 888.385132667147
11.39999999999998 888.385132667147
11.49999999999998 888.385132667147
11.59999999999997 888.385132667147
11.69999999999997 888.385132667147
11.79999999999997 888.385132667147
11.89999999999997 888.385132667147
11.99999999999997 888.385132667147
12.09999999999997 888.385132667147
12.19999999999997 888.385132667147
12.29999999999997 888.385132667147
12.39999999999997 888.385132667147
12.49999999999997 888.385132667147
12.59999999999997 888.385132667147
12.69999999999997 888.385132667147
12.79999999999997 888.385132667147
12.89999999999997 888.385132667147
12.99999999999997 888.385132667147
13.09999999999997 888.385132667147
13.19999999999997 888.385132667147
13.29999999999997 888.385132667147
13.39999999999997 888.385132667147
13.49999999999997 888.385132667147
13.59999999999997 888.385132667147
13.69999999999997 888.385132667147
13.79999999999997 888.385132667147
13.89999999999997 888.385132667147
13.99999999999997 888.385132667147
14.09999999999997 888.385132667147
14.19999999999997 888.385132667147
14.29999999999997 888.385132667147
14.39999999999996 888.385132667147
14.49999999999996 888.385132667147
14.59999999999996 888.385132667147
14.69999999999996 888.385132667147
14.79999999999996 888.385132667147
14.89999999999996 888.385132667147
14.99999999999996 888.385132667147
15.09999999999996 888.385132667147
15.19999999999996 888.385132667147
15.29999999999996 888.385132667147
15.39999999999996 888.385132667147
15.49999999999996 888.385132667147
15.59999999999996 888.385132667147
15.69999999999996 888.385132667147
15.79999999999996 888.385132667147
15.89999999999996 888.385132667147
15.99999999999996 888.385132667147
16.09999999999996 888.385132667147
16.19999999999996 888.385132667147
16.29999999999996 888.385132667147
16.39999999999996 888.385132667147
16.49999999999996 888.385132667147
16.59999999999997 888.385132667147
16.69999999999997 888.385132667147
16.79999999999997 888.385132667147
16.89999999999997 888.385132667147
16.99999999999997 888.385132667147
17.09999999999997 888.385132667147
17.19999999999997 888.385132667147
17.29999999999998 888.385132667147
17.39999999999998 888.385132667147
17.49999999999998 888.385132667147
17.59999999999998 888.385132667147
17.69999999999998 888.385132667147
17.79999999999998 888.385132667147
17.89999999999998 888.385132667147
17.99999999999999 888.385132667147
18.09999999999999 888.385132667147
18.19999999999999 888.385132667147
18.29999999999999 888.385132667147
18.39999999999999 888.385132667147
18.49999999999999 888.385132667147
18.59999999999999 888.385132667147
18.7 888.385132667147
18.8 888.385132667147
18.9 888.385132667147
19 888.385132667147
19.1 888.385132667147
19.2 888.385132667147
19.3 888.385132667147
19.40000000000001 888.385132667147
19.50000000000001 888.385132667147
19.60000000000001 888.385132667147
19.70000000000001 888.385132667147
19.80000000000001 888.385132667147
19.90000000000001 888.385132667147
20.00000000000001 888.385132667147
20.10000000000002 888.385132667147
20.20000000000002 888.385132667147
20.30000000000002 888.385132667147
20.40000000000002 888.385132667147
20.50000000000002 888.385132667147
20.60000000000002 888.385132667147
20.70000000000002 888.385132667147
20.80000000000003 888.385132667147
20.90000000000003 888.385132667147
21.00000000000003 888.385132667147
21.10000000000003 888.385132667147
21.20000000000003 888.385132667147
21.30000000000003 888.385132667147
21.40000000000003 888.385132667147
21.50000000000004 888.385132667147
21.60000000000004 888.385132667147
21.70000000000004 888.385132667147
21.80000000000004 888.385132667147
21.90000000000004 888.385132667147
22.00000000000004 888.385132667147
22.10000000000004 888.385132667147
22.20000000000005 888.385132667147
22.30000000000005 888.385132667147
22.40000000000005 888.385132667147
22.50000000000005 888.385132667147
22.60000000000005 888.385132667147
22.70000000000005 888.385132667147
22.80000000000005 888.385132667147
22.90000000000006 888.385132667147
23.00000000000006 888.385132667147
23.10000000000006 888.385132667147
23.20000000000006 888.385132667147
23.30000000000006 888.385132667147
23.40000000000006 888.385132667147
23.50000000000006 888.385132667147
23.60000000000007 888.385132667147
23.70000000000007 888.385132667147
23.80000000000007 888.385132667147
23.90000000000007 888.385132667147
24.00000000000007 888.385132667147
24.10000000000007 888.385132667147
24.20000000000007 888.385132667147
24.30000000000008 888.385132667147
24.40000000000008 888.385132667147
24.50000000000008 888.385132667147
24.60000000000008 888.385132667147
24.70000000000008 888.385132667147
24.80000000000008 888.385132667147
24.90000000000008 888.385132667147
25.00000000000009 888.385132667147
25.10000000000009 888.385132667147
25.20000000000009 888.385132667147
25.30000000000009 888.385132667147
25.40000000000009 888.385132667147
25.50000000000009 888.385132667147
25.60000000000009 888.385132667147
25.7000000000001 888.385132667147
25.8000000000001 888.385132667147
25.9000000000001 888.385132667147
26.0000000000001 888.385132667147
26.1000000000001 888.385132667147
26.2000000000001 888.385132667147
26.3000000000001 888.385132667147
26.40000000000011 888.385132667147
26.50000000000011 888.385132667147
26.60000000000011 888.385132667147
26.70000000000011 888.385132667147
26.80000000000011 888.385132667147
26.90000000000011 888.385132667147
27.00000000000011 888.385132667147
27.10000000000012 888.385132667147
27.20000000000012 888.385132667147
27.30000000000012 888.385132667147
27.40000000000012 888.385132667147
27.50000000000012 888.385132667147
27.60000000000012 888.385132667147
27.70000000000012 888.385132667147
27.80000000000013 888.385132667147
27.90000000000013 888.385132667147
28.00000000000013 888.385132667147
28.10000000000013 888.385132667147
28.20000000000013 888.385132667147
28.30000000000013 888.385132667147
28.40000000000013 888.385132667147
28.50000000000014 888.385132667147
28.60000000000014 888.385132667147
28.70000000000014 888.385132667147
28.80000000000014 888.385132667147
28.90000000000014 888.385132667147
29.00000000000014 888.385132667147
29.10000000000014 888.385132667147
29.20000000000014 888.385132667147
29.30000000000015 888.385132667147
29.40000000000015 888.385132667147
29.50000000000015 888.385132667147
29.60000000000015 888.385132667147
29.70000000000015 888.385132667147
29.80000000000015 888.385132667147
29.90000000000015 888.385132667147
30.00000000000016 888.385132667147
30.10000000000016 888.385132667147
30.20000000000016 888.385132667147
30.30000000000016 888.385132667147
30.40000000000016 888.385132667147
30.50000000000016 888.385132667147
30.60000000000016 888.385132667147
30.70000000000017 888.385132667147
30.80000000000017 888.385132667147
30.90000000000017 888.385132667147
31.00000000000017 888.385132667147
31.10000000000017 888.385132667147
31.20000000000017 888.385132667147
31.30000000000017 888.385132667147
31.40000000000018 888.385132667147
31.50000000000018 888.385132667147
31.60000000000018 888.385132667147
31.70000000000018 888.385132667147
31.80000000000018 888.385132667147
31.90000000000018 888.385132667147
32.00000000000018 888.385132667147
32.10000000000019 888.385132667147
32.20000000000019 888.385132667147
32.30000000000019 888.385132667147
32.40000000000019 888.385132667147
32.50000000000019 888.385132667147
32.60000000000019 888.385132667147
32.70000000000019 888.385132667147
32.8000000000002 888.385132667147
32.9000000000002 888.385132667147
33.0000000000002 888.385132667147
33.1000000000002 888.385132667147
33.2000000000002 888.385132667147
33.3000000000002 888.385132667147
33.4000000000002 888.385132667147
33.50000000000021 888.385132667147
33.60000000000021 888.385132667147
33.70000000000021 888.385132667147
33.80000000000021 888.385132667147
33.90000000000021 888.385132667147
34.00000000000021 888.385132667147
34.10000000000021 888.385132667147
34.20000000000022 888.385132667147
34.30000000000022 888.385132667147
34.40000000000022 888.385132667147
34.50000000000022 888.385132667147
34.60000000000022 888.385132667147
34.70000000000022 888.385132667147
34.80000000000022 888.385132667147
34.90000000000023 888.385132667147
35.00000000000023 888.385132667147
35.10000000000023 888.385132667147
35.20000000000023 888.385132667147
35.30000000000023 888.385132667147
35.40000000000023 888.385132667147
35.50000000000023 888.385132667147
35.60000000000024 888.385132667147
35.70000000000024 888.385132667147
35.80000000000024 888.385132667147
35.90000000000024 888.385132667147
36.00000000000024 888.385132667147
36.10000000000024 888.385132667147
36.20000000000024 888.385132667147
36.30000000000025 888.385132667147
36.40000000000025 888.385132667147
36.50000000000025 888.385132667147
36.60000000000025 888.385132667147
36.70000000000025 888.385132667147
36.80000000000025 888.385132667147
36.90000000000025 888.385132667147
37.00000000000026 888.385132667147
37.10000000000026 888.385132667147
37.20000000000026 888.385132667147
37.30000000000026 888.385132667147
37.40000000000026 888.385132667147
37.50000000000026 888.385132667147
37.60000000000026 888.385132667147
37.70000000000027 888.385132667147
37.80000000000027 888.385132667147
37.90000000000027 888.385132667147
38.00000000000027 888.385132667147
38.10000000000027 888.385132667147
38.20000000000027 888.385132667147
38.30000000000027 888.385132667147
38.40000000000028 888.385132667147
38.50000000000028 888.385132667147
38.60000000000028 888.385132667147
38.70000000000028 888.385132667147
38.80000000000028 888.385132667147
38.90000000000028 888.385132667147
39.00000000000028 888.385132667147
39.10000000000029 888.385132667147
39.20000000000029 888.385132667147
39.30000000000029 888.385132667147
39.40000000000029 888.385132667147
39.50000000000029 888.385132667147
39.60000000000029 888.385132667147
39.70000000000029 888.385132667147
39.8000000000003 888.385132667147
39.9000000000003 888.385132667147
40.0000000000003 888.385132667147
40.1000000000003 888.385132667147
40.2000000000003 888.385132667147
40.3000000000003 888.385132667147
40.4000000000003 888.385132667147
40.50000000000031 888.385132667147
40.60000000000031 888.385132667147
40.70000000000031 888.385132667147
40.80000000000031 888.385132667147
40.90000000000031 888.385132667147
41.00000000000031 888.385132667147
41.10000000000031 888.385132667147
41.20000000000032 888.385132667147
41.30000000000032 888.385132667147
41.40000000000032 888.385132667147
41.50000000000032 888.385132667147
41.60000000000032 888.385132667147
41.70000000000032 888.385132667147
41.80000000000032 888.385132667147
41.90000000000033 888.385132667147
42.00000000000033 888.385132667147
42.10000000000033 888.385132667147
42.20000000000033 888.385132667147
42.30000000000033 888.385132667147
42.40000000000033 888.385132667147
42.50000000000033 888.385132667147
42.60000000000034 888.385132667147
42.70000000000034 888.385132667147
42.80000000000034 888.385132667147
42.90000000000034 888.385132667147
43.00000000000034 888.385132667147
43.10000000000034 888.385132667147
43.20000000000034 888.385132667147
43.30000000000035 888.385132667147
43.40000000000035 888.385132667147
43.50000000000035 888.385132667147
43.60000000000035 888.385132667147
43.70000000000035 888.385132667147
43.80000000000035 888.385132667147
43.90000000000035 888.385132667147
44.00000000000036 888.385132667147
44.10000000000036 888.385132667147
44.20000000000036 888.385132667147
44.30000000000036 888.385132667147
44.40000000000036 888.385132667147
44.50000000000036 888.385132667147
44.60000000000036 888.385132667147
44.70000000000037 888.385132667147
44.80000000000037 888.385132667147
44.90000000000037 888.385132667147
45.00000000000037 888.385132667147
45.10000000000037 888.385132667147
45.20000000000037 888.385132667147
45.30000000000037 888.385132667147
45.40000000000038 888.385132667147
45.50000000000038 888.385132667147
45.60000000000038 888.385132667147
45.70000000000038 888.385132667147
45.80000000000038 888.385132667147
45.90000000000038 888.385132667147
46.00000000000038 888.385132667147
46.10000000000039 888.385132667147
46.20000000000039 888.385132667147
46.30000000000039 888.385132667147
46.40000000000039 888.385132667147
46.50000000000039 888.385132667147
46.60000000000039 888.385132667147
46.70000000000039 888.385132667147
46.8000000000004 888.385132667147
46.9000000000004 888.385132667147
47.0000000000004 888.385132667147
47.1000000000004 888.385132667147
47.2000000000004 888.385132667147
47.3000000000004 888.385132667147
47.4000000000004 888.385132667147
47.50000000000041 888.385132667147
47.60000000000041 888.385132667147
47.70000000000041 888.385132667147
47.80000000000041 888.385132667147
47.90000000000041 888.385132667147
48.00000000000041 888.385132667147
48.10000000000041 888.385132667147
48.20000000000041 888.385132667147
48.30000000000042 888.385132667147
48.40000000000042 888.385132667147
48.50000000000042 888.385132667147
48.60000000000042 888.385132667147
48.70000000000042 888.385132667147
48.80000000000042 888.385132667147
48.90000000000042 888.385132667147
49.00000000000043 888.385132667147
49.10000000000043 888.385132667147
49.20000000000043 888.385132667147
49.30000000000043 888.385132667147
49.40000000000043 888.385132667147
49.50000000000043 888.385132667147
49.60000000000043 888.385132667147
49.70000000000044 888.385132667147
49.80000000000044 888.385132667147
49.90000000000044 888.385132667147