Time X1
0 250
0.1 238.2102706854719
0.2 238.2102706857437
0.3 238.2102706860155
0.4 238.2102706862873
0.5 238.2102706863695
0.6 238.2102706863704
0.7 238.2102706863713
0.7999999999999999 238.2102706863718
0.8999999999999999 238.2102706863718
0.9999999999999999 238.2102706863718
1.1 238.2102706863718
1.2 238.2102706863718
1.3 238.2102706863718
1.4 238.2102706863718
1.5 238.2102706863718
1.6 238.2102706863718
1.7 238.2102706863718
1.8 238.2102706863718
1.900000000000001 238.2102706863718
2 238.2102706863718
2.100000000000001 238.2102706863718
2.200000000000001 238.2102706863718
2.300000000000001 238.2102706863718
2.400000000000001 238.2102706863718
2.500000000000001 238.2102706863718
2.600000000000001 238.2102706863718
2.700000000000001 238.2102706863718
2.800000000000001 238.2102706863718
2.900000000000001 238.2102706863718
3.000000000000001 238.2102706863718
3.100000000000001 238.2102706863718
3.200000000000002 238.2102706863718
3.300000000000002 238.2102706863718
3.400000000000002 238.2102706863718
3.500000000000002 238.2102706863718
3.600000000000002 238.2102706863718
3.700000000000002 238.2102706863718
3.800000000000002 238.2102706863718
3.900000000000002 238.2102706863718
4.000000000000002 238.2102706863718
4.100000000000001 238.2102706863718
4.200000000000001 238.2102706863718
4.300000000000001 238.2102706863718
4.4 238.2102706863718
4.5 238.2102706863718
4.6 238.2102706863718
4.699999999999999 238.2102706863718
4.799999999999999 238.2102706863718
4.899999999999999 238.2102706863718
4.999999999999998 238.2102706863718
5.099999999999998 238.2102706863718
5.199999999999998 238.2102706863718
5.299999999999997 238.2102706863718
5.399999999999997 238.2102706863718
5.499999999999996 238.2102706863718
5.599999999999996 238.2102706863718
5.699999999999996 238.2102706863718
5.799999999999995 238.2102706863718
5.899999999999995 238.2102706863718
5.999999999999995 238.2102706863718
6.099999999999994 238.2102706863718
6.199999999999994 238.2102706863718
6.299999999999994 238.2102706863718
6.399999999999993 238.2102706863718
6.499999999999993 238.2102706863718
6.599999999999993 238.2102706863718
6.699999999999992 238.2102706863718
6.799999999999992 238.2102706863718
6.899999999999991 238.2102706863718
6.999999999999991 238.2102706863719
7.099999999999991 238.2102706863719
7.19999999999999 238.2102706863719
7.29999999999999 238.2102706863719
7.39999999999999 238.2102706863719
7.499999999999989 238.2102706863719
7.599999999999989 238.2102706863719
7.699999999999989 238.2102706863719
7.799999999999988 238.2102706863719
7.899999999999988 238.2102706863719
7.999999999999988 238.2102706863719
8.099999999999987 238.2102706863719
8.199999999999987 238.2102706863719
8.299999999999986 238.2102706863719
8.399999999999986 238.2102706863719
8.499999999999986 238.2102706863719
8.599999999999985 238.2102706863719
8.699999999999985 238.2102706863719
8.799999999999985 238.2102706863719
8.899999999999984 238.2102706863719
8.999999999999984 238.2102706863719
9.099999999999984 238.2102706863719
9.199999999999983 238.2102706863719
9.299999999999983 238.2102706863719
9.399999999999983 238.2102706863719
9.499999999999982 238.2102706863719
9.599999999999982 238.2102706863719
9.699999999999982 238.2102706863719
9.799999999999981 238.2102706863719
9.899999999999981 238.2102706863719
9.99999999999998 238.2102706863719
10.09999999999998 238.2102706863719
10.19999999999998 238.2102706863719
10.29999999999998 238.2102706863719
10.39999999999998 238.2102706863719
10.49999999999998 238.2102706863719
10.59999999999998 238.2102706863719
10.69999999999998 238.2102706863719
10.79999999999998 238.2102706863719
10.89999999999998 238.2102706863719
10.99999999999998 238.2102706863719
11.09999999999998 238.2102706863719
11.19999999999998 238.2102706863719
11.29999999999998 238.2102706863719
11.39999999999998 238.2102706863719
11.49999999999998 238.2102706863719
11.59999999999997 238.2102706863719
11.69999999999997 238.2102706863719
11.79999999999997 238.2102706863719
11.89999999999997 238.2102706863719
11.99999999999997 238.2102706863719
12.09999999999997 238.2102706863719
12.19999999999997 238.2102706863719
12.29999999999997 238.2102706863719
12.39999999999997 238.2102706863719
12.49999999999997 238.2102706863719
12.59999999999997 238.2102706863719
12.69999999999997 238.2102706863719
12.79999999999997 238.2102706863719
12.89999999999997 238.2102706863719
12.99999999999997 238.2102706863719
13.09999999999997 238.2102706863719
13.19999999999997 238.2102706863719
13.29999999999997 238.2102706863719
13.39999999999997 238.2102706863719
13.49999999999997 238.2102706863719
13.59999999999997 238.2102706863719
13.69999999999997 238.2102706863719
13.79999999999997 238.2102706863719
13.89999999999997 238.2102706863719
13.99999999999997 238.2102706863719
14.09999999999997 238.2102706863719
14.19999999999997 238.2102706863719
14.29999999999997 238.2102706863719
14.39999999999996 238.2102706863719
14.49999999999996 238.2102706863719
14.59999999999996 238.2102706863719
14.69999999999996 238.2102706863719
14.79999999999996 238.2102706863719
14.89999999999996 238.2102706863719
14.99999999999996 238.2102706863719
15.09999999999996 238.2102706863719
15.19999999999996 238.2102706863719
15.29999999999996 238.2102706863719
15.39999999999996 238.2102706863719
15.49999999999996 238.2102706863719
15.59999999999996 238.2102706863719
15.69999999999996 238.2102706863719
15.79999999999996 238.2102706863719
15.89999999999996 238.2102706863719
15.99999999999996 238.2102706863719
16.09999999999996 238.2102706863719
16.19999999999996 238.2102706863719
16.29999999999996 238.2102706863719
16.39999999999996 238.2102706863719
16.49999999999996 238.2102706863719
16.59999999999997 238.2102706863719
16.69999999999997 238.2102706863719
16.79999999999997 238.2102706863719
16.89999999999997 238.2102706863719
16.99999999999997 238.2102706863719
17.09999999999997 238.2102706863719
17.19999999999997 238.2102706863719
17.29999999999998 238.2102706863719
17.39999999999998 238.2102706863719
17.49999999999998 238.2102706863719
17.59999999999998 238.2102706863719
17.69999999999998 238.2102706863719
17.79999999999998 238.2102706863719
17.89999999999998 238.2102706863719
17.99999999999999 238.2102706863719
18.09999999999999 238.2102706863719
18.19999999999999 238.2102706863719
18.29999999999999 238.2102706863719
18.39999999999999 238.2102706863719
18.49999999999999 238.2102706863719
18.59999999999999 238.2102706863719
18.7 238.2102706863719
18.8 238.2102706863719
18.9 238.2102706863719
19 238.2102706863719
19.1 238.2102706863719
19.2 238.2102706863719
19.3 238.2102706863719
19.40000000000001 238.2102706863719
19.50000000000001 238.2102706863719
19.60000000000001 238.2102706863719
19.70000000000001 238.2102706863719
19.80000000000001 238.2102706863719
19.90000000000001 238.2102706863719
20.00000000000001 238.2102706863719
20.10000000000002 238.2102706863719
20.20000000000002 238.2102706863719
20.30000000000002 238.2102706863719
20.40000000000002 238.2102706863719
20.50000000000002 238.2102706863719
20.60000000000002 238.2102706863719
20.70000000000002 238.2102706863719
20.80000000000003 238.2102706863719
20.90000000000003 238.2102706863719
21.00000000000003 238.2102706863719
21.10000000000003 238.2102706863719
21.20000000000003 238.2102706863719
21.30000000000003 238.2102706863719
21.40000000000003 238.2102706863719
21.50000000000004 238.2102706863719
21.60000000000004 238.2102706863719
21.70000000000004 238.2102706863719
21.80000000000004 238.2102706863719
21.90000000000004 238.2102706863719
22.00000000000004 238.2102706863719
22.10000000000004 238.2102706863719
22.20000000000005 238.2102706863719
22.30000000000005 238.2102706863719
22.40000000000005 238.2102706863719
22.50000000000005 238.2102706863719
22.60000000000005 238.2102706863719
22.70000000000005 238.2102706863719
22.80000000000005 238.2102706863719
22.90000000000006 238.2102706863719
23.00000000000006 238.2102706863719
23.10000000000006 238.2102706863719
23.20000000000006 238.2102706863719
23.30000000000006 238.2102706863719
23.40000000000006 238.2102706863719
23.50000000000006 238.2102706863719
23.60000000000007 238.2102706863719
23.70000000000007 238.2102706863719
23.80000000000007 238.2102706863719
23.90000000000007 238.2102706863719
24.00000000000007 238.2102706863719
24.10000000000007 238.2102706863719
24.20000000000007 238.2102706863719
24.30000000000008 238.2102706863719
24.40000000000008 238.2102706863719
24.50000000000008 238.2102706863719
24.60000000000008 238.2102706863719
24.70000000000008 238.2102706863719
24.80000000000008 238.2102706863719
24.90000000000008 238.2102706863719
25.00000000000009 238.2102706863719
25.10000000000009 238.2102706863719
25.20000000000009 238.2102706863719
25.30000000000009 238.2102706863719
25.40000000000009 238.2102706863719
25.50000000000009 238.2102706863719
25.60000000000009 238.2102706863719
25.7000000000001 238.2102706863719
25.8000000000001 238.2102706863719
25.9000000000001 238.2102706863719
26.0000000000001 238.2102706863719
26.1000000000001 238.2102706863719
26.2000000000001 238.2102706863719
26.3000000000001 238.2102706863719
26.40000000000011 238.2102706863719
26.50000000000011 238.2102706863719
26.60000000000011 238.2102706863719
26.70000000000011 238.2102706863719
26.80000000000011 238.2102706863719
26.90000000000011 238.2102706863719
27.00000000000011 238.2102706863719
27.10000000000012 238.2102706863719
27.20000000000012 238.2102706863719
27.30000000000012 238.2102706863719
27.40000000000012 238.2102706863719
27.50000000000012 238.2102706863719
27.60000000000012 238.2102706863719
27.70000000000012 238.2102706863719
27.80000000000013 238.2102706863719
27.90000000000013 238.2102706863719
28.00000000000013 238.2102706863719
28.10000000000013 238.2102706863719
28.20000000000013 238.2102706863719
28.30000000000013 238.2102706863719
28.40000000000013 238.2102706863719
28.50000000000014 238.2102706863719
28.60000000000014 238.2102706863719
28.70000000000014 238.2102706863719
28.80000000000014 238.2102706863719
28.90000000000014 238.2102706863719
29.00000000000014 238.2102706863719
29.10000000000014 238.2102706863719
29.20000000000014 238.2102706863719
29.30000000000015 238.2102706863719
29.40000000000015 238.2102706863719
29.50000000000015 238.2102706863719
29.60000000000015 238.2102706863719
29.70000000000015 238.2102706863719
29.80000000000015 238.2102706863719
29.90000000000015 238.2102706863719
30.00000000000016 238.2102706863719
30.10000000000016 238.2102706863719
30.20000000000016 238.2102706863719
30.30000000000016 238.2102706863719
30.40000000000016 238.2102706863719
30.50000000000016 238.2102706863719
30.60000000000016 238.2102706863719
30.70000000000017 238.2102706863719
30.80000000000017 238.2102706863719
30.90000000000017 238.2102706863719
31.00000000000017 238.2102706863719
31.10000000000017 238.2102706863719
31.20000000000017 238.2102706863719
31.30000000000017 238.2102706863719
31.40000000000018 238.2102706863719
31.50000000000018 238.2102706863719
31.60000000000018 238.2102706863719
31.70000000000018 238.2102706863719
31.80000000000018 238.2102706863719
31.90000000000018 238.2102706863719
32.00000000000018 238.2102706863719
32.10000000000019 238.2102706863719
32.20000000000019 238.2102706863719
32.30000000000019 238.2102706863719
32.40000000000019 238.2102706863719
32.50000000000019 238.2102706863719
32.60000000000019 238.2102706863719
32.70000000000019 238.2102706863719
32.8000000000002 238.2102706863719
32.9000000000002 238.2102706863719
33.0000000000002 238.2102706863719
33.1000000000002 238.2102706863719
33.2000000000002 238.2102706863719
33.3000000000002 238.2102706863719
33.4000000000002 238.2102706863719
33.50000000000021 238.2102706863719
33.60000000000021 238.2102706863719
33.70000000000021 238.2102706863719
33.80000000000021 238.2102706863719
33.90000000000021 238.2102706863719
34.00000000000021 238.2102706863719
34.10000000000021 238.2102706863719
34.20000000000022 238.2102706863719
34.30000000000022 238.2102706863719
34.40000000000022 238.2102706863719
34.50000000000022 238.2102706863719
34.60000000000022 238.2102706863719
34.70000000000022 238.2102706863719
34.80000000000022 238.2102706863719
34.90000000000023 238.2102706863719
35.00000000000023 238.2102706863719
35.10000000000023 238.2102706863719
35.20000000000023 238.2102706863719
35.30000000000023 238.2102706863719
35.40000000000023 238.2102706863719
35.50000000000023 238.2102706863719
35.60000000000024 238.2102706863719
35.70000000000024 238.2102706863719
35.80000000000024 238.2102706863719
35.90000000000024 238.2102706863719
36.00000000000024 238.2102706863719
36.10000000000024 238.2102706863719
36.20000000000024 238.2102706863719
36.30000000000025 238.2102706863719
36.40000000000025 238.2102706863719
36.50000000000025 238.2102706863719
36.60000000000025 238.2102706863719
36.70000000000025 238.2102706863719
36.80000000000025 238.2102706863719
36.90000000000025 238.2102706863719
37.00000000000026 238.2102706863719
37.10000000000026 238.2102706863719
37.20000000000026 238.2102706863719
37.30000000000026 238.2102706863719
37.40000000000026 238.2102706863719
37.50000000000026 238.2102706863719
37.60000000000026 238.2102706863719
37.70000000000027 238.2102706863719
37.80000000000027 238.2102706863719
37.90000000000027 238.2102706863719
38.00000000000027 238.2102706863719
38.10000000000027 238.2102706863719
38.20000000000027 238.2102706863719
38.30000000000027 238.2102706863719
38.40000000000028 238.2102706863719
38.50000000000028 238.2102706863719
38.60000000000028 238.2102706863719
38.70000000000028 238.2102706863719
38.80000000000028 238.2102706863719
38.90000000000028 238.2102706863719
39.00000000000028 238.2102706863719
39.10000000000029 238.2102706863719
39.20000000000029 238.2102706863719
39.30000000000029 238.2102706863719
39.40000000000029 238.2102706863719
39.50000000000029 238.2102706863719
39.60000000000029 238.2102706863719
39.70000000000029 238.2102706863719
39.8000000000003 238.2102706863719
39.9000000000003 238.2102706863719
40.0000000000003 238.2102706863719
40.1000000000003 238.2102706863719
40.2000000000003 238.2102706863719
40.3000000000003 238.2102706863719
40.4000000000003 238.2102706863719
40.50000000000031 238.2102706863719
40.60000000000031 238.2102706863719
40.70000000000031 238.2102706863719
40.80000000000031 238.2102706863719
40.90000000000031 238.2102706863719
41.00000000000031 238.2102706863719
41.10000000000031 238.2102706863719
41.20000000000032 238.2102706863719
41.30000000000032 238.2102706863719
41.40000000000032 238.2102706863719
41.50000000000032 238.2102706863719
41.60000000000032 238.2102706863719
41.70000000000032 238.2102706863719
41.80000000000032 238.2102706863719
41.90000000000033 238.2102706863719
42.00000000000033 238.2102706863719
42.10000000000033 238.2102706863719
42.20000000000033 238.2102706863719
42.30000000000033 238.2102706863719
42.40000000000033 238.2102706863719
42.50000000000033 238.2102706863719
42.60000000000034 238.2102706863719
42.70000000000034 238.2102706863719
42.80000000000034 238.2102706863719
42.90000000000034 238.2102706863719
43.00000000000034 238.2102706863719
43.10000000000034 238.2102706863719
43.20000000000034 238.2102706863719
43.30000000000035 238.2102706863719
43.40000000000035 238.2102706863719
43.50000000000035 238.2102706863719
43.60000000000035 238.2102706863719
43.70000000000035 238.2102706863719
43.80000000000035 238.2102706863719
43.90000000000035 238.2102706863719
44.00000000000036 238.2102706863719
44.10000000000036 238.2102706863719
44.20000000000036 238.2102706863719
44.30000000000036 238.2102706863719
44.40000000000036 238.2102706863719
44.50000000000036 238.2102706863719
44.60000000000036 238.2102706863719
44.70000000000037 238.2102706863719
44.80000000000037 238.2102706863719
44.90000000000037 238.2102706863719
45.00000000000037 238.2102706863719
45.10000000000037 238.2102706863719
45.20000000000037 238.2102706863719
45.30000000000037 238.2102706863719
45.40000000000038 238.2102706863719
45.50000000000038 238.2102706863719
45.60000000000038 238.2102706863719
45.70000000000038 238.2102706863719
45.80000000000038 238.2102706863719
45.90000000000038 238.2102706863719
46.00000000000038 238.2102706863719
46.10000000000039 238.2102706863719
46.20000000000039 238.2102706863719
46.30000000000039 238.2102706863719
46.40000000000039 238.2102706863719
46.50000000000039 238.2102706863719
46.60000000000039 238.2102706863719
46.70000000000039 238.2102706863719
46.8000000000004 238.2102706863719
46.9000000000004 238.2102706863719
47.0000000000004 238.2102706863719
47.1000000000004 238.2102706863719
47.2000000000004 238.2102706863719
47.3000000000004 238.2102706863719
47.4000000000004 238.2102706863719
47.50000000000041 238.2102706863719
47.60000000000041 238.2102706863719
47.70000000000041 238.2102706863719
47.80000000000041 238.2102706863719
47.90000000000041 238.2102706863719
48.00000000000041 238.2102706863719
48.10000000000041 238.2102706863719
48.20000000000041 238.2102706863719
48.30000000000042 238.2102706863719
48.40000000000042 238.2102706863719
48.50000000000042 238.2102706863719
48.60000000000042 238.2102706863719
48.70000000000042 238.2102706863719
48.80000000000042 238.2102706863719
48.90000000000042 238.2102706863719
49.00000000000043 238.2102706863719
49.10000000000043 238.2102706863719
49.20000000000043 238.2102706863719
49.30000000000043 238.2102706863719
49.40000000000043 238.2102706863719
49.50000000000043 238.2102706863719
49.60000000000043 238.2102706863719
49.70000000000044 238.2102706863719
49.80000000000044 238.2102706863719
49.90000000000044 238.2102706863719