Time X1
0 250
0.1 250.2145590045346
0.2 250.4486894782599
0.3 250.7044175686228
0.4 250.9833377129983
0.5 251.2880106624825
0.6 251.6208165619896
0.7 251.984319464203
0.7999999999999999 252.3815488936057
0.8999999999999999 252.8154136907772
0.9999999999999999 253.2896571838889
1.1 253.8080255157425
1.2 254.3748097957672
1.3 254.994714159061
1.4 255.6729096181415
1.5 256.4151117382734
1.6 257.2276351892264
1.7 258.117378665251
1.8 259.09213732714
1.900000000000001 260.1603591719056
2 261.3316484492615
2.100000000000001 262.6164103897033
2.200000000000001 264.0263481667528
2.300000000000001 265.5744925565294
2.400000000000001 267.2752699372957
2.500000000000001 269.1448352091261
2.600000000000001 271.2011915202627
2.700000000000001 273.4644082769871
2.800000000000001 275.9568185234124
2.900000000000001 278.7033124650059
3.000000000000001 281.731732559013
3.100000000000001 285.0729476310884
3.200000000000002 288.7613097769033
3.300000000000002 292.834861406892
3.400000000000002 297.3354512319958
3.500000000000002 302.3088322044396
3.600000000000002 307.8049590593133
3.700000000000002 313.8768144086715
3.800000000000002 320.5802791060568
3.900000000000002 327.972056228161
4.000000000000002 336.1087488759624
4.100000000000001 345.0414864068268
4.200000000000001 354.8121701191793
4.300000000000001 365.4474033332592
4.4 376.9494450589369
4.5 389.2870988884434
4.6 402.3859570558087
4.699999999999999 416.1192381431947
4.799999999999999 430.3033936941472
4.899999999999999 444.6993090305729
4.999999999999998 459.0252312317156
5.099999999999998 472.9755615110422
5.199999999999998 486.2505687259591
5.299999999999997 498.5866551965273
5.399999999999997 509.7825452885103
5.499999999999996 519.7149266274924
5.599999999999996 528.3410207147257
5.699999999999996 535.6894772362505
5.799999999999995 541.8436843157662
5.899999999999995 546.9223926824091
5.999999999999995 551.0616655105975
6.099999999999994 554.4005625666089
6.199999999999994 557.0710391598095
6.299999999999994 559.1922139189012
6.399999999999993 560.8678427306417
6.499999999999993 562.1857168694562
6.599999999999993 563.2186001305316
6.699999999999992 564.0259338758972
6.799999999999992 564.6556229172757
6.899999999999991 565.145923422425
6.999999999999991 565.5271775761004
7.099999999999991 565.8233603959252
7.19999999999999 566.0532640602801
7.29999999999999 566.2316063391324
7.39999999999999 566.3698904344939
7.499999999999989 566.4770735385953
7.599999999999989 566.560113662332
7.699999999999989 566.6244423219209
7.799999999999988 566.6742838971448
7.899999999999988 566.7129163530074
7.999999999999988 566.7427931045547
8.099999999999987 566.7659088054479
8.199999999999987 566.7837992553767
8.299999999999986 566.7976601425826
8.399999999999986 566.8083868137255
8.499999999999986 566.8166755197199
8.599999999999985 566.8230864395382
8.699999999999985 566.8280414962609
8.799999999999985 566.8319076198267
8.899999999999984 566.8349229302376
8.999999999999984 566.8373875390727
9.099999999999984 566.8390828349524
9.199999999999983 566.8404683593784
9.299999999999983 566.8415724294158
9.399999999999983 566.8424067514704
9.499999999999982 566.8430330929011
9.599999999999982 566.8435128570768
9.699999999999982 566.843868051371
9.799999999999981 566.8441513790658
9.899999999999981 566.8443691797322
9.99999999999998 566.8445447401335
10.09999999999998 566.8446822908775
10.19999999999998 566.8447919426501
10.29999999999998 566.844877624546
10.39999999999998 566.8449443549716
10.49999999999998 566.8449967730501
10.59999999999998 566.8450367560935
10.69999999999998 566.8450685256292
10.79999999999998 566.8450927358816
10.89999999999998 566.8451120357463
10.99999999999998 566.8451268943214
11.09999999999998 566.8451386609323
11.19999999999998 566.8451478282345
11.29999999999998 566.8451549817695
11.39999999999998 566.8451606253102
11.49999999999998 566.84516791976
11.59999999999997 566.8451750588029
11.69999999999997 566.8451812800661
11.79999999999997 566.8451865835498
11.89999999999997 566.8451909692538
11.99999999999997 566.8451944371783
12.09999999999997 566.8451969873232
12.19999999999997 566.8451986196885
12.29999999999997 566.8451993342742
12.39999999999997 566.8451991310802
12.49999999999997 566.8451980101067
12.59999999999997 566.8451959713536
12.69999999999997 566.845193586401
12.79999999999997 566.8451944824931
12.89999999999997 566.8451951460258
12.99999999999997 566.8451955769993
13.09999999999997 566.8451957754137
13.19999999999997 566.8451957412688
13.29999999999997 566.8451954745645
13.39999999999997 566.8451949753011
13.49999999999997 566.8451942434783
13.59999999999997 566.8451932790964
13.69999999999997 566.8451920821552
13.79999999999997 566.8451906526548
13.89999999999997 566.8451889905951
13.99999999999997 566.8451879033954
14.09999999999997 566.8451874487115
14.19999999999997 566.8451869940276
14.29999999999997 566.8451865393436
14.39999999999996 566.8451860846596
14.49999999999996 566.8451856299757
14.59999999999996 566.8451851752917
14.69999999999996 566.8451847206078
14.79999999999996 566.8451842659239
14.89999999999996 566.8451838112398
14.99999999999996 566.8451833565559
15.09999999999996 566.845182901872
15.19999999999996 566.845182447188
15.29999999999996 566.845182347402
15.39999999999996 566.8451823338002
15.49999999999996 566.8451823201982
15.59999999999996 566.8451823065964
15.69999999999996 566.8451822929945
15.79999999999996 566.8451822793927
15.89999999999996 566.8451822657908
15.99999999999996 566.8451822521889
16.09999999999996 566.8451822385871
16.19999999999996 566.8451822249851
16.29999999999996 566.8451822113833
16.39999999999996 566.8451821977815
16.49999999999996 566.8451821841796
16.59999999999997 566.8451821705777
16.69999999999997 566.8451821569759
16.79999999999997 566.845182143374
16.89999999999997 566.8451821297721
16.99999999999997 566.8451821161702
17.09999999999997 566.8451821025684
17.19999999999997 566.8451820889665
17.29999999999998 566.8451820753646
17.39999999999998 566.8451820617628
17.49999999999998 566.845182048161
17.59999999999998 566.845182034559
17.69999999999998 566.8451820209572
17.79999999999998 566.8451820073553
17.89999999999998 566.8451819937534
17.99999999999999 566.8451819801516
18.09999999999999 566.8451819665497
18.19999999999999 566.8451819529479
18.29999999999999 566.8451819393459
18.39999999999999 566.8451819257441
18.49999999999999 566.8451819121423
18.59999999999999 566.8451818985403
18.7 566.8451818849385
18.8 566.8451818713366
18.9 566.8451818577348
19 566.8451818441329
19.1 566.845181830531
19.2 566.8451818169292
19.3 566.8451818033273
19.40000000000001 566.8451817897254
19.50000000000001 566.8451817761236
19.60000000000001 566.8451817625216
19.70000000000001 566.8451817489198
19.80000000000001 566.845181735318
19.90000000000001 566.8451817217161
20.00000000000001 566.8451817081142
20.10000000000002 566.8451816945123
20.20000000000002 566.8451816809105
20.30000000000002 566.8451816673086
20.40000000000002 566.8451816537067
20.50000000000002 566.8451816401049
20.60000000000002 566.8451816265031
20.70000000000002 566.8451816129011
20.80000000000003 566.8451815992993
20.90000000000003 566.8451815856974
21.00000000000003 566.8451815720955
21.10000000000003 566.8451815584937
21.20000000000003 566.8451815448918
21.30000000000003 566.84518153129
21.40000000000003 566.845181517688
21.50000000000004 566.8451815040862
21.60000000000004 566.8451814904844
21.70000000000004 566.8451814768824
21.80000000000004 566.8451814632806
21.90000000000004 566.8451814496788
22.00000000000004 566.8451814360768
22.10000000000004 566.845181422475
22.20000000000005 566.8451814088731
22.30000000000005 566.8451813952713
22.40000000000005 566.8451813816694
22.50000000000005 566.8451813680675
22.60000000000005 566.8451813544657
22.70000000000005 566.8451813408637
22.80000000000005 566.8451813272619
22.90000000000006 566.8451813136601
23.00000000000006 566.8451813000582
23.10000000000006 566.8451812864563
23.20000000000006 566.8451812728545
23.30000000000006 566.8451812592526
23.40000000000006 566.8451812456507
23.50000000000006 566.8451812320488
23.60000000000007 566.845181218447
23.70000000000007 566.8451812048452
23.80000000000007 566.8451811912432
23.90000000000007 566.8451811776414
24.00000000000007 566.8451811640396
24.10000000000007 566.8451811504376
24.20000000000007 566.8451811368358
24.30000000000008 566.8451811232339
24.40000000000008 566.8451811096321
24.50000000000008 566.8451810960302
24.60000000000008 566.8451810824283
24.70000000000008 566.8451810688265
24.80000000000008 566.8451810552245
24.90000000000008 566.8451810416227
25.00000000000009 566.8451810280209
25.10000000000009 566.8451810144189
25.20000000000009 566.8451810008171
25.30000000000009 566.8451809872153
25.40000000000009 566.8451809736134
25.50000000000009 566.8451809600115
25.60000000000009 566.8451809464096
25.7000000000001 566.8451809328078
25.8000000000001 566.8451809192059
25.9000000000001 566.845180905604
26.0000000000001 566.8451808920022
26.1000000000001 566.8451808784004
26.2000000000001 566.8451808647984
26.3000000000001 566.8451808511966
26.40000000000011 566.8451808375947
26.50000000000011 566.8451808239928
26.60000000000011 566.845180810391
26.70000000000011 566.8451807967891
26.80000000000011 566.8451807831873
26.90000000000011 566.8451807695853
27.00000000000011 566.8451807559835
27.10000000000012 566.8451807423817
27.20000000000012 566.8451807287797
27.30000000000012 566.8451807151779
27.40000000000012 566.8451807015761
27.50000000000012 566.8451806879741
27.60000000000012 566.8451806743723
27.70000000000012 566.8451806607704
27.80000000000013 566.8451806471686
27.90000000000013 566.845180635884
28.00000000000013 566.845180635477
28.10000000000013 566.8451806350699
28.20000000000013 566.8451806346629
28.30000000000013 566.8451806342559
28.40000000000013 566.8451806338489
28.50000000000014 566.8451806334419
28.60000000000014 566.8451806330349
28.70000000000014 566.8451806326279
28.80000000000014 566.8451806322209
28.90000000000014 566.8451806318139
29.00000000000014 566.8451806314069
29.10000000000014 566.8451806309999
29.20000000000014 566.8451806305929
29.30000000000015 566.845180630186
29.40000000000015 566.845180629779
29.50000000000015 566.845180629372
29.60000000000015 566.845180628965
29.70000000000015 566.845180628558
29.80000000000015 566.8451806281508
29.90000000000015 566.8451806277438
30.00000000000016 566.8451806273368
30.10000000000016 566.8451806269298
30.20000000000016 566.8451806265228
30.30000000000016 566.8451806261158
30.40000000000016 566.8451806257088
30.50000000000016 566.8451806253019
30.60000000000016 566.8451806248949
30.70000000000017 566.8451806244879
30.80000000000017 566.8451806240809
30.90000000000017 566.8451806236739
31.00000000000017 566.8451806232669
31.10000000000017 566.8451806228599
31.20000000000017 566.8451806224529
31.30000000000017 566.8451806220459
31.40000000000018 566.8451806216389
31.50000000000018 566.8451806212317
31.60000000000018 566.8451806208247
31.70000000000018 566.8451806204178
31.80000000000018 566.8451806200108
31.90000000000018 566.8451806196038
32.00000000000018 566.8451806191968
32.10000000000019 566.8451806187898
32.20000000000019 566.8451806183828
32.30000000000019 566.8451806179758
32.40000000000019 566.8451806175688
32.50000000000019 566.8451806171618
32.60000000000019 566.8451806167548
32.70000000000019 566.8451806163478
32.8000000000002 566.8451806159408
32.9000000000002 566.8451806155338
33.0000000000002 566.8451806151268
33.1000000000002 566.8451806147197
33.2000000000002 566.8451806143127
33.3000000000002 566.8451806139057
33.4000000000002 566.8451806134987
33.50000000000021 566.8451806130917
33.60000000000021 566.8451806126847
33.70000000000021 566.8451806122777
33.80000000000021 566.8451806118707
33.90000000000021 566.8451806114637
34.00000000000021 566.8451806110567
34.10000000000021 566.8451806106497
34.20000000000022 566.8451806102427
34.30000000000022 566.8451806098357
34.40000000000022 566.8451806094287
34.50000000000022 566.8451806090217
34.60000000000022 566.8451806086147
34.70000000000022 566.8451806082077
34.80000000000022 566.8451806078006
34.90000000000023 566.8451806073936
35.00000000000023 566.8451806069866
35.10000000000023 566.8451806065796
35.20000000000023 566.8451806061726
35.30000000000023 566.8451806057656
35.40000000000023 566.8451806053586
35.50000000000023 566.8451806049516
35.60000000000024 566.8451806045446
35.70000000000024 566.8451806041376
35.80000000000024 566.8451806037306
35.90000000000024 566.8451806033236
36.00000000000024 566.8451806029166
36.10000000000024 566.8451806025096
36.20000000000024 566.8451806021026
36.30000000000025 566.8451806016956
36.40000000000025 566.8451806012886
36.50000000000025 566.8451806008815
36.60000000000025 566.8451806004745
36.70000000000025 566.8451806000675
36.80000000000025 566.8451805996605
36.90000000000025 566.8451805992535
37.00000000000026 566.8451805988465
37.10000000000026 566.8451805984395
37.20000000000026 566.8451805980325
37.30000000000026 566.8451805976255
37.40000000000026 566.8451805972185
37.50000000000026 566.8451805968115
37.60000000000026 566.8451805964045
37.70000000000027 566.8451805959975
37.80000000000027 566.8451805955905
37.90000000000027 566.8451805951835
38.00000000000027 566.8451805947765
38.10000000000027 566.8451805943695
38.20000000000027 566.8451805939624
38.30000000000027 566.8451805935554
38.40000000000028 566.8451805931484
38.50000000000028 566.8451805927414
38.60000000000028 566.8451805923344
38.70000000000028 566.8451805919274
38.80000000000028 566.8451805915204
38.90000000000028 566.8451805911134
39.00000000000028 566.8451805907064
39.10000000000029 566.8451805902994
39.20000000000029 566.8451805898924
39.30000000000029 566.8451805894854
39.40000000000029 566.8451805890784
39.50000000000029 566.8451805886714
39.60000000000029 566.8451805882644
39.70000000000029 566.8451805878574
39.8000000000003 566.8451805874504
39.9000000000003 566.8451805870433
40.0000000000003 566.8451805866363
40.1000000000003 566.8451805862293
40.2000000000003 566.8451805858223
40.3000000000003 566.8451805854153
40.4000000000003 566.8451805850083
40.50000000000031 566.8451805846013
40.60000000000031 566.8451805844161
40.70000000000031 566.8451805844148
40.80000000000031 566.8451805844136
40.90000000000031 566.8451805844123
41.00000000000031 566.8451805844111
41.10000000000031 566.8451805844098
41.20000000000032 566.8451805844086
41.30000000000032 566.8451805844073
41.40000000000032 566.8451805844061
41.50000000000032 566.8451805844048
41.60000000000032 566.8451805844036
41.70000000000032 566.8451805844023
41.80000000000032 566.8451805844011
41.90000000000033 566.8451805843998
42.00000000000033 566.8451805843986
42.10000000000033 566.8451805843973
42.20000000000033 566.8451805843961
42.30000000000033 566.8451805843948
42.40000000000033 566.8451805843936
42.50000000000033 566.8451805843923
42.60000000000034 566.8451805843911
42.70000000000034 566.8451805843898
42.80000000000034 566.8451805843886
42.90000000000034 566.8451805843873
43.00000000000034 566.8451805843861
43.10000000000034 566.8451805843848
43.20000000000034 566.8451805843836
43.30000000000035 566.8451805843823
43.40000000000035 566.8451805843811
43.50000000000035 566.8451805843798
43.60000000000035 566.8451805843786
43.70000000000035 566.8451805843773
43.80000000000035 566.8451805843761
43.90000000000035 566.8451805843748
44.00000000000036 566.8451805843736
44.10000000000036 566.8451805843723
44.20000000000036 566.8451805843711
44.30000000000036 566.8451805843698
44.40000000000036 566.8451805843686
44.50000000000036 566.8451805843673
44.60000000000036 566.8451805843661
44.70000000000037 566.8451805843648
44.80000000000037 566.8451805843636
44.90000000000037 566.8451805843623
45.00000000000037 566.8451805843611
45.10000000000037 566.8451805843598
45.20000000000037 566.8451805843586
45.30000000000037 566.8451805843573
45.40000000000038 566.8451805843561
45.50000000000038 566.8451805843548
45.60000000000038 566.8451805843536
45.70000000000038 566.8451805843523
45.80000000000038 566.8451805843511
45.90000000000038 566.8451805843498
46.00000000000038 566.8451805843484
46.10000000000039 566.8451805843472
46.20000000000039 566.8451805843459
46.30000000000039 566.8451805843447
46.40000000000039 566.8451805843434
46.50000000000039 566.8451805843422
46.60000000000039 566.8451805843409
46.70000000000039 566.8451805843397
46.8000000000004 566.8451805843384
46.9000000000004 566.8451805843372
47.0000000000004 566.8451805843359
47.1000000000004 566.8451805843347
47.2000000000004 566.8451805843334
47.3000000000004 566.8451805843322
47.4000000000004 566.8451805843309
47.50000000000041 566.8451805843297
47.60000000000041 566.8451805843284
47.70000000000041 566.8451805843272
47.80000000000041 566.8451805843259
47.90000000000041 566.8451805843247
48.00000000000041 566.8451805843234
48.10000000000041 566.8451805843222
48.20000000000041 566.8451805843209
48.30000000000042 566.8451805843197
48.40000000000042 566.8451805843184
48.50000000000042 566.8451805843172
48.60000000000042 566.8451805843159
48.70000000000042 566.8451805843147
48.80000000000042 566.8451805843134
48.90000000000042 566.8451805843122
49.00000000000043 566.8451805843109
49.10000000000043 566.8451805843097
49.20000000000043 566.8451805843084
49.30000000000043 566.8451805843072
49.40000000000043 566.8451805843059
49.50000000000043 566.8451805843047
49.60000000000043 566.8451805843034
49.70000000000044 566.8451805843022
49.80000000000044 566.8451805843009
49.90000000000044 566.8451805842997