Time X1
0 250
0.1 -91.16894489913011
0.2 -91.16894489823619
0.3 -91.16894489817132
0.4 -91.16894489810643
0.5 -91.16894489806479
0.6 -91.16894489806459
0.7 -91.1689448980644
0.7999999999999999 -91.16894489806418
0.8999999999999999 -91.16894489806414
0.9999999999999999 -91.16894489806414
1.1 -91.16894489806414
1.2 -91.16894489806414
1.3 -91.16894489806414
1.4 -91.16894489806414
1.5 -91.16894489806415
1.6 -91.16894489806415
1.7 -91.16894489806415
1.8 -91.16894489806415
1.900000000000001 -91.16894489806415
2 -91.16894489806415
2.100000000000001 -91.16894489806415
2.200000000000001 -91.16894489806415
2.300000000000001 -91.16894489806415
2.400000000000001 -91.16894489806415
2.500000000000001 -91.16894489806415
2.600000000000001 -91.16894489806415
2.700000000000001 -91.16894489806415
2.800000000000001 -91.16894489806415
2.900000000000001 -91.16894489806415
3.000000000000001 -91.16894489806415
3.100000000000001 -91.16894489806415
3.200000000000002 -91.16894489806415
3.300000000000002 -91.16894489806415
3.400000000000002 -91.16894489806415
3.500000000000002 -91.16894489806415
3.600000000000002 -91.16894489806415
3.700000000000002 -91.16894489806415
3.800000000000002 -91.16894489806415
3.900000000000002 -91.16894489806415
4.000000000000002 -91.16894489806415
4.100000000000001 -91.16894489806415
4.200000000000001 -91.16894489806415
4.300000000000001 -91.16894489806415
4.4 -91.16894489806415
4.5 -91.16894489806417
4.6 -91.16894489806417
4.699999999999999 -91.16894489806415
4.799999999999999 -91.16894489806415
4.899999999999999 -91.16894489806415
4.999999999999998 -91.16894489806415
5.099999999999998 -91.16894489806415
5.199999999999998 -91.16894489806415
5.299999999999997 -91.16894489806415
5.399999999999997 -91.16894489806415
5.499999999999996 -91.16894489806415
5.599999999999996 -91.16894489806415
5.699999999999996 -91.16894489806415
5.799999999999995 -91.16894489806415
5.899999999999995 -91.16894489806415
5.999999999999995 -91.16894489806415
6.099999999999994 -91.16894489806415
6.199999999999994 -91.16894489806415
6.299999999999994 -91.16894489806415
6.399999999999993 -91.16894489806415
6.499999999999993 -91.16894489806415
6.599999999999993 -91.16894489806415
6.699999999999992 -91.16894489806415
6.799999999999992 -91.16894489806415
6.899999999999991 -91.16894489806415
6.999999999999991 -91.16894489806415
7.099999999999991 -91.16894489806415
7.19999999999999 -91.16894489806415
7.29999999999999 -91.16894489806415
7.39999999999999 -91.16894489806415
7.499999999999989 -91.16894489806415
7.599999999999989 -91.16894489806415
7.699999999999989 -91.16894489806415
7.799999999999988 -91.16894489806415
7.899999999999988 -91.16894489806415
7.999999999999988 -91.16894489806415
8.099999999999987 -91.16894489806417
8.199999999999987 -91.16894489806417
8.299999999999986 -91.16894489806417
8.399999999999986 -91.16894489806417
8.499999999999986 -91.16894489806417
8.599999999999985 -91.16894489806417
8.699999999999985 -91.16894489806417
8.799999999999985 -91.16894489806417
8.899999999999984 -91.16894489806417
8.999999999999984 -91.16894489806417
9.099999999999984 -91.16894489806417
9.199999999999983 -91.16894489806417
9.299999999999983 -91.16894489806417
9.399999999999983 -91.16894489806417
9.499999999999982 -91.16894489806417
9.599999999999982 -91.16894489806417
9.699999999999982 -91.16894489806417
9.799999999999981 -91.16894489806417
9.899999999999981 -91.16894489806417
9.99999999999998 -91.16894489806417
10.09999999999998 -91.16894489806417
10.19999999999998 -91.16894489806417
10.29999999999998 -91.16894489806417
10.39999999999998 -91.16894489806417
10.49999999999998 -91.16894489806417
10.59999999999998 -91.16894489806417
10.69999999999998 -91.16894489806417
10.79999999999998 -91.16894489806417
10.89999999999998 -91.16894489806417
10.99999999999998 -91.16894489806417
11.09999999999998 -91.16894489806417
11.19999999999998 -91.16894489806417
11.29999999999998 -91.16894489806417
11.39999999999998 -91.16894489806417
11.49999999999998 -91.16894489806417
11.59999999999997 -91.16894489806417
11.69999999999997 -91.16894489806417
11.79999999999997 -91.16894489806417
11.89999999999997 -91.16894489806417
11.99999999999997 -91.16894489806417
12.09999999999997 -91.16894489806417
12.19999999999997 -91.16894489806417
12.29999999999997 -91.16894489806417
12.39999999999997 -91.16894489806417
12.49999999999997 -91.16894489806417
12.59999999999997 -91.16894489806417
12.69999999999997 -91.16894489806417
12.79999999999997 -91.16894489806417
12.89999999999997 -91.16894489806417
12.99999999999997 -91.16894489806417
13.09999999999997 -91.16894489806417
13.19999999999997 -91.16894489806417
13.29999999999997 -91.16894489806417
13.39999999999997 -91.16894489806417
13.49999999999997 -91.16894489806417
13.59999999999997 -91.16894489806417
13.69999999999997 -91.16894489806417
13.79999999999997 -91.16894489806417
13.89999999999997 -91.16894489806417
13.99999999999997 -91.16894489806417
14.09999999999997 -91.16894489806417
14.19999999999997 -91.16894489806417
14.29999999999997 -91.16894489806417
14.39999999999996 -91.16894489806417
14.49999999999996 -91.16894489806417
14.59999999999996 -91.16894489806417
14.69999999999996 -91.16894489806417
14.79999999999996 -91.16894489806417
14.89999999999996 -91.16894489806417
14.99999999999996 -91.16894489806417
15.09999999999996 -91.16894489806417
15.19999999999996 -91.16894489806417
15.29999999999996 -91.16894489806417
15.39999999999996 -91.16894489806417
15.49999999999996 -91.16894489806417
15.59999999999996 -91.16894489806417
15.69999999999996 -91.16894489806417
15.79999999999996 -91.16894489806417
15.89999999999996 -91.16894489806417
15.99999999999996 -91.16894489806417
16.09999999999996 -91.16894489806417
16.19999999999996 -91.16894489806417
16.29999999999996 -91.16894489806417
16.39999999999996 -91.16894489806417
16.49999999999996 -91.16894489806417
16.59999999999997 -91.16894489806417
16.69999999999997 -91.16894489806417
16.79999999999997 -91.16894489806417
16.89999999999997 -91.16894489806417
16.99999999999997 -91.16894489806417
17.09999999999997 -91.16894489806417
17.19999999999997 -91.16894489806417
17.29999999999998 -91.16894489806417
17.39999999999998 -91.16894489806417
17.49999999999998 -91.16894489806417
17.59999999999998 -91.16894489806417
17.69999999999998 -91.16894489806417
17.79999999999998 -91.16894489806417
17.89999999999998 -91.16894489806417
17.99999999999999 -91.16894489806417
18.09999999999999 -91.16894489806417
18.19999999999999 -91.16894489806417
18.29999999999999 -91.16894489806417
18.39999999999999 -91.16894489806417
18.49999999999999 -91.16894489806417
18.59999999999999 -91.16894489806417
18.7 -91.16894489806417
18.8 -91.16894489806417
18.9 -91.16894489806417
19 -91.16894489806417
19.1 -91.16894489806417
19.2 -91.16894489806417
19.3 -91.16894489806417
19.40000000000001 -91.16894489806417
19.50000000000001 -91.16894489806417
19.60000000000001 -91.16894489806417
19.70000000000001 -91.16894489806417
19.80000000000001 -91.16894489806417
19.90000000000001 -91.16894489806417
20.00000000000001 -91.16894489806417
20.10000000000002 -91.16894489806417
20.20000000000002 -91.16894489806417
20.30000000000002 -91.16894489806417
20.40000000000002 -91.16894489806417
20.50000000000002 -91.16894489806417
20.60000000000002 -91.16894489806417
20.70000000000002 -91.16894489806417
20.80000000000003 -91.16894489806417
20.90000000000003 -91.16894489806417
21.00000000000003 -91.16894489806417
21.10000000000003 -91.16894489806417
21.20000000000003 -91.16894489806417
21.30000000000003 -91.16894489806417
21.40000000000003 -91.16894489806417
21.50000000000004 -91.16894489806415
21.60000000000004 -91.16894489806415
21.70000000000004 -91.16894489806415
21.80000000000004 -91.16894489806415
21.90000000000004 -91.16894489806415
22.00000000000004 -91.16894489806415
22.10000000000004 -91.16894489806415
22.20000000000005 -91.16894489806415
22.30000000000005 -91.16894489806415
22.40000000000005 -91.16894489806415
22.50000000000005 -91.16894489806415
22.60000000000005 -91.16894489806415
22.70000000000005 -91.16894489806415
22.80000000000005 -91.16894489806415
22.90000000000006 -91.16894489806415
23.00000000000006 -91.16894489806415
23.10000000000006 -91.16894489806415
23.20000000000006 -91.16894489806415
23.30000000000006 -91.16894489806415
23.40000000000006 -91.16894489806415
23.50000000000006 -91.16894489806415
23.60000000000007 -91.16894489806415
23.70000000000007 -91.16894489806415
23.80000000000007 -91.16894489806415
23.90000000000007 -91.16894489806415
24.00000000000007 -91.16894489806415
24.10000000000007 -91.16894489806415
24.20000000000007 -91.16894489806415
24.30000000000008 -91.16894489806415
24.40000000000008 -91.16894489806415
24.50000000000008 -91.16894489806415
24.60000000000008 -91.16894489806415
24.70000000000008 -91.16894489806415
24.80000000000008 -91.16894489806415
24.90000000000008 -91.16894489806415
25.00000000000009 -91.16894489806415
25.10000000000009 -91.16894489806415
25.20000000000009 -91.16894489806415
25.30000000000009 -91.16894489806415
25.40000000000009 -91.16894489806415
25.50000000000009 -91.16894489806415
25.60000000000009 -91.16894489806415
25.7000000000001 -91.16894489806415
25.8000000000001 -91.16894489806415
25.9000000000001 -91.16894489806415
26.0000000000001 -91.16894489806415
26.1000000000001 -91.16894489806415
26.2000000000001 -91.16894489806415
26.3000000000001 -91.16894489806415
26.40000000000011 -91.16894489806415
26.50000000000011 -91.16894489806415
26.60000000000011 -91.16894489806415
26.70000000000011 -91.16894489806415
26.80000000000011 -91.16894489806415
26.90000000000011 -91.16894489806415
27.00000000000011 -91.16894489806415
27.10000000000012 -91.16894489806415
27.20000000000012 -91.16894489806415
27.30000000000012 -91.16894489806415
27.40000000000012 -91.16894489806415
27.50000000000012 -91.16894489806415
27.60000000000012 -91.16894489806415
27.70000000000012 -91.16894489806415
27.80000000000013 -91.16894489806415
27.90000000000013 -91.16894489806415
28.00000000000013 -91.16894489806415
28.10000000000013 -91.16894489806415
28.20000000000013 -91.16894489806415
28.30000000000013 -91.16894489806415
28.40000000000013 -91.16894489806415
28.50000000000014 -91.16894489806415
28.60000000000014 -91.16894489806415
28.70000000000014 -91.16894489806415
28.80000000000014 -91.16894489806415
28.90000000000014 -91.16894489806415
29.00000000000014 -91.16894489806415
29.10000000000014 -91.16894489806415
29.20000000000014 -91.16894489806415
29.30000000000015 -91.16894489806415
29.40000000000015 -91.16894489806415
29.50000000000015 -91.16894489806415
29.60000000000015 -91.16894489806415
29.70000000000015 -91.16894489806415
29.80000000000015 -91.16894489806415
29.90000000000015 -91.16894489806415
30.00000000000016 -91.16894489806415
30.10000000000016 -91.16894489806415
30.20000000000016 -91.16894489806415
30.30000000000016 -91.16894489806415
30.40000000000016 -91.16894489806415
30.50000000000016 -91.16894489806415
30.60000000000016 -91.16894489806415
30.70000000000017 -91.16894489806415
30.80000000000017 -91.16894489806415
30.90000000000017 -91.16894489806415
31.00000000000017 -91.16894489806415
31.10000000000017 -91.16894489806415
31.20000000000017 -91.16894489806415
31.30000000000017 -91.16894489806415
31.40000000000018 -91.16894489806415
31.50000000000018 -91.16894489806415
31.60000000000018 -91.16894489806415
31.70000000000018 -91.16894489806415
31.80000000000018 -91.16894489806415
31.90000000000018 -91.16894489806415
32.00000000000018 -91.16894489806415
32.10000000000019 -91.16894489806415
32.20000000000019 -91.16894489806415
32.30000000000019 -91.16894489806415
32.40000000000019 -91.16894489806415
32.50000000000019 -91.16894489806415
32.60000000000019 -91.16894489806415
32.70000000000019 -91.16894489806415
32.8000000000002 -91.16894489806415
32.9000000000002 -91.16894489806415
33.0000000000002 -91.16894489806415
33.1000000000002 -91.16894489806415
33.2000000000002 -91.16894489806415
33.3000000000002 -91.16894489806415
33.4000000000002 -91.16894489806415
33.50000000000021 -91.16894489806415
33.60000000000021 -91.16894489806415
33.70000000000021 -91.16894489806415
33.80000000000021 -91.16894489806415
33.90000000000021 -91.16894489806415
34.00000000000021 -91.16894489806415
34.10000000000021 -91.16894489806415
34.20000000000022 -91.16894489806415
34.30000000000022 -91.16894489806415
34.40000000000022 -91.16894489806415
34.50000000000022 -91.16894489806415
34.60000000000022 -91.16894489806415
34.70000000000022 -91.16894489806415
34.80000000000022 -91.16894489806415
34.90000000000023 -91.16894489806415
35.00000000000023 -91.16894489806415
35.10000000000023 -91.16894489806415
35.20000000000023 -91.16894489806415
35.30000000000023 -91.16894489806415
35.40000000000023 -91.16894489806415
35.50000000000023 -91.16894489806415
35.60000000000024 -91.16894489806415
35.70000000000024 -91.16894489806415
35.80000000000024 -91.16894489806415
35.90000000000024 -91.16894489806415
36.00000000000024 -91.16894489806415
36.10000000000024 -91.16894489806415
36.20000000000024 -91.16894489806415
36.30000000000025 -91.16894489806415
36.40000000000025 -91.16894489806415
36.50000000000025 -91.16894489806415
36.60000000000025 -91.16894489806415
36.70000000000025 -91.16894489806415
36.80000000000025 -91.16894489806415
36.90000000000025 -91.16894489806415
37.00000000000026 -91.16894489806415
37.10000000000026 -91.16894489806415
37.20000000000026 -91.16894489806415
37.30000000000026 -91.16894489806415
37.40000000000026 -91.16894489806415
37.50000000000026 -91.16894489806415
37.60000000000026 -91.16894489806415
37.70000000000027 -91.16894489806415
37.80000000000027 -91.16894489806415
37.90000000000027 -91.16894489806415
38.00000000000027 -91.16894489806415
38.10000000000027 -91.16894489806415
38.20000000000027 -91.16894489806415
38.30000000000027 -91.16894489806415
38.40000000000028 -91.16894489806415
38.50000000000028 -91.16894489806415
38.60000000000028 -91.16894489806415
38.70000000000028 -91.16894489806415
38.80000000000028 -91.16894489806415
38.90000000000028 -91.16894489806415
39.00000000000028 -91.16894489806415
39.10000000000029 -91.16894489806415
39.20000000000029 -91.16894489806415
39.30000000000029 -91.16894489806415
39.40000000000029 -91.16894489806415
39.50000000000029 -91.16894489806415
39.60000000000029 -91.16894489806415
39.70000000000029 -91.16894489806415
39.8000000000003 -91.16894489806415
39.9000000000003 -91.16894489806415
40.0000000000003 -91.16894489806415
40.1000000000003 -91.16894489806415
40.2000000000003 -91.16894489806415
40.3000000000003 -91.16894489806415
40.4000000000003 -91.16894489806415
40.50000000000031 -91.16894489806415
40.60000000000031 -91.16894489806415
40.70000000000031 -91.16894489806415
40.80000000000031 -91.16894489806415
40.90000000000031 -91.16894489806415
41.00000000000031 -91.16894489806415
41.10000000000031 -91.16894489806415
41.20000000000032 -91.16894489806415
41.30000000000032 -91.16894489806415
41.40000000000032 -91.16894489806415
41.50000000000032 -91.16894489806415
41.60000000000032 -91.16894489806415
41.70000000000032 -91.16894489806415
41.80000000000032 -91.16894489806415
41.90000000000033 -91.16894489806415
42.00000000000033 -91.16894489806415
42.10000000000033 -91.16894489806415
42.20000000000033 -91.16894489806415
42.30000000000033 -91.16894489806415
42.40000000000033 -91.16894489806415
42.50000000000033 -91.16894489806415
42.60000000000034 -91.16894489806415
42.70000000000034 -91.16894489806415
42.80000000000034 -91.16894489806415
42.90000000000034 -91.16894489806415
43.00000000000034 -91.16894489806415
43.10000000000034 -91.16894489806415
43.20000000000034 -91.16894489806415
43.30000000000035 -91.16894489806415
43.40000000000035 -91.16894489806415
43.50000000000035 -91.16894489806415
43.60000000000035 -91.16894489806415
43.70000000000035 -91.16894489806415
43.80000000000035 -91.16894489806415
43.90000000000035 -91.16894489806415
44.00000000000036 -91.16894489806415
44.10000000000036 -91.16894489806415
44.20000000000036 -91.16894489806415
44.30000000000036 -91.16894489806415
44.40000000000036 -91.16894489806415
44.50000000000036 -91.16894489806415
44.60000000000036 -91.16894489806415
44.70000000000037 -91.16894489806415
44.80000000000037 -91.16894489806415
44.90000000000037 -91.16894489806415
45.00000000000037 -91.16894489806415
45.10000000000037 -91.16894489806415
45.20000000000037 -91.16894489806415
45.30000000000037 -91.16894489806415
45.40000000000038 -91.16894489806415
45.50000000000038 -91.16894489806415
45.60000000000038 -91.16894489806415
45.70000000000038 -91.16894489806415
45.80000000000038 -91.16894489806415
45.90000000000038 -91.16894489806415
46.00000000000038 -91.16894489806415
46.10000000000039 -91.16894489806415
46.20000000000039 -91.16894489806415
46.30000000000039 -91.16894489806415
46.40000000000039 -91.16894489806415
46.50000000000039 -91.16894489806415
46.60000000000039 -91.16894489806415
46.70000000000039 -91.16894489806415
46.8000000000004 -91.16894489806415
46.9000000000004 -91.16894489806415
47.0000000000004 -91.16894489806415
47.1000000000004 -91.16894489806415
47.2000000000004 -91.16894489806415
47.3000000000004 -91.16894489806415
47.4000000000004 -91.16894489806415
47.50000000000041 -91.16894489806415
47.60000000000041 -91.16894489806415
47.70000000000041 -91.16894489806415
47.80000000000041 -91.16894489806415
47.90000000000041 -91.16894489806415
48.00000000000041 -91.16894489806415
48.10000000000041 -91.16894489806415
48.20000000000041 -91.16894489806415
48.30000000000042 -91.16894489806415
48.40000000000042 -91.16894489806415
48.50000000000042 -91.16894489806415
48.60000000000042 -91.16894489806415
48.70000000000042 -91.16894489806415
48.80000000000042 -91.16894489806415
48.90000000000042 -91.16894489806415
49.00000000000043 -91.16894489806415
49.10000000000043 -91.16894489806415
49.20000000000043 -91.16894489806415
49.30000000000043 -91.16894489806415
49.40000000000043 -91.16894489806415
49.50000000000043 -91.16894489806415
49.60000000000043 -91.16894489806415
49.70000000000044 -91.16894489806415
49.80000000000044 -91.16894489806415
49.90000000000044 -91.16894489806415