Time X1
0 250
0.1 712.3507484690829
0.2 712.3507484690822
0.3 712.3507484690821
0.4 712.3507484690821
0.5 712.350748469082
0.6 712.350748469082
0.7 712.350748469082
0.7999999999999999 712.3507484690821
0.8999999999999999 712.3507484690821
0.9999999999999999 712.3507484690822
1.1 712.3507484690822
1.2 712.3507484690822
1.3 712.3507484690822
1.4 712.3507484690822
1.5 712.3507484690822
1.6 712.3507484690822
1.7 712.3507484690822
1.8 712.3507484690822
1.900000000000001 712.3507484690822
2 712.3507484690822
2.100000000000001 712.3507484690822
2.200000000000001 712.3507484690822
2.300000000000001 712.3507484690822
2.400000000000001 712.3507484690822
2.500000000000001 712.3507484690822
2.600000000000001 712.3507484690822
2.700000000000001 712.3507484690822
2.800000000000001 712.3507484690822
2.900000000000001 712.3507484690822
3.000000000000001 712.3507484690822
3.100000000000001 712.3507484690822
3.200000000000002 712.3507484690822
3.300000000000002 712.3507484690822
3.400000000000002 712.3507484690822
3.500000000000002 712.3507484690822
3.600000000000002 712.3507484690821
3.700000000000002 712.3507484690821
3.800000000000002 712.3507484690821
3.900000000000002 712.3507484690821
4.000000000000002 712.3507484690821
4.100000000000001 712.3507484690821
4.200000000000001 712.3507484690821
4.300000000000001 712.3507484690821
4.4 712.3507484690821
4.5 712.3507484690821
4.6 712.3507484690821
4.699999999999999 712.3507484690821
4.799999999999999 712.3507484690821
4.899999999999999 712.3507484690821
4.999999999999998 712.3507484690821
5.099999999999998 712.3507484690821
5.199999999999998 712.3507484690821
5.299999999999997 712.3507484690821
5.399999999999997 712.3507484690821
5.499999999999996 712.3507484690821
5.599999999999996 712.3507484690821
5.699999999999996 712.3507484690821
5.799999999999995 712.3507484690821
5.899999999999995 712.3507484690821
5.999999999999995 712.3507484690821
6.099999999999994 712.3507484690821
6.199999999999994 712.3507484690821
6.299999999999994 712.3507484690821
6.399999999999993 712.3507484690821
6.499999999999993 712.3507484690821
6.599999999999993 712.3507484690821
6.699999999999992 712.3507484690821
6.799999999999992 712.3507484690821
6.899999999999991 712.350748469082
6.999999999999991 712.350748469082
7.099999999999991 712.350748469082
7.19999999999999 712.350748469082
7.29999999999999 712.350748469082
7.39999999999999 712.350748469082
7.499999999999989 712.350748469082
7.599999999999989 712.350748469082
7.699999999999989 712.350748469082
7.799999999999988 712.350748469082
7.899999999999988 712.350748469082
7.999999999999988 712.350748469082
8.099999999999987 712.350748469082
8.199999999999987 712.350748469082
8.299999999999986 712.350748469082
8.399999999999986 712.350748469082
8.499999999999986 712.350748469082
8.599999999999985 712.350748469082
8.699999999999985 712.350748469082
8.799999999999985 712.350748469082
8.899999999999984 712.350748469082
8.999999999999984 712.350748469082
9.099999999999984 712.350748469082
9.199999999999983 712.350748469082
9.299999999999983 712.350748469082
9.399999999999983 712.350748469082
9.499999999999982 712.350748469082
9.599999999999982 712.350748469082
9.699999999999982 712.350748469082
9.799999999999981 712.350748469082
9.899999999999981 712.350748469082
9.99999999999998 712.350748469082
10.09999999999998 712.350748469082
10.19999999999998 712.350748469082
10.29999999999998 712.350748469082
10.39999999999998 712.350748469082
10.49999999999998 712.350748469082
10.59999999999998 712.350748469082
10.69999999999998 712.350748469082
10.79999999999998 712.350748469082
10.89999999999998 712.350748469082
10.99999999999998 712.350748469082
11.09999999999998 712.350748469082
11.19999999999998 712.350748469082
11.29999999999998 712.350748469082
11.39999999999998 712.350748469082
11.49999999999998 712.350748469082
11.59999999999997 712.350748469082
11.69999999999997 712.350748469082
11.79999999999997 712.350748469082
11.89999999999997 712.350748469082
11.99999999999997 712.350748469082
12.09999999999997 712.350748469082
12.19999999999997 712.350748469082
12.29999999999997 712.350748469082
12.39999999999997 712.350748469082
12.49999999999997 712.350748469082
12.59999999999997 712.350748469082
12.69999999999997 712.350748469082
12.79999999999997 712.350748469082
12.89999999999997 712.350748469082
12.99999999999997 712.350748469082
13.09999999999997 712.350748469082
13.19999999999997 712.350748469082
13.29999999999997 712.350748469082
13.39999999999997 712.350748469082
13.49999999999997 712.350748469082
13.59999999999997 712.350748469082
13.69999999999997 712.350748469082
13.79999999999997 712.350748469082
13.89999999999997 712.350748469082
13.99999999999997 712.350748469082
14.09999999999997 712.350748469082
14.19999999999997 712.350748469082
14.29999999999997 712.350748469082
14.39999999999996 712.350748469082
14.49999999999996 712.350748469082
14.59999999999996 712.350748469082
14.69999999999996 712.350748469082
14.79999999999996 712.350748469082
14.89999999999996 712.350748469082
14.99999999999996 712.350748469082
15.09999999999996 712.350748469082
15.19999999999996 712.350748469082
15.29999999999996 712.350748469082
15.39999999999996 712.350748469082
15.49999999999996 712.350748469082
15.59999999999996 712.350748469082
15.69999999999996 712.350748469082
15.79999999999996 712.350748469082
15.89999999999996 712.350748469082
15.99999999999996 712.350748469082
16.09999999999996 712.350748469082
16.19999999999996 712.350748469082
16.29999999999996 712.350748469082
16.39999999999996 712.350748469082
16.49999999999996 712.350748469082
16.59999999999997 712.350748469082
16.69999999999997 712.350748469082
16.79999999999997 712.350748469082
16.89999999999997 712.350748469082
16.99999999999997 712.350748469082
17.09999999999997 712.350748469082
17.19999999999997 712.350748469082
17.29999999999998 712.350748469082
17.39999999999998 712.350748469082
17.49999999999998 712.350748469082
17.59999999999998 712.350748469082
17.69999999999998 712.350748469082
17.79999999999998 712.350748469082
17.89999999999998 712.350748469082
17.99999999999999 712.350748469082
18.09999999999999 712.350748469082
18.19999999999999 712.350748469082
18.29999999999999 712.350748469082
18.39999999999999 712.350748469082
18.49999999999999 712.350748469082
18.59999999999999 712.350748469082
18.7 712.350748469082
18.8 712.350748469082
18.9 712.350748469082
19 712.350748469082
19.1 712.350748469082
19.2 712.350748469082
19.3 712.350748469082
19.40000000000001 712.350748469082
19.50000000000001 712.350748469082
19.60000000000001 712.350748469082
19.70000000000001 712.350748469082
19.80000000000001 712.350748469082
19.90000000000001 712.350748469082
20.00000000000001 712.350748469082
20.10000000000002 712.350748469082
20.20000000000002 712.350748469082
20.30000000000002 712.350748469082
20.40000000000002 712.350748469082
20.50000000000002 712.350748469082
20.60000000000002 712.350748469082
20.70000000000002 712.350748469082
20.80000000000003 712.350748469082
20.90000000000003 712.350748469082
21.00000000000003 712.350748469082
21.10000000000003 712.350748469082
21.20000000000003 712.350748469082
21.30000000000003 712.350748469082
21.40000000000003 712.350748469082
21.50000000000004 712.350748469082
21.60000000000004 712.350748469082
21.70000000000004 712.350748469082
21.80000000000004 712.350748469082
21.90000000000004 712.350748469082
22.00000000000004 712.350748469082
22.10000000000004 712.350748469082
22.20000000000005 712.350748469082
22.30000000000005 712.350748469082
22.40000000000005 712.350748469082
22.50000000000005 712.350748469082
22.60000000000005 712.350748469082
22.70000000000005 712.350748469082
22.80000000000005 712.350748469082
22.90000000000006 712.350748469082
23.00000000000006 712.350748469082
23.10000000000006 712.350748469082
23.20000000000006 712.350748469082
23.30000000000006 712.350748469082
23.40000000000006 712.350748469082
23.50000000000006 712.350748469082
23.60000000000007 712.350748469082
23.70000000000007 712.350748469082
23.80000000000007 712.350748469082
23.90000000000007 712.350748469082
24.00000000000007 712.350748469082
24.10000000000007 712.350748469082
24.20000000000007 712.350748469082
24.30000000000008 712.350748469082
24.40000000000008 712.350748469082
24.50000000000008 712.350748469082
24.60000000000008 712.350748469082
24.70000000000008 712.350748469082
24.80000000000008 712.350748469082
24.90000000000008 712.350748469082
25.00000000000009 712.350748469082
25.10000000000009 712.350748469082
25.20000000000009 712.350748469082
25.30000000000009 712.350748469082
25.40000000000009 712.350748469082
25.50000000000009 712.350748469082
25.60000000000009 712.350748469082
25.7000000000001 712.350748469082
25.8000000000001 712.350748469082
25.9000000000001 712.350748469082
26.0000000000001 712.350748469082
26.1000000000001 712.350748469082
26.2000000000001 712.350748469082
26.3000000000001 712.350748469082
26.40000000000011 712.350748469082
26.50000000000011 712.350748469082
26.60000000000011 712.350748469082
26.70000000000011 712.350748469082
26.80000000000011 712.350748469082
26.90000000000011 712.350748469082
27.00000000000011 712.350748469082
27.10000000000012 712.350748469082
27.20000000000012 712.350748469082
27.30000000000012 712.350748469082
27.40000000000012 712.350748469082
27.50000000000012 712.350748469082
27.60000000000012 712.350748469082
27.70000000000012 712.350748469082
27.80000000000013 712.350748469082
27.90000000000013 712.350748469082
28.00000000000013 712.350748469082
28.10000000000013 712.350748469082
28.20000000000013 712.350748469082
28.30000000000013 712.350748469082
28.40000000000013 712.350748469082
28.50000000000014 712.350748469082
28.60000000000014 712.350748469082
28.70000000000014 712.350748469082
28.80000000000014 712.350748469082
28.90000000000014 712.350748469082
29.00000000000014 712.350748469082
29.10000000000014 712.350748469082
29.20000000000014 712.350748469082
29.30000000000015 712.350748469082
29.40000000000015 712.350748469082
29.50000000000015 712.350748469082
29.60000000000015 712.350748469082
29.70000000000015 712.350748469082
29.80000000000015 712.350748469082
29.90000000000015 712.350748469082
30.00000000000016 712.350748469082
30.10000000000016 712.350748469082
30.20000000000016 712.350748469082
30.30000000000016 712.350748469082
30.40000000000016 712.350748469082
30.50000000000016 712.350748469082
30.60000000000016 712.350748469082
30.70000000000017 712.350748469082
30.80000000000017 712.350748469082
30.90000000000017 712.350748469082
31.00000000000017 712.350748469082
31.10000000000017 712.350748469082
31.20000000000017 712.350748469082
31.30000000000017 712.350748469082
31.40000000000018 712.350748469082
31.50000000000018 712.350748469082
31.60000000000018 712.350748469082
31.70000000000018 712.350748469082
31.80000000000018 712.350748469082
31.90000000000018 712.350748469082
32.00000000000018 712.350748469082
32.10000000000019 712.350748469082
32.20000000000019 712.350748469082
32.30000000000019 712.350748469082
32.40000000000019 712.350748469082
32.50000000000019 712.350748469082
32.60000000000019 712.350748469082
32.70000000000019 712.350748469082
32.8000000000002 712.350748469082
32.9000000000002 712.350748469082
33.0000000000002 712.350748469082
33.1000000000002 712.350748469082
33.2000000000002 712.350748469082
33.3000000000002 712.350748469082
33.4000000000002 712.350748469082
33.50000000000021 712.350748469082
33.60000000000021 712.350748469082
33.70000000000021 712.350748469082
33.80000000000021 712.350748469082
33.90000000000021 712.350748469082
34.00000000000021 712.350748469082
34.10000000000021 712.350748469082
34.20000000000022 712.350748469082
34.30000000000022 712.350748469082
34.40000000000022 712.350748469082
34.50000000000022 712.350748469082
34.60000000000022 712.350748469082
34.70000000000022 712.350748469082
34.80000000000022 712.350748469082
34.90000000000023 712.350748469082
35.00000000000023 712.350748469082
35.10000000000023 712.350748469082
35.20000000000023 712.350748469082
35.30000000000023 712.350748469082
35.40000000000023 712.350748469082
35.50000000000023 712.350748469082
35.60000000000024 712.350748469082
35.70000000000024 712.350748469082
35.80000000000024 712.350748469082
35.90000000000024 712.350748469082
36.00000000000024 712.350748469082
36.10000000000024 712.350748469082
36.20000000000024 712.350748469082
36.30000000000025 712.350748469082
36.40000000000025 712.350748469082
36.50000000000025 712.350748469082
36.60000000000025 712.350748469082
36.70000000000025 712.350748469082
36.80000000000025 712.350748469082
36.90000000000025 712.350748469082
37.00000000000026 712.350748469082
37.10000000000026 712.350748469082
37.20000000000026 712.350748469082
37.30000000000026 712.350748469082
37.40000000000026 712.350748469082
37.50000000000026 712.350748469082
37.60000000000026 712.350748469082
37.70000000000027 712.350748469082
37.80000000000027 712.350748469082
37.90000000000027 712.350748469082
38.00000000000027 712.350748469082
38.10000000000027 712.350748469082
38.20000000000027 712.350748469082
38.30000000000027 712.350748469082
38.40000000000028 712.350748469082
38.50000000000028 712.350748469082
38.60000000000028 712.350748469082
38.70000000000028 712.350748469082
38.80000000000028 712.350748469082
38.90000000000028 712.350748469082
39.00000000000028 712.350748469082
39.10000000000029 712.350748469082
39.20000000000029 712.350748469082
39.30000000000029 712.350748469082
39.40000000000029 712.350748469082
39.50000000000029 712.350748469082
39.60000000000029 712.350748469082
39.70000000000029 712.350748469082
39.8000000000003 712.350748469082
39.9000000000003 712.350748469082
40.0000000000003 712.350748469082
40.1000000000003 712.350748469082
40.2000000000003 712.350748469082
40.3000000000003 712.350748469082
40.4000000000003 712.350748469082
40.50000000000031 712.350748469082
40.60000000000031 712.350748469082
40.70000000000031 712.350748469082
40.80000000000031 712.350748469082
40.90000000000031 712.350748469082
41.00000000000031 712.350748469082
41.10000000000031 712.350748469082
41.20000000000032 712.350748469082
41.30000000000032 712.350748469082
41.40000000000032 712.350748469082
41.50000000000032 712.350748469082
41.60000000000032 712.350748469082
41.70000000000032 712.350748469082
41.80000000000032 712.350748469082
41.90000000000033 712.350748469082
42.00000000000033 712.350748469082
42.10000000000033 712.350748469082
42.20000000000033 712.350748469082
42.30000000000033 712.350748469082
42.40000000000033 712.350748469082
42.50000000000033 712.350748469082
42.60000000000034 712.350748469082
42.70000000000034 712.350748469082
42.80000000000034 712.350748469082
42.90000000000034 712.350748469082
43.00000000000034 712.350748469082
43.10000000000034 712.350748469082
43.20000000000034 712.350748469082
43.30000000000035 712.350748469082
43.40000000000035 712.350748469082
43.50000000000035 712.350748469082
43.60000000000035 712.350748469082
43.70000000000035 712.350748469082
43.80000000000035 712.350748469082
43.90000000000035 712.350748469082
44.00000000000036 712.350748469082
44.10000000000036 712.350748469082
44.20000000000036 712.350748469082
44.30000000000036 712.350748469082
44.40000000000036 712.350748469082
44.50000000000036 712.350748469082
44.60000000000036 712.350748469082
44.70000000000037 712.350748469082
44.80000000000037 712.350748469082
44.90000000000037 712.350748469082
45.00000000000037 712.350748469082
45.10000000000037 712.350748469082
45.20000000000037 712.350748469082
45.30000000000037 712.350748469082
45.40000000000038 712.350748469082
45.50000000000038 712.350748469082
45.60000000000038 712.350748469082
45.70000000000038 712.350748469082
45.80000000000038 712.350748469082
45.90000000000038 712.350748469082
46.00000000000038 712.350748469082
46.10000000000039 712.350748469082
46.20000000000039 712.350748469082
46.30000000000039 712.350748469082
46.40000000000039 712.350748469082
46.50000000000039 712.350748469082
46.60000000000039 712.350748469082
46.70000000000039 712.350748469082
46.8000000000004 712.350748469082
46.9000000000004 712.350748469082
47.0000000000004 712.350748469082
47.1000000000004 712.350748469082
47.2000000000004 712.350748469082
47.3000000000004 712.350748469082
47.4000000000004 712.350748469082
47.50000000000041 712.350748469082
47.60000000000041 712.350748469082
47.70000000000041 712.350748469082
47.80000000000041 712.350748469082
47.90000000000041 712.350748469082
48.00000000000041 712.350748469082
48.10000000000041 712.350748469082
48.20000000000041 712.350748469082
48.30000000000042 712.350748469082
48.40000000000042 712.350748469082
48.50000000000042 712.350748469082
48.60000000000042 712.350748469082
48.70000000000042 712.350748469082
48.80000000000042 712.350748469082
48.90000000000042 712.350748469082
49.00000000000043 712.350748469082
49.10000000000043 712.350748469082
49.20000000000043 712.350748469082
49.30000000000043 712.350748469082
49.40000000000043 712.350748469082
49.50000000000043 712.350748469082
49.60000000000043 712.350748469082
49.70000000000044 712.350748469082
49.80000000000044 712.350748469082
49.90000000000044 712.350748469082