Time X1
0 250
0.1 207.6341475561204
0.2 207.6341475562765
0.3 207.634147556277
0.4 207.634147556277
0.5 207.634147556277
0.6 207.634147556277
0.7 207.634147556277
0.7999999999999999 207.634147556277
0.8999999999999999 207.634147556277
0.9999999999999999 207.634147556277
1.1 207.634147556277
1.2 207.634147556277
1.3 207.634147556277
1.4 207.634147556277
1.5 207.634147556277
1.6 207.634147556277
1.7 207.6341475562769
1.8 207.6341475562769
1.900000000000001 207.6341475562769
2 207.6341475562769
2.100000000000001 207.6341475562769
2.200000000000001 207.6341475562769
2.300000000000001 207.6341475562769
2.400000000000001 207.6341475562769
2.500000000000001 207.6341475562769
2.600000000000001 207.6341475562769
2.700000000000001 207.6341475562769
2.800000000000001 207.6341475562769
2.900000000000001 207.6341475562769
3.000000000000001 207.6341475562769
3.100000000000001 207.6341475562769
3.200000000000002 207.6341475562769
3.300000000000002 207.6341475562769
3.400000000000002 207.6341475562769
3.500000000000002 207.6341475562769
3.600000000000002 207.6341475562769
3.700000000000002 207.6341475562769
3.800000000000002 207.6341475562769
3.900000000000002 207.6341475562769
4.000000000000002 207.6341475562769
4.100000000000001 207.6341475562769
4.200000000000001 207.6341475562769
4.300000000000001 207.6341475562769
4.4 207.6341475562769
4.5 207.6341475562769
4.6 207.6341475562769
4.699999999999999 207.6341475562769
4.799999999999999 207.6341475562769
4.899999999999999 207.6341475562769
4.999999999999998 207.6341475562769
5.099999999999998 207.6341475562769
5.199999999999998 207.6341475562769
5.299999999999997 207.6341475562769
5.399999999999997 207.6341475562769
5.499999999999996 207.6341475562769
5.599999999999996 207.6341475562769
5.699999999999996 207.6341475562769
5.799999999999995 207.6341475562769
5.899999999999995 207.6341475562769
5.999999999999995 207.6341475562769
6.099999999999994 207.6341475562769
6.199999999999994 207.6341475562769
6.299999999999994 207.6341475562769
6.399999999999993 207.6341475562769
6.499999999999993 207.6341475562769
6.599999999999993 207.6341475562769
6.699999999999992 207.6341475562769
6.799999999999992 207.6341475562769
6.899999999999991 207.6341475562769
6.999999999999991 207.6341475562769
7.099999999999991 207.6341475562769
7.19999999999999 207.6341475562769
7.29999999999999 207.6341475562769
7.39999999999999 207.6341475562769
7.499999999999989 207.6341475562769
7.599999999999989 207.6341475562769
7.699999999999989 207.6341475562769
7.799999999999988 207.6341475562769
7.899999999999988 207.6341475562769
7.999999999999988 207.6341475562769
8.099999999999987 207.6341475562769
8.199999999999987 207.6341475562769
8.299999999999986 207.6341475562769
8.399999999999986 207.6341475562769
8.499999999999986 207.6341475562769
8.599999999999985 207.6341475562769
8.699999999999985 207.6341475562769
8.799999999999985 207.6341475562769
8.899999999999984 207.6341475562769
8.999999999999984 207.6341475562769
9.099999999999984 207.6341475562769
9.199999999999983 207.6341475562769
9.299999999999983 207.6341475562769
9.399999999999983 207.6341475562769
9.499999999999982 207.6341475562769
9.599999999999982 207.6341475562769
9.699999999999982 207.6341475562769
9.799999999999981 207.6341475562769
9.899999999999981 207.6341475562769
9.99999999999998 207.6341475562769
10.09999999999998 207.6341475562769
10.19999999999998 207.6341475562769
10.29999999999998 207.6341475562769
10.39999999999998 207.6341475562769
10.49999999999998 207.6341475562769
10.59999999999998 207.6341475562769
10.69999999999998 207.6341475562769
10.79999999999998 207.6341475562769
10.89999999999998 207.6341475562769
10.99999999999998 207.6341475562769
11.09999999999998 207.6341475562769
11.19999999999998 207.6341475562769
11.29999999999998 207.6341475562769
11.39999999999998 207.6341475562769
11.49999999999998 207.6341475562769
11.59999999999997 207.6341475562769
11.69999999999997 207.6341475562769
11.79999999999997 207.6341475562769
11.89999999999997 207.6341475562769
11.99999999999997 207.6341475562769
12.09999999999997 207.6341475562769
12.19999999999997 207.6341475562769
12.29999999999997 207.6341475562769
12.39999999999997 207.6341475562769
12.49999999999997 207.6341475562769
12.59999999999997 207.6341475562769
12.69999999999997 207.6341475562769
12.79999999999997 207.6341475562769
12.89999999999997 207.6341475562769
12.99999999999997 207.6341475562769
13.09999999999997 207.6341475562769
13.19999999999997 207.6341475562769
13.29999999999997 207.6341475562769
13.39999999999997 207.6341475562769
13.49999999999997 207.6341475562769
13.59999999999997 207.6341475562769
13.69999999999997 207.6341475562769
13.79999999999997 207.6341475562769
13.89999999999997 207.6341475562769
13.99999999999997 207.6341475562769
14.09999999999997 207.6341475562769
14.19999999999997 207.6341475562769
14.29999999999997 207.6341475562769
14.39999999999996 207.6341475562769
14.49999999999996 207.6341475562769
14.59999999999996 207.6341475562769
14.69999999999996 207.6341475562769
14.79999999999996 207.6341475562769
14.89999999999996 207.6341475562769
14.99999999999996 207.6341475562769
15.09999999999996 207.6341475562769
15.19999999999996 207.6341475562769
15.29999999999996 207.6341475562769
15.39999999999996 207.6341475562769
15.49999999999996 207.6341475562769
15.59999999999996 207.6341475562769
15.69999999999996 207.6341475562769
15.79999999999996 207.6341475562769
15.89999999999996 207.6341475562769
15.99999999999996 207.6341475562769
16.09999999999996 207.6341475562769
16.19999999999996 207.6341475562769
16.29999999999996 207.6341475562769
16.39999999999996 207.6341475562769
16.49999999999996 207.6341475562769
16.59999999999997 207.6341475562769
16.69999999999997 207.6341475562769
16.79999999999997 207.6341475562769
16.89999999999997 207.6341475562769
16.99999999999997 207.6341475562769
17.09999999999997 207.6341475562769
17.19999999999997 207.6341475562769
17.29999999999998 207.6341475562769
17.39999999999998 207.6341475562769
17.49999999999998 207.6341475562769
17.59999999999998 207.6341475562769
17.69999999999998 207.6341475562769
17.79999999999998 207.6341475562769
17.89999999999998 207.6341475562769
17.99999999999999 207.634147556277
18.09999999999999 207.634147556277
18.19999999999999 207.634147556277
18.29999999999999 207.634147556277
18.39999999999999 207.634147556277
18.49999999999999 207.634147556277
18.59999999999999 207.634147556277
18.7 207.634147556277
18.8 207.634147556277
18.9 207.634147556277
19 207.634147556277
19.1 207.634147556277
19.2 207.634147556277
19.3 207.634147556277
19.40000000000001 207.634147556277
19.50000000000001 207.634147556277
19.60000000000001 207.634147556277
19.70000000000001 207.634147556277
19.80000000000001 207.634147556277
19.90000000000001 207.634147556277
20.00000000000001 207.634147556277
20.10000000000002 207.634147556277
20.20000000000002 207.634147556277
20.30000000000002 207.634147556277
20.40000000000002 207.634147556277
20.50000000000002 207.634147556277
20.60000000000002 207.634147556277
20.70000000000002 207.634147556277
20.80000000000003 207.634147556277
20.90000000000003 207.634147556277
21.00000000000003 207.634147556277
21.10000000000003 207.634147556277
21.20000000000003 207.634147556277
21.30000000000003 207.634147556277
21.40000000000003 207.634147556277
21.50000000000004 207.634147556277
21.60000000000004 207.634147556277
21.70000000000004 207.634147556277
21.80000000000004 207.634147556277
21.90000000000004 207.634147556277
22.00000000000004 207.634147556277
22.10000000000004 207.634147556277
22.20000000000005 207.634147556277
22.30000000000005 207.634147556277
22.40000000000005 207.634147556277
22.50000000000005 207.634147556277
22.60000000000005 207.634147556277
22.70000000000005 207.634147556277
22.80000000000005 207.634147556277
22.90000000000006 207.634147556277
23.00000000000006 207.634147556277
23.10000000000006 207.634147556277
23.20000000000006 207.634147556277
23.30000000000006 207.634147556277
23.40000000000006 207.634147556277
23.50000000000006 207.634147556277
23.60000000000007 207.634147556277
23.70000000000007 207.634147556277
23.80000000000007 207.634147556277
23.90000000000007 207.634147556277
24.00000000000007 207.634147556277
24.10000000000007 207.634147556277
24.20000000000007 207.634147556277
24.30000000000008 207.634147556277
24.40000000000008 207.634147556277
24.50000000000008 207.634147556277
24.60000000000008 207.634147556277
24.70000000000008 207.634147556277
24.80000000000008 207.634147556277
24.90000000000008 207.634147556277
25.00000000000009 207.634147556277
25.10000000000009 207.634147556277
25.20000000000009 207.634147556277
25.30000000000009 207.634147556277
25.40000000000009 207.634147556277
25.50000000000009 207.634147556277
25.60000000000009 207.634147556277
25.7000000000001 207.634147556277
25.8000000000001 207.634147556277
25.9000000000001 207.634147556277
26.0000000000001 207.634147556277
26.1000000000001 207.634147556277
26.2000000000001 207.634147556277
26.3000000000001 207.634147556277
26.40000000000011 207.634147556277
26.50000000000011 207.634147556277
26.60000000000011 207.634147556277
26.70000000000011 207.634147556277
26.80000000000011 207.634147556277
26.90000000000011 207.634147556277
27.00000000000011 207.634147556277
27.10000000000012 207.634147556277
27.20000000000012 207.634147556277
27.30000000000012 207.634147556277
27.40000000000012 207.634147556277
27.50000000000012 207.634147556277
27.60000000000012 207.634147556277
27.70000000000012 207.634147556277
27.80000000000013 207.634147556277
27.90000000000013 207.634147556277
28.00000000000013 207.634147556277
28.10000000000013 207.634147556277
28.20000000000013 207.634147556277
28.30000000000013 207.634147556277
28.40000000000013 207.634147556277
28.50000000000014 207.634147556277
28.60000000000014 207.634147556277
28.70000000000014 207.634147556277
28.80000000000014 207.634147556277
28.90000000000014 207.634147556277
29.00000000000014 207.634147556277
29.10000000000014 207.634147556277
29.20000000000014 207.634147556277
29.30000000000015 207.634147556277
29.40000000000015 207.634147556277
29.50000000000015 207.634147556277
29.60000000000015 207.634147556277
29.70000000000015 207.634147556277
29.80000000000015 207.634147556277
29.90000000000015 207.634147556277
30.00000000000016 207.634147556277
30.10000000000016 207.634147556277
30.20000000000016 207.634147556277
30.30000000000016 207.634147556277
30.40000000000016 207.634147556277
30.50000000000016 207.634147556277
30.60000000000016 207.634147556277
30.70000000000017 207.634147556277
30.80000000000017 207.634147556277
30.90000000000017 207.634147556277
31.00000000000017 207.634147556277
31.10000000000017 207.634147556277
31.20000000000017 207.634147556277
31.30000000000017 207.634147556277
31.40000000000018 207.634147556277
31.50000000000018 207.634147556277
31.60000000000018 207.634147556277
31.70000000000018 207.634147556277
31.80000000000018 207.634147556277
31.90000000000018 207.634147556277
32.00000000000018 207.634147556277
32.10000000000019 207.634147556277
32.20000000000019 207.634147556277
32.30000000000019 207.634147556277
32.40000000000019 207.634147556277
32.50000000000019 207.634147556277
32.60000000000019 207.634147556277
32.70000000000019 207.634147556277
32.8000000000002 207.634147556277
32.9000000000002 207.634147556277
33.0000000000002 207.634147556277
33.1000000000002 207.634147556277
33.2000000000002 207.634147556277
33.3000000000002 207.634147556277
33.4000000000002 207.634147556277
33.50000000000021 207.634147556277
33.60000000000021 207.634147556277
33.70000000000021 207.634147556277
33.80000000000021 207.634147556277
33.90000000000021 207.634147556277
34.00000000000021 207.634147556277
34.10000000000021 207.634147556277
34.20000000000022 207.634147556277
34.30000000000022 207.634147556277
34.40000000000022 207.634147556277
34.50000000000022 207.634147556277
34.60000000000022 207.634147556277
34.70000000000022 207.634147556277
34.80000000000022 207.634147556277
34.90000000000023 207.634147556277
35.00000000000023 207.634147556277
35.10000000000023 207.634147556277
35.20000000000023 207.634147556277
35.30000000000023 207.634147556277
35.40000000000023 207.634147556277
35.50000000000023 207.634147556277
35.60000000000024 207.634147556277
35.70000000000024 207.634147556277
35.80000000000024 207.634147556277
35.90000000000024 207.634147556277
36.00000000000024 207.634147556277
36.10000000000024 207.634147556277
36.20000000000024 207.634147556277
36.30000000000025 207.634147556277
36.40000000000025 207.634147556277
36.50000000000025 207.634147556277
36.60000000000025 207.634147556277
36.70000000000025 207.634147556277
36.80000000000025 207.634147556277
36.90000000000025 207.634147556277
37.00000000000026 207.634147556277
37.10000000000026 207.634147556277
37.20000000000026 207.634147556277
37.30000000000026 207.634147556277
37.40000000000026 207.634147556277
37.50000000000026 207.634147556277
37.60000000000026 207.634147556277
37.70000000000027 207.634147556277
37.80000000000027 207.634147556277
37.90000000000027 207.634147556277
38.00000000000027 207.634147556277
38.10000000000027 207.634147556277
38.20000000000027 207.634147556277
38.30000000000027 207.634147556277
38.40000000000028 207.634147556277
38.50000000000028 207.634147556277
38.60000000000028 207.634147556277
38.70000000000028 207.634147556277
38.80000000000028 207.634147556277
38.90000000000028 207.634147556277
39.00000000000028 207.634147556277
39.10000000000029 207.634147556277
39.20000000000029 207.634147556277
39.30000000000029 207.634147556277
39.40000000000029 207.634147556277
39.50000000000029 207.634147556277
39.60000000000029 207.634147556277
39.70000000000029 207.634147556277
39.8000000000003 207.634147556277
39.9000000000003 207.634147556277
40.0000000000003 207.634147556277
40.1000000000003 207.634147556277
40.2000000000003 207.634147556277
40.3000000000003 207.634147556277
40.4000000000003 207.634147556277
40.50000000000031 207.634147556277
40.60000000000031 207.634147556277
40.70000000000031 207.634147556277
40.80000000000031 207.634147556277
40.90000000000031 207.634147556277
41.00000000000031 207.634147556277
41.10000000000031 207.634147556277
41.20000000000032 207.634147556277
41.30000000000032 207.634147556277
41.40000000000032 207.634147556277
41.50000000000032 207.634147556277
41.60000000000032 207.634147556277
41.70000000000032 207.634147556277
41.80000000000032 207.634147556277
41.90000000000033 207.634147556277
42.00000000000033 207.634147556277
42.10000000000033 207.634147556277
42.20000000000033 207.634147556277
42.30000000000033 207.634147556277
42.40000000000033 207.634147556277
42.50000000000033 207.634147556277
42.60000000000034 207.634147556277
42.70000000000034 207.634147556277
42.80000000000034 207.634147556277
42.90000000000034 207.634147556277
43.00000000000034 207.634147556277
43.10000000000034 207.634147556277
43.20000000000034 207.634147556277
43.30000000000035 207.634147556277
43.40000000000035 207.634147556277
43.50000000000035 207.634147556277
43.60000000000035 207.634147556277
43.70000000000035 207.634147556277
43.80000000000035 207.634147556277
43.90000000000035 207.634147556277
44.00000000000036 207.634147556277
44.10000000000036 207.634147556277
44.20000000000036 207.634147556277
44.30000000000036 207.634147556277
44.40000000000036 207.634147556277
44.50000000000036 207.634147556277
44.60000000000036 207.634147556277
44.70000000000037 207.634147556277
44.80000000000037 207.634147556277
44.90000000000037 207.634147556277
45.00000000000037 207.634147556277
45.10000000000037 207.634147556277
45.20000000000037 207.634147556277
45.30000000000037 207.634147556277
45.40000000000038 207.634147556277
45.50000000000038 207.634147556277
45.60000000000038 207.634147556277
45.70000000000038 207.634147556277
45.80000000000038 207.634147556277
45.90000000000038 207.634147556277
46.00000000000038 207.634147556277
46.10000000000039 207.634147556277
46.20000000000039 207.634147556277
46.30000000000039 207.634147556277
46.40000000000039 207.634147556277
46.50000000000039 207.634147556277
46.60000000000039 207.634147556277
46.70000000000039 207.634147556277
46.8000000000004 207.634147556277
46.9000000000004 207.634147556277
47.0000000000004 207.634147556277
47.1000000000004 207.634147556277
47.2000000000004 207.634147556277
47.3000000000004 207.634147556277
47.4000000000004 207.634147556277
47.50000000000041 207.634147556277
47.60000000000041 207.634147556277
47.70000000000041 207.634147556277
47.80000000000041 207.634147556277
47.90000000000041 207.634147556277
48.00000000000041 207.634147556277
48.10000000000041 207.634147556277
48.20000000000041 207.634147556277
48.30000000000042 207.634147556277
48.40000000000042 207.634147556277
48.50000000000042 207.634147556277
48.60000000000042 207.634147556277
48.70000000000042 207.634147556277
48.80000000000042 207.634147556277
48.90000000000042 207.634147556277
49.00000000000043 207.634147556277
49.10000000000043 207.634147556277
49.20000000000043 207.634147556277
49.30000000000043 207.634147556277
49.40000000000043 207.634147556277
49.50000000000043 207.634147556277
49.60000000000043 207.634147556277
49.70000000000044 207.634147556277
49.80000000000044 207.634147556277
49.90000000000044 207.634147556277