Time X1
0 250
0.1 -310.9444875968341
0.2 -310.9444875751815
0.3 -310.944487575065
0.4 -310.9444875749485
0.5 -310.9444875748321
0.6 -310.9444875747155
0.7 -310.9444875746058
0.7999999999999999 -310.9444875746054
0.8999999999999999 -310.9444875746051
0.9999999999999999 -310.9444875746048
1.1 -310.9444875746045
1.2 -310.9444875746041
1.3 -310.944487574604
1.4 -310.944487574604
1.5 -310.944487574604
1.6 -310.944487574604
1.7 -310.944487574604
1.8 -310.944487574604
1.900000000000001 -310.944487574604
2 -310.944487574604
2.100000000000001 -310.944487574604
2.200000000000001 -310.944487574604
2.300000000000001 -310.944487574604
2.400000000000001 -310.944487574604
2.500000000000001 -310.944487574604
2.600000000000001 -310.944487574604
2.700000000000001 -310.944487574604
2.800000000000001 -310.944487574604
2.900000000000001 -310.944487574604
3.000000000000001 -310.944487574604
3.100000000000001 -310.944487574604
3.200000000000002 -310.944487574604
3.300000000000002 -310.944487574604
3.400000000000002 -310.944487574604
3.500000000000002 -310.944487574604
3.600000000000002 -310.944487574604
3.700000000000002 -310.944487574604
3.800000000000002 -310.944487574604
3.900000000000002 -310.944487574604
4.000000000000002 -310.944487574604
4.100000000000001 -310.944487574604
4.200000000000001 -310.944487574604
4.300000000000001 -310.944487574604
4.4 -310.944487574604
4.5 -310.944487574604
4.6 -310.944487574604
4.699999999999999 -310.944487574604
4.799999999999999 -310.944487574604
4.899999999999999 -310.944487574604
4.999999999999998 -310.944487574604
5.099999999999998 -310.944487574604
5.199999999999998 -310.944487574604
5.299999999999997 -310.944487574604
5.399999999999997 -310.944487574604
5.499999999999996 -310.944487574604
5.599999999999996 -310.944487574604
5.699999999999996 -310.944487574604
5.799999999999995 -310.944487574604
5.899999999999995 -310.944487574604
5.999999999999995 -310.944487574604
6.099999999999994 -310.944487574604
6.199999999999994 -310.944487574604
6.299999999999994 -310.944487574604
6.399999999999993 -310.944487574604
6.499999999999993 -310.944487574604
6.599999999999993 -310.944487574604
6.699999999999992 -310.944487574604
6.799999999999992 -310.944487574604
6.899999999999991 -310.944487574604
6.999999999999991 -310.944487574604
7.099999999999991 -310.944487574604
7.19999999999999 -310.944487574604
7.29999999999999 -310.944487574604
7.39999999999999 -310.944487574604
7.499999999999989 -310.944487574604
7.599999999999989 -310.944487574604
7.699999999999989 -310.944487574604
7.799999999999988 -310.944487574604
7.899999999999988 -310.944487574604
7.999999999999988 -310.944487574604
8.099999999999987 -310.944487574604
8.199999999999987 -310.944487574604
8.299999999999986 -310.944487574604
8.399999999999986 -310.944487574604
8.499999999999986 -310.944487574604
8.599999999999985 -310.944487574604
8.699999999999985 -310.944487574604
8.799999999999985 -310.944487574604
8.899999999999984 -310.944487574604
8.999999999999984 -310.944487574604
9.099999999999984 -310.944487574604
9.199999999999983 -310.944487574604
9.299999999999983 -310.944487574604
9.399999999999983 -310.944487574604
9.499999999999982 -310.944487574604
9.599999999999982 -310.944487574604
9.699999999999982 -310.944487574604
9.799999999999981 -310.944487574604
9.899999999999981 -310.944487574604
9.99999999999998 -310.944487574604
10.09999999999998 -310.944487574604
10.19999999999998 -310.944487574604
10.29999999999998 -310.944487574604
10.39999999999998 -310.944487574604
10.49999999999998 -310.944487574604
10.59999999999998 -310.944487574604
10.69999999999998 -310.944487574604
10.79999999999998 -310.944487574604
10.89999999999998 -310.944487574604
10.99999999999998 -310.944487574604
11.09999999999998 -310.944487574604
11.19999999999998 -310.944487574604
11.29999999999998 -310.944487574604
11.39999999999998 -310.944487574604
11.49999999999998 -310.944487574604
11.59999999999997 -310.944487574604
11.69999999999997 -310.944487574604
11.79999999999997 -310.944487574604
11.89999999999997 -310.944487574604
11.99999999999997 -310.944487574604
12.09999999999997 -310.944487574604
12.19999999999997 -310.944487574604
12.29999999999997 -310.944487574604
12.39999999999997 -310.944487574604
12.49999999999997 -310.944487574604
12.59999999999997 -310.944487574604
12.69999999999997 -310.944487574604
12.79999999999997 -310.944487574604
12.89999999999997 -310.944487574604
12.99999999999997 -310.944487574604
13.09999999999997 -310.944487574604
13.19999999999997 -310.944487574604
13.29999999999997 -310.944487574604
13.39999999999997 -310.944487574604
13.49999999999997 -310.944487574604
13.59999999999997 -310.944487574604
13.69999999999997 -310.944487574604
13.79999999999997 -310.944487574604
13.89999999999997 -310.944487574604
13.99999999999997 -310.944487574604
14.09999999999997 -310.944487574604
14.19999999999997 -310.944487574604
14.29999999999997 -310.944487574604
14.39999999999996 -310.944487574604
14.49999999999996 -310.944487574604
14.59999999999996 -310.944487574604
14.69999999999996 -310.944487574604
14.79999999999996 -310.944487574604
14.89999999999996 -310.944487574604
14.99999999999996 -310.944487574604
15.09999999999996 -310.944487574604
15.19999999999996 -310.944487574604
15.29999999999996 -310.944487574604
15.39999999999996 -310.944487574604
15.49999999999996 -310.944487574604
15.59999999999996 -310.944487574604
15.69999999999996 -310.944487574604
15.79999999999996 -310.944487574604
15.89999999999996 -310.944487574604
15.99999999999996 -310.944487574604
16.09999999999996 -310.944487574604
16.19999999999996 -310.944487574604
16.29999999999996 -310.944487574604
16.39999999999996 -310.944487574604
16.49999999999996 -310.944487574604
16.59999999999997 -310.944487574604
16.69999999999997 -310.944487574604
16.79999999999997 -310.944487574604
16.89999999999997 -310.944487574604
16.99999999999997 -310.944487574604
17.09999999999997 -310.944487574604
17.19999999999997 -310.944487574604
17.29999999999998 -310.944487574604
17.39999999999998 -310.944487574604
17.49999999999998 -310.944487574604
17.59999999999998 -310.944487574604
17.69999999999998 -310.944487574604
17.79999999999998 -310.944487574604
17.89999999999998 -310.944487574604
17.99999999999999 -310.944487574604
18.09999999999999 -310.944487574604
18.19999999999999 -310.944487574604
18.29999999999999 -310.944487574604
18.39999999999999 -310.944487574604
18.49999999999999 -310.944487574604
18.59999999999999 -310.944487574604
18.7 -310.944487574604
18.8 -310.944487574604
18.9 -310.944487574604
19 -310.944487574604
19.1 -310.944487574604
19.2 -310.944487574604
19.3 -310.944487574604
19.40000000000001 -310.944487574604
19.50000000000001 -310.944487574604
19.60000000000001 -310.944487574604
19.70000000000001 -310.944487574604
19.80000000000001 -310.944487574604
19.90000000000001 -310.944487574604
20.00000000000001 -310.944487574604
20.10000000000002 -310.944487574604
20.20000000000002 -310.944487574604
20.30000000000002 -310.944487574604
20.40000000000002 -310.944487574604
20.50000000000002 -310.944487574604
20.60000000000002 -310.944487574604
20.70000000000002 -310.944487574604
20.80000000000003 -310.944487574604
20.90000000000003 -310.944487574604
21.00000000000003 -310.944487574604
21.10000000000003 -310.944487574604
21.20000000000003 -310.944487574604
21.30000000000003 -310.944487574604
21.40000000000003 -310.944487574604
21.50000000000004 -310.944487574604
21.60000000000004 -310.944487574604
21.70000000000004 -310.944487574604
21.80000000000004 -310.944487574604
21.90000000000004 -310.944487574604
22.00000000000004 -310.944487574604
22.10000000000004 -310.944487574604
22.20000000000005 -310.944487574604
22.30000000000005 -310.944487574604
22.40000000000005 -310.944487574604
22.50000000000005 -310.944487574604
22.60000000000005 -310.944487574604
22.70000000000005 -310.944487574604
22.80000000000005 -310.944487574604
22.90000000000006 -310.944487574604
23.00000000000006 -310.944487574604
23.10000000000006 -310.944487574604
23.20000000000006 -310.944487574604
23.30000000000006 -310.944487574604
23.40000000000006 -310.944487574604
23.50000000000006 -310.944487574604
23.60000000000007 -310.944487574604
23.70000000000007 -310.944487574604
23.80000000000007 -310.944487574604
23.90000000000007 -310.944487574604
24.00000000000007 -310.944487574604
24.10000000000007 -310.944487574604
24.20000000000007 -310.944487574604
24.30000000000008 -310.944487574604
24.40000000000008 -310.944487574604
24.50000000000008 -310.944487574604
24.60000000000008 -310.944487574604
24.70000000000008 -310.944487574604
24.80000000000008 -310.944487574604
24.90000000000008 -310.944487574604
25.00000000000009 -310.944487574604
25.10000000000009 -310.944487574604
25.20000000000009 -310.944487574604
25.30000000000009 -310.944487574604
25.40000000000009 -310.944487574604
25.50000000000009 -310.944487574604
25.60000000000009 -310.944487574604
25.7000000000001 -310.944487574604
25.8000000000001 -310.944487574604
25.9000000000001 -310.944487574604
26.0000000000001 -310.944487574604
26.1000000000001 -310.944487574604
26.2000000000001 -310.944487574604
26.3000000000001 -310.944487574604
26.40000000000011 -310.944487574604
26.50000000000011 -310.944487574604
26.60000000000011 -310.944487574604
26.70000000000011 -310.944487574604
26.80000000000011 -310.944487574604
26.90000000000011 -310.944487574604
27.00000000000011 -310.944487574604
27.10000000000012 -310.944487574604
27.20000000000012 -310.944487574604
27.30000000000012 -310.944487574604
27.40000000000012 -310.944487574604
27.50000000000012 -310.944487574604
27.60000000000012 -310.944487574604
27.70000000000012 -310.944487574604
27.80000000000013 -310.944487574604
27.90000000000013 -310.944487574604
28.00000000000013 -310.944487574604
28.10000000000013 -310.944487574604
28.20000000000013 -310.944487574604
28.30000000000013 -310.944487574604
28.40000000000013 -310.944487574604
28.50000000000014 -310.944487574604
28.60000000000014 -310.944487574604
28.70000000000014 -310.944487574604
28.80000000000014 -310.944487574604
28.90000000000014 -310.944487574604
29.00000000000014 -310.944487574604
29.10000000000014 -310.944487574604
29.20000000000014 -310.944487574604
29.30000000000015 -310.944487574604
29.40000000000015 -310.944487574604
29.50000000000015 -310.944487574604
29.60000000000015 -310.944487574604
29.70000000000015 -310.944487574604
29.80000000000015 -310.944487574604
29.90000000000015 -310.944487574604
30.00000000000016 -310.944487574604
30.10000000000016 -310.944487574604
30.20000000000016 -310.944487574604
30.30000000000016 -310.944487574604
30.40000000000016 -310.944487574604
30.50000000000016 -310.944487574604
30.60000000000016 -310.944487574604
30.70000000000017 -310.944487574604
30.80000000000017 -310.944487574604
30.90000000000017 -310.944487574604
31.00000000000017 -310.944487574604
31.10000000000017 -310.944487574604
31.20000000000017 -310.944487574604
31.30000000000017 -310.944487574604
31.40000000000018 -310.944487574604
31.50000000000018 -310.944487574604
31.60000000000018 -310.944487574604
31.70000000000018 -310.944487574604
31.80000000000018 -310.944487574604
31.90000000000018 -310.944487574604
32.00000000000018 -310.944487574604
32.10000000000019 -310.944487574604
32.20000000000019 -310.944487574604
32.30000000000019 -310.944487574604
32.40000000000019 -310.944487574604
32.50000000000019 -310.944487574604
32.60000000000019 -310.944487574604
32.70000000000019 -310.944487574604
32.8000000000002 -310.944487574604
32.9000000000002 -310.944487574604
33.0000000000002 -310.944487574604
33.1000000000002 -310.944487574604
33.2000000000002 -310.944487574604
33.3000000000002 -310.944487574604
33.4000000000002 -310.944487574604
33.50000000000021 -310.944487574604
33.60000000000021 -310.944487574604
33.70000000000021 -310.944487574604
33.80000000000021 -310.944487574604
33.90000000000021 -310.944487574604
34.00000000000021 -310.944487574604
34.10000000000021 -310.944487574604
34.20000000000022 -310.944487574604
34.30000000000022 -310.944487574604
34.40000000000022 -310.944487574604
34.50000000000022 -310.944487574604
34.60000000000022 -310.944487574604
34.70000000000022 -310.944487574604
34.80000000000022 -310.944487574604
34.90000000000023 -310.944487574604
35.00000000000023 -310.944487574604
35.10000000000023 -310.944487574604
35.20000000000023 -310.944487574604
35.30000000000023 -310.944487574604
35.40000000000023 -310.944487574604
35.50000000000023 -310.944487574604
35.60000000000024 -310.944487574604
35.70000000000024 -310.944487574604
35.80000000000024 -310.944487574604
35.90000000000024 -310.944487574604
36.00000000000024 -310.944487574604
36.10000000000024 -310.944487574604
36.20000000000024 -310.944487574604
36.30000000000025 -310.944487574604
36.40000000000025 -310.944487574604
36.50000000000025 -310.944487574604
36.60000000000025 -310.944487574604
36.70000000000025 -310.944487574604
36.80000000000025 -310.944487574604
36.90000000000025 -310.944487574604
37.00000000000026 -310.944487574604
37.10000000000026 -310.944487574604
37.20000000000026 -310.944487574604
37.30000000000026 -310.944487574604
37.40000000000026 -310.944487574604
37.50000000000026 -310.944487574604
37.60000000000026 -310.944487574604
37.70000000000027 -310.944487574604
37.80000000000027 -310.944487574604
37.90000000000027 -310.944487574604
38.00000000000027 -310.944487574604
38.10000000000027 -310.944487574604
38.20000000000027 -310.944487574604
38.30000000000027 -310.944487574604
38.40000000000028 -310.944487574604
38.50000000000028 -310.944487574604
38.60000000000028 -310.944487574604
38.70000000000028 -310.944487574604
38.80000000000028 -310.944487574604
38.90000000000028 -310.944487574604
39.00000000000028 -310.944487574604
39.10000000000029 -310.944487574604
39.20000000000029 -310.944487574604
39.30000000000029 -310.944487574604
39.40000000000029 -310.944487574604
39.50000000000029 -310.944487574604
39.60000000000029 -310.944487574604
39.70000000000029 -310.944487574604
39.8000000000003 -310.944487574604
39.9000000000003 -310.944487574604
40.0000000000003 -310.944487574604
40.1000000000003 -310.944487574604
40.2000000000003 -310.944487574604
40.3000000000003 -310.944487574604
40.4000000000003 -310.944487574604
40.50000000000031 -310.944487574604
40.60000000000031 -310.944487574604
40.70000000000031 -310.944487574604
40.80000000000031 -310.944487574604
40.90000000000031 -310.944487574604
41.00000000000031 -310.944487574604
41.10000000000031 -310.944487574604
41.20000000000032 -310.944487574604
41.30000000000032 -310.944487574604
41.40000000000032 -310.944487574604
41.50000000000032 -310.944487574604
41.60000000000032 -310.944487574604
41.70000000000032 -310.944487574604
41.80000000000032 -310.944487574604
41.90000000000033 -310.944487574604
42.00000000000033 -310.944487574604
42.10000000000033 -310.944487574604
42.20000000000033 -310.944487574604
42.30000000000033 -310.944487574604
42.40000000000033 -310.944487574604
42.50000000000033 -310.944487574604
42.60000000000034 -310.944487574604
42.70000000000034 -310.944487574604
42.80000000000034 -310.944487574604
42.90000000000034 -310.944487574604
43.00000000000034 -310.944487574604
43.10000000000034 -310.944487574604
43.20000000000034 -310.944487574604
43.30000000000035 -310.944487574604
43.40000000000035 -310.944487574604
43.50000000000035 -310.944487574604
43.60000000000035 -310.944487574604
43.70000000000035 -310.944487574604
43.80000000000035 -310.944487574604
43.90000000000035 -310.944487574604
44.00000000000036 -310.944487574604
44.10000000000036 -310.944487574604
44.20000000000036 -310.944487574604
44.30000000000036 -310.944487574604
44.40000000000036 -310.944487574604
44.50000000000036 -310.944487574604
44.60000000000036 -310.944487574604
44.70000000000037 -310.944487574604
44.80000000000037 -310.944487574604
44.90000000000037 -310.944487574604
45.00000000000037 -310.944487574604
45.10000000000037 -310.944487574604
45.20000000000037 -310.944487574604
45.30000000000037 -310.944487574604
45.40000000000038 -310.944487574604
45.50000000000038 -310.944487574604
45.60000000000038 -310.944487574604
45.70000000000038 -310.944487574604
45.80000000000038 -310.944487574604
45.90000000000038 -310.944487574604
46.00000000000038 -310.944487574604
46.10000000000039 -310.944487574604
46.20000000000039 -310.944487574604
46.30000000000039 -310.944487574604
46.40000000000039 -310.944487574604
46.50000000000039 -310.944487574604
46.60000000000039 -310.944487574604
46.70000000000039 -310.944487574604
46.8000000000004 -310.944487574604
46.9000000000004 -310.944487574604
47.0000000000004 -310.944487574604
47.1000000000004 -310.944487574604
47.2000000000004 -310.944487574604
47.3000000000004 -310.944487574604
47.4000000000004 -310.944487574604
47.50000000000041 -310.944487574604
47.60000000000041 -310.944487574604
47.70000000000041 -310.944487574604
47.80000000000041 -310.944487574604
47.90000000000041 -310.944487574604
48.00000000000041 -310.944487574604
48.10000000000041 -310.944487574604
48.20000000000041 -310.944487574604
48.30000000000042 -310.944487574604
48.40000000000042 -310.944487574604
48.50000000000042 -310.944487574604
48.60000000000042 -310.944487574604
48.70000000000042 -310.944487574604
48.80000000000042 -310.944487574604
48.90000000000042 -310.944487574604
49.00000000000043 -310.944487574604
49.10000000000043 -310.944487574604
49.20000000000043 -310.944487574604
49.30000000000043 -310.944487574604
49.40000000000043 -310.944487574604
49.50000000000043 -310.944487574604
49.60000000000043 -310.944487574604
49.70000000000044 -310.944487574604
49.80000000000044 -310.944487574604
49.90000000000044 -310.944487574604