Time X1
0 250
0.1 1253.319319772692
0.2 1253.319319772692
0.3 1253.319319772693
0.4 1253.319319772693
0.5 1253.319319772693
0.6 1253.319319772693
0.7 1253.319319772692
0.7999999999999999 1253.319319772692
0.8999999999999999 1253.319319772692
0.9999999999999999 1253.319319772692
1.1 1253.319319772692
1.2 1253.319319772692
1.3 1253.319319772692
1.4 1253.319319772692
1.5 1253.319319772692
1.6 1253.319319772692
1.7 1253.319319772692
1.8 1253.319319772692
1.900000000000001 1253.319319772692
2 1253.319319772692
2.100000000000001 1253.319319772692
2.200000000000001 1253.319319772692
2.300000000000001 1253.319319772692
2.400000000000001 1253.319319772692
2.500000000000001 1253.319319772692
2.600000000000001 1253.319319772692
2.700000000000001 1253.319319772692
2.800000000000001 1253.319319772692
2.900000000000001 1253.319319772692
3.000000000000001 1253.319319772692
3.100000000000001 1253.319319772692
3.200000000000002 1253.319319772692
3.300000000000002 1253.319319772692
3.400000000000002 1253.319319772692
3.500000000000002 1253.319319772692
3.600000000000002 1253.319319772692
3.700000000000002 1253.319319772692
3.800000000000002 1253.319319772692
3.900000000000002 1253.319319772692
4.000000000000002 1253.319319772692
4.100000000000001 1253.319319772692
4.200000000000001 1253.319319772692
4.300000000000001 1253.319319772692
4.4 1253.319319772692
4.5 1253.319319772692
4.6 1253.319319772692
4.699999999999999 1253.319319772692
4.799999999999999 1253.319319772692
4.899999999999999 1253.319319772692
4.999999999999998 1253.319319772692
5.099999999999998 1253.319319772692
5.199999999999998 1253.319319772692
5.299999999999997 1253.319319772692
5.399999999999997 1253.319319772692
5.499999999999996 1253.319319772692
5.599999999999996 1253.319319772692
5.699999999999996 1253.319319772692
5.799999999999995 1253.319319772692
5.899999999999995 1253.319319772692
5.999999999999995 1253.319319772692
6.099999999999994 1253.319319772692
6.199999999999994 1253.319319772692
6.299999999999994 1253.319319772692
6.399999999999993 1253.319319772692
6.499999999999993 1253.319319772692
6.599999999999993 1253.319319772692
6.699999999999992 1253.319319772692
6.799999999999992 1253.319319772692
6.899999999999991 1253.319319772692
6.999999999999991 1253.319319772692
7.099999999999991 1253.319319772692
7.19999999999999 1253.319319772692
7.29999999999999 1253.319319772692
7.39999999999999 1253.319319772692
7.499999999999989 1253.319319772692
7.599999999999989 1253.319319772692
7.699999999999989 1253.319319772692
7.799999999999988 1253.319319772692
7.899999999999988 1253.319319772692
7.999999999999988 1253.319319772692
8.099999999999987 1253.319319772692
8.199999999999987 1253.319319772692
8.299999999999986 1253.319319772692
8.399999999999986 1253.319319772692
8.499999999999986 1253.319319772692
8.599999999999985 1253.319319772692
8.699999999999985 1253.319319772692
8.799999999999985 1253.319319772692
8.899999999999984 1253.319319772692
8.999999999999984 1253.319319772692
9.099999999999984 1253.319319772692
9.199999999999983 1253.319319772692
9.299999999999983 1253.319319772692
9.399999999999983 1253.319319772692
9.499999999999982 1253.319319772692
9.599999999999982 1253.319319772692
9.699999999999982 1253.319319772692
9.799999999999981 1253.319319772692
9.899999999999981 1253.319319772692
9.99999999999998 1253.319319772692
10.09999999999998 1253.319319772692
10.19999999999998 1253.319319772692
10.29999999999998 1253.319319772692
10.39999999999998 1253.319319772692
10.49999999999998 1253.319319772692
10.59999999999998 1253.319319772692
10.69999999999998 1253.319319772692
10.79999999999998 1253.319319772692
10.89999999999998 1253.319319772692
10.99999999999998 1253.319319772692
11.09999999999998 1253.319319772692
11.19999999999998 1253.319319772692
11.29999999999998 1253.319319772692
11.39999999999998 1253.319319772692
11.49999999999998 1253.319319772692
11.59999999999997 1253.319319772692
11.69999999999997 1253.319319772692
11.79999999999997 1253.319319772692
11.89999999999997 1253.319319772692
11.99999999999997 1253.319319772692
12.09999999999997 1253.319319772692
12.19999999999997 1253.319319772692
12.29999999999997 1253.319319772692
12.39999999999997 1253.319319772692
12.49999999999997 1253.319319772692
12.59999999999997 1253.319319772692
12.69999999999997 1253.319319772692
12.79999999999997 1253.319319772692
12.89999999999997 1253.319319772692
12.99999999999997 1253.319319772692
13.09999999999997 1253.319319772692
13.19999999999997 1253.319319772692
13.29999999999997 1253.319319772692
13.39999999999997 1253.319319772692
13.49999999999997 1253.319319772692
13.59999999999997 1253.319319772692
13.69999999999997 1253.319319772692
13.79999999999997 1253.319319772692
13.89999999999997 1253.319319772692
13.99999999999997 1253.319319772692
14.09999999999997 1253.319319772692
14.19999999999997 1253.319319772692
14.29999999999997 1253.319319772692
14.39999999999996 1253.319319772692
14.49999999999996 1253.319319772692
14.59999999999996 1253.319319772692
14.69999999999996 1253.319319772692
14.79999999999996 1253.319319772693
14.89999999999996 1253.319319772693
14.99999999999996 1253.319319772693
15.09999999999996 1253.319319772693
15.19999999999996 1253.319319772693
15.29999999999996 1253.319319772693
15.39999999999996 1253.319319772693
15.49999999999996 1253.319319772693
15.59999999999996 1253.319319772693
15.69999999999996 1253.319319772693
15.79999999999996 1253.319319772693
15.89999999999996 1253.319319772693
15.99999999999996 1253.319319772693
16.09999999999996 1253.319319772693
16.19999999999996 1253.319319772693
16.29999999999996 1253.319319772693
16.39999999999996 1253.319319772693
16.49999999999996 1253.319319772693
16.59999999999997 1253.319319772693
16.69999999999997 1253.319319772693
16.79999999999997 1253.319319772693
16.89999999999997 1253.319319772693
16.99999999999997 1253.319319772693
17.09999999999997 1253.319319772693
17.19999999999997 1253.319319772693
17.29999999999998 1253.319319772693
17.39999999999998 1253.319319772693
17.49999999999998 1253.319319772693
17.59999999999998 1253.319319772693
17.69999999999998 1253.319319772693
17.79999999999998 1253.319319772693
17.89999999999998 1253.319319772693
17.99999999999999 1253.319319772693
18.09999999999999 1253.319319772693
18.19999999999999 1253.319319772693
18.29999999999999 1253.319319772693
18.39999999999999 1253.319319772693
18.49999999999999 1253.319319772693
18.59999999999999 1253.319319772693
18.7 1253.319319772693
18.8 1253.319319772693
18.9 1253.319319772693
19 1253.319319772693
19.1 1253.319319772693
19.2 1253.319319772693
19.3 1253.319319772693
19.40000000000001 1253.319319772693
19.50000000000001 1253.319319772693
19.60000000000001 1253.319319772693
19.70000000000001 1253.319319772693
19.80000000000001 1253.319319772693
19.90000000000001 1253.319319772693
20.00000000000001 1253.319319772693
20.10000000000002 1253.319319772693
20.20000000000002 1253.319319772693
20.30000000000002 1253.319319772693
20.40000000000002 1253.319319772693
20.50000000000002 1253.319319772693
20.60000000000002 1253.319319772693
20.70000000000002 1253.319319772693
20.80000000000003 1253.319319772693
20.90000000000003 1253.319319772693
21.00000000000003 1253.319319772693
21.10000000000003 1253.319319772693
21.20000000000003 1253.319319772693
21.30000000000003 1253.319319772693
21.40000000000003 1253.319319772693
21.50000000000004 1253.319319772693
21.60000000000004 1253.319319772693
21.70000000000004 1253.319319772693
21.80000000000004 1253.319319772693
21.90000000000004 1253.319319772693
22.00000000000004 1253.319319772693
22.10000000000004 1253.319319772693
22.20000000000005 1253.319319772693
22.30000000000005 1253.319319772693
22.40000000000005 1253.319319772693
22.50000000000005 1253.319319772693
22.60000000000005 1253.319319772693
22.70000000000005 1253.319319772693
22.80000000000005 1253.319319772693
22.90000000000006 1253.319319772693
23.00000000000006 1253.319319772693
23.10000000000006 1253.319319772693
23.20000000000006 1253.319319772693
23.30000000000006 1253.319319772693
23.40000000000006 1253.319319772693
23.50000000000006 1253.319319772693
23.60000000000007 1253.319319772693
23.70000000000007 1253.319319772693
23.80000000000007 1253.319319772693
23.90000000000007 1253.319319772693
24.00000000000007 1253.319319772693
24.10000000000007 1253.319319772693
24.20000000000007 1253.319319772693
24.30000000000008 1253.319319772693
24.40000000000008 1253.319319772693
24.50000000000008 1253.319319772693
24.60000000000008 1253.319319772693
24.70000000000008 1253.319319772693
24.80000000000008 1253.319319772693
24.90000000000008 1253.319319772693
25.00000000000009 1253.319319772693
25.10000000000009 1253.319319772693
25.20000000000009 1253.319319772693
25.30000000000009 1253.319319772693
25.40000000000009 1253.319319772693
25.50000000000009 1253.319319772693
25.60000000000009 1253.319319772693
25.7000000000001 1253.319319772693
25.8000000000001 1253.319319772693
25.9000000000001 1253.319319772693
26.0000000000001 1253.319319772693
26.1000000000001 1253.319319772693
26.2000000000001 1253.319319772693
26.3000000000001 1253.319319772693
26.40000000000011 1253.319319772693
26.50000000000011 1253.319319772693
26.60000000000011 1253.319319772693
26.70000000000011 1253.319319772693
26.80000000000011 1253.319319772693
26.90000000000011 1253.319319772693
27.00000000000011 1253.319319772693
27.10000000000012 1253.319319772693
27.20000000000012 1253.319319772693
27.30000000000012 1253.319319772693
27.40000000000012 1253.319319772693
27.50000000000012 1253.319319772693
27.60000000000012 1253.319319772693
27.70000000000012 1253.319319772693
27.80000000000013 1253.319319772693
27.90000000000013 1253.319319772693
28.00000000000013 1253.319319772693
28.10000000000013 1253.319319772693
28.20000000000013 1253.319319772693
28.30000000000013 1253.319319772693
28.40000000000013 1253.319319772693
28.50000000000014 1253.319319772693
28.60000000000014 1253.319319772693
28.70000000000014 1253.319319772693
28.80000000000014 1253.319319772693
28.90000000000014 1253.319319772693
29.00000000000014 1253.319319772693
29.10000000000014 1253.319319772693
29.20000000000014 1253.319319772693
29.30000000000015 1253.319319772693
29.40000000000015 1253.319319772693
29.50000000000015 1253.319319772693
29.60000000000015 1253.319319772693
29.70000000000015 1253.319319772693
29.80000000000015 1253.319319772693
29.90000000000015 1253.319319772693
30.00000000000016 1253.319319772693
30.10000000000016 1253.319319772693
30.20000000000016 1253.319319772693
30.30000000000016 1253.319319772693
30.40000000000016 1253.319319772693
30.50000000000016 1253.319319772693
30.60000000000016 1253.319319772693
30.70000000000017 1253.319319772693
30.80000000000017 1253.319319772693
30.90000000000017 1253.319319772693
31.00000000000017 1253.319319772693
31.10000000000017 1253.319319772693
31.20000000000017 1253.319319772693
31.30000000000017 1253.319319772693
31.40000000000018 1253.319319772693
31.50000000000018 1253.319319772693
31.60000000000018 1253.319319772693
31.70000000000018 1253.319319772693
31.80000000000018 1253.319319772693
31.90000000000018 1253.319319772693
32.00000000000018 1253.319319772693
32.10000000000019 1253.319319772693
32.20000000000019 1253.319319772693
32.30000000000019 1253.319319772693
32.40000000000019 1253.319319772693
32.50000000000019 1253.319319772693
32.60000000000019 1253.319319772693
32.70000000000019 1253.319319772693
32.8000000000002 1253.319319772693
32.9000000000002 1253.319319772693
33.0000000000002 1253.319319772693
33.1000000000002 1253.319319772693
33.2000000000002 1253.319319772693
33.3000000000002 1253.319319772693
33.4000000000002 1253.319319772693
33.50000000000021 1253.319319772693
33.60000000000021 1253.319319772693
33.70000000000021 1253.319319772693
33.80000000000021 1253.319319772693
33.90000000000021 1253.319319772693
34.00000000000021 1253.319319772693
34.10000000000021 1253.319319772693
34.20000000000022 1253.319319772693
34.30000000000022 1253.319319772693
34.40000000000022 1253.319319772693
34.50000000000022 1253.319319772693
34.60000000000022 1253.319319772693
34.70000000000022 1253.319319772693
34.80000000000022 1253.319319772693
34.90000000000023 1253.319319772693
35.00000000000023 1253.319319772693
35.10000000000023 1253.319319772693
35.20000000000023 1253.319319772693
35.30000000000023 1253.319319772693
35.40000000000023 1253.319319772693
35.50000000000023 1253.319319772693
35.60000000000024 1253.319319772693
35.70000000000024 1253.319319772693
35.80000000000024 1253.319319772693
35.90000000000024 1253.319319772693
36.00000000000024 1253.319319772693
36.10000000000024 1253.319319772693
36.20000000000024 1253.319319772693
36.30000000000025 1253.319319772693
36.40000000000025 1253.319319772693
36.50000000000025 1253.319319772693
36.60000000000025 1253.319319772693
36.70000000000025 1253.319319772693
36.80000000000025 1253.319319772693
36.90000000000025 1253.319319772693
37.00000000000026 1253.319319772693
37.10000000000026 1253.319319772693
37.20000000000026 1253.319319772693
37.30000000000026 1253.319319772693
37.40000000000026 1253.319319772693
37.50000000000026 1253.319319772693
37.60000000000026 1253.319319772693
37.70000000000027 1253.319319772693
37.80000000000027 1253.319319772693
37.90000000000027 1253.319319772693
38.00000000000027 1253.319319772693
38.10000000000027 1253.319319772693
38.20000000000027 1253.319319772693
38.30000000000027 1253.319319772693
38.40000000000028 1253.319319772693
38.50000000000028 1253.319319772693
38.60000000000028 1253.319319772693
38.70000000000028 1253.319319772693
38.80000000000028 1253.319319772693
38.90000000000028 1253.319319772693
39.00000000000028 1253.319319772693
39.10000000000029 1253.319319772693
39.20000000000029 1253.319319772693
39.30000000000029 1253.319319772693
39.40000000000029 1253.319319772693
39.50000000000029 1253.319319772693
39.60000000000029 1253.319319772693
39.70000000000029 1253.319319772693
39.8000000000003 1253.319319772693
39.9000000000003 1253.319319772693
40.0000000000003 1253.319319772693
40.1000000000003 1253.319319772693
40.2000000000003 1253.319319772693
40.3000000000003 1253.319319772693
40.4000000000003 1253.319319772693
40.50000000000031 1253.319319772693
40.60000000000031 1253.319319772693
40.70000000000031 1253.319319772693
40.80000000000031 1253.319319772693
40.90000000000031 1253.319319772693
41.00000000000031 1253.319319772693
41.10000000000031 1253.319319772693
41.20000000000032 1253.319319772693
41.30000000000032 1253.319319772693
41.40000000000032 1253.319319772693
41.50000000000032 1253.319319772693
41.60000000000032 1253.319319772693
41.70000000000032 1253.319319772693
41.80000000000032 1253.319319772693
41.90000000000033 1253.319319772693
42.00000000000033 1253.319319772693
42.10000000000033 1253.319319772693
42.20000000000033 1253.319319772693
42.30000000000033 1253.319319772693
42.40000000000033 1253.319319772693
42.50000000000033 1253.319319772693
42.60000000000034 1253.319319772693
42.70000000000034 1253.319319772693
42.80000000000034 1253.319319772693
42.90000000000034 1253.319319772693
43.00000000000034 1253.319319772693
43.10000000000034 1253.319319772693
43.20000000000034 1253.319319772693
43.30000000000035 1253.319319772693
43.40000000000035 1253.319319772693
43.50000000000035 1253.319319772693
43.60000000000035 1253.319319772693
43.70000000000035 1253.319319772693
43.80000000000035 1253.319319772693
43.90000000000035 1253.319319772693
44.00000000000036 1253.319319772693
44.10000000000036 1253.319319772693
44.20000000000036 1253.319319772693
44.30000000000036 1253.319319772693
44.40000000000036 1253.319319772693
44.50000000000036 1253.319319772693
44.60000000000036 1253.319319772693
44.70000000000037 1253.319319772693
44.80000000000037 1253.319319772693
44.90000000000037 1253.319319772693
45.00000000000037 1253.319319772693
45.10000000000037 1253.319319772693
45.20000000000037 1253.319319772693
45.30000000000037 1253.319319772693
45.40000000000038 1253.319319772693
45.50000000000038 1253.319319772693
45.60000000000038 1253.319319772693
45.70000000000038 1253.319319772693
45.80000000000038 1253.319319772693
45.90000000000038 1253.319319772693
46.00000000000038 1253.319319772693
46.10000000000039 1253.319319772693
46.20000000000039 1253.319319772693
46.30000000000039 1253.319319772693
46.40000000000039 1253.319319772693
46.50000000000039 1253.319319772693
46.60000000000039 1253.319319772693
46.70000000000039 1253.319319772693
46.8000000000004 1253.319319772693
46.9000000000004 1253.319319772693
47.0000000000004 1253.319319772693
47.1000000000004 1253.319319772693
47.2000000000004 1253.319319772693
47.3000000000004 1253.319319772693
47.4000000000004 1253.319319772693
47.50000000000041 1253.319319772693
47.60000000000041 1253.319319772693
47.70000000000041 1253.319319772693
47.80000000000041 1253.319319772693
47.90000000000041 1253.319319772693
48.00000000000041 1253.319319772693
48.10000000000041 1253.319319772693
48.20000000000041 1253.319319772693
48.30000000000042 1253.319319772693
48.40000000000042 1253.319319772693
48.50000000000042 1253.319319772693
48.60000000000042 1253.319319772693
48.70000000000042 1253.319319772693
48.80000000000042 1253.319319772693
48.90000000000042 1253.319319772693
49.00000000000043 1253.319319772693
49.10000000000043 1253.319319772693
49.20000000000043 1253.319319772693
49.30000000000043 1253.319319772693
49.40000000000043 1253.319319772693
49.50000000000043 1253.319319772693
49.60000000000043 1253.319319772693
49.70000000000044 1253.319319772693
49.80000000000044 1253.319319772693
49.90000000000044 1253.319319772693