Time X1
0 250
0.1 176.4637957767998
0.2 176.4637957771111
0.3 176.4637957771581
0.4 176.4637957771589
0.5 176.4637957771589
0.6 176.4637957771589
0.7 176.4637957771589
0.7999999999999999 176.4637957771589
0.8999999999999999 176.4637957771589
0.9999999999999999 176.4637957771589
1.1 176.4637957771589
1.2 176.4637957771589
1.3 176.4637957771589
1.4 176.4637957771589
1.5 176.4637957771589
1.6 176.4637957771589
1.7 176.4637957771589
1.8 176.4637957771589
1.900000000000001 176.4637957771589
2 176.4637957771589
2.100000000000001 176.4637957771589
2.200000000000001 176.4637957771589
2.300000000000001 176.4637957771589
2.400000000000001 176.4637957771589
2.500000000000001 176.4637957771589
2.600000000000001 176.4637957771589
2.700000000000001 176.4637957771589
2.800000000000001 176.4637957771589
2.900000000000001 176.4637957771589
3.000000000000001 176.4637957771589
3.100000000000001 176.4637957771589
3.200000000000002 176.4637957771589
3.300000000000002 176.4637957771589
3.400000000000002 176.4637957771589
3.500000000000002 176.4637957771589
3.600000000000002 176.4637957771589
3.700000000000002 176.4637957771589
3.800000000000002 176.4637957771589
3.900000000000002 176.4637957771589
4.000000000000002 176.4637957771589
4.100000000000001 176.4637957771589
4.200000000000001 176.4637957771589
4.300000000000001 176.4637957771589
4.4 176.4637957771589
4.5 176.4637957771589
4.6 176.4637957771589
4.699999999999999 176.4637957771589
4.799999999999999 176.4637957771589
4.899999999999999 176.4637957771589
4.999999999999998 176.4637957771589
5.099999999999998 176.4637957771589
5.199999999999998 176.4637957771589
5.299999999999997 176.4637957771589
5.399999999999997 176.4637957771589
5.499999999999996 176.4637957771589
5.599999999999996 176.4637957771589
5.699999999999996 176.4637957771589
5.799999999999995 176.4637957771589
5.899999999999995 176.4637957771589
5.999999999999995 176.4637957771589
6.099999999999994 176.4637957771589
6.199999999999994 176.4637957771589
6.299999999999994 176.4637957771589
6.399999999999993 176.4637957771589
6.499999999999993 176.4637957771589
6.599999999999993 176.4637957771589
6.699999999999992 176.4637957771589
6.799999999999992 176.4637957771589
6.899999999999991 176.4637957771589
6.999999999999991 176.4637957771589
7.099999999999991 176.4637957771589
7.19999999999999 176.4637957771589
7.29999999999999 176.4637957771589
7.39999999999999 176.4637957771589
7.499999999999989 176.4637957771589
7.599999999999989 176.4637957771589
7.699999999999989 176.4637957771589
7.799999999999988 176.4637957771589
7.899999999999988 176.4637957771589
7.999999999999988 176.4637957771589
8.099999999999987 176.4637957771589
8.199999999999987 176.4637957771589
8.299999999999986 176.4637957771589
8.399999999999986 176.4637957771589
8.499999999999986 176.4637957771589
8.599999999999985 176.4637957771589
8.699999999999985 176.4637957771589
8.799999999999985 176.4637957771589
8.899999999999984 176.4637957771589
8.999999999999984 176.4637957771589
9.099999999999984 176.4637957771589
9.199999999999983 176.4637957771589
9.299999999999983 176.4637957771589
9.399999999999983 176.4637957771589
9.499999999999982 176.4637957771589
9.599999999999982 176.4637957771589
9.699999999999982 176.4637957771589
9.799999999999981 176.4637957771589
9.899999999999981 176.4637957771589
9.99999999999998 176.4637957771589
10.09999999999998 176.4637957771589
10.19999999999998 176.4637957771589
10.29999999999998 176.4637957771589
10.39999999999998 176.4637957771589
10.49999999999998 176.4637957771589
10.59999999999998 176.4637957771589
10.69999999999998 176.4637957771589
10.79999999999998 176.4637957771589
10.89999999999998 176.4637957771589
10.99999999999998 176.4637957771589
11.09999999999998 176.4637957771589
11.19999999999998 176.4637957771589
11.29999999999998 176.4637957771589
11.39999999999998 176.4637957771589
11.49999999999998 176.4637957771589
11.59999999999997 176.4637957771589
11.69999999999997 176.4637957771589
11.79999999999997 176.4637957771589
11.89999999999997 176.4637957771589
11.99999999999997 176.4637957771589
12.09999999999997 176.4637957771589
12.19999999999997 176.4637957771589
12.29999999999997 176.4637957771589
12.39999999999997 176.4637957771589
12.49999999999997 176.4637957771589
12.59999999999997 176.4637957771589
12.69999999999997 176.4637957771589
12.79999999999997 176.4637957771589
12.89999999999997 176.4637957771589
12.99999999999997 176.4637957771589
13.09999999999997 176.4637957771589
13.19999999999997 176.4637957771589
13.29999999999997 176.4637957771589
13.39999999999997 176.4637957771589
13.49999999999997 176.4637957771589
13.59999999999997 176.4637957771589
13.69999999999997 176.4637957771589
13.79999999999997 176.4637957771589
13.89999999999997 176.4637957771589
13.99999999999997 176.4637957771589
14.09999999999997 176.4637957771589
14.19999999999997 176.4637957771589
14.29999999999997 176.4637957771589
14.39999999999996 176.4637957771589
14.49999999999996 176.4637957771589
14.59999999999996 176.4637957771589
14.69999999999996 176.4637957771589
14.79999999999996 176.4637957771589
14.89999999999996 176.4637957771589
14.99999999999996 176.4637957771589
15.09999999999996 176.4637957771589
15.19999999999996 176.4637957771589
15.29999999999996 176.4637957771589
15.39999999999996 176.4637957771589
15.49999999999996 176.4637957771589
15.59999999999996 176.4637957771589
15.69999999999996 176.4637957771589
15.79999999999996 176.4637957771589
15.89999999999996 176.4637957771589
15.99999999999996 176.4637957771589
16.09999999999996 176.4637957771589
16.19999999999996 176.4637957771589
16.29999999999996 176.4637957771589
16.39999999999996 176.4637957771589
16.49999999999996 176.4637957771589
16.59999999999997 176.4637957771589
16.69999999999997 176.4637957771589
16.79999999999997 176.4637957771589
16.89999999999997 176.4637957771589
16.99999999999997 176.4637957771589
17.09999999999997 176.4637957771589
17.19999999999997 176.4637957771589
17.29999999999998 176.4637957771589
17.39999999999998 176.4637957771589
17.49999999999998 176.4637957771589
17.59999999999998 176.4637957771589
17.69999999999998 176.4637957771589
17.79999999999998 176.4637957771589
17.89999999999998 176.4637957771589
17.99999999999999 176.4637957771589
18.09999999999999 176.4637957771589
18.19999999999999 176.4637957771589
18.29999999999999 176.4637957771589
18.39999999999999 176.4637957771589
18.49999999999999 176.4637957771589
18.59999999999999 176.4637957771589
18.7 176.4637957771589
18.8 176.4637957771589
18.9 176.4637957771589
19 176.4637957771589
19.1 176.4637957771589
19.2 176.4637957771589
19.3 176.4637957771589
19.40000000000001 176.4637957771589
19.50000000000001 176.4637957771589
19.60000000000001 176.4637957771589
19.70000000000001 176.4637957771589
19.80000000000001 176.4637957771589
19.90000000000001 176.4637957771589
20.00000000000001 176.4637957771589
20.10000000000002 176.4637957771589
20.20000000000002 176.4637957771589
20.30000000000002 176.4637957771589
20.40000000000002 176.4637957771589
20.50000000000002 176.4637957771589
20.60000000000002 176.4637957771589
20.70000000000002 176.4637957771589
20.80000000000003 176.4637957771589
20.90000000000003 176.4637957771589
21.00000000000003 176.4637957771589
21.10000000000003 176.4637957771589
21.20000000000003 176.4637957771589
21.30000000000003 176.4637957771589
21.40000000000003 176.4637957771589
21.50000000000004 176.4637957771589
21.60000000000004 176.4637957771589
21.70000000000004 176.4637957771589
21.80000000000004 176.4637957771589
21.90000000000004 176.4637957771589
22.00000000000004 176.4637957771589
22.10000000000004 176.4637957771589
22.20000000000005 176.4637957771589
22.30000000000005 176.4637957771589
22.40000000000005 176.4637957771589
22.50000000000005 176.4637957771589
22.60000000000005 176.4637957771589
22.70000000000005 176.4637957771589
22.80000000000005 176.4637957771589
22.90000000000006 176.4637957771589
23.00000000000006 176.4637957771589
23.10000000000006 176.4637957771589
23.20000000000006 176.4637957771589
23.30000000000006 176.4637957771589
23.40000000000006 176.4637957771589
23.50000000000006 176.4637957771589
23.60000000000007 176.4637957771589
23.70000000000007 176.4637957771589
23.80000000000007 176.4637957771589
23.90000000000007 176.4637957771589
24.00000000000007 176.4637957771589
24.10000000000007 176.4637957771589
24.20000000000007 176.4637957771589
24.30000000000008 176.4637957771589
24.40000000000008 176.4637957771589
24.50000000000008 176.4637957771589
24.60000000000008 176.4637957771589
24.70000000000008 176.4637957771589
24.80000000000008 176.4637957771589
24.90000000000008 176.4637957771589
25.00000000000009 176.4637957771589
25.10000000000009 176.4637957771589
25.20000000000009 176.4637957771589
25.30000000000009 176.4637957771589
25.40000000000009 176.4637957771589
25.50000000000009 176.4637957771589
25.60000000000009 176.4637957771589
25.7000000000001 176.4637957771589
25.8000000000001 176.4637957771589
25.9000000000001 176.4637957771589
26.0000000000001 176.4637957771589
26.1000000000001 176.4637957771589
26.2000000000001 176.4637957771589
26.3000000000001 176.4637957771589
26.40000000000011 176.4637957771589
26.50000000000011 176.4637957771589
26.60000000000011 176.4637957771589
26.70000000000011 176.4637957771589
26.80000000000011 176.4637957771589
26.90000000000011 176.4637957771589
27.00000000000011 176.4637957771589
27.10000000000012 176.4637957771589
27.20000000000012 176.4637957771589
27.30000000000012 176.4637957771589
27.40000000000012 176.4637957771589
27.50000000000012 176.4637957771589
27.60000000000012 176.4637957771589
27.70000000000012 176.4637957771589
27.80000000000013 176.4637957771589
27.90000000000013 176.4637957771589
28.00000000000013 176.4637957771589
28.10000000000013 176.4637957771589
28.20000000000013 176.4637957771589
28.30000000000013 176.4637957771589
28.40000000000013 176.4637957771589
28.50000000000014 176.4637957771589
28.60000000000014 176.4637957771589
28.70000000000014 176.4637957771589
28.80000000000014 176.4637957771589
28.90000000000014 176.4637957771589
29.00000000000014 176.4637957771589
29.10000000000014 176.4637957771589
29.20000000000014 176.4637957771589
29.30000000000015 176.4637957771589
29.40000000000015 176.4637957771589
29.50000000000015 176.4637957771589
29.60000000000015 176.4637957771589
29.70000000000015 176.4637957771589
29.80000000000015 176.4637957771589
29.90000000000015 176.4637957771589
30.00000000000016 176.4637957771589
30.10000000000016 176.4637957771589
30.20000000000016 176.4637957771589
30.30000000000016 176.4637957771589
30.40000000000016 176.4637957771589
30.50000000000016 176.4637957771589
30.60000000000016 176.4637957771589
30.70000000000017 176.4637957771589
30.80000000000017 176.4637957771589
30.90000000000017 176.4637957771589
31.00000000000017 176.4637957771589
31.10000000000017 176.4637957771589
31.20000000000017 176.4637957771589
31.30000000000017 176.4637957771589
31.40000000000018 176.4637957771589
31.50000000000018 176.4637957771589
31.60000000000018 176.4637957771589
31.70000000000018 176.4637957771589
31.80000000000018 176.4637957771589
31.90000000000018 176.4637957771589
32.00000000000018 176.4637957771589
32.10000000000019 176.4637957771589
32.20000000000019 176.4637957771589
32.30000000000019 176.4637957771589
32.40000000000019 176.4637957771589
32.50000000000019 176.4637957771589
32.60000000000019 176.4637957771589
32.70000000000019 176.4637957771589
32.8000000000002 176.4637957771589
32.9000000000002 176.4637957771589
33.0000000000002 176.4637957771589
33.1000000000002 176.4637957771589
33.2000000000002 176.4637957771589
33.3000000000002 176.4637957771589
33.4000000000002 176.4637957771589
33.50000000000021 176.4637957771589
33.60000000000021 176.4637957771589
33.70000000000021 176.4637957771589
33.80000000000021 176.4637957771589
33.90000000000021 176.4637957771589
34.00000000000021 176.4637957771589
34.10000000000021 176.4637957771589
34.20000000000022 176.4637957771589
34.30000000000022 176.4637957771589
34.40000000000022 176.4637957771589
34.50000000000022 176.4637957771589
34.60000000000022 176.4637957771589
34.70000000000022 176.4637957771589
34.80000000000022 176.4637957771589
34.90000000000023 176.4637957771589
35.00000000000023 176.4637957771589
35.10000000000023 176.4637957771589
35.20000000000023 176.4637957771589
35.30000000000023 176.4637957771589
35.40000000000023 176.4637957771589
35.50000000000023 176.4637957771589
35.60000000000024 176.4637957771589
35.70000000000024 176.4637957771589
35.80000000000024 176.4637957771589
35.90000000000024 176.4637957771589
36.00000000000024 176.4637957771589
36.10000000000024 176.4637957771589
36.20000000000024 176.4637957771589
36.30000000000025 176.4637957771589
36.40000000000025 176.4637957771589
36.50000000000025 176.4637957771589
36.60000000000025 176.4637957771589
36.70000000000025 176.4637957771589
36.80000000000025 176.4637957771589
36.90000000000025 176.4637957771589
37.00000000000026 176.4637957771589
37.10000000000026 176.4637957771589
37.20000000000026 176.4637957771589
37.30000000000026 176.4637957771589
37.40000000000026 176.4637957771589
37.50000000000026 176.4637957771589
37.60000000000026 176.4637957771589
37.70000000000027 176.4637957771589
37.80000000000027 176.4637957771589
37.90000000000027 176.4637957771589
38.00000000000027 176.4637957771589
38.10000000000027 176.4637957771589
38.20000000000027 176.4637957771589
38.30000000000027 176.4637957771589
38.40000000000028 176.4637957771589
38.50000000000028 176.4637957771589
38.60000000000028 176.4637957771589
38.70000000000028 176.4637957771589
38.80000000000028 176.4637957771589
38.90000000000028 176.4637957771589
39.00000000000028 176.4637957771589
39.10000000000029 176.4637957771589
39.20000000000029 176.4637957771589
39.30000000000029 176.4637957771589
39.40000000000029 176.4637957771589
39.50000000000029 176.4637957771589
39.60000000000029 176.4637957771589
39.70000000000029 176.4637957771589
39.8000000000003 176.4637957771589
39.9000000000003 176.4637957771589
40.0000000000003 176.4637957771589
40.1000000000003 176.4637957771589
40.2000000000003 176.4637957771589
40.3000000000003 176.4637957771589
40.4000000000003 176.4637957771589
40.50000000000031 176.4637957771589
40.60000000000031 176.4637957771589
40.70000000000031 176.4637957771589
40.80000000000031 176.4637957771589
40.90000000000031 176.4637957771589
41.00000000000031 176.4637957771589
41.10000000000031 176.4637957771589
41.20000000000032 176.4637957771589
41.30000000000032 176.4637957771589
41.40000000000032 176.4637957771589
41.50000000000032 176.4637957771589
41.60000000000032 176.4637957771589
41.70000000000032 176.4637957771589
41.80000000000032 176.4637957771589
41.90000000000033 176.4637957771589
42.00000000000033 176.4637957771589
42.10000000000033 176.4637957771589
42.20000000000033 176.4637957771589
42.30000000000033 176.4637957771589
42.40000000000033 176.4637957771589
42.50000000000033 176.4637957771589
42.60000000000034 176.4637957771589
42.70000000000034 176.4637957771589
42.80000000000034 176.4637957771589
42.90000000000034 176.4637957771589
43.00000000000034 176.4637957771589
43.10000000000034 176.4637957771589
43.20000000000034 176.4637957771589
43.30000000000035 176.4637957771589
43.40000000000035 176.4637957771589
43.50000000000035 176.4637957771589
43.60000000000035 176.4637957771589
43.70000000000035 176.4637957771589
43.80000000000035 176.4637957771589
43.90000000000035 176.4637957771589
44.00000000000036 176.4637957771589
44.10000000000036 176.4637957771589
44.20000000000036 176.4637957771589
44.30000000000036 176.4637957771589
44.40000000000036 176.4637957771589
44.50000000000036 176.4637957771589
44.60000000000036 176.4637957771589
44.70000000000037 176.4637957771589
44.80000000000037 176.4637957771589
44.90000000000037 176.4637957771589
45.00000000000037 176.4637957771589
45.10000000000037 176.4637957771589
45.20000000000037 176.4637957771589
45.30000000000037 176.4637957771589
45.40000000000038 176.4637957771589
45.50000000000038 176.4637957771589
45.60000000000038 176.4637957771589
45.70000000000038 176.4637957771589
45.80000000000038 176.4637957771589
45.90000000000038 176.4637957771589
46.00000000000038 176.4637957771589
46.10000000000039 176.4637957771589
46.20000000000039 176.4637957771589
46.30000000000039 176.4637957771589
46.40000000000039 176.4637957771589
46.50000000000039 176.4637957771589
46.60000000000039 176.4637957771589
46.70000000000039 176.4637957771589
46.8000000000004 176.4637957771589
46.9000000000004 176.4637957771589
47.0000000000004 176.4637957771589
47.1000000000004 176.4637957771589
47.2000000000004 176.4637957771589
47.3000000000004 176.4637957771589
47.4000000000004 176.4637957771589
47.50000000000041 176.4637957771589
47.60000000000041 176.4637957771589
47.70000000000041 176.4637957771589
47.80000000000041 176.4637957771589
47.90000000000041 176.4637957771589
48.00000000000041 176.4637957771589
48.10000000000041 176.4637957771589
48.20000000000041 176.4637957771589
48.30000000000042 176.4637957771589
48.40000000000042 176.4637957771589
48.50000000000042 176.4637957771589
48.60000000000042 176.4637957771589
48.70000000000042 176.4637957771589
48.80000000000042 176.4637957771589
48.90000000000042 176.4637957771589
49.00000000000043 176.4637957771589
49.10000000000043 176.4637957771589
49.20000000000043 176.4637957771589
49.30000000000043 176.4637957771589
49.40000000000043 176.4637957771589
49.50000000000043 176.4637957771589
49.60000000000043 176.4637957771589
49.70000000000044 176.4637957771589
49.80000000000044 176.4637957771589
49.90000000000044 176.4637957771589