Time X1
0 250
0.1 206.6721906086856
0.2 206.6721906091345
0.3 206.6721906091367
0.4 206.6721906091367
0.5 206.6721906091367
0.6 206.6721906091367
0.7 206.6721906091367
0.7999999999999999 206.6721906091367
0.8999999999999999 206.6721906091367
0.9999999999999999 206.6721906091367
1.1 206.6721906091367
1.2 206.6721906091367
1.3 206.6721906091367
1.4 206.6721906091367
1.5 206.6721906091367
1.6 206.6721906091367
1.7 206.6721906091367
1.8 206.6721906091367
1.900000000000001 206.6721906091367
2 206.6721906091367
2.100000000000001 206.6721906091367
2.200000000000001 206.6721906091367
2.300000000000001 206.6721906091367
2.400000000000001 206.6721906091367
2.500000000000001 206.6721906091367
2.600000000000001 206.6721906091367
2.700000000000001 206.6721906091367
2.800000000000001 206.6721906091367
2.900000000000001 206.6721906091367
3.000000000000001 206.6721906091367
3.100000000000001 206.6721906091367
3.200000000000002 206.6721906091367
3.300000000000002 206.6721906091367
3.400000000000002 206.6721906091367
3.500000000000002 206.6721906091367
3.600000000000002 206.6721906091367
3.700000000000002 206.6721906091367
3.800000000000002 206.6721906091367
3.900000000000002 206.6721906091367
4.000000000000002 206.6721906091367
4.100000000000001 206.6721906091367
4.200000000000001 206.6721906091367
4.300000000000001 206.6721906091367
4.4 206.6721906091367
4.5 206.6721906091367
4.6 206.6721906091367
4.699999999999999 206.6721906091367
4.799999999999999 206.6721906091367
4.899999999999999 206.6721906091367
4.999999999999998 206.6721906091367
5.099999999999998 206.6721906091367
5.199999999999998 206.6721906091367
5.299999999999997 206.6721906091367
5.399999999999997 206.6721906091367
5.499999999999996 206.6721906091367
5.599999999999996 206.6721906091367
5.699999999999996 206.6721906091367
5.799999999999995 206.6721906091367
5.899999999999995 206.6721906091367
5.999999999999995 206.6721906091367
6.099999999999994 206.6721906091367
6.199999999999994 206.6721906091367
6.299999999999994 206.6721906091367
6.399999999999993 206.6721906091367
6.499999999999993 206.6721906091367
6.599999999999993 206.6721906091367
6.699999999999992 206.6721906091367
6.799999999999992 206.6721906091367
6.899999999999991 206.6721906091367
6.999999999999991 206.6721906091367
7.099999999999991 206.6721906091367
7.19999999999999 206.6721906091367
7.29999999999999 206.6721906091367
7.39999999999999 206.6721906091367
7.499999999999989 206.6721906091367
7.599999999999989 206.6721906091367
7.699999999999989 206.6721906091367
7.799999999999988 206.6721906091367
7.899999999999988 206.6721906091367
7.999999999999988 206.6721906091367
8.099999999999987 206.6721906091367
8.199999999999987 206.6721906091367
8.299999999999986 206.6721906091367
8.399999999999986 206.6721906091367
8.499999999999986 206.6721906091367
8.599999999999985 206.6721906091367
8.699999999999985 206.6721906091367
8.799999999999985 206.6721906091367
8.899999999999984 206.6721906091367
8.999999999999984 206.6721906091367
9.099999999999984 206.6721906091367
9.199999999999983 206.6721906091367
9.299999999999983 206.6721906091367
9.399999999999983 206.6721906091367
9.499999999999982 206.6721906091367
9.599999999999982 206.6721906091367
9.699999999999982 206.6721906091367
9.799999999999981 206.6721906091367
9.899999999999981 206.6721906091367
9.99999999999998 206.6721906091367
10.09999999999998 206.6721906091367
10.19999999999998 206.6721906091367
10.29999999999998 206.6721906091367
10.39999999999998 206.6721906091367
10.49999999999998 206.6721906091367
10.59999999999998 206.6721906091367
10.69999999999998 206.6721906091367
10.79999999999998 206.6721906091367
10.89999999999998 206.6721906091367
10.99999999999998 206.6721906091367
11.09999999999998 206.6721906091367
11.19999999999998 206.6721906091367
11.29999999999998 206.6721906091367
11.39999999999998 206.6721906091367
11.49999999999998 206.6721906091367
11.59999999999997 206.6721906091367
11.69999999999997 206.6721906091367
11.79999999999997 206.6721906091367
11.89999999999997 206.6721906091367
11.99999999999997 206.6721906091367
12.09999999999997 206.6721906091367
12.19999999999997 206.6721906091367
12.29999999999997 206.6721906091367
12.39999999999997 206.6721906091367
12.49999999999997 206.6721906091367
12.59999999999997 206.6721906091367
12.69999999999997 206.6721906091367
12.79999999999997 206.6721906091367
12.89999999999997 206.6721906091367
12.99999999999997 206.6721906091367
13.09999999999997 206.6721906091367
13.19999999999997 206.6721906091367
13.29999999999997 206.6721906091367
13.39999999999997 206.6721906091367
13.49999999999997 206.6721906091367
13.59999999999997 206.6721906091367
13.69999999999997 206.6721906091367
13.79999999999997 206.6721906091367
13.89999999999997 206.6721906091367
13.99999999999997 206.6721906091367
14.09999999999997 206.6721906091367
14.19999999999997 206.6721906091367
14.29999999999997 206.6721906091367
14.39999999999996 206.6721906091367
14.49999999999996 206.6721906091367
14.59999999999996 206.6721906091367
14.69999999999996 206.6721906091367
14.79999999999996 206.6721906091367
14.89999999999996 206.6721906091367
14.99999999999996 206.6721906091367
15.09999999999996 206.6721906091367
15.19999999999996 206.6721906091367
15.29999999999996 206.6721906091367
15.39999999999996 206.6721906091367
15.49999999999996 206.6721906091367
15.59999999999996 206.6721906091367
15.69999999999996 206.6721906091367
15.79999999999996 206.6721906091367
15.89999999999996 206.6721906091367
15.99999999999996 206.6721906091367
16.09999999999996 206.6721906091367
16.19999999999996 206.6721906091367
16.29999999999996 206.6721906091367
16.39999999999996 206.6721906091367
16.49999999999996 206.6721906091367
16.59999999999997 206.6721906091367
16.69999999999997 206.6721906091367
16.79999999999997 206.6721906091367
16.89999999999997 206.6721906091367
16.99999999999997 206.6721906091367
17.09999999999997 206.6721906091367
17.19999999999997 206.6721906091367
17.29999999999998 206.6721906091367
17.39999999999998 206.6721906091367
17.49999999999998 206.6721906091367
17.59999999999998 206.6721906091367
17.69999999999998 206.6721906091367
17.79999999999998 206.6721906091367
17.89999999999998 206.6721906091367
17.99999999999999 206.6721906091367
18.09999999999999 206.6721906091367
18.19999999999999 206.6721906091367
18.29999999999999 206.6721906091367
18.39999999999999 206.6721906091367
18.49999999999999 206.6721906091367
18.59999999999999 206.6721906091367
18.7 206.6721906091367
18.8 206.6721906091367
18.9 206.6721906091367
19 206.6721906091367
19.1 206.6721906091367
19.2 206.6721906091367
19.3 206.6721906091367
19.40000000000001 206.6721906091367
19.50000000000001 206.6721906091367
19.60000000000001 206.6721906091367
19.70000000000001 206.6721906091367
19.80000000000001 206.6721906091367
19.90000000000001 206.6721906091367
20.00000000000001 206.6721906091367
20.10000000000002 206.6721906091367
20.20000000000002 206.6721906091367
20.30000000000002 206.6721906091367
20.40000000000002 206.6721906091367
20.50000000000002 206.6721906091367
20.60000000000002 206.6721906091367
20.70000000000002 206.6721906091367
20.80000000000003 206.6721906091367
20.90000000000003 206.6721906091367
21.00000000000003 206.6721906091367
21.10000000000003 206.6721906091367
21.20000000000003 206.6721906091367
21.30000000000003 206.6721906091367
21.40000000000003 206.6721906091367
21.50000000000004 206.6721906091367
21.60000000000004 206.6721906091367
21.70000000000004 206.6721906091367
21.80000000000004 206.6721906091367
21.90000000000004 206.6721906091367
22.00000000000004 206.6721906091367
22.10000000000004 206.6721906091367
22.20000000000005 206.6721906091367
22.30000000000005 206.6721906091367
22.40000000000005 206.6721906091367
22.50000000000005 206.6721906091367
22.60000000000005 206.6721906091367
22.70000000000005 206.6721906091367
22.80000000000005 206.6721906091367
22.90000000000006 206.6721906091367
23.00000000000006 206.6721906091367
23.10000000000006 206.6721906091367
23.20000000000006 206.6721906091367
23.30000000000006 206.6721906091367
23.40000000000006 206.6721906091367
23.50000000000006 206.6721906091367
23.60000000000007 206.6721906091367
23.70000000000007 206.6721906091367
23.80000000000007 206.6721906091367
23.90000000000007 206.6721906091367
24.00000000000007 206.6721906091367
24.10000000000007 206.6721906091367
24.20000000000007 206.6721906091367
24.30000000000008 206.6721906091367
24.40000000000008 206.6721906091367
24.50000000000008 206.6721906091367
24.60000000000008 206.6721906091367
24.70000000000008 206.6721906091367
24.80000000000008 206.6721906091367
24.90000000000008 206.6721906091367
25.00000000000009 206.6721906091367
25.10000000000009 206.6721906091367
25.20000000000009 206.6721906091367
25.30000000000009 206.6721906091367
25.40000000000009 206.6721906091367
25.50000000000009 206.6721906091367
25.60000000000009 206.6721906091367
25.7000000000001 206.6721906091367
25.8000000000001 206.6721906091367
25.9000000000001 206.6721906091367
26.0000000000001 206.6721906091367
26.1000000000001 206.6721906091367
26.2000000000001 206.6721906091367
26.3000000000001 206.6721906091367
26.40000000000011 206.6721906091367
26.50000000000011 206.6721906091367
26.60000000000011 206.6721906091367
26.70000000000011 206.6721906091367
26.80000000000011 206.6721906091367
26.90000000000011 206.6721906091367
27.00000000000011 206.6721906091367
27.10000000000012 206.6721906091367
27.20000000000012 206.6721906091367
27.30000000000012 206.6721906091367
27.40000000000012 206.6721906091367
27.50000000000012 206.6721906091367
27.60000000000012 206.6721906091367
27.70000000000012 206.6721906091367
27.80000000000013 206.6721906091367
27.90000000000013 206.6721906091367
28.00000000000013 206.6721906091367
28.10000000000013 206.6721906091367
28.20000000000013 206.6721906091367
28.30000000000013 206.6721906091367
28.40000000000013 206.6721906091367
28.50000000000014 206.6721906091367
28.60000000000014 206.6721906091367
28.70000000000014 206.6721906091367
28.80000000000014 206.6721906091367
28.90000000000014 206.6721906091367
29.00000000000014 206.6721906091367
29.10000000000014 206.6721906091367
29.20000000000014 206.6721906091367
29.30000000000015 206.6721906091367
29.40000000000015 206.6721906091367
29.50000000000015 206.6721906091367
29.60000000000015 206.6721906091367
29.70000000000015 206.6721906091367
29.80000000000015 206.6721906091367
29.90000000000015 206.6721906091367
30.00000000000016 206.6721906091367
30.10000000000016 206.6721906091367
30.20000000000016 206.6721906091367
30.30000000000016 206.6721906091367
30.40000000000016 206.6721906091367
30.50000000000016 206.6721906091367
30.60000000000016 206.6721906091367
30.70000000000017 206.6721906091367
30.80000000000017 206.6721906091367
30.90000000000017 206.6721906091367
31.00000000000017 206.6721906091367
31.10000000000017 206.6721906091367
31.20000000000017 206.6721906091367
31.30000000000017 206.6721906091367
31.40000000000018 206.6721906091367
31.50000000000018 206.6721906091367
31.60000000000018 206.6721906091367
31.70000000000018 206.6721906091367
31.80000000000018 206.6721906091367
31.90000000000018 206.6721906091367
32.00000000000018 206.6721906091367
32.10000000000019 206.6721906091367
32.20000000000019 206.6721906091367
32.30000000000019 206.6721906091367
32.40000000000019 206.6721906091367
32.50000000000019 206.6721906091367
32.60000000000019 206.6721906091367
32.70000000000019 206.6721906091367
32.8000000000002 206.6721906091367
32.9000000000002 206.6721906091367
33.0000000000002 206.6721906091367
33.1000000000002 206.6721906091367
33.2000000000002 206.6721906091367
33.3000000000002 206.6721906091367
33.4000000000002 206.6721906091367
33.50000000000021 206.6721906091367
33.60000000000021 206.6721906091367
33.70000000000021 206.6721906091367
33.80000000000021 206.6721906091367
33.90000000000021 206.6721906091367
34.00000000000021 206.6721906091367
34.10000000000021 206.6721906091367
34.20000000000022 206.6721906091367
34.30000000000022 206.6721906091367
34.40000000000022 206.6721906091367
34.50000000000022 206.6721906091367
34.60000000000022 206.6721906091367
34.70000000000022 206.6721906091367
34.80000000000022 206.6721906091367
34.90000000000023 206.6721906091367
35.00000000000023 206.6721906091367
35.10000000000023 206.6721906091367
35.20000000000023 206.6721906091367
35.30000000000023 206.6721906091367
35.40000000000023 206.6721906091367
35.50000000000023 206.6721906091367
35.60000000000024 206.6721906091367
35.70000000000024 206.6721906091367
35.80000000000024 206.6721906091367
35.90000000000024 206.6721906091367
36.00000000000024 206.6721906091367
36.10000000000024 206.6721906091367
36.20000000000024 206.6721906091367
36.30000000000025 206.6721906091367
36.40000000000025 206.6721906091367
36.50000000000025 206.6721906091367
36.60000000000025 206.6721906091367
36.70000000000025 206.6721906091367
36.80000000000025 206.6721906091367
36.90000000000025 206.6721906091367
37.00000000000026 206.6721906091367
37.10000000000026 206.6721906091367
37.20000000000026 206.6721906091367
37.30000000000026 206.6721906091367
37.40000000000026 206.6721906091367
37.50000000000026 206.6721906091367
37.60000000000026 206.6721906091367
37.70000000000027 206.6721906091367
37.80000000000027 206.6721906091367
37.90000000000027 206.6721906091367
38.00000000000027 206.6721906091367
38.10000000000027 206.6721906091367
38.20000000000027 206.6721906091367
38.30000000000027 206.6721906091367
38.40000000000028 206.6721906091367
38.50000000000028 206.6721906091367
38.60000000000028 206.6721906091367
38.70000000000028 206.6721906091367
38.80000000000028 206.6721906091367
38.90000000000028 206.6721906091367
39.00000000000028 206.6721906091367
39.10000000000029 206.6721906091367
39.20000000000029 206.6721906091367
39.30000000000029 206.6721906091367
39.40000000000029 206.6721906091367
39.50000000000029 206.6721906091367
39.60000000000029 206.6721906091367
39.70000000000029 206.6721906091367
39.8000000000003 206.6721906091367
39.9000000000003 206.6721906091367
40.0000000000003 206.6721906091367
40.1000000000003 206.6721906091367
40.2000000000003 206.6721906091367
40.3000000000003 206.6721906091367
40.4000000000003 206.6721906091367
40.50000000000031 206.6721906091367
40.60000000000031 206.6721906091367
40.70000000000031 206.6721906091367
40.80000000000031 206.6721906091367
40.90000000000031 206.6721906091367
41.00000000000031 206.6721906091367
41.10000000000031 206.6721906091367
41.20000000000032 206.6721906091367
41.30000000000032 206.6721906091367
41.40000000000032 206.6721906091367
41.50000000000032 206.6721906091367
41.60000000000032 206.6721906091367
41.70000000000032 206.6721906091367
41.80000000000032 206.6721906091367
41.90000000000033 206.6721906091367
42.00000000000033 206.6721906091367
42.10000000000033 206.6721906091367
42.20000000000033 206.6721906091367
42.30000000000033 206.6721906091367
42.40000000000033 206.6721906091367
42.50000000000033 206.6721906091367
42.60000000000034 206.6721906091367
42.70000000000034 206.6721906091367
42.80000000000034 206.6721906091367
42.90000000000034 206.6721906091367
43.00000000000034 206.6721906091367
43.10000000000034 206.6721906091367
43.20000000000034 206.6721906091367
43.30000000000035 206.6721906091367
43.40000000000035 206.6721906091367
43.50000000000035 206.6721906091367
43.60000000000035 206.6721906091367
43.70000000000035 206.6721906091367
43.80000000000035 206.6721906091367
43.90000000000035 206.6721906091367
44.00000000000036 206.6721906091367
44.10000000000036 206.6721906091367
44.20000000000036 206.6721906091367
44.30000000000036 206.6721906091367
44.40000000000036 206.6721906091367
44.50000000000036 206.6721906091367
44.60000000000036 206.6721906091367
44.70000000000037 206.6721906091367
44.80000000000037 206.6721906091367
44.90000000000037 206.6721906091367
45.00000000000037 206.6721906091367
45.10000000000037 206.6721906091367
45.20000000000037 206.6721906091367
45.30000000000037 206.6721906091367
45.40000000000038 206.6721906091367
45.50000000000038 206.6721906091367
45.60000000000038 206.6721906091367
45.70000000000038 206.6721906091367
45.80000000000038 206.6721906091367
45.90000000000038 206.6721906091367
46.00000000000038 206.6721906091367
46.10000000000039 206.6721906091367
46.20000000000039 206.6721906091367
46.30000000000039 206.6721906091367
46.40000000000039 206.6721906091367
46.50000000000039 206.6721906091367
46.60000000000039 206.6721906091367
46.70000000000039 206.6721906091367
46.8000000000004 206.6721906091367
46.9000000000004 206.6721906091367
47.0000000000004 206.6721906091367
47.1000000000004 206.6721906091367
47.2000000000004 206.6721906091367
47.3000000000004 206.6721906091367
47.4000000000004 206.6721906091367
47.50000000000041 206.6721906091367
47.60000000000041 206.6721906091367
47.70000000000041 206.6721906091367
47.80000000000041 206.6721906091367
47.90000000000041 206.6721906091367
48.00000000000041 206.6721906091367
48.10000000000041 206.6721906091367
48.20000000000041 206.6721906091367
48.30000000000042 206.6721906091367
48.40000000000042 206.6721906091367
48.50000000000042 206.6721906091367
48.60000000000042 206.6721906091367
48.70000000000042 206.6721906091367
48.80000000000042 206.6721906091367
48.90000000000042 206.6721906091367
49.00000000000043 206.6721906091367
49.10000000000043 206.6721906091367
49.20000000000043 206.6721906091367
49.30000000000043 206.6721906091367
49.40000000000043 206.6721906091367
49.50000000000043 206.6721906091367
49.60000000000043 206.6721906091367
49.70000000000044 206.6721906091367
49.80000000000044 206.6721906091367
49.90000000000044 206.6721906091367