Time X1
0 250
0.1 1241.965083913637
0.2 1241.965083913637
0.3 1241.965083913637
0.4 1241.965083913637
0.5 1241.965083913637
0.6 1241.965083913637
0.7 1241.965083913637
0.7999999999999999 1241.965083913637
0.8999999999999999 1241.965083913637
0.9999999999999999 1241.965083913637
1.1 1241.965083913637
1.2 1241.965083913637
1.3 1241.965083913637
1.4 1241.965083913637
1.5 1241.965083913637
1.6 1241.965083913637
1.7 1241.965083913637
1.8 1241.965083913637
1.900000000000001 1241.965083913637
2 1241.965083913637
2.100000000000001 1241.965083913637
2.200000000000001 1241.965083913637
2.300000000000001 1241.965083913637
2.400000000000001 1241.965083913637
2.500000000000001 1241.965083913637
2.600000000000001 1241.965083913637
2.700000000000001 1241.965083913637
2.800000000000001 1241.965083913637
2.900000000000001 1241.965083913637
3.000000000000001 1241.965083913637
3.100000000000001 1241.965083913637
3.200000000000002 1241.965083913637
3.300000000000002 1241.965083913637
3.400000000000002 1241.965083913637
3.500000000000002 1241.965083913637
3.600000000000002 1241.965083913637
3.700000000000002 1241.965083913637
3.800000000000002 1241.965083913637
3.900000000000002 1241.965083913637
4.000000000000002 1241.965083913637
4.100000000000001 1241.965083913637
4.200000000000001 1241.965083913637
4.300000000000001 1241.965083913637
4.4 1241.965083913637
4.5 1241.965083913637
4.6 1241.965083913637
4.699999999999999 1241.965083913637
4.799999999999999 1241.965083913637
4.899999999999999 1241.965083913637
4.999999999999998 1241.965083913637
5.099999999999998 1241.965083913637
5.199999999999998 1241.965083913637
5.299999999999997 1241.965083913637
5.399999999999997 1241.965083913637
5.499999999999996 1241.965083913637
5.599999999999996 1241.965083913637
5.699999999999996 1241.965083913637
5.799999999999995 1241.965083913637
5.899999999999995 1241.965083913637
5.999999999999995 1241.965083913637
6.099999999999994 1241.965083913637
6.199999999999994 1241.965083913637
6.299999999999994 1241.965083913637
6.399999999999993 1241.965083913637
6.499999999999993 1241.965083913637
6.599999999999993 1241.965083913637
6.699999999999992 1241.965083913637
6.799999999999992 1241.965083913637
6.899999999999991 1241.965083913637
6.999999999999991 1241.965083913637
7.099999999999991 1241.965083913637
7.19999999999999 1241.965083913637
7.29999999999999 1241.965083913637
7.39999999999999 1241.965083913637
7.499999999999989 1241.965083913637
7.599999999999989 1241.965083913637
7.699999999999989 1241.965083913637
7.799999999999988 1241.965083913637
7.899999999999988 1241.965083913637
7.999999999999988 1241.965083913637
8.099999999999987 1241.965083913637
8.199999999999987 1241.965083913637
8.299999999999986 1241.965083913637
8.399999999999986 1241.965083913637
8.499999999999986 1241.965083913637
8.599999999999985 1241.965083913637
8.699999999999985 1241.965083913637
8.799999999999985 1241.965083913637
8.899999999999984 1241.965083913637
8.999999999999984 1241.965083913637
9.099999999999984 1241.965083913637
9.199999999999983 1241.965083913637
9.299999999999983 1241.965083913637
9.399999999999983 1241.965083913637
9.499999999999982 1241.965083913637
9.599999999999982 1241.965083913637
9.699999999999982 1241.965083913637
9.799999999999981 1241.965083913637
9.899999999999981 1241.965083913637
9.99999999999998 1241.965083913637
10.09999999999998 1241.965083913637
10.19999999999998 1241.965083913637
10.29999999999998 1241.965083913637
10.39999999999998 1241.965083913637
10.49999999999998 1241.965083913637
10.59999999999998 1241.965083913637
10.69999999999998 1241.965083913637
10.79999999999998 1241.965083913637
10.89999999999998 1241.965083913637
10.99999999999998 1241.965083913637
11.09999999999998 1241.965083913637
11.19999999999998 1241.965083913637
11.29999999999998 1241.965083913637
11.39999999999998 1241.965083913637
11.49999999999998 1241.965083913637
11.59999999999997 1241.965083913637
11.69999999999997 1241.965083913637
11.79999999999997 1241.965083913637
11.89999999999997 1241.965083913637
11.99999999999997 1241.965083913637
12.09999999999997 1241.965083913637
12.19999999999997 1241.965083913637
12.29999999999997 1241.965083913637
12.39999999999997 1241.965083913637
12.49999999999997 1241.965083913637
12.59999999999997 1241.965083913637
12.69999999999997 1241.965083913637
12.79999999999997 1241.965083913637
12.89999999999997 1241.965083913637
12.99999999999997 1241.965083913637
13.09999999999997 1241.965083913637
13.19999999999997 1241.965083913637
13.29999999999997 1241.965083913637
13.39999999999997 1241.965083913637
13.49999999999997 1241.965083913637
13.59999999999997 1241.965083913637
13.69999999999997 1241.965083913637
13.79999999999997 1241.965083913637
13.89999999999997 1241.965083913637
13.99999999999997 1241.965083913637
14.09999999999997 1241.965083913637
14.19999999999997 1241.965083913637
14.29999999999997 1241.965083913637
14.39999999999996 1241.965083913637
14.49999999999996 1241.965083913637
14.59999999999996 1241.965083913637
14.69999999999996 1241.965083913637
14.79999999999996 1241.965083913637
14.89999999999996 1241.965083913637
14.99999999999996 1241.965083913637
15.09999999999996 1241.965083913637
15.19999999999996 1241.965083913637
15.29999999999996 1241.965083913637
15.39999999999996 1241.965083913637
15.49999999999996 1241.965083913637
15.59999999999996 1241.965083913637
15.69999999999996 1241.965083913637
15.79999999999996 1241.965083913637
15.89999999999996 1241.965083913637
15.99999999999996 1241.965083913637
16.09999999999996 1241.965083913637
16.19999999999996 1241.965083913637
16.29999999999996 1241.965083913637
16.39999999999996 1241.965083913637
16.49999999999996 1241.965083913637
16.59999999999997 1241.965083913637
16.69999999999997 1241.965083913637
16.79999999999997 1241.965083913637
16.89999999999997 1241.965083913637
16.99999999999997 1241.965083913637
17.09999999999997 1241.965083913637
17.19999999999997 1241.965083913637
17.29999999999998 1241.965083913637
17.39999999999998 1241.965083913637
17.49999999999998 1241.965083913637
17.59999999999998 1241.965083913637
17.69999999999998 1241.965083913637
17.79999999999998 1241.965083913637
17.89999999999998 1241.965083913637
17.99999999999999 1241.965083913637
18.09999999999999 1241.965083913637
18.19999999999999 1241.965083913637
18.29999999999999 1241.965083913637
18.39999999999999 1241.965083913637
18.49999999999999 1241.965083913637
18.59999999999999 1241.965083913637
18.7 1241.965083913637
18.8 1241.965083913637
18.9 1241.965083913637
19 1241.965083913637
19.1 1241.965083913637
19.2 1241.965083913637
19.3 1241.965083913637
19.40000000000001 1241.965083913637
19.50000000000001 1241.965083913637
19.60000000000001 1241.965083913637
19.70000000000001 1241.965083913637
19.80000000000001 1241.965083913637
19.90000000000001 1241.965083913637
20.00000000000001 1241.965083913637
20.10000000000002 1241.965083913637
20.20000000000002 1241.965083913637
20.30000000000002 1241.965083913637
20.40000000000002 1241.965083913637
20.50000000000002 1241.965083913637
20.60000000000002 1241.965083913637
20.70000000000002 1241.965083913637
20.80000000000003 1241.965083913637
20.90000000000003 1241.965083913637
21.00000000000003 1241.965083913637
21.10000000000003 1241.965083913637
21.20000000000003 1241.965083913637
21.30000000000003 1241.965083913637
21.40000000000003 1241.965083913637
21.50000000000004 1241.965083913637
21.60000000000004 1241.965083913637
21.70000000000004 1241.965083913637
21.80000000000004 1241.965083913637
21.90000000000004 1241.965083913637
22.00000000000004 1241.965083913637
22.10000000000004 1241.965083913637
22.20000000000005 1241.965083913637
22.30000000000005 1241.965083913637
22.40000000000005 1241.965083913637
22.50000000000005 1241.965083913637
22.60000000000005 1241.965083913637
22.70000000000005 1241.965083913637
22.80000000000005 1241.965083913637
22.90000000000006 1241.965083913637
23.00000000000006 1241.965083913637
23.10000000000006 1241.965083913637
23.20000000000006 1241.965083913637
23.30000000000006 1241.965083913637
23.40000000000006 1241.965083913637
23.50000000000006 1241.965083913637
23.60000000000007 1241.965083913637
23.70000000000007 1241.965083913637
23.80000000000007 1241.965083913637
23.90000000000007 1241.965083913637
24.00000000000007 1241.965083913637
24.10000000000007 1241.965083913637
24.20000000000007 1241.965083913637
24.30000000000008 1241.965083913637
24.40000000000008 1241.965083913637
24.50000000000008 1241.965083913637
24.60000000000008 1241.965083913637
24.70000000000008 1241.965083913637
24.80000000000008 1241.965083913637
24.90000000000008 1241.965083913637
25.00000000000009 1241.965083913637
25.10000000000009 1241.965083913637
25.20000000000009 1241.965083913637
25.30000000000009 1241.965083913637
25.40000000000009 1241.965083913637
25.50000000000009 1241.965083913637
25.60000000000009 1241.965083913637
25.7000000000001 1241.965083913637
25.8000000000001 1241.965083913637
25.9000000000001 1241.965083913637
26.0000000000001 1241.965083913637
26.1000000000001 1241.965083913637
26.2000000000001 1241.965083913637
26.3000000000001 1241.965083913637
26.40000000000011 1241.965083913637
26.50000000000011 1241.965083913637
26.60000000000011 1241.965083913637
26.70000000000011 1241.965083913637
26.80000000000011 1241.965083913637
26.90000000000011 1241.965083913637
27.00000000000011 1241.965083913637
27.10000000000012 1241.965083913637
27.20000000000012 1241.965083913637
27.30000000000012 1241.965083913637
27.40000000000012 1241.965083913637
27.50000000000012 1241.965083913637
27.60000000000012 1241.965083913637
27.70000000000012 1241.965083913637
27.80000000000013 1241.965083913637
27.90000000000013 1241.965083913637
28.00000000000013 1241.965083913637
28.10000000000013 1241.965083913637
28.20000000000013 1241.965083913637
28.30000000000013 1241.965083913637
28.40000000000013 1241.965083913637
28.50000000000014 1241.965083913637
28.60000000000014 1241.965083913637
28.70000000000014 1241.965083913637
28.80000000000014 1241.965083913637
28.90000000000014 1241.965083913637
29.00000000000014 1241.965083913637
29.10000000000014 1241.965083913637
29.20000000000014 1241.965083913637
29.30000000000015 1241.965083913637
29.40000000000015 1241.965083913637
29.50000000000015 1241.965083913637
29.60000000000015 1241.965083913637
29.70000000000015 1241.965083913637
29.80000000000015 1241.965083913637
29.90000000000015 1241.965083913637
30.00000000000016 1241.965083913637
30.10000000000016 1241.965083913637
30.20000000000016 1241.965083913637
30.30000000000016 1241.965083913637
30.40000000000016 1241.965083913637
30.50000000000016 1241.965083913637
30.60000000000016 1241.965083913637
30.70000000000017 1241.965083913637
30.80000000000017 1241.965083913637
30.90000000000017 1241.965083913637
31.00000000000017 1241.965083913637
31.10000000000017 1241.965083913637
31.20000000000017 1241.965083913637
31.30000000000017 1241.965083913637
31.40000000000018 1241.965083913637
31.50000000000018 1241.965083913637
31.60000000000018 1241.965083913637
31.70000000000018 1241.965083913637
31.80000000000018 1241.965083913637
31.90000000000018 1241.965083913637
32.00000000000018 1241.965083913637
32.10000000000019 1241.965083913637
32.20000000000019 1241.965083913637
32.30000000000019 1241.965083913637
32.40000000000019 1241.965083913637
32.50000000000019 1241.965083913637
32.60000000000019 1241.965083913637
32.70000000000019 1241.965083913637
32.8000000000002 1241.965083913637
32.9000000000002 1241.965083913637
33.0000000000002 1241.965083913637
33.1000000000002 1241.965083913637
33.2000000000002 1241.965083913637
33.3000000000002 1241.965083913637
33.4000000000002 1241.965083913637
33.50000000000021 1241.965083913637
33.60000000000021 1241.965083913637
33.70000000000021 1241.965083913637
33.80000000000021 1241.965083913637
33.90000000000021 1241.965083913637
34.00000000000021 1241.965083913637
34.10000000000021 1241.965083913637
34.20000000000022 1241.965083913637
34.30000000000022 1241.965083913637
34.40000000000022 1241.965083913637
34.50000000000022 1241.965083913637
34.60000000000022 1241.965083913637
34.70000000000022 1241.965083913637
34.80000000000022 1241.965083913637
34.90000000000023 1241.965083913637
35.00000000000023 1241.965083913637
35.10000000000023 1241.965083913637
35.20000000000023 1241.965083913637
35.30000000000023 1241.965083913637
35.40000000000023 1241.965083913637
35.50000000000023 1241.965083913637
35.60000000000024 1241.965083913637
35.70000000000024 1241.965083913637
35.80000000000024 1241.965083913637
35.90000000000024 1241.965083913637
36.00000000000024 1241.965083913637
36.10000000000024 1241.965083913637
36.20000000000024 1241.965083913637
36.30000000000025 1241.965083913637
36.40000000000025 1241.965083913637
36.50000000000025 1241.965083913637
36.60000000000025 1241.965083913637
36.70000000000025 1241.965083913637
36.80000000000025 1241.965083913637
36.90000000000025 1241.965083913637
37.00000000000026 1241.965083913637
37.10000000000026 1241.965083913637
37.20000000000026 1241.965083913637
37.30000000000026 1241.965083913637
37.40000000000026 1241.965083913637
37.50000000000026 1241.965083913637
37.60000000000026 1241.965083913637
37.70000000000027 1241.965083913637
37.80000000000027 1241.965083913637
37.90000000000027 1241.965083913637
38.00000000000027 1241.965083913637
38.10000000000027 1241.965083913637
38.20000000000027 1241.965083913637
38.30000000000027 1241.965083913637
38.40000000000028 1241.965083913637
38.50000000000028 1241.965083913637
38.60000000000028 1241.965083913637
38.70000000000028 1241.965083913637
38.80000000000028 1241.965083913637
38.90000000000028 1241.965083913637
39.00000000000028 1241.965083913637
39.10000000000029 1241.965083913637
39.20000000000029 1241.965083913637
39.30000000000029 1241.965083913637
39.40000000000029 1241.965083913637
39.50000000000029 1241.965083913637
39.60000000000029 1241.965083913637
39.70000000000029 1241.965083913637
39.8000000000003 1241.965083913637
39.9000000000003 1241.965083913637
40.0000000000003 1241.965083913637
40.1000000000003 1241.965083913637
40.2000000000003 1241.965083913637
40.3000000000003 1241.965083913637
40.4000000000003 1241.965083913637
40.50000000000031 1241.965083913637
40.60000000000031 1241.965083913637
40.70000000000031 1241.965083913637
40.80000000000031 1241.965083913637
40.90000000000031 1241.965083913637
41.00000000000031 1241.965083913637
41.10000000000031 1241.965083913637
41.20000000000032 1241.965083913637
41.30000000000032 1241.965083913637
41.40000000000032 1241.965083913637
41.50000000000032 1241.965083913637
41.60000000000032 1241.965083913637
41.70000000000032 1241.965083913637
41.80000000000032 1241.965083913637
41.90000000000033 1241.965083913637
42.00000000000033 1241.965083913637
42.10000000000033 1241.965083913637
42.20000000000033 1241.965083913637
42.30000000000033 1241.965083913637
42.40000000000033 1241.965083913637
42.50000000000033 1241.965083913637
42.60000000000034 1241.965083913637
42.70000000000034 1241.965083913637
42.80000000000034 1241.965083913637
42.90000000000034 1241.965083913637
43.00000000000034 1241.965083913637
43.10000000000034 1241.965083913637
43.20000000000034 1241.965083913637
43.30000000000035 1241.965083913637
43.40000000000035 1241.965083913637
43.50000000000035 1241.965083913637
43.60000000000035 1241.965083913637
43.70000000000035 1241.965083913637
43.80000000000035 1241.965083913637
43.90000000000035 1241.965083913637
44.00000000000036 1241.965083913637
44.10000000000036 1241.965083913637
44.20000000000036 1241.965083913637
44.30000000000036 1241.965083913637
44.40000000000036 1241.965083913637
44.50000000000036 1241.965083913637
44.60000000000036 1241.965083913637
44.70000000000037 1241.965083913637
44.80000000000037 1241.965083913637
44.90000000000037 1241.965083913637
45.00000000000037 1241.965083913637
45.10000000000037 1241.965083913637
45.20000000000037 1241.965083913637
45.30000000000037 1241.965083913637
45.40000000000038 1241.965083913637
45.50000000000038 1241.965083913637
45.60000000000038 1241.965083913637
45.70000000000038 1241.965083913637
45.80000000000038 1241.965083913637
45.90000000000038 1241.965083913637
46.00000000000038 1241.965083913637
46.10000000000039 1241.965083913637
46.20000000000039 1241.965083913637
46.30000000000039 1241.965083913637
46.40000000000039 1241.965083913637
46.50000000000039 1241.965083913637
46.60000000000039 1241.965083913637
46.70000000000039 1241.965083913637
46.8000000000004 1241.965083913637
46.9000000000004 1241.965083913637
47.0000000000004 1241.965083913637
47.1000000000004 1241.965083913637
47.2000000000004 1241.965083913637
47.3000000000004 1241.965083913637
47.4000000000004 1241.965083913637
47.50000000000041 1241.965083913637
47.60000000000041 1241.965083913637
47.70000000000041 1241.965083913637
47.80000000000041 1241.965083913637
47.90000000000041 1241.965083913637
48.00000000000041 1241.965083913637
48.10000000000041 1241.965083913637
48.20000000000041 1241.965083913637
48.30000000000042 1241.965083913637
48.40000000000042 1241.965083913637
48.50000000000042 1241.965083913637
48.60000000000042 1241.965083913637
48.70000000000042 1241.965083913637
48.80000000000042 1241.965083913637
48.90000000000042 1241.965083913637
49.00000000000043 1241.965083913637
49.10000000000043 1241.965083913637
49.20000000000043 1241.965083913637
49.30000000000043 1241.965083913637
49.40000000000043 1241.965083913637
49.50000000000043 1241.965083913637
49.60000000000043 1241.965083913637
49.70000000000044 1241.965083913637
49.80000000000044 1241.965083913637
49.90000000000044 1241.965083913637